Version identifier: 22.1.0.0 | 2022-03-09 | 1a383f8ce
CPXPARAM_Preprocessing_Reduce                    0
CPXPARAM_Threads                                 1
CPXPARAM_Preprocessing_Reformulations            0
CPXPARAM_Emphasis_MIP                            2
CPXPARAM_TimeLimit                               7200
CPXPARAM_MIP_Tolerances_AbsMIPGap                0.98999999999999999
CPXPARAM_MIP_Limits_TreeMemory                   20000
Legacy callback                                  BbLUID
         Disabling repeat represolve because of lazy constraint/incumbent callback.
1 of 1 MIP starts provided solutions.
MIP start 'm1' defined initial solution with objective 8508.0000.
Tried aggregator 0 times.
Reduced MIP has 398 rows, 322 columns, and 1812 nonzeros.
Reduced MIP has 292 binaries, 0 generals, 0 SOSs, and 0 indicators.
Presolve time = 0.00 sec. (0.10 ticks)
Probing time = 0.00 sec. (0.38 ticks)
Clique table members: 152.
MIP emphasis: optimality.
MIP search method: traditional branch-and-cut.
Parallel mode: none, using 1 thread.
Root relaxation solution time = 0.00 sec. (0.72 ticks)

        Nodes                                         Cuts/
   Node  Left     Objective  IInf  Best Integer    Best Bound    ItCnt     Gap         Variable B NodeID Parent  Depth

*     0+    0                         8508.0000        0.0000           100.00%
      0     0     6224.4689    56     8508.0000     6224.4689       90   26.84%
      0     0     8127.5787    54     8508.0000      Cuts: 15      162    4.47%
      0     0     8335.0000    62     8508.0000      Cuts: 12      185    2.03%
      0     0     8414.0000    62     8508.0000       Cuts: 3      201    1.10%
      0     0     8414.0000    62     8508.0000    MIRcuts: 1      204    1.10%
      0     0     8414.0000    44     8508.0000   ZeroHalf: 1      205    1.10%
      0     0     8414.0000    44     8508.0000   ZeroHalf: 1      216    1.10%
      0     2     8414.0000    44     8508.0000     8414.0000      216    1.10%                        0             0
Elapsed time = 0.03 sec. (54.67 ticks, tree = 0.01 MB, solutions = 1)
    342   174     8485.8948    41     8508.0000     8462.0000     5248    0.54%     x(c12_1_Om) U    342    149     15

Clique cuts applied:  9
Cover cuts applied:  13
Mixed integer rounding cuts applied:  1
Zero-half cuts applied:  1
Gomory fractional cuts applied:  2
User cuts applied:  38

Root node processing (before b&c):
  Real time             =    0.03 sec. (54.66 ticks)
Sequential b&c:
  Real time             =    0.20 sec. (345.32 ticks)
                          ------------
Total (root+branch&cut) =    0.24 sec. (399.99 ticks)

