Version identifier: 22.1.0.0 | 2022-03-09 | 1a383f8ce
CPXPARAM_Preprocessing_Reduce                    0
CPXPARAM_Threads                                 1
CPXPARAM_Preprocessing_Reformulations            0
CPXPARAM_Emphasis_MIP                            2
CPXPARAM_TimeLimit                               7200
CPXPARAM_MIP_Tolerances_AbsMIPGap                0.98999999999999999
CPXPARAM_MIP_Limits_TreeMemory                   20000
Legacy callback                                  BbLUID
         Disabling repeat represolve because of lazy constraint/incumbent callback.
1 of 1 MIP starts provided solutions.
MIP start 'm1' defined initial solution with objective 16048.0000.
Tried aggregator 0 times.
Reduced MIP has 908 rows, 671 columns, and 3995 nonzeros.
Reduced MIP has 616 binaries, 0 generals, 0 SOSs, and 0 indicators.
Presolve time = 0.00 sec. (0.22 ticks)
Probing time = 0.00 sec. (0.87 ticks)
Clique table members: 318.
MIP emphasis: optimality.
MIP search method: traditional branch-and-cut.
Parallel mode: none, using 1 thread.
Root relaxation solution time = 0.00 sec. (1.39 ticks)

        Nodes                                         Cuts/
   Node  Left     Objective  IInf  Best Integer    Best Bound    ItCnt     Gap         Variable B NodeID Parent  Depth

*     0+    0                        16048.0000        0.0000           100.00%
      0     0    13710.8832   110    16048.0000    13710.8832      146   14.56%
      0     0    15880.4784   112    16048.0000      Cuts: 28      261    1.04%
      0     0    15974.0000   116    16048.0000       Cuts: 9      283    0.46%
      0     0    15974.0000   116    16048.0000     Covers: 1      286    0.46%
      0     0    15974.0000   116    16048.0000   ZeroHalf: 1      287    0.46%
      0     2    15974.0000   116    16048.0000    15974.0000      287    0.46%                        0             0
Elapsed time = 0.04 sec. (83.17 ticks, tree = 0.01 MB, solutions = 1)
     84    38    16013.6719    93    16048.0000    15990.8536     2044    0.36%  x(c10_2_c11_2) U     84     45      9

Clique cuts applied:  20
Cover cuts applied:  7
Mixed integer rounding cuts applied:  2
Zero-half cuts applied:  1
User cuts applied:  36

Root node processing (before b&c):
  Real time             =    0.04 sec. (83.16 ticks)
Sequential b&c:
  Real time             =    0.17 sec. (334.56 ticks)
                          ------------
Total (root+branch&cut) =    0.21 sec. (417.72 ticks)

