Version identifier: 22.1.0.0 | 2022-03-09 | 1a383f8ce
CPXPARAM_Preprocessing_Reduce                    0
CPXPARAM_Threads                                 1
CPXPARAM_Preprocessing_Reformulations            0
CPXPARAM_Emphasis_MIP                            2
CPXPARAM_TimeLimit                               7200
CPXPARAM_MIP_Tolerances_AbsMIPGap                0.98999999999999999
CPXPARAM_MIP_Limits_TreeMemory                   20000
Legacy callback                                  BbLUID
         Disabling repeat represolve because of lazy constraint/incumbent callback.
1 of 1 MIP starts provided solutions.
MIP start 'm1' defined initial solution with objective 5440.0000.
Tried aggregator 0 times.
Reduced MIP has 4742 rows, 4216 columns, and 25060 nonzeros.
Reduced MIP has 4074 binaries, 0 generals, 0 SOSs, and 0 indicators.
Presolve time = 0.00 sec. (1.34 ticks)
Probing time = 0.00 sec. (3.22 ticks)
Clique table members: 2046.
MIP emphasis: optimality.
MIP search method: traditional branch-and-cut.
Parallel mode: none, using 1 thread.
Root relaxation solution time = 0.00 sec. (10.23 ticks)

        Nodes                                         Cuts/
   Node  Left     Objective  IInf  Best Integer    Best Bound    ItCnt     Gap         Variable B NodeID Parent  Depth

*     0+    0                         5440.0000        0.0000           100.00%
      0     0     4531.8740   309     5440.0000     4531.8740      495   16.69%
      0     0     5209.5023   283     5440.0000      Cuts: 84      759    4.24%
      0     0     5343.0064   298     5440.0000      Cuts: 30      867    1.78%
      0     0     5358.5000   291     5440.0000       Cuts: 9      931    1.50%
      0     0     5367.0000   292     5440.0000       Cuts: 3      966    1.34%
      0     0     5375.0000   291     5440.0000       Cuts: 4     1001    1.19%
      0     0     5377.0000   290     5440.0000       User: 1     1019    1.16%
      0     0     5378.0000   295     5440.0000       Cuts: 2     1036    1.14%
      0     0     5379.0000   292     5440.0000   ZeroHalf: 2     1047    1.12%
      0     0     5379.0000   291     5440.0000   ZeroHalf: 1     1053    1.12%
      0     0     5379.0000   289     5440.0000   ZeroHalf: 2     1063    1.12%
      0     2     5379.0000   289     5440.0000     5379.0000     1063    1.12%                        0             0
Elapsed time = 0.65 sec. (1481.30 ticks, tree = 0.01 MB, solutions = 1)
      1     3     5379.0000   237     5440.0000     5379.0000     1132    1.12%  x(c25_2_c40_2) U      1      0      1
      3     5     5379.0479   288     5440.0000     5379.0000     1321    1.12%  x(c14_1_c20_1) N      3      1      2
      4     6     5379.0270   295     5440.0000     5379.0000     1394    1.12%  x(c25_4_c41_4) D      4      2      3
      5     7     5379.0261   287     5440.0000     5379.0000     1461    1.12%  x(c25_4_c41_4) N      5      2      3
      6     8     5379.0762   251     5440.0000     5379.0000     1504    1.12%   x(c30_2_c9_2) U      6      5      4
      9    10     5379.2033   273     5440.0000     5379.0000     1774    1.12%   x(c16_1_c8_1) N      9      8      7
     10    11     5379.2045   274     5440.0000     5379.0000     1780    1.12%  x(c39_2_c30_2) N     10      9      8
     16    17     5379.2680   255     5440.0000     5379.0000     2026    1.12%  x(c16_2_c15_2) N     16     15     13
     19    20     5379.3134   252     5440.0000     5379.0000     2132    1.12%   x(c11_2_c7_2) D     19     18     16
     36    32     5402.1503   252     5440.0000     5379.0000     3069    1.12%  x(c21_4_c33_4) N     36     35     31
Elapsed time = 2.87 sec. (6592.86 ticks, tree = 0.15 MB, solutions = 1)
     58    48     5379.0763   264     5440.0000     5379.0396     3882    1.12%  x(c11_2_c24_2) D     58     57      7
    100    89     5379.2318   277     5440.0000     5379.0396     4535    1.12%  x(c40_1_c41_1) D    100     99     48
    129   117     5379.6256   242     5440.0000     5379.0396     5322    1.12%  x(c10_1_c40_1) N    129    128     76
    161   142     5380.8486   235     5440.0000     5379.0396     6026    1.12%    x(c9_1_c4_1) D    161    160    107
    236   211     5379.4174   294     5440.0000     5379.0486     7625    1.12%     x(c21_4_Om) D    236    235     21
    276   249     5389.3491   241     5440.0000     5379.6036    10295    1.11%      x(Op_c5_2) D    276     13     12
    314   287     5397.0837   211     5440.0000     5380.0643    13761    1.10%   x(c27_1_c7_1) N    314    255     41
    360   321     5381.3739   278     5440.0000     5380.8692    17273    1.09%   x(c8_1_c14_1) D    360    359     72
    404   352     5382.2352   261     5440.0000     5382.1340    21377    1.06%  x(c41_1_c10_1) D    404    403     92
    499   439     5383.5689   265     5440.0000     5383.0598    24162    1.05%  x(c11_2_c20_2) D    499    498     67
Elapsed time = 7.73 sec. (16565.85 ticks, tree = 1.20 MB, solutions = 1)
    597   531     5383.8561   208     5440.0000     5383.4767    28521    1.04%   x(c5_1_c13_1) D    597    596    126
    650   581     5414.9414   242     5440.0000     5384.0770    33352    1.03%  x(c41_1_c40_1) U    650    461     30
    782   709     5394.5720   245     5440.0000     5384.7522    37501    1.02%  x(c41_1_c22_1) U    782    680     34
    832   742     5385.0704   288     5440.0000     5385.0705    42310    1.01%  x(c30_2_c11_2) D    832    652      7
    975   881     5399.3942   231     5440.0000     5385.5759    47271    1.00%      x(Op_c5_2) U    975    873     14
   1000   904     5386.0277   272     5440.0000     5385.6576    49221    1.00%     x(Op_c11_2) D   1000    999     49
   1178  1075     5409.1399   286     5440.0000     5385.8759    53232    0.99%   x(c16_1_c8_1) U   1178    871     12
   1263  1148     5406.2719   251     5440.0000     5386.2473    59446    0.99%  x(c30_2_c31_2) D   1263   1261     86
   1373  1249     5407.1910   311     5440.0000     5386.4810    62915    0.98%  x(c41_1_c22_1) D   1373    889     30
   1427  1288     5412.0697   283     5440.0000     5386.8458    66266    0.98%   x(c37_1_c8_1) U   1427    833      9
Elapsed time = 13.61 sec. (27224.92 ticks, tree = 5.54 MB, solutions = 1)
   1512  1358     5387.8124   220     5440.0000     5387.4295    72025    0.97%   x(c27_1_c6_1) U   1512   1511    104
   1624  1461     5432.2755   245     5440.0000     5388.0599    76821    0.95%   x(c6_1_c20_1) U   1624    937     78
   1685  1504     5433.7324   236     5440.0000     5388.9341    83630    0.94%    x(c8_4_c2_4) U   1685   1088     36
   1823  1620     5410.1419   248     5440.0000     5389.4068    89939    0.93%   x(c16_1_c8_1) U   1823    548     12
   1880  1651     5394.4600   262     5440.0000     5390.0541    96561    0.92%   x(c27_1_c7_1) U   1880    276     13
   1980  1744     5393.8211   267     5440.0000     5390.8243   102867    0.90%  x(c35_1_c39_1) D   1980   1696     14
   2088  1841     5411.5167   242     5440.0000     5391.4224   108861    0.89%  x(c30_2_c29_2) U   2088   1997     77
   2214  1950     5413.2226   271     5440.0000     5391.9809   115347    0.88%  x(c14_1_c27_1) U   2214   2125     97
   2371  2081     5392.3694   289     5440.0000     5392.3328   121160    0.88%  x(c27_2_c26_2) D   2371   2370     56
   2469  2162     5392.5956   279     5440.0000     5392.5292   126888    0.87%   x(c27_1_c6_1) D   2469   2468     28
Elapsed time = 19.09 sec. (36884.72 ticks, tree = 7.71 MB, solutions = 1)
   2593  2268     5412.8343   250     5440.0000     5392.8917   132789    0.87%    x(c7_1_c6_1) U   2593   2168     39
   2663  2287     5395.4781   248     5440.0000     5393.0430   138589    0.86%    x(c7_1_c4_1) U   2663   2077     13
   2741  2352     5393.5224   270     5440.0000     5393.3658   144972    0.86%   x(c6_1_c20_1) D   2741   2740     32
   2886  2488     5393.6297   293     5440.0000     5393.5880   150115    0.85%  x(c37_1_c18_1) D   2886   1835     74
   3054  2637        cutoff           5440.0000     5393.8821   155739    0.85%  x(c11_2_c30_2) U   3054   3052     28
   3143  2692     5415.0873   271     5440.0000     5394.0000   162410    0.85%  x(c25_2_c39_2) U   3143   3142     21
   3265  2788     5394.8240   295     5440.0000     5394.1208   167922    0.84%  x(c13_1_c27_1) U   3265   3264     92
   3427  2933     5426.4344   284     5440.0000     5394.2792   174118    0.84%   x(c9_1_c24_1) U   3427    924     65
   3505  3002     5394.6221   236     5440.0000     5394.4675   180925    0.84%  x(c11_2_c24_2) N   3505   3504     19
   3650  3135     5394.9532   266     5440.0000     5394.6197   186474    0.83%  x(c11_1_c24_1) D   3650   3649     50
Elapsed time = 24.65 sec. (46483.32 ticks, tree = 9.71 MB, solutions = 1)
   3746  3192     5429.5308   261     5440.0000     5394.8081   193600    0.83%   x(c18_1_c8_1) D   3746   3093     46
   3816  3225     5399.9293   262     5440.0000     5394.9854   200343    0.83%    x(c8_4_c2_4) U   3816   3018     62
   3888  3255     5437.5060   260     5440.0000     5395.0000   207866    0.83%   x(c13_1_c5_1) N   3888   3887     23
   3958  3276        cutoff           5440.0000     5395.0000   214718    0.83%  x(c25_2_c39_2) U   3958   3956      8
   4046  3342     5395.2383   275     5440.0000     5395.0392   221157    0.83%   x(c13_1_c7_1) D   4046   4045     32
   4162  3434     5436.3558   289     5440.0000     5395.2119   227961    0.82%  x(c39_1_c40_1) U   4162   2273     34
   4278  3517     5395.5304   263     5440.0000     5395.3748   234162    0.82%    x(c8_4_c6_4) N   4278   4277     88
   4415  3618     5435.2867   237     5440.0000     5395.4766   239602    0.82%  x(c40_1_c41_1) U   4415   4228     20
   4524  3693     5410.4666   270     5440.0000     5395.5941   246228    0.82%   x(c14_1_c7_1) U   4524   3043     24
   4648  3800     5418.5050   261     5440.0000     5395.7419   253060    0.81%  x(c40_1_c39_1) U   4648   2743     35
Elapsed time = 30.22 sec. (56190.84 ticks, tree = 11.38 MB, solutions = 1)
   4751  3863     5395.9487   291     5440.0000     5395.9405   259209    0.81%  x(c14_1_c27_1) D   4751   4750     40
   4869  3951        cutoff           5440.0000     5396.0000   265313    0.81%  x(c14_1_c16_1) U   4869   4293     31
   4962  4015     5396.3632   233     5440.0000     5396.1688   271708    0.81%  x(c40_1_c41_1) D   4962   4961     14
   5012  4047     5415.5191   208     5440.0000     5396.2370   274997    0.80%  x(c14_1_c13_1) U   5012   4875     11
   5137  4138        cutoff           5440.0000     5396.3847   281322    0.80%  x(c27_1_c20_1) U   5137   5135     22
   5256  4223     5435.2673   231     5440.0000     5396.5219   287568    0.80%  x(c40_1_c41_1) U   5256   1546     19
   5385  4313     5418.2680   250     5440.0000     5396.6499   293671    0.80%  x(c14_1_c27_1) U   5385   5267     25
   5550  4451     5396.9167   266     5440.0000     5396.7481   299103    0.80%  x(c11_2_c27_2) D   5550   5549     27
   5682  4547     5418.6337   202     5440.0000     5396.8883   305638    0.79%   x(c16_1_c8_1) U   5682   5018     40
   5818  4651     5412.4212   225     5440.0000     5396.9974   311992    0.79%  x(c11_2_c24_2) U   5818   4894     20
Elapsed time = 35.78 sec. (65843.88 ticks, tree = 13.53 MB, solutions = 1)
   5906  4669     5434.5555   189     5440.0000     5397.0000   319477    0.79%   x(c27_1_c5_1) U   5906   2895     84
   5966  4664     5421.6161   239     5440.0000     5397.0085   326668    0.79%  x(c40_1_c39_1) U   5966   4407     33
   6000  4685     5397.0871   241     5440.0000     5397.0384   329059    0.79%  x(c11_2_c27_2) D   6000   5999     18
   6133  4775        cutoff           5440.0000     5397.1620   335474    0.79%  x(c11_1_c30_1) U   6133   5147     32
   6276  4890     5400.3534   254     5440.0000     5397.2382   341779    0.79%    x(c7_4_c6_4) N   6276   3008     50
   6389  4968        cutoff           5440.0000     5397.3479   348304    0.78%      x(c8_1_Om) U   6389   4743     64
   6503  5038     5398.4475   283     5440.0000     5397.4631   353959    0.78%  x(c11_2_c27_2) D   6503   3520     13
   6650  5150     5415.7205   219     5440.0000     5397.5842   360124    0.78%    x(c6_4_c7_4) U   6650   6648     88
   6766  5219     5398.0241   215     5440.0000     5397.6652   365990    0.78%    x(c8_1_c7_1) D   6766   6765     54
   6886  5290        cutoff           5440.0000     5397.8000   372729    0.78%  x(c24_2_c11_2) U   6886   6012     31
Elapsed time = 42.28 sec. (77874.23 ticks, tree = 14.82 MB, solutions = 1)
   7000  5372     5398.3772   275     5440.0000     5397.9291   378919    0.77%   x(c13_1_c6_1) D   7000   6999     61
   7075  5372     5429.2694   269     5440.0000     5398.0000   385859    0.77%   x(c40_2_c9_2) U   7075   1583     31
   7196  5432     5399.8949   269     5440.0000     5398.0765   392089    0.77%   x(c37_1_c8_1) D   7196   5117     15
   7347  5537     5398.4374   208     5440.0000     5398.2262   398587    0.77%  x(c27_1_c28_1) D   7347   7346     91
   7461  5611     5423.8368   265     5440.0000     5398.3521   404727    0.77%   x(c9_1_c24_1) U   7461   7363     54
   7593  5694     5403.0591   237     5440.0000     5398.4745   410832    0.76%      x(Op_c5_2) D   7593   1979     10
   7725  5780     5412.6413   236     5440.0000     5398.5671   416406    0.76%      x(Op_c2_2) U   7725   7375     66
   7892  5893        cutoff           5440.0000     5398.7013   422514    0.76%  x(c11_1_c31_1) D   7892   7392    101
   8009  5955        cutoff           5440.0000     5398.8175   428829    0.76%   x(c5_1_c27_1) U   8009   7981     72
   8114  6014     5399.0979   187     5440.0000     5398.9370   435285    0.75%  x(c35_1_c39_1) D   8114   8113    111
Elapsed time = 49.47 sec. (91287.52 ticks, tree = 16.23 MB, solutions = 1)
   8206  6011        cutoff           5440.0000     5399.0000   442004    0.75%  x(c40_2_c31_2) U   8206   5561     38
   8270  6017     5400.5124   301     5440.0000     5399.0135   448686    0.75%  x(c25_2_c39_2) D   8270   5243      8
   8400  6097     5400.0925   287     5440.0000     5399.1000   454513    0.75%  x(c16_1_c37_1) N   8400   1185      7
   8511  6150     5437.6879   244     5440.0000     5399.2010   461144    0.75%  x(c40_4_c23_4) N   8511   7539     88
   8596  6197        cutoff           5440.0000     5399.2505   467593    0.75%      x(c8_1_Om) U   8596   7732     85
   8725  6272        cutoff           5440.0000     5399.3917   474305    0.75%  x(c37_1_c18_1) D   8725   7993     84
   8837  6350     5410.0074   214     5440.0000     5399.5032   480749    0.74%   x(c30_2_c9_2) D   8837   4877     13
   8991  6451     5400.6021   248     5440.0000     5399.6153   487259    0.74%   x(c8_1_c20_1) D   8991   8469    104
   9139  6524     5429.9538   186     5440.0000     5399.6996   493310    0.74%  x(c25_4_c23_4) U   9139   5977    147
   9526  6724     5417.0299   223     5440.0000     5400.0000   519312    0.74%  x(c10_1_c30_1) N   9526   9525     46
Elapsed time = 56.65 sec. (103924.48 ticks, tree = 17.77 MB, solutions = 1)
   9941  6975     5410.8410   227     5440.0000     5400.3755   545729    0.73%      x(Op_c8_1) D   9941    261     46
  10465  7356     5400.7360   239     5440.0000     5400.7298   569887    0.72%      x(Op_c7_2) D  10465  10464     91
  10911  7604     5401.1383   171     5440.0000     5401.1384   595245    0.71%  x(c10_1_c31_1) D  10911   6776     64
  11406  7880     5402.5708   279     5440.0000     5401.5457   620303    0.71%   x(c9_5_c24_5) D  11406   5378     55
  11996  8299        cutoff           5440.0000     5401.8739   644902    0.70%  x(c20_1_c27_1) U  11996  11225     75
  12000  8301     5420.1838   289     5440.0000     5401.8783   645564    0.70%   x(c13_1_c7_1) U  12000   5196     12
  12460  8525     5402.5462   235     5440.0000     5402.1986   671895    0.69%  x(c41_1_c40_1) D  12460  12459     17
  12864  8701     5426.8947   266     5440.0000     5402.6064   698421    0.69%   x(c9_2_c11_2) U  12864  12861     13
  13336  8943     5416.4739   294     5440.0000     5403.0000   723344    0.68%  x(c11_2_c30_2) U  13336    900     41
  13739  9144     5403.3358   209     5440.0000     5403.2070   749592    0.68%  x(c16_1_c37_1) D  13739  13738     13
Elapsed time = 78.44 sec. (143083.01 ticks, tree = 23.56 MB, solutions = 1)
  14225  9411     5412.8698   266     5440.0000     5403.5812   774816    0.67%  x(c41_1_c22_1) D  14225   3908     10
  14685  9702     5426.0321   201     5440.0000     5403.9040   798846    0.66%  x(c39_1_c40_1) U  14685  13539     39
  15032  9595     5425.1500   200     5440.0000     5404.0000   825555    0.66%  x(c27_2_c11_2) U  15032   1570     18
  15469  9803        cutoff           5440.0000     5404.2645   851990    0.66%  x(c39_1_c40_1) U  15469   6014     33
  15888 10034     5420.7708   282     5440.0000     5404.5765   877904    0.65%   x(c9_2_c11_2) D  15888   9308     19
  16323 10241     5429.0980   236     5440.0000     5404.9432   904579    0.64%   x(c9_2_c24_2) U  16323  16078     22
  16780 10503     5410.3203   209     5440.0000     5405.2854   929170    0.64%   x(c9_5_c24_5) D  16780  16779    144
  17169 10668     5407.5000   212     5440.0000     5405.6618   954779    0.63%      x(Op_c5_2) D  17169  13211     12
  17630 10760        cutoff           5440.0000     5406.0000   980275    0.62%  x(c11_1_c27_1) U  17630  11487     59
  18088 10861        cutoff           5440.0000     5406.2386  1006049    0.62%  x(c24_1_c13_1) U  18088   4540     58
Elapsed time = 99.89 sec. (181320.61 ticks, tree = 27.55 MB, solutions = 1)
  18491 11058     5428.1494   209     5440.0000     5406.5903  1032348    0.61%  x(c16_1_c37_1) U  18491  18099     15
  18945 11298        cutoff           5440.0000     5406.9891  1058232    0.61%   x(c27_1_c5_1) U  18945  18250     41
  19356 11383     5410.6577   278     5440.0000     5407.1111  1084277    0.60%   x(c6_1_c20_1) D  19356   1812     15
  19800 11647     5407.9315   245     5440.0000     5407.4348  1110718    0.60%      x(c2_2_Om) N  19800  13715     11
  20219 11891     5410.4375   226     5440.0000     5407.6882  1137376    0.59%  x(c25_4_c23_4) D  20219  13816     27
  20711 12066        cutoff           5440.0000     5408.0000  1163184    0.59%     x(c27_1_Om) N  20711   2649     67
  21021 11986     5420.6028   270     5440.0000     5408.0622  1189878    0.59%  x(c12_4_c13_4) D  21021  19657     12
  21469 12221     5433.4307   224     5440.0000     5408.3526  1214950    0.58%  x(c33_4_c34_4) U  21469    964     38
  21891 12464     5422.3214   252     5440.0000     5408.6073  1239528    0.58%   x(c30_2_c9_2) D  21891  13590     12
  22304 12658     5409.0126   277     5440.0000     5408.8838  1266066    0.57%  x(c10_1_c41_1) D  22304  22303     30
Elapsed time = 121.30 sec. (219573.54 ticks, tree = 31.77 MB, solutions = 1)
  22861 12802     5427.5863   221     5440.0000     5409.0674  1290628    0.57%  x(c35_1_c39_1) U  22861  19836     34
  23333 13071     5409.3402   213     5440.0000     5409.2966  1316421    0.56%  x(c40_4_c23_4) N  23333  10862     49
  23787 13347        cutoff           5440.0000     5409.5148  1342035    0.56%  x(c40_1_c30_1) U  23787  20564     60
  24263 13499     5409.9081   220     5440.0000     5409.7860  1367157    0.56%     x(Op_c38_2) D  24263  24262    123
  24713 13627        cutoff           5440.0000     5410.0000  1393418    0.55%    x(c5_2_c9_2) U  24713  12761     74
  25136 13834     5420.2720   274     5440.0000     5410.2032  1419492    0.55%   x(c27_1_c5_1) U  25136   8503     24
  25661 14142     5438.0100   196     5440.0000     5410.4238  1444423    0.54%  x(c11_2_c27_2) U  25661   8562     17
  26132 14391     5422.4635   253     5440.0000     5410.6165  1469378    0.54%   x(c27_1_c5_1) N  26132  25079     57
  26552 14515     5411.1020   220     5440.0000     5410.8282  1495182    0.54%  x(c17_2_c20_2) N  26552  24766     20
  26974 14538        cutoff           5440.0000     5411.0000  1521366    0.53%   x(c13_1_c4_1) U  26974  23391     37
Elapsed time = 142.81 sec. (257849.84 ticks, tree = 36.11 MB, solutions = 1)
  27342 14524        cutoff           5440.0000     5411.1083  1547818    0.53%  x(c16_2_c20_2) U  27342   9196     61
  27752 14658     5424.5308   207     5440.0000     5411.3333  1573639    0.53%   x(c30_1_c9_1) U  27752  19890     16
  28232 14898        cutoff           5440.0000     5411.5689  1599373    0.52%    x(c8_1_c7_1) U  28232  28230     86
  28690 15078        cutoff           5440.0000     5411.8063  1625054    0.52%  x(c41_1_c23_1) U  28690  28688     40
  29220 15366        cutoff           5440.0000     5411.9973  1649812    0.51%  x(c24_1_c30_1) U  29220  28278     29
  29676 15493        cutoff           5440.0000     5412.1479  1675080    0.51%  x(c29_2_c11_2) U  29676  25862     60
  30138 15754     5419.4302   237     5440.0000     5412.3030  1701408    0.51%  x(c21_4_c34_4) D  30138  30136     87
  30558 15954     5425.2667   176     5440.0000     5412.4853  1727622    0.51%    x(c6_4_c7_4) U  30558  28076     35
  31066 16256        cutoff           5440.0000     5412.6446  1752762    0.50%  x(c40_4_c10_4) U  31066  18331     81
  31450 16420     5412.8911   187     5440.0000     5412.8349  1779102    0.50%   x(c9_1_c30_1) D  31450  30275     30
Elapsed time = 164.31 sec. (296055.91 ticks, tree = 41.05 MB, solutions = 1)
  31964 16591        cutoff           5440.0000     5413.0000  1804445    0.50%   x(c28_2_c9_2) U  31964   1591     39
  32113 16646     5428.0000   248     5440.0000     5413.0500  1811757    0.50%  x(c41_1_c22_1) U  32113   7738     17
  32515 16773        cutoff           5440.0000     5413.2211  1838059    0.49%  x(c13_1_c27_1) D  32515  32513     53
  32963 16926        cutoff           5440.0000     5413.4193  1864490    0.49%   x(c5_1_c27_1) U  32963  32961     56
  33439 17130     5427.5083   216     5440.0000     5413.6039  1890002    0.49%  x(c13_1_c27_1) D  33439  31473     45
  33831 17257     5427.3891   191     5440.0000     5413.7851  1917036    0.48%  x(c41_4_c23_4) D  33831  30303     94
  34275 17400     5426.4595   255     5440.0000     5413.9913  1942368    0.48%   x(c18_1_c8_1) D  34275  24852     26
  34716 17379        cutoff           5440.0000     5414.1076  1968158    0.48%  x(c30_2_c40_2) U  34716  32468     74
  35153 17528     5414.4849   271     5440.0000     5414.3029  1994355    0.47%   x(c25_2_c9_2) D  35153  35152     63
  35598 17713     5418.3846   248     5440.0000     5414.5339  2020884    0.47%  x(c12_4_c13_4) N  35598  31749     15
Elapsed time = 185.07 sec. (334260.46 ticks, tree = 43.82 MB, solutions = 1)
  36094 17959     5424.6667   230     5440.0000     5414.7500  2046626    0.46%  x(c41_1_c22_1) D  36094  32614     19
  36546 18120     5427.1651   267     5440.0000     5414.9482  2071981    0.46%   x(c30_2_c9_2) D  36546  35013     11
  37046 18283     5415.1767   269     5440.0000     5415.1415  2097283    0.46%  x(c11_2_c27_2) D  37046  10487     16
  37482 18481        cutoff           5440.0000     5415.3333  2123299    0.45%  x(c31_2_c39_2) U  37482  36484     23
  37967 18712        cutoff           5440.0000     5415.5148  2148555    0.45%  x(c18_2_c36_2) U  37967   2088     78
  38451 18927     5420.2466   240     5440.0000     5415.7045  2173652    0.45%      x(Op_c5_2) D  38451  37242     13
  38962 19122     5436.1522   237     5440.0000     5415.8943  2199291    0.44%   x(c18_1_c8_1) D  38962  32090      8
  39432 19080        cutoff           5440.0000     5416.0000  2223631    0.44%   x(c11_2_c3_2) U  39432   3164     22
  39872 19204     5418.2025   286     5440.0000     5416.1200  2249029    0.44%  x(c40_4_c10_4) U  39872  36937     27
  40350 19400     5416.5455   207     5440.0000     5416.3077  2274170    0.44%   x(c7_2_c11_2) D  40350  37492     98
Elapsed time = 206.21 sec. (372496.62 ticks, tree = 47.66 MB, solutions = 1)
  40822 19632     5435.1853   228     5440.0000     5416.4760  2299053    0.43%  x(c40_4_c23_4) D  40822  13336     42
  41261 19803     5425.6071   262     5440.0000     5416.6296  2325447    0.43%   x(c9_1_c24_1) U  41261  31439     12
  41731 19966        cutoff           5440.0000     5416.8145  2350471    0.43%  x(c25_2_c39_2) U  41731  38937     19
  42000 20107     5417.1794   202     5440.0000     5416.9071  2364079    0.42%  x(c40_4_c10_4) U  42000  34083    148
  42485 20150        cutoff           5440.0000     5417.0393  2388690    0.42%   x(c9_1_c24_1) U  42485   8781     18
  42892 20301        cutoff           5440.0000     5417.1955  2414122    0.42%  x(c13_1_c10_1) D  42892   2514    112
  43389 20536        cutoff           5440.0000     5417.3572  2439539    0.42%   x(c30_2_c9_2) U  43389  35340     12
  43871 20721     5425.6948   217     5440.0000     5417.5376  2464423    0.41%  x(c13_1_c27_1) D  43871   6434     19
  44389 20927     5417.9635   266     5440.0000     5417.7174  2489070    0.41%  x(c27_1_c14_1) D  44389  44388     31
  44893 21122    infeasible           5440.0000     5417.8757  2514378    0.41%  x(c23_4_c41_4) D  44893  44892    103
Elapsed time = 228.03 sec. (413126.83 ticks, tree = 51.61 MB, solutions = 1)
  45433 21287        cutoff           5440.0000     5418.0068  2538588    0.40%    x(c6_1_c7_1) U  45433  31861     45
  45905 21453     5433.2710   222     5440.0000     5418.1451  2564416    0.40%  x(c10_1_c41_1) D  45905  21060     22
  46368 21643     5431.4167   220     5440.0000     5418.2803  2590046    0.40%  x(c21_4_c34_4) N  46368  38910     11
  46851 21834     5429.6428   209     5440.0000     5418.4375  2614409    0.40%  x(c18_1_c37_1) U  46851  21885     15
  47339 22026     5424.0839   242     5440.0000     5418.5998  2639786    0.39%      x(c2_2_Om) D  47339  46571     12
  47853 22204        cutoff           5440.0000     5418.7710  2664246    0.39%  x(c11_2_c27_2) U  47853  43719     22
  48303 22331        cutoff           5440.0000     5418.9450  2689303    0.39%  x(c31_2_c40_2) U  48303  20207     45
  48741 22217     5421.7901   270     5440.0000     5419.0087  2713950    0.39%    x(c7_4_c6_4) D  48741    279     58
  49214 22422     5437.3175   249     5440.0000     5419.1271  2739334    0.38%  x(c12_4_c13_4) U  49214  38966     61
  49696 22578        cutoff           5440.0000     5419.2827  2764668    0.38%   x(c28_2_c2_2) U  49696  49695     64
Elapsed time = 248.95 sec. (451348.92 ticks, tree = 54.94 MB, solutions = 1)
  50148 22758     5419.8746   242     5440.0000     5419.4376  2790581    0.38%  x(c39_1_c40_1) D  50148  50147     55
  50668 22941     5430.2543   264     5440.0000     5419.5820  2816060    0.38%   x(c13_1_c9_1) N  50668  35815     29
  51139 23080     5427.7574   239     5440.0000     5419.7328  2841301    0.37%  x(c21_4_c34_4) D  51139  51137     15
  51594 23225        cutoff           5440.0000     5419.9000  2867614    0.37%  x(c34_2_c37_2) D  51594  17133     94
  52123 23245        cutoff           5440.0000     5420.0256  2891833    0.37%  x(c10_1_c11_1) U  52123  52121    107
  52576 23421     5420.8750   295     5440.0000     5420.1668  2917444    0.36%      x(c2_2_Om) N  52576  51772     12
  53000 23577     5432.7699   190     5440.0000     5420.2817  2939365    0.36%  x(c40_1_c41_1) U  53000  34266     16
  53472 23747     5437.4863   252     5440.0000     5420.4119  2964584    0.36%  x(c40_1_c39_1) N  53472  15704     30
  53969 23887        cutoff           5440.0000     5420.5385  2989693    0.36%   x(c9_2_c11_2) U  53969  44980     17
  54444 24082     5433.9333   226     5440.0000     5420.6500  3014896    0.36%   x(c30_2_c9_2) D  54444  16496     12
Elapsed time = 270.83 sec. (492000.84 ticks, tree = 58.36 MB, solutions = 1)
  54919 24259     5422.8889   201     5440.0000     5420.7746  3039873    0.35%  x(c40_4_c23_4) N  54919  42209     30
  55433 24456     5430.1527   221     5440.0000     5420.9028  3064598    0.35%   x(c16_1_c8_1) D  55433  55431     22
  55975 24433        cutoff           5440.0000     5421.0000  3087840    0.35%  x(c41_1_c23_1) U  55975  29499     78
  56468 24458     5435.4605   249     5440.0000     5421.0758  3111548    0.35%   x(c9_1_c24_1) U  56468  56467     36
  56928 24596     5426.7500   208     5440.0000     5421.1992  3136662    0.35%  x(c17_2_c20_2) D  56928  17333     15
  57470 24803     5421.3562   288     5440.0000     5421.3268  3161224    0.34%  x(c31_2_c39_2) N  57470  41438     20
  58000 25022     5421.5992   227     5440.0000     5421.4710  3185458    0.34%  x(c16_1_c37_1) D  58000  57999     27
  58502 25198     5434.1667   251     5440.0000     5421.5844  3210339    0.34%  x(c40_1_c41_1) N  58502  49852     14
  59014 25369     5438.7097   237     5440.0000     5421.7019  3234495    0.34%  x(c12_4_c13_4) N  59014  48351     19
  59548 25531     5421.8540   210     5440.0000     5421.8340  3257831    0.33%   x(c6_1_c20_1) N  59548  58714     58
Elapsed time = 292.89 sec. (533262.33 ticks, tree = 61.68 MB, solutions = 1)
  60082 25700     5421.9769   290     5440.0000     5421.9769  3282058    0.33%      x(c2_2_Om) D  60082  54605     52
  60590 25704     5437.5153   235     5440.0000     5422.0461  3305546    0.33%   x(c18_1_c8_1) D  60590  32237     24
  61090 25840        cutoff           5440.0000     5422.1693  3330740    0.33%  x(c12_4_c13_4) U  61090  46539     16
  61622 26047     5425.3343   233     5440.0000     5422.2839  3354841    0.33%  x(c17_2_c20_2) U  61622  51778     31
  62116 26207     5436.8278   240     5440.0000     5422.4022  3380230    0.32%  x(c37_1_c35_1) U  62116  52119    105
  62654 26398     5437.2980   234     5440.0000     5422.5239  3404539    0.32%      x(c2_2_Om) D  62654  40911     11
  63212 26570     5433.5833   242     5440.0000     5422.6428  3428016    0.32%   x(c18_1_c8_1) U  63212  22498     20
  63755 26755     5433.9843   233     5440.0000     5422.7438  3452259    0.32%   x(c18_1_c8_1) D  63755  33638     35
  64284 26910     5427.9872   223     5440.0000     5422.8750  3476764    0.31%  x(c40_4_c23_4) D  64284  50302     45
  64839 27062     5424.0000   186     5440.0000     5423.0000  3500199    0.31%      x(c2_2_Om) N  64839  53198     18
Elapsed time = 313.51 sec. (571492.67 ticks, tree = 65.20 MB, solutions = 1)
  65240 26934     5425.7020   252     5440.0000     5423.0288  3523897    0.31%   x(c18_1_c8_1) D  65240  24778     12
  65748 27110     5436.8897   207     5440.0000     5423.1397  3548611    0.31%  x(c25_4_c23_4) D  65748  58643     17
  66289 27265     5430.9377   270     5440.0000     5423.2630  3572936    0.31%   x(c7_1_c27_1) U  66289  57819     19
  66812 27432        cutoff           5440.0000     5423.3603  3596959    0.31%  x(c10_1_c41_1) U  66812  28375     48
  67000 27503     5423.5062   283     5440.0000     5423.3886  3604741    0.31%   x(c11_2_c7_2) D  67000  66999     51
  67510 27653     5424.4167   230     5440.0000     5423.5000  3628330    0.30%   x(c30_1_c9_1) N  67510  67508     19
  68034 27798        cutoff           5440.0000     5423.6107  3652413    0.30%  x(c12_4_c13_4) D  68034  42597     24
  68560 27942     5424.2650   303     5440.0000     5423.7169  3675584    0.30%  x(c12_4_c13_4) D  68560  45596     21
  69117 28149     5424.6611   216     5440.0000     5423.8037  3700043    0.30%      x(c2_2_Om) D  69117  49469     22
  69650 28286        cutoff           5440.0000     5423.9020  3724040    0.30%   x(c9_2_c29_2) U  69650  54138     63
Elapsed time = 334.52 sec. (612105.74 ticks, tree = 67.94 MB, solutions = 1)
  70188 28424     5425.8333   208     5440.0000     5424.0000  3747714    0.29%  x(c40_4_c23_4) D  70188   8568     11
  70659 28497     5434.5198   284     5440.0000     5424.0671  3772818    0.29%      x(Op_c5_2) U  70659   1719      9
  71158 28636     5425.6724   220     5440.0000     5424.1689  3798171    0.29%   x(c30_2_c9_2) U  71158  52298     21
  71725 28754     5424.2838   232     5440.0000     5424.2658  3821701    0.29%  x(c40_1_c30_1) D  71725  71724     78
  72318 28948        cutoff           5440.0000     5424.3667  3844636    0.29%   x(c9_2_c11_2) U  72318  43438     19
  72839 29121     5424.5439   243     5440.0000     5424.4653  3868724    0.29%  x(c40_1_c23_1) D  72839  72838     20
  73298 29213        cutoff           5440.0000     5424.5385  3892885    0.28%  x(c11_2_c24_2) D  73298  16045     25
  73825 29382     5424.8004   258     5440.0000     5424.6355  3917028    0.28%  x(c39_1_c40_1) D  73825  73824     74
  74373 29476        cutoff           5440.0000     5424.7328  3939935    0.28%   x(c30_1_c9_1) U  74373  50539     40
  74922 29626     5428.7143   253     5440.0000     5424.8249  3963652    0.28%  x(c12_4_c13_4) N  74922  74921     30
Elapsed time = 354.76 sec. (650315.02 ticks, tree = 71.19 MB, solutions = 1)
  75460 29728     5435.9001   238     5440.0000     5424.9257  3987545    0.28%   x(c27_1_c7_1) N  75460  45081     31
  75979 29730        cutoff           5440.0000     5425.0000  4010317    0.28%   x(c11_2_c7_2) U  75979   6549     32
  76435 29728        cutoff           5440.0000     5425.0533  4033620    0.27%  x(c13_1_c14_1) U  76435  76433     15
  76989 29828     5434.9849   288     5440.0000     5425.1496  4057815    0.27%  x(c27_1_c20_1) D  76989  12608     48
  77491 29950     5437.4808   257     5440.0000     5425.2390  4082333    0.27%  x(c40_1_c23_1) N  77491  62126     14
  78051 30119        cutoff           5440.0000     5425.3211  4106846    0.27%   x(c7_1_c27_1) U  78051  72021     49
  78586 30247     5432.7000   271     5440.0000     5425.3969  4130208    0.27%  x(c25_4_c23_4) N  78586  75680     18
  79139 30377     5434.0000   186     5440.0000     5425.5000  4153592    0.27%  x(c12_4_c13_4) D  79139  73075     19
  79653 30502     5429.6667   191     5440.0000     5425.5714  4177035    0.27%  x(c21_4_c34_4) N  79653  50979     25
  80153 30607        cutoff           5440.0000     5425.6623  4200034    0.26%   x(c13_1_c9_1) U  80153  73003     27
Elapsed time = 374.80 sec. (688514.86 ticks, tree = 73.50 MB, solutions = 1)
  80694 30726     5437.2565   203     5440.0000     5425.7381  4222719    0.26%  x(c21_4_c35_4) U  80694  80693     40
  81230 30835        cutoff           5440.0000     5425.8197  4245782    0.26%     x(Op_c37_1) U  81230  76470     32
  81744 30970     5427.0427   206     5440.0000     5425.9089  4269695    0.26%   x(c6_1_c20_1) N  81744  66753     34
  82000 31013     5427.2726   231     5440.0000     5425.9559  4278908    0.26%  x(c21_4_c35_4) N  82000  41938     24
  82540 30933     5429.7557   217     5440.0000     5426.0060  4301385    0.26%  x(c21_4_c34_4) N  82540  63314     20
  83026 31026        cutoff           5440.0000     5426.0743  4324237    0.26%  x(c24_1_c11_1) D  83026  70689     22
  83558 31133     5433.0742   258     5440.0000     5426.1566  4347220    0.25%  x(c18_4_c38_4) U  83558  19145     28
  84069 31233     5426.4303   199     5440.0000     5426.2381  4369623    0.25%  x(c29_2_c39_2) D  84069  84068     73
  84661 31311     5427.0511   254     5440.0000     5426.3293  4392428    0.25%   x(c13_1_c7_1) D  84661  79082     24
  85200 31387     5427.5207   180     5440.0000     5426.4039  4415044    0.25%  x(c10_1_c41_1) N  85200  83820     39
Elapsed time = 394.52 sec. (727394.54 ticks, tree = 75.27 MB, solutions = 1)
  85761 31516        cutoff           5440.0000     5426.5000  4437730    0.25%  x(c12_4_c13_4) U  85761  58456     30
  86267 31589     5426.6988   220     5440.0000     5426.5743  4460930    0.25%   x(c13_1_c5_1) N  86267  86266     31
  86795 31669     5434.9218   258     5440.0000     5426.6607  4484827    0.25%   x(c9_1_c24_1) N  86795  82784     19
  87315 31767        cutoff           5440.0000     5426.7353  4508843    0.24%  x(c10_1_c30_1) U  87315  77673     24
  87851 31867        cutoff           5440.0000     5426.8195  4532660    0.24%   x(c30_1_c9_1) U  87851  82133     38
  88393 31927     5429.2675   211     5440.0000     5426.9048  4555354    0.24%  x(c12_4_c13_4) N  88393  73548     12
  88900 31997     5437.1523   201     5440.0000     5426.9969  4579228    0.24%   x(c27_1_c7_1) D  88900  25469     41
  89429 31948        cutoff           5440.0000     5427.0536  4601520    0.24%  x(c13_1_c27_1) U  89429  67764     22
  89913 31999     5432.7976   246     5440.0000     5427.1270  4625410    0.24%  x(c13_1_c27_1) U  89913  40798     13
  90469 32051        cutoff           5440.0000     5427.2191  4648351    0.23%   x(c16_1_c8_1) D  90469  88443     35
Elapsed time = 414.27 sec. (765614.23 ticks, tree = 76.82 MB, solutions = 1)
  91026 32120     5428.5105   237     5440.0000     5427.2989  4671382    0.23%  x(c10_1_c41_1) N  91026  83878     23
  91595 32148     5428.3297   204     5440.0000     5427.3825  4693709    0.23%   x(c27_1_c7_1) N  91595  91594     40
  92000 32166     5431.7828   259     5440.0000     5427.4500  4711112    0.23%  x(c40_1_c41_1) N  92000  47728     44
  92601 32194     5427.5327   252     5440.0000     5427.5268  4732396    0.23%   x(c18_1_c8_1) U  92601  92600     30
  93105 32245     5432.8884   246     5440.0000     5427.6013  4755040    0.23%  x(c21_4_c18_4) D  93105  79078     32
  93631 32314     5432.6909   233     5440.0000     5427.6801  4777903    0.23%  x(c25_4_c23_4) D  93631  93629     28
  94196 32335     5427.7948   245     5440.0000     5427.7674  4799864    0.22%   x(c24_2_c9_2) D  94196  58515     45
  94756 32337     5434.6275   218     5440.0000     5427.8474  4822147    0.22%  x(c21_4_c34_4) U  94756  94755     14
  95290 32363     5429.2756   200     5440.0000     5427.9372  4843326    0.22%  x(c17_2_c20_2) N  95290  83309     16
  95821 32298        cutoff           5440.0000     5428.0000  4865477    0.22%  x(c41_1_c39_1) U  95821   3258     86
Elapsed time = 435.38 sec. (807984.67 ticks, tree = 77.45 MB, solutions = 1)
  96341 32310     5430.7716   221     5440.0000     5428.0707  4888297    0.22%  x(c40_4_c41_4) N  96341  92167     31
  96856 32306     5436.2174   216     5440.0000     5428.1429  4910708    0.22%   x(c9_2_c11_2) N  96856  67059     25
  97404 32358     5428.4762   240     5440.0000     5428.2160  4932612    0.22%   x(c27_1_c6_1) D  97404  97403     20
  97951 32401     5428.5211   208     5440.0000     5428.2913  4954964    0.22%  x(c39_2_c31_2) D  97951  93015     45
  98510 32389     5428.9153   265     5440.0000     5428.3684  4976616    0.21%  x(c12_4_c13_4) N  98510  66300     38
  99107 32427     5436.2143   227     5440.0000     5428.4647  4997782    0.21%  x(c13_1_c14_1) N  99107  79223     41
  99711 32464     5436.2886   232     5440.0000     5428.5406  5018554    0.21%  x(c40_4_c10_4) N  99711  75799     33
 100276 32536        cutoff           5440.0000     5428.6128  5040953    0.21%      x(c2_2_Om) U 100276  70739     14
 100876 32570     5431.4903   272     5440.0000     5428.6801  5061999    0.21%  x(c12_4_c13_4) N 100876  63313     23
 101414 32611        cutoff           5440.0000     5428.7571  5083758    0.21%   x(c30_2_c9_2) D 101414  94293     31
Elapsed time = 454.73 sec. (846161.57 ticks, tree = 78.23 MB, solutions = 1)
 102009 32625        cutoff           5440.0000     5428.8431  5105068    0.21%   x(c13_1_c5_1) U 102009 100552     24
 102575 32595        cutoff           5440.0000     5428.9356  5126280    0.20%   x(c9_2_c24_2) U 102575 102574     24
 103178 32499        cutoff           5440.0000     5429.0000  5146963    0.20%  x(c12_4_c13_4) D 103178  51918     21
 103722 32449     5431.0722   183     5440.0000     5429.0689  5168729    0.20%  x(c41_4_c22_4) N 103722 103721     35
 104255 32435     5435.9393   253     5440.0000     5429.1437  5190226    0.20%   x(c16_1_c8_1) U 104255 102845     25
 104811 32437        cutoff           5440.0000     5429.2188  5210243    0.20%  x(c25_4_c23_4) D 104811  18910    118
 105409 32466     5431.7668   194     5440.0000     5429.3000  5231166    0.20%  x(c13_1_c27_1) D 105409 105408     19
 105984 32446        cutoff           5440.0000     5429.3814  5252849    0.20%    x(c6_1_c7_1) U 105984  63981     40
 106588 32504     5433.0000   202     5440.0000     5429.4697  5274339    0.19%  x(c40_1_c23_1) D 106588  78777     21
 107206 32480     5433.4773   204     5440.0000     5429.5441  5294691    0.19%  x(c12_4_c13_4) U 107206  68675     24
Elapsed time = 473.79 sec. (884353.98 ticks, tree = 77.93 MB, solutions = 1)
 107791 32469     5431.8899   250     5440.0000     5429.6178  5315911    0.19%    x(c6_4_c7_4) U 107791 107790     25
 108085 32443     5438.5695   256     5440.0000     5429.6538  5326366    0.19%  x(c14_1_c27_1) N 108085 106685     38
 108666 32436        cutoff           5440.0000     5429.7275  5347020    0.19%   x(c16_1_c8_1) N 108666  54815     16
 109268 32392     5435.1899   278     5440.0000     5429.8088  5367132    0.19%   x(c13_1_c7_1) D 109268  66442     15
 109875 32382        cutoff           5440.0000     5429.8889  5387087    0.19%  x(c13_1_c27_1) U 109875  84770     24
 110480 32404     5430.7219   167     5440.0000     5429.9772  5407999    0.18%   x(c9_2_c25_2) D 110480  98939     71
 111024 32298     5435.3593   249     5440.0000     5430.0294  5427173    0.18%    x(c7_4_c6_4) N 111024  49303     24
 111592 32274        cutoff           5440.0000     5430.0991  5448227    0.18%   x(c9_2_c11_2) U 111592  96404     21
 112217 32300     5430.2535   191     5440.0000     5430.1749  5468138    0.18%  x(c23_4_c33_4) N 112217 112216     58
 112783 32273     5431.7031   249     5440.0000     5430.2593  5488658    0.18%  x(c18_4_c38_4) N 112783  56631     72
Elapsed time = 492.52 sec. (922544.46 ticks, tree = 77.18 MB, solutions = 1)
 113388 32227     5432.1619   222     5440.0000     5430.3355  5508662    0.18%      x(Op_c7_2) N 113388 109747     57
 113905 32205     5436.0252   233     5440.0000     5430.4066  5527657    0.18%   x(c18_1_c8_1) U 113905  47470     33
 114545 32152     5431.7500   179     5440.0000     5430.5000  5547375    0.17%  x(c40_4_c23_4) N 114545 112361     30
 115090 32100     5438.6429   243     5440.0000     5430.5583  5567787    0.17%   x(c27_1_c7_1) U 115090 103491     27
 115681 32090        cutoff           5440.0000     5430.6296  5588149    0.17%  x(c40_1_c23_1) U 115681  87751     21
 116306 32039     5430.8336   235     5440.0000     5430.7068  5607361    0.17%  x(c40_4_c10_4) D 116306  83970     69
 116914 31988        cutoff           5440.0000     5430.7846  5627243    0.17%      x(c2_2_Om) U 116914  60864     12
 117516 31942     5434.5129   221     5440.0000     5430.8620  5646906    0.17%  x(c18_4_c38_4) U 117516 103019     16
 118156 31909     5430.9997   220     5440.0000     5430.9472  5666093    0.17%   x(c27_1_c6_1) D 118156 118155     20
 118768 31806     5435.4471   254     5440.0000     5431.0000  5685319    0.17%  x(c21_4_c35_4) N 118768 118767     37
Elapsed time = 511.10 sec. (960735.37 ticks, tree = 76.13 MB, solutions = 1)
 119355 31730     5433.8933   204     5440.0000     5431.0633  5705514    0.16%  x(c40_1_c10_1) N 119355  73288     19
 119938 31670     5436.5662   229     5440.0000     5431.1324  5724894    0.16%  x(c21_4_c34_4) D 119938  82036     19
 120000 31659     5438.2035   250     5440.0000     5431.1389  5726860    0.16%   x(c18_1_c8_1) N 120000  91571     19
 120614 31593        cutoff           5440.0000     5431.2191  5746210    0.16%  x(c22_4_c23_4) U 120614 113617     61
 121195 31483     5431.4873   262     5440.0000     5431.2931  5765049    0.16%      x(c2_2_Om) N 121195 101156     63
 121825 31410        cutoff           5440.0000     5431.3653  5783695    0.16%    x(c6_1_c7_1) U 121825 107397     24
 122469 31341        cutoff           5440.0000     5431.4487  5802128    0.16%   x(c18_1_c8_1) D 122469  26508     27
 123068 31220     5434.6471   257     5440.0000     5431.5242  5820951    0.16%   x(c27_1_c6_1) D 123068 123067     34
 123709 31059        cutoff           5440.0000     5431.6028  5840584    0.15%   x(c9_2_c11_2) U 123709  26308     12
 124378 30987     5431.9372   215     5440.0000     5431.6848  5859691    0.15%  x(c13_1_c27_1) N 124378  57254     36
Elapsed time = 529.46 sec. (999758.55 ticks, tree = 74.29 MB, solutions = 1)
 125004 30992     5437.1012   243     5440.0000     5431.7552  5878233    0.15%   x(c27_1_c6_1) D 125004 105835     42
 125647 30945     5438.7416   185     5440.0000     5431.8333  5896680    0.15%  x(c40_4_c23_4) U 125647 106824     21
 126268 30868     5437.5046   220     5440.0000     5431.9107  5915975    0.15%    x(c6_4_c7_4) N 126268  27135     70
 126908 30740     5436.5000   208     5440.0000     5432.0000  5934392    0.15%  x(c40_4_c23_4) N 126908 115955     19
 127489 30607     5433.4302   249     5440.0000     5432.0537  5953080    0.15%  x(c40_1_c41_1) N 127489 121866     15
 128154 30503        cutoff           5440.0000     5432.1190  5971466    0.14%   x(c18_1_c8_1) D 128154  30333     18
 128809 30443     5432.1908   251     5440.0000     5432.1910  5989834    0.14%  x(c12_4_c13_4) D 128809 102376     42
 129468 30302        cutoff           5440.0000     5432.2693  6008073    0.14%  x(c13_1_c27_1) U 129468  83624     11
 130090 30221     5433.5721   218     5440.0000     5432.3387  6026232    0.14%  x(c37_1_c18_1) N 130090  81724     26
 130757 30111        cutoff           5440.0000     5432.4250  6043597    0.14%   x(c11_1_c5_1) U 130757 107516     66
Elapsed time = 547.58 sec. (1037966.80 ticks, tree = 72.29 MB, solutions = 1)
 131388 29944     5432.5606   185     5440.0000     5432.5044  6061189    0.14%   x(c13_1_c3_1) N 131388 125771     30
 132026 29836     5432.5728   211     5440.0000     5432.5729  6079658    0.14%    x(c8_4_c7_4) N 132026 113976     23
 132681 29716     5432.6604   245     5440.0000     5432.6500  6096914    0.14%      x(c2_2_Om) N 132681 117376     31
 133330 29606     5432.7179   209     5440.0000     5432.7137  6114630    0.13%      x(c2_2_Om) U 133330 102388     22
 133942 29543     5435.2955   144     5440.0000     5432.7862  6132457    0.13%   x(c27_1_c7_1) N 133942 130285     32
 134000 29531     5434.5000   222     5440.0000     5432.7941  6133946    0.13%  x(c11_1_c30_1) N 134000 133998     37
 134636 29419        cutoff           5440.0000     5432.8552  6151231    0.13%   x(c27_1_c6_1) D 134636 103764     30
 135270 29287     5434.2272   248     5440.0000     5432.9332  6169070    0.13%    x(c6_4_c7_4) N 135270 128732     50
 135932 29201     5433.6170   229     5440.0000     5433.0000  6187221    0.13%  x(c25_4_c23_4) N 135932  96428     19
 136555 29027     5433.7222   232     5440.0000     5433.0556  6206007    0.13%  x(c37_1_c16_1) N 136555 131048     26
Elapsed time = 565.44 sec. (1076525.27 ticks, tree = 69.79 MB, solutions = 1)
 137202 28881     5438.1250   234     5440.0000     5433.1250  6223997    0.13%      x(c2_2_Om) N 137202  58442     13
 137851 28753     5433.5339   200     5440.0000     5433.1928  6242431    0.13%   x(c29_2_c9_2) D 137851 130794     35
 138497 28623     5433.2907   255     5440.0000     5433.2638  6259335    0.12%      x(Op_c5_2) N 138497 138496     19
 139105 28460     5438.5000   234     5440.0000     5433.3333  6277156    0.12%  x(c37_1_c18_1) N 139105 118650     21
 139814 28304        cutoff           5440.0000     5433.4152  6295644    0.12%  x(c37_1_c18_1) U 139814  47273     20
 140535 28146        cutoff           5440.0000     5433.5000  6313285    0.12%  x(c12_4_c13_4) U 140535  20857     47
 141201 27991        cutoff           5440.0000     5433.5600  6331420    0.12%  x(c37_1_c35_1) U 141201 121602     91
 141870 27796     5436.4571   250     5440.0000     5433.6315  6349200    0.12%  x(c13_1_c27_1) N 141870 133309     16
 142559 27633        cutoff           5440.0000     5433.7049  6366865    0.12%  x(c40_4_c10_4) U 142559  81454     22
 143246 27446     5435.9372   205     5440.0000     5433.7820  6385386    0.11%  x(c14_1_c16_1) D 143246 140127     39
Elapsed time = 583.24 sec. (1114717.08 ticks, tree = 66.16 MB, solutions = 1)
 143940 27283     5434.4549   217     5440.0000     5433.8637  6403466    0.11%     x(Op_c37_1) N 143940 131141     39
 144682 27087     5436.4892   183     5440.0000     5433.9589  6419895    0.11%    x(c6_4_c7_4) N 144682 129623     43
 145358 26851        cutoff           5440.0000     5434.0258  6436243    0.11%  x(c12_4_c13_4) N 145358  93031     17
 146036 26643     5434.7601   220     5440.0000     5434.0895  6453000    0.11%  x(c13_1_c27_1) N 146036 146035     22
 146724 26376        cutoff           5440.0000     5434.1678  6469682    0.11%  x(c26_4_c12_4) U 146724 146723    110
 147397 26187     5438.7479   221     5440.0000     5434.2460  6486056    0.11%    x(c6_1_c7_1) N 147397 127720     18
 148064 25976        cutoff           5440.0000     5434.3158  6502165    0.10%  x(c17_2_c20_2) U 148064  56540     64
 148744 25723     5434.4908   182     5440.0000     5434.3881  6519015    0.10%  x(c23_4_c35_4) N 148744 148743     46
 149455 25490        cutoff           5440.0000     5434.4687  6535628    0.10%   x(c9_1_c24_1) N 149455  75335     15
 150151 25172        cutoff           5440.0000     5434.5330  6551447    0.10%      x(c2_2_Om) D 150151  39812     13
Elapsed time = 600.92 sec. (1152910.42 ticks, tree = 60.91 MB, solutions = 1)
 150860 24897     5434.7726   202     5440.0000     5434.6111  6568456    0.10%  x(c10_1_c30_1) N 150860 148647     30
 151561 24587        cutoff           5440.0000     5434.6945  6583911    0.10%  x(c12_4_c13_4) U 151561  91179     13
 152244 24332        cutoff           5440.0000     5434.7683  6599649    0.10%      x(c2_2_Om) D 152244  37460     29
 152934 24011     5435.0916   185     5440.0000     5434.8486  6614943    0.09%      x(c8_4_Om) N 152934 152933     32
 153624 23712        cutoff           5440.0000     5434.9309  6630432    0.09%  x(c39_1_c40_1) D 153624  44546     21
 154380 23345        cutoff           5440.0000     5435.0000  6645091    0.09%   x(c11_2_c2_2) U 154380   2343     36
 155034 22999        cutoff           5440.0000     5435.0558  6661070    0.09%  x(c13_1_c14_1) U 155034 144440     25
 155704 22733     5435.2177   251     5440.0000     5435.1250  6677242    0.09%  x(c39_2_c31_2) N 155704 148487     19
 156387 22418        cutoff           5440.0000     5435.2000  6692970    0.09%  x(c34_2_c31_2) D 156387 137700     24
 157072 22108        cutoff           5440.0000     5435.2751  6708646    0.09%  x(c13_1_c27_1) U 157072 102365     54
Elapsed time = 617.97 sec. (1191092.42 ticks, tree = 53.71 MB, solutions = 1)
 157795 21781     5435.4164   267     5440.0000     5435.3539  6722695    0.09%      x(c2_2_Om) N 157795  58155     41
 158473 21439        cutoff           5440.0000     5435.4383  6738548    0.08%  x(c40_4_c23_4) D 158473  36477     38
 159184 21072    infeasible           5440.0000     5435.5122  6753323    0.08%  x(c40_2_c31_2) N 159184  33269     58
 159907 20687        cutoff           5440.0000     5435.5911  6767835    0.08%  x(c25_2_c39_2) D 159907  54365     17
 160603 20334        cutoff           5440.0000     5435.6714  6782539    0.08%  x(c25_4_c10_4) U 160603  61377     77
 161315 19965        cutoff           5440.0000     5435.7500  6796834    0.08%  x(c25_4_c23_4) U 161315  82440     20
 162039 19589        cutoff           5440.0000     5435.8289  6810987    0.08%  x(c10_1_c40_1) U 162039  71665     19
 162740 19243     5435.9179   234     5440.0000     5435.9117  6825668    0.08%  x(c39_2_c31_2) N 162740 114428     33
 163489 18841        cutoff           5440.0000     5436.0000  6839099    0.07%  x(c10_1_c30_1) D 163489 135929     27
 164187 18435        cutoff           5440.0000     5436.0602  6854003    0.07%  x(c39_2_c31_2) U 164187 141074     48
Elapsed time = 634.37 sec. (1229280.46 ticks, tree = 45.12 MB, solutions = 1)
 164893 18047     5438.8713   219     5440.0000     5436.1382  6868801    0.07%  x(c26_4_c12_4) N 164893 152520     39
 165635 17609        cutoff           5440.0000     5436.2362  6881865    0.07%   x(c7_1_c27_1) D 165635 160677     23
 166383 17169     5438.1879   226     5440.0000     5436.3258  6895175    0.07%     x(Op_c37_1) N 166383 131322     18
 167119 16764     5437.4677   199     5440.0000     5436.4025  6908502    0.07%    x(c2_2_c3_2) N 167119 166356     59
 167842 16338        cutoff           5440.0000     5436.4942  6922174    0.06%  x(c21_4_c34_4) D 167842  66271     15
 168583 15866        cutoff           5440.0000     5436.5714  6936193    0.06%   x(c31_2_c9_2) U 168583 150871     15
 169313 15411        cutoff           5440.0000     5436.6604  6949984    0.06%  x(c35_1_c39_1) U 169313   1380    103
 170068 14896     5436.7814   222     5440.0000     5436.7554  6962949    0.06%  x(c37_1_c18_1) N 170068  65534     16
 170838 14395        cutoff           5440.0000     5436.8449  6975151    0.06%  x(c11_2_c27_2) U 170838 145794     25
 171625 13857    infeasible           5440.0000     5436.9475  6986813    0.06%  x(c25_4_c22_4) U 171625 171624     56
Elapsed time = 650.25 sec. (1267469.29 ticks, tree = 34.33 MB, solutions = 1)
 172362 13298        cutoff           5440.0000     5437.0000  7000691    0.06%  x(c11_2_c25_2) U 172362   6096     77
 173096 12772     5438.1253   211     5440.0000     5437.0622  7013932    0.05%  x(c40_1_c41_1) N 173096  94970     22
 173880 12235        cutoff           5440.0000     5437.1471  7025868    0.05%  x(c13_1_c20_1) U 173880 133827     73
 174653 11689        cutoff           5440.0000     5437.2385  7037925    0.05%      x(c2_2_Om) D 174653  38662     18
 175439 11127     5438.0000   210     5440.0000     5437.3333  7049687    0.05%  x(c40_1_c39_1) N 175439  86377     23
 176213 10591     5437.4421   173     5440.0000     5437.4260  7061410    0.05%  x(c18_4_c38_4) N 176213 175489     70
 177019 10013        cutoff           5440.0000     5437.5204  7072332    0.05%   x(c14_1_c7_1) U 177019  88900     42
 177820  9443        cutoff           5440.0000     5437.6137  7083308    0.04%  x(c30_1_c40_1) U 177820  50538     39
 178619  8824        cutoff           5440.0000     5437.7143  7094275    0.04%  x(c10_1_c41_1) U 178619 147204     51
 179423  8198     5438.3176   176     5440.0000     5437.8179  7105268    0.04%  x(c40_4_c25_4) N 179423 173170     23
Elapsed time = 665.58 sec. (1305649.29 ticks, tree = 20.87 MB, solutions = 1)
 180259  7525        cutoff           5440.0000     5437.9245  7115302    0.04%  x(c11_2_c24_2) U 180259 119711     28
 181129  6804     5438.0400   207     5440.0000     5438.0261  7124591    0.04%  x(c12_4_c13_4) N 181129 146937     35
 181979  6106        cutoff           5440.0000     5438.1223  7134224    0.03%   x(c27_1_c6_1) D 181979 155998     15
 182848  5384        cutoff           5440.0000     5438.2278  7142685    0.03%   x(c9_2_c26_2) U 182848  12751     84
 183716  4633        cutoff           5440.0000     5438.3333  7151312    0.03%  x(c40_4_c23_4) D 183716 175431     14
 184610  3836        cutoff           5440.0000     5438.4501  7158893    0.03%   x(c30_2_c9_2) D 184610  87061     15
 185519  3019        cutoff           5440.0000     5438.5628  7166258    0.03%   x(c11_2_c5_2) D 185519 183328     36
 186428  2192        cutoff           5440.0000     5438.6886  7173321    0.02%  x(c21_4_c34_4) U 186428  32477     28
 187374  1305     5438.8263   189     5440.0000     5438.8170  7179127    0.02%  x(c12_4_c13_4) N 187374 151265     14
 188348   373        cutoff           5440.0000     5438.9547  7184132    0.02%  x(c11_1_c30_1) D 188348 158761     24
Elapsed time = 679.37 sec. (1343809.33 ticks, tree = 2.21 MB, solutions = 1)

Clique cuts applied:  41
Cover cuts applied:  216
Flow cuts applied:  4
Mixed integer rounding cuts applied:  25
Zero-half cuts applied:  7
Gomory fractional cuts applied:  10
User cuts applied:  680

Root node processing (before b&c):
  Real time             =    0.66 sec. (1481.66 ticks)
Sequential b&c:
  Real time             =  679.15 sec. (1347516.18 ticks)
                          ------------
Total (root+branch&cut) =  679.81 sec. (1348997.84 ticks)

