Version identifier: 22.1.0.0 | 2022-03-09 | 1a383f8ce
CPXPARAM_Preprocessing_Reduce                    0
CPXPARAM_Threads                                 1
CPXPARAM_Preprocessing_Reformulations            0
CPXPARAM_Emphasis_MIP                            2
CPXPARAM_TimeLimit                               7200
CPXPARAM_MIP_Tolerances_AbsMIPGap                0.98999999999999999
CPXPARAM_MIP_Limits_TreeMemory                   20000
Legacy callback                                  BbLUID
         Disabling repeat represolve because of lazy constraint/incumbent callback.
1 of 1 MIP starts provided solutions.
MIP start 'm1' defined initial solution with objective 20528.0000.
Tried aggregator 0 times.
Reduced MIP has 6066 rows, 5450 columns, and 32464 nonzeros.
Reduced MIP has 5288 binaries, 0 generals, 0 SOSs, and 0 indicators.
Presolve time = 0.00 sec. (1.73 ticks)
Probing time = 0.00 sec. (3.57 ticks)
Clique table members: 2263.
MIP emphasis: optimality.
MIP search method: traditional branch-and-cut.
Parallel mode: none, using 1 thread.
Root relaxation solution time = 0.01 sec. (14.07 ticks)

        Nodes                                         Cuts/
   Node  Left     Objective  IInf  Best Integer    Best Bound    ItCnt     Gap         Variable B NodeID Parent  Depth

*     0+    0                        20528.0000        0.0000           100.00%
      0     0    17348.5812   333    20528.0000    17348.5812      581   15.49%
      0     0    19523.2871   346    20528.0000      Cuts: 92      854    4.89%
      0     0    19918.1630   334    20528.0000      Cuts: 23      976    2.97%
      0     0    20085.0321   336    20528.0000      Cuts: 20     1059    2.16%
      0     0    20199.0000   330    20528.0000       Cuts: 7     1111    1.60%
      0     0    20306.5221   345    20528.0000      Cuts: 18     1182    1.08%
      0     0    20318.0000   333    20528.0000      Cuts: 11     1226    1.02%
      0     0    20329.0000   337    20528.0000       Cuts: 5     1246    0.97%
      0     0    20329.0000   344    20528.0000       Cuts: 4     1253    0.97%
      0     0    20329.0000   300    20528.0000   ZeroHalf: 1     1262    0.97%
      0     0    20329.0000   340    20528.0000   ZeroHalf: 4     1304    0.97%
*     0+    0                        20451.0000    20329.0000             0.60%
      0     0  -1.00000e+75     0    20451.0000    20329.0000     1304    0.60%
      0     2    20329.0000   313    20451.0000    20329.0000     1304    0.60%                        0             0
Elapsed time = 1.07 sec. (2521.49 ticks, tree = 0.01 MB, solutions = 2)
      1     3    20329.0000   335    20451.0000    20340.0000     1356    0.54%  x(c33_4_c26_4) D      1      0      1
      3     5    20385.0000   265    20451.0000    20352.0000     1626    0.48%  x(c26_4_c33_4) U      3      1      2
      4     5    20385.0207   283    20451.0000    20352.0000     1729    0.48%  x(c36_1_c11_1) U      4      3      3
      6     7    20385.0417   231    20451.0000    20352.0000     1883    0.48%  x(c15_2_c10_2) N      6      5      5
      7     8    20385.0666   291    20451.0000    20352.0000     1991    0.48%  x(c16_4_c13_4) D      7      6      6
     10    11    20386.0110   221    20451.0000    20352.0000     2059    0.48%   x(c43_1_c3_1) U     10      9      8
     15    14    20386.0291   247    20451.0000    20352.0000     2091    0.48%  x(c29_4_c11_4) D     15     14     13
     18    16    20386.4115   310    20451.0000    20352.0000     2212    0.48%  x(c48_4_c29_4) N     18     17     16
     20    17    20386.4564   298    20451.0000    20352.0000     2225    0.48%  x(c37_1_c15_1) D     20     19     18
     42    28    20352.0068   222    20451.0000    20352.0000     3231    0.48%  x(c21_4_c22_4) D     42     41      7
Elapsed time = 3.96 sec. (8975.79 ticks, tree = 0.13 MB, solutions = 2)
     68    52    20352.4012   323    20451.0000    20352.0000     3692    0.48%  x(c32_4_c26_4) D     68     67     32
    111    87    20353.6750   278    20451.0000    20352.0000     4120    0.48%  x(c37_4_c10_4) N    111    110     75
    158   124    20352.1954   205    20451.0000    20352.0000     4964    0.48%   x(c26_4_c7_4) D    158    157     22
    249   210    20352.8298   315    20451.0000    20352.0000     6324    0.48%  x(c46_1_c47_1) D    249    248     54
    324   283    20352.5388   298    20451.0000    20352.0061     7930    0.48%  x(c46_1_c23_1) D    324    323     54
    379   334    20352.5090   222    20451.0000    20352.0062     9858    0.48%   x(c9_4_c21_4) N    379    275      6
    450   404    20352.5516   332    20451.0000    20352.1192    11407    0.48%  x(c43_1_c37_1) N    450    449     38
    483   435    20361.1803   273    20451.0000    20352.3127    15502    0.48%  x(c31_1_c10_1) U    483    310     41
    518   466        cutoff          20451.0000    20352.7699    21244    0.48%  x(c30_1_c45_1) U    518    173     38
    542   480    20387.7268   278    20451.0000    20353.1559    26821    0.48%  x(c31_1_c10_1) U    542    211     17
Elapsed time = 8.88 sec. (18797.96 ticks, tree = 1.68 MB, solutions = 2)
    584   516    20354.2011   245    20451.0000    20353.5544    32466    0.48%  x(c33_4_c17_4) D    584    583     29
    701   629    20354.4477   314    20451.0000    20353.7580    35827    0.48%     x(c44_1_Om) D    701    700     38
    821   741    20443.5000   209    20451.0000    20353.9179    38384    0.47%  x(c21_4_c32_4) U    821    674     24
    886   797    20410.2339   272    20451.0000    20354.2580    42193    0.47%   x(c3_1_c25_1) U    886    311     42
    995   901    20361.0210   126    20451.0000    20354.5000    46753    0.47%  x(c26_4_c22_4) U    995    209     15
   1000   905    20354.6231   229    20451.0000    20354.5521    47213    0.47%  x(c16_4_c13_4) D   1000    999     51
   1135  1030    20443.2669   263    20451.0000    20354.7144    50691    0.47%  x(c13_2_c48_2) N   1135    264     70
   1227  1112    20372.0993   286    20451.0000    20354.8678    54263    0.47%  x(c18_2_c47_2) N   1227    676     26
   1288  1168    20355.5599   272    20451.0000    20355.0170    58939    0.47%   x(c7_4_c41_4) D   1288   1287     50
   1461  1336    20381.1830   310    20451.0000    20355.0489    61969    0.47%  x(c31_1_c10_1) U   1461    869     33
Elapsed time = 14.42 sec. (29346.76 ticks, tree = 4.15 MB, solutions = 2)
   1566  1431    20426.3399   264    20451.0000    20355.2941    67990    0.47%  x(c32_2_c22_2) U   1566    175     40
   1619  1468    20401.0115   268    20451.0000    20355.5279    73690    0.47%   x(c5_2_c33_2) U   1619   1617     32
   1696  1538    20441.0019   305    20451.0000    20355.8209    79273    0.47%  x(c18_2_c26_2) N   1696    325     56
   1797  1627    20356.7255   288    20451.0000    20356.0063    83502    0.46%  x(c46_2_c23_2) D   1797   1796     94
   1927  1754    20439.5157   301    20451.0000    20356.0835    87142    0.46%  x(c15_2_c10_2) D   1927    791     64
   2030  1854    20356.8982   280    20451.0000    20356.2448    91735    0.46%  x(c23_1_c19_1) D   2030   2029     89
   2109  1915    20357.1869   293    20451.0000    20356.4254    96256    0.46%   x(c48_2_c6_2) N   2109   2108     84
   2182  1976    20357.2249   319    20451.0000    20356.6683   101942    0.46%   x(c22_4_c9_4) D   2182   1463     12
   2275  2041    20358.3626   217    20451.0000    20356.9099   107876    0.46%  x(c23_2_c43_2) D   2275   2273     29
   2387  2133    20384.3454   210    20451.0000    20357.0435   113476    0.46%  x(c10_4_c33_4) D   2387   1603     38
Elapsed time = 19.94 sec. (39003.16 ticks, tree = 6.65 MB, solutions = 2)
   2512  2240    20357.5576   222    20451.0000    20357.2408   118407    0.46%   x(c36_2_c6_2) D   2512   2511     93
   2650  2359    20360.2677   255    20451.0000    20357.3664   123323    0.46%  x(c23_2_c43_2) U   2650   2649    109
   2790  2473    20441.7637   250    20451.0000    20357.6432   128732    0.46%  x(c43_2_c47_2) U   2790   2170     73
   2907  2566    20374.4871   305    20451.0000    20357.8169   134440    0.46%  x(c43_1_c45_1) U   2907   2549     38
   2991  2626    20420.2169   206    20451.0000    20358.0000   140182    0.45%   x(c9_4_c48_4) U   2991   1859     23
   3149  2754    20358.1741   286    20451.0000    20358.1359   145477    0.45%  x(c26_4_c12_4) D   3149   2457     65
   3338  2930    20358.6247   293    20451.0000    20358.1892   150480    0.45%  x(c22_2_c26_2) D   3338   3337     63
   3538  3129    20358.7276   291    20451.0000    20358.2370   154735    0.45%   x(c22_4_c9_4) D   3538   3537     67
   3714  3290    20383.7367   287    20451.0000    20358.2971   159614    0.45%  x(c45_1_c43_1) U   3714   3570     31
   3827  3378    20425.7747   258    20451.0000    20358.5000   165410    0.45%   x(c5_2_c33_2) U   3827    678     15
Elapsed time = 25.59 sec. (48659.28 ticks, tree = 10.19 MB, solutions = 2)
   3914  3449    20372.0129   279    20451.0000    20358.6209   171393    0.45%  x(c43_1_c45_1) U   3914    835     19
   4000  3509    20359.6874   274    20451.0000    20358.7933   175879    0.45%  x(c46_1_c47_1) D   4000   3999     60
   4117  3609    20447.5992   274    20451.0000    20358.9436   181700    0.45%  x(c47_2_c43_2) U   4117   3247     59
   4184  3654        cutoff          20451.0000    20359.0093   186565    0.45%  x(c18_2_c26_2) U   4184   1422     56
   4340  3789    20440.7003   275    20451.0000    20359.1427   191788    0.45%   x(c13_4_c7_4) N   4340   1842     86
   4428  3854    20430.2066   284    20451.0000    20359.2420   197302    0.45%  x(c18_2_c47_2) U   4428   3542     72
   4608  4013    20359.7896   332    20451.0000    20359.3294   202008    0.45%  x(c18_1_c43_1) D   4608   4607     71
   4757  4145    20384.3723   240    20451.0000    20359.4806   207135    0.45%   x(c13_4_c7_4) U   4757   1758     32
   4850  4227    20360.0913   290    20451.0000    20359.5817   212658    0.45%  x(c23_1_c18_1) D   4850   4849    107
   4988  4347    20426.5776   255    20451.0000    20359.7267   218208    0.45%  x(c43_2_c38_2) U   4988   2878     88
Elapsed time = 32.42 sec. (61694.66 ticks, tree = 13.20 MB, solutions = 2)
   5000  4359    20387.6410   217    20451.0000    20359.7332   218970    0.45%  x(c43_1_c45_1) U   5000   4582     46
   5130  4464    20360.1306   284    20451.0000    20359.9168   224615    0.45%   x(c46_1_c7_1) D   5130   5129     83
   5204  4524    20386.2930   215    20451.0000    20360.0000   229629    0.44%  x(c43_1_c45_1) U   5204   5202     25
   5462  4754        cutoff          20451.0000    20360.0519   233382    0.44%  x(c46_1_c44_1) U   5462   2824     84
   5617  4868    20360.1916   276    20451.0000    20360.1417   238359    0.44%  x(c29_4_c16_4) D   5617   5616     76
   5750  4971    20360.4959   235    20451.0000    20360.2591   243936    0.44%  x(c48_4_c26_4) D   5750   5749     51
   5884  5083    20412.4260   305    20451.0000    20360.3709   249471    0.44%  x(c43_1_c47_1) U   5884   1675     46
   6034  5202    20360.7129   322    20451.0000    20360.5017   254339    0.44%   x(c23_1_c3_1) D   6034   6033     64
   6154  5297    20408.6531   281    20451.0000    20360.6210   259990    0.44%   x(c23_1_c3_1) U   6154   6033     64
   6316  5434    20405.3750   158    20451.0000    20360.7415   264888    0.44%   x(c16_5_c7_5) D   6316   4477     78
Elapsed time = 39.28 sec. (74755.85 ticks, tree = 16.35 MB, solutions = 2)
   6455  5555    20361.7460   180    20451.0000    20360.8559   270128    0.44%  x(c23_1_c25_1) D   6455   6454    107
   6560  5633    20361.7266   274    20451.0000    20360.9648   276107    0.44%  x(c36_2_c26_2) D   6560   6559     64
   6656  5699    20399.0474   254    20451.0000    20361.0000   282636    0.44%  x(c46_2_c23_2) U   6656   2423     63
   6732  5729    20400.9391   249    20451.0000    20361.0000   289118    0.44%  x(c23_1_c25_1) D   6732   6731     83
   6799  5741    20442.2500   192    20451.0000    20361.0080   295298    0.44%  x(c10_4_c37_4) U   6799   4480     13
   6968  5884    20361.1748   219    20451.0000    20361.0599   300450    0.44%  x(c18_1_c47_1) D   6968   6967     82
   7100  5985    20441.2302   175    20451.0000    20361.1913   306007    0.44%  x(c29_4_c16_4) U   7100   5429     50
   7207  6065    20365.7818   291    20451.0000    20361.3336   311947    0.44%  x(c48_4_c11_4) D   7207   2486     24
   7330  6164    20361.6803   180    20451.0000    20361.4608   317351    0.44%  x(c47_4_c10_4) D   7330   7329     68
   7544  6350    20399.6530   282    20451.0000    20361.5348   322211    0.44%     x(Op_c44_1) D   7544   5013     92
Elapsed time = 44.77 sec. (84379.42 ticks, tree = 19.02 MB, solutions = 2)
   7669  6447    20395.8339   257    20451.0000    20361.6264   327516    0.44%  x(c31_2_c10_2) U   7669   3480     54
   7789  6507    20416.0063   252    20451.0000    20361.7547   333165    0.44%  x(c10_4_c37_4) U   7789   5193     18
   7889  6562    20362.7148   224    20451.0000    20361.8807   338812    0.44%     x(c48_5_Om) D   7889   7888     75
   7975  6607    20418.3526   163    20451.0000    20361.9881   344930    0.44%  x(c47_4_c26_4) U   7975   5743     45
   8019  6582        cutoff          20451.0000    20362.0000   351497    0.44%  x(c36_2_c26_2) U   8019    723     24
   8059  6582        cutoff          20451.0000    20362.0642   357970    0.43%  x(c32_4_c21_4) U   8059   3522     52
   8217  6721    20396.8267   212    20451.0000    20362.1396   363447    0.43%   x(c41_4_c7_4) U   8217   8215     63
   8400  6894    20362.9486   255    20451.0000    20362.1857   367494    0.43%  x(c48_4_c26_4) D   8400   8399     91
   8530  6976    20371.1957   271    20451.0000    20362.3086   373261    0.43%   x(c9_4_c17_4) U   8530   8168     17
   8610  7002    20409.3275   274    20451.0000    20362.4294   379284    0.43%  x(c26_4_c16_4) N   8610   2616     20
Elapsed time = 50.32 sec. (94124.55 ticks, tree = 20.89 MB, solutions = 2)
   8713  7074    20362.6757   214    20451.0000    20362.5602   385063    0.43%  x(c35_1_c45_1) D   8713   8712     82
   8780  7098    20362.7165   265    20451.0000    20362.6721   391689    0.43%  x(c18_2_c47_2) D   8780   8779     62
   8920  7208    20363.6101   289    20451.0000    20362.7864   396966    0.43%  x(c26_2_c46_2) D   8920   8919     64
   9000  7265    20438.0375   177    20451.0000    20362.8595   400338    0.43%  x(c35_4_c45_4) U   9000   1205    118
   9099  7311        cutoff          20451.0000    20363.0000   406266    0.43%   x(c21_4_c5_4) U   9099   3275     41
   9152  7344    20387.5106   168    20451.0000    20363.0694   412905    0.43%  x(c47_4_c34_4) N   9152   5644     26
   9275  7430    20363.9333   267    20451.0000    20363.1980   418942    0.43%  x(c18_1_c25_1) D   9275   9274    109
   9327  7446    20379.3704   233    20451.0000    20363.3380   425646    0.43%   x(c3_1_c25_1) D   9327   8316     48
   9409  7464        cutoff          20451.0000    20363.5000   432133    0.43%  x(c15_2_c18_2) U   9409   3496     70
   9768  7658    20414.6275   171    20451.0000    20364.0000   456444    0.43%  x(c37_1_c15_1) U   9768   7136     49
Elapsed time = 58.80 sec. (110018.30 ticks, tree = 22.88 MB, solutions = 2)
  10158  7825        cutoff          20451.0000    20364.4259   479594    0.42%  x(c34_4_c18_4) U  10158   5532     59
  10581  8030    20365.7404   291    20451.0000    20365.0442   502726    0.42%  x(c12_4_c37_4) D  10581  10580     63
  10993  8238    20420.9916   220    20451.0000    20365.7008   525954    0.42%  x(c33_2_c15_2) U  10993   8322     54
  11349  8316    20391.0897   219    20451.0000    20366.3752   549462    0.41%     x(c44_1_Om) U  11349   8046     21
  11742  8297    20421.7048   256    20451.0000    20367.0000   573010    0.41%  x(c15_2_c12_2) N  11742   1419     53
  12117  8386        cutoff          20451.0000    20367.9479   596576    0.41%  x(c46_1_c23_1) U  12117   3296     62
  12588  8574    20371.0369   122    20451.0000    20369.0000   618939    0.40%   x(c26_4_c9_4) U  12588    833     17
  12888  8521    20370.0901   230    20451.0000    20369.2955   642853    0.40%  x(c26_2_c48_2) D  12888  12887     74
  13230  8546    20439.1667   221    20451.0000    20370.0277   666352    0.40%  x(c18_2_c47_2) U  13230   2917     37
  13609  8598        cutoff          20451.0000    20371.5979   690260    0.39%   x(c7_4_c16_4) U  13609   6111     48
Elapsed time = 80.03 sec. (148280.38 ticks, tree = 25.90 MB, solutions = 2)
  14174  8940    20443.7022   248    20451.0000    20372.4576   710746    0.38%  x(c21_4_c32_4) U  14174   6147     37
  14612  9173    20373.6378   294    20451.0000    20373.2938   733592    0.38%   x(c13_4_c7_4) D  14612  14611     43
  15278  9673        cutoff          20451.0000    20374.0689   753716    0.38%  x(c32_4_c26_4) U  15278  13943     23
  15799  9804    20374.8088   204    20451.0000    20374.6055   775792    0.37%   x(c5_2_c31_2) D  15799  15798     90
  16354 10171    20375.2659   243    20451.0000    20375.2609   797269    0.37%  x(c29_4_c48_4) D  16354  16353     28
  16798 10352        cutoff          20451.0000    20376.0000   820783    0.37%  x(c48_4_c26_4) U  16798   8682     52
  17224 10330    20386.0740   185    20451.0000    20376.2077   842710    0.37%   x(c7_4_c13_4) U  17224  17222     58
  17598 10495    20376.8767   220    20451.0000    20376.8632   865606    0.36%  x(c46_1_c23_1) N  17598  16715     68
  17920 10431        cutoff          20451.0000    20377.0000   889095    0.36%  x(c26_2_c22_2) U  17920   5576     34
  18339 10602    20440.7216   246    20451.0000    20377.4527   912210    0.36%  x(c21_4_c32_4) U  18339  18337     56
Elapsed time = 101.28 sec. (186479.40 ticks, tree = 31.73 MB, solutions = 2)
  18727 10648    20378.0943   211    20451.0000    20378.0335   935103    0.36%  x(c38_4_c30_4) D  18727  18726     26
  19174 10857    20379.1651   204    20451.0000    20378.7991   957625    0.35%  x(c13_4_c29_4) D  19174  18488     93
  19593 11036    20425.3333   187    20451.0000    20379.5860   980839    0.35%   x(c9_4_c22_4) U  19593  14054     23
  19923 11212    20380.6448   159    20451.0000    20380.0517   997049    0.35%  x(c36_5_c21_5) D  19923  19922     98
  20314 11439    20380.7906   217    20451.0000    20380.4487  1017967    0.34%  x(c31_2_c15_2) D  20314  20313     84
  20784 11643    20381.1199   224    20451.0000    20381.0918  1039920    0.34%  x(c26_4_c48_4) D  20784  20783     48
  21250 11892    20414.1443   317    20451.0000    20381.6781  1061810    0.34%   x(c9_4_c26_4) N  21250    272      7
  21614 12111    20382.3426   271    20451.0000    20382.0000  1081370    0.34%   x(c6_2_c26_2) N  21614  21612     11
  21963 12329    20382.7053   255    20451.0000    20382.4152  1103461    0.34%   x(c13_4_c7_4) N  21963  21962     47
  22250 12439        cutoff          20451.0000    20382.8113  1126977    0.33%  x(c26_4_c21_4) U  22250  20412     59
Elapsed time = 122.00 sec. (224723.00 ticks, tree = 37.14 MB, solutions = 2)
  22536 12506    20412.6544   245    20451.0000    20383.0000  1151304    0.33%  x(c19_1_c43_1) N  22536   8272     53
  22740 12555    20439.1013   173    20451.0000    20383.0569  1175923    0.33%  x(c18_4_c23_4) N  22740  22155     38
  23149 12772    20425.5000   181    20451.0000    20383.5121  1197969    0.33%  x(c16_5_c36_5) U  23149  22766     39
  23578 13011    20384.0896   165    20451.0000    20383.8944  1220009    0.33%  x(c18_4_c34_4) D  23578  23577     40
  24000 13268    20384.9375   155    20451.0000    20384.2143  1242335    0.33%   x(c7_5_c44_5) N  24000  23999     31
  24398 13518    20384.7179   234    20451.0000    20384.5000  1264534    0.33%  x(c45_1_c35_1) D  24398  24397     93
  24834 13776    20445.0285   234    20451.0000    20384.8538  1286045    0.32%  x(c23_1_c18_1) D  24834  24281     41
  25247 14042    20397.7857   262    20451.0000    20385.0690  1308586    0.32%   x(c43_1_c3_1) U  25247      7      7
  25722 14328    20413.2714   263    20451.0000    20385.4243  1330482    0.32%  x(c46_2_c23_2) N  25722  25055     62
  26000 14490    20393.8496   230    20451.0000    20385.5819  1342304    0.32%  x(c13_4_c16_4) U  26000  25587     34
Elapsed time = 147.74 sec. (274241.72 ticks, tree = 43.00 MB, solutions = 2)
  26410 14708    20447.7525   201    20451.0000    20385.8752  1364326    0.32%  x(c29_4_c11_4) U  26410  24687     47
  26879 14724    20409.8022   265    20451.0000    20386.0625  1385871    0.32%  x(c37_4_c10_4) N  26879  20237     14
  27310 14941    20418.9531   305    20451.0000    20386.3495  1409074    0.32%      x(c7_4_Om) N  27310  26841     22
  27782 15205        cutoff          20451.0000    20386.6293  1431046    0.31%   x(c26_4_c9_4) U  27782  26858     65
  28204 15380    20418.3363   257    20451.0000    20386.9446  1453476    0.31%   x(c9_4_c11_4) N  28204  19125     48
  28718 15673    20387.4054   249    20451.0000    20387.2463  1474875    0.31%  x(c33_2_c22_2) D  28718  28717     29
  29186 15885    20396.5322   283    20451.0000    20387.5324  1496590    0.31%   x(c13_4_c7_4) U  29186  28543     62
  29628 16088    20406.5031   268    20451.0000    20387.8313  1519010    0.31%   x(c16_5_c7_5) U  29628  27576     38
  30088 16352        cutoff          20451.0000    20388.1266  1540655    0.31%  x(c47_1_c43_1) U  30088  28214     46
  30527 16558    20416.0286   153    20451.0000    20388.4119  1562962    0.31%   x(c36_5_c6_5) U  30527  30339     37
Elapsed time = 168.79 sec. (312566.35 ticks, tree = 49.63 MB, solutions = 2)
  30888 16689    20417.9864   262    20451.0000    20388.7301  1586638    0.30%   x(c37_5_c2_5) N  30888  25912     42
  31306 16955        cutoff          20451.0000    20388.9701  1610218    0.30%  x(c26_2_c36_2) U  31306  27554     58
  31717 16677        cutoff          20451.0000    20389.0054  1631313    0.30%  x(c15_2_c33_2) U  31717  31267     55
  32067 16778        cutoff          20451.0000    20389.3266  1655971    0.30%  x(c37_2_c15_2) U  32067  15312     69
  32461 16937    20393.2220   259    20451.0000    20389.5714  1679265    0.30%   x(c6_2_c26_2) D  32461  27786     37
  32826 17039    20433.5078   152    20451.0000    20389.8643  1702411    0.30%   x(c6_5_c11_5) N  32826  32824     63
  33165 17172    20390.1856   182    20451.0000    20390.1620  1725823    0.30%  x(c15_1_c37_1) N  33165  31288     76
  33550 17323        cutoff          20451.0000    20390.4355  1748174    0.30%  x(c23_4_c47_4) U  33550   8496     65
  34006 17501    20390.8139   345    20451.0000    20390.7560  1770379    0.29%  x(c22_4_c26_4) D  34006  34005     55
  34322 17551    20445.5077   165    20451.0000    20391.0000  1793887    0.29%  x(c30_4_c38_4) N  34322   5219     40
Elapsed time = 189.38 sec. (350877.65 ticks, tree = 52.51 MB, solutions = 2)
  34679 17376    20430.9199   240    20451.0000    20391.0760  1815382    0.29%  x(c41_4_c23_4) U  34679  34677     68
  35037 17494    20427.5102   232    20451.0000    20391.3586  1838161    0.29%  x(c18_2_c26_2) N  35037   7643     57
  35485 17721    20394.4167   105    20451.0000    20391.5924  1859771    0.29%  x(c47_4_c23_4) D  35485  35484     21
  35838 17886        cutoff          20451.0000    20391.8361  1882963    0.29%  x(c36_2_c22_2) U  35838   8973     43
  36220 18034    20392.3518   242    20451.0000    20392.1102  1905849    0.29%  x(c37_4_c12_4) D  36220  36219     43
  36653 18263    20405.9628   249    20451.0000    20392.3164  1927919    0.29%  x(c43_1_c23_1) N  36653  31928     57
  37038 18502    20430.3009   346    20451.0000    20392.4636  1950414    0.29%  x(c23_1_c18_1) D  37038  30321     17
  37411 18631    20446.8865   261    20451.0000    20392.6964  1973050    0.29%  x(c30_1_c43_1) D  37411  34890     60
  37810 18791    20394.0059   192    20451.0000    20392.9466  1995569    0.28%  x(c43_1_c23_1) D  37810  37809     52
  38305 18594        cutoff          20451.0000    20393.0000  2014882    0.28%  x(c45_4_c37_4) U  38305   4638    102
Elapsed time = 209.99 sec. (389120.18 ticks, tree = 55.62 MB, solutions = 2)
  38668 18767    20440.8493   185    20451.0000    20393.1958  2037991    0.28%  x(c38_4_c35_4) D  38668   5852     92
  38979 18842    20414.0692   187    20451.0000    20393.4286  2061646    0.28%  x(c19_1_c43_1) U  38979   9831     22
  39382 18986    20449.0467   203    20451.0000    20393.6858  2083470    0.28%  x(c19_1_c43_1) D  39382  35930     62
  39795 19148        cutoff          20451.0000    20393.9621  2105780    0.28%  x(c36_2_c26_2) U  39795     21     20
  40116 19302    20397.2903   291    20451.0000    20394.1676  2129018    0.28%  x(c23_1_c25_1) N  40116  27842     10
  40533 19520    20394.4341   188    20451.0000    20394.3410  2151418    0.28%  x(c45_1_c35_1) D  40533  40532     75
  40996 19773    20411.7389   249    20451.0000    20394.5503  2171727    0.28%  x(c45_1_c43_1) N  40996  37117     17
  41339 19885    20449.8842   265    20451.0000    20394.7944  2196374    0.27%  x(c43_1_c47_1) U  41339  35939     32
  41701 20024    20405.5629   253    20451.0000    20395.0239  2222410    0.27%  x(c37_4_c10_4) D  41701  33003     41
  42127 20170    20406.8125   156    20451.0000    20395.2863  2246061    0.27%  x(c23_1_c25_1) U  42127  32847     35
Elapsed time = 230.75 sec. (427387.59 ticks, tree = 60.23 MB, solutions = 2)
  42460 20286    20423.1495   261    20451.0000    20395.5182  2271087    0.27%     x(c16_4_Om) N  42460   4835     42
  42880 20451    20396.2848   212    20451.0000    20395.7721  2294982    0.27%  x(c47_4_c23_4) D  42880  42879     43
  43304 20618        cutoff          20451.0000    20395.9904  2318872    0.27%   x(c9_4_c11_4) D  43304  39127     31
  43708 20606    20428.0625   147    20451.0000    20396.1992  2343073    0.27%  x(c10_1_c31_1) U  43708  39875     37
  44101 20741    20396.7684   176    20451.0000    20396.4359  2367132    0.27%  x(c29_4_c11_4) D  44101  44100     48
  44531 20915    20397.1894   194    20451.0000    20396.6710  2390911    0.27%  x(c26_2_c36_2) D  44531  44530     32
  44979 21118    20444.0810   197    20451.0000    20396.9042  2414751    0.26%  x(c26_2_c22_2) U  44979  37824     31
  45370 21260    20398.2731   199    20451.0000    20397.1323  2439279    0.26%  x(c32_4_c21_4) D  45370  45369     50
  45796 21390    20426.7703   249    20451.0000    20397.3993  2464227    0.26%  x(c33_2_c15_2) N  45796  37684     16
  46167 21520        cutoff          20451.0000    20397.6381  2489684    0.26%     x(c44_1_Om) D  46167  33136     51
Elapsed time = 251.65 sec. (465597.30 ticks, tree = 64.40 MB, solutions = 2)
  46560 21653    20400.2048   256    20451.0000    20397.8915  2514817    0.26%   x(c9_4_c11_4) N  46560  43591     42
  46952 21777        cutoff          20451.0000    20398.1667  2538849    0.26%  x(c47_4_c23_4) U  46952  29053     46
  47000 21793    20432.6037   299    20451.0000    20398.2137  2542441    0.26%  x(c16_4_c13_4) U  47000  44252     22
  47356 21898    20443.9285   232    20451.0000    20398.4667  2565484    0.26%  x(c26_2_c22_2) U  47356  43218     56
  47794 22012        cutoff          20451.0000    20398.7748  2589094    0.26%  x(c26_4_c21_4) U  47794  28897     46
  48225 22075        cutoff          20451.0000    20399.0714  2612849    0.25%   x(c21_5_c8_5) U  48225  38457     59
  48600 22165    20400.7700   126    20451.0000    20399.3537  2637344    0.25%  x(c16_4_c13_4) U  48600  48598     66
  48938 22233    20399.6487   282    20451.0000    20399.6333  2662069    0.25%  x(c47_4_c26_4) D  48938  30661     44
  49330 22365    20399.9691   174    20451.0000    20399.9256  2686796    0.25%  x(c31_2_c10_2) D  49330  49329     52
  49781 22549    20418.2056   245    20451.0000    20400.2188  2709902    0.25%   x(c7_4_c16_4) N  49781  26630     36
Elapsed time = 272.73 sec. (505862.45 ticks, tree = 67.54 MB, solutions = 2)
  50158 22664    20400.5044   202    20451.0000    20400.4728  2734837    0.25%  x(c30_1_c43_1) D  50158  38653     56
  50551 22786    20400.7675   257    20451.0000    20400.7332  2759208    0.25%  x(c47_1_c43_1) D  50551  50550     44
  50954 22882    20401.2515    81    20451.0000    20401.0001  2783128    0.24%  x(c26_5_c21_5) D  50954  50953     23
  51305 23023    20409.1218   309    20451.0000    20401.2281  2807685    0.24%   x(c3_1_c25_1) N  51305  51137     19
  51714 23097        cutoff          20451.0000    20401.5315  2831603    0.24%   x(c23_5_c3_5) U  51714  51712     41
  52136 23218    20402.1331   239    20451.0000    20401.7525  2855670    0.24%  x(c36_2_c26_2) D  52136  52134     18
  52514 23314    20402.0385    29    20451.0000    20402.0000  2880242    0.24%  x(c17_5_c21_5) U  52514  52512     19
  52929 23476        cutoff          20451.0000    20402.2400  2904831    0.24%   x(c9_4_c22_4) U  52929  52927     42
  53334 23649    20443.0345   182    20451.0000    20402.4441  2929917    0.24%  x(c46_1_c44_1) U  53334  51361     18
  53719 23773        cutoff          20451.0000    20402.7000  2953786    0.24%  x(c10_4_c33_4) U  53719  50353     55
Elapsed time = 293.51 sec. (544077.56 ticks, tree = 71.19 MB, solutions = 2)
  54000 23914    20432.2017   273    20451.0000    20402.8060  2969522    0.24%  x(c15_2_c10_2) D  54000  36654     16
  54452 23853        cutoff          20451.0000    20403.0000  2992221    0.23%  x(c43_2_c37_2) U  54452   2006     66
  54846 23960    20440.2954   281    20451.0000    20403.2242  3015936    0.23%     x(c16_4_Om) D  54846   3117     33
  55306 24244    20449.9263    39    20451.0000    20403.3689  3039512    0.23%  x(c22_2_c26_2) U  55306  51803     37
  55800 24503    20403.5922   216    20451.0000    20403.5600  3062818    0.23%  x(c15_2_c37_2) D  55800  55799     51
  56257 24663        cutoff          20451.0000    20403.7800  3086019    0.23%   x(c7_4_c16_4) U  56257  15126     49
  56666 24843    20449.6300   256    20451.0000    20403.9934  3110449    0.23%  x(c30_4_c38_4) U  56666  56665     95
  57089 25039    20411.3421   239    20451.0000    20404.1592  3134645    0.23%  x(c37_4_c12_4) D  57089   9766     29
  57516 25190    20419.8639   292    20451.0000    20404.3644  3158453    0.23%   x(c37_5_c2_5) N  57516  33042     37
  57944 25274    20428.9301   238    20451.0000    20404.5427  3181443    0.23%  x(c47_4_c26_4) N  57944  43816     28
Elapsed time = 316.38 sec. (587106.62 ticks, tree = 75.61 MB, solutions = 2)
  58404 25474    20404.7369   266    20451.0000    20404.7369  3204785    0.23%  x(c16_4_c13_4) U  58404  54670     16
  58850 25666    20436.1668   193    20451.0000    20404.9441  3228950    0.23%  x(c33_2_c15_2) U  58850  53984     18
  59376 25460        cutoff          20451.0000    20405.0000  3249555    0.22%  x(c33_2_c32_2) U  59376   6234     81
  59816 25241    20426.6917   145    20451.0000    20405.0382  3270304    0.22%  x(c15_2_c10_2) D  59816  22233     23
  60263 25390    infeasible          20451.0000    20405.2433  3293606    0.22%  x(c46_5_c34_5) D  60263  60261     37
  60669 25573    20405.7350   211    20451.0000    20405.3998  3317276    0.22%  x(c47_4_c34_4) D  60669  60668     30
  61109 25762    20449.4859   228    20451.0000    20405.5657  3340394    0.22%  x(c31_2_c10_2) N  61109  20835     86
  61584 25934    20406.4779   169    20451.0000    20405.7809  3363123    0.22%   x(c6_5_c36_5) D  61584  61583     30
  61974 26071        cutoff          20451.0000    20405.9401  3386325    0.22%  x(c47_2_c43_2) U  61974  36863     45
  62393 26219    20428.1573   224    20451.0000    20406.0845  3410061    0.22%   x(c8_5_c26_5) N  62393  46131     31
Elapsed time = 336.86 sec. (625310.07 ticks, tree = 78.36 MB, solutions = 2)
  62856 26390    20406.3104   228    20451.0000    20406.2780  3432973    0.22%  x(c47_1_c43_1) D  62856  62855     31
  63272 26567    20440.3930   297    20451.0000    20406.4522  3457372    0.22%  x(c36_2_c26_2) N  63272  12296     77
  63723 26734    20431.1429   143    20451.0000    20406.6106  3481008    0.22%      x(c7_2_Om) U  63723  45982     34
  64123 26855    20421.5978   211    20451.0000    20406.7869  3504294    0.22%   x(c7_4_c16_4) N  64123  29389     76
  64592 27035    20446.7727   251    20451.0000    20406.9401  3527131    0.22%  x(c23_1_c18_1) N  64592  12726     43
  65052 27114    20443.4110   199    20451.0000    20407.1397  3550434    0.21%  x(c18_4_c34_4) N  65052  46171     21
  65427 27208        cutoff          20451.0000    20407.3330  3575076    0.21%  x(c47_4_c26_4) U  65427  29481     44
  65860 27322    20407.5316   210    20451.0000    20407.5316  3598561    0.21%   x(c34_4_c3_4) D  65860  64885     25
  66311 27470        cutoff          20451.0000    20407.7514  3621488    0.21%   x(c16_4_c9_4) U  66311  63330     35
  66774 27616    20408.1488   125    20451.0000    20407.9466  3643990    0.21%  x(c46_5_c34_5) D  66774  66772     62
Elapsed time = 357.48 sec. (663558.98 ticks, tree = 82.50 MB, solutions = 2)
  67251 27792        cutoff          20451.0000    20408.1070  3667037    0.21%  x(c26_4_c17_4) U  67251  30078     48
  67672 27867    20409.2497   232    20451.0000    20408.3040  3690579    0.21%  x(c45_1_c43_1) D  67672  63184     16
  68000 27926    20432.4123   167    20451.0000    20408.4769  3710704    0.21%   x(c37_5_c2_5) D  68000  28002     35
  68410 28057    20412.0707   153    20451.0000    20408.6688  3733991    0.21%   x(c11_5_c6_5) D  68410  68408     53
  68835 28150        cutoff          20451.0000    20408.8623  3757598    0.21%  x(c26_2_c46_2) U  68835  56958     37
  69270 28212    20445.4423   219    20451.0000    20409.0318  3780291    0.21%  x(c29_4_c16_4) U  69270  69268     96
  69717 28350    20425.5682   253    20451.0000    20409.2127  3803058    0.20%  x(c43_1_c45_1) U  69717  67865     23
  70208 28529        cutoff          20451.0000    20409.3831  3825627    0.20%  x(c46_1_c23_1) U  70208  64156     45
  70612 28604        cutoff          20451.0000    20409.5612  3848259    0.20%   x(c7_4_c16_4) U  70612  65383     50
  71052 28749    20409.7246   225    20451.0000    20409.7251  3870657    0.20%  x(c16_4_c13_4) N  71052  69372     66
Elapsed time = 381.26 sec. (709261.37 ticks, tree = 85.94 MB, solutions = 2)
  71456 28788        cutoff          20451.0000    20409.9437  3893559    0.20%  x(c13_2_c29_2) U  71456  34728     54
  71922 28837    20410.2900    83    20451.0000    20410.0240  3914944    0.20%  x(c37_4_c10_4) D  71922  71921     19
  72389 29033    20410.2946   200    20451.0000    20410.1346  3937495    0.20%  x(c47_4_c23_4) D  72389  72388     52
  72871 29172    20426.4734   213    20451.0000    20410.3129  3959694    0.20%  x(c14_5_c36_5) U  72871  72016     49
  73330 29300    20411.4085   237    20451.0000    20410.4883  3983152    0.20%   x(c3_1_c25_1) U  73330  22602     26
  73779 29456    20419.5833   176    20451.0000    20410.6357  4006773    0.20%   x(c41_4_c7_4) U  73779  58103     24
  74162 29504        cutoff          20451.0000    20410.8060  4029027    0.20%  x(c10_4_c33_4) U  74162  59932     33
  74689 29671    20442.8244   294    20451.0000    20410.9776  4050596    0.20%  x(c37_4_c10_4) U  74689  70236     24
  75089 29396        cutoff          20451.0000    20411.0000  4072979    0.20%   x(c26_4_c7_4) U  75089  15165     75
  75575 29545    20416.2397   256    20451.0000    20411.1419  4094955    0.19%  x(c45_1_c43_1) N  75575  68467     38
Elapsed time = 401.51 sec. (747461.79 ticks, tree = 88.36 MB, solutions = 2)
  75975 29641    20446.5681   239    20451.0000    20411.3141  4118134    0.19%  x(c47_4_c41_4) N  75975  18378     61
  76432 29773    20436.4019   190    20451.0000    20411.4799  4140878    0.19%     x(c44_1_Om) D  76432  53413     27
  76853 29864        cutoff          20451.0000    20411.6380  4163728    0.19%   x(c9_4_c16_4) U  76853  22474     48
  77329 29989    20411.9323   237    20451.0000    20411.8000  4186303    0.19%  x(c31_1_c10_1) D  77329  77328     34
  77801 30093    20442.2143   195    20451.0000    20411.9777  4208435    0.19%      x(Op_c7_1) N  77801  74242     53
  78282 29798        cutoff          20451.0000    20412.0000  4229399    0.19%  x(c34_4_c47_4) U  78282  11956     45
  78686 29870        cutoff          20451.0000    20412.1141  4251770    0.19%  x(c47_4_c26_4) U  78686  22576     47
  79096 29934    20448.1258   183    20451.0000    20412.2726  4275516    0.19%  x(c45_1_c43_1) U  79096  75756     34
  79563 30069        cutoff          20451.0000    20412.4456  4297532    0.19%  x(c30_1_c43_1) D  79563  36650     58
  80023 30186    20413.2550   302    20451.0000    20412.5910  4320315    0.19%  x(c48_4_c11_4) U  80023  80022     30
Elapsed time = 421.65 sec. (785679.65 ticks, tree = 90.33 MB, solutions = 2)
  80460 30293    20412.7936   233    20451.0000    20412.7529  4343248    0.19%  x(c47_4_c26_4) D  80460  44438     58
  80976 30428    20412.9501   190    20451.0000    20412.9338  4365727    0.19%  x(c47_4_c34_4) D  80976  80975     30
  81408 30345    20434.0348   141    20451.0000    20413.0147  4388480    0.19%   x(c36_5_c6_5) N  81408  43958     24
  81829 30491    20449.2028   169    20451.0000    20413.1172  4412469    0.19%  x(c31_2_c10_2) U  81829  75628     53
  82282 30634        cutoff          20451.0000    20413.2840  4435727    0.18%  x(c26_4_c32_4) U  82282  78695     50
  82729 30774    20413.4523   190    20451.0000    20413.4523  4459250    0.18%  x(c17_5_c14_5) D  82729  72315     59
  83162 30912    20444.2777   287    20451.0000    20413.5826  4483122    0.18%  x(c33_2_c15_2) U  83162  64616     31
  83640 31040    20413.8282   174    20451.0000    20413.7314  4505990    0.18%  x(c12_4_c37_4) D  83640  83639     48
  84000 31101    20413.9562   209    20451.0000    20413.8749  4523419    0.18%   x(c23_1_c3_1) U  84000  66496     34
  84397 31244    20436.4551   161    20451.0000    20414.0003  4547317    0.18%  x(c14_5_c36_5) D  84397  84395     30
Elapsed time = 445.06 sec. (831171.00 ticks, tree = 93.51 MB, solutions = 2)
  84914 31400        cutoff          20451.0000    20414.1316  4568801    0.18%  x(c47_4_c10_4) U  84914  76464     42
  85315 31498    20440.3996   231    20451.0000    20414.2768  4592416    0.18%  x(c31_2_c10_2) U  85315  54018     17
  85785 31645    20448.9477   204    20451.0000    20414.4083  4614863    0.18%      x(c7_4_Om) U  85785  85108     67
  86273 31800        cutoff          20451.0000    20414.5500  4636744    0.18%  x(c47_1_c18_1) U  86273  86272     21
  86756 31941    20414.6710   195    20451.0000    20414.6704  4659121    0.18%  x(c16_4_c13_4) U  86756  83386     30
  87202 32076        cutoff          20451.0000    20414.8214  4682359    0.18%  x(c36_2_c26_2) U  87202  75476     24
  87696 32226    20415.0896   190    20451.0000    20414.9718  4704461    0.18%  x(c22_2_c26_2) D  87696  87695     27
  88206 31945    20415.3333    75    20451.0000    20415.0014  4723503    0.18%  x(c15_2_c10_2) N  88206  82389     22
  88666 32042    20415.9760   157    20451.0000    20415.1367  4745667    0.18%  x(c48_3_c13_3) U  88666  88665     32
  89120 32153    20415.6094   261    20451.0000    20415.2651  4768098    0.17%  x(c26_4_c11_4) D  89120  89119     23
Elapsed time = 465.06 sec. (869385.72 ticks, tree = 96.12 MB, solutions = 2)
  89548 32260    20422.5737   150    20451.0000    20415.4059  4792196    0.17%  x(c48_3_c13_3) N  89548  89547     53
  90003 32376    20427.8793   306    20451.0000    20415.5455  4816080    0.17%  x(c23_1_c18_1) D  90003   9809     37
  90427 32514    20419.8872   276    20451.0000    20415.6702  4839481    0.17%  x(c23_2_c43_2) D  90427  90425     32
  90866 32639    20421.9195   218    20451.0000    20415.7980  4861999    0.17%  x(c33_2_c22_2) D  90866  21423     67
  91318 32785    20416.1519   274    20451.0000    20415.9353  4884288    0.17%  x(c29_4_c48_4) U  91318  22530     73
  91754 32695        cutoff          20451.0000    20416.0000  4906061    0.17%  x(c21_2_c36_2) U  91754   5655     27
  92205 32483    20416.3296   175    20451.0000    20416.0430  4926420    0.17%  x(c10_1_c31_1) N  92205  87535     50
  92662 32636    20420.5999   272    20451.0000    20416.1623  4948677    0.17%  x(c45_1_c43_1) U  92662  92661     27
  93092 32758    20447.3087   184    20451.0000    20416.2727  4971975    0.17%  x(c37_4_c45_4) N  93092  19594     65
  93550 32970    20416.4933   250    20451.0000    20416.3825  4995279    0.17%  x(c15_2_c10_2) D  93550  93549     64
Elapsed time = 485.24 sec. (907580.26 ticks, tree = 99.93 MB, solutions = 2)
  94013 33079    20421.6827   290    20451.0000    20416.5148  5018319    0.17%   x(c7_4_c13_4) U  94013  94012     37
  94381 33178    20443.1931   333    20451.0000    20416.6238  5042751    0.17%  x(c15_2_c10_2) N  94381  79429     51
  94806 33339    infeasible          20451.0000    20416.7431  5066617    0.17%  x(c48_3_c13_3) U  94806  94805     36
  95283 33501    20424.8068   267    20451.0000    20416.8483  5089047    0.17%   x(c9_4_c17_4) U  95283  93413     82
  95740 33614    20417.5148   130    20451.0000    20416.9525  5111499    0.17%   x(c7_4_c13_4) N  95740  95739     67
  96146 33594        cutoff          20451.0000    20417.0000  5134568    0.17%  x(c26_2_c23_2) U  96146  13029     69
  96612 33704    20443.0290     6    20451.0000    20417.0945  5155907    0.17%  x(c36_5_c14_5) N  96612  51001     20
  97034 33828    20434.6944   203    20451.0000    20417.2036  5178944    0.17%  x(c48_3_c13_3) D  97034  97032     53
  97446 33932    20418.4625   239    20451.0000    20417.3162  5202410    0.16%  x(c26_2_c22_2) D  97446  71037     23
  97845 34052    20417.4041   210    20451.0000    20417.3976  5226471    0.16%  x(c45_1_c43_1) N  97845  95927     15
Elapsed time = 505.47 sec. (945792.25 ticks, tree = 103.21 MB, solutions = 2)
  98247 34157    20423.3878   253    20451.0000    20417.5000  5249825    0.16%  x(c17_5_c14_5) N  98247  98245     14
  98674 34281    20418.3593   195    20451.0000    20417.6104  5273596    0.16%  x(c23_4_c47_4) N  98674  79304     24
  99094 34427        cutoff          20451.0000    20417.7064  5297013    0.16%  x(c45_1_c43_1) U  99094  72381     14
  99507 34561    20417.8269   190    20451.0000    20417.8070  5320534    0.16%  x(c47_4_c26_4) N  99507  99506     26
  99896 34686    20450.0000    93    20451.0000    20417.9000  5343834    0.16%   x(c7_5_c44_5) N  99896  10979     47
 100290 34813    infeasible          20451.0000    20418.0000  5367268    0.16%  x(c48_3_c13_3) U 100290  20580     30
 100696 34922    20434.3343   190    20451.0000    20418.0716  5390660    0.16%   x(c7_5_c16_5) N 100696  95274     21
 101139 35018    20418.1709   216    20451.0000    20418.1710  5413782    0.16%  x(c22_4_c26_4) N 101139  98867     23
 101524 35103    20419.4102   301    20451.0000    20418.2733  5437298    0.16%  x(c26_4_c11_4) D 101524  82497     24
 101958 35165    20445.6153   160    20451.0000    20418.3949  5459926    0.16%  x(c48_3_c13_3) N 101958 101956     67
Elapsed time = 525.62 sec. (984029.08 ticks, tree = 106.59 MB, solutions = 2)
 102175 35213    20418.6378   185    20451.0000    20418.4362  5470399    0.16%  x(c10_4_c40_4) D 102175 102174     83
 102690 35259    20430.7017   280    20451.0000    20418.5286  5491810    0.16%  x(c12_4_c37_4) D 102690  20179     16
 103116 35376        cutoff          20451.0000    20418.6175  5515737    0.16%  x(c46_1_c44_1) U 103116  53697     35
 103593 35491    20446.6580   225    20451.0000    20418.7388  5537608    0.16%  x(c48_3_c13_3) N 103593  89493     22
 104083 35621    20440.6842   270    20451.0000    20418.8451  5559440    0.16%  x(c46_1_c23_1) N 104083 102321     46
 104499 35716        cutoff          20451.0000    20418.9467  5582950    0.16%   x(c23_2_c3_2) U 104499  92998     48
 104895 35817    20431.1263   230    20451.0000    20419.0210  5605560    0.16%  x(c25_1_c19_1) D 104895  17030     48
 105352 35960    20449.2790   285    20451.0000    20419.1178  5628901    0.16%  x(c25_1_c19_1) N 105352  99332     44
 105804 36083    infeasible          20451.0000    20419.2202  5651510    0.16%  x(c23_2_c46_2) N 105804  83787     44
 106260 36154    20419.4088   293    20451.0000    20419.3292  5673303    0.15%  x(c43_1_c45_1) D 106260 104734     31
Elapsed time = 545.40 sec. (1022262.19 ticks, tree = 109.66 MB, solutions = 2)
 106701 36224    20420.2310   156    20451.0000    20419.4315  5695685    0.15%  x(c48_3_c13_3) D 106701 106699     39
 107157 36315    20433.5451   200    20451.0000    20419.5290  5718450    0.15%  x(c38_4_c30_4) D 107157 107155     49
 107620 36393    20419.8815   129    20451.0000    20419.6298  5740334    0.15%   x(c5_2_c33_2) D 107620 107619     26
 108103 36463    20421.7797   162    20451.0000    20419.7433  5761908    0.15%   x(c7_5_c44_5) N 108103 108102     38
 108546 36508    20420.0492   144    20451.0000    20419.8641  5783646    0.15%  x(c47_4_c26_4) N 108546  98833     37
 108958 36539    20419.9641   204    20451.0000    20419.9580  5806127    0.15%  x(c37_4_c45_4) N 108958 107351     37
 109000 36540    20419.9790   248    20451.0000    20419.9792  5808383    0.15%     x(c44_1_Om) U 109000  82298     64
 109476 36289        cutoff          20451.0000    20420.0000  5829001    0.15%  x(c12_4_c37_4) U 109476 109475     23
 109873 36144    20420.8571   144    20451.0000    20420.0276  5850308    0.15%  x(c36_5_c14_5) D 109873 109872     51
 110285 36224    20423.8348   121    20451.0000    20420.1155  5872074    0.15%   x(c41_4_c7_4) D 110285 110284     49
Elapsed time = 566.60 sec. (1064741.95 ticks, tree = 110.04 MB, solutions = 2)
 110766 36304    20420.3244   299    20451.0000    20420.2227  5894228    0.15%  x(c45_1_c43_1) D 110766 110765     51
 111244 36380    20420.9551   269    20451.0000    20420.3240  5916528    0.15%   x(c37_5_c2_5) D 111244 111242     28
 111680 36481    20420.5150   267    20451.0000    20420.4259  5938445    0.15%   x(c9_4_c11_4) N 111680 111679     16
 112114 36530    20432.9026   284    20451.0000    20420.5360  5960644    0.15%   x(c5_2_c33_2) U 112114  41966     15
 112548 36587        cutoff          20451.0000    20420.6361  5982817    0.15%  x(c29_4_c16_4) U 112548 103588     42
 113006 36692    20425.0557   224    20451.0000    20420.7454  6005074    0.15%  x(c14_5_c36_5) N 113006  84968     48
 113453 36753    20435.1015   107    20451.0000    20420.8627  6027044    0.15%  x(c46_2_c23_2) N 113453  98829     33
 113934 36789    20421.0438   205    20451.0000    20420.9870  6048752    0.15%   x(c7_4_c41_4) N 113934 113933     69
 114361 36521        cutoff          20451.0000    20421.0000  6069259    0.15%   x(c21_2_c6_2) U 114361   4842    100
 114790 36552    20447.6083   174    20451.0000    20421.0917  6091432    0.15%      x(c7_2_Om) N 114790  98623     89
Elapsed time = 586.26 sec. (1102930.57 ticks, tree = 111.18 MB, solutions = 2)
 115278 36660    20427.9931   157    20451.0000    20421.1884  6113097    0.15%  x(c17_5_c14_5) U 115278 115266     35
 115743 36716    20422.5012   106    20451.0000    20421.3002  6135297    0.15%   x(c21_5_c8_5) N 115743 115741     31
 116239 36821    20421.7232   269    20451.0000    20421.4216  6155876    0.14%  x(c10_4_c47_4) D 116239 116238     34
 116672 36884    20447.8572   212    20451.0000    20421.5350  6178937    0.14%     x(c44_1_Om) D 116672  88744     80
 117181 37030    20433.9393   205    20451.0000    20421.6287  6200586    0.14%  x(c17_5_c14_5) N 117181 116979     41
 117649 37083        cutoff          20451.0000    20421.7396  6222061    0.14%  x(c47_2_c43_2) U 117649  62884     46
 118132 37167        cutoff          20451.0000    20421.8534  6243126    0.14%   x(c5_2_c33_2) U 118132  97007     63
 118636 37180        cutoff          20451.0000    20421.9967  6264208    0.14%  x(c34_4_c18_4) U 118636  35181     59
 119057 37176        cutoff          20451.0000    20422.0483  6286325    0.14%   x(c36_5_c6_5) U 119057  67469     28
 119517 37271    20433.0969   223    20451.0000    20422.1472  6308710    0.14%  x(c43_1_c47_1) N 119517  90429     32
Elapsed time = 605.94 sec. (1141158.40 ticks, tree = 113.41 MB, solutions = 2)
 119981 37337        cutoff          20451.0000    20422.2572  6330886    0.14%  x(c30_1_c45_1) U 119981  99126     28
 120413 37409    20447.1573   176    20451.0000    20422.3622  6353483    0.14%  x(c31_2_c10_2) N 120413 104500     45
 120937 37511    20437.3216   176    20451.0000    20422.4787  6373955    0.14%   x(c3_1_c25_1) U 120937  27309     33
 121375 37606    20430.5558   254    20451.0000    20422.5571  6395891    0.14%   x(c3_5_c23_5) N 121375  56446     50
 121799 37664    20445.4947   232    20451.0000    20422.6697  6417862    0.14%      x(c7_2_Om) U 121799 121798     51
 122303 37752    20422.9208   285    20451.0000    20422.7707  6439306    0.14%   x(c32_2_c5_2) N 122303  65155     26
 122756 37831    20423.1129   240    20451.0000    20422.8729  6460723    0.14%  x(c31_2_c10_2) N 122756 122755     32
 123258 37896    20439.0000    91    20451.0000    20423.0000  6481294    0.14%     x(c48_5_Om) N 123258   8048     31
 123685 37811    20431.0671   203    20451.0000    20423.0344  6502702    0.14%  x(c48_3_c13_3) D 123685 121960     50
 124141 37839    20438.3742   240    20451.0000    20423.1372  6524493    0.14%  x(c45_1_c43_1) N 124141 124140     22
Elapsed time = 625.49 sec. (1179392.52 ticks, tree = 115.10 MB, solutions = 2)
 124563 37957    20423.4683   195    20451.0000    20423.2355  6546719    0.14%  x(c31_2_c10_2) N 124563 119585     32
 125007 38003    20430.7706   276    20451.0000    20423.3333  6568725    0.14%  x(c37_1_c15_1) D 125007  12393     51
 125442 38075    20423.5512   174    20451.0000    20423.4239  6589491    0.13%  x(c37_1_c15_1) N 125442 125441     29
 125891 38112    20424.1338   230    20451.0000    20423.5268  6611121    0.13%  x(c23_1_c25_1) N 125891 118706     23
 126000 38129    20443.4997   297    20451.0000    20423.5530  6616848    0.13%  x(c16_4_c13_4) D 126000  53555     24
 126469 38164    infeasible          20451.0000    20423.6527  6638205    0.13%  x(c37_1_c15_1) U 126469  99699     24
 126928 38187        cutoff          20451.0000    20423.7639  6660012    0.13%   x(c32_2_c5_2) D 126928  64195     25
 127390 38246    20423.9541   245    20451.0000    20423.8723  6682187    0.13%     x(c44_1_Om) N 127390 112784     29
 127855 38301    20424.6001   187    20451.0000    20423.9709  6703994    0.13%  x(c23_2_c46_2) D 127855 127853     91
 128271 38196    20424.0915   173    20451.0000    20424.0071  6726143    0.13%  x(c22_4_c17_4) N 128271  88302     21
Elapsed time = 646.54 sec. (1222310.37 ticks, tree = 116.26 MB, solutions = 2)
 128737 38281    20429.1888   239    20451.0000    20424.1152  6747686    0.13%  x(c30_1_c43_1) D 128737 116725     54
 129149 38337    20439.8016   175    20451.0000    20424.2066  6769976    0.13%  x(c26_4_c22_4) N 129149 119152     32
 129593 38405        cutoff          20451.0000    20424.3051  6791186    0.13%  x(c15_2_c10_2) U 129593  70950     75
 130040 38393    20426.7935   251    20451.0000    20424.4129  6812750    0.13%   x(c43_1_c3_1) U 130040 130039     77
 130475 38470    20425.0923   170    20451.0000    20424.5086  6834723    0.13%   x(c43_1_c3_1) U 130475  19269     33
 130943 38488    20442.5839   154    20451.0000    20424.6121  6855522    0.13%  x(c34_4_c18_4) N 130943 130163     37
 131413 38547    20424.7230   248    20451.0000    20424.7054  6877077    0.13%  x(c46_1_c44_1) N 131413 100433     16
 131894 38630    20424.9102   121    20451.0000    20424.8018  6897964    0.13%  x(c48_3_c13_3) N 131894 131893     62
 132369 38677    20443.0000    94    20451.0000    20424.9091  6919591    0.13%     x(c48_5_Om) N 132369 103577     25
 132833 38746    20448.4905   166    20451.0000    20425.0000  6941952    0.13%  x(c36_5_c14_5) U 132833 121095     32
Elapsed time = 665.94 sec. (1260545.60 ticks, tree = 118.05 MB, solutions = 2)
 133263 38622    20445.0332    20    20451.0000    20425.0469  6963467    0.13%  x(c14_5_c36_5) N 133263  87391     32
 133704 38669    20437.1060   243    20451.0000    20425.1427  6985375    0.13%  x(c43_1_c47_1) D 133704 107697     34
 134170 38673    20435.7042   169    20451.0000    20425.2500  7006737    0.13%  x(c41_4_c23_4) N 134170  52656     14
 134652 38728    20430.3708   147    20451.0000    20425.3411  7028210    0.13%  x(c16_4_c13_4) N 134652  81900     32
 135109 38730    20425.4777   225    20451.0000    20425.4444  7050874    0.12%  x(c26_4_c16_4) D 135109 135108     27
 135550 38759        cutoff          20451.0000    20425.5379  7073401    0.12%      x(c7_2_Om) U 135550 130676     68
 135997 38815    20442.9504   174    20451.0000    20425.6327  7094648    0.12%  x(c36_5_c14_5) U 135997 119750     55
 136477 38841    infeasible          20451.0000    20425.7482  7115654    0.12%  x(c47_4_c23_4) D 136477 136476     61
 136887 38858    20425.8345   227    20451.0000    20425.8347  7136903    0.12%  x(c45_4_c37_4) N 136887 124883     32
 137326 38943    20445.0795   187    20451.0000    20425.9300  7159279    0.12%  x(c15_2_c10_2) N 137326 125856     26
Elapsed time = 685.45 sec. (1298759.33 ticks, tree = 118.76 MB, solutions = 2)
 137759 38949    20430.5780   183    20451.0000    20426.0024  7181207    0.12%  x(c17_5_c21_5) D 137759 137758     27
 138188 39023        cutoff          20451.0000    20426.0883  7203156    0.12%   x(c6_5_c36_5) U 138188 101135     47
 138646 39009        cutoff          20451.0000    20426.1962  7223555    0.12%  x(c38_1_c43_1) U 138646 122071     31
 139143 39063    20426.5936   229    20451.0000    20426.2915  7244724    0.12%   x(c9_4_c26_4) N 139143 139142     17
 139582 39070    20448.8952   174    20451.0000    20426.3936  7265921    0.12%  x(c23_4_c47_4) N 139582  89583     38
 140036 39082    20437.9095   154    20451.0000    20426.4977  7287356    0.12%  x(c26_5_c16_5) N 140036 139956     34
 140480 39089    20428.4122   232    20451.0000    20426.5913  7308545    0.12%  x(c23_1_c25_1) D 140480 138899     23
 140935 39086    20428.3295   208    20451.0000    20426.7079  7329898    0.12%   x(c21_5_c8_5) U 140935 140934     21
 141397 39074    20427.4351   194    20451.0000    20426.8234  7349811    0.12%  x(c46_1_c44_1) N 141397  79161     20
 141921 39128    infeasible          20451.0000    20426.9259  7369729    0.12%  x(c29_4_c16_4) U 141921 135103     54
Elapsed time = 704.69 sec. (1337040.67 ticks, tree = 119.37 MB, solutions = 2)
 142371 39028    20427.0340   148    20451.0000    20427.0046  7389724    0.12%  x(c17_5_c14_5) N 142371 142370     23
 142804 39063    20442.7535   229    20451.0000    20427.0812  7410771    0.12%  x(c23_2_c46_2) N 142804 119120     36
 143292 39104    20438.5496   296    20451.0000    20427.1747  7430777    0.12%   x(c3_1_c25_1) D 143292  98952     23
 143761 39101        cutoff          20451.0000    20427.2809  7451545    0.12%  x(c19_1_c43_1) U 143761 143760     48
 144230 39126    20427.5731    98    20451.0000    20427.3841  7471871    0.12%  x(c17_5_c21_5) D 144230 144229     62
 144728 39141    20427.5000   121    20451.0000    20427.5000  7492764    0.11%  x(c18_1_c44_1) N 144728  67449     24
 145000 39172    20427.5994   179    20451.0000    20427.5469  7505539    0.11%  x(c19_1_c25_1) N 145000 144999     25
 145468 39208        cutoff          20451.0000    20427.6500  7526988    0.11%   x(c36_5_c6_5) U 145468 114701     95
 145949 39243    20428.0879   178    20451.0000    20427.7510  7546945    0.11%  x(c45_1_c35_1) D 145949 145948     68
 146400 39260    20435.0232   222    20451.0000    20427.8634  7568367    0.11%  x(c22_2_c26_2) N 146400  95380     44
Elapsed time = 724.43 sec. (1377018.70 ticks, tree = 119.93 MB, solutions = 2)
 146875 39226        cutoff          20451.0000    20427.9756  7588446    0.11%  x(c12_4_c37_4) U 146875 120163     44
 147289 39242        cutoff          20451.0000    20428.0330  7609822    0.11%  x(c32_4_c21_4) U 147289 115385     58
 147760 39259    20428.1562   239    20451.0000    20428.1271  7630706    0.11%     x(c13_4_Om) D 147760 147759     24
 148252 39248    20433.4414   145    20451.0000    20428.2206  7650696    0.11%   x(c16_5_c7_5) N 148252 129075     26
 148697 39242    20442.4263   245    20451.0000    20428.3254  7671763    0.11%  x(c22_2_c26_2) N 148697 126941     23
 149174 39261    20438.7436   258    20451.0000    20428.4226  7692057    0.11%   x(c16_4_c7_4) N 149174  27750     45
 149636 39273    20428.5379   180    20451.0000    20428.5172  7713297    0.11%   x(c36_2_c6_2) U 149636 141333     52
 150121 39264    20446.0059   165    20451.0000    20428.6261  7733990    0.11%   x(c7_5_c16_5) U 150121 138264     32
 150541 39271    20433.4097   138    20451.0000    20428.7261  7754801    0.11%  x(c17_5_c21_5) D 150541 150540     39
 151009 39287    20435.2579   202    20451.0000    20428.8238  7775289    0.11%   x(c6_5_c36_5) N 151009 151007     42
Elapsed time = 743.46 sec. (1415215.52 ticks, tree = 120.07 MB, solutions = 2)
 151515 39275    20442.0936   164    20451.0000    20428.9501  7796393    0.11%  x(c34_4_c18_4) U 151515 123827     89
 151983 39262        cutoff          20451.0000    20429.0250  7816481    0.11%     x(c48_5_Om) U 151983 151982     32
 152466 39253    20431.7500   159    20451.0000    20429.1115  7836045    0.11%     x(c13_4_Om) U 152466 152464     21
 152925 39301    20433.4039   156    20451.0000    20429.1943  7856680    0.11%   x(c16_5_c7_5) D 152925 146769     38
 153423 39296    infeasible          20451.0000    20429.2913  7876898    0.11%  x(c15_1_c37_1) D 153423 117595     53
 153906 39264    20435.6758   184    20451.0000    20429.3937  7897551    0.11%     x(c29_4_Om) U 153906  73271     29
 154000 39262    20432.1242   214    20451.0000    20429.4151  7901284    0.11%  x(c30_4_c38_4) D 154000 153999     59
 154511 39270    20429.5325   189    20451.0000    20429.5151  7921575    0.11%     x(c13_4_Om) D 154511 152515     23
 154982 39270        cutoff          20451.0000    20429.6014  7943258    0.10%   x(c36_5_c6_5) U 154982 120280     51
 155449 39276    20429.7979   197    20451.0000    20429.7000  7963895    0.10%  x(c15_2_c10_2) N 155449  90906     48
Elapsed time = 763.46 sec. (1456645.24 ticks, tree = 120.04 MB, solutions = 2)
 155913 39286    20430.5532   205    20451.0000    20429.7898  7984202    0.10%     x(c44_1_Om) D 155913 117124     32
 156421 39275    20430.5356   224    20451.0000    20429.8981  8004000    0.10%  x(c48_3_c13_3) D 156421 156419     45
 156896 39273    20448.2752   203    20451.0000    20430.0000  8025243    0.10%   x(c9_4_c16_4) N 156896 141102     23
 157399 39218    20430.1320   233    20451.0000    20430.1108  8043878    0.10%  x(c45_1_c43_1) D 157399 157398     23
 157913 39244        cutoff          20451.0000    20430.2116  8063284    0.10%  x(c15_2_c10_2) D 157913 157911     24
 158402 39257    20430.7617   186    20451.0000    20430.2930  8082657    0.10%  x(c43_1_c18_1) D 158402  78969     46
 158873 39274    20448.3843   223    20451.0000    20430.3783  8102336    0.10%  x(c37_1_c15_1) U 158873 157483     62
 159411 39277    20430.7300   215    20451.0000    20430.4897  8122005    0.10%  x(c37_4_c12_4) N 159411 159410     57
 159884 39270        cutoff          20451.0000    20430.5712  8142093    0.10%   x(c36_5_c6_5) D 159884  68350     53
 160384 39328    20433.6091   289    20451.0000    20430.6596  8161958    0.10%  x(c13_4_c16_4) D 160384 159198     34
Elapsed time = 782.24 sec. (1494844.53 ticks, tree = 120.22 MB, solutions = 2)
 160839 39323        cutoff          20451.0000    20430.7500  8181570    0.10%  x(c34_4_c47_4) D 160839 142242     41
 161336 39276    20437.6414   164    20451.0000    20430.8488  8201333    0.10%   x(c36_5_c6_5) N 161336 121443     63
 161879 39260    20432.4835   237    20451.0000    20430.9635  8220130    0.10%  x(c23_1_c25_1) N 161879 159295     21
 162315 39265    20432.1571   215    20451.0000    20431.0311  8241663    0.10%  x(c10_4_c33_4) U 162315 145966     79
 162809 39273    20434.3844   227    20451.0000    20431.1222  8261079    0.10%     x(c48_5_Om) N 162809 155899     41
 163304 39253        cutoff          20451.0000    20431.2132  8280435    0.10%  x(c18_4_c34_4) N 163304  44215     19
 163765 39236        cutoff          20451.0000    20431.3036  8300293    0.10%  x(c37_1_c15_1) U 163765 158456     51
 164251 39194    20439.5435   279    20451.0000    20431.4041  8320185    0.10%  x(c14_5_c36_5) U 164251 151276     83
 164738 39161    20431.5058   222    20451.0000    20431.5059  8340597    0.10%     x(c44_1_Om) U 164738 141286     35
 165265 39089    20447.7350   145    20451.0000    20431.6126  8359341    0.09%   x(c44_5_c7_5) U 165265 141867     95
Elapsed time = 800.96 sec. (1533031.72 ticks, tree = 119.74 MB, solutions = 2)
 165770 39052    20431.9108   210    20451.0000    20431.7135  8378445    0.09%  x(c23_4_c47_4) N 165770 143174     46
 166249 38978    infeasible          20451.0000    20431.8208  8398186    0.09%  x(c15_2_c10_2) D 166249 163694     45
 166715 38952    20437.1971   171    20451.0000    20431.9286  8418012    0.09%   x(c9_4_c17_4) N 166715 153616     15
 167173 38879    20432.9738   103    20451.0000    20432.0096  8438140    0.09%  x(c10_4_c33_4) N 167173 137764     34
 167640 38828    20446.6023   220    20451.0000    20432.1032  8457757    0.09%  x(c23_2_c43_2) U 167640 167639     49
 168121 38842    20449.7556   156    20451.0000    20432.1873  8476369    0.09%   x(c7_5_c16_5) U 168121 149604     25
 168628 38836    20449.6363   236    20451.0000    20432.2919  8496106    0.09%  x(c43_2_c37_2) N 168628 103779     28
 169116 38818    20432.4266   256    20451.0000    20432.3860  8514458    0.09%  x(c33_2_c15_2) N 169116 164548     23
 169618 38752        cutoff          20451.0000    20432.4990  8533772    0.09%  x(c23_1_c18_1) U 169618  98349     30
 170105 38708    20433.6327   187    20451.0000    20432.5858  8553715    0.09%  x(c15_2_c10_2) N 170105 127190     51
Elapsed time = 819.50 sec. (1571244.51 ticks, tree = 118.75 MB, solutions = 2)
 170589 38662    20444.9587   261    20451.0000    20432.6929  8571938    0.09%  x(c16_4_c13_4) N 170589 140736     21
 171110 38639    20434.1711   128    20451.0000    20432.7943  8590699    0.09%   x(c13_4_c7_4) U 171110 133087     51
 171620 38626    20435.9236   299    20451.0000    20432.9022  8609691    0.09%  x(c37_2_c15_2) D 171620 156026     36
 172000 38550    20440.3309   168    20451.0000    20432.9840  8623706    0.09%  x(c41_4_c18_4) N 172000 164290     44
 172485 38498    20433.0545   164    20451.0000    20433.0504  8643225    0.09%  x(c10_4_c37_4) N 172485 172484     29
 172954 38484        cutoff          20451.0000    20433.1358  8662738    0.09%   x(c36_5_c6_5) D 172954 144734     17
 173448 38469        cutoff          20451.0000    20433.2208  8681607    0.09%  x(c18_2_c26_2) D 173448  42540     40
 173948 38446    20438.3005   131    20451.0000    20433.3078  8701043    0.09%   x(c7_5_c16_5) N 173948 173945     36
 174422 38362    20433.4217   197    20451.0000    20433.4122  8720244    0.09%  x(c10_1_c31_1) D 174422 153721     44
 174946 38299        cutoff          20451.0000    20433.5071  8739552    0.09%  x(c26_2_c33_2) D 174946 174944     45
Elapsed time = 838.73 sec. (1611910.14 ticks, tree = 117.57 MB, solutions = 2)
 175439 38220    20433.6228   197    20451.0000    20433.6067  8757965    0.09%   x(c7_5_c16_5) N 175439 175437     35
 175972 38171        cutoff          20451.0000    20433.7155  8776569    0.08%  x(c48_3_c13_3) U 175972 158899     82
 176496 38126    20434.3939   184    20451.0000    20433.8210  8795475    0.08%   x(c7_4_c16_4) N 176496 173593     58
 177053 38062    20443.4344   244    20451.0000    20433.9344  8814202    0.08%  x(c23_2_c43_2) N 177053 143208     45
 177534 37988    20434.0433   177    20451.0000    20434.0149  8832020    0.08%  x(c15_2_c10_2) N 177534 177533     26
 178004 37951        cutoff          20451.0000    20434.0882  8851546    0.08%  x(c48_3_c13_3) U 178004 178003     31
 178530 37865    20449.2500   110    20451.0000    20434.1875  8869249    0.08%   x(c48_4_c9_4) N 178530  43209     58
 179024 37820        cutoff          20451.0000    20434.2739  8887809    0.08%  x(c13_4_c16_4) U 179024 149664     31
 179563 37757    20434.7478   161    20451.0000    20434.3728  8905840    0.08%   x(c3_1_c25_1) N 179563 106435     46
 180087 37683    20434.5685   193    20451.0000    20434.4805  8924836    0.08%  x(c45_1_c43_1) D 180087 180086     20
Elapsed time = 856.95 sec. (1650115.53 ticks, tree = 115.92 MB, solutions = 2)
 180570 37643    20435.8751   190    20451.0000    20434.5639  8943482    0.08%  x(c13_4_c16_4) N 180570 175898     40
 181140 37581    20447.1961   169    20451.0000    20434.6676  8961321    0.08%  x(c17_5_c14_5) N 181140 180456     24
 181705 37512        cutoff          20451.0000    20434.7620  8979607    0.08%  x(c37_2_c15_2) U 181705 153170     42
 182218 37465    20438.0127   105    20451.0000    20434.8653  8997120    0.08%  x(c34_5_c44_5) D 182218  46317     57
 182762 37424    20445.4170   169    20451.0000    20434.9670  9015383    0.08%   x(c5_2_c33_2) U 182762 129238     27
 183251 37370    20443.4658   162    20451.0000    20435.0345  9033994    0.08%  x(c36_5_c14_5) N 183251  95931     19
 183762 37321    20435.1408   240    20451.0000    20435.1264  9052373    0.08%  x(c18_2_c26_2) N 183762 157445     53
 184303 37279        cutoff          20451.0000    20435.2147  9070515    0.08%  x(c21_4_c32_4) U 184303 184301     30
 184816 37197    20443.4562   225    20451.0000    20435.3102  9089275    0.08%   x(c36_5_c6_5) N 184816 184815     57
 185000 37156    20435.3983   174    20451.0000    20435.3420  9096443    0.08%  x(c48_4_c11_4) N 185000 184999     26
Elapsed time = 875.56 sec. (1689674.32 ticks, tree = 114.48 MB, solutions = 2)
 185543 37069        cutoff          20451.0000    20435.4467  9113554    0.08%  x(c15_2_c10_2) D 185543  35254     34
 186053 36994    20444.5154   122    20451.0000    20435.5299  9131828    0.08%   x(c21_5_c8_5) U 186053 186052     25
 186565 36895    20435.7212   157    20451.0000    20435.6200  9150621    0.08%  x(c17_5_c36_5) N 186565 177264     71
 187092 36811    infeasible          20451.0000    20435.7171  9168352    0.07%  x(c38_4_c30_4) D 187092 186071     40
 187636 36707    20445.9371   157    20451.0000    20435.8410  9186842    0.07%  x(c41_4_c18_4) D 187636 158494     33
 188155 36600    20447.3457   233    20451.0000    20435.9400  9204321    0.07%  x(c48_3_c13_3) N 188155 188153     41
 188651 36483    20436.8966   166    20451.0000    20436.0135  9222931    0.07%  x(c17_5_c14_5) N 188651 188650     28
 189131 36432    20446.0000    28    20451.0000    20436.0993  9239974    0.07%   x(c9_4_c22_4) N 189131 185991     22
 189671 36385    20438.0159   223    20451.0000    20436.1893  9257426    0.07%  x(c10_4_c33_4) D 189671 122374     28
 190236 36312    20440.2476    83    20451.0000    20436.2790  9274707    0.07%     x(c48_5_Om) N 190236 138177     34
Elapsed time = 893.54 sec. (1727896.30 ticks, tree = 111.89 MB, solutions = 2)
 190817 36258    20438.2500   146    20451.0000    20436.3737  9292125    0.07%     x(c16_4_Om) U 190817 190816     22
 191374 36250        cutoff          20451.0000    20436.4717  9309732    0.07%   x(c36_2_c6_2) D 191374 166490     26
 191895 36145    20440.2722   218    20451.0000    20436.5614  9327007    0.07%  x(c15_2_c10_2) N 191895 116107     49
 192410 36063    20436.8076   220    20451.0000    20436.6566  9343937    0.07%  x(c47_4_c26_4) U 192410 192409     21
 192983 35987    infeasible          20451.0000    20436.7541  9361352    0.07%   x(c36_5_c6_5) U 192983 192982     31
 193550 35849        cutoff          20451.0000    20436.8613  9377675    0.07%     x(c13_4_Om) U 193550 152428     32
 194101 35708    20437.2334   137    20451.0000    20436.9631  9393821    0.07%     x(c29_4_Om) N 194101 172457     23
 194617 35464        cutoff          20451.0000    20437.0029  9411600    0.07%   x(c36_2_c6_2) D 194617 124254     45
 195116 35348    20446.2491   305    20451.0000    20437.0899  9429763    0.07%   x(c9_4_c17_4) N 195116  82664     24
 195649 35296    20437.3165   310    20451.0000    20437.1777  9446502    0.07%   x(c36_2_c6_2) N 195649 195648     24
Elapsed time = 911.36 sec. (1766102.17 ticks, tree = 108.97 MB, solutions = 2)
 196200 35264    20445.2516   201    20451.0000    20437.2638  9464727    0.07%   x(c19_1_c3_1) U 196200 177256     42
 196756 35242    20437.3810   209    20451.0000    20437.3514  9481980    0.07%     x(c44_1_Om) N 196756 194764     19
 197000 35213    20437.4066   147    20451.0000    20437.3864  9488267    0.07%   x(c9_4_c17_4) N 197000 172017     26
 197588 35079    20449.9654   170    20451.0000    20437.4983  9504424    0.07%  x(c18_4_c34_4) N 197588 169301     68
 198103 35006    20437.5721   187    20451.0000    20437.5727  9521196    0.07%     x(c48_5_Om) N 198103 137907     50
 198643 34931        cutoff          20451.0000    20437.6697  9536719    0.07%  x(c19_1_c25_1) U 198643 198642     20
 199180 34824    20446.0239   269    20451.0000    20437.7738  9553746    0.06%  x(c22_4_c17_4) N 199180  17579     53
 199707 34669    20449.3386   130    20451.0000    20437.8730  9570199    0.06%   x(c36_5_c6_5) N 199707  90673     28
 200253 34538    20441.7626   233    20451.0000    20437.9863  9587651    0.06%  x(c15_2_c10_2) N 200253 170070     43
 200807 34239    20438.4262   214    20451.0000    20438.0237  9604444    0.06%  x(c47_4_c26_4) N 200807   7547     21
Elapsed time = 929.30 sec. (1805184.06 ticks, tree = 105.96 MB, solutions = 2)
 201341 34181    20448.8671   191    20451.0000    20438.1130  9622137    0.06%  x(c47_4_c40_4) D 201341  80123     30
 201918 34091    20438.2079   185    20451.0000    20438.2053  9639845    0.06%  x(c13_4_c16_4) D 201918 119339     28
 202470 34006    20440.2149   289    20451.0000    20438.2936  9658479    0.06%  x(c16_4_c13_4) N 202470  88205     23
 203047 33899        cutoff          20451.0000    20438.4008  9675391    0.06%  x(c10_4_c40_4) U 203047 119321     29
 203642 33769        cutoff          20451.0000    20438.5024  9691963    0.06%  x(c43_1_c45_1) U 203642 188313     26
 204221 33682    20439.0794   186    20451.0000    20438.5929  9709752    0.06%  x(c23_2_c46_2) N 204221 204220     68
 204817 33523        cutoff          20451.0000    20438.7007  9726334    0.06%  x(c29_4_c48_4) U 204817 117794     38
 205434 33398        cutoff          20451.0000    20438.8083  9743637    0.06%   x(c3_1_c25_1) U 205434  13390     31
 206015 33229    20439.0188   264    20451.0000    20438.9159  9758741    0.06%  x(c17_4_c26_4) N 206015 118302     24
 206584 33054        cutoff          20451.0000    20439.0000  9775413    0.06%  x(c43_1_c35_1) U 206584  37533     52
Elapsed time = 947.06 sec. (1843395.39 ticks, tree = 102.56 MB, solutions = 2)
 207113 32867    20439.4788   176    20451.0000    20439.0871  9791625    0.06%  x(c17_5_c14_5) U 207113 195119     31
 207678 32751    20439.1823   240    20451.0000    20439.1823  9808365    0.06%  x(c18_2_c26_2) N 207678 170746     46
 208267 32672    20445.6007   183    20451.0000    20439.2788  9825161    0.06%  x(c22_4_c26_4) U 208267 207340     60
 208886 32530    20439.8284   131    20451.0000    20439.3851  9842695    0.06%  x(c37_4_c10_4) N 208886 136514     19
 209433 32382    20443.0780   172    20451.0000    20439.4949  9858761    0.06%  x(c23_2_c43_2) N 209433 205041     27
 209966 32228    infeasible          20451.0000    20439.5800  9874581    0.06%  x(c18_1_c47_1) U 209966 206314     71
 210567 32114    20442.0419   230    20451.0000    20439.6752  9890660    0.06%   x(c36_2_c6_2) N 210567 140683     31
 211176 31930    infeasible          20451.0000    20439.7833  9906474    0.05%  x(c12_4_c33_4) D 211176 206096     41
 211781 31755    20447.2946   141    20451.0000    20439.8977  9922596    0.05%   x(c23_5_c3_5) N 211781 122160     37
 212350 31548    20442.1304   225    20451.0000    20440.0000  9938031    0.05%  x(c39_4_c35_4) N 212350 203829     42
Elapsed time = 964.72 sec. (1881627.01 ticks, tree = 98.17 MB, solutions = 2)
 212885 31406    20444.2907   171    20451.0000    20440.0800  9954313    0.05%      x(Op_c7_1) N 212885  74720     40
 213469 31280        cutoff          20451.0000    20440.1679  9970865    0.05%   x(c7_5_c44_5) U 213469 197522     41
 214082 31101    20440.6764   133    20451.0000    20440.2649  9986393    0.05%  x(c23_2_c46_2) N 214082 214081     34
 214683 30955    20440.3589   123    20451.0000    20440.3590 10002665    0.05%  x(c46_1_c44_1) D 214683 164389     42
 215236 30806        cutoff          20451.0000    20440.4616 10018978    0.05%   x(c7_4_c18_4) D 215236 168887     22
 215799 30591    20442.5000    71    20451.0000    20440.5575 10034384    0.05%   x(c5_2_c33_2) N 215799 205313     18
 216384 30423        cutoff          20451.0000    20440.6667 10048923    0.05%  x(c17_5_c26_5) U 216384 167019     47
 216966 30264    20441.9320   120    20451.0000    20440.7619 10065361    0.05%  x(c46_5_c34_5) N 216966 216965     28
 217565 30119    20441.4452   174    20451.0000    20440.8721 10082004    0.05%  x(c17_5_c14_5) N 217565 216583     66
 218166 29924    20441.8744   125    20451.0000    20440.9794 10097324    0.05%  x(c45_1_c43_1) N 218166 132472     19
Elapsed time = 982.16 sec. (1919823.58 ticks, tree = 93.44 MB, solutions = 2)
 218710 29777    20441.0557   222    20451.0000    20441.0536 10114138    0.05%   x(c7_4_c41_4) N 218710 207148     34
 219305 29576        cutoff          20451.0000    20441.1500 10130183    0.05%      x(c7_4_Om) D 219305 152683     27
 219905 29401    20441.6060   188    20451.0000    20441.2449 10145823    0.05%  x(c48_4_c11_4) N 219905 149451     32
 220436 29177    20441.8433   241    20451.0000    20441.3437 10162646    0.05%   x(c3_1_c25_1) N 220436 111402     31
 221019 28979        cutoff          20451.0000    20441.4499 10176871    0.05%     x(c16_4_Om) U 221019  42827     55
 221596 28771        cutoff          20451.0000    20441.5424 10191488    0.05%  x(c21_4_c32_4) U 221596 203949     30
 222186 28602    20441.6419   202    20451.0000    20441.6421 10206562    0.05%  x(c31_1_c10_1) N 222186 203055     21
 222790 28357    20449.6544   186    20451.0000    20441.7500 10221697    0.05%  x(c47_4_c10_4) N 222790  98667     36
 223414 28161        cutoff          20451.0000    20441.8603 10236873    0.04%  x(c15_2_c10_2) D 223414 157287     46
 224032 27942    20448.8753   117    20451.0000    20441.9648 10251396    0.04%   x(c7_5_c16_5) N 224032 217160     15
Elapsed time = 999.37 sec. (1958024.02 ticks, tree = 87.62 MB, solutions = 2)
 224592 27727    20442.0259   247    20451.0000    20442.0259 10267358    0.04%  x(c10_4_c33_4) N 224592 111381     33
 225167 27517        cutoff          20451.0000    20442.1196 10281870    0.04%     x(c44_1_Om) D 225167  65093     19
 225756 27345    20442.3236   311    20451.0000    20442.2170 10296240    0.04%  x(c15_2_c33_2) N 225756 126867     24
 226341 27120    infeasible          20451.0000    20442.3138 10310334    0.04%  x(c45_1_c43_1) D 226341 225510     35
 226894 26969    20444.6676    91    20451.0000    20442.4076 10326309    0.04%  x(c34_4_c18_4) N 226894 225370     30
 227483 26695    20444.1992   223    20451.0000    20442.5030 10341264    0.04%   x(c9_4_c17_4) N 227483 155383     30
 228058 26498        cutoff          20451.0000    20442.6086 10356118    0.04%   x(c8_5_c26_5) U 228058 228057     60
 228659 26235        cutoff          20451.0000    20442.7170 10369984    0.04%  x(c22_2_c36_2) U 228659 184061     31
 229285 25968        cutoff          20451.0000    20442.8431 10382971    0.04%  x(c22_4_c17_4) U 229285 136575     75
 229893 25680    20448.0646   189    20451.0000    20442.9713 10396326    0.04%   x(c17_4_c9_4) N 229893  73652     34
Elapsed time = 1016.25 sec. (1996239.32 ticks, tree = 80.94 MB, solutions = 2)
 230458 25454    20443.0437   112    20451.0000    20443.0444 10411808    0.04%  x(c16_4_c13_4) N 230458 162106     37
 231037 25232    20443.1562   122    20451.0000    20443.1316 10426552    0.04%  x(c48_4_c11_4) N 231037 183863     31
 231622 25033    20444.9653   159    20451.0000    20443.2267 10440512    0.04%  x(c10_4_c33_4) N 231622 222731     44
 232239 24842    20443.3284   132    20451.0000    20443.3284 10454871    0.04%   x(c44_5_c7_5) D 232239 195660     32
 232879 24650    20444.8701   265    20451.0000    20443.4287 10468859    0.04%  x(c15_2_c33_2) N 232879  94872     25
 233461 24444    20443.5497   122    20451.0000    20443.5137 10483594    0.04%  x(c48_3_c13_3) N 233461 233459     36
 234051 24245        cutoff          20451.0000    20443.6093 10498263    0.04%  x(c46_1_c44_1) U 234051 194817     21
 234657 24016        cutoff          20451.0000    20443.7038 10512485    0.04%  x(c43_1_c45_1) U 234657 216354     38
 235275 23770        cutoff          20451.0000    20443.8070 10526136    0.04%   x(c6_5_c36_5) D 235275 208440     29
 235896 23489        cutoff          20451.0000    20443.9241 10540025    0.03%  x(c31_2_c10_2) U 235896 217923     25
Elapsed time = 1033.15 sec. (2034427.13 ticks, tree = 74.36 MB, solutions = 2)
 236458 23245        cutoff          20451.0000    20444.0000 10556179    0.03%  x(c48_3_c13_3) U 236458 236457     21
 237029 23013        cutoff          20451.0000    20444.0767 10571272    0.03%  x(c47_4_c23_4) U 237029 217434     28
 237612 22766    20444.1718   170    20451.0000    20444.1644 10585801    0.03%  x(c15_2_c33_2) N 237612 176493     28
 238215 22510    20444.2633   213    20451.0000    20444.2504 10599700    0.03%  x(c26_4_c16_4) N 238215 235393     16
 238815 22313    20444.3449   173    20451.0000    20444.3449 10614301    0.03%  x(c13_4_c16_4) N 238815 203654     72
 239410 22046    20444.4517   227    20451.0000    20444.4409 10628336    0.03%  x(c26_2_c18_2) N 239410 239409     35
 240006 21754    20444.5406   208    20451.0000    20444.5332 10642311    0.03%  x(c26_2_c33_2) N 240006 208456     86
 240606 21485        cutoff          20451.0000    20444.6288 10656174    0.03%  x(c48_3_c13_3) U 240606 240605     49
 241250 21166    20444.7347   181    20451.0000    20444.7347 10668640    0.03%     x(c44_1_Om) N 241250 198848     28
 241869 20875    infeasible          20451.0000    20444.8352 10681801    0.03%  x(c45_1_c43_1) D 241869 229582     55
Elapsed time = 1049.69 sec. (2072608.84 ticks, tree = 66.57 MB, solutions = 2)
 242499 20573        cutoff          20451.0000    20444.9499 10694954    0.03%  x(c17_5_c21_5) N 242499 235650     91
 243069 20295    20449.2334   271    20451.0000    20445.0057 10710104    0.03%   x(c36_2_c6_2) N 243069 226119     15
 243662 20017    20445.3438   239    20451.0000    20445.0940 10723716    0.03%  x(c16_4_c13_4) N 243662 141772     30
 244308 19682        cutoff          20451.0000    20445.1874 10736326    0.03%  x(c47_4_c12_4) D 244308  11829     55
 244898 19426    20445.5416     6    20451.0000    20445.2674 10750610    0.03%   x(c6_5_c11_5) N 244898 243205     26
 245507 19168    20445.8658   170    20451.0000    20445.3503 10764538    0.03%  x(c36_5_c14_5) N 245507 216143     66
 246126 18901    20445.7103   186    20451.0000    20445.4395 10778198    0.03%  x(c38_4_c30_4) N 246126 201447     65
 246733 18598    20447.5351   194    20451.0000    20445.5351 10792097    0.03%     x(c44_1_Om) N 246733  68150     75
 247367 18256    20445.6680   160    20451.0000    20445.6400 10804840    0.03%  x(c17_5_c21_5) N 247367 209789     66
 247980 17959        cutoff          20451.0000    20445.7299 10818464    0.03%   x(c7_4_c18_4) U 247980  83952     37
Elapsed time = 1066.07 sec. (2110800.23 ticks, tree = 57.71 MB, solutions = 2)
 248606 17616        cutoff          20451.0000    20445.8350 10831328    0.03%  x(c46_1_c44_1) U 248606 237102     28
 249231 17301    20446.0382   131    20451.0000    20445.9452 10844201    0.02%  x(c48_4_c11_4) N 249231 151338     30
 249869 16952    20448.2915   163    20451.0000    20446.0198 10857134    0.02%   x(c36_5_c6_5) N 249869  69117     40
 250495 16643    infeasible          20451.0000    20446.1193 10870318    0.02%   x(c45_4_c4_4) N 250495 245963     98
 251118 16343    20448.4318   113    20451.0000    20446.2054 10883359    0.02%  x(c10_1_c31_1) N 251118 250088     85
 251740 16029        cutoff          20451.0000    20446.2917 10896428    0.02%  x(c30_4_c38_4) U 251740  85504    101
 252361 15710        cutoff          20451.0000    20446.3789 10909582    0.02%  x(c22_4_c17_4) N 252361 251920     24
 252994 15379    20447.1888   177    20451.0000    20446.4738 10922419    0.02%  x(c12_4_c37_4) N 252994 252643     35
 253622 14988        cutoff          20451.0000    20446.5745 10934870    0.02%  x(c22_4_c17_4) U 253622 152784     31
 254270 14613    20446.6929   101    20451.0000    20446.6809 10947296    0.02%  x(c48_3_c13_3) N 254270 254268     36
Elapsed time = 1082.20 sec. (2149004.74 ticks, tree = 47.55 MB, solutions = 2)
 254942 14237    20446.8766   130    20451.0000    20446.7848 10958503    0.02%  x(c37_4_c12_4) N 254942 252765     70
 255576 13870    20448.3530   166    20451.0000    20446.8996 10970709    0.02%  x(c13_4_c16_4) N 255576 252523     33
 256220 13465        cutoff          20451.0000    20447.0000 10983185    0.02%  x(c21_5_c26_5) D 256220 256218     38
 256865 13080    20447.0743    12    20451.0000    20447.0615 10995863    0.02%     x(c44_1_Om) N 256865 256864     27
 257488 12752        cutoff          20451.0000    20447.1422 11009284    0.02%  x(c48_3_c13_3) N 257488 251719     43
 258149 12351        cutoff          20451.0000    20447.2345 11020711    0.02%  x(c16_4_c13_4) U 258149 251355     18
 258802 11972        cutoff          20451.0000    20447.3263 11032621    0.02%   x(c21_5_c8_5) U 258802 258801     41
 259457 11556    infeasible          20451.0000    20447.4319 11044151    0.02%  x(c34_4_c18_4) D 259457 259456     33
 260119 11126        cutoff          20451.0000    20447.5354 11055334    0.02%   x(c7_5_c16_5) U 260119 257969     23
 260788 10689        cutoff          20451.0000    20447.6511 11066055    0.02%   x(c7_4_c18_4) U 260788 203094     29
Elapsed time = 1098.03 sec. (2187173.47 ticks, tree = 35.51 MB, solutions = 2)
 261474 10232    20447.7640   175    20451.0000    20447.7557 11076732    0.02%  x(c19_1_c38_1) N 261474 261473     34
 262161  9769    20447.8984   172    20451.0000    20447.8870 11087088    0.02%  x(c46_1_c44_1) N 262161 261908     32
 262822  9333        cutoff          20451.0000    20448.0000 11098080    0.01%   x(c8_5_c26_5) U 262822 262818     34
 263491  8867        cutoff          20451.0000    20448.1000 11109085    0.01%  x(c26_2_c22_2) U 263491 164091     28
 264176  8407    20448.4106   213    20451.0000    20448.2045 11119727    0.01%  x(c30_1_c38_1) N 264176 264175     79
 264868  7942        cutoff          20451.0000    20448.3159 11129387    0.01%   x(c21_5_c8_5) U 264868 264552     30
 265558  7475        cutoff          20451.0000    20448.4247 11139150    0.01%  x(c18_1_c25_1) D 265558  17895     90
 266242  6995        cutoff          20451.0000    20448.5378 11149282    0.01%  x(c48_3_c13_3) D 266242 261896     52
 266943  6481    20448.6582   281    20451.0000    20448.6534 11158215    0.01%  x(c23_1_c25_1) N 266943 254703     56
 267642  5985    20449.4301   176    20451.0000    20448.7797 11167392    0.01%   x(c44_5_c7_5) N 267642 205192     69
Elapsed time = 1113.51 sec. (2225346.95 ticks, tree = 21.09 MB, solutions = 2)
 268366  5434    20448.9114   188    20451.0000    20448.9119 11175882    0.01%  x(c23_1_c18_1) N 268366 241440     85

Clique cuts applied:  43
Cover cuts applied:  243
Flow cuts applied:  5
Mixed integer rounding cuts applied:  33
Zero-half cuts applied:  11
Gomory fractional cuts applied:  6
User cuts applied:  854

Root node processing (before b&c):
  Real time             =    1.07 sec. (2519.92 ticks)
Sequential b&c:
  Real time             = 1114.34 sec. (2234045.63 ticks)
                          ------------
Total (root+branch&cut) = 1115.41 sec. (2236565.56 ticks)

