Version identifier: 22.1.0.0 | 2022-03-09 | 1a383f8ce
CPXPARAM_Preprocessing_Reduce                    0
CPXPARAM_Threads                                 1
CPXPARAM_Preprocessing_Reformulations            0
CPXPARAM_Emphasis_MIP                            2
CPXPARAM_TimeLimit                               7200
CPXPARAM_MIP_Tolerances_AbsMIPGap                0.98999999999999999
CPXPARAM_MIP_Limits_TreeMemory                   20000
Legacy callback                                  BbLUID
         Disabling repeat represolve because of lazy constraint/incumbent callback.
1 of 1 MIP starts provided solutions.
MIP start 'm1' defined initial solution with objective 19230.0000.
Tried aggregator 0 times.
Reduced MIP has 3282 rows, 2926 columns, and 17196 nonzeros.
Reduced MIP has 2808 binaries, 0 generals, 0 SOSs, and 0 indicators.
Presolve time = 0.00 sec. (0.93 ticks)
Probing time = 0.00 sec. (2.87 ticks)
Clique table members: 1414.
MIP emphasis: optimality.
MIP search method: traditional branch-and-cut.
Parallel mode: none, using 1 thread.
Root relaxation solution time = 0.00 sec. (5.88 ticks)

        Nodes                                         Cuts/
   Node  Left     Objective  IInf  Best Integer    Best Bound    ItCnt     Gap         Variable B NodeID Parent  Depth

*     0+    0                        19230.0000        0.0000           100.00%
      0     0    15966.9077   241    19230.0000    15966.9077      346   16.97%
      0     0    18273.7541   232    19230.0000      Cuts: 69      506    4.97%
      0     0    18919.1900   246    19230.0000      Cuts: 23      603    1.62%
      0     0    19023.5000   249    19230.0000      Cuts: 10      662    1.07%
      0     0    19061.5000   248    19230.0000       Cuts: 6      691    0.88%
      0     0    19092.5000   249    19230.0000      Cuts: 20      715    0.72%
      0     0    19103.0454   246    19230.0000   ZeroHalf: 3      737    0.66%
      0     0    19109.0000   244    19230.0000       Cuts: 2      744    0.63%
      0     2    19109.0000   244    19230.0000    19109.0000      744    0.63%                        0             0
Elapsed time = 0.33 sec. (764.77 ticks, tree = 0.01 MB, solutions = 1)
      1     3    19109.0000   199    19230.0000    19109.0000      822    0.63%  x(c33_3_c21_3) U      1      0      1
      2     4    19109.0251   169    19230.0000    19109.0000      884    0.63%    x(c4_1_c3_1) D      2      1      2
      4     6    19109.1435   198    19230.0000    19109.0000     1014    0.63%  x(c24_4_c40_4) D      4      2      3
     10    11    19109.5086   191    19230.0000    19109.0000     1198    0.63%  x(c41_4_c34_4) N     10      9      8
     19    18    19109.7357   216    19230.0000    19109.0000     1368    0.63%   x(c9_3_c26_3) D     19     18     16
     32    25    19110.1442   168    19230.0000    19109.0000     1456    0.63%  x(c30_4_c40_4) N     32     31     29
     49    34    19109.1446   160    19230.0000    19109.0000     1906    0.63%  x(c21_3_c17_3) N     49     48      4
     60    39    19109.5154   174    19230.0000    19109.0000     2052    0.63%  x(c26_3_c21_3) N     60     59     15
     81    56    19111.2191   115    19230.0000    19109.0000     2538    0.63%  x(c40_3_c45_3) D     81     80     36
    213   168    19110.1434   256    19230.0000    19109.1163     5365    0.63%  x(c26_3_c16_3) D    213    212     18
Elapsed time = 2.06 sec. (4221.81 ticks, tree = 0.32 MB, solutions = 1)
    328   268    19201.5095   151    19230.0000    19110.9830    10828    0.62%  x(c15_3_c33_3) U    328    230      8
    458   356    19180.3603   212    19230.0000    19114.6340    17292    0.60%  x(c14_1_c22_1) N    458    456     47
    663   461        cutoff          19230.0000    19122.0155    25030    0.56%  x(c40_3_c24_3) U    663    661     39
    878   590    19157.9534   151    19230.0000    19127.0000    33082    0.54%   x(c41_4_c7_4) U    878    234     12
   1000   614    19138.2525   203    19230.0000    19134.4286    39039    0.50%  x(c14_1_c22_1) D   1000    799     31
   1195   715    19201.1190   151    19230.0000    19141.0798    47805    0.46%  x(c21_3_c14_3) U   1195   1170     10
   1433   849    19204.1945   166    19230.0000    19145.8214    55411    0.44%     x(c41_4_Om) U   1433    322     29
   1653   910    19151.9314   123    19230.0000    19152.1626    64427    0.40%   x(c45_3_c3_3) D   1653   1652     50
   1767   949        cutoff          19230.0000    19154.0000    69855    0.40%  x(c14_1_c16_1) U   1767    496     59
   2034  1046        cutoff          19230.0000    19160.4009    78151    0.36%  x(c40_3_c45_3) U   2034   2032     43
Elapsed time = 7.68 sec. (14622.70 ticks, tree = 2.01 MB, solutions = 1)
   2297  1181    19178.0471   158    19230.0000    19164.0000    86387    0.34%  x(c40_3_c24_3) D   2297   1854     15
   2587  1333    19166.2237   208    19230.0000    19166.2091    94138    0.33%  x(c38_4_c45_4) N   2587   2509     34
   2883  1424    19198.1469   134    19230.0000    19169.6926   101625    0.31%  x(c41_4_c34_4) N   2883   2574     14
   3190  1549    19201.8219   204    19230.0000    19172.7855   109697    0.30%  x(c35_4_c40_4) N   3190   2915     20
   3526  1642    19194.7129   198    19230.0000    19175.8254   117696    0.28%  x(c40_3_c24_3) N   3526    615     12
   3877  1716    19180.9379   197    19230.0000    19180.0513   125755    0.26%   x(c6_4_c14_4) D   3877   3876     32
   4255  1763    19215.0500   193    19230.0000    19183.5000   133384    0.24%  x(c26_3_c21_3) N   4255   3735     20
   4611  1781    19222.8000   153    19230.0000    19187.6142   140748    0.22%  x(c40_3_c24_3) N   4611    995     11
   4946  1787    19191.1941   217    19230.0000    19191.0068   148580    0.20%     x(Op_c41_4) D   4946   4945     12
   5277  1790    19217.2283   180    19230.0000    19194.8957   156279    0.18%  x(c34_4_c41_4) U   5277   3645     18
Elapsed time = 13.10 sec. (24200.23 ticks, tree = 3.04 MB, solutions = 1)
   5650  1819    19200.3136   202    19230.0000    19198.0000   162622    0.17%  x(c24_4_c39_4) D   5650   5649     25
   5987  1759    19208.7510   169    19230.0000    19201.0000   169871    0.15%  x(c38_4_c45_4) U   5987    367     30
   6296  1655    infeasible          19230.0000    19203.1270   176469    0.14%  x(c32_3_c12_3) D   6296   6295     22
   6663  1563        cutoff          19230.0000    19205.8509   182325    0.13%  x(c45_3_c47_3) U   6663   5491     37
   6910  1510    19208.9000    91    19230.0000    19208.0000   188223    0.11%   x(c4_2_c43_2) N   6910   6909     12
   7168  1546        cutoff          19230.0000    19209.3969   195621    0.11%  x(c40_3_c24_3) N   7168   6896     14
   7489  1481        cutoff          19230.0000    19211.3499   202039    0.10%   x(c21_3_c9_3) D   7489    921     13
   7805  1542        cutoff          19230.0000    19212.7083   208123    0.09%   x(c3_3_c18_3) U   7805   3016     19
   8138  1493    19216.0379   132    19230.0000    19214.5513   215000    0.08%  x(c30_4_c43_4) N   8138   6845     34
   8445  1366    19216.2194    20    19230.0000    19216.1959   221296    0.07%   x(c18_3_c3_3) N   8445   7982     14
Elapsed time = 18.12 sec. (33763.51 ticks, tree = 2.33 MB, solutions = 1)
   8740  1219    19223.4479   121    19230.0000    19218.1261   228200    0.06%  x(c27_3_c21_3) N   8740   7130     16
   9053  1066    19228.1878   106    19230.0000    19220.0000   234714    0.05%  x(c22_2_c17_2) N   9053   7847     11
   9350   984    19224.2261    98    19230.0000    19221.1185   241313    0.05%   x(c43_2_c4_2) N   9350   7891     19
   9728   772        cutoff          19230.0000    19223.5000   245814    0.03%   x(c43_2_c4_2) D   9728   9726     21
  10000   599    19224.8969   131    19230.0000    19224.7966   249311    0.03%  x(c18_3_c44_3) N  10000   9999     29
  10408   301    19227.8785    89    19230.0000    19227.0599   253674    0.02%  x(c47_3_c20_3) N  10408  10407     39

Clique cuts applied:  36
Cover cuts applied:  33
Flow cuts applied:  3
Mixed integer rounding cuts applied:  8
Zero-half cuts applied:  9
Gomory fractional cuts applied:  8
User cuts applied:  282

Root node processing (before b&c):
  Real time             =    0.33 sec. (764.83 ticks)
Sequential b&c:
  Real time             =   21.02 sec. (39851.47 ticks)
                          ------------
Total (root+branch&cut) =   21.35 sec. (40616.30 ticks)

