Version identifier: 22.1.0.0 | 2022-03-09 | 1a383f8ce
CPXPARAM_Preprocessing_Reduce                    0
CPXPARAM_Threads                                 1
CPXPARAM_Preprocessing_Reformulations            0
CPXPARAM_Emphasis_MIP                            2
CPXPARAM_TimeLimit                               7200
CPXPARAM_MIP_Tolerances_AbsMIPGap                0.98999999999999999
CPXPARAM_MIP_Limits_TreeMemory                   20000
Legacy callback                                  BbLUID
         Disabling repeat represolve because of lazy constraint/incumbent callback.
1 of 1 MIP starts provided solutions.
MIP start 'm1' defined initial solution with objective 37058.0000.
Tried aggregator 0 times.
Reduced MIP has 12732 rows, 11616 columns, and 69776 nonzeros.
Reduced MIP has 11378 binaries, 0 generals, 0 SOSs, and 0 indicators.
Presolve time = 0.00 sec. (3.70 ticks)
Probing time = 0.00 sec. (5.25 ticks)
Clique table members: 3213.
MIP emphasis: optimality.
MIP search method: traditional branch-and-cut.
Parallel mode: none, using 1 thread.
Root relaxation solution time = 0.01 sec. (29.89 ticks)

        Nodes                                         Cuts/
   Node  Left     Objective  IInf  Best Integer    Best Bound    ItCnt     Gap         Variable B NodeID Parent  Depth

*     0+    0                        37058.0000        0.0000           100.00%
      0     0    30911.8944   519    37058.0000    30911.8944      884   16.59%
      0     0    36084.9624   484    37058.0000     Cuts: 138     1260    2.63%
      0     0    36812.5000   480    37058.0000      Cuts: 31     1437    0.66%
      0     0    36939.0000   482    37058.0000      User: 35     1490    0.32%
      0     0    36977.0000   482    37058.0000       Cuts: 4     1535    0.22%
      0     0    36994.0000   484    37058.0000       Cuts: 7     1568    0.17%
      0     0    37006.5000   481    37058.0000   ZeroHalf: 2     1584    0.14%
      0     0    37008.0000   482    37058.0000       Cuts: 4     1616    0.13%
      0     2    37008.0000   388    37058.0000    37008.0000     1616    0.13%                        0             0
Elapsed time = 2.75 sec. (5740.29 ticks, tree = 0.01 MB, solutions = 1)
      1     3    37008.0000   484    37058.0000    37008.0000     1643    0.13%  x(c24_1_c38_1) D      1      0      1
      3     5    37008.0000   477    37058.0000    37008.0000     2115    0.13%  x(c49_1_c35_1) D      3      2      3
      5     7    37009.0000   396    37058.0000    37008.0000     2241    0.13%  x(c49_1_c36_1) D      5      4      5
      6     8    37010.0000   394    37058.0000    37008.0000     2245    0.13%  x(c35_1_c49_1) D      6      5      6
      7     9    37010.0000   472    37058.0000    37008.0000     2339    0.13%  x(c39_1_c49_1) D      7      6      7
      8    10    37032.0000   384    37058.0000    37008.0000     2394    0.13%  x(c39_1_c49_1) N      8      6      7
      9    10    37032.1738   390    37058.0000    37008.0000     2541    0.13%     x(Op_c22_3) N      9      8      8
     11    10    37032.3420   394    37058.0000    37008.0000     2574    0.13%  x(c46_1_c37_1) N     11     10     10
     15    11    37034.7225   331    37058.0000    37008.0000     2616    0.13%  x(c13_1_c47_1) U     15     14     14
     27    17    37023.3669   428    37058.0000    37009.0000     3742    0.13%  x(c47_3_c14_3) N     27     25     10
Elapsed time = 11.57 sec. (21747.12 ticks, tree = 0.18 MB, solutions = 1)
     39    24    37023.9223   354    37058.0000    37009.0000     3988    0.13%  x(c44_3_c35_3) N     39     38     22
     64    38    37012.0216   406    37058.0000    37012.0000     4664    0.12%     x(Op_c22_3) D     64     63      9
     76    49    37012.2193   406    37058.0000    37012.0000     4930    0.12%  x(c36_3_c34_3) D     76     75     21
    100    68    37012.3464   371    37058.0000    37012.0075     5335    0.12%  x(c22_3_c49_3) D    100     99     18
    129    88    37013.3454   447    37058.0000    37013.0000     6915    0.12%     x(c44_1_Om) N    129    128     12
    165   114    37013.6814   341    37058.0000    37013.3496     8148    0.12%  x(c43_1_c33_1) U    165    164     14
    175   123    37013.6975   337    37058.0000    37013.4680     8925    0.12%  x(c42_4_c30_4) D    175    174     24
    202   140    37025.0029   328    37058.0000    37013.5546     9702    0.12%  x(c37_1_c46_1) D    202    201     30
    228   154    37014.4181   394    37058.0000    37014.3032    11979    0.12%  x(c16_3_c44_3) D    228    227     11
    255   176    37038.1519   318    37058.0000    37014.7573    13975    0.12%  x(c30_1_c42_1) U    255    166     16
Elapsed time = 17.02 sec. (32040.45 ticks, tree = 0.97 MB, solutions = 1)
    302   212    37041.3584   344    37058.0000    37015.9438    16615    0.11%  x(c38_1_c37_1) U    302    268     19
    347   244    37016.5530   318    37058.0000    37016.5554    18420    0.11%  x(c49_1_c35_1) U    347      2      3
    420   295    37047.4232   393    37058.0000    37018.0121    20726    0.11%  x(c39_1_c34_1) U    420    229     13
    469   299        cutoff          37058.0000    37020.0000    23140    0.10%  x(c30_1_c23_1) U    469    295     29
    511   311    37034.9522   495    37058.0000    37022.1704    25995    0.10%  x(c32_1_c36_1) D    511    109     14
    583   371    37024.5119   331    37058.0000    37022.9285    27794    0.09%  x(c30_3_c42_3) U    583    581     31
    643   406    37049.3145   329    37058.0000    37024.0000    30114    0.09%  x(c37_1_c46_1) N    643    625     27
    690   429    37046.2935   341    37058.0000    37024.4145    32947    0.09%  x(c36_3_c34_3) N    690    614     16
    738   454    37024.9728   318    37058.0000    37024.8533    35105    0.09%  x(c15_3_c38_3) D    738    737     36
    787   490    37025.3857   434    37058.0000    37025.0543    37717    0.09%  x(c16_3_c44_3) D    787    786     19
Elapsed time = 21.98 sec. (41714.10 ticks, tree = 2.78 MB, solutions = 1)
    836   525        cutoff          37058.0000    37025.7413    39932    0.09%  x(c39_1_c34_1) U    836    834     37
    892   559    37026.5025   439    37058.0000    37026.2920    42673    0.09%   x(c2_1_c42_1) D    892    891     15
    960   601    37026.7336   332    37058.0000    37026.7297    45122    0.08%  x(c39_1_c35_1) D    960    959     12
   1000   621    37027.1574   329    37058.0000    37027.1326    46819    0.08%  x(c36_3_c34_3) D   1000    966     19
   1060   645        cutoff          37058.0000    37027.7809    49747    0.08%   x(c19_3_c3_3) U   1060   1058     26
   1120   667    37028.4205   251    37058.0000    37028.3333    52776    0.08%   x(c42_1_c2_1) D   1120   1119     22
   1178   691    37043.8096   320    37058.0000    37029.0000    55985    0.08%  x(c38_3_c39_3) U   1178    157     38
   1238   682    37034.1028   493    37058.0000    37029.4230    59267    0.08%     x(Op_c32_3) D   1238    493      7
   1290   699    37038.0788   437    37058.0000    37030.0737    62885    0.08%  x(c38_1_c37_1) N   1290    713      5
   1354   734    37031.3165   258    37058.0000    37030.7195    65286    0.07%  x(c47_3_c14_3) U   1354   1300     22
Elapsed time = 27.43 sec. (52421.03 ticks, tree = 4.41 MB, solutions = 1)
   1415   772    37031.3781   407    37058.0000    37031.3340    68355    0.07%  x(c31_1_c23_1) U   1415   1413     13
   1477   800    37033.0859   489    37058.0000    37032.0000    71163    0.07%     x(Op_c22_3) N   1477     62      9
   1520   811    37032.4623   251    37058.0000    37032.4357    74090    0.07%  x(c38_1_c24_1) N   1520   1519     16
   1604   861        cutoff          37058.0000    37032.8187    76909    0.07%   x(c5_3_c38_3) U   1604   1316     34
   1676   870        cutoff          37058.0000    37033.2475    79277    0.07%     x(Op_c32_3) U   1676   1542     16
   1748   900    37033.9059   257    37058.0000    37033.8634    82142    0.07%  x(c38_1_c24_1) D   1748   1747     18
   1800   901    37041.7076   407    37058.0000    37034.0000    85853    0.06%  x(c39_1_c38_1) U   1800    236     20
   1858   909        cutoff          37058.0000    37034.3729    88456    0.06%  x(c10_3_c33_3) U   1858   1218     32
   1931   904    37055.0775   318    37058.0000    37035.2101    90798    0.06%  x(c38_1_c15_1) U   1931    753      5
   1982   908    37036.7848   341    37058.0000    37035.8688    93769    0.06%  x(c37_1_c48_1) N   1982   1981     37
Elapsed time = 32.30 sec. (62085.78 ticks, tree = 5.38 MB, solutions = 1)
   2051   915    37038.2347   408    37058.0000    37036.7097    96386    0.06%  x(c33_3_c10_3) D   2051    266     25
   2135   931    37037.0244   334    37058.0000    37037.0530    99208    0.06%  x(c38_1_c48_1) N   2135   2033     14
   2221   947        cutoff          37058.0000    37037.8346   101736    0.05%  x(c15_3_c38_3) U   2221   1320     35
   2295   971    37038.4294   249    37058.0000    37038.2575   104987    0.05%   x(c15_3_c4_3) D   2295   2051     26
   2375   976    infeasible          37058.0000    37038.6627   107457    0.05%   x(c24_1_c6_1) D   2375   2296     28
   2450   998    37039.2050   325    37058.0000    37038.9961   109358    0.05%  x(c36_3_c34_3) N   2450   2449     25
   2537  1003    37042.4262   325    37058.0000    37039.2833   111870    0.05%  x(c30_3_c42_3) D   2537   2535     16
   2599  1031    37053.2789   248    37058.0000    37039.6596   114839    0.05%  x(c39_1_c35_1) N   2599   1323     25
   2692  1041        cutoff          37058.0000    37040.0000   117429    0.05%  x(c24_3_c37_3) U   2692   1511     34
   2755  1042        cutoff          37058.0000    37040.2721   120020    0.05%  x(c49_1_c34_1) U   2755   2583     17
Elapsed time = 36.82 sec. (71727.70 ticks, tree = 6.28 MB, solutions = 1)
   2831  1038    37045.3436   308    37058.0000    37040.6267   122464    0.05%   x(c19_3_c3_3) N   2831   1476     10
   2930  1059    37041.5623   481    37058.0000    37041.0470   125363    0.05%     x(Op_c22_3) U   2930   1237      8
   3000  1077    37041.7350   332    37058.0000    37041.3837   127635    0.04%  x(c37_1_c46_1) N   3000   1026     20
   3073  1084    37042.0164   329    37058.0000    37041.7023   130308    0.04%  x(c15_3_c38_3) N   3073   2285     19
   3158  1087    37043.4529   465    37058.0000    37042.1115   133091    0.04%  x(c47_3_c14_3) D   3158    772      9
   3260  1074    37052.9205   314    37058.0000    37042.6937   135293    0.04%  x(c24_3_c38_3) U   3260   2124     30
   3346  1062    37044.5536   417    37058.0000    37043.0660   138020    0.04%  x(c47_3_c14_3) U   3346    772      9
   3440  1052        cutoff          37058.0000    37043.7188   140094    0.04%  x(c37_1_c24_1) U   3440   2732     33
   3544  1052    37044.7205   312    37058.0000    37044.3067   142151    0.04%  x(c38_1_c40_1) U   3544   3186     30
   3636  1054    37046.1155   247    37058.0000    37044.8527   144761    0.04%  x(c36_1_c34_1) N   3636   3520     21
Elapsed time = 42.57 sec. (84257.14 ticks, tree = 6.46 MB, solutions = 1)
   3735  1048    37045.3673   320    37058.0000    37045.3261   146847    0.03%     x(c49_1_Om) D   3735   3734     20
   3825  1042        cutoff          37058.0000    37045.7358   149191    0.03%  x(c15_1_c48_1) U   3825    739     38
   3899  1021    37049.3369   447    37058.0000    37046.0527   151472    0.03%  x(c32_3_c22_3) N   3899   2363     10
   3996  1015        cutoff          37058.0000    37046.5691   153484    0.03%  x(c37_1_c38_1) U   3996   3995     30
   4080   991    37047.5761   487    37058.0000    37047.0416   155643    0.03%     x(Op_c22_3) N   4080   3028     14
   4178   977    37047.5759   336    37058.0000    37047.5761   157721    0.03%  x(c37_1_c46_1) N   4178   3959     14
   4266   936        cutoff          37058.0000    37048.0000   160028    0.03%   x(c15_3_c4_3) U   4266   2335     13
   4366   902        cutoff          37058.0000    37048.4366   162149    0.03%   x(c5_3_c38_3) U   4366   3351     20
   4443   889    37048.7539   332    37058.0000    37048.7343   164183    0.03%  x(c15_1_c48_1) N   4443   4417     41
   4540   849        cutoff          37058.0000    37049.2461   166491    0.02%  x(c36_3_c32_3) U   4540   1395     29
Elapsed time = 46.82 sec. (93868.89 ticks, tree = 5.36 MB, solutions = 1)
   4639   807    37049.9843   398    37058.0000    37049.7327   168560    0.02%  x(c37_1_c46_1) N   4639   4638     13
   4720   770    37051.4669   266    37058.0000    37050.1150   171092    0.02%   x(c24_1_c6_1) N   4720   4559     23
   4819   735        cutoff          37058.0000    37050.6810   172888    0.02%     x(c49_1_Om) U   4819   3638     14
   4920   682    37051.3189   333    37058.0000    37051.2000   175025    0.02%  x(c35_3_c44_3) N   4920   3286     15
   5014   642    37051.6635   363    37058.0000    37051.6635   177316    0.02%     x(Op_c32_3) N   5014   4891     13
   5127   575    37053.5269   344    37058.0000    37052.4730   178956    0.01%  x(c37_1_c48_1) D   5127   4342     40
   5213   514    37054.8621   308    37058.0000    37052.7581   181091    0.01%  x(c38_1_c40_1) N   5213   5212     33
   5309   442    37053.2721   324    37058.0000    37053.2749   182939    0.01%  x(c36_1_c34_1) N   5309   3779     16
   5402   397    infeasible          37058.0000    37053.8484   185056    0.01%  x(c37_1_c46_1) N   5402   3377     21

Clique cuts applied:  42
Cover cuts applied:  28
Flow cuts applied:  28
Mixed integer rounding cuts applied:  20
Zero-half cuts applied:  5
Gomory fractional cuts applied:  6
User cuts applied:  338

Root node processing (before b&c):
  Real time             =    2.74 sec. (5736.17 ticks)
Sequential b&c:
  Real time             =   48.12 sec. (97978.66 ticks)
                          ------------
Total (root+branch&cut) =   50.87 sec. (103714.84 ticks)

