Version identifier: 22.1.0.0 | 2022-03-09 | 1a383f8ce
CPXPARAM_Preprocessing_Reduce                    0
CPXPARAM_Threads                                 1
CPXPARAM_Preprocessing_Reformulations            0
CPXPARAM_Emphasis_MIP                            2
CPXPARAM_TimeLimit                               7200
CPXPARAM_MIP_Tolerances_AbsMIPGap                0.98999999999999999
CPXPARAM_MIP_Limits_TreeMemory                   20000
Legacy callback                                  BbLUID
         Disabling repeat represolve because of lazy constraint/incumbent callback.
1 of 1 MIP starts provided solutions.
MIP start 'm1' defined initial solution with objective 16855.0000.
Tried aggregator 0 times.
Reduced MIP has 2686 rows, 2522 columns, and 14684 nonzeros.
Reduced MIP has 2436 binaries, 0 generals, 0 SOSs, and 0 indicators.
Presolve time = 0.00 sec. (0.79 ticks)
Probing time = 0.00 sec. (2.84 ticks)
Clique table members: 1224.
MIP emphasis: optimality.
MIP search method: traditional branch-and-cut.
Parallel mode: none, using 1 thread.
Root relaxation solution time = 0.00 sec. (4.71 ticks)

        Nodes                                         Cuts/
   Node  Left     Objective  IInf  Best Integer    Best Bound    ItCnt     Gap         Variable B NodeID Parent  Depth

*     0+    0                        16855.0000        0.0000           100.00%
      0     0    13335.1230   173    16855.0000    13335.1230      287   20.88%
      0     0    16143.8751   175    16855.0000      Cuts: 50      410    4.22%
      0     0    16492.0000   170    16855.0000      Cuts: 36      478    2.15%
      0     0    16627.0000   166    16855.0000       Cuts: 7      537    1.35%
      0     0    16662.0000   174    16855.0000       Cuts: 6      602    1.15%
      0     0    16679.5000   181    16855.0000       Cuts: 2      635    1.04%
      0     0    16690.0000   172    16855.0000       Cuts: 7      650    0.98%
      0     0    16701.5000   179    16855.0000      Cuts: 10      696    0.91%
      0     0    16702.0000   175    16855.0000       Cuts: 7      718    0.91%
      0     0    16702.0000   116    16855.0000       Cuts: 4      720    0.91%
      0     0    16702.0000   174    16855.0000     Covers: 1      764    0.91%
      0     2    16702.0000   116    16855.0000    16702.0000      764    0.91%                        0             0
Elapsed time = 0.38 sec. (822.89 ticks, tree = 0.01 MB, solutions = 1)
      1     3    16702.0000   116    16855.0000    16702.0000      831    0.91%  x(c10_3_c19_3) U      1      0      1
      5     7    16702.1097   119    16855.0000    16702.0000     1034    0.91%  x(c39_3_c10_3) D      5      4      4
     12    14    16702.4722   148    16855.0000    16702.0000     1145    0.91%  x(c29_3_c26_3) N     12     11     11
     20    19    16703.2231    80    16855.0000    16702.0000     1587    0.91%  x(c24_3_c11_3) D     20     19     18
     32    25    16709.3999   135    16855.0000    16702.0000     1680    0.91%  x(c28_3_c11_3) N     32     31     30
     42    30    16702.4163   152    16855.0000    16702.0000     1997    0.91%  x(c11_3_c25_3) D     42     41      6
     56    44    16771.1592    89    16855.0000    16702.0000     2347    0.91%  x(c17_2_c45_2) N     56     54     18
     70    57    16703.0961   146    16855.0000    16702.0000     2493    0.91%  x(c34_2_c46_2) D     70     69     31
     96    75    16703.7206   154    16855.0000    16702.0000     2577    0.91%  x(c49_2_c34_2) D     96     95     57
    200   149    16703.5651   116    16855.0000    16702.6496     3661    0.90%  x(c46_2_c35_2) D    200    199     47
Elapsed time = 2.20 sec. (4847.26 ticks, tree = 0.56 MB, solutions = 1)
    258   193    16840.1743    92    16855.0000    16710.0000    11245    0.86%  x(c11_3_c25_3) U    258    139      5
    367   284    16735.0768   107    16855.0000    16718.2840    17227    0.81%  x(c39_3_c10_3) U    367    365      6
    520   429    16721.8566   149    16855.0000    16721.6682    23577    0.79%  x(c36_2_c32_2) D    520    519     26
    697   594    16730.0272   109    16855.0000    16723.0639    30544    0.78%  x(c16_1_c20_1) N    697    695     19
    825   708    16724.9071    87    16855.0000    16724.0764    35646    0.78%  x(c23_1_c16_1) D    825    824     16
    983   853    16782.9332   104    16855.0000    16724.7665    42270    0.77%  x(c18_2_c32_2) U    983    880     26
   1000   870    16725.2945   127    16855.0000    16724.7806    42563    0.77%  x(c31_2_c45_2) D   1000    999     36
   1147   997    16760.0496    97    16855.0000    16725.5284    49404    0.77%  x(c17_3_c42_3) U   1147   1145     75
   1260  1086    16726.7789   118    16855.0000    16726.1850    54475    0.76%  x(c31_2_c45_2) D   1260   1259     26
   1411  1208    16727.2419    86    16855.0000    16727.2056    60449    0.76%  x(c35_2_c49_2) D   1411   1410     78
Elapsed time = 7.48 sec. (15008.57 ticks, tree = 3.06 MB, solutions = 1)
   1519  1295    16728.1541   118    16855.0000    16728.1171    67590    0.75%  x(c10_3_c15_3) D   1519    368      9
   1630  1397    16762.0764   138    16855.0000    16729.1167    75584    0.75%   x(c4_2_c24_2) U   1630    854     11
   1800  1513    16790.5558   110    16855.0000    16731.0611    83441    0.74%  x(c11_3_c28_3) D   1800   1125     55
   2084  1749    16787.0769    93    16855.0000    16733.0738    89625    0.72%  x(c23_3_c50_3) U   2084   2082     61
   2349  1950    16777.6501   129    16855.0000    16735.3003    97658    0.71%   x(c24_2_c4_2) U   2349   2347     60
   2651  2212    16772.4368   102    16855.0000    16737.7367   105670    0.70%  x(c24_3_c25_3) U   2651   2169     21
   2973  2466        cutoff          16855.0000    16739.4202   113601    0.69%  x(c34_1_c16_1) U   2973   2958     36
   3249  2661    16740.8807    82    16855.0000    16740.5726   121744    0.68%  x(c34_2_c32_2) D   3249   3248     82
   3576  2922    16806.6626    91    16855.0000    16741.6476   129325    0.67%  x(c36_2_c49_2) U   3576   3111     19
   3950  3223    16743.6838   125    16855.0000    16742.7973   136906    0.67%  x(c31_2_c50_2) D   3950   3949     37
Elapsed time = 13.01 sec. (24590.05 ticks, tree = 7.10 MB, solutions = 1)
   4315  3526    16768.5850   100    16855.0000    16743.6084   143828    0.66%  x(c26_3_c25_3) U   4315   4081     44
   4581  3693    16779.6719    48    16855.0000    16744.5878   151660    0.66%   x(c32_1_c3_1) D   4581   4231     88
   4846  3901        cutoff          16855.0000    16745.3526   159788    0.65%   x(c38_2_c4_2) U   4846   3933     21
   5000  3992    16747.6171   150    16855.0000    16746.0000   165001    0.65%  x(c42_3_c23_3) D   5000   4999      8
   5359  4275    16746.9381   131    16855.0000    16746.9278   172571    0.64%   x(c4_2_c24_2) D   5359   1362     13
   5589  4407        cutoff          16855.0000    16747.0634   181231    0.64%     x(Op_c44_2) U   5589   3311    140
   5828  4562    16838.1158    36    16855.0000    16748.1195   189403    0.63%  x(c49_2_c35_2) N   5828   5722     95
   6000  4690    16749.2325    76    16855.0000    16748.3861   192823    0.63%  x(c40_2_c24_2) D   6000   5999     65
   6234  4839    16787.6763   152    16855.0000    16749.4468   201737    0.63%  x(c34_2_c36_2) N   6234   5848     29
   6476  4996    16751.2001    93    16855.0000    16750.3557   210126    0.62%  x(c24_2_c38_2) D   6476   6475     52
Elapsed time = 18.76 sec. (34981.87 ticks, tree = 9.33 MB, solutions = 1)
   6730  5112    16751.7512    96    16855.0000    16751.4494   218933    0.61%   x(c4_1_c12_1) D   6730   6729     81
   6987  5291    16752.3696   120    16855.0000    16752.3088   226968    0.61%  x(c46_2_c40_2) N   6987   6556     29
   7306  5511        cutoff          16855.0000    16753.0000   234385    0.61%  x(c32_1_c31_1) U   7306   2108     66
   7564  5638    16753.5958   105    16855.0000    16753.5958   242712    0.60%   x(c5_2_c38_2) D   7564   6690     20
   7839  5831    16754.4746    99    16855.0000    16754.0787   250293    0.60%  x(c32_1_c31_1) D   7839   7838     47
   8113  6023    16846.2857    52    16855.0000    16754.5822   258014    0.60%     x(c23_1_Om) N   8113   7380     23
   8413  6253    16755.9504    67    16855.0000    16755.1045   265959    0.59%     x(Op_c23_1) D   8413   8412    103
   8647  6400    16760.6642    86    16855.0000    16755.7399   274370    0.59%  x(c16_1_c20_1) U   8647   8646     69
   8954  6595        cutoff          16855.0000    16756.2090   282169    0.59%     x(c23_3_Om) U   8954   8693     39
   9000  6626    16756.9548   114    16855.0000    16756.3095   283564    0.59%  x(c44_2_c16_2) D   9000   8999     37
Elapsed time = 24.40 sec. (45254.07 ticks, tree = 11.47 MB, solutions = 1)
   9252  6792    16768.2000    92    16855.0000    16756.7386   291316    0.58%  x(c34_2_c36_2) U   9252   9250     25
   9502  6928        cutoff          16855.0000    16757.3236   300231    0.58%  x(c46_2_c34_2) U   9502   6477     54
   9821  7139    16758.2000    84    16855.0000    16757.8531   307614    0.58%  x(c18_2_c45_2) D   9821   8957     15
  10077  7236    16758.6221    76    16855.0000    16758.1138   315703    0.57%  x(c10_3_c37_3) D  10077  10076     67
  10425  7482    16809.7928   114    16855.0000    16758.5419   323173    0.57%  x(c23_3_c50_3) U  10425   9666     30
  10665  7597    16793.1667    91    16855.0000    16759.0506   331665    0.57%  x(c38_2_c40_2) N  10665   1849      8
  10959  7804    16759.9887   111    16855.0000    16759.4612   339495    0.57%   x(c4_2_c38_2) D  10959  10958     32
  11210  7935    16795.9277    91    16855.0000    16759.9200   347606    0.56%  x(c34_2_c36_2) U  11210  11150     34
  11451  8045        cutoff          16855.0000    16760.0476   356077    0.56%  x(c16_1_c30_1) U  11451  11449     25
  11742  8244        cutoff          16855.0000    16760.3806   363233    0.56%  x(c40_2_c49_2) U  11742  11740     87
Elapsed time = 30.41 sec. (54815.31 ticks, tree = 14.04 MB, solutions = 1)
  12054  8457    16797.7815    77    16855.0000    16760.8307   370713    0.56%     x(Op_c31_1) U  12054   6501     81
  12376  8674    16761.2582   109    16855.0000    16761.2097   378328    0.56%   x(c5_3_c11_3) D  12376  12375     48
  12616  8808        cutoff          16855.0000    16761.6714   386793    0.55%  x(c31_3_c19_3) U  12616  10762     39
  12870  8937    16852.7085    91    16855.0000    16762.0969   394730    0.55%  x(c34_2_c38_2) U  12870  11673     53
  13000  8994    16763.1508   100    16855.0000    16762.4050   399460    0.55%  x(c38_2_c46_2) D  13000  12999     48
  13329  9256    16763.2230   116    16855.0000    16762.7500   406780    0.55%   x(c46_2_c5_2) D  13329  13328     30
  13558  9324        cutoff          16855.0000    16763.0000   415384    0.55%  x(c31_2_c50_2) U  13558    498     31
  13813  9422        cutoff          16855.0000    16763.1977   422996    0.54%  x(c38_2_c46_2) U  13813  10134     39
  14077  9581    16826.5304    83    16855.0000    16763.6459   431376    0.54%  x(c16_2_c44_2) U  14077   6695     13
  14335  9734        cutoff          16855.0000    16763.9999   439216    0.54%  x(c16_2_c44_2) U  14335  13823     22
Elapsed time = 38.13 sec. (65814.22 ticks, tree = 16.03 MB, solutions = 1)
  14552  9716    16822.7946   101    16855.0000    16764.0000   446939    0.54%   x(c24_2_c4_2) D  14552  14551     51
  14791  9776    16801.3630    52    16855.0000    16764.3968   455479    0.54%     x(Op_c31_2) U  14791  13269     34
  15049  9904    16765.6699    87    16855.0000    16764.8603   463539    0.53%  x(c35_2_c24_2) D  15049  15048     78
  15333 10072    16766.0898   160    16855.0000    16765.3162   471364    0.53%  x(c34_2_c36_2) D  15333  15332     36
  15628 10275    16765.9204    93    16855.0000    16765.7128   478971    0.53%  x(c16_1_c20_1) D  15628   9577     21
  15948 10486    16804.2920    93    16855.0000    16766.0617   486059    0.53%  x(c36_2_c34_2) U  15948   5266     36
  16183 10596    16789.5086    82    16855.0000    16766.4985   494637    0.53%   x(c38_2_c5_2) U  16183  13741     29
  16449 10746    16803.8160    27    16855.0000    16766.8298   502572    0.52%  x(c36_2_c44_2) U  16449  15674     35
  16666 10726        cutoff          16855.0000    16767.0000   510965    0.52%   x(c5_2_c46_2) U  16666   4074     37
  16936 10881        cutoff          16855.0000    16767.3923   518839    0.52%  x(c48_2_c46_2) U  16936  16934     23
Elapsed time = 44.12 sec. (75370.84 ticks, tree = 17.62 MB, solutions = 1)
  17252 11104    16767.8444   123    16855.0000    16767.7208   526136    0.52%  x(c18_2_c32_2) D  17252  17251     36
  17518 11227        cutoff          16855.0000    16768.0000   533984    0.52%  x(c17_2_c32_2) U  17518   3124     32
  17773 11201        cutoff          16855.0000    16768.1166   542196    0.52%  x(c34_2_c46_2) U  17773  12792     68
  17999 11290        cutoff          16855.0000    16768.4492   550689    0.51%  x(c25_1_c16_1) U  17999  17997     42
  18276 11452    16829.4623    43    16855.0000    16768.7994   559059    0.51%  x(c31_2_c50_2) U  18276   6903     64
  18509 11531    16848.9939    31    16855.0000    16769.1847   568142    0.51%  x(c48_1_c25_1) N  18509  18327     40
  18777 11627    16771.0000    90    16855.0000    16769.6682   576418    0.51%  x(c17_3_c42_3) N  18777  12033     28
  19062 11785        cutoff          16855.0000    16770.0860   585084    0.50%  x(c46_2_c34_2) U  19062  18872     46
  19382 11972    16816.2699    57    16855.0000    16770.4181   593031    0.50%  x(c48_2_c24_2) U  19382  19381     45
  19655 12116        cutoff          16855.0000    16770.8200   601185    0.50%   x(c46_2_c5_2) U  19655  19310     34
Elapsed time = 49.68 sec. (84948.55 ticks, tree = 19.36 MB, solutions = 1)
  19905 12222    16814.5560    79    16855.0000    16771.0000   609649    0.50%  x(c34_1_c16_1) N  19905  19903     47
  20167 12363    16771.9943   145    16855.0000    16771.1767   618008    0.50%  x(c34_2_c36_2) D  20167  20166     34
  20476 12537    16771.6157    88    16855.0000    16771.5413   625663    0.50%  x(c10_3_c24_3) D  20476  20475     56
  20737 12659    16853.6674    81    16855.0000    16771.8940   634192    0.49%   x(c5_2_c38_2) U  20737  14108     54
  20988 12730    16772.3044    29    16855.0000    16772.1333   642433    0.49%  x(c38_3_c15_3) D  20988  20987     51
  21289 12911    16839.5749   120    16855.0000    16772.4501   650385    0.49%  x(c18_2_c45_2) U  21289  14735     31
  21595 13091    16821.7829   109    16855.0000    16772.7542   658746    0.49%  x(c23_3_c50_3) U  21595  18359     44
  21841 13222    16844.8992    82    16855.0000    16773.0000   666773    0.49%  x(c16_1_c30_1) U  21841   2341     54
  22037 13280    16788.7500    54    16855.0000    16773.2500   676086    0.49%  x(c16_1_c20_1) U  22037  22036     39
  23145 13825        cutoff          16855.0000    16774.5645   709743    0.48%  x(c16_1_c30_1) U  23145  19752     57
Elapsed time = 56.96 sec. (97369.36 ticks, tree = 21.77 MB, solutions = 1)
  24259 14459    16839.2201    99    16855.0000    16775.7811   742189    0.47%  x(c16_1_c30_1) N  24259  24257     35
  25286 14906    16850.1641    61    16855.0000    16776.8440   774248    0.46%  x(c34_1_c15_1) U  25286  24251     50
  26468 15394    16845.6627    96    16855.0000    16777.9045   807066    0.46%  x(c17_2_c45_2) N  26468  24995     17
  27589 15913    16779.9952    88    16855.0000    16778.8104   838424    0.45%  x(c16_1_c30_1) D  27589  27588     63
  28783 16479    16840.0392    79    16855.0000    16779.6999   869444    0.45%  x(c36_2_c38_2) U  28783  23948     36
  29906 17021    16780.7016   133    16855.0000    16780.6408   901555    0.44%  x(c46_2_c16_2) N  29906   9503     24
  31000 17668    16781.4331    48    16855.0000    16781.4344   929811    0.44%   x(c46_2_c5_2) N  31000   6545     44
  32136 18247    16783.7495   100    16855.0000    16782.0429   958469    0.43%  x(c35_2_c48_2) N  32136  30465     76
  33243 18728    16802.2023   141    16855.0000    16782.8020   988355    0.43%  x(c36_2_c44_2) U  33243  27714     34
  34346 18885        cutoff          16855.0000    16783.2772  1018852    0.43%  x(c24_2_c46_2) U  34346  30029     34
Elapsed time = 78.74 sec. (135831.33 ticks, tree = 29.69 MB, solutions = 1)
  35541 19377    16825.2690    57    16855.0000    16784.0147  1048273    0.42%  x(c34_1_c16_1) U  35541  15891     44
  36721 19963    16785.2203    99    16855.0000    16784.7826  1077917    0.42%  x(c20_2_c18_2) D  36721  36720     32
  37891 20498    16785.6591    79    16855.0000    16785.4987  1107019    0.41%   x(c6_3_c10_3) D  37891  37890    132
  38999 20955        cutoff          16855.0000    16786.1745  1137393    0.41%  x(c36_2_c49_2) U  38999  38997     89
  40164 21472    16801.0749   124    16855.0000    16786.8260  1166758    0.40%  x(c34_2_c36_2) U  40164  33015     55
  41400 22088    16787.8959    99    16855.0000    16787.4497  1194335    0.40%  x(c44_2_c40_2) D  41400  41399     60
  42646 22638    16795.5250    96    16855.0000    16788.0741  1222950    0.40%  x(c13_1_c16_1) N  42646  35325     35
  43468 23006    infeasible          16855.0000    16788.5226  1243882    0.39%  x(c42_3_c17_3) D  43468  43467     32
  44618 23452        cutoff          16855.0000    16789.1174  1272420    0.39%  x(c10_3_c36_3) U  44618  41963     42
  45872 24056        cutoff          16855.0000    16789.6708  1300585    0.39%   x(c4_2_c48_2) U  45872  42950     31
Elapsed time = 100.09 sec. (173998.51 ticks, tree = 37.15 MB, solutions = 1)
  46937 24377    16799.5882   105    16855.0000    16790.1411  1330273    0.38%  x(c14_2_c27_2) N  46937   1729      9
  48143 24975    16815.6591    65    16855.0000    16790.6432  1359798    0.38%  x(c13_1_c16_1) U  48143   9857     68
  49211 25395    16852.4416   128    16855.0000    16791.1647  1389477    0.38%   x(c24_2_c4_2) N  49211  44912     56
  50349 25862    16810.5243    87    16855.0000    16791.6892  1418704    0.38%   x(c38_2_c5_2) U  50349  44112     21
  51448 26188    16792.4095   128    16855.0000    16792.2323  1447503    0.37%  x(c40_2_c46_2) D  51448  49978     54
  52223 26521    16799.2624   117    16855.0000    16792.5712  1466185    0.37%  x(c50_3_c44_3) D  52223  26308     58
  53414 26974        cutoff          16855.0000    16793.0897  1494723    0.37%  x(c24_2_c46_2) U  53414  39683     38
  54510 27395    16801.3237    73    16855.0000    16793.6167  1523400    0.36%   x(c4_1_c12_1) N  54510  54509     43
  55641 27813        cutoff          16855.0000    16794.1138  1551330    0.36%  x(c16_1_c23_1) U  55641  36258     60
  56748 28248    16833.4880    85    16855.0000    16794.6632  1579721    0.36%     x(c31_2_Om) U  56748  51518     26
Elapsed time = 121.53 sec. (212164.80 ticks, tree = 43.34 MB, solutions = 1)
  57775 28464    16846.6689   159    16855.0000    16795.0000  1608817    0.36%   x(c11_3_c6_3) N  57775     42      7
  58848 28854    16826.0394   114    16855.0000    16795.4441  1637282    0.35%   x(c48_2_c4_2) U  58848  49495     33
  59955 29268    16796.5185   113    16855.0000    16795.9270  1665798    0.35%  x(c46_2_c16_2) U  59955  59954     33
  61000 29671    16810.4381    72    16855.0000    16796.3506  1691319    0.35%     x(Op_c31_2) U  61000  59424     36
  62120 30081    16842.9850    58    16855.0000    16796.8230  1719109    0.35%  x(c10_1_c33_1) N  62120  61289     57
  63231 30433    16820.8040    81    16855.0000    16797.2831  1746546    0.34%  x(c16_1_c20_1) D  63231  63229     50
  64439 30923    16817.4379    62    16855.0000    16797.7663  1773418    0.34%  x(c35_2_c44_2) D  64439  64438     45
  65555 31256    16834.2426    95    16855.0000    16798.2018  1800828    0.34%  x(c48_1_c15_1) D  65555   8241     36
  66627 31591    16844.5000    78    16855.0000    16798.7059  1828932    0.33%     x(c31_2_Om) N  66627  63247     34
  67727 32010    16811.7590   100    16855.0000    16799.1680  1857016    0.33%  x(c16_1_c20_1) D  67727  67725     79
Elapsed time = 143.61 sec. (251974.56 ticks, tree = 48.95 MB, solutions = 1)
  68797 32350        cutoff          16855.0000    16799.6779  1884879    0.33%  x(c13_1_c16_1) U  68797  46968     84
  69850 32650        cutoff          16855.0000    16800.1266  1913107    0.33%  x(c23_3_c42_3) U  69850  51544     33
  70954 33084        cutoff          16855.0000    16800.5816  1940088    0.32%  x(c46_2_c34_2) U  70954  46217     43
  72000 33482    16809.0776    76    16855.0000    16800.9789  1964017    0.32%  x(c31_3_c17_3) U  72000  18759     15
  72945 33445    16801.4223   138    16855.0000    16801.2846  1990359    0.32%  x(c10_3_c37_3) N  72945  72944     51
  74030 33774        cutoff          16855.0000    16801.6944  2017512    0.32%  x(c46_2_c16_2) U  74030  64515     23
  75102 34038    16802.0772   107    16855.0000    16802.0778  2043430    0.31%   x(c38_2_c4_2) D  75102  73262     67
  76094 34326    16823.3995    87    16855.0000    16802.4880  2070756    0.31%  x(c36_2_c34_2) N  76094  75644     16
  77113 34565    16833.1177   121    16855.0000    16802.9339  2097945    0.31%     x(Op_c31_2) U  77113  64929     27
  78141 34787        cutoff          16855.0000    16803.4031  2124827    0.31%     x(Op_c50_2) U  78141  46158     39
Elapsed time = 164.65 sec. (290959.99 ticks, tree = 54.58 MB, solutions = 1)
  79000 35085    16803.8467    88    16855.0000    16803.7336  2147507    0.30%  x(c28_2_c46_2) D  79000  78999     53
  79983 35209        cutoff          16855.0000    16804.0752  2175079    0.30%  x(c16_1_c48_1) U  79983  66239     64
  80959 35492    16826.4063   114    16855.0000    16804.4654  2201761    0.30%  x(c16_1_c23_1) N  80959  59360     78
  81963 35777        cutoff          16855.0000    16804.8806  2229036    0.30%  x(c17_2_c32_2) U  81963  63335     45
  83051 35915    16844.0561    60    16855.0000    16805.2680  2254463    0.30%     x(c31_1_Om) N  83051  70634     29
  84079 36155    16815.0363    97    16855.0000    16805.6954  2281108    0.29%     x(c23_1_Om) N  84079  36247     41
  85126 36417        cutoff          16855.0000    16806.1589  2307735    0.29%  x(c42_3_c31_3) U  85126  56785     39
  86177 36698    16809.8874    87    16855.0000    16806.5676  2334087    0.29%  x(c16_1_c30_1) N  86177  45511     95
  87212 36883        cutoff          16855.0000    16807.0000  2359998    0.28%  x(c46_2_c16_2) U  87212  87210     16
  88270 37152    16845.6234    78    16855.0000    16807.3423  2384959    0.28%  x(c36_2_c44_2) U  88270  88268     23
Elapsed time = 185.66 sec. (330799.70 ticks, tree = 58.17 MB, solutions = 1)
  89315 37410        cutoff          16855.0000    16807.7665  2410812    0.28%   x(c4_2_c38_2) U  89315  85704     30
  90361 37513        cutoff          16855.0000    16808.1211  2435321    0.28%  x(c42_3_c31_3) U  90361  16693     33
  91379 37749        cutoff          16855.0000    16808.5000  2461767    0.28%   x(c4_2_c40_2) U  91379  87233     44
  92407 38006        cutoff          16855.0000    16808.8668  2487606    0.27%     x(Op_c19_3) U  92407  92405     23
* 93000+23082                        16833.0000    16809.0142             0.14%
  93061 23097        cutoff          16833.0000    16809.0323  2503438    0.14%  x(c38_2_c36_2) U  93061  84854     45
  94266 23044        cutoff          16833.0000    16809.5184  2522899    0.14%  x(c23_1_c31_1) U  94266  94264     58
  95205 23072        cutoff          16833.0000    16809.8407  2538908    0.14%  x(c35_2_c49_2) U  95205  95203     76
  96463 23025    16810.4345    50    16833.0000    16810.3333  2558400    0.13%  x(c31_1_c32_1) N  96463  96462     40
  97000 23017    16819.4812    93    16833.0000    16810.5282  2567238    0.13%  x(c48_2_c24_2) N  97000  61349     18
  98173 22937        cutoff          16833.0000    16810.9966  2586101    0.13%  x(c28_2_c46_2) U  98173  23679     37
Elapsed time = 205.07 sec. (369577.60 ticks, tree = 36.94 MB, solutions = 2)
  99341 22674        cutoff          16833.0000    16811.3860  2605854    0.13%  x(c42_3_c17_3) D  99341  23888     26
 100546 22635    16811.9761   111    16833.0000    16811.8328  2624716    0.13%  x(c46_2_c40_2) N 100546  99674     32
 101734 22432        cutoff          16833.0000    16812.2151  2642646    0.12%  x(c36_2_c32_2) U 101734  12642     48
 102899 22362    16820.7000    27    16833.0000    16812.6609  2661588    0.12%  x(c16_1_c13_1) N 102899  97904     30
 104121 22175        cutoff          16833.0000    16813.0583  2679928    0.12%  x(c13_1_c16_1) U 104121 103653     70
 105315 22083    16813.9220    72    16833.0000    16813.4828  2697126    0.12%     x(Op_c31_2) N 105315 105313     32
 106209 22000    16813.8141   120    16833.0000    16813.7930  2710363    0.11%  x(c46_2_c16_2) N 106209 106208     14
 107401 21816    16814.8788   101    16833.0000    16814.1869  2728777    0.11%  x(c22_3_c19_3) N 107401  61877     23
 108616 21720    16814.7033    71    16833.0000    16814.6164  2746782    0.11%  x(c34_2_c36_2) N 108616  68880     39
 109781 21568        cutoff          16833.0000    16815.0000  2764238    0.11%  x(c34_2_c20_2) U 109781  35650     86
Elapsed time = 222.98 sec. (407739.63 ticks, tree = 35.13 MB, solutions = 2)
 110968 21386        cutoff          16833.0000    16815.3875  2781611    0.10%   x(c23_3_c7_3) U 110968  29339     82
 112144 21231        cutoff          16833.0000    16815.8049  2799126    0.10%  x(c34_2_c46_2) U 112144 101405     40
 113279 20790        cutoff          16833.0000    16816.1064  2815948    0.10%  x(c16_1_c20_1) U 113279 113277     51
 114456 20652    16817.1462    95    16833.0000    16816.5026  2832528    0.10%  x(c34_2_c24_2) N 114456 102880     30
 115075 20544    16816.7238    78    16833.0000    16816.7265  2841572    0.10%  x(c48_2_c46_2) N 115075 114459     40
 116309 20353        cutoff          16833.0000    16817.1214  2857704    0.09%  x(c31_3_c17_3) D 116309  80325     20
 117496 20141        cutoff          16833.0000    16817.5134  2874046    0.09%  x(c24_2_c38_2) U 117496  27377     52
 118672 19885        cutoff          16833.0000    16817.9313  2890625    0.09%  x(c38_2_c40_2) U 118672  78530     46
 119901 19576    16830.6177    90    16833.0000    16818.3132  2906694    0.09%  x(c16_2_c50_2) N 119901  15376     57
 121124 19324        cutoff          16833.0000    16818.7633  2923948    0.08%  x(c35_2_c24_2) D 121124   8547     70
Elapsed time = 240.05 sec. (445905.71 ticks, tree = 31.96 MB, solutions = 2)
 122322 18824        cutoff          16833.0000    16819.0987  2940633    0.08%     x(Op_c31_1) D 122322  32697     88
 123541 18442    16820.0000    88    16833.0000    16819.5156  2956259    0.08%     x(Op_c23_1) N 123541 119109     23
 124771 18132        cutoff          16833.0000    16819.9597  2971451    0.08%  x(c42_3_c23_3) U 124771 122717     58
 126006 17760    16822.4098    40    16833.0000    16820.3580  2987221    0.08%  x(c16_1_c49_1) N 126006 113873     76
 127235 17385        cutoff          16833.0000    16820.7827  3002899    0.07%  x(c13_1_c16_1) U 127235 108703     43
 128465 16987    16821.1725   127    16833.0000    16821.1722  3018224    0.07%  x(c38_2_c40_2) N 128465  55690     29
 129686 16578        cutoff          16833.0000    16821.5647  3033910    0.07%   x(c46_2_c4_2) U 129686 114413     59
 130942 16171        cutoff          16833.0000    16822.0000  3048623    0.07%  x(c44_2_c49_2) D 130942 119977     71
 132220 15694    16822.5610    82    16833.0000    16822.4831  3063282    0.06%  x(c17_3_c31_3) N 132220 105942     34
 133456 15229        cutoff          16833.0000    16822.9216  3078296    0.06%  x(c48_2_c24_2) U 133456 120613     14
Elapsed time = 256.55 sec. (484070.00 ticks, tree = 25.93 MB, solutions = 2)
 134708 14653        cutoff          16833.0000    16823.3007  3092771    0.06%  x(c15_3_c10_3) D 134708 107713     58
 135965 14082        cutoff          16833.0000    16823.7407  3107345    0.06%  x(c44_2_c16_2) U 135965  75599     29
 137225 13492    16824.2053    93    16833.0000    16824.1934  3121889    0.05%  x(c28_3_c11_3) N 137225 135264     27
 138495 12952        cutoff          16833.0000    16824.6500  3136148    0.05%  x(c34_1_c16_1) U 138495  15086     58
 139769 12290        cutoff          16833.0000    16825.0412  3150250    0.05%  x(c46_2_c16_2) D 139769  76846     24
 141071 11654        cutoff          16833.0000    16825.5074  3162414    0.04%     x(c31_1_Om) D 141071 113292     17
 142362 11035    16826.7391    80    16833.0000    16825.9902  3175215    0.04%  x(c34_2_c36_2) N 142362 141719     38
 143663 10318        cutoff          16833.0000    16826.4171  3188252    0.04%   x(c4_2_c48_2) U 143663 126683     27
 144970  9561    16826.9412   125    16833.0000    16826.9414  3200510    0.04%  x(c48_2_c46_2) N 144970  63041     20
 146295  8733    16827.5251   101    16833.0000    16827.3898  3212822    0.03%  x(c36_2_c49_2) N 146295  25522     54
Elapsed time = 273.17 sec. (522232.89 ticks, tree = 16.15 MB, solutions = 2)
 147638  7910    16827.9926    87    16833.0000    16827.8953  3224626    0.03%  x(c44_2_c16_2) N 147638 147442     33
 148962  7051        cutoff          16833.0000    16828.3750  3236436    0.03%  x(c38_2_c40_2) D 148962  14721     40
 150329  6110    16830.4789    85    16833.0000    16828.8978  3247010    0.02%   x(c4_2_c24_2) N 150329 149560     25
 151697  5187        cutoff          16833.0000    16829.4536  3257398    0.02%  x(c17_3_c10_3) D 151697  51692     19
 153099  4174        cutoff          16833.0000    16830.0000  3266753    0.02%  x(c44_2_c16_2) N 153099 151846     14
 154494  3154        cutoff          16833.0000    16830.5159  3276032    0.01%  x(c24_3_c15_3) N 154494 112066     29
 155915  2072        cutoff          16833.0000    16831.0509  3284502    0.01%     x(Op_c31_2) U 155915 135746     15

Clique cuts applied:  24
Cover cuts applied:  174
Mixed integer rounding cuts applied:  21
Zero-half cuts applied:  9
Lift and project cuts applied:  1
Gomory fractional cuts applied:  7
User cuts applied:  629

Root node processing (before b&c):
  Real time             =    0.38 sec. (822.31 ticks)
Sequential b&c:
  Real time             =  284.61 sec. (551438.32 ticks)
                          ------------
Total (root+branch&cut) =  284.99 sec. (552260.64 ticks)

