Version identifier: 22.1.0.0 | 2022-03-09 | 1a383f8ce
CPXPARAM_Preprocessing_Reduce                    0
CPXPARAM_Threads                                 1
CPXPARAM_Preprocessing_Reformulations            0
CPXPARAM_Emphasis_MIP                            2
CPXPARAM_TimeLimit                               7200
CPXPARAM_MIP_Tolerances_AbsMIPGap                0.98999999999999999
CPXPARAM_MIP_Limits_TreeMemory                   20000
Legacy callback                                  BbLUID
         Disabling repeat represolve because of lazy constraint/incumbent callback.
1 of 1 MIP starts provided solutions.
MIP start 'm1' defined initial solution with objective 21479.0000.
Tried aggregator 0 times.
Reduced MIP has 7234 rows, 6832 columns, and 40516 nonzeros.
Reduced MIP has 6690 binaries, 0 generals, 0 SOSs, and 0 indicators.
Presolve time = 0.00 sec. (2.15 ticks)
Probing time = 0.00 sec. (4.08 ticks)
Clique table members: 2171.
MIP emphasis: optimality.
MIP search method: traditional branch-and-cut.
Parallel mode: none, using 1 thread.
Root relaxation solution time = 0.01 sec. (16.91 ticks)

        Nodes                                         Cuts/
   Node  Left     Objective  IInf  Best Integer    Best Bound    ItCnt     Gap         Variable B NodeID Parent  Depth

*     0+    0                        21479.0000        0.0000           100.00%
      0     0    17671.9594   295    21479.0000    17671.9594      529   17.72%
      0     0    21011.7342   287    21479.0000      Cuts: 86      784    2.18%
      0     0    21340.5000   287    21479.0000      Cuts: 23      871    0.64%
      0     0    21407.0000   286    21479.0000      Cuts: 12      932    0.34%
      0     0    21448.0000   286    21479.0000       Cuts: 3      971    0.14%
      0     0    21452.5000   286    21479.0000       Cuts: 2      988    0.12%
      0     0    21469.5000   284    21479.0000   ZeroHalf: 1      992    0.04%
      0     0    21471.5000   286    21479.0000       Cuts: 4      996    0.03%
      0     0    21471.5000   289    21479.0000   ZeroHalf: 2     1015    0.03%
      0     0    21478.0000   286    21479.0000       Cuts: 2     1069    0.00%

Clique cuts applied:  30
Cover cuts applied:  1
Flow cuts applied:  9
Mixed integer rounding cuts applied:  12
Zero-half cuts applied:  4
Gomory fractional cuts applied:  4
User cuts applied:  41

Root node processing (before b&c):
  Real time             =    0.52 sec. (1201.37 ticks)
Sequential b&c:
  Real time             =    0.00 sec. (0.00 ticks)
                          ------------
Total (root+branch&cut) =    0.52 sec. (1201.37 ticks)

