Version identifier: 22.1.0.0 | 2022-03-09 | 1a383f8ce
CPXPARAM_Preprocessing_Reduce                    0
CPXPARAM_Threads                                 1
CPXPARAM_Preprocessing_Reformulations            0
CPXPARAM_Emphasis_MIP                            2
CPXPARAM_TimeLimit                               7200
CPXPARAM_MIP_Tolerances_AbsMIPGap                0.98999999999999999
CPXPARAM_MIP_Limits_TreeMemory                   20000
Legacy callback                                  BbLUID
         Disabling repeat represolve because of lazy constraint/incumbent callback.
1 of 1 MIP starts provided solutions.
MIP start 'm1' defined initial solution with objective 37058.0000.
Tried aggregator 0 times.
Reduced MIP has 12732 rows, 11616 columns, and 69776 nonzeros.
Reduced MIP has 11378 binaries, 0 generals, 0 SOSs, and 0 indicators.
Presolve time = 0.00 sec. (3.70 ticks)
Probing time = 0.00 sec. (5.25 ticks)
Clique table members: 3213.
MIP emphasis: optimality.
MIP search method: traditional branch-and-cut.
Parallel mode: none, using 1 thread.
Root relaxation solution time = 0.01 sec. (29.88 ticks)

        Nodes                                         Cuts/
   Node  Left     Objective  IInf  Best Integer    Best Bound    ItCnt     Gap         Variable B NodeID Parent  Depth

*     0+    0                        37058.0000        0.0000           100.00%
      0     0    30911.8944   519    37058.0000    30911.8944      883   16.59%
      0     0    36084.9624   483    37058.0000     Cuts: 137     1295    2.63%
      0     0    36812.5000   482    37058.0000      Cuts: 31     1466    0.66%
      0     0    36939.0000   484    37058.0000      User: 35     1523    0.32%
      0     0    36976.5000   489    37058.0000       Cuts: 4     1563    0.22%
      0     0    37005.5000   485    37058.0000       Cuts: 4     1607    0.14%
      0     2    37005.5000   485    37058.0000    37005.5000     1607    0.14%                        0             0
Elapsed time = 2.37 sec. (4665.29 ticks, tree = 0.01 MB, solutions = 1)
      1     3    37005.5000   482    37058.0000    37006.0000     1613    0.14%  x(c35_1_c49_1) D      1      0      1
      2     4    37006.5000   485    37058.0000    37006.5000     1645    0.14%  x(c49_1_c35_1) N      2      1      2
      3     5    37014.0000   408    37058.0000    37006.5000     1825    0.14%  x(c49_1_c35_1) U      3      1      2
      4     6    37017.5000   405    37058.0000    37006.5000     1857    0.14%  x(c24_1_c15_1) U      4      3      3
      5     7    37020.0000   404    37058.0000    37006.5000     1964    0.14%  x(c38_1_c48_1) D      5      4      4
      6     8    37027.5000   402    37058.0000    37006.5000     1972    0.14%  x(c38_1_c48_1) U      6      4      4
      7     9    37027.5656   341    37058.0000    37006.5000     2191    0.14%  x(c41_5_c19_5) N      7      6      5
      8    10    37027.6475   373    37058.0000    37006.5000     2417    0.14%   x(c25_4_c4_4) N      8      7      6
      9     9        cutoff          37058.0000    37006.5000     3024    0.14%   x(c25_4_c4_4) N      9      7      6
     10     9    37027.6946   336    37058.0000    37006.5000     3187    0.14%    x(c8_2_c9_2) D     10      8      7
Elapsed time = 11.17 sec. (20466.87 ticks, tree = 0.14 MB, solutions = 1)
     13    10    37027.7666   368    37058.0000    37006.5000     3279    0.14%   x(c19_2_c3_2) N     13     12     10
     24    16    37006.5815   399    37058.0000    37006.5000     3861    0.14%  x(c49_1_c44_1) D     24     23      7
     35    22    37007.9251   434    37058.0000    37006.5000     4063    0.14%  x(c13_2_c27_2) N     35     34     18
     44    30    37006.8995   393    37058.0000    37006.9048     5886    0.14%   x(c25_4_c4_4) N     44     37      4
     51    30    37010.8352   372    37058.0000    37007.5000     6180    0.14%  x(c32_1_c39_1) N     51     40      7
     68    44    37013.1497   361    37058.0000    37013.1530     7086    0.12%   x(c19_2_c3_2) D     68     67     11
     90    59    37014.0000   408    37058.0000    37014.0000     8907    0.12%  x(c35_1_c49_1) U     90      0      1
    123    73    37038.7558   355    37058.0000    37017.3716    10908    0.11%  x(c37_1_c48_1) N    123     95      8
    140    73    37021.4643   353    37058.0000    37020.5000    12263    0.10%   x(c2_2_c21_2) N    140    135     16
    167    84    37023.7981   363    37058.0000    37023.7500    14403    0.09%  x(c30_4_c42_4) D    167    166     15
Elapsed time = 16.61 sec. (30533.71 ticks, tree = 1.13 MB, solutions = 1)
    180    89    37046.9890   343    37058.0000    37023.8454    15002    0.09%   x(c2_4_c42_4) U    180    168     17
    208    94    37031.8380   293    37058.0000    37027.7293    16699    0.08%    x(c8_2_c9_2) U    208      8      7
    245   116    37030.2364   249    37058.0000    37030.1417    18728    0.08%  x(c21_1_c31_1) N    245    244      9
    291   139    37054.3136   238    37058.0000    37030.9481    20534    0.07%  x(c42_1_c30_1) N    291    246     11
    327   151    37055.2595   361    37058.0000    37031.6161    23793    0.07%  x(c37_1_c48_1) N    327     42      8
    379   148    37049.2026   457    37058.0000    37034.0785    26196    0.06%  x(c42_2_c30_2) U    379    377      9
    428   154    37043.6931   255    37058.0000    37038.1667    29509    0.05%   x(c25_4_c4_4) U    428    426     10
    482   132    37041.6833   369    37058.0000    37041.6833    33004    0.04%  x(c22_2_c18_2) D    482    378     10
    546   122        cutoff          37058.0000    37045.2953    36181    0.03%  x(c29_1_c20_1) D    546    543     19
    610    91        cutoff          37058.0000    37049.0413    38855    0.02%  x(c24_1_c15_1) N    610    402     11
Elapsed time = 21.51 sec. (40276.76 ticks, tree = 0.52 MB, solutions = 1)
    684    39    infeasible          37058.0000    37053.4326    41346    0.01%  x(c21_1_c31_1) D    684    680     10

Clique cuts applied:  42
Cover cuts applied:  11
Flow cuts applied:  28
Mixed integer rounding cuts applied:  21
Zero-half cuts applied:  4
Gomory fractional cuts applied:  6
User cuts applied:  251

Root node processing (before b&c):
  Real time             =    2.37 sec. (4665.60 ticks)
Sequential b&c:
  Real time             =   19.61 sec. (36713.72 ticks)
                          ------------
Total (root+branch&cut) =   21.98 sec. (41379.31 ticks)

