Version identifier: 22.1.0.0 | 2022-03-09 | 1a383f8ce
CPXPARAM_Preprocessing_Reduce                    0
CPXPARAM_Threads                                 1
CPXPARAM_Preprocessing_Reformulations            0
CPXPARAM_Emphasis_MIP                            2
CPXPARAM_TimeLimit                               7200
CPXPARAM_MIP_Tolerances_AbsMIPGap                0.98999999999999999
CPXPARAM_MIP_Limits_TreeMemory                   20000
Legacy callback                                  BbLUID
         Disabling repeat represolve because of lazy constraint/incumbent callback.
1 of 1 MIP starts provided solutions.
MIP start 'm1' defined initial solution with objective 8542.0000.
Tried aggregator 0 times.
Reduced MIP has 2284 rows, 1937 columns, and 11451 nonzeros.
Reduced MIP has 1842 binaries, 0 generals, 0 SOSs, and 0 indicators.
Presolve time = 0.00 sec. (0.62 ticks)
Probing time = 0.00 sec. (2.57 ticks)
Clique table members: 931.
MIP emphasis: optimality.
MIP search method: traditional branch-and-cut.
Parallel mode: none, using 1 thread.
Root relaxation solution time = 0.00 sec. (4.96 ticks)

        Nodes                                         Cuts/
   Node  Left     Objective  IInf  Best Integer    Best Bound    ItCnt     Gap         Variable B NodeID Parent  Depth

*     0+    0                         8542.0000        0.0000           100.00%
      0     0     7315.9364   192     8542.0000     7315.9364      340   14.35%
      0     0     8436.1087   197     8542.0000      Cuts: 70      488    1.24%
      0     0     8519.0000   202     8542.0000      Cuts: 16      548    0.27%
      0     0     8521.5000   202     8542.0000      Cuts: 10      578    0.24%
      0     0     8522.7500   202     8542.0000       Cuts: 6      586    0.23%
      0     0     8525.0000   203     8542.0000   ZeroHalf: 8      591    0.20%
      0     0     8527.0000   196     8542.0000   ZeroHalf: 5      599    0.18%
      0     0     8527.0000   196     8542.0000     Covers: 1      604    0.18%
*     0+    0                         8527.0000     8527.0000             0.00%
      0     0        cutoff           8527.0000     8527.0000      604    0.00%                        0             0
Elapsed time = 0.19 sec. (395.38 ticks, tree = 0.01 MB, solutions = 2)

Clique cuts applied:  26
Flow cuts applied:  1
Mixed integer rounding cuts applied:  3
Zero-half cuts applied:  13
Gomory fractional cuts applied:  5
User cuts applied:  27

Root node processing (before b&c):
  Real time             =    0.19 sec. (395.52 ticks)
Sequential b&c:
  Real time             =    0.00 sec. (0.00 ticks)
                          ------------
Total (root+branch&cut) =    0.19 sec. (395.52 ticks)

