Version identifier: 22.1.0.0 | 2022-03-09 | 1a383f8ce
CPXPARAM_Preprocessing_Reduce                    0
CPXPARAM_Threads                                 1
CPXPARAM_Preprocessing_Reformulations            0
CPXPARAM_Emphasis_MIP                            2
CPXPARAM_TimeLimit                               7200
CPXPARAM_MIP_Tolerances_AbsMIPGap                0.98999999999999999
CPXPARAM_MIP_Limits_TreeMemory                   20000
Legacy callback                                  BbLUID
         Disabling repeat represolve because of lazy constraint/incumbent callback.
1 of 1 MIP starts provided solutions.
MIP start 'm1' defined initial solution with objective 5075.0000.
Tried aggregator 0 times.
Reduced MIP has 1262 rows, 1131 columns, and 6533 nonzeros.
Reduced MIP has 1074 binaries, 0 generals, 0 SOSs, and 0 indicators.
Presolve time = 0.00 sec. (0.35 ticks)
Probing time = 0.00 sec. (2.34 ticks)
Clique table members: 543.
MIP emphasis: optimality.
MIP search method: traditional branch-and-cut.
Parallel mode: none, using 1 thread.
Root relaxation solution time = 0.00 sec. (2.53 ticks)

        Nodes                                         Cuts/
   Node  Left     Objective  IInf  Best Integer    Best Bound    ItCnt     Gap         Variable B NodeID Parent  Depth

*     0+    0                         5075.0000        0.0000           100.00%
      0     0     4309.0642   116     5075.0000     4309.0642      196   15.09%
      0     0     5016.1089   120     5075.0000      Cuts: 37      279    1.16%
      0     0        cutoff           5075.0000                    310    0.00%                        0             0
Elapsed time = 0.09 sec. (191.36 ticks, tree = 0.01 MB, solutions = 1)

Clique cuts applied:  16
Cover cuts applied:  1
Flow cuts applied:  1
Gomory fractional cuts applied:  4
User cuts applied:  11

Root node processing (before b&c):
  Real time             =    0.09 sec. (191.41 ticks)
Sequential b&c:
  Real time             =    0.00 sec. (0.00 ticks)
                          ------------
Total (root+branch&cut) =    0.09 sec. (191.41 ticks)

