Version identifier: 22.1.0.0 | 2022-03-09 | 1a383f8ce
CPXPARAM_Preprocessing_Reduce                    0
CPXPARAM_Threads                                 1
CPXPARAM_Preprocessing_Reformulations            0
CPXPARAM_Emphasis_MIP                            2
CPXPARAM_TimeLimit                               7200
CPXPARAM_MIP_Tolerances_AbsMIPGap                0.98999999999999999
CPXPARAM_MIP_Limits_TreeMemory                   20000
Legacy callback                                  BbLUID
         Disabling repeat represolve because of lazy constraint/incumbent callback.
1 of 1 MIP starts provided solutions.
MIP start 'm1' defined initial solution with objective 20212.0000.
Tried aggregator 0 times.
Reduced MIP has 78 rows, 468 columns, and 1800 nonzeros.
Reduced MIP has 468 binaries, 0 generals, 0 SOSs, and 0 indicators.
Presolve time = 0.00 sec. (0.10 ticks)
Probing time = 0.00 sec. (0.60 ticks)
Clique table members: 39.
MIP emphasis: optimality.
MIP search method: traditional branch-and-cut.
Parallel mode: none, using 1 thread.
Root relaxation solution time = 0.00 sec. (0.37 ticks)

        Nodes                                         Cuts/
   Node  Left     Objective  IInf  Best Integer    Best Bound    ItCnt     Gap         Variable B NodeID Parent  Depth

*     0+    0                        20212.0000        0.0000           100.00%
      0     0    20049.0000    52    20212.0000    16130.0000       64   20.20%
      0     0    20049.0000    78    20212.0000       Cuts: 5       66    0.81%
      0     0    20049.0000    52    20212.0000      Cuts: 15       67    0.81%
      0     0    20049.0000    52    20212.0000       User: 3       75    0.81%
      0     2    20049.0000    52    20212.0000    20049.0000       75    0.81%                        0             0
Elapsed time = 0.05 sec. (25.52 ticks, tree = 0.01 MB, solutions = 1)

Cover cuts applied:  1
Zero-half cuts applied:  8
Gomory fractional cuts applied:  3
User cuts applied:  98

Root node processing (before b&c):
  Real time             =    0.05 sec. (25.53 ticks)
Sequential b&c:
  Real time             =    0.29 sec. (98.68 ticks)
                          ------------
Total (root+branch&cut) =    0.33 sec. (124.20 ticks)

