Version identifier: 22.1.0.0 | 2022-03-09 | 1a383f8ce
CPXPARAM_Preprocessing_Reduce                    0
CPXPARAM_Threads                                 1
CPXPARAM_Preprocessing_Reformulations            0
CPXPARAM_Emphasis_MIP                            2
CPXPARAM_TimeLimit                               7200
CPXPARAM_MIP_Tolerances_AbsMIPGap                0.98999999999999999
CPXPARAM_MIP_Limits_TreeMemory                   20000
Legacy callback                                  BbLUID
         Disabling repeat represolve because of lazy constraint/incumbent callback.
1 of 1 MIP starts provided solutions.
MIP start 'm1' defined initial solution with objective 121408.0000.
Tried aggregator 0 times.
Reduced MIP has 311 rows, 8060 columns, and 23872 nonzeros.
Reduced MIP has 8060 binaries, 0 generals, 0 SOSs, and 0 indicators.
Presolve time = 0.00 sec. (1.47 ticks)
Probing time = 0.00 sec. (4.11 ticks)
Clique table members: 157.
MIP emphasis: optimality.
MIP search method: traditional branch-and-cut.
Parallel mode: none, using 1 thread.
Root relaxation solution time = 0.00 sec. (4.26 ticks)

        Nodes                                         Cuts/
   Node  Left     Objective  IInf  Best Integer    Best Bound    ItCnt     Gap         Variable B NodeID Parent  Depth

*     0+    0                       121408.0000        0.0000           100.00%
      0     0   114818.0000    78   121408.0000    95267.0000      187   21.53%
      0     0   117949.5000   100   121408.0000      Cuts: 42      251    2.85%
      0     0   118810.0000    76   121408.0000      Cuts: 22      274    2.14%
      0     0   118988.0000   198   121408.0000      Cuts: 12      299    1.99%
      0     0   119182.0000   210   121408.0000       Cuts: 8      315    1.83%
      0     0   119190.5000   319   121408.0000      Cuts: 41      321    1.83%
      0     0   119239.5000   210   121408.0000   ZeroHalf: 8      331    1.79%
      0     0   119356.5000   157   121408.0000      Cuts: 18      345    1.69%
      0     0   119391.7500   230   121408.0000      Cuts: 12      354    1.66%
      0     0   119493.0000   104   121408.0000  ZeroHalf: 24      371    1.58%
      0     0   119496.0000    95   121408.0000       Cuts: 2      374    1.57%
      0     0   119496.0000   144   121408.0000       Cuts: 3      394    1.57%
      0     2   119496.0000   144   121408.0000   119496.0000      394    1.57%                        0             0
Elapsed time = 0.42 sec. (759.55 ticks, tree = 0.01 MB, solutions = 1)
      9    11   119559.0000   204   121408.0000   119496.0000      505    1.57%  x(c39_2_c45_2) D      9      7      7
     21    23   119657.3214   323   121408.0000   119496.0000      641    1.57%  x(c11_3_c46_3) N     21     20     18
     52    54   120431.4048   214   121408.0000   119496.0000      822    1.57%  x(c16_3_c25_3) N     52     51     48
     90    85   119928.3000   177   121408.0000   119496.0000     1233    1.57%  x(c51_2_c41_2) D     90     89     19
    122   117   120096.2500   235   121408.0000   119496.0000     1428    1.57%  x(c47_3_c41_3) D    122    121     49
    156   144   120166.7143   195   121408.0000   119496.0000     1519    1.57%  x(c40_3_c79_3) D    156    155     83
    185   164   120288.4200   197   121408.0000   119496.0000     1607    1.57%  x(c44_3_c46_3) N    185    184    112
    208   177   120524.5000   168   121408.0000   119496.0000     1717    1.57%  x(c25_3_c50_3) N    208    207    135
    225   183   120819.8750   152   121408.0000   119496.0000     1820    1.57%  x(c53_3_c38_3) N    225    224    152
    348   291   120049.4242   242   121408.0000   119656.2500     4238    1.44%  x(c65_2_c68_2) U    348     19     17
Elapsed time = 3.62 sec. (3948.07 ticks, tree = 2.39 MB, solutions = 1)
    497   440   120049.6250   249   121408.0000   119746.1667     7757    1.37%  x(c41_2_c51_2) N    497    424     29
    659   602   119806.0000   210   121408.0000   119807.5714    10771    1.32%  x(c81_3_c84_3) D    659    572     27
    799   738   119860.7500   184   121408.0000   119848.7188    13769    1.28%  x(c33_2_c45_2) D    799    629     17
    952   884   120173.0208   258   121408.0000   119876.6250    16995    1.26%  x(c46_3_c11_3) U    952    825      9
   1105  1034   120606.8750   196   121408.0000   119904.5833    20519    1.24%  x(c82_3_c69_3) N   1105    316      8
   1253  1180   119950.3333   215   121408.0000   119934.3333    23814    1.21%  x(c16_3_c25_3) D   1253   1122     22
   1396  1318   120473.5833   191   121408.0000   119954.8333    26602    1.20%  x(c11_3_c46_3) N   1396   1259     34
   1553  1474   120003.4737   207   121408.0000   119980.0000    30014    1.18%  x(c37_2_c35_2) D   1553   1552     19
   1700  1590   120147.0882   313   121408.0000   119985.2778    31355    1.17%  x(c50_3_c46_3) U   1700   1370     33
   1853  1742   120648.0800   265   121408.0000   120007.7500    34654    1.15%  x(c13_2_c11_2) U   1853   1822     28
Elapsed time = 11.56 sec. (13525.65 ticks, tree = 18.00 MB, solutions = 1)
   2005  1893   120205.8571   260   121408.0000   120022.1250    37627    1.14%  x(c33_2_c45_2) U   2005   1176     25
   2165  2053   120387.5000   292   121408.0000   120035.5000    40909    1.13%  x(c38_3_c79_3) U   2165    839     15
   2310  2195   120078.8333   253   121408.0000   120048.0000    43831    1.12%  x(c68_2_c93_2) D   2310   2309     59
   2472  2355   120069.6122   319   121408.0000   120060.7083    47159    1.11%  x(c76_2_c92_2) D   2472    944     15
   2629  2509   120695.5556   258   121408.0000   120069.9286    50153    1.10%  x(c44_3_c38_3) U   2629   2627     24
   2781  2656   120981.0000   100   121408.0000   120079.1905    53770    1.09%  x(c93_2_c68_2) U   2781   2331     29
   2985  2852   120959.4286   225   121408.0000   120085.0000    56243    1.09%  x(c41_3_c79_3) N   2985   2983    136
   3130  2988   120096.6111   209   121408.0000   120091.0000    59269    1.08%  x(c60_2_c71_2) D   3130   3129     42
   3277  3135   120104.1970   220   121408.0000   120100.4286    62624    1.08%  x(c46_3_c50_3) D   3277   2645     26
   3423  3279   120256.4505   326   121408.0000   120108.6000    65806    1.07%  x(c93_2_c76_2) D   3423   2268      9
Elapsed time = 18.56 sec. (23111.70 ticks, tree = 36.85 MB, solutions = 1)
   3574  3428   120718.0000   203   121408.0000   120114.9630    69078    1.07%  x(c68_2_c27_2) U   3574   2137     26
   3718  3566   120612.6000   174   121408.0000   120123.8333    72352    1.06%  x(c68_2_c71_2) U   3718   3716     30
   3860  3703   120628.0455   184   121408.0000   120131.7500    75430    1.05%  x(c79_3_c38_3) N   3860   1517     21
   3996  3837   120851.2794   243   121408.0000   120138.5000    78811    1.05%  x(c41_2_c79_2) U   3996   3603     19
   4112  3950   120194.5962   181   121408.0000   120144.5333    81705    1.04%  x(c70_2_c81_2) D   4112   3174     33
   4274  4099   120649.4500   171   121408.0000   120149.0000    84048    1.04%  x(c70_2_c81_2) N   4274   3923     32
   4410  4233   120174.7442   154   121408.0000   120154.8333    86861    1.03%  x(c27_2_c54_2) D   4410   4409     31
   4570  4384   121118.5000   142   121408.0000   120160.7500    89794    1.03%  x(c27_2_c62_2) U   4570   3786     21
   4700  4508   120746.7500    38   121408.0000   120167.0000    92988    1.02%  x(c71_2_c69_2) U   4700   3572     25
   4823  4626   120986.0000   204   121408.0000   120171.3333    96425    1.02%  x(c72_3_c58_3) U   4823    140     68
Elapsed time = 25.21 sec. (32734.31 ticks, tree = 54.75 MB, solutions = 1)
   4975  4777   120687.3438   326   121408.0000   120177.0000    99242    1.01%  x(c80_3_c82_3) U   4975   4436     46
   5113  4910   120578.0000   175   121408.0000   120182.7500   102283    1.01%  x(c79_3_c38_3) U   5113   3874     27
   5250  5042   121084.5000   118   121408.0000   120187.5000   105225    1.01%  x(c27_2_c54_2) U   5250   4582     33
   5405  5191   120577.0000   212   121408.0000   120194.1250   108096    1.00%  x(c16_2_c13_2) U   5405   3584     19
   5554  5329   121173.0000   106   121408.0000   120196.2982   110003    1.00%  x(c72_2_c79_2) U   5554   5553     83
   5634  5382   120766.0667   268   121408.0000   120196.5000   110565    1.00%  x(c93_2_c76_2) U   5634   3208     42
   5773  5518   120216.0000   178   121408.0000   120201.1346   113422    0.99%  x(c79_3_c82_3) D   5773   5772     28
   5904  5642   120738.5000   190   121408.0000   120205.5000   116384    0.99%  x(c44_3_c40_3) U   5904   5199     67
   6035  5765   120344.7619   165   121408.0000   120209.0000   119068    0.99%  x(c70_2_c79_2) D   6035   2146     45
*  6080  4650      integral     0   120817.0000   120210.0000   119958    0.50%
   6176  4706        cutoff         120817.0000   120212.7500   121767    0.50%  x(c71_3_c69_3) U   6176   4613      9
Elapsed time = 32.29 sec. (42317.21 ticks, tree = 57.51 MB, solutions = 2)
   6327  4787   120555.0000   208   120817.0000   120218.0667   124530    0.50%  x(c60_2_c27_2) U   6327   4009     22
   6485  4881   120587.0417   201   120817.0000   120223.0000   127089    0.49%  x(c37_2_c35_2) U   6485   6483     24
   6634  4961        cutoff         120817.0000   120226.8846   129699    0.49%  x(c27_2_c54_2) U   6634   6632     39
*  6712  2108      integral     0   120412.0000   120229.0000   131307    0.15%
   6807  2113        cutoff         120412.0000   120231.4375   132152    0.15%  x(c27_2_c62_2) U   6807   6805     39
   6997  2140        cutoff         120412.0000   120236.5556   134244    0.15%  x(c41_2_c51_2) U   6997     26     24
   7188  2168   120242.6053   199   120412.0000   120242.7500   135989    0.14%  x(c54_2_c55_2) D   7188   6935     29
   7394  2188        cutoff         120412.0000   120248.3636   137712    0.14%  x(c41_2_c79_2) U   7394   5045     32
   7577  2194   120253.5833   183   120412.0000   120253.6923   139586    0.13%  x(c37_2_c31_2) D   7577   7523     54
   7773  2208        cutoff         120412.0000   120259.0000   141356    0.13%  x(c93_2_c68_2) U   7773   3423     10
   7968  2231   120270.9915   302   120412.0000   120263.6000   142984    0.12%  x(c11_2_c33_2) D   7968   6418     41
Elapsed time = 38.74 sec. (51878.27 ticks, tree = 28.73 MB, solutions = 3)
   8160  2220        cutoff         120412.0000   120268.6667   144680    0.12%  x(c54_2_c55_2) U   8160   6371     21
   8373  2232   120288.1420   269   120412.0000   120273.5000   146414    0.12%  x(c46_3_c11_3) D   8373   3947     22
   8579  2228        cutoff         120412.0000   120278.2500   148278    0.11%  x(c72_2_c68_2) U   8579   5499     31
   8784  2221        cutoff         120412.0000   120282.1429   150251    0.11%  x(c45_3_c11_3) U   8784   6484     25
   8976  2206   120290.1000   187   120412.0000   120286.2000   152038    0.10%  x(c27_2_c60_2) D   8976   8975     17
   9176  2192        cutoff         120412.0000   120290.5278   153773    0.10%  x(c35_2_c39_2) U   9176   4908     18
   9372  2193        cutoff         120412.0000   120295.0000   155477    0.10%  x(c46_3_c11_3) U   9372   8145     29
   9576  2175   120299.5000   166   120412.0000   120299.5000   157075    0.09%  x(c11_2_c33_2) D   9576   7981     25
   9771  2137   120304.2604   324   120412.0000   120304.0045   158924    0.09%  x(c38_3_c79_3) D   9771   8643     11
   9978  2117        cutoff         120412.0000   120308.0000   160675    0.09%  x(c82_3_c80_3) U   9978   9327     73
Elapsed time = 45.09 sec. (61434.20 ticks, tree = 27.98 MB, solutions = 3)
  10175  2080        cutoff         120412.0000   120313.0625   162264    0.08%  x(c37_2_c35_2) U  10175   9955     21
  10369  2037   120370.6667   183   120412.0000   120317.6667   163915    0.08%  x(c27_2_c62_2) D  10369  10367     30
  10559  1976        cutoff         120412.0000   120322.5000   165423    0.07%  x(c11_2_c33_2) D  10559   5861     13
  10759  1920        cutoff         120412.0000   120327.2500   166983    0.07%  x(c50_3_c47_3) U  10759   8461     98
  10933  1859        cutoff         120412.0000   120332.0000   168316    0.07%  x(c69_3_c71_3) U  10933  10508     44
  11097  1809        cutoff         120412.0000   120337.1667   169642    0.06%  x(c27_2_c60_2) U  11097   8932     17
  11299  1736        cutoff         120412.0000   120341.9333   171138    0.06%  x(c11_2_c33_2) D  11299  10674     12
  11504  1667        cutoff         120412.0000   120346.9000   172370    0.05%  x(c65_2_c96_2) U  11504   7430     15
  11705  1574        cutoff         120412.0000   120351.8333   173523    0.05%  x(c35_2_c39_2) U  11705  11703     17
  11902  1484        cutoff         120412.0000   120356.5000   174796    0.05%  x(c11_3_c50_3) U  11902   3228     52
Elapsed time = 50.43 sec. (70993.54 ticks, tree = 20.02 MB, solutions = 3)
  12092  1380        cutoff         120412.0000   120361.0000   175968    0.04%  x(c93_2_c76_2) U  12092   5691     27
  12284  1294        cutoff         120412.0000   120365.5000   177303    0.04%  x(c25_3_c16_3) D  12284  10585     21
  12476  1188        cutoff         120412.0000   120371.0000   178295    0.03%  x(c45_3_c11_3) D  12476  12100     16
  12665  1063   120387.0833   237   120412.0000   120375.6667   179205    0.03%  x(c37_2_c35_2) D  12665  12603     32
  12852   923        cutoff         120412.0000   120380.5000   180016    0.03%  x(c62_2_c27_2) U  12852   8986     12
  13041   784        cutoff         120412.0000   120386.0000   180887    0.02%  x(c96_2_c93_2) D  13041   1185     16
  13231   635   120411.0000   193   120412.0000   120391.0833   181679    0.02%  x(c76_2_c92_2) D  13231  10821     35
  13415   496        cutoff         120412.0000   120396.6667   182619    0.01%  x(c76_2_c92_2) D  13415  13311     11

Mixed integer rounding cuts applied:  1
Zero-half cuts applied:  39
Gomory fractional cuts applied:  8
User cuts applied:  1053

Root node processing (before b&c):
  Real time             =    0.42 sec. (759.69 ticks)
Sequential b&c:
  Real time             =   53.80 sec. (78885.48 ticks)
                          ------------
Total (root+branch&cut) =   54.22 sec. (79645.17 ticks)

