Version identifier: 22.1.0.0 | 2022-03-09 | 1a383f8ce
CPXPARAM_Preprocessing_Reduce                    0
CPXPARAM_Threads                                 1
CPXPARAM_Preprocessing_Reformulations            0
CPXPARAM_Emphasis_MIP                            2
CPXPARAM_TimeLimit                               7200
CPXPARAM_MIP_Tolerances_AbsMIPGap                0.98999999999999999
CPXPARAM_MIP_Limits_TreeMemory                   20000
Legacy callback                                  BbLUID
         Disabling repeat represolve because of lazy constraint/incumbent callback.
1 of 1 MIP starts provided solutions.
MIP start 'm1' defined initial solution with objective 160332.0000.
Tried aggregator 0 times.
Reduced MIP has 533 rows, 23722 columns, and 70636 nonzeros.
Reduced MIP has 23722 binaries, 0 generals, 0 SOSs, and 0 indicators.
Presolve time = 0.00 sec. (4.30 ticks)
Probing time = 0.01 sec. (7.88 ticks)
Clique table members: 268.
MIP emphasis: optimality.
MIP search method: traditional branch-and-cut.
Parallel mode: none, using 1 thread.
Root relaxation solution time = 0.01 sec. (16.20 ticks)

        Nodes                                         Cuts/
   Node  Left     Objective  IInf  Best Integer    Best Bound    ItCnt     Gap         Variable B NodeID Parent  Depth

*     0+    0                       160332.0000        0.0000           100.00%
      0     0   151848.5000   254   160332.0000   131869.0000      532   17.75%
      0     0   156600.0000   400   160332.0000      Cuts: 70      675    2.33%
      0     0   157360.0000   287   160332.0000      Cuts: 31      762    1.85%
      0     0   157614.5000   388   160332.0000      Cuts: 19      827    1.69%
      0     0   157807.1667   227   160332.0000      Cuts: 62      894    1.57%
      0     0   158078.2500   239   160332.0000      Cuts: 18      961    1.41%
      0     0   158327.1905   538   160332.0000      Cuts: 50     1008    1.25%
      0     0   158438.8333   268   160332.0000      Cuts: 35     1056    1.18%
      0     0   158468.1667   193   160332.0000       Cuts: 9     1069    1.16%
      0     0   158469.1667   342   160332.0000      Cuts: 17     1082    1.16%
      0     0   158479.5000   207   160332.0000  ZeroHalf: 12     1096    1.16%
      0     0   158479.5000   372   160332.0000  ZeroHalf: 10     1110    1.16%
      0     0   158479.5000   362   160332.0000       User: 1     1153    1.16%
      0     0   158479.5000   356   160332.0000       User: 1     1202    1.16%
      0     0   158479.5000   200   160332.0000       User: 1     1204    1.16%
      0     2   158479.5000   200   160332.0000   158479.5000     1204    1.16%                        0             0
Elapsed time = 1.62 sec. (2180.74 ticks, tree = 0.01 MB, solutions = 1)
      1     3   158479.5000   356   160332.0000   158479.5000     1249    1.16%  x(c80_2_c81_2) N      1      0      1
      3     5   158504.5000   334   160332.0000   158479.5000     1279    1.16%  x(c68_3_c76_3) N      3      2      3
      5     7   158530.0833   338   160332.0000   158479.5000     1328    1.16%  x(c41_3_c42_3) N      5      3      4
      8    10   158615.4167   323   160332.0000   158479.5000     1369    1.16%  x(c54_3_c25_3) D      8      7      7
     11    13   159213.5833   297   160332.0000   158479.5000     1497    1.16%  x(c23_3_c26_3) U     11      9      8
     20    22   159124.2500   175   160332.0000   158479.5000     1595    1.16%  x(c38_3_c35_3) N     20     19     16
     27    29   159144.0147   264   160332.0000   158479.5000     1688    1.16%  x(c34_3_c39_3) N     27     25     20
     34    36   159192.2944   237   160332.0000   158479.5000     1770    1.16%  x(c33_3_c45_3) N     34     33     26
     45    47   159274.9167   116   160332.0000   158479.5000     1868    1.16%  x(c48_2_c53_2) D     45     44     37
     80    81   159398.4375   187   160332.0000   158479.5000     2123    1.16%  x(c38_1_c34_1) D     80     79     70
Elapsed time = 5.25 sec. (6143.38 ticks, tree = 1.24 MB, solutions = 1)
    124   117   158549.4375   324   160332.0000   158479.5000     2550    1.16%  x(c60_3_c59_3) N    124    123      6
    164   150   158557.6642   527   160332.0000   158538.7000     3361    1.12%  x(c76_3_c68_3) N    164      5      5
    215   201   158724.2000   291   160332.0000   158606.7619     4707    1.08%  x(c96_3_c65_3) N    215    132     13
    270   256   158841.1250   273   160332.0000   158664.1625     6129    1.04%  x(c75_3_c77_3) U    270    135     15
    330   316   158724.1389   266   160332.0000   158708.5000     7420    1.01%  x(c49_3_c46_3) D    330    329     17
    387   373   158745.5000   170   160332.0000   158732.7500     8838    1.00%  x(c65_3_c64_3) D    387    386     11
    456   442   158770.1667   299   160332.0000   158759.0000    10494    0.98%  x(c53_3_c55_3) U    456    315     10
    527   513   159004.5588   340   160332.0000   158782.3571    12351    0.97%  x(c51_3_c79_3) U    527    525     14
    599   585   159614.7500   207   160332.0000   158799.4286    14266    0.96%  x(c27_3_c24_3) N    599    179      7
    660   646   158873.2188   517   160332.0000   158816.4375    16161    0.95%  x(c25_3_c54_3) D    660    659     14
Elapsed time = 15.11 sec. (15786.39 ticks, tree = 11.75 MB, solutions = 1)
    739   725   159630.0625   424   160332.0000   158834.5000    18393    0.93%  x(c25_3_c54_3) N    739    737     16
    806   792   159096.2321   314   160332.0000   158851.3333    20353    0.92%  x(c27_3_c24_3) U    806    595      7
    879   863   158879.3333   313   160332.0000   158863.1500    22128    0.92%  x(c25_3_c54_3) D    879    641      9
    955   939   159168.7500   444   160332.0000   158873.5000    24160    0.91%  x(c73_3_c77_3) U    955    467     17
   1031  1015   159249.2500   486   160332.0000   158882.6667    26095    0.90%  x(c96_3_c65_3) U   1031    682     11
   1101  1085   158931.9464   482   160332.0000   158891.4375    27949    0.90%  x(c72_3_c61_3) D   1101    627     17
   1179  1163   159160.9062   257   160332.0000   158901.7000    30213    0.89%  x(c59_3_c61_3) U   1179    750     16
   1261  1245   158951.8000   410   160332.0000   158913.6138    32290    0.88%  x(c59_2_c70_2) D   1261   1259     36
   1345  1329   159271.9554   484   160332.0000   158928.3333    34582    0.88%  x(c71_3_c61_3) U   1345   1343     23
   1412  1396   159574.1852   476   160332.0000   158936.4554    36710    0.87%  x(c25_3_c21_3) U   1412    845     13
Elapsed time = 25.39 sec. (25458.69 ticks, tree = 26.60 MB, solutions = 1)
   1482  1466   158957.2708   313   160332.0000   158941.5000    38474    0.87%  x(c54_3_c48_3) D   1482   1235     11
   1556  1540   158974.2500   414   160332.0000   158947.5000    40426    0.86%  x(c25_2_c54_2) D   1556   1182     37
   1637  1621   159390.2745   490   160332.0000   158955.6042    42528    0.86%  x(c45_3_c43_3) U   1637   1368     43
   1695  1664   158971.9022   476   160332.0000   158956.7500    43196    0.86%  x(c63_3_c62_3) D   1695   1694     20
   1765  1734   159092.6429   398   160332.0000   158962.7542    44871    0.85%  x(c68_2_c76_2) U   1765   1758     34
   1843  1812   159270.9464   489   160332.0000   158968.5000    47086    0.85%  x(c72_3_c61_3) U   1843    627     17
   1909  1878   159488.4167   379   160332.0000   158973.1250    48999    0.85%  x(c59_2_c70_2) N   1909   1436     16
   1997  1966   159524.1250   435   160332.0000   158977.6375    50821    0.84%  x(c64_3_c27_3) U   1997   1995     28
   2060  2029   159276.1875   408   160332.0000   158981.2500    52517    0.84%  x(c79_3_c69_3) N   2060   2058     18
   2140  2108   159100.3333   265   160332.0000   158986.0179    54324    0.84%  x(c51_3_c49_3) U   2140   1402     15
Elapsed time = 35.44 sec. (35058.63 ticks, tree = 41.46 MB, solutions = 1)
   2212  2180   159017.2500   283   160332.0000   158991.7252    56339    0.84%  x(c39_3_c79_3) D   2212   1384     12
   2286  2254   159001.9000   303   160332.0000   158996.5000    58163    0.83%  x(c54_3_c25_3) D   2286   2081     34
   2362  2329   159015.1000   272   160332.0000   159000.5000    60180    0.83%  x(c53_3_c58_3) D   2362   1360     18
   2436  2402   159741.3333   468   160332.0000   159004.3750    62072    0.83%  x(c63_3_c60_3) U   2436   1945     28
   2513  2477   159010.7667   349   160332.0000   159008.7500    64069    0.83%  x(c79_2_c39_2) D   2513   1939     22
   2589  2553   159201.2500   275   160332.0000   159012.9375    66136    0.82%  x(c94_3_c93_3) U   2589   2587     40
   2651  2612   159748.1875   407   160332.0000   159015.7500    67918    0.82%  x(c25_3_c54_3) U   2651    552     14
   2730  2691   159033.4000   557   160332.0000   159020.0000    69827    0.82%  x(c16_3_c14_3) D   2730    775     11
   2809  2770   159358.0000   320   160332.0000   159022.4375    71929    0.82%  x(c68_2_c76_2) N   2809   1479     16
   2872  2833   159769.3333   302   160332.0000   159026.7500    73770    0.81%  x(c25_3_c54_3) U   2872   1704     19
Elapsed time = 45.73 sec. (44689.84 ticks, tree = 57.31 MB, solutions = 1)
   2942  2903   159088.5000   288   160332.0000   159030.0000    75523    0.81%  x(c27_3_c24_3) D   2942   1388      7
   3017  2978   159413.4833   459   160332.0000   159033.7500    77578    0.81%  x(c69_3_c79_3) N   3017   2398     32
   3090  3051   159067.5000   269   160332.0000   159037.4167    79747    0.81%  x(c68_3_c96_3) D   3090   3089     21
   3166  3127   159157.8542   367   160332.0000   159040.4375    81452    0.81%  x(c58_3_c54_3) U   3166   2391     14
   3225  3186   159173.4306   365   160332.0000   159043.1875    83249    0.80%  x(c94_3_c96_3) D   3225   3224     25
   3292  3244   159998.6528   304   160332.0000   159043.1875    83838    0.80%  x(c96_2_c67_2) D   3292   3291     83
   3341  3280   159273.0000   125   160332.0000   159044.0000    84677    0.80%  x(c80_3_c83_3) U   3341   1476     15
   3412  3351   159053.7344   459   160332.0000   159048.0000    86515    0.80%  x(c64_3_c27_3) D   3412   2122     41
   3486  3425   159097.0952   456   160332.0000   159050.4375    88140    0.80%  x(c79_3_c39_3) D   3486   2539     32
   3553  3492   159468.4522   525   160332.0000   159052.8333    90000    0.80%  x(c54_3_c48_3) N   3553   1711     17
Elapsed time = 55.18 sec. (54331.80 ticks, tree = 72.12 MB, solutions = 1)
   3621  3560   159098.8036   460   160332.0000   159055.6250    91951    0.80%  x(c47_2_c11_2) D   3621    661     15
   3693  3632   159119.1346   352   160332.0000   159057.8125    93420    0.79%  x(c70_2_c69_2) U   3693   1916     13
   3751  3690   159526.3333   449   160332.0000   159059.2500    95113    0.79%  x(c67_3_c96_3) U   3751   3749     29
   3822  3761   159149.0250   354   160332.0000   159061.5833    96783    0.79%  x(c21_1_c22_1) U   3822   3081     31
   3884  3823   159349.9345   547   160332.0000   159064.5000    98309    0.79%  x(c39_3_c79_3) U   3884   2673     12
   3959  3898   159088.9250   294   160332.0000   159066.1250    99899    0.79%  x(c60_2_c61_2) U   3959   3569     36
   4024  3963   159123.4000   420   160332.0000   159068.6042   101432    0.79%  x(c39_3_c79_3) U   4024   2680     19
   4095  4034   159103.1019   447   160332.0000   159070.6000   103336    0.79%  x(c59_2_c70_2) U   4095   3689     26
   4159  4098   159086.2167   467   160332.0000   159072.6852   105000    0.79%  x(c41_3_c79_3) D   4159   1986     19
   4224  4163   159079.1313   375   160332.0000   159074.5000   106717    0.78%  x(c54_3_c47_3) D   4224   4223     27
Elapsed time = 65.59 sec. (63950.53 ticks, tree = 87.72 MB, solutions = 1)
   4290  4229   159176.9565   445   160332.0000   159076.2833   108615    0.78%  x(c79_3_c39_3) U   4290   3411     18
   4351  4290   159078.0000   141   160332.0000   159078.0000   110063    0.78%  x(c96_3_c65_3) U   4351   1073     10
   4417  4356   159190.0000   145   160332.0000   159080.0000   111693    0.78%  x(c39_3_c79_3) U   4417   3071     18
   4483  4422   159142.9583   455   160332.0000   159082.2500   113181    0.78%  x(c79_3_c39_3) D   4483   2570     27
   4543  4482   159671.9375   446   160332.0000   159083.9405   114856    0.78%  x(c66_3_c96_3) U   4543   4541     37
   4606  4545   159088.4167   420   160332.0000   159086.0000   116529    0.78%  x(c68_3_c96_3) D   4606   3798     25
   4675  4612   159345.9062   470   160332.0000   159087.7500   118045    0.78%  x(c60_3_c59_3) U   4675   1819      8
   4741  4678   159525.2857   343   160332.0000   159089.1250   119761    0.78%  x(c25_2_c60_2) U   4741   2388     21
   4800  4735   159132.5317   438   160332.0000   159090.1250   121114    0.77%  x(c59_2_c70_2) U   4800   4798     21
   4860  4793   159645.2083   426   160332.0000   159091.5484   122710    0.77%  x(c92_3_c93_3) N   4860   4859     11
Elapsed time = 74.78 sec. (73578.41 ticks, tree = 102.69 MB, solutions = 1)
   4933  4861   159097.1111   459   160332.0000   159092.9062   124670    0.77%  x(c61_3_c54_3) D   4933   2400     34
   4988  4915   159217.1500   451   160332.0000   159094.4883   126643    0.77%  x(c58_3_c54_3) U   4988   2982     20
   5044  4971   159493.5333   458   160332.0000   159095.9167   128337    0.77%  x(c92_3_c93_3) U   5044   5043     21
   5102  5028   159582.2500   329   160332.0000   159097.2500   129661    0.77%  x(c69_2_c79_2) U   5102   5100     20
   5167  5093   159241.1875   216   160332.0000   159099.1250   131589    0.77%  x(c65_2_c27_2) U   5167   4020     38
   5225  5151   159172.8073   428   160332.0000   159100.4167   133081    0.77%  x(c63_3_c62_3) U   5225   4199     21
   5291  5217   159102.0000   193   160332.0000   159102.0000   134921    0.77%  x(c49_3_c46_3) D   5291   4469     25
   5351  5275   159263.3102   541   160332.0000   159103.0625   136526    0.77%  x(c60_3_c59_3) N   5351   5350     14
   5415  5339   159172.0893   386   160332.0000   159104.5500   138190    0.77%  x(c59_2_c70_2) D   5415   4530     18
   5477  5400   159389.7500    93   160332.0000   159105.9167   139606    0.76%  x(c60_2_c61_2) U   5477   2959     22
Elapsed time = 83.26 sec. (83177.86 ticks, tree = 117.58 MB, solutions = 1)
   5536  5459   159131.5833   387   160332.0000   159107.5833   141174    0.76%  x(c58_2_c54_2) U   5536   2533     28
   5598  5520   159368.1750   411   160332.0000   159109.3468   142994    0.76%  x(c54_3_c47_3) U   5598   4281     24
   5649  5570   159716.8971   294   160332.0000   159110.2500   144361    0.76%  x(c48_2_c54_2) U   5649   4220     35
   5706  5627   159318.7292   475   160332.0000   159111.5870   146144    0.76%  x(c63_2_c64_2) U   5706   5046     34
   5773  5694   159233.3333   346   160332.0000   159113.0583   147737    0.76%  x(c59_2_c70_2) U   5773   5770     22
   5826  5746   159147.6250   363   160332.0000   159114.4756   149269    0.76%  x(c70_2_c69_2) U   5826   4575     22
   5887  5807   159458.1667   226   160332.0000   159115.6429   150904    0.76%  x(c54_3_c47_3) U   5887   4583     17
   5950  5869   159689.2500    59   160332.0000   159117.0833   152736    0.76%  x(c79_2_c81_2) U   5950   3905     19
   6018  5937   159119.6000   370   160332.0000   159118.4375   154291    0.76%  x(c69_2_c79_2) D   6018   3725     18
   6257  6174   159154.4615   410   160332.0000   159123.2292   160868    0.75%  x(c60_3_c59_3) U   6257   4615     24
Elapsed time = 95.25 sec. (95673.06 ticks, tree = 136.89 MB, solutions = 1)
   6460  6363   160003.9048   404   160332.0000   159126.0000   165239    0.75%  x(c78_2_c73_2) N   6460   6459     77
   6668  6544   159276.9792   318   160332.0000   159129.6667   169980    0.75%  x(c48_3_c54_3) D   6668   4237     12
   6917  6792   159562.8361   549   160332.0000   159134.5000   176154    0.75%  x(c16_3_c17_3) N   6917   6915     16
   7152  7027   159774.1250   419   160332.0000   159139.0625   182602    0.74%  x(c92_3_c95_3) U   7152   3433     29
   7392  7264   159281.5833   400   160332.0000   159142.7500   188590    0.74%  x(c63_3_c62_3) U   7392   5371     16
   7624  7496   159636.4000   364   160332.0000   159146.5833   194732    0.74%  x(c25_2_c54_2) U   7624   5107     32
   7866  7738   159376.1875   362   160332.0000   159150.2500   201183    0.74%  x(c79_3_c39_3) U   7866   7864     29
   8086  7956   159313.9111   155   160332.0000   159153.2500   206062    0.74%  x(c47_1_c52_1) D   8086   8085     64
   8269  8126   159159.7500   279   160332.0000   159155.1500   209738    0.73%  x(c36_1_c38_1) D   8269   5836     40
   8486  8343   159172.0903   453   160332.0000   159158.0375   215571    0.73%  x(c53_3_c58_3) D   8486   6796     26
Elapsed time = 127.30 sec. (133972.76 ticks, tree = 192.90 MB, solutions = 1)
   8705  8562   159910.1500   458   160332.0000   159162.0000   221884    0.73%  x(c24_3_c27_3) N   8705   8703     27
   8914  8770   159175.5375   487   160332.0000   159165.5833   227557    0.73%  x(c79_3_c39_3) D   8914   4350     22
   9135  8990   159991.0625   491   160332.0000   159168.7500   233567    0.73%  x(c25_3_c48_3) N   9135   3910      9
   9341  9186   159187.0882   296   160332.0000   159171.7500   239482    0.72%  x(c94_2_c68_2) D   9341   9340     49
   9559  9404   159192.1583   479   160332.0000   159174.2500   245438    0.72%  x(c68_3_c96_3) D   9559   9558     38
   9770  9580   159739.8333   427   160332.0000   159175.3077   249259    0.72%  x(c79_3_c39_3) U   9770   9768     19
   9982  9788   159637.5778   329   160332.0000   159178.4200   254911    0.72%  x(c54_3_c25_3) U   9982   6758     13
  10177  9978   159927.0294   501   160332.0000   159181.0000   260906    0.72%  x(c63_3_c27_3) U  10177  10175     20
  10383 10179   159768.7500   114   160332.0000   159183.8906   266526    0.72%  x(c63_2_c64_2) U  10383   9525     21
  10587 10379   159355.2500   198   160332.0000   159186.3935   272192    0.71%  x(c78_2_c92_2) U  10587   7773     37
Elapsed time = 159.57 sec. (172290.15 ticks, tree = 249.19 MB, solutions = 1)
  10803 10591   159206.4773   420   160332.0000   159188.9625   277597    0.71%  x(c92_3_c88_3) D  10803   7008     17
  11004 10782   159243.3833   422   160332.0000   159191.2500   283798    0.71%  x(c58_3_c53_3) D  11004   8351     23
  11215 10988   159708.0759   561   160332.0000   159193.5500   289340    0.71%  x(c80_3_c83_3) U  11215   7967     31
  11420 11182   159410.3750   167   160332.0000   159195.1250   294112    0.71%  x(c21_1_c22_1) U  11420  10393     36
  11609 11340   159629.8140   431   160332.0000   159197.2619   299800    0.71%  x(c25_2_c54_2) U  11609  10182     29
  11806 11535   159575.6600   535   160332.0000   159199.6667   305193    0.71%  x(c64_3_c65_3) U  11806   6395     17
  11992 11719   159634.7031   468   160332.0000   159201.9375   311004    0.70%  x(c23_3_c21_3) U  11992   4851     16
  12188 11914   159846.2500   385   160332.0000   159203.5000   316578    0.70%  x(c63_2_c60_2) U  12188   9968     33
  12372 12096   159300.1071   202   160332.0000   159205.8611   322248    0.70%  x(c47_1_c54_1) D  12372  12371     40
  12565 12287   159240.8750   183   160332.0000   159207.6250   327784    0.70%  x(c85_3_c84_3) U  12565     22     18
Elapsed time = 192.51 sec. (210546.68 ticks, tree = 304.39 MB, solutions = 1)
  12764 12486   159216.0000   122   160332.0000   159209.5000   333488    0.70%  x(c82_1_c70_1) D  12764  11444     33
  12958 12666   159537.0833   313   160332.0000   159211.0833   339228    0.70%  x(c69_2_c79_2) U  12958   6318     16
  13130 12837   159310.3264   476   160332.0000   159212.9500   344704    0.70%  x(c75_3_c74_3) D  13130  11011     17
  13300 13004   159386.5600   321   160332.0000   159215.2500   350422    0.70%  x(c39_3_c79_3) U  13300   5413     19
  13490 13194   159221.6270   355   160332.0000   159217.2805   355549    0.70%  x(c60_2_c63_2) D  13490   4325     22
  13659 13360   159394.5000   229   160332.0000   159219.2742   361146    0.69%  x(c47_2_c11_2) U  13659  13657     27
  13846 13545   159262.3750   410   160332.0000   159221.4375   366605    0.69%  x(c65_3_c28_3) D  13846  11456     34
  14021 13718   159576.1250   140   160332.0000   159223.1250   371828    0.69%  x(c69_2_c79_2) U  14021   7654     15
  14208 13903   159226.1000   329   160332.0000   159225.0000   377284    0.69%  x(c47_2_c11_2) D  14208  12859     24
  14384 14068   159892.5000   330   160332.0000   159226.5556   382482    0.69%  x(c27_2_c64_2) N  14384  14382     25
Elapsed time = 223.19 sec. (248799.50 ticks, tree = 357.81 MB, solutions = 1)
  14558 14239   159386.4333   411   160332.0000   159228.1136   387842    0.69%  x(c65_3_c28_3) D  14558  14557     41
  14740 14419   159423.0000   265   160332.0000   159229.6458   393520    0.69%  x(c39_3_c79_3) U  14740   9860     23
  14912 14584   159486.2000   273   160332.0000   159231.1250   398777    0.69%  x(c78_2_c92_2) U  14912  13368     24
  15084 14751   159287.4750   303   160332.0000   159232.7500   404192    0.69%  x(c80_2_c91_2) D  15084  15083     24
  15255 14919   159455.7083   124   160332.0000   159234.5000   409650    0.68%  x(c82_1_c70_1) U  15255  15253     51
  15435 15097   159367.2286   119   160332.0000   159235.8571   415086    0.68%  x(c47_1_c54_1) D  15435  12392     28
  15620 15282   159263.1023   382   160332.0000   159237.3333   420040    0.68%  x(c11_2_c15_2) D  15620   8782     32
  15807 15463   159723.4643   412   160332.0000   159239.0000   424978    0.68%  x(c65_3_c27_3) U  15807  15805     13
  15983 15637   159244.0000   182   160332.0000   159240.5000   430335    0.68%  x(c11_1_c15_1) D  15983  12765     35
  16151 15803   159258.8333   352   160332.0000   159241.8125   435564    0.68%  x(c76_3_c73_3) D  16151   9874     27
Elapsed time = 252.86 sec. (287089.96 ticks, tree = 411.03 MB, solutions = 1)
  16330 15978   159360.5833   432   160332.0000   159243.3500   440583    0.68%  x(c69_2_c79_2) D  16330   5695     21
  16509 16152   159324.1250   327   160332.0000   159244.6667   445403    0.68%  x(c79_3_c39_3) U  16509   2549     28
  16691 16332   159256.9062   462   160332.0000   159246.1812   450756    0.68%  x(c65_3_c28_3) D  16691  12487     14
  16858 16494   159278.5536   464   160332.0000   159247.5625   456021    0.68%  x(c61_3_c64_3) D  16858   1897     22
  17039 16673   159286.0000   403   160332.0000   159248.7500   461037    0.68%  x(c79_3_c39_3) U  17039   7109     15
  17201 16831   159352.0000    84   160332.0000   159250.0000   465813    0.67%  x(c67_1_c94_1) U  17201  15983     36
  17384 16997   159451.4667   363   160332.0000   159251.2958   471053    0.67%  x(c53_2_c54_2) U  17384  11363     23
  17551 17163   159259.3000   228   160332.0000   159252.5667   476741    0.67%  x(c63_2_c64_2) D  17551  13838     31
  17739 17350   159258.4506   547   160332.0000   159253.9000   481816    0.67%  x(c64_3_c27_3) D  17739   8327     40
  17905 17516   159865.4514   493   160332.0000   159255.1667   487365    0.67%  x(c19_3_c22_3) U  17905    407      8
Elapsed time = 281.88 sec. (325383.33 ticks, tree = 465.13 MB, solutions = 1)
  18070 17671   159341.3750   450   160332.0000   159256.1250   492283    0.67%  x(c58_3_c54_3) D  18070   2482     16
  18235 17834   159528.3182   420   160332.0000   159257.5000   497831    0.67%  x(c27_3_c24_3) U  18235   9322     14
  18410 18009   159870.7292   340   160332.0000   159258.6042   503545    0.67%  x(c65_3_c28_3) U  18410  14761     18
  18585 18183   159459.1000   377   160332.0000   159259.9375   508643    0.67%  x(c47_2_c11_2) U  18585  13687     23
  18750 18346   159308.7833   487   160332.0000   159261.1667   513760    0.67%  x(c58_3_c60_3) D  18750  15638     40
  18930 18521   160256.9881   160   160332.0000   159262.1250   518455    0.67%  x(c45_2_c50_2) N  18930  18929     57
  19097 18682   159300.7500   322   160332.0000   159263.0833   523450    0.67%  x(c65_2_c27_2) U  19097   8616     25
  19247 18830   159297.6000   417   160332.0000   159264.1031   528217    0.67%  x(c63_2_c27_2) D  19247  12390     62
  19421 19004   159299.9830   484   160332.0000   159265.1606   533340    0.67%  x(c76_3_c73_3) D  19421  16774     27
  19589 19167   159275.8750   383   160332.0000   159266.2500   538340    0.66%  x(c21_1_c22_1) D  19589  19588     39
Elapsed time = 313.07 sec. (363657.55 ticks, tree = 517.39 MB, solutions = 1)
  19766 19342   159339.7500   272   160332.0000   159267.2500   543322    0.66%  x(c80_2_c83_2) D  19766   4648     36
  19931 19493   159954.4125   441   160332.0000   159268.0000   548441    0.66%  x(c63_3_c24_3) U  19931  12979     28
  20094 19654   160025.8750   447   160332.0000   159268.7812   553698    0.66%  x(c65_3_c28_3) U  20094  17561     34
  20266 19823   159271.7500   311   160332.0000   159269.6515   558765    0.66%  x(c71_3_c61_3) D  20266  20265     27
  20423 19978   159273.4236   324   160332.0000   159270.7222   564023    0.66%  x(c63_2_c64_2) D  20423  17214     27
  20602 20151   159427.1250   384   160332.0000   159271.7829   568848    0.66%  x(c78_2_c92_2) U  20602  16571     14
  20780 20329   159273.6786   444   160332.0000   159272.8000   574121    0.66%  x(c16_3_c15_3) D  20780  14835     21
  20934 20482   159794.6087   323   160332.0000   159273.5625   579348    0.66%  x(c47_2_c50_2) N  20934  20697     28
  21110 20654   159554.2500   121   160332.0000   159274.4375   583699    0.66%  x(c80_2_c83_2) D  21110  21109     27
  21263 20804   159321.5500   446   160332.0000   159275.2188   588285    0.66%  x(c75_3_c74_3) U  21263  18336     48
Elapsed time = 341.71 sec. (402068.56 ticks, tree = 569.87 MB, solutions = 1)
  21428 20966   159316.8750   460   160332.0000   159276.1875   593329    0.66%  x(c75_3_c74_3) U  21428   7964     30
  21597 21133   159302.2500   107   160332.0000   159277.2500   598137    0.66%  x(c32_1_c36_1) U  21597  21595     39
  21767 21301   159661.1250   336   160332.0000   159278.0000   603128    0.66%  x(c39_3_c34_3) U  21767  17992     68
  21933 21467   159289.7500   431   160332.0000   159278.9430   608012    0.66%  x(c63_2_c64_2) U  21933  21931     24
  22095 21629   159458.4583   477   160332.0000   159279.6667   612836    0.66%  x(c78_2_c92_2) U  22095  19642     29
  22256 21781   159534.9500   418   160332.0000   159280.4375   617532    0.66%  x(c25_3_c60_3) U  22256  22254     19
  22404 21925   159607.6250   358   160332.0000   159281.3068   623049    0.66%  x(c60_2_c25_2) U  22404  20275     31
  22566 22083   159695.5833   413   160332.0000   159281.9167   627444    0.65%  x(c92_3_c88_3) N  22566   8775     19
  22720 22233   159333.5536   500   160332.0000   159282.5833   632453    0.65%  x(c16_3_c17_3) U  22720  13166     18
  22868 22377   159292.1447   439   160332.0000   159283.5313   636847    0.65%  x(c58_3_c60_3) D  22868  13492     24
Elapsed time = 370.91 sec. (440298.49 ticks, tree = 621.43 MB, solutions = 1)
  23035 22541   159333.2500   483   160332.0000   159284.3846   641597    0.65%  x(c53_3_c48_3) D  23035   5390     17
  23194 22698   159468.2500   466   160332.0000   159285.2000   646988    0.65%  x(c65_3_c28_3) U  23194  16961     20
  23358 22860   159485.6345   481   160332.0000   159286.0000   651932    0.65%  x(c21_1_c22_1) U  23358  21945     31
  23504 22998   159353.3000   191   160332.0000   159286.6176   656993    0.65%  x(c60_2_c59_2) U  23504  23503     33
  23637 23128   159287.2500   177   160332.0000   159287.2500   661625    0.65%  x(c47_1_c54_1) D  23637  19001     35
  23797 23278        cutoff         160332.0000   159287.9375   666259    0.65%  x(c65_3_c26_3) U  23797  23795     21
  23952 23429   159312.8679   528   160332.0000   159288.8026   670905    0.65%  x(c63_3_c60_3) D  23952  18819     34
  24112 23586   159301.2500   116   160332.0000   159289.5000   675835    0.65%  x(c21_1_c22_1) U  24112  21550     32
  24267 23737   159314.6250   382   160332.0000   159290.2500   681033    0.65%  x(c63_2_c64_2) D  24267  16785     20
  24415 23885   160048.0000   253   160332.0000   159290.8500   685686    0.65%  x(c39_3_c79_3) N  24415  23568     58
Elapsed time = 400.30 sec. (478577.96 ticks, tree = 671.63 MB, solutions = 1)
  24573 24043   159291.8050   299   160332.0000   159291.5000   690616    0.65%  x(c58_3_c54_3) D  24573  24572     25
  24732 24200   159403.8333   435   160332.0000   159292.2708   695451    0.65%  x(c48_3_c54_3) U  24732  24729     14
  24887 24354   159301.7316   471   160332.0000   159292.9853   700498    0.65%  x(c64_3_c27_3) D  24887  24886     24
  25060 24523   159709.9500   457   160332.0000   159293.6552   704840    0.65%  x(c80_3_c83_3) U  25060  17262     21
  25210 24671   159362.5000   114   160332.0000   159294.2500   710093    0.65%  x(c40_1_c44_1) U  25210  21796     47
  25352 24809        cutoff         160332.0000   159294.8292   715111    0.65%  x(c65_3_c27_3) U  25352  19254     25
  25507 24946   159295.9687   537   160332.0000   159295.3750   719718    0.65%  x(c96_3_c65_3) D  25507   1774     13
  25670 25105   159314.1667   132   160332.0000   159295.8750   723864    0.65%  x(c65_3_c28_3) D  25670  25669     22
  25817 25248   159814.3500   171   160332.0000   159296.6250   728947    0.65%  x(c69_2_c79_2) U  25817  17842     22
  25970 25399   159297.3750   307   160332.0000   159297.2500   733636    0.65%  x(c62_2_c59_2) D  25970  17639     24
Elapsed time = 429.21 sec. (516897.88 ticks, tree = 722.90 MB, solutions = 1)
  26111 25538   159713.7500   109   160332.0000   159297.8750   738730    0.64%  x(c47_3_c50_3) N  26111     53     46
  26266 25693   159468.2500   435   160332.0000   159298.3929   744029    0.64%  x(c58_3_c60_3) U  26266  12430     26
  26412 25831   159807.2188   317   160332.0000   159298.8900   748735    0.64%  x(c63_2_c64_2) U  26412  13768     45
  26552 25969   159358.2083   364   160332.0000   159299.6250   753357    0.64%  x(c25_2_c60_2) D  26552   9037     18
  26688 26105   159954.7971   376   160332.0000   159300.3261   758605    0.64%  x(c16_3_c15_3) U  26688  25295     17
  26838 26254   159300.8177   347   160332.0000   159300.8177   763537    0.64%  x(c65_3_c28_3) D  26838  17395     33
  26990 26406   159597.2625   511   160332.0000   159301.2917   768568    0.64%  x(c92_3_c93_3) U  26990  16092     19
  27156 26566   159651.6750   416   160332.0000   159301.8333   772664    0.64%  x(c63_2_c64_2) D  27156  27154     28
  27300 26704   159536.0786   202   160332.0000   159302.4833   777071    0.64%  x(c46_3_c53_3) U  27300  27298     41
  27456 26860   159317.7171   445   160332.0000   159303.0896   781561    0.64%  x(c65_3_c28_3) D  27456  27455     52
Elapsed time = 457.10 sec. (555216.06 ticks, tree = 772.85 MB, solutions = 1)
  27609 27007   159863.3667   463   160332.0000   159303.5556   786457    0.64%  x(c28_3_c65_3) U  27609  27607     23
  27765 27161   159747.4107   462   160332.0000   159304.1876   791345    0.64%  x(c39_1_c79_1) U  27765  14687     33
  27919 27311   160031.7500   170   160332.0000   159304.6891   796160    0.64%  x(c65_3_c28_3) U  27919  16294     15
  28068 27458   159338.7500    43   160332.0000   159305.2500   800818    0.64%  x(c65_2_c28_2) D  28068  12149     24
  28220 27607   159673.5000   310   160332.0000   159305.7917   805324    0.64%  x(c69_2_c79_2) U  28220  19188     27
  28370 27757   159846.1023   469   160332.0000   159306.5100   810347    0.64%  x(c28_3_c65_3) U  28370  28368     16
  28518 27903   160033.7500   368   160332.0000   159307.0833   815253    0.64%  x(c60_2_c25_2) U  28518  17939     33
  28652 28037   159647.3417   450   160332.0000   159307.5000   820154    0.64%  x(c79_2_c81_2) U  28652  13627     35
  28787 28148   159321.8125   413   160332.0000   159307.7000   822937    0.64%  x(c63_2_c64_2) U  28787  28785     31
  28929 28289   159308.2109   501   160332.0000   159308.2222   827642    0.64%  x(c78_2_c92_2) D  28929  18966     28
Elapsed time = 484.24 sec. (593476.35 ticks, tree = 821.47 MB, solutions = 1)
  29089 28442   159463.2500   177   160332.0000   159308.6633   832174    0.64%  x(c54_3_c47_3) U  29089  29087     23
  29236 28586   159559.7500   179   160332.0000   159309.1250   836698    0.64%  x(c34_3_c39_3) U  29236  28869     26
  29376 28723   159544.7667   427   160332.0000   159309.7500   841486    0.64%  x(c48_3_c54_3) N  29376  12069     15
  29525 28872   159310.7292   345   160332.0000   159310.3750   846098    0.64%  x(c63_2_c64_2) D  29525  25407     46
  29670 29012   159315.0732   234   160332.0000   159310.8333   851115    0.64%  x(c25_1_c21_1) D  29670  29669     25
  29822 29164   159322.2262   453   160332.0000   159311.4000   855787    0.64%  x(c64_3_c27_3) D  29822  29821     23
  29976 29315   159612.3095   389   160332.0000   159311.9818   860744    0.64%  x(c47_2_c50_2) U  29976  19537     48
  30129 29468   159615.0000    46   160332.0000   159312.4500   865279    0.64%  x(c60_2_c25_2) U  30129  28622     19
  30273 29608   159320.8500   414   160332.0000   159312.9403   869929    0.64%  x(c54_2_c25_2) D  30273  30272     15
  30412 29741   159791.5705   473   160332.0000   159313.3051   874749    0.64%  x(c80_3_c83_3) U  30412  30119     47
Elapsed time = 511.57 sec. (631719.99 ticks, tree = 871.59 MB, solutions = 1)
  30563 29874   159372.1500   341   160332.0000   159313.5833   877938    0.64%  x(c65_3_c27_3) D  30563  14453     19
  30710 30020   159392.5652   507   160332.0000   159314.0417   882627    0.63%  x(c25_3_c60_3) D  30710  30709     24
  30859 30169   159323.6250   375   160332.0000   159314.4500   887133    0.63%  x(c25_1_c21_1) D  30859  30858     27
  31003 30308   159456.8500   418   160332.0000   159315.0000   891219    0.63%  x(c59_3_c61_3) U  31003  15896     19
  31155 30460   159679.2500   362   160332.0000   159315.5000   895973    0.63%  x(c79_2_c81_2) U  31155  16795     19
  31298 30603   159578.1250   242   160332.0000   159316.0000   900697    0.63%  x(c54_1_c25_1) U  31298  21756     36
  31447 30750   159326.5893   348   160332.0000   159316.3500   905158    0.63%  x(c28_3_c65_3) D  31447  31446     29
  31591 30893   159319.9844   445   160332.0000   159316.7727   910083    0.63%  x(c92_3_c93_3) D  31591  23978     35
  31721 31017   159325.7667   407   160332.0000   159317.3690   914948    0.63%  x(c65_3_c28_3) D  31721  11785     28
  31877 31173   159326.6731   208   160332.0000   159317.7500   919477    0.63%  x(c79_2_c39_2) D  31877  31876     42
Elapsed time = 539.19 sec. (669963.77 ticks, tree = 921.43 MB, solutions = 1)
  32017 31306   159915.0000   344   160332.0000   159318.2222   923873    0.63%  x(c25_2_c54_2) U  32017  29239     34
  32162 31449   159369.0000   216   160332.0000   159318.6333   928649    0.63%  x(c43_1_c42_1) D  32162  27924     50
  32320 31593   159645.7500   296   160332.0000   159318.9583   933077    0.63%  x(c63_2_c68_2) U  32320  25151     39
  32459 31731   160118.8333   241   160332.0000   159319.3500   937630    0.63%  x(c54_2_c25_2) U  32459  27349     54
  32586 31846   159335.8519   455   160332.0000   159319.6898   942565    0.63%  x(c16_3_c15_3) D  32586  17881     31
  32724 31982   159792.3500   158   160332.0000   159320.1667   947133    0.63%  x(c69_2_c79_2) U  32724  18537     26
  32860 32116   159330.8125   384   160332.0000   159320.5636   951706    0.63%  x(c39_3_c79_3) U  32860   5837     19
  32996 32252   159600.8475   528   160332.0000   159321.0714   956710    0.63%  x(c51_3_c79_3) U  32996  27221     14
  33132 32385   159321.5217   360   160332.0000   159321.5217   961643    0.63%  x(c79_2_c81_2) D  33132  19391     22
  33273 32523   159573.4167   469   160332.0000   159322.0000   966278    0.63%  x(c39_1_c79_1) U  33273  14307     30
Elapsed time = 565.56 sec. (708372.43 ticks, tree = 969.68 MB, solutions = 1)
  33413 32659   159332.3182   410   160332.0000   159322.4286   970901    0.63%  x(c68_2_c76_2) D  33413  28881     49
  33564 32806   159878.8750   501   160332.0000   159322.8375   975352    0.63%  x(c63_3_c27_3) U  33564  21516     25
  33728 32965   159811.9062   454   160332.0000   159323.1579   979611    0.63%  x(c16_3_c14_3) U  33728   2889      7
  33870 33105   159414.1500   418   160332.0000   159323.5000   984877    0.63%  x(c16_3_c17_3) D  33870  18820     17
  34005 33239   159426.5694   443   160332.0000   159323.8542   989626    0.63%  x(c63_2_c64_2) D  34005  34004     24
  34154 33375   159452.3750   350   160332.0000   159324.2500   994232    0.63%  x(c63_2_c64_2) D  34154  23419     24
  34302 33517   159568.3185   436   160332.0000   159324.6678   998636    0.63%  x(c78_2_c92_2) U  34302  21372     20
  34427 33637   159574.1509   486   160332.0000   159325.0616  1003265    0.63%  x(c25_1_c21_1) U  34427  22032     57
  34566 33771   160099.6818   315   160332.0000   159325.5357  1007921    0.63%  x(c63_2_c64_2) U  34566  34130     33
  34696 33899   159609.5000   380   160332.0000   159326.0000  1012660    0.63%  x(c68_2_c76_2) U  34696  24816     39
Elapsed time = 592.78 sec. (746643.87 ticks, tree = 1020.80 MB, solutions = 1)
  34834 34033   159746.8750   417   160332.0000   159326.4860  1017512    0.63%  x(c61_3_c71_3) U  34834  26262     29
  34971 34167   159956.1250   403   160332.0000   159326.8125  1021749    0.63%  x(c79_2_c81_2) U  34971  26322     20
  35125 34319   159344.9167   450   160332.0000   159327.1571  1025734    0.63%  x(c70_2_c69_2) U  35125  30929     27
  35263 34455   159579.7500   324   160332.0000   159327.6000  1030172    0.63%  x(c25_3_c60_3) N  35263  35261     23
  35403 34595   159340.2500   419   160332.0000   159328.0000  1034753    0.63%  x(c64_3_c27_3) D  35403   2296     24
  35539 34728   159399.1778   390   160332.0000   159328.4000  1039312    0.63%  x(c28_3_c65_3) U  35539  22754     32
  35680 34867   159714.1250   405   160332.0000   159328.7891  1043772    0.63%  x(c54_3_c48_3) U  35680  35678     39
  35825 34993   159571.5000   223   160332.0000   159329.1250  1048165    0.63%  x(c79_2_c81_2) U  35825  27681     27
  35965 35132   159330.4479   465   160332.0000   159329.5000  1052522    0.63%  x(c67_3_c61_3) D  35965  32351     46
  36108 35266   159809.5000   381   160332.0000   159330.0000  1057092    0.62%  x(c60_2_c24_2) U  36108  29762     27
Elapsed time = 619.68 sec. (784949.50 ticks, tree = 1070.78 MB, solutions = 1)
  36246 35400   159671.2500   248   160332.0000   159330.4038  1061817    0.62%  x(c60_2_c25_2) N  36246  36244     27
  36393 35547   159906.0625   444   160332.0000   159330.8214  1066166    0.62%  x(c66_3_c27_3) U  36393  27126     27
  36532 35684   159816.4773    62   160332.0000   159331.2500  1070511    0.62%  x(c79_2_c81_2) U  36532   8759     22
  36673 35819   159692.6771   365   160332.0000   159331.6250  1075033    0.62%  x(c25_1_c21_1) U  36673  36669     22
  36804 35950   159697.3833   447   160332.0000   159332.0208  1079820    0.62%  x(c23_3_c26_3) U  36804  28012     24
  36950 36092   159608.8056   312   160332.0000   159332.3750  1084162    0.62%  x(c71_3_c61_3) U  36950  16316     18
  37091 36231   159923.1800   495   160332.0000   159332.6786  1088517    0.62%  x(c39_3_c79_3) U  37091  35039     24
* 37216  6984      integral     0   159376.0000   159333.0000  1092221    0.03%
  37240  6982   159333.0417   417   159376.0000   159333.0417  1092350    0.03%  x(c80_3_c83_3) D  37240  37239     19
  37404  6928   159368.0000   353   159376.0000   159333.7500  1093742    0.03%  x(c78_2_c92_2) U  37404  10054     29
  37570  6868        cutoff         159376.0000   159334.4375  1095161    0.03%  x(c61_3_c71_3) U  37570  21645     22
Elapsed time = 645.36 sec. (823283.94 ticks, tree = 218.31 MB, solutions = 2)
  37735  6821        cutoff         159376.0000   159335.0825  1096643    0.03%  x(c32_1_c38_1) U  37735  24050     33
  37906  6769        cutoff         159376.0000   159335.8214  1098108    0.03%  x(c79_3_c39_3) D  37906   5269     23
  38074  6711        cutoff         159376.0000   159336.4186  1099373    0.02%  x(c80_3_c83_3) U  38074  22901     13
  38248  6665        cutoff         159376.0000   159337.0625  1100744    0.02%  x(c16_3_c15_3) U  38248  14834     21
  38419  6599        cutoff         159376.0000   159337.7500  1101922    0.02%  x(c11_1_c47_1) U  38419  37709     52
  38581  6545        cutoff         159376.0000   159338.2540  1103172    0.02%  x(c28_3_c65_3) U  38581  18822     40
  38757  6510        cutoff         159376.0000   159338.9750  1104642    0.02%  x(c69_2_c79_2) U  38757  38755     14
  38934  6466        cutoff         159376.0000   159339.5000  1106115    0.02%  x(c65_3_c28_3) U  38934  31109     24
  39123  6419   159340.5000   325   159376.0000   159340.1667  1107561    0.02%  x(c80_2_c91_2) D  39123  39122     58
  39308  6373        cutoff         159376.0000   159340.7500  1109084    0.02%  x(c63_2_c64_2) U  39308  12208     17
Elapsed time = 667.54 sec. (861568.28 ticks, tree = 205.33 MB, solutions = 2)
  39490  6325        cutoff         159376.0000   159341.2576  1110506    0.02%  x(c64_3_c27_3) U  39490  25472     26
  39678  6284        cutoff         159376.0000   159341.8389  1111945    0.02%  x(c64_3_c27_3) U  39678  34983     17
  39869  6249        cutoff         159376.0000   159342.4496  1113477    0.02%  x(c63_2_c64_2) D  39869  19681     24
  40047  6189        cutoff         159376.0000   159343.0000  1114851    0.02%  x(c36_1_c38_1) U  40047  24045     28
  40232  6135        cutoff         159376.0000   159343.5044  1116325    0.02%  x(c63_3_c27_3) U  40232  30246     17
  40419  6071        cutoff         159376.0000   159344.0000  1117697    0.02%  x(c64_3_c27_3) U  40419  30855     35
  40601  6033   159367.3487   398   159376.0000   159344.5000  1119129    0.02%  x(c96_3_c65_3) U  40601  27194     24
  40797  5996   159345.6250   354   159376.0000   159345.0278  1120544    0.02%  x(c68_2_c76_2) D  40797  33315     33
  40981  5954        cutoff         159376.0000   159345.5500  1121954    0.02%  x(c25_3_c60_3) D  40981  32425     25
  41162  5883   159347.8245   328   159376.0000   159346.0833  1123207    0.02%  x(c50_3_c49_3) U  41162  40213     40
Elapsed time = 689.77 sec. (899792.53 ticks, tree = 192.12 MB, solutions = 2)
  41346  5837   159349.5833   139   159376.0000   159346.5833  1124457    0.02%  x(c39_3_c38_3) D  41346  40820     41
  41527  5767        cutoff         159376.0000   159347.0833  1125703    0.02%  x(c69_2_c79_2) U  41527  27367     33
  41718  5698        cutoff         159376.0000   159347.6800  1127007    0.02%  x(c96_3_c65_3) D  41718  29336     27
  41916  5663        cutoff         159376.0000   159348.2500  1128213    0.02%  x(c60_2_c25_2) D  41916  29886     49
  42098  5587        cutoff         159376.0000   159348.7917  1129407    0.02%  x(c51_3_c69_3) U  42098  39495     51
  42289  5534        cutoff         159376.0000   159349.3922  1130665    0.02%  x(c63_3_c62_3) D  42289   9406     27
  42464  5454   159351.9722   487   159376.0000   159349.9274  1131967    0.02%  x(c54_3_c25_3) D  42464  40192     30
  42645  5382        cutoff         159376.0000   159350.3750  1133084    0.02%  x(c68_2_c76_2) U  42645  40475     27
  42818  5321        cutoff         159376.0000   159350.9500  1134209    0.02%  x(c80_3_c83_3) U  42818  34408     14
  42999  5241        cutoff         159376.0000   159351.5000  1135318    0.02%  x(c65_3_c28_3) U  42999  12182     14
Elapsed time = 710.27 sec. (938036.22 ticks, tree = 172.96 MB, solutions = 2)
  43175  5149   159357.1944   225   159376.0000   159352.0167  1136466    0.02%  x(c60_2_c25_2) N  43175  43053     30
  43354  5083   159352.5119   226   159376.0000   159352.5176  1137651    0.01%  x(c36_1_c34_1) D  43354  35577     56
  43529  5003        cutoff         159376.0000   159353.0692  1138652    0.01%  x(c68_3_c96_3) U  43529  36808     22
  43716  4909   159364.0500   348   159376.0000   159353.5625  1139823    0.01%  x(c28_3_c65_3) D  43716  43381     37
  43908  4834        cutoff         159376.0000   159354.0481  1140932    0.01%  x(c58_3_c60_3) U  43908  36453     34
  44070  4771        cutoff         159376.0000   159354.5000  1141968    0.01%  x(c67_1_c94_1) U  44070  12221     40
  44234  4693        cutoff         159376.0000   159354.9722  1142932    0.01%  x(c92_3_c93_3) U  44234  11511     32
  44395  4628        cutoff         159376.0000   159355.3889  1143831    0.01%  x(c80_2_c91_2) D  44395  44394     60
  44554  4556        cutoff         159376.0000   159355.7500  1144755    0.01%  x(c59_2_c70_2) D  44554  10913     26
  44718  4449        cutoff         159376.0000   159356.3519  1145729    0.01%  x(c58_3_c60_3) D  44718  26040     21
Elapsed time = 729.29 sec. (976288.16 ticks, tree = 148.25 MB, solutions = 2)
  44894  4358        cutoff         159376.0000   159356.8333  1146792    0.01%  x(c54_1_c25_1) U  44894  44892     30
  45072  4266        cutoff         159376.0000   159357.3750  1147867    0.01%  x(c58_2_c54_2) D  45072  26710     25
  45254  4163        cutoff         159376.0000   159357.8929  1148820    0.01%  x(c54_2_c25_2) U  45254  25961     34
  45438  4066        cutoff         159376.0000   159358.4061  1149805    0.01%  x(c92_3_c93_3) D  45438   3737     33
  45609  3957        cutoff         159376.0000   159359.0000  1150797    0.01%  x(c60_3_c59_3) U  45609  42711     21
  45781  3850        cutoff         159376.0000   159359.5000  1151786    0.01%  x(c50_3_c48_3) D  45781  27563     36
  45956  3734        cutoff         159376.0000   159360.0000  1152831    0.01%  x(c80_2_c83_2) U  45956  43254     27

Zero-half cuts applied:  61
Gomory fractional cuts applied:  11
User cuts applied:  2794

Root node processing (before b&c):
  Real time             =    1.63 sec. (2181.02 ticks)
Sequential b&c:
  Real time             =  740.64 sec. (1004481.95 ticks)
                          ------------
Total (root+branch&cut) =  742.27 sec. (1006662.97 ticks)

