Version identifier: 22.1.0.0 | 2022-03-09 | 1a383f8ce
CPXPARAM_Preprocessing_Reduce                    0
CPXPARAM_Threads                                 1
CPXPARAM_Preprocessing_Reformulations            0
CPXPARAM_Emphasis_MIP                            2
CPXPARAM_TimeLimit                               7200
CPXPARAM_MIP_Tolerances_AbsMIPGap                0.98999999999999999
CPXPARAM_MIP_Limits_TreeMemory                   20000
Legacy callback                                  BbLUID
         Disabling repeat represolve because of lazy constraint/incumbent callback.
1 of 1 MIP starts provided solutions.
MIP start 'm1' defined initial solution with objective 121408.0000.
Tried aggregator 0 times.
Reduced MIP has 311 rows, 8060 columns, and 23872 nonzeros.
Reduced MIP has 8060 binaries, 0 generals, 0 SOSs, and 0 indicators.
Presolve time = 0.00 sec. (1.47 ticks)
Probing time = 0.00 sec. (4.11 ticks)
Clique table members: 157.
MIP emphasis: optimality.
MIP search method: traditional branch-and-cut.
Parallel mode: none, using 1 thread.
Root relaxation solution time = 0.00 sec. (4.26 ticks)

        Nodes                                         Cuts/
   Node  Left     Objective  IInf  Best Integer    Best Bound    ItCnt     Gap         Variable B NodeID Parent  Depth

*     0+    0                       121408.0000        0.0000           100.00%
      0     0   114818.0000    78   121408.0000    95267.0000      187   21.53%
      0     0   117949.5000   100   121408.0000      Cuts: 42      251    2.85%
      0     0   118810.0000    76   121408.0000      Cuts: 22      274    2.14%
      0     0   118988.0000   198   121408.0000      Cuts: 12      299    1.99%
      0     0   119182.0000   210   121408.0000       Cuts: 8      315    1.83%
      0     0   119190.5000   319   121408.0000      Cuts: 41      321    1.83%
      0     0   119239.5000   210   121408.0000   ZeroHalf: 8      331    1.79%
      0     0   119356.5000   157   121408.0000      Cuts: 18      345    1.69%
      0     0   119391.7500   230   121408.0000      Cuts: 12      354    1.66%
      0     0   119493.0000   104   121408.0000  ZeroHalf: 24      371    1.58%
      0     0   119496.0000    95   121408.0000       Cuts: 2      374    1.57%
      0     0   119496.0000   144   121408.0000       Cuts: 3      394    1.57%
      0     2   119496.0000   144   121408.0000   119496.0000      394    1.57%                        0             0
Elapsed time = 0.42 sec. (759.55 ticks, tree = 0.01 MB, solutions = 1)
      9    11   119559.0000   204   121408.0000   119496.0000      504    1.57%  x(c39_2_c45_2) D      9      7      7
     19    21   119646.2031   219   121408.0000   119496.0000      671    1.57%  x(c27_2_c60_2) N     19     18     15
     47    49   119742.8051   198   121408.0000   119496.0000      876    1.57%  x(c35_2_c45_2) D     47     46     42
     75    77   119919.1815   214   121408.0000   119496.0000     1072    1.57%  x(c44_3_c47_3) D     75     74     70
    106   102   120016.3222   257   121408.0000   119496.0000     1216    1.57%  x(c52_3_c44_3) D    106    105    101
    139   127   120123.5034   250   121408.0000   119496.0000     1364    1.57%  x(c52_3_c48_3) D    139    138    133
    172   146   120604.6684   225   121408.0000   119496.0000     1464    1.57%  x(c71_3_c64_3) N    172    171    166
    200   158   120837.6786   228   121408.0000   119496.0000     1594    1.57%  x(c39_2_c57_2) D    200    199    193
    239   182   119720.2308   190   121408.0000   119496.0000     1815    1.57%  x(c72_2_c68_2) N    239    238     16
    388   326   119893.8929   144   121408.0000   119621.7500     3771    1.47%  x(c11_3_c47_3) U    388    360     16
Elapsed time = 3.91 sec. (3943.64 ticks, tree = 2.55 MB, solutions = 1)
    536   474   120836.9129   316   121408.0000   119734.2500     6990    1.38%  x(c60_2_c27_2) U    536     20     17
    691   625   119799.4722   244   121408.0000   119795.6250    10389    1.33%  x(c65_2_c96_2) D    691    593     15
    838   769   119844.5000   172   121408.0000   119845.0000    13793    1.29%  x(c79_3_c38_3) D    838    723      5
   1004   934   120970.8333   209   121408.0000   119889.2222    17451    1.25%  x(c80_3_c82_3) U   1004    978     31
   1155  1085   119921.8125   213   121408.0000   119915.0000    20976    1.23%  x(c11_3_c45_3) D   1155   1154     29
   1320  1249   119975.2565   264   121408.0000   119938.7083    24296    1.21%  x(c45_3_c47_3) D   1320   1319     45
   1473  1401   120397.7857   176   121408.0000   119961.3125    27612    1.19%  x(c50_3_c45_3) U   1473    589     21
   1624  1544   120017.7333   189   121408.0000   119983.0000    30816    1.17%  x(c76_2_c92_2) D   1624    333      9
   1772  1686   120094.1667   213   121408.0000   120002.5000    34174    1.16%  x(c38_2_c36_2) D   1772    567     15
   1930  1843   120118.5185   227   121408.0000   120018.0000    37277    1.14%  x(c95_3_c94_3) D   1930   1624     10
Elapsed time = 12.18 sec. (13509.92 ticks, tree = 18.06 MB, solutions = 1)
   2068  1981   120086.9500   209   121408.0000   120035.5000    40514    1.13%  x(c76_3_c93_3) D   2068    616     21
   2208  2118   120053.3333   177   121408.0000   120048.5000    43605    1.12%  x(c11_3_c45_3) D   2208   2207     20
   2351  2260   120364.0000   184   121408.0000   120062.0000    46492    1.11%  x(c41_3_c45_3) N   2351   1838     31
   2486  2392   120135.1111   190   121408.0000   120075.0000    49517    1.10%  x(c70_2_c57_2) D   2486   2075     26
   2613  2519   120918.9760   262   121408.0000   120085.0000    52718    1.09%  x(c11_3_c25_3) U   2613    964     19
   2789  2686   120216.7500   203   121408.0000   120092.5000    55352    1.08%  x(c41_2_c79_2) D   2789   2217     26
   2929  2824   120149.9524   191   121408.0000   120105.0000    58277    1.07%  x(c38_2_c34_2) D   2929    734     22
   3060  2951   120127.8182   191   121408.0000   120114.9167    61286    1.07%  x(c50_3_c45_3) D   3060   3059     55
   3191  3077   120735.9714   247   121408.0000   120122.0000    64302    1.06%  x(c52_3_c45_3) U   3191   1562     48
   3310  3190        cutoff         121408.0000   120130.0000    67375    1.05%  x(c45_3_c47_3) U   3310   3060     56
Elapsed time = 19.56 sec. (23091.46 ticks, tree = 34.42 MB, solutions = 1)
   3426  3305   120819.2417   279   121408.0000   120139.5556    70435    1.04%  x(c80_3_c82_3) U   3426   3173     12
   3571  3445   120151.5000   140   121408.0000   120147.5000    73512    1.04%  x(c11_3_c45_3) D   3571   3521     42
*  3591  1846      integral     0   120440.0000   120149.0000    73919    0.24%
   3735  1905   120243.8889   184   120440.0000   120157.1000    75826    0.23%  x(c45_3_c50_3) D   3735   1484     61
   3931  1967   120173.1481   206   120440.0000   120165.8571    78012    0.23%  x(c96_2_c93_2) U   3931   3090     30
   4120  2028   120218.8000   187   120440.0000   120175.5000    80182    0.22%  x(c35_2_c39_2) D   4120   2997     26
   4319  2057        cutoff         120440.0000   120183.6667    82342    0.21%  x(c25_3_c58_3) U   4319   4317     27
   4532  2106   120197.7218   277   120440.0000   120191.5000    84733    0.21%  x(c45_3_c50_3) D   4532   4421     35
   4754  2147        cutoff         120440.0000   120198.0000    87013    0.20%  x(c69_3_c71_3) U   4754   3852     48
   4960  2185   120210.4615   171   120440.0000   120205.3333    89337    0.19%  x(c35_2_c39_2) D   4960   4815     19
   5160  2232   120272.4333   249   120440.0000   120213.3529    91518    0.19%  x(c11_2_c45_2) U   5160   1986     43
Elapsed time = 25.94 sec. (32665.89 ticks, tree = 25.64 MB, solutions = 2)
   5361  2281        cutoff         120440.0000   120220.0000    93629    0.18%  x(c51_2_c45_2) U   5361   5038     47
   5570  2309        cutoff         120440.0000   120226.5000    95788    0.18%  x(c39_2_c79_2) U   5570   1455     22
   5754  2347   120281.5556   148   120440.0000   120231.3333    97768    0.17%  x(c69_2_c55_2) D   5754   5753     39
   5949  2353        cutoff         120440.0000   120236.6111    99861    0.17%  x(c11_3_c47_3) U   5949   4779     26
   6131  2354   120249.7292   195   120440.0000   120241.1935   101569    0.17%  x(c58_3_c47_3) D   6131   6028     46
   6330  2371   120249.7179   228   120440.0000   120247.1500   103539    0.16%  x(c47_3_c25_3) D   6330   6329     37
   6518  2385        cutoff         120440.0000   120252.9861   105260    0.16%  x(c40_3_c45_3) U   6518   6221     38
   6710  2397   120260.7419   204   120440.0000   120258.5000   107052    0.15%  x(c79_2_c69_2) D   6710   3977     28
   6900  2392   120278.7222   189   120440.0000   120262.7500   109000    0.15%  x(c65_2_c68_2) D   6900   1584     18
   7096  2417   120274.5422   334   120440.0000   120268.1667   110915    0.14%  x(c16_3_c25_3) D   7096   6275     22
Elapsed time = 31.74 sec. (42240.98 ticks, tree = 28.62 MB, solutions = 2)
   7290  2427        cutoff         120440.0000   120273.9000   112842    0.14%  x(c41_2_c52_2) D   7290   6069     31
   7490  2454   120283.6250   216   120440.0000   120278.3571   114600    0.13%  x(c47_3_c53_3) D   7490   7489     39
   7665  2472   120318.2506   267   120440.0000   120283.0417   116409    0.13%  x(c45_3_c41_3) D   7665   7211     34
   7865  2469   120308.6667    24   120440.0000   120288.3333   118092    0.13%  x(c54_2_c71_2) D   7865   7864     27
   8040  2461   120428.1852   217   120440.0000   120292.0000   119686    0.12%  x(c25_3_c16_3) U   8040    867     19
   8215  2438        cutoff         120440.0000   120296.1250   121372    0.12%  x(c48_3_c46_3) U   8215    945     23
   8409  2435   120338.0909   216   120440.0000   120301.0333   122995    0.12%  x(c76_3_c93_3) D   8409   3432     27
   8603  2444   120313.5000   204   120440.0000   120305.5000   124536    0.11%  x(c45_2_c34_2) D   8603   7758     91
   8786  2431        cutoff         120440.0000   120309.7500   126044    0.11%  x(c25_3_c16_3) U   8786   2894     14
   8968  2418   120346.1667   192   120440.0000   120314.2308   127625    0.10%  x(c55_2_c52_2) D   8968   8966     73
Elapsed time = 37.35 sec. (51819.87 ticks, tree = 29.38 MB, solutions = 2)
   9160  2421   120347.6500   303   120440.0000   120318.9737   129241    0.10%  x(c47_3_c11_3) D   9160   9159     40
   9346  2402   120327.1667   134   120440.0000   120322.8333   130801    0.10%  x(c45_2_c49_2) D   9346   8852     32
   9525  2360        cutoff         120440.0000   120327.2000   132161    0.09%  x(c55_2_c54_2) U   9525   7206     19
   9718  2327        cutoff         120440.0000   120332.2500   133638    0.09%  x(c39_2_c45_2) U   9718   7976     34
   9901  2271        cutoff         120440.0000   120336.5000   135071    0.09%  x(c81_2_c70_2) U   9901   8929     24
  10086  2208   120438.5000   142   120440.0000   120341.2500   136388    0.08%  x(c62_2_c71_2) D  10086   9006     31
  10262  2169        cutoff         120440.0000   120345.3333   137694    0.08%  x(c39_2_c35_2) U  10262  10196     18
  10440  2106        cutoff         120440.0000   120350.2500   139043    0.07%  x(c71_3_c67_3) D  10440   9441     36
  10624  2042        cutoff         120440.0000   120354.3205   140499    0.07%  x(c50_3_c45_3) U  10624   9768     35
  10800  1975   120418.1000   242   120440.0000   120359.0000   141900    0.07%  x(c96_2_c65_2) N  10800   1122     12
Elapsed time = 42.38 sec. (61405.26 ticks, tree = 24.54 MB, solutions = 2)
  10979  1897   120393.0000   120   120440.0000   120364.0000   143037    0.06%  x(c39_2_c38_2) U  10979   9625     14
* 11004  1274      integral     0   120412.0000   120365.0000   143249    0.04%
  11160  1187   120376.6429   171   120412.0000   120369.6667   144098    0.04%  x(c31_2_c36_2) U  11160  10539     15
  11337  1070        cutoff         120412.0000   120374.7500   145010    0.03%  x(c38_2_c34_2) D  11337   3617     26
  11513   965        cutoff         120412.0000   120379.5000   145938    0.03%  x(c61_1_c62_1) N  11513  11511     37
  11695   833        cutoff         120412.0000   120384.3842   146702    0.02%  x(c60_2_c71_2) U  11695  10501     32
  11878   702   120393.6000   144   120412.0000   120388.9167   147527    0.02%  x(c60_2_c72_2) N  11878  10066     37
  12066   558        cutoff         120412.0000   120394.5000   148176    0.01%  x(c11_3_c46_3) D  12066   7073     54
  12257   409        cutoff         120412.0000   120398.5000   148795    0.01%  x(c41_2_c45_2) U  12257   1213     29

Mixed integer rounding cuts applied:  1
Zero-half cuts applied:  42
Gomory fractional cuts applied:  7
User cuts applied:  933

Root node processing (before b&c):
  Real time             =    0.42 sec. (759.68 ticks)
Sequential b&c:
  Real time             =   45.46 sec. (68880.91 ticks)
                          ------------
Total (root+branch&cut) =   45.88 sec. (69640.59 ticks)

