Version identifier: 22.1.0.0 | 2022-03-09 | 1a383f8ce
CPXPARAM_Preprocessing_Reduce                    0
CPXPARAM_Threads                                 1
CPXPARAM_Preprocessing_Reformulations            0
CPXPARAM_Emphasis_MIP                            2
CPXPARAM_TimeLimit                               7200
CPXPARAM_MIP_Tolerances_AbsMIPGap                0.98999999999999999
CPXPARAM_MIP_Limits_TreeMemory                   20000
Legacy callback                                  BbLUID
         Disabling repeat represolve because of lazy constraint/incumbent callback.
1 of 1 MIP starts provided solutions.
MIP start 'm1' defined initial solution with objective 4258.0000.
Tried aggregator 0 times.
Reduced MIP has 5118 rows, 4837 columns, and 28511 nonzeros.
Reduced MIP has 4718 binaries, 0 generals, 0 SOSs, and 0 indicators.
Presolve time = 0.00 sec. (1.52 ticks)
Probing time = 0.00 sec. (3.48 ticks)
Clique table members: 1987.
MIP emphasis: optimality.
MIP search method: traditional branch-and-cut.
Parallel mode: none, using 1 thread.
Root relaxation solution time = 0.01 sec. (11.99 ticks)

        Nodes                                         Cuts/
   Node  Left     Objective  IInf  Best Integer    Best Bound    ItCnt     Gap         Variable B NodeID Parent  Depth

*     0+    0                         4258.0000        0.0000           100.00%
      0     0     3795.7272   172     4258.0000     3795.7272      426   10.86%
      0     0     4089.0554   152     4258.0000      Cuts: 32      628    3.97%
      0     0     4122.8724   131     4258.0000      Cuts: 25      737    3.17%
      0     0     4134.5309   128     4258.0000       Cuts: 7      783    2.90%
      0     0     4146.0154   142     4258.0000      Cuts: 10      833    2.63%
      0     0     4159.5833   169     4258.0000       Cuts: 8      883    2.31%
      0     0     4163.5000   170     4258.0000       Cuts: 6      902    2.22%
      0     0     4169.0769   177     4258.0000   ZeroHalf: 3      916    2.09%
      0     0     4173.6667   170     4258.0000       Cuts: 8      937    1.98%
      0     0     4176.5000   154     4258.0000   ZeroHalf: 6      968    1.91%
      0     0     4177.5000    87     4258.0000       Cuts: 5     1020    1.89%
      0     0     4178.0000   126     4258.0000       Cuts: 2     1066    1.88%
      0     0     4179.5000   140     4258.0000   ZeroHalf: 2     1084    1.84%
      0     0     4180.0000   168     4258.0000       Cuts: 3     1106    1.83%
      0     0     4180.7000   143     4258.0000       Cuts: 4     1124    1.82%
      0     0     4180.7000   121     4258.0000   ZeroHalf: 1     1129    1.82%
      0     0     4180.7385   128     4258.0000   ZeroHalf: 2     1138    1.81%
      0     2     4180.7385   128     4258.0000     4181.0385     1138    1.81%                        0             0
Elapsed time = 2.31 sec. (5358.08 ticks, tree = 0.01 MB, solutions = 1)
      1     3     4181.5385   114     4258.0000     4182.0000     1192    1.78%  x(c19_3_c39_3) N      1      0      1
      3     5     4187.9444   104     4258.0000     4186.5000     1403    1.68%  x(c19_1_c20_1) N      3      1      2
      8    10     4219.5000    94     4258.0000     4186.5000     1635    1.68%  x(c15_1_c11_1) U      8      6      6
     10    12     4197.0074   128     4258.0000     4186.5000     1677    1.68%   x(c35_1_c2_1) U     10      9      8
     12    14     4197.0268   117     4258.0000     4186.5000     1707    1.68%  x(c38_3_c37_3) N     12     11     10
     16    17     4197.2078    88     4258.0000     4186.5000     1770    1.68%   x(c8_3_c36_3) U     16     15     14
     23    23     4197.3290    85     4258.0000     4186.5000     1838    1.68%   x(c9_3_c10_3) D     23     22     21
     30    27     4197.4329    87     4258.0000     4186.5000     1890    1.68%   x(c36_3_c6_3) D     30     29     28
     40    33     4198.1186    84     4258.0000     4186.5000     1978    1.68%   x(c37_3_c9_3) D     40     39     38
     80    62     4198.1305    95     4258.0000     4187.5000     2654    1.66%  x(c15_1_c11_1) D     80     79     23
Elapsed time = 3.88 sec. (8948.96 ticks, tree = 0.36 MB, solutions = 1)
    119    98     4198.5219    82     4258.0000     4187.5000     3258    1.66%  x(c45_1_c27_1) D    119    118     60
    171   134     4199.1598   132     4258.0000     4187.5000     3638    1.66%  x(c15_1_c27_1) D    171    170    111
    227   181     4198.1487   125     4258.0000     4198.0076     5497    1.41%  x(c37_3_c10_3) U    227    226     37
    304   244     4198.2283   136     4258.0000     4198.0101     6048    1.41%  x(c39_3_c19_3) D    304    303     46
    405   339     4198.3544    93     4258.0000     4198.0125     7033    1.41%  x(c19_3_c20_3) U    405    404     75
    512   441     4198.3999   115     4258.0000     4198.0125     7869    1.41%   x(c8_3_c11_3) D    512    511     71
    617   543     4198.3848    83     4258.0000     4198.0812    10257    1.41%  x(c45_1_c27_1) D    617    616     55
    683   600     4217.6770    85     4258.0000     4198.2175    14162    1.40%  x(c38_1_c12_1) D    683    485     45
    711   612     4231.0179   117     4258.0000     4198.3807    18884    1.40%  x(c48_3_c32_3) N    711    576     51
    742   636     4226.5930   140     4258.0000     4198.6302    23928    1.39%  x(c33_3_c12_3) D    742    334     77
Elapsed time = 8.64 sec. (18879.80 ticks, tree = 1.96 MB, solutions = 1)
    776   659     4235.6815    84     4258.0000     4199.0000    29296    1.39%  x(c13_3_c39_3) U    776    495     55
    833   703     4249.1667    99     4258.0000     4199.2069    34262    1.38%  x(c21_3_c19_3) U    833    378     49
    876   708     4241.0325    88     4258.0000     4199.7623    39890    1.37%  x(c13_3_c39_3) U    876    790     26
    917   720     4210.3750   115     4258.0000     4200.5126    45443    1.35%  x(c49_1_c32_1) D    917    339     10
    965   729     4208.3440    92     4258.0000     4201.7219    50765    1.32%  x(c28_1_c31_1) D    965    963     13
   1016   745     4246.1250   100     4258.0000     4204.3396    56536    1.26%  x(c53_1_c27_1) U   1016    599     38
   1084   774     4255.0015    84     4258.0000     4207.7385    62315    1.18%   x(c8_3_c11_3) N   1084    795     31
   1184   853     4228.0161   117     4258.0000     4208.1411    66169    1.17%     x(Op_c26_1) U   1184   1144     16
   1232   884     4214.0000    71     4258.0000     4208.5623    70723    1.16%  x(c48_3_c32_3) D   1232   1111     13
   1296   911     4251.8000    92     4258.0000     4210.2769    77364    1.12%  x(c47_1_c27_1) N   1296    215     26
Elapsed time = 13.74 sec. (28571.59 ticks, tree = 3.32 MB, solutions = 1)
   1364   952        cutoff           4258.0000     4212.6691    84122    1.06%  x(c55_1_c44_1) U   1364   1101     17
   1466  1034     4214.0397    77     4258.0000     4214.0000    88423    1.03%  x(c48_3_c45_3) D   1466   1465     28
   1550  1108     4214.0640    81     4258.0000     4214.0000    89565    1.03%    x(c6_3_c8_3) D   1550   1549     30
   1658  1208     4214.6029    59     4258.0000     4214.0000    91291    1.03%  x(c24_2_c28_2) U   1658   1657     71
   1814  1362     4214.0397    83     4258.0000     4214.0000    93886    1.03%  x(c48_3_c45_3) D   1814   1813     31
   2009  1546     4214.2526    92     4258.0000     4214.0000    95900    1.03%  x(c25_2_c22_2) D   2009   2008     60
   2256  1785     4214.0564    51     4258.0000     4214.0000    97914    1.03%  x(c48_3_c46_3) D   2256   2255     28
   2482  2002     4221.0000    20     4258.0000     4214.0000   100666    1.03%  x(c54_1_c31_1) U   2482   2481     23
   2800  2301     4214.3742    61     4258.0000     4214.0000   104067    1.03%  x(c41_2_c42_2) U   2800   2799     64
   3096  2589     4214.2810    52     4258.0000     4214.0000   107816    1.03%  x(c45_3_c47_3) D   3096   3095     48
Elapsed time = 18.81 sec. (38192.94 ticks, tree = 7.69 MB, solutions = 1)
   3331  2809     4214.2259    86     4258.0000     4214.0000   111325    1.03%     x(Op_c49_1) D   3331   3330     39
   3554  3013     4245.0826    54     4258.0000     4214.0423   116643    1.03%  x(c12_2_c38_2) U   3554   2587     26
   3700  3146     4238.0218    54     4258.0000     4214.1065   122215    1.03%  x(c35_3_c48_3) U   3700   1725     35
   3761  3186     4216.3889   145     4258.0000     4214.1319   128781    1.03%     x(c27_1_Om) U   3761   1882     43
   3816  3216     4214.2003   109     4258.0000     4214.1832   135604    1.03%    x(c6_3_c8_3) D   3816   3815     32
   3926  3253     4241.1985    64     4258.0000     4214.2392   141424    1.03%   x(c6_1_c33_1) D   3926   1737     47
   3991  3254     4247.7080    68     4258.0000     4214.2917   148069    1.03%   x(c6_1_c33_1) D   3991   1574     55
   4051  3254     4238.2362    49     4258.0000     4214.3237   154325    1.03%  x(c35_3_c48_3) U   4051   3822     39
   4114  3266     4238.8942    61     4258.0000     4214.3488   161665    1.03%  x(c35_3_c48_3) N   4114   1677     40
   4197  3252     4253.5000    55     4258.0000     4214.4105   168463    1.02%  x(c48_3_c54_3) N   4197   3566     31
Elapsed time = 23.93 sec. (47848.98 ticks, tree = 9.38 MB, solutions = 1)
   4294  3304        cutoff           4258.0000     4214.4429   174408    1.02%  x(c41_2_c20_2) U   4294   2962     55
   4503  3483     4248.3387    38     4258.0000     4214.4546   177247    1.02%  x(c40_2_c33_2) N   4503   2376     87
   4753  3703     4214.8800    55     4258.0000     4214.4769   181343    1.02%  x(c13_3_c53_3) D   4753   4752    116
   4990  3905     4214.7081    70     4258.0000     4214.5010   184938    1.02%   x(c8_3_c52_3) D   4990   4989     98
   5323  4212     4214.8175    57     4258.0000     4214.5072   187453    1.02%  x(c54_3_c47_3) D   5323   5322    100
   5531  4356        cutoff           4258.0000     4214.5358   192118    1.02%  x(c38_3_c13_3) U   5531   2689     55
   5760  4542     4214.6036    65     4258.0000     4214.5561   196704    1.02%  x(c54_3_c46_3) D   5760   5759     76
   6055  4800     4257.0028    58     4258.0000     4214.5710   200498    1.02%  x(c49_1_c32_1) N   6055   2994     28
   6246  4964     4217.0072    60     4258.0000     4214.5959   204519    1.02%  x(c17_1_c27_1) U   6246   4400     99
   6358  4996        cutoff           4258.0000     4214.6256   210887    1.02%  x(c13_3_c38_3) U   6358   2357     68
Elapsed time = 29.11 sec. (57467.89 ticks, tree = 14.07 MB, solutions = 1)
   6501  5051     4214.8742    67     4258.0000     4214.6555   216055    1.02%  x(c13_3_c38_3) D   6501   6500    116
   6639  5108     4245.6008    86     4258.0000     4214.6903   221928    1.02%  x(c15_1_c26_1) U   6639   1656     70
   6791  5149     4217.2095    96     4258.0000     4214.7287   228120    1.02%     x(c27_1_Om) U   6791   5646    102
   6890  5180     4215.1065    58     4258.0000     4214.7645   233044    1.02%  x(c34_3_c47_3) D   6890   6889     49
   7010  5202     4232.5176    70     4258.0000     4214.8198   239072    1.01%   x(c5_3_c33_3) U   7010   5138     63
   7116  5185     4250.6900    74     4258.0000     4214.8984   245577    1.01%  x(c34_3_c35_3) U   7116   3829     46
   7229  5224     4214.9525    70     4258.0000     4214.9482   251575    1.01%   x(c12_2_c8_2) D   7229   4964     88
   7369  5253     4246.2873    51     4258.0000     4215.0000   257246    1.01%  x(c56_3_c32_3) N   7369   7368     56
   7514  5357     4215.4184    78     4258.0000     4215.0266   261789    1.01%     x(c15_1_Om) D   7514   7513     49
   7700  5479     4215.4036   100     4258.0000     4215.0664   266734    1.01%  x(c48_3_c46_3) D   7700   7699     51
Elapsed time = 34.26 sec. (67077.30 ticks, tree = 15.32 MB, solutions = 1)
   7820  5534     4253.1757    53     4258.0000     4215.1139   272484    1.01%   x(c8_3_c11_3) U   7820   2417     61
   7969  5591     4251.3924    52     4258.0000     4215.1629   278537    1.01%  x(c12_2_c16_2) U   7969   2305     78
   8020  5607     4232.5176    70     4258.0000     4215.1828   282313    1.01%   x(c5_3_c33_3) U   8020   4699     63
   8134  5622     4236.7176    68     4258.0000     4215.2371   288670    1.00%   x(c5_3_c33_3) U   8134   5382     55
   8224  5611     4217.1519    89     4258.0000     4215.2936   295363    1.00%    x(c2_2_c4_2) D   8224   8223     61
   8321  5619     4246.0862    67     4258.0000     4215.3418   302393    1.00%  x(c19_3_c20_3) N   8321   2018     70
   8447  5658     4226.0000    62     4258.0000     4215.3982   308371    1.00%  x(c28_1_c31_1) D   8447   7481     17
   8594  5695     4247.8501    93     4258.0000     4215.4777   313927    1.00%  x(c50_2_c27_2) N   8594   6864     42
   8766  5782     4227.6427   148     4258.0000     4215.5426   319307    1.00%  x(c39_3_c38_3) N   8766   8695     27
   8869  5764     4238.5926    58     4258.0000     4215.6036   325194    1.00%  x(c49_1_c32_1) D   8869   4402    101
Elapsed time = 39.28 sec. (76732.22 ticks, tree = 16.03 MB, solutions = 1)
   8995  5726        cutoff           4258.0000     4215.6775   331171    0.99%  x(c11_3_c17_3) U   8995   8994     97
   9148  5785        cutoff           4258.0000     4215.7220   337184    0.99%  x(c34_3_c35_3) U   9148   8606     30
   9266  5774        cutoff           4258.0000     4215.7915   342478    0.99%  x(c21_2_c20_2) U   9266   1659     73
   9397  5751        cutoff           4258.0000     4215.9137   348638    0.99%  x(c47_3_c30_3) U   9397   6939     36
   9538  5787     4216.3755    95     4258.0000     4216.0047   354349    0.99%     x(c17_1_Om) D   9538   9537     53
   9797  6008        cutoff           4258.0000     4216.0279   358804    0.99%  x(c48_3_c54_3) U   9797   9552     35
   9955  6141     4216.1532    74     4258.0000     4216.0622   364431    0.98%  x(c17_1_c15_1) D   9955   9954     43
  10116  6265     4216.2908    66     4258.0000     4216.0843   369122    0.98%  x(c24_2_c22_2) D  10116  10115     55
  10353  6485     4216.2106   136     4258.0000     4216.0969   373175    0.98%  x(c35_3_c48_3) D  10353  10352     38
  10484  6595     4216.4302    50     4258.0000     4216.1108   378524    0.98%  x(c19_3_c20_3) U  10484  10483     85
Elapsed time = 44.39 sec. (86298.25 ticks, tree = 18.12 MB, solutions = 1)
  10756  6852     4216.3183    90     4258.0000     4216.1218   381977    0.98%  x(c56_3_c32_3) D  10756  10755     62
  10976  7047     4216.1527    61     4258.0000     4216.1418   386123    0.98%  x(c45_3_c29_3) D  10976  10975     34
* 11000+ 3323                         4223.0000     4216.1418             0.16%
  11052  3334     4216.2162    60     4223.0000     4216.1527   387458    0.16%  x(c29_3_c54_3) N  11052  11051     31
  11239  3285        cutoff           4223.0000     4216.2238   390364    0.16%  x(c53_1_c27_1) U  11239   7499     35
  11456  3254     4216.3135   100     4223.0000     4216.3000   393245    0.16%  x(c47_3_c30_3) N  11456  11455     20
  11676  3223        cutoff           4223.0000     4216.3577   395877    0.16%   x(c8_3_c33_3) U  11676   2757     22
  11891  3143        cutoff           4223.0000     4216.4346   398959    0.16%   x(c5_3_c11_3) U  11891   9596     42
  12000  3113     4216.5031    81     4223.0000     4216.4661   400423    0.15%  x(c46_3_c47_3) N  12000  11999     41
  12201  3030        cutoff           4223.0000     4216.5532   403773    0.15%     x(c15_1_Om) U  12201   7914     51
  13168  2645     4217.0083   109     4223.0000     4217.0000   413849    0.14%   x(c37_3_c9_3) N  13168  13167     19
Elapsed time = 50.19 sec. (98790.41 ticks, tree = 7.50 MB, solutions = 2)
  14055  2396     4217.4346    88     4223.0000     4217.4346   424882    0.13%    x(c4_2_c5_2) N  14055  13465     55
  14995  2004        cutoff           4223.0000     4218.0366   435033    0.12%   x(c6_3_c33_3) U  14995   5220     71
  15857  1422     4219.0621   106     4223.0000     4219.0611   442741    0.09%   x(c37_3_c9_3) N  15857  14911     19
  16863   820     4220.3477    94     4223.0000     4220.2796   450944    0.06%  x(c41_2_c42_2) N  16863  12171     47
  17891   241        cutoff           4223.0000     4221.4605   460878    0.04%  x(c11_3_c13_3) U  17891  10529     78

Clique cuts applied:  11
Cover cuts applied:  60
Mixed integer rounding cuts applied:  4
Zero-half cuts applied:  21
Gomory fractional cuts applied:  8
User cuts applied:  506

Root node processing (before b&c):
  Real time             =    2.31 sec. (5358.56 ticks)
Sequential b&c:
  Real time             =   56.24 sec. (113830.92 ticks)
                          ------------
Total (root+branch&cut) =   58.55 sec. (119189.48 ticks)

