Version identifier: 22.1.0.0 | 2022-03-09 | 1a383f8ce
CPXPARAM_Preprocessing_Reduce                    0
CPXPARAM_Threads                                 1
CPXPARAM_Preprocessing_Reformulations            0
CPXPARAM_Emphasis_MIP                            2
CPXPARAM_TimeLimit                               7200
CPXPARAM_MIP_Tolerances_AbsMIPGap                0.98999999999999999
CPXPARAM_MIP_Limits_TreeMemory                   20000
Legacy callback                                  BbLUID
         Disabling repeat represolve because of lazy constraint/incumbent callback.
1 of 1 MIP starts provided solutions.
MIP start 'm1' defined initial solution with objective 4657.0000.
Tried aggregator 0 times.
Reduced MIP has 7952 rows, 7537 columns, and 44709 nonzeros.
Reduced MIP has 7388 binaries, 0 generals, 0 SOSs, and 0 indicators.
Presolve time = 0.00 sec. (2.37 ticks)
Probing time = 0.00 sec. (4.26 ticks)
Clique table members: 2192.
MIP emphasis: optimality.
MIP search method: traditional branch-and-cut.
Parallel mode: none, using 1 thread.
Root relaxation solution time = 0.01 sec. (20.26 ticks)

        Nodes                                         Cuts/
   Node  Left     Objective  IInf  Best Integer    Best Bound    ItCnt     Gap         Variable B NodeID Parent  Depth

*     0+    0                         4657.0000        0.0000           100.00%
      0     0     4210.8048   180     4657.0000     4210.8048      550    9.58%
      0     0     4526.0552    97     4657.0000      Cuts: 33      773    2.81%
      0     0     4539.5101   129     4657.0000      Cuts: 12      900    2.52%
      0     0     4545.2601   144     4657.0000      Cuts: 11      965    2.40%
      0     0     4558.5833   141     4657.0000       Cuts: 9     1030    2.11%
      0     0     4558.8333   178     4657.0000       Cuts: 2     1055    2.11%
      0     0     4560.3333   159     4657.0000       Cuts: 7     1069    2.08%
      0     2     4560.3333   159     4657.0000     4560.8333     1069    2.06%                        0             0
Elapsed time = 0.85 sec. (2444.99 ticks, tree = 0.01 MB, solutions = 1)
      1     3     4565.5833   158     4657.0000     4570.0833     1130    1.87%   x(c48_3_c4_3) N      1      0      1
      3     5     4573.3333   152     4657.0000     4574.3333     1171    1.78%     x(Op_c56_3) D      3      2      3
      8    10     4585.3333   150     4657.0000     4574.3704     1375    1.77%  x(c41_1_c20_1) D      8      6      6
     15    17     4602.4091   131     4657.0000     4574.3704     1833    1.77%   x(c33_2_c8_2) N     15     14     11
     28    30     4609.0000    56     4657.0000     4574.3704     2118    1.77%  x(c47_3_c56_3) U     28     26     20
     37    39     4609.0132    59     4657.0000     4574.3704     2390    1.77%  x(c10_2_c38_2) U     37     36     28
     41    43     4609.0228    61     4657.0000     4574.3704     2527    1.77%  x(c41_1_c43_1) D     41     40     31
     49    50     4609.0550    57     4657.0000     4574.3704     2583    1.77%  x(c25_1_c41_1) N     49     48     39
     53    51     4609.0772    69     4657.0000     4574.3704     2604    1.77%  x(c17_2_c13_2) U     53     52     43
     81    69     4609.2807    89     4657.0000     4574.3704     2931    1.77%    x(c2_2_c4_2) U     81     79     70
Elapsed time = 2.94 sec. (6590.12 ticks, tree = 0.33 MB, solutions = 1)
    104    83     4614.0289    91     4657.0000     4576.3621     3524    1.73%  x(c43_2_c22_2) N    104    103     11
    111    90     4626.0581   111     4657.0000     4576.3621     3834    1.73%      x(Op_c3_3) D    111    109     16
    133   107     4614.3624   102     4657.0000     4576.3621     4255    1.73%  x(c21_2_c23_2) D    133    132     37
    154   120     4614.5333    91     4657.0000     4576.3621     4559    1.73%  x(c47_1_c56_1) U    154    153     57
    187   136     4579.3333   152     4657.0000     4577.3525     4793    1.71%   x(c48_3_c4_3) N    187      0      1
    248   197     4597.0403    93     4657.0000     4597.0000     6864    1.29%  x(c23_1_c42_1) U    248    247     23
    280   225     4597.1124   103     4657.0000     4597.0000     7915    1.29%   x(c3_2_c26_2) D    280    279     52
    322   258     4597.4337    91     4657.0000     4597.0000     8268    1.29%  x(c49_2_c14_2) N    322    321     91
    403   334     4597.1673   131     4657.0000     4597.0000     8687    1.29%  x(c44_2_c24_2) D    403    402     88
    482   402     4597.1068    71     4657.0000     4597.0000     8996    1.29%  x(c25_2_c42_2) D    482    481     75
Elapsed time = 7.97 sec. (16623.45 ticks, tree = 1.67 MB, solutions = 1)
    550   459     4597.1474    99     4657.0000     4597.0012     9469    1.29%   x(c3_2_c14_2) D    550    549     41
    677   575     4598.0018    68     4657.0000     4597.0070    10394    1.29%  x(c25_3_c43_3) N    677    419     13
    711   603     4643.0000    58     4657.0000     4597.0807    14510    1.29%  x(c52_2_c12_2) U    711    269     42
    787   664     4631.0386    77     4657.0000     4597.1471    16573    1.29%  x(c15_1_c11_1) N    787    637     47
    824   663        cutoff           4657.0000     4597.4880    21113    1.28%  x(c54_2_c30_2) U    824    298     69
    891   712     4630.5748   135     4657.0000     4597.6182    25047    1.28%  x(c16_1_c40_1) N    891    519    113
    940   731     4598.0316    80     4657.0000     4598.0000    28104    1.27%  x(c50_2_c54_2) D    940    939     28
   1038   808     4598.3263    56     4657.0000     4598.0000    28447    1.27%  x(c22_3_c41_3) D   1038   1037    126
   1120   886     4598.0332    90     4657.0000     4598.0018    32104    1.27%  x(c18_2_c26_2) D   1120   1119     37
   1346  1099     4599.0000    44     4657.0000     4598.0035    34330    1.27%  x(c25_3_c19_3) U   1346    827     15
Elapsed time = 13.22 sec. (26509.81 ticks, tree = 4.53 MB, solutions = 1)
   1426  1179     4641.0000    72     4657.0000     4598.0041    37561    1.27%  x(c53_2_c26_2) N   1426   1425     66
   1516  1263     4610.0211    82     4657.0000     4598.0191    40608    1.27%  x(c11_2_c14_2) U   1516   1102     20
   1649  1394     4626.0042    64     4657.0000     4598.0327    44344    1.27%  x(c52_2_c40_2) N   1649    942     31
   1683  1404        cutoff           4657.0000     4598.0713    49233    1.27%  x(c13_2_c14_2) U   1683   1276     72
   1722  1405        cutoff           4657.0000     4598.1392    53667    1.26%   x(c49_2_c5_2) U   1722    738     70
   1767  1416     4633.0909    64     4657.0000     4598.3263    58656    1.26%  x(c20_1_c43_1) U   1767   1358     22
   1806  1429     4631.0649    70     4657.0000     4598.4285    63571    1.26%   x(c35_2_c4_2) U   1806   1170     88
   1907  1505     4599.0939    85     4657.0000     4598.5131    67316    1.26%     x(c34_2_Om) D   1907   1906     91
   2023  1595     4622.0054    77     4657.0000     4598.5889    71431    1.25%    x(c4_2_c6_2) N   2023    832     20
   2068  1606        cutoff           4657.0000     4598.7411    76339    1.25%  x(c19_1_c41_1) U   2068   1411     52
Elapsed time = 18.66 sec. (36319.93 ticks, tree = 6.98 MB, solutions = 1)
   2144  1646     4599.2891    55     4657.0000     4599.0000    79962    1.25%  x(c46_3_c31_3) N   2144   2143     52
   2216  1704     4599.1961    71     4657.0000     4599.0000    80410    1.25%   x(c35_2_c4_2) D   2216   2215     35
   2321  1798     4599.4772    57     4657.0000     4599.0000    80855    1.25%  x(c44_2_c26_2) D   2321   2320    140
   2385  1850     4599.5833    59     4657.0000     4599.0000    81071    1.25%     x(c13_1_Om) D   2385   2384    204
   2581  2039     4602.7545    80     4657.0000     4599.0000    82540    1.25%  x(c38_2_c12_2) D   2581   2579    129
   2800  2249     4599.4772    59     4657.0000     4599.0000    84331    1.25%  x(c40_1_c12_1) D   2800   2799    146
   2919  2358     4599.3725    50     4657.0000     4599.0000    85381    1.25%    x(c3_3_c2_3) D   2919   2918     63
   3164  2594     4599.5782    53     4657.0000     4599.0000    87113    1.25%   x(c2_2_c17_2) D   3164   3163    100
   3435  2859     4599.5539    54     4657.0000     4599.0000    88882    1.25%  x(c13_1_c33_1) D   3435   3434    192
   3605  3026     4599.4233    69     4657.0000     4599.0000    90168    1.25%  x(c32_2_c46_2) D   3605   3604     81
Elapsed time = 24.16 sec. (46014.40 ticks, tree = 12.64 MB, solutions = 1)
   3840  3256     4599.0749    60     4657.0000     4599.0000    92057    1.25%  x(c35_2_c32_2) D   3840   3839     35
*  4000+ 2913                         4619.0000     4599.0000             0.43%
   4000  2915     4599.1271    74     4619.0000     4599.0000    92947    0.43%     x(c52_2_Om) D   4000   3999    105
   4157  3040     4604.0092    74     4619.0000     4599.0000    95516    0.43%   x(c4_2_c49_2) D   4157   1090     21
   4310  3175     4599.1085    73     4619.0000     4599.0049    98339    0.43%  x(c48_3_c29_3) D   4310   4309     44
   4431  3266     4613.5104    84     4619.0000     4599.0113   100649    0.43%  x(c54_2_c46_2) U   4431   3720     18
   4540  3274     4599.0528   129     4619.0000     4599.0407   104822    0.43%   x(c8_2_c36_2) D   4540   4539     34
   4659  3336        cutoff           4619.0000     4599.0582   108559    0.43%  x(c26_2_c43_2) U   4659    457     51
   4759  3284        cutoff           4619.0000     4599.1008   112533    0.43%  x(c25_2_c21_2) U   4759    626     36
   4851  3232        cutoff           4619.0000     4599.1675   116679    0.43%  x(c15_1_c11_1) U   4851    565     57
   4957  3201     4599.2909    91     4619.0000     4599.2911   120395    0.43%  x(c13_3_c40_3) N   4957   4623     47
Elapsed time = 29.64 sec. (57056.00 ticks, tree = 13.01 MB, solutions = 2)
   5042  3158        cutoff           4619.0000     4599.3686   124437    0.43%  x(c46_2_c54_2) U   5042   4294     29
   5205  3120     4615.0000    44     4619.0000     4599.4269   128185    0.42%  x(c48_3_c45_3) N   5205   3825     21
   5332  3005        cutoff           4619.0000     4599.4950   132227    0.42%  x(c40_1_c38_1) U   5332   2815    162
   5453  2906        cutoff           4619.0000     4599.5862   136347    0.42%  x(c46_3_c45_3) U   5453   3681     70
   5558  2841        cutoff           4619.0000     4599.7176   140723    0.42%  x(c46_3_c45_3) U   5558   3210     59
   5666  2758        cutoff           4619.0000     4599.8915   145230    0.41%  x(c13_2_c52_2) U   5666   1439     78
   5784  2731     4617.0000    50     4619.0000     4600.0147   149975    0.41%  x(c25_2_c21_2) U   5784   4167     21
   5915  2702     4614.5000    80     4619.0000     4600.0580   153873    0.41%  x(c46_2_c54_2) U   5915   1525     24
   6064  2684        cutoff           4619.0000     4600.1475   157798    0.41%  x(c35_2_c32_2) U   6064    948     37
   6196  2579     4604.0227    74     4619.0000     4600.3333   161760    0.40%   x(c6_2_c49_2) U   6196   5481     20
Elapsed time = 34.41 sec. (66682.91 ticks, tree = 10.65 MB, solutions = 2)
   6370  2571        cutoff           4619.0000     4600.4374   164748    0.40%  x(c34_2_c35_2) U   6370   2180     89
   6490  2482        cutoff           4619.0000     4600.5582   168733    0.40%   x(c6_2_c49_2) U   6490   4606     34
   6607  2431        cutoff           4619.0000     4600.7609   172436    0.39%  x(c10_2_c52_2) U   6607    999     88
   6721  2399     4605.0001    91     4619.0000     4601.0039   176787    0.39%  x(c25_3_c19_3) U   6721   1347     19
   6914  2473        cutoff           4619.0000     4601.0476   180338    0.39%  x(c35_2_c32_2) U   6914   1938     47
   7055  2377        cutoff           4619.0000     4601.2150   184196    0.39%  x(c18_2_c26_2) U   7055   3712    101
   7202  2312        cutoff           4619.0000     4601.5021   187535    0.38%  x(c34_2_c17_2) U   7202   3414    172
   7353  2186        cutoff           4619.0000     4601.8333   191057    0.37%  x(c20_2_c42_2) U   7353   1001     90
   7485  2189     4602.0004    70     4619.0000     4602.0004   194878    0.37%  x(c44_2_c54_2) N   7485   3821     21
   7695  2332     4602.1406    61     4619.0000     4602.0238   197901    0.37%  x(c39_1_c52_1) N   7695   7694     33
Elapsed time = 39.04 sec. (76263.84 ticks, tree = 9.72 MB, solutions = 2)
   7813  2298     4603.4000    82     4619.0000     4602.2001   201988    0.36%   x(c49_2_c4_2) N   7813   7303     17
   7939  2229     4609.0000    50     4619.0000     4602.5056   205671    0.36%  x(c30_2_c26_2) N   7939   7511     18
   8079  2120     4613.0021    56     4619.0000     4602.8382   209231    0.35%  x(c52_2_c11_2) N   8079   7513     20
   8246  2219     4603.0000    84     4619.0000     4603.0000   212890    0.35%  x(c39_2_c20_2) N   8246   5749     17
   8388  2291        cutoff           4619.0000     4603.0389   217204    0.35%  x(c16_1_c15_1) U   8388   8216     27
   8574  2329     4615.1465    73     4619.0000     4603.1244   220539    0.34%  x(c48_3_c29_3) N   8574   4191     45
   8738  2316        cutoff           4619.0000     4603.4243   224142    0.34%  x(c25_2_c21_2) U   8738   8560     32
   8870  2281        cutoff           4619.0000     4603.9242   228488    0.33%  x(c34_2_c14_2) U   8870   2553    103
   9071  2412     4604.0051    50     4619.0000     4604.0018   231927    0.32%  x(c39_1_c20_1) U   9071   9070     19
   9294  2557     4611.0000    44     4619.0000     4604.0124   234628    0.32%  x(c25_2_c43_2) N   9294   8182     20
Elapsed time = 43.78 sec. (85869.61 ticks, tree = 10.66 MB, solutions = 2)
   9425  2524        cutoff           4619.0000     4604.0908   238304    0.32%  x(c41_1_c42_1) U   9425   8934     35
   9571  2542     4604.5107    63     4619.0000     4604.2021   241334    0.32%  x(c38_2_c12_2) U   9571   9570     35
   9684  2561     4604.5459    57     4619.0000     4604.4192   245573    0.32%  x(c23_3_c21_3) D   9684   9683     49
   9802  2535        cutoff           4619.0000     4604.5833   249138    0.31%  x(c52_2_c33_2) U   9802   8309     28
   9911  2519     4605.0000    44     4619.0000     4605.0000   252669    0.30%  x(c18_3_c26_3) N   9911    686     18
  10000  2593     4605.1075    70     4619.0000     4605.0000   254222    0.30%  x(c46_2_c54_2) D  10000   9999     28
  10183  2719     4605.2748    75     4619.0000     4605.0000   257153    0.30%  x(c50_2_c54_2) D  10183  10182     31
  10380  2839        cutoff           4619.0000     4605.0000   260045    0.30%   x(c32_2_c5_2) U  10380   3799     97
  10548  2979     4605.0970    86     4619.0000     4605.0000   262811    0.30%  x(c38_2_c12_2) U  10548  10547     29
  11096  3440     4605.3685    75     4619.0000     4605.0000   272860    0.30%  x(c23_1_c41_1) D  11096  11095     32
Elapsed time = 49.99 sec. (98604.63 ticks, tree = 14.19 MB, solutions = 2)
  11683  3906     4605.0484    72     4619.0000     4605.0000   289750    0.30%  x(c54_2_c46_2) D  11683  11682     26
  12000  4133     4613.0194    78     4619.0000     4605.0000   297321    0.30%  x(c50_2_c54_2) D  12000  11999     26
  12586  4354     4617.0377    68     4619.0000     4605.0542   311297    0.30%  x(c30_2_c18_2) N  12586  11784     31
  13031  4407     4605.2168    46     4619.0000     4605.1659   327348    0.30%  x(c13_1_c15_1) D  13031  13030     33
  13631  4653     4605.3645    64     4619.0000     4605.2534   340747    0.30%  x(c41_1_c19_1) N  13631  11817     24
  14149  4805     4608.1042    66     4619.0000     4605.4480   354178    0.29%  x(c38_2_c12_2) D  14149  10702     28
  14753  4884     4606.0249    45     4619.0000     4605.7438   367645    0.29%  x(c11_2_c33_2) N  14753  14752     32
  15325  5158     4608.0847    32     4619.0000     4606.0000   383220    0.28%  x(c41_1_c43_1) D  15325  15324     41
  15857  5559     4606.1412    72     4619.0000     4606.0000   399045    0.28%   x(c49_2_c4_2) D  15857  15856     25
  16380  5959     4609.4848    76     4619.0000     4606.0000   414354    0.28%  x(c38_2_c12_2) N  16380  16378     20
Elapsed time = 69.55 sec. (137952.40 ticks, tree = 24.45 MB, solutions = 2)
  17058  6297     4606.0071   108     4619.0000     4606.0065   427758    0.28%  x(c54_2_c46_2) N  17058  17057     22
  17677  6579        cutoff           4619.0000     4606.0332   442313    0.28%  x(c52_2_c11_2) U  17677  17253     25
  18321  6851     4613.2579    59     4619.0000     4606.0764   456502    0.28%  x(c38_2_c12_2) N  18321  12823     24
  18908  7051     4606.1559    84     4619.0000     4606.1552   469717    0.28%   x(c3_1_c15_1) D  18908  17118     28
  19548  7245     4606.2169    44     4619.0000     4606.2169   481509    0.28%  x(c13_1_c15_1) N  19548  18118     26
  20128  7391        cutoff           4619.0000     4606.3368   495237    0.27%  x(c48_3_c47_3) U  20128  20126     26
  20776  7570     4606.6618    57     4619.0000     4606.4485   506884    0.27%  x(c37_1_c10_1) U  20776  20775     37
  21296  7601     4617.0602    63     4619.0000     4606.5294   517360    0.27%  x(c39_2_c52_2) N  21296  11906     21
  21867  7493        cutoff           4619.0000     4606.8187   529596    0.26%  x(c38_2_c11_2) U  21867  12358     29
  22416  7652     4607.0981    87     4619.0000     4607.0000   542820    0.26%  x(c48_3_c47_3) N  22416  22415     27
Elapsed time = 88.00 sec. (176177.57 ticks, tree = 31.31 MB, solutions = 2)
  22911  8016     4607.1346    82     4619.0000     4607.0000   558552    0.26%  x(c54_2_c46_2) D  22911  22910     18
  23000  8057     4607.0000    69     4619.0000     4607.0000   562342    0.26%  x(c23_3_c41_3) D  23000   8255     13
  23703  8396     4613.0587    36     4619.0000     4607.0356   574789    0.26%   x(c6_2_c49_2) U  23703  22183     30
  24272  8311     4607.1253    72     4619.0000     4607.1278   587695    0.26%  x(c39_1_c52_1) N  24272  23105     29
  24902  8312     4607.2546    64     4619.0000     4607.2350   598593    0.25%  x(c48_3_c56_3) N  24902  23661     28
  25448  8299     4607.4242    87     4619.0000     4607.4170   610732    0.25%  x(c25_2_c43_2) N  25448  21276     26
  26086  8225     4607.6486    58     4619.0000     4607.5890   622137    0.25%  x(c38_2_c11_2) D  26086  25306     38
  26617  8045     4608.1564    50     4619.0000     4608.0000   633264    0.24%  x(c32_2_c54_2) D  26617  26616     30
  27193  8444     4608.0840    71     4619.0000     4608.0000   648692    0.24%  x(c43_2_c22_2) U  27193  27189     25
  27766  8807    infeasible           4619.0000     4608.0022   664296    0.24%  x(c41_1_c42_1) D  27766  27765     22
Elapsed time = 106.02 sec. (214798.02 ticks, tree = 36.41 MB, solutions = 2)
  28450  9150     4612.0805    63     4619.0000     4608.0215   676058    0.24%   x(c6_2_c49_2) N  28450  15467     22
  29069  9164     4608.1128    77     4619.0000     4608.0927   688636    0.24%  x(c30_2_c26_2) D  29069  29068     31
  29857  9353     4608.6672    61     4619.0000     4608.1512   697334    0.23%     x(c30_2_Om) D  29857  26329     21
  30484  9274     4608.2209    68     4619.0000     4608.2201   707583    0.23%  x(c41_1_c43_1) D  30484  28977     26
  31081  9205     4614.1927    70     4619.0000     4608.3572   718384    0.23%   x(c6_2_c49_2) N  31081  29348     31
  31630  9063     4608.5397    86     4619.0000     4608.5397   728844    0.23%  x(c41_3_c20_3) N  31630  30355     42
  32184  8825        cutoff           4619.0000     4608.8698   739432    0.22%  x(c50_2_c54_2) U  32184  15703     30
  32701  8941     4609.0000    51     4619.0000     4609.0000   752938    0.22%  x(c48_3_c47_3) U  32701  31616     14
  33000  9123     4609.0004    61     4619.0000     4609.0004   761891    0.22%  x(c39_1_c52_1) D  33000  32019     37
  33609  9333     4609.1498    73     4619.0000     4609.0272   775539    0.22%  x(c43_2_c22_2) N  33609  33594     25
Elapsed time = 123.81 sec. (254812.98 ticks, tree = 38.60 MB, solutions = 2)
  34262  9384     4609.1615    56     4619.0000     4609.1054   786842    0.21%  x(c50_2_c54_2) D  34262  34261     34
  34972  9493        cutoff           4619.0000     4609.1716   796243    0.21%  x(c52_2_c11_2) U  34972  34343     33
  35622  9431    infeasible           4619.0000     4609.2719   805898    0.21%  x(c39_2_c38_2) D  35622  34195     34
  36199  9353     4610.8747    69     4619.0000     4609.3952   817261    0.21%  x(c38_2_c12_2) N  36199  36198     20
  36785  9181    infeasible           4619.0000     4609.5556   827475    0.20%   x(c3_2_c14_2) D  36785  35779     31
  37384  8860        cutoff           4619.0000     4609.9700   836802    0.20%  x(c52_2_c11_2) U  37384  18836     25
  37941  9171     4610.0055    85     4619.0000     4610.0000   852248    0.19%   x(c49_2_c4_2) D  37941  37940     19
  38544  9431     4610.0932    94     4619.0000     4610.0091   866258    0.19%  x(c43_2_c22_2) N  38544  38542     20
  39180  9521        cutoff           4619.0000     4610.0528   877833    0.19%  x(c50_2_c54_2) U  39180  26253     34
  39855  9439        cutoff           4619.0000     4610.1498   886783    0.19%  x(c50_2_c54_2) U  39855  39853     24
Elapsed time = 140.93 sec. (292997.38 ticks, tree = 39.13 MB, solutions = 2)
  40539  9442    infeasible           4619.0000     4610.2396   895613    0.19%     x(c30_2_Om) D  40539  40538     28
  41152  9272        cutoff           4619.0000     4610.3918   904602    0.19%  x(c25_2_c21_2) U  41152  37535     21
  41708  8986    infeasible           4619.0000     4610.6154   913906    0.18%  x(c41_1_c43_1) D  41708  41706     26
  42330  8729     4611.0993    58     4619.0000     4611.0000   922504    0.17%    x(c7_1_c5_1) D  42330  42328     23
  42824  9034        cutoff           4619.0000     4611.0000   938601    0.17%      x(c3_2_Om) U  42824  15081     22
  43458  9100        cutoff           4619.0000     4611.0231   950590    0.17%   x(c49_2_c4_2) U  43458   3174     23
  44082  9119     4611.3499    53     4619.0000     4611.0993   961652    0.17%  x(c38_2_c10_2) D  44082  42332     26
  44733  9094     4611.1951    81     4619.0000     4611.1892   971585    0.17%  x(c30_2_c26_2) D  44733  13899     30
  45000  9122     4611.2105    91     4619.0000     4611.2122   974551    0.17%  x(c41_3_c20_3) D  45000  36153     29
  45595  8872     4611.8059    60     4619.0000     4611.4052   983475    0.16%  x(c30_2_c26_2) N  45595  42419     20
Elapsed time = 157.88 sec. (332677.42 ticks, tree = 37.02 MB, solutions = 2)
  46234  8760     4613.0036    66     4619.0000     4611.6000   993251    0.16%  x(c13_1_c15_1) N  46234  46233     20
  46874  8436     4612.0994    62     4619.0000     4612.0000  1001606    0.15%    x(c7_1_c5_1) N  46874  46872     21
  47359  8612     4616.0791    82     4619.0000     4612.0000  1017928    0.15%  x(c30_2_c26_2) N  47359  32881     20
  47936  8564     4614.1219    75     4619.0000     4612.0409  1030791    0.15%   x(c6_2_c49_2) N  47936  41761     31
  48585  8724     4612.5664    48     4619.0000     4612.1074  1041334    0.15%   x(c36_2_c5_2) N  48585  48584     31
  49263  8795    infeasible           4619.0000     4612.1940  1050407    0.15%  x(c30_3_c26_3) D  49263  49262     38
  49936  8826     4612.8076    74     4619.0000     4612.2724  1058551    0.15%  x(c30_3_c26_3) N  49936  45813     25
  50538  8655    infeasible           4619.0000     4612.4180  1066968    0.14%   x(c4_1_c49_1) U  50538  46273     34
  51167  8504        cutoff           4619.0000     4612.5995  1074996    0.14%  x(c39_1_c52_1) U  51167  21450     53
  51855  8210     4612.8501    63     4619.0000     4612.8501  1081758    0.13%  x(c54_2_c30_2) N  51855  51854     26
Elapsed time = 174.16 sec. (370897.14 ticks, tree = 34.20 MB, solutions = 2)
  52364  8121     4613.0000    38     4619.0000     4613.0000  1094753    0.13%     x(c27_1_Om) N  52364  52362     24
  52902  8404     4613.0720    84     4619.0000     4613.0000  1111273    0.13%  x(c48_3_c47_3) D  52902  52901     24
  53475  8663     4613.0040    92     4619.0000     4613.0040  1126718    0.13%  x(c41_1_c43_1) N  53475  47501      8
  54082  8794        cutoff           4619.0000     4613.0337  1138824    0.13%  x(c52_2_c11_2) U  54082  13696     24
  54727  8809        cutoff           4619.0000     4613.0736  1149407    0.13%  x(c38_2_c10_2) U  54727  52886     27
  55330  8790     4613.1256    94     4619.0000     4613.1223  1158698    0.13%  x(c46_2_c54_2) N  55330  39002     21
  55958  8665        cutoff           4619.0000     4613.2238  1166788    0.13%  x(c54_2_c30_2) U  55958  55666     22
  56579  8524     4615.2000    73     4619.0000     4613.3411  1175272    0.12%  x(c38_2_c12_2) N  56579  52627     24
  57197  8384     4613.5820    54     4619.0000     4613.4608  1184480    0.12%   x(c36_2_c6_2) D  57197  56270     26
  57820  8265     4613.6022    60     4619.0000     4613.5859  1192461    0.12%  x(c13_1_c15_1) N  57820  56265     26
Elapsed time = 190.67 sec. (409079.42 ticks, tree = 34.56 MB, solutions = 2)
  58142  8123        cutoff           4619.0000     4613.6704  1195312    0.12%  x(c53_2_c26_2) U  58142  17351     27
  58774  7769     4615.4230    46     4619.0000     4613.9142  1201909    0.11%  x(c38_2_c10_2) N  58774  31388     30
  59285  7839     4614.1235    95     4619.0000     4614.0000  1216538    0.11%  x(c43_2_c22_2) N  59285  59284     15
  59800  8106     4614.0685    59     4619.0000     4614.0000  1232406    0.11%  x(c39_2_c20_2) N  59800  59799     22
  60295  8254     4614.0514    68     4619.0000     4614.0078  1247712    0.11%    x(c4_3_c7_3) N  60295  60294     21
  60865  8203     4617.1628    63     4619.0000     4614.0605  1257256    0.11%  x(c38_2_c10_2) N  60865  59798     23
  61470  8318     4614.2463    67     4619.0000     4614.0925  1267722    0.11%     x(c27_1_Om) U  61470  61469     26
  62074  8287     4614.2289    98     4619.0000     4614.1611  1276517    0.10%    x(c4_3_c7_3) D  62074  62073     16
  62727  8116     4614.3728    57     4619.0000     4614.2408  1284024    0.10%  x(c52_2_c11_2) N  62727  61921     33
  63321  7946     4614.4089    65     4619.0000     4614.3539  1292019    0.10%    x(c7_1_c5_1) U  63321  63320     23
Elapsed time = 206.83 sec. (447287.85 ticks, tree = 33.33 MB, solutions = 2)
  63942  7665     4616.0301    50     4619.0000     4614.5125  1300479    0.10%  x(c38_2_c10_2) N  63942  52961     23
  64587  7309        cutoff           4619.0000     4614.7294  1306890    0.09%  x(c30_3_c26_3) U  64587  23340     22
  65121  7084     4615.1336    69     4619.0000     4615.0000  1315804    0.09%  x(c29_3_c30_3) N  65121   5700     23
  65509  7245     4615.8935    75     4619.0000     4615.0000  1331253    0.09%  x(c39_2_c20_2) U  65509  65507     19
  66000  7475     4615.0000    56     4619.0000     4615.0000  1348067    0.09%  x(c43_2_c22_2) D  66000  65999     15
  66603  7694        cutoff           4619.0000     4615.0032  1361564    0.09%  x(c41_1_c43_1) U  66603  28977     26
  67149  7667     4617.0000    46     4619.0000     4615.0430  1372770    0.09%  x(c38_2_c10_2) N  67149  59038     24
  67771  7483    infeasible           4619.0000     4615.0846  1381847    0.08%  x(c30_2_c26_2) D  67771  67025     20
  68380  7341     4615.1287    75     4619.0000     4615.1296  1390498    0.08%  x(c25_2_c43_2) N  68380  65122     23
  68945  7278     4615.3070    63     4619.0000     4615.1947  1399574    0.08%  x(c25_3_c43_3) N  68945  68944     34
Elapsed time = 224.31 sec. (488933.24 ticks, tree = 30.69 MB, solutions = 2)
  69537  7174     4615.3352    61     4619.0000     4615.2445  1409437    0.08%  x(c25_2_c21_2) N  69537  69536     24
  70096  6886     4615.3972    54     4619.0000     4615.3972  1417595    0.08%   x(c36_2_c6_2) N  70096  44081     27
  70681  6632    infeasible           4619.0000     4615.5088  1425842    0.08%    x(c4_3_c7_3) U  70681  63955     24
  71318  6226    infeasible           4619.0000     4615.6914  1431323    0.07%   x(c4_1_c49_1) U  71318  67092     36
  71927  5818     4616.1481    47     4619.0000     4616.0000  1439150    0.06%    x(c7_1_c5_1) N  71927  71925     23
  72409  5836     4616.0274    65     4619.0000     4616.0027  1453272    0.06%   x(c49_2_c2_2) N  72409   5011     22
  72896  5879     4616.1807    61     4619.0000     4616.0241  1465360    0.06%  x(c43_2_c22_2) N  72896  72895     26
  73433  5695    infeasible           4619.0000     4616.0649  1476076    0.06%  x(c30_2_c53_2) D  73433  71984     22
  74029  5454     4616.1365    63     4619.0000     4616.1324  1483474    0.06%  x(c30_2_c17_2) D  74029  73661     29
  74630  5179        cutoff           4619.0000     4616.2065  1490197    0.06%  x(c23_2_c21_2) U  74630  50539     18
Elapsed time = 239.50 sec. (527114.03 ticks, tree = 22.22 MB, solutions = 2)
  75238  4870        cutoff           4619.0000     4616.3175  1496520    0.06%   x(c36_2_c5_2) U  75238  53307     18
  75884  4508     4616.4891    69     4619.0000     4616.4893  1502637    0.05%  x(c20_1_c21_1) N  75884  74074     29
  76572  4082     4616.6786    64     4619.0000     4616.6676  1507301    0.05%  x(c21_1_c20_1) N  76572  73507     22
  77232  3578     4616.9733    67     4619.0000     4616.9385  1511105    0.04%  x(c13_1_c15_1) N  77232  57014     26
  77702  3550     4617.0000    47     4619.0000     4617.0000  1525218    0.04%  x(c43_2_c22_2) N  77702  77696     26
  78153  3644     4617.0310    89     4619.0000     4617.0000  1540677    0.04%  x(c43_2_c22_2) N  78153  78152     18
  78721  3763    infeasible           4619.0000     4617.0005  1556837    0.04%  x(c25_1_c19_1) D  78721  76974     25
  79249  3639    infeasible           4619.0000     4617.0300  1568850    0.04%      x(Op_c2_3) D  79249  74246     24
  79783  3551     4617.0664    78     4619.0000     4617.0591  1577991    0.04%  x(c48_3_c47_3) N  79783  39329     21
  80370  3352        cutoff           4619.0000     4617.0956  1586054    0.04%  x(c23_2_c20_2) D  80370  37149     33
Elapsed time = 254.92 sec. (565293.15 ticks, tree = 14.59 MB, solutions = 2)
  80952  3073    infeasible           4619.0000     4617.1552  1593252    0.04%  x(c23_2_c21_2) D  80952  79698     25
  81561  2757     4617.3431    63     4619.0000     4617.2143  1600774    0.04%  x(c20_3_c19_3) N  81561  79764     25
  82157  2435    infeasible           4619.0000     4617.2770  1607435    0.04%   x(c49_2_c2_2) D  82157  79080     29
  82775  1986     4617.3696    52     4619.0000     4617.3696  1614812    0.04%  x(c20_3_c21_3) N  82775  75053     35
  83413  1479        cutoff           4619.0000     4617.5109  1620580    0.03%   x(c4_1_c49_1) D  83413  75273     43
  84070   957        cutoff           4619.0000     4617.7239  1624480    0.03%    x(c4_2_c6_2) U  84070  66563     23
  84751   388        cutoff           4619.0000     4618.0000  1630482    0.02%    x(c7_1_c5_1) U  84751  84750     30
  85291   141     4618.0000    61     4619.0000     4618.0000  1646273    0.02%  x(c48_3_c47_3) N  85291  70648     22

Clique cuts applied:  9
Cover cuts applied:  132
Flow cuts applied:  3
Mixed integer rounding cuts applied:  5
Zero-half cuts applied:  5
Gomory fractional cuts applied:  5
User cuts applied:  501

Root node processing (before b&c):
  Real time             =    0.85 sec. (2445.83 ticks)
Sequential b&c:
  Real time             =  266.62 sec. (599573.46 ticks)
                          ------------
Total (root+branch&cut) =  267.48 sec. (602019.29 ticks)

