Version identifier: 22.1.0.0 | 2022-03-09 | 1a383f8ce
CPXPARAM_Preprocessing_Reduce                    0
CPXPARAM_Threads                                 1
CPXPARAM_Preprocessing_Reformulations            0
CPXPARAM_Emphasis_MIP                            2
CPXPARAM_TimeLimit                               7200
CPXPARAM_MIP_Tolerances_AbsMIPGap                0.98999999999999999
CPXPARAM_MIP_Limits_TreeMemory                   20000
Legacy callback                                  BbLUID
         Disabling repeat represolve because of lazy constraint/incumbent callback.
1 of 1 MIP starts provided solutions.
MIP start 'm1' defined initial solution with objective 3440.0000.
Tried aggregator 0 times.
Reduced MIP has 520 rows, 22340 columns, and 88846 nonzeros.
Reduced MIP has 22340 binaries, 0 generals, 0 SOSs, and 0 indicators.
Presolve time = 0.00 sec. (4.52 ticks)
Probing time = 0.00 sec. (7.53 ticks)
Clique table members: 260.
MIP emphasis: optimality.
MIP search method: traditional branch-and-cut.
Parallel mode: none, using 1 thread.
Root relaxation solution time = 0.01 sec. (23.81 ticks)

        Nodes                                         Cuts/
   Node  Left     Objective  IInf  Best Integer    Best Bound    ItCnt     Gap         Variable B NodeID Parent  Depth

*     0+    0                         3440.0000        0.0000           100.00%
      0     0     3317.0000   292     3440.0000     3015.0000      552   12.35%
      0     0     3351.1667   207     3440.0000      Cuts: 46      621    2.58%
      0     0     3373.5000   112     3440.0000      Cuts: 41      689    1.93%
      0     0     3378.7500   247     3440.0000      Cuts: 15      711    1.78%
      0     0     3394.0000   304     3440.0000      Cuts: 52      750    1.34%
      0     0     3398.7500   152     3440.0000      Cuts: 38      786    1.20%
      0     0     3399.0000   227     3440.0000      Cuts: 12      802    1.19%
      0     0     3401.7500   340     3440.0000      Cuts: 18      861    1.11%
      0     0     3404.9167   182     3440.0000      Cuts: 16      892    1.02%
      0     0     3405.4167   201     3440.0000      Cuts: 18      914    1.01%
      0     0     3406.9167   210     3440.0000       Cuts: 6      936    0.96%
      0     0     3407.0000   180     3440.0000      Cuts: 16      957    0.96%
      0     0     3407.5000   360     3440.0000       Cuts: 4      961    0.94%
      0     0     3407.5000   370     3440.0000       Cuts: 6      969    0.94%
      0     0     3407.5000   273     3440.0000   ZeroHalf: 3      971    0.94%
      0     0     3407.5000   533     3440.0000      Cuts: 20     1020    0.94%
      0     0     3407.5000     8     3440.0000       User: 3     1020    0.94%
      0     0     3407.5000   333     3440.0000       User: 3     1052    0.94%
      0     2     3407.5000   333     3440.0000     3407.5000     1052    0.94%                        0             0
Elapsed time = 1.15 sec. (2462.27 ticks, tree = 0.01 MB, solutions = 1)
      2     4     3407.5000   315     3440.0000     3407.5000     1110    0.94%  x(c94_2_c92_2) D      2      0      1
      4     6     3407.5000   285     3440.0000     3407.5000     1158    0.94%  x(c73_1_c82_1) N      4      2      2
      7     9     3408.2714   314     3440.0000     3407.5000     1177    0.94%  x(c55_2_c46_2) D      7      5      4
     10    12     3409.2381   306     3440.0000     3407.5000     1227    0.94%  x(c45_1_c44_1) N     10      9      6
     15    17     3410.5104   331     3440.0000     3407.5000     1340    0.94%  x(c60_2_c49_2) U     15     14     10
     25    27     3414.4412   406     3440.0000     3407.5000     1480    0.94%  x(c65_1_c75_1) D     25     24     17
     33    27     3411.0238   474     3440.0000     3407.5000     1605    0.94%  x(c56_1_c57_1) N     33      4      3
     46    39     3420.2500   494     3440.0000     3407.5000     1813    0.94%  x(c89_1_c81_1) D     46     45     14
     58    45     3427.7000   290     3440.0000     3407.5000     1907    0.94%  x(c57_1_c74_1) D     58     57     24
    120    91     3408.7500   319     3440.0000     3408.0000     3014    0.93%  x(c55_2_c46_2) U    120    119      5
Elapsed time = 3.56 sec. (6001.33 ticks, tree = 1.27 MB, solutions = 1)
    185   156     3409.8406   524     3440.0000     3409.6667     4912    0.88%  x(c73_1_c83_1) D    185    144      9
    249   220     3410.8636   301     3440.0000     3410.5000     6545    0.86%  x(c57_1_c49_1) D    249    248      9
    309   280     3414.3750   376     3440.0000     3410.8684     8263    0.85%  x(c69_2_c79_2) N    309    289     18
    387   358     3413.6000   300     3440.0000     3411.0167     9689    0.84%  x(c60_2_c59_2) N    387    254     13
    460   431     3411.5833   357     3440.0000     3411.3333    11344    0.83%  x(c82_2_c73_2) U    460    459     15
    530   501     3415.5000   353     3440.0000     3411.5000    12971    0.83%  x(c57_1_c49_1) N    530    151      6
    591   547     3430.7625   353     3440.0000     3411.5000    13510    0.83%  x(c66_2_c64_2) D    591    590     55
    670   621     3415.8333   249     3440.0000     3411.8333    15436    0.82%  x(c55_2_c46_2) N    670    422     10
    740   691     3421.1487   491     3440.0000     3412.0000    17073    0.81%  x(c59_2_c69_2) N    740    738     22
    798   738     3414.1667   353     3440.0000     3412.0000    18004    0.81%  x(c57_1_c58_1) N    798    428     10
Elapsed time = 13.80 sec. (15711.20 ticks, tree = 12.10 MB, solutions = 1)
    875   807     3427.0667   408     3440.0000     3412.0000    19124    0.81%  x(c57_2_c47_2) N    875    874     62
    933   839     3416.7000   447     3440.0000     3412.0000    19726    0.81%  x(c45_1_c44_1) D    933    308      8
   1000   906     3412.7500   274     3440.0000     3412.2500    21692    0.81%  x(c55_2_c46_2) D   1000    421     10
   1090   996     3412.9444   398     3440.0000     3412.4798    23796    0.80%  x(c57_1_c59_1) D   1090    363      8
   1155  1058     3436.8333   327     3440.0000     3412.5000    25269    0.80%  x(c44_2_c43_2) D   1155   1154     37
   1228  1118     3419.6458   434     3440.0000     3412.5000    27219    0.80%  x(c39_1_c49_1) U   1228    202     13
   1303  1193     3413.3500   319     3440.0000     3412.7500    29227    0.79%  x(c64_2_c55_2) U   1303    956     11
   1379  1268     3427.1389   394     3440.0000     3412.9286    31175    0.79%  x(c45_1_c52_1) N   1379   1347     16
   1449  1334     3433.0000   235     3440.0000     3413.0000    32853    0.78%  x(c80_2_c69_2) D   1449   1448     37
   1525  1406     3413.5000   313     3440.0000     3413.1548    34812    0.78%  x(c82_2_c73_2) U   1525   1524     22
Elapsed time = 22.90 sec. (25351.72 ticks, tree = 24.68 MB, solutions = 1)
   1608  1489     3413.5417   396     3440.0000     3413.2846    36876    0.78%  x(c86_2_c87_2) D   1608   1323     12
   1683  1564     3419.5000   175     3440.0000     3413.5000    38984    0.77%   x(c12_3_c2_3) N   1683   1113     17
   1707  1588     3416.8000   240     3440.0000     3413.5000    39608    0.77%  x(c40_3_c50_3) N   1707   1703     20
   1788  1659     3419.8611   426     3440.0000     3413.5000    41175    0.77%  x(c64_2_c55_2) U   1788   1787     16
   1853  1719     3419.0000   421     3440.0000     3413.5556    42846    0.77%  x(c58_1_c57_1) N   1853   1851     20
   1925  1791     3414.1429   307     3440.0000     3413.6738    44593    0.77%  x(c51_1_c50_1) U   1925   1924     23
   1995  1861     3420.9833   395     3440.0000     3413.7857    46724    0.76%  x(c49_1_c47_1) U   1995   1993     17
   2066  1931     3414.3333   365     3440.0000     3413.8500    48512    0.76%  x(c48_1_c49_1) D   2066    201      8
   2147  2012     3420.0000   106     3440.0000     3414.0000    50566    0.76%  x(c57_3_c49_3) N   2147   2145     23
   2196  2060     3420.2054   280     3440.0000     3414.0000    51826    0.76%  x(c19_1_c21_1) N   2196   2195     24
Elapsed time = 32.76 sec. (34997.41 ticks, tree = 37.80 MB, solutions = 1)
   2279  2134     3435.1786   312     3440.0000     3414.0000    53117    0.76%  x(c21_1_c30_1) N   2279   2277     31
   2370  2209     3433.1667   313     3440.0000     3414.0000    54606    0.76%  x(c61_2_c69_2) D   2370   2369     57
   2434  2267     3418.4000   386     3440.0000     3414.0909    56700    0.75%  x(c45_1_c52_1) U   2434   1019     18
   2511  2344     3420.0000   114     3440.0000     3414.1667    58758    0.75%  x(c49_3_c57_3) N   2511   2509     22
   2572  2400     3414.6792   499     3440.0000     3414.1667    60651    0.75%  x(c48_1_c49_1) D   2572    386     10
   2646  2474     3416.4615   355     3440.0000     3414.2500    62598    0.75%  x(c51_1_c50_1) D   2646   1066     18
   2720  2540     3418.2778   330     3440.0000     3414.2976    64205    0.75%  x(c59_2_c60_2) N   2720   2718     19
   2797  2617     3418.1111   332     3440.0000     3414.3889    66179    0.74%  x(c40_3_c50_3) N   2797   2795     30
   2856  2676     3418.1131   335     3440.0000     3414.5000    67924    0.74%  x(c40_3_c50_3) U   2856   2773     28
   2915  2734     3429.4167   301     3440.0000     3414.5000    69491    0.74%  x(c52_2_c50_2) D   2915   2914     54
Elapsed time = 41.87 sec. (44684.10 ticks, tree = 51.85 MB, solutions = 1)
   2965  2765     3420.6667   333     3440.0000     3414.5000    70471    0.74%  x(c55_2_c47_2) U   2965   1185     14
   3033  2827     3438.9355   269     3440.0000     3414.5000    71887    0.74%  x(c54_1_c52_1) N   3033   3032     68
   3095  2879     3439.0000   333     3440.0000     3414.5000    73289    0.74%  x(c40_3_c50_3) N   3095   3093     41
   3170  2950     3423.8214   320     3440.0000     3414.5000    75340    0.74%  x(c91_1_c82_1) D   3170   3169     47
   3243  3016     3416.1915   408     3440.0000     3414.5556    77037    0.74%  x(c64_2_c55_2) N   3243    719     14
   3309  3080     3415.5294   345     3440.0000     3414.6250    78931    0.74%  x(c89_2_c88_2) N   3309   2740     35
   3378  3149     3427.3667   344     3440.0000     3414.6964    80884    0.74%  x(c42_1_c52_1) U   3378   2399     21
   3447  3218     3418.8232   389     3440.0000     3414.7500    82777    0.73%  x(c56_1_c57_1) U   3447   3446     14
   3515  3286     3415.3687   434     3440.0000     3414.8111    84653    0.73%  x(c61_2_c60_2) D   3515   2589     20
   3589  3348        cutoff           3440.0000     3414.8333    86137    0.73%  x(c49_1_c50_1) U   3589   3587     50
Elapsed time = 50.38 sec. (54391.30 ticks, tree = 65.14 MB, solutions = 1)
   3650  3404     3416.2193   532     3440.0000     3414.8750    87651    0.73%  x(c55_2_c47_2) D   3650   1584     23
   3706  3460     3416.5556   326     3440.0000     3414.9167    89352    0.73%  x(c52_1_c50_1) U   3706    487     15
   3768  3522     3417.8344   497     3440.0000     3414.9868    91694    0.73%  x(c60_2_c50_2) U   3768   3767     38
   3805  3559     3418.7500   112     3440.0000     3415.0000    92842    0.73%  x(c42_1_c52_1) N   3805   2858     19
   3871  3616     3415.7500   316     3440.0000     3415.0000    94268    0.73%  x(c80_2_c70_2) D   3871    677     19
   3941  3679     3423.2500   349     3440.0000     3415.0000    95976    0.73%  x(c41_2_c50_2) U   3941   3939     19
   4001  3733     3425.3875   404     3440.0000     3415.0000    97560    0.73%  x(c56_3_c66_3) D   4001   4000     26
   4068  3794     3415.1316   383     3440.0000     3415.0556    99211    0.73%  x(c48_1_c49_1) D   4068   3345     13
   4140  3866     3415.7231   411     3440.0000     3415.1239   101227    0.72%  x(c56_2_c65_2) D   4140   4139     14
   4200  3926     3419.6667   338     3440.0000     3415.1667   102989    0.72%  x(c42_1_c52_1) N   4200   2873     16
Elapsed time = 58.76 sec. (64078.64 ticks, tree = 78.05 MB, solutions = 1)
   4269  3983     3415.3750   328     3440.0000     3415.1786   104586    0.72%  x(c57_1_c59_1) D   4269   4268     28
   4315  4028     3432.6471   372     3440.0000     3415.2333   106599    0.72%  x(c30_1_c32_1) N   4315   3794     28
   4363  4076     3416.8929   326     3440.0000     3415.2500   108109    0.72%  x(c50_3_c40_3) D   4363   4362     18
   4409  4119     3417.1667   372     3440.0000     3415.2667   109652    0.72%  x(c61_2_c60_2) D   4409   2813     18
   4461  4171     3416.6568   222     3440.0000     3415.3333   112006    0.72%  x(c42_3_c41_3) U   4461   4332     29
   4537  4238     3424.3611   336     3440.0000     3415.3333   114141    0.72%  x(c40_2_c50_2) U   4537   3797     31
   4596  4297     3422.5000   232     3440.0000     3415.3893   116197    0.72%  x(c30_1_c32_1) U   4596   4594     23
   4658  4359     3427.2167   415     3440.0000     3415.4268   118016    0.71%  x(c56_2_c55_2) N   4658   4656     15
   4723  4424     3424.3750   404     3440.0000     3415.4846   119966    0.71%  x(c55_2_c47_2) U   4723   3925     17
   4770  4471     3417.7444   273     3440.0000     3415.5000   121386    0.71%  x(c57_3_c56_3) N   4770   4769     45
Elapsed time = 66.88 sec. (73972.46 ticks, tree = 90.64 MB, solutions = 1)
*  4783  3877      integral     0     3427.0000     3415.5000   121840    0.34%
   4800  3891     3419.1308   346     3427.0000     3415.5000   122004    0.34%  x(c48_3_c41_3) D   4800   4799     70
   4840  3913     3423.9141   367     3427.0000     3415.5000   122478    0.34%  x(c76_3_c85_3) D   4840   4838    105
   4906  3966     3415.7500   326     3427.0000     3415.5000   124191    0.34%  x(c86_2_c87_2) D   4906   3694     23
   4986  4031     3421.5000   342     3427.0000     3415.5000   125916    0.34%  x(c29_1_c38_1) U   4986   4984     12
   5058  4079     3418.7500   287     3427.0000     3415.5000   127833    0.34%  x(c42_1_c52_1) U   5058   4116     10
   5116  4121     3419.1250   352     3427.0000     3415.5000   129382    0.34%  x(c42_1_c52_1) N   5116   2963      9
   5184  4169     3416.1402   397     3427.0000     3415.5263   131569    0.33%  x(c56_2_c65_2) D   5184   3680     17
   5240  4217     3424.0000   304     3427.0000     3415.5714   133748    0.33%  x(c57_1_c49_1) U   5240   2583     13
   5306  4269        cutoff           3427.0000     3415.6250   136334    0.33%  x(c47_2_c55_2) U   5306   2982     27
   5355  4308     3416.0000     1     3427.0000     3415.6667   138349    0.33%  x(c42_3_c50_3) D   5355   4329     27
Elapsed time = 75.02 sec. (83690.40 ticks, tree = 88.93 MB, solutions = 2)
   5402  4343     3420.3837   445     3427.0000     3415.6938   140451    0.33%  x(c57_1_c58_1) U   5402   5400     32
   5470  4409     3415.9231   402     3427.0000     3415.7322   142632    0.33%  x(c56_2_c64_2) D   5470   4140     15
   5540  4465     3415.9107   397     3427.0000     3415.7500   144825    0.33%  x(c55_2_c47_2) N   5540   3788     29
   5610  4510     3415.8889   371     3427.0000     3415.7656   146483    0.33%  x(c51_1_c43_1) D   5610   2081     15
   5680  4572     3422.7500   323     3427.0000     3415.8000   148960    0.33%  x(c56_2_c64_2) U   5680   1673     14
   5740  4629     3425.1034   327     3427.0000     3415.8333   150976    0.33%  x(c40_3_c50_3) U   5740   5738     32
   5806  4684        cutoff           3427.0000     3415.8676   152801    0.32%  x(c42_1_c52_1) U   5806   4308     15
   5880  4755     3416.4000   338     3427.0000     3415.9000   154871    0.32%  x(c50_3_c40_3) D   5880   5879     25
   5951  4812     3418.7361   422     3427.0000     3415.9464   157056    0.32%  x(c40_3_c50_3) U   5951   5949     39
   6088  4912     3416.0000     1     3427.0000     3416.0000   160982    0.32%      x(Op_c3_2) D   6088   6086     38
Elapsed time = 84.06 sec. (96270.14 ticks, tree = 103.14 MB, solutions = 2)
   6125  4919     3416.0000     1     3427.0000     3416.0000   161324    0.32%     x(Op_c20_3) D   6125   6123     58
   6162  4924     3416.0000     1     3427.0000     3416.0000   161653    0.32%  x(c21_1_c13_1) D   6162   6160     76
   6190  4938     3416.0000     1     3427.0000     3416.0000   161694    0.32%  x(c36_1_c44_1) U   6190   6189     97
   6220  4952     3416.0000     1     3427.0000     3416.0000   161789    0.32%  x(c58_1_c59_1) U   6220   6219    117
   6251  4962     3416.0000     1     3427.0000     3416.0000   161836    0.32%  x(c76_1_c84_1) U   6251   6250    136
*  6272     1      integral     0     3416.0000     3416.0000   161854    0.00%

Zero-half cuts applied:  44
Gomory fractional cuts applied:  13
User cuts applied:  1286

Root node processing (before b&c):
  Real time             =    1.17 sec. (2467.03 ticks)
Sequential b&c:
  Real time             =   89.34 sec. (116882.94 ticks)
                          ------------
Total (root+branch&cut) =   90.52 sec. (119349.97 ticks)

