Version identifier: 22.1.0.0 | 2022-03-09 | 1a383f8ce
CPXPARAM_Preprocessing_Reduce                    0
CPXPARAM_Threads                                 1
CPXPARAM_Preprocessing_Reformulations            0
CPXPARAM_Emphasis_MIP                            2
CPXPARAM_TimeLimit                               7200
CPXPARAM_MIP_Tolerances_AbsMIPGap                0.98999999999999999
CPXPARAM_MIP_Limits_TreeMemory                   20000
Legacy callback                                  BbLUID
         Disabling repeat represolve because of lazy constraint/incumbent callback.
1 of 1 MIP starts provided solutions.
MIP start 'm1' defined initial solution with objective 5415.0000.
Tried aggregator 0 times.
Reduced MIP has 154 rows, 1110 columns, and 4296 nonzeros.
Reduced MIP has 1110 binaries, 0 generals, 0 SOSs, and 0 indicators.
Presolve time = 0.00 sec. (0.23 ticks)
Probing time = 0.00 sec. (1.67 ticks)
Clique table members: 77.
MIP emphasis: optimality.
MIP search method: traditional branch-and-cut.
Parallel mode: none, using 1 thread.
Root relaxation solution time = 0.00 sec. (1.18 ticks)

        Nodes                                         Cuts/
   Node  Left     Objective  IInf  Best Integer    Best Bound    ItCnt     Gap         Variable B NodeID Parent  Depth

*     0+    0                         5415.0000        0.0000           100.00%
      0     0     5259.0000    72     5415.0000     4818.0000      154   11.02%
      0     0     5383.0000    26     5415.0000      Cuts: 45      182    0.59%
      0     0     5388.0000    62     5415.0000      Cuts: 17      186    0.50%
      0     0     5388.0000    30     5415.0000       Cuts: 9      189    0.50%
      0     0     5388.0000    60     5415.0000       Cuts: 6      193    0.50%
      0     0     5388.0000    64     5415.0000       User: 1      197    0.50%
      0     0     5388.0000    64     5415.0000       User: 1      201    0.50%
      0     0     5388.0000    92     5415.0000       User: 3      206    0.50%
      0     0     5388.0000    32     5415.0000       User: 2      207    0.50%
      0     0     5388.0000    92     5415.0000       User: 4      213    0.50%
      0     0     5388.0000    60     5415.0000       User: 1      213    0.50%
      0     0     5388.0000    92     5415.0000       User: 2      214    0.50%
      0     0     5388.0000    94     5415.0000       User: 1      219    0.50%
      0     0     5388.0000    62     5415.0000       User: 2      219    0.50%
      0     0     5388.0000    92     5415.0000       User: 3      225    0.50%
      0     2     5388.0000    92     5415.0000     5388.0000      225    0.50%                        0             0
Elapsed time = 0.17 sec. (189.31 ticks, tree = 0.01 MB, solutions = 1)

Zero-half cuts applied:  5
Gomory fractional cuts applied:  6
User cuts applied:  110

Root node processing (before b&c):
  Real time             =    0.17 sec. (189.32 ticks)
Sequential b&c:
  Real time             =    0.02 sec. (15.72 ticks)
                          ------------
Total (root+branch&cut) =    0.19 sec. (205.04 ticks)

