Version identifier: 22.1.0.0 | 2022-03-09 | 1a383f8ce
CPXPARAM_Preprocessing_Reduce                    0
CPXPARAM_Threads                                 1
CPXPARAM_Preprocessing_Reformulations            0
CPXPARAM_Emphasis_MIP                            2
CPXPARAM_TimeLimit                               7200
CPXPARAM_MIP_Tolerances_AbsMIPGap                0.98999999999999999
CPXPARAM_MIP_Limits_TreeMemory                   20000
Legacy callback                                  BbLUID
         Disabling repeat represolve because of lazy constraint/incumbent callback.
1 of 1 MIP starts provided solutions.
MIP start 'm1' defined initial solution with objective 5903.0000.
Tried aggregator 0 times.
Reduced MIP has 202 rows, 1940 columns, and 7568 nonzeros.
Reduced MIP has 1940 binaries, 0 generals, 0 SOSs, and 0 indicators.
Presolve time = 0.00 sec. (0.40 ticks)
Probing time = 0.00 sec. (2.43 ticks)
Clique table members: 101.
MIP emphasis: optimality.
MIP search method: traditional branch-and-cut.
Parallel mode: none, using 1 thread.
Root relaxation solution time = 0.00 sec. (1.85 ticks)

        Nodes                                         Cuts/
   Node  Left     Objective  IInf  Best Integer    Best Bound    ItCnt     Gap         Variable B NodeID Parent  Depth

*     0+    0                         5903.0000        0.0000           100.00%
      0     0     5620.0000    49     5903.0000     4925.0000      206   16.57%
      0     0     5813.5000    78     5903.0000      Cuts: 25      247    1.52%
      0     0     5865.0000    22     5903.0000      Cuts: 23      265    0.64%
      0     0     5865.0000    43     5903.0000       Cuts: 7      269    0.64%
      0     0     5869.0000    62     5903.0000       Cuts: 7      274    0.58%
      0     0     5869.0000    38     5903.0000      Cuts: 12      281    0.58%
      0     0     5869.0000   203     5903.0000       Cuts: 6      286    0.58%
      0     0     5869.0000   120     5903.0000   ZeroHalf: 7      291    0.58%
      0     0     5869.0000    38     5903.0000       Cuts: 8      297    0.58%
      0     0     5869.0000   198     5903.0000       User: 3      298    0.58%
      0     0     5869.0000    78     5903.0000       User: 4      316    0.58%
      0     0     5869.0000   118     5903.0000       User: 1      318    0.58%
      0     2     5869.0000   118     5903.0000     5869.0000      318    0.58%                        0             0
Elapsed time = 0.25 sec. (347.80 ticks, tree = 0.01 MB, solutions = 1)
    116    62        cutoff           5903.0000     5891.0000     1713    0.20%  x(c11_4_c21_4) N    116    104     13

Cover cuts applied:  1
Zero-half cuts applied:  17
Gomory fractional cuts applied:  6
User cuts applied:  202

Root node processing (before b&c):
  Real time             =    0.25 sec. (347.84 ticks)
Sequential b&c:
  Real time             =    0.64 sec. (395.37 ticks)
                          ------------
Total (root+branch&cut) =    0.88 sec. (743.21 ticks)

