Version identifier: 22.1.0.0 | 2022-03-09 | 1a383f8ce
CPXPARAM_Preprocessing_Reduce                    0
CPXPARAM_Threads                                 1
CPXPARAM_Preprocessing_Reformulations            0
CPXPARAM_Emphasis_MIP                            2
CPXPARAM_TimeLimit                               7200
CPXPARAM_MIP_Tolerances_AbsMIPGap                0.98999999999999999
CPXPARAM_MIP_Limits_TreeMemory                   20000
Legacy callback                                  BbLUID
         Disabling repeat represolve because of lazy constraint/incumbent callback.
1 of 1 MIP starts provided solutions.
MIP start 'm1' defined initial solution with objective 5964.0000.
Tried aggregator 0 times.
Reduced MIP has 202 rows, 1940 columns, and 7568 nonzeros.
Reduced MIP has 1940 binaries, 0 generals, 0 SOSs, and 0 indicators.
Presolve time = 0.00 sec. (0.40 ticks)
Probing time = 0.00 sec. (2.43 ticks)
Clique table members: 101.
MIP emphasis: optimality.
MIP search method: traditional branch-and-cut.
Parallel mode: none, using 1 thread.
Root relaxation solution time = 0.00 sec. (1.85 ticks)

        Nodes                                         Cuts/
   Node  Left     Objective  IInf  Best Integer    Best Bound    ItCnt     Gap         Variable B NodeID Parent  Depth

*     0+    0                         5964.0000        0.0000           100.00%
      0     0     5620.0000    49     5964.0000     4925.0000      206   17.42%
      0     0     5813.5000    78     5964.0000      Cuts: 25      247    2.52%
      0     0     5865.0000    22     5964.0000      Cuts: 22      262    1.66%
      0     0     5865.0000    43     5964.0000       Cuts: 7      266    1.66%
      0     0     5869.0000    26     5964.0000       Cuts: 7      274    1.59%
      0     0     5869.0000    46     5964.0000       Cuts: 7      277    1.59%
      0     0     5869.0000    52     5964.0000       Cuts: 6      287    1.59%
      0     0     5869.0000   110     5964.0000       User: 1      287    1.59%
      0     2     5869.0000   110     5964.0000     5869.0000      287    1.59%                        0             0
Elapsed time = 0.23 sec. (358.81 ticks, tree = 0.01 MB, solutions = 1)
     57    53     5898.5074   136     5964.0000     5869.0000      882    1.59%  x(c22_2_c11_2) D     57     56     51
    163   129     5870.7500   149     5964.0000     5869.5714     1754    1.58%   x(c23_4_c4_4) D    163    161      4
    265   225     5909.2500   101     5964.0000     5884.9167     4248    1.33%  x(c22_2_c10_2) U    265    182      6
    366   320     5895.7953   117     5964.0000     5889.6667     6844    1.25%   x(c24_2_c8_2) N    366     31     27
    491   443     5898.1250    76     5964.0000     5893.1250     9570    1.19%    x(c5_2_c8_2) U    491    382     18
    609   556     5896.6250   195     5964.0000     5895.6346    12499    1.15%  x(c10_2_c24_2) D    609    518     10
    720   661     5899.5556   211     5964.0000     5897.1859    14912    1.12%  x(c23_3_c10_3) D    720    719     15
    833   762     5899.5714   211     5964.0000     5898.9323    17398    1.09%   x(c20_2_c5_2) D    833    622     11
    975   885     5906.2500    75     5964.0000     5900.1944    19942    1.07%  x(c10_4_c14_4) N    975    974      8
   1474  1341     5917.7659   166     5964.0000     5904.0000    31023    1.01%  x(c17_3_c21_3) U   1474    666     11
Elapsed time = 3.86 sec. (3471.28 ticks, tree = 1.46 MB, solutions = 1)
   1947  1767     5939.7500   140     5964.0000     5906.3333    42237    0.97%  x(c21_3_c18_3) N   1947   1186     14
   2348  2106     5948.1000   154     5964.0000     5908.0000    53779    0.94%   x(c5_4_c20_4) U   2348   1576     15
   2800  2500     5951.1667   124     5964.0000     5909.8667    64391    0.91%   x(c20_2_c5_2) U   2800   2276     26
   3223  2865     5953.1875   201     5964.0000     5911.3333    74690    0.88%  x(c10_4_c20_4) U   3223   3221      9
   3639  3226     5943.9167   141     5964.0000     5912.6731    85732    0.86%   x(c23_4_c4_4) D   3639   3638     13
   4047  3542     5957.0000    86     5964.0000     5913.7500    96304    0.84%    x(c8_4_c3_4) U   4047    780     23
   4423  3838     5948.5000    62     5964.0000     5914.7308   106192    0.83%   x(c10_4_c2_4) U   4423   3521     24
   4806  4136     5916.8333   211     5964.0000     5915.6667   116985    0.81%  x(c20_4_c13_4) D   4806   1865     10
   5190  4449        cutoff           5964.0000     5916.5000   127669    0.80%  x(c21_3_c10_3) N   5190   5189     43
   5571  4764     5927.6667    58     5964.0000     5917.2500   137507    0.78%      x(Op_c4_4) U   5571   5091     30
Elapsed time = 12.34 sec. (13026.19 ticks, tree = 5.39 MB, solutions = 1)
   5954  5067     5922.2500   109     5964.0000     5918.0000   147856    0.77%  x(c16_1_c11_1) D   5954   5953     20
   6334  5346     5920.2500   118     5964.0000     5918.7500   158191    0.76%   x(c3_3_c18_3) N   6334   4434     16
   6710  5645     5949.4000    67     5964.0000     5919.4000   167976    0.75%  x(c24_2_c10_2) U   6710   5602     23
   7075  5903     5921.8438   128     5964.0000     5920.0667   178156    0.74%  x(c18_4_c21_4) D   7075   6433     46
   7453  6196     5924.0326   184     5964.0000     5920.6458   188194    0.73%   x(c14_2_c9_2) D   7453   5026     30
   7832  6462     5921.2500    45     5964.0000     5921.2500   197739    0.72%    x(c7_3_c3_3) D   7832   6072     23
   8213  6734     5923.9278   137     5964.0000     5921.7500   207204    0.71%  x(c16_1_c11_1) N   8213   6334     17
   8592  7029     5922.1667   136     5964.0000     5922.1667   216284    0.70%   x(c3_3_c17_3) D   8592   7754     50
   8969  7296        cutoff           5964.0000     5922.6038   225541    0.69%  x(c10_2_c24_2) U   8969   5046     46
   9300  7505        cutoff           5964.0000     5923.0000   234899    0.69%  x(c18_3_c11_3) U   9300   5146     15
Elapsed time = 19.66 sec. (22593.83 ticks, tree = 8.19 MB, solutions = 1)
   9673  7758        cutoff           5964.0000     5923.4583   244576    0.68%  x(c12_1_c16_1) U   9673   9671     49
  10032  8005     5955.1375   141     5964.0000     5923.8333   253806    0.67%   x(c8_4_c24_4) N  10032   8177     61
  10381  8205     5944.7500   126     5964.0000     5924.2500   262608    0.67%   x(c2_3_c10_3) U  10381   3632     17
  10730  8430     5940.5000     8     5964.0000     5924.6429   271639    0.66%    x(c8_4_c6_4) U  10730  10728     56
  11067  8651        cutoff           5964.0000     5924.9667   281012    0.65%  x(c18_3_c11_3) U  11067   6143     18
  11413  8876        cutoff           5964.0000     5925.2500   290231    0.65%    x(c6_3_c7_3) U  11413  11411     19
  11743  9059        cutoff           5964.0000     5925.6677   299758    0.64%  x(c11_2_c18_2) U  11743   9131     21
  12066  9273     5930.5000   115     5964.0000     5926.0000   308675    0.64%   x(c21_4_c3_4) D  12066  12065     30
  12434  9526     5926.3939   192     5964.0000     5926.3667   317549    0.63%  x(c19_5_c17_5) D  12434  11346     39
  12761  9738     5927.6667    98     5964.0000     5926.7333   326526    0.62%   x(c3_3_c18_3) U  12761  11916     25
Elapsed time = 26.36 sec. (32151.08 ticks, tree = 10.90 MB, solutions = 1)
  13094  9938     5936.1944   150     5964.0000     5927.0000   335359    0.62%  x(c17_3_c10_3) D  13094   3017     14
  13433 10159        cutoff           5964.0000     5927.3646   344118    0.61%    x(c7_3_c5_3) U  13433  11295     25
  13792 10381        cutoff           5964.0000     5927.7083   352565    0.61%   x(c23_4_c5_4) N  13792   5677     20
  14116 10577     5956.1778    78     5964.0000     5928.0000   361148    0.60%      x(c6_1_Om) U  14116  14114     36
  14467 10787        cutoff           5964.0000     5928.2778   369961    0.60%  x(c11_2_c18_2) U  14467  10437     21
  14817 10984        cutoff           5964.0000     5928.5451   378307    0.59%   x(c7_3_c21_3) U  14817  14815     26
  15136 11185     5929.3087   190     5964.0000     5928.8440   387657    0.59%   x(c2_3_c10_3) D  15136  14476     21
  15476 11405     5941.0000    44     5964.0000     5929.1481   396355    0.58%      x(c6_1_Om) U  15476   4430     28
  15819 11622     5955.1667    81     5964.0000     5929.5000   404832    0.58%   x(c3_3_c17_3) U  15819  15413     18
  16156 11794        cutoff           5964.0000     5929.7500   413199    0.57%  x(c18_2_c11_2) U  16156  13146     19
Elapsed time = 32.91 sec. (41701.52 ticks, tree = 13.05 MB, solutions = 1)
  16504 11972     5958.1875    43     5964.0000     5930.0000   421739    0.57%  x(c21_4_c11_4) D  16504  16503     79
  16810 12132        cutoff           5964.0000     5930.2699   430542    0.57%  x(c10_4_c14_4) U  16810  15204     32
  17115 12322     5951.3070   116     5964.0000     5930.5000   439385    0.56%  x(c10_4_c20_4) D  17115  17113     31
  17457 12490        cutoff           5964.0000     5930.7500   447440    0.56%  x(c10_4_c19_4) U  17457  13802     25
  17765 12643     5959.0000   181     5964.0000     5931.0000   456159    0.55%   x(c17_3_c3_3) U  17765  16210     30
  18084 12785     5952.1167   186     5964.0000     5931.2000   464509    0.55%      x(Op_c6_3) N  18084  14299     20
  18420 12976     5951.0000   129     5964.0000     5931.4375   472782    0.55%      x(c6_1_Om) U  18420   5580     21
  18745 13148        cutoff           5964.0000     5931.6429   481065    0.54%  x(c10_4_c20_4) U  18745  13939     34
  19080 13304     5943.8958   100     5964.0000     5931.8750   489401    0.54%  x(c16_1_c11_1) N  19080  10411     22
  19412 13473     5935.4694   165     5964.0000     5932.1000   497450    0.53%  x(c14_3_c15_3) D  19412  16815     18
Elapsed time = 39.16 sec. (51273.73 ticks, tree = 14.99 MB, solutions = 1)
  19734 13664     5958.4677    87     5964.0000     5932.3333   505957    0.53%  x(c10_4_c18_4) U  19734  19732     34
  20046 13814     5951.3333   192     5964.0000     5932.5000   513927    0.53%   x(c6_1_c16_1) D  20046  20045     33
  20375 13971     5954.1410   192     5964.0000     5932.7647   522087    0.52%    x(c3_3_c7_3) U  20375  19891     38
  20687 14128     5951.5000    53     5964.0000     5933.0000   529777    0.52%      x(Op_c6_2) U  20687  14899     25
  21026 14277     5934.3889    98     5964.0000     5933.1667   537425    0.52%  x(c11_2_c18_2) D  21026  21025     18
  21350 14423     5954.0281   145     5964.0000     5933.3570   545408    0.51%  x(c18_2_c11_2) U  21350  14629     38
  21675 14577        cutoff           5964.0000     5933.5180   553646    0.51%    x(c3_3_c7_3) U  21675  21491     37
  21996 14720     5961.3333   128     5964.0000     5933.7500   561719    0.51%  x(c18_2_c11_2) U  21996  21994     14
  22301 14852     5954.0000    10     5964.0000     5934.0000   569939    0.50%   x(c7_3_c21_3) U  22301  22299     27
  22643 14996     5938.2794   179     5964.0000     5934.1000   577898    0.50%      x(c6_1_Om) D  22643  15017     17
Elapsed time = 45.27 sec. (60834.05 ticks, tree = 16.72 MB, solutions = 1)
  22975 15125     5958.5435   200     5964.0000     5934.3246   586120    0.50%   x(c19_4_c2_4) U  22975  20366     25
  23308 15287     5953.0000    74     5964.0000     5934.5000   593613    0.49%  x(c10_4_c20_4) U  23308  14724     18
  23637 15409     5940.0000    10     5964.0000     5934.7500   601772    0.49%   x(c21_3_c7_3) U  23637  20667     26
  23997 15558     5934.9583   112     5964.0000     5934.9583   609617    0.49%  x(c21_3_c11_3) D  23997  19143     14
  24303 15673     5958.2492   162     5964.0000     5935.0833   617195    0.48%   x(c21_3_c5_3) N  24303  24301     28
  24655 15820     5943.6100   129     5964.0000     5935.3333   625206    0.48%  x(c11_3_c18_3) D  24655  18543     22
  25011 15973     5936.9625   189     5964.0000     5935.5000   632980    0.48%   x(c3_3_c17_3) D  25011   9618     12
  25347 16104     5959.7619   137     5964.0000     5935.6667   640727    0.48%   x(c16_1_c7_1) D  25347  25345     33
  25675 16204        cutoff           5964.0000     5935.8682   648388    0.47%   x(c16_1_c6_1) U  25675  19083     69
  26000 16346     5936.1429   152     5964.0000     5936.0000   655976    0.47%   x(c3_1_c17_1) D  26000  21182     15
Elapsed time = 51.39 sec. (70396.80 ticks, tree = 18.52 MB, solutions = 1)
  26344 16502     5937.6429   125     5964.0000     5936.2143   663716    0.47%    x(c8_4_c3_4) D  26344   9762     14
  26707 16650     5936.3750   162     5964.0000     5936.3571   670952    0.46%   x(c3_1_c17_1) D  26707  17819     14
  27034 16767     5950.2500   154     5964.0000     5936.5000   678511    0.46%   x(c16_1_c6_1) D  27034   7679     16
  27352 16876     5939.3594   133     5964.0000     5936.7000   686566    0.46%   x(c8_2_c24_2) D  27352  22873     27
  27670 16976        cutoff           5964.0000     5936.8750   694221    0.45%   x(c21_4_c3_4) U  27670  24701     22
  27985 17065        cutoff           5964.0000     5937.0000   701741    0.45%   x(c5_3_c23_3) N  27985  27982     15
  28304 17212        cutoff           5964.0000     5937.2000   709315    0.45%  x(c10_2_c24_2) U  28304  22977     15
  28630 17334     5959.5100   208     5964.0000     5937.3747   716567    0.45%      x(c6_1_Om) D  28630   9057     23
  28944 17443        cutoff           5964.0000     5937.5000   723613    0.44%  x(c18_3_c11_3) U  28944  16987     29
  29249 17557        cutoff           5964.0000     5937.6667   731007    0.44%   x(c8_2_c18_2) U  29249  29247     35
Elapsed time = 57.29 sec. (79948.42 ticks, tree = 20.50 MB, solutions = 1)
  29544 17645     5957.7708    81     5964.0000     5937.8000   738172    0.44%  x(c10_4_c22_4) U  29544  25566     25
  29849 17726     5941.0000    79     5964.0000     5937.9762   745512    0.44%  x(c10_4_c24_4) D  29849  20547     38
  30176 17821     5939.2500    16     5964.0000     5938.0303   751911    0.44%   x(c11_4_c8_4) D  30176  26878     33
  30478 17941        cutoff           5964.0000     5938.1765   759510    0.43%   x(c12_1_c7_1) U  30478  30476     80
  30800 18036        cutoff           5964.0000     5938.3333   766551    0.43%      x(c6_1_Om) U  30800  18157     22
  31123 18149     5938.8182    62     5964.0000     5938.5000   773708    0.43%  x(c10_4_c19_4) D  31123  28352     33
  31448 18259        cutoff           5964.0000     5938.6000   780926    0.43%   x(c19_4_c2_4) U  31448  20898     19
  31771 18378        cutoff           5964.0000     5938.7500   787787    0.42%   x(c24_2_c5_2) U  31771  31768     21
  32099 18490        cutoff           5964.0000     5938.9167   794584    0.42%   x(c15_3_c2_3) U  32099   9603     45
  33328 18896        cutoff           5964.0000     5939.4167   822140    0.41%   x(c21_3_c5_3) U  33328  33326     30
Elapsed time = 64.67 sec. (92370.46 ticks, tree = 22.06 MB, solutions = 1)
  34536 19273        cutoff           5964.0000     5939.9250   849273    0.40%  x(c16_1_c11_1) U  34536  10502     19
  35788 19614     5945.3873   147     5964.0000     5940.3897   875654    0.40%   x(c19_4_c2_4) D  35788  11547     21
  37011 19950     5943.6905   172     5964.0000     5940.8402   902217    0.39%   x(c24_2_c6_2) U  37011  32831     36
  38271 20315        cutoff           5964.0000     5941.3333   928179    0.38%  x(c11_4_c21_4) U  38271  17768     24
  39533 20703     5942.9464    65     5964.0000     5941.7632   953391    0.37%   x(c10_2_c8_2) D  39533  38225     39
  40782 20942     5942.1944   151     5964.0000     5942.1973   978539    0.37%   x(c21_4_c3_4) D  40782  38655     25
  42044 21340     5943.0833   141     5964.0000     5942.5833  1003401    0.36%  x(c21_3_c11_3) D  42044   6059     17
  43278 21620     5951.5897   107     5964.0000     5943.0000  1027912    0.35%   x(c24_5_c7_5) N  43278  43277     40
  44477 21786     5943.8176   115     5964.0000     5943.3889  1052591    0.35%  x(c17_3_c10_3) U  44477  42867     50
  45715 22050     5953.1667   147     5964.0000     5943.7500  1077053    0.34%   x(c16_1_c6_1) U  45715  32642     21
Elapsed time = 86.81 sec. (130527.67 ticks, tree = 25.85 MB, solutions = 1)
  46898 22298     5945.1000    96     5964.0000     5944.0714  1100791    0.33%   x(c10_3_c2_3) D  46898  42088     37
  48133 22549     5950.2544   136     5964.0000     5944.5000  1124675    0.33%   x(c24_2_c6_2) D  48133  33128     30
  49351 22754     5956.9000    98     5964.0000     5944.8333  1148031    0.32%    x(c6_3_c7_3) U  49351  16123     26
  50549 22928     5958.4231   140     5964.0000     5945.1923  1170607    0.32%    x(c8_2_c5_2) U  50549  50548     24
  51777 23110        cutoff           5964.0000     5945.5208  1192761    0.31%      x(Op_c6_1) U  51777   9666     39
  52911 23241     5958.8375   153     5964.0000     5945.8605  1214961    0.30%  x(c17_3_c10_3) D  52911  39728     19
  54088 23407        cutoff           5964.0000     5946.1429  1237030    0.30%  x(c12_1_c16_1) D  54088  15316     14
  55285 23545        cutoff           5964.0000     5946.5000  1258826    0.29%   x(c7_3_c21_3) U  55285  11934     23
  56449 23699        cutoff           5964.0000     5946.7750  1280354    0.29%      x(Op_c6_1) U  56449  56447     19
  57636 23791     5947.1882   173     5964.0000     5947.0833  1301506    0.28%  x(c10_4_c22_4) N  57636  55843     34
Elapsed time = 107.85 sec. (168687.69 ticks, tree = 28.13 MB, solutions = 1)
  58821 23892     5960.1587    88     5964.0000     5947.4558  1322705    0.28%   x(c6_5_c16_5) D  58821  45166     43
  60003 24016        cutoff           5964.0000     5947.7333  1342693    0.27%  x(c10_4_c20_4) U  60003  54269     26
  61147 24064        cutoff           5964.0000     5948.0000  1362927    0.27%  x(c11_4_c16_4) U  61147  34545     17
  62332 24165        cutoff           5964.0000     5948.3333  1383249    0.26%  x(c20_4_c13_4) U  62332  51344     41
  63466 24234        cutoff           5964.0000     5948.6319  1403210    0.26%   x(c16_5_c6_5) U  63466   9371     59
  64632 24278        cutoff           5964.0000     5948.9444  1422755    0.25%  x(c10_4_c20_4) U  64632  63333     29
  65780 24299     5950.1000    78     5964.0000     5949.1739  1442009    0.25%    x(c7_3_c5_3) D  65780  37691     36
  66933 24326        cutoff           5964.0000     5949.5000  1461173    0.24%  x(c11_3_c18_3) D  66933  21885     24
  68068 24348     5950.3571   124     5964.0000     5949.7500  1480246    0.24%    x(c8_4_c6_4) N  68068  65781     52
  69212 24381     5959.5000   200     5964.0000     5950.0000  1499231    0.23%  x(c18_3_c11_3) D  69212  63676     14
Elapsed time = 128.06 sec. (206855.55 ticks, tree = 29.04 MB, solutions = 1)
  70362 24408     5956.5000    79     5964.0000     5950.3333  1517873    0.23%    x(c7_3_c4_3) D  70362  61733     35
  71515 24389     5954.0909   119     5964.0000     5950.5967  1536787    0.22%   x(c10_3_c2_3) D  71515  37105     53
  72702 24416        cutoff           5964.0000     5950.8994  1555455    0.22%      x(c6_1_Om) U  72702  45267     52
  73834 24333        cutoff           5964.0000     5951.1250  1573266    0.22%   x(c21_4_c3_4) U  73834  53515     21
  74931 24284        cutoff           5964.0000     5951.4000  1591806    0.21%   x(c11_4_c8_4) D  74931  74929     35
  76087 24219        cutoff           5964.0000     5951.6513  1609698    0.21%   x(c11_4_c8_4) U  76087  18669     45
  77270 24189        cutoff           5964.0000     5952.0000  1627106    0.20%   x(c7_3_c10_3) U  77270  60526     23
  78364 24124     5960.4306   111     5964.0000     5952.1833  1643772    0.20%   x(c24_2_c6_2) N  78364  71424     56
  79507 24023        cutoff           5964.0000     5952.4737  1660484    0.19%   x(c10_4_c2_4) U  79507  32974     50
  80650 23889     5955.3333    51     5964.0000     5952.6923  1677064    0.19%  x(c10_4_c18_4) D  80650  57391     45
Elapsed time = 147.36 sec. (245041.55 ticks, tree = 28.87 MB, solutions = 1)
  81777 23832     5962.9000    86     5964.0000     5952.9907  1693820    0.18%   x(c6_1_c16_1) U  81777  19451     38
  82872 23713     5958.4087   146     5964.0000     5953.1648  1709931    0.18%    x(c6_2_c5_2) D  82872  10794     37
  84027 23601     5955.9075   132     5964.0000     5953.4000  1726178    0.18%   x(c12_3_c7_3) D  84027  73250     38
  85190 23390        cutoff           5964.0000     5953.6429  1741579    0.17%    x(c7_1_c8_1) U  85190  17483     41
  86341 23233     5954.4667    49     5964.0000     5953.8889  1757056    0.17%    x(c7_3_c3_3) D  86341  78231     26
  87474 23023     5956.0000    91     5964.0000     5954.0852  1771829    0.17%  x(c19_5_c17_5) N  87474  83993     39
  88616 22844        cutoff           5964.0000     5954.3333  1786686    0.16%   x(c24_2_c6_2) D  88616  78023     30
  89736 22593        cutoff           5964.0000     5954.5135  1801312    0.16%   x(c21_3_c5_3) U  89736  75654     56
  90875 22388     5961.2895   159     5964.0000     5954.7727  1816431    0.15%   x(c7_3_c21_3) N  90875  64613     17
  91977 22102     5959.0000    57     5964.0000     5955.0000  1830863    0.15%    x(c7_3_c3_3) N  91977  79678     28
Elapsed time = 165.92 sec. (283207.16 ticks, tree = 27.01 MB, solutions = 1)
  93098 21796     5955.5833    89     5964.0000     5955.2361  1844574    0.15%  x(c19_4_c20_4) D  93098  67359     37
  94279 21483     5960.6429   160     5964.0000     5955.5000  1859752    0.14%   x(c12_3_c7_3) N  94279  90111     28
  95458 21092     5962.0395   140     5964.0000     5955.7214  1874466    0.14%  x(c24_4_c21_4) D  95458  78217     45
  96691 20699        cutoff           5964.0000     5956.0000  1888846    0.13%  x(c10_4_c18_4) U  96691  22826     27
  97874 20222        cutoff           5964.0000     5956.1930  1903192    0.13%  x(c19_4_c10_4) U  97874   8984     46
  99039 19804        cutoff           5964.0000     5956.4583  1917444    0.13%  x(c10_4_c14_4) U  99039  59954     21
 100225 19415        cutoff           5964.0000     5956.6667  1930520    0.12%   x(c16_1_c7_1) U 100225  87922     32
 101455 19000        cutoff           5964.0000     5956.9583  1943332    0.12%  x(c21_3_c24_3) U 101455  92864     42
 102666 18500     5960.0000    79     5964.0000     5957.1667  1955920    0.11%   x(c3_1_c17_1) N 102666  68371     35
 103879 18006     5957.5485   130     5964.0000     5957.4333  1968169    0.11%   x(c21_3_c5_3) N 103879 101149     38
Elapsed time = 183.51 sec. (321376.47 ticks, tree = 22.43 MB, solutions = 1)
 105094 17452     5958.5000   139     5964.0000     5957.6667  1980304    0.11%  x(c10_4_c14_4) N 105094  88819     20
 106297 16922     5960.6939   150     5964.0000     5957.9545  1992023    0.10%   x(c16_1_c6_1) D 106297  99872     21
 107523 16283        cutoff           5964.0000     5958.1667  2002999    0.10%    x(c6_1_c8_1) U 107523  84978     37
 108768 15646     5958.4861   128     5964.0000     5958.4559  2014440    0.09%      x(Op_c6_4) N 108768  74885     44
 109953 14985        cutoff           5964.0000     5958.6667  2025146    0.09%   x(c21_3_c5_3) U 109953 109952     38
 111179 14333        cutoff           5964.0000     5958.9759  2035511    0.08%      x(c6_1_Om) D 111179  24526     20
 112395 13585     5960.5000     8     5964.0000     5959.1667  2045343    0.08%   x(c3_3_c24_3) N 112395  86970     42
 113685 12816     5962.2857   100     5964.0000     5959.4575  2054683    0.08%  x(c22_2_c10_2) N 113685 109342     32
 114920 11959        cutoff           5964.0000     5959.7000  2063883    0.07%  x(c21_3_c11_3) U 114920 107108     42
 116114 11178        cutoff           5964.0000     5960.0000  2072801    0.07%    x(c6_3_c7_3) U 116114  68253     28
Elapsed time = 199.82 sec. (359555.74 ticks, tree = 14.47 MB, solutions = 1)
 117342 10320     5960.3209   148     5964.0000     5960.2037  2081274    0.06%   x(c11_2_c5_2) N 117342 103359     31
 118600  9406     5961.5000    48     5964.0000     5960.5000  2089280    0.06%      x(c6_2_Om) N 118600  73676     44
 119863  8479        cutoff           5964.0000     5960.7500  2096723    0.05%  x(c10_4_c18_4) U 119863 116335     30
 121139  7493     5961.0000    50     5964.0000     5961.0000  2103984    0.05%   x(c11_5_c7_5) N 121139 121138     31
 122436  6466     5961.5000    34     5964.0000     5961.3333  2110330    0.04%      x(Op_c6_2) N 122436  45586     49
 123734  5351     5962.1111    53     5964.0000     5961.6429  2116465    0.04%    x(c3_1_c8_1) N 123734 121769     27
 125056  4176        cutoff           5964.0000     5962.0000  2122100    0.03%   x(c16_5_c7_5) U 125056  83656     37
 126396  2949        cutoff           5964.0000     5962.2746  2127209    0.03%   x(c21_3_c7_3) D 126396 116393     43
 127743  1688        cutoff           5964.0000     5962.6154  2131712    0.02%   x(c16_1_c6_1) U 127743  34154     23
 129117   367        cutoff           5964.0000     5963.0000  2135466    0.02%  x(c12_4_c24_4) U 129117  60019     39
Elapsed time = 214.07 sec. (397712.95 ticks, tree = 1.75 MB, solutions = 1)

Cover cuts applied:  2
Zero-half cuts applied:  16
Gomory fractional cuts applied:  6
User cuts applied:  2757

Root node processing (before b&c):
  Real time             =    0.23 sec. (359.16 ticks)
Sequential b&c:
  Real time             =  214.16 sec. (399239.07 ticks)
                          ------------
Total (root+branch&cut) =  214.39 sec. (399598.23 ticks)

