Version identifier: 22.1.0.0 | 2022-03-09 | 1a383f8ce
CPXPARAM_Preprocessing_Reduce                    0
CPXPARAM_Threads                                 1
CPXPARAM_Preprocessing_Reformulations            0
CPXPARAM_Emphasis_MIP                            2
CPXPARAM_TimeLimit                               7200
CPXPARAM_MIP_Tolerances_AbsMIPGap                0.98999999999999999
CPXPARAM_MIP_Limits_TreeMemory                   20000
Legacy callback                                  BbLUID
         Disabling repeat represolve because of lazy constraint/incumbent callback.
1 of 1 MIP starts provided solutions.
MIP start 'm1' defined initial solution with objective 5409.0000.
Tried aggregator 0 times.
Reduced MIP has 170 rows, 1362 columns, and 5288 nonzeros.
Reduced MIP has 1362 binaries, 0 generals, 0 SOSs, and 0 indicators.
Presolve time = 0.00 sec. (0.28 ticks)
Probing time = 0.00 sec. (2.25 ticks)
Clique table members: 85.
MIP emphasis: optimality.
MIP search method: traditional branch-and-cut.
Parallel mode: none, using 1 thread.
Root relaxation solution time = 0.00 sec. (1.42 ticks)

        Nodes                                         Cuts/
   Node  Left     Objective  IInf  Best Integer    Best Bound    ItCnt     Gap         Variable B NodeID Parent  Depth

*     0+    0                         5409.0000        0.0000           100.00%
      0     0     5265.0000    12     5409.0000     4538.0000      180   16.10%
      0     0     5340.0000    60     5409.0000      Cuts: 13      198    1.28%
      0     0     5399.5000    14     5409.0000      Cuts: 29      221    0.18%
      0     0     5399.5000    90     5409.0000       Cuts: 4      230    0.18%
      0     0     5399.5000    32     5409.0000       Cuts: 9      233    0.18%
      0     0     5399.5000   138     5409.0000   ZeroHalf: 4      238    0.18%
      0     1     5399.5000    18     5409.0000     5400.0000      240    0.17%                        0             0
Elapsed time = 0.07 sec. (104.71 ticks, tree = 0.01 MB, solutions = 1)
*     1     0      integral     0     5400.0000     5400.0000      242    0.00%

Zero-half cuts applied:  10
Gomory fractional cuts applied:  6
User cuts applied:  66

Root node processing (before b&c):
  Real time             =    0.07 sec. (103.75 ticks)
Sequential b&c:
  Real time             =    0.00 sec. (1.44 ticks)
                          ------------
Total (root+branch&cut) =    0.07 sec. (105.19 ticks)

