Version identifier: 22.1.0.0 | 2022-03-09 | 1a383f8ce
CPXPARAM_Preprocessing_Reduce                    0
CPXPARAM_Threads                                 1
CPXPARAM_Preprocessing_Reformulations            0
CPXPARAM_Emphasis_MIP                            2
CPXPARAM_TimeLimit                               7200
CPXPARAM_MIP_Tolerances_AbsMIPGap                0.98999999999999999
CPXPARAM_MIP_Limits_TreeMemory                   20000
Legacy callback                                  BbLUID
         Disabling repeat represolve because of lazy constraint/incumbent callback.
1 of 1 MIP starts provided solutions.
MIP start 'm1' defined initial solution with objective 5006.0000.
Tried aggregator 0 times.
Reduced MIP has 128 rows, 756 columns, and 2906 nonzeros.
Reduced MIP has 756 binaries, 0 generals, 0 SOSs, and 0 indicators.
Presolve time = 0.00 sec. (0.16 ticks)
Probing time = 0.00 sec. (0.96 ticks)
Clique table members: 64.
MIP emphasis: optimality.
MIP search method: traditional branch-and-cut.
Parallel mode: none, using 1 thread.
Root relaxation solution time = 0.00 sec. (0.74 ticks)

        Nodes                                         Cuts/
   Node  Left     Objective  IInf  Best Integer    Best Bound    ItCnt     Gap         Variable B NodeID Parent  Depth

*     0+    0                         5006.0000        0.0000           100.00%
      0     0     4855.5000    28     5006.0000     4085.0000      107   18.40%
      0     0     4997.0000    26     5006.0000      Cuts: 12      115    0.18%
      0     0     4997.0000    20     5006.0000       Cuts: 8      122    0.18%
      0     0     4997.0000    98     5006.0000   ZeroHalf: 1      123    0.18%
      0     0     4997.0000    98     5006.0000      Cuts: 12      125    0.18%
      0     0     4997.0000    25     5006.0000       User: 1      130    0.18%
      0     0     4997.0000    76     5006.0000       Cuts: 6      138    0.18%
      0     0     4997.0000    78     5006.0000       User: 3      140    0.18%
      0     0     4997.0000    20     5006.0000       User: 2      140    0.18%
      0     0     4997.0000    26     5006.0000       User: 2      141    0.18%
      0     0     4997.0000    46     5006.0000       User: 1      142    0.18%
      0     0     4997.0000    20     5006.0000       User: 1      142    0.18%
      0     2     4997.0000    20     5006.0000     4997.0000      142    0.18%                        0             0
Elapsed time = 0.13 sec. (74.78 ticks, tree = 0.01 MB, solutions = 1)

Zero-half cuts applied:  6
Gomory fractional cuts applied:  3
User cuts applied:  82

Root node processing (before b&c):
  Real time             =    0.13 sec. (74.79 ticks)
Sequential b&c:
  Real time             =    0.07 sec. (25.72 ticks)
                          ------------
Total (root+branch&cut) =    0.20 sec. (100.51 ticks)

