Version identifier: 22.1.0.0 | 2022-03-09 | 1a383f8ce
CPXPARAM_Preprocessing_Reduce                    0
CPXPARAM_Threads                                 1
CPXPARAM_Preprocessing_Reformulations            0
CPXPARAM_Emphasis_MIP                            2
CPXPARAM_TimeLimit                               7200
CPXPARAM_MIP_Tolerances_AbsMIPGap                0.98999999999999999
CPXPARAM_MIP_Limits_TreeMemory                   20000
Legacy callback                                  BbLUID
         Disabling repeat represolve because of lazy constraint/incumbent callback.
1 of 1 MIP starts provided solutions.
MIP start 'm1' defined initial solution with objective 26451.0000.
Tried aggregator 0 times.
Reduced MIP has 1872 rows, 1727 columns, and 10011 nonzeros.
Reduced MIP has 1656 binaries, 0 generals, 0 SOSs, and 0 indicators.
Presolve time = 0.00 sec. (0.54 ticks)
Probing time = 0.00 sec. (2.59 ticks)
Clique table members: 834.
MIP emphasis: optimality.
MIP search method: traditional branch-and-cut.
Parallel mode: none, using 1 thread.
Root relaxation solution time = 0.00 sec. (3.06 ticks)

        Nodes                                         Cuts/
   Node  Left     Objective  IInf  Best Integer    Best Bound    ItCnt     Gap         Variable B NodeID Parent  Depth

*     0+    0                        26451.0000        0.0000           100.00%
      0     0    20722.6297   143    26451.0000    20722.6297      223   21.66%
      0     0    24827.1624   138    26451.0000      Cuts: 39      348    6.14%
      0     0    25397.0590   143    26451.0000      Cuts: 19      414    3.98%
      0     0    25663.0000   144    26451.0000      Cuts: 13      465    2.98%
      0     0    25767.0000   144    26451.0000       Cuts: 3      502    2.59%
      0     2    25767.0000   144    26451.0000    25767.0000      502    2.59%                        0             0
Elapsed time = 0.20 sec. (464.21 ticks, tree = 0.01 MB, solutions = 1)
      4     6    25769.1766   109    26451.0000    25767.0000      739    2.59%   x(c5_2_c25_2) N      4      3      4
     25    26    25776.6928    98    26451.0000    25767.0000     1099    2.59%   x(c13_2_c3_2) D     25     24     24
     46    41    25787.6987   116    26451.0000    25767.0000     1281    2.59%     x(Op_c44_1) D     46     45     45
     61    50    25804.5436    94    26451.0000    25767.0000     1450    2.59%  x(c37_1_c43_1) D     61     60     60
     80    60    25767.8775    81    26451.0000    25767.0000     1647    2.59%   x(c8_1_c25_1) D     80     79      8
    124    99    25770.1432   122    26451.0000    25767.0000     1858    2.59%  x(c17_1_c26_1) D    124    123     52
    154   126    25773.8303    75    26451.0000    25767.0000     2133    2.59%     x(c42_1_Om) N    154    153     82
    180   145    25778.2632   104    26451.0000    25767.0000     2493    2.59%  x(c17_1_c43_1) N    180    179    108
    208   165    25781.4973   105    26451.0000    25767.0000     2607    2.59%   x(c20_1_c3_1) D    208    207    136
    313   246    25789.7227    97    26451.0000    25789.7989     7039    2.50%    x(c9_2_c3_2) D    313    312      8
Elapsed time = 1.72 sec. (3758.68 ticks, tree = 0.48 MB, solutions = 1)
    441   347    25805.2623    75    26451.0000    25804.7123    10487    2.44%  x(c25_2_c40_2) D    441    440      9
    687   578    26382.7264    79    26451.0000    25820.9487    16687    2.38%  x(c14_2_c40_2) N    687    502     16
    833   708    25836.5336    58    26451.0000    25836.0000    23754    2.33%    x(c3_3_c9_3) D    833    832     22
    959   818    25930.5000    12    26451.0000    25837.0824    26032    2.32%   x(c13_3_c8_3) U    959    827     17
   1000   858    25939.3580    93    26451.0000    25844.0000    29224    2.29%  x(c25_1_c18_1) U   1000    636     25
   1142   981        cutoff          26451.0000    25855.0611    37241    2.25%   x(c14_2_c7_2) U   1142   1011     25
   1356  1152    25878.4821    99    26451.0000    25873.1992    46491    2.18%  x(c20_2_c13_2) D   1356   1355     78
   1600  1367    25886.0731   104    26451.0000    25883.1487    54178    2.15%  x(c18_1_c17_1) D   1600   1599     54
   1835  1542    26088.0179    78    26451.0000    25897.2332    65412    2.09%  x(c17_1_c18_1) U   1835    749     53
   2118  1801    26118.6463    76    26451.0000    25906.2638    75224    2.06%   x(c8_3_c13_3) U   2118   1924     58
Elapsed time = 6.63 sec. (13830.10 ticks, tree = 2.57 MB, solutions = 1)
   2343  1982    25914.5754   116    26451.0000    25912.3196    85823    2.04%    x(c6_2_c9_2) D   2343   2342     40
   2645  2228    25918.8171   120    26451.0000    25918.8215    94850    2.01%    x(c9_2_c6_2) D   2645   2644     34
   2963  2523        cutoff          26451.0000    25922.0000   103423    2.00%   x(c40_2_c3_2) U   2963    773     31
   3084  2607    26030.0343   126    26451.0000    25924.5786   115163    1.99%  x(c46_3_c39_3) U   3084   3082     87
   3306  2770    26334.4428   129    26451.0000    25927.8010   125169    1.98%  x(c14_2_c40_2) U   3306   2580     50
   3589  3022    25936.8553   104    26451.0000    25932.4771   135162    1.96%     x(Op_c27_1) D   3589   3588    147
   3810  3205    26202.7892   117    26451.0000    25937.0891   145827    1.94%  x(c25_1_c26_1) U   3810   3570    129
   4000  3358    25940.2356   110    26451.0000    25940.0733   154579    1.93%  x(c20_2_c42_2) D   4000   3999     81
   4322  3639    25953.0931   105    26451.0000    25943.8592   164914    1.92%   x(c26_1_c3_1) U   4322   4321     46
   4551  3819    26000.7176    78    26451.0000    25948.0000   175403    1.90%   x(c3_2_c29_2) U   4551    280      7
Elapsed time = 11.83 sec. (23928.47 ticks, tree = 5.02 MB, solutions = 1)
   4796  3997        cutoff          26451.0000    25950.5916   185355    1.89%     x(c11_2_Om) U   4796   3997     79
   4991  4132    26000.7826   111    26451.0000    25955.2948   196247    1.87%    x(c3_2_c9_2) N   4991   1960     11
   5201  4296    26331.5112    52    26451.0000    25958.0000   207472    1.86%  x(c29_2_c30_2) U   5201   4417     39
   5423  4460    25965.1489   113    26451.0000    25962.3331   218317    1.85%  x(c35_2_c14_2) D   5423   5422     37
*  5647  1487      integral     0    26038.0000    25965.8333   226033    0.28%
   5723  1463        cutoff          26038.0000    25967.9511   227877    0.27%  x(c46_2_c42_2) U   5723   5357     22
   6131  1333        cutoff          26038.0000    25976.5000   235327    0.24%  x(c22_2_c14_2) U   6131   4250     18
   6583  1215        cutoff          26038.0000    25987.0000   242556    0.20%   x(c3_3_c23_3) U   6583   6581     17
*  6826   873      integral     0    26026.0000    25992.1523   245781    0.13%
   7075   791    26008.8139    61    26026.0000    25996.9311   248472    0.11%   x(c23_3_c3_3) N   7075   6848     18
   7598   524        cutoff          26026.0000    26009.6586   254006    0.06%   x(c3_3_c23_3) D   7598   7035     47
   8173    79        cutoff          26026.0000    26022.5308   258466    0.01%   x(c3_3_c13_3) U   8173   6982     23
Elapsed time = 16.59 sec. (33488.99 ticks, tree = 0.40 MB, solutions = 3)

Clique cuts applied:  17
Cover cuts applied:  90
Flow cuts applied:  1
Mixed integer rounding cuts applied:  12
Gomory fractional cuts applied:  7
User cuts applied:  306

Root node processing (before b&c):
  Real time             =    0.20 sec. (464.37 ticks)
Sequential b&c:
  Real time             =   16.40 sec. (33117.66 ticks)
                          ------------
Total (root+branch&cut) =   16.61 sec. (33582.03 ticks)

