Version identifier: 22.1.0.0 | 2022-03-09 | 1a383f8ce
CPXPARAM_Preprocessing_Reduce                    0
CPXPARAM_Threads                                 1
CPXPARAM_Preprocessing_Reformulations            0
CPXPARAM_Emphasis_MIP                            2
CPXPARAM_TimeLimit                               7200
CPXPARAM_MIP_Tolerances_AbsMIPGap                0.98999999999999999
CPXPARAM_MIP_Limits_TreeMemory                   20000
Legacy callback                                  BbLUID
         Disabling repeat represolve because of lazy constraint/incumbent callback.
1 of 1 MIP starts provided solutions.
MIP start 'm1' defined initial solution with objective 4918.0000.
Tried aggregator 0 times.
Reduced MIP has 6012 rows, 5651 columns, and 33465 nonzeros.
Reduced MIP has 5522 binaries, 0 generals, 0 SOSs, and 0 indicators.
Presolve time = 0.00 sec. (1.78 ticks)
Probing time = 0.00 sec. (3.77 ticks)
Clique table members: 1965.
MIP emphasis: optimality.
MIP search method: traditional branch-and-cut.
Parallel mode: none, using 1 thread.
Root relaxation solution time = 0.01 sec. (16.22 ticks)

        Nodes                                         Cuts/
   Node  Left     Objective  IInf  Best Integer    Best Bound    ItCnt     Gap         Variable B NodeID Parent  Depth

*     0+    0                         4918.0000        0.0000           100.00%
      0     0     4499.3197   160     4918.0000     4499.3197      523    8.51%
      0     0     4796.0517   103     4918.0000      Cuts: 36      698    2.48%
      0     0     4820.5238   117     4918.0000      Cuts: 12      803    1.98%
      0     0     4833.4167   145     4918.0000       User: 6      849    1.72%
      0     0     4840.0023   161     4918.0000       Cuts: 8      894    1.59%
      0     0     4841.7500   126     4918.0000       Cuts: 7      933    1.55%
      0     0     4845.1250   149     4918.0000       Cuts: 7      964    1.48%
      0     0     4846.1250   137     4918.0000       Cuts: 8      985    1.46%
      0     0     4846.1250   137     4918.0000   ZeroHalf: 1      987    1.46%
      0     0     4846.2500    89     4918.0000   ZeroHalf: 3      996    1.46%
      0     0     4847.0833   119     4918.0000   ZeroHalf: 3     1017    1.44%
      0     0     4847.0833   122     4918.0000   ZeroHalf: 1     1029    1.44%
      0     2     4847.0833    88     4918.0000     4852.3333     1029    1.34%                        0             0
Elapsed time = 1.44 sec. (3446.00 ticks, tree = 0.01 MB, solutions = 1)
      2     4     4857.8333   101     4918.0000     4853.8333     1201    1.30%   x(c32_2_c8_2) D      2      1      2
      4     6     4860.4231   108     4918.0000     4853.8333     1316    1.30%   x(c8_1_c24_1) N      4      2      3
      8    10     4879.8539   115     4918.0000     4853.8333     1430    1.30%  x(c30_1_c25_1) D      8      6      5
     14    16     4897.1265    95     4918.0000     4853.8333     2023    1.30%   x(c43_3_c2_3) U     14     12      9
     18    18     4894.2102   134     4918.0000     4853.8333     2104    1.30%   x(c3_1_c42_1) N     18     17     13
     22    20     4894.5171   121     4918.0000     4853.8333     2145    1.30%  x(c26_1_c48_1) N     22     21     17
     28    24     4878.1686   132     4918.0000     4860.1000     2485    1.18%   x(c8_1_c32_1) U     28     26      3
     36    31     4893.1730   117     4918.0000     4860.1000     2733    1.18%   x(c33_2_c8_2) N     36     35     10
     49    37     4894.0305   112     4918.0000     4860.1000     2855    1.18%     x(c11_1_Om) N     49     48     22
     94    73     4888.0255   121     4918.0000     4872.7291     5153    0.92%     x(Op_c48_3) U     94     92      6
Elapsed time = 3.44 sec. (7521.00 ticks, tree = 0.69 MB, solutions = 1)
    143   119     4896.5496   172     4918.0000     4882.0000     7280    0.73%  x(c26_1_c48_1) N    143    141     11
    217   184     4885.1800   120     4918.0000     4885.0205    10056    0.67%  x(c26_2_c10_2) D    217    216     17
    304   243     4887.8118    80     4918.0000     4886.1201    12393    0.65%  x(c26_2_c38_2) U    304    293     39
    385   295    infeasible           4918.0000     4887.0833    15632    0.63%  x(c13_1_c32_1) U    385    102     12
    490   361        cutoff           4918.0000     4887.4847    18049    0.62%  x(c16_1_c46_1) U    490    311     15
    610   442     4891.5020   121     4918.0000     4888.0000    21286    0.61%      x(c2_1_Om) U    610    608     11
    694   489     4913.1213   125     4918.0000     4888.2904    24632    0.60%  x(c16_1_c24_1) N    694    461     16
    780   524     4899.0795   120     4918.0000     4889.0931    29724    0.59%  x(c26_1_c48_1) D    780    623     18
    879   553     4895.6276   119     4918.0000     4890.5949    34948    0.56%   x(c5_1_c25_1) D    879    878     18
    968   596     4913.0021    98     4918.0000     4891.2705    37879    0.54%     x(c43_2_Om) U    968    916     27
Elapsed time = 8.47 sec. (17208.55 ticks, tree = 2.49 MB, solutions = 1)
   1063   666     4891.4262   132     4918.0000     4891.4263    41698    0.54%   x(c5_1_c31_1) N   1063    907     23
   1190   713     4892.0501   106     4918.0000     4892.0000    45568    0.53%   x(c44_1_c3_1) D   1190   1189     17
   1320   819     4893.3523   104     4918.0000     4892.1867    48952    0.52%    x(c4_1_c7_1) N   1320   1295     25
   1478   905     4892.7741    97     4918.0000     4892.4117    52779    0.52%    x(c7_1_c9_1) D   1478   1477     37
   1600   976     4892.7749   117     4918.0000     4892.6113    57270    0.52%  x(c25_1_c30_1) N   1600   1599     35
   1720  1027     4901.0149   102     4918.0000     4893.0075    61657    0.51%   x(c33_1_c8_1) N   1720    833      9
   1875  1132     4893.6496    92     4918.0000     4893.2745    66295    0.50%     x(c11_1_Om) U   1875   1874     31
   2067  1211     4907.5839   150     4918.0000     4893.5000    70106    0.50%  x(c33_1_c25_1) N   2067   2065     15
   2264  1266        cutoff           4918.0000     4893.9590    74586    0.49%  x(c36_1_c19_1) U   2264   2214     35
   2437  1407     4894.0285   114     4918.0000     4894.0000    78994    0.49%  x(c33_2_c10_2) D   2437   2436     26
Elapsed time = 13.49 sec. (26830.45 ticks, tree = 4.96 MB, solutions = 1)
   2652  1572     4894.2335    96     4918.0000     4894.0000    82621    0.49%   x(c11_1_c7_1) N   2652   2651     26
   2834  1701     4894.2089   137     4918.0000     4894.0272    85979    0.49%  x(c31_2_c10_2) N   2834   2833     26
   3003  1806        cutoff           4918.0000     4894.1500    90684    0.48%   x(c4_1_c31_1) U   3003    922     23
   3207  1915     4894.4805   134     4918.0000     4894.2446    94053    0.48%   x(c11_2_c9_2) D   3207   3206     53
   3398  2027     4894.3440   119     4918.0000     4894.2748    97979    0.48%    x(c2_1_c9_1) D   3398   3397     45
   3555  2138     4900.3637   108     4918.0000     4894.3186   102201    0.48%  x(c45_3_c22_3) N   3555   3260     36
   3681  2166     4895.5619   103     4918.0000     4894.4326   107244    0.48%  x(c45_2_c22_2) U   3681   3680     45
   3848  2209     4900.2122   137     4918.0000     4894.5290   112670    0.48%     x(Op_c38_3) U   3848   3846     18
   3968  2221     4912.4479   127     4918.0000     4894.7907   118023    0.47%  x(c43_2_c12_2) U   3968   3428     42
   4117  2292     4895.2191   131     4918.0000     4895.0000   122708    0.47%  x(c17_2_c19_2) D   4117   4116     31
Elapsed time = 18.71 sec. (36500.99 ticks, tree = 7.71 MB, solutions = 1)
   4261  2428     4895.1522   158     4918.0000     4895.0000   127910    0.47%  x(c16_1_c17_1) N   4261   4260     24
   4406  2565     4908.6703    76     4918.0000     4895.0060   133713    0.47%  x(c25_1_c30_1) U   4406   3382     32
   4566  2653     4909.9000    75     4918.0000     4895.1366   138903    0.46%  x(c11_2_c38_2) N   4566    736     11
   4702  2713     4895.8800   106     4918.0000     4895.2312   144208    0.46%  x(c45_2_c22_2) U   4702   4701     30
   5043  2937     4895.3325   122     4918.0000     4895.2312   147784    0.46%  x(c43_2_c21_2) U   5043   5023     25
   5337  3155     4895.2762    79     4918.0000     4895.2326   151398    0.46%  x(c43_2_c10_2) U   5337   5336     36
   5517  3246     4907.2457   123     4918.0000     4895.2609   155958    0.46%  x(c26_2_c11_2) U   5517   4149     36
   5685  3341     4895.5090   100     4918.0000     4895.2964   160551    0.46%   x(c2_1_c38_1) N   5685   5684     33
   5840  3371     4902.1531   130     4918.0000     4895.3947   165543    0.46%  x(c20_2_c45_2) N   5840   4158     27
   5998  3438        cutoff           4918.0000     4895.5074   170583    0.46%   x(c32_2_c7_2) D   5998   5710     28
Elapsed time = 24.09 sec. (46139.82 ticks, tree = 11.25 MB, solutions = 1)
   6151  3514     4896.3837   143     4918.0000     4895.5872   175079    0.46%  x(c26_2_c21_2) U   6151   5615     32
   6284  3572     4902.2009   109     4918.0000     4895.6968   180401    0.45%  x(c11_2_c38_2) N   6284   4146     33
   6427  3566        cutoff           4918.0000     4895.8664   185436    0.45%   x(c3_1_c44_1) U   6427   6425     44
   6547  3603     4896.1595   144     4918.0000     4896.0000   190609    0.45%  x(c20_2_c45_2) U   6547   6546     20
   6710  3736     4901.7500    79     4918.0000     4896.0199   195752    0.45%  x(c11_2_c12_2) U   6710   6701     25
   6839  3820     4903.0149    97     4918.0000     4896.0913   200797    0.45%     x(c27_1_Om) N   6839   6751     18
   7003  3890     4896.2701   159     4918.0000     4896.2312   205729    0.44%     x(c11_2_Om) D   7003   7002     24
   7213  3987     4914.2500   100     4918.0000     4896.2500   210150    0.44%  x(c45_2_c20_2) N   7213   4552     24
   7410  4101        cutoff           4918.0000     4896.2917   214907    0.44%  x(c11_1_c32_1) U   7410   7408     30
   7600  4171     4896.6659    74     4918.0000     4896.3797   218846    0.44%   x(c3_1_c44_1) D   7600   7599     67
Elapsed time = 29.27 sec. (55719.77 ticks, tree = 13.57 MB, solutions = 1)
   7793  4274     4896.6659    74     4918.0000     4896.4654   222700    0.44%  x(c25_1_c31_1) D   7793   7792     49
   8005  4401     4896.5562   138     4918.0000     4896.5000   226776    0.44%  x(c16_1_c17_1) U   8005   8004     20
   8186  4522        cutoff           4918.0000     4896.5461   231369    0.44%   x(c25_1_c3_1) U   8186   7589     57
   8387  4617     4898.1301    90     4918.0000     4896.6146   235914    0.43%  x(c11_2_c12_2) N   8387   6532     23
   8577  4651        cutoff           4918.0000     4896.7265   240132    0.43%  x(c16_2_c46_2) U   8577   1819     27
   8731  4692     4915.5493    88     4918.0000     4896.8425   245326    0.43%  x(c26_1_c48_1) N   8731   6924     17
   8889  4704     4897.1335   104     4918.0000     4897.0000   249977    0.43%  x(c11_2_c12_2) D   8889   8888     29
   9000  4811     4897.1266   108     4918.0000     4897.0000   252878    0.43%  x(c12_2_c38_2) D   9000   8999     27
   9148  4945     4903.2456   111     4918.0000     4897.0000   257545    0.43%  x(c43_2_c10_2) D   9148   9146     24
   9323  5099     4897.2041    67     4918.0000     4897.0068   262071    0.43%  x(c45_3_c22_3) N   9323   9322     25
Elapsed time = 35.12 sec. (67245.11 ticks, tree = 16.38 MB, solutions = 1)
   9524  5234     4897.1318    93     4918.0000     4897.0495   266658    0.43%   x(c32_1_c7_1) D   9524   9523     27
   9721  5313     4899.0000    33     4918.0000     4897.0673   270967    0.43%  x(c26_2_c21_2) D   9721   9383     31
   9880  5441     4897.1487    63     4918.0000     4897.0845   275978    0.43%     x(c39_1_Om) D   9880   9879     33
  10000  5492     4897.1851   135     4918.0000     4897.1217   281198    0.42%   x(c32_2_c7_2) U  10000   9999     29
  10134  5564     4904.0000    46     4918.0000     4897.1783   286640    0.42%  x(c26_2_c10_2) N  10134   8943     34
  10273  5654     4897.2111   142     4918.0000     4897.2102   291306    0.42%   x(c5_1_c31_1) N  10273  10272     41
  10436  5767     4910.3698   101     4918.0000     4897.2312   296010    0.42%    x(c6_1_c5_1) D  10436  10435     31
  10657  5919     4897.2866    83     4918.0000     4897.2331   299643    0.42%  x(c11_1_c19_1) U  10657  10655     27
  10802  6033     4897.2510    66     4918.0000     4897.2510   303699    0.42%     x(c38_1_Om) U  10802  10798     36
  10949  6104     4900.0386   164     4918.0000     4897.2711   308297    0.42%   x(c9_2_c11_2) U  10949   9020     21
Elapsed time = 40.31 sec. (76821.41 ticks, tree = 19.44 MB, solutions = 1)
  11000  6148     4897.4334   100     4918.0000     4897.2751   309668    0.42%  x(c13_1_c32_1) D  11000  10999     36
  11172  6263     4909.0487    89     4918.0000     4897.2892   313755    0.42%  x(c26_2_c11_2) N  11172   9049     34
  11305  6334     4903.4690   116     4918.0000     4897.3195   317963    0.42%  x(c21_2_c20_2) N  11305   3997     38
  11455  6412     4904.7174   108     4918.0000     4897.3686   322752    0.42%  x(c45_2_c22_2) N  11455  11453     31
  11602  6497     4914.1761   107     4918.0000     4897.4278   327502    0.42%   x(c2_1_c11_1) N  11602   5397     30
  11773  6559     4897.8823    74     4918.0000     4897.4761   331856    0.42%  x(c45_1_c22_1) U  11773  11772     39
  11960  6658     4897.5000    99     4918.0000     4897.5000   336131    0.42%    x(c7_1_c9_1) N  11960  10159     18
  12155  6772     4908.4858   104     4918.0000     4897.5156   340436    0.42%  x(c14_1_c13_1) N  12155  11806     45
  12337  6834        cutoff           4918.0000     4897.5565   344574    0.42%   x(c5_1_c31_1) U  12337   8199     35
  12492  6901     4897.7138    80     4918.0000     4897.5952   348926    0.41%  x(c11_1_c32_1) D  12492  12491     41
Elapsed time = 46.00 sec. (88240.51 ticks, tree = 21.92 MB, solutions = 1)
  12670  6949     4897.8166   111     4918.0000     4897.6551   353198    0.41%  x(c12_2_c38_2) D  12670  12669     35
  12806  6966     4910.7945   127     4918.0000     4897.7130   358694    0.41%     x(Op_c19_3) U  12806   8010     26
  12984  7008        cutoff           4918.0000     4897.7795   363436    0.41%  x(c33_2_c32_2) U  12984   2469     35
  13140  6983     4902.0000    70     4918.0000     4897.8851   368147    0.41%  x(c45_3_c22_3) N  13140   6669     21
  13262  6998     4902.3516   165     4918.0000     4897.9774   373549    0.41%  x(c45_3_c22_3) D  13262  13260     25
  13391  7087     4899.6058    59     4918.0000     4898.0000   379136    0.41%  x(c13_1_c33_1) U  13391  13389     42
  13529  7169     4907.0000    88     4918.0000     4898.0152   385014    0.41%     x(c12_2_Om) U  13529  12146     17
  13722  7316     4898.0724    84     4918.0000     4898.0305   388682    0.41%  x(c32_1_c10_1) D  13722  13721     36
  13944  7495     4909.0595    92     4918.0000     4898.0396   392858    0.41%  x(c12_2_c38_2) U  13944   8887     28
  14648  7868        cutoff           4918.0000     4898.1071   410986    0.40%  x(c32_1_c10_1) U  14648  13570     25
Elapsed time = 52.64 sec. (100670.31 ticks, tree = 24.96 MB, solutions = 1)
  15257  8201     4898.2362    67     4918.0000     4898.2338   429707    0.40%  x(c11_1_c19_1) N  15257  15256     30
  15826  8389     4898.5925    82     4918.0000     4898.4030   448838    0.40%  x(c35_2_c14_2) U  15826  12827     45
  16446  8617     4898.5505   100     4918.0000     4898.5505   468844    0.40%   x(c4_1_c31_1) D  16446  14746     29
  17073  8752     4904.4243   138     4918.0000     4898.7600   488146    0.39%      x(Op_c2_3) D  17073  17071     15
  17657  8895     4899.1209   159     4918.0000     4899.0000   508025    0.39%   x(c11_1_c7_1) D  17657  17656     29
  18373  9440     4899.1314    80     4918.0000     4899.0305   526133    0.39%    x(c7_1_c9_1) D  18373  18372     33
  19047  9847     4904.7500    76     4918.0000     4899.1013   544087    0.38%  x(c11_2_c12_2) N  19047  19033     36
  19621 10130     4899.2305   106     4918.0000     4899.2216   562896    0.38%   x(c2_1_c19_1) N  19621  17531     39
  20118 10352     4914.6379   105     4918.0000     4899.2960   583355    0.38%   x(c11_2_c9_2) U  20118   3242     35
  20657 10425     4908.0162   111     4918.0000     4899.5000   602351    0.38%  x(c11_1_c19_1) D  20657  20656     21
Elapsed time = 72.48 sec. (138859.63 ticks, tree = 33.30 MB, solutions = 1)
  21224 10574     4908.3051    82     4918.0000     4899.6792   621678    0.37%  x(c20_2_c45_2) N  21224  10717     34
  21720 10637     4905.9732   164     4918.0000     4899.9954   642233    0.37%  x(c26_1_c48_1) N  21720  21479     18
* 22044  6118      integral     0     4906.0000     4900.0000   656853    0.12%
  22265  6139     4902.5290   117     4906.0000     4900.0393   662515    0.12%  x(c30_1_c31_1) N  22265    174      9
  22903  6209     4900.3315    89     4906.0000     4900.1982   679273    0.12%  x(c43_2_c10_2) U  22903  22901     23
  23600  6241     4900.3467    57     4906.0000     4900.3467   692443    0.12%     x(c21_1_Om) N  23600  23537     22
  24280  6121     4903.6311   111     4906.0000     4900.5878   706347    0.11%  x(c45_2_c22_2) N  24280  21138     23
  25063  6046     4900.8506    93     4906.0000     4900.8506   718546    0.10%  x(c43_2_c21_2) N  25063  22365     22
  25672  5972     4902.7509   106     4906.0000     4901.0935   734884    0.10%  x(c43_2_c10_2) N  25672   3266     30
  26331  5829        cutoff           4906.0000     4901.2911   747625    0.10%   x(c33_2_c7_2) U  26331   4351     26
  27153  5768        cutoff           4906.0000     4901.5000   760031    0.09%  x(c11_2_c12_2) D  27153  22444     16
Elapsed time = 90.69 sec. (177073.46 ticks, tree = 18.77 MB, solutions = 2)
  27906  5610        cutoff           4906.0000     4901.7500   771339    0.09%   x(c32_1_c7_1) D  27906   6708     25
  28457  5482     4901.9982    79     4906.0000     4901.9577   779371    0.08%  x(c11_2_c12_2) U  28457  20436     28
  29183  5442        cutoff           4906.0000     4902.0488   793015    0.08%   x(c42_1_c3_1) U  29183  12841     35
  29893  5277     4902.2273   131     4906.0000     4902.2111   804688    0.08%  x(c20_2_c40_2) N  29893  21867     22
  30729  5081     4904.8098   107     4906.0000     4902.3759   814505    0.07%  x(c21_2_c20_2) N  30729   5431     34
  31490  4830     4902.5742    83     4906.0000     4902.5556   825640    0.07%  x(c12_2_c38_2) D  31490  31488     39
  32243  4682        cutoff           4906.0000     4902.7040   837401    0.07%  x(c20_2_c45_2) D  32243  22893     37
  33000  4422     4902.9114    81     4906.0000     4902.9131   848076    0.06%   x(c7_3_c25_3) D  33000  32854     36
  33695  4347    infeasible           4906.0000     4903.0149   862617    0.06%     x(c39_1_Om) U  33695   6730     24
  34570  4359     4904.0837    55     4906.0000     4903.1147   874407    0.06%  x(c22_3_c42_3) D  34570  34569     40
Elapsed time = 107.73 sec. (215936.83 ticks, tree = 14.46 MB, solutions = 2)
  35516  4123     4903.2614    77     4906.0000     4903.2614   883563    0.06%     x(c11_2_Om) N  35516  25212     61
  36337  3705     4903.6352   106     4906.0000     4903.4924   891223    0.05%     x(c12_2_Om) N  36337  27598     27
  37110  3402     4903.6695    99     4906.0000     4903.6307   901523    0.05%   x(c9_2_c11_2) N  37110  19322     30
  37973  2970    infeasible           4906.0000     4903.8841   909691    0.04%     x(c12_2_Om) D  37973  37863     23
  38714  2711    infeasible           4906.0000     4904.0146   922380    0.04%     x(c11_2_Om) U  38714  35549     41
  39579  2467     4904.5070   120     4906.0000     4904.1281   933144    0.04%  x(c11_2_c12_2) N  39579  39578     20
  40439  1914     4904.3514    80     4906.0000     4904.3302   940203    0.03%    x(c7_1_c9_1) N  40439  39979     31
  41324  1281        cutoff           4906.0000     4904.5499   947075    0.03%  x(c44_1_c29_1) U  41324  10360     31
  42205   635     4904.7996    54     4906.0000     4904.7996   952527    0.02%  x(c44_1_c41_1) U  42205  42203     52
  43117   180        cutoff           4906.0000     4905.0000   961739    0.02%  x(c39_1_c19_1) U  43117  43116     37
Elapsed time = 123.06 sec. (254112.83 ticks, tree = 1.25 MB, solutions = 2)
  44035   130        cutoff           4906.0000     4905.0000   979455    0.02%  x(c39_1_c19_1) U  44035  44034     38
  44916   113        cutoff           4906.0000     4905.0000   999515    0.02%  x(c39_1_c19_1) D  44916  44914     39
  45834    95        cutoff           4906.0000     4905.0000  1019045    0.02%  x(c39_1_c19_1) U  45834  45833     36
  46796    91     4905.0000    52     4906.0000     4905.0000  1037787    0.02%  x(c41_1_c21_1) N  46796  46795     31
  47744    73     4905.0000    32     4906.0000     4905.0000  1057131    0.02%  x(c44_3_c41_3) N  47744  47740     36

Clique cuts applied:  7
Cover cuts applied:  133
Flow cuts applied:  2
Mixed integer rounding cuts applied:  12
Zero-half cuts applied:  21
Gomory fractional cuts applied:  3
User cuts applied:  382

Root node processing (before b&c):
  Real time             =    1.44 sec. (3446.64 ticks)
Sequential b&c:
  Real time             =  129.96 sec. (272162.27 ticks)
                          ------------
Total (root+branch&cut) =  131.40 sec. (275608.90 ticks)

