Version identifier: 22.1.0.0 | 2022-03-09 | 1a383f8ce
CPXPARAM_Preprocessing_Reduce                    0
CPXPARAM_Threads                                 1
CPXPARAM_Preprocessing_Reformulations            0
CPXPARAM_Emphasis_MIP                            2
CPXPARAM_TimeLimit                               7200
CPXPARAM_MIP_Tolerances_AbsMIPGap                0.98999999999999999
CPXPARAM_MIP_Limits_TreeMemory                   20000
Legacy callback                                  BbLUID
         Disabling repeat represolve because of lazy constraint/incumbent callback.
1 of 1 MIP starts provided solutions.
MIP start 'm1' defined initial solution with objective 3799.0000.
Tried aggregator 0 times.
Reduced MIP has 166 rows, 1298 columns, and 5036 nonzeros.
Reduced MIP has 1298 binaries, 0 generals, 0 SOSs, and 0 indicators.
Presolve time = 0.00 sec. (0.27 ticks)
Probing time = 0.00 sec. (2.10 ticks)
Clique table members: 83.
MIP emphasis: optimality.
MIP search method: traditional branch-and-cut.
Parallel mode: none, using 1 thread.
Root relaxation solution time = 0.00 sec. (1.32 ticks)

        Nodes                                         Cuts/
   Node  Left     Objective  IInf  Best Integer    Best Bound    ItCnt     Gap         Variable B NodeID Parent  Depth

*     0+    0                         3799.0000        0.0000           100.00%
      0     0     3682.0000    48     3799.0000     2949.0000      167   22.37%
      0     0     3724.0000    32     3799.0000      Cuts: 24      182    1.97%
      0     0     3737.0000    34     3799.0000       Cuts: 3      189    1.63%
      0     0     3737.0000    64     3799.0000       Cuts: 7      193    1.63%
      0     0     3737.0000    66     3799.0000      Cuts: 10      199    1.63%
      0     0     3737.0000    32     3799.0000       User: 2      205    1.63%
      0     2     3737.0000    32     3799.0000     3737.0000      205    1.63%                        0             0
Elapsed time = 0.14 sec. (150.71 ticks, tree = 0.01 MB, solutions = 1)
    120    81     3794.5000    48     3799.0000     3737.0000      713    1.63%  x(c22_4_c18_4) D    120    119    101
    280   238     3765.0000   127     3799.0000     3747.0000     2915    1.37%  x(c11_4_c16_4) N    280    275     17
    478   418     3751.1875   145     3799.0000     3751.0000     4978    1.26%  x(c23_5_c22_5) D    478    477     33
    650   582     3760.0000   114     3799.0000     3754.5000     7648    1.17%   x(c9_2_c10_2) U    650    199      8
    861   766     3784.0833   135     3799.0000     3756.0000    10195    1.13%  x(c12_4_c25_4) N    861    859     42
   1041   930     3780.8182   147     3799.0000     3757.6667    12652    1.09%    x(c7_5_c8_5) D   1041   1039     19
   1215  1084     3761.3333   111     3799.0000     3759.0000    15741    1.05%    x(c3_4_c5_4) D   1215      4      5
   1403  1247     3795.8333   109     3799.0000     3760.0000    18364    1.03%     x(c14_4_Om) N   1403   1401     35
   1592  1406     3762.3333   141     3799.0000     3761.0000    20694    1.00%   x(c9_5_c19_5) D   1592   1435     16
   2264  1981        cutoff           3799.0000     3764.5000    31379    0.91%  x(c18_2_c21_2) U   2264   2262     37
Elapsed time = 4.32 sec. (3276.36 ticks, tree = 1.43 MB, solutions = 1)
   2882  2442     3773.9286   153     3799.0000     3766.7500    40770    0.85%    x(c8_5_c9_5) U   2882   1802     16
   3437  2848     3781.4167   138     3799.0000     3769.0000    51160    0.79%   x(c9_2_c20_2) N   3437    147      6
   4027  3269     3782.6000   141     3799.0000     3770.9722    60469    0.74%  x(c22_4_c26_4) U   4027   3161     17
   4586  3632     3779.0000   109     3799.0000     3772.5000    69303    0.70%  x(c10_2_c16_2) N   4586   3042     13
   5087  3932     3775.1667    91     3799.0000     3773.7500    77771    0.66%   x(c14_2_c9_2) D   5087   2769     17
   5631  4271     3784.0000    92     3799.0000     3775.0000    85741    0.63%  x(c10_2_c16_2) U   5631   4261     20
   6186  4613     3779.7500    92     3799.0000     3776.0000    93171    0.61%  x(c18_2_c21_2) D   6186   4962     23
   6723  4892     3777.5357   152     3799.0000     3776.8000   100501    0.58%   x(c9_5_c20_5) D   6723   6722     17
   7190  5111        cutoff           3799.0000     3777.5833   107732    0.56%   x(c8_4_c19_4) U   7190   6924     24
   7683  5341        cutoff           3799.0000     3778.3333   114754    0.54%   x(c13_2_c9_2) U   7683   1347     20
Elapsed time = 12.49 sec. (12828.49 ticks, tree = 4.15 MB, solutions = 1)
   8166  5553     3794.0000    97     3799.0000     3779.0000   121276    0.53%  x(c17_2_c22_2) U   8166   8164     17
   8659  5762     3780.4000   112     3799.0000     3779.6000   127929    0.51%  x(c16_4_c12_4) D   8659   8023     18
   9192  5967        cutoff           3799.0000     3780.3056   135015    0.49%   x(c2_2_c10_2) U   9192   9190     31
   9645  6171     3785.1111   122     3799.0000     3781.0000   141963    0.47%   x(c9_2_c10_2) U   9645   7766     12
  10160  6343        cutoff           3799.0000     3781.4773   148779    0.46%  x(c22_4_c26_4) D  10160   3165     23
  10643  6482        cutoff           3799.0000     3782.0000   155331    0.45%   x(c16_2_c7_2) D  10643  10642     22
  11092  6541     3782.2500   116     3799.0000     3782.2500   162052    0.44%   x(c16_4_c8_4) D  11092  10483     28
  11574  6679        cutoff           3799.0000     3782.6667   168215    0.43%   x(c8_4_c19_4) U  11574   5068     26
  11994  6766     3785.0000    90     3799.0000     3783.0000   174474    0.42%   x(c10_2_c5_2) U  11994   2326     36
  12436  6898     3784.5833   149     3799.0000     3783.5000   180207    0.41%   x(c20_2_c9_2) D  12436  11034     13
Elapsed time = 18.90 sec. (22383.14 ticks, tree = 5.43 MB, solutions = 1)
  12916  6991        cutoff           3799.0000     3784.0000   186036    0.39%  x(c17_2_c12_2) N  12916   9203     30
  13340  7078     3784.5000   139     3799.0000     3784.2500   191497    0.39%   x(c8_4_c16_4) N  13340  11076     16
  13790  7177     3789.3000   102     3799.0000     3784.6364   197197    0.38%   x(c14_4_c3_4) U  13790  10183     22
  14257  7267     3790.0000    87     3799.0000     3785.0000   202919    0.37%  x(c24_1_c22_1) D  14257  14255     34
  14712  7374     3786.6250   130     3799.0000     3785.2500   208409    0.36%  x(c12_2_c14_2) D  14712   2172     19
  15154  7443     3786.6500   142     3799.0000     3785.5714   213497    0.35%   x(c10_2_c2_2) D  15154  14591     40
  15595  7527        cutoff           3799.0000     3786.0000   218964    0.34%    x(c7_5_c9_5) U  15595  15593     20
  16012  7527     3786.1667   113     3799.0000     3786.1667   223657    0.34%   x(c9_5_c20_5) D  16012   1669     26
  16455  7570     3796.2500   118     3799.0000     3786.5000   228658    0.33%  x(c22_4_c26_4) N  16455  12478     16
  16889  7594     3794.4000   151     3799.0000     3786.9000   233757    0.32%  x(c22_4_c26_4) U  16889  16887     19
Elapsed time = 24.56 sec. (31933.33 ticks, tree = 6.07 MB, solutions = 1)
  17322  7591     3793.8333   164     3799.0000     3787.1250   238737    0.31%  x(c22_4_c26_4) N  17322  17321     21
  17728  7602        cutoff           3799.0000     3787.5000   243438    0.30%     x(c12_2_Om) D  17728   1156     20
  18147  7597     3789.3750   127     3799.0000     3787.7500   248009    0.30%  x(c16_2_c10_2) N  18147  16743     12
  18565  7593     3789.6250   109     3799.0000     3788.0000   252276    0.29%   x(c9_2_c10_2) D  18565   9595     39
  18995  7616        cutoff           3799.0000     3788.3000   256896    0.28%  x(c12_2_c17_2) U  18995  13470     35
  19402  7597     3789.3750   138     3799.0000     3788.5000   261266    0.28%   x(c14_4_c3_4) U  19402  19401     27
  19821  7589     3794.3750   140     3799.0000     3788.8750   265711    0.27%  x(c12_2_c21_2) D  19821  15909     18
  20217  7550     3789.0000    92     3799.0000     3789.0000   269793    0.26%   x(c2_2_c14_2) D  20217  16336     21
  20635  7517     3795.2917   122     3799.0000     3789.3333   273854    0.25%   x(c9_5_c20_5) D  20635  16226     36
  21037  7457     3797.3333   101     3799.0000     3789.5000   277586    0.25%   x(c9_4_c12_4) U  21037  12100     24
Elapsed time = 29.80 sec. (41481.39 ticks, tree = 6.06 MB, solutions = 1)
  21463  7424     3790.9048   134     3799.0000     3789.8333   281710    0.24%  x(c10_2_c16_2) D  21463   5107     21
  21820  7330        cutoff           3799.0000     3790.0000   286162    0.24%  x(c22_4_c26_4) D  21820   9836     18
  22250  7258     3797.5000    86     3799.0000     3790.2500   289934    0.23%    x(c7_5_c8_5) U  22250  22249     23
  22669  7163        cutoff           3799.0000     3790.5000   293496    0.22%  x(c11_4_c16_4) U  22669   5943     16
  23072  7075     3790.8125   118     3799.0000     3790.8125   296967    0.22%  x(c10_2_c16_2) D  23072  19964     16
  23472  6956        cutoff           3799.0000     3791.0000   300171    0.21%   x(c14_2_c9_2) D  23472  21280     22
  23863  6865     3792.3846   140     3799.0000     3791.2500   303955    0.20%    x(c9_2_c5_2) U  23863    343     10
  24277  6743     3791.5000   120     3799.0000     3791.5000   307561    0.20%    x(c7_5_c9_5) D  24277   7503     13
  24654  6634        cutoff           3799.0000     3791.7500   310859    0.19%     x(c22_2_Om) U  24654  13923     22
  25049  6538     3794.0000    88     3799.0000     3792.0000   313989    0.18%   x(c19_5_c9_5) D  25049   5210     24
Elapsed time = 34.61 sec. (51063.00 ticks, tree = 5.42 MB, solutions = 1)
  25444  6389     3794.5000    87     3799.0000     3792.1667   317224    0.18%  x(c16_4_c12_4) D  25444  25443     15
  25849  6269        cutoff           3799.0000     3792.5000   320471    0.17%  x(c13_2_c16_2) U  25849  24100     26
  26230  6138        cutoff           3799.0000     3792.6667   323532    0.17%   x(c14_4_c3_4) D  26230  18029     12
  26615  5970        cutoff           3799.0000     3793.0000   326545    0.16%   x(c10_2_c9_2) U  26615  18005     20
  26992  5721        cutoff           3799.0000     3793.0000   329247    0.16%  x(c16_2_c10_2) D  26992  26991     18
  27408  5536        cutoff           3799.0000     3793.3333   332002    0.15%  x(c11_4_c16_4) U  27408  14308     25
  27797  5322        cutoff           3799.0000     3793.5000   334619    0.14%    x(c9_5_c8_5) D  27797  27796     30
  28217  5129        cutoff           3799.0000     3793.9167   337164    0.13%   x(c11_5_c9_5) D  28217  23878     21
  28594  4890        cutoff           3799.0000     3794.0000   339723    0.13%   x(c14_2_c9_2) D  28594  17848     26
  28994  4673        cutoff           3799.0000     3794.3333   342197    0.12%  x(c13_2_c14_2) U  28994  26038     19
Elapsed time = 39.14 sec. (60608.78 ticks, tree = 4.02 MB, solutions = 1)
  29404  4396        cutoff           3799.0000     3794.5000   344472    0.12%  x(c21_5_c11_5) U  29404  16752     19
  29794  4152     3796.4000   146     3799.0000     3794.8333   346902    0.11%   x(c20_2_c9_2) D  29794  12348     28
  30194  3885        cutoff           3799.0000     3795.0000   349612    0.11%  x(c22_2_c18_2) D  30194  30193     23
  30586  3610        cutoff           3799.0000     3795.2222   352176    0.10%  x(c11_4_c16_4) D  30586  22687     14
  30986  3319        cutoff           3799.0000     3795.5000   354124    0.09%   x(c2_2_c10_2) U  30986  26862     28
  31388  3014        cutoff           3799.0000     3795.7500   355978    0.09%  x(c24_1_c22_1) U  31388  28426     19
  31792  2699        cutoff           3799.0000     3796.0000   357957    0.08%  x(c22_4_c26_4) U  31792  29480     23
  32201  2360        cutoff           3799.0000     3796.2500   359638    0.07%  x(c16_2_c12_2) D  32201  21674     26
  32619  2007        cutoff           3799.0000     3796.5000   361153    0.07%    x(c7_5_c8_5) U  32619   2731     29
  33030  1650        cutoff           3799.0000     3796.9286   362772    0.05%  x(c13_1_c10_1) D  33030  23671     49
Elapsed time = 42.91 sec. (70156.38 ticks, tree = 1.64 MB, solutions = 1)
  33431  1294        cutoff           3799.0000     3797.0000   364561    0.05%  x(c22_4_c17_4) D  33431  19804     22
  33837   909        cutoff           3799.0000     3797.5000   365919    0.04%  x(c18_2_c21_2) U  33837   9313     26
  34263   495        cutoff           3799.0000     3797.8000   367088    0.03%   x(c14_4_c3_4) D  34263  22411     23
  34691    73        cutoff           3799.0000     3798.0000   368058    0.03%   x(c11_5_c9_5) D  34691  24310     34

Cover cuts applied:  1
Zero-half cuts applied:  7
Gomory fractional cuts applied:  5
User cuts applied:  1583

Root node processing (before b&c):
  Real time             =    0.14 sec. (150.98 ticks)
Sequential b&c:
  Real time             =   44.15 sec. (74156.40 ticks)
                          ------------
Total (root+branch&cut) =   44.29 sec. (74307.38 ticks)

