Version identifier: 22.1.0.0 | 2022-03-09 | 1a383f8ce
CPXPARAM_Preprocessing_Reduce                    0
CPXPARAM_Threads                                 1
CPXPARAM_Preprocessing_Reformulations            0
CPXPARAM_Emphasis_MIP                            2
CPXPARAM_TimeLimit                               7200
CPXPARAM_MIP_Tolerances_AbsMIPGap                0.98999999999999999
CPXPARAM_MIP_Limits_TreeMemory                   20000
Legacy callback                                  BbLUID
         Disabling repeat represolve because of lazy constraint/incumbent callback.
1 of 1 MIP starts provided solutions.
MIP start 'm1' defined initial solution with objective 3808.0000.
Tried aggregator 0 times.
Reduced MIP has 166 rows, 1298 columns, and 5036 nonzeros.
Reduced MIP has 1298 binaries, 0 generals, 0 SOSs, and 0 indicators.
Presolve time = 0.00 sec. (0.27 ticks)
Probing time = 0.00 sec. (2.10 ticks)
Clique table members: 83.
MIP emphasis: optimality.
MIP search method: traditional branch-and-cut.
Parallel mode: none, using 1 thread.
Root relaxation solution time = 0.00 sec. (1.32 ticks)

        Nodes                                         Cuts/
   Node  Left     Objective  IInf  Best Integer    Best Bound    ItCnt     Gap         Variable B NodeID Parent  Depth

*     0+    0                         3808.0000        0.0000           100.00%
      0     0     3682.0000    48     3808.0000     2949.0000      167   22.56%
      0     0     3724.0000    32     3808.0000      Cuts: 24      182    2.21%
      0     0     3737.0000    34     3808.0000       Cuts: 3      189    1.86%
      0     0     3737.0000    64     3808.0000       Cuts: 7      194    1.86%
      0     0     3737.0000    66     3808.0000      Cuts: 11      200    1.86%
      0     0     3737.0000    14     3808.0000       User: 1      203    1.86%
      0     0     3737.0000    48     3808.0000       User: 3      207    1.86%
      0     0     3737.0000   101     3808.0000       User: 3      207    1.86%
      0     0     3737.0000   102     3808.0000       User: 1      215    1.86%
      0     0     3737.0000    30     3808.0000       User: 2      215    1.86%
      0     0     3737.0000   100     3808.0000       User: 3      229    1.86%
      0     0     3737.0000   132     3808.0000       User: 2      235    1.86%
      0     2     3737.0000   132     3808.0000     3737.0000      235    1.86%                        0             0
Elapsed time = 0.20 sec. (212.65 ticks, tree = 0.01 MB, solutions = 1)
    120   106     3749.1250   142     3808.0000     3746.0000     1523    1.63%  x(c26_5_c21_5) U    120     86      6
    303   286     3794.7500   122     3808.0000     3752.0000     4078    1.47%    x(c4_4_c8_4) U    303    224      9
    496   469     3755.2667   140     3808.0000     3754.7143     6438    1.40%    x(c9_4_c3_4) D    496    495     36
    675   634     3763.5000   116     3808.0000     3757.3333     9228    1.33%     x(c12_5_Om) U    675    505     16
    870   819     3798.5000    96     3808.0000     3760.0000    12453    1.26%   x(c16_1_c8_1) N    870    869     12
   1043   970     3772.0000   100     3808.0000     3762.0000    15872    1.21%    x(c9_5_c8_5) U   1043    326     14
   1202  1109     3762.8889   103     3808.0000     3762.8000    17956    1.19%     x(c12_2_Om) D   1202    704     16
   1368  1253     3766.5833   117     3808.0000     3764.0000    21171    1.16%      x(c3_4_Om) D   1368   1183      8
   1545  1407     3793.3333    78     3808.0000     3765.0000    24400    1.13%  x(c12_2_c17_2) N   1545   1544     34
   2213  1982     3786.5000   106     3808.0000     3768.0000    36470    1.05%  x(c16_4_c12_4) D   2213   2212     51
Elapsed time = 4.09 sec. (3321.33 ticks, tree = 1.68 MB, solutions = 1)
   2849  2477     3774.9444   125     3808.0000     3770.3571    47517    0.99%  x(c26_5_c22_5) U   2849   1474     14
   3443  2945        cutoff           3808.0000     3772.0000    59170    0.95%  x(c12_2_c16_2) U   3443   2587     14
   4038  3401     3784.9872   115     3808.0000     3773.4815    70442    0.91%   x(c16_1_c8_1) U   4038   3719     14
   4613  3791     3802.8125   172     3808.0000     3774.5167    82030    0.88%  x(c23_5_c22_5) U   4613   2912     13
   5190  4201     3776.2778   129     3808.0000     3775.6250    92985    0.85%     x(Op_c16_2) D   5190   5189     36
   5739  4528     3802.0000   152     3808.0000     3776.5000   103765    0.83%  x(c25_5_c23_5) D   5739    189      8
   6300  4862     3799.7619   102     3808.0000     3777.6333   114455    0.80%  x(c13_2_c17_2) U   6300   4318     32
   6831  5225     3778.5625   158     3808.0000     3778.5000   124730    0.77%   x(c9_2_c16_2) D   6831   5518      9
   7402  5561     3788.7500   150     3808.0000     3779.3333   134691    0.75%   x(c9_2_c16_2) U   7402    610     27
   7950  5890        cutoff           3808.0000     3780.0612   145049    0.73%    x(c8_5_c6_5) U   7950   5450     29
Elapsed time = 12.28 sec. (12873.24 ticks, tree = 4.86 MB, solutions = 1)
   8518  6210     3781.8889   170     3808.0000     3780.7812   154911    0.71%  x(c14_2_c16_2) D   8518   8517     13
   9022  6497     3793.0789   118     3808.0000     3781.5000   164244    0.70%    x(c9_2_c5_2) D   9022   9020     19
   9565  6805     3787.6786   161     3808.0000     3782.0000   173903    0.68%  x(c26_4_c25_4) N   9565   6590     12
  10093  7073        cutoff           3808.0000     3782.5833   183393    0.67%   x(c16_1_c8_1) U  10093   4274     12
  10609  7330     3793.0519   135     3808.0000     3783.2500   192874    0.65%   x(c16_1_c9_1) U  10609  10245     21
  11118  7580     3805.4091   132     3808.0000     3783.7381   202063    0.64%      x(c5_5_Om) U  11118  10252     34
  11620  7824     3784.2692    83     3808.0000     3784.2000   211229    0.62%   x(c16_1_c9_1) D  11620  10742     30
  12149  8092        cutoff           3808.0000     3784.6500   220005    0.61%     x(Op_c16_2) U  12149   9357     22
  12649  8322     3785.8500   174     3808.0000     3785.0000   229466    0.60%  x(c13_2_c16_2) D  12649  10749     15
  13147  8574     3786.7500   117     3808.0000     3785.5000   238622    0.59%   x(c10_2_c7_2) D  13147  11408     15
Elapsed time = 19.08 sec. (22420.27 ticks, tree = 7.26 MB, solutions = 1)
  13653  8787     3792.0000    82     3808.0000     3785.9500   247377    0.58%  x(c26_5_c22_5) U  13653   9991     14
  14140  8981     3794.2500   103     3808.0000     3786.2500   255870    0.57%   x(c10_2_c9_2) U  14140  11723     18
  14628  9183     3789.1667    75     3808.0000     3786.6667   265040    0.56%   x(c11_4_c9_4) U  14628  13531     20
  15159  9426        cutoff           3808.0000     3787.0000   274069    0.55%  x(c26_5_c22_5) U  15159  15157     18
  15668  9628     3787.4667   108     3808.0000     3787.4667   283159    0.54%   x(c7_2_c10_2) D  15668  12210     29
  16187  9818     3799.8333   105     3808.0000     3787.8333   291507    0.53%     x(c12_2_Om) U  16187  13589     13
  16700 10012     3788.3109   141     3808.0000     3788.2000   300285    0.52%  x(c12_5_c21_5) D  16700  15944     31
  17182 10213     3805.9268    90     3808.0000     3788.5000   308008    0.51%     x(c14_5_Om) N  17182  16975     50
  17675 10393        cutoff           3808.0000     3788.8333   315978    0.50%  x(c13_2_c16_2) U  17675  17673     28
  18166 10564        cutoff           3808.0000     3789.1111   324088    0.50%   x(c16_1_c8_1) U  18166  16443     30
Elapsed time = 25.61 sec. (31971.95 ticks, tree = 8.81 MB, solutions = 1)
  18653 10745        cutoff           3808.0000     3789.4643   332180    0.49%   x(c7_2_c10_2) U  18653  12097     16
  19144 10925        cutoff           3808.0000     3789.7083   339526    0.48%   x(c16_1_c9_1) U  19144  15602     17
  19663 11111     3790.0000   126     3808.0000     3790.0000   347120    0.47%   x(c16_2_c7_2) D  19663  18960     21
  20155 11297     3790.5000   114     3808.0000     3790.2500   354853    0.47%  x(c23_5_c22_5) D  20155  20154     24
  20636 11423     3791.5875   151     3808.0000     3790.5000   362357    0.46%   x(c9_2_c14_2) N  20636  20635     23
  21117 11549     3799.1429   119     3808.0000     3790.8333   369787    0.45%  x(c10_2_c12_2) N  21117  12536     34
  21606 11668        cutoff           3808.0000     3791.0556   377083    0.44%  x(c26_5_c21_5) U  21606  14874     15
  22100 11818     3803.5833   128     3808.0000     3791.3333   384232    0.44%   x(c16_1_c9_1) U  22100   6419     19
  22570 11952     3797.0833   154     3808.0000     3791.5645   391545    0.43%   x(c10_2_c9_2) U  22570  22568     33
  23049 12113     3802.3214   152     3808.0000     3791.8125   398758    0.43%   x(c16_1_c8_1) U  23049  22502     11
Elapsed time = 31.75 sec. (41520.10 ticks, tree = 9.98 MB, solutions = 1)
  23506 12268     3800.6000   148     3808.0000     3792.0000   406045    0.42%  x(c26_5_c22_5) U  23506  16096     16
  23981 12392     3792.2667   133     3808.0000     3792.2500   412924    0.41%      x(c5_5_Om) D  23981  23033     27
  24447 12536        cutoff           3808.0000     3792.5000   419750    0.41%   x(c9_2_c14_2) N  24447  21767     15
  24918 12617     3801.7500   111     3808.0000     3792.7444   426920    0.40%    x(c9_1_c8_1) U  24918  24916     27
  25362 12705        cutoff           3808.0000     3793.0000   433606    0.39%  x(c12_5_c14_5) U  25362   1622     18
  25833 12795     3801.3125   130     3808.0000     3793.1250   440470    0.39%      x(c3_4_Om) D  25833   6559     24
  26313 12915        cutoff           3808.0000     3793.3750   447056    0.38%   x(c10_2_c9_2) U  26313  26311     24
  26780 13004     3793.6600   122     3808.0000     3793.5667   453598    0.38%  x(c10_2_c12_2) N  26780  23807     19
  27237 13105     3800.4444   147     3808.0000     3793.7695   460343    0.37%   x(c16_1_c8_1) D  27237   1022     18
  27716 13252        cutoff           3808.0000     3794.0000   466986    0.37%    x(c8_1_c9_1) N  27716  27714     20
Elapsed time = 37.58 sec. (51070.41 ticks, tree = 10.99 MB, solutions = 1)
  28171 13350     3800.3125   121     3808.0000     3794.1500   473700    0.36%   x(c8_5_c19_5) U  28171  26279     30
  28636 13438        cutoff           3808.0000     3794.3333   479909    0.36%    x(c7_5_c9_5) U  28636  28634     29
  29109 13534     3804.3200   158     3808.0000     3794.5000   485995    0.35%   x(c9_2_c14_2) D  29109  29107     28
  29575 13625        cutoff           3808.0000     3794.7188   492481    0.35%  x(c16_1_c17_1) U  29575  25878     41
  30040 13690     3796.1379   155     3808.0000     3794.8976   498678    0.34%  x(c12_5_c14_5) N  30040  30039     40
  30508 13760        cutoff           3808.0000     3795.0000   504770    0.34%    x(c7_2_c9_2) U  30508  21960     26
  30967 13829     3795.2167   160     3808.0000     3795.2167   510545    0.34%   x(c20_5_c8_5) N  30967  26117     31
  31429 13905        cutoff           3808.0000     3795.4167   516502    0.33%   x(c16_1_c8_1) U  31429  30832     25
  31860 13940     3799.2304   178     3808.0000     3795.5000   522569    0.33%    x(c7_2_c9_2) U  31860  31859     31
  32317 14003     3805.4286    96     3808.0000     3795.7500   528573    0.32%  x(c14_2_c12_2) U  32317   1194     23
Elapsed time = 43.18 sec. (60619.94 ticks, tree = 11.67 MB, solutions = 1)
  32777 14061        cutoff           3808.0000     3795.9091   534945    0.32%   x(c16_1_c9_1) U  32777  16176     14
  33240 14088        cutoff           3808.0000     3796.0000   541169    0.32%     x(c12_2_Om) U  33240  27385     17
  33693 14111        cutoff           3808.0000     3796.1667   547007    0.31%   x(c10_2_c9_2) U  33693  31183     28
  34135 14137        cutoff           3808.0000     3796.3333   552838    0.31%  x(c16_1_c11_1) U  34135  34133     51
  34576 14188        cutoff           3808.0000     3796.5000   558548    0.30%     x(Op_c22_2) U  34576   5300     26
  35041 14249     3797.9167   107     3808.0000     3796.6667   564410    0.30%   x(c9_4_c11_4) N  35041  18779     44
  35487 14304        cutoff           3808.0000     3796.8214   570253    0.29%     x(Op_c12_2) U  35487  29576     29
  35932 14322     3800.1667    79     3808.0000     3797.0000   575977    0.29%     x(c12_2_Om) D  35932  28264     12
  36385 14323     3799.9615   142     3808.0000     3797.0972   582063    0.29%    x(c8_1_c9_1) D  36385  29993     44
  36850 14365        cutoff           3808.0000     3797.2500   587746    0.28%  x(c12_5_c14_5) U  36850  36848     34
Elapsed time = 48.62 sec. (70169.96 ticks, tree = 12.03 MB, solutions = 1)
  37293 14399     3798.2083   143     3808.0000     3797.4222   593370    0.28%  x(c13_2_c17_2) D  37293  26304     23
  37750 14383     3799.2632   176     3808.0000     3797.5000   599075    0.28%   x(c16_2_c7_2) D  37750  22006     28
  38189 14424     3806.3750   106     3808.0000     3797.6833   604136    0.27%  x(c16_2_c10_2) D  38189  38188     33
  38621 14445        cutoff           3808.0000     3797.8333   609362    0.27%  x(c10_2_c16_2) U  38621  12523     16
  39065 14444     3805.6667    88     3808.0000     3798.0000   614726    0.26%   x(c16_1_c9_1) D  39065  13720     22
  39528 14427     3798.0719   165     3808.0000     3798.0750   620013    0.26%   x(c20_2_c7_2) N  39528  27564     35
  39972 14425        cutoff           3808.0000     3798.2500   625130    0.26%  x(c25_4_c12_4) U  39972  35279     35
  40419 14401     3799.5167   131     3808.0000     3798.4062   630291    0.25%    x(c8_5_c9_5) N  40419  34233     19
  40875 14342     3799.8333   136     3808.0000     3798.5000   635397    0.25%     x(c22_2_Om) N  40875   1741     22
  41320 14330     3801.2500   136     3808.0000     3798.6667   639998    0.25%   x(c16_1_c9_1) D  41320  16922     22
Elapsed time = 53.92 sec. (79721.65 ticks, tree = 12.06 MB, solutions = 1)
  41754 14277        cutoff           3808.0000     3798.8148   645072    0.24%     x(c12_5_Om) U  41754  32184     19
  42196 14280     3799.1986   159     3808.0000     3798.9971   649998    0.24%  x(c13_2_c16_2) N  42196  25310     40
  42631 14198        cutoff           3808.0000     3799.0000   655112    0.24%      x(c3_4_Om) U  42631  34217     18
  43070 14166        cutoff           3808.0000     3799.2195   659982    0.23%   x(c10_2_c7_2) D  43070  20296     25
  43501 14142        cutoff           3808.0000     3799.3333   664536    0.23%   x(c16_1_c8_1) U  43501  18561     13
  43942 14093     3802.0000    96     3808.0000     3799.5000   669415    0.22%  x(c12_5_c21_5) D  43942  29701     32
  44384 14019        cutoff           3808.0000     3799.6250   674199    0.22%     x(Op_c13_2) U  44384  34110     26
  44823 13996     3800.1022   124     3808.0000     3799.7500   679021    0.22%  x(c12_5_c11_5) N  44823  43666     33
  45269 13907        cutoff           3808.0000     3799.8750   683817    0.21%   x(c16_1_c9_1) U  45269  35285     31
  47000 13636     3806.5000   134     3808.0000     3800.3750   701867    0.20%  x(c21_5_c20_5) N  47000  30371     19
Elapsed time = 60.37 sec. (92135.92 ticks, tree = 11.57 MB, solutions = 1)
  48713 13314     3800.8846    80     3808.0000     3800.8611   719027    0.19%   x(c7_2_c10_2) N  48713  47576     23
  50429 12819        cutoff           3808.0000     3801.3333   735572    0.18%   x(c8_4_c16_4) U  50429  48946     34
  52198 12262     3802.2500    75     3808.0000     3801.8333   751963    0.16%  x(c14_2_c16_2) D  52198  43431     17
  53974 11587     3806.6970   116     3808.0000     3802.2750   767184    0.15%    x(c8_5_c7_5) U  53974  28649     31
  55742 10808        cutoff           3808.0000     3802.7500   781655    0.14%   x(c16_1_c8_1) U  55742  34742     20
  57501  9991        cutoff           3808.0000     3803.2500   795140    0.12%  x(c12_2_c16_2) U  57501  20387     25
  59276  9023        cutoff           3808.0000     3803.7500   807385    0.11%   x(c10_2_c7_2) U  59276  46534     23
  61062  7920        cutoff           3808.0000     3804.2500   818507    0.10%   x(c10_2_c7_2) D  61062  46402     23
  62818  6708        cutoff           3808.0000     3804.7500   828628    0.09%  x(c16_4_c11_4) D  62818  46332     23
  64620  5337     3805.4074   116     3808.0000     3805.2500   837539    0.07%   x(c12_5_c9_5) N  64620  54869     45
Elapsed time = 77.83 sec. (130295.21 ticks, tree = 5.01 MB, solutions = 1)
  66438  3803        cutoff           3808.0000     3805.7500   845434    0.06%    x(c7_2_c9_2) U  66438  66437     22
  68317  2137        cutoff           3808.0000     3806.3333   851764    0.04%   x(c10_1_c6_1) D  68317  34161     40
  70247   279        cutoff           3808.0000     3807.0000   856632    0.03%   x(c9_1_c16_1) D  70247  59772     42

Zero-half cuts applied:  4
Gomory fractional cuts applied:  5
User cuts applied:  1617

Root node processing (before b&c):
  Real time             =    0.20 sec. (212.89 ticks)
Sequential b&c:
  Real time             =   81.95 sec. (142410.80 ticks)
                          ------------
Total (root+branch&cut) =   82.14 sec. (142623.69 ticks)

