Version identifier: 22.1.0.0 | 2022-03-09 | 1a383f8ce
CPXPARAM_Preprocessing_Reduce                    0
CPXPARAM_Threads                                 1
CPXPARAM_Preprocessing_Reformulations            0
CPXPARAM_Emphasis_MIP                            2
CPXPARAM_TimeLimit                               7200
CPXPARAM_MIP_Tolerances_AbsMIPGap                0.98999999999999999
CPXPARAM_MIP_Limits_TreeMemory                   20000
Legacy callback                                  BbLUID
         Disabling repeat represolve because of lazy constraint/incumbent callback.
1 of 1 MIP starts provided solutions.
MIP start 'm1' defined initial solution with objective 3759.0000.
Tried aggregator 0 times.
Reduced MIP has 1294 rows, 1162 columns, and 6712 nonzeros.
Reduced MIP has 1104 binaries, 0 generals, 0 SOSs, and 0 indicators.
Presolve time = 0.00 sec. (0.36 ticks)
Probing time = 0.00 sec. (2.40 ticks)
Clique table members: 558.
MIP emphasis: optimality.
MIP search method: traditional branch-and-cut.
Parallel mode: none, using 1 thread.
Root relaxation solution time = 0.00 sec. (2.11 ticks)

        Nodes                                         Cuts/
   Node  Left     Objective  IInf  Best Integer    Best Bound    ItCnt     Gap         Variable B NodeID Parent  Depth

*     0+    0                         3759.0000        0.0000           100.00%
      0     0     3281.7471   108     3759.0000     3281.7471      133   12.70%
      0     0     3590.2203   115     3759.0000      Cuts: 29      235    4.49%
      0     0     3659.0000   118     3759.0000      Cuts: 23      292    2.66%
      0     0     3697.0000   119     3759.0000       Cuts: 6      342    1.65%
      0     0     3702.0000   118     3759.0000       Cuts: 4      360    1.52%
      0     0     3722.0000   118     3759.0000       User: 1      388    0.98%
      0     0     3726.0000   118     3759.0000       Cuts: 3      410    0.88%
*     0+    0                         3753.0000     3726.0000             0.72%
      0     0  -1.00000e+75     0     3753.0000     3726.0000      410    0.72%
      0     2     3726.0000   118     3753.0000     3726.0000      410    0.72%                        0             0
Elapsed time = 0.12 sec. (254.97 ticks, tree = 0.01 MB, solutions = 2)
     17    11     3726.6076    77     3753.0000     3726.0000      700    0.72%  x(c24_1_c19_1) D     17     16     12
     52    33     3741.2193    54     3753.0000     3726.6557     1790    0.70%   x(c8_3_c16_3) D     52     51      7
    139    81     3734.4969    85     3753.0000     3733.9001     3796    0.51%  x(c15_2_c18_2) D    139    138     13
    300   133     3741.0787    48     3753.0000     3741.0000     7076    0.32%  x(c25_3_c19_3) D    300    299     10
    469    87     3750.0000    37     3753.0000     3747.6181    10550    0.14%   x(c4_2_c15_2) N    469    338     10

Clique cuts applied:  15
Cover cuts applied:  8
Flow cuts applied:  2
Mixed integer rounding cuts applied:  5
Gomory fractional cuts applied:  3
User cuts applied:  80

Root node processing (before b&c):
  Real time             =    0.12 sec. (255.00 ticks)
Sequential b&c:
  Real time             =    0.65 sec. (1310.69 ticks)
                          ------------
Total (root+branch&cut) =    0.77 sec. (1565.69 ticks)

