Version identifier: 22.1.0.0 | 2022-03-09 | 1a383f8ce
CPXPARAM_Preprocessing_Reduce                    0
CPXPARAM_Threads                                 1
CPXPARAM_Preprocessing_Reformulations            0
CPXPARAM_Emphasis_MIP                            2
CPXPARAM_TimeLimit                               7200
CPXPARAM_MIP_Tolerances_AbsMIPGap                0.98999999999999999
CPXPARAM_MIP_Limits_TreeMemory                   20000
Legacy callback                                  BbLUID
         Disabling repeat represolve because of lazy constraint/incumbent callback.
1 of 1 MIP starts provided solutions.
MIP start 'm1' defined initial solution with objective 28082.0000.
Tried aggregator 0 times.
Reduced MIP has 371 rows, 6898 columns, and 20328 nonzeros.
Reduced MIP has 6898 binaries, 0 generals, 0 SOSs, and 0 indicators.
Presolve time = 0.00 sec. (1.26 ticks)
Probing time = 0.00 sec. (3.71 ticks)
Clique table members: 188.
MIP emphasis: optimality.
MIP search method: traditional branch-and-cut.
Parallel mode: none, using 1 thread.
Root relaxation solution time = 0.00 sec. (3.90 ticks)

        Nodes                                         Cuts/
   Node  Left     Objective  IInf  Best Integer    Best Bound    ItCnt     Gap         Variable B NodeID Parent  Depth

*     0+    0                        28082.0000        0.0000           100.00%
      0     0     6432.0000    36    28082.0000      788.0000      335   97.19%
      0     0    17123.0000   158    28082.0000      User: 57      544   39.02%
      0     0    27861.0000    87    28082.0000      Cuts: 77      693    0.79%
      0     0    27883.5000   145    28082.0000      Cuts: 41      785    0.71%
      0     0    27929.6667   117    28082.0000      Cuts: 45      883    0.54%
      0     0    27938.5000   128    28082.0000      Cuts: 31      961    0.51%
      0     0    28006.0000   198    28082.0000      Cuts: 34     1069    0.27%
      0     0    28050.0000   144    28082.0000      Cuts: 44     1162    0.11%
      0     0    28052.0000   148    28082.0000      Cuts: 36     1206    0.11%
      0     0    28054.1667   141    28082.0000      Cuts: 12     1307    0.10%
      0     0    28054.1667   130    28082.0000       User: 5     1333    0.10%
      0     0    28054.1667   133    28082.0000       User: 2     1335    0.10%
      0     0    28054.1667   104    28082.0000       User: 1     1335    0.10%
      0     0    28054.1667   112    28082.0000       User: 1     1337    0.10%
      0     2    28054.1667   101    28082.0000    28054.1667     1337    0.10%                        0             0
Elapsed time = 0.36 sec. (863.67 ticks, tree = 0.01 MB, solutions = 1)
     12    14    28070.0000   135    28082.0000    28056.5000     1539    0.09%  x(c27_5_c25_5) N     12     11      9
     41    34    28067.0000   150    28082.0000    28057.0000     1861    0.09%  x(c27_5_c16_5) D     41     40      5
     71    54    28079.0000   201    28082.0000    28057.0000     2055    0.09%  x(c29_4_c30_4) N     71     70     32
    106    85    28063.5000   195    28082.0000    28063.4000     2722    0.07%  x(c26_3_c38_3) N    106    105      9
    158   137    28065.5000   162    28082.0000    28065.3333     3841    0.06%  x(c26_3_c27_3) U    158    125      9
    212   191    28071.0000   144    28082.0000    28067.4000     5034    0.05%  x(c38_3_c26_3) U    212    182      8
    265   239    28077.3333   212    28082.0000    28067.5000     5882    0.05%  x(c27_4_c18_4) D    265    264     23
    323   271    28072.5000   104    28082.0000    28068.0000     6371    0.05%  x(c41_3_c27_3) U    323    201      5
    381   316    28068.7500   201    28082.0000    28068.0250     7069    0.05%  x(c25_2_c26_2) U    381    379     15
    644   555    28069.6667   158    28082.0000    28069.6667    11265    0.04%  x(c37_5_c36_5) D    644    643     11
Elapsed time = 2.90 sec. (4014.56 ticks, tree = 4.71 MB, solutions = 1)
    950   836    28078.6667   160    28082.0000    28070.6667    17157    0.04%  x(c27_5_c17_5) U    950    948     22
   1230  1072    28073.2500   247    28082.0000    28071.3214    22108    0.04%  x(c27_4_c26_4) U   1230   1228     20
   1500  1286    28079.0833   281    28082.0000    28071.7500    26913    0.04%    x(c3_5_c5_5) D   1500   1499     40
   1801  1509    28072.7500   142    28082.0000    28072.2500    32308    0.03%   x(c38_1_c5_1) U   1801   1283     15
   2110  1747    28080.0000   164    28082.0000    28072.5000    37254    0.03%  x(c27_4_c17_4) U   2110   1686     12
   2400  1958    28080.6667   185    28082.0000    28072.7500    40899    0.03%   x(c7_2_c18_2) D   2400   2399     50
   2700  2177    28073.0000   198    28082.0000    28073.0000    45849    0.03%  x(c27_4_c16_4) D   2700   1682     13
   3010  2405        cutoff          28082.0000    28073.3333    50644    0.03%  x(c38_2_c26_2) U   3010   3007     22
   3334  2631    28073.5000   170    28082.0000    28073.5000    56158    0.03%  x(c27_4_c16_4) D   3334   3333      8
   3625  2837    28080.0833   259    28082.0000    28073.7500    60920    0.03%  x(c21_4_c42_4) D   3625   3624     15
Elapsed time = 13.20 sec. (13600.25 ticks, tree = 25.99 MB, solutions = 1)
   3928  3074    28081.0000   128    28082.0000    28074.0000    65989    0.03%  x(c27_4_c18_4) U   3928   3926     15
   4201  3247    28074.0833   222    28082.0000    28074.0833    71829    0.03%   x(c38_4_c5_4) D   4201   3687     19
   4490  3403    28076.9048   191    28082.0000    28074.3333    76690    0.03%  x(c27_4_c18_4) D   4490   4489     17
   4783  3561    28074.5000   149    28082.0000    28074.5000    81838    0.03%  x(c27_4_c16_4) D   4783   1100     11
   5075  3722    28074.6667   153    28082.0000    28074.6667    86792    0.03%  x(c27_4_c16_4) D   5075   4246     11
   5372  3911    28075.8333   142    28082.0000    28074.8333    89876    0.03%   x(c38_4_c5_4) D   5372   3807     17
   5654  4015        cutoff          28082.0000    28075.0000    95374    0.02%  x(c27_4_c17_4) U   5654   5611     18
   5971  4189    28075.2500   183    28082.0000    28075.2500    99791    0.02%  x(c27_4_c42_4) D   5971   4335     23
   6240  4309    28078.2500   269    28082.0000    28075.4167   104323    0.02%   x(c38_4_c5_4) U   6240   4281     22
   6525  4439    28079.2500   185    28082.0000    28075.5000   109696    0.02%   x(c38_4_c5_4) U   6525   4786     14
Elapsed time = 22.27 sec. (23156.20 ticks, tree = 42.57 MB, solutions = 1)
   6815  4549    28076.6667   202    28082.0000    28075.6667   114148    0.02%  x(c27_4_c18_4) D   6815   6814     17
   7120  4704        cutoff          28082.0000    28075.7500   117264    0.02%   x(c38_4_c5_4) U   7120   5853     18
   7399  4849        cutoff          28082.0000    28075.9286   120699    0.02%  x(c27_4_c17_4) U   7399   7397     18
   7677  4978    28079.0000   180    28082.0000    28076.0000   124789    0.02%  x(c25_4_c37_4) U   7677   1681     13
   7963  5125    28079.1667   205    28082.0000    28076.1667   128482    0.02%  x(c25_4_c37_4) U   7963   1772     16
   8297  5268    28078.8167   240    28082.0000    28076.2500   131648    0.02%  x(c27_4_c43_4) U   8297   8295     27
   8564  5393    28079.6667   196    28082.0000    28076.3333   134769    0.02%  x(c37_2_c38_2) D   8564   8563     28
   8846  5499        cutoff          28082.0000    28076.5000   138451    0.02%  x(c27_4_c18_4) U   8846   8841     18
   9121  5573    28080.5000   200    28082.0000    28076.5000   142231    0.02%  x(c25_4_c22_4) U   9121   9119     21
   9383  5668        cutoff          28082.0000    28076.5833   145288    0.02%  x(c37_5_c36_5) U   9383   3515     22
Elapsed time = 31.03 sec. (32720.19 ticks, tree = 56.25 MB, solutions = 1)
   9696  5789    28079.1667   181    28082.0000    28076.6667   148292    0.02%  x(c38_1_c22_1) U   9696   1451     13
   9991  5952        cutoff          28082.0000    28076.7500   151071    0.02%  x(c27_4_c16_4) U   9991   2525     16
  10209  6038    28076.7500   194    28082.0000    28076.7500   154094    0.02%  x(c37_5_c38_5) U  10209   5264     23
  10424  6141    28077.3333   182    28082.0000    28076.8333   157357    0.02%  x(c38_4_c37_4) D  10424   9385     33
  10664  6257    28077.0000   228    28082.0000    28076.8333   159972    0.02%  x(c37_2_c38_2) D  10664   9547     25
  10868  6317    28077.0833   218    28082.0000    28076.9583   163147    0.02%   x(c38_4_c5_4) D  10868   5503     19
  11073  6327        cutoff          28082.0000    28077.0000   166684    0.02%  x(c27_4_c17_4) U  11073   7630     15
  11280  6368    28077.7500   179    28082.0000    28077.0000   169103    0.02%  x(c38_2_c39_2) D  11280  11279     29
  11496  6410        cutoff          28082.0000    28077.0833   171766    0.02%  x(c27_5_c25_5) U  11496  10464     19
  11707  6434        cutoff          28082.0000    28077.1667   174164    0.02%  x(c27_4_c43_4) U  11707   7640     18
Elapsed time = 39.81 sec. (42290.52 ticks, tree = 65.90 MB, solutions = 1)
  11962  6571    28077.1667   251    28082.0000    28077.1667   176557    0.02%   x(c38_1_c5_1) D  11962   1262     14
  12178  6646        cutoff          28082.0000    28077.2500   179247    0.02%  x(c27_2_c18_2) U  12178  12176     30
  12403  6724    28078.0000   165    28082.0000    28077.3333   182044    0.02%  x(c38_1_c22_1) D  12403   4010     14
  12638  6747    28079.3750   242    28082.0000    28077.3750   184378    0.02%   x(c38_4_c5_4) U  12638   7404     18
  12830  6817    28080.3333   203    28082.0000    28077.4333   186822    0.02%  x(c25_4_c22_4) D  12830   3104     16
  13024  6828    28079.5000   123    28082.0000    28077.5000   189979    0.02%  x(c25_2_c26_2) D  13024  13023     19
  13237  6837    28078.7222   203    28082.0000    28077.5000   193051    0.02%      x(c5_1_Om) U  13237   4944     16
  13467  6871    28079.0000   185    28082.0000    28077.5000   195734    0.02%  x(c27_4_c18_4) D  13467  13466     19
  13713  6952    28077.5000   231    28082.0000    28077.5000   197842    0.02%   x(c37_5_c4_5) U  13713   5309     34
  13955  7064    28077.9167   247    28082.0000    28077.5417   200236    0.02%  x(c38_4_c39_4) U  13955   6655     21
Elapsed time = 47.14 sec. (51855.90 ticks, tree = 74.64 MB, solutions = 1)
  14167  7141        cutoff          28082.0000    28077.6667   202649    0.02%     x(Op_c22_5) U  14167   3440     18
  14355  7199        cutoff          28082.0000    28077.6667   205308    0.02%   x(c38_1_c5_1) U  14355   3455     13
  14569  7270        cutoff          28082.0000    28077.7500   207947    0.02%  x(c27_4_c16_4) U  14569  10021     17
  14806  7372    28077.7500   211    28082.0000    28077.7500   210211    0.02%  x(c27_4_c16_4) D  14806  10095     16
  15021  7452    28077.7500   229    28082.0000    28077.7500   212617    0.02%  x(c38_4_c39_4) D  15021   5987     21
  15229  7522    28077.8214   253    28082.0000    28077.8214   214821    0.01%  x(c27_4_c16_4) D  15229   4393     15
  15429  7547        cutoff          28082.0000    28077.8333   217101    0.01%  x(c27_4_c18_4) U  15429  15374     13
  15678  7610    28078.4000   189    28082.0000    28077.9000   219412    0.01%  x(c25_3_c26_3) D  15678   5439     10
  15896  7682        cutoff          28082.0000    28077.9286   221749    0.01%  x(c27_4_c16_4) U  15896   4912      9
  16091  7726    28080.5000   163    28082.0000    28078.0000   224055    0.01%  x(c25_4_c22_4) D  16091   3975     14
Elapsed time = 54.25 sec. (61424.09 ticks, tree = 83.99 MB, solutions = 1)
  16314  7814        cutoff          28082.0000    28078.0000   226552    0.01%     x(c23_4_Om) U  16314  13333     26
  16519  7857        cutoff          28082.0000    28078.0000   228934    0.01%  x(c19_1_c27_1) U  16519  16517     49
  16710  7898    28078.2500   214    28082.0000    28078.0000   231216    0.01%  x(c38_2_c26_2) D  16710  13470     22
  16901  7952    28079.8611   264    28082.0000    28078.0000   233635    0.01%  x(c37_1_c38_1) D  16901  16899     31
  17163  8029    28079.0833   283    28082.0000    28078.0833   235657    0.01%  x(c26_4_c38_4) D  17163   6699     20
  17395  8084    28078.6667   135    28082.0000    28078.1667   237402    0.01%  x(c38_4_c39_4) D  17395   9663     34
  17637  8161        cutoff          28082.0000    28078.1667   239425    0.01%   x(c38_4_c6_4) U  17637  17633     26
  17857  8236    28078.1667   211    28082.0000    28078.1667   241537    0.01%    x(c6_4_c5_4) D  17857  17856     36
  18129  8347        cutoff          28082.0000    28078.1667   243352    0.01%   x(c38_4_c6_4) U  18129  18125     28
  18369  8423    28078.5000   159    28082.0000    28078.2500   245382    0.01%  x(c27_2_c18_2) D  18369  18368     26
Elapsed time = 61.15 sec. (70982.55 ticks, tree = 94.32 MB, solutions = 1)
  18595  8536    28078.2500   203    28082.0000    28078.2500   247165    0.01%  x(c27_2_c17_2) D  18595  18594     24
  18826  8653        cutoff          28082.0000    28078.2500   249190    0.01%  x(c29_4_c30_4) U  18826  18819     23
  19043  8701        cutoff          28082.0000    28078.2833   251299    0.01%  x(c38_5_c37_5) U  19043   3663     26
  19214  8712    28080.0000   185    28082.0000    28078.3333   253366    0.01%  x(c25_2_c26_2) D  19214  19213     27
  19400  8763    28078.3333   203    28082.0000    28078.3333   255377    0.01%  x(c37_1_c36_1) D  19400  15603     28
  19588  8832    28078.7500   193    28082.0000    28078.3750   257864    0.01%  x(c37_5_c38_5) D  19588   6165     27
  19782  8875    28078.5833   269    28082.0000    28078.4167   259880    0.01%  x(c29_4_c30_4) D  19782  15849     20
  19956  8875    28078.5000    98    28082.0000    28078.5000   261376    0.01%   x(c38_4_c5_4) D  19956   8737     13
  20122  8848    28078.5000   157    28082.0000    28078.5000   263075    0.01%  x(c37_5_c36_5) D  20122  16364     21
  20295  8854    28079.0000   200    28082.0000    28078.5000   264973    0.01%  x(c25_2_c26_2) D  20295  16438     21
Elapsed time = 67.67 sec. (80558.53 ticks, tree = 101.44 MB, solutions = 1)
  20476  8879        cutoff          28082.0000    28078.5000   266730    0.01%  x(c27_2_c16_2) U  20476  14765     28
  20666  8950    28080.8333   200    28082.0000    28078.5000   268748    0.01%  x(c38_5_c37_5) U  20666  20664     49
  20856  8958        cutoff          28082.0000    28078.5000   270975    0.01%  x(c27_4_c25_4) U  20856  10278     19
  21047  8994        cutoff          28082.0000    28078.5667   272985    0.01%  x(c27_4_c18_4) U  21047  21045     32
  21266  9059    28079.5833   253    28082.0000    28078.5833   274504    0.01%  x(c38_4_c37_4) D  21266  17303     20
  21468  9111        cutoff          28082.0000    28078.6548   276214    0.01%  x(c25_4_c22_4) D  21468  15711     14
  21634  9150    28080.6667   203    28082.0000    28078.6667   278238    0.01%  x(c37_1_c38_1) N  21634  21632     45
  21810  9183    28079.6667   131    28082.0000    28078.6667   280380    0.01%  x(c30_4_c29_4) U  21810  11248     28
  22005  9222        cutoff          28082.0000    28078.6667   282379    0.01%  x(c27_2_c16_2) U  22005  15758     26
  22691  9362    28079.0000   196    28082.0000    28078.7500   290338    0.01%  x(c38_2_c26_2) D  22691  18384     23
Elapsed time = 75.72 sec. (93002.35 ticks, tree = 109.98 MB, solutions = 1)
  23320  9501    28079.4231   130    28082.0000    28078.8333   298216    0.01%  x(c27_4_c25_4) D  23320   8734     22
  23953  9555    28079.9167   203    28082.0000    28078.9167   305459    0.01%  x(c37_5_c38_5) D  23953   5983     21
  24620  9653    28079.0000   154    28082.0000    28079.0000   313334    0.01%  x(c27_2_c18_2) D  24620  20183     31
  25293  9703        cutoff          28082.0000    28079.0000   320365    0.01%  x(c27_2_c16_2) U  25293  18522     26
  26024  9752    28080.0000   237    28082.0000    28079.0000   327366    0.01%  x(c36_5_c37_5) D  26024  16747     26
  26672  9801    28079.1310   238    28082.0000    28079.1310   334742    0.01%  x(c27_4_c19_4) D  26672  26671     27
  27347  9957        cutoff          28082.0000    28079.1667   342927    0.01%  x(c38_4_c36_4) U  27347   6612     27

Zero-half cuts applied:  42
Gomory fractional cuts applied:  3
User cuts applied:  1006

Root node processing (before b&c):
  Real time             =    0.36 sec. (863.61 ticks)
Sequential b&c:
  Real time             =   91.79 sec. (121519.51 ticks)
                          ------------
Total (root+branch&cut) =   92.15 sec. (122383.12 ticks)

