Version identifier: 22.1.0.0 | 2022-03-09 | 1a383f8ce
CPXPARAM_Preprocessing_Reduce                    0
CPXPARAM_Threads                                 1
CPXPARAM_Preprocessing_Reformulations            0
CPXPARAM_Emphasis_MIP                            2
CPXPARAM_TimeLimit                               7200
CPXPARAM_MIP_Tolerances_AbsMIPGap                0.98999999999999999
CPXPARAM_MIP_Limits_TreeMemory                   20000
Legacy callback                                  BbLUID
         Disabling repeat represolve because of lazy constraint/incumbent callback.
1 of 1 MIP starts provided solutions.
MIP start 'm1' defined initial solution with objective 33904.0000.
Tried aggregator 0 times.
Reduced MIP has 192 rows, 1754 columns, and 6834 nonzeros.
Reduced MIP has 1754 binaries, 0 generals, 0 SOSs, and 0 indicators.
Presolve time = 0.00 sec. (0.36 ticks)
Probing time = 0.00 sec. (2.38 ticks)
Clique table members: 96.
MIP emphasis: optimality.
MIP search method: traditional branch-and-cut.
Parallel mode: none, using 1 thread.
Root relaxation solution time = 0.00 sec. (1.15 ticks)

        Nodes                                         Cuts/
   Node  Left     Objective  IInf  Best Integer    Best Bound    ItCnt     Gap         Variable B NodeID Parent  Depth

*     0+    0                        33904.0000        0.0000           100.00%
      0     0    29236.0000    20    33904.0000    25884.0000       94   23.66%
      0     0    32171.5000    22    33904.0000      Cuts: 24      146    5.11%
      0     0    33826.0000    76    33904.0000      Cuts: 17      187    0.23%
      0     0    33826.0000    74    33904.0000       Cuts: 5      194    0.23%
      0     0    33826.0000   192    33904.0000       Cuts: 7      204    0.23%
      0     0    33826.0000   120    33904.0000       User: 5      226    0.23%
      0     0    33826.0000    76    33904.0000      Cuts: 21      229    0.23%
      0     0    33826.0000   192    33904.0000      Cuts: 10      235    0.23%
      0     0    33826.0000   114    33904.0000       User: 1      245    0.23%
      0     0    33826.0000   192    33904.0000       User: 1      262    0.23%
      0     0    33826.0000   192    33904.0000       User: 1      271    0.23%
      0     2    33826.0000   192    33904.0000    33826.0000      271    0.23%                        0             0
Elapsed time = 0.21 sec. (276.06 ticks, tree = 0.01 MB, solutions = 1)
    110    33    33880.0000   136    33904.0000    33878.2000     1418    0.08%      x(Op_c8_1) N    110    101      4

Zero-half cuts applied:  13
Gomory fractional cuts applied:  3
User cuts applied:  177

Root node processing (before b&c):
  Real time             =    0.21 sec. (276.09 ticks)
Sequential b&c:
  Real time             =    0.42 sec. (291.44 ticks)
                          ------------
Total (root+branch&cut) =    0.63 sec. (567.53 ticks)

