Version identifier: 22.1.0.0 | 2022-03-09 | 1a383f8ce
CPXPARAM_Preprocessing_Reduce                    1
CPXPARAM_Threads                                 1
CPXPARAM_Preprocessing_Reformulations            0
CPXPARAM_Emphasis_MIP                            2
CPXPARAM_TimeLimit                               7200
CPXPARAM_MIP_Tolerances_AbsMIPGap                0.98999999999999999
CPXPARAM_MIP_Limits_TreeMemory                   20000
Legacy callback                                  BbD
1 of 1 MIP starts provided solutions.
MIP start 'm1' defined initial solution with objective 3066.0000.
Tried aggregator 1 time.
MIP Presolve modified 409 coefficients.
Reduced MIP has 550 rows, 481 columns, and 2280 nonzeros.
Reduced MIP has 444 binaries, 0 generals, 0 SOSs, and 0 indicators.
Presolve time = 0.00 sec. (1.54 ticks)
Probing time = 0.00 sec. (0.80 ticks)
Tried aggregator 1 time.
Reduced MIP has 550 rows, 481 columns, and 2280 nonzeros.
Reduced MIP has 444 binaries, 0 generals, 0 SOSs, and 0 indicators.
Presolve time = 0.00 sec. (0.96 ticks)
Probing time = 0.00 sec. (0.82 ticks)
Clique table members: 263.
MIP emphasis: optimality.
MIP search method: traditional branch-and-cut.
Parallel mode: none, using 1 thread.
Root relaxation solution time = 0.00 sec. (1.00 ticks)

        Nodes                                         Cuts/
   Node  Left     Objective  IInf  Best Integer    Best Bound    ItCnt     Gap         Variable B NodeID Parent  Depth

*     0+    0                         3066.0000        0.0000           100.00%
      0     0     2498.2930    75     3066.0000     2498.2930       80   18.52%
      0     0     2897.0000    66     3066.0000      Cuts: 17      120    5.51%
      0     0     2897.4355    70     3066.0000       Cuts: 3      135    5.50%
      0     0     2916.7823    64     3066.0000       Cuts: 2      150    4.87%
      0     0     2917.7823    71     3066.0000       Cuts: 5      159    4.83%
      0     0     2918.2823    68     3066.0000       Cuts: 3      169    4.82%
      0     0     2930.5000    64     3066.0000     Covers: 1      184    4.42%
      0     0     2940.5000    66     3066.0000       Cuts: 4      195    4.09%
      0     0     2949.3333    67     3066.0000   ZeroHalf: 2      204    3.81%
      0     0     2950.1667    70     3066.0000   ZeroHalf: 1      207    3.78%
      0     0     2951.0000    68     3066.0000       Cuts: 2      213    3.75%
      0     0     2954.5000    69     3066.0000   ZeroHalf: 1      222    3.64%
      0     0     2958.0000    66     3066.0000       Cuts: 5      237    3.52%
      0     0     2958.0000    66     3066.0000   ZeroHalf: 2      240    3.52%
      0     0     2958.0116    67     3066.0000   ZeroHalf: 1      258    3.52%
      0     2     2958.0116    67     3066.0000     2958.0116      258    3.52%                        0             0
Elapsed time = 0.05 sec. (100.41 ticks, tree = 0.01 MB, solutions = 1)
    199   178     2987.0201    65     3066.0000     2961.2453     1755    3.42%    x(c8_3_c7_3) U    199    166     11
    555   526     3000.3307    22     3066.0000     2971.7002     7204    3.08%   x(c5_2_c11_2) U    555    412     14
   1010   937     3058.4466    22     3066.0000     2981.4466    13012    2.76%      x(Op_c7_3) U   1010   1009     28
   1482  1333     2986.3173    24     3066.0000     2985.4109    19256    2.63%  x(c10_2_c17_2) U   1482    501     16
   1950  1737     2989.8018    47     3066.0000     2989.7307    25236    2.49%    x(c7_3_c9_3) N   1950   1948     11
   2483  2209     3015.5971    42     3066.0000     2992.5700    31227    2.39%   x(c11_2_c5_2) U   2483   1807     15
   3047  2687     3019.4494    31     3066.0000     2994.7204    37360    2.32%  x(c10_3_c21_3) U   3047   2889     21
   3600  3152     2996.9444    57     3066.0000     2996.3113    43084    2.27%   x(c8_3_c20_3) D   3600   3599     22
   4156  3618     3019.0054    32     3066.0000     2997.9538    48734    2.22%   x(c8_3_c18_3) U   4156   2150     11
   6131  5243     3014.1198    46     3066.0000     3003.4932    72392    2.04%  x(c11_2_c17_2) U   6131   4770     11
Elapsed time = 1.55 sec. (3203.20 ticks, tree = 2.37 MB, solutions = 1)
   8049  6766     3045.0387    56     3066.0000     3007.6667    96245    1.90%  x(c20_3_c10_3) U   8049    811     15
  10023  8279     3023.0487    10     3066.0000     3010.7996   119107    1.80%   x(c5_2_c11_2) U  10023   7770     29
  11789  9578     3048.1107    35     3066.0000     3013.0136   141243    1.73%   x(c4_1_c13_1) D  11789  11788     35
  13603 10800        cutoff           3066.0000     3015.1654   164242    1.66%      x(Op_c8_3) U  13603   2865     38
  15288 11897     3048.6598    42     3066.0000     3016.9822   185130    1.60%  x(c19_2_c11_2) U  15288  11644     25
  16952 12883     3039.1871    55     3066.0000     3018.6667   207707    1.54%   x(c5_2_c20_2) U  16952  16950     26
  18640 13844     3044.0129    19     3066.0000     3020.3171   230253    1.49%    x(c3_3_c8_3) N  18640  13015     20
  20250 14758     3058.4204    21     3066.0000     3022.0000   253151    1.44%  x(c19_2_c20_2) U  20250   9419     20
  21901 15579     3023.7736    31     3066.0000     3023.7748   275162    1.38%  x(c12_2_c11_2) D  21901  10210     19
  23482 16358     3056.2314    31     3066.0000     3025.2097   294821    1.33%  x(c20_3_c10_3) U  23482   2469     14
Elapsed time = 6.01 sec. (12745.98 ticks, tree = 7.33 MB, solutions = 1)
  25136 17156     3042.5309    36     3066.0000     3026.6407   315057    1.28%   x(c5_2_c11_2) U  25136  25134     16
  26783 18045     3038.8333    25     3066.0000     3027.9390   335605    1.24%    x(c6_3_c8_3) N  26783  16365     21
  28470 18877     3047.2091    28     3066.0000     3029.0375   355790    1.21%      x(c6_3_Om) U  28470  14780     22
  30054 19543     3062.2994    56     3066.0000     3030.1079   375465    1.17%    x(c6_3_c8_3) U  30054  12428     23
  31850 20322     3031.2771    49     3066.0000     3031.2786   396338    1.13%  x(c18_1_c11_1) D  31850  24710     19
  33593 21063        cutoff           3066.0000     3032.3995   417324    1.10%    x(c7_1_c3_1) D  33593   7535     22
  35332 21501     3035.9016    35     3066.0000     3033.4018   436251    1.06%  x(c19_2_c10_2) N  35332  20505     30
  37077 22095     3046.0075    49     3066.0000     3034.3556   455332    1.03%  x(c10_2_c15_2) N  37077  25694     28
  38819 22683     3036.8947    29     3066.0000     3035.3955   474617    1.00%   x(c11_1_c7_1) D  38819  34186     20
  40501 23219     3036.3590    54     3066.0000     3036.3593   493077    0.97%  x(c19_2_c20_2) N  40501  31430     20
Elapsed time = 10.21 sec. (22289.41 ticks, tree = 10.91 MB, solutions = 1)
  42234 23792     3037.2900    50     3066.0000     3037.2907   511939    0.94%  x(c11_2_c14_2) D  42234  27223     21
  43988 24446     3057.5647    27     3066.0000     3038.1864   530608    0.91%    x(c6_3_c8_3) U  43988   8381     19
  45601 25026     3054.8920    53     3066.0000     3038.9929   547961    0.88%  x(c10_3_c24_3) D  45601  25142     28
  47296 25595     3054.1757    49     3066.0000     3039.6761   566165    0.86%  x(c24_2_c10_2) U  47296  29642     17
  48930 26028     3043.5133    29     3066.0000     3040.4024   582567    0.83%  x(c17_2_c10_2) N  48930  41672     21
  50610 26290        cutoff           3066.0000     3041.0345   598895    0.81%  x(c19_2_c10_2) U  50610  33478     33
  52350 26816     3054.0000    22     3066.0000     3041.6667   615569    0.79%  x(c11_2_c14_2) N  52350  52349     22
  54010 27207        cutoff           3066.0000     3042.2561   632182    0.77%  x(c19_2_c11_2) D  54010  40902     20
  55706 27559        cutoff           3066.0000     3042.9093   648359    0.75%  x(c24_2_c10_2) U  55706  24037     22
  57417 27911     3043.4893    33     3066.0000     3043.4893   664186    0.73%  x(c19_2_c20_2) D  57417  53544     21
Elapsed time = 14.25 sec. (31831.37 ticks, tree = 12.92 MB, solutions = 1)
  59015 28179     3058.5000    40     3066.0000     3044.0000   679251    0.72%    x(c6_3_c9_3) D  59015  29884     22
  60526 28395     3044.5507    57     3066.0000     3044.5516   693938    0.70%   x(c5_2_c11_2) D  60526  51900     25
  62149 28629     3045.0911    24     3066.0000     3045.0923   708611    0.68%  x(c10_2_c11_2) D  62149  27354     19
  63745 28757        cutoff           3066.0000     3045.6439   723399    0.66%  x(c17_2_c14_2) N  63745  29426     26
  65211 28742     3046.3334    29     3066.0000     3046.1098   736228    0.65%    x(c3_3_c8_3) D  65211  20849     13
  66737 28866     3047.5989    26     3066.0000     3046.6115   750586    0.63%  x(c17_2_c15_2) D  66737  52313     16
  68286 28933     3058.1808    21     3066.0000     3047.0697   764360    0.62%  x(c11_2_c17_2) U  68286   7412     14
  69802 28846     3059.4132    23     3066.0000     3047.5803   777916    0.60%   x(c5_2_c11_2) N  69802  64259     26
  71228 28800        cutoff           3066.0000     3048.0348   790386    0.59%   x(c5_2_c11_2) U  71228  50190     18
  72670 28676     3048.5091    37     3066.0000     3048.5098   803276    0.57%    x(c9_3_c7_3) D  72670  68706     27
Elapsed time = 18.17 sec. (41371.90 ticks, tree = 13.34 MB, solutions = 1)
  74199 28502     3049.0000    18     3066.0000     3049.0000   815706    0.55%    x(c9_3_c7_3) N  74199   6617     20
  75706 28265        cutoff           3066.0000     3049.5000   828755    0.54%   x(c8_3_c20_3) U  75706  30632      9
  77256 28032     3053.5000    19     3066.0000     3050.0000   840601    0.52%  x(c11_2_c19_2) D  77256  53220     22
  78843 27768        cutoff           3066.0000     3050.4602   852718    0.51%  x(c19_2_c10_2) U  78843  35962     21
  80323 27401        cutoff           3066.0000     3050.9287   864178    0.49%  x(c10_2_c19_2) U  80323  28684     20
  81853 26977     3052.5391    26     3066.0000     3051.3725   875750    0.48%  x(c19_2_c11_2) N  81853  57072     21
  83406 26631        cutoff           3066.0000     3051.8333   887468    0.46%  x(c11_2_c10_2) U  83406  83404     29
  84912 26270        cutoff           3066.0000     3052.2509   898767    0.45%    x(c9_3_c6_3) D  84912  81070     23
  86497 25822     3058.3178    39     3066.0000     3052.7431   909686    0.43%  x(c11_2_c17_2) U  86497  62443     30
  88031 25310     3056.0248    56     3066.0000     3053.1581   920563    0.42%  x(c19_2_c14_2) N  88031  76215     28
Elapsed time = 21.99 sec. (50912.82 ticks, tree = 12.00 MB, solutions = 1)
  89452 24885     3058.4666    32     3066.0000     3053.6000   930661    0.40%    x(c8_3_c6_3) N  89452  49472     26
  91047 24332    infeasible           3066.0000     3054.0430   941713    0.39%      x(Op_c9_3) D  91047  80212     22
  92608 23716        cutoff           3066.0000     3054.5000   952133    0.38%  x(c17_2_c10_2) U  92608  71636     27
  94029 23108     3060.1481    24     3066.0000     3054.9469   961419    0.36%   x(c5_2_c11_2) D  94029  94028     20
  95454 22449     3056.3191    41     3066.0000     3055.3586   970971    0.35%   x(c5_2_c11_2) N  95454  89594     13
  96966 21702    infeasible           3066.0000     3055.8333   980587    0.33%  x(c10_2_c24_2) D  96966  52032     29
  98490 20882        cutoff           3066.0000     3056.2705   990043    0.32%  x(c10_3_c24_3) U  98490  14235     21
  99805 20133     3056.6667    35     3066.0000     3056.6667   997763    0.30%  x(c10_2_c20_2) N  99805  43140     19
 101411 19265        cutoff           3066.0000     3057.1173  1007200    0.29%   x(c20_3_c2_3) D 101411  84549     25
 103009 18338        cutoff           3066.0000     3057.6032  1015831    0.27%  x(c15_2_c19_2) D 103009  92238     22
Elapsed time = 25.79 sec. (60455.58 ticks, tree = 9.10 MB, solutions = 1)
 104546 17466     3061.4659    31     3066.0000     3058.0661  1024694    0.26%  x(c17_2_c10_2) N 104546  74437     22
 106099 16510        cutoff           3066.0000     3058.5360  1033117    0.24%  x(c11_2_c19_2) U 106099  66530     21
 107520 15560     3059.0000    12     3066.0000     3059.0000  1040426    0.23%  x(c24_2_c11_2) N 107520 102620     21
 109124 14496        cutoff           3066.0000     3059.4715  1048526    0.21%  x(c20_2_c19_2) U 109124  91089     26
 110663 13461     3060.9436    35     3066.0000     3059.9454  1055677    0.20%  x(c10_2_c11_2) N 110663  77903     20
 112111 12443     3060.7500     9     3066.0000     3060.3333  1062906    0.18%  x(c10_2_c11_2) N 112111  72211     27
 113531 11342        cutoff           3066.0000     3060.7670  1069563    0.17%  x(c11_2_c14_2) N 113531  56497     22
 114981 10241        cutoff           3066.0000     3061.1893  1076281    0.16%      x(c6_3_Om) U 114981  47100     36
 116457  9010     3061.7782    37     3066.0000     3061.6646  1081867    0.14%  x(c15_2_c19_2) N 116457 112764     32
 117976  7766        cutoff           3066.0000     3062.1026  1088023    0.13%    x(c7_1_c3_1) N 117976  50347     20
Elapsed time = 29.52 sec. (69999.23 ticks, tree = 4.65 MB, solutions = 1)
 119350  6566        cutoff           3066.0000     3062.5487  1094660    0.11%    x(c3_3_c6_3) N 119350  21794     16
 120838  5223    infeasible           3066.0000     3063.0714  1102090    0.10%   x(c3_3_c24_3) D 120838  34491     26
 122393  3772        cutoff           3066.0000     3063.6149  1107099    0.08%    x(c7_1_c3_1) U 122393  46733     18
 124036  2205        cutoff           3066.0000     3064.1657  1111764    0.06%  x(c11_2_c10_2) N 124036 108177     19
 125829   447        cutoff           3066.0000     3064.8593  1115897    0.04%   x(c11_2_c5_2) U 125829  88421     26

Clique cuts applied:  15
Cover cuts applied:  204
Flow cuts applied:  1
Mixed integer rounding cuts applied:  35
Zero-half cuts applied:  9
Multi commodity flow cuts applied:  2
Gomory fractional cuts applied:  2

Root node processing (before b&c):
  Real time             =    0.05 sec. (100.47 ticks)
Sequential b&c:
  Real time             =   31.39 sec. (75206.66 ticks)
                          ------------
Total (root+branch&cut) =   31.45 sec. (75307.12 ticks)

