Version identifier: 22.1.0.0 | 2022-03-09 | 1a383f8ce
CPXPARAM_Preprocessing_Reduce                    1
CPXPARAM_Threads                                 1
CPXPARAM_Preprocessing_Reformulations            0
CPXPARAM_Emphasis_MIP                            2
CPXPARAM_TimeLimit                               7200
CPXPARAM_MIP_Tolerances_AbsMIPGap                0.98999999999999999
CPXPARAM_MIP_Limits_TreeMemory                   20000
Legacy callback                                  BbD
1 of 1 MIP starts provided solutions.
MIP start 'm1' defined initial solution with objective 5409.0000.
Tried aggregator 1 time.
MIP Presolve modified 1282 coefficients.
Reduced MIP has 1754 rows, 1444 columns, and 7254 nonzeros.
Reduced MIP has 1362 binaries, 0 generals, 0 SOSs, and 0 indicators.
Presolve time = 0.00 sec. (4.18 ticks)
Probing time = 0.00 sec. (2.36 ticks)
Tried aggregator 1 time.
Reduced MIP has 1754 rows, 1444 columns, and 7254 nonzeros.
Reduced MIP has 1362 binaries, 0 generals, 0 SOSs, and 0 indicators.
Presolve time = 0.00 sec. (2.61 ticks)
Probing time = 0.00 sec. (2.37 ticks)
Clique table members: 771.
MIP emphasis: optimality.
MIP search method: traditional branch-and-cut.
Parallel mode: none, using 1 thread.
Root relaxation solution time = 0.00 sec. (3.18 ticks)

        Nodes                                         Cuts/
   Node  Left     Objective  IInf  Best Integer    Best Bound    ItCnt     Gap         Variable B NodeID Parent  Depth

*     0+    0                         5409.0000        0.0000           100.00%
      0     0     4543.6273   176     5409.0000     4543.6273      226   16.00%
      0     0     5215.6197   178     5409.0000      Cuts: 45      351    3.58%
      0     0     5240.7823   173     5409.0000      Cuts: 20      404    3.11%
      0     0     5296.5000   163     5409.0000       Cuts: 5      420    2.08%
      0     0     5296.5000   171     5409.0000   ZeroHalf: 5      429    2.08%
      0     0     5304.0000   162     5409.0000   ZeroHalf: 7      456    1.94%

Repeating presolve.
Tried aggregator 1 time.
MIP Presolve eliminated 0 rows and 387 columns.
Reduced MIP has 1754 rows, 1057 columns, and 6093 nonzeros.
Reduced MIP has 975 binaries, 0 generals, 0 SOSs, and 0 indicators.
Presolve time = 0.00 sec. (2.37 ticks)
Probing time = 0.00 sec. (1.84 ticks)
Tried aggregator 1 time.
Reduced MIP has 1754 rows, 1057 columns, and 6093 nonzeros.
Reduced MIP has 975 binaries, 0 generals, 0 SOSs, and 0 indicators.
Presolve time = 0.00 sec. (2.25 ticks)
Represolve time = 0.00 sec. (7.84 ticks)
Probing time = 0.00 sec. (1.91 ticks)
Clique table members: 608.
MIP emphasis: optimality.
MIP search method: traditional branch-and-cut.
Parallel mode: none, using 1 thread.
Root relaxation solution time = 0.00 sec. (3.26 ticks)

        Nodes                                         Cuts/
   Node  Left     Objective  IInf  Best Integer    Best Bound    ItCnt     Gap         Variable B NodeID Parent  Depth

*     0+    0                         5409.0000     5304.0000             1.94%
      0     0     5304.0000   164     5409.0000     5304.0000      665    1.94%
      0     0     5310.6364   167     5409.0000       Cuts: 3      693    1.82%
      0     0     5313.1667   167     5409.0000   ZeroHalf: 6      695    1.77%
      0     0     5337.2222   167     5409.0000   ZeroHalf: 2      700    1.33%
      0     0     5359.0025   163     5409.0000   ZeroHalf: 4      764    0.92%
      0     0     5359.5119   170     5409.0000       Cuts: 3      792    0.91%
      0     0     5363.0172   168     5409.0000   ZeroHalf: 4      819    0.85%
      0     0     5367.0000   147     5409.0000       Cuts: 2      842    0.78%
      0     0     5367.0000   159     5409.0000       Cuts: 4      870    0.78%
      0     2     5367.0000   135     5409.0000     5367.0000      870    0.78%                        0             0
Elapsed time = 0.36 sec. (735.90 ticks, tree = 0.01 MB, solutions = 1)
      3     5     5367.2703   157     5409.0000     5367.2162     1064    0.77%    x(c7_3_c8_3) D      3      2      2
     28    20     5374.1928   131     5409.0000     5367.3733     1430    0.77%  x(c13_4_c23_4) D     28     26      5
     60    40     5380.5486   126     5409.0000     5374.0000     1979    0.65%  x(c23_2_c10_2) U     60     55      8
    100    72     5375.0266    79     5409.0000     5375.0000     3274    0.63%  x(c21_2_c10_2) D    100     99     11
    157   117     5375.3708   105     5409.0000     5375.0890     4339    0.63%   x(c23_3_c5_3) D    157    156     21
    240   176     5388.2193   100     5409.0000     5376.2347     6645    0.61%   x(c2_3_c19_3) D    240    225     36
    361   256        cutoff           5409.0000     5380.0399    10200    0.54%   x(c9_2_c20_2) U    361    359     11
    451   302     5393.6068   102     5409.0000     5382.5114    13772    0.49%  x(c16_1_c11_1) U    451    369     14
    576   378     5402.5269   126     5409.0000     5386.0000    17010    0.43%     x(c23_2_Om) U    576    176     15
   1090   538     5393.4019   142     5409.0000     5393.2960    31264    0.29%   x(c19_3_c2_3) D   1090   1089     14
Elapsed time = 1.84 sec. (4046.21 ticks, tree = 0.60 MB, solutions = 1)
*  1831     0      integral     0     5400.0000     5400.0000    44099    0.00%

Clique cuts applied:  26
Cover cuts applied:  20
Flow cuts applied:  5
Mixed integer rounding cuts applied:  6
Zero-half cuts applied:  14
Multi commodity flow cuts applied:  2
Gomory fractional cuts applied:  5

Root node processing (before b&c):
  Real time             =    0.36 sec. (735.29 ticks)
Sequential b&c:
  Real time             =    1.91 sec. (4250.18 ticks)
                          ------------
Total (root+branch&cut) =    2.26 sec. (4985.47 ticks)

