Version identifier: 22.1.0.0 | 2022-03-09 | 1a383f8ce
CPXPARAM_Preprocessing_Reduce                    1
CPXPARAM_Threads                                 1
CPXPARAM_Preprocessing_Reformulations            0
CPXPARAM_Emphasis_MIP                            2
CPXPARAM_TimeLimit                               7200
CPXPARAM_MIP_Tolerances_AbsMIPGap                0.98999999999999999
CPXPARAM_MIP_Limits_TreeMemory                   20000
Legacy callback                                  BbD
1 of 1 MIP starts provided solutions.
MIP start 'm1' defined initial solution with objective 3572.0000.
Tried aggregator 1 time.
MIP Presolve modified 1122 coefficients.
Reduced MIP has 1398 rows, 1240 columns, and 6092 nonzeros.
Reduced MIP has 1180 binaries, 0 generals, 0 SOSs, and 0 indicators.
Presolve time = 0.00 sec. (3.58 ticks)
Probing time = 0.00 sec. (2.41 ticks)
Tried aggregator 1 time.
Reduced MIP has 1398 rows, 1240 columns, and 6092 nonzeros.
Reduced MIP has 1180 binaries, 0 generals, 0 SOSs, and 0 indicators.
Presolve time = 0.00 sec. (2.22 ticks)
Probing time = 0.00 sec. (2.42 ticks)
Clique table members: 654.
MIP emphasis: optimality.
MIP search method: traditional branch-and-cut.
Parallel mode: none, using 1 thread.
Root relaxation solution time = 0.00 sec. (2.44 ticks)

        Nodes                                         Cuts/
   Node  Left     Objective  IInf  Best Integer    Best Bound    ItCnt     Gap         Variable B NodeID Parent  Depth

*     0+    0                         3572.0000        0.0000           100.00%
      0     0     3055.7949   132     3572.0000     3055.7949      149   14.45%
      0     0     3354.1180   124     3572.0000      Cuts: 29      223    6.10%
      0     0     3375.0000   114     3572.0000       Cuts: 7      256    5.52%
      0     0     3375.5000   117     3572.0000       Cuts: 5      265    5.50%
      0     0     3377.3160   120     3572.0000       Cuts: 4      281    5.45%
      0     0     3402.4465   127     3572.0000       Cuts: 3      296    4.75%
      0     0     3416.1965   127     3572.0000       Cuts: 9      308    4.36%
      0     0     3425.5298   121     3572.0000       Cuts: 5      312    4.10%
      0     0     3429.2007   124     3572.0000  ZeroHalf: 13      330    4.00%
      0     0     3469.0000   117     3572.0000       Cuts: 2      354    2.88%

Repeating presolve.
Tried aggregator 1 time.
MIP Presolve eliminated 0 rows and 443 columns.
Reduced MIP has 1398 rows, 797 columns, and 4763 nonzeros.
Reduced MIP has 737 binaries, 0 generals, 0 SOSs, and 0 indicators.
Presolve time = 0.00 sec. (1.93 ticks)
Probing time = 0.00 sec. (1.48 ticks)
Tried aggregator 1 time.
Reduced MIP has 1398 rows, 797 columns, and 4763 nonzeros.
Reduced MIP has 737 binaries, 0 generals, 0 SOSs, and 0 indicators.
Presolve time = 0.00 sec. (1.79 ticks)
Represolve time = 0.00 sec. (6.45 ticks)
Probing time = 0.00 sec. (1.54 ticks)
Clique table members: 461.
MIP emphasis: optimality.
MIP search method: traditional branch-and-cut.
Parallel mode: none, using 1 thread.
Root relaxation solution time = 0.00 sec. (2.44 ticks)

        Nodes                                         Cuts/
   Node  Left     Objective  IInf  Best Integer    Best Bound    ItCnt     Gap         Variable B NodeID Parent  Depth

*     0+    0                         3572.0000     3469.0000             2.88%
      0     0     3469.0000   132     3572.0000     3469.0000      513    2.88%
      0     0     3473.6667   107     3572.0000   ZeroHalf: 4      545    2.75%
      0     0     3489.0000   115     3572.0000       Cuts: 9      575    2.32%
      0     0     3489.0000   120     3572.0000       Cuts: 4      583    2.32%
      0     2     3489.0000    82     3572.0000     3489.0000      583    2.32%                        0             0
Elapsed time = 0.26 sec. (549.32 ticks, tree = 0.01 MB, solutions = 1)
      4     5     3489.3998    99     3572.0000     3489.0125      854    2.32%   x(c13_3_c9_3) D      4      1      2
     20    15     3536.4916    91     3572.0000     3489.0125     1005    2.32%  x(c19_1_c10_1) D     20     19     17
     69    18     3560.5968    69     3572.0000     3541.8490     2581    0.84%  x(c14_3_c10_3) D     69     23     21

Clique cuts applied:  18
Cover cuts applied:  7
Flow cuts applied:  1
Mixed integer rounding cuts applied:  2
Zero-half cuts applied:  18
Gomory fractional cuts applied:  2

Root node processing (before b&c):
  Real time             =    0.26 sec. (548.83 ticks)
Sequential b&c:
  Real time             =    0.39 sec. (946.26 ticks)
                          ------------
Total (root+branch&cut) =    0.65 sec. (1495.10 ticks)

