Version identifier: 22.1.0.0 | 2022-03-09 | 1a383f8ce
CPXPARAM_Preprocessing_Reduce                    0
CPXPARAM_Threads                                 1
CPXPARAM_Preprocessing_Reformulations            0
CPXPARAM_Emphasis_MIP                            2
CPXPARAM_TimeLimit                               7200
CPXPARAM_MIP_Tolerances_AbsMIPGap                0.98999999999999999
CPXPARAM_MIP_Limits_TreeMemory                   20000
Legacy callback                                  BbLUID
         Disabling repeat represolve because of lazy constraint/incumbent callback.
1 of 1 MIP starts provided solutions.
MIP start 'm1' defined initial solution with objective 3694.0000.
Tried aggregator 0 times.
Reduced MIP has 133 rows, 1486 columns, and 4328 nonzeros.
Reduced MIP has 1486 binaries, 0 generals, 0 SOSs, and 0 indicators.
Presolve time = 0.00 sec. (0.27 ticks)
Probing time = 0.00 sec. (2.42 ticks)
Clique table members: 68.
MIP emphasis: optimality.
MIP search method: traditional branch-and-cut.
Parallel mode: none, using 1 thread.
Root relaxation solution time = 0.00 sec. (0.82 ticks)

        Nodes                                         Cuts/
   Node  Left     Objective  IInf  Best Integer    Best Bound    ItCnt     Gap         Variable B NodeID Parent  Depth

*     0+    0                         3694.0000        0.0000           100.00%
      0     0     3351.0000    30     3694.0000     3051.0000      112   17.41%
      0     0     3401.0000     8     3694.0000      Cuts: 12      136    7.93%
      0     0     3434.7500    19     3694.0000      Cuts: 10      149    7.02%
      0     0     3459.3000    95     3694.0000      Cuts: 10      167    6.35%
      0     0     3493.2500   108     3694.0000      Cuts: 21      190    5.43%
      0     0     3503.5964   140     3694.0000      Cuts: 24      210    5.15%
      0     0     3522.7980   144     3694.0000      Cuts: 28      238    4.63%
      0     0     3530.8889   103     3694.0000      Cuts: 22      254    4.42%
      0     0     3541.7500    49     3694.0000      Cuts: 14      269    4.12%
      0     0     3544.7424   112     3694.0000       Cuts: 7      288    4.04%
      0     0     3548.7321    79     3694.0000      Cuts: 12      309    3.93%
      0     0     3549.4286    45     3694.0000       Cuts: 3      315    3.91%
      0     0     3550.0000    34     3694.0000       Cuts: 3      318    3.90%
      0     0     3550.3571   114     3694.0000       Cuts: 7      328    3.89%
      0     0     3552.9271   125     3694.0000      Cuts: 10      352    3.82%
      0     0     3553.3750    80     3694.0000       Cuts: 6      361    3.81%
      0     0     3555.3696   145     3694.0000       Cuts: 2      382    3.75%
      0     0     3558.2970   154     3694.0000      Cuts: 11      407    3.67%
      0     0     3561.1833   157     3694.0000   ZeroHalf: 4      428    3.60%
      0     0     3563.3929   145     3694.0000   ZeroHalf: 6      440    3.54%
      0     0     3563.6656   162     3694.0000   ZeroHalf: 6      447    3.53%
      0     0     3563.6656   152     3694.0000       User: 1      448    3.53%
      0     2     3563.6739   161     3694.0000     3564.5952      448    3.50%                        0             0
Elapsed time = 0.22 sec. (311.42 ticks, tree = 0.01 MB, solutions = 1)
     33    25     3579.3500   133     3694.0000     3570.2500      833    3.35%  x(c19_1_c14_1) N     33     32      5
    101    87     3581.7345   112     3694.0000     3581.7732     1916    3.04%  x(c11_1_c15_1) D    101     84      4
    194   180     3605.1114   143     3694.0000     3591.8103     3898    2.77%  x(c11_1_c15_1) U    194    135      9
    285   269     3672.6739   129     3694.0000     3597.0000     5766    2.63%  x(c10_1_c11_1) N    285     48     18
    374   355     3629.7031    86     3694.0000     3598.9679     7319    2.57%   x(c33_2_c3_2) U    374    297     15
    466   444     3604.9167    43     3694.0000     3601.2500     9089    2.51%  x(c18_2_c24_2) U    466    429     11
    560   537     3603.1250    89     3694.0000     3602.7222    10856    2.47%   x(c4_1_c10_1) D    560      8      8
    660   637     3617.4808   105     3694.0000     3604.1750    12797    2.43%    x(c3_3_c5_3) U    660    658     18
    754   730     3647.2600   115     3694.0000     3605.3667    14516    2.40%  x(c19_1_c14_1) D    754    533     18
   1091  1061     3613.5000    24     3694.0000     3608.7500    22089    2.31%     x(Op_c20_3) N   1091   1090     20
Elapsed time = 3.49 sec. (3435.22 ticks, tree = 4.96 MB, solutions = 1)
   1432  1387     3622.0208   110     3694.0000     3610.6406    28644    2.26%   x(c32_3_c3_3) D   1432    838     18
   1739  1693     3613.7872    41     3694.0000     3612.6333    36044    2.20%    x(c3_3_c5_3) D   1739   1582     24
   1990  1937     3620.0533    69     3694.0000     3614.0000    43594    2.17%  x(c20_2_c44_2) U   1990   1988     18
   2244  2186     3650.0000    39     3694.0000     3615.3333    50768    2.13%  x(c11_3_c15_3) U   2244   1103     17
   2525  2453     3617.4333    96     3694.0000     3616.4286    57303    2.10%  x(c25_2_c19_2) D   2525   1664     18
   2745  2669     3618.0172    95     3694.0000     3617.3837    64315    2.07%  x(c26_2_c25_2) D   2745   1516     24
   3051  2961     3627.0231    66     3694.0000     3618.3667    70113    2.05%  x(c24_2_c19_2) U   3051   2484     25
   3326  3217     3647.5000    89     3694.0000     3619.0556    75809    2.03%     x(Op_c19_1) N   3326    976      9
   3596  3473     3650.4375    84     3694.0000     3619.7045    81893    2.01%    x(c3_2_c5_2) U   3596   1353     18
   3860  3717     3621.8750    55     3694.0000     3620.2719    87318    2.00%  x(c24_2_c19_2) D   3860   3859     18
Elapsed time = 10.65 sec. (13002.44 ticks, tree = 23.69 MB, solutions = 1)
   4108  3951     3624.0000    58     3694.0000     3620.8333    93027    1.98%     x(Op_c20_3) D   4108   2985     20
   4365  4187     3650.9167    59     3694.0000     3621.3333    98743    1.97%    x(c3_2_c5_2) U   4365   3083     10
   4630  4442     3648.8598    82     3694.0000     3621.7750   104264    1.96%   x(c4_1_c41_1) U   4630   3401     17
*  4750+ 4047                         3661.0000     3622.0000             1.07%
   4880  4138     3628.0000   104     3661.0000     3622.2633   109131    1.06%  x(c25_2_c19_2) D   4880   2145     14
   5139  4314        cutoff           3661.0000     3622.6864   114149    1.05%  x(c24_2_c16_2) U   5139   4726     34
   5435  4516     3623.7083    88     3661.0000     3623.1256   119224    1.03%     x(Op_c19_1) D   5435   5434     12
   5710  4730     3624.0000    61     3661.0000     3623.5000   124667    1.02%  x(c27_3_c34_3) D   5710   4391     22
   5982  4926     3651.5000    28     3661.0000     3623.8750   130409    1.01%   x(c9_2_c41_2) D   5982   5474     36
   6289  5157     3625.7956    97     3661.0000     3624.2222   135390    1.00%  x(c25_2_c16_2) D   6289   5833     30
   6554  5358     3624.6504   116     3661.0000     3624.6070   140307    0.99%  x(c37_1_c34_1) D   6554   6553     15
Elapsed time = 16.91 sec. (22590.08 ticks, tree = 39.07 MB, solutions = 2)
   6794  5537     3625.1500    75     3661.0000     3625.0000   145091    0.98%  x(c43_3_c15_3) D   6794   6338     29
   7070  5743     3652.0000    30     3661.0000     3625.2500   149869    0.98%     x(Op_c12_1) U   7070   5812     18
   7349  5937        cutoff           3661.0000     3625.5682   154506    0.97%     x(c11_1_Om) U   7349   1214     33
   7634  6126     3654.3333    47     3661.0000     3625.8750   159400    0.96%  x(c19_1_c14_1) N   7634   5346     17
   7908  6337     3626.7628   104     3661.0000     3626.1417   164323    0.95%  x(c29_1_c27_1) U   7908   7347     18
   8143  6487     3649.9500    62     3661.0000     3626.5000   169506    0.94%   x(c41_2_c5_2) U   8143   8141     37
   8366  6640     3650.5625    84     3661.0000     3626.7500   173866    0.94%  x(c26_2_c25_2) U   8366   8364     26
   8628  6827     3642.5000    77     3661.0000     3627.0000   178803    0.93%  x(c30_3_c25_3) U   8628   8626     22
   8890  6982     3631.1333    56     3661.0000     3627.2907   183360    0.92%  x(c28_2_c31_2) D   8890   1495     23
   9146  7135     3628.4737   105     3661.0000     3627.5375   188018    0.91%    x(c3_2_c5_2) D   9146   2219     10
Elapsed time = 22.51 sec. (32161.24 ticks, tree = 56.71 MB, solutions = 2)
   9398  7286        cutoff           3661.0000     3627.8333   192673    0.91%  x(c28_2_c31_2) U   9398   8461     40
   9666  7456     3639.6875    86     3661.0000     3628.0500   197089    0.90%  x(c36_1_c34_1) D   9666   2193     19
   9922  7626        cutoff           3661.0000     3628.3500   201680    0.89%   x(c3_2_c33_2) U   9922   7547     24
  10175  7790        cutoff           3661.0000     3628.5766   205955    0.89%  x(c19_1_c14_1) D  10175   6048     31
  10442  7942     3637.3438    84     3661.0000     3628.8409   210170    0.88%  x(c25_3_c43_3) D  10442   4490     16
  10709  8133     3640.4500    82     3661.0000     3629.0000   214596    0.87%  x(c24_2_c19_2) U  10709   9710     29
  10963  8284     3644.0000    80     3661.0000     3629.2500   219364    0.87%   x(c9_2_c41_2) D  10963   7882     20
  11200  8419     3629.5000    66     3661.0000     3629.5000   223960    0.86%   x(c32_2_c3_2) D  11200  10218     17
  11461  8570     3644.2083    98     3661.0000     3629.7000   228198    0.85%    x(c3_2_c5_2) N  11461   2648     16
  11716  8732     3632.2500    67     3661.0000     3629.9539   232538    0.85%  x(c29_3_c26_3) N  11716  11715     34
Elapsed time = 27.93 sec. (41739.46 ticks, tree = 73.93 MB, solutions = 2)
  11953  8879     3651.8333    45     3661.0000     3630.1000   236876    0.84%     x(Op_c29_1) U  11953   5259     13
  12197  9037     3655.2500    90     3661.0000     3630.3000   241332    0.84%   x(c3_3_c39_3) N  12197  10737     17
  12430  9191        cutoff           3661.0000     3630.5000   245363    0.83%  x(c31_2_c24_2) D  12430  12429     33
  12671  9339     3635.2609    68     3661.0000     3630.7273   249865    0.83%  x(c36_1_c34_1) U  12671   9497     26
  12904  9461     3651.5000    75     3661.0000     3630.9455   254281    0.82%   x(c32_3_c5_3) U  12904   1409     14
  13144  9580        cutoff           3661.0000     3631.0244   258281    0.82%    x(c3_2_c5_2) U  13144   5800     26
  13381  9690        cutoff           3661.0000     3631.2583   262162    0.81%  x(c20_2_c44_2) U  13381  10152     46
  13625  9817     3654.3333    57     3661.0000     3631.5000   266328    0.81%     x(Op_c20_3) U  13625  13264     33
  13855  9943     3642.0000    44     3661.0000     3631.7500   270361    0.80%  x(c25_3_c43_3) D  13855   5690     28
  14078 10077     3632.1250    79     3661.0000     3631.9333   274240    0.79%    x(c3_2_c5_2) N  14078  14077     23
Elapsed time = 33.33 sec. (51303.69 ticks, tree = 89.31 MB, solutions = 2)
  14305 10196     3635.0833    72     3661.0000     3632.0990   278420    0.79%     x(Op_c12_1) N  14305  10774     21
  14534 10336     3637.9679   113     3661.0000     3632.2844   282497    0.78%  x(c11_3_c10_3) D  14534  14088     27
* 14740+ 8549                         3653.0000     3632.5000             0.56%
  14760  8563     3637.3750    59     3653.0000     3632.5000   286196    0.56%  x(c11_3_c10_3) N  14760  13406     21
  14969  8631     3640.4257    99     3653.0000     3632.6562   289192    0.56%  x(c11_3_c10_3) N  14969  14543     33
  15200  8713     3644.2000    67     3653.0000     3632.8750   292692    0.55%   x(c3_2_c32_2) D  15200  13736     19
  15428  8804     3640.5000    97     3653.0000     3633.0250   296106    0.55%     x(Op_c29_1) U  15428  13265     17
  15660  8900     3648.6667    76     3653.0000     3633.2500   299389    0.54%   x(c32_3_c3_3) D  15660  15658     18
  15890  9000     3636.0800    70     3653.0000     3633.4500   303022    0.54%  x(c25_2_c19_2) D  15890   5962     28
  16140  9074     3645.0000    12     3653.0000     3633.6154   306285    0.53%  x(c20_2_c44_2) D  16140  14050     30
  16390  9157     3640.8333    59     3653.0000     3633.8333   309511    0.52%  x(c26_2_c25_2) N  16390   3778     23
Elapsed time = 38.42 sec. (60883.35 ticks, tree = 84.44 MB, solutions = 3)
  16619  9256     3636.4000    56     3653.0000     3634.0000   313044    0.52%   x(c41_2_c5_2) N  16619  12113     46
  16861  9308     3644.5000    78     3653.0000     3634.1000   316274    0.52%   x(c32_3_c3_3) D  16861   5886     26
  17101  9387     3643.0833    59     3653.0000     3634.3333   319623    0.51%    x(c3_2_c5_2) U  17101   9314     21
  17351  9471        cutoff           3653.0000     3634.5000   323154    0.51%  x(c26_2_c25_2) U  17351   5048     29
  17595  9562        cutoff           3653.0000     3634.6515   326801    0.50%   x(c6_3_c39_3) U  17595   3046     21
  17818  9621     3646.1429    83     3653.0000     3634.8000   330318    0.50%  x(c38_2_c31_2) D  17818   3624     26
  18062  9732     3637.0000    42     3653.0000     3635.0000   333634    0.49%   x(c41_2_c5_2) U  18062   6840     31
  18307  9823     3635.4062    85     3653.0000     3635.1053   336799    0.49%  x(c25_1_c24_1) N  18307  15401     15
  18559  9904     3645.9000    56     3653.0000     3635.2727   340292    0.49%  x(c24_2_c19_2) N  18559  18557     28
  18800  9997     3635.5252    97     3653.0000     3635.5000   343586    0.48%  x(c25_2_c19_2) D  18800  12729     24
Elapsed time = 43.54 sec. (70450.03 ticks, tree = 95.31 MB, solutions = 3)
  19026 10020        cutoff           3653.0000     3635.5952   346634    0.48%  x(c30_3_c29_3) U  19026  10191     19
  19254 10075        cutoff           3653.0000     3635.7500   349768    0.47%     x(Op_c12_1) U  19254  18574     24
  19496 10129        cutoff           3653.0000     3635.9643   352859    0.47%  x(c19_1_c14_1) D  19496  17277     14
  19724 10188        cutoff           3653.0000     3636.0392   355968    0.46%   x(c4_1_c41_1) U  19724  14977     24
  19966 10247        cutoff           3653.0000     3636.2500   359377    0.46%  x(c28_2_c31_2) U  19966   5836     29
  20193 10328     3641.1333    67     3653.0000     3636.4000   362642    0.45%   x(c3_3_c39_3) N  20193  17382     17
  20410 10399        cutoff           3653.0000     3636.5000   365744    0.45%    x(c9_2_c5_2) D  20410  20409     31
  20642 10449     3637.4583    71     3653.0000     3636.6667   368829    0.45%  x(c39_3_c29_3) N  20642  15638     31
  20881 10497     3637.3846    58     3653.0000     3636.8577   371942    0.44%  x(c25_2_c19_2) D  20881  20031     26
  21092 10587     3637.1071    73     3653.0000     3637.0000   375009    0.44%  x(c30_3_c29_3) D  21092  19408     31
Elapsed time = 48.50 sec. (80004.39 ticks, tree = 103.63 MB, solutions = 3)
  21317 10632     3637.9000   108     3653.0000     3637.0000   378095    0.44%  x(c19_1_c14_1) N  21317   8420     16
  21551 10694     3638.3125    66     3653.0000     3637.1944   381375    0.43%  x(c30_3_c25_3) U  21551  13249     28
  21766 10747        cutoff           3653.0000     3637.3333   384618    0.43%  x(c28_2_c31_2) D  21766   3576     21
  21998 10796        cutoff           3653.0000     3637.5000   387685    0.42%     x(c36_1_Om) U  21998  12683     25
  22228 10869     3638.6094    76     3653.0000     3637.5714   390578    0.42%  x(c32_3_c34_3) U  22228  21511     25
  22452 10925     3637.8051    92     3653.0000     3637.6920   393786    0.42%   x(c32_2_c3_2) N  22452  22451     41
  22677 10989     3651.3333    42     3653.0000     3637.8333   396654    0.42%   x(c32_3_c3_3) U  22677  11745     26
  22892 11043        cutoff           3653.0000     3637.9697   399600    0.41%  x(c33_2_c26_2) U  22892  18162     15
  23129 11086        cutoff           3653.0000     3638.0000   402483    0.41%  x(c11_3_c10_3) U  23129  23127     23
* 23332  8733      integral     0     3649.0000     3638.1667   405527    0.30%
  24001  8730     3642.3393    83     3649.0000     3638.5343   413212    0.29%  x(c29_3_c27_3) N  24001  24000     31
Elapsed time = 54.72 sec. (92422.55 ticks, tree = 88.74 MB, solutions = 4)
  24867  8700     3646.6400    81     3649.0000     3639.0000   423278    0.27%  x(c29_3_c30_3) N  24867   1725      9
  25734  8721     3640.7000    59     3649.0000     3639.5000   432684    0.26%  x(c43_1_c24_1) U  25734   9308     41
  26647  8684        cutoff           3649.0000     3640.0000   442081    0.25%  x(c12_1_c11_1) U  26647  20323     23
  27507  8591        cutoff           3649.0000     3640.4167   451407    0.24%  x(c39_3_c29_3) U  27507  26969     28
  28374  8510        cutoff           3649.0000     3640.8062   459483    0.22%   x(c4_1_c41_1) U  28374   1708     14
  29249  8377     3641.4000    83     3649.0000     3641.2000   467848    0.21%  x(c33_2_c26_2) N  29249  24265     20
  30120  8232     3642.6250    67     3649.0000     3641.6250   476521    0.20%  x(c24_2_c19_2) N  30120  28123     18
  30987  8011        cutoff           3649.0000     3642.0000   485105    0.19%    x(c9_2_c5_2) U  30987  13379     17
  31826  7826     3647.0119    80     3649.0000     3642.4167   493265    0.18%  x(c39_3_c34_3) N  31826  31825     18
  32686  7583        cutoff           3649.0000     3642.7655   500821    0.17%  x(c11_3_c10_3) U  32686  31677     12
Elapsed time = 72.38 sec. (130593.56 ticks, tree = 82.89 MB, solutions = 4)
  33568  7294     3643.1667    37     3649.0000     3643.1667   507908    0.16%   x(c41_2_c5_2) N  33568  33182     35
  34439  6951        cutoff           3649.0000     3643.5000   515336    0.15%  x(c27_1_c25_1) U  34439  24093     34
  35324  6574     3645.7500    86     3649.0000     3643.9889   522339    0.14%   x(c9_3_c13_3) N  35324  21813     18
  36282  6129     3644.3452   104     3649.0000     3644.3417   529057    0.13%  x(c25_2_c19_2) N  36282  21895     27
  37188  5659        cutoff           3649.0000     3644.7500   535944    0.12%   x(c41_2_c5_2) U  37188  36770     35
  38104  5124     3646.6111    76     3649.0000     3645.0959   541410    0.11%   x(c9_2_c41_2) N  38104  22217     13
  39031  4579        cutoff           3649.0000     3645.5000   547095    0.10%     x(Op_c20_3) U  39031  39029     19
  39947  3973        cutoff           3649.0000     3646.0000   552490    0.08%  x(c30_3_c26_3) U  39947  36810     23
  40903  3330        cutoff           3649.0000     3646.3571   557698    0.07%  x(c11_3_c10_3) D  40903  40382     28
  41878  2585        cutoff           3649.0000     3646.7778   562282    0.06%  x(c33_2_c26_2) U  41878  38356     18
Elapsed time = 89.28 sec. (168754.11 ticks, tree = 30.15 MB, solutions = 4)
  42797  1815        cutoff           3649.0000     3647.1667   566159    0.05%  x(c34_1_c27_1) D  42797   4259     18
  43771   955        cutoff           3649.0000     3647.6250   569291    0.04%  x(c33_2_c26_2) D  43771  39714     24
  44745    23        cutoff           3649.0000     3648.0000   571722    0.03%   x(c4_1_c41_1) U  44745  25601     33

Zero-half cuts applied:  56
Gomory fractional cuts applied:  1
User cuts applied:  1318

Root node processing (before b&c):
  Real time             =    0.22 sec. (311.25 ticks)
Sequential b&c:
  Real time             =   94.54 sec. (180212.89 ticks)
                          ------------
Total (root+branch&cut) =   94.76 sec. (180524.13 ticks)

