Version identifier: 22.1.0.0 | 2022-03-09 | 1a383f8ce
CPXPARAM_Preprocessing_Reduce                    0
CPXPARAM_Threads                                 1
CPXPARAM_Preprocessing_Reformulations            0
CPXPARAM_Emphasis_MIP                            2
CPXPARAM_TimeLimit                               7200
CPXPARAM_MIP_Tolerances_AbsMIPGap                0.98999999999999999
CPXPARAM_MIP_Limits_TreeMemory                   20000
Legacy callback                                  BbLUID
         Disabling repeat represolve because of lazy constraint/incumbent callback.
1 of 1 MIP starts provided solutions.
MIP start 'm1' defined initial solution with objective 4503.0000.
Tried aggregator 0 times.
Reduced MIP has 233 rows, 4532 columns, and 13366 nonzeros.
Reduced MIP has 4532 binaries, 0 generals, 0 SOSs, and 0 indicators.
Presolve time = 0.00 sec. (0.83 ticks)
Probing time = 0.00 sec. (3.23 ticks)
Clique table members: 118.
MIP emphasis: optimality.
MIP search method: traditional branch-and-cut.
Parallel mode: none, using 1 thread.
Root relaxation solution time = 0.00 sec. (2.85 ticks)

        Nodes                                         Cuts/
   Node  Left     Objective  IInf  Best Integer    Best Bound    ItCnt     Gap         Variable B NodeID Parent  Depth

*     0+    0                         4503.0000        0.0000           100.00%
      0     0     4198.3333    50     4503.0000     4099.0000      227    8.97%
      0     0     4205.1000    28     4503.0000      Cuts: 11      231    6.62%
      0     0     4293.2000    60     4503.0000      Cuts: 15      270    4.66%
      0     0     4334.6667    94     4503.0000      Cuts: 27      307    3.74%
      0     0     4340.6667    86     4503.0000      Cuts: 19      319    3.61%
      0     0     4345.7209   151     4503.0000      Cuts: 11      331    3.49%
      0     0     4352.0000    54     4503.0000      Cuts: 14      339    3.35%
      0     0     4354.8750    35     4503.0000       Cuts: 7      357    3.29%
      0     0     4355.2857    43     4503.0000       Cuts: 5      364    3.28%
      0     0     4357.6154    77     4503.0000       Cuts: 5      388    3.23%
      0     0     4357.9730   126     4503.0000      Cuts: 10      404    3.22%
      0     0     4360.2500    39     4503.0000       Cuts: 6      414    3.17%
      0     0     4360.4706    72     4503.0000       Cuts: 8      425    3.17%
      0     0     4360.4706    70     4503.0000       User: 1      432    3.17%
      0     0     4360.6928   121     4503.0000       User: 1      436    3.16%
      0     0     4362.4412    86     4503.0000       User: 3      463    3.12%
      0     0     4362.8500    80     4503.0000       User: 2      475    3.11%
      0     2     4362.8500    72     4503.0000     4363.1667      475    3.11%                        0             0
Elapsed time = 0.47 sec. (923.51 ticks, tree = 0.01 MB, solutions = 1)
      7     9     4433.7742    97     4503.0000     4368.8750      811    2.98%    x(c3_1_c6_1) U      7      4      5
     18    15     4370.1113   144     4503.0000     4370.5382     1104    2.94%  x(c27_1_c25_1) N     18      1      2
     35    32     4403.8333   110     4503.0000     4376.8864     1387    2.80%    x(c9_1_c8_1) D     35     33     14
     71    56     4381.5179   125     4503.0000     4380.3000     1880    2.72%    x(c3_1_c6_1) D     71     69      2
    100    85     4391.5920   200     4503.0000     4389.1667     2676    2.53%   x(c4_1_c42_1) D    100     99      7
    133   118     4401.9848   141     4503.0000     4393.8000     3528    2.43%  x(c33_3_c36_3) N    133     21      5
    167   151     4458.5000    98     4503.0000     4397.2083     4557    2.35%    x(c9_1_c8_1) N    167    165     15
    202   186     4413.8958   132     4503.0000     4400.2500     5505    2.28%  x(c28_1_c34_1) N    202     87      6
    247   231     4407.2132   147     4503.0000     4404.2500     6897    2.19%  x(c16_1_c14_1) U    247    156      4
    435   419     4421.0000   130     4503.0000     4412.7500    11930    2.00%  x(c38_1_c33_1) D    435    394     16
Elapsed time = 3.28 sec. (4087.98 ticks, tree = 2.63 MB, solutions = 1)
    629   606     4420.6389   124     4503.0000     4416.8182    17103    1.91%    x(c6_1_c2_1) D    629    628     28
    816   791     4469.2692   120     4503.0000     4420.4500    22885    1.83%   x(c41_1_c9_1) N    816    664     15
    995   968     4447.0000   113     4503.0000     4422.9375    27855    1.78%   x(c4_1_c42_1) U    995    395     15
   1180  1143     4455.7500    97     4503.0000     4424.6250    32528    1.74%     x(Op_c31_3) U   1180    786     21
   1349  1311     4429.9118   155     4503.0000     4426.0000    37541    1.71%  x(c38_1_c45_1) U   1349    908     19
   1520  1478     4496.3810    88     4503.0000     4427.3111    42555    1.68%  x(c38_1_c33_1) N   1520   1480     27
   1710  1658     4432.4184   155     4503.0000     4428.2857    47238    1.66%  x(c28_1_c34_1) U   1710   1709     24
   1877  1822     4429.9683   157     4503.0000     4429.3448    52003    1.64%   x(c6_3_c45_3) D   1877   1448     27
   2044  1986     4434.0070   190     4503.0000     4430.3704    56917    1.61%  x(c40_3_c41_3) D   2044   2043     24
   2224  2151     4471.3405   170     4503.0000     4431.1265    61537    1.60%  x(c38_1_c33_1) N   2224   1466      8
Elapsed time = 10.71 sec. (13646.73 ticks, tree = 17.96 MB, solutions = 1)
   2393  2318     4457.6923   115     4503.0000     4431.8182    66327    1.58%    x(c7_2_c8_2) U   2393   1529     14
   2569  2489     4439.5000    89     4503.0000     4432.6375    71275    1.56%  x(c27_1_c28_1) U   2569   2568     19
   2762  2655     4455.0256   161     4503.0000     4433.0182    75459    1.55%   x(c3_3_c45_3) U   2762   2760     34
   2926  2813     4475.7500    67     4503.0000     4433.6875    79987    1.54%  x(c41_1_c37_1) U   2926   1737     19
   3093  2965     4456.7670   174     4503.0000     4434.2500    84240    1.53%    x(c7_2_c8_2) U   3093   1349     20
   3261  3122     4461.0000    78     4503.0000     4434.7000    89003    1.52%  x(c25_1_c23_1) N   3261   2269     12
   3410  3259     4436.1667   145     4503.0000     4435.1719    93768    1.51%  x(c17_1_c18_1) U   3410   2167     10
   3565  3411     4454.9367   143     4503.0000     4435.7500    98162    1.49%  x(c27_1_c25_1) D   3565   3564     13
   3711  3548     4448.0000   129     4503.0000     4436.2500   102254    1.48%    x(c6_1_c2_1) D   3711   1909     24
   3875  3699     4482.4348   138     4503.0000     4436.6923   106668    1.47%  x(c27_1_c34_1) N   3875   3873     20
Elapsed time = 17.63 sec. (23224.48 ticks, tree = 34.76 MB, solutions = 1)
   4017  3827        cutoff           4503.0000     4437.0000   110956    1.47%  x(c40_3_c41_3) U   4017   4014     27
   4165  3965     4442.4515   193     4503.0000     4437.5000   115357    1.45%  x(c28_1_c34_1) N   4165   1100      8
   4308  4095     4500.9559   161     4503.0000     4437.8250   119759    1.45%  x(c28_1_c35_1) U   4308    348     15
   4470  4232     4439.3750   125     4503.0000     4438.1176   123616    1.44%   x(c3_1_c45_1) D   4470   4469     28
   4615  4374     4478.7750   108     4503.0000     4438.5000   128035    1.43%    x(c9_1_c8_1) U   4615   4613      9
   4753  4494     4445.0385   125     4503.0000     4438.7500   132622    1.43%     x(Op_c31_3) D   4753   3425     19
   4896  4627     4498.6957   138     4503.0000     4439.0000   136948    1.42%  x(c40_1_c41_1) N   4896   4894     50
   5030  4749     4441.5645   133     4503.0000     4439.3571   141183    1.41%  x(c40_3_c41_3) D   5030   3813     20
   5166  4873     4449.7500    75     4503.0000     4439.6667   145572    1.41%    x(c2_2_c3_2) U   5166   3552     19
   5302  4994     4449.9375   100     4503.0000     4439.9000   149174    1.40%    x(c6_1_c2_1) U   5302   4647     19
Elapsed time = 24.01 sec. (32807.19 ticks, tree = 51.03 MB, solutions = 1)
*  5400+ 4673                         4483.0000     4440.1000             0.96%
   5426  4693     4440.3571   157     4483.0000     4440.1875   153476    0.95%     x(Op_c31_3) D   5426   3886      9
   5559  4795     4441.1404   135     4483.0000     4440.4444   157430    0.95%    x(c6_2_c2_2) D   5559   4525     24
   5700  4908     4441.9643   135     4483.0000     4440.8333   161521    0.94%  x(c28_1_c34_1) U   5700   2690     14
   5839  5023     4459.1020   111     4483.0000     4441.2000   165650    0.93%  x(c27_1_c25_1) U   5839   5837     12
   5986  5147     4442.3478   167     4483.0000     4441.5000   169495    0.93%   x(c9_1_c10_1) D   5986   4646     25
   6122  5255     4469.7633   187     4483.0000     4442.0000   173280    0.91%  x(c16_3_c14_3) D   6122   3731     33
   6268  5362     4442.6667   138     4483.0000     4442.1667   177128    0.91%   x(c9_1_c42_1) D   6268   1370     10
   6405  5459        cutoff           4483.0000     4442.4286   180882    0.91%   x(c9_1_c10_1) U   6405   6225     27
   6540  5563     4473.2222   157     4483.0000     4442.6667   184884    0.90%  x(c28_1_c34_1) N   6540   3880     25
   6681  5677     4465.5833    94     4483.0000     4443.0000   188821    0.89%  x(c27_1_c25_1) U   6681   6128     19
Elapsed time = 30.09 sec. (42398.32 ticks, tree = 61.81 MB, solutions = 2)
   6820  5770     4443.5000   139     4483.0000     4443.1667   192443    0.89%   x(c9_1_c10_1) D   6820   5000     17
   6960  5882     4463.1667   134     4483.0000     4443.5000   196600    0.88%  x(c27_1_c25_1) U   6960   3692     10
   7103  5994     4445.1786   140     4483.0000     4443.7917   200581    0.87%   x(c42_2_c7_2) D   7103   6791     27
   7235  6085        cutoff           4483.0000     4444.0000   204475    0.87%    x(c8_1_c9_1) U   7235   6161     19
   7376  6194        cutoff           4483.0000     4444.2679   208276    0.86%    x(c9_1_c8_1) U   7376   3722     19
   7506  6290     4464.7500   128     4483.0000     4444.5000   212260    0.86%   x(c3_3_c45_3) U   7506   5875     33
   7648  6389        cutoff           4483.0000     4444.7500   216026    0.85%   x(c9_1_c10_1) U   7648   7646     17
   7764  6462     4446.4423   132     4483.0000     4445.0000   219638    0.85%    x(c6_2_c2_2) D   7764   2010     20
   7914  6566     4456.8780   153     4483.0000     4445.1591   223329    0.84%   x(c42_2_c7_2) U   7914   7318     24
   8023  6650     4476.3000   143     4483.0000     4445.3206   227189    0.84%    x(c8_1_c9_1) U   8023   4369     20
Elapsed time = 35.89 sec. (51984.09 ticks, tree = 75.82 MB, solutions = 2)
   8153  6736     4454.1159   170     4483.0000     4445.5833   231193    0.83%     x(Op_c31_3) D   8153   2511     20
   8280  6828     4449.9030   152     4483.0000     4445.7500   234905    0.83%  x(c33_3_c29_3) U   8280   5786     10
   8405  6922     4462.8750   131     4483.0000     4446.0000   238653    0.83%   x(c42_2_c7_2) U   8405   7332     21
   8550  7028     4478.9167   139     4483.0000     4446.2125   242278    0.82%  x(c35_1_c33_1) N   8550    288     10
   8684  7122        cutoff           4483.0000     4446.4167   245884    0.82%    x(c9_1_c8_1) U   8684   7103     28
   8830  7227     4446.5185   111     4483.0000     4446.5185   249187    0.81%    x(c6_2_c2_2) D   8830   7470     13
   8967  7316        cutoff           4483.0000     4446.7500   252895    0.81%   x(c9_1_c10_1) U   8967   7094     22
   9101  7405     4470.9079   181     4483.0000     4447.0000   256566    0.80%   x(c4_1_c40_1) U   9101   2636     30
   9223  7489     4472.8000   143     4483.0000     4447.1948   260265    0.80%   x(c9_1_c42_1) U   9223   9221     23
   9350  7573     4464.4403   146     4483.0000     4447.3333   263385    0.80%    x(c3_3_c6_3) U   9350   7258     24
Elapsed time = 41.53 sec. (61579.99 ticks, tree = 89.85 MB, solutions = 2)
   9477  7657     4478.0000    98     4483.0000     4447.5000   266812    0.79%  x(c38_1_c33_1) U   9477   9473     18
   9607  7743     4469.6667   148     4483.0000     4447.6667   270316    0.79%  x(c35_3_c36_3) U   9607   3890     25
   9734  7834     4478.6667   104     4483.0000     4447.8333   273862    0.78%    x(c8_1_c9_1) U   9734   6725     22
   9870  7930     4468.5000   157     4483.0000     4448.0000   277650    0.78%   x(c42_2_c7_2) U   9870   7844     19
  10003  8015     4451.8125   134     4483.0000     4448.1667   281088    0.78%  x(c41_1_c37_1) D  10003   7082     11
  10141  8101     4451.9030   166     4483.0000     4448.3333   284513    0.77%   x(c7_1_c11_1) D  10141    961     20
  10276  8188     4480.7771   153     4483.0000     4448.5000   288162    0.77%  x(c16_3_c14_3) D  10276   8851     24
  10412  8282     4459.3034   164     4483.0000     4448.6667   291685    0.77%  x(c40_3_c41_3) U  10412   9216     22
  10551  8369        cutoff           4483.0000     4448.8750   294760    0.76%     x(Op_c31_3) U  10551   2990     18
  10674  8444     4451.8947   158     4483.0000     4449.0000   298150    0.76%   x(c3_2_c45_2) D  10674   8356     30
Elapsed time = 47.09 sec. (71190.92 ticks, tree = 103.95 MB, solutions = 2)
  10812  8532     4456.0000    44     4483.0000     4449.1125   301593    0.76%   x(c32_1_c2_1) U  10812  10811     25
  10942  8609     4469.2500    89     4483.0000     4449.3333   305025    0.75%   x(c42_2_c7_2) U  10942   9348     17
  11062  8697     4480.3333   141     4483.0000     4449.5000   308133    0.75%    x(c6_2_c2_2) U  11062   6353     11
  11190  8773     4466.9699   159     4483.0000     4449.6667   311616    0.74%   x(c3_3_c45_3) U  11190  10850     32
  11343  8870     4461.0000   119     4483.0000     4449.7619   314741    0.74%  x(c34_1_c35_1) D  11343   3838     14
  11459  8936     4450.0013   195     4483.0000     4449.9613   318085    0.74%  x(c16_1_c14_1) U  11459  11458     32
  11595  9004     4451.3333   182     4483.0000     4450.0000   321370    0.74%  x(c41_1_c37_1) D  11595   1952     11
  11713  9079        cutoff           4483.0000     4450.2500   324738    0.73%  x(c40_1_c36_1) U  11713  10054     21
  11842  9152     4475.0833   121     4483.0000     4450.3333   328129    0.73%     x(Op_c31_3) U  11842   5404     10
  11959  9223     4451.5833   120     4483.0000     4450.5000   331331    0.72%     x(Op_c31_3) D  11959   4511     22
Elapsed time = 52.52 sec. (80753.46 ticks, tree = 116.93 MB, solutions = 2)
  12080  9307        cutoff           4483.0000     4450.6500   334404    0.72%    x(c6_2_c2_2) U  12080   7447     22
  12197  9385     4451.9461   141     4483.0000     4450.7750   337768    0.72%  x(c27_1_c25_1) D  12197   3344     15
  12318  9445     4455.3333   121     4483.0000     4450.9167   341019    0.72%  x(c34_1_c35_1) U  12318   2434     12
  12455  9515     4454.7794   157     4483.0000     4451.0000   344010    0.71%  x(c28_1_c34_1) U  12455  11113     19
  12572  9599     4451.1404   166     4483.0000     4451.1429   347499    0.71%    x(c9_1_c7_1) D  12572  12123     32
  12684  9662     4473.3333    78     4483.0000     4451.2500   351016    0.71%  x(c40_3_c41_3) N  12684  12683     17
  12799  9728        cutoff           4483.0000     4451.3396   354519    0.71%    x(c6_2_c2_2) U  12799   8555     11
  12911  9788        cutoff           4483.0000     4451.5000   357514    0.70%    x(c6_2_c2_2) U  12911   8561     14
  13048  9863     4474.3667    79     4483.0000     4451.6111   360889    0.70%   x(c9_1_c42_1) D  13048   9963     25
  13550 10144     4452.3143   142     4483.0000     4452.1799   373107    0.69%  x(c28_1_c34_1) U  13550   3820     15
Elapsed time = 59.51 sec. (93185.84 ticks, tree = 132.95 MB, solutions = 2)
  14060 10443     4464.4333   148     4483.0000     4452.6667   385328    0.68%  x(c40_3_c41_3) U  14060  12588     23
  14570 10706     4473.2963   134     4483.0000     4453.1667   397310    0.67%   x(c3_3_c45_3) U  14570  13909     21
  15079 11013     4453.6799   183     4483.0000     4453.5833   409114    0.66%    x(c9_1_c8_1) D  15079  12358     21
  15593 11302     4473.7500   109     4483.0000     4454.0000   420172    0.65%  x(c45_1_c40_1) D  15593  15592     25
  16080 11568     4474.9167   125     4483.0000     4454.3333   431633    0.64%    x(c7_2_c8_2) U  16080   2483     12
* 16536  7398      integral     0     4469.0000     4454.6667   442249    0.32%
  16580  7406     4455.5833   145     4469.0000     4454.6875   442933    0.32%   x(c3_3_c45_3) D  16580  16579     29
  17090  7452     4457.5000   143     4469.0000     4455.0506   451623    0.31%      x(c3_1_Om) N  17090   7544     21
  17602  7542        cutoff           4469.0000     4455.5000   460495    0.30%  x(c40_3_c41_3) U  17602   4078     21
  18159  7621     4457.4500   160     4469.0000     4455.8333   469214    0.29%    x(c9_1_c8_1) D  18159   3495      9
  18702  7701     4462.5415   183     4469.0000     4456.1724   478469    0.29%    x(c3_3_c6_3) N  18702   8892     31
Elapsed time = 80.13 sec. (131390.74 ticks, tree = 110.99 MB, solutions = 3)
  19166  7776     4456.5600   127     4469.0000     4456.5000   486085    0.28%   x(c7_2_c10_2) N  19166  17848     31
  19698  7786        cutoff           4469.0000     4456.8667   494631    0.27%    x(c3_3_c6_3) N  19698  19518     28
  20216  7846     4457.9306   132     4469.0000     4457.2059   502387    0.26%   x(c9_1_c42_1) D  20216   7045     25
  20712  7888        cutoff           4469.0000     4457.5000   510496    0.26%    x(c8_1_c9_1) U  20712   2669     13
  21221  7890        cutoff           4469.0000     4457.8450   518196    0.25%    x(c7_1_c5_1) U  21221  18412     33
  21709  7883        cutoff           4469.0000     4458.1087   525735    0.24%    x(c3_3_c6_3) D  21709  20129     32
  22215  7891     4460.0000   144     4469.0000     4458.4583   533271    0.24%    x(c7_2_c8_2) N  22215  11234     21
  22701  7891        cutoff           4469.0000     4458.7500   540780    0.23%  x(c16_3_c14_3) D  22701   5563     22
  23201  7850        cutoff           4469.0000     4459.0000   547832    0.22%  x(c28_1_c34_1) D  23201   4782     11
  23720  7835     4460.5446   153     4469.0000     4459.2782   554690    0.22%  x(c35_3_c36_3) D  23720  21878     31
Elapsed time = 98.77 sec. (169577.92 ticks, tree = 119.82 MB, solutions = 3)
  24212  7794     4460.6667   129     4469.0000     4459.5000   561488    0.21%    x(c7_2_c8_2) N  24212  11154     22
  24719  7773     4463.4167    92     4469.0000     4459.8333   567786    0.21%    x(c3_3_c6_3) N  24719  13174     21
  25263  7689     4462.6667   122     4469.0000     4460.1071   574600    0.20%    x(c6_1_c2_1) D  25263   7927     19
  25816  7670     4466.0000    85     4469.0000     4460.4762   581029    0.19%    x(c5_1_c6_1) U  25816  22626     20
  26317  7584     4464.8182   139     4469.0000     4460.7000   587497    0.19%  x(c35_3_c36_3) D  26317  26316     24
  26847  7512     4461.0000    98     4469.0000     4461.0000   594120    0.18%    x(c6_1_c2_1) N  26847  14358     20
  27328  7433     4463.1667   108     4469.0000     4461.2283   600789    0.17%  x(c40_1_c36_1) N  27328  14976     21
  27821  7330     4462.7500   124     4469.0000     4461.5000   606741    0.17%    x(c6_2_c2_2) D  27821  25069     17
  28342  7202        cutoff           4469.0000     4461.7500   612321    0.16%  x(c38_1_c33_1) U  28342  20726     26
  28863  7052     4462.2727   126     4469.0000     4462.0000   617868    0.16%    x(c6_2_c2_2) N  28863  26206     11
Elapsed time = 116.10 sec. (207775.54 ticks, tree = 112.54 MB, solutions = 3)
  29338  6942        cutoff           4469.0000     4462.2687   623530    0.15%    x(c6_1_c2_1) U  29338  16144     21
  29847  6783        cutoff           4469.0000     4462.5000   628590    0.15%  x(c28_1_c34_1) D  29847  26702     12
  30343  6666        cutoff           4469.0000     4462.8333   634446    0.14%  x(c41_3_c40_3) U  30343  24422     50
  30854  6467     4463.5000    90     4469.0000     4463.0833   639906    0.13%   x(c3_3_c31_3) N  30854  29536     51
  31367  6304        cutoff           4469.0000     4463.3333   644804    0.13%  x(c15_3_c44_3) U  31367  21119     45
  31884  6121     4466.5333   103     4469.0000     4463.5556   649925    0.12%    x(c3_3_c6_3) N  31884  31883     23
  32405  5898     4463.8333    87     4469.0000     4463.8333   654454    0.12%   x(c42_2_c7_2) N  32405  27268     22
  32939  5661     4466.7639   168     4469.0000     4464.0000   658854    0.11%   x(c3_2_c45_2) N  32939  31530     20
  33458  5442        cutoff           4469.0000     4464.2917   663266    0.11%   x(c3_3_c45_3) U  33458  11675     17
  33995  5191     4465.7609   129     4469.0000     4464.5278   667539    0.10%  x(c11_3_c44_3) N  33995  16435     19
Elapsed time = 132.12 sec. (245967.99 ticks, tree = 85.58 MB, solutions = 3)
  34522  4940     4467.4000    97     4469.0000     4464.8125   671475    0.09%    x(c6_1_c2_1) N  34522  29370     18
  35062  4614     4466.7308   172     4469.0000     4465.0088   675616    0.09%  x(c40_3_c41_3) N  35062  26066     24
  35592  4330        cutoff           4469.0000     4465.3333   679666    0.08%     x(c32_1_Om) U  35592  29096     15
  36141  3973        cutoff           4469.0000     4465.5833   683169    0.08%    x(c6_1_c2_1) U  36141  30366     23
  36665  3663        cutoff           4469.0000     4465.8750   686444    0.07%   x(c6_3_c36_3) U  36665  27800     27
  37221  3256        cutoff           4469.0000     4466.1000   689797    0.06%  x(c40_3_c41_3) D  37221   5694     15
  37775  2885        cutoff           4469.0000     4466.3750   692869    0.06%  x(c43_3_c19_3) D  37775  24836     43
  38347  2434        cutoff           4469.0000     4466.6667   695603    0.05%  x(c15_3_c44_3) U  38347  35830     35
  38909  2012        cutoff           4469.0000     4467.0000   698135    0.04%  x(c40_3_c45_3) D  38909  14659     17
  39485  1508        cutoff           4469.0000     4467.2500   700773    0.04%   x(c7_1_c11_1) U  39485   3513     24
Elapsed time = 146.94 sec. (284156.70 ticks, tree = 25.75 MB, solutions = 3)
  40059  1003        cutoff           4469.0000     4467.5000   702823    0.03%  x(c27_1_c34_1) U  40059   4225     22
  40622   493     4467.8889   121     4469.0000     4467.8000   704433    0.03%  x(c34_1_c35_1) N  40622  10680     20

Cover cuts applied:  3
Zero-half cuts applied:  36
User cuts applied:  1812

Root node processing (before b&c):
  Real time             =    0.47 sec. (923.20 ticks)
Sequential b&c:
  Real time             =  150.65 sec. (294988.27 ticks)
                          ------------
Total (root+branch&cut) =  151.12 sec. (295911.47 ticks)

