Version identifier: 22.1.0.0 | 2022-03-09 | 1a383f8ce
CPXPARAM_Preprocessing_Reduce                    0
CPXPARAM_Threads                                 1
CPXPARAM_Preprocessing_Reformulations            0
CPXPARAM_Emphasis_MIP                            2
CPXPARAM_TimeLimit                               7200
CPXPARAM_MIP_Tolerances_AbsMIPGap                0.98999999999999999
CPXPARAM_MIP_Limits_TreeMemory                   20000
Legacy callback                                  BbLUID
         Disabling repeat represolve because of lazy constraint/incumbent callback.
1 of 1 MIP starts provided solutions.
MIP start 'm1' defined initial solution with objective 20212.0000.
Tried aggregator 0 times.
Reduced MIP has 608 rows, 506 columns, and 2896 nonzeros.
Reduced MIP has 468 binaries, 0 generals, 0 SOSs, and 0 indicators.
Presolve time = 0.00 sec. (0.16 ticks)
Probing time = 0.00 sec. (0.72 ticks)
Clique table members: 240.
MIP emphasis: optimality.
MIP search method: traditional branch-and-cut.
Parallel mode: none, using 1 thread.
Root relaxation solution time = 0.00 sec. (0.98 ticks)

        Nodes                                         Cuts/
   Node  Left     Objective  IInf  Best Integer    Best Bound    ItCnt     Gap         Variable B NodeID Parent  Depth

*     0+    0                        20212.0000        0.0000           100.00%
      0     0    16149.8368    76    20212.0000    16149.8368      119   20.10%
      0     0    18968.5206    73    20212.0000      Cuts: 19      172    6.15%
      0     0    19846.0309    76    20212.0000       Cuts: 8      208    1.81%
      0     0    20049.0000    78    20212.0000       Cuts: 6      235    0.81%
      0     0    20049.0000    78    20212.0000     Covers: 1      236    0.81%
      0     0    20049.0000    52    20212.0000   ZeroHalf: 4      239    0.81%
      0     2    20049.0000    52    20212.0000    20049.0000      239    0.81%                        0             0
Elapsed time = 0.04 sec. (84.52 ticks, tree = 0.01 MB, solutions = 1)
     70    38    20120.7341    46    20212.0000    20085.1052     1471    0.63%  x(c14_2_c12_2) U     70     68     28
    394   126    20149.2628    46    20212.0000    20149.4058     5788    0.31%     x(Op_c15_3) D    394    332     16

Clique cuts applied:  12
Cover cuts applied:  14
Zero-half cuts applied:  3
Gomory fractional cuts applied:  1
User cuts applied:  59

Root node processing (before b&c):
  Real time             =    0.04 sec. (84.52 ticks)
Sequential b&c:
  Real time             =    0.35 sec. (649.55 ticks)
                          ------------
Total (root+branch&cut) =    0.39 sec. (734.06 ticks)

