Version identifier: 22.1.0.0 | 2022-03-09 | 1a383f8ce
CPXPARAM_Preprocessing_Reduce                    0
CPXPARAM_Threads                                 1
CPXPARAM_Preprocessing_Reformulations            0
CPXPARAM_Emphasis_MIP                            2
CPXPARAM_TimeLimit                               7200
CPXPARAM_MIP_Tolerances_AbsMIPGap                0.98999999999999999
CPXPARAM_MIP_Limits_TreeMemory                   20000
Legacy callback                                  BbLUID
         Disabling repeat represolve because of lazy constraint/incumbent callback.
1 of 1 MIP starts provided solutions.
MIP start 'm1' defined initial solution with objective 17303.0000.
Tried aggregator 0 times.
Reduced MIP has 274 rows, 225 columns, and 1221 nonzeros.
Reduced MIP has 200 binaries, 0 generals, 0 SOSs, and 0 indicators.
Presolve time = 0.00 sec. (0.07 ticks)
Probing time = 0.00 sec. (0.23 ticks)
Clique table members: 106.
MIP emphasis: optimality.
MIP search method: traditional branch-and-cut.
Parallel mode: none, using 1 thread.
Root relaxation solution time = 0.00 sec. (0.35 ticks)

        Nodes                                         Cuts/
   Node  Left     Objective  IInf  Best Integer    Best Bound    ItCnt     Gap         Variable B NodeID Parent  Depth

*     0+    0                        17303.0000        0.0000           100.00%
      0     0    14457.9669    48    17303.0000    14457.9669       48   16.44%
      0     0    15849.8967    25    17303.0000       Cuts: 6       84    8.40%
      0     0    17252.0468    47    17303.0000      Cuts: 12      120    0.29%
      0     0    17283.0000    52    17303.0000       Cuts: 4      145    0.12%
      0     0    17283.0000    52    17303.0000     Covers: 1      153    0.12%
      0     0    17283.0000    18    17303.0000     Covers: 1      157    0.12%
      0     0    17283.0000    34    17303.0000       Cuts: 3      165    0.12%
      0     2    17283.0000    16    17303.0000    17283.0000      165    0.12%                        0             0
Elapsed time = 0.02 sec. (26.21 ticks, tree = 0.01 MB, solutions = 1)

Clique cuts applied:  7
Cover cuts applied:  2
Gomory fractional cuts applied:  1
User cuts applied:  11

Root node processing (before b&c):
  Real time             =    0.02 sec. (26.11 ticks)
Sequential b&c:
  Real time             =    0.01 sec. (9.85 ticks)
                          ------------
Total (root+branch&cut) =    0.03 sec. (35.96 ticks)

