Version identifier: 22.1.0.0 | 2022-03-09 | 1a383f8ce
CPXPARAM_Preprocessing_Reduce                    0
CPXPARAM_Threads                                 1
CPXPARAM_Preprocessing_Reformulations            0
CPXPARAM_Emphasis_MIP                            2
CPXPARAM_TimeLimit                               7200
CPXPARAM_MIP_Tolerances_AbsMIPGap                0.98999999999999999
CPXPARAM_MIP_Limits_TreeMemory                   20000
Legacy callback                                  BbLUID
         Disabling repeat represolve because of lazy constraint/incumbent callback.
1 of 1 MIP starts provided solutions.
MIP start 'm1' defined initial solution with objective 51379.0000.
Tried aggregator 0 times.
Reduced MIP has 9164 rows, 8856 columns, and 52292 nonzeros.
Reduced MIP has 8694 binaries, 0 generals, 0 SOSs, and 0 indicators.
Presolve time = 0.00 sec. (2.77 ticks)
Probing time = 0.00 sec. (4.65 ticks)
Clique table members: 2569.
MIP emphasis: optimality.
MIP search method: traditional branch-and-cut.
Parallel mode: none, using 1 thread.
Root relaxation solution time = 0.01 sec. (16.04 ticks)

        Nodes                                         Cuts/
   Node  Left     Objective  IInf  Best Integer    Best Bound    ItCnt     Gap         Variable B NodeID Parent  Depth

*     0+    0                        51379.0000        0.0000           100.00%
      0     0    39154.0784   339    51379.0000    39154.0784      419   23.79%
      0     0    47372.3297   342    51379.0000     Cuts: 103      754    7.80%
      0     0    48912.6073   331    51379.0000      Cuts: 32      992    4.80%
      0     0    49263.1079   322    51379.0000       Cuts: 8     1095    4.12%
      0     0    49708.2500   336    51379.0000      Cuts: 44     1226    3.25%
      0     0    49900.0000   324    51379.0000       Cuts: 8     1356    2.88%
*     0+    0                        51134.0000    49900.0000             2.41%
      0     0  -1.00000e+75     0    51134.0000    49900.0000     1356    2.41%
      0     0    49983.5000   333    51134.0000      Cuts: 52     1397    2.25%
      0     0    49983.5000   326    51134.0000   ZeroHalf: 1     1424    2.25%
      0     0    49983.5000   330    51134.0000   ZeroHalf: 1     1425    2.25%
      0     0    49983.5000   105    51134.0000   ZeroHalf: 1     1426    2.25%
      0     2    49983.5000   105    51134.0000    49983.5000     1426    2.25%                        0             0
Elapsed time = 4.01 sec. (8846.48 ticks, tree = 0.01 MB, solutions = 2)
      1     3    49983.5000   156    51134.0000    49983.5000     1442    2.25%    x(c2_2_c4_2) U      1      0      1
      2     4    49983.5117   213    51134.0000    49983.5000     1593    2.25% x(c100_3_c34_3) U      2      1      2
      3     5    49983.5318   338    51134.0000    49983.5000     2358    2.25% x(c100_3_c34_3) N      3      1      2
      4     6    49983.5145   218    51134.0000    49983.5000     2506    2.25%  x(c78_1_c53_1) U      4      2      3
      5     7    49983.5229   221    51134.0000    49983.5000     2627    2.25%  x(c78_1_c53_1) D      5      2      3
      6     8    49983.5642   243    51134.0000    49983.5000     2684    2.25%  x(c30_2_c13_2) U      6      5      4
      7     9    49993.5759   316    51134.0000    49983.5000     3265    2.25%  x(c30_2_c13_2) D      7      5      4
      9    11    49983.6034   254    51134.0000    49983.5000     3308    2.25%   x(c6_2_c37_2) D      9      8      6
     10    12    49983.6201   239    51134.0000    49983.5000     3328    2.25%  x(c31_3_c57_3) U     10      9      7
     28    30    49983.8458   232    51134.0000    49983.5000     3444    2.25%  x(c19_2_c24_2) N     28     27     25
Elapsed time = 11.18 sec. (25197.19 ticks, tree = 0.11 MB, solutions = 2)
     38    40    49983.9412   246    51134.0000    49983.5000     3495    2.25%  x(c24_2_c19_2) D     38     37     35
     59    60    49984.0981   238    51134.0000    49983.5000     3585    2.25%  x(c24_2_c38_2) D     59     58     56
     68    69    49984.3676   226    51134.0000    49983.5000     3732    2.25%   x(c2_3_c87_3) D     68     66     64
     75    76    49985.0758   186    51134.0000    49983.5000     3851    2.25%   x(c34_3_c6_3) U     75     74     71
     92    88    49985.6843   196    51134.0000    49983.5000     3940    2.25%  x(c85_3_c31_3) D     92     91     88
    104    99    49986.4731   272    51134.0000    49983.5000     4049    2.25%  x(c90_3_c19_3) D    104    103    100
    123   118    50215.2878   203    51134.0000    49983.5000     4295    2.25%  x(c52_2_c68_2) D    123    121    118
    140   133    49988.1377   195    51134.0000    49983.5000     4509    2.25%  x(c57_3_c99_3) N    140    139    135
    157   150    49988.9907   176    51134.0000    49983.5000     4817    2.25%  x(c38_2_c19_2) D    157    156    151
    175   165    49989.6791   289    51134.0000    49983.5000     5062    2.25%  x(c87_2_c82_2) D    175    174    168
Elapsed time = 15.82 sec. (35361.73 ticks, tree = 0.70 MB, solutions = 2)
    198   186    49990.7527   237    51134.0000    49983.5000     5373    2.25%   x(c13_2_c6_2) U    198    197    191
    221   206    49993.9243   244    51134.0000    49983.5000     5638    2.25%  x(c72_3_c33_3) D    221    220    214
    236   216    49983.5000   283    51134.0000    49983.5000     5935    2.25%    x(c2_2_c4_2) D    236      0      1
    246   226    50196.7500   221    51134.0000    49983.5000     6923    2.25%  x(c10_2_c57_2) N    246    245      8
    276   256    50503.4000   195    51134.0000    49983.5000     8515    2.25%  x(c24_2_c19_2) D    276    275     33
    303   277    50992.9945   243    51134.0000    49983.5000     9232    2.25%  x(c25_2_c52_2) N    303    302     58
    322   285    49993.6905   285    51134.0000    49983.5117     9989    2.25%  x(c85_3_c70_3) D    322    321      6
    362   325    50003.5333   292    51134.0000    49983.5153    10539    2.25%  x(c10_2_c57_2) U    362    317      3
    415   378    49985.4502   269    51134.0000    49984.2694    11144    2.25%  x(c24_2_c19_2) D    415    414     54
    458   421    49986.8298   264    51134.0000    49984.2694    11387    2.25%  x(c66_3_c31_3) D    458    457     97
Elapsed time = 20.63 sec. (45340.80 ticks, tree = 1.77 MB, solutions = 2)
    491   454    49988.0985   289    51134.0000    49984.2694    11619    2.25%  x(c77_3_c75_3) D    491    490    130
    517   480    49988.6134   310    51134.0000    49984.2694    11811    2.25%  x(c30_2_c60_2) D    517    516    156
    547   509    49989.3923   284    51134.0000    49984.2694    11987    2.25%   x(c5_3_c38_3) D    547    546    186
    573   532    49991.7994   269    51134.0000    49984.2694    12307    2.25%  x(c30_2_c78_2) D    573    572    212
    600   559    49992.6190   274    51134.0000    49984.2694    12473    2.25%  x(c87_3_c57_3) D    600    599    239
    621   579    49993.4457   285    51134.0000    49984.2694    12668    2.25%  x(c70_3_c19_3) D    621    620    260
    641   599    49995.2994   294    51134.0000    49984.2694    12900    2.25%  x(c73_2_c61_2) N    641    640    280
    660   618    50242.6261   194    51134.0000    49986.0568    15665    2.24%  x(c66_3_c30_3) D    660     19     17
    673   628    50329.3727   274    51134.0000    49990.3378    18739    2.24%  x(c66_3_c31_3) N    673    457     97
    687   637    50663.2500   198    51134.0000    49994.9706    21556    2.23%  x(c68_2_c48_2) N    687    117    114
Elapsed time = 25.84 sec. (55367.68 ticks, tree = 2.97 MB, solutions = 2)
    700   643    50045.8333   265    51134.0000    49997.9447    24465    2.22%   x(c6_2_c37_2) U    700    323      8
    712   653    50287.5076   277    51134.0000    50000.9500    27859    2.22%   x(c34_3_c6_3) N    712    336     21
    730   671    50112.1582   294    51134.0000    50003.5333    31037    2.21%   x(c7_2_c88_2) N    730    728      6
    757   695    50012.0899   179    51134.0000    50008.4870    33240    2.20%   x(c2_3_c87_3) N    757    756     24
    840   776    50015.0023   195    51134.0000    50008.4870    33786    2.20%   x(c5_3_c87_3) D    840    839    107
    880   815    50016.5787   284    51134.0000    50008.4870    34087    2.20%   x(c90_3_c2_3) N    880    879    147
    944   876    50795.4113   258    51134.0000    50009.5207    35456    2.20%   x(c30_3_c5_3) U    944    548    188
    989   921    50122.2594   229    51134.0000    50013.8042    38186    2.19%   x(c7_2_c88_2) N    989    659      6
   1006   936    50449.4909   194    51134.0000    50016.9959    41826    2.18% x(c100_3_c24_3) U   1006    790     58
   1025   945    50095.3333   179    51134.0000    50021.0322    45161    2.18%  x(c70_3_c77_3) U   1025    742     10
Elapsed time = 31.07 sec. (65331.45 ticks, tree = 4.55 MB, solutions = 2)
   1037   953    50049.0277   289    51134.0000    50023.9734    48056    2.17%   x(c7_2_c88_2) D   1037    653      6
   1055   965    50976.7023   240    51134.0000    50026.5000    51470    2.17% x(c100_3_c77_3) U   1055    976     35
   1074   979    50555.5000   243    51134.0000    50035.4668    54935    2.15%   x(c70_3_c2_3) U   1074    966     25
   1111  1016    50048.2309   298    51134.0000    50039.1685    57801    2.14%  x(c35_2_c40_2) U   1111    731      5
   1190  1095    50049.0161   231    51134.0000    50039.1685    58335    2.14%    x(c6_3_c2_3) D   1190   1189     84
   1261  1166    50049.9305   332    51134.0000    50039.1685    59015    2.14%  x(c77_3_c66_3) D   1261   1260    155
   1314  1218    50896.2500   192    51134.0000    50039.1685    59796    2.14%  x(c48_2_c30_2) U   1314   1312    207
   1429  1333    50064.1874   291    51134.0000    50039.3815    60925    2.14%  x(c20_2_c84_2) U   1429   1427    120
   1497  1401    50050.2023   262    51134.0000    50041.1704    63411    2.14%  x(c48_2_c30_2) D   1497   1496    104
   1536  1438    51021.0324   255    51134.0000    50043.5000    66346    2.13%   x(c2_3_c87_3) U   1536    465    105
Elapsed time = 36.23 sec. (75229.91 ticks, tree = 6.89 MB, solutions = 2)
   1556  1458    50186.1679   219    51134.0000    50047.0000    70110    2.13%  x(c19_2_c18_2) U   1556    344     29
   1570  1470    50049.5953   206    51134.0000    50048.5000    73755    2.12%  x(c43_3_c33_3) U   1570    376     16
   1705  1604    50057.2849   223    51134.0000    50048.5000    74990    2.12%   x(c31_3_c2_3) D   1705   1704    151
   1774  1670    50058.5430   238    51134.0000    50048.5000    75353    2.12%   x(c19_3_c6_3) D   1774   1773    220
   1815  1707    50573.1868   234    51134.0000    50048.8774    77319    2.12%  x(c19_2_c24_2) U   1815   1402     95
   1913  1805    50058.6245   293    51134.0000    50049.3951    79559    2.12%  x(c48_2_c13_2) D   1913   1912     95
   1962  1854    50057.7886   251    51134.0000    50049.9409    82158    2.12%   x(c70_3_c2_3) D   1962   1961     27
   2080  1972    50059.7008   217    51134.0000    50049.9409    82909    2.12%  x(c30_2_c84_2) D   2080   2079    145
   2097  1989    50103.5514   192    51134.0000    50050.2819    86665    2.12%  x(c57_3_c90_3) N   2097   1313    208
   2113  2003    50283.4506   321    51134.0000    50050.9115    90418    2.12% x(c100_3_c77_3) U   2113   1361     54
Elapsed time = 41.57 sec. (85256.72 ticks, tree = 9.40 MB, solutions = 2)
   2129  2015    50227.0000   181    51134.0000    50051.5569    94011    2.12%  x(c66_3_c30_3) U   2129   2108     21
   2144  2026    50228.8333   213    51134.0000    50052.8038    98019    2.11%   x(c13_2_c6_2) U   2144   1106     25
   2152  2034    50515.8879   238    51134.0000    50053.5000   101409    2.11%  x(c71_3_c89_3) U   2152    639    279
   2164  2044    50496.0993   215    51134.0000    50054.3822   105394    2.11%  x(c66_3_c30_3) D   2164   1366     59
   2175  2055    50273.5054   190    51134.0000    50054.8647   109182    2.11% x(c77_3_c100_3) U   2175   1135     30
   2186  2064    50166.0000   180    51134.0000    50055.8385   112853    2.11%  x(c68_3_c38_3) U   2186   1817      8
   2202  2078    50709.5158   301    51134.0000    50057.5000   116577    2.11%  x(c70_3_c77_3) U   2202   1624     71
   2311  2187    50091.5067   316    51134.0000    50057.9342   118792    2.10%   x(c77_3_c2_3) U   2311   1946     12
   2377  2253    50284.7068   241    51134.0000    50058.2698   121524    2.10%  x(c31_2_c30_2) U   2377   2217     28
   2388  2262    50283.0212   166    51134.0000    50058.8872   125329    2.10%   x(c5_3_c30_3) U   2388   1829     12
Elapsed time = 46.95 sec. (95407.12 ticks, tree = 10.80 MB, solutions = 2)
   2400  2270    50600.0589   227    51134.0000    50059.6277   128860    2.10%  x(c30_2_c91_2) U   2400   1378     71
   2412  2282    50119.6270   252    51134.0000    50060.4397   132588    2.10%  x(c31_3_c57_3) U   2412   1932    115
   2424  2292    50278.0027   198    51134.0000    50061.5000   136668    2.10%  x(c31_2_c30_2) N   2424   1333     26
   2433  2299    50987.1429   256    51134.0000    50061.5000   140296    2.10%  x(c78_2_c19_2) U   2433    428     68
   2451  2316    50595.4608   179    51134.0000    50063.0000   144383    2.09%  x(c78_2_c96_2) U   2451   1636     83
   2486  2351    50605.5000   207    51134.0000    50064.5000   148039    2.09%  x(c68_2_c19_2) U   2486   2209     20
   2596  2461    50065.6251   195    51134.0000    50064.6733   150227    2.09%   x(c77_3_c6_3) D   2596   2595    113
   2694  2559    50066.4494   222    51134.0000    50064.6733   150862    2.09%  x(c29_3_c18_3) D   2694   2693    211
   2716  2579    50378.9026   266    51134.0000    50065.5138   154749    2.09%  x(c90_3_c86_3) U   2716   1849     32
   2730  2591        cutoff          51134.0000    50066.4235   158388    2.09%   x(c2_3_c27_3) D   2730    128    124
Elapsed time = 52.33 sec. (105600.18 ticks, tree = 12.24 MB, solutions = 2)
   2800  2661    50072.7905   225    51134.0000    50067.4524   160874    2.09%  x(c91_2_c78_2) D   2800   2799     74
   2948  2808    50288.4388   118    51134.0000    50067.4612   162105    2.09%  x(c52_2_c73_2) U   2948   1900     83
   2963  2823    50170.5000    70    51134.0000    50068.5019   165969    2.08%   x(c6_2_c37_2) D   2963   1048      8
   3000  2860    50984.3333   204    51134.0000    50068.6667   167932    2.08%  x(c48_2_c68_2) D   3000   2999     32
   3041  2889    50398.8333   190    51134.0000    50069.1798   171153    2.08%  x(c55_2_c91_2) U   3041   2563     81
   3062  2908    50222.8760   213    51134.0000    50070.2123   174530    2.08%   x(c70_3_c2_3) U   3062   1840     23
   3077  2923    50663.9168   266    51134.0000    50070.9951   178461    2.08%  x(c75_3_c66_3) D   3077   2253     64
   3091  2935    50253.2714   232    51134.0000    50071.8774   182195    2.08%  x(c68_3_c33_3) U   3091   2323     61
   3104  2942    50712.0576   246    51134.0000    50072.5000   186265    2.08%   x(c6_3_c66_3) U   3104   1965     31
   3207  3033    51101.0000   187    51134.0000    50076.5000   200168    2.07%  x(c90_3_c43_3) U   3207   2520     38
Elapsed time = 60.72 sec. (121789.84 ticks, tree = 14.51 MB, solutions = 2)
   3494  3318    50081.6102   236    51134.0000    50076.8082   205424    2.07%  x(c52_2_c81_2) N   3494   3493    311
   3690  3509    50079.4334   335    51134.0000    50077.1552   208839    2.07%    x(c6_3_c5_3) D   3690   3689     64
   3765  3577    50496.8000   217    51134.0000    50079.9009   222263    2.06%  x(c48_2_c30_2) U   3765   2548     66
   3975  3775    50387.6012   208    51134.0000    50080.5000   234843    2.06%  x(c31_3_c97_3) D   3975   3974    202
   4000  3800    50389.4280   264    51134.0000    50080.5000   235036    2.06%  x(c17_3_c54_3) D   4000   3999    227
   4238  4021    50084.7310   290    51134.0000    50081.5000   242615    2.06%   x(c19_3_c5_3) N   4238   4237    374
   4401  4176    50707.8441   196    51134.0000    50083.3381   251430    2.05%  x(c34_3_c77_3) U   4401   1223    118
   4644  4409    50739.9942   182    51134.0000    50084.5000   259423    2.05%  x(c19_2_c24_2) U   4644   3266     85
   4698  4453    50243.9002   236    51134.0000    50086.2485   269415    2.05%  x(c61_3_c89_3) N   4698   4435    137
   4771  4509    50771.5000   152    51134.0000    50089.4769   282726    2.04%   x(c6_2_c78_2) U   4771   4082    219
Elapsed time = 82.51 sec. (164528.58 ticks, tree = 21.40 MB, solutions = 2)
   4915  4642    51068.1524   243    51134.0000    50092.9173   295822    2.04%  x(c19_2_c78_2) U   4915   4485    187
   5017  4730    50098.5002   227    51134.0000    50096.0699   308868    2.03%  x(c61_3_c89_3) D   5017   5016    139
   5363  5074    50099.5608   180    51134.0000    50097.6479   318017    2.03%   x(c24_3_c6_3) D   5363   5362    215
   5658  5361    51129.0416   194    51134.0000    50098.6097   327850    2.02%  x(c50_2_c87_2) D   5658   5657    273
   6000  5692    50105.7323   212    51134.0000    50099.7792   337764    2.02% x(c100_3_c38_3) D   6000   5999    192
   6199  5880    50300.8963   277    51134.0000    50101.6250   349708    2.02%   x(c2_3_c87_3) U   6199   4807     39
   6392  6064    50111.7702   266    51134.0000    50103.4201   362037    2.02%  x(c16_3_c89_3) D   6392   6391    114
   6635  6301    50113.0220   261    51134.0000    50104.6459   373583    2.01%  x(c68_3_c43_3) D   6635   6634    108
   6753  6403    51069.0000   159    51134.0000    50106.4436   386937    2.01%  x(c78_2_c96_2) U   6753   5321    174
   6889  6532    50242.0243    98    51134.0000    50107.5000   397466    2.01%  x(c83_2_c46_2) U   6889   4689      8
Elapsed time = 106.44 sec. (211155.60 ticks, tree = 30.59 MB, solutions = 2)
   6992  6623    50131.0000   106    51134.0000    50109.0440   409626    2.00%  x(c55_2_c19_2) D   6992   6990     10
   7319  6944    50118.2066   186    51134.0000    50109.8250   419740    2.00%  x(c72_3_c88_3) D   7319   7318    455
   7402  7011    50341.0509   282    51134.0000    50111.1382   432936    2.00%   x(c2_3_c87_3) U   7402   6344     67
   7453  7056    50469.2500   197    51134.0000    50112.2853   446732    2.00%  x(c68_2_c19_2) U   7453   7451     16
   7549  7142    50904.7984   232    51134.0000    50114.0369   460570    1.99%  x(c31_3_c97_3) U   7549   5986    179
   7641  7224    50434.4449   263    51134.0000    50114.7475   473582    1.99%  x(c66_3_c31_3) U   7641   7041     41
   7840  7415    50391.0952   288    51134.0000    50115.5684   485323    1.99%  x(c55_2_c13_2) U   7840   6586     60
   7975  7542    50819.2488   189    51134.0000    50116.5000   498564    1.99%   x(c6_3_c75_3) U   7975   1648     95
   8081  7614    50248.0064   179    51134.0000    50117.3202   509350    1.99%  x(c55_2_c91_2) D   8081   6747     19
   8138  7661    50585.8317   285    51134.0000    50118.9008   524327    1.99%  x(c54_3_c99_3) D   8138   7941    168
Elapsed time = 126.89 sec. (249627.23 ticks, tree = 35.94 MB, solutions = 2)
   8193  7706    50222.9167   211    51134.0000    50120.2807   538845    1.98%  x(c91_2_c19_2) U   8193   6562     36
   8378  7881        cutoff          51134.0000    50121.0000   549718    1.98%  x(c68_2_c19_2) U   8378   6349     72
   8491  7976    50125.5191   276    51134.0000    50122.6541   563254    1.98%  x(c90_3_c68_3) D   8491   8490     79
   8727  8190    50842.4122   167    51134.0000    50123.1190   574582    1.98%  x(c82_2_c87_2) U   8727   7198    335
   9000  8459    50130.8351   268    51134.0000    50123.6534   583809    1.98%  x(c87_3_c77_3) D   9000   8999    179
   9122  8572    50607.7191   158    51134.0000    50124.9500   596266    1.97%  x(c82_2_c13_2) U   9122   7104    242
   9280  8714    50913.0335   282    51134.0000    50125.5000   609427    1.97%   x(c2_2_c67_2) D   9280   9279    110
   9495  8902    50608.6303   169    51134.0000    50125.5000   621213    1.97%  x(c31_2_c50_2) D   9495   9494    170
   9551  8944    50169.0000   174    51134.0000    50126.5000   635376    1.97%  x(c31_3_c57_3) U   9551   7442     10
   9623  9000    50130.8824   237    51134.0000    50127.0138   648312    1.97%   x(c6_2_c37_2) D   9623   9622     10
Elapsed time = 153.03 sec. (300670.08 ticks, tree = 42.50 MB, solutions = 2)
   9856  9225    50806.9160   291    51134.0000    50127.5000   659777    1.97%   x(c6_2_c19_2) D   9856   9855    154
   9969  9316    50949.7500   210    51134.0000    50127.9035   672808    1.97%  x(c48_2_c30_2) U   9969   6356     79
  10034  9371    50800.6000   216    51134.0000    50128.8639   686850    1.97%   x(c9_2_c60_2) U  10034   8463     56
  10380  9705    50164.5000    77    51134.0000    50129.5000   696253    1.96%  x(c75_3_c66_3) U  10380   5173     12
  10780 10099    50339.5000   156    51134.0000    50130.3269   706053    1.96%   x(c5_3_c33_3) U  10780  10778     33
  10910 10214    50357.8531   202    51134.0000    50131.3120   719481    1.96%  x(c16_3_c89_3) U  10910   8929    109
  11062 10351    50133.8525   249    51134.0000    50132.0000   732288    1.96%    x(c6_3_c5_3) D  11062  11061    142
  11368 10638    50495.5880   229    51134.0000    50132.3572   741320    1.96%  x(c90_3_c33_3) U  11368  10882     36
  11442 10706    50712.0326   231    51134.0000    50133.2888   755483    1.96%  x(c57_2_c97_2) U  11442   7903    130
  11529 10787    50136.5348   242    51134.0000    50134.1822   768905    1.96%  x(c90_3_c72_3) D  11529  11528     82
Elapsed time = 173.73 sec. (339208.30 ticks, tree = 50.51 MB, solutions = 2)
  11880 11133    50139.9220   308    51134.0000    50134.5184   777340    1.95%  x(c72_3_c43_3) D  11880  11879    192
  12069 11314    50714.8973   189    51134.0000    50135.2838   790414    1.95%  x(c52_2_c83_2) U  12069   7294    431
  12241 11478    50322.3407   159    51134.0000    50136.0020   803222    1.95%  x(c90_3_c48_3) U  12241   8095     30
  12514 11745    50173.7792   141    51134.0000    50136.4259   814527    1.95%  x(c61_3_c89_3) U  12514  10302    345
  12573 11788    50806.5130   139    51134.0000    50137.2380   829330    1.95%  x(c43_3_c86_3) D  12573  10175    218
  12695 11888    50389.7343   152    51134.0000    50138.0513   841983    1.95%  x(c75_3_c66_3) D  12695  10877     31
  12775 11949    50424.9081   248    51134.0000    50138.8203   855823    1.95%  x(c68_3_c38_3) U  12775  10555    187
  12857 12016    51096.9989   138    51134.0000    50139.5000   869872    1.94%  x(c18_3_c43_3) U  12857   7130    268
  12930 12070    50711.9145   168    51134.0000    50139.5000   884650    1.94%  x(c55_2_c30_2) U  12930   6587     61
  13009 12135    50948.6575   164    51134.0000    50140.3902   899046    1.94%  x(c34_3_c77_3) U  13009   6826     77
Elapsed time = 194.62 sec. (378052.34 ticks, tree = 56.65 MB, solutions = 2)
  13242 12356    50285.5000   176    51134.0000    50141.1102   909917    1.94%   x(c13_2_c9_2) U  13242   4776     18
  13307 12412    50828.7250   188    51134.0000    50141.5000   925623    1.94%  x(c30_2_c19_2) U  13307   8853     33
  13530 12629    51025.5178   193    51134.0000    50141.7913   937634    1.94%  x(c34_3_c77_3) U  13530  12160    122
  13593 12676    50527.8477   175    51134.0000    50142.6356   951804    1.94%  x(c16_3_c89_3) U  13593   5503    355
  13656 12725        cutoff          51134.0000    50143.6491   965410    1.94%  x(c48_3_c68_3) U  13656  12430    395
  13829 12885    50151.8040   240    51134.0000    50144.2037   976404    1.94%  x(c52_2_c19_2) D  13829  13828    198
* 14000+11199                        50804.0000    50144.3505             1.30%
  14000 11200    50148.2461   138    50804.0000    50144.3505   980389    1.30%  x(c30_2_c67_2) D  14000  13999    338
  14296 11482    50501.8480   285    50804.0000    50145.0379   992161    1.30%  x(c18_3_c43_3) U  14296  13386     97
  14527 11690        cutoff          50804.0000    50145.8553  1004042    1.30%  x(c86_3_c19_3) U  14527  13459    170
  14697 11813    50549.6647   238    50804.0000    50146.7575  1017215    1.29%  x(c70_3_c77_3) U  14697  13706     76
Elapsed time = 217.31 sec. (421345.15 ticks, tree = 54.66 MB, solutions = 3)
  14776 11839        cutoff          50804.0000    50147.5000  1030951    1.29%   x(c33_3_c5_3) U  14776   6395    118
  14852 11875    50616.1162   238    50804.0000    50147.5000  1046097    1.29%  x(c31_3_c57_3) U  14852  14850     45
  15011 11984    50294.6507   223    50804.0000    50148.5782  1059542    1.29%  x(c86_3_c43_3) D  15011   2145    140
  15192 12090    50155.8927   160    50804.0000    50149.3533  1071132    1.29%  x(c47_3_c16_3) N  15192  15191    125
  15324 12196    50512.3889   110    50804.0000    50149.5000  1084846    1.29%  x(c55_2_c19_2) U  15324   9659     39
  15466 12293    50385.9974   282    50804.0000    50149.9507  1097805    1.29%   x(c6_2_c37_2) N  15466  14926     29
  15608 12416    50155.6066   202    50804.0000    50150.3618  1104831    1.29%  x(c35_2_c12_2) D  15608  15607    129
  15806 12585        cutoff          50804.0000    50151.0900  1114855    1.29%  x(c91_2_c30_2) U  15806  13052     46
* 16000+ 9910                        50567.0000    50151.5950             0.82%
  16000  9912    50154.5817   201    50567.0000    50151.5950  1124073    0.82%  x(c86_3_c38_3) D  16000  15999    166
  16155 10007    50551.1222   174    50567.0000    50152.3330  1136845    0.82%  x(c55_2_c30_2) U  16155   8866     46
Elapsed time = 239.44 sec. (463589.33 ticks, tree = 46.26 MB, solutions = 4)
  16338 10153    50335.7612   185    50567.0000    50152.8688  1147874    0.82%  x(c73_2_c52_2) U  16338  16050     78
  16569 10333        cutoff          50567.0000    50153.5000  1160560    0.82%  x(c30_2_c13_2) U  16569   6607     81
  16720 10376    50156.2057   166    50567.0000    50154.0394  1174209    0.82%  x(c13_2_c37_2) D  16720  16719    141
  16958 10577    50419.6379   162    50567.0000    50154.6762  1186901    0.82%  x(c19_2_c55_2) U  16958  16682    104
  17000 10610    50154.9849   272    50567.0000    50154.7786  1189173    0.82%   x(c5_3_c90_3) D  17000  16999     46
  17128 10678        cutoff          50567.0000    50155.3717  1204202    0.81%  x(c15_2_c84_2) N  17128  15182    116
  17231 10701    50432.9306   287    50567.0000    50155.6007  1219185    0.81%  x(c66_3_c31_3) U  17231  12959     41
  17473 10875    50288.0000    24    50567.0000    50156.1939  1232217    0.81%  x(c83_2_c69_2) U  17473  15522     44
  17743 11075    50440.7613   179    50567.0000    50156.6295  1243135    0.81%  x(c19_3_c18_3) D  17743  13704     74
  17932 11204    50158.6260   241    50567.0000    50157.1640  1254502    0.81%  x(c70_3_c77_3) D  17932  17931     63
Elapsed time = 262.64 sec. (507275.37 ticks, tree = 51.64 MB, solutions = 4)
  18000 11256    50158.2169   219    50567.0000    50157.2681  1257110    0.81%   x(c75_3_c2_3) D  18000  17999    132
  18270 11460    50340.1936   232    50567.0000    50157.8563  1269359    0.81% x(c77_3_c100_3) U  18270  13343     54
  18590 11734        cutoff          50567.0000    50158.4167  1281786    0.81%  x(c55_2_c13_2) U  18590  16487     65
  18780 11875    50381.1663   223    50567.0000    50158.8725  1293935    0.81%  x(c18_2_c78_2) U  18780  18778    119
  18953 11930    50460.2500   205    50567.0000    50159.4649  1307161    0.81%  x(c55_2_c19_2) U  18953  17077     39
  19000 11924    50399.3944   241    50567.0000    50159.7480  1313092    0.81%  x(c54_3_c99_3) D  19000  13212    164
  19246 12103    50186.2984   193    50567.0000    50160.3764  1326515    0.80%   x(c77_3_c2_3) D  19246   7633     18
  19442 12217    50197.3522   142    50567.0000    50160.9030  1338631    0.80%  x(c83_2_c73_2) D  19442  19441     38
  19594 12274    50721.2211   149    50567.0000    50161.6052  1353313    0.80%  x(c51_2_c21_2) U  19594  16740    162
  19788 12404    50444.6528   200    50567.0000    50162.2514  1366880    0.80%  x(c34_3_c77_3) U  19788  17240     30
Elapsed time = 285.18 sec. (549933.82 ticks, tree = 57.05 MB, solutions = 4)
  19953 12473    50483.7413   302    50567.0000    50163.0000  1380043    0.80%   x(c37_2_c6_2) U  19953   7906    133
* 20000+12048                        50537.0000    50163.1822             0.74%
  20000 12050    50171.2699   217    50537.0000    50163.1937  1385101    0.74%  x(c31_3_c57_3) D  20000  13002     14
  20263 12167        cutoff          50537.0000    50163.5000  1397091    0.74%  x(c87_3_c31_3) U  20263   6362     85
  20420 12162    50302.5000   212    50537.0000    50164.1069  1411609    0.74%   x(c77_3_c6_3) U  20420  18326     20
  20613 12290    50326.1381   196    50537.0000    50164.6903  1425301    0.74% x(c24_3_c100_3) U  20613  19914     47
  20822 12420    50375.9099   181    50537.0000    50165.3226  1437104    0.74%  x(c43_3_c19_3) U  20822  18644     70
  20930 12440        cutoff          50537.0000    50165.5000  1452554    0.74%   x(c66_3_c5_3) U  20930  10983     64
  21000 12484    50293.1122    41    50537.0000    50165.5831  1460831    0.73%  x(c83_2_c74_2) U  21000  16235     58
  21197 12560        cutoff          50537.0000    50166.3571  1475598    0.73%   x(c6_2_c96_2) U  21197  16481     59
  21330 12626    50420.7955   192    50537.0000    50166.9658  1487315    0.73%  x(c48_3_c38_3) U  21330  11477     28
Elapsed time = 311.43 sec. (601262.21 ticks, tree = 57.92 MB, solutions = 5)
  21513 12702        cutoff          50537.0000    50167.5446  1502349    0.73%  x(c16_3_c71_3) U  21513  19379    218
  21736 12854    50169.5954   244    50537.0000    50168.0000  1513396    0.73%   x(c7_2_c12_2) N  21736  21735    136
  21923 12946    50523.0696   150    50537.0000    50168.6924  1527687    0.73%  x(c54_3_c99_3) U  21923  15164     98
* 22000+12159                        50505.0000    50169.2372             0.66%
  22000 12161    50206.2714   175    50505.0000    50169.2431  1535695    0.66%  x(c61_3_c89_3) U  22000  20455     60
  22218 12157    50301.4615   197    50505.0000    50169.7932  1549217    0.66%  x(c31_3_c90_3) U  22218  21570     32
  22428 12220        cutoff          50505.0000    50170.6945  1563426    0.66%  x(c28_2_c64_2) U  22428  17807    129
  22727 12410    50172.0943   220    50505.0000    50171.4224  1575852    0.66%  x(c79_3_c47_3) D  22727  22726     91
  22946 12533    50195.9197   157    50505.0000    50172.0297  1588872    0.66%   x(c7_2_c12_2) U  22946  21735    136
* 23000+ 7739                        50344.0000    50172.1042             0.34%
  23088  7755    50230.0000   142    50344.0000    50172.4594  1594391    0.34%  x(c31_3_c66_3) U  23088  22959     23
  23371  7687        cutoff          50344.0000    50174.0220  1606789    0.34%  x(c68_2_c48_2) U  23371  17561    147
Elapsed time = 334.90 sec. (646704.91 ticks, tree = 35.34 MB, solutions = 7)
  23650  7706    50207.1932   161    50344.0000    50175.1680  1619574    0.34%  x(c52_2_c81_2) U  23650  23599     82
  24026  7784    50177.0651   190    50344.0000    50176.6761  1632072    0.33%  x(c78_2_c96_2) D  24026   7070     70
  24326  7803    50256.5929   158    50344.0000    50177.8157  1644452    0.33%   x(c90_3_c5_3) N  24326  23155     25
  24635  7704    50313.4101    97    50344.0000    50179.0000  1655149    0.33%  x(c83_2_c12_2) N  24635  16263     86
  24910  7741    50272.4573   148    50344.0000    50180.4522  1666866    0.32%  x(c57_2_c97_2) U  24910  24026     71
  25260  7851    50189.6883   178    50344.0000    50181.7226  1679647    0.32%   x(c2_3_c77_3) D  25260   8816     23
  25553  7913    50183.4983   230    50344.0000    50183.0287  1692829    0.32%   x(c6_3_c43_3) D  25553  25552     43
  25877  7971        cutoff          50344.0000    50184.6048  1706088    0.32%  x(c90_3_c86_3) U  25877  25137     38
  26195  8054        cutoff          50344.0000    50185.9520  1719458    0.31%   x(c6_2_c96_2) U  26195  24318    146
  26502  8107        cutoff          50344.0000    50187.0682  1732533    0.31%   x(c6_2_c78_2) U  26502  23722     22
Elapsed time = 354.81 sec. (684938.60 ticks, tree = 37.28 MB, solutions = 7)
  26800  8134    50208.6850    69    50344.0000    50188.6814  1745986    0.31%  x(c57_2_c97_2) D  26800  26798     15
  27098  8066        cutoff          50344.0000    50189.5067  1758727    0.31%  x(c30_2_c31_2) U  27098  23334     94
  27452  8182    50191.4897   183    50344.0000    50190.5373  1770629    0.30% x(c100_3_c18_3) D  27452  27451     61
  27755  8252    infeasible          50344.0000    50192.0893  1783952    0.30%  x(c87_2_c82_2) D  27755  27754    145
  28065  8338    50193.8270   232    50344.0000    50193.4286  1796847    0.30%   x(c9_2_c60_2) D  28065  28064     19
  28348  8320    50303.5000   208    50344.0000    50194.9955  1809654    0.30%  x(c90_3_c48_3) N  28348  27620     19
  28662  8348        cutoff          50344.0000    50196.2764  1820681    0.29%  x(c83_2_c74_2) U  28662  26405     81
  28961  8423        cutoff          50344.0000    50197.5000  1834258    0.29%  x(c90_3_c68_3) U  28961  14166    149
  29254  8392        cutoff          50344.0000    50198.5986  1847408    0.29%  x(c30_2_c31_2) U  29254  27240     62
  29563  8543        cutoff          50344.0000    50199.8353  1860422    0.29%  x(c18_2_c78_2) U  29563  29561     54
Elapsed time = 375.00 sec. (723162.66 ticks, tree = 39.28 MB, solutions = 7)
  29873  8662    50244.0739   165    50344.0000    50200.8667  1872767    0.28%   x(c7_2_c12_2) D  29873  29872     65
  30187  8764    50201.9069   159    50344.0000    50201.8803  1886281    0.28% x(c100_3_c77_3) D  30187  30186     21
  30467  8852    50278.8997   138    50344.0000    50202.7280  1900667    0.28%  x(c84_2_c35_2) U  30467  29893     35
  30773  8930        cutoff          50344.0000    50203.8571  1912595    0.28%   x(c2_3_c87_3) U  30773  14569     42
  31111  9027        cutoff          50344.0000    50204.8189  1925490    0.28%   x(c6_2_c96_2) U  31111  31109     38
  31420  9094    50206.3871   154    50344.0000    50206.0208  1937889    0.27%  x(c83_2_c21_2) D  31420  31419     78
  31721  9144    50317.1403    94    50344.0000    50206.8577  1951007    0.27%   x(c6_2_c96_2) U  31721  16208     31
  31998  9193    50278.9490   126    50344.0000    50208.0225  1964640    0.27%   x(c7_2_c12_2) U  31998  31996     15
  32331  9287        cutoff          50344.0000    50209.3704  1977700    0.27% x(c100_3_c24_3) U  32331  31896     51
  32635  9363        cutoff          50344.0000    50210.5718  1991256    0.27%  x(c55_2_c91_2) U  32635  20790    128
Elapsed time = 395.27 sec. (761373.75 ticks, tree = 43.02 MB, solutions = 7)
  32961  9394        cutoff          50344.0000    50211.7283  2003708    0.26%  x(c52_2_c68_2) D  32961  29904     46
  33292  9467        cutoff          50344.0000    50212.9724  2016364    0.26%   x(c87_3_c2_3) U  33292  27495     88
  33600  9413    50220.3478   189    50344.0000    50213.6735  2028932    0.26%  x(c35_2_c84_2) D  33600  33599     65
  33918  9492    50228.9723   172    50344.0000    50214.8652  2042118    0.26%  x(c43_3_c86_3) N  33918   6688     22
  34300  9580    50235.3114   155    50344.0000    50215.7800  2054082    0.25%  x(c88_3_c63_3) D  34300  33370     28
  34626  9672    50224.9583   226    50344.0000    50216.6372  2065628    0.25%  x(c72_3_c38_3) D  34626  32535     30
  34978  9701    50283.0558   192    50344.0000    50217.5000  2077626    0.25%   x(c85_3_c6_3) N  34978     69     66
  35251  9576        cutoff          50344.0000    50217.7753  2090606    0.25%  x(c78_2_c18_2) U  35251  34415     87
  35591  9627    50301.8362   224    50344.0000    50218.8662  2102711    0.25%  x(c13_2_c55_2) U  35591  34542     17
  35949  9748    50220.2353   176    50344.0000    50219.7793  2115706    0.25%  x(c34_3_c77_3) D  35949  35948     66
Elapsed time = 414.89 sec. (799628.17 ticks, tree = 44.82 MB, solutions = 7)
  36219  9756    50222.3099   224    50344.0000    50220.5761  2129138    0.25%   x(c9_2_c60_2) D  36219  32518     25
  36534  9803    50340.5830   236    50344.0000    50221.3930  2141902    0.24%   x(c5_3_c90_3) U  36534  36034     30
  36869  9874    50253.1367   140    50344.0000    50222.3354  2154910    0.24%  x(c18_2_c19_2) N  36869  33265     23
  37226  9971    50321.9774   189    50344.0000    50223.4387  2167430    0.24%  x(c38_3_c90_3) D  37226   2132     33
  37568 10066        cutoff          50344.0000    50224.4529  2180776    0.24%  x(c46_2_c73_2) D  37568  37567     44
  37848  9976    50278.7568   276    50344.0000    50224.7982  2193123    0.24%  x(c50_2_c97_2) N  37848  33916     23
  38142 10017    50284.5000   196    50344.0000    50225.7500  2205322    0.23%  x(c86_3_c43_3) D  38142  13603     44
  38489 10113    50226.7352   164    50344.0000    50226.6875  2217616    0.23%  x(c66_3_c30_3) N  38489  38488     30
  38815 10200    50227.3463   174    50344.0000    50227.3333  2230121    0.23%  x(c43_3_c90_3) D  38815  29639     33
  39134 10282    50316.0000   116    50344.0000    50228.0830  2243824    0.23%  x(c46_2_c83_2) N  39134  38515     32
Elapsed time = 434.84 sec. (837877.80 ticks, tree = 47.04 MB, solutions = 7)
  39437 10355    50297.2862   205    50344.0000    50228.8639  2256938    0.23%   x(c3_3_c79_3) U  39437  39050     54
  39780 10421    50231.9673   178    50344.0000    50229.5901  2268442    0.23%  x(c10_2_c50_2) D  39780  39779     54
  40047 10424    50341.9091   147    50344.0000    50230.3300  2282236    0.23%  x(c74_2_c83_2) N  40047  39299     44
  40400 10526    50231.5276   242    50344.0000    50231.1049  2294988    0.22%   x(c2_2_c82_2) D  40400  40399     19
  40726 10560    50311.8384   202    50344.0000    50231.8436  2308213    0.22%  x(c16_3_c89_3) U  40726  39674     50
  41039 10623    50234.0980   140    50344.0000    50232.6684  2320852    0.22%  x(c46_2_c83_2) D  41039  41038     53
  41340 10639    50253.5451   169    50344.0000    50233.5000  2332963    0.22%  x(c90_3_c33_3) D  41340  15005     12
  41670 10540    50235.8346   176    50344.0000    50234.0710  2344766    0.22%  x(c83_2_c81_2) D  41670  41669     48
  42032 10640    50236.0945   161    50344.0000    50234.9218  2356897    0.22%  x(c84_2_c20_2) D  42032  42031     62
  42364 10751    50235.9762   187    50344.0000    50235.6457  2369257    0.22%  x(c83_2_c74_2) D  42364  42363     33
Elapsed time = 454.58 sec. (876309.29 ticks, tree = 49.13 MB, solutions = 7)
  42731 10864        cutoff          50344.0000    50236.4213  2381840    0.21%  x(c13_2_c87_2) U  42731  42658     27
  43092 10968    50237.6048   144    50344.0000    50237.1322  2393997    0.21%  x(c60_2_c97_2) D  43092  43091     56
  43392 10803    50334.9540   127    50344.0000    50237.5020  2405492    0.21%   x(c7_2_c83_2) N  43392  40375     33
  43708 10829    50238.6316   186    50344.0000    50238.1667  2416613    0.21%  x(c50_2_c97_2) N  43708  42080     60
  44067 10874        cutoff          50344.0000    50238.9160  2428561    0.21%  x(c46_2_c81_2) U  44067  42157     49
  44413 11019    50239.6268   147    50344.0000    50239.5000  2440883    0.21%  x(c16_3_c89_3) N  44413  31542     38
  44754 11065        cutoff          50344.0000    50240.1284  2453237    0.21%  x(c30_2_c91_2) U  44754  44626     24
  45073 11017    50327.6322   202    50344.0000    50240.5847  2464614    0.21%  x(c57_2_c97_2) N  45073   8075     28
  45383 11075    50295.9841   168    50344.0000    50241.2974  2476170    0.20%  x(c52_2_c68_2) U  45383  45381     43
  45694 11129        cutoff          50344.0000    50241.9460  2487353    0.20%  x(c46_2_c83_2) U  45694  45693     25
Elapsed time = 473.84 sec. (914537.10 ticks, tree = 50.91 MB, solutions = 7)
  45990 11162    50337.2820   166    50344.0000    50242.5000  2499609    0.20%  x(c66_3_c87_3) N  45990  18287     87
  46239 11086    50330.1278   115    50344.0000    50242.9176  2512689    0.20%  x(c84_2_c35_2) N  46239  45208     51
  46563 11189    50331.5437   250    50344.0000    50243.4579  2523589    0.20%   x(c2_3_c27_3) D  46563  46562     19
  46859 11196        cutoff          50344.0000    50244.1831  2534893    0.20%  x(c13_2_c87_2) U  46859  46503     39
  47195 11246    50315.3701   143    50344.0000    50245.0294  2546805    0.20%   x(c79_3_c3_3) U  47195  47193     33
* 47414  9474      integral     0    50326.0000    50245.5542  2555543    0.16%  x(c83_2_c69_2) U  47414  45204     47
  47712  9463    50277.9748   141    50326.0000    50246.3676  2565237    0.16%  x(c52_2_c81_2) U  47712  47191     31
  48085  9488        cutoff          50326.0000    50247.3077  2576323    0.16%  x(c91_2_c19_2) U  48085  44522     16
  48430  9456    50323.4011   140    50326.0000    50248.1108  2586986    0.15%  x(c35_2_c83_2) U  48430  48370     28
  48774  9463    50249.5770    86    50326.0000    50249.0000  2599074    0.15%  x(c97_1_c80_1) N  48774  48773     40
Elapsed time = 492.18 sec. (951628.60 ticks, tree = 43.41 MB, solutions = 8)
  49120  9502    50250.2451   251    50326.0000    50249.7571  2610598    0.15%   x(c77_3_c2_3) U  49120  49119     19
  49474  9587    50269.0531   256    50326.0000    50250.4752  2621842    0.15%  x(c86_3_c43_3) U  49474  32142     27
  49830  9569    50313.6141   218    50326.0000    50251.4101  2633602    0.15%  x(c52_2_c68_2) D  49830  49496     20
  50170  9484    50252.4797   181    50326.0000    50252.0147  2643952    0.15%  x(c13_2_c87_2) N  50170  50169     43
  50512  9476    50252.9491   160    50326.0000    50252.8311  2653187    0.15%  x(c20_2_c84_2) N  50512  50175     49
  50879  9458    50254.3284   188    50326.0000    50253.7561  2663999    0.14%  x(c83_2_c69_2) D  50879  50878     30
  51245  9446    50262.7235   158    50326.0000    50254.8295  2674471    0.14%  x(c13_2_c55_2) N  51245  34427     33
  51596  9446    50297.1966   169    50326.0000    50255.5916  2686309    0.14%  x(c83_2_c46_2) N  51596  47976     22
  51963  9491        cutoff          50326.0000    50256.5177  2697386    0.14%  x(c19_2_c68_2) U  51963  39188     42
  52315  9503        cutoff          50326.0000    50257.3750  2708555    0.14%  x(c31_3_c57_3) U  52315  49426     28
Elapsed time = 510.69 sec. (989845.66 ticks, tree = 43.65 MB, solutions = 8)
  52641  9516    50305.6339    99    50326.0000    50258.2283  2719994    0.13%  x(c35_2_c12_2) N  52641  49213     25
  52979  9498        cutoff          50326.0000    50259.1080  2729910    0.13%   x(c2_3_c27_3) U  52979  37509     38
  53340  9454    50261.4828   196    50326.0000    50259.9000  2739567    0.13% x(c77_3_c100_3) N  53340  53339     43
  53714  9508    50312.2743   129    50326.0000    50260.7365  2750941    0.13%   x(c7_2_c83_2) N  53714  52817     56
  54056  9498    50261.9816   140    50326.0000    50261.7300  2760367    0.13% x(c100_3_c24_3) N  54056  54055     23
  54426  9543        cutoff          50326.0000    50262.5000  2771040    0.13%  x(c13_2_c67_2) U  54426  16309    272
  54813  9474    infeasible          50326.0000    50263.3611  2781064    0.12%  x(c90_3_c31_3) U  54813  51846     36
  55182  9518    50281.3998   163    50326.0000    50264.2118  2791559    0.12%  x(c73_2_c61_2) N  55182  54967     28
  55566  9477    50290.7003   199    50326.0000    50265.2111  2801262    0.12%  x(c46_2_c83_2) N  55566  38595     37
  55960  9451    50267.7206   136    50326.0000    50266.4055  2811325    0.12%  x(c16_3_c71_3) D  55960  55959     33
Elapsed time = 528.64 sec. (1028115.78 ticks, tree = 43.48 MB, solutions = 8)
  56361  9385    50269.8856   183    50326.0000    50267.1740  2820648    0.12%   x(c34_3_c6_3) U  56361  56359     26
  56703  9268        cutoff          50326.0000    50267.7417  2830289    0.12%   x(c7_2_c83_2) U  56703  55997     62
  57105  9329    50308.4362   141    50326.0000    50268.5874  2840410    0.11%  x(c71_3_c16_3) U  57105  57103     57
  57453  9338    50269.9762   144    50326.0000    50269.4251  2851253    0.11%  x(c42_1_c93_1) D  57453  57452     21
  57837  9362    50271.6449   142    50326.0000    50270.3516  2861597    0.11%  x(c71_3_c44_3) N  57837  57836     27
* 58200+ 9010                        50323.0000    50271.0315             0.10%
  58200  9012    50272.5000   108    50323.0000    50271.0352  2871264    0.10%  x(c20_2_c28_2) D  58200  12518     12
  58608  8994    50273.0273   155    50323.0000    50271.8769  2881068    0.10%  x(c19_3_c18_3) U  58608  58607     73
  58982  8955    infeasible          50323.0000    50272.5869  2889993    0.10%  x(c74_2_c83_2) D  58982  58981     65
  59381  8934    50292.5299    86    50323.0000    50273.4041  2899025    0.10%  x(c93_1_c42_1) N  59381  59380     26
  59764  8904        cutoff          50323.0000    50274.0570  2908090    0.10%  x(c13_2_c55_2) U  59764  53826     21
Elapsed time = 546.32 sec. (1066333.17 ticks, tree = 41.09 MB, solutions = 9)
  60159  8867    50276.5233   103    50323.0000    50274.8610  2917564    0.10%  x(c88_3_c63_3) N  60159  60158     53
  60550  8881        cutoff          50323.0000    50275.5400  2927538    0.09%   x(c5_3_c90_3) D  60550  60548     17
  60944  8873    50306.7580   146    50323.0000    50276.4128  2937586    0.09%  x(c15_2_c28_2) N  60944  30357     33
  61317  8840        cutoff          50323.0000    50277.1234  2946659    0.09%  x(c31_3_c66_3) U  61317  61316     46
  61694  8808    50278.1291   163    50323.0000    50277.9221  2955714    0.09%  x(c43_3_c19_3) N  61694  61454     43
  62059  8820    50279.9350   142    50323.0000    50278.5481  2965922    0.09%  x(c75_3_c66_3) N  62059  49436     14
  62410  8848    50279.2913   167    50323.0000    50279.1667  2975496    0.09%  x(c54_3_c40_3) N  62410  61971     41
  62810  8829    50279.9213   138    50323.0000    50279.8540  2984490    0.09%  x(c71_3_c16_3) D  62810  62273     35
  63193  8791    50319.6000   111    50323.0000    50280.6016  2993047    0.08%  x(c86_3_c43_3) N  63193  57305     15
  63556  8770    50297.5434   195    50323.0000    50281.2809  3002628    0.08%  x(c75_3_c66_3) N  63556  51000     15
Elapsed time = 563.77 sec. (1104578.45 ticks, tree = 40.55 MB, solutions = 9)
  63966  8678        cutoff          50323.0000    50281.8624  3010205    0.08%  x(c90_3_c43_3) U  63966  63838     42
  64000  8687    50282.2776   202    50323.0000    50281.9311  3011006    0.08%   x(c83_2_c7_2) D  64000  63999     44
  64403  8648        cutoff          50323.0000    50282.5396  3019873    0.08%  x(c35_2_c84_2) U  64403  58417     33
  64803  8629    50283.1565   198    50323.0000    50283.1270  3027836    0.08% x(c100_3_c77_3) D  64803  54713     18
  65218  8565    50321.0219   103    50323.0000    50283.8607  3036185    0.08%  x(c50_2_c25_2) N  65218  62665     22
  65588  8512    50284.8702   138    50323.0000    50284.5281  3044660    0.08%  x(c79_3_c71_3) D  65588  65344     49
  66000  8502    50285.6544   194    50323.0000    50285.3333  3053578    0.07%  x(c91_2_c19_2) U  66000  63492     31
  66403  8474        cutoff          50323.0000    50286.0000  3062476    0.07%  x(c19_3_c18_3) U  66403  52361     14
  66804  8347        cutoff          50323.0000    50286.5000  3071130    0.07%    x(c6_3_c2_3) U  66804  11638     33
  67173  8270    50318.5738   134    50323.0000    50287.1456  3079650    0.07%  x(c73_2_c61_2) N  67173  66247     34
Elapsed time = 581.01 sec. (1143725.39 ticks, tree = 38.35 MB, solutions = 9)
  67564  8218        cutoff          50323.0000    50287.8805  3087654    0.07%   x(c5_3_c90_3) D  67564  32204     39
  67927  8043    50294.3029   176    50323.0000    50288.3038  3096061    0.07%  x(c10_2_c50_2) N  67927  67925     47
  68303  7935        cutoff          50323.0000    50289.0723  3103920    0.07%   x(c6_2_c96_2) U  68303  13242     19
  68681  7833    50290.2499   205    50323.0000    50289.8750  3111869    0.07%  x(c61_3_c89_3) N  68681  68680     33
  69098  7675        cutoff          50323.0000    50290.5000  3120955    0.06%  x(c70_3_c87_3) U  69098  10081    124
* 69415  4375      integral     0    50308.0000    50291.0000  3127723    0.03%
  69474  4352        cutoff          50308.0000    50291.0886  3128677    0.03%  x(c83_2_c46_2) U  69474  21796     64
* 69515+ 3638                        50305.0000    50291.1536             0.03%
  69854  3523        cutoff          50305.0000    50291.9001  3134256    0.03%  x(c50_2_c97_2) D  69854  68247     61
  70263  3390    50299.0000   216    50305.0000    50292.6679  3140920    0.02%  x(c30_2_c19_2) N  70263  65560     11
  70680  3170    50293.3333   167    50305.0000    50293.3398  3147426    0.02%  x(c57_2_c97_2) N  70680  37188     20
  71077  3003    50294.1802   131    50305.0000    50294.1932  3154126    0.02% x(c100_3_c24_3) N  71077  70693     58
Elapsed time = 597.05 sec. (1181943.98 ticks, tree = 14.41 MB, solutions = 11)
  71502  2788        cutoff          50305.0000    50295.0073  3159892    0.02%  x(c16_3_c89_3) U  71502  70421     28
  71926  2558        cutoff          50305.0000    50295.9675  3165742    0.02%  x(c15_2_c28_2) U  71926  71697     68
  72350  2310    50297.0837   247    50305.0000    50296.8747  3171428    0.02%  x(c91_2_c19_2) N  72350  52216     17
  72782  2078        cutoff          50305.0000    50297.7812  3176702    0.01%  x(c84_2_c35_2) D  72782  72524     56
  73207  1800        cutoff          50305.0000    50298.5000  3182155    0.01% x(c43_3_c100_3) U  73207  22400    111
  73622  1591    50299.5210   172    50305.0000    50299.3547  3187857    0.01%   x(c34_3_c6_3) N  73622  56402     56

Clique cuts applied:  25
Cover cuts applied:  106
Flow cuts applied:  21
Mixed integer rounding cuts applied:  15
Zero-half cuts applied:  4
Gomory fractional cuts applied:  9
User cuts applied:  1038

Root node processing (before b&c):
  Real time             =    4.01 sec. (8848.55 ticks)
Sequential b&c:
  Real time             =  602.93 sec. (1200601.62 ticks)
                          ------------
Total (root+branch&cut) =  606.94 sec. (1209450.17 ticks)

