Version identifier: 22.1.0.0 | 2022-03-09 | 1a383f8ce
CPXPARAM_Preprocessing_Reduce                    0
CPXPARAM_Threads                                 1
CPXPARAM_Preprocessing_Reformulations            0
CPXPARAM_Emphasis_MIP                            2
CPXPARAM_TimeLimit                               7200
CPXPARAM_MIP_Tolerances_AbsMIPGap                0.98999999999999999
CPXPARAM_MIP_Limits_TreeMemory                   20000
Legacy callback                                  BbLUID
         Disabling repeat represolve because of lazy constraint/incumbent callback.
1 of 1 MIP starts provided solutions.
MIP start 'm1' defined initial solution with objective 3037.0000.
Tried aggregator 0 times.
Reduced MIP has 1122 rows, 1008 columns, and 5788 nonzeros.
Reduced MIP has 954 binaries, 0 generals, 0 SOSs, and 0 indicators.
Presolve time = 0.00 sec. (0.31 ticks)
Probing time = 0.00 sec. (1.95 ticks)
Clique table members: 483.
MIP emphasis: optimality.
MIP search method: traditional branch-and-cut.
Parallel mode: none, using 1 thread.
Root relaxation solution time = 0.00 sec. (2.72 ticks)

        Nodes                                         Cuts/
   Node  Left     Objective  IInf  Best Integer    Best Bound    ItCnt     Gap         Variable B NodeID Parent  Depth

*     0+    0                         3037.0000        0.0000           100.00%
      0     0     2662.3733    57     3037.0000     2662.3733      187   12.34%
      0     0     2903.4299    65     3037.0000      Cuts: 19      252    4.40%
      0     0     2950.5000    54     3037.0000      Cuts: 11      322    2.85%
      0     0     2952.0876    58     3037.0000   ZeroHalf: 2      366    2.80%
      0     0     2952.0974    64     3037.0000       Cuts: 3      370    2.80%
      0     0     2952.2115    70     3037.0000       Cuts: 3      376    2.79%
      0     0     2952.2369    70     3037.0000       User: 2      382    2.79%
      0     2     2952.2369    70     3037.0000     2953.7924      382    2.74%                        0             0
Elapsed time = 0.07 sec. (151.10 ticks, tree = 0.01 MB, solutions = 1)
      9     8     2954.8807    60     3037.0000     2954.8860      526    2.70%   x(c10_1_c8_1) U      9      8      9
     46    23     3024.0941    83     3037.0000     2955.6267     1128    2.68%     x(c10_1_Om) N     46     45      9
    109    53     2996.7967    79     3037.0000     2995.9405     3128    1.35%  x(c34_2_c29_2) U    109     49     11
    215   102     3023.1499    26     3037.0000     3004.8976     5139    1.06%   x(c3_2_c14_2) N    215    194     25
    360   119     3014.7599    31     3037.0000     3014.4034     7566    0.74%      x(Op_c2_3) N    360    359     22
    552   131     3022.2124    45     3037.0000     3022.1426    10089    0.49%  x(c32_2_c19_2) U    552    409     10
    772    72    infeasible           3037.0000     3029.4177    12457    0.25%    x(c3_2_c5_2) D    772    511     10

Clique cuts applied:  7
Cover cuts applied:  22
Flow cuts applied:  1
Mixed integer rounding cuts applied:  6
Zero-half cuts applied:  4
Gomory fractional cuts applied:  1
User cuts applied:  120

Root node processing (before b&c):
  Real time             =    0.07 sec. (151.11 ticks)
Sequential b&c:
  Real time             =    0.91 sec. (1848.69 ticks)
                          ------------
Total (root+branch&cut) =    0.99 sec. (1999.80 ticks)

