Version identifier: 22.1.0.0 | 2022-03-09 | 1a383f8ce
CPXPARAM_Preprocessing_Reduce                    0
CPXPARAM_Threads                                 1
CPXPARAM_Preprocessing_Reformulations            0
CPXPARAM_Emphasis_MIP                            2
CPXPARAM_TimeLimit                               7200
CPXPARAM_MIP_Tolerances_AbsMIPGap                0.98999999999999999
CPXPARAM_MIP_Limits_TreeMemory                   20000
Legacy callback                                  BbLUID
         Disabling repeat represolve because of lazy constraint/incumbent callback.
1 of 1 MIP starts provided solutions.
MIP start 'm1' defined initial solution with objective 11587.0000.
Tried aggregator 0 times.
Reduced MIP has 118 rows, 638 columns, and 2444 nonzeros.
Reduced MIP has 638 binaries, 0 generals, 0 SOSs, and 0 indicators.
Presolve time = 0.00 sec. (0.13 ticks)
Probing time = 0.00 sec. (0.76 ticks)
Clique table members: 59.
MIP emphasis: optimality.
MIP search method: traditional branch-and-cut.
Parallel mode: none, using 1 thread.
Root relaxation solution time = 0.00 sec. (0.65 ticks)

        Nodes                                         Cuts/
   Node  Left     Objective  IInf  Best Integer    Best Bound    ItCnt     Gap         Variable B NodeID Parent  Depth

*     0+    0                        11587.0000        0.0000           100.00%
      0     0    11330.0000    16    11587.0000     9736.0000       84   15.97%
      0     0    11565.0000    22    11587.0000       User: 1       85    0.19%
      0     0    11565.0000    24    11587.0000       Cuts: 6       87    0.19%
      0     0    11565.0000    48    11587.0000       User: 3       90    0.19%
      0     0    11565.0000    22    11587.0000       User: 2       90    0.19%
      0     0    11565.0000    70    11587.0000       User: 3       96    0.19%
      0     0    11565.0000    26    11587.0000       User: 2       97    0.19%
      0     0    11565.0000    72    11587.0000       User: 3       99    0.19%
      0     2    11565.0000    24    11587.0000    11565.0000       99    0.19%                        0             0
Elapsed time = 0.08 sec. (38.31 ticks, tree = 0.01 MB, solutions = 1)

User cuts applied:  52

Root node processing (before b&c):
  Real time             =    0.08 sec. (38.31 ticks)
Sequential b&c:
  Real time             =    0.02 sec. (1.92 ticks)
                          ------------
Total (root+branch&cut) =    0.10 sec. (40.23 ticks)

