Version identifier: 22.1.0.0 | 2022-03-09 | 1a383f8ce
CPXPARAM_Preprocessing_Reduce                    0
CPXPARAM_Threads                                 1
CPXPARAM_Preprocessing_Reformulations            0
CPXPARAM_Emphasis_MIP                            2
CPXPARAM_TimeLimit                               7200
CPXPARAM_MIP_Tolerances_AbsMIPGap                0.98999999999999999
CPXPARAM_MIP_Limits_TreeMemory                   20000
Legacy callback                                  BbLUID
         Disabling repeat represolve because of lazy constraint/incumbent callback.
1 of 1 MIP starts provided solutions.
MIP start 'm1' defined initial solution with objective 9534.0000.
Tried aggregator 0 times.
Reduced MIP has 3616 rows, 3085 columns, and 18473 nonzeros.
Reduced MIP has 2964 binaries, 0 generals, 0 SOSs, and 0 indicators.
Presolve time = 0.00 sec. (0.99 ticks)
Probing time = 0.00 sec. (2.91 ticks)
Clique table members: 1492.
MIP emphasis: optimality.
MIP search method: traditional branch-and-cut.
Parallel mode: none, using 1 thread.
Root relaxation solution time = 0.00 sec. (7.72 ticks)

        Nodes                                         Cuts/
   Node  Left     Objective  IInf  Best Integer    Best Bound    ItCnt     Gap         Variable B NodeID Parent  Depth

*     0+    0                         9534.0000        0.0000           100.00%
      0     0     8396.7143   246     9534.0000     8396.7143      420   11.93%
      0     0     9140.1916   249     9534.0000      Cuts: 64      634    4.13%
      0     0     9410.0000   256     9534.0000      Cuts: 39      754    1.30%
      0     0     9441.5000   252     9534.0000       Cuts: 8      820    0.97%
      0     0     9456.5000   254     9534.0000       Cuts: 9      852    0.81%
      0     0     9460.0000   255     9534.0000   ZeroHalf: 6      863    0.78%
      0     0     9461.1667   255     9534.0000   ZeroHalf: 2      884    0.76%
      0     0     9468.4286   258     9534.0000   ZeroHalf: 2      898    0.69%
      0     0     9470.5000   249     9534.0000      Cuts: 18      913    0.67%
      0     0     9470.5000   254     9534.0000       Cuts: 3      927    0.67%
      0     0     9471.5000   254     9534.0000  ZeroHalf: 12      946    0.66%
      0     0     9472.0031   255     9534.0000   ZeroHalf: 8      983    0.65%
      0     0     9472.5000   253     9534.0000       User: 1     1006    0.65%
      0     2     9472.5000   243     9534.0000     9472.5000     1006    0.65%                        0             0
Elapsed time = 0.84 sec. (1858.31 ticks, tree = 0.01 MB, solutions = 1)
      7     9     9475.3333   232     9534.0000     9473.0000     1548    0.64%     x(Op_c24_2) N      7      6      6
     20    22     9484.0000   177     9534.0000     9473.0000     1785    0.64%  x(c20_2_c13_2) U     20     18     18
     31    28     9478.5000   196     9534.0000     9473.6667     2387    0.63%     x(c21_4_Om) N     31      3      4
     56    39     9482.0000   197     9534.0000     9474.0000     3106    0.63%     x(Op_c24_2) N     56      6      6
     78    60     9477.5000   192     9534.0000     9476.0000     3844    0.61%  x(c19_4_c13_4) D     78     77     10
     94    76     9477.2057   209     9534.0000     9477.0000     5032    0.60%   x(c3_4_c21_4) D     94     93     13
    105    86     9477.4493   229     9534.0000     9477.0000     5248    0.60%  x(c29_4_c21_4) D    105    104     24
    113    94     9477.1673   228     9534.0000     9477.0000     5672    0.60%   x(c26_1_c3_1) N    113    112     10
    126   107     9477.2970   183     9534.0000     9477.0000     5909    0.60%  x(c14_3_c15_3) N    126    125     23
    185   161     9477.2756   245     9534.0000     9477.0126     8358    0.60%   x(c20_4_c3_4) D    185    184     28
Elapsed time = 2.40 sec. (5232.25 ticks, tree = 0.43 MB, solutions = 1)
    259   227     9518.3254   184     9534.0000     9477.4780    10413    0.59%  x(c11_1_c19_1) N    259    210     54
    317   266     9506.4211   230     9534.0000     9478.0000    14352    0.59%   x(c23_4_c7_4) U    317     78     11
    384   323     9516.4211   242     9534.0000     9479.0255    19310    0.58%  x(c19_4_c11_4) N    384     74     11
    470   395        cutoff           9534.0000     9479.6274    25650    0.57%  x(c19_4_c15_4) U    470    218     62
    600   509     9481.0822   218     9534.0000     9480.7844    31242    0.56%  x(c16_2_c11_2) D    600    599     23
    709   598     9524.9731   225     9534.0000     9481.9454    38600    0.55%   x(c19_4_c7_4) U    709    568     40
    820   667     9502.4309   213     9534.0000     9482.8333    46907    0.54%   x(c4_4_c13_4) N    820    631     18
    946   778     9483.6377   137     9534.0000     9483.6403    54028    0.53%   x(c14_2_c4_2) D    946    945     56
   1124   916     9484.2222   190     9534.0000     9484.2222    59620    0.52%  x(c13_2_c10_2) D   1124    496     14
   1310  1085     9485.6648   149     9534.0000     9485.3409    67167    0.51%   x(c21_2_c9_2) D   1310   1309     66
Elapsed time = 7.46 sec. (14917.36 ticks, tree = 2.32 MB, solutions = 1)
   1446  1184     9485.9483   177     9534.0000     9485.8172    74115    0.51%   x(c4_4_c16_4) N   1446   1445     78
   1654  1354     9486.4587   190     9534.0000     9486.2196    80661    0.50%     x(Op_c21_1) D   1654   1653     45
   1801  1450     9488.6667   205     9534.0000     9486.6722    89193    0.50%   x(c19_4_c7_4) D   1801   1530     12
   1939  1553     9531.3707   222     9534.0000     9487.4152    98069    0.49%   x(c21_4_c6_4) U   1939   1405     19
   2000  1604     9489.6128   140     9534.0000     9487.6029   101054    0.49%  x(c13_2_c24_2) U   2000   1998     44
   2157  1707     9490.3229   179     9534.0000     9488.3839   109112    0.48%   x(c3_2_c21_2) N   2157   1682     30
   2306  1797     9527.6952   164     9534.0000     9488.9584   117783    0.47%   x(c7_3_c11_3) U   2306   1608     38
   2483  1939     9489.7677   173     9534.0000     9489.4452   126187    0.47%  x(c19_4_c15_4) D   2483   2482     38
   2640  2059        cutoff           9534.0000     9490.0960   134704    0.46%     x(Op_c21_1) U   2640   2568     57
   2838  2204     9522.2689   195     9534.0000     9490.7432   142708    0.45%  x(c19_4_c11_4) D   2838   2682     21
Elapsed time = 13.07 sec. (25238.98 ticks, tree = 4.70 MB, solutions = 1)
   3079  2390        cutoff           9534.0000     9491.1714   151091    0.45%  x(c21_4_c26_4) U   3079    192     36
   3330  2598     9491.8904   218     9534.0000     9491.5119   158400    0.45%   x(c8_2_c28_2) D   3330   3329     50
   3535  2735     9492.0771   141     9534.0000     9491.9220   167282    0.44%  x(c25_1_c16_1) D   3535   3534     57
   3765  2894     9499.3850   151     9534.0000     9492.2000   176029    0.44%  x(c16_2_c23_2) D   3765    972     14
   3935  2999     9519.3822   136     9534.0000     9492.5000   184956    0.44%  x(c15_3_c14_3) U   3935    277     37
   4144  3121     9494.1117   223     9534.0000     9492.8392   194083    0.43%   x(c26_1_c3_1) D   4144   2825     16
   4300  3219     9493.9914   190     9534.0000     9493.1909   203016    0.43%  x(c21_2_c20_2) D   4300   3684     14
   4495  3337     9498.3779   242     9534.0000     9493.5667   211928    0.42%  x(c13_4_c16_4) D   4495   4494     13
   4672  3432     9513.0390   234     9534.0000     9493.9513   220839    0.42%  x(c24_3_c13_3) U   4672   4408     42
   4850  3571     9520.6667   166     9534.0000     9494.2614   230438    0.42%  x(c19_4_c11_4) N   4850   2599     30
Elapsed time = 18.56 sec. (34847.42 ticks, tree = 7.04 MB, solutions = 1)
   5018  3690     9524.0806   182     9534.0000     9494.6068   239917    0.41%   x(c21_2_c6_2) U   5018   4000     66
   5237  3847    infeasible           9534.0000     9494.9322   248428    0.41%   x(c7_3_c11_3) U   5237   5235     32
   5420  3968     9511.1789   150     9534.0000     9495.2715   257838    0.41%   x(c2_3_c20_3) U   5420   4728     33
   5596  4068     9502.0000   138     9534.0000     9495.5000   267265    0.40%  x(c21_2_c20_2) N   5596   5594     18
   5797  4170     9496.1283   196     9534.0000     9495.6750   276328    0.40%   x(c16_4_c8_4) D   5797   5796     68
   5940  4263     9506.6292   199     9534.0000     9496.0000   285593    0.40%   x(c26_1_c3_1) U   5940   5534     27
   6083  4365     9522.0321   230     9534.0000     9496.1304   293466    0.40%   x(c20_4_c2_4) N   6083   2464     15
   6293  4518     9526.1637   218     9534.0000     9496.3571   302388    0.39%  x(c15_4_c19_4) U   6293   4616     27
   6468  4616     9521.3333    99     9534.0000     9496.5917   311807    0.39%  x(c13_1_c21_1) U   6468   6157     26
   6676  4758     9529.6655   205     9534.0000     9496.8466   320916    0.39%   x(c3_1_c20_1) U   6676   4723     28
Elapsed time = 24.07 sec. (44440.64 ticks, tree = 9.26 MB, solutions = 1)
   6877  4890     9523.3085   219     9534.0000     9497.0850   330140    0.39%  x(c21_2_c29_2) U   6877   3618     26
   7000  4946     9530.1077   223     9534.0000     9497.2719   336986    0.39%   x(c4_4_c17_4) N   7000   6459     31
   7190  5066     9514.2597   210     9534.0000     9497.5248   346049    0.38%   x(c21_3_c3_3) U   7190   6028     35
   7361  5178     9531.5017   243     9534.0000     9497.8000   355052    0.38%  x(c21_2_c20_2) U   7361   7360     16
   7559  5312        cutoff           9534.0000     9498.0447   364002    0.38%  x(c21_2_c13_2) U   7559   3631     39
   7729  5418     9522.4286   175     9534.0000     9498.3396   373189    0.37%  x(c10_1_c15_1) U   7729   7727     25
   7960  5538     9523.6204   219     9534.0000     9498.5668   381931    0.37%  x(c24_3_c13_3) U   7960   5834     19
   8000  5568     9520.9262   127     9534.0000     9498.5991   383415    0.37%   x(c4_4_c13_4) D   8000   7998     16
   8186  5667     9528.1398   218     9534.0000     9498.8655   392550    0.37%  x(c23_2_c24_2) U   8186   3042     61
   8384  5795     9499.3228   178     9534.0000     9499.0383   401251    0.37%  x(c21_1_c26_1) D   8384   8383     61
Elapsed time = 30.50 sec. (56569.97 ticks, tree = 11.00 MB, solutions = 1)
   8585  5931     9499.3380   217     9534.0000     9499.2534   409927    0.36%  x(c20_4_c29_4) D   8585   8584     45
   8731  6031        cutoff           9534.0000     9499.4531   418587    0.36%  x(c25_1_c16_1) U   8731   5666     89
   8870  6123     9504.8276   180     9534.0000     9499.5339   427539    0.36%  x(c17_4_c11_4) N   8870   8370     17
   9068  6259     9520.1111   149     9534.0000     9499.8283   436953    0.36%     x(c21_1_Om) U   9068   8497     27
   9264  6377     9507.9052   234     9534.0000     9500.0198   445804    0.36%  x(c16_1_c24_1) U   9264   9262     34
   9470  6503     9509.5246   202     9534.0000     9500.2288   455160    0.35%  x(c24_3_c13_3) U   9470   9468     15
   9659  6624     9505.3667    96     9534.0000     9500.4423   464243    0.35%  x(c13_1_c19_1) D   9659   3924     18
   9818  6697     9501.4077   202     9534.0000     9500.6042   473425    0.35%  x(c19_4_c11_4) U   9818   2815     11
  10000  6807    infeasible           9534.0000     9500.8129   482495    0.35%   x(c11_3_c7_3) U  10000   9998     25
  10213  6952     9502.5000   218     9534.0000     9501.0000   491480    0.35%   x(c20_4_c2_4) D  10213  10211     28
Elapsed time = 35.92 sec. (66160.20 ticks, tree = 13.03 MB, solutions = 1)
  10431  7096     9501.4778   252     9534.0000     9501.1722   500206    0.34%  x(c20_4_c29_4) D  10431  10430     46
  10596  7189     9507.1487   183     9534.0000     9501.3676   509361    0.34%   x(c26_1_c3_1) U  10596   8975     30
  10755  7273     9519.9168   160     9534.0000     9501.5000   518502    0.34%  x(c21_2_c24_2) U  10755    548     40
  10943  7365     9501.7147   150     9534.0000     9501.7141   527535    0.34%   x(c11_3_c7_3) D  10943  10383     56
  11000  7404     9501.7930   227     9534.0000     9501.7782   529781    0.34%  x(c16_2_c27_2) D  11000   9943     14
  11177  7501     9506.0899   179     9534.0000     9502.0000   539028    0.34%   x(c3_1_c21_1) U  11177   4435     22
  11383  7644        cutoff           9534.0000     9502.1111   547930    0.33%  x(c16_2_c23_2) U  11383  11275     17
  11600  7738     9502.5609   238     9534.0000     9502.3097   556029    0.33%   x(c7_2_c11_2) D  11600  11599     47
  11791  7833     9514.1057   112     9534.0000     9502.4989   564893    0.33%  x(c16_1_c24_1) U  11791  10392     38
  11972  7871     9529.1621   186     9534.0000     9502.5667   573889    0.33%   x(c28_2_c8_2) U  11972   3006     31
Elapsed time = 41.95 sec. (77514.57 ticks, tree = 14.66 MB, solutions = 1)
  12149  7964     9502.8630   216     9534.0000     9502.7350   582991    0.33%  x(c16_2_c27_2) D  12149   8258     13
  12372  8087     9524.5935   206     9534.0000     9502.9644   592144    0.33%  x(c16_1_c23_1) U  12372  10297     23
  12540  8186     9503.7236   175     9534.0000     9503.0721   601158    0.32%   x(c7_3_c11_3) D  12540  12013     24
  12769  8330        cutoff           9534.0000     9503.1918   609844    0.32%  x(c16_2_c27_2) D  12769  10995     19
  12952  8438     9503.5703   204     9534.0000     9503.3512   618998    0.32%   x(c3_1_c21_1) N  12952  12922     24
  13143  8480     9523.2511   211     9534.0000     9503.5000   628361    0.32%  x(c24_2_c23_2) U  13143  13141     21
  13314  8538     9531.9848   194     9534.0000     9503.6167   637526    0.32%   x(c11_3_c7_3) U  13314  12291     43
  13490  8623     9509.2614   181     9534.0000     9503.7712   646456    0.32%  x(c21_4_c29_4) U  13490   9986     37
  13668  8697        cutoff           9534.0000     9503.9329   655554    0.32%   x(c11_3_c7_3) U  13668   5980     33
  13872  8811     9504.2346   211     9534.0000     9504.0488   664709    0.31%   x(c21_4_c3_4) D  13872  13871     34
Elapsed time = 47.32 sec. (87067.57 ticks, tree = 16.65 MB, solutions = 1)
  14078  8929     9522.2775   113     9534.0000     9504.1962   673187    0.31%     x(Op_c21_1) U  14078  13681     36
  14263  9024     9518.0083   202     9534.0000     9504.3487   682464    0.31%  x(c15_4_c19_4) U  14263  14092     33
  14449  9079     9504.5000   187     9534.0000     9504.5000   691612    0.31%   x(c24_2_c8_2) D  14449  13784     33
  14641  9141     9504.6997   208     9534.0000     9504.6154   700566    0.31%     x(Op_c21_2) D  14641  14640     17
  14818  9230     9505.3137   202     9534.0000     9504.8048   709874    0.31%      x(c8_1_Om) D  14818  14817     46
  15041  9374     9529.9823   204     9534.0000     9504.9002   718380    0.31%      x(Op_c8_1) U  15041  13009     28
  15235  9448     9510.0000   202     9534.0000     9505.0000   727524    0.30%   x(c7_4_c19_4) D  15235  15233     20
  15419  9543        cutoff           9534.0000     9505.1116   736170    0.30%   x(c20_4_c2_4) D  15419  15361     19
  15606  9637        cutoff           9534.0000     9505.2448   745476    0.30%   x(c28_2_c8_2) U  15606  12281     33
  16000  9857     9520.3627   224     9534.0000     9505.5028   763289    0.30%   x(c24_2_c8_2) U  16000  15998     21
Elapsed time = 54.46 sec. (100333.02 ticks, tree = 18.57 MB, solutions = 1)
  16850 10294     9510.5546   238     9534.0000     9506.0631   797504    0.29%  x(c24_2_c27_2) U  16850   5293     18
  17631 10566        cutoff           9534.0000     9506.5000   833675    0.29%  x(c24_2_c28_2) U  17631   5663     22
  18509 10924     9512.9516   238     9534.0000     9507.0000   869973    0.28%  x(c23_2_c24_2) D  18509  13382     22
  19420 11397     9527.4636   212     9534.0000     9507.4153   905548    0.28%   x(c7_3_c11_3) U  19420  19416     53
  20239 11694     9520.9267   222     9534.0000     9507.9091   942436    0.27%  x(c24_3_c13_3) U  20239  20237     15
  21138 12032     9508.5727   182     9534.0000     9508.3355   978120    0.27%     x(Op_c21_3) D  21138  20336     32
  21994 12231     9512.7218   203     9534.0000     9508.7282  1012278    0.27%   x(c21_2_c2_2) U  21994  17805     45
  22779 12497        cutoff           9534.0000     9509.1567  1048144    0.26%   x(c26_1_c9_1) U  22779  22775     35
  23592 12803     9528.8508   137     9534.0000     9509.5993  1082974    0.26%  x(c27_2_c16_2) U  23592  22269     41
  24471 13067     9510.0000   207     9534.0000     9510.0000  1116561    0.25%  x(c27_2_c24_2) D  24471   8429     17
Elapsed time = 75.85 sec. (138520.67 ticks, tree = 24.12 MB, solutions = 1)
  25264 13319     9510.3973   153     9534.0000     9510.3462  1151184    0.25%  x(c16_1_c24_1) D  25264  25263     38
  26090 13382     9510.9208   195     9534.0000     9510.7668  1185162    0.24%   x(c20_4_c2_4) U  26090  20878     20
  26939 13597     9512.7409   159     9534.0000     9511.1614  1218087    0.24%   x(c11_3_c7_3) D  26939  26938     17
  27783 13832     9526.0058   207     9534.0000     9511.6000  1252272    0.23%  x(c24_3_c13_3) D  27783   3989     19
  28689 14095     9512.2374   182     9534.0000     9512.0159  1286092    0.23%   x(c3_4_c21_4) D  28689  28688     31
  29608 14301     9513.9346   218     9534.0000     9512.4318  1318840    0.23%  x(c19_1_c18_1) D  29608  21983     43
  30435 14316     9528.3717   209     9534.0000     9512.8129  1351578    0.22%     x(Op_c13_2) U  30435  30434     50
  31300 14450     9530.7439   207     9534.0000     9513.2542  1384897    0.22%   x(c19_4_c7_4) D  31300  15623     24
  32199 14134        cutoff           9534.0000     9513.5000  1415642    0.22%   x(c11_2_c7_2) U  32199   9202     16
  33085 14202    infeasible           9534.0000     9514.0000  1448431    0.21%   x(c11_2_c7_2) D  33085  25391     15
Elapsed time = 96.60 sec. (176692.40 ticks, tree = 26.16 MB, solutions = 1)
  34011 14366        cutoff           9534.0000     9514.4058  1480921    0.21%  x(c24_2_c28_2) U  34011  32986     42
  34917 14367     9517.2593   189     9534.0000     9514.7778  1513766    0.20%   x(c3_1_c26_1) D  34917  26833     37
  35826 14444     9515.8774   220     9534.0000     9515.2057  1545459    0.20%  x(c10_1_c15_1) D  35826  22768     54
  36677 14431    infeasible           9534.0000     9515.5691  1577895    0.19%   x(c4_4_c14_4) D  36677  34922     43
  37611 14586     9527.1429   195     9534.0000     9516.0095  1609350    0.19%  x(c13_2_c10_2) N  37611   5446     19
  38471 14663     9516.6744   106     9534.0000     9516.4025  1640778    0.18%   x(c3_1_c21_1) N  38471  38469     22
  39386 14595     9516.8653   209     9534.0000     9516.8586  1671800    0.18%  x(c19_4_c11_4) N  39386  36858     21
  40236 14587    infeasible           9534.0000     9517.2584  1705267    0.18%  x(c15_4_c19_4) D  40236  21664     27
  41121 14640        cutoff           9534.0000     9517.6816  1737571    0.17%   x(c7_4_c19_4) U  41121  34821     45
  42074 14629        cutoff           9534.0000     9518.1576  1768944    0.17%  x(c15_1_c14_1) U  42074  41859     32
Elapsed time = 116.95 sec. (214860.39 ticks, tree = 26.78 MB, solutions = 1)
  43003 14524     9521.8750   216     9534.0000     9518.5371  1800768    0.16%  x(c21_1_c29_1) D  43003  22590     15
  43915 14498        cutoff           9534.0000     9519.0000  1831371    0.16%  x(c13_4_c16_4) U  43915  43913     12
  44812 14494        cutoff           9534.0000     9519.4101  1863500    0.15%   x(c2_4_c13_4) U  44812   7076     11
  45752 14424     9523.4021   128     9534.0000     9519.8116  1893917    0.15%   x(c4_4_c13_4) D  45752  35778     17
  46705 14320     9520.4752   148     9534.0000     9520.2114  1923898    0.14%   x(c20_4_c2_4) D  46705  46703     48
  47693 14197    infeasible           9534.0000     9520.6665  1952794    0.14%  x(c24_3_c13_3) U  47693  47692     29
  48718 14116     9528.4000   154     9534.0000     9521.1021  1980274    0.14%   x(c7_4_c19_4) U  48718  14377     15
  49360 14024     9530.2856   262     9534.0000     9521.3750  1998498    0.13%  x(c16_2_c27_2) N  49360  14758     21
  50415 13976        cutoff           9534.0000     9521.8195  2026983    0.13%     x(c24_2_Om) U  50415  50229     27
  51417 13849        cutoff           9534.0000     9522.1788  2054515    0.12%  x(c13_2_c10_2) D  51417  28116     53
Elapsed time = 136.63 sec. (253036.93 ticks, tree = 25.28 MB, solutions = 1)
  52430 13726        cutoff           9534.0000     9522.5766  2082018    0.12%  x(c13_2_c10_2) U  52430  47914     24
  53471 13595        cutoff           9534.0000     9523.0000  2109461    0.12%  x(c21_1_c13_1) U  53471  42417     25
  54468 13406        cutoff           9534.0000     9523.3189  2136829    0.11%  x(c10_1_c15_1) U  54468  54466     29
  55463 13068     9525.3104   201     9534.0000     9523.6553  2162743    0.11%   x(c11_3_c7_3) N  55463  55461     25
  56561 12894        cutoff           9534.0000     9524.0377  2189488    0.10%   x(c28_2_c8_2) U  56561  23675     22
  57644 12649     9524.4558   193     9534.0000     9524.4194  2215598    0.10%     x(c24_2_Om) D  57644  57643     38
  58074 12555        cutoff           9534.0000     9524.5578  2225439    0.10%   x(c19_4_c7_4) D  58074  56868     33
  59147 12283     9526.4686   152     9534.0000     9525.0000  2251855    0.09%   x(c26_5_c5_5) N  59147  40402     22
  60242 11963        cutoff           9534.0000     9525.3209  2278790    0.09%  x(c15_1_c10_1) U  60242  47971     27
  61302 11608        cutoff           9534.0000     9525.7042  2302794    0.09%  x(c24_1_c16_1) D  61302  45472     61
Elapsed time = 155.35 sec. (291228.06 ticks, tree = 21.38 MB, solutions = 1)
  62343 11176     9531.4568   186     9534.0000     9526.0936  2327609    0.08%  x(c15_1_c10_1) N  62343  56680     23
  63433 10688        cutoff           9534.0000     9526.5000  2350512    0.08%  x(c21_2_c29_2) N  63433  39715     23
  64573 10288    infeasible           9534.0000     9526.9849  2373931    0.07%  x(c27_2_c16_2) D  64573  64572     43
  65715  9734     9528.3643   143     9534.0000     9527.3596  2397423    0.07%  x(c19_3_c15_3) N  65715  61011     28
  66875  9119     9527.7983   217     9534.0000     9527.7983  2418723    0.07%  x(c23_2_c16_2) N  66875  33315     36
  68023  8426        cutoff           9534.0000     9528.2451  2440990    0.06%   x(c11_3_c7_3) U  68023  41181     32
  69264  7625     9528.6838   135     9534.0000     9528.6838  2461020    0.06%   x(c26_1_c9_1) N  69264  69262     48
  70496  6814        cutoff           9534.0000     9529.2049  2480493    0.05%   x(c11_2_c7_2) D  70496  68077     18
  71731  6003        cutoff           9534.0000     9529.7170  2499918    0.04%  x(c24_3_c13_3) D  71731  49422     17
  73001  5149        cutoff           9534.0000     9530.2367  2518309    0.04%   x(c2_3_c20_3) D  73001  57268     32
Elapsed time = 173.15 sec. (329392.75 ticks, tree = 9.95 MB, solutions = 1)
  74334  4134     9532.8646   119     9534.0000     9530.8310  2534968    0.03%  x(c29_2_c21_2) N  74334  67157     37
  75723  3016        cutoff           9534.0000     9531.4554  2549864    0.03%  x(c10_1_c15_1) D  75723  30374     40
  77202  1730        cutoff           9534.0000     9532.1118  2562541    0.02%     x(c24_2_Om) U  77202  47261     27
  78796   258        cutoff           9534.0000     9532.9000  2571372    0.01%  x(c14_2_c11_2) U  78796  54079     38

Clique cuts applied:  30
Cover cuts applied:  111
Flow cuts applied:  4
Mixed integer rounding cuts applied:  22
Zero-half cuts applied:  24
Gomory fractional cuts applied:  4
User cuts applied:  452

Root node processing (before b&c):
  Real time             =    0.84 sec. (1857.18 ticks)
Sequential b&c:
  Real time             =  178.88 sec. (344564.39 ticks)
                          ------------
Total (root+branch&cut) =  179.72 sec. (346421.57 ticks)

