Version identifier: 22.1.0.0 | 2022-03-09 | 1a383f8ce
CPXPARAM_Preprocessing_Reduce                    0
CPXPARAM_Threads                                 1
CPXPARAM_Preprocessing_Reformulations            0
CPXPARAM_Emphasis_MIP                            2
CPXPARAM_TimeLimit                               7200
CPXPARAM_MIP_Tolerances_AbsMIPGap                0.98999999999999999
CPXPARAM_MIP_Limits_TreeMemory                   20000
Legacy callback                                  BbLUID
         Disabling repeat represolve because of lazy constraint/incumbent callback.
1 of 1 MIP starts provided solutions.
MIP start 'm1' defined initial solution with objective 9534.0000.
Tried aggregator 0 times.
Reduced MIP has 3616 rows, 3085 columns, and 18473 nonzeros.
Reduced MIP has 2964 binaries, 0 generals, 0 SOSs, and 0 indicators.
Presolve time = 0.00 sec. (0.99 ticks)
Probing time = 0.00 sec. (2.91 ticks)
Clique table members: 1492.
MIP emphasis: optimality.
MIP search method: traditional branch-and-cut.
Parallel mode: none, using 1 thread.
Root relaxation solution time = 0.00 sec. (7.69 ticks)

        Nodes                                         Cuts/
   Node  Left     Objective  IInf  Best Integer    Best Bound    ItCnt     Gap         Variable B NodeID Parent  Depth

*     0+    0                         9534.0000        0.0000           100.00%
      0     0     8396.7143   246     9534.0000     8396.7143      419   11.93%
      0     0     9140.1916   249     9534.0000      Cuts: 64      647    4.13%
      0     0     9405.5000   253     9534.0000      Cuts: 32      745    1.35%
      0     0     9440.5000   243     9534.0000      Cuts: 12      808    0.98%
      0     0     9455.5000   248     9534.0000      Cuts: 16      845    0.82%
      0     0     9460.5000   253     9534.0000   ZeroHalf: 6      869    0.77%
      0     0     9466.5000   251     9534.0000      Cuts: 14      891    0.71%
      0     0     9467.5000   252     9534.0000   ZeroHalf: 3      906    0.70%
      0     0     9467.5000   256     9534.0000   ZeroHalf: 6      917    0.70%
      0     0     9468.0000   252     9534.0000   ZeroHalf: 4      988    0.69%
      0     0     9471.0000   254     9534.0000      User: 11     1084    0.66%
      0     0     9471.3333   237     9534.0000       User: 1     1122    0.66%
      0     2     9471.3333   237     9534.0000     9471.5000     1122    0.66%                        0             0
Elapsed time = 0.47 sec. (969.01 ticks, tree = 0.01 MB, solutions = 1)
      4     6     9473.1667   240     9534.0000     9473.0000     1203    0.64%   x(c19_4_c7_4) U      4      3      3
     16    18     9477.0025   207     9534.0000     9473.0394     1551    0.64%   x(c24_2_c8_2) D     16     15     11
     30    31     9477.1825   209     9534.0000     9473.0394     1876    0.64%  x(c23_4_c16_4) D     30     29     24
     40    37     9477.8135   192     9534.0000     9473.0394     1938    0.64%   x(c11_4_c4_4) N     40     39     34
     54    46     9480.5113   183     9534.0000     9473.0394     2119    0.64%  x(c19_4_c15_4) D     54     53     48
     76    62     9489.1572   215     9534.0000     9473.1667     2526    0.64%  x(c15_4_c20_4) D     76     75     17
    105    83     9482.6667   198     9534.0000     9475.5000     3431    0.61%  x(c27_4_c23_4) D    105    104      9
    118    96     9477.2224   161     9534.0000     9476.6667     3782    0.60%  x(c16_2_c23_2) D    118    117     15
    127   105     9477.2114   249     9534.0000     9477.0000     4563    0.60%   x(c13_3_c4_3) N    127    126     15
    173   146     9477.1306   169     9534.0000     9477.0000     5151    0.60%  x(c11_1_c15_1) D    173    172     16
Elapsed time = 2.02 sec. (4375.06 ticks, tree = 0.33 MB, solutions = 1)
    262   224     9477.0813   247     9534.0000     9477.0837     6969    0.60%  x(c11_1_c14_1) D    262    247      9
    440   386        cutoff           9534.0000     9477.6667    10166    0.59%   x(c7_4_c11_4) U    440    263     11
    538   466     9478.1971   158     9534.0000     9478.0000    15326    0.59%  x(c21_2_c29_2) D    538    537     23
    670   565     9478.9323   184     9534.0000     9478.7123    21393    0.58%  x(c19_1_c20_1) D    670    669     35
    801   664     9495.0000   180     9534.0000     9480.1737    27541    0.56%  x(c19_4_c13_4) U    801     22     17
    908   734     9521.3714   151     9534.0000     9482.0000    36175    0.55%   x(c20_2_c3_2) U    908    645     54
   1000   810     9499.5000   209     9534.0000     9483.0018    41653    0.53%  x(c13_4_c20_4) U   1000    999      6
   1242  1027     9486.5000   162     9534.0000     9484.0000    49161    0.52%      x(Op_c8_2) U   1242    964     14
   1445  1202     9484.8056   215     9534.0000     9484.5000    54384    0.52%  x(c18_1_c11_1) D   1445   1444     32
   1706  1421     9532.1167   188     9534.0000     9485.1867    61651    0.51%  x(c11_1_c19_1) U   1706   1704     25
Elapsed time = 7.70 sec. (15166.42 ticks, tree = 3.10 MB, solutions = 1)
   1888  1557     9519.2847   204     9534.0000     9485.7089    69339    0.51%  x(c23_4_c16_4) U   1888   1530     15
   2078  1700     9492.3333   183     9534.0000     9486.3520    78416    0.50%  x(c23_4_c27_4) U   2078   1913      4
   2260  1820     9507.4314   205     9534.0000     9487.3224    87277    0.49%  x(c24_1_c23_1) U   2260   1512     32
   2458  1973     9488.0952   202     9534.0000     9488.0000    95317    0.48%  x(c16_1_c25_1) D   2458   2457     22
   2658  2123     9488.6403   191     9534.0000     9488.6366   103965    0.48%  x(c15_4_c19_4) D   2658   2657     23
   2911  2331     9492.3455   225     9534.0000     9489.0472   111980    0.47%      x(Op_c8_2) U   2911     71     13
   3192  2579     9489.5525   193     9534.0000     9489.3209   120058    0.47%     x(Op_c27_4) D   3192   3191     27
   3396  2719     9493.4491   243     9534.0000     9489.7170   128916    0.46%  x(c16_4_c27_4) U   3396   3273     16
   3600  2860     9490.2661   215     9534.0000     9490.0792   137684    0.46%  x(c25_1_c16_1) D   3600   3599     15
   3881  3079     9491.7273   139     9534.0000     9490.3350   146197    0.46%   x(c19_4_c4_4) U   3881   3207     11
Elapsed time = 13.27 sec. (24807.43 ticks, tree = 6.09 MB, solutions = 1)
   4049  3184     9532.3987   189     9534.0000     9490.5640   155143    0.46%  x(c11_1_c19_1) U   4049   4047     22
   4269  3314        cutoff           9534.0000     9491.0000   164268    0.45%  x(c10_1_c15_1) U   4269    385     51
   4520  3496     9491.2647   223     9534.0000     9491.1377   172817    0.45%  x(c24_2_c28_2) D   4520   4519     38
   4699  3608     9494.7961   210     9534.0000     9491.5000   181475    0.45%  x(c11_1_c14_1) U   4699   4698      9
   4943  3802     9491.8981   227     9534.0000     9491.6839   189950    0.44%  x(c18_1_c11_1) D   4943   4942     34
   5000  3832     9491.8308   226     9534.0000     9491.7799   192562    0.44%  x(c11_1_c18_1) D   5000   4999     14
   5137  3919     9498.0018   177     9534.0000     9492.0090   202248    0.44%  x(c23_4_c27_4) U   5137   3509     10
   5396  4098     9492.3042   220     9534.0000     9492.2832   210094    0.44%  x(c15_1_c20_1) D   5396   5013     40
   5600  4204     9495.0124   222     9534.0000     9492.5731   219046    0.43%  x(c23_4_c27_4) D   5600   5599     14
   5796  4295     9493.0521   200     9534.0000     9492.9182   227999    0.43%  x(c23_1_c16_1) D   5796   5095     16
Elapsed time = 18.74 sec. (34574.43 ticks, tree = 8.39 MB, solutions = 1)
   5946  4372     9511.2818   186     9534.0000     9493.2369   237304    0.43%  x(c23_1_c16_1) U   5946   4421     25
   6017  4405     9499.3080   201     9534.0000     9493.3977   241084    0.43%  x(c16_2_c27_2) U   6017   5819     23
   6178  4490     9493.8721   203     9534.0000     9493.8663   250285    0.42%  x(c24_2_c13_2) D   6178   3899     24
   6457  4706     9525.0323   207     9534.0000     9494.1250   257997    0.42%  x(c11_1_c15_1) U   6457   2246     18
   6662  4844     9518.2565   200     9534.0000     9494.4142   266979    0.42%  x(c15_4_c19_4) U   6662   3893     19
   6877  4900     9495.4781   203     9534.0000     9494.7480   274870    0.41%   x(c11_1_c7_1) D   6877   6876     30
   7000  4969     9524.9854   202     9534.0000     9494.9962   279846    0.41%  x(c11_4_c15_4) U   7000   6956     48
   7243  5151     9495.4906   185     9534.0000     9495.1845   288058    0.41%  x(c13_4_c27_4) D   7243   7242     36
   7453  5253     9509.5576   217     9534.0000     9495.4298   296553    0.40%  x(c23_1_c16_1) U   7453   5606     38
   7634  5363     9507.7474   174     9534.0000     9495.6946   304335    0.40%  x(c13_4_c20_4) U   7634   2884     44
Elapsed time = 24.74 sec. (45822.03 ticks, tree = 10.30 MB, solutions = 1)
   7885  5545     9496.1857   185     9534.0000     9496.0000   312550    0.40%   x(c7_2_c11_2) D   7885   7884     23
   8165  5773        cutoff           9534.0000     9496.0541   319921    0.40%  x(c15_1_c20_1) U   8165   3431     40
   8411  5951     9496.4088   145     9534.0000     9496.1899   327655    0.40%   x(c7_2_c16_2) N   8411   6470     16
*  8540+ 3091                         9512.0000     9496.3333             0.16%
   8627  3110     9503.5607   164     9512.0000     9496.4200   335746    0.16%  x(c11_4_c17_4) N   8627   8625     24
   8864  3104     9496.7532   211     9512.0000     9496.7395   341921    0.16%  x(c19_1_c25_1) D   8864   7066     23
   9120  3143     9497.0864   104     9512.0000     9497.0432   348617    0.16%  x(c24_2_c28_2) D   9120   9119     25
   9411  3120     9506.1586   243     9512.0000     9497.5530   355907    0.15%  x(c16_2_c23_2) U   9411   7898     14
   9711  3075     9510.0417   192     9512.0000     9498.0000   363615    0.15%   x(c16_2_c8_2) U   9711   1040     19
   9981  3060     9498.3890   170     9512.0000     9498.3556   371633    0.14%  x(c10_3_c13_3) U   9981   9980     35
  10275  3026     9499.0228   136     9512.0000     9499.0000   377536    0.14%  x(c27_2_c24_2) N  10275   5144     16
Elapsed time = 29.92 sec. (55408.69 ticks, tree = 5.86 MB, solutions = 2)
  10566  2953        cutoff           9512.0000     9499.3333   384695    0.13%  x(c17_1_c11_1) U  10566   1807     35
  10854  2880        cutoff           9512.0000     9499.6667   391592    0.13%   x(c14_2_c4_2) U  10854  10852     68
  11127  2901     9503.9233   197     9512.0000     9500.1617   399324    0.12%   x(c8_2_c28_2) N  11127   5966     38
  11456  2874     9501.6667   159     9512.0000     9500.7023   405559    0.12%  x(c16_2_c27_2) D  11456  11455     29
  11731  2867     9501.1997   205     9512.0000     9501.1166   412816    0.11%  x(c23_2_c16_2) D  11731  11730     30
  12079  2871        cutoff           9512.0000     9501.7150   419735    0.11%  x(c23_2_c24_2) U  12079   5199     58
  12393  2830     9502.2761   201     9512.0000     9502.2136   427023    0.10%  x(c16_4_c27_4) D  12393  12392     14
  12717  2692        cutoff           9512.0000     9502.6098   433213    0.10%  x(c25_1_c19_1) U  12717  12330     11
  13034  2614        cutoff           9512.0000     9503.1761   440109    0.09%  x(c16_1_c25_1) U  13034   9989     22
  13356  2535     9503.8195   189     9512.0000     9503.8204   446345    0.09%  x(c11_1_c14_1) N  13356  13070     23
Elapsed time = 34.87 sec. (64956.15 ticks, tree = 4.92 MB, solutions = 2)
  13682  2482     9504.7493   158     9512.0000     9504.2415   453242    0.08%  x(c23_1_c16_1) N  13682  13681     30
  14016  2359     9505.0696   177     9512.0000     9505.0000   458758    0.07%  x(c21_4_c20_4) U  14016  14015     30
  14363  2299     9505.5064   167     9512.0000     9505.4823   464818    0.07%  x(c19_1_c13_1) N  14363  14362     36
  14692  2161     9506.5221   198     9512.0000     9506.0769   470630    0.06%  x(c16_4_c27_4) D  14692  13526     19
  15034  2024     9506.4090   125     9512.0000     9506.3997   476241    0.06%  x(c10_3_c13_3) U  15034  15033     25
  15390  1838        cutoff           9512.0000     9507.0356   481205    0.05%  x(c23_2_c16_2) U  15390   2565     17
  15703  1680        cutoff           9512.0000     9507.5000   486291    0.05%  x(c13_2_c20_2) U  15703  10756     11
  16062  1425     9508.2372   206     9512.0000     9508.1007   490684    0.04%     x(c24_2_Om) N  16062  16061     18
  16377  1253        cutoff           9512.0000     9508.6667   495190    0.04%  x(c13_2_c20_2) N  16377  13865     10
  16746   930        cutoff           9512.0000     9509.0683   499197    0.03%  x(c23_4_c16_4) U  16746  14677     15
Elapsed time = 39.50 sec. (74518.56 ticks, tree = 2.11 MB, solutions = 2)
  17122   618     9509.6023   158     9512.0000     9509.5932   502842    0.03%  x(c19_1_c13_1) N  17122  17099     26
  17490   361        cutoff           9512.0000     9510.3086   506500    0.02%  x(c25_1_c19_1) D  17490   9297     16
  17894    21        cutoff           9512.0000     9511.0000   509585    0.01%   x(c21_2_c5_2) U  17894  15951     33

Clique cuts applied:  29
Cover cuts applied:  70
Flow cuts applied:  5
Mixed integer rounding cuts applied:  7
Zero-half cuts applied:  23
Gomory fractional cuts applied:  3
User cuts applied:  393

Root node processing (before b&c):
  Real time             =    0.47 sec. (969.25 ticks)
Sequential b&c:
  Real time             =   40.31 sec. (76679.83 ticks)
                          ------------
Total (root+branch&cut) =   40.78 sec. (77649.07 ticks)

