Version identifier: 22.1.0.0 | 2022-03-09 | 1a383f8ce
CPXPARAM_Preprocessing_Reduce                    0
CPXPARAM_Threads                                 1
CPXPARAM_Preprocessing_Reformulations            0
CPXPARAM_Emphasis_MIP                            2
CPXPARAM_TimeLimit                               7200
CPXPARAM_MIP_Tolerances_AbsMIPGap                0.98999999999999999
CPXPARAM_MIP_Limits_TreeMemory                   20000
Legacy callback                                  BbLUID
         Disabling repeat represolve because of lazy constraint/incumbent callback.
1 of 1 MIP starts provided solutions.
MIP start 'm1' defined initial solution with objective 195.0000.
Tried aggregator 0 times.
Reduced MIP has 500 rows, 385 columns, and 2161 nonzeros.
Reduced MIP has 344 binaries, 0 generals, 0 SOSs, and 0 indicators.
Presolve time = 0.00 sec. (0.12 ticks)
Probing time = 0.00 sec. (0.40 ticks)
Clique table members: 168.
MIP emphasis: optimality.
MIP search method: traditional branch-and-cut.
Parallel mode: none, using 1 thread.
Root relaxation solution time = 0.00 sec. (0.87 ticks)

        Nodes                                         Cuts/
   Node  Left     Objective  IInf  Best Integer    Best Bound    ItCnt     Gap         Variable B NodeID Parent  Depth

*     0+    0                          195.0000        0.0000           100.00%
      0     0      124.4703    65      195.0000      124.4703      123   36.17%
      0     0      178.2280    72      195.0000      Cuts: 16      203    8.60%
      0     0      188.5000    86      195.0000      Cuts: 16      238    3.33%
      0     0        cutoff            195.0000                    246    0.00%                        0             0
Elapsed time = 0.01 sec. (17.79 ticks, tree = 0.01 MB, solutions = 1)

Clique cuts applied:  7
Zero-half cuts applied:  9
Gomory fractional cuts applied:  1
User cuts applied:  28

Root node processing (before b&c):
  Real time             =    0.01 sec. (17.81 ticks)
Sequential b&c:
  Real time             =    0.00 sec. (0.00 ticks)
                          ------------
Total (root+branch&cut) =    0.01 sec. (17.81 ticks)

