Version identifier: 22.1.0.0 | 2022-03-09 | 1a383f8ce
CPXPARAM_Preprocessing_Reduce                    0
CPXPARAM_Threads                                 1
CPXPARAM_Preprocessing_Reformulations            0
CPXPARAM_Emphasis_MIP                            2
CPXPARAM_TimeLimit                               7200
CPXPARAM_MIP_Tolerances_AbsMIPGap                0.98999999999999999
CPXPARAM_MIP_Limits_TreeMemory                   20000
Legacy callback                                  BbLUID
         Disabling repeat represolve because of lazy constraint/incumbent callback.
1 of 1 MIP starts provided solutions.
MIP start 'm1' defined initial solution with objective 195.0000.
Tried aggregator 0 times.
Reduced MIP has 1296 rows, 1006 columns, and 5994 nonzeros.
Reduced MIP has 938 binaries, 0 generals, 0 SOSs, and 0 indicators.
Presolve time = 0.00 sec. (0.33 ticks)
Probing time = 0.00 sec. (1.54 ticks)
Clique table members: 421.
MIP emphasis: optimality.
MIP search method: traditional branch-and-cut.
Parallel mode: none, using 1 thread.
Root relaxation solution time = 0.00 sec. (1.75 ticks)

        Nodes                                         Cuts/
   Node  Left     Objective  IInf  Best Integer    Best Bound    ItCnt     Gap         Variable B NodeID Parent  Depth

*     0+    0                          195.0000        0.0000           100.00%
      0     0       46.0000    36      195.0000       46.0000      141   76.41%
      0     0      148.0000   114      195.0000      Cuts: 21      339   24.10%
      0     0      171.5000   122      195.0000      Cuts: 17      427   12.05%
      0     0      190.0000   115      195.0000      Cuts: 19      491    2.56%
      0     0      191.0000   129      195.0000      Cuts: 29      521    2.05%
      0     0      193.0000   134      195.0000      Cuts: 23      578    1.03%
      0     0        cutoff            195.0000                    581    0.00%                        0             0
Elapsed time = 0.05 sec. (81.88 ticks, tree = 0.01 MB, solutions = 1)

Cover cuts applied:  1
Zero-half cuts applied:  19
User cuts applied:  57

Root node processing (before b&c):
  Real time             =    0.05 sec. (81.93 ticks)
Sequential b&c:
  Real time             =    0.00 sec. (0.00 ticks)
                          ------------
Total (root+branch&cut) =    0.05 sec. (81.93 ticks)

