Version identifier: 22.1.0.0 | 2022-03-09 | 1a383f8ce
CPXPARAM_Preprocessing_Reduce                    0
CPXPARAM_Threads                                 1
CPXPARAM_Preprocessing_Reformulations            0
CPXPARAM_Emphasis_MIP                            2
CPXPARAM_TimeLimit                               7200
CPXPARAM_MIP_Tolerances_AbsMIPGap                0.98999999999999999
CPXPARAM_MIP_Limits_TreeMemory                   20000
Legacy callback                                  BbLUID
         Disabling repeat represolve because of lazy constraint/incumbent callback.
1 of 1 MIP starts provided solutions.
MIP start 'm1' defined initial solution with objective 117.0000.
Tried aggregator 0 times.
Reduced MIP has 694 rows, 587 columns, and 3365 nonzeros.
Reduced MIP has 546 binaries, 0 generals, 0 SOSs, and 0 indicators.
Presolve time = 0.00 sec. (0.18 ticks)
Probing time = 0.00 sec. (0.88 ticks)
Clique table members: 246.
MIP emphasis: optimality.
MIP search method: traditional branch-and-cut.
Parallel mode: none, using 1 thread.
Root relaxation solution time = 0.00 sec. (0.92 ticks)

        Nodes                                         Cuts/
   Node  Left     Objective  IInf  Best Integer    Best Bound    ItCnt     Gap         Variable B NodeID Parent  Depth

*     0+    0                          117.0000        0.0000           100.00%
      0     0       28.0000    20      117.0000       28.0000       81   76.07%
      0     0       90.0000    66      117.0000      Cuts: 13      199   23.08%
      0     0       99.0000    62      117.0000       Cuts: 8      244   15.38%
      0     0      110.0000    65      117.0000       Cuts: 7      285    5.98%
      0     0      113.0000    67      117.0000      Cuts: 11      313    3.42%
      0     0        cutoff            117.0000                    322    0.00%                        0             0
Elapsed time = 0.02 sec. (36.51 ticks, tree = 0.01 MB, solutions = 1)

Zero-half cuts applied:  3
User cuts applied:  33

Root node processing (before b&c):
  Real time             =    0.02 sec. (36.54 ticks)
Sequential b&c:
  Real time             =    0.00 sec. (0.00 ticks)
                          ------------
Total (root+branch&cut) =    0.02 sec. (36.54 ticks)

