Version identifier: 22.1.0.0 | 2022-03-09 | 1a383f8ce
CPXPARAM_Preprocessing_Reduce                    0
CPXPARAM_Threads                                 1
CPXPARAM_Preprocessing_Reformulations            0
CPXPARAM_Emphasis_MIP                            2
CPXPARAM_TimeLimit                               7200
CPXPARAM_MIP_Tolerances_AbsMIPGap                0.98999999999999999
CPXPARAM_MIP_Limits_TreeMemory                   20000
Legacy callback                                  BbLUID
         Disabling repeat represolve because of lazy constraint/incumbent callback.
1 of 1 MIP starts provided solutions.
MIP start 'm1' defined initial solution with objective 3296.0000.
Tried aggregator 0 times.
Reduced MIP has 1152 rows, 1045 columns, and 5987 nonzeros.
Reduced MIP has 990 binaries, 0 generals, 0 SOSs, and 0 indicators.
Presolve time = 0.00 sec. (0.33 ticks)
Probing time = 0.00 sec. (2.06 ticks)
Clique table members: 501.
MIP emphasis: optimality.
MIP search method: traditional branch-and-cut.
Parallel mode: none, using 1 thread.
Root relaxation solution time = 0.00 sec. (2.56 ticks)

        Nodes                                         Cuts/
   Node  Left     Objective  IInf  Best Integer    Best Bound    ItCnt     Gap         Variable B NodeID Parent  Depth

*     0+    0                         3296.0000        0.0000           100.00%
      0     0     3101.7109    59     3296.0000     3101.7109      196    5.89%
      0     0     3181.3333    64     3296.0000      Cuts: 26      248    3.48%
      0     0     3203.0863    68     3296.0000      Cuts: 21      288    2.82%
      0     0     3215.0273    61     3296.0000      Cuts: 12      327    2.46%
      0     0     3218.0016    75     3296.0000       Cuts: 4      342    2.37%
      0     0     3218.0016    75     3296.0000       Cuts: 2      349    2.37%
      0     0     3219.0016    74     3296.0000   ZeroHalf: 4      354    2.34%
      0     0     3220.5016    73     3296.0000   ZeroHalf: 3      359    2.29%
      0     0     3220.5037    80     3296.0000       Cuts: 3      369    2.29%
      0     2     3220.5037    80     3296.0000     3222.0100      369    2.24%                        0             0
Elapsed time = 0.12 sec. (256.90 ticks, tree = 0.01 MB, solutions = 1)
     12    13     3234.8984    74     3296.0000     3226.3521      729    2.11%  x(c14_1_c15_1) N     12     11     10
     45    35     3239.8024    85     3296.0000     3227.6032     1329    2.08%     x(Op_c29_3) N     45     44      8
    101    59        cutoff           3296.0000     3246.0016     3985    1.52%   x(c38_2_c7_2) U    101     43      7
    188   106     3273.4681    82     3296.0000     3253.8437     6358    1.28%   x(c4_3_c16_3) N    188    165     14
    264   154     3288.3124    71     3296.0000     3259.5000     9648    1.11%   x(c38_2_c6_2) U    264    125      9
    400   233     3284.2388   103     3296.0000     3273.2534    13539    0.69%     x(Op_c29_3) U    400    377      7
    553   297     3280.5977    60     3296.0000     3275.6493    15913    0.62%  x(c33_3_c36_3) N    553    279     13
    714   341     3285.4492    66     3296.0000     3278.5068    19002    0.53%  x(c12_2_c38_2) U    714    136      8
    862   343        cutoff           3296.0000     3281.5724    21177    0.44%   x(c38_2_c6_2) U    862    541     11
*  1438     0      integral     0     3288.0000     3288.0000    28098    0.00%

Clique cuts applied:  7
Cover cuts applied:  28
Flow cuts applied:  3
Mixed integer rounding cuts applied:  2
Zero-half cuts applied:  11
Gomory fractional cuts applied:  3
User cuts applied:  148

Root node processing (before b&c):
  Real time             =    0.12 sec. (256.95 ticks)
Sequential b&c:
  Real time             =    1.47 sec. (2855.56 ticks)
                          ------------
Total (root+branch&cut) =    1.58 sec. (3112.50 ticks)

