Version identifier: 22.1.0.0 | 2022-03-09 | 1a383f8ce
CPXPARAM_Preprocessing_Reduce                    1
CPXPARAM_Threads                                 1
CPXPARAM_Preprocessing_Reformulations            0
CPXPARAM_Emphasis_MIP                            2
CPXPARAM_TimeLimit                               7200
CPXPARAM_MIP_Tolerances_AbsMIPGap                0.5
CPXPARAM_MIP_Limits_TreeMemory                   26600
Legacy callback                                  BbLUID
         Disabling repeat represolve because of lazy constraint/incumbent callback.
1 of 1 MIP starts provided solutions.
MIP start 'm1' defined initial solution with objective 5851.0000.
Tried aggregator 1 time.
MIP Presolve modified 5693 coefficients.
Reduced MIP has 285 rows, 3792 columns, and 11300 nonzeros.
Reduced MIP has 3792 binaries, 0 generals, 0 SOSs, and 0 indicators.
Presolve time = 0.01 sec. (15.17 ticks)
Probing time = 0.00 sec. (2.82 ticks)
Clique table members: 280.
MIP emphasis: optimality.
MIP search method: traditional branch-and-cut.
Parallel mode: none, using 1 thread.
Root relaxation solution time = 0.00 sec. (2.31 ticks)

        Nodes                                         Cuts/
   Node  Left     Objective  IInf  Best Integer    Best Bound    ItCnt     Gap         Variable B NodeID Parent  Depth

*     0+    0                         5851.0000        0.0000           100.00%
      0     0     5637.0000    26     5851.0000     5125.0000      122   12.41%
      0     0     5750.0000    66     5851.0000      Cuts: 18      146    1.73%
      0     0     5771.0000    36     5851.0000      Cuts: 11      154    1.37%
      0     0     5780.9333   127     5851.0000       Cuts: 5      171    1.20%
      0     0     5787.6667   149     5851.0000      Cuts: 25      193    1.08%
      0     0     5794.2143    68     5851.0000      Cuts: 16      203    0.97%
      0     0     5794.5000    68     5851.0000       Cuts: 8      207    0.97%
      0     0     5798.0000    35     5851.0000   ZeroHalf: 5      212    0.91%
      0     0     5798.0000    37     5851.0000       Cuts: 3      214    0.91%
      0     0     5798.0000    22     5851.0000       User: 1      215    0.91%
      0     0     5798.0000    34     5851.0000       User: 1      216    0.91%
      0     0     5799.7500    67     5851.0000       User: 3      227    0.88%
      0     0     5799.8750    67     5851.0000       User: 1      230    0.87%
      0     2     5800.1250   117     5851.0000     5802.3750      230    0.83%                        0             0
Elapsed time = 0.36 sec. (600.69 ticks, tree = 0.01 MB, solutions = 1)
     19    12        cutoff           5851.0000     5810.8750      657    0.69%  x(c53_5_c26_5) D     19     18      9
     41    20     5844.6429   143     5851.0000     5817.1429     1105    0.58%  x(c17_1_c26_1) N     41     39     12
     81    44     5840.0000    74     5851.0000     5825.1429     1781    0.44%      x(Op_c3_1) U     81     56      6
    150    70     5848.7262   151     5851.0000     5833.5000     2624    0.30%   x(c3_3_c25_3) D    150    149     10
    214    91        cutoff           5851.0000     5837.6667     3375    0.23%      x(Op_c3_1) U    214     45     14
    265    85        cutoff           5851.0000     5840.6667     4315    0.18%   x(c8_2_c13_2) U    265     60      7
    340    86     5848.0000    30     5851.0000     5843.8571     5111    0.12%  x(c40_5_c27_5) D    340    339     28
    408    58     5846.9615    53     5851.0000     5846.5000     5791    0.08%     x(Op_c30_5) N    408    406     24

Zero-half cuts applied:  32
Gomory fractional cuts applied:  2
User cuts applied:  463

Root node processing (before b&c):
  Real time             =    0.36 sec. (600.72 ticks)
Sequential b&c:
  Real time             =    2.59 sec. (2135.98 ticks)
                          ------------
Total (root+branch&cut) =    2.95 sec. (2736.69 ticks)

