Version identifier: 22.1.0.0 | 2022-03-09 | 1a383f8ce
CPXPARAM_Preprocessing_Reduce                    1
CPXPARAM_Threads                                 1
CPXPARAM_Preprocessing_Reformulations            0
CPXPARAM_Emphasis_MIP                            2
CPXPARAM_TimeLimit                               7200
CPXPARAM_MIP_Tolerances_AbsMIPGap                0.5
CPXPARAM_MIP_Limits_TreeMemory                   26600
Legacy callback                                  BbLUID
         Disabling repeat represolve because of lazy constraint/incumbent callback.
1 of 1 MIP starts provided solutions.
MIP start 'm1' defined initial solution with objective 4657.0000.
Tried aggregator 1 time.
MIP Presolve modified 14015 coefficients.
Reduced MIP has 303 rows, 7388 columns, and 22025 nonzeros.
Reduced MIP has 7388 binaries, 0 generals, 0 SOSs, and 0 indicators.
Presolve time = 0.01 sec. (36.57 ticks)
Probing time = 0.00 sec. (3.85 ticks)
Clique table members: 300.
MIP emphasis: optimality.
MIP search method: traditional branch-and-cut.
Parallel mode: none, using 1 thread.
Root relaxation solution time = 0.00 sec. (4.68 ticks)

        Nodes                                         Cuts/
   Node  Left     Objective  IInf  Best Integer    Best Bound    ItCnt     Gap         Variable B NodeID Parent  Depth

*     0+    0                         4657.0000        0.0000           100.00%
      0     0     4506.5000    62     4657.0000     4210.0000      178    9.60%
      0     0     4534.0000    40     4657.0000      Cuts: 22      214    2.64%
      0     0     4553.5000    50     4657.0000      Cuts: 12      231    2.22%
      0     0     4564.6667    92     4657.0000       Cuts: 9      250    1.98%
      0     0     4570.3333    99     4657.0000      Cuts: 24      270    1.86%
      0     0     4571.0000    90     4657.0000      Cuts: 15      276    1.85%
      0     0     4572.0000    49     4657.0000      Cuts: 10      281    1.83%
      0     0     4579.0000    58     4657.0000       Cuts: 5      292    1.67%
      0     0     4580.0000    66     4657.0000       Cuts: 7      301    1.65%
      0     0     4581.3333    57     4657.0000       Cuts: 8      309    1.62%
      0     0     4583.3333    33     4657.0000   ZeroHalf: 3      318    1.58%
      0     0     4585.9000    86     4657.0000      Cuts: 20      330    1.53%
      0     0     4588.4000   115     4657.0000   ZeroHalf: 8      341    1.47%
      0     0     4588.4643   137     4657.0000  ZeroHalf: 12      351    1.47%
      0     0     4589.4857   138     4657.0000  ZeroHalf: 10      374    1.45%
      0     0     4589.8571   144     4657.0000   ZeroHalf: 4      382    1.44%
      0     2     4589.8571   135     4657.0000     4589.8610      382    1.44%                        0             0
Elapsed time = 0.93 sec. (1752.64 ticks, tree = 0.01 MB, solutions = 1)
      7     9     4602.9167   109     4657.0000     4595.4667      544    1.32%  x(c34_1_c56_1) D      7      6      5
     25    20     4602.0000    69     4657.0000     4595.8000      760    1.31%  x(c23_1_c42_1) U     25     24      8
     50    42     4635.8500   101     4657.0000     4595.8000     1044    1.31%     x(c17_2_Om) N     50     48     28
     70    52     4608.0000    50     4657.0000     4599.9000     1348    1.23%  x(c29_3_c46_3) D     70     23      8
     86    64     4617.5833    90     4657.0000     4604.0000     1775    1.14%    x(c2_1_c3_1) N     86      7      6
    105    82     4632.3333   100     4657.0000     4607.1667     2427    1.07%  x(c34_1_c56_1) U    105    101      7
    125   102     4620.6136    71     4657.0000     4609.0000     3179    1.03%  x(c48_1_c54_1) N    125     87     10
    152   127     4634.9167   138     4657.0000     4611.8333     4120    0.97%  x(c34_1_c56_1) N    152     88      2
    179   150     4618.8000    94     4657.0000     4614.0000     4955    0.92%   x(c35_1_c3_1) D    179    110     13
    272   232     4627.5000   101     4657.0000     4618.7778     7717    0.82%   x(c35_2_c2_2) D    272     93      9
Elapsed time = 4.02 sec. (4962.60 ticks, tree = 2.11 MB, solutions = 1)
    375   311     4643.7333   105     4657.0000     4621.7083    10442    0.76%  x(c33_2_c37_2) N    375    150     15
    460   362     4628.1818   109     4657.0000     4623.5000    13035    0.72%   x(c36_3_c8_3) U    460    362     18
    555   425     4630.1667    91     4657.0000     4625.3384    16104    0.68%  x(c29_3_c46_3) D    555    354     13
    643   485     4644.5167    87     4657.0000     4627.2500    19196    0.64%  x(c23_1_c42_1) N    643    421     16
    739   532     4630.1809   138     4657.0000     4628.5000    21443    0.61%  x(c31_3_c35_3) D    739    738     18
    802   566     4632.3333   102     4657.0000     4629.1818    24234    0.60%   x(c35_1_c3_1) D    802    549     10
    877   622     4631.6415    85     4657.0000     4629.8571    27545    0.58%  x(c48_1_c31_1) D    877    472     39
    951   656     4632.0667    86     4657.0000     4630.3443    30160    0.57%   x(c36_1_c8_1) N    951    770     14
   1027   713     4637.5000    73     4657.0000     4631.0000    33282    0.56%  x(c25_3_c43_3) N   1027   1026     15
   1124   780     4640.2250   100     4657.0000     4631.7750    35740    0.54%  x(c47_1_c30_1) N   1124     75      6
Elapsed time = 10.96 sec. (14725.39 ticks, tree = 9.77 MB, solutions = 1)
   1201   832     4644.7980   114     4657.0000     4632.3333    37745    0.53%  x(c15_1_c53_1) N   1201   1200     13
   1279   870     4638.0714    80     4657.0000     4633.0526    40528    0.51%  x(c18_2_c53_2) D   1279    781     33
   1365   913        cutoff           4657.0000     4633.7500    42626    0.50%   x(c7_1_c48_1) U   1365    211     11
   1441   969     4646.9750    96     4657.0000     4634.4000    45297    0.49%  x(c23_1_c42_1) N   1441   1070     14
   1526  1005     4638.1591   132     4657.0000     4634.8333    47437    0.48%    x(c6_2_c2_2) D   1526   1525     21
   1601  1050     4639.9474   146     4657.0000     4635.3542    49733    0.46%  x(c23_1_c42_1) U   1601   1141      7
   1680  1090     4650.7500    98     4657.0000     4635.7500    51937    0.46%   x(c36_3_c8_3) N   1680   1677     30
   1768  1144     4644.0000   114     4657.0000     4636.3333    54429    0.44%   x(c36_2_c8_2) N   1768    812     16
   1854  1201     4636.8000    62     4657.0000     4636.7500    55974    0.43%  x(c49_2_c32_2) N   1854   1566     20
   1930  1223     4646.8636    95     4657.0000     4637.1000    58627    0.43%  x(c23_1_c42_1) D   1930   1264     15
Elapsed time = 16.68 sec. (24364.10 ticks, tree = 17.59 MB, solutions = 1)
   1994  1263     4637.5833   158     4657.0000     4637.5000    60237    0.42%    x(c7_1_c4_1) D   1994   1830     35
   2051  1287     4647.1667    65     4657.0000     4637.7727    61830    0.41%  x(c49_1_c32_1) D   2051   1704     30
   2137  1315     4639.5784   117     4657.0000     4638.0833    63616    0.41%  x(c23_1_c42_1) U   2137   1072     10
   2204  1347     4653.9123   121     4657.0000     4638.5000    65289    0.40%  x(c25_2_c21_2) U   2204   1279     34
   2273  1382     4646.4524   105     4657.0000     4638.7692    67087    0.39%  x(c23_1_c42_1) D   2273   1709     11
   2360  1428        cutoff           4657.0000     4639.0000    68799    0.39%   x(c36_2_c8_2) D   2360   2358     17
   2436  1456     4646.6667    76     4657.0000     4639.3333    70288    0.38%   x(c6_2_c48_2) N   2436   1516     16
   2522  1495     4650.5357   141     4657.0000     4639.5700    72013    0.37%   x(c6_2_c48_2) U   2522   2275     36
   2598  1529     4644.4167    90     4657.0000     4639.8750    73694    0.37%   x(c36_3_c8_3) U   2598    913     10
   2677  1556     4641.8333    67     4657.0000     4640.1667    75568    0.36%   x(c36_1_c8_1) D   2677   2035     16
Elapsed time = 22.23 sec. (33993.65 ticks, tree = 24.59 MB, solutions = 1)
   2747  1583     4640.7187   111     4657.0000     4640.4643    77132    0.36%   x(c36_1_c8_1) D   2747   2746     15
   2820  1598     4654.5789   141     4657.0000     4640.6600    78688    0.35%  x(c46_1_c31_1) D   2820   1601      8
   2904  1643     4651.5652   121     4657.0000     4641.0000    80328    0.34%    x(c7_3_c8_3) D   2904   2903     21
   2986  1685     4642.9500   121     4657.0000     4641.2143    81991    0.34%    x(c4_3_c2_3) D   2986   2854     27
   3069  1722     4644.1364    81     4657.0000     4641.5000    83635    0.33%  x(c50_1_c30_1) N   3069    832     33
   3150  1747     4643.3289   126     4657.0000     4641.8333    85418    0.33%  x(c48_1_c54_1) N   3150   2046     20
   3210  1772     4648.6643   107     4657.0000     4642.0000    87248    0.32%  x(c50_1_c30_1) D   3210   3209     19
   3290  1795     4642.1905   139     4657.0000     4642.1862    89224    0.32%  x(c45_3_c46_3) D   3290   3048     17
   3359  1823     4646.8333    86     4657.0000     4642.4000    90733    0.31%   x(c36_2_c8_2) D   3359   2813     19
   3443  1850     4642.6786   104     4657.0000     4642.5403    92328    0.31%   x(c36_1_c8_1) D   3443   1801     23
Elapsed time = 27.22 sec. (43644.31 ticks, tree = 31.52 MB, solutions = 1)
   3522  1877     4648.8889   130     4657.0000     4642.8750    93878    0.30%  x(c49_2_c32_2) U   3522   1853     15
   3592  1915        cutoff           4657.0000     4643.0000    95382    0.30%   x(c7_1_c49_1) U   3592   2693     21
   3666  1934     4645.0769    92     4657.0000     4643.2250    96976    0.30%  x(c50_3_c46_3) D   3666   3664     24
   3719  1950        cutoff           4657.0000     4643.3548    98805    0.29%   x(c36_3_c8_3) U   3719   3546     24
   3799  1967     4646.0000    68     4657.0000     4643.5000   100285    0.29%   x(c35_3_c2_3) N   3799    923     17
   3857  1986        cutoff           4657.0000     4643.6842   101521    0.29%   x(c6_2_c48_2) U   3857   2448     55
   3922  1995     4655.5333    93     4657.0000     4643.8889   102749    0.28%   x(c36_2_c8_2) D   3922   2437     13
   3980  2001     4647.0000    84     4657.0000     4644.0000   104199    0.28%   x(c6_2_c48_2) N   3980   3019     16
   4060  2016     4644.2500    56     4657.0000     4644.2500   105455    0.27%   x(c36_2_c8_2) D   4060   3166     19
   4130  2037        cutoff           4657.0000     4644.3750   106638    0.27%   x(c35_1_c4_1) N   4130   2891     20
Elapsed time = 32.14 sec. (53240.49 ticks, tree = 36.62 MB, solutions = 1)
   4191  2056     4654.1667    75     4657.0000     4644.5000   108122    0.27%  x(c18_2_c17_2) U   4191   2156     16
   4269  2064     4644.7197   121     4657.0000     4644.6215   109415    0.27%  x(c47_1_c30_1) N   4269   3685     21
   4341  2093     4644.7874   120     4657.0000     4644.7917   110528    0.26%  x(c56_1_c35_1) N   4341   4261     36
   4398  2101     4645.0000    18     4657.0000     4645.0000   112039    0.26%  x(c45_1_c29_1) N   4398   2884     19
   4448  2145        cutoff           4657.0000     4645.0000   112690    0.26%   x(c36_2_c8_2) D   4448   1554     20
   4507  2156        cutoff           4657.0000     4645.0500   114311    0.26%   x(c35_1_c3_1) U   4507   4053     19
   4571  2166     4646.0000    75     4657.0000     4645.2500   115572    0.25%   x(c6_2_c48_2) U   4571   2101     18
   4647  2190     4645.4286    74     4657.0000     4645.3875   116842    0.25%   x(c34_2_c2_2) D   4647   4392     51
   4699  2195        cutoff           4657.0000     4645.5000   118445    0.25%  x(c46_1_c54_1) U   4699   4697     16
   4775  2211        cutoff           4657.0000     4645.6667   119683    0.24%   x(c36_2_c8_2) U   4775   2824     16
Elapsed time = 37.24 sec. (62822.54 ticks, tree = 41.48 MB, solutions = 1)
   4851  2224        cutoff           4657.0000     4645.8881   120821    0.24%  x(c47_1_c30_1) U   4851   2775     29
   4908  2234        cutoff           4657.0000     4646.0000   122486    0.24%   x(c36_2_c8_2) U   4908     62     41
   4996  2246     4650.2000   111     4657.0000     4646.0000   123711    0.24%   x(c36_3_c8_3) D   4996   3974     22
   5049  2260     4656.0000    74     4657.0000     4646.1875   125340    0.23%   x(c36_2_c8_2) N   5049   3317     20
   5126  2266     4646.9374   171     4657.0000     4646.3421   126927    0.23%   x(c48_1_c7_1) D   5126   4485     44
   5210  2281        cutoff           4657.0000     4646.5000   128410    0.23%   x(c35_3_c2_3) D   5210   4783     19
   5282  2290     4654.7500    77     4657.0000     4646.6250   129708    0.22%   x(c36_3_c8_3) D   5282   3470     17
   5352  2297        cutoff           4657.0000     4646.7500   130983    0.22%   x(c48_1_c7_1) U   5352   1433     22
   5407  2306     4647.1214   136     4657.0000     4646.8472   132475    0.22%   x(c49_2_c2_2) D   5407   3106     49
   5480  2339     4647.0000    18     4657.0000     4647.0000   133491    0.21%   x(c35_3_c2_3) U   5480   5479     25
Elapsed time = 41.81 sec. (72482.65 ticks, tree = 45.24 MB, solutions = 1)
   5538  2367     4647.0000    57     4657.0000     4647.0000   134840    0.21%   x(c36_1_c8_1) D   5538   5378     25
   5605  2377        cutoff           4657.0000     4647.0571   135743    0.21%   x(c49_1_c4_1) U   5605   4734     19
   5676  2394     4653.4896   134     4657.0000     4647.1667   137218    0.21%   x(c33_2_c8_2) N   5676   2273     12
   5738  2399        cutoff           4657.0000     4647.2778   138380    0.21%  x(c45_3_c29_3) D   5738   2387     26
   5797  2405        cutoff           4657.0000     4647.4722   139444    0.20%   x(c7_1_c48_1) U   5797   4892     24
   5853  2420        cutoff           4657.0000     4647.5000   141148    0.20%  x(c50_3_c46_3) D   5853   4591     25
   5919  2410        cutoff           4657.0000     4647.6000   142176    0.20%    x(c2_1_c4_1) D   5919   5635     53
   5974  2416        cutoff           4657.0000     4647.7287   143576    0.20%  x(c50_3_c46_3) U   5974   4564     43
   6035  2438        cutoff           4657.0000     4647.8000   145155    0.20%  x(c23_1_c42_1) D   6035   5188     23
   6093  2435     4652.0000   122     4657.0000     4647.9971   146381    0.19%  x(c47_1_c30_1) N   6093   3365     31
Elapsed time = 46.47 sec. (82215.89 ticks, tree = 48.51 MB, solutions = 1)
   6148  2426        cutoff           4657.0000     4648.0000   147613    0.19%  x(c25_3_c43_3) D   6148   3808     18
   6214  2432     4649.9578   119     4657.0000     4648.1250   148890    0.19%   x(c48_1_c4_1) N   6214   5034     26
   6276  2430     4650.1500    94     4657.0000     4648.2500   150129    0.19%   x(c35_1_c3_1) N   6276   4966     21
   6325  2433        cutoff           4657.0000     4648.3333   151560    0.19%   x(c36_3_c8_3) N   6325   6323     13
   6378  2440     4649.0000    80     4657.0000     4648.4881   153120    0.18%    x(c2_2_c4_2) D   6378   4927     23
   6433  2452     4648.5000    70     4657.0000     4648.5000   153950    0.18%   x(c7_1_c49_1) N   6433   5669     23
   6501  2435     4649.0000    45     4657.0000     4648.6250   155315    0.18%   x(c7_1_c48_1) N   6501   4443     25
   6554  2437     4653.3750   113     4657.0000     4648.7073   156571    0.18%   x(c36_3_c8_3) N   6554   4031      9
   6620  2442     4648.8333    81     4657.0000     4648.8333   157813    0.18%  x(c50_1_c30_1) D   6620   2971     23
   6853  2439        cutoff           4657.0000     4649.1378   161999    0.17%    x(c4_1_c7_1) U   6853   4544     26
Elapsed time = 52.05 sec. (94776.24 ticks, tree = 50.10 MB, solutions = 1)
   7089  2400     4652.1875    88     4657.0000     4649.5122   165174    0.16%  x(c25_2_c21_2) N   7089   2810     21
   7312  2371     4651.0000    32     4657.0000     4650.0000   168698    0.15%   x(c6_2_c48_2) N   7312   3941     17
   7533  2309     4651.7947   111     4657.0000     4650.2500   172956    0.14%   x(c36_1_c8_1) N   7533   4768     21
   7784  2272     4653.5000    48     4657.0000     4650.5000   176532    0.14%   x(c36_3_c8_3) N   7784   2352     15
   8019  2217     4654.9333    60     4657.0000     4651.0000   179645    0.13%  x(c25_1_c19_1) D   8019   6985     39
   8246  2183     4652.2333   113     4657.0000     4651.2187   182845    0.12%    x(c8_3_c7_3) D   8246   7307     21
   8489  2100        cutoff           4657.0000     4651.5000   186262    0.12%    x(c2_2_c4_2) D   8489   2722     25
   8707  2029        cutoff           4657.0000     4651.9495   189937    0.11%  x(c23_3_c42_3) D   8707   6513     32
   8922  1947     4653.5417   113     4657.0000     4652.0625   192904    0.11%  x(c11_2_c33_2) N   8922   7170     20
   9149  1862        cutoff           4657.0000     4652.5000   195911    0.10%   x(c7_3_c48_3) U   9149   4321     33
Elapsed time = 68.43 sec. (133080.64 ticks, tree = 41.46 MB, solutions = 1)
   9384  1744        cutoff           4657.0000     4652.8500   198829    0.09%   x(c49_1_c3_1) U   9384   6768     11
   9595  1646        cutoff           4657.0000     4653.0217   201705    0.09%  x(c23_1_c42_1) D   9595    602     17
   9825  1531        cutoff           4657.0000     4653.5000   203381    0.08%    x(c2_1_c3_1) D   9825   5676     13
  10057  1391     4655.0000    64     4657.0000     4653.7500   205674    0.07%   x(c6_2_c48_2) N  10057   6509     17
  10287  1261        cutoff           4657.0000     4654.0000   207295    0.06%  x(c46_1_c54_1) U  10287   2473     28
  10530  1091     4654.9221   112     4657.0000     4654.4310   209310    0.06%   x(c49_1_c3_1) N  10530   6950     19
  10786   904        cutoff           4657.0000     4654.7500   211111    0.05%   x(c6_2_c49_2) U  10786   6511     22
  10972   795        cutoff           4657.0000     4655.0000   212659    0.04%  x(c39_1_c20_1) D  10972  10971     39
  11215   609        cutoff           4657.0000     4655.2000   214760    0.04%   x(c36_2_c8_2) U  11215   2533     17
  11424   452        cutoff           4657.0000     4655.5000   216862    0.03%  x(c20_1_c19_1) D  11424  10914     30
Elapsed time = 84.77 sec. (171286.02 ticks, tree = 10.78 MB, solutions = 1)
  11662   234        cutoff           4657.0000     4655.7857   217951    0.03%   x(c35_3_c2_3) D  11662   6419     25
  11896    16        cutoff           4657.0000     4656.0000   219009    0.02%   x(c36_1_c8_1) D  11896   9036     20

Cover cuts applied:  5
Zero-half cuts applied:  42
Gomory fractional cuts applied:  4
User cuts applied:  2601

Root node processing (before b&c):
  Real time             =    0.93 sec. (1755.09 ticks)
Sequential b&c:
  Real time             =   86.72 sec. (177776.79 ticks)
                          ------------
Total (root+branch&cut) =   87.65 sec. (179531.88 ticks)

