Version identifier: 22.1.0.0 | 2022-03-09 | 1a383f8ce
CPXPARAM_Preprocessing_Reduce                    0
CPXPARAM_Threads                                 1
CPXPARAM_Preprocessing_Reformulations            0
CPXPARAM_Emphasis_MIP                            2
CPXPARAM_TimeLimit                               7200
CPXPARAM_MIP_Tolerances_AbsMIPGap                0.98999999999999999
CPXPARAM_MIP_Limits_TreeMemory                   20000
Legacy callback                                  BbLUID
         Disabling repeat represolve because of lazy constraint/incumbent callback.
1 of 1 MIP starts provided solutions.
MIP start 'm1' defined initial solution with objective 41805.0000.
Tried aggregator 0 times.
Reduced MIP has 6202 rows, 5831 columns, and 34547 nonzeros.
Reduced MIP has 5700 binaries, 0 generals, 0 SOSs, and 0 indicators.
Presolve time = 0.00 sec. (1.83 ticks)
Probing time = 0.00 sec. (3.77 ticks)
Clique table members: 1933.
MIP emphasis: optimality.
MIP search method: traditional branch-and-cut.
Parallel mode: none, using 1 thread.
Root relaxation solution time = 0.01 sec. (12.80 ticks)

        Nodes                                         Cuts/
   Node  Left     Objective  IInf  Best Integer    Best Bound    ItCnt     Gap         Variable B NodeID Parent  Depth

*     0+    0                        41805.0000        0.0000           100.00%
      0     0    36171.7741   197    41805.0000    36171.7741      313   13.48%
      0     0    39836.7049   218    41805.0000      Cuts: 66      664    4.71%
      0     0    40086.3542   236    41805.0000      Cuts: 13      783    4.11%
      0     0    40590.2889   220    41805.0000      Cuts: 21      979    2.91%
      0     0    40763.5509   207    41805.0000      Cuts: 18     1093    2.49%
      0     0    40805.2685   186    41805.0000       Cuts: 8     1168    2.39%
      0     0    40906.3685   221    41805.0000       Cuts: 9     1254    2.15%
      0     0    41052.5713   211    41805.0000      Cuts: 19     1350    1.80%
      0     0    41088.1042   204    41805.0000      Cuts: 11     1390    1.71%
      0     0    41193.1000   170    41805.0000       Cuts: 9     1457    1.46%
      0     0    41198.9333   166    41805.0000       Cuts: 5     1478    1.45%
      0     0    41222.4333   186    41805.0000       Cuts: 6     1506    1.39%
      0     0    41232.2333   201    41805.0000   ZeroHalf: 5     1538    1.37%
      0     0    41264.5167   222    41805.0000       Cuts: 9     1582    1.29%
      0     0    41265.8667   224    41805.0000   ZeroHalf: 1     1587    1.29%
      0     0    41267.7667   182    41805.0000       Cuts: 4     1610    1.29%
      0     0    41279.7389   259    41805.0000   ZeroHalf: 5     1656    1.26%
      0     0    41286.1044   251    41805.0000      Cuts: 11     1677    1.24%
      0     2    41286.1044   251    41805.0000    41288.9377     1677    1.23%                        0             0
Elapsed time = 2.73 sec. (6138.21 ticks, tree = 0.01 MB, solutions = 1)
      1     3    41327.1599   261    41805.0000    41329.2095     1736    1.14%  x(c39_3_c21_3) D      1      0      1
      2     4    41338.4311   258    41805.0000    41340.3211     1832    1.11%  x(c32_3_c39_3) D      2      1      2
      3     5    41348.5044   246    41805.0000    41345.3282     1869    1.10%  x(c41_3_c34_3) D      3      2      3
      4     6    41405.3711   233    41805.0000    41350.7377     1943    1.09%  x(c41_3_c34_3) U      4      2      3
      5     7    41371.0848   196    41805.0000    41350.7377     2018    1.09%     x(Op_c16_2) D      5      3      4
      6     8    41424.5833   208    41805.0000    41350.7377     2210    1.09%     x(Op_c16_2) U      6      3      4
      8    10    41403.6218   229    41805.0000    41350.7377     2269    1.09%   x(c8_2_c16_2) D      8      7      6
     12    14    41428.1667   178    41805.0000    41350.7377     2693    1.09%  x(c29_3_c34_3) U     12     11      9
     14    16    41443.1833   188    41805.0000    41350.7377     2782    1.09%   x(c29_1_c2_1) D     14     12     10
     26    27    41591.7515   182    41805.0000    41350.7377     3565    1.09%     x(Op_c16_1) N     26     24     18
Elapsed time = 4.93 sec. (10826.39 ticks, tree = 0.18 MB, solutions = 1)
     41    34    41388.2544   237    41805.0000    41375.9181     4122    1.03%  x(c38_3_c31_3) D     41     40      4
     65    54    41419.3911   235    41805.0000    41412.6667     5810    0.94%   x(c29_3_c2_3) N     65     63      2
    101    90    41582.2872   197    41805.0000    41471.1000     7908    0.80%  x(c15_2_c12_2) N    101     17     13
    140   129    41546.6548   254    41805.0000    41490.6500    10115    0.75%   x(c22_2_c8_2) N    140    139     11
    194   182    41522.0780   185    41805.0000    41512.0304    12810    0.70%   x(c2_3_c29_3) N    194    159     11
    244   230    41638.9917   192    41805.0000    41525.4815    15865    0.67%  x(c38_3_c31_3) U    244    206     14
    313   298    41775.1134   199    41805.0000    41537.9125    19864    0.64%   x(c31_3_c7_3) U    313    241      8
    401   380    41628.8924   172    41805.0000    41549.2500    24079    0.61%  x(c38_3_c31_3) U    401    288     20
    471   449    41574.7095   205    41805.0000    41562.3500    28238    0.58%   x(c8_1_c16_1) D    471    322     14
    532   508    41618.5000   204    41805.0000    41568.5996    31537    0.57%     x(Op_c16_1) D    532    531     10
Elapsed time = 9.87 sec. (20559.19 ticks, tree = 1.73 MB, solutions = 1)
    622   595    41754.2179   237    41805.0000    41578.1670    36451    0.54%  x(c14_1_c29_1) N    622    377     12
    720   689    41689.4563   235    41805.0000    41585.9667    41487    0.52%     x(Op_c16_1) U    720    460     10
    817   780    41672.5114   224    41805.0000    41591.2857    46486    0.51%   x(c22_2_c8_2) U    817    552     15
    912   871    41651.3218   215    41805.0000    41597.6750    51946    0.50%  x(c47_3_c20_3) U    912    696     11
   1007   951    41652.3017   202    41805.0000    41603.6429    57311    0.48%   x(c29_3_c2_3) U   1007    659      8
   1108  1039    41714.9349   196    41805.0000    41608.8750    62919    0.47%   x(c5_3_c29_3) U   1108    191     12
   1184  1108    41628.8336   233    41805.0000    41612.5000    67149    0.46%  x(c12_3_c23_3) D   1184    205     12
   1276  1184    41760.1358   194    41805.0000    41615.9239    71427    0.45%   x(c38_1_c9_1) N   1276   1274     17
   1368  1254    41673.1000   122    41805.0000    41618.9040    76183    0.45%     x(Op_c16_1) U   1368    238      9
   1478  1341    41724.8203   225    41805.0000    41621.9500    81154    0.44%  x(c47_3_c20_3) D   1478    859     12
Elapsed time = 15.22 sec. (30433.55 ticks, tree = 4.28 MB, solutions = 1)
   1563  1408    41737.0000   146    41805.0000    41624.4644    85700    0.43%  x(c47_3_c20_3) U   1563   1262     14
   1659  1497    41642.7047   154    41805.0000    41628.1667    90192    0.42%   x(c29_3_c2_3) D   1659    850     13
   1752  1573    41648.7000   166    41805.0000    41630.6529    95421    0.42%   x(c29_3_c2_3) D   1752   1559     15
   1841  1648    41762.6500   206    41805.0000    41632.5694   100133    0.41%   x(c29_1_c2_1) U   1841   1839     13
   1932  1726    41779.5833   142    41805.0000    41634.4667   105077    0.41%     x(Op_c16_2) U   1932   1828     13
   2031  1812    41715.0964   194    41805.0000    41637.1250   110286    0.40%   x(c29_1_c2_1) U   2031   1693      8
   2138  1885    41750.5833   190    41805.0000    41639.7083   115805    0.40%   x(c29_1_c2_1) U   2138   1996     14
   2235  1954    41751.2431   250    41805.0000    41641.5417   120670    0.39%  x(c42_1_c29_1) U   2235    280      9
   2330  2027    41698.6357    93    41805.0000    41643.0000   125367    0.39%  x(c47_1_c20_1) U   2330   1968     26
   2437  2119    41652.8667   185    41805.0000    41645.1427   130951    0.38%   x(c8_1_c16_1) D   2437   1788     13
Elapsed time = 20.41 sec. (40045.84 ticks, tree = 6.79 MB, solutions = 1)
   2538  2206    41680.5691   222    41805.0000    41646.9167   136155    0.38%  x(c48_3_c14_3) D   2538   2537     22
   2643  2285    41764.1329   167    41805.0000    41648.8655   141083    0.37%  x(c38_2_c31_2) U   2643   1069     20
   2743  2363    41780.8500   153    41805.0000    41650.7667   146465    0.37%   x(c29_1_c2_1) U   2743   2042     15
   2839  2436    41765.7000   180    41805.0000    41652.4500   151487    0.36%   x(c8_1_c16_1) U   2839    913     13
   2960  2521    41705.0549   130    41805.0000    41654.6317   156795    0.36%  x(c47_1_c20_1) U   2960   2742     26
   3069  2603    41694.8417   179    41805.0000    41656.1942   161854    0.36%   x(c9_2_c40_2) D   3069   2424     15
   3165  2675    41743.5833   138    41805.0000    41657.1000   167103    0.35%      x(c8_2_Om) D   3165   2565     15
   3277  2730    41693.0833   108    41805.0000    41659.1223   171948    0.35%  x(c31_2_c36_2) D   3277   3276     23
   3373  2803    41755.5227   145    41805.0000    41660.5333   177213    0.35%  x(c38_3_c31_3) U   3373   3371     26
   3474  2870    41664.1802   205    41805.0000    41662.2750   182590    0.34%  x(c20_2_c21_2) D   3474   2433     14
Elapsed time = 25.57 sec. (49637.70 ticks, tree = 9.14 MB, solutions = 1)
   3583  2946    41725.2475   188    41805.0000    41664.0648   187889    0.34%   x(c9_2_c40_2) D   3583   2861     17
   3675  3010    41666.6942   167    41805.0000    41665.5770   192013    0.33%  x(c46_1_c20_1) D   3675   3674     27
   3768  3077        cutoff          41805.0000    41667.0833   196615    0.33%   x(c31_3_c7_3) U   3768   2762     16
   3882  3162    41797.4122   118    41805.0000    41668.8688   202175    0.33%   x(c9_1_c38_1) U   3882   2720     26
   3989  3225    41773.8481   147    41805.0000    41670.4531   207660    0.32%   x(c29_3_c2_3) U   3989   2946     15
   4096  3299    41698.7909   245    41805.0000    41672.0615   212790    0.32%  x(c39_1_c21_1) D   4096   1713     15
   4202  3358        cutoff          41805.0000    41673.2501   217864    0.32%  x(c38_3_c31_3) U   4202   3598     23
   4310  3430    41687.0706   162    41805.0000    41674.6833   222509    0.31%   x(c9_2_c40_2) D   4310   4309     18
   4417  3486    41732.0018   206    41805.0000    41676.0000   227947    0.31%  x(c39_1_c21_1) U   4417   3533     11
   4540  3564    41790.5417   164    41805.0000    41677.7917   233393    0.30%   x(c8_1_c16_1) U   4540   4092     18
Elapsed time = 30.68 sec. (59236.71 ticks, tree = 11.22 MB, solutions = 1)
   4650  3638    41705.3667   135    41805.0000    41678.9136   238422    0.30%  x(c46_3_c15_3) D   4650   4263     26
   4758  3699    41797.6000   126    41805.0000    41680.0177   242900    0.30%  x(c40_3_c46_3) U   4758   4365     22
   4876  3761    41790.6645   173    41805.0000    41681.1661   248148    0.30%      x(Op_c9_1) D   4876   4016     19
   5001  3822    41790.0296   123    41805.0000    41682.4972   253416    0.29%     x(Op_c16_3) N   5001   4014     17
   5114  3884        cutoff          41805.0000    41683.7469   257748    0.29%  x(c38_3_c31_3) U   5114   5091     17
   5226  3942        cutoff          41805.0000    41685.0167   262850    0.29%   x(c31_3_c7_3) U   5226   3787     15
   5349  4010    41779.7188   114    41805.0000    41686.2439   267617    0.28%  x(c46_1_c20_1) U   5349   3424     29
   5456  4048    41788.5382   190    41805.0000    41687.4274   272463    0.28%   x(c29_1_c5_1) U   5456   4920     29
   5571  4101    41740.0000   154    41805.0000    41688.3000   276933    0.28%     x(Op_c16_2) U   5571   5569     16
   5693  4155    41716.6500   218    41805.0000    41689.2932   282091    0.28%  x(c39_1_c21_1) D   5693   2447     13
Elapsed time = 35.76 sec. (68891.02 ticks, tree = 13.24 MB, solutions = 1)
   5819  4210    41734.3068   184    41805.0000    41690.3750   286559    0.27%     x(Op_c16_3) D   5819   1310     16
   5947  4270    41780.7667   159    41805.0000    41691.4583   291610    0.27%   x(c38_2_c8_2) U   5947   5131     17
   6070  4334    41762.4629   189    41805.0000    41692.4882   296209    0.27%     x(Op_c16_3) U   6070   5019     13
   6194  4384    41693.7922   222    41805.0000    41693.4333   300911    0.27%  x(c38_2_c31_2) D   6194   5383     16
   6322  4439    41725.9568   199    41805.0000    41694.3416   305555    0.26%     x(Op_c16_1) N   6322   1950     10
   6443  4483    41695.4383   190    41805.0000    41695.4405   309907    0.26%     x(Op_c16_3) D   6443   4811     27
   6556  4533    41752.7556   120    41805.0000    41696.2605   315239    0.26%  x(c47_1_c20_1) U   6556   6048     19
   6675  4586    41800.8333   121    41805.0000    41697.2976   320369    0.26%     x(Op_c16_1) U   6675   1634     17
   6782  4626    41754.5900   144    41805.0000    41698.1000   325574    0.26%  x(c39_1_c21_1) D   6782   1414     13
   6910  4668    41715.5329   130    41805.0000    41699.1554   330930    0.25%  x(c20_1_c21_1) D   6910   6909     34
Elapsed time = 40.79 sec. (78474.17 ticks, tree = 14.88 MB, solutions = 1)
   7031  4730    41700.8169   183    41805.0000    41700.1000   336028    0.25%  x(c31_3_c46_3) N   7031   7030     34
   7143  4779    41711.8817   140    41805.0000    41700.9014   340467    0.25%  x(c47_3_c20_3) U   7143   1141     15
   7255  4811    41701.7426   194    41805.0000    41701.7500   345355    0.25%  x(c41_3_c34_3) D   7255   7254     18
   7381  4857        cutoff          41805.0000    41702.7032   350611    0.24%  x(c22_1_c41_1) U   7381    752      9
   7509  4898    41782.3071   125    41805.0000    41703.6667   355936    0.24%   x(c38_1_c8_1) N   7509   7508     36
   7612  4933    41781.4327   139    41805.0000    41704.3883   361285    0.24%  x(c38_1_c44_1) N   7612   7610     40
   7744  4975    41739.9974   199    41805.0000    41705.3715   365607    0.24%   x(c29_3_c2_3) D   7744   3886     15
   7830  5015        cutoff          41805.0000    41705.9000   369278    0.24%  x(c15_1_c12_1) U   7830   7829     19
   7926  5044    41752.6352   150    41805.0000    41706.4858   372630    0.24%  x(c14_3_c25_3) N   7926   6036     22
   8023  5089    41707.9124   127    41805.0000    41707.0278   376233    0.23%  x(c18_3_c30_3) D   8023   8022     58
Elapsed time = 45.79 sec. (88234.29 ticks, tree = 16.10 MB, solutions = 1)
   8119  5115    41713.4782   167    41805.0000    41707.5237   380142    0.23%     x(Op_c16_3) D   8119   5033     15
   8219  5153    41708.2362   134    41805.0000    41708.1268   384574    0.23%   x(c3_2_c34_2) D   8219   8029     65
   8326  5201    41708.5832   124    41805.0000    41708.5667   387905    0.23%  x(c34_1_c48_1) N   8326   7167     22
   8410  5228    41803.2799   156    41805.0000    41709.0333   391501    0.23%  x(c20_3_c17_3) N   8410   8360     29
   8521  5250    41725.7364   186    41805.0000    41709.6154   396244    0.23%   x(c9_2_c40_2) D   8521   2599     12
   8621  5288    41711.4251   101    41805.0000    41710.0833   399988    0.23%  x(c10_3_c35_3) D   8621   8620     69
   8742  5331        cutoff          41805.0000    41710.8144   405021    0.23%   x(c31_3_c7_3) U   8742   8739     18
   8863  5358    41797.2528   167    41805.0000    41711.5000   409611    0.22%  x(c12_1_c33_1) U   8863   8571     37
   8980  5410    41712.5833   151    41805.0000    41712.0000   414408    0.22%  x(c20_2_c17_2) D   8980   3114     18
   9456  5533    41798.5476   209    41805.0000    41714.6667   432411    0.22%  x(c20_2_c21_2) U   9456   5391     17
Elapsed time = 52.18 sec. (100726.02 ticks, tree = 17.40 MB, solutions = 1)
   9914  5696        cutoff          41805.0000    41716.5870   450298    0.21%   x(c31_3_c7_3) U   9914   6727     18
* 10000+ 5422                        41797.0000    41716.9083             0.19%
  10352  5521    41735.1999   101    41797.0000    41718.4833   467396    0.19%   x(c3_1_c16_1) U  10352  10351     36
  10909  5644    41791.3614   155    41797.0000    41721.1525   485931    0.18%   x(c38_2_c8_2) N  10909   5811     15
  11459  5786    41725.7885   135    41797.0000    41723.5000   504445    0.18%   x(c38_1_c9_1) D  11459   8451     19
  12000  5960    41725.6250   158    41797.0000    41725.6290   520679    0.17%  x(c41_3_c34_3) D  12000  10889     17
  12539  6088    41736.6000    83    41797.0000    41727.6023   539464    0.17%  x(c46_3_c15_3) D  12539   9548     27
* 12931  3225      integral     0    41753.0000    41729.0000   550220    0.06%
* 12974     0      integral     0    41729.0000    41729.0000   550292    0.00%

Clique cuts applied:  19
Cover cuts applied:  15
Flow cuts applied:  8
Mixed integer rounding cuts applied:  12
Zero-half cuts applied:  28
Gomory fractional cuts applied:  3
User cuts applied:  336

Root node processing (before b&c):
  Real time             =    2.73 sec. (6132.93 ticks)
Sequential b&c:
  Real time             =   65.00 sec. (125827.22 ticks)
                          ------------
Total (root+branch&cut) =   67.73 sec. (131960.15 ticks)

