Version identifier: 22.1.0.0 | 2022-03-09 | 1a383f8ce
CPXPARAM_Preprocessing_Reduce                    0
CPXPARAM_Threads                                 1
CPXPARAM_Preprocessing_Reformulations            0
CPXPARAM_Emphasis_MIP                            2
CPXPARAM_TimeLimit                               7200
CPXPARAM_MIP_Tolerances_AbsMIPGap                0.98999999999999999
CPXPARAM_MIP_Limits_TreeMemory                   20000
Legacy callback                                  BbLUID
         Disabling repeat represolve because of lazy constraint/incumbent callback.
1 of 1 MIP starts provided solutions.
MIP start 'm1' defined initial solution with objective 41805.0000.
Tried aggregator 0 times.
Reduced MIP has 6202 rows, 5831 columns, and 34547 nonzeros.
Reduced MIP has 5700 binaries, 0 generals, 0 SOSs, and 0 indicators.
Presolve time = 0.00 sec. (1.83 ticks)
Probing time = 0.00 sec. (3.77 ticks)
Clique table members: 1933.
MIP emphasis: optimality.
MIP search method: traditional branch-and-cut.
Parallel mode: none, using 1 thread.
Root relaxation solution time = 0.01 sec. (12.74 ticks)

        Nodes                                         Cuts/
   Node  Left     Objective  IInf  Best Integer    Best Bound    ItCnt     Gap         Variable B NodeID Parent  Depth

*     0+    0                        41805.0000        0.0000           100.00%
      0     0    36171.7741   197    41805.0000    36171.7741      312   13.48%
      0     0    39836.7049   218    41805.0000      Cuts: 66      668    4.71%
      0     0    40086.3542   236    41805.0000      Cuts: 13      793    4.11%
      0     0    40590.2889   220    41805.0000      Cuts: 21     1020    2.91%
      0     0    40763.5509   207    41805.0000      Cuts: 17     1135    2.49%
      0     0    40804.8310   211    41805.0000       Cuts: 7     1192    2.39%
      0     0    40917.0391   191    41805.0000      Cuts: 16     1254    2.12%
      0     0    41070.0216   213    41805.0000      Cuts: 18     1344    1.76%
      0     0    41149.9076   154    41805.0000      Cuts: 10     1399    1.57%
      0     0    41175.2333   196    41805.0000       Cuts: 4     1435    1.51%
      0     0    41187.7788   198    41805.0000       Cuts: 5     1461    1.48%
      0     0    41193.5667   190    41805.0000       Cuts: 5     1471    1.46%
      0     0    41202.7333   206    41805.0000       Cuts: 5     1484    1.44%
      0     0    41212.5333   231    41805.0000       Cuts: 6     1510    1.42%
      0     0    41217.4455   200    41805.0000       Cuts: 8     1544    1.41%
      0     0    41219.7788   217    41805.0000   ZeroHalf: 1     1552    1.40%
      0     0    41220.8193   263    41805.0000   ZeroHalf: 2     1573    1.40%
      0     0    41221.7359   273    41805.0000       User: 1     1580    1.40%
      0     2    41221.7359   273    41805.0000    41237.5455     1580    1.36%                        0             0
Elapsed time = 2.73 sec. (6338.28 ticks, tree = 0.01 MB, solutions = 1)
      1     3    41264.0343   262    41805.0000    41266.0839     1605    1.29%  x(c39_3_c21_3) D      1      0      1
      2     4    41275.3055   259    41805.0000    41276.1455     1700    1.27%  x(c32_3_c39_3) D      2      1      2
      3     5    41308.3232   219    41805.0000    41276.1455     1826    1.27%  x(c32_3_c39_3) U      3      1      2
      5     7    41414.2778   219    41805.0000    41276.1455     1912    1.27%   x(c9_1_c40_1) N      5      3      3
      7     9    41377.7778   207    41805.0000    41276.1455     2152    1.27%  x(c47_1_c20_1) N      7      4      4
      9    11    41461.5278   188    41805.0000    41276.1455     2245    1.27%   x(c38_2_c9_2) N      9      6      5
     15    17    41522.8126   160    41805.0000    41276.1455     2426    1.27%  x(c38_1_c44_1) N     15     14     10
     17    19    41673.8692   168    41805.0000    41276.1455     2698    1.27%  x(c21_2_c32_2) N     17     16     11
     19    18    41772.9287   239    41805.0000    41276.1455     2880    1.27%  x(c29_1_c34_1) N     19     17     12
     37    32    41643.4948   187    41805.0000    41289.7788     4154    1.23%  x(c21_2_c20_2) N     37     35     11
Elapsed time = 5.07 sec. (11446.77 ticks, tree = 0.53 MB, solutions = 1)
     53    41    41800.2327   174    41805.0000    41289.7788     4850    1.23%  x(c38_3_c44_3) N     53     52     25
     87    73    41610.2778   218    41805.0000    41395.2500     7009    0.98%  x(c20_1_c21_1) N     87     75      6
    150   134    41613.2778   189    41805.0000    41437.6667    10013    0.88%  x(c39_1_c13_1) U    150    128      8
    186   169    41486.1667   151    41805.0000    41455.9924    12367    0.83%  x(c39_1_c32_1) N    186    115     10
    237   218    41668.2186   232    41805.0000    41470.6075    15838    0.80%  x(c20_1_c21_1) U    237    130      6
    302   282    41534.2778   158    41805.0000    41488.3257    19660    0.76%     x(Op_c16_1) D    302    218      9
    371   350    41551.9924   268    41805.0000    41501.0250    23538    0.73%  x(c32_1_c24_1) U    371     80      5
    440   416    41612.6250    82    41805.0000    41511.7500    27097    0.70%   x(c40_2_c9_2) U    440    438     13
    519   492    41608.8244   187    41805.0000    41523.3167    31548    0.67%  x(c21_1_c13_1) U    519    374     13
    596   566    41707.4873   134    41805.0000    41534.5000    36292    0.65%   x(c16_2_c9_2) N    596    311     12
Elapsed time = 10.18 sec. (21261.40 ticks, tree = 2.02 MB, solutions = 1)
    683   648    41605.8540   193    41805.0000    41546.7341    41138    0.62%  x(c21_2_c20_2) U    683    587     10
    772   737    41568.6111   190    41805.0000    41556.2278    45914    0.60%  x(c21_2_c32_2) D    772    580     17
    873   833    41579.2244   178    41805.0000    41566.5097    50771    0.57%  x(c21_2_c32_2) D    873    577     13
    953   906    41642.6132   183    41805.0000    41574.1000    54788    0.55%     x(Op_c16_3) U    953    697     12
   1040   982    41598.1946   194    41805.0000    41579.0557    58410    0.54%  x(c21_2_c20_2) D   1040    858     14
   1119  1052    41691.6737   161    41805.0000    41583.5841    62802    0.53%  x(c18_3_c46_3) N   1119   1008     18
   1217  1139    41748.3778   167    41805.0000    41588.1802    67848    0.52%  x(c38_1_c44_1) N   1217    945     14
   1311  1226    41629.6926   237    41805.0000    41594.0917    72564    0.50%  x(c18_1_c46_1) D   1311   1071     10
   1405  1313    41689.2747   207    41805.0000    41599.3808    77492    0.49%  x(c38_3_c31_3) U   1405   1072     17
   1490  1390    41620.0000   137    41805.0000    41604.5588    82387    0.48%  x(c18_3_c46_3) D   1490   1336     19
Elapsed time = 15.44 sec. (31005.02 ticks, tree = 4.42 MB, solutions = 1)
   1569  1457    41682.8750   147    41805.0000    41608.0952    86859    0.47%  x(c41_3_c34_3) D   1569   1568     21
   1666  1536    41736.9417   223    41805.0000    41611.9679    91926    0.46%   x(c40_1_c9_1) U   1666    471      9
   1764  1625    41761.7744   212    41805.0000    41616.5833    97111    0.45%  x(c18_3_c46_3) U   1764   1474     13
   1850  1699    41625.6124   206    41805.0000    41620.1778   102102    0.44%  x(c18_3_c46_3) D   1850   1372     10
   1948  1788    41757.6375   155    41805.0000    41624.2333   107270    0.43%  x(c38_1_c44_1) U   1948   1166     15
   2037  1860    41762.9250   178    41805.0000    41627.5986   112430    0.42%     x(Op_c16_1) U   2037   1243     14
   2124  1930    41630.7174   140    41805.0000    41630.3385   118007    0.42%   x(c16_2_c9_2) D   2124   1638     19
   2222  2013    41734.4490   180    41805.0000    41633.0973   123108    0.41%     x(Op_c16_3) N   2222    423     13
   2323  2090    41644.6796   252    41805.0000    41636.0000   127830    0.40%  x(c18_3_c46_3) D   2323   1804     10
   2420  2159    41750.0917   153    41805.0000    41638.5429   132948    0.40%  x(c18_3_c46_3) U   2420   2418     20
Elapsed time = 20.71 sec. (40614.24 ticks, tree = 6.92 MB, solutions = 1)
   2533  2242    41651.3883   212    41805.0000    41641.8143   138487    0.39%  x(c18_3_c46_3) D   2533   1324     12
   2649  2336    41786.9226   163    41805.0000    41645.1667   143717    0.38%  x(c13_2_c20_2) U   2649   1782     17
   2752  2418    41742.6794   183    41805.0000    41647.9017   149762    0.38%  x(c38_1_c31_1) U   2752   2080     11
   2864  2503    41756.1667   115    41805.0000    41650.8333   155243    0.37%  x(c18_3_c46_3) U   2864   1807     22
   2975  2579    41728.2080   195    41805.0000    41653.1026   160540    0.36%  x(c15_2_c40_2) U   2975   1824     18
   3089  2661    41666.4097   160    41805.0000    41656.5357   165906    0.36%     x(c16_2_Om) D   3089   2850     22
   3208  2741    41772.2612   151    41805.0000    41658.3833   170561    0.35%   x(c40_3_c9_3) U   3208   3206     16
   3316  2818    41742.7329   201    41805.0000    41660.5945   175791    0.35%  x(c41_1_c34_1) D   3316   1052     15
   3443  2903    41678.1281   177    41805.0000    41662.7602   181156    0.34%  x(c21_2_c20_2) D   3443   3223     17
   3550  2972        cutoff          41805.0000    41664.4808   186560    0.34%   x(c16_2_c9_2) U   3550   3548     17
Elapsed time = 26.04 sec. (50254.70 ticks, tree = 9.25 MB, solutions = 1)
   3646  3030    41722.3807   125    41805.0000    41666.4304   191023    0.33%  x(c21_2_c20_2) U   3646   3215     18
   3760  3099        cutoff          41805.0000    41668.7425   196208    0.33%  x(c13_2_c20_2) U   3760   2592     19
   3865  3171    41699.8750   156    41805.0000    41670.9430   201477    0.32%   x(c29_1_c2_1) D   3865   3012     18
   3980  3245    41673.0048   202    41805.0000    41673.0256   206987    0.32%   x(c29_3_c2_3) D   3980   3854     15
   4109  3328        cutoff          41805.0000    41675.1217   211766    0.31%  x(c15_2_c36_2) U   4109   4107     22
   4246  3407        cutoff          41805.0000    41677.1923   217000    0.31%  x(c13_2_c20_2) U   4246   3559     12
   4352  3462    41702.9974   186    41805.0000    41678.4028   222006    0.30%  x(c18_3_c46_3) D   4352   3987     15
   4465  3518    41794.2047   217    41805.0000    41680.0848   227339    0.30%  x(c38_1_c31_1) U   4465   2233     15
   4595  3580    41768.6091   113    41805.0000    41682.0333   232502    0.29%  x(c41_1_c34_1) D   4595   3541     29
   4698  3637    41684.5722   104    41805.0000    41683.3279   236942    0.29%  x(c18_1_c46_1) D   4698   4697     22
Elapsed time = 31.24 sec. (59837.26 ticks, tree = 11.20 MB, solutions = 1)
   4823  3698    41686.7083   158    41805.0000    41685.0164   241747    0.29%     x(Op_c16_1) D   4823   3011     14
   4938  3756    41702.1061    93    41805.0000    41686.2917   246799    0.28%  x(c21_2_c20_2) D   4938   4609     20
   5060  3831    41713.8143    93    41805.0000    41687.8333   251411    0.28%  x(c18_3_c46_3) D   5060   3839     14
   5188  3896    41758.3237   167    41805.0000    41689.3051   256536    0.28%  x(c21_2_c32_2) U   5188    659      9
   5330  3966        cutoff          41805.0000    41691.2379   261832    0.27%   x(c29_3_c2_3) U   5330   4660     21
   5449  4018    41715.1203   235    41805.0000    41692.6581   266520    0.27%  x(c41_1_c34_1) U   5449   3557     18
   5579  4076    41695.1842   219    41805.0000    41694.2833   271536    0.26%   x(c38_1_c7_1) D   5579   5578     21
   5705  4130    41710.7647   213    41805.0000    41695.7120   276078    0.26%  x(c46_3_c20_3) D   5705   5704     30
   5830  4175    41715.1528   190    41805.0000    41697.0837   280980    0.26%   x(c29_3_c5_3) D   5830   5614     15
   5961  4234    41701.4218   154    41805.0000    41698.7646   286060    0.25%  x(c15_2_c23_2) D   5961   5960     25
Elapsed time = 36.36 sec. (69423.09 ticks, tree = 13.09 MB, solutions = 1)
   6084  4295    41703.0000   147    41805.0000    41699.9028   291003    0.25%  x(c38_2_c31_2) D   6084   3865     19
   6192  4337    41705.5863   229    41805.0000    41701.1333   294708    0.25%  x(c32_1_c24_1) N   6192   3823     12
   6315  4382    41759.0142   145    41805.0000    41702.2429   299683    0.25%     x(Op_c16_2) U   6315   4742     22
   6446  4424    41728.3389   245    41805.0000    41703.4307   304757    0.24%  x(c18_3_c46_3) D   6446   2728     14
   6588  4476    41707.2595   178    41805.0000    41704.8845   309731    0.24%  x(c38_2_c31_2) D   6588   4882     13
   6712  4529    41706.4167   200    41805.0000    41705.7218   314391    0.24%  x(c13_2_c20_2) N   6712   5572     19
   6848  4572    41763.5051    75    41805.0000    41706.8559   319094    0.23%  x(c21_2_c20_2) U   6848   5190     16
   6988  4626    41718.1000   185    41805.0000    41708.1879   324080    0.23%  x(c42_1_c10_1) D   6988   5938     20
   7111  4673    41709.5963   183    41805.0000    41709.2797   329099    0.23%     x(Op_c38_1) D   7111   5089     28
   7243  4731    41802.1803   174    41805.0000    41710.4833   333465    0.23%  x(c46_3_c20_3) U   7243   6321     27
Elapsed time = 41.39 sec. (78994.18 ticks, tree = 14.58 MB, solutions = 1)
   7379  4777    41721.2175   114    41805.0000    41711.4375   338282    0.22%  x(c15_2_c36_2) D   7379   7378     26
   7532  4837    41760.0984   180    41805.0000    41712.4000   343240    0.22%  x(c20_3_c47_3) U   7532   6771     18
   7658  4878    41723.4963   164    41805.0000    41713.4512   347996    0.22%     x(Op_c16_2) D   7658   7657     24
   7792  4922    41753.5095   154    41805.0000    41714.3484   352741    0.22%  x(c21_2_c20_2) U   7792   7283     28
   7924  4967        cutoff          41805.0000    41715.1755   357439    0.21%  x(c38_3_c31_3) U   7924     45     18
   8069  5000    41727.9155   108    41805.0000    41716.0193   361668    0.21%  x(c39_2_c32_2) N   8069   8068     21
   8202  5054    41728.1407   186    41805.0000    41717.0207   366412    0.21%  x(c18_3_c46_3) D   8202   4664     11
   8328  5108    41746.6560   151    41805.0000    41717.8251   371023    0.21%  x(c21_2_c32_2) D   8328   1134      9
   8456  5147    41727.0021   118    41805.0000    41718.7651   375784    0.21%  x(c41_3_c34_3) N   8456   8455     24
   8586  5186    41719.8030   129    41805.0000    41719.4796   380099    0.20%   x(c8_2_c38_2) D   8586   8585     29
Elapsed time = 46.41 sec. (88566.26 ticks, tree = 15.95 MB, solutions = 1)
   8685  5225    41725.2865   173    41805.0000    41719.9665   384185    0.20%  x(c38_3_c31_3) D   8685   4659     15
   8808  5251    41733.2557   158    41805.0000    41720.7223   389096    0.20%  x(c21_2_c20_2) D   8808   8037     17
   8959  5309    41721.6745   128    41805.0000    41721.5583   393728    0.20%     x(c22_2_Om) D   8959   8958     25
   9069  5350    41768.0000    95    41805.0000    41722.1000   398007    0.20%  x(c21_2_c32_2) U   9069    565     18
   9193  5386    41751.1001   171    41805.0000    41722.9028   402557    0.20%   x(c38_2_c8_2) D   9193   3227     23
   9317  5414        cutoff          41805.0000    41723.7261   406734    0.19%  x(c13_2_c20_2) U   9317   6167     21
   9430  5441    41741.6667   132    41805.0000    41724.5000   411112    0.19%  x(c21_2_c20_2) D   9430   8874     19
   9561  5478    41750.3351   183    41805.0000    41725.2323   415711    0.19%   x(c40_3_c9_3) D   9561   8288     37
   9682  5525    41784.0935   151    41805.0000    41725.8333   419978    0.19%   x(c38_2_c7_2) D   9682   9681     21
  10149  5702        cutoff          41805.0000    41727.9030   435999    0.18%   x(c38_2_c9_2) U  10149   8123     18
Elapsed time = 52.82 sec. (100993.72 ticks, tree = 17.52 MB, solutions = 1)
  10654  5888    41732.4643   121    41805.0000    41729.8505   452515    0.18%  x(c28_2_c30_2) U  10654  10652     54
* 11000+  777                        41737.0000    41731.5000             0.01%
  11000   777    41737.0000     0    41737.0000    41731.5000   463627    0.01%  x(c32_3_c21_3) U  11000   6049     19

Clique cuts applied:  18
Cover cuts applied:  15
Flow cuts applied:  8
Mixed integer rounding cuts applied:  10
Zero-half cuts applied:  28
Gomory fractional cuts applied:  5
User cuts applied:  303

Root node processing (before b&c):
  Real time             =    2.72 sec. (6331.96 ticks)
Sequential b&c:
  Real time             =   54.52 sec. (104177.88 ticks)
                          ------------
Total (root+branch&cut) =   57.25 sec. (110509.84 ticks)

