Version identifier: 22.1.0.0 | 2022-03-09 | 1a383f8ce
CPXPARAM_Preprocessing_Reduce                    0
CPXPARAM_Threads                                 1
CPXPARAM_Preprocessing_Reformulations            0
CPXPARAM_Emphasis_MIP                            2
CPXPARAM_TimeLimit                               7200
CPXPARAM_MIP_Tolerances_AbsMIPGap                0.98999999999999999
CPXPARAM_MIP_Limits_TreeMemory                   20000
Legacy callback                                  BbLUID
         Disabling repeat represolve because of lazy constraint/incumbent callback.
1 of 1 MIP starts provided solutions.
MIP start 'm1' defined initial solution with objective 28783.0000.
Tried aggregator 0 times.
Reduced MIP has 432 rows, 321 columns, and 1805 nonzeros.
Reduced MIP has 284 binaries, 0 generals, 0 SOSs, and 0 indicators.
Presolve time = 0.00 sec. (0.10 ticks)
Probing time = 0.00 sec. (0.32 ticks)
Clique table members: 152.
MIP emphasis: optimality.
MIP search method: traditional branch-and-cut.
Parallel mode: none, using 1 thread.
Root relaxation solution time = 0.00 sec. (0.52 ticks)

        Nodes                                         Cuts/
   Node  Left     Objective  IInf  Best Integer    Best Bound    ItCnt     Gap         Variable B NodeID Parent  Depth

*     0+    0                        28783.0000        0.0000           100.00%
      0     0    24079.3758    76    28783.0000    24079.3758       66   16.34%
      0     0    26773.2512    60    28783.0000      Cuts: 11      128    6.98%
      0     0    28491.0468    75    28783.0000      Cuts: 17      171    1.01%
      0     0    28522.0000    80    28783.0000       Cuts: 4      195    0.91%
      0     0    28522.0000    80    28783.0000     Covers: 1      199    0.91%
      0     0    28522.0000    80    28783.0000       Cuts: 2      200    0.91%
      0     2    28522.0000    44    28783.0000    28522.0000      200    0.91%                        0             0
Elapsed time = 0.02 sec. (36.72 ticks, tree = 0.01 MB, solutions = 1)
    253   162    28670.9327    58    28783.0000    28663.3939     4548    0.42%     x(c10_3_Om) N    253    109      6
    680   328    28735.0506    26    28783.0000    28723.1053    12422    0.21%  x(c14_1_c12_1) N    680    678     17
   1280   110    28771.6274    15    28783.0000    28771.6686    18401    0.04%    x(c9_4_c8_4) N   1280   1094     18

Clique cuts applied:  10
Cover cuts applied:  34
Zero-half cuts applied:  1
User cuts applied:  59

Root node processing (before b&c):
  Real time             =    0.02 sec. (36.71 ticks)
Sequential b&c:
  Real time             =    0.46 sec. (749.52 ticks)
                          ------------
Total (root+branch&cut) =    0.48 sec. (786.23 ticks)

