Version identifier: 22.1.0.0 | 2022-03-09 | 1a383f8ce
CPXPARAM_Preprocessing_Reduce                    1
CPXPARAM_Threads                                 1
CPXPARAM_Preprocessing_Reformulations            0
CPXPARAM_Emphasis_MIP                            2
CPXPARAM_TimeLimit                               7200
CPXPARAM_MIP_Tolerances_AbsMIPGap                0.98999999999999999
CPXPARAM_MIP_Limits_TreeMemory                   20000
Legacy callback                                  BbD
1 of 1 MIP starts provided solutions.
MIP start 'm1' defined initial solution with objective 3313.0000.
Tried aggregator 1 time.
MIP Presolve modified 617 coefficients.
Reduced MIP has 798 rows, 705 columns, and 3392 nonzeros.
Reduced MIP has 660 binaries, 0 generals, 0 SOSs, and 0 indicators.
Presolve time = 0.00 sec. (2.19 ticks)
Probing time = 0.00 sec. (1.39 ticks)
Tried aggregator 1 time.
Reduced MIP has 798 rows, 705 columns, and 3392 nonzeros.
Reduced MIP has 660 binaries, 0 generals, 0 SOSs, and 0 indicators.
Presolve time = 0.00 sec. (1.35 ticks)
Probing time = 0.00 sec. (1.43 ticks)
Clique table members: 379.
MIP emphasis: optimality.
MIP search method: traditional branch-and-cut.
Parallel mode: none, using 1 thread.
Root relaxation solution time = 0.00 sec. (1.46 ticks)

        Nodes                                         Cuts/
   Node  Left     Objective  IInf  Best Integer    Best Bound    ItCnt     Gap         Variable B NodeID Parent  Depth

*     0+    0                         3313.0000        0.0000           100.00%
      0     0     3106.3867    92     3313.0000     3106.3867      132    6.24%
      0     0     3304.0000    86     3313.0000      Cuts: 21      181    0.27%
      0     0     3311.0000    92     3313.0000       Cuts: 4      197    0.06%

Repeating presolve.
Tried aggregator 2 times.
MIP Presolve eliminated 22 rows and 568 columns.
Aggregator did 26 substitutions.
Reduced MIP has 750 rows, 111 columns, and 1667 nonzeros.
Reduced MIP has 66 binaries, 0 generals, 0 SOSs, and 0 indicators.
Presolve time = 0.00 sec. (1.25 ticks)
Probing fixed 8 vars, tightened 0 bounds.
Probing time = 0.00 sec. (0.10 ticks)
Tried aggregator 1 time.
MIP Presolve eliminated 17 rows and 22 columns.
Reduced MIP has 733 rows, 89 columns, and 1604 nonzeros.
Reduced MIP has 44 binaries, 0 generals, 0 SOSs, and 0 indicators.
Presolve time = 0.00 sec. (0.82 ticks)
Probing time = 0.00 sec. (0.06 ticks)
Tried aggregator 1 time.
Reduced MIP has 733 rows, 89 columns, and 1604 nonzeros.
Reduced MIP has 44 binaries, 0 generals, 0 SOSs, and 0 indicators.
Presolve time = 0.00 sec. (0.47 ticks)
Represolve time = 0.00 sec. (3.21 ticks)
Probing fixed 9 vars, tightened 0 bounds.
Probing time = 0.00 sec. (0.17 ticks)
Clique table members: 403.
MIP emphasis: optimality.
MIP search method: traditional branch-and-cut.
Parallel mode: none, using 1 thread.
Root relaxation solution time = 0.00 sec. (1.26 ticks)

        Nodes                                         Cuts/
   Node  Left     Objective  IInf  Best Integer    Best Bound    ItCnt     Gap         Variable B NodeID Parent  Depth

*     0+    0                         3313.0000     3311.0000             0.06%
      0     0     3311.0000    29     3313.0000     3311.0000      213    0.06%
      0     0        cutoff           3313.0000     3311.0000      213    0.06%                        0             0
Elapsed time = 0.03 sec. (60.94 ticks, tree = 0.01 MB, solutions = 1)

Clique cuts applied:  6
Multi commodity flow cuts applied:  1
Gomory fractional cuts applied:  2

Root node processing (before b&c):
  Real time             =    0.03 sec. (60.96 ticks)
Sequential b&c:
  Real time             =    0.00 sec. (0.00 ticks)
                          ------------
Total (root+branch&cut) =    0.03 sec. (60.96 ticks)

