Version identifier: 22.1.0.0 | 2022-03-09 | 1a383f8ce
CPXPARAM_Preprocessing_Reduce                    1
CPXPARAM_Threads                                 1
CPXPARAM_Preprocessing_Reformulations            0
CPXPARAM_Emphasis_MIP                            2
CPXPARAM_TimeLimit                               7200
CPXPARAM_MIP_Tolerances_AbsMIPGap                0.98999999999999999
CPXPARAM_MIP_Limits_TreeMemory                   20000
Legacy callback                                  BbD
1 of 1 MIP starts provided solutions.
MIP start 'm1' defined initial solution with objective 5415.0000.
Tried aggregator 1 time.
MIP Presolve modified 1038 coefficients.
Reduced MIP has 1416 rows, 1184 columns, and 5854 nonzeros.
Reduced MIP has 1110 binaries, 0 generals, 0 SOSs, and 0 indicators.
Presolve time = 0.00 sec. (3.47 ticks)
Probing time = 0.00 sec. (2.26 ticks)
Tried aggregator 1 time.
Reduced MIP has 1416 rows, 1184 columns, and 5854 nonzeros.
Reduced MIP has 1110 binaries, 0 generals, 0 SOSs, and 0 indicators.
Presolve time = 0.00 sec. (2.16 ticks)
Probing time = 0.00 sec. (2.27 ticks)
Clique table members: 637.
MIP emphasis: optimality.
MIP search method: traditional branch-and-cut.
Parallel mode: none, using 1 thread.
Root relaxation solution time = 0.00 sec. (2.44 ticks)

        Nodes                                         Cuts/
   Node  Left     Objective  IInf  Best Integer    Best Bound    ItCnt     Gap         Variable B NodeID Parent  Depth

*     0+    0                         5415.0000        0.0000           100.00%
      0     0     4820.6779   150     5415.0000     4820.6779      163   10.98%
      0     0     5172.0000   149     5415.0000      Cuts: 35      246    4.49%
      0     0     5179.3629   157     5415.0000       Cuts: 7      275    4.35%
      0     0     5179.5245   158     5415.0000       Cuts: 3      289    4.35%
      0     0     5183.9469   158     5415.0000     Covers: 1      298    4.27%
      0     0     5190.4187   159     5415.0000       Cuts: 3      312    4.15%
      0     0     5195.9187   158     5415.0000   ZeroHalf: 3      316    4.05%
      0     0     5196.9362   157     5415.0000   ZeroHalf: 2      331    4.03%
      0     0     5201.9227   161     5415.0000       Cuts: 3      342    3.93%
      0     0     5212.3785   161     5415.0000       Cuts: 2      356    3.74%
      0     0     5212.3785   161     5415.0000     Covers: 1      359    3.74%
      0     0     5212.3785   104     5415.0000   ZeroHalf: 1      360    3.74%
      0     2     5212.3785   104     5415.0000     5212.3785      360    3.74%                        0             0
Elapsed time = 0.14 sec. (303.82 ticks, tree = 0.01 MB, solutions = 1)
     60    35     5386.2288   126     5415.0000     5386.0000     1047    0.54%      x(Op_c8_3) D     60     59     12
    107    66     5388.2912   134     5415.0000     5388.0000     1906    0.50%   x(c29_4_c5_4) D    107     99     10
    209   136     5389.2793   120     5415.0000     5388.6141     4266    0.49%  x(c21_4_c10_4) D    209    167     21
    311   181     5409.3375    49     5415.0000     5390.3192     7724    0.46%  x(c16_4_c10_4) U    311    162     16
    430   189     5395.7762   100     5415.0000     5394.9400    11541    0.37%      x(c8_3_Om) N    430    244     24
    614   263     5405.7795   100     5415.0000     5397.7005    14941    0.32%  x(c14_5_c22_5) D    614    442     10
    830   239     5407.2973    59     5415.0000     5402.2697    17849    0.24%  x(c18_4_c22_4) D    830    424     23
   1051   144        cutoff           5415.0000     5407.2973    20357    0.14%  x(c15_4_c11_4) N   1051    830     24

Clique cuts applied:  21
Cover cuts applied:  14
Flow cuts applied:  4
Mixed integer rounding cuts applied:  4
Zero-half cuts applied:  7
Multi commodity flow cuts applied:  1
Lift and project cuts applied:  1
Gomory fractional cuts applied:  8

Root node processing (before b&c):
  Real time             =    0.14 sec. (303.84 ticks)
Sequential b&c:
  Real time             =    0.99 sec. (2113.47 ticks)
                          ------------
Total (root+branch&cut) =    1.14 sec. (2417.31 ticks)

