Version identifier: 22.1.0.0 | 2022-03-09 | 1a383f8ce
CPXPARAM_Preprocessing_Reduce                    0
CPXPARAM_Threads                                 1
CPXPARAM_Preprocessing_Reformulations            0
CPXPARAM_Emphasis_MIP                            2
CPXPARAM_TimeLimit                               7200
CPXPARAM_MIP_Tolerances_AbsMIPGap                0.98999999999999999
CPXPARAM_MIP_Limits_TreeMemory                   20000
Legacy callback                                  BbLUID
         Disabling repeat represolve because of lazy constraint/incumbent callback.
1 of 1 MIP starts provided solutions.
MIP start 'm1' defined initial solution with objective 14241.0000.
Tried aggregator 0 times.
Reduced MIP has 690 rows, 501 columns, and 2951 nonzeros.
Reduced MIP has 454 binaries, 0 generals, 0 SOSs, and 0 indicators.
Presolve time = 0.00 sec. (0.16 ticks)
Probing time = 0.00 sec. (0.59 ticks)
Clique table members: 237.
MIP emphasis: optimality.
MIP search method: traditional branch-and-cut.
Parallel mode: none, using 1 thread.
Root relaxation solution time = 0.00 sec. (1.05 ticks)

        Nodes                                         Cuts/
   Node  Left     Objective  IInf  Best Integer    Best Bound    ItCnt     Gap         Variable B NodeID Parent  Depth

*     0+    0                        14241.0000        0.0000           100.00%
      0     0    10680.8112    88    14241.0000    10680.8112      109   25.00%
      0     0    13415.6734    89    14241.0000      Cuts: 24      204    5.80%
      0     0    13960.5000   102    14241.0000      Cuts: 19      245    1.97%
      0     0    14045.0000   100    14241.0000       Cuts: 6      272    1.38%
      0     0    14085.0000   100    14241.0000       Cuts: 2      280    1.10%
      0     0    14085.0000   100    14241.0000     Covers: 1      285    1.10%
      0     0    14085.0000   100    14241.0000   ZeroHalf: 1      286    1.10%
      0     2    14085.0000   100    14241.0000    14085.0000      286    1.10%                        0             0
Elapsed time = 0.04 sec. (72.20 ticks, tree = 0.01 MB, solutions = 1)
     74    51    14147.8689    62    14241.0000    14089.4028      982    1.06%   x(c2_4_c14_4) N     74     24     11
    215   131    infeasible          14241.0000    14123.8879     4551    0.82%      x(c9_5_Om) N    215    214     21
    483   262    14186.7343    69    14241.0000    14155.0000     9416    0.60%   x(c9_3_c14_3) N    483    305     11
    806   353    infeasible          14241.0000    14173.1253    14979    0.48%   x(c2_4_c14_4) U    806    114     19
   1174   450    14203.0000    40    14241.0000    14185.0000    20571    0.39%   x(c12_4_c9_4) U   1174    505     23
   1518   458    14198.0436    42    14241.0000    14198.0436    26355    0.30%   x(c8_2_c11_2) U   1518   1023     10
   1917   393    14225.1458    56    14241.0000    14213.7919    31231    0.19%   x(c11_2_c8_2) D   1917   1101     12
   2380   131    14231.6969    44    14241.0000    14231.8496    34886    0.06%  x(c12_3_c11_3) D   2380   1007     13

Clique cuts applied:  14
Cover cuts applied:  36
Mixed integer rounding cuts applied:  1
Zero-half cuts applied:  3
Gomory fractional cuts applied:  2
User cuts applied:  80

Root node processing (before b&c):
  Real time             =    0.04 sec. (72.19 ticks)
Sequential b&c:
  Real time             =    1.11 sec. (1977.87 ticks)
                          ------------
Total (root+branch&cut) =    1.15 sec. (2050.06 ticks)

