Version identifier: 22.1.0.0 | 2022-03-09 | 1a383f8ce
CPXPARAM_Preprocessing_Reduce                    0
CPXPARAM_Threads                                 1
CPXPARAM_Preprocessing_Reformulations            0
CPXPARAM_Emphasis_MIP                            2
CPXPARAM_TimeLimit                               7200
CPXPARAM_MIP_Tolerances_AbsMIPGap                0.98999999999999999
CPXPARAM_MIP_Limits_TreeMemory                   20000
Legacy callback                                  BbLUID
         Disabling repeat represolve because of lazy constraint/incumbent callback.
1 of 1 MIP starts provided solutions.
MIP start 'm1' defined initial solution with objective 9238.0000.
Tried aggregator 0 times.
Reduced MIP has 122 rows, 686 columns, and 2632 nonzeros.
Reduced MIP has 686 binaries, 0 generals, 0 SOSs, and 0 indicators.
Presolve time = 0.00 sec. (0.14 ticks)
Probing time = 0.00 sec. (0.84 ticks)
Clique table members: 61.
MIP emphasis: optimality.
MIP search method: traditional branch-and-cut.
Parallel mode: none, using 1 thread.
Root relaxation solution time = 0.00 sec. (0.74 ticks)

        Nodes                                         Cuts/
   Node  Left     Objective  IInf  Best Integer    Best Bound    ItCnt     Gap         Variable B NodeID Parent  Depth

*     0+    0                         9238.0000        0.0000           100.00%
      0     0     8239.5000    16     9238.0000     7330.0000      126   20.65%
      0     0     9144.0000   106     9238.0000      Cuts: 21      153    1.02%
      0     0     9144.0000   121     9238.0000      Cuts: 18      157    1.02%
      0     0     9144.0000   120     9238.0000  ZeroHalf: 11      160    1.02%
      0     0     9144.0000   124     9238.0000       User: 2      166    1.02%
      0     0     9144.0000    72     9238.0000       User: 2      172    1.02%
      0     0     9144.0000    90     9238.0000       User: 2      175    1.02%
      0     0     9144.0000    44     9238.0000       User: 1      175    1.02%
      0     0     9144.0000    72     9238.0000       User: 1      180    1.02%
      0     0     9144.0000   108     9238.0000       User: 2      190    1.02%
      0     0     9144.0000    82     9238.0000       User: 1      192    1.02%
      0     2     9144.0000    82     9238.0000     9144.0000      192    1.02%                        0             0
Elapsed time = 0.12 sec. (70.24 ticks, tree = 0.01 MB, solutions = 1)

Cover cuts applied:  1
Zero-half cuts applied:  3
Gomory fractional cuts applied:  1
User cuts applied:  188

Root node processing (before b&c):
  Real time             =    0.12 sec. (70.26 ticks)
Sequential b&c:
  Real time             =    0.41 sec. (131.95 ticks)
                          ------------
Total (root+branch&cut) =    0.53 sec. (202.21 ticks)

