Version identifier: 22.1.0.0 | 2022-03-09 | 1a383f8ce
CPXPARAM_Preprocessing_Reduce                    0
CPXPARAM_Threads                                 1
CPXPARAM_Preprocessing_Reformulations            0
CPXPARAM_Emphasis_MIP                            2
CPXPARAM_TimeLimit                               7200
CPXPARAM_MIP_Tolerances_AbsMIPGap                0.98999999999999999
CPXPARAM_MIP_Limits_TreeMemory                   20000
Legacy callback                                  BbLUID
         Disabling repeat represolve because of lazy constraint/incumbent callback.
1 of 1 MIP starts provided solutions.
MIP start 'm1' defined initial solution with objective 9234.0000.
Tried aggregator 0 times.
Reduced MIP has 122 rows, 686 columns, and 2632 nonzeros.
Reduced MIP has 686 binaries, 0 generals, 0 SOSs, and 0 indicators.
Presolve time = 0.00 sec. (0.14 ticks)
Probing time = 0.00 sec. (0.84 ticks)
Clique table members: 61.
MIP emphasis: optimality.
MIP search method: traditional branch-and-cut.
Parallel mode: none, using 1 thread.
Root relaxation solution time = 0.00 sec. (0.74 ticks)

        Nodes                                         Cuts/
   Node  Left     Objective  IInf  Best Integer    Best Bound    ItCnt     Gap         Variable B NodeID Parent  Depth

*     0+    0                         9234.0000        0.0000           100.00%
      0     0     8239.5000    16     9234.0000     7330.0000      126   20.62%
      0     0     9144.0000    56     9234.0000      Cuts: 21      153    0.97%
      0     0     9144.0000    34     9234.0000      Cuts: 15      157    0.97%
      0     0     9144.0000   106     9234.0000       Cuts: 7      166    0.97%
      0     0     9144.0000   116     9234.0000       User: 5      180    0.97%
      0     0     9144.0000    74     9234.0000       User: 4      187    0.97%
      0     0     9144.0000    84     9234.0000       User: 1      188    0.97%
      0     2     9144.0000    84     9234.0000     9144.0000      188    0.97%                        0             0
Elapsed time = 0.11 sec. (93.46 ticks, tree = 0.01 MB, solutions = 1)
    212   102        cutoff           9234.0000     9197.0700     2853    0.40%   x(c10_5_c5_5) U    212    182      8
    545     1        cutoff           9234.0000     9233.0000     6255    0.01%   x(c16_2_c4_2) U    545    381     10

Zero-half cuts applied:  7
Gomory fractional cuts applied:  2
User cuts applied:  286

Root node processing (before b&c):
  Real time             =    0.11 sec. (93.48 ticks)
Sequential b&c:
  Real time             =    0.98 sec. (479.35 ticks)
                          ------------
Total (root+branch&cut) =    1.09 sec. (572.84 ticks)

