Version identifier: 22.1.0.0 | 2022-03-09 | 1a383f8ce
CPXPARAM_Preprocessing_Reduce                    0
CPXPARAM_Threads                                 1
CPXPARAM_Preprocessing_Reformulations            0
CPXPARAM_Emphasis_MIP                            2
CPXPARAM_TimeLimit                               7200
CPXPARAM_MIP_Tolerances_AbsMIPGap                0.98999999999999999
CPXPARAM_MIP_Limits_TreeMemory                   20000
Legacy callback                                  BbLUID
         Disabling repeat represolve because of lazy constraint/incumbent callback.
1 of 1 MIP starts provided solutions.
MIP start 'm1' defined initial solution with objective 10027.0000.
Tried aggregator 0 times.
Reduced MIP has 150 rows, 1054 columns, and 4076 nonzeros.
Reduced MIP has 1054 binaries, 0 generals, 0 SOSs, and 0 indicators.
Presolve time = 0.00 sec. (0.22 ticks)
Probing time = 0.00 sec. (1.56 ticks)
Clique table members: 75.
MIP emphasis: optimality.
MIP search method: traditional branch-and-cut.
Parallel mode: none, using 1 thread.
Root relaxation solution time = 0.00 sec. (1.01 ticks)

        Nodes                                         Cuts/
   Node  Left     Objective  IInf  Best Integer    Best Bound    ItCnt     Gap         Variable B NodeID Parent  Depth

*     0+    0                        10027.0000        0.0000           100.00%
      0     0     9110.5000    14    10027.0000     7318.0000      152   27.02%
      0     0     9417.0000    38    10027.0000      Cuts: 18      188    6.08%
      0     0     9962.0000    30    10027.0000      Cuts: 30      221    0.65%
      0     0     9962.0000    28    10027.0000       Cuts: 4      225    0.65%
      0     0     9962.0000    62    10027.0000       Cuts: 3      227    0.65%
      0     0     9962.0000    32    10027.0000       User: 2      227    0.65%
      0     2     9962.0000   122    10027.0000     9962.0000      227    0.65%                        0             0
Elapsed time = 0.11 sec. (114.99 ticks, tree = 0.01 MB, solutions = 1)
    205    61        cutoff          10027.0000    10013.0000     1978    0.14%      x(c8_2_Om) U    205    111     19

Zero-half cuts applied:  7
Gomory fractional cuts applied:  4
User cuts applied:  200

Root node processing (before b&c):
  Real time             =    0.11 sec. (115.02 ticks)
Sequential b&c:
  Real time             =    0.55 sec. (275.69 ticks)
                          ------------
Total (root+branch&cut) =    0.66 sec. (390.71 ticks)

