Version identifier: 22.1.0.0 | 2022-03-09 | 1a383f8ce
CPXPARAM_Preprocessing_Reduce                    0
CPXPARAM_Threads                                 1
CPXPARAM_Preprocessing_Reformulations            0
CPXPARAM_Emphasis_MIP                            2
CPXPARAM_TimeLimit                               7200
CPXPARAM_MIP_Tolerances_AbsMIPGap                0.98999999999999999
CPXPARAM_MIP_Limits_TreeMemory                   20000
Legacy callback                                  BbLUID
         Disabling repeat represolve because of lazy constraint/incumbent callback.
1 of 1 MIP starts provided solutions.
MIP start 'm1' defined initial solution with objective 5586.0000.
Tried aggregator 0 times.
Reduced MIP has 74 rows, 420 columns, and 1612 nonzeros.
Reduced MIP has 420 binaries, 0 generals, 0 SOSs, and 0 indicators.
Presolve time = 0.00 sec. (0.09 ticks)
Probing time = 0.00 sec. (0.52 ticks)
Clique table members: 37.
MIP emphasis: optimality.
MIP search method: traditional branch-and-cut.
Parallel mode: none, using 1 thread.
Root relaxation solution time = 0.00 sec. (0.41 ticks)

        Nodes                                         Cuts/
   Node  Left     Objective  IInf  Best Integer    Best Bound    ItCnt     Gap         Variable B NodeID Parent  Depth

*     0+    0                         5586.0000        0.0000           100.00%
      0     0     5499.0000    50     5586.0000     4465.0000       74   20.07%
      0     0     5499.0000    42     5586.0000       User: 3       82    1.56%
      0     0     5499.0000    68     5586.0000       Cuts: 5       84    1.56%
      0     0     5499.0000    68     5586.0000  ZeroHalf: 10       86    1.56%
      0     0     5499.0000    68     5586.0000       User: 2       97    1.56%
      0     2     5499.0000    68     5586.0000     5499.0000       97    1.56%                        0             0
Elapsed time = 0.06 sec. (29.79 ticks, tree = 0.01 MB, solutions = 1)
*    80+   53                         5575.0000     5514.0000             1.09%
*   126    45      integral     0     5534.0000     5523.6667     1572    0.19%

Zero-half cuts applied:  10
Gomory fractional cuts applied:  3
User cuts applied:  118

Root node processing (before b&c):
  Real time             =    0.06 sec. (29.82 ticks)
Sequential b&c:
  Real time             =    0.57 sec. (167.83 ticks)
                          ------------
Total (root+branch&cut) =    0.63 sec. (197.65 ticks)

