Version identifier: 22.1.0.0 | 2022-03-09 | 1a383f8ce
CPXPARAM_Preprocessing_Reduce                    1
CPXPARAM_Threads                                 1
CPXPARAM_Preprocessing_Reformulations            0
CPXPARAM_Emphasis_MIP                            2
CPXPARAM_TimeLimit                               7200
CPXPARAM_MIP_Tolerances_AbsMIPGap                0.5
CPXPARAM_MIP_Limits_TreeMemory                   26600
Legacy callback                                  BbLUID
         Disabling repeat represolve because of lazy constraint/incumbent callback.
1 of 1 MIP starts provided solutions.
MIP start 'm1' defined initial solution with objective 29359.0000.
Tried aggregator 1 time.
MIP Presolve modified 3386 coefficients.
Reduced MIP has 270 rows, 3516 columns, and 7032 nonzeros.
Reduced MIP has 3516 binaries, 0 generals, 0 SOSs, and 0 indicators.
Presolve time = 0.00 sec. (4.18 ticks)
Probing time = 0.00 sec. (2.80 ticks)
Clique table members: 270.
MIP emphasis: optimality.
MIP search method: traditional branch-and-cut.
Parallel mode: none, using 1 thread.
Root relaxation solution time = 0.00 sec. (1.75 ticks)

        Nodes                                         Cuts/
   Node  Left     Objective  IInf  Best Integer    Best Bound    ItCnt     Gap         Variable B NodeID Parent  Depth

*     0+    0                        29359.0000        0.0000           100.00%
      0     0    26787.5000    74    29359.0000    22394.0000      100   23.72%
      0     0    28836.0000    54    29359.0000      Cuts: 64      173    1.78%
      0     0    28935.5000    32    29359.0000       Cuts: 7      191    1.44%
      0     0    29002.0000    56    29359.0000      Cuts: 21      206    1.22%
      0     0    29078.2500    90    29359.0000      Cuts: 29      242    0.96%
      0     0    29137.5000    44    29359.0000      Cuts: 15      256    0.75%
      0     0    29137.5000   221    29359.0000      Cuts: 17      270    0.75%
      0     0    29141.5000   124    29359.0000   ZeroHalf: 2      272    0.74%
      0     0    29141.5000   156    29359.0000      Cuts: 17      288    0.74%
      0     0    29141.5000    64    29359.0000       User: 4      288    0.74%
      0     0    29141.5000   114    29359.0000      User: 15      296    0.74%
      0     0    29141.5000   122    29359.0000       User: 3      308    0.74%
      0     2    29141.5000   122    29359.0000    29141.5000      308    0.74%                        0             0
Elapsed time = 0.39 sec. (651.74 ticks, tree = 0.01 MB, solutions = 1)
     12    10    29239.8333   180    29359.0000    29141.5000      539    0.74%  x(c45_5_c10_5) N     12     10      7
     49    35    29169.8333   158    29359.0000    29159.0000     1043    0.68%   x(c10_3_c8_3) U     49     41      5
     92    67    29188.8333   158    29359.0000    29186.5000     1747    0.59%   x(c7_4_c23_4) D     92     91     10
    134   101    29203.0000   163    29359.0000    29195.0000     2679    0.56%  x(c32_1_c36_1) D    134    133     12
    194   148    29240.0000   100    29359.0000    29208.8333     3895    0.51%     x(Op_c35_1) U    194    192     16
    236   176    29344.5633   165    29359.0000    29213.2000     4903    0.50%  x(c15_1_c43_1) N    236    213     13
    296   226    29218.7692   226    29359.0000    29217.1667     5941    0.48%  x(c51_5_c11_5) N    296    136     13
    350   277    29222.5000   131    29359.0000    29220.7500     6857    0.47%  x(c25_4_c46_4) D    350    325     12
    407   325    29330.0667   222    29359.0000    29224.2500     7781    0.46%   x(c10_3_c8_3) N    407    246      9
    590   469    29256.5368   213    29359.0000    29233.5000    11015    0.43%  x(c38_5_c48_5) U    590    289     14
Elapsed time = 3.70 sec. (3828.52 ticks, tree = 4.16 MB, solutions = 1)
    798   633    29261.8667   208    29359.0000    29240.5000    14704    0.40%  x(c44_1_c35_1) U    798    238      7
   1020   781    29260.9286   119    29359.0000    29244.8816    18254    0.39%  x(c27_4_c14_4) U   1020   1018     13
   1218   932    29258.3333   119    29359.0000    29249.0000    21765    0.37%  x(c36_1_c32_1) D   1218    941     17
   1437  1079        cutoff          29359.0000    29252.9474    25620    0.36%  x(c33_5_c43_5) U   1437    799      8
   1636  1230    29280.9783   194    29359.0000    29257.2308    29181    0.35%  x(c39_1_c32_1) D   1636    318     17
   1842  1376        cutoff          29359.0000    29260.3125    32782    0.34%  x(c25_1_c51_1) U   1842    438     20
   2026  1498        cutoff          29359.0000    29262.6000    35375    0.33%  x(c30_4_c16_4) U   2026   1415     20
   2225  1633    29337.5000   100    29359.0000    29265.5000    38375    0.32%  x(c35_1_c40_1) U   2225   2011     19
   2416  1753    29293.7963   183    29359.0000    29267.6667    41454    0.31%  x(c32_1_c35_1) U   2416   2020     12
   2610  1883    29271.2500   125    29359.0000    29269.8333    44283    0.30%  x(c29_1_c47_1) D   2610   2609     16
Elapsed time = 10.08 sec. (13392.77 ticks, tree = 20.38 MB, solutions = 1)
   2781  1969    29276.5250   186    29359.0000    29271.5000    47118    0.30%  x(c32_3_c41_3) D   2781   2459     28
   2964  2078    29303.7500   135    29359.0000    29273.5000    50275    0.29%  x(c44_1_c35_1) N   2964   2188     22
   3134  2182    29354.5833   163    29359.0000    29275.2500    53229    0.29%  x(c36_1_c44_1) U   3134   3132     22
   3323  2299    29278.0000    96    29359.0000    29276.5000    55965    0.28%  x(c32_1_c35_1) D   3323   3322     24
   3497  2406        cutoff          29359.0000    29278.0000    58831    0.28%  x(c44_1_c24_1) U   3497   3240     23
   3649  2501        cutoff          29359.0000    29279.5000    61606    0.27%  x(c15_1_c43_1) U   3649   1153     29
   3829  2596    29292.6905   180    29359.0000    29280.5833    64191    0.27%  x(c14_4_c27_4) D   3829    343     16
   3991  2689    29283.7381   174    29359.0000    29282.1429    66740    0.26%  x(c25_1_c51_1) D   3991   3431     19
   4161  2787        cutoff          29359.0000    29283.5000    69333    0.26%  x(c44_1_c39_1) U   4161   4159     17
*  4270  1594      integral     0    29313.0000    29284.2500    70986    0.10%
   4326  1586        cutoff          29313.0000    29284.6667    71421    0.10%  x(c25_2_c28_2) D   4326   4325     24
Elapsed time = 15.55 sec. (22959.09 ticks, tree = 19.04 MB, solutions = 2)
   4511  1591        cutoff          29313.0000    29286.1250    73350    0.09%  x(c18_4_c23_4) N   4511   4396     22
   4693  1585        cutoff          29313.0000    29287.5000    75059    0.09%  x(c36_1_c40_1) U   4693   1038     24
   4869  1577        cutoff          29313.0000    29288.5000    76649    0.08%  x(c25_2_c28_2) U   4869   4542     22
   5045  1546    29296.2500   126    29313.0000    29289.6667    78270    0.08%  x(c30_4_c16_4) U   5045   2023     20
   5226  1508    29294.3333    46    29313.0000    29291.0000    79804    0.08%   x(c30_5_c7_5) U   5226   4272     19
   5397  1478    29297.7500   172    29313.0000    29292.2500    81168    0.07%  x(c14_4_c47_4) N   5397   3737     14
   5575  1426        cutoff          29313.0000    29293.6250    82631    0.07%  x(c25_1_c51_1) U   5575   1111     15
   5747  1372        cutoff          29313.0000    29294.8333    84046    0.06%  x(c44_5_c50_5) U   5747   4735     20
   5924  1312        cutoff          29313.0000    29296.3333    85413    0.06%  x(c47_1_c29_1) U   5924   5036     17
   6092  1256    29297.5000   101    29313.0000    29297.5000    86741    0.05%   x(c30_5_c7_5) U   6092   3741     23
Elapsed time = 20.11 sec. (32527.21 ticks, tree = 16.06 MB, solutions = 2)
   6273  1176        cutoff          29313.0000    29298.9000    88089    0.05%     x(Op_c35_1) U   6273   1906     19
   6462  1082        cutoff          29313.0000    29300.5000    89264    0.04%  x(c39_1_c32_1) D   6462   2733     20
   6637  1010    29306.6562   164    29313.0000    29301.5833    90409    0.04%  x(c39_1_c32_1) D   6637   2183     26
   6819   910        cutoff          29313.0000    29302.8750    91464    0.03%  x(c25_2_c28_2) D   6819   4848     27
   7008   809    29305.7500   127    29313.0000    29304.1000    92515    0.03%  x(c47_1_c29_1) D   7008   6966     14
   7170   701        cutoff          29313.0000    29305.5000    93329    0.03%     x(Op_c35_1) U   7170   1777     22
   7361   574    29307.2250   184    29313.0000    29306.8182    94178    0.02%  x(c44_5_c50_5) U   7361   2451     21
   7551   413        cutoff          29313.0000    29308.5000    94853    0.02%  x(c47_1_c29_1) U   7551   6503     27
   7744   256    29311.0000   147    29313.0000    29309.8750    95468    0.01%   x(c3_2_c42_2) D   7744   3996     16

Zero-half cuts applied:  22
User cuts applied:  1330

Root node processing (before b&c):
  Real time             =    0.39 sec. (651.77 ticks)
Sequential b&c:
  Real time             =   23.16 sec. (40738.87 ticks)
                          ------------
Total (root+branch&cut) =   23.55 sec. (41390.64 ticks)

