Version identifier: 22.1.0.0 | 2022-03-09 | 1a383f8ce
CPXPARAM_Preprocessing_Reduce                    1
CPXPARAM_Threads                                 1
CPXPARAM_Preprocessing_Reformulations            0
CPXPARAM_Emphasis_MIP                            2
CPXPARAM_TimeLimit                               7200
CPXPARAM_MIP_Tolerances_AbsMIPGap                0.5
CPXPARAM_MIP_Limits_TreeMemory                   26600
Legacy callback                                  BbLUID
         Disabling repeat represolve because of lazy constraint/incumbent callback.
1 of 1 MIP starts provided solutions.
MIP start 'm1' defined initial solution with objective 29359.0000.
Tried aggregator 1 time.
MIP Presolve modified 3386 coefficients.
Reduced MIP has 270 rows, 3516 columns, and 7032 nonzeros.
Reduced MIP has 3516 binaries, 0 generals, 0 SOSs, and 0 indicators.
Presolve time = 0.00 sec. (4.18 ticks)
Probing time = 0.00 sec. (2.80 ticks)
Clique table members: 270.
MIP emphasis: optimality.
MIP search method: traditional branch-and-cut.
Parallel mode: none, using 1 thread.
Root relaxation solution time = 0.00 sec. (1.75 ticks)

        Nodes                                         Cuts/
   Node  Left     Objective  IInf  Best Integer    Best Bound    ItCnt     Gap         Variable B NodeID Parent  Depth

*     0+    0                        29359.0000        0.0000           100.00%
      0     0    26787.5000    74    29359.0000    22394.0000      100   23.72%
      0     0    28836.0000    54    29359.0000      Cuts: 64      173    1.78%
      0     0    28935.5000    32    29359.0000       Cuts: 7      191    1.44%
      0     0    29002.0000    56    29359.0000      Cuts: 21      206    1.22%
      0     0    29078.2500    90    29359.0000      Cuts: 29      242    0.96%
      0     0    29137.5000    44    29359.0000      Cuts: 15      256    0.75%
      0     0    29137.5000   221    29359.0000      Cuts: 17      270    0.75%
      0     0    29141.5000   124    29359.0000   ZeroHalf: 2      272    0.74%
      0     0    29141.5000   156    29359.0000      Cuts: 20      287    0.74%
      0     0    29141.5000    12    29359.0000       User: 1      288    0.74%
      0     2    29141.5000   122    29359.0000    29141.5000      288    0.74%                        0             0
Elapsed time = 0.32 sec. (630.32 ticks, tree = 0.01 MB, solutions = 1)
     12    11    29268.3077   221    29359.0000    29141.5000      533    0.74%  x(c31_5_c23_5) N     12     11     10
     55    38    29294.6000   171    29359.0000    29192.5000     1158    0.57%    x(c9_5_c3_5) N     55     38      5
     89    62    29218.7727    97    29359.0000    29199.4375     1616    0.54%  x(c39_1_c35_1) U     89     88     10
    126    90    29341.5000   210    29359.0000    29208.1667     2425    0.51%   x(c9_2_c10_2) N    126    110      8
    158   115    29216.1071   124    29359.0000    29214.4196     3050    0.49%  x(c47_4_c25_4) N    158    157     27
    189   132    29319.0000    52    29359.0000    29219.7000     3744    0.47%  x(c47_4_c25_4) U    189    157     27
    227   165    29247.1875   106    29359.0000    29225.1000     4573    0.46%   x(c29_1_c2_1) N    227    119     18
    253   185    29242.0000   122    29359.0000    29229.0000     5939    0.44%  x(c50_5_c30_5) U    253    173      7
    294   218    29338.0000   180    29359.0000    29237.0000     7037    0.42%  x(c50_5_c31_5) U    294    103     12
    410   314    29252.5714   233    29359.0000    29247.0000    11488    0.38%    x(c8_2_c9_2) D    410    344      9
Elapsed time = 3.96 sec. (3803.35 ticks, tree = 2.77 MB, solutions = 1)
    530   403    29271.2167   197    29359.0000    29259.0000    15078    0.34%  x(c50_5_c44_5) D    530    329     24
    614   468    29271.6667    15    29359.0000    29264.0000    20002    0.32%     x(c37_4_Om) U    614    499     17
    708   531    29347.8351   247    29359.0000    29271.5090    24242    0.30%   x(c23_5_c7_5) U    708     37      5
    811   585        cutoff          29359.0000    29278.0000    28129    0.28%  x(c31_5_c23_5) U    811    331     12
    942   644    29313.5417   172    29359.0000    29283.5722    31331    0.26%   x(c29_1_c7_1) D    942    672     41
   1040   687    29319.5491   207    29359.0000    29287.5000    34497    0.24%  x(c39_1_c32_1) U   1040    657     23
   1154   719        cutoff          29359.0000    29291.4250    37595    0.23%  x(c20_2_c30_2) U   1154   1065     16
   1261   744    29296.6875   134    29359.0000    29295.7500    40528    0.22%   x(c3_2_c22_2) N   1261   1135     17
   1350   782        cutoff          29359.0000    29298.5000    43246    0.21%   x(c41_3_c8_3) D   1350   1304     17
   1442   814        cutoff          29359.0000    29301.1000    46012    0.20%   x(c41_3_c8_3) U   1442   1039     10
Elapsed time = 10.52 sec. (13443.99 ticks, tree = 9.84 MB, solutions = 1)
   1521   828        cutoff          29359.0000    29303.0833    49148    0.19%     x(Op_c46_4) U   1521   1371     17
   1643   874    29336.1286   100    29359.0000    29305.5000    51486    0.18%   x(c8_2_c32_2) N   1643   1642     30
   1748   891    29313.0000    80    29359.0000    29308.0000    53917    0.17%   x(c32_3_c8_3) D   1748    998     19
   1860   929    29325.0000    70    29359.0000    29310.5000    56512    0.17%   x(c4_2_c15_2) N   1860   1858     17
   1966   959    29315.2286   141    29359.0000    29312.8571    58588    0.16%   x(c45_5_c9_5) U   1966   1093     11
   1997   969    29313.0000     1    29359.0000    29313.0000    58903    0.16%     x(Op_c16_4) D   1997   1995     33
   2025   975    29313.0000     1    29359.0000    29313.0000    58939    0.16%    x(c3_1_c2_1) D   2025   2023     49
   2052   982        cutoff          29359.0000    29313.0000    58974    0.16%    x(c3_2_c7_2) U   2052   2051     67
*  2074   875      integral     0    29348.0000    29313.0000    59001    0.12%
   2078   877    29336.0000     1    29348.0000    29313.0000    59007    0.12%    x(c2_3_c7_3) U   2078   2077     84
*  2089   785      integral     0    29341.0000    29313.0000    59017    0.10%
*  2102     1      integral     0    29313.0000    29313.0000    59029    0.00%

Cover cuts applied:  1
Zero-half cuts applied:  23
User cuts applied:  1375

Root node processing (before b&c):
  Real time             =    0.32 sec. (630.40 ticks)
Sequential b&c:
  Real time             =   14.50 sec. (22461.96 ticks)
                          ------------
Total (root+branch&cut) =   14.82 sec. (23092.36 ticks)

