Version identifier: 22.1.0.0 | 2022-03-09 | 1a383f8ce
CPXPARAM_Preprocessing_Reduce                    1
CPXPARAM_Threads                                 1
CPXPARAM_Preprocessing_Reformulations            0
CPXPARAM_Emphasis_MIP                            2
CPXPARAM_TimeLimit                               7200
CPXPARAM_MIP_Tolerances_AbsMIPGap                0.5
CPXPARAM_MIP_Limits_TreeMemory                   26600
Legacy callback                                  BbLUID
         Disabling repeat represolve because of lazy constraint/incumbent callback.
1 of 1 MIP starts provided solutions.
MIP start 'm1' defined initial solution with objective 37058.0000.
Tried aggregator 1 time.
MIP Presolve modified 11142 coefficients.
Reduced MIP has 482 rows, 11378 columns, and 22756 nonzeros.
Reduced MIP has 11378 binaries, 0 generals, 0 SOSs, and 0 indicators.
Presolve time = 0.01 sec. (13.15 ticks)
Probing time = 0.00 sec. (4.80 ticks)
Clique table members: 482.
MIP emphasis: optimality.
MIP search method: traditional branch-and-cut.
Parallel mode: none, using 1 thread.
Root relaxation solution time = 0.00 sec. (6.81 ticks)

        Nodes                                         Cuts/
   Node  Left     Objective  IInf  Best Integer    Best Bound    ItCnt     Gap         Variable B NodeID Parent  Depth

*     0+    0                        37058.0000        0.0000           100.00%
      0     0    35936.5000    66    37058.0000    30894.0000      328   16.63%
      0     0    36748.5000   192    37058.0000      Cuts: 52      426    0.84%
      0     0    36958.0000    70    37058.0000      Cuts: 97      482    0.27%
      0     0    36991.5000   112    37058.0000       Cuts: 7      494    0.18%
      0     0    36991.5000   206    37058.0000      Cuts: 28      515    0.18%
      0     0    36992.0000    99    37058.0000  ZeroHalf: 14      538    0.18%
      0     0    37008.0000   288    37058.0000      Cuts: 17      561    0.13%
      0     0    37008.0000   386    37058.0000      Cuts: 17      565    0.13%
      0     2    37008.0000   386    37058.0000    37008.0000      565    0.13%                        0             0
Elapsed time = 0.45 sec. (518.34 ticks, tree = 0.01 MB, solutions = 1)
     12    13    37013.0000   192    37058.0000    37009.0000      607    0.13%  x(c39_1_c32_1) D     12     11     12
     46    30    37017.5000   396    37058.0000    37009.0000      746    0.13%  x(c35_1_c49_1) N     46      2      3
     81    36        cutoff          37058.0000    37026.0000     1472    0.09%  x(c44_1_c35_1) U     81     21     22
    123    48    37048.5000   286    37058.0000    37034.0000     1729    0.06%  x(c45_1_c32_1) D    123     48      5
    180    45    37055.5000   284    37058.0000    37047.0000     2087    0.03%  x(c24_1_c46_1) D    180    103     12

Zero-half cuts applied:  19
User cuts applied:  488

Root node processing (before b&c):
  Real time             =    0.45 sec. (518.29 ticks)
Sequential b&c:
  Real time             =    1.78 sec. (1382.72 ticks)
                          ------------
Total (root+branch&cut) =    2.23 sec. (1901.01 ticks)

