Version identifier: 22.1.0.0 | 2022-03-09 | 1a383f8ce
CPXPARAM_Preprocessing_Reduce                    1
CPXPARAM_Threads                                 1
CPXPARAM_Preprocessing_Reformulations            0
CPXPARAM_Emphasis_MIP                            2
CPXPARAM_TimeLimit                               7200
CPXPARAM_MIP_Tolerances_AbsMIPGap                0.98999999999999999
CPXPARAM_MIP_Limits_TreeMemory                   20000
Legacy callback                                  BbD
1 of 1 MIP starts provided solutions.
MIP start 'm1' defined initial solution with objective 5075.0000.
Tried aggregator 1 time.
MIP Presolve modified 1019 coefficients.
Reduced MIP has 1262 rows, 1131 columns, and 5514 nonzeros.
Reduced MIP has 1074 binaries, 0 generals, 0 SOSs, and 0 indicators.
Presolve time = 0.00 sec. (3.28 ticks)
Probing time = 0.00 sec. (2.36 ticks)
Tried aggregator 1 time.
Reduced MIP has 1262 rows, 1131 columns, and 5514 nonzeros.
Reduced MIP has 1074 binaries, 0 generals, 0 SOSs, and 0 indicators.
Presolve time = 0.00 sec. (2.04 ticks)
Probing time = 0.00 sec. (2.38 ticks)
Clique table members: 598.
MIP emphasis: optimality.
MIP search method: traditional branch-and-cut.
Parallel mode: none, using 1 thread.
Root relaxation solution time = 0.00 sec. (2.25 ticks)

        Nodes                                         Cuts/
   Node  Left     Objective  IInf  Best Integer    Best Bound    ItCnt     Gap         Variable B NodeID Parent  Depth

*     0+    0                         5075.0000        0.0000           100.00%
      0     0     4309.0642   116     5075.0000     4309.0642      144   15.09%
      0     0     4952.3147   112     5075.0000      Cuts: 25      205    2.42%
      0     0     4986.0000   110     5075.0000      Cuts: 16      232    1.75%

Repeating presolve.
Tried aggregator 1 time.
MIP Presolve eliminated 0 rows and 592 columns.
Reduced MIP has 1262 rows, 539 columns, and 3738 nonzeros.
Reduced MIP has 482 binaries, 0 generals, 0 SOSs, and 0 indicators.
Presolve time = 0.00 sec. (1.53 ticks)
Probing time = 0.00 sec. (0.79 ticks)
Tried aggregator 1 time.
Reduced MIP has 1262 rows, 539 columns, and 3738 nonzeros.
Reduced MIP has 482 binaries, 0 generals, 0 SOSs, and 0 indicators.
Presolve time = 0.00 sec. (1.34 ticks)
Represolve time = 0.00 sec. (4.46 ticks)
Probing time = 0.00 sec. (0.83 ticks)
Clique table members: 329.
MIP emphasis: optimality.
MIP search method: traditional branch-and-cut.
Parallel mode: none, using 1 thread.
Root relaxation solution time = 0.00 sec. (2.64 ticks)

        Nodes                                         Cuts/
   Node  Left     Objective  IInf  Best Integer    Best Bound    ItCnt     Gap         Variable B NodeID Parent  Depth

*     0+    0                         5075.0000     4986.0000             1.75%
      0     0     4986.0000   117     5075.0000     4986.0000      368    1.75%
      0     0     4990.0027   101     5075.0000       Cuts: 6      394    1.67%
      0     0     4991.0224   114     5075.0000       Cuts: 3      479    1.65%
      0     0     4991.0509   121     5075.0000       Cuts: 2      493    1.65%
      0     2     4991.0509   105     5075.0000     4991.0660      493    1.65%                        0             0
Elapsed time = 0.15 sec. (297.88 ticks, tree = 0.01 MB, solutions = 1)
      4     6     4991.5116   103     5075.0000     4991.5444      617    1.64%  x(c15_2_c11_2) D      4      3      3
     51    37     5025.1269   106     5075.0000     5006.0121     1601    1.36%  x(c15_2_c11_2) U     51      3      3
    106    83     5033.4914   116     5075.0000     5018.1851     3989    1.12%  x(c15_2_c20_2) U    106     61      7
    180   144     5063.9638    97     5075.0000     5033.5000     7184    0.82%  x(c15_2_c11_2) U    180     37      6
    311   247     5051.6274   104     5075.0000     5044.4553    11330    0.60%  x(c15_1_c11_1) U    311    310     10
    504   374     5050.2727    78     5075.0000     5048.5240    15131    0.52%  x(c11_2_c19_2) U    504    466      7
    678   478     5053.8816    87     5075.0000     5051.4348    18908    0.46%  x(c19_1_c16_1) U    678    676     14
    880   555     5064.7895    55     5075.0000     5054.2966    22617    0.41%   x(c7_1_c25_1) N    880    638     18
   1094   623     5069.0680    77     5075.0000     5057.1234    27179    0.35%  x(c15_1_c11_1) N   1094    243      9
   1967   489    infeasible           5075.0000     5065.7492    41709    0.18%  x(c17_2_c15_2) N   1967   1464     13
Elapsed time = 1.72 sec. (3485.02 ticks, tree = 0.29 MB, solutions = 1)

Clique cuts applied:  21
Cover cuts applied:  23
Flow cuts applied:  1
Mixed integer rounding cuts applied:  4
Zero-half cuts applied:  3
Multi commodity flow cuts applied:  2
Gomory fractional cuts applied:  9

Root node processing (before b&c):
  Real time             =    0.15 sec. (297.44 ticks)
Sequential b&c:
  Real time             =    1.82 sec. (3642.63 ticks)
                          ------------
Total (root+branch&cut) =    1.97 sec. (3940.07 ticks)

