Version identifier: 22.1.0.0 | 2022-03-09 | 1a383f8ce
CPXPARAM_Preprocessing_Reduce                    1
CPXPARAM_Threads                                 1
CPXPARAM_Preprocessing_Reformulations            0
CPXPARAM_Emphasis_MIP                            2
CPXPARAM_TimeLimit                               7200
CPXPARAM_MIP_Tolerances_AbsMIPGap                0.98999999999999999
CPXPARAM_MIP_Limits_TreeMemory                   20000
Legacy callback                                  BbD
1 of 1 MIP starts provided solutions.
MIP start 'm1' defined initial solution with objective 7149.0000.
Tried aggregator 1 time.
MIP Presolve modified 1009 coefficients.
Reduced MIP has 1368 rows, 1153 columns, and 5672 nonzeros.
Reduced MIP has 1080 binaries, 0 generals, 0 SOSs, and 0 indicators.
Presolve time = 0.00 sec. (3.38 ticks)
Probing time = 0.00 sec. (2.25 ticks)
Tried aggregator 1 time.
Reduced MIP has 1368 rows, 1153 columns, and 5672 nonzeros.
Reduced MIP has 1080 binaries, 0 generals, 0 SOSs, and 0 indicators.
Presolve time = 0.00 sec. (2.10 ticks)
Probing time = 0.00 sec. (2.26 ticks)
Clique table members: 621.
MIP emphasis: optimality.
MIP search method: traditional branch-and-cut.
Parallel mode: none, using 1 thread.
Root relaxation solution time = 0.00 sec. (2.47 ticks)

        Nodes                                         Cuts/
   Node  Left     Objective  IInf  Best Integer    Best Bound    ItCnt     Gap         Variable B NodeID Parent  Depth

*     0+    0                         7149.0000        0.0000           100.00%
      0     0     6065.4397   150     7149.0000     6065.4397      203   15.16%
      0     0     6783.1206   138     7149.0000      Cuts: 35      276    5.12%
      0     0     6796.4829   154     7149.0000       Cuts: 6      307    4.93%
      0     0     6796.7550   156     7149.0000       Cuts: 4      321    4.93%
      0     0     6796.7639   154     7149.0000       Cuts: 3      325    4.93%
      0     0     6796.7639   156     7149.0000   ZeroHalf: 1      327    4.93%
      0     2     6796.7639   156     7149.0000     6796.9791      327    4.92%                        0             0
Elapsed time = 0.09 sec. (183.56 ticks, tree = 0.01 MB, solutions = 1)
     50    36     7009.2421   117     7149.0000     7009.0232     1052    1.96%  x(c15_2_c14_2) U     50     41      5
    150   112     7023.1323   127     7149.0000     7021.8363     3189    1.78%  x(c18_1_c29_1) D    150    149     14
    286   205        cutoff           7149.0000     7034.6805     5729    1.60%  x(c13_1_c29_1) U    286    102     10
    413   275     7091.5128   128     7149.0000     7058.3011     9368    1.27%  x(c25_4_c22_4) U    413    127      7
    596   416     7090.8280   107     7149.0000     7078.5761    12562    0.99%  x(c21_1_c13_1) U    596    454     11
    815   616     7086.1490   103     7149.0000     7086.0329    15547    0.88%  x(c13_1_c18_1) D    815    814     14
    941   715     7087.2467    94     7149.0000     7086.8181    17088    0.87%    x(c8_1_c9_1) D    941    940     42
   1123   861     7090.0257   116     7149.0000     7089.8000    19638    0.83%   x(c26_3_c3_3) U   1123    610     10
   1295   975     7119.1250    81     7149.0000     7092.7229    23961    0.79%  x(c13_1_c16_1) U   1295    651     16
   1952  1418     7108.1336   106     7149.0000     7098.3937    39004    0.71%  x(c25_1_c16_1) N   1952   1530     17
Elapsed time = 1.55 sec. (3307.95 ticks, tree = 1.18 MB, solutions = 1)
   2667  1890     7146.0775    98     7149.0000     7103.6543    54818    0.63%  x(c13_2_c11_2) N   2667   2665     20
   3347  2253     7122.1191    92     7149.0000     7107.5391    70856    0.58%  x(c16_1_c27_1) U   3347   2312     21
   4114  2725     7118.0932    72     7149.0000     7110.2753    87289    0.54%  x(c24_1_c27_1) N   4114   4051     24
   4908  3021     7113.1821    93     7149.0000     7113.0901   103205    0.50%   x(c27_1_c7_1) D   4908   4719     18
   5573  3248     7119.8450    53     7149.0000     7115.6306   119780    0.47%  x(c19_1_c13_1) N   5573   3475     27
   6251  3486     7140.1769    85     7149.0000     7118.1264   137028    0.43%   x(c15_2_c7_2) N   6251   2259     22
   6949  3556        cutoff           7149.0000     7121.0262   153424    0.39%  x(c11_2_c14_2) U   6949   1008     12
   7711  3626     7124.1953    56     7149.0000     7124.0000   169019    0.35%   x(c11_2_c7_2) N   7711   6671     17
   8515  3807        cutoff           7149.0000     7126.3330   183892    0.32%  x(c15_4_c25_4) U   8515   2363     15
   9274  3874        cutoff           7149.0000     7128.6706   196466    0.28%  x(c15_2_c11_2) U   9274   1988     19
Elapsed time = 6.20 sec. (12854.64 ticks, tree = 3.29 MB, solutions = 1)
  10100  3905     7130.9485    89     7149.0000     7130.6582   210002    0.26%   x(c8_1_c16_1) N  10100   7053     24
  10871  3879     7132.8877    84     7149.0000     7132.6952   223265    0.23%   x(c7_1_c16_1) N  10871   9346     26
  11664  3832     7137.7500    24     7149.0000     7134.2538   235401    0.21%  x(c25_1_c17_1) D  11664  11663     26
  12502  3637    infeasible           7149.0000     7136.0000   247028    0.18%   x(c8_1_c24_1) D  12502  12501     47
  13340  3403     7143.8182    36     7149.0000     7137.5000   259008    0.16%  x(c15_2_c11_2) N  13340   5605     15
  14171  3049     7139.1425    54     7149.0000     7139.0000   269821    0.14%  x(c24_1_c16_1) D  14171  14170     20
  15037  2635        cutoff           7149.0000     7140.6203   280138    0.12%  x(c15_4_c17_4) D  15037   1975     25
  15970  2015        cutoff           7149.0000     7142.5462   289492    0.09%  x(c16_1_c27_1) U  15970  10829     23
  16977  1265     7144.7282     6     7149.0000     7144.6317   297586    0.06%   x(c16_1_c7_1) N  16977  16468     29
  17998   400        cutoff           7149.0000     7147.0000   304569    0.03%  x(c25_1_c19_1) U  17998  17996     22
Elapsed time = 10.55 sec. (22397.86 ticks, tree = 0.50 MB, solutions = 1)

Clique cuts applied:  20
Cover cuts applied:  79
Flow cuts applied:  3
Mixed integer rounding cuts applied:  15
Zero-half cuts applied:  4
Gomory fractional cuts applied:  5

Root node processing (before b&c):
  Real time             =    0.09 sec. (183.59 ticks)
Sequential b&c:
  Real time             =   10.63 sec. (22704.93 ticks)
                          ------------
Total (root+branch&cut) =   10.72 sec. (22888.52 ticks)

