Version identifier: 22.1.0.0 | 2022-03-09 | 1a383f8ce
CPXPARAM_Preprocessing_Reduce                    1
CPXPARAM_Threads                                 1
CPXPARAM_Preprocessing_Reformulations            0
CPXPARAM_Emphasis_MIP                            2
CPXPARAM_TimeLimit                               7200
CPXPARAM_MIP_Tolerances_AbsMIPGap                0.98999999999999999
CPXPARAM_MIP_Limits_TreeMemory                   20000
Legacy callback                                  BbD
1 of 1 MIP starts provided solutions.
MIP start 'm1' defined initial solution with objective 5075.0000.
Tried aggregator 1 time.
MIP Presolve modified 1019 coefficients.
Reduced MIP has 1262 rows, 1131 columns, and 5514 nonzeros.
Reduced MIP has 1074 binaries, 0 generals, 0 SOSs, and 0 indicators.
Presolve time = 0.00 sec. (3.28 ticks)
Probing time = 0.00 sec. (2.36 ticks)
Tried aggregator 1 time.
Reduced MIP has 1262 rows, 1131 columns, and 5514 nonzeros.
Reduced MIP has 1074 binaries, 0 generals, 0 SOSs, and 0 indicators.
Presolve time = 0.00 sec. (2.04 ticks)
Probing time = 0.00 sec. (2.38 ticks)
Clique table members: 598.
MIP emphasis: optimality.
MIP search method: traditional branch-and-cut.
Parallel mode: none, using 1 thread.
Root relaxation solution time = 0.00 sec. (2.25 ticks)

        Nodes                                         Cuts/
   Node  Left     Objective  IInf  Best Integer    Best Bound    ItCnt     Gap         Variable B NodeID Parent  Depth

*     0+    0                         5075.0000        0.0000           100.00%
      0     0     4309.0642   116     5075.0000     4309.0642      144   15.09%
      0     0     4952.3147   112     5075.0000      Cuts: 25      204    2.42%
      0     0     4986.0000   110     5075.0000      Cuts: 15      232    1.75%

Repeating presolve.
Tried aggregator 1 time.
MIP Presolve eliminated 0 rows and 592 columns.
Reduced MIP has 1262 rows, 539 columns, and 3738 nonzeros.
Reduced MIP has 482 binaries, 0 generals, 0 SOSs, and 0 indicators.
Presolve time = 0.00 sec. (1.53 ticks)
Probing time = 0.00 sec. (0.79 ticks)
Tried aggregator 1 time.
Reduced MIP has 1262 rows, 539 columns, and 3738 nonzeros.
Reduced MIP has 482 binaries, 0 generals, 0 SOSs, and 0 indicators.
Presolve time = 0.00 sec. (1.34 ticks)
Represolve time = 0.00 sec. (4.46 ticks)
Probing time = 0.00 sec. (0.83 ticks)
Clique table members: 329.
MIP emphasis: optimality.
MIP search method: traditional branch-and-cut.
Parallel mode: none, using 1 thread.
Root relaxation solution time = 0.00 sec. (2.63 ticks)

        Nodes                                         Cuts/
   Node  Left     Objective  IInf  Best Integer    Best Bound    ItCnt     Gap         Variable B NodeID Parent  Depth

*     0+    0                         5075.0000     4986.0000             1.75%
      0     0     4986.0000   117     5075.0000     4986.0000      372    1.75%
      0     0     4990.0027   101     5075.0000       Cuts: 5      395    1.67%
      0     0     4991.1360   129     5075.0000       Cuts: 5      473    1.65%
      0     0     4991.1523   130     5075.0000       Cuts: 2      478    1.65%
      0     0     4991.1523   125     5075.0000   ZeroHalf: 3      493    1.65%
      0     0     4991.1750   127     5075.0000     Covers: 1      519    1.65%
      0     2     4991.1750    94     5075.0000     4991.3856      519    1.65%                        0             0
Elapsed time = 0.15 sec. (304.86 ticks, tree = 0.01 MB, solutions = 1)
      9     8     5037.0224    99     5075.0000     5019.5534      671    1.09%    x(c7_2_c8_2) D      9      8      5
     75    68     5043.0000    72     5075.0000     5037.0224     3528    0.75%  x(c17_1_c11_1) U     75     50      7
    165   148     5052.6331    93     5075.0000     5045.3333     6739    0.58%  x(c17_1_c11_1) U    165     77      7
    322   298     5056.5315    76     5075.0000     5050.0185    11354    0.49%   x(c19_2_c7_2) U    322    195      9
    501   426     5072.2649    84     5075.0000     5052.1664    15738    0.45%  x(c21_2_c12_2) U    501    394     15
    687   533     5070.0000    42     5075.0000     5054.9162    19706    0.40%   x(c8_1_c24_1) D    687    436     12
    902   637        cutoff           5075.0000     5058.0000    24396    0.33%  x(c16_1_c13_1) U    902    477      9
   1113   717     5064.3817    74     5075.0000     5060.2308    28370    0.29%   x(c4_1_c15_1) N   1113    809     11
   1354   776     5064.8285    83     5075.0000     5062.1764    32246    0.25%   x(c28_2_c8_2) U   1354   1090     11
   2530   428        cutoff           5075.0000     5070.0000    43698    0.10%  x(c17_1_c15_1) U   2530   1885     12
Elapsed time = 1.60 sec. (3414.01 ticks, tree = 0.26 MB, solutions = 1)

Clique cuts applied:  20
Cover cuts applied:  22
Flow cuts applied:  1
Mixed integer rounding cuts applied:  3
Zero-half cuts applied:  3
Multi commodity flow cuts applied:  1
Gomory fractional cuts applied:  9

Root node processing (before b&c):
  Real time             =    0.15 sec. (304.88 ticks)
Sequential b&c:
  Real time             =    1.63 sec. (3500.99 ticks)
                          ------------
Total (root+branch&cut) =    1.78 sec. (3805.87 ticks)

