Version identifier: 22.1.0.0 | 2022-03-09 | 1a383f8ce
CPXPARAM_Preprocessing_Reduce                    1
CPXPARAM_Threads                                 1
CPXPARAM_Preprocessing_Reformulations            0
CPXPARAM_Emphasis_MIP                            2
CPXPARAM_TimeLimit                               7200
CPXPARAM_MIP_Tolerances_AbsMIPGap                0.5
CPXPARAM_MIP_Limits_TreeMemory                   26600
Legacy callback                                  BbLUID
         Disabling repeat represolve because of lazy constraint/incumbent callback.
1 of 1 MIP starts provided solutions.
MIP start 'm1' defined initial solution with objective 1014.0000.
Tried aggregator 1 time.
MIP Presolve modified 3269 coefficients.
Reduced MIP has 204 rows, 3368 columns, and 6736 nonzeros.
Reduced MIP has 3368 binaries, 0 generals, 0 SOSs, and 0 indicators.
Presolve time = 0.00 sec. (3.98 ticks)
Probing time = 0.00 sec. (2.90 ticks)
Clique table members: 204.
MIP emphasis: optimality.
MIP search method: traditional branch-and-cut.
Parallel mode: none, using 1 thread.
Root relaxation solution time = 0.00 sec. (1.73 ticks)

        Nodes                                         Cuts/
   Node  Left     Objective  IInf  Best Integer    Best Bound    ItCnt     Gap         Variable B NodeID Parent  Depth

*     0+    0                         1014.0000        0.0000           100.00%
      0     0      940.5000    10     1014.0000      885.0000      107   12.72%
      0     0      972.0000    46     1014.0000      Cuts: 27      150    4.14%
      0     0      979.0000   150     1014.0000       Cuts: 8      176    3.45%
      0     0      979.5000    86     1014.0000      Cuts: 11      191    3.40%
      0     0      980.5000   167     1014.0000       Cuts: 8      207    3.30%
      0     0      984.0000   126     1014.0000      Cuts: 16      221    2.96%
      0     0      985.5000   128     1014.0000       Cuts: 5      235    2.81%
      0     0      986.5000   136     1014.0000       Cuts: 7      250    2.71%
      0     0      987.0000   102     1014.0000      Cuts: 16      268    2.66%
      0     0      988.5000    90     1014.0000   ZeroHalf: 6      275    2.51%
      0     0      988.5000   106     1014.0000      Cuts: 10      285    2.51%
      0     0      989.0000   146     1014.0000      Cuts: 10      298    2.47%
      0     0      989.5000   103     1014.0000  ZeroHalf: 12      313    2.42%
      0     0      989.6250    76     1014.0000      Cuts: 16      340    2.40%
      0     0      990.7576   150     1014.0000       Cuts: 4      365    2.29%
      0     0      990.9091   119     1014.0000      Cuts: 17      391    2.28%
      0     0      991.1667   196     1014.0000      Cuts: 14      410    2.25%
      0     0      991.1667   217     1014.0000      Cuts: 16      415    2.25%
      0     2      991.1667   217     1014.0000      991.1667      415    2.25%                        0             0
Elapsed time = 0.23 sec. (491.17 ticks, tree = 0.01 MB, solutions = 1)
     10    12      996.7000   130     1014.0000      991.4167      647    2.23%  x(c41_2_c13_2) D     10      9      6
     73    55      998.0000   158     1014.0000      993.5000     1385    2.02%  x(c22_2_c28_2) N     73     66      6
    140   122     1000.2000   180     1014.0000      995.5000     2421    1.82%  x(c19_2_c13_2) U    140     77      9
    196   175      999.5000   101     1014.0000      996.5000     3277    1.73%  x(c35_2_c20_2) U    196    158     11
    260   238     1004.7727   189     1014.0000      997.0714     4355    1.67%   x(c36_2_c2_2) D    260    259     24
    326   303     1004.8333   155     1014.0000      997.5000     5483    1.63%  x(c28_2_c36_2) N    326    324     15
    380   345     1001.0660   199     1014.0000      997.5000     5776    1.63%   x(c6_2_c27_2) D    380    379     65
    439   391      997.8774   177     1014.0000      997.8600     6552    1.59%  x(c36_2_c28_2) D    439    438     28
    497   447     1000.4375   143     1014.0000      998.0000     7460    1.58%  x(c42_1_c37_1) N    497    495     39
    730   656     1000.8167   206     1014.0000      999.0441    11788    1.47%  x(c41_2_c13_2) D    730    728      7
Elapsed time = 3.64 sec. (3621.34 ticks, tree = 4.45 MB, solutions = 1)
    973   871     1004.2857   147     1014.0000      999.5000    15156    1.43%  x(c19_2_c15_2) U    973    971     30
   1226  1100     1001.5394   169     1014.0000     1000.0000    18946    1.38%  x(c12_1_c37_1) D   1226    457     29
   1443  1288     1010.2000   144     1014.0000     1000.3000    22721    1.35%  x(c26_2_c22_2) U   1443   1295     19
   1633  1437        cutoff           1014.0000     1000.5500    26562    1.33%  x(c33_2_c37_2) N   1633   1631     39
   1823  1607     1003.8333   124     1014.0000     1000.9167    29841    1.29%  x(c22_1_c29_1) N   1823   1821     12
   2003  1761     1004.6667   167     1014.0000     1001.1000    32874    1.27%  x(c28_2_c22_2) U   2003   1164      9
   2185  1921     1009.5000   169     1014.0000     1001.2500    36116    1.26%  x(c10_1_c33_1) D   2185   2182     20
   2345  2048     1006.4167   167     1014.0000     1001.5000    38938    1.23%  x(c20_2_c34_2) N   2345   2344     31
   2501  2162     1010.6034   176     1014.0000     1001.5000    41088    1.23%  x(c10_1_c33_1) D   2501    382     68
   2650  2281     1001.7500   171     1014.0000     1001.6667    43920    1.22%  x(c28_2_c31_2) D   2650   2016     16
Elapsed time = 10.62 sec. (13208.26 ticks, tree = 21.04 MB, solutions = 1)
   2825  2429     1005.3571   141     1014.0000     1001.8333    46708    1.20%  x(c11_1_c38_1) D   2825   2824     17
   3000  2560     1004.2500   143     1014.0000     1002.0000    49606    1.18%  x(c18_2_c37_2) D   3000   2999     17
   3161  2687     1006.0000   129     1014.0000     1002.1000    52275    1.17%   x(c27_2_c6_2) U   3161   2804     14
   3301  2787     1005.0000   166     1014.0000     1002.1984    55006    1.16%   x(c27_2_c6_2) U   3301   2118     11
   3457  2913     1012.2500   117     1014.0000     1002.3333    57673    1.15%     x(Op_c31_2) U   3457   3219     30
   3599  3019     1006.5000   111     1014.0000     1002.5000    60191    1.13%  x(c29_1_c16_1) D   3599    426     16
   3736  3118     1012.5000   130     1014.0000     1002.5000    62717    1.13%  x(c18_2_c19_2) U   3736   3040     35
   3867  3208     1003.0000   146     1014.0000     1002.5577    65292    1.13%  x(c18_2_c37_2) D   3867   3087     14
   4020  3324        cutoff           1014.0000     1002.6667    67824    1.12%  x(c20_2_c31_2) U   4020   4018     20
   4178  3444     1003.6250   189     1014.0000     1002.7500    70011    1.11%  x(c38_1_c16_1) D   4178   4177     28
Elapsed time = 16.29 sec. (22784.71 ticks, tree = 36.54 MB, solutions = 1)
   4321  3530        cutoff           1014.0000     1002.8333    72535    1.10%  x(c28_2_c26_2) U   4321   2591     17
   4463  3637     1006.0000    89     1014.0000     1003.0000    75191    1.08%  x(c51_1_c12_1) N   4463   4280     29
   4610  3739     1012.3333   144     1014.0000     1003.0000    77597    1.08%  x(c38_1_c51_1) N   4610   4609     53
   4750  3823     1007.2222   181     1014.0000     1003.0000    80119    1.08%  x(c28_2_c36_2) N   4750   4749     37
   4880  3907        cutoff           1014.0000     1003.1053    82517    1.07%  x(c38_1_c10_1) N   4880   2872     20
   5018  4000     1012.1667   172     1014.0000     1003.1667    84482    1.07%  x(c28_2_c26_2) U   5018   2002     13
   5145  4081     1005.0000   157     1014.0000     1003.2500    86552    1.06%   x(c2_2_c50_2) U   5145   1682     17
   5274  4163     1008.1154   201     1014.0000     1003.3333    88636    1.05%  x(c19_2_c13_2) D   5274   5273     15
   5412  4254        cutoff           1014.0000     1003.4457    90847    1.04%  x(c19_2_c14_2) U   5412   2005     29
   5536  4355     1003.5000   144     1014.0000     1003.5000    92853    1.04%  x(c15_2_c18_2) N   5536   4562     30
Elapsed time = 21.98 sec. (32404.38 ticks, tree = 50.69 MB, solutions = 1)
   5656  4443     1006.2857   176     1014.0000     1003.5000    94853    1.04%  x(c20_2_c22_2) N   5656    789     16
   5788  4524        cutoff           1014.0000     1003.5000    97110    1.04%   x(c20_1_c3_1) U   5788   3893     20
   5931  4618     1004.5000   194     1014.0000     1003.5288    99438    1.03%  x(c24_1_c43_1) D   5931   1435     11
   6044  4691     1006.0758   146     1014.0000     1003.6429   101459    1.02%  x(c18_2_c14_2) D   6044   4131     45
   6177  4782     1005.0000   150     1014.0000     1003.7000   103471    1.02%  x(c45_1_c44_1) D   6177   6175     14
   6301  4860     1011.6000   126     1014.0000     1003.7500   105337    1.01%  x(c22_2_c20_2) U   6301   6299     19
   6416  4927     1007.2857   193     1014.0000     1003.7875   107284    1.01%  x(c36_1_c20_1) U   6416    692      5
   6542  5019     1004.0714   168     1014.0000     1003.8333   109189    1.00%  x(c11_1_c38_1) U   6542   4306     21
   6677  5099     1004.5000   183     1014.0000     1003.9167   111292    0.99%  x(c19_2_c33_2) N   6677   6676     42
   6791  5176     1007.7000   105     1014.0000     1004.0000   113627    0.99%  x(c28_2_c31_2) D   6791   1858     15
Elapsed time = 27.26 sec. (42013.74 ticks, tree = 64.55 MB, solutions = 1)
   6931  5275     1007.5000   152     1014.0000     1004.0000   115389    0.99%    x(c7_1_c6_1) U   6931    759     17
   7043  5346     1006.5000   152     1014.0000     1004.0000   117188    0.99%  x(c18_2_c19_2) D   7043   4634     19
   7153  5421     1004.8791   208     1014.0000     1004.0000   119001    0.99%  x(c28_2_c31_2) U   7153   2558      9
   7273  5488     1011.9000   165     1014.0000     1004.0600   120861    0.98%  x(c27_2_c22_2) U   7273   7077     69
   7384  5565     1004.3600   184     1014.0000     1004.1250   122979    0.97%   x(c3_2_c28_2) D   7384   6530     11
   7492  5630     1008.5000   117     1014.0000     1004.1667   124960    0.97%  x(c24_1_c43_1) D   7492   7490     25
   7610  5696     1004.2500   150     1014.0000     1004.2000   126878    0.97%   x(c3_2_c22_2) D   7610   7058     40
   7724  5771     1009.7500   148     1014.0000     1004.2500   128704    0.96%  x(c13_2_c14_2) D   7724   7722     68
   7851  5850     1004.6667   167     1014.0000     1004.2500   130466    0.96%   x(c5_2_c15_2) D   7851   6621     23
   7959  5904        cutoff           1014.0000     1004.3057   132408    0.96%  x(c50_2_c20_2) N   7959   7398     17
Elapsed time = 32.77 sec. (51637.08 ticks, tree = 77.95 MB, solutions = 1)
   8066  5953        cutoff           1014.0000     1004.3571   134176    0.95%  x(c20_2_c34_2) U   8066   7238     34
   8171  6027        cutoff           1014.0000     1004.4286   136211    0.94%   x(c20_2_c3_2) U   8171   4896     35
   8260  6085     1009.0000   113     1014.0000     1004.5000   138213    0.94%  x(c20_2_c50_2) N   8260   8259     47
   8375  6163     1007.7632   178     1014.0000     1004.5000   139739    0.94%   x(c9_1_c11_1) U   8375   1500     20
   8470  6227     1005.2083   156     1014.0000     1004.5000   141302    0.94%  x(c27_1_c51_1) N   8470   7976     21
   8574  6290     1005.5625   198     1014.0000     1004.5000   142945    0.94%   x(c3_2_c28_2) D   8574   5714     12
   8685  6363     1004.5833   150     1014.0000     1004.5000   144755    0.94%  x(c18_2_c19_2) D   8685   6309     26
   8800  6441     1011.3571   150     1014.0000     1004.5000   146528    0.94%   x(c5_2_c15_2) U   8800   8792     32
   8899  6496     1004.6250   207     1014.0000     1004.5076   148356    0.94%  x(c41_2_c13_2) D   8899   7935     13
   8997  6570     1009.3333   167     1014.0000     1004.5892   150101    0.93%  x(c36_2_c20_2) U   8997   3503     15
Elapsed time = 38.06 sec. (61276.94 ticks, tree = 91.21 MB, solutions = 1)
   9094  6626     1008.2500   134     1014.0000     1004.6282   151769    0.92%  x(c28_2_c31_2) U   9094   7137     11
   9208  6703     1006.5000   123     1014.0000     1004.6667   153602    0.92%  x(c27_2_c23_2) U   9208    777     28
   9313  6770     1010.2222   193     1014.0000     1004.7000   155105    0.92%   x(c3_1_c20_1) U   9313   4397     32
   9406  6826     1010.5000   141     1014.0000     1004.7500   156802    0.91%  x(c28_2_c36_2) U   9406   1933     22
   9514  6889     1005.0000    89     1014.0000     1004.7500   158362    0.91%  x(c28_2_c31_2) D   9514   4864     17
   9620  6946     1004.8059   189     1014.0000     1004.7945   160289    0.91%  x(c19_2_c14_2) D   9620   8419     23
   9735  7019        cutoff           1014.0000     1004.8333   161994    0.90%   x(c7_1_c24_1) U   9735   5488     29
   9830  7069     1007.5000   135     1014.0000     1004.8333   163637    0.90%   x(c9_1_c16_1) U   9830   8125     45
   9934  7125        cutoff           1014.0000     1004.9000   165356    0.90%   x(c22_2_c3_2) U   9934   9932     32
  10034  7176        cutoff           1014.0000     1004.9444   166940    0.89%  x(c26_2_c28_2) U  10034   4274     19
Elapsed time = 43.11 sec. (70876.88 ticks, tree = 103.70 MB, solutions = 1)
  10149  7266     1007.0000   111     1014.0000     1005.0000   168882    0.89%     x(Op_c22_1) U  10149   3582     30
  10245  7332     1011.7143   164     1014.0000     1005.0000   170374    0.89%  x(c18_2_c19_2) U  10245   6971     24
  10348  7401     1006.0714   167     1014.0000     1005.0000   171791    0.89%   x(c9_1_c30_1) U  10348   7942     21
  10443  7462     1008.3421   205     1014.0000     1005.0000   173359    0.89%  x(c14_2_c19_2) D  10443  10442     14
  10555  7519     1008.1500   180     1014.0000     1005.0000   174924    0.89%   x(c27_2_c6_2) U  10555   8743     19
  10670  7576     1012.5833   142     1014.0000     1005.0000   176513    0.89%  x(c51_1_c12_1) D  10670  10669     39
  10769  7612     1005.1200   167     1014.0000     1005.0357   178089    0.88%  x(c38_1_c16_1) D  10769   9926     23
  10867  7655     1005.0724   199     1014.0000     1005.0741   179702    0.88%  x(c28_2_c22_2) D  10867   7227     10
  10974  7726     1010.5621   180     1014.0000     1005.1000   181323    0.88%   x(c20_2_c3_2) D  10974  10973     34
  11071  7768     1005.3083   209     1014.0000     1005.1250   182929    0.88%  x(c28_2_c22_2) N  11071   1049     11
Elapsed time = 48.21 sec. (80478.10 ticks, tree = 116.14 MB, solutions = 1)
  11167  7822        cutoff           1014.0000     1005.1667   184624    0.87%  x(c20_2_c28_2) U  11167   3890     41
  11272  7879     1011.3667   166     1014.0000     1005.1667   186189    0.87%  x(c27_1_c51_1) N  11272  11270     22
  11382  7923        cutoff           1014.0000     1005.1667   187665    0.87%  x(c18_2_c19_2) U  11382  10086     15
  11479  7978     1005.7778   172     1014.0000     1005.2125   189508    0.87%   x(c7_1_c24_1) D  11479   9350     44
  11565  8032     1008.1833   180     1014.0000     1005.2500   190992    0.86%   x(c9_1_c11_1) U  11565   6448     15
  11660  8076     1005.9483   163     1014.0000     1005.2500   192478    0.86%  x(c28_2_c26_2) D  11660  10376     33
  11762  8130     1005.9762   180     1014.0000     1005.3000   194279    0.86%  x(c15_2_c49_2) D  11762  11761     49
  11859  8176     1009.4444   114     1014.0000     1005.3333   195756    0.85%  x(c22_3_c48_3) U  11859    869     26
  11969  8236     1005.5000   150     1014.0000     1005.3333   197227    0.85%  x(c41_2_c18_2) D  11969   7094     14
  12365  8444     1010.0625   123     1014.0000     1005.5000   203581    0.84%     x(c32_2_Om) U  12365  10110     47
Elapsed time = 54.53 sec. (92938.70 ticks, tree = 131.29 MB, solutions = 1)
  12728  8658     1007.5000    77     1014.0000     1005.5000   209166    0.84%  x(c38_1_c16_1) D  12728  12727     31
  13121  8844     1010.8333   145     1014.0000     1005.5000   214624    0.84%  x(c28_2_c31_2) U  13121   2518     24
  13461  8984     1012.1000   130     1014.0000     1005.6250   220157    0.83%   x(c15_2_c5_2) U  13461   6034     20
  13841  9203     1010.0000   108     1014.0000     1005.7000   225758    0.82%  x(c51_1_c12_1) N  13841   3714     18
  14177  9332        cutoff           1014.0000     1005.7619   230918    0.81%  x(c13_2_c19_2) U  14177  12610     29
  14540  9526     1009.0667   173     1014.0000     1005.8333   236356    0.81%  x(c24_1_c43_1) U  14540  14538     17
  14881  9692     1009.2857   181     1014.0000     1005.9646   241451    0.79%  x(c28_2_c22_2) U  14881   1248      8
  15252  9957        cutoff           1014.0000     1006.0000   246643    0.79%  x(c50_2_c20_2) U  15252  13609     31
  15605 10139     1011.7500   128     1014.0000     1006.0000   251722    0.79%  x(c24_1_c43_1) U  15605  13697     18
  15969 10301     1010.9583   169     1014.0000     1006.0217   256900    0.79%   x(c20_2_c3_2) U  15969  11335     27
Elapsed time = 75.23 sec. (131195.24 ticks, tree = 177.29 MB, solutions = 1)
  16300 10443     1007.4500   165     1014.0000     1006.1190   261835    0.78%  x(c28_2_c31_2) D  16300   9821     10
  16628 10606     1012.4583   186     1014.0000     1006.1667   266933    0.77%  x(c41_2_c13_2) D  16628   7191     36
  16969 10782     1006.5000   155     1014.0000     1006.2500   272058    0.76%  x(c38_1_c12_1) D  16969  16968     25
  17285 10904     1006.9000   153     1014.0000     1006.3000   276992    0.76%  x(c13_2_c19_2) D  17285   9387     17
  17616 11067     1010.0513   184     1014.0000     1006.3636   281879    0.75%   x(c6_2_c27_2) U  17616  14617     22
  17938 11204     1006.5399   189     1014.0000     1006.4706   286847    0.74%  x(c20_2_c22_2) D  17938  17937     46
  18266 11424     1008.5000   156     1014.0000     1006.5000   291907    0.74%  x(c27_2_c23_2) U  18266    847     13
  18538 11582     1008.1000   169     1014.0000     1006.5000   296161    0.74%  x(c26_2_c27_2) U  18538   7472     32
  18843 11703     1009.8333    97     1014.0000     1006.5000   300441    0.74%  x(c38_1_c11_1) D  18843  18841     36
  19216 11899        cutoff           1014.0000     1006.5000   305223    0.74%  x(c30_1_c16_1) U  19216  12263     27
Elapsed time = 94.98 sec. (169396.60 ticks, tree = 221.02 MB, solutions = 1)
  19523 12015     1006.5455   147     1014.0000     1006.5227   309752    0.74%  x(c34_2_c20_2) D  19523  19522     44
  19814 12129     1007.1000   167     1014.0000     1006.6000   314141    0.73%  x(c19_2_c15_2) D  19814  19813     19
  20142 12316     1009.0000   103     1014.0000     1006.6667   319012    0.72%  x(c20_2_c50_2) D  20142  20140     22
  20427 12437        cutoff           1014.0000     1006.7000   323214    0.72%   x(c31_2_c3_2) U  20427   1240     15
  20733 12600     1012.5000   135     1014.0000     1006.7500   327952    0.71%   x(c3_2_c28_2) N  20733  19915     20
  21009 12718     1007.0233   185     1014.0000     1006.7651   331947    0.71%   x(c9_1_c30_1) U  21009  21008     19
  21310 12861     1010.8333   159     1014.0000     1006.8333   336325    0.71%   x(c27_2_c6_2) U  21310   6025     12
  21628 12992     1007.0000    85     1014.0000     1006.8889   340563    0.70%   x(c3_2_c20_2) D  21628  21089     41
  21936 13127     1009.7000   134     1014.0000     1006.9500   345134    0.70%  x(c18_2_c19_2) U  21936   4011     11
  22269 13339        cutoff           1014.0000     1007.0000   350786    0.69%  x(c44_1_c42_1) U  22269  18258     36
Elapsed time = 114.38 sec. (207605.98 ticks, tree = 264.06 MB, solutions = 1)
  22544 13470        cutoff           1014.0000     1007.0000   355146    0.69%  x(c30_1_c16_1) U  22544  18929     32
  22831 13601     1010.5000   143     1014.0000     1007.0000   359235    0.69%   x(c22_2_c3_2) D  22831  19320     29
  23125 13678     1008.7462   178     1014.0000     1007.0000   363166    0.69%  x(c28_2_c31_2) D  23125   4238     10
  23423 13801        cutoff           1014.0000     1007.0625   367462    0.68%  x(c13_2_c19_2) U  23423  18326     24
  23731 13927     1009.6923   145     1014.0000     1007.1250   371594    0.68%  x(c37_1_c42_1) U  23731   9939     23
  24020 14038     1007.7000   116     1014.0000     1007.1667   375586    0.67%   x(c22_1_c3_1) D  24020  14707     33
  24334 14161        cutoff           1014.0000     1007.1905   379987    0.67%   x(c5_2_c19_2) U  24334  24332     38
  24629 14301        cutoff           1014.0000     1007.2500   383982    0.67%  x(c44_1_c42_1) U  24629  11883     42
  24917 14413        cutoff           1014.0000     1007.2500   387930    0.67%  x(c31_2_c22_2) D  24917  24916     24
  25200 14503     1007.4857   187     1014.0000     1007.3000   391955    0.66%  x(c26_2_c27_2) N  25200  24294     53
Elapsed time = 132.98 sec. (245854.07 ticks, tree = 301.23 MB, solutions = 1)
  25525 14655        cutoff           1014.0000     1007.3333   396526    0.66%  x(c22_2_c28_2) U  25525   1422     13
  25816 14773     1010.3929   151     1014.0000     1007.3750   400582    0.65%   x(c9_1_c30_1) U  25816  25815     21
  26101 14844        cutoff           1014.0000     1007.4167   404745    0.65%  x(c28_2_c36_2) U  26101  19569     12
  26389 14965     1008.7500    43     1014.0000     1007.5000   408907    0.64%  x(c13_3_c18_3) D  26389  22062     51
* 26549 13425      integral     0     1013.0000     1007.5000   410681    0.54%
  26619 13475     1008.6667    76     1013.0000     1007.5000   411733    0.54%  x(c30_3_c38_3) N  26619  13592     52
  26885 13622     1008.7500   122     1013.0000     1007.5000   415308    0.54%  x(c11_1_c12_1) U  26885  24704     34
  27112 13710     1009.5000   126     1013.0000     1007.5000   418696    0.54%  x(c38_1_c12_1) D  27112  22802     21
  27337 13775     1007.5000   171     1013.0000     1007.5000   421831    0.54%  x(c22_2_c20_2) D  27337  23105     15
  27598 13861     1010.5000   149     1013.0000     1007.5000   425064    0.54%  x(c24_1_c43_1) D  27598  27596     15
  27851 13905        cutoff           1013.0000     1007.5000   428158    0.54%   x(c22_2_c3_2) U  27851  20912     22
Elapsed time = 151.77 sec. (284084.60 ticks, tree = 302.12 MB, solutions = 2)
  28108 13980        cutoff           1013.0000     1007.5000   431658    0.54%  x(c13_2_c19_2) U  28108  19623     45
  28353 14019        cutoff           1013.0000     1007.5556   434905    0.54%   x(c28_3_c8_3) U  28353  28351     70
  28612 14095        cutoff           1013.0000     1007.5937   438290    0.53%  x(c19_2_c15_2) U  28612  28610     23
  28887 14149     1007.6250   164     1013.0000     1007.6250   441564    0.53%  x(c19_2_c15_2) D  28887  23274     22
  29173 14248        cutoff           1013.0000     1007.6667   445467    0.53%  x(c22_3_c36_3) U  29173  29171     28
  29437 14334     1007.7500   166     1013.0000     1007.6887   448668    0.52%  x(c28_2_c26_2) D  29437  29436     39
  29713 14412        cutoff           1013.0000     1007.7222   452152    0.52%  x(c44_1_c42_1) U  29713  29711     20
  29973 14529     1008.0000   126     1013.0000     1007.7500   455635    0.52%  x(c33_1_c45_1) D  29973  28241     24
  30245 14597        cutoff           1013.0000     1007.7500   458805    0.52%   x(c3_1_c20_1) U  30245  24062     18
  30512 14663     1010.2500   126     1013.0000     1007.7917   462092    0.51%   x(c2_2_c50_2) U  30512  30510     19
Elapsed time = 169.80 sec. (322293.98 ticks, tree = 330.53 MB, solutions = 2)
  30791 14767     1008.9000   168     1013.0000     1007.8333   465650    0.51%  x(c51_1_c12_1) D  30791  30790     34
  31041 14847        cutoff           1013.0000     1007.8333   469149    0.51%  x(c19_2_c14_2) U  31041   4051     21
  31309 14900     1007.9901   203     1013.0000     1007.8590   472467    0.51%  x(c11_1_c29_1) D  31309  28075     46
  31576 14969     1007.9000   157     1013.0000     1007.9000   475846    0.50%  x(c15_2_c19_2) D  31576  13703     17
  31846 15019        cutoff           1013.0000     1007.9375   478921    0.50%   x(c5_2_c15_2) U  31846  22002     46
  32120 15105     1008.4706    98     1013.0000     1008.0000   482474    0.49%  x(c42_3_c17_3) D  32120  12421     42
  32417 15267        cutoff           1013.0000     1008.0000   487163    0.49%  x(c28_2_c31_2) U  32417   4175     16
  32652 15340     1012.0000    93     1013.0000     1008.0000   490201    0.49%  x(c12_1_c27_1) U  32652  13608     31
  32887 15407        cutoff           1013.0000     1008.0000   493340    0.49%   x(c9_1_c30_1) U  32887   5545     24
  33142 15464     1008.0000    85     1013.0000     1008.0000   496308    0.49%  x(c20_1_c29_1) U  33142  24152     41
Elapsed time = 187.70 sec. (360550.81 ticks, tree = 360.63 MB, solutions = 2)
  33397 15526     1008.5000   125     1013.0000     1008.0000   499371    0.49%  x(c51_1_c12_1) U  33397  33395     27
  33643 15539     1011.8333   173     1013.0000     1008.0000   502270    0.49%  x(c24_1_c43_1) U  33643  25087     17
  33890 15613     1008.1250   165     1013.0000     1008.0625   505489    0.49%   x(c15_2_c5_2) D  33890  29718     59
  34153 15694        cutoff           1013.0000     1008.1000   508774    0.48%   x(c27_2_c6_2) U  34153  22955     19
  34413 15762     1012.0000   139     1013.0000     1008.1250   511455    0.48%  x(c24_1_c43_1) D  34413  29272     17
  34683 15830     1008.8000   122     1013.0000     1008.1667   514761    0.48%  x(c44_1_c42_1) D  34683  29891     21
  34930 15916        cutoff           1013.0000     1008.1667   517913    0.48%   x(c5_2_c15_2) U  34930  24858     26
  35192 15968        cutoff           1013.0000     1008.1923   520861    0.47%   x(c20_1_c3_1) U  35192  31269     44
  35461 16071     1008.5000   117     1013.0000     1008.2222   524091    0.47%  x(c11_1_c38_1) D  35461  14361     29
  35709 16156        cutoff           1013.0000     1008.2500   527580    0.47%  x(c41_2_c15_2) N  35709  35708     29
Elapsed time = 205.54 sec. (398773.89 ticks, tree = 388.01 MB, solutions = 2)
  35965 16216        cutoff           1013.0000     1008.2500   530384    0.47%  x(c22_2_c28_2) U  35965  35963     18
  36224 16256     1008.7667   210     1013.0000     1008.2803   533061    0.47%   x(c3_2_c28_2) D  36224  33782     14
  36471 16265        cutoff           1013.0000     1008.3056   536240    0.46%  x(c28_2_c31_2) U  36471  32096     23
  36765 16339     1009.5000   140     1013.0000     1008.3333   539911    0.46%   x(c6_1_c43_1) D  36765  24009     29
  37022 16418     1009.0000    26     1013.0000     1008.3333   543005    0.46%     x(c28_3_Om) D  37022  37021     45
  37274 16439     1011.1500   189     1013.0000     1008.3667   545652    0.46%  x(c26_2_c28_2) D  37274   5921     19
  37549 16492     1010.7143   166     1013.0000     1008.3899   548434    0.46%  x(c38_1_c12_1) D  37549  37548     38
  37804 16515     1008.5278   153     1013.0000     1008.4231   551379    0.45%  x(c13_2_c19_2) D  37804  37110     35
  38051 16558     1008.4980   152     1013.0000     1008.4697   554171    0.45%  x(c18_2_c27_2) D  38051  38050     45
  38365 16684     1011.0000    32     1013.0000     1008.5000   558454    0.44%  x(c22_3_c32_3) U  38365  38363     33
Elapsed time = 222.50 sec. (436978.34 ticks, tree = 410.78 MB, solutions = 2)
  38633 16814     1011.5000   101     1013.0000     1008.5000   562508    0.44%  x(c27_1_c51_1) U  38633  26825     30
  38861 16885     1010.0000   111     1013.0000     1008.5000   565411    0.44%  x(c27_1_c12_1) N  38861  36760     40
  39063 16945     1012.0000   130     1013.0000     1008.5000   568189    0.44%   x(c3_1_c31_1) U  39063  32580     36
  39273 16990     1010.6667   138     1013.0000     1008.5000   570775    0.44%   x(c22_1_c3_1) D  39273  15723     17
  39471 17009     1009.0000   121     1013.0000     1008.5000   573350    0.44%  x(c22_1_c20_1) U  39471    176     12
  39683 17034     1009.0000   123     1013.0000     1008.5000   576018    0.44%  x(c38_1_c10_1) D  39683   9604     13
  39888 17051     1008.7500   123     1013.0000     1008.5000   578445    0.44%   x(c5_2_c19_2) N  39888  29465     35
  40095 17042        cutoff           1013.0000     1008.5000   580887    0.44%  x(c38_1_c30_1) U  40095  30991     40
  40313 17041        cutoff           1013.0000     1008.5000   583504    0.44%  x(c20_2_c22_2) U  40313   3667     27
  40523 17034        cutoff           1013.0000     1008.5000   585880    0.44%  x(c10_1_c33_1) U  40523  34078     15
Elapsed time = 240.43 sec. (475264.21 ticks, tree = 430.74 MB, solutions = 2)
  40759 17071        cutoff           1013.0000     1008.5538   588798    0.44%  x(c28_2_c36_2) U  40759  36153     41
  40976 17116     1011.3129   171     1013.0000     1008.5833   592115    0.44%  x(c11_1_c38_1) D  40976  35318     36
  41196 17163        cutoff           1013.0000     1008.6111   594943    0.43%   x(c6_2_c27_2) U  41196  28224     21
  41426 17193     1011.0000   189     1013.0000     1008.6290   597574    0.43%   x(c38_2_c5_2) U  41426  23273     38
  41670 17227        cutoff           1013.0000     1008.6667   600328    0.43%  x(c22_3_c36_3) U  41670  38414     20
  41939 17303     1008.8611   165     1013.0000     1008.6667   603318    0.43%  x(c38_1_c16_1) D  41939  24689     23
  42179 17354     1009.2222    81     1013.0000     1008.6935   605714    0.43%  x(c32_3_c22_3) D  42179  42178     48
  42403 17391        cutoff           1013.0000     1008.7059   608087    0.42%  x(c32_3_c22_3) U  42403  42401     39
  42612 17426     1009.5625   157     1013.0000     1008.7460   610835    0.42%     x(c32_2_Om) N  42612  42611     38
  42814 17456        cutoff           1013.0000     1008.7500   613250    0.42%  x(c20_2_c50_2) U  42814   6272     19
Elapsed time = 257.98 sec. (513509.87 ticks, tree = 451.47 MB, solutions = 2)
  43031 17498        cutoff           1013.0000     1008.7500   615545    0.42%  x(c19_2_c14_2) U  43031  41378     17
  43247 17518     1008.9458   209     1013.0000     1008.7500   617782    0.42%  x(c19_2_c15_2) N  43247  43246     12
  43469 17553        cutoff           1013.0000     1008.7857   620510    0.42%   x(c9_1_c16_1) U  43469  29042     25
  43692 17586        cutoff           1013.0000     1008.8212   623045    0.41%  x(c15_2_c49_2) U  43692  37589     28
  43919 17647     1010.5238   179     1013.0000     1008.8333   625901    0.41%  x(c32_2_c22_2) N  43919  43918     39
  44137 17698     1009.3000   190     1013.0000     1008.8333   628102    0.41%  x(c41_2_c13_2) U  44137  25443     11
  44357 17723        cutoff           1013.0000     1008.8333   630096    0.41%  x(c18_2_c19_2) U  44357  13670     31
  44557 17745        cutoff           1013.0000     1008.8750   632821    0.41%   x(c15_2_c5_2) U  44557  39520     26
  44783 17775     1008.9595   139     1013.0000     1008.9000   635141    0.40%  x(c27_2_c23_2) D  44783  36795     54
  45017 17829     1011.9167   173     1013.0000     1008.9167   637404    0.40%  x(c18_2_c37_2) U  45017  18692     20
Elapsed time = 275.35 sec. (551760.80 ticks, tree = 471.23 MB, solutions = 2)
  45239 17868     1010.5000   188     1013.0000     1008.9444   640112    0.40%   x(c9_1_c16_1) N  45239  45238     38
  45475 17921        cutoff           1013.0000     1008.9848   642511    0.40%  x(c38_1_c30_1) U  45475  30666     54
  45695 17980     1009.0000    68     1013.0000     1009.0000   645444    0.39%  x(c17_3_c42_3) D  45695  40956     52
  45971 18047        cutoff           1013.0000     1009.0000   649443    0.39%  x(c22_3_c36_3) U  45971  15578     23
  46267 18095        cutoff           1013.0000     1009.0000   652673    0.39%  x(c18_1_c25_1) N  46267  41119     21
  46482 18172     1010.8333   122     1013.0000     1009.0000   655383    0.39%  x(c44_1_c42_1) N  46482  26777     30
  46668 18194     1009.5000   135     1013.0000     1009.0000   657558    0.39%   x(c6_2_c18_2) D  46668  39547     30
  46854 18201        cutoff           1013.0000     1009.0000   659731    0.39%  x(c18_2_c37_2) U  46854   5462     16
  47030 18201     1010.0500   150     1013.0000     1009.0000   661563    0.39%   x(c3_1_c31_1) D  47030  35767     29
  47236 18225     1009.6667   153     1013.0000     1009.0000   663880    0.39%  x(c11_1_c38_1) D  47236   9486     23
Elapsed time = 292.58 sec. (590089.38 ticks, tree = 491.84 MB, solutions = 2)
  47426 18239        cutoff           1013.0000     1009.0000   665969    0.39%   x(c24_1_c7_1) U  47426  14058     21
  47631 18259        cutoff           1013.0000     1009.0000   668183    0.39%  x(c27_2_c22_2) D  47631  47630     53
  47820 18261        cutoff           1013.0000     1009.0000   670430    0.39%  x(c22_2_c28_2) U  47820  24231     15
  48000 18242        cutoff           1013.0000     1009.0313   672730    0.39%  x(c38_1_c30_1) N  48000  27857     21
  48200 18261        cutoff           1013.0000     1009.0625   674800    0.39%  x(c19_2_c15_2) U  48200  16232     30
  48426 18325     1010.5000   135     1013.0000     1009.0833   677346    0.39%  x(c26_2_c28_2) D  48426   7298     19
  48628 18357        cutoff           1013.0000     1009.1000   679511    0.38%  x(c33_1_c45_1) U  48628  48626     33
  48821 18373     1009.7225   177     1013.0000     1009.1250   681616    0.38%  x(c35_3_c28_3) D  48821  12310     52
  49035 18423     1009.4444   164     1013.0000     1009.1389   683601    0.38%  x(c15_2_c49_2) D  49035  41348     32
  49260 18481     1009.6667    97     1013.0000     1009.1667   686231    0.38%    x(c7_3_c8_3) D  49260  49259     22
Elapsed time = 310.00 sec. (628372.99 ticks, tree = 508.72 MB, solutions = 2)
  49447 18481     1009.2500   138     1013.0000     1009.1667   688414    0.38%  x(c24_1_c43_1) U  49447  35264     16
  49643 18483        cutoff           1013.0000     1009.1667   690412    0.38%  x(c24_1_c43_1) D  49643  49641     15
  49843 18493     1009.5000   177     1013.0000     1009.1852   692463    0.38%  x(c51_1_c12_1) D  49843  49842     30
  50037 18507     1009.2500   162     1013.0000     1009.2000   694489    0.38%   x(c22_2_c3_2) U  50037  20575     16
  50252 18539     1010.5000   133     1013.0000     1009.2222   696830    0.37%   x(c27_2_c6_2) N  50252   9855     26
  50471 18578     1011.5000    77     1013.0000     1009.2500   699402    0.37%  x(c12_1_c27_1) U  50471  37705     65
  50660 18604     1010.0000   147     1013.0000     1009.2500   701668    0.37%  x(c26_2_c22_2) D  50660  39912     23
  50855 18624        cutoff           1013.0000     1009.2500   703772    0.37%  x(c37_2_c33_2) D  50855  50854     23
  51050 18611     1009.7500   145     1013.0000     1009.2571   705647    0.37%   x(c3_1_c31_1) D  51050  46860     22
  51261 18643     1011.4186   148     1013.0000     1009.2857   707731    0.37%  x(c12_1_c11_1) D  51261  37862     35
Elapsed time = 326.85 sec. (666672.07 ticks, tree = 522.37 MB, solutions = 2)
  51462 18669        cutoff           1013.0000     1009.3056   709981    0.36%   x(c3_1_c31_1) D  51462  30798     34
  51687 18724     1009.7500    73     1013.0000     1009.3333   712750    0.36%  x(c18_3_c17_3) D  51687  51686     62
  51928 18781     1009.3750   154     1013.0000     1009.3333   715402    0.36%  x(c10_1_c33_1) U  51928  12771     16
  52133 18815        cutoff           1013.0000     1009.3333   717529    0.36%  x(c18_2_c19_2) U  52133  52131     13
  52325 18795     1010.1667   114     1013.0000     1009.3500   719443    0.36%     x(Op_c22_1) N  52325  43853     16
  52525 18820        cutoff           1013.0000     1009.3750   721468    0.36%  x(c26_2_c28_2) D  52525   3570     29
  52723 18844     1009.5000   163     1013.0000     1009.4000   723414    0.36%  x(c18_2_c27_2) N  52723  39248     33
  52928 18851     1009.4474   190     1013.0000     1009.4167   725285    0.35%  x(c19_2_c13_2) D  52928  45221     17
  53132 18843        cutoff           1013.0000     1009.4500   727174    0.35%   x(c3_2_c28_2) U  53132   7012     19
  53324 18868        cutoff           1013.0000     1009.5000   729608    0.35%  x(c20_3_c22_3) U  53324  46140     32
Elapsed time = 343.28 sec. (704945.73 ticks, tree = 537.16 MB, solutions = 2)
  53477 18900     1012.0000     1     1013.0000     1009.5000   730998    0.35%  x(c12_3_c18_3) D  53477  53475     74
* 53484 13753      integral     0     1012.0000     1009.5000   731000    0.25%
  53695 13733     1009.5000    77     1012.0000     1009.5000   733072    0.25%  x(c22_3_c20_3) N  53695  46176     42
  53953 13737        cutoff           1012.0000     1009.5000   735272    0.25%  x(c36_3_c22_3) U  53953  38377     37
  54122 13733        cutoff           1012.0000     1009.5000   737162    0.25%   x(c24_2_c6_2) U  54122  37326     34
  54292 13717        cutoff           1012.0000     1009.5000   738842    0.25%  x(c44_1_c42_1) D  54292  27012     34
  54455 13675     1009.7778   146     1012.0000     1009.5000   740536    0.25%   x(c9_1_c30_1) N  54455  16838     24
  54621 13630     1010.5000   122     1012.0000     1009.5000   742087    0.25%  x(c11_1_c38_1) N  54621  36761     18
  54789 13579        cutoff           1012.0000     1009.5000   743589    0.25%  x(c11_1_c38_1) D  54789  20587     33
  54964 13548     1010.5000   145     1012.0000     1009.5000   745065    0.25%  x(c24_1_c43_1) N  54964   5476     22
  55152 13503        cutoff           1012.0000     1009.5000   746645    0.25%   x(c5_2_c15_2) U  55152  30157     32
Elapsed time = 359.48 sec. (743208.70 ticks, tree = 394.39 MB, solutions = 3)
  55324 13432        cutoff           1012.0000     1009.5000   748061    0.25%  x(c44_1_c42_1) U  55324  26143     38
  55506 13375        cutoff           1012.0000     1009.5000   749607    0.25%  x(c45_1_c42_1) U  55506   9083     13
  55678 13302     1009.5000   143     1012.0000     1009.5000   750946    0.25%  x(c28_2_c36_2) N  55678  34971     28
  55864 13274     1009.6667   183     1012.0000     1009.5000   752424    0.25%  x(c41_2_c37_2) N  55864   3549     11
  56064 13228        cutoff           1012.0000     1009.5000   754054    0.25%  x(c14_2_c19_2) U  56064  22905     22
  56254 13182     1009.9286   166     1012.0000     1009.5000   755433    0.25%  x(c10_1_c33_1) D  56254  29735     53
  56440 13126     1010.7500   155     1012.0000     1009.5000   756822    0.25%  x(c45_1_c42_1) N  56440  56439     16
  56630 13076     1010.0625   185     1012.0000     1009.5000   758332    0.25%  x(c18_2_c19_2) D  56630   5228     18
  56822 13072     1010.0000   164     1012.0000     1009.5441   760102    0.24%   x(c43_1_c6_1) N  56822  32538     35
  57021 13055     1009.5667   150     1012.0000     1009.5667   761648    0.24%   x(c9_1_c16_1) N  57021  48279     22
Elapsed time = 376.10 sec. (781515.46 ticks, tree = 387.33 MB, solutions = 3)
  57216 12997        cutoff           1012.0000     1009.5833   763253    0.24%  x(c11_1_c38_1) D  57216  32617     25
  57417 12982     1009.6000   150     1012.0000     1009.6000   764976    0.24%  x(c18_2_c19_2) D  57417  49536     24
  57618 12947     1009.7500   147     1012.0000     1009.6250   766563    0.23%   x(c5_2_c19_2) D  57618  42755     26
  57818 12913        cutoff           1012.0000     1009.6429   768086    0.23%   x(c27_2_c6_2) D  57818   7065     13
  58020 12891        cutoff           1012.0000     1009.6667   769607    0.23%  x(c12_3_c15_3) U  58020  19956     42
  58282 12905     1010.0000   123     1012.0000     1009.6667   771615    0.23%   x(c22_1_c3_1) N  58282  47036     26
  58481 12842        cutoff           1012.0000     1009.6667   772909    0.23%   x(c31_2_c3_2) U  58481  19669     20
  58665 12808        cutoff           1012.0000     1009.6905   774275    0.23%  x(c27_2_c23_2) U  58665  19509     28
  58862 12778        cutoff           1012.0000     1009.7000   775682    0.23%  x(c27_2_c23_2) U  58862   3783     13
  59046 12748     1009.7167   178     1012.0000     1009.7174   776923    0.23%  x(c15_2_c19_2) N  59046  51192     53
Elapsed time = 392.59 sec. (819825.70 ticks, tree = 384.24 MB, solutions = 3)
  59255 12733        cutoff           1012.0000     1009.7500   778921    0.22%   x(c4_3_c12_3) U  59255  26423     53
  59456 12697     1010.0000   182     1012.0000     1009.7500   780597    0.22%  x(c24_1_c43_1) U  59456   1802     16
  59640 12649        cutoff           1012.0000     1009.7500   781844    0.22%  x(c28_2_c31_2) D  59640  47401     41
  59823 12605        cutoff           1012.0000     1009.7500   783334    0.22%  x(c19_2_c15_2) U  59823   9905     14
  60031 12568     1009.7778   170     1012.0000     1009.7692   784686    0.22%  x(c45_1_c10_1) N  60031  52128     46
  60226 12543        cutoff           1012.0000     1009.8000   786124    0.22%  x(c51_1_c27_1) U  60226  56857     33
  60427 12509        cutoff           1012.0000     1009.8333   787533    0.21%     x(Op_c28_3) U  60427  20122     52
  60633 12495        cutoff           1012.0000     1009.8333   789261    0.21%  x(c12_1_c11_1) U  60633  38794     30
  60820 12441     1009.8333   141     1012.0000     1009.8333   790523    0.21%  x(c14_2_c19_2) N  60820  55121     26
  61017 12377        cutoff           1012.0000     1009.8333   791799    0.21%  x(c28_2_c36_2) U  61017  27767     10
Elapsed time = 408.40 sec. (858102.93 ticks, tree = 378.27 MB, solutions = 3)
  61200 12325     1010.9000   169     1012.0000     1009.8462   793065    0.21%   x(c3_2_c22_2) U  61200  57111     22
  61390 12282        cutoff           1012.0000     1009.8750   794733    0.21%   x(c3_1_c31_1) U  61390  10187     39
  61589 12226        cutoff           1012.0000     1009.8922   796152    0.21%  x(c30_1_c16_1) U  61589  61587     50
  61776 12161     1010.1667   123     1012.0000     1009.9091   797776    0.21%   x(c27_2_c6_2) N  61776  61775     20
  61951 12127        cutoff           1012.0000     1009.9242   798969    0.21%  x(c22_2_c31_2) U  61951  61949     32
  62131 12067        cutoff           1012.0000     1009.9455   800307    0.20%  x(c20_2_c22_2) U  62131  61267     44
  62317 12010        cutoff           1012.0000     1009.9833   801665    0.20%  x(c15_2_c49_2) U  62317  42440     48
  62503 11972        cutoff           1012.0000     1010.0000   803405    0.20%  x(c13_3_c25_3) U  62503  62501     50
  62704 11938        cutoff           1012.0000     1010.0000   805450    0.20%  x(c17_3_c18_3) U  62704  50436     45
  62947 11904        cutoff           1012.0000     1010.0000   807595    0.20%  x(c28_3_c22_3) D  62947  62946     63
Elapsed time = 424.58 sec. (896379.84 ticks, tree = 368.12 MB, solutions = 3)
  63210 11900     1011.0000    70     1012.0000     1010.0000   809957    0.20%  x(c17_3_c18_3) D  63210  63209     44
  63407 11835    infeasible           1012.0000     1010.0000   811402    0.20%  x(c22_3_c28_3) U  63407  63405     58
  63587 11756     1010.0000   139     1012.0000     1010.0000   812725    0.20%  x(c30_1_c16_1) N  63587  36763     23
  63755 11671     1011.0000   123     1012.0000     1010.0000   813827    0.20%   x(c22_1_c3_1) N  63755  55711     46
  63919 11591     1010.4688   169     1012.0000     1010.0000   814942    0.20%  x(c24_2_c14_2) N  63919  57631     42
  64084 11517     1010.1429   166     1012.0000     1010.0000   816089    0.20%   x(c5_2_c15_2) N  64084  18758     19
  64249 11448     1010.0000   139     1012.0000     1010.0000   817305    0.20%  x(c38_1_c16_1) N  64249  13512     20
  64437 11373        cutoff           1012.0000     1010.0000   818503    0.20%   x(c9_1_c30_1) D  64437  14195     14
  64619 11306        cutoff           1012.0000     1010.0000   819774    0.20%   x(c31_2_c3_2) U  64619   1669     26
  64806 11238        cutoff           1012.0000     1010.0000   821059    0.20%  x(c38_1_c16_1) U  64806  64804     17
Elapsed time = 440.05 sec. (934669.67 ticks, tree = 351.91 MB, solutions = 3)
  64996 11148        cutoff           1012.0000     1010.0000   822233    0.20%  x(c24_1_c43_1) D  64996  64994     33
  65205 11073        cutoff           1012.0000     1010.0000   823561    0.20%  x(c28_2_c22_2) U  65205  10316     17
  65407 11008        cutoff           1012.0000     1010.0263   824854    0.20%  x(c28_2_c36_2) U  65407  51518     34
  65613 10958     1010.0833   156     1012.0000     1010.0556   826244    0.19%  x(c33_2_c37_2) N  65613   7888     31
  65803 10869        cutoff           1012.0000     1010.0762   827433    0.19%  x(c38_1_c29_1) U  65803  62327     24
  65997 10823     1010.5000   106     1012.0000     1010.1000   828855    0.19%  x(c11_1_c38_1) N  65997  46480     31
  66187 10747        cutoff           1012.0000     1010.1111   830087    0.19%     x(Op_c22_1) U  66187  50374     39
  66391 10665     1010.7083    82     1012.0000     1010.1250   831467    0.19%  x(c22_3_c36_3) D  66391  66389     29
  66596 10593        cutoff           1012.0000     1010.1641   832630    0.18%   x(c27_2_c6_2) U  66596  36078     19
  66854 10571        cutoff           1012.0000     1010.1667   834296    0.18%  x(c14_1_c43_1) D  66854  12497     35
Elapsed time = 456.15 sec. (972939.95 ticks, tree = 335.30 MB, solutions = 3)
  67035 10466     1010.2500   179     1012.0000     1010.1667   835431    0.18%  x(c38_1_c12_1) N  67035  25979     37
  67217 10383     1010.5000   162     1012.0000     1010.1667   836539    0.18%   x(c15_2_c5_2) N  67217  50165     21
  67417 10297     1010.1923   191     1012.0000     1010.1909   837714    0.18%   x(c20_2_c3_2) D  67417  11123     29
  67614 10217        cutoff           1012.0000     1010.2083   838996    0.18%  x(c22_2_c50_2) U  67614  56169     57
  67824 10145        cutoff           1012.0000     1010.2333   840297    0.17%  x(c51_1_c27_1) U  67824  67823     28
  68049 10101        cutoff           1012.0000     1010.2500   842211    0.17%  x(c27_1_c51_1) U  68049  59356     27
  68240  9993        cutoff           1012.0000     1010.2500   843176    0.17%  x(c22_2_c20_2) U  68240  18529     16
  68435  9885        cutoff           1012.0000     1010.2500   844212    0.17%  x(c28_2_c26_2) U  68435   4197     12
  68633  9774        cutoff           1012.0000     1010.2500   845230    0.17%  x(c13_2_c19_2) U  68633  47679     19
  68831  9661        cutoff           1012.0000     1010.2778   846380    0.17%  x(c20_1_c29_1) U  68831  68830     19
Elapsed time = 471.56 sec. (1011198.55 ticks, tree = 309.29 MB, solutions = 3)
  69035  9563        cutoff           1012.0000     1010.3000   847483    0.17%  x(c37_2_c33_2) U  69035  56037     21
  69217  9475        cutoff           1012.0000     1010.3333   848651    0.16%   x(c22_3_c8_3) U  69217  40847     63
  69506  9482     1011.0000    62     1012.0000     1010.3333   850697    0.16%   x(c48_3_c8_3) N  69506  69505     29
  69690  9376        cutoff           1012.0000     1010.3333   851791    0.16%  x(c37_2_c33_2) D  69690  65613     32
  69899  9280        cutoff           1012.0000     1010.3500   852802    0.16%  x(c14_1_c24_1) U  69899   1640     27
  70091  9186        cutoff           1012.0000     1010.3750   853968    0.16%  x(c27_1_c51_1) D  70091  19303     26
  70285  9071     1010.5588   142     1012.0000     1010.3947   854910    0.16%  x(c11_1_c29_1) D  70285  24574     52
  70483  8983     1010.5000    96     1012.0000     1010.4167   856105    0.16%  x(c22_3_c48_3) D  70483  67451     35
  70694  8869        cutoff           1012.0000     1010.4375   857256    0.15%  x(c38_1_c16_1) U  70694  38981     20
  70909  8774        cutoff           1012.0000     1010.5000   858380    0.15%   x(c22_2_c3_2) U  70909  49775     37
Elapsed time = 487.19 sec. (1049458.40 ticks, tree = 283.37 MB, solutions = 3)
  71112  8661     1010.5000    50     1012.0000     1010.5000   859560    0.15%  x(c25_3_c18_3) N  71112  37029     53
  71349  8569        cutoff           1012.0000     1010.5000   861018    0.15%  x(c20_3_c22_3) U  71349  26847     41
  71612  8513     1010.6667    86     1012.0000     1010.5000   862575    0.15%  x(c22_3_c32_3) D  71612  61769     53
  71844  8424     1010.7500    76     1012.0000     1010.5000   864077    0.15%  x(c14_3_c18_3) N  71844  71843     55
  72049  8311     1011.0000    93     1012.0000     1010.5000   865280    0.15%  x(c18_1_c25_1) N  72049  48575     42
  72234  8199        cutoff           1012.0000     1010.5000   866323    0.15%  x(c27_1_c51_1) D  72234   8280     14
  72419  8070        cutoff           1012.0000     1010.5000   867325    0.15%  x(c28_2_c31_2) D  72419  26904     28
  72590  7944     1010.5000   107     1012.0000     1010.5000   868175    0.15%   x(c9_1_c16_1) N  72590  46376     39
  72770  7811        cutoff           1012.0000     1010.5000   869050    0.15%   x(c29_1_c9_1) D  72770  39733     35
  72941  7688        cutoff           1012.0000     1010.5000   869870    0.15%  x(c37_2_c33_2) U  72941  10006     20
Elapsed time = 501.85 sec. (1087743.87 ticks, tree = 249.56 MB, solutions = 3)
  73116  7552        cutoff           1012.0000     1010.5000   870657    0.15%  x(c13_2_c19_2) D  73116  31005     16
  73291  7428        cutoff           1012.0000     1010.5000   871562    0.15%  x(c10_1_c33_1) U  73291  24397     39
  73468  7286        cutoff           1012.0000     1010.5000   872429    0.15%     x(Op_c22_1) U  73468  52442     36
  73648  7159        cutoff           1012.0000     1010.5000   873205    0.15%   x(c9_1_c16_1) U  73648  61025     28
  73830  7036     1010.5000    91     1012.0000     1010.5000   874002    0.15%   x(c5_2_c15_2) N  73830  11029     22
  74016  6907        cutoff           1012.0000     1010.5000   874792    0.15%  x(c38_1_c16_1) U  74016  59818     18
  74202  6783     1010.5000   101     1012.0000     1010.5000   875720    0.15%  x(c20_1_c29_1) N  74202  43579     21
  74373  6662        cutoff           1012.0000     1010.5000   876695    0.15%   x(c3_2_c28_2) U  74373  39981     11
  74549  6544        cutoff           1012.0000     1010.5000   877510    0.15%  x(c18_2_c19_2) U  74549  10278     26
  74736  6411        cutoff           1012.0000     1010.5000   878556    0.15%  x(c36_2_c20_2) D  74736  50967     30
Elapsed time = 517.38 sec. (1126087.80 ticks, tree = 210.56 MB, solutions = 3)
  74915  6275        cutoff           1012.0000     1010.5000   879380    0.15%  x(c19_2_c18_2) U  74915   6853     18
  75086  6166     1010.5602   183     1012.0000     1010.5417   880150    0.14%   x(c20_2_c3_2) N  75086   4052     19
  75266  6071        cutoff           1012.0000     1010.5682   881020    0.14%  x(c38_1_c30_1) U  75266  65457     53
  75442  5949        cutoff           1012.0000     1010.5833   882004    0.14%  x(c22_2_c28_2) U  75442  48855     12
  75633  5822        cutoff           1012.0000     1010.6034   882881    0.14%  x(c50_2_c20_2) U  75633  75631     41
  75820  5712        cutoff           1012.0000     1010.6250   883766    0.14%     x(Op_c31_2) U  75820  53255     18
  75999  5591        cutoff           1012.0000     1010.6429   884535    0.13%   x(c22_1_c3_1) U  75999  16768     26
  76182  5474        cutoff           1012.0000     1010.6667   885373    0.13%  x(c22_3_c48_3) U  76182  76180     35
  76431  5341        cutoff           1012.0000     1010.6667   886636    0.13%     x(c32_2_Om) U  76431  21206     44
  76623  5206        cutoff           1012.0000     1010.6667   887354    0.13%  x(c37_1_c42_1) D  76623  47443     52
Elapsed time = 532.67 sec. (1164384.14 ticks, tree = 172.70 MB, solutions = 3)
  76794  5069        cutoff           1012.0000     1010.6863   888152    0.13%   x(c6_2_c27_2) U  76794  55453     24
  76966  4956        cutoff           1012.0000     1010.7000   888810    0.13%  x(c28_2_c31_2) D  76966   8239     12
  77163  4808        cutoff           1012.0000     1010.7250   889487    0.13%   x(c38_2_c5_2) U  77163  53237     66
  77366  4691        cutoff           1012.0000     1010.7500   890458    0.12%  x(c27_1_c51_1) D  77366  32477     23
  77551  4537        cutoff           1012.0000     1010.7500   891160    0.12%  x(c44_1_c42_1) U  77551  47263     45
  77736  4405     1010.7500   145     1012.0000     1010.7500   891783    0.12%   x(c15_2_c5_2) N  77736  15671     24
  77918  4264        cutoff           1012.0000     1010.7500   892385    0.12%   x(c22_1_c3_1) D  77918  14168     24
  78098  4116        cutoff           1012.0000     1010.7857   892973    0.12%  x(c38_1_c16_1) U  78098  75038     28
  78279  3975        cutoff           1012.0000     1010.8125   893634    0.12%  x(c26_2_c28_2) U  78279  50953     35
  78459  3834        cutoff           1012.0000     1010.8333   894358    0.12%  x(c27_1_c51_1) D  78459  74338     42
Elapsed time = 548.18 sec. (1202693.34 ticks, tree = 128.92 MB, solutions = 3)
  78649  3679     1011.0000   119     1012.0000     1010.8333   895009    0.12%   x(c27_2_c6_2) N  78649  24446     20
  78841  3513        cutoff           1012.0000     1010.8333   895572    0.12%  x(c14_2_c19_2) U  78841  75873     20
  79023  3363     1010.8333   138     1012.0000     1010.8333   896124    0.12%  x(c28_2_c36_2) D  79023  76724     32
  79202  3225        cutoff           1012.0000     1010.8750   896713    0.11%  x(c17_3_c15_3) U  79202  70922     59
  79395  3079        cutoff           1012.0000     1010.8889   897344    0.11%  x(c37_1_c44_1) U  79395  78259     43
  79574  2920        cutoff           1012.0000     1010.9083   897846    0.11%  x(c28_2_c36_2) U  79574  28971     32
  79767  2763        cutoff           1012.0000     1010.9286   898457    0.11%  x(c18_2_c27_2) D  79767  75709     42
  79955  2590        cutoff           1012.0000     1010.9672   898901    0.10%  x(c22_2_c20_2) U  79955   4367     17
  80136  2431        cutoff           1012.0000     1011.0000   899712    0.10%   x(c4_3_c42_3) D  80136  51680     36
  80329  2263        cutoff           1012.0000     1011.0000   900603    0.10%   x(c4_3_c42_3) U  80329  66757     49
Elapsed time = 563.29 sec. (1240961.93 ticks, tree = 76.76 MB, solutions = 3)
  80544  2097        cutoff           1012.0000     1011.0000   901627    0.10%  x(c17_3_c42_3) U  80544  80542     50
  80763  1947     1011.0000    66     1012.0000     1011.0000   902777    0.10%   x(c28_3_c8_3) D  80763  80762     36
  81006  1783        cutoff           1012.0000     1011.0000   903899    0.10%    x(c8_3_c7_3) D  81006  49237     69
  81222  1608        cutoff           1012.0000     1011.0000   904807    0.10%     x(c11_1_Om) D  81222  72069     46
  81411  1432        cutoff           1012.0000     1011.0000   905335    0.10%     x(Op_c31_2) U  81411  55497     14
  81593  1260        cutoff           1012.0000     1011.0000   905816    0.10%  x(c32_2_c27_2) U  81593   1880     18
  81760  1106        cutoff           1012.0000     1011.0000   906254    0.10%   x(c3_1_c31_1) D  81760  22500     49
  81936   947        cutoff           1012.0000     1011.0000   906723    0.10%  x(c38_1_c12_1) U  81936  31033     27
  82104   789        cutoff           1012.0000     1011.0000   907170    0.10%  x(c37_2_c18_2) U  82104  17123     26
  82286   626        cutoff           1012.0000     1011.0000   907639    0.10%  x(c28_2_c22_2) D  82286  68903     29
Elapsed time = 577.75 sec. (1279225.65 ticks, tree = 21.93 MB, solutions = 3)
  82471   456        cutoff           1012.0000     1011.0000   908159    0.10%  x(c18_2_c37_2) D  82471  65295     13
  82663   287        cutoff           1012.0000     1011.0000   908653    0.10%  x(c15_2_c19_2) D  82663  68365     21
  82849   117        cutoff           1012.0000     1011.0000   909130    0.10%  x(c42_1_c41_1) U  82849  11823     40

Zero-half cuts applied:  53
User cuts applied:  4558

Root node processing (before b&c):
  Real time             =    0.24 sec. (491.26 ticks)
Sequential b&c:
  Real time             =  583.02 sec. (1293963.36 ticks)
                          ------------
Total (root+branch&cut) =  583.26 sec. (1294454.62 ticks)

