Version identifier: 22.1.0.0 | 2022-03-09 | 1a383f8ce
CPXPARAM_Preprocessing_Reduce                    1
CPXPARAM_Threads                                 1
CPXPARAM_Preprocessing_Reformulations            0
CPXPARAM_Emphasis_MIP                            2
CPXPARAM_TimeLimit                               7200
CPXPARAM_MIP_Tolerances_AbsMIPGap                0.5
CPXPARAM_MIP_Limits_TreeMemory                   26600
Legacy callback                                  BbLUID
         Disabling repeat represolve because of lazy constraint/incumbent callback.
1 of 1 MIP starts provided solutions.
MIP start 'm1' defined initial solution with objective 1484.0000.
Tried aggregator 1 time.
MIP Presolve modified 3341 coefficients.
Reduced MIP has 268 rows, 3470 columns, and 6940 nonzeros.
Reduced MIP has 3470 binaries, 0 generals, 0 SOSs, and 0 indicators.
Presolve time = 0.00 sec. (4.12 ticks)
Probing time = 0.00 sec. (2.77 ticks)
Clique table members: 268.
MIP emphasis: optimality.
MIP search method: traditional branch-and-cut.
Parallel mode: none, using 1 thread.
Root relaxation solution time = 0.00 sec. (2.08 ticks)

        Nodes                                         Cuts/
   Node  Left     Objective  IInf  Best Integer    Best Bound    ItCnt     Gap         Variable B NodeID Parent  Depth

*     0+    0                         1484.0000        0.0000           100.00%
      0     0     1378.5000   111     1484.0000     1170.0000      252   21.16%
      0     0     1426.0000   112     1484.0000      Cuts: 66      320    3.91%
      0     0     1434.0000   105     1484.0000      Cuts: 31      346    3.37%
      0     0     1439.5000   154     1484.0000      Cuts: 12      365    3.00%
      0     0     1443.7500   181     1484.0000      Cuts: 22      398    2.71%
      0     0     1444.5833   188     1484.0000      Cuts: 16      419    2.66%
      0     0     1445.7500   204     1484.0000      Cuts: 30      442    2.58%
      0     0     1446.5000   163     1484.0000      Cuts: 20      455    2.53%
      0     0     1448.0833   187     1484.0000      Cuts: 18      486    2.42%
      0     0     1448.7500   234     1484.0000      Cuts: 20      512    2.38%
      0     0     1449.6667   212     1484.0000      Cuts: 12      529    2.31%
      0     0     1450.6667    57     1484.0000      Cuts: 11      544    2.25%
      0     0     1450.6667    67     1484.0000      Cuts: 16      545    2.25%
      0     0     1450.6667   182     1484.0000      Cuts: 16      593    2.25%
      0     0     1450.6667   195     1484.0000      User: 11      597    2.25%
      0     2     1450.6667   177     1484.0000     1450.6667      597    2.25%                        0             0
Elapsed time = 0.29 sec. (437.65 ticks, tree = 0.01 MB, solutions = 1)
     57    59     1457.4314   285     1484.0000     1451.0000      880    2.22%  x(c18_2_c41_2) N     57     55     53
    110   112     1458.6667   206     1484.0000     1451.0000     1181    2.22%     x(c23_1_Om) D    110    109     99
    176   176     1466.8000   209     1484.0000     1451.0000     1462    2.22%  x(c12_1_c25_1) D    176    175    164
    258   223     1498.0000   228     1484.0000     1451.0000     1653    2.22%   x(c47_1_c2_1) D    258    257    244
    331   296     1457.5000   270     1484.0000     1451.0000     1841    2.22%  x(c29_1_c22_1) D    331    330     78
    382   343     1465.6346   242     1484.0000     1451.0000     2288    2.22%   x(c2_5_c30_5) N    382    380    124
    430   390     1474.7727   257     1484.0000     1451.0000     2676    2.22%  x(c47_3_c18_3) N    430    428    169
    493   444     1452.6667   271     1484.0000     1452.6667     3519    2.11%  x(c47_1_c18_1) D    493    462     12
    578   529     1467.2000   248     1484.0000     1453.0000     4763    2.09%  x(c42_2_c18_2) N    578    577     44
    907   844     1463.4000   231     1484.0000     1454.0000     9198    2.02%  x(c49_2_c22_2) D    907    906     68
Elapsed time = 3.14 sec. (3592.30 ticks, tree = 5.95 MB, solutions = 1)
   1245  1130     1454.0000   278     1484.0000     1454.0000    11543    2.02%  x(c17_2_c47_2) N   1245    682     20
   1550  1413     1478.1667   201     1484.0000     1454.3333    14737    2.00%  x(c47_2_c46_2) D   1550   1548     64
   1809  1645     1457.0000   238     1484.0000     1454.6667    17472    1.98%    x(c8_1_c3_1) N   1809     23     21
   2070  1893     1459.0000   228     1484.0000     1454.8333    20743    1.97%  x(c47_2_c41_2) U   2070   2068     26
   2379  2179     1458.0000   208     1484.0000     1455.0000    24065    1.95%  x(c41_2_c17_2) N   2379   1247     22
   2614  2399     1455.1852   228     1484.0000     1455.1852    27561    1.94%  x(c18_2_c12_2) D   2614   2040     14
   2830  2601     1463.0312   259     1484.0000     1455.4259    30859    1.93%  x(c14_2_c18_2) U   2830   2011     17
   3084  2842     1468.5556   192     1484.0000     1455.5000    34041    1.92%  x(c17_2_c51_2) D   3084   3083     53
   3337  3067     1460.0000   169     1484.0000     1455.5000    36845    1.92%  x(c12_5_c30_5) D   3337   3336     25
   3495  3212     1460.5000   274     1484.0000     1455.6667    39319    1.91%   x(c32_1_c6_1) N   3495    284     32
Elapsed time = 10.71 sec. (13158.75 ticks, tree = 33.63 MB, solutions = 1)
   3685  3373     1456.1250   212     1484.0000     1455.7500    42036    1.90%   x(c2_1_c21_1) D   3685   3029     13
   3862  3550     1460.3333   229     1484.0000     1456.0000    44965    1.89%  x(c51_2_c41_2) D   3862   3861     42
   4079  3740     1479.2778   189     1484.0000     1456.0000    47274    1.89%  x(c22_5_c35_5) D   4079   4078    101
   4278  3913     1459.5625   260     1484.0000     1456.0000    49765    1.89%  x(c42_2_c33_2) D   4278   4276     20
   4457  4074     1456.0741   258     1484.0000     1456.0500    52414    1.88%     x(c26_1_Om) D   4457   2536     14
   4627  4238     1456.7629   282     1484.0000     1456.2000    55215    1.87%   x(c4_1_c12_1) D   4627   3582     24
   4794  4378     1458.1000   196     1484.0000     1456.3182    57871    1.87%  x(c19_1_c37_1) D   4794   4793     18
   4944  4520     1458.0000   210     1484.0000     1456.4167    60742    1.86%  x(c12_1_c37_1) D   4944   1999     15
   5129  4705     1466.5000   183     1484.0000     1456.5000    63219    1.85%  x(c18_5_c14_5) U   5129   5127     96
   5299  4854     1459.3333   206     1484.0000     1456.5000    65263    1.85%  x(c45_5_c42_5) N   5299   5297     15
Elapsed time = 17.16 sec. (22725.71 ticks, tree = 61.14 MB, solutions = 1)
   5508  5029     1461.6667   200     1484.0000     1456.5000    67446    1.85%  x(c14_2_c41_2) U   5508   2856     19
   5652  5166     1466.3833   267     1484.0000     1456.6333    70218    1.84%  x(c14_2_c41_2) N   5652   5650     27
   5810  5316     1469.0833   208     1484.0000     1456.6667    72966    1.84%  x(c38_2_c37_2) D   5810   5809     34
   5993  5474     1469.7500   221     1484.0000     1456.7500    75452    1.84%  x(c46_2_c38_2) N   5993   5991     24
   6152  5625     1460.1000   243     1484.0000     1456.8333    78012    1.83%  x(c37_1_c41_1) U   6152   3179     11
   6318  5783     1461.5000   198     1484.0000     1457.0000    80717    1.82%     x(Op_c51_5) U   6318   3826     13
   6459  5907     1460.6084   271     1484.0000     1457.0000    83098    1.82%  x(c35_2_c34_2) U   6459   6457     29
   6615  6043     1462.8400   269     1484.0000     1457.0000    85784    1.82%  x(c25_2_c41_2) U   6615   6124     23
   6741  6155     1468.3333   201     1484.0000     1457.0000    88260    1.82%  x(c47_2_c41_2) D   6741   6739     17
   6907  6309     1458.8333   218     1484.0000     1457.0000    90408    1.82%  x(c17_2_c41_2) D   6907   6906     64
Elapsed time = 23.58 sec. (32315.34 ticks, tree = 89.47 MB, solutions = 1)
   7066  6452     1461.8333   232     1484.0000     1457.0000    92764    1.82%  x(c14_2_c18_2) U   7066   2171     18
   7191  6568     1460.0370   221     1484.0000     1457.1111    95436    1.81%     x(Op_c46_5) U   7191   5908     22
   7332  6702     1458.7333   227     1484.0000     1457.1667    97830    1.81%  x(c33_2_c42_2) U   7332   7197     15
   7460  6824     1459.2500   165     1484.0000     1457.2500   100161    1.80%  x(c18_5_c12_5) U   7460   7458     19
   7607  6957     1458.6500   260     1484.0000     1457.2500   102483    1.80%  x(c18_2_c41_2) U   7607   7605     21
   7742  7083     1459.7500   185     1484.0000     1457.2857   104655    1.80%  x(c35_2_c38_2) U   7742   6523     43
   7884  7217     1474.7500   217     1484.0000     1457.3333   107188    1.80%  x(c45_5_c42_5) D   7884   7883     34
   8043  7358     1460.7586   263     1484.0000     1457.3571   109307    1.80%  x(c33_2_c42_2) U   8043   7152     31
   8175  7490     1458.3125   240     1484.0000     1457.4444   111746    1.79%  x(c41_2_c17_2) D   8175   1811     30
   8320  7624     1458.0000   212     1484.0000     1457.5000   114114    1.79%  x(c15_5_c42_5) D   8320   8319     13
Elapsed time = 29.71 sec. (41898.51 ticks, tree = 118.08 MB, solutions = 1)
   8470  7760     1474.9167   183     1484.0000     1457.5000   116399    1.79%   x(c8_1_c23_1) U   8470   8468     32
   8614  7888     1476.6471   229     1484.0000     1457.5000   118552    1.79%  x(c42_2_c25_2) U   8614   8612     22
   8764  8026     1457.7778   232     1484.0000     1457.5000   120593    1.79%  x(c35_2_c30_2) D   8764   8763     29
   8947  8181     1465.2619   261     1484.0000     1457.5000   122514    1.79%  x(c42_2_c33_2) U   8947   8945     27
   9074  8303     1461.3030   267     1484.0000     1457.5714   124583    1.78%   x(c4_5_c37_5) U   9074   1864     30
   9194  8423     1463.6190   217     1484.0000     1457.6429   127072    1.78%   x(c4_1_c37_1) U   9194   9192     17
   9321  8538     1457.8333   209     1484.0000     1457.6667   129233    1.77%  x(c42_5_c45_5) D   9321   9320     33
   9467  8663     1465.3125   241     1484.0000     1457.6667   131294    1.77%  x(c47_2_c38_2) U   9467   7169     28
   9590  8782     1458.3958   243     1484.0000     1457.7000   133609    1.77%  x(c12_1_c37_1) D   9590   9589     18
   9718  8906     1477.6250   239     1484.0000     1457.7500   136045    1.77%  x(c41_2_c17_2) U   9718   9716     35
Elapsed time = 35.90 sec. (51498.16 ticks, tree = 148.19 MB, solutions = 1)
   9852  9022     1465.0000   227     1484.0000     1457.7500   138145    1.77%  x(c37_1_c19_1) U   9852   9850     14
   9980  9147     1470.3889   284     1484.0000     1457.8167   140316    1.76%  x(c33_2_c42_2) N   9980   9978     20
  10098  9257     1471.0000   177     1484.0000     1457.8333   142426    1.76%     x(Op_c46_5) U  10098  10095     32
  10226  9379     1460.2885   252     1484.0000     1457.8750   144831    1.76%  x(c47_2_c17_2) U  10226  10224     28
  10350  9497     1458.1111   241     1484.0000     1457.9000   147211    1.76%   x(c37_1_c4_1) D  10350  10349     21
  10454  9601     1460.7222   246     1484.0000     1457.9667   149404    1.75%  x(c17_2_c41_2) U  10454   7908     17
  10579  9701     1458.6667   177     1484.0000     1458.0000   151491    1.75%  x(c42_2_c33_2) D  10579   6521     13
  10712  9826     1463.5000   148     1484.0000     1458.0000   153505    1.75%  x(c34_2_c35_2) U  10712  10710     16
  10848  9948     1458.2500   192     1484.0000     1458.0000   155185    1.75%  x(c42_5_c37_5) D  10848  10847     30
  10974 10070     1469.0343   242     1484.0000     1458.0000   157439    1.75%   x(c2_1_c21_1) D  10974  10973     42
Elapsed time = 41.85 sec. (61061.88 ticks, tree = 176.74 MB, solutions = 1)
  11093 10173     1475.6000   251     1484.0000     1458.0000   159424    1.75%  x(c17_2_c18_2) N  11093  11091     23
  11207 10276     1459.8333   209     1484.0000     1458.0000   161571    1.75%  x(c37_1_c19_1) U  11207   1577     20
  11344 10401     1466.1500   239     1484.0000     1458.0000   163518    1.75%  x(c42_2_c37_2) U  11344   8145     20
  11477 10511     1480.4000   182     1484.0000     1458.0000   165385    1.75%     x(Op_c46_5) D  11477  11475     29
  11589 10604     1461.1667   244     1484.0000     1458.0000   167221    1.75%     x(c46_5_Om) U  11589   9475     15
  11707 10714     1463.0833   203     1484.0000     1458.0000   169300    1.75%  x(c42_5_c45_5) D  11707  11705     32
  11838 10818     1464.6389   276     1484.0000     1458.0135   171197    1.75%  x(c12_1_c37_1) U  11838   9143     25
  11940 10920     1458.4021   258     1484.0000     1458.0833   173350    1.75%  x(c33_2_c42_2) D  11940   8432     26
  12055 11031     1460.5238   236     1484.0000     1458.1000   175336    1.75%  x(c17_2_c41_2) N  12055   7825     11
  12177 11140     1460.4667   205     1484.0000     1458.1333   177352    1.74%  x(c18_5_c51_5) U  12177  12174     16
Elapsed time = 47.79 sec. (70657.95 ticks, tree = 204.91 MB, solutions = 1)
  12289 11246     1461.1000   206     1484.0000     1458.1667   179364    1.74%  x(c42_2_c33_2) U  12289   7056     18
  12389 11337     1461.5303   260     1484.0000     1458.1875   181492    1.74%  x(c45_5_c42_5) U  12389  12387     38
  12504 11433        cutoff           1484.0000     1458.2000   183030    1.74%  x(c14_5_c51_5) N  12504  12502     93
  12608 11526     1459.4615   274     1484.0000     1458.2500   185336    1.74%  x(c37_2_c42_2) D  12608   9684     28
  12738 11643     1463.7500   219     1484.0000     1458.2500   187042    1.74%     x(c26_1_Om) N  12738   4977     13
  12867 11757        cutoff           1484.0000     1458.2500   188958    1.74%  x(c15_5_c42_5) U  12867  12864     57
  12984 11866     1459.9955   266     1484.0000     1458.2708   191130    1.73%  x(c11_5_c51_5) D  12984  12983     33
  13088 11970     1463.3500   258     1484.0000     1458.3182   193301    1.73%  x(c17_2_c41_2) U  13088   9974     36
  13211 12083     1479.1758   222     1484.0000     1458.3333   195167    1.73%  x(c51_2_c38_2) D  13211  13209     83
  13340 12195     1468.6333   251     1484.0000     1458.3333   196935    1.73%  x(c14_2_c41_2) U  13340  13338     26
Elapsed time = 53.63 sec. (80250.40 ticks, tree = 233.55 MB, solutions = 1)
  13459 12305     1480.0259   236     1484.0000     1458.3333   198653    1.73%     x(c38_2_Om) N  13459  13456     48
  13580 12404     1458.4741   269     1484.0000     1458.3333   200471    1.73%  x(c42_5_c37_5) D  13580  13579     27
  13698 12518     1459.7500   201     1484.0000     1458.3750   202489    1.73%  x(c33_2_c42_2) U  13698   8425     14
  13800 12620     1458.7069   252     1484.0000     1458.4149   204629    1.72%  x(c47_2_c17_2) D  13800  13799     32
  13930 12739     1458.6957   279     1484.0000     1458.4273   206572    1.72%  x(c18_2_c47_2) D  13930  13929     28
  14026 12835     1467.3333   227     1484.0000     1458.4583   208623    1.72%  x(c14_2_c41_2) U  14026  10335     27
  14131 12940     1468.4320   244     1484.0000     1458.5000   210697    1.72%   x(c37_1_c4_1) D  14131  14129     27
  14248 13040     1460.4762   224     1484.0000     1458.5000   212754    1.72%  x(c45_5_c42_5) U  14248  13013     49
  14369 13150     1467.9000   238     1484.0000     1458.5000   214730    1.72%  x(c51_2_c12_2) U  14369   3705     29
  14824 13551     1470.6667   198     1484.0000     1458.5000   221791    1.72%  x(c12_2_c46_2) N  14824  14822     43
Elapsed time = 61.10 sec. (92723.08 ticks, tree = 271.76 MB, solutions = 1)
  15255 13926     1475.1667   223     1484.0000     1458.5000   229101    1.72%  x(c18_5_c51_5) D  15255  15253     28
  15638 14277     1458.7647   242     1484.0000     1458.6429   236831    1.71%  x(c42_5_c37_5) D  15638  15637     29
  16062 14658     1459.0000   235     1484.0000     1458.6667   244124    1.71%  x(c18_1_c41_1) U  16062   2059      7
  16443 15017     1458.7500   209     1484.0000     1458.7500   251925    1.70%  x(c18_2_c41_2) D  16443   9830     14
  16851 15380     1465.9583   203     1484.0000     1458.7973   259261    1.70%  x(c18_2_c12_2) U  16851  14415     19
  17280 15774     1459.1000   235     1484.0000     1458.8333   266446    1.70%  x(c47_1_c41_1) U  17280   3180     12
  17653 16121     1464.5000   198     1484.0000     1458.9167   273959    1.69%  x(c33_2_c42_2) U  17653  13238     23
  18045 16475     1469.1250   199     1484.0000     1459.0000   281243    1.68%  x(c42_2_c47_2) U  18045  18042     34
  18470 16838     1478.2174   194     1484.0000     1459.0000   288043    1.68%  x(c22_5_c31_5) D  18470  18469     34
  18861 17171     1487.8333   160     1484.0000     1459.0000   294015    1.68%  x(c12_5_c18_5) U  18861  18859     47
Elapsed time = 84.12 sec. (130928.62 ticks, tree = 384.69 MB, solutions = 1)
  19267 17525     1475.7105   247     1484.0000     1459.0000   300440    1.68%  x(c47_2_c37_2) N  19267  19266     23
  19610 17838     1459.5833   186     1484.0000     1459.0833   307134    1.68%  x(c37_1_c41_1) D  19610  19609     33
  20043 18235     1463.4722   235     1484.0000     1459.1250   313652    1.68%  x(c17_2_c41_2) U  20043  17281     35
  20429 18579     1461.8750   206     1484.0000     1459.1667   320324    1.67%  x(c18_2_c41_2) U  20429  12079     19
  20791 18924     1478.5000   178     1484.0000     1459.2500   327324    1.67%  x(c41_2_c17_2) U  20791  20789     28
  21200 19280     1473.0000   205     1484.0000     1459.2500   333194    1.67%  x(c47_2_c14_2) D  21200  21199     28
  21589 19634     1459.4000   217     1484.0000     1459.2813   339851    1.67%  x(c12_2_c37_2) D  21589  21588     18
  21919 19952     1465.7724   246     1484.0000     1459.3333   346804    1.66%  x(c18_2_c47_2) D  21919  21918     25
  22300 20264     1459.4500   244     1484.0000     1459.3333   352599    1.66%  x(c33_2_c42_2) D  22300  22299     14
  22672 20592     1464.5250   226     1484.0000     1459.3750   358890    1.66%  x(c41_2_c25_2) U  22672  17510     40
Elapsed time = 106.60 sec. (169165.09 ticks, tree = 501.03 MB, solutions = 1)
  23041 20939     1460.7292   238     1484.0000     1459.4375   365280    1.66%  x(c19_1_c37_1) D  23041   8600     17
  23371 21245     1477.5000   163     1484.0000     1459.5000   372071    1.65%  x(c42_5_c37_5) U  23371  23369     22
  23722 21554     1459.6667   197     1484.0000     1459.5000   377976    1.65%  x(c42_5_c45_5) D  23722  12893     17
  24113 21900     1463.4167   283     1484.0000     1459.5000   383791    1.65%  x(c18_5_c51_5) U  24113  14328     27
  24473 22221     1459.6250   245     1484.0000     1459.5000   390038    1.65%  x(c46_1_c37_1) D  24473   3775     20
  24871 22562     1459.5000   184     1484.0000     1459.5000   395799    1.65%  x(c46_1_c37_1) U  24871   3182     14
  25251 22888     1459.9600   257     1484.0000     1459.5263   401229    1.65%  x(c45_1_c12_1) D  25251  25250     21
  25590 23215     1461.3333   204     1484.0000     1459.5766   407601    1.65%  x(c17_2_c47_2) U  25590  22499     25
  25955 23552     1459.7000   248     1484.0000     1459.6000   413346    1.64%  x(c18_2_c47_2) D  25955  20626     68
  26300 23879     1463.5000   191     1484.0000     1459.6562   419579    1.64%     x(Op_c46_5) U  26300    360    107
Elapsed time = 129.16 sec. (207399.81 ticks, tree = 620.55 MB, solutions = 1)
  26650 24193     1463.1154   229     1484.0000     1459.6667   425447    1.64%     x(Op_c46_5) N  26650   8638     18
  26985 24497     1460.0159   250     1484.0000     1459.6875   431275    1.64%  x(c17_2_c47_2) D  26985  26984     26
  27285 24785     1463.0227   223     1484.0000     1459.7500   437641    1.63%  x(c37_1_c46_1) U  27285  23039     33
  27622 25072     1464.8226   268     1484.0000     1459.7500   443527    1.63%  x(c25_2_c41_2) N  27622   2584     11
  27954 25365     1469.5645   276     1484.0000     1459.7551   449706    1.63%  x(c18_1_c37_1) U  27954  10328     23
  28263 25660     1466.5417   248     1484.0000     1459.8111   455777    1.63%  x(c38_2_c46_2) U  28263  28261     30
  28589 25959     1466.2000   194     1484.0000     1459.8333   461287    1.63%  x(c42_5_c45_5) D  28589  28588     24
  28939 26266     1459.9107   217     1484.0000     1459.8409   467024    1.63%  x(c38_2_c46_2) D  28939  28938     35
  29233 26548     1464.5385   228     1484.0000     1459.8750   473127    1.63%  x(c18_2_c47_2) D  29233  29232     22
  29537 26834     1470.2500   236     1484.0000     1459.9091   479250    1.62%  x(c12_2_c17_2) N  29537  29535     32
Elapsed time = 151.88 sec. (245667.98 ticks, tree = 735.23 MB, solutions = 1)
  29875 27149     1468.6301   275     1484.0000     1459.9345   484837    1.62%  x(c14_2_c41_2) U  29875   5202     22
  30181 27439     1459.9944   256     1484.0000     1459.9778   491222    1.62%  x(c47_2_c17_2) D  30181  25849     30
  30505 27722     1474.6316   170     1484.0000     1460.0000   496181    1.62%  x(c37_1_c41_1) D  30505  30504     52
  30824 27991     1470.6667   218     1484.0000     1460.0000   501729    1.62%  x(c34_2_c35_2) D  30824  30822     32
  31155 28281     1473.1667   215     1484.0000     1460.0000   507071    1.62%  x(c47_1_c18_1) U  31155  31154     83
  31483 28572     1471.2500   206     1484.0000     1460.0000   512227    1.62%  x(c47_2_c17_2) D  31483  31482     34
  31785 28824     1460.4444   247     1484.0000     1460.0000   517593    1.62%  x(c35_2_c34_2) D  31785  31783     32
  32094 29078     1462.0000   192     1484.0000     1460.0000   522903    1.62%  x(c42_5_c37_5) U  32094  15915     18
  32398 29354     1466.0000   257     1484.0000     1460.0000   528391    1.62%   x(c12_1_c4_1) U  32398   3470     24
  32688 29618     1460.3200   254     1484.0000     1460.0306   534219    1.62%  x(c46_2_c38_2) D  32688  32687     21
Elapsed time = 174.20 sec. (283864.82 ticks, tree = 849.62 MB, solutions = 1)
  32940 29866     1460.5000   210     1484.0000     1460.0714   540606    1.61%  x(c47_1_c18_1) D  32940  32939     16
  33259 30159     1466.1000   197     1484.0000     1460.1000   546068    1.61%  x(c17_2_c41_2) U  33259  33257     30
  33570 30446     1464.7500   222     1484.0000     1460.1250   551784    1.61%  x(c51_2_c12_2) U  33570  33568     29
  33885 30716     1469.2500   235     1484.0000     1460.1324   557562    1.61%  x(c47_2_c41_2) U  33885  33883     29
* 34065 16242      integral     0     1466.0000     1460.1667   561184    0.40%
  34186 16305     1464.0238   216     1466.0000     1460.1667   563114    0.40%  x(c41_2_c25_2) U  34186  34184     37
  34486 16390     1460.2083   201     1466.0000     1460.2083   568298    0.40%  x(c37_1_c19_1) D  34486  10013     26
  34795 16519     1460.5000   219     1466.0000     1460.2500   573512    0.39%   x(c4_5_c12_5) D  34795  25209     35
  35143 16683     1462.2500   243     1466.0000     1460.2500   578683    0.39%  x(c47_1_c37_1) U  35143  20864     44
  35443 16809     1460.6571   258     1466.0000     1460.2917   583630    0.39%  x(c47_1_c37_1) D  35443  10011     47
  35782 16975     1462.5000   166     1466.0000     1460.3333   588713    0.39%  x(c25_2_c41_2) D  35782  14104     20
Elapsed time = 197.77 sec. (322075.10 ticks, tree = 520.57 MB, solutions = 2)
  36101 17142     1460.7237   252     1466.0000     1460.3333   593875    0.39%  x(c18_5_c51_5) D  36101  36100     23
  36456 17303     1461.7500   198     1466.0000     1460.3750   598694    0.38%  x(c46_2_c12_2) U  36456  32185     28
  36802 17458     1460.8148   277     1466.0000     1460.4000   603873    0.38%   x(c4_5_c12_5) D  36802  36801     39
  37169 17628        cutoff           1466.0000     1460.4286   608786    0.38%  x(c12_2_c41_2) U  37169  37167     20
  37521 17774     1463.6071   258     1466.0000     1460.4848   613758    0.38%  x(c18_5_c51_5) U  37521  37519     21
  37822 17924     1460.9638   244     1466.0000     1460.5000   619005    0.38%  x(c18_2_c41_2) D  37822   9731     22
  38150 18101     1460.7551   223     1466.0000     1460.5000   624299    0.38%  x(c18_2_c41_2) U  38150  38148     17
  38488 18237     1460.9000   228     1466.0000     1460.5000   629184    0.38%  x(c18_2_c42_2) D  38488   8218     28
  38845 18409     1461.6667   230     1466.0000     1460.5000   634354    0.38%  x(c12_1_c37_1) D  38845  29050     22
  39185 18559     1462.6706   232     1466.0000     1460.5071   639388    0.37%  x(c33_2_c42_2) U  39185  39183     20
Elapsed time = 220.97 sec. (360268.08 ticks, tree = 595.37 MB, solutions = 2)
  39510 18699     1464.0000   186     1466.0000     1460.5606   644522    0.37%     x(Op_c46_5) U  39510  37464     28
  39860 18834     1460.7727   196     1466.0000     1460.5938   649797    0.37%  x(c42_5_c45_5) D  39860  37234     43
  40197 18983     1460.6250   220     1466.0000     1460.6250   654997    0.37%  x(c33_2_c42_2) D  40197  37963     23
  40562 19173     1464.4083   281     1466.0000     1460.6571   659970    0.36%  x(c12_2_c17_2) U  40562  30006     37
  40893 19274     1462.0714   253     1466.0000     1460.6667   664861    0.36%  x(c46_1_c37_1) D  40893  40892     16
  41232 19347     1462.7778   233     1466.0000     1460.6818   669457    0.36%  x(c18_5_c12_5) U  41232  29289     25
  41629 19512     1461.3702   272     1466.0000     1460.7222   674874    0.36%  x(c47_1_c46_1) D  41629  33809     31
  41989 19653        cutoff           1466.0000     1460.7500   680219    0.36%  x(c17_2_c41_2) U  41989  31769     34
  42370 19774     1462.2067   255     1466.0000     1460.7500   685580    0.36%  x(c18_2_c47_2) U  42370  42368     28
  42726 19925        cutoff           1466.0000     1460.8000   690977    0.35%  x(c47_1_c46_1) U  42726  42724     24
Elapsed time = 243.36 sec. (398475.66 ticks, tree = 660.11 MB, solutions = 2)
  43106 20083     1464.4318   225     1466.0000     1460.8333   696284    0.35%  x(c12_2_c51_2) U  43106  31321     18
  43501 20257     1461.0000   240     1466.0000     1460.8462   701471    0.35%  x(c12_2_c51_2) D  43501  29105     51
  43886 20405     1461.0000   224     1466.0000     1460.8750   707282    0.35%  x(c25_2_c41_2) D  43886   6139     27
  44271 20574     1463.2500   177     1466.0000     1460.9167   712676    0.35%  x(c46_1_c47_1) U  44271  44269     27
  44659 20713        cutoff           1466.0000     1460.9500   718041    0.34%  x(c46_1_c47_1) U  44659  41477     25
  45045 20895     1461.6263   235     1466.0000     1461.0000   723525    0.34%  x(c18_5_c51_5) D  45045  43503     22
  45400 21073        cutoff           1466.0000     1461.0000   728848    0.34%  x(c30_1_c21_1) U  45400   6662     17
  45767 21233     1464.8333   208     1466.0000     1461.0000   734265    0.34%   x(c4_1_c47_1) D  45767  20248     32
  46129 21375        cutoff           1466.0000     1461.0000   739481    0.34%  x(c42_2_c33_2) U  46129  46125     12
  46503 21493     1462.0000   231     1466.0000     1461.0000   744623    0.34%  x(c37_1_c19_1) D  46503  17353     22
Elapsed time = 265.36 sec. (436688.50 ticks, tree = 733.39 MB, solutions = 2)
  46861 21618     1462.7000   244     1466.0000     1461.0000   749975    0.34%  x(c46_2_c38_2) U  46861  36360     22
  47216 21698        cutoff           1466.0000     1461.0238   755150    0.34%  x(c18_2_c47_2) U  47216  42628     38
  47611 21850        cutoff           1466.0000     1461.0682   760295    0.34%  x(c41_2_c47_2) U  47611  47609     42
  48001 22007     1461.2500   219     1466.0000     1461.1000   765688    0.33%  x(c17_2_c41_2) D  48001  33283     26
  48369 22142        cutoff           1466.0000     1461.1250   771296    0.33%     x(c46_5_Om) U  48369  44604     26
  48749 22276     1462.9583   236     1466.0000     1461.1571   776496    0.33%  x(c42_5_c37_5) U  48749  36829     28
  49143 22427        cutoff           1466.0000     1461.1667   781665    0.33%  x(c14_2_c41_2) U  49143  23041     18
  49488 22500     1463.5909   239     1466.0000     1461.1944   786117    0.33%  x(c12_2_c47_2) U  49488  44091     49
  49865 22621     1461.5455   274     1466.0000     1461.2250   791338    0.33%     x(Op_c46_5) D  49865  49864    104
  50256 22731     1461.4167   231     1466.0000     1461.2500   796359    0.32%  x(c34_2_c35_2) D  50256  49382     27
Elapsed time = 286.92 sec. (474896.66 ticks, tree = 792.35 MB, solutions = 2)
  50620 22877     1463.9444   225     1466.0000     1461.2500   801531    0.32%  x(c12_2_c47_2) D  50620  50618     29
  50993 23008     1461.2917   226     1466.0000     1461.2639   806479    0.32%  x(c51_2_c38_2) D  50993  10341     26
  51379 23160     1463.7500   231     1466.0000     1461.3000   811534    0.32%  x(c12_1_c37_1) D  51379  46381     26
  51753 23286        cutoff           1466.0000     1461.3333   816742    0.32%  x(c33_2_c42_2) U  51753  30867     27
  52113 23450     1463.5429   243     1466.0000     1461.3333   821448    0.32%  x(c47_2_c17_2) U  52113  52111     24
  52484 23572     1462.3330   250     1466.0000     1461.3500   826380    0.32%  x(c18_2_c41_2) U  52484  36237     18
  52872 23708        cutoff           1466.0000     1461.3750   831203    0.32%   x(c37_1_c4_1) U  52872  52869     16
  53255 23851     1461.6875   254     1466.0000     1461.4022   836441    0.31%  x(c17_2_c41_2) D  53255  11069     75
  53634 23943     1461.4813   247     1466.0000     1461.4333   841111    0.31%  x(c12_2_c46_2) D  53634  51429     35
  54000 24064     1461.5047   270     1466.0000     1461.4706   846059    0.31%   x(c4_1_c47_1) D  54000  51225     37
Elapsed time = 308.30 sec. (513149.23 ticks, tree = 855.26 MB, solutions = 2)
  54379 24226        cutoff           1466.0000     1461.5000   851124    0.31%   x(c19_5_c4_5) U  54379  41618     84
  54753 24326     1461.5000   202     1466.0000     1461.5000   856165    0.31%   x(c37_1_c4_1) D  54753  20157     19
  55113 24454     1463.1250   198     1466.0000     1461.5000   861037    0.31%  x(c33_2_c42_2) U  55113  41979     29
  55487 24592     1464.6667   243     1466.0000     1461.5000   866192    0.31%  x(c37_2_c42_2) U  55487  55485     21
  55861 24709        cutoff           1466.0000     1461.5000   871090    0.31%     x(c46_5_Om) U  55861  55859     22
  56221 24785     1461.9444   247     1466.0000     1461.5000   876157    0.31%  x(c47_1_c18_1) U  56221  56219     57
  56575 24857     1463.8750   204     1466.0000     1461.5208   881142    0.31%  x(c33_2_c42_2) U  56575  47520     29
  56953 24977     1464.4000   212     1466.0000     1461.5625   886115    0.30%  x(c17_2_c47_2) U  56953  39755     30
  57347 25127        cutoff           1466.0000     1461.5833   891160    0.30%  x(c45_1_c19_1) U  57347  25759     12
  57700 25219     1463.2500   252     1466.0000     1461.6111   895862    0.30%  x(c18_5_c51_5) U  57700  57698     31
Elapsed time = 329.46 sec. (551368.64 ticks, tree = 912.25 MB, solutions = 2)
  58063 25333     1461.7500   277     1466.0000     1461.6250   900451    0.30%  x(c18_2_c17_2) D  58063  49640     29
  58437 25429     1462.1333   217     1466.0000     1461.6667   905518    0.30%   x(c37_1_c4_1) D  58437  58436     32
  58804 25533        cutoff           1466.0000     1461.6667   910339    0.30%  x(c12_2_c51_2) U  58804  46906     61
  59170 25624        cutoff           1466.0000     1461.6771   915057    0.29%  x(c33_2_c41_2) U  59170  10319     50
  59548 25735     1463.5000   198     1466.0000     1461.7083   919790    0.29%  x(c12_2_c47_2) U  59548  59546     31
  59909 25871     1462.7922   252     1466.0000     1461.7500   924795    0.29%  x(c42_5_c37_5) D  59909   6329     21
  60274 25987     1462.8333   206     1466.0000     1461.7500   929484    0.29%  x(c18_2_c41_2) D  60274  44747     37
  60655 26054     1462.7143   250     1466.0000     1461.7500   933815    0.29%  x(c14_2_c41_2) D  60655  58231     18
  61018 26144        cutoff           1466.0000     1461.7667   938368    0.29%  x(c46_2_c38_2) U  61018  61013     22
  61368 26252        cutoff           1466.0000     1461.8000   943016    0.29%  x(c22_5_c31_5) U  61368  44259     22
Elapsed time = 350.28 sec. (589583.67 ticks, tree = 963.28 MB, solutions = 2)
  61722 26336        cutoff           1466.0000     1461.8295   947438    0.28%  x(c42_2_c37_2) U  61722  11885     15
  62110 26466     1461.9231   243     1466.0000     1461.8333   951546    0.28%  x(c12_2_c51_2) D  62110  58324     42
  62472 26538        cutoff           1466.0000     1461.8333   955934    0.28%  x(c18_2_c47_2) U  62472  59776     25
  62832 26635        cutoff           1466.0000     1461.8750   960222    0.28%  x(c25_2_c41_2) U  62832   3593     17
  63196 26731     1462.2571   249     1466.0000     1461.8929   964684    0.28%  x(c41_1_c37_1) D  63196   8077     23
  63579 26836        cutoff           1466.0000     1461.9167   969047    0.28%  x(c18_2_c17_2) U  63579  51294     40
  63919 26897        cutoff           1466.0000     1461.9444   973435    0.28%  x(c41_1_c18_1) U  63919  13638     20
  64277 26981        cutoff           1466.0000     1461.9821   977838    0.27%  x(c14_2_c41_2) U  64277  47901     25
  64633 27113     1463.3333   240     1466.0000     1462.0000   982263    0.27%  x(c34_2_c35_2) D  64633  64632     37
  64968 27175        cutoff           1466.0000     1462.0000   986728    0.27%     x(Op_c46_5) U  64968  64966     24
Elapsed time = 370.50 sec. (627800.36 ticks, tree = 1009.61 MB, solutions = 2)
  65340 27244     1463.0000   200     1466.0000     1462.0000   991142    0.27%  x(c42_2_c37_2) U  65340   8652     15
  65687 27344     1462.5000   212     1466.0000     1462.0000   995759    0.27%  x(c47_1_c46_1) D  65687  42062     16
  66032 27415        cutoff           1466.0000     1462.0000  1000270    0.27%  x(c46_2_c38_2) U  66032  58980     19
  66383 27458        cutoff           1466.0000     1462.0000  1004626    0.27%  x(c18_2_c47_2) U  66383  49067     23
  66723 27499     1464.0833   217     1466.0000     1462.0000  1008692    0.27%  x(c47_1_c37_1) U  66723  16273     39
  67082 27561        cutoff           1466.0000     1462.0000  1012948    0.27%  x(c12_2_c41_2) U  67082  51996     25
  67415 27581        cutoff           1466.0000     1462.0000  1016859    0.27%   x(c4_1_c37_1) U  67415  11911     33
  67766 27688     1463.4597   265     1466.0000     1462.0417  1021277    0.27%  x(c38_2_c46_2) U  67766  18893     17
  68137 27797     1463.1000   234     1466.0000     1462.0667  1026050    0.27%  x(c42_2_c33_2) D  68137  39301     24
  68482 27867     1462.3333   249     1466.0000     1462.0833  1030265    0.27%  x(c12_2_c47_2) D  68482  68481     26
Elapsed time = 390.65 sec. (666031.62 ticks, tree = 1047.28 MB, solutions = 2)
  68844 27955     1462.1056   276     1466.0000     1462.1056  1034635    0.27%  x(c34_2_c35_2) D  68844  13495     18
  69206 28061     1464.9589   284     1466.0000     1462.1250  1038507    0.26%   x(c37_1_c4_1) D  69206  27097     24
  69572 28147     1464.5312   192     1466.0000     1462.1481  1042675    0.26%  x(c42_5_c37_5) U  69572  15685     33
  69946 28219     1462.1667   203     1466.0000     1462.1667  1047057    0.26%  x(c25_1_c41_1) D  69946  68916     25
  70294 28284        cutoff           1466.0000     1462.1667  1051223    0.26%  x(c47_1_c37_1) U  70294  58706     19
  70636 28327        cutoff           1466.0000     1462.1875  1055500    0.26%   x(c4_1_c37_1) U  70636  63206     18
  70989 28424     1462.5000   240     1466.0000     1462.2083  1059296    0.26%  x(c34_2_c35_2) D  70989  27183     44
  71334 28472        cutoff           1466.0000     1462.2396  1063208    0.26%  x(c17_2_c47_2) U  71334  34334     39
  71699 28562        cutoff           1466.0000     1462.2500  1067060    0.26%  x(c17_2_c41_2) U  71699  27368     19
  72059 28623        cutoff           1466.0000     1462.2500  1071201    0.26%  x(c41_2_c25_2) U  72059  45947     29
Elapsed time = 410.49 sec. (704229.71 ticks, tree = 1087.06 MB, solutions = 2)
  72420 28673        cutoff           1466.0000     1462.2500  1075398    0.26%  x(c47_2_c41_2) U  72420  25292     17
  72772 28723     1463.3571   171     1466.0000     1462.2778  1079596    0.25%   x(c25_1_c4_1) D  72772  42586     23
  73127 28787     1462.5000   192     1466.0000     1462.3000  1083412    0.25%     x(Op_c46_5) D  73127  66056     19
  73497 28813        cutoff           1466.0000     1462.3274  1087088    0.25%  x(c42_2_c33_2) U  73497  64714     20
  73859 28884     1464.6667   181     1466.0000     1462.3333  1090938    0.25%  x(c46_2_c38_2) D  73859  73858     26
  74229 28949     1462.6667   228     1466.0000     1462.3333  1095136    0.25%  x(c12_2_c37_2) D  74229  72261     37
  74560 28981        cutoff           1466.0000     1462.3452  1099383    0.25%   x(c37_1_c4_1) U  74560  63641     27
  74913 29046     1463.4286   236     1466.0000     1462.3750  1103478    0.25%  x(c38_2_c46_2) D  74913  36468     31
  75272 29089     1463.5000   192     1466.0000     1462.3889  1107472    0.25%  x(c41_2_c47_2) D  75272   8207     38
  75628 29109        cutoff           1466.0000     1462.4091  1111521    0.24%  x(c46_1_c47_1) U  75628  63415     43
Elapsed time = 429.99 sec. (742442.69 ticks, tree = 1115.23 MB, solutions = 2)
  76006 29174     1463.6389   245     1466.0000     1462.4231  1115594    0.24%  x(c12_2_c47_2) D  76006  76005     23
  76355 29228     1462.9931   270     1466.0000     1462.4444  1119401    0.24%  x(c34_2_c35_2) D  76355  70942     46
* 76600+ 9704                         1464.0000     1462.4667             0.10%
  76734  9663     1462.5187   239     1464.0000     1462.4889  1122679    0.10%  x(c47_1_c18_1) D  76734  75338     31
  77130  9447     1463.0000   180     1464.0000     1462.5000  1124822    0.10%  x(c42_2_c37_2) N  77130  43183     17
  77489  9238        cutoff           1464.0000     1462.5000  1126999    0.10%  x(c35_2_c34_2) U  77489  54369     26
  77850  9043        cutoff           1464.0000     1462.5000  1129087    0.10%  x(c42_2_c33_2) U  77850  37767     18
  78204  8855        cutoff           1464.0000     1462.5000  1131227    0.10%  x(c42_2_c33_2) U  78204  38135     17
  78549  8671        cutoff           1464.0000     1462.5000  1133168    0.10%  x(c33_2_c42_2) U  78549  38298     23
  78923  8487     1462.8750   218     1464.0000     1462.5000  1135518    0.10%  x(c25_2_c41_2) D  78923  49523     17
  79289  8296        cutoff           1464.0000     1462.5000  1137782    0.10%  x(c17_2_c47_2) U  79289  79287     33
Elapsed time = 448.73 sec. (780639.46 ticks, tree = 326.56 MB, solutions = 3)
  79678  8107        cutoff           1464.0000     1462.5417  1139859    0.10%  x(c47_1_c46_1) U  79678  79676     33
  80060  7920        cutoff           1464.0000     1462.5794  1142019    0.10%  x(c17_2_c41_2) U  80060  70232     28
  80448  7727        cutoff           1464.0000     1462.5955  1144025    0.10%  x(c17_2_c12_2) D  80448  43134     36
  80870  7525        cutoff           1464.0000     1462.6250  1146178    0.09%  x(c19_1_c25_1) D  80870  47892     35
  81287  7304        cutoff           1464.0000     1462.6429  1148219    0.09%   x(c2_5_c11_5) U  81287  79543     34
  81692  7063     1462.6667   203     1464.0000     1462.6667  1150277    0.09%  x(c17_2_c41_2) N  81692  71551     31
  82086  6800        cutoff           1464.0000     1462.6667  1152205    0.09%  x(c46_2_c41_2) U  82086  17694     56
  82449  6577        cutoff           1464.0000     1462.6875  1154161    0.09%    x(c8_1_c6_1) U  82449  72477     52
  82847  6342        cutoff           1464.0000     1462.7143  1156173    0.09%  x(c14_2_c41_2) U  82847  24970     22
  83250  6090        cutoff           1464.0000     1462.7500  1158115    0.09%  x(c12_2_c37_2) U  83250  12232     28
Elapsed time = 467.98 sec. (818851.35 ticks, tree = 242.01 MB, solutions = 3)
  83662  5800        cutoff           1464.0000     1462.7500  1159896    0.09%  x(c46_2_c38_2) D  83662  83661     32
  84082  5533        cutoff           1464.0000     1462.7500  1161783    0.09%  x(c47_1_c18_1) U  84082  69284     26
  84488  5283     1463.0000   189     1464.0000     1462.7857  1163505    0.08%   x(c4_1_c47_1) D  84488  77485     18
  84903  4993     1462.9911   254     1464.0000     1462.8125  1165129    0.08%  x(c34_2_c35_2) D  84903  82767     20
  85315  4684     1462.8333   212     1464.0000     1462.8333  1166695    0.08%  x(c18_2_c41_2) N  85315  18423      8
  85712  4384        cutoff           1464.0000     1462.8333  1168300    0.08%  x(c42_2_c33_2) U  85712  85704     23
  86103  4103        cutoff           1464.0000     1462.8704  1169746    0.08%  x(c47_2_c37_2) D  86103  50152     40
  86495  3775        cutoff           1464.0000     1462.8889  1171152    0.08%  x(c46_2_c38_2) U  86495  44734     31
  86913  3440        cutoff           1464.0000     1462.9167  1172364    0.07%  x(c41_2_c47_2) U  86913  11512     25
  87316  3092        cutoff           1464.0000     1462.9444  1173538    0.07%  x(c46_2_c38_2) U  87316  47471     21
Elapsed time = 486.26 sec. (857057.51 ticks, tree = 123.53 MB, solutions = 3)
  87710  2739        cutoff           1464.0000     1463.0000  1174565    0.07%  x(c46_2_c12_2) D  87710  64351     21
  88115  2382     1463.0000   176     1464.0000     1463.0000  1175933    0.07%   x(c2_1_c20_1) D  88115  84920     33
  88510  2033        cutoff           1464.0000     1463.0000  1177209    0.07%  x(c18_2_c47_2) U  88510  30815     27
  88911  1708        cutoff           1464.0000     1463.0000  1178689    0.07%  x(c11_1_c20_1) U  88911    367    113
  89303  1371        cutoff           1464.0000     1463.0000  1180181    0.07%  x(c47_2_c17_2) U  89303  24392     20
  89687  1040        cutoff           1464.0000     1463.0000  1181558    0.07%  x(c37_2_c42_2) U  89687  55890     22
  90077   717        cutoff           1464.0000     1463.0000  1182995    0.07%   x(c37_5_c4_5) U  90077  90075     15
  90440   401        cutoff           1464.0000     1463.0000  1184344    0.07%  x(c41_2_c25_2) U  90440  83074     35
  90815    80     1463.0000   236     1464.0000     1463.0000  1185701    0.07%  x(c12_1_c37_1) N  90815  90814     20

Cover cuts applied:  2
Zero-half cuts applied:  39
User cuts applied:  4999

Root node processing (before b&c):
  Real time             =    0.29 sec. (437.40 ticks)
Sequential b&c:
  Real time             =  501.63 sec. (892818.97 ticks)
                          ------------
Total (root+branch&cut) =  501.91 sec. (893256.37 ticks)

