Version identifier: 22.1.0.0 | 2022-03-09 | 1a383f8ce
CPXPARAM_Preprocessing_Reduce                    1
CPXPARAM_Threads                                 1
CPXPARAM_Preprocessing_Reformulations            0
CPXPARAM_Emphasis_MIP                            2
CPXPARAM_TimeLimit                               7200
CPXPARAM_MIP_Tolerances_AbsMIPGap                0.5
CPXPARAM_MIP_Limits_TreeMemory                   26600
Legacy callback                                  BbLUID
         Disabling repeat represolve because of lazy constraint/incumbent callback.
1 of 1 MIP starts provided solutions.
MIP start 'm1' defined initial solution with objective 1484.0000.
Tried aggregator 1 time.
MIP Presolve modified 3341 coefficients.
Reduced MIP has 268 rows, 3470 columns, and 6940 nonzeros.
Reduced MIP has 3470 binaries, 0 generals, 0 SOSs, and 0 indicators.
Presolve time = 0.00 sec. (4.12 ticks)
Probing time = 0.00 sec. (2.77 ticks)
Clique table members: 268.
MIP emphasis: optimality.
MIP search method: traditional branch-and-cut.
Parallel mode: none, using 1 thread.
Root relaxation solution time = 0.00 sec. (2.08 ticks)

        Nodes                                         Cuts/
   Node  Left     Objective  IInf  Best Integer    Best Bound    ItCnt     Gap         Variable B NodeID Parent  Depth

*     0+    0                         1484.0000        0.0000           100.00%
      0     0     1378.5000   111     1484.0000     1170.0000      252   21.16%
      0     0     1426.0000   112     1484.0000      Cuts: 66      320    3.91%
      0     0     1434.0000   105     1484.0000      Cuts: 31      346    3.37%
      0     0     1439.5000   154     1484.0000      Cuts: 12      365    3.00%
      0     0     1443.7500   181     1484.0000      Cuts: 22      398    2.71%
      0     0     1444.5833   188     1484.0000      Cuts: 16      419    2.66%
      0     0     1445.7500   204     1484.0000      Cuts: 30      442    2.58%
      0     0     1446.5000   163     1484.0000      Cuts: 21      455    2.53%
      0     0     1448.0833   170     1484.0000      Cuts: 16      475    2.42%
      0     0     1448.3333   297     1484.0000      Cuts: 21      493    2.40%
      0     0     1448.3333   280     1484.0000   ZeroHalf: 7      501    2.40%
      0     0     1448.3333   278     1484.0000   ZeroHalf: 5      511    2.40%
      0     0     1448.3333   140     1484.0000   ZeroHalf: 3      528    2.40%
      0     0     1448.5000   165     1484.0000      Cuts: 26      550    2.39%
      0     0     1448.5000   105     1484.0000       User: 1      555    2.39%
      0     0     1448.5000   167     1484.0000      User: 13      578    2.39%
      0     2     1448.5000   110     1484.0000     1448.5000      578    2.39%                        0             0
Elapsed time = 0.25 sec. (313.12 ticks, tree = 0.01 MB, solutions = 1)
     13    15     1449.7222   203     1484.0000     1448.5000      711    2.39%   x(c4_5_c42_5) D     13     12     12
     62    64     1453.7069   242     1484.0000     1448.5000      982    2.39%  x(c12_3_c18_3) D     62     60     57
    123   124     1458.3571   172     1484.0000     1448.5000     1214    2.39%   x(c9_3_c22_3) D    123    122    117
    188   182     1462.5000   172     1484.0000     1448.5000     1446    2.39%  x(c35_3_c25_3) D    188    187    180
    251   225     1468.6667   209     1484.0000     1448.5000     1600    2.39%  x(c50_3_c38_3) N    251    250    243
    312   265     1479.0000   219     1484.0000     1448.5000     1870    2.39%  x(c19_3_c27_3) N    312    311    303
    369   313     1466.0500   174     1484.0000     1448.5000     2285    2.39%  x(c27_3_c37_3) D    369    368     52
    464   383     1478.2500   162     1484.0000     1448.5000     2593    2.39%  x(c42_5_c15_5) N    464    462    143
    540   448     1453.3333   206     1484.0000     1449.5000     3263    2.32%  x(c33_2_c49_2) N    540    519     11
    772   680     1457.2500   203     1484.0000     1451.0556     6543    2.22%  x(c27_3_c12_3) N    772    770     10
Elapsed time = 3.06 sec. (3477.40 ticks, tree = 4.67 MB, solutions = 1)
    998   906     1455.7500   130     1484.0000     1451.8372    10083    2.17%  x(c47_3_c19_3) U    998    839     14
   1198  1091     1455.0208   197     1484.0000     1452.1667    12803    2.15%  x(c25_3_c19_3) U   1198   1196     33
   1417  1301     1480.0000   163     1484.0000     1452.5000    16030    2.12%  x(c49_2_c10_2) D   1417   1416     69
   1618  1473     1453.0000   156     1484.0000     1452.6000    18297    2.12%  x(c18_3_c47_3) U   1618    678     21
   1837  1692     1455.0000   206     1484.0000     1453.0000    22023    2.09%  x(c12_3_c37_3) U   1837   1173     28
   2084  1904     1464.9744   245     1484.0000     1453.0312    23741    2.09%   x(c36_3_c9_3) D   2084   2083    119
   2284  2088     1453.4167   248     1484.0000     1453.3889    26918    2.06%  x(c45_5_c30_5) D   2284   1664     16
   2488  2284     1470.5000   189     1484.0000     1453.5000    29637    2.06%  x(c46_5_c51_5) U   2488   2486    136
   2715  2489     1481.5000   162     1484.0000     1453.5000    32115    2.06%  x(c25_3_c19_3) N   2715   2713     39
   2903  2659     1458.5556   211     1484.0000     1453.6786    34704    2.04%  x(c18_3_c19_3) U   2903   2901     17
Elapsed time = 10.11 sec. (13037.05 ticks, tree = 26.41 MB, solutions = 1)
   3064  2820     1461.2000   237     1484.0000     1453.9259    37690    2.03%  x(c12_3_c19_3) U   3064   1016      9
   3230  2980     1463.3875   211     1484.0000     1454.0000    40016    2.02%  x(c37_5_c42_5) D   3230   3229     42
   3412  3147     1459.4437   276     1484.0000     1454.1444    42504    2.01%  x(c47_3_c19_3) U   3412   1190     25
   3585  3308     1457.0000   191     1484.0000     1454.2500    45241    2.00%  x(c18_3_c19_3) U   3585   1783     29
   3770  3479     1455.6026   253     1484.0000     1454.3333    47905    2.00%  x(c37_5_c15_5) U   3770   3769     27
   3929  3614     1455.7949   285     1484.0000     1454.4097    49875    1.99%  x(c41_2_c18_2) N   3929   3927     20
   4051  3732     1470.2286   229     1484.0000     1454.5000    52064    1.99%  x(c18_3_c12_3) D   4051   4050     61
   4190  3850     1477.7500   122     1484.0000     1454.5000    54109    1.99%  x(c44_3_c19_3) U   4190   4187     74
   4340  3985     1478.2145   268     1484.0000     1454.5000    56706    1.99%  x(c25_3_c12_3) D   4340   4339     36
   4501  4120     1454.8000   262     1484.0000     1454.6000    59132    1.98%     x(Op_c26_3) D   4501    594     10
Elapsed time = 16.24 sec. (22624.43 ticks, tree = 47.88 MB, solutions = 1)
   4650  4269     1456.2000   179     1484.0000     1454.7000    61380    1.97%  x(c12_3_c18_3) D   4650   4649     18
   4783  4396     1462.5833   229     1484.0000     1454.7949    63840    1.97%  x(c37_5_c30_5) U   4783   3764     28
   4922  4528     1455.3701   223     1484.0000     1454.8571    66261    1.96%  x(c43_5_c24_5) D   4922   3057     16
   5059  4665     1461.8500   159     1484.0000     1454.9583    68813    1.96%  x(c39_3_c44_3) U   5059   5057     42
   5213  4819     1466.1786   149     1484.0000     1455.0000    70823    1.95%      x(Op_c7_2) D   5213   5212     94
   5334  4906     1479.7500   130     1484.0000     1455.0000    71373    1.95%     x(Op_c51_2) D   5334   5332    208
   5484  5028     1469.0000   164     1484.0000     1455.0000    73291    1.95%  x(c37_5_c15_5) D   5484   5482     39
   5629  5156     1474.1375   257     1484.0000     1455.0000    75205    1.95%   x(c4_5_c37_5) N   5629   5627     31
   5774  5285     1458.4231   261     1484.0000     1455.0714    77459    1.95%  x(c43_5_c24_5) U   5774   2905     23
   5906  5417     1456.5833   203     1484.0000     1455.1667    79846    1.94%  x(c12_3_c18_3) D   5906   4779     25
Elapsed time = 22.16 sec. (32203.17 ticks, tree = 69.99 MB, solutions = 1)
   6034  5539     1461.3333   175     1484.0000     1455.2333    82124    1.94%  x(c22_3_c35_3) U   6034   6032     35
   6185  5683     1458.5873   278     1484.0000     1455.2671    84289    1.94%    x(c7_3_c6_3) U   6185   3693      8
   6314  5811     1459.3000   222     1484.0000     1455.3333    86670    1.93%   x(c6_3_c18_3) U   6314   6312     19
   6447  5931     1458.5625   282     1484.0000     1455.3750    89025    1.93%   x(c14_2_c7_2) U   6447   3457      9
   6570  6054     1455.5833   267     1484.0000     1455.4444    91302    1.92%  x(c18_3_c19_3) D   6570   3712     30
   6702  6186     1470.6667   148     1484.0000     1455.5000    93782    1.92%  x(c42_2_c47_2) N   6702   6700     65
   6826  6297     1469.0000   183     1484.0000     1455.5000    95783    1.92%  x(c22_5_c31_5) D   6826   6824     39
   6955  6409     1455.5714   204     1484.0000     1455.5000    98072    1.92%  x(c15_5_c30_5) D   6955   6954     44
   7082  6530     1471.1667   177     1484.0000     1455.5000   100212    1.92%  x(c35_2_c34_2) D   7082   7081     27
   7220  6649     1458.1000   241     1484.0000     1455.5000   102610    1.92%  x(c23_5_c24_5) U   7220   3189     15
Elapsed time = 28.14 sec. (41779.94 ticks, tree = 92.84 MB, solutions = 1)
   7348  6767     1456.5266   269     1484.0000     1455.5394   104800    1.92%  x(c22_3_c28_3) U   7348   7346     23
   7475  6894     1458.1333   239     1484.0000     1455.6000   107012    1.91%   x(c22_1_c8_1) U   7475   7473     25
   7594  7013     1466.7955   194     1484.0000     1455.6667   109436    1.91%   x(c22_1_c8_1) U   7594   7592     13
   7730  7132     1455.7456   219     1484.0000     1455.6667   111180    1.91%   x(c27_2_c7_2) U   7730   5944     22
   7846  7248     1455.8667   240     1484.0000     1455.7344   113339    1.90%     x(Op_c31_5) D   7846   7845     17
   7956  7348     1462.8583   225     1484.0000     1455.7778   115534    1.90%  x(c12_3_c19_3) U   7956   2122     21
   8064  7456     1457.0000   217     1484.0000     1455.8333   117749    1.90%  x(c18_5_c51_5) D   8064    101     96
   8200  7587     1466.5000   169     1484.0000     1455.8333   119748    1.90%  x(c25_3_c47_3) D   8200   8198     40
   8348  7719     1473.3124   261     1484.0000     1455.8333   121752    1.90%  x(c39_3_c19_3) D   8348   8346     57
   8473  7833     1478.2778   165     1484.0000     1455.8750   123873    1.90%  x(c42_2_c33_2) N   8473   8471     33
Elapsed time = 34.10 sec. (51354.12 ticks, tree = 116.44 MB, solutions = 1)
   8595  7942     1456.1003   250     1484.0000     1455.9080   125863    1.89%  x(c41_2_c25_2) D   8595   6175     13
   8703  8050     1458.5833   215     1484.0000     1455.9500   127853    1.89%   x(c22_1_c8_1) U   8703   8701     29
   8800  8147     1460.9853   239     1484.0000     1456.0000   129922    1.89%  x(c25_1_c41_1) U   8800   7596     27
   8888  8231     1459.2738   257     1484.0000     1456.0000   131359    1.89%  x(c31_5_c22_5) U   8888   8885     16
   9004  8327     1457.0000   170     1484.0000     1456.0000   133086    1.89%  x(c31_5_c22_5) D   9004    322     10
   9114  8423     1471.4000   202     1484.0000     1456.0000   135024    1.89%   x(c25_2_c7_2) D   9114   9113     34
   9238  8529     1462.5000   258     1484.0000     1456.0000   136728    1.89%      x(c2_3_Om) U   9238   1445      7
   9348  8629     1458.0333   229     1484.0000     1456.0357   138823    1.88%  x(c12_3_c37_3) U   9348   7455     38
   9460  8741     1456.5855   266     1484.0000     1456.0782   140817    1.88%   x(c22_3_c2_3) D   9460   9459     19
   9558  8839     1456.2383   279     1484.0000     1456.1071   142836    1.88%  x(c22_3_c35_3) D   9558   4671     14
Elapsed time = 40.10 sec. (60959.88 ticks, tree = 138.58 MB, solutions = 1)
   9648  8929     1458.1429   136     1484.0000     1456.1429   144541    1.88%  x(c20_5_c36_5) U   9648   1821     19
   9753  9029     1457.0197   272     1484.0000     1456.1667   146716    1.88%  x(c35_2_c34_2) D   9753   2370     30
   9891  9159     1461.4273   253     1484.0000     1456.1728   148566    1.88%  x(c37_5_c42_5) U   9891   9888     32
   9999  9258     1459.4394   281     1484.0000     1456.2151   150860    1.87%   x(c14_2_c7_2) U   9999   9327     23
  10099  9358     1457.5606   254     1484.0000     1456.2500   152831    1.87%  x(c20_5_c36_5) D  10099  10098     33
  10230  9469        cutoff           1484.0000     1456.2500   154668    1.87%   x(c26_3_c6_3) U  10230  10228     48
  10331  9570     1459.1538   256     1484.0000     1456.2857   156678    1.87%   x(c6_3_c47_3) U  10331   1241     30
  10430  9669     1459.0332   240     1484.0000     1456.3125   158761    1.87%  x(c22_5_c31_5) U  10430   8795     16
  10546  9779     1463.1250   268     1484.0000     1456.3333   160671    1.86%  x(c15_5_c42_5) U  10546   6374     25
  10647  9880     1456.6250   206     1484.0000     1456.3750   162698    1.86%   x(c22_3_c2_3) D  10647  10646     16
Elapsed time = 45.86 sec. (70571.90 ticks, tree = 161.83 MB, solutions = 1)
  10774  9999     1462.6000   237     1484.0000     1456.3889   164498    1.86%  x(c12_3_c19_3) U  10774   3217     34
  10883 10098     1456.4509   190     1484.0000     1456.4035   166365    1.86%  x(c47_3_c19_3) D  10883  10882     17
  10975 10190     1456.4841   218     1484.0000     1456.4375   168375    1.86%  x(c41_2_c47_2) D  10975  10974     24
  11086 10301     1457.0000   258     1484.0000     1456.4821   170352    1.85%  x(c47_2_c17_2) D  11086  11085     36
  11178 10388     1463.5000   124     1484.0000     1456.5000   172416    1.85%  x(c16_3_c35_3) U  11178   9266     18
  11305 10498     1473.2333   219     1484.0000     1456.5000   174047    1.85%  x(c39_3_c44_3) D  11305  11304     30
  11380 10561     1467.0217   242     1484.0000     1456.5000   175996    1.85%   x(c22_3_c2_3) U  11380  11378     22
  11512 10681     1456.7500   191     1484.0000     1456.5000   177560    1.85%  x(c18_3_c19_3) D  11512   7869     19
  11616 10773     1463.8333   166     1484.0000     1456.5000   179417    1.85%  x(c23_5_c24_5) U  11616  11613     15
  11719 10861     1462.8333   238     1484.0000     1456.5000   181237    1.85%  x(c22_3_c35_3) U  11719   2895     27
Elapsed time = 51.66 sec. (80150.69 ticks, tree = 184.63 MB, solutions = 1)
  11819 10956     1461.6176   275     1484.0000     1456.5000   183210    1.85%  x(c43_5_c24_5) D  11819  11818     30
  11940 11062     1477.5682   243     1484.0000     1456.5000   185028    1.85%  x(c37_5_c15_5) U  11940  11938     53
  12021 11126     1457.0367   278     1484.0000     1456.5000   186903    1.85%  x(c33_2_c42_2) D  12021  12020     21
  12110 11213     1459.9179   253     1484.0000     1456.5443   188953    1.85%  x(c25_3_c19_3) U  12110  12108     25
  12208 11311     1459.2500   203     1484.0000     1456.5714   190837    1.85%  x(c47_3_c19_3) U  12208   7537     21
  12302 11405     1461.4667   239     1484.0000     1456.6000   192673    1.85%   x(c14_2_c7_2) U  12302  12212     28
  12397 11500     1456.9673   282     1484.0000     1456.6215   194696    1.84%   x(c27_2_c7_2) D  12397   9778     30
  12485 11581     1465.4167   163     1484.0000     1456.6310   196235    1.84%   x(c27_2_c7_2) U  12485  12483     22
  12584 11680     1461.0000   196     1484.0000     1456.6538   198100    1.84%   x(c22_3_c2_3) U  12584  12581     32
  12963 12026     1462.0000   232     1484.0000     1456.7083   205284    1.84%  x(c31_5_c22_5) N  12963  11274     15
Elapsed time = 58.99 sec. (92611.13 ticks, tree = 212.65 MB, solutions = 1)
  13351 12396     1457.0995   257     1484.0000     1456.7857   212161    1.83%   x(c14_2_c7_2) D  13351  13350     18
  13735 12760     1464.2222   247     1484.0000     1456.8385   219398    1.83%  x(c22_5_c31_5) U  13735  13733     12
  14119 13131     1465.0833   239     1484.0000     1456.9167   227010    1.83%  x(c12_3_c18_3) U  14119  14117     22
  14466 13468        cutoff           1484.0000     1457.0000   234190    1.82%  x(c51_5_c24_5) U  14466  14464     66
  14852 13801     1464.0433   254     1484.0000     1457.0000   241232    1.82%  x(c12_3_c19_3) U  14852  14847     31
  15250 14162     1465.1596   249     1484.0000     1457.0278   248295    1.82%  x(c22_3_c16_3) U  15250   5613     22
  15671 14560     1462.5833   221     1484.0000     1457.0731   254932    1.81%  x(c22_3_c35_3) U  15671  15669     31
  16030 14904     1458.1008   281     1484.0000     1457.1357   261712    1.81%  x(c47_3_c25_3) D  16030  16029     17
  16384 15232     1467.8333   103     1484.0000     1457.1667   268037    1.81%  x(c17_2_c47_2) U  16384  16381     50
  16717 15547     1459.1167   211     1484.0000     1457.2137   275070    1.81%  x(c18_3_c19_3) D  16717  16716     20
Elapsed time = 81.42 sec. (130808.55 ticks, tree = 303.77 MB, solutions = 1)
  17058 15860     1459.0000   258     1484.0000     1457.2500   281710    1.80%  x(c41_2_c47_2) U  17058  12680     29
  17388 16172     1462.0714   210     1484.0000     1457.2969   288709    1.80%  x(c27_3_c12_3) U  17388  13051     11
  17720 16479     1459.9730   233     1484.0000     1457.3333   295549    1.80%      x(Op_c2_3) U  17720  17718     30
  18058 16794     1459.5225   286     1484.0000     1457.3697   302092    1.79%  x(c41_2_c18_2) U  18058  16827     33
  18383 17105     1457.4545   280     1484.0000     1457.4099   309150    1.79%  x(c41_2_c17_2) D  18383  18382     24
  18694 17394     1457.7333   246     1484.0000     1457.4574   316131    1.79%  x(c12_3_c19_3) D  18694  18693     31
  19003 17698     1479.5246   237     1484.0000     1457.5000   323470    1.79%  x(c37_2_c42_2) N  19003  19001     15
  19304 17950     1458.0000   210     1484.0000     1457.5000   329461    1.79%  x(c43_5_c24_5) D  19304   1584     11
  19602 18205     1466.0000   226     1484.0000     1457.5000   335490    1.79%  x(c46_5_c22_5) N  19602     56     53
  19946 18499     1457.7143   234     1484.0000     1457.5000   341573    1.79%  x(c43_5_c24_5) D  19946  19945     27
Elapsed time = 103.72 sec. (169018.60 ticks, tree = 389.42 MB, solutions = 1)
  20272 18798     1461.8362   267     1484.0000     1457.5417   347899    1.78%  x(c41_2_c25_2) U  20272  17420     14
  20571 19091     1479.3500   177     1484.0000     1457.5833   354375    1.78%  x(c18_3_c42_3) D  20571  20569     41
  20871 19375     1457.6346   264     1484.0000     1457.6250   360776    1.78%     x(Op_c31_5) D  20871   5888     16
  21183 19671        cutoff           1484.0000     1457.6646   367201    1.77%  x(c18_2_c14_2) D  21183  21182     64
  21514 19963     1463.1100   238     1484.0000     1457.6786   372965    1.77%  x(c27_3_c12_3) U  21514   6230     22
  21811 20245     1463.2500   258     1484.0000     1457.7222   379457    1.77%  x(c47_3_c19_3) U  21811   5080     25
  22123 20538     1458.4500   265     1484.0000     1457.7500   385518    1.77%   x(c27_2_c7_2) D  22123  15787     29
  22427 20826     1460.3611   202     1484.0000     1457.7794   391940    1.77%  x(c25_3_c19_3) U  22427  15691     25
  22728 21114     1463.4800   263     1484.0000     1457.8214   398663    1.76%  x(c41_2_c18_2) U  22728  19311     14
  23043 21392     1467.7000   238     1484.0000     1457.8333   404351    1.76%  x(c45_5_c30_5) U  23043  23041     24
Elapsed time = 125.98 sec. (207243.01 ticks, tree = 477.13 MB, solutions = 1)
  23335 21670     1459.1204   220     1484.0000     1457.8750   410699    1.76%      x(Op_c2_3) D  23335   7180     26
  23621 21938     1457.9074   223     1484.0000     1457.9076   416903    1.76%   x(c14_2_c7_2) D  23621  20693     22
  23950 22247     1461.3750   218     1484.0000     1457.9300   423346    1.76%  x(c27_3_c12_3) U  23950   8380     19
  24220 22497     1464.5714   202     1484.0000     1457.9722   429696    1.75%  x(c35_3_c16_3) U  24220   3420     17
  24508 22751     1458.3333   136     1484.0000     1458.0000   435318    1.75%   x(c2_5_c31_5) D  24508  19042     31
  24820 23026        cutoff           1484.0000     1458.0000   441104    1.75%  x(c25_3_c19_3) U  24820  16072     24
  25139 23296     1460.9773   248     1484.0000     1458.0000   446414    1.75%  x(c22_3_c28_3) U  25139  25137     21
  25437 23564     1465.9048   220     1484.0000     1458.0267   451936    1.75%  x(c27_3_c12_3) U  25437  24263     11
  25716 23837     1463.4583   257     1484.0000     1458.0632   458210    1.75%   x(c22_3_c2_3) U  25716  18029     30
  26010 24119     1466.1000   259     1484.0000     1458.0911   464147    1.75%  x(c22_5_c31_5) U  26010  14714     21
Elapsed time = 148.02 sec. (245529.69 ticks, tree = 563.17 MB, solutions = 1)
  26297 24387     1464.6948   277     1484.0000     1458.1220   470069    1.74%  x(c31_5_c22_5) U  26297  12362     24
  26564 24633     1460.4500   228     1484.0000     1458.1532   475921    1.74%   x(c14_2_c7_2) U  26564  26562     22
  26824 24867        cutoff           1484.0000     1458.1667   482036    1.74%  x(c47_2_c17_2) U  26824  26821     39
  27124 25135     1462.1250   256     1484.0000     1458.1818   487910    1.74%   x(c14_2_c7_2) U  27124  27122     35
  27377 25379     1458.3342   277     1484.0000     1458.2222   493868    1.74%  x(c27_3_c12_3) D  27377  27376     24
  27666 25653     1480.3056   220     1484.0000     1458.2500   499614    1.74%      x(Op_c8_1) D  27666  27665     52
  27987 25935     1463.6667   130     1484.0000     1458.2500   505311    1.74%     x(Op_c31_5) U  27987   5022     10
  28265 26193     1460.7584   257     1484.0000     1458.2812   511045    1.73%  x(c37_5_c15_5) U  28265   5826     42
  28540 26462     1460.6339   280     1484.0000     1458.3131   516658    1.73%  x(c20_5_c31_5) D  28540  24081     18
  28801 26697     1463.5000   182     1484.0000     1458.3333   522558    1.73%   x(c6_3_c47_3) U  28801  19517     32
Elapsed time = 169.99 sec. (283786.95 ticks, tree = 647.92 MB, solutions = 1)
  29107 26958     1462.1345   274     1484.0000     1458.3438   527799    1.73%   x(c14_2_c7_2) U  29107  28301     24
  29358 27209     1465.0109   246     1484.0000     1458.3750   533784    1.73%   x(c27_3_c6_3) U  29358  29356     28
  29650 27463     1461.0333   259     1484.0000     1458.3855   539324    1.73%   x(c22_1_c8_1) U  29650   9271     38
  29903 27707     1460.8106   235     1484.0000     1458.4125   545424    1.72%  x(c25_2_c41_2) U  29903  25895     40
  30158 27954     1470.1250   232     1484.0000     1458.4444   551195    1.72%  x(c41_2_c12_2) U  30158  27763     55
  30421 28217     1464.2500   155     1484.0000     1458.4762   557237    1.72%  x(c41_2_c47_2) U  30421  17567     42
  30655 28436     1480.2917   221     1484.0000     1458.5000   562047    1.72%  x(c16_3_c35_3) U  30655  30653     24
  30970 28712     1475.8571   185     1484.0000     1458.5000   567125    1.72%  x(c35_2_c34_2) N  30970  30968     23
  31234 28938     1472.0208   266     1484.0000     1458.5000   572287    1.72%   x(c27_2_c7_2) N  31234  31233     30
  31500 29154     1481.0556   242     1484.0000     1458.5000   577453    1.72%   x(c48_3_c6_3) U  31500  31498     41
Elapsed time = 191.64 sec. (321995.97 ticks, tree = 731.92 MB, solutions = 1)
  31764 29391     1466.2391   283     1484.0000     1458.5000   582563    1.72%  x(c49_2_c33_2) U  31764  31762     32
  32045 29616     1465.2500   185     1484.0000     1458.5000   587648    1.72%  x(c20_5_c31_5) U  32045  13068     24
  32295 29842     1463.1905   245     1484.0000     1458.5225   593703    1.72%  x(c47_3_c19_3) U  32295  22424     19
  32559 30096     1462.2222   214     1484.0000     1458.5556   599334    1.71%  x(c25_2_c41_2) U  32559  32557     17
  32800 30337     1458.6596   284     1484.0000     1458.5802   604910    1.71%  x(c27_3_c47_3) D  32800  15272     33
  33068 30595     1475.5000    57     1484.0000     1458.6000   610262    1.71%  x(c42_2_c47_2) U  33068  33066     65
  33341 30850     1468.7917   191     1484.0000     1458.6250   615464    1.71%  x(c18_3_c42_3) D  33341  33339     33
  33590 31072     1461.9250   239     1484.0000     1458.6429   621021    1.71%   x(c48_3_c6_3) D  33590  33588     29
  33853 31304     1458.9333   199     1484.0000     1458.6667   626161    1.71%  x(c49_2_c33_2) D  33853  33852     28
  34149 31562     1475.6000   215     1484.0000     1458.6667   631274    1.71%   x(c25_2_c7_2) U  34149  18979     30
Elapsed time = 213.32 sec. (360210.40 ticks, tree = 817.45 MB, solutions = 1)
  34378 31791     1460.0000   189     1484.0000     1458.7000   637347    1.70%  x(c22_3_c28_3) D  34378  34377     28
  34632 32031     1458.7222   179     1484.0000     1458.7222   642675    1.70%   x(c48_3_c6_3) D  34632  21809     20
  34898 32289     1479.5833   248     1484.0000     1458.7500   648188    1.70%  x(c37_5_c42_5) D  34898  34896     79
  35160 32507     1459.7167   264     1484.0000     1458.7500   653344    1.70%   x(c27_2_c7_2) D  35160  35159     32
  35439 32745     1463.2500    99     1484.0000     1458.7500   658315    1.70%   x(c27_3_c6_3) U  35439  35437     22
  35682 32978     1465.5238   225     1484.0000     1458.7756   663845    1.70%  x(c35_2_c34_2) U  35682  29239     32
  35938 33234     1463.7500   192     1484.0000     1458.8000   669397    1.70%  x(c49_2_c33_2) U  35938  31855     31
  36191 33474     1458.8929   237     1484.0000     1458.8214   674918    1.70%  x(c47_3_c18_3) D  36191  27759     15
  36459 33727     1467.4684   288     1484.0000     1458.8333   680067    1.70%  x(c35_2_c34_2) D  36459  36458     35
  36739 33961     1461.9095   256     1484.0000     1458.8333   684882    1.70%   x(c22_1_c8_1) D  36739  36738     24
Elapsed time = 235.22 sec. (398413.36 ticks, tree = 905.92 MB, solutions = 1)
  36990 34190     1459.0290   216     1484.0000     1458.8529   689996    1.69%  x(c37_2_c42_2) D  36990  27421     39
  37215 34406     1467.6250   183     1484.0000     1458.8750   695355    1.69%  x(c37_5_c30_5) U  37215  36902     19
  37471 34641     1459.6429   237     1484.0000     1458.8929   700590    1.69%  x(c22_3_c28_3) D  37471  37470     23
  37709 34865     1465.8710   246     1484.0000     1458.9083   706440    1.69%   x(c12_3_c6_3) U  37709  29603     41
  37971 35098     1458.9444   106     1484.0000     1458.9222   711935    1.69%  x(c33_2_c49_2) D  37971  37970     26
  38226 35340     1465.8000   219     1484.0000     1458.9414   717324    1.69%  x(c31_5_c22_5) U  38226  35639     15
  38441 35555     1461.7214   265     1484.0000     1458.9667   722397    1.69%   x(c22_1_c8_1) U  38441  38439     32
  38679 35793     1473.1429   110     1484.0000     1459.0000   728231    1.68%   x(c28_2_c7_2) D  38679  38678     45
  38926 36008        cutoff           1484.0000     1459.0000   733373    1.68%  x(c12_3_c37_3) N  38926  38923     45
  39183 36228     1481.6667   138     1484.0000     1459.0000   738279    1.68%  x(c18_2_c12_2) D  39183  39182     47
Elapsed time = 257.06 sec. (436629.64 ticks, tree = 990.75 MB, solutions = 1)
  39430 36430     1459.2439   241     1484.0000     1459.0000   742994    1.68%  x(c37_2_c42_2) D  39430  39429     37
  39704 36675     1470.5000   245     1484.0000     1459.0000   747527    1.68%  x(c37_5_c30_5) D  39704  39703     37
  39982 36907     1462.8150   246     1484.0000     1459.0000   752266    1.68%  x(c22_3_c35_3) U  39982  13957     14
  40214 37120     1472.8750   232     1484.0000     1459.0202   757544    1.68%  x(c12_3_c18_3) U  40214  29177     28
  40421 37327     1465.6111   245     1484.0000     1459.0417   762790    1.68%  x(c33_2_c49_2) U  40421  25860     35
  40654 37543     1463.5197   261     1484.0000     1459.0586   767794    1.68%   x(c22_3_c2_3) U  40654  20263     30
  40891 37770     1463.7500   239     1484.0000     1459.0714   772824    1.68%  x(c25_2_c41_2) U  40891  40889     34
  41138 38001     1463.1818   271     1484.0000     1459.0833   778192    1.68%  x(c35_2_c34_2) U  41138  41136     16
  41361 38214     1460.4836   195     1484.0000     1459.0950   783535    1.68%   x(c6_3_c18_3) U  41361   9562     18
  41600 38439     1466.7500   134     1484.0000     1459.1071   788804    1.68%  x(c41_2_c14_2) U  41600  22961     33
Elapsed time = 279.23 sec. (475012.00 ticks, tree = 1076.78 MB, solutions = 1)
  41832 38647     1464.5500   240     1484.0000     1459.1250   794244    1.68%   x(c27_3_c6_3) U  41832  28668     22
  42101 38885     1469.8111   238     1484.0000     1459.1333   798948    1.68%   x(c2_5_c31_5) U  42101  25377     39
  42330 39103     1481.6161   245     1484.0000     1459.1500   804244    1.67%  x(c14_5_c23_5) D  42330  42329     36
  42547 39304     1482.0000   213     1484.0000     1459.1667   809465    1.67%  x(c22_3_c35_3) U  42547  42545     44
  42800 39508     1478.3333   174     1484.0000     1459.1667   813515    1.67%   x(c6_3_c19_3) D  42800  42799     41
  43082 39749     1475.5811   241     1484.0000     1459.1667   817977    1.67%  x(c22_3_c36_3) D  43082  43080     35
  43300 39955     1459.2058   297     1484.0000     1459.1893   823011    1.67%  x(c47_3_c19_3) D  43300  11043      9
  43529 40170     1462.4333   216     1484.0000     1459.2083   827976    1.67%  x(c25_2_c41_2) U  43529  43527     31
  43758 40384     1459.3333   200     1484.0000     1459.2222   833056    1.67%   x(c22_1_c8_1) D  43758  29542     35
  43979 40603     1460.2500   143     1484.0000     1459.2500   838735    1.67%  x(c14_2_c41_2) D  43979  30637     37
Elapsed time = 301.20 sec. (513291.37 ticks, tree = 1162.82 MB, solutions = 1)
  44209 40803     1459.5000   159     1484.0000     1459.2500   843465    1.67%  x(c25_3_c19_3) D  44209  33696     25
  44471 41011     1472.6852   239     1484.0000     1459.2500   847985    1.67%  x(c15_5_c42_5) U  44471   8383     42
  44709 41225     1476.7083   186     1484.0000     1459.2602   852622    1.67%  x(c20_5_c31_5) U  44709  37427     27
  44927 41443     1460.7000   165     1484.0000     1459.2778   857533    1.67%  x(c22_3_c28_3) U  44927  44925     24
  45170 41662     1459.8750   220     1484.0000     1459.2879   862128    1.67%  x(c25_3_c47_3) D  45170  31858     34
  45404 41878     1459.5167   232     1484.0000     1459.3000   866709    1.66%  x(c33_2_c42_2) D  45404  45403     19
  45630 42090     1464.0000   165     1484.0000     1459.3156   871886    1.66%  x(c35_2_c30_2) U  45630  37119     38
  45864 42324     1474.2500   103     1484.0000     1459.3333   877272    1.66%  x(c19_1_c45_1) N  45864  45863     42
  46107 42527     1463.3333   205     1484.0000     1459.3333   881568    1.66%   x(c27_3_c6_3) U  46107  46105     31
  46351 42743     1460.3333   221     1484.0000     1459.3333   886388    1.66%     x(Op_c31_5) U  46351  18784     19
Elapsed time = 323.03 sec. (551538.02 ticks, tree = 1248.96 MB, solutions = 1)
  46580 42963     1465.7500   192     1484.0000     1459.3538   891560    1.66%  x(c47_3_c25_3) U  46580  37362     49
  46790 43169     1461.5000   231     1484.0000     1459.3720   896765    1.66%  x(c22_3_c28_3) U  46790  46788     19
  47014 43362     1463.0000   169     1484.0000     1459.3779   900884    1.66%  x(c41_2_c25_2) U  47014  33333     29
  47220 43555     1464.4486   226     1484.0000     1459.4000   905955    1.66%  x(c47_3_c25_3) U  47220  47218     11
  47459 43782     1469.1000   190     1484.0000     1459.4130   910765    1.66%   x(c25_2_c7_2) U  47459   3436     33
  47683 43986     1465.5966   263     1484.0000     1459.4200   915469    1.66%  x(c33_2_c42_2) U  47683  47681     18
  47904 44199     1459.4558   239     1484.0000     1459.4333   920484    1.66%  x(c22_3_c28_3) D  47904  38622     29
  48120 44409     1459.6964   238     1484.0000     1459.4464   925297    1.65%   x(c14_2_c7_2) D  48120  36258     21
  48336 44615     1463.8826   242     1484.0000     1459.4625   930556    1.65%  x(c33_2_c42_2) U  48336  34258     18
  48549 44822     1459.9455   257     1484.0000     1459.4792   935878    1.65%   x(c6_3_c19_3) D  48549  48548     27
Elapsed time = 345.39 sec. (589853.60 ticks, tree = 1334.56 MB, solutions = 1)
  48756 45020     1464.5000   196     1484.0000     1459.5000   941341    1.65%  x(c41_2_c18_2) U  48756   3523     21
  49039 45253     1460.0000   154     1484.0000     1459.5000   945026    1.65%  x(c33_2_c49_2) D  49039  35633     28
  49270 45442     1466.9537   252     1484.0000     1459.5000   949220    1.65%  x(c15_5_c30_5) U  49270  19257     23
  49514 45650     1460.5000   200     1484.0000     1459.5000   953410    1.65%   x(c22_1_c8_1) U  49514  11676     11
  49731 45837     1460.7222   210     1484.0000     1459.5000   957223    1.65%  x(c22_5_c31_5) D  49731   3955     18
  49966 46034     1461.7500   196     1484.0000     1459.5000   961356    1.65%  x(c25_5_c24_5) U  49966  44488     26
  50208 46251     1479.2500   159     1484.0000     1459.5000   965878    1.65%  x(c37_4_c42_4) D  50208  50206     53
  50447 46458     1479.1263   168     1484.0000     1459.5000   970160    1.65%  x(c47_2_c41_2) N  50447  50446     52
  50685 46659     1460.4167   246     1484.0000     1459.5000   974457    1.65%   x(c25_2_c7_2) D  50685  27988     21
  50899 46846     1470.5119   211     1484.0000     1459.5000   979095    1.65%  x(c37_5_c15_5) U  50899  50896     65
Elapsed time = 366.76 sec. (628132.89 ticks, tree = 1420.19 MB, solutions = 1)
  51126 47061     1474.3333   251     1484.0000     1459.5182   984220    1.65%  x(c47_3_c25_3) U  51126  24307     29
  51312 47247     1462.9420   276     1484.0000     1459.5395   989305    1.65%  x(c33_2_c42_2) U  51312  14005     35
  51530 47453     1460.7222   203     1484.0000     1459.5556   994366    1.65%   x(c2_3_c35_3) D  51530  51529     34
  51750 47673     1459.5833   160     1484.0000     1459.5714   999184    1.65%  x(c12_3_c19_3) D  51750  51749     30
  51959 47866     1460.3561   143     1484.0000     1459.5833  1003961    1.65%  x(c27_3_c12_3) D  51959  15324     16
  52183 48052     1463.7500   253     1484.0000     1459.5833  1008263    1.65%  x(c12_3_c19_3) U  52183  10024     30
  52372 48241     1467.4167   235     1484.0000     1459.6000  1013312    1.64%  x(c22_3_c36_3) D  52372  52370     29
  52590 48448     1459.6882   267     1484.0000     1459.6122  1017893    1.64%  x(c18_3_c12_3) D  52590  27491     27
  52810 48647     1460.1200   240     1484.0000     1459.6250  1022939    1.64%  x(c15_5_c42_5) D  52810  13458     29
  53027 48835     1462.1585   223     1484.0000     1459.6333  1027818    1.64%   x(c18_3_c6_3) U  53027  52701     39
Elapsed time = 389.13 sec. (666433.18 ticks, tree = 1504.89 MB, solutions = 1)
  53239 49039     1476.2778   131     1484.0000     1459.6429  1032683    1.64%  x(c18_5_c12_5) D  53239  53238     76
  53435 49215     1462.6562   260     1484.0000     1459.6562  1037447    1.64%  x(c18_3_c19_3) U  53435  10550     24
  53670 49433     1460.6667   103     1484.0000     1459.6667  1041573    1.64%   x(c27_3_c6_3) U  53670  53668     24
  53888 49609     1459.7022   243     1484.0000     1459.6667  1045884    1.64%   x(c27_3_c6_3) D  53888  43404     39
  54117 49816     1465.2143   180     1484.0000     1459.6667  1049934    1.64%  x(c22_3_c28_3) U  54117  54115     41
  54329 50016     1462.0667   251     1484.0000     1459.6810  1054639    1.64%   x(c47_3_c6_3) U  54329  54327     43
  54534 50203     1459.7391   266     1484.0000     1459.6961  1059400    1.64%  x(c33_2_c49_2) D  54534  54533     35
  54756 50401     1461.6667   245     1484.0000     1459.7000  1063709    1.64%  x(c22_3_c28_3) U  54756  44862     15
  54961 50592     1461.5417   244     1484.0000     1459.7133  1068474    1.64%   x(c2_3_c35_3) U  54961  54959     23
  55151 50776     1466.4493   252     1484.0000     1459.7308  1073357    1.64%  x(c37_3_c18_3) D  55151  55150     27
Elapsed time = 410.92 sec. (704642.48 ticks, tree = 1589.34 MB, solutions = 1)
  55341 50959     1467.9844   219     1484.0000     1459.7489  1077972    1.63%  x(c18_3_c47_3) U  55341  54822     38
  55571 51156     1462.0488   245     1484.0000     1459.7500  1082260    1.63%  x(c18_3_c19_3) D  55571  31021     35
  55790 51343     1464.1667   200     1484.0000     1459.7500  1086240    1.63%  x(c43_5_c24_5) U  55790  16981     25
  56009 51537     1465.0000   176     1484.0000     1459.7500  1090476    1.63%   x(c25_2_c7_2) U  56009  41975     25
  56231 51731     1461.7589   209     1484.0000     1459.7589  1094856    1.63%  x(c23_5_c24_5) D  56231   5734     16
  56419 51910     1462.8276   255     1484.0000     1459.7750  1100155    1.63%   x(c27_3_c6_3) U  56419  24222     48
  56626 52108     1469.0000   250     1484.0000     1459.7885  1104979    1.63%   x(c25_2_c7_2) U  56626  46430     29
  56842 52312     1468.4008   203     1484.0000     1459.8000  1109679    1.63%  x(c33_2_c42_2) U  56842  38720     41
  57067 52514     1466.8966   239     1484.0000     1459.8073  1114123    1.63%   x(c4_5_c12_5) U  57067  45574     25
  57259 52706     1460.0000   152     1484.0000     1459.8214  1118678    1.63%  x(c35_2_c34_2) D  57259  43167     25
Elapsed time = 433.05 sec. (742916.25 ticks, tree = 1675.10 MB, solutions = 1)
  57456 52887     1463.6818   240     1484.0000     1459.8333  1123608    1.63%  x(c18_2_c14_2) D  57456  45911     72
  57682 53077     1467.5875   242     1484.0000     1459.8333  1127910    1.63%  x(c36_5_c20_5) U  57682  57680     20
  57903 53271     1464.6111   234     1484.0000     1459.8333  1132007    1.63%   x(c2_3_c35_3) U  57903  57901     33
  58113 53437     1460.9015   245     1484.0000     1459.8353  1136351    1.63%  x(c43_5_c24_5) U  58113  47363     59
  58303 53607     1470.9658   267     1484.0000     1459.8500  1141325    1.63%   x(c26_3_c6_3) U  58303  42910     45
  58492 53790     1465.8750   258     1484.0000     1459.8667  1145800    1.63%    x(c7_3_c6_3) U  58492  54793     40
  58688 53975     1470.8182   232     1484.0000     1459.8750  1149931    1.63%  x(c31_5_c35_5) U  58688   1113     36
  58910 54168     1463.9444   202     1484.0000     1459.8810  1153906    1.63%   x(c2_3_c35_3) U  58910  49845     24
  59103 54357     1462.6917   269     1484.0000     1459.8906  1158868    1.62%  x(c41_2_c18_2) U  59103  54486     16
  59302 54544        cutoff           1484.0000     1459.9000  1162916    1.62%   x(c47_3_c6_3) U  59302  59300     38
Elapsed time = 454.88 sec. (781144.44 ticks, tree = 1757.79 MB, solutions = 1)
  59501 54730     1463.4167   210     1484.0000     1459.9167  1167997    1.62%   x(c14_2_c7_2) U  59501  30941     24
  59715 54912     1465.9500   214     1484.0000     1459.9167  1172267    1.62%  x(c22_3_c36_3) U  59715  46342     34
  59910 55097     1460.5197   293     1484.0000     1459.9286  1176592    1.62%  x(c12_3_c18_3) D  59910  12424     24
  60092 55270     1466.7859   272     1484.0000     1459.9407  1181425    1.62%   x(c22_3_c2_3) U  60092  54481     31
  60297 55471     1459.9615   252     1484.0000     1459.9483  1185887    1.62%  x(c47_3_c19_3) D  60297  27370     22
  60499 55665     1469.7500   227     1484.0000     1459.9583  1190272    1.62%   x(c47_3_c5_3) U  60499  23146     27
  60680 55839     1459.9881   250     1484.0000     1459.9722  1195171    1.62%  x(c51_5_c11_5) D  60680  54335     42
  60864 56022     1460.0167   235     1484.0000     1459.9833  1199938    1.62%   x(c18_3_c6_3) D  60864  41426     22
  61026 56169     1461.0000    56     1484.0000     1460.0000  1203862    1.62%  x(c37_1_c12_1) U  61026  18981     28
  61224 56330     1466.0000   161     1484.0000     1460.0000  1207828    1.62%  x(c18_3_c19_3) U  61224  61222     43
Elapsed time = 477.13 sec. (819431.15 ticks, tree = 1839.24 MB, solutions = 1)
  61429 56493        cutoff           1484.0000     1460.0000  1212343    1.62%      x(Op_c2_3) U  61429  61427     35
  61633 56669     1460.1667   190     1484.0000     1460.0000  1216361    1.62%   x(c14_2_c7_2) D  61633  46100     27
  61828 56829     1467.6944   209     1484.0000     1460.0000  1220308    1.62%  x(c15_5_c42_5) U  61828   8737     17
  62028 57008     1468.9000   231     1484.0000     1460.0000  1224240    1.62%  x(c27_3_c12_3) U  62028   5475     34
  62242 57189     1460.3333   216     1484.0000     1460.0000  1228251    1.62%  x(c22_3_c35_3) D  62242  62241     31
  62426 57351     1473.5094   266     1484.0000     1460.0000  1232195    1.62%  x(c33_2_c42_2) D  62426  62425     39
  62647 57543     1462.4222   254     1484.0000     1460.0000  1236386    1.62%  x(c47_3_c19_3) U  62647   9409     20
  62814 57706     1460.0256   253     1484.0000     1460.0152  1240994    1.62%  x(c41_2_c37_2) D  62814  54862     36
  62984 57876     1466.0838   271     1484.0000     1460.0301  1245641    1.62%  x(c17_2_c41_2) U  62984  62982     70
  63168 58046     1463.5188   288     1484.0000     1460.0390  1250044    1.61%  x(c33_2_c42_2) U  63168  28300     24
Elapsed time = 499.06 sec. (857673.62 ticks, tree = 1919.74 MB, solutions = 1)
  63372 58239     1461.0342   253     1484.0000     1460.0500  1254440    1.61%   x(c14_2_c7_2) U  63372  52561     26
  63572 58424     1466.8726   289     1484.0000     1460.0580  1258938    1.61%  x(c23_5_c24_5) U  63572  52980     55
  63775 58622     1468.3750   222     1484.0000     1460.0682  1263534    1.61%  x(c12_3_c18_3) U  63775  12681     29
  63976 58805     1460.7492   239     1484.0000     1460.0714  1268042    1.61%   x(c22_3_c2_3) D  63976  20526     13
  64158 58983     1460.3333   208     1484.0000     1460.0833  1272821    1.61%   x(c48_3_c6_3) D  64158  57846     31
  64393 59182     1477.8333   150     1484.0000     1460.0833  1276489    1.61%  x(c37_4_c42_4) D  64393  64390     50
  64582 59364     1481.8571   190     1484.0000     1460.1000  1281146    1.61%  x(c42_2_c33_2) U  64582  64580     29
  64784 59544     1461.9667   118     1484.0000     1460.1042  1285381    1.61%  x(c18_2_c14_2) U  64784  53546     16
  65000 59744     1462.2574   219     1484.0000     1460.1125  1289811    1.61%   x(c48_3_c6_3) U  65000  64998     37
  65185 59929     1464.8244   235     1484.0000     1460.1250  1294488    1.61%    x(c7_3_c6_3) D  65185  65183     27
Elapsed time = 521.38 sec. (895931.86 ticks, tree = 2006.58 MB, solutions = 1)
  65395 60107     1471.6667   217     1484.0000     1460.1250  1298749    1.61%   x(c12_3_c6_3) U  65395  65392     46
  65590 60286     1460.2375   240     1484.0000     1460.1375  1303221    1.61%   x(c14_2_c7_2) D  65590  33276     21
  65772 60456     1468.4565   176     1484.0000     1460.1458  1307831    1.61%   x(c2_3_c35_3) U  65772  65770     48
  65985 60642     1460.4792   224     1484.0000     1460.1552  1312313    1.61%    x(c7_3_c6_3) D  65985  65984     33
  66169 60825     1481.6917   216     1484.0000     1460.1667  1317155    1.61%  x(c48_3_c27_3) U  66169  66166     33
  66380 61000     1461.8333   177     1484.0000     1460.1667  1321182    1.61%  x(c22_3_c28_3) U  66380  26768     27
  66568 61154     1461.4167   226     1484.0000     1460.1667  1324660    1.61%  x(c16_3_c35_3) D  66568  55619     22
  66779 61329        cutoff           1484.0000     1460.1667  1328897    1.61%  x(c15_5_c42_5) N  66779  66777     24
  66980 61514     1461.5089   231     1484.0000     1460.1761  1333248    1.61%  x(c45_5_c30_5) D  66980  66979     20
  67155 61687     1465.0833   131     1484.0000     1460.1905  1337645    1.60%  x(c47_2_c37_2) U  67155  65806     45
Elapsed time = 543.72 sec. (934210.70 ticks, tree = 2089.05 MB, solutions = 1)
Nodefile size = 41.84 MB (40.18 MB after compression)
  67366 61885     1469.8125   214     1484.0000     1460.2000  1341736    1.60%   x(c4_5_c12_5) D  67366  67365     36
  67560 62056     1467.3333   263     1484.0000     1460.2071  1345934    1.60%  x(c41_2_c17_2) U  67560  15761     35
  67765 62245     1460.4167   106     1484.0000     1460.2167  1350097    1.60%   x(c18_3_c6_3) D  67765  67764     29
  67942 62412     1460.2413   270     1484.0000     1460.2287  1354753    1.60%  x(c27_3_c12_3) D  67942  46094     32
  68114 62584     1468.8029   228     1484.0000     1460.2428  1359293    1.60%  x(c27_3_c12_3) U  68114  64816     21
  68302 62762        cutoff           1484.0000     1460.2500  1363490    1.60%  x(c47_3_c25_3) U  68302  68300     44
  68507 62932     1468.7500   234     1484.0000     1460.2500  1367300    1.60%  x(c22_3_c36_3) U  68507  68505     34
  68725 63120     1472.5577   205     1484.0000     1460.2500  1371073    1.60%  x(c27_3_c12_3) U  68725   8010     24
  68923 63291     1463.3721   291     1484.0000     1460.2500  1374794    1.60%  x(c37_5_c12_5) D  68923  52513     19
  69110 63460     1466.1382   236     1484.0000     1460.2547  1379158    1.60%  x(c25_3_c19_3) U  69110  25670     28
Elapsed time = 566.64 sec. (972570.94 ticks, tree = 2173.51 MB, solutions = 1)
Nodefile size = 125.69 MB (120.88 MB after compression)
  69285 63635     1464.9167   245     1484.0000     1460.2685  1383687    1.60%  x(c33_2_c49_2) U  69285  47145     19
  69456 63803     1461.6250    97     1484.0000     1460.2778  1388121    1.60%  x(c37_4_c42_4) U  69456  69455     34
  69637 63978     1464.3907   258     1484.0000     1460.2870  1392764    1.60%   x(c14_2_c7_2) U  69637  64849     33
  69808 64135     1462.0667   157     1484.0000     1460.2963  1397336    1.60%   x(c48_3_c6_3) U  69808  44779     22
  69990 64295     1467.1583   223     1484.0000     1460.3000  1401485    1.60%  x(c25_3_c19_3) N  69990  42699     32
  70184 64475     1460.6429   281     1484.0000     1460.3056  1405556    1.60%  x(c22_3_c36_3) D  70184  70183     22
  70358 64645     1469.1318   245     1484.0000     1460.3153  1409827    1.60%   x(c36_5_c2_5) U  70358  51626     21
  70519 64796     1460.3913   250     1484.0000     1460.3246  1413835    1.60%      x(Op_c2_3) D  70519  63582     37
* 70730+59964                         1473.0000     1460.3333             0.86%
  70733 59969     1460.3333    61     1473.0000     1460.3333  1417825    0.86%  x(c37_4_c42_4) U  70733  45828     33
  70919 60120     1464.8333   200     1473.0000     1460.3333  1420688    0.86%  x(c41_2_c25_2) U  70919  31983     21
Elapsed time = 589.65 sec. (1010846.21 ticks, tree = 2089.50 MB, solutions = 2)
Nodefile size = 199.96 MB (192.25 MB after compression)
  71114 60265     1460.7500   223     1473.0000     1460.3333  1423929    0.86%  x(c41_2_c14_2) D  71114  39490     47
  71317 60424     1467.7500   116     1473.0000     1460.3333  1427527    0.86%  x(c47_2_c37_2) D  71317  71315     35
  71497 60575     1462.0667   259     1473.0000     1460.3462  1431832    0.86%  x(c22_3_c36_3) D  71497  41077     28
  71670 60729     1468.7000   189     1473.0000     1460.3571  1435947    0.86%   x(c4_5_c12_5) U  71670  71668     36
  71836 60873     1471.4667   195     1473.0000     1460.3706  1440819    0.86%  x(c37_5_c30_5) N  71836  71834     41
  72030 61038     1462.5904   293     1473.0000     1460.3750  1445004    0.86%  x(c41_2_c18_2) U  72030  70493     18
  72224 61194     1465.9464   221     1473.0000     1460.3810  1448964    0.86%  x(c27_3_c47_3) U  72224  72215     18
  72403 61354     1467.3444   190     1473.0000     1460.3913  1453300    0.86%  x(c17_2_c33_2) N  72403   6983     85
  72593 61515        cutoff           1473.0000     1460.4000  1457593    0.86%  x(c24_5_c23_5) D  72593  72592     19
  72766 61658     1460.4122   237     1473.0000     1460.4123  1461828    0.85%   x(c22_3_c2_3) D  72766  56364     14
Elapsed time = 612.66 sec. (1049204.60 ticks, tree = 2166.43 MB, solutions = 2)
Nodefile size = 199.96 MB (192.25 MB after compression)
  72965 61826     1463.2083   243     1473.0000     1460.4167  1466087    0.85%  x(c41_2_c25_2) U  72965  72961     21
  73159 61984     1464.8148   222     1473.0000     1460.4286  1470180    0.85%  x(c33_2_c42_2) U  73159  56007     25
  73333 62129     1468.3542   211     1473.0000     1460.4375  1474316    0.85%  x(c35_2_c38_2) D  73333  73332     46
  73517 62287     1464.0035   227     1473.0000     1460.4492  1478419    0.85%  x(c41_2_c18_2) U  73517  73515     23
  73684 62435     1466.3333   190     1473.0000     1460.4583  1482561    0.85%      x(Op_c2_3) U  73684   4613     24
  73858 62582     1466.3206   281     1473.0000     1460.4667  1487037    0.85%  x(c37_3_c18_3) D  73858  73856     20
  74027 62724     1460.6771   262     1473.0000     1460.4811  1491647    0.85%   x(c27_3_c6_3) D  74027  67168     35
  74210 62868     1460.5980   234     1473.0000     1460.4960  1496665    0.85%   x(c22_3_c2_3) D  74210  56525     27
  74405 63034     1463.8000   114     1473.0000     1460.5000  1501286    0.85%  x(c42_2_c37_2) D  74405  18968     27
  74598 63165     1462.0000   145     1473.0000     1460.5000  1505379    0.85%  x(c12_3_c37_3) D  74598  24410     20
Elapsed time = 635.74 sec. (1087499.05 ticks, tree = 2242.60 MB, solutions = 2)
Nodefile size = 199.96 MB (192.25 MB after compression)
* 74613 36860      integral     0     1465.0000     1460.5000  1505638    0.31%
  74802 36921     1460.7083   246     1465.0000     1460.5000  1509029    0.31%  x(c18_3_c12_3) D  74802  31070     69
  74985 36972        cutoff           1465.0000     1460.5000  1511943    0.31%   x(c6_3_c47_3) U  74985  28285     22
  75189 37002     1463.2500   204     1465.0000     1460.5000  1514936    0.31%  x(c24_5_c23_5) D  75189  11552     21
  75393 37065     1460.7500   222     1465.0000     1460.5000  1518050    0.31%  x(c20_5_c31_5) D  75393   8391     21
  75585 37101     1463.2500   193     1465.0000     1460.5000  1520966    0.31%  x(c25_3_c19_3) U  75585   6144     30
  75777 37124     1461.5682   260     1465.0000     1460.5000  1523759    0.31%   x(c2_3_c35_3) D  75777  63336     36
  75976 37150        cutoff           1465.0000     1460.5099  1526898    0.31%  x(c41_2_c47_2) U  75976  39144     37
  76181 37180     1460.5286   221     1465.0000     1460.5286  1529952    0.31%   x(c22_3_c2_3) D  76181  49123     32
  76379 37207        cutoff           1465.0000     1460.5417  1533071    0.30%  x(c37_5_c12_5) U  76379  61047     48
  76590 37271     1463.0000   153     1465.0000     1460.5556  1536227    0.30%  x(c41_2_c17_2) U  76590  38349     25
Elapsed time = 659.98 sec. (1125735.57 ticks, tree = 1330.54 MB, solutions = 3)
Nodefile size = 199.96 MB (192.25 MB after compression)
  76818 37314        cutoff           1465.0000     1460.5667  1539260    0.30%  x(c41_2_c47_2) U  76818  26487     16
  77030 37367        cutoff           1465.0000     1460.5750  1542436    0.30%  x(c22_3_c35_3) U  77030   3695     11
  77260 37448     1460.5833   195     1465.0000     1460.5833  1545757    0.30%  x(c19_3_c47_3) D  77260  75275     32
  77473 37509     1462.1561   255     1465.0000     1460.5937  1548889    0.30%  x(c15_5_c42_5) D  77473  25379     53
  77695 37583        cutoff           1465.0000     1460.6032  1551733    0.30%  x(c27_3_c12_3) U  77695  73597     29
  77905 37650     1461.6518   256     1465.0000     1460.6147  1554901    0.30%  x(c20_5_c31_5) D  77905  22359     20
  78126 37714     1461.0417   246     1465.0000     1460.6250  1558504    0.30%  x(c35_3_c16_3) D  78126  13793     19
  78366 37782     1461.0572   246     1465.0000     1460.6343  1561763    0.30%  x(c41_2_c25_2) D  78366  63271     25
  78582 37830     1460.7065   276     1465.0000     1460.6467  1564954    0.30%  x(c47_3_c19_3) D  78582  65046     15
  78820 37904     1463.9167   207     1465.0000     1460.6606  1568518    0.30%  x(c25_3_c19_3) U  78820  71500     14
Elapsed time = 683.65 sec. (1163983.35 ticks, tree = 1368.67 MB, solutions = 3)
Nodefile size = 199.96 MB (192.25 MB after compression)
  79070 37981        cutoff           1465.0000     1460.6667  1572007    0.30%  x(c47_3_c25_3) U  79070  11062     31
  79288 38031        cutoff           1465.0000     1460.6667  1574958    0.30%   x(c22_3_c2_3) U  79288  36636     17
  79513 38078     1461.1650   240     1465.0000     1460.6750  1578150    0.30%   x(c2_3_c35_3) U  79513  51306     44
  79746 38170     1462.6250   206     1465.0000     1460.6875  1581777    0.29%   x(c2_3_c35_3) D  79746  55693     13
  79982 38242        cutoff           1465.0000     1460.7000  1585515    0.29%  x(c41_2_c33_2) U  79982  79980     44
  80217 38287        cutoff           1465.0000     1460.7083  1588679    0.29%   x(c22_3_c2_3) U  80217  44186     13
  80464 38349     1460.8093   301     1465.0000     1460.7186  1592111    0.29%   x(c2_3_c35_3) D  80464  77504     25
  80699 38425     1461.7222   120     1465.0000     1460.7292  1595623    0.29%  x(c41_2_c14_2) D  80699  48194     34
  80935 38494     1462.6912   221     1465.0000     1460.7407  1598877    0.29%  x(c35_2_c34_2) U  80935  30216     21
  81187 38573        cutoff           1465.0000     1460.7500  1602370    0.29%   x(c27_2_c7_2) U  81187  66184     20
Elapsed time = 707.17 sec. (1202208.38 ticks, tree = 1408.40 MB, solutions = 3)
Nodefile size = 199.96 MB (192.25 MB after compression)
  81407 38637     1461.1875   219     1465.0000     1460.7500  1605444    0.29%  x(c22_3_c28_3) U  81407  77351     21
  81643 38671        cutoff           1465.0000     1460.7500  1608495    0.29%   x(c2_5_c31_5) U  81643  20858     29
  81886 38731        cutoff           1465.0000     1460.7582  1611994    0.29%   x(c27_2_c7_2) U  81886  81884     39
  82125 38810        cutoff           1465.0000     1460.7708  1615811    0.29%  x(c41_2_c17_2) U  82125  82123     28
  82360 38868     1460.7847   236     1465.0000     1460.7848  1619277    0.29%   x(c22_3_c2_3) D  82360  43332     19
  82612 38919     1460.8047   291     1465.0000     1460.7956  1622631    0.29%   x(c6_3_c47_3) D  82612  76263     74
  82858 38974     1460.8016   254     1465.0000     1460.8017  1626251    0.29%  x(c33_2_c42_2) D  82858  51433     74
  83084 39019        cutoff           1465.0000     1460.8158  1629685    0.29%  x(c27_3_c12_3) U  83084  78863     34
  83319 39085        cutoff           1465.0000     1460.8293  1633268    0.28%   x(c25_2_c7_2) U  83319  56279     32
  83564 39174     1460.8333   207     1465.0000     1460.8333  1636863    0.28%   x(c36_5_c2_5) D  83564  60488     18
Elapsed time = 730.04 sec. (1240428.04 ticks, tree = 1444.71 MB, solutions = 3)
Nodefile size = 199.96 MB (192.25 MB after compression)
  83793 39235     1463.3556   202     1465.0000     1460.8333  1640023    0.28%   x(c27_3_c6_3) U  83793  83789     30
  84026 39280     1461.5818   271     1465.0000     1460.8377  1643361    0.28%  x(c37_5_c12_5) D  84026  84025     20
  84268 39336     1460.8516   265     1465.0000     1460.8516  1646761    0.28%  x(c16_3_c35_3) D  84268  82116     41
  84495 39411        cutoff           1465.0000     1460.8651  1650353    0.28%   x(c4_5_c12_5) U  84495  73273     33
  84737 39478     1461.7963   255     1465.0000     1460.8750  1653754    0.28%  x(c45_5_c30_5) D  84737  10658     15
  84991 39551     1463.0667   245     1465.0000     1460.8810  1657249    0.28%  x(c48_3_c27_3) D  84991  84990     26
  85241 39615        cutoff           1465.0000     1460.8929  1660971    0.28%   x(c48_3_c6_3) U  85241  47667     41
  85501 39674     1460.9048   229     1465.0000     1460.9000  1664488    0.28%  x(c47_3_c18_3) D  85501  83098     45
  85742 39765     1460.9397   259     1465.0000     1460.9126  1668132    0.28%  x(c22_3_c28_3) D  85742  77883     28
  85999 39829     1461.0000   244     1465.0000     1460.9167  1671363    0.28%  x(c47_3_c19_3) D  85999  18335     24
Elapsed time = 752.46 sec. (1278644.66 ticks, tree = 1482.90 MB, solutions = 3)
Nodefile size = 199.96 MB (192.25 MB after compression)
  86238 39887        cutoff           1465.0000     1460.9306  1674915    0.28%  x(c42_2_c33_2) U  86238  86236     45
  86473 39922     1463.0857   250     1465.0000     1460.9441  1678545    0.28%   x(c14_2_c7_2) D  86473  86472     36
  86721 39977        cutoff           1465.0000     1460.9524  1682279    0.28%  x(c43_5_c24_5) U  86721   6201     14
  86974 40042        cutoff           1465.0000     1460.9640  1685862    0.28%  x(c35_2_c34_2) U  86974  25569     18
  87214 40078     1462.1444   286     1465.0000     1460.9756  1689555    0.27%   x(c27_3_c6_3) D  87214  87213     32
  87464 40137     1461.0833   236     1465.0000     1460.9882  1693118    0.27%  x(c22_5_c31_5) D  87464  87463     36
* 87588 22177      integral     0     1463.0000     1461.0000  1694770    0.14%
  87729 22163     1461.5000    47     1463.0000     1461.0000  1695935    0.14%  x(c38_2_c51_2) D  87729  87728     40
  87959 22107        cutoff           1463.0000     1461.0000  1697963    0.14%      x(Op_c8_1) U  87959  83494     37
  88168 22043     1461.5000   192     1463.0000     1461.0000  1699788    0.14%  x(c47_2_c17_2) N  88168   1860     36
  88369 21989        cutoff           1463.0000     1461.0000  1701350    0.14%  x(c22_3_c35_3) U  88369  61631     18
Elapsed time = 774.59 sec. (1316926.68 ticks, tree = 827.31 MB, solutions = 4)
Nodefile size = 199.96 MB (192.25 MB after compression)
  88593 21911     1461.5000   230     1463.0000     1461.0000  1703372    0.14%   x(c22_1_c8_1) D  88593  42192     31
  88823 21841     1461.0333   250     1463.0000     1461.0000  1705332    0.14%  x(c22_3_c35_3) D  88823  73533     23
  89068 21755        cutoff           1463.0000     1461.0030  1707314    0.14%   x(c27_3_c6_3) U  89068  86031     27
  89343 21709        cutoff           1463.0000     1461.0208  1709574    0.14%  x(c25_2_c41_2) U  89343  77896     38
  89589 21659        cutoff           1463.0000     1461.0333  1711928    0.13%  x(c41_2_c47_2) U  89589  63126     25
  89848 21605        cutoff           1463.0000     1461.0476  1713964    0.13%  x(c41_2_c25_2) U  89848  64420     24
  90096 21523     1461.6364   250     1463.0000     1461.0595  1716002    0.13%  x(c48_3_c27_3) D  90096  20422     29
  90356 21454        cutoff           1463.0000     1461.0714  1717974    0.13%  x(c36_5_c20_5) D  90356  90355     17
  90600 21373     1461.0813   252     1463.0000     1461.0774  1719758    0.13%   x(c22_3_c2_3) D  90600  77715     22
  90845 21303     1461.2067   247     1463.0000     1461.0833  1721969    0.13%   x(c2_3_c35_3) U  90845  89235     30
Elapsed time = 796.97 sec. (1355137.31 ticks, tree = 806.42 MB, solutions = 4)
Nodefile size = 199.96 MB (192.25 MB after compression)
  91108 21264     1461.9654   216     1463.0000     1461.1000  1724227    0.13%   x(c27_2_c7_2) D  91108  10952     26
  91363 21211        cutoff           1463.0000     1461.1071  1726267    0.13%  x(c18_3_c19_3) U  91363  55694     14
  91609 21128        cutoff           1463.0000     1461.1214  1728350    0.13%    x(c6_1_c8_1) U  91609  82446     45
  91870 21026        cutoff           1463.0000     1461.1250  1730321    0.13%   x(c25_2_c7_2) U  91870  32853     24
  92125 20938        cutoff           1463.0000     1461.1410  1732365    0.13%  x(c33_2_c49_2) U  92125  74012     39
  92375 20837        cutoff           1463.0000     1461.1539  1734200    0.13%  x(c22_3_c28_3) U  92375  66756     30
  92634 20745        cutoff           1463.0000     1461.1667  1736238    0.13%  x(c41_2_c25_2) U  92634  33582     15
  92871 20654     1461.1944   154     1463.0000     1461.1667  1738168    0.13%  x(c27_3_c12_3) D  92871  38898     20
  93119 20555     1461.3981   269     1463.0000     1461.1667  1740009    0.13%  x(c45_5_c30_5) D  93119  79920     30
  93389 20481     1461.1840   256     1463.0000     1461.1840  1741966    0.12%   x(c22_3_c2_3) N  93389  35902     23
Elapsed time = 818.80 sec. (1393401.25 ticks, tree = 778.72 MB, solutions = 4)
Nodefile size = 199.96 MB (192.25 MB after compression)
  93640 20423        cutoff           1463.0000     1461.1968  1744008    0.12%  x(c37_5_c12_5) U  93640  65115     25
  93891 20323        cutoff           1463.0000     1461.2083  1745947    0.12%  x(c22_5_c31_5) U  93891  61028     12
  94147 20239     1461.4762    54     1463.0000     1461.2222  1747958    0.12%  x(c17_2_c47_2) D  94147  91963     36
  94422 20161     1461.2333   246     1463.0000     1461.2333  1749929    0.12%  x(c12_3_c18_3) D  94422  58918     23
  94683 20095        cutoff           1463.0000     1461.2500  1751854    0.12%   x(c25_2_c7_2) D  94683   6625     34
  94948 19992     1462.0000   196     1463.0000     1461.2500  1753763    0.12%  x(c25_2_c41_2) D  94948  44189     34
  95204 19863        cutoff           1463.0000     1461.2500  1755614    0.12%   x(c2_3_c35_3) U  95204  88770     26
  95466 19785     1461.3333   179     1463.0000     1461.2558  1757567    0.12%  x(c14_2_c47_2) D  95466  78846     63
  95732 19708        cutoff           1463.0000     1461.2714  1759535    0.12%  x(c47_3_c18_3) D  95732  49590     16
  95996 19617        cutoff           1463.0000     1461.2857  1761459    0.12%   x(c22_1_c8_1) D  95996  81312     28
Elapsed time = 840.36 sec. (1431632.90 ticks, tree = 748.60 MB, solutions = 4)
Nodefile size = 199.96 MB (192.25 MB after compression)
  96274 19513     1461.3947   118     1463.0000     1461.3000  1763310    0.12%  x(c14_2_c47_2) D  96274  84572     36
  96542 19407        cutoff           1463.0000     1461.3077  1765231    0.12%  x(c35_3_c16_3) D  96542  22130     23
  96808 19335        cutoff           1463.0000     1461.3214  1767101    0.11%  x(c37_5_c30_5) U  96808  52395     16
  97076 19240        cutoff           1463.0000     1461.3333  1769011    0.11%    x(c3_1_c8_1) N  97076  96109     52
  97328 19114        cutoff           1463.0000     1461.3333  1770798    0.11%  x(c25_3_c19_3) U  97328  61223     44
  97589 18992        cutoff           1463.0000     1461.3333  1772599    0.11%  x(c18_3_c47_3) U  97589  97586     23
  97858 18902        cutoff           1463.0000     1461.3500  1774417    0.11%  x(c14_2_c41_2) U  97858  89953     35
  98123 18786        cutoff           1463.0000     1461.3611  1775996    0.11%  x(c37_5_c30_5) U  98123  77265     20
  98396 18689     1461.3750   142     1463.0000     1461.3750  1777966    0.11%  x(c25_2_c41_2) D  98396  38169     14
  98659 18547        cutoff           1463.0000     1461.3752  1779638    0.11%  x(c45_5_c30_5) U  98659  62867     18
Elapsed time = 861.33 sec. (1469890.23 ticks, tree = 708.75 MB, solutions = 4)
Nodefile size = 199.96 MB (192.25 MB after compression)
  98921 18431        cutoff           1463.0000     1461.3889  1781290    0.11%   x(c27_3_c6_3) U  98921  98919     40
  99199 18343        cutoff           1463.0000     1461.4000  1783031    0.11%  x(c41_2_c12_2) U  99199  28989     25
  99481 18240        cutoff           1463.0000     1461.4118  1784617    0.11%  x(c43_5_c24_5) U  99481  22693     33
  99744 18107     1461.9891   267     1463.0000     1461.4167  1786114    0.11%  x(c45_5_c30_5) D  99744  97761     18
 100029 18002     1461.9444   179     1463.0000     1461.4306  1787880    0.11%   x(c47_3_c6_3) D 100029  47495     24
 100300 17866     1461.6980   296     1463.0000     1461.4427  1789567    0.11%   x(c27_3_c6_3) D 100300 100299     49
 100556 17718     1461.6250   245     1463.0000     1461.4524  1791161    0.11%  x(c27_3_c12_3) D 100556  42637     19
 100818 17591        cutoff           1463.0000     1461.4643  1792751    0.10%  x(c18_3_c37_3) U 100818  48469     28
 101077 17466        cutoff           1463.0000     1461.4783  1794329    0.10%   x(c22_3_c2_3) U 101077  54773     14
 101365 17349        cutoff           1463.0000     1461.5000  1796086    0.10%  x(c49_2_c30_2) U 101365  90670     37
Elapsed time = 881.88 sec. (1508105.81 ticks, tree = 662.37 MB, solutions = 4)
Nodefile size = 199.96 MB (192.25 MB after compression)
 101635 17180        cutoff           1463.0000     1461.5000  1797860    0.10%   x(c4_5_c12_5) U 101635  51308     55
 101882 17009        cutoff           1463.0000     1461.5000  1799316    0.10%   x(c2_3_c35_3) D 101882 101881     42
 102120 16860        cutoff           1463.0000     1461.5000  1800752    0.10%   x(c26_3_c2_3) U 102120    344     29
 102358 16713        cutoff           1463.0000     1461.5000  1802221    0.10%  x(c22_3_c35_3) D 102358   6960     14
 102602 16550        cutoff           1463.0000     1461.5000  1803808    0.10%   x(c2_3_c35_3) U 102602 102600     31
 102853 16407     1461.5000   183     1463.0000     1461.5000  1805160    0.10%  x(c47_3_c19_3) D 102853  44048     23
 103102 16262        cutoff           1463.0000     1461.5000  1806699    0.10%    x(c7_3_c6_3) U 103102  89425     27
 103359 16131     1461.5143   194     1463.0000     1461.5143  1808259    0.10%  x(c22_3_c36_3) N 103359  96869     45
 103596 15998        cutoff           1463.0000     1461.5278  1809530    0.10%  x(c45_5_c30_5) U 103596  27169     15
 103852 15867        cutoff           1463.0000     1461.5394  1810867    0.10%  x(c41_2_c47_2) U 103852  46867     29
Elapsed time = 902.39 sec. (1546349.24 ticks, tree = 605.97 MB, solutions = 4)
Nodefile size = 199.96 MB (192.25 MB after compression)
 104093 15744        cutoff           1463.0000     1461.5529  1812385    0.10%  x(c22_3_c28_3) D 104093 104092     31
 104347 15601        cutoff           1463.0000     1461.5652  1813877    0.10%  x(c12_3_c27_3) U 104347  96056     52
 104612 15443        cutoff           1463.0000     1461.5736  1815476    0.10%  x(c27_3_c12_3) U 104612  77907     31
 104883 15292     1461.5833   225     1463.0000     1461.5833  1816824    0.10%  x(c31_5_c22_5) D 104883  95625     17
 105137 15159     1461.9444   214     1463.0000     1461.5952  1818263    0.10%  x(c19_3_c47_3) D 105137 105136     29
 105420 14982        cutoff           1463.0000     1461.6061  1819912    0.10%   x(c27_3_c6_3) U 105420  81956     35
 105694 14806     1462.0000    94     1463.0000     1461.6215  1821240    0.09%  x(c37_4_c42_4) D 105694 105692     20
 105965 14628        cutoff           1463.0000     1461.6250  1822597    0.09%  x(c47_3_c18_3) D 105965  32176     20
 106231 14471        cutoff           1463.0000     1461.6392  1824062    0.09%   x(c2_3_c35_3) U 106231  99287     40
 106481 14303        cutoff           1463.0000     1461.6500  1825277    0.09%  x(c22_3_c35_3) U 106481  60746     37
Elapsed time = 922.33 sec. (1584571.57 ticks, tree = 542.65 MB, solutions = 4)
Nodefile size = 199.96 MB (192.25 MB after compression)
 106739 14169     1461.7154   293     1463.0000     1461.6667  1826582    0.09%   x(c22_3_c2_3) D 106739  94272     23
 107031 13983        cutoff           1463.0000     1461.6667  1827960    0.09%  x(c22_3_c16_3) U 107031  21774     28
 107272 13806        cutoff           1463.0000     1461.6667  1829106    0.09%  x(c37_5_c12_5) D 107272  47004     17
 107547 13639        cutoff           1463.0000     1461.6806  1830442    0.09%  x(c35_2_c34_2) U 107547  79390     26
 107823 13443        cutoff           1463.0000     1461.6944  1831683    0.09%   x(c2_3_c35_3) D 107823 104918     21
 108103 13246     1461.8214   229     1463.0000     1461.7018  1832894    0.09%  x(c12_3_c18_3) D 108103  59341     15
 108365 13068        cutoff           1463.0000     1461.7154  1834099    0.09%  x(c47_3_c19_3) D 108365 105719     19
 108638 12894        cutoff           1463.0000     1461.7292  1835312    0.09%  x(c37_5_c30_5) U 108638  13708     36
 108912 12714        cutoff           1463.0000     1461.7464  1836478    0.09%   x(c14_2_c7_2) D 108912  81013     22
 109171 12528     1462.0000   162     1463.0000     1461.7500  1837686    0.09%  x(c42_2_c37_2) N 109171 105492     47
Elapsed time = 941.73 sec. (1622789.42 ticks, tree = 469.83 MB, solutions = 4)
Nodefile size = 199.96 MB (192.25 MB after compression)
 109433 12321        cutoff           1463.0000     1461.7500  1838775    0.09%  x(c22_3_c36_3) D 109433  96507     28
 109692 12114        cutoff           1463.0000     1461.7500  1839871    0.09%  x(c45_5_c30_5) U 109692 103648     40
 109971 11911        cutoff           1463.0000     1461.7667  1841072    0.08%  x(c37_5_c12_5) U 109971 109967     18
 110250 11712        cutoff           1463.0000     1461.7812  1842222    0.08%  x(c42_2_c33_2) U 110250  54772     37
 110513 11528        cutoff           1463.0000     1461.7917  1843367    0.08%  x(c45_5_c30_5) U 110513 110511     15
 110786 11321        cutoff           1463.0000     1461.8000  1844376    0.08%  x(c12_3_c27_3) U 110786  51296     43
 111064 11107        cutoff           1463.0000     1461.8167  1845578    0.08%  x(c47_3_c18_3) U 111064  86364     33
 111349 10905        cutoff           1463.0000     1461.8314  1846662    0.08%  x(c22_3_c28_3) U 111349 101008     32
 111623 10692        cutoff           1463.0000     1461.8333  1847772    0.08%  x(c47_3_c19_3) D 111623 105278     18
 111867 10478        cutoff           1463.0000     1461.8333  1848727    0.08%  x(c47_3_c25_3) U 111867  85981     29
Elapsed time = 960.81 sec. (1661039.19 ticks, tree = 385.01 MB, solutions = 4)
Nodefile size = 199.96 MB (192.25 MB after compression)
 112134 10264        cutoff           1463.0000     1461.8442  1849700    0.08%      x(Op_c8_1) U 112134 103508     38
 112402 10052        cutoff           1463.0000     1461.8571  1850611    0.08%   x(c22_1_c8_1) D 112402  17273     19
 112661  9846        cutoff           1463.0000     1461.8725  1851561    0.08%   x(c22_1_c8_1) U 112661  13358     26
 112931  9625        cutoff           1463.0000     1461.8750  1852492    0.08%    x(c7_3_c6_3) D 112931  92206     25
 113209  9389        cutoff           1463.0000     1461.8889  1853417    0.08%  x(c14_5_c18_5) D 113209  97511     53
 113460  9173        cutoff           1463.0000     1461.9000  1854381    0.08%  x(c23_5_c24_5) U 113460  84088     23
 113741  8953        cutoff           1463.0000     1461.9156  1855301    0.07%   x(c14_2_c7_2) U 113741  99417     23
 113993  8728        cutoff           1463.0000     1461.9211  1856144    0.07%   x(c2_5_c31_5) U 113993  10564     28
 114258  8495        cutoff           1463.0000     1461.9338  1857020    0.07%   x(c27_3_c6_3) U 114258  99598     25
 114533  8263     1461.9486   285     1463.0000     1461.9487  1857782    0.07%  x(c41_2_c47_2) D 114533  29822     50
Elapsed time = 979.32 sec. (1699268.94 ticks, tree = 291.98 MB, solutions = 4)
Nodefile size = 199.96 MB (192.25 MB after compression)
 114800  8027        cutoff           1463.0000     1461.9623  1858550    0.07%  x(c17_2_c41_2) U 114800  98956     50
 115068  7784     1461.9773   208     1463.0000     1461.9773  1859263    0.07%  x(c41_2_c47_2) N 115068  86651     26
 115332  7539        cutoff           1463.0000     1462.0000  1859899    0.07%  x(c42_2_c33_2) U 115332  87587     32
 115620  7317        cutoff           1463.0000     1462.0000  1860877    0.07%  x(c35_2_c38_2) U 115620  96780     43
 115881  7092        cutoff           1463.0000     1462.0000  1861673    0.07%  x(c31_5_c22_5) U 115881  85831     26
 116126  6870        cutoff           1463.0000     1462.0000  1862471    0.07%  x(c27_3_c12_3) U 116126  41144     15
 116361  6655        cutoff           1463.0000     1462.0000  1863250    0.07%  x(c12_3_c18_3) U 116361  95077     18
 116609  6433        cutoff           1463.0000     1462.0000  1864053    0.07%  x(c47_3_c25_3) D 116609  24004     22
 116872  6192        cutoff           1463.0000     1462.0000  1864849    0.07%  x(c47_3_c18_3) U 116872  24082     18

Zero-half cuts applied:  59
User cuts applied:  5391

Root node processing (before b&c):
  Real time             =    0.25 sec. (312.89 ticks)
Sequential b&c:
  Real time             =  995.79 sec. (1735886.10 ticks)
                          ------------
Total (root+branch&cut) =  996.04 sec. (1736198.99 ticks)

