Version identifier: 22.1.0.0 | 2022-03-09 | 1a383f8ce
CPXPARAM_Preprocessing_Reduce                    1
CPXPARAM_Threads                                 1
CPXPARAM_Preprocessing_Reformulations            0
CPXPARAM_Emphasis_MIP                            2
CPXPARAM_TimeLimit                               7200
CPXPARAM_MIP_Tolerances_AbsMIPGap                0.98999999999999999
CPXPARAM_MIP_Limits_TreeMemory                   20000
Legacy callback                                  BbD
1 of 1 MIP starts provided solutions.
MIP start 'm1' defined initial solution with objective 11880.0000.
Tried aggregator 1 time.
MIP Presolve modified 1587 coefficients.
Reduced MIP has 1874 rows, 1727 columns, and 8428 nonzeros.
Reduced MIP has 1656 binaries, 0 generals, 0 SOSs, and 0 indicators.
Presolve time = 0.00 sec. (4.80 ticks)
Probing time = 0.00 sec. (2.59 ticks)
Tried aggregator 1 time.
Reduced MIP has 1874 rows, 1727 columns, and 8428 nonzeros.
Reduced MIP has 1656 binaries, 0 generals, 0 SOSs, and 0 indicators.
Presolve time = 0.00 sec. (2.98 ticks)
Probing time = 0.00 sec. (2.60 ticks)
Clique table members: 903.
MIP emphasis: optimality.
MIP search method: traditional branch-and-cut.
Parallel mode: none, using 1 thread.
Root relaxation solution time = 0.00 sec. (3.63 ticks)

        Nodes                                         Cuts/
   Node  Left     Objective  IInf  Best Integer    Best Bound    ItCnt     Gap         Variable B NodeID Parent  Depth

*     0+    0                        11880.0000        0.0000           100.00%
      0     0    10025.2565   145    11880.0000    10025.2565      260   15.61%
      0     0    11117.0000   134    11880.0000      Cuts: 38      354    6.42%
      0     0    11117.1620   131    11880.0000       Cuts: 2      364    6.42%
      0     0    11117.3842   151    11880.0000       Cuts: 4      379    6.42%
      0     0    11167.1455   146    11880.0000     Covers: 1      391    6.00%
      0     0    11181.1455   140    11880.0000       Cuts: 4      401    5.88%
      0     0    11181.3955   148    11880.0000       Cuts: 3      419    5.88%
      0     2    11181.3955   145    11880.0000    11236.6455      419    5.42%                        0             0
Elapsed time = 0.18 sec. (399.99 ticks, tree = 0.01 MB, solutions = 1)
     10    11    11509.7278    84    11880.0000    11236.6455      537    5.42%  x(c35_1_c38_1) D     10      9      9
     61    50    11545.1520    88    11880.0000    11245.6455      802    5.34%  x(c33_2_c31_2) U     61     59      8
    118    93    11260.4078   156    11880.0000    11260.7963     1231    5.21%  x(c38_1_c35_1) D    118    115      2
    187   160    11342.9081   129    11880.0000    11334.9453     3368    4.59%   x(c9_3_c21_3) U    187    152      9
    279   252    11379.2029   137    11880.0000    11365.4556     6138    4.33%  x(c31_2_c24_2) D    279    200      7
    391   360    11379.2308   124    11880.0000    11378.2664     8204    4.22%  x(c33_2_c22_2) D    391    390     20
    508   474    11435.3339   123    11880.0000    11378.4676     9256    4.22%   x(c9_3_c32_3) U    508    229     11
    559   524    11484.6025   114    11880.0000    11383.4964    12770    4.18%  x(c33_2_c24_2) U    559    234     11
    629   588    11779.7935   133    11880.0000    11388.4679    16675    4.14%   x(c14_3_c9_3) D    629    436     20
    974   886    11503.7500   106    11880.0000    11469.2500    30501    3.46%  x(c33_2_c31_2) D    974    534      9
Elapsed time = 1.55 sec. (3525.23 ticks, tree = 1.12 MB, solutions = 1)
   1524  1407    11591.0906   126    11880.0000    11485.3541    41739    3.32%  x(c24_2_c31_2) D   1524    515     16
   2093  1956    11525.0000   110    11880.0000    11497.4322    55594    3.22%  x(c33_2_c31_2) U   2093    572      9
   2734  2569    11554.6868    92    11880.0000    11505.0992    67313    3.16%  x(c39_1_c31_1) U   2734   2732     19
   3390  3213    11510.4565   143    11880.0000    11509.8050    77350    3.12%  x(c33_2_c21_2) D   3390   3389     20
   4000  3808    11554.6795    82    11880.0000    11514.2620    91025    3.08%  x(c27_3_c21_3) D   4000   1037     18
   4590  4376    11526.9015    93    11880.0000    11518.1373   105604    3.05%   x(c32_1_c5_1) D   4590   4588     15
   5204  4981    11581.6158    94    11880.0000    11522.1373   119998    3.01%  x(c39_1_c31_1) U   5204   3612     10
   5837  5569    11556.5667    99    11880.0000    11525.6719   133186    2.98%  x(c35_1_c38_1) D   5837   3965     14
   6353  6070    11607.8889   114    11880.0000    11529.3805   146335    2.95%   x(c32_1_c5_1) U   6353   6352     10
   6926  6627    11540.7214   125    11880.0000    11532.3554   161085    2.93%  x(c38_1_c39_1) D   6926   4930     12
Elapsed time = 5.78 sec. (13128.82 ticks, tree = 7.00 MB, solutions = 1)
   7520  7208    11535.8932   113    11880.0000    11535.9117   175394    2.90%  x(c22_1_c31_1) D   7520   6061     19
   8108  7776    11626.4108   119    11880.0000    11538.1984   188368    2.88%  x(c14_3_c17_3) U   8108   6596     18
   8669  8323    11553.9283   116    11880.0000    11541.3795   202820    2.85%  x(c34_2_c43_2) D   8669    841      9
   9084  8702    11556.7409   103    11880.0000    11543.4208   214482    2.83%  x(c35_1_c38_1) U   9084   6677     16
   9670  9260    11636.8446    98    11880.0000    11545.8840   228337    2.81%   x(c32_1_c5_1) D   9670   6544     20
  10212  9763    11642.9732   137    11880.0000    11547.4187   238714    2.80%  x(c35_1_c39_1) U  10212   1494     15
  10800 10311    11627.9673   121    11880.0000    11549.9309   252619    2.78%   x(c9_3_c17_3) U  10800   9123     16
  11177 10675    11554.9310   105    11880.0000    11551.5250   262840    2.76%  x(c34_2_c43_2) U  11177  11176     13
  11682 11146    11588.8528   108    11880.0000    11553.5196   277354    2.75%   x(c9_3_c33_3) U  11682   2209     15
  12098 11548    11677.5000   106    11880.0000    11555.4624   290194    2.73%  x(c22_1_c33_1) D  12098   7128     17
Elapsed time = 10.04 sec. (22690.31 ticks, tree = 12.37 MB, solutions = 1)
  12581 12000    11584.5544   114    11880.0000    11557.8880   305784    2.71%  x(c22_1_c31_1) D  12581   9946     18
  13095 12493    11569.7167   118    11880.0000    11560.1558   320813    2.69%   x(c9_3_c32_3) D  13095  10665     15
  13614 12978    11562.4429   135    11880.0000    11562.1827   335423    2.68%  x(c16_3_c14_3) D  13614  13613     18
  14000 13345    11596.7507   139    11880.0000    11563.3380   344833    2.67%  x(c24_2_c31_2) U  14000   6264     17
  14547 13825    11596.0833   114    11880.0000    11565.4557   359266    2.65%  x(c24_2_c31_2) U  14547   6538     17
  15108 14343    11613.0292    87    11880.0000    11567.4159   373371    2.63%  x(c31_1_c39_1) U  15108  11197     21
  15667 14825    11665.8725   109    11880.0000    11569.2201   387557    2.62%   x(c27_3_c9_3) D  15667  15665     17
  16156 15252    11570.5000   134    11880.0000    11570.5029   398879    2.61%   x(c9_3_c27_3) D  16156   8425     18
  16779 15822    11742.6426   105    11880.0000    11572.0574   412030    2.59%  x(c27_3_c14_3) U  16779  15760     23
  17179 16182    11616.5922   108    11880.0000    11573.0893   421034    2.58%   x(c2_2_c39_2) D  17179  17177     22
Elapsed time = 14.51 sec. (32840.99 ticks, tree = 17.07 MB, solutions = 1)
  17760 16684    11574.7238    83    11880.0000    11574.5000   434712    2.57%  x(c14_3_c32_3) U  17760  15455     17
  18167 17027    11575.9311   124    11880.0000    11575.6667   442907    2.56%  x(c33_3_c17_3) D  18167  16922     22
  18800 17586    11577.1866   104    11880.0000    11576.9520   455441    2.55%  x(c21_3_c17_3) D  18800  18799     20
  19420 18115    11619.2736   122    11880.0000    11578.2002   468403    2.54%  x(c22_1_c33_1) U  19420  19418     29
  20042 18649    11589.2500   123    11880.0000    11579.5417   480603    2.53%   x(c9_3_c27_3) N  20042   2669     17
  20718 19246    11678.5439    92    11880.0000    11580.8803   492613    2.52%  x(c48_3_c14_3) U  20718   9896     23
  21336 19732    11625.1256   102    11880.0000    11582.1336   504776    2.51%   x(c31_1_c5_1) D  21336  21335     28
  21882 20177        cutoff          11880.0000    11583.6138   517552    2.49%  x(c17_3_c14_3) U  21882   8887     40
  22136 20387    infeasible          11880.0000    11584.3309   523852    2.49%  x(c39_1_c31_1) U  22136  19799     32
  22697 20826    11646.1477   108    11880.0000    11585.8270   537165    2.48%  x(c32_3_c14_3) U  22697  22424     22
Elapsed time = 18.66 sec. (42388.67 ticks, tree = 22.44 MB, solutions = 1)
  23214 21261    11657.8333   118    11880.0000    11587.3333   551173    2.46%  x(c14_3_c27_3) D  23214  19482     17
  23719 21651    11594.9328   112    11880.0000    11589.0690   565685    2.45%  x(c14_2_c11_2) U  23719   9048     11
  24210 22012    11639.6667   107    11880.0000    11590.6667   580351    2.44%  x(c17_3_c27_3) D  24210  24209     16
  24698 22354    11766.8630   121    11880.0000    11592.4577   594784    2.42%  x(c32_3_c14_3) D  24698  23428     19
  25000 22575    11597.1281    98    11880.0000    11593.4665   603479    2.41%  x(c21_3_c27_3) U  25000  13059     19
  25460 22946        cutoff          11880.0000    11595.4340   618438    2.40%  x(c32_3_c14_3) U  25460   7689     16
  25953 23337    11712.2974   113    11880.0000    11597.2190   632342    2.38%  x(c16_3_c14_3) D  25953   7951     17
  26433 23707    11637.1667    66    11880.0000    11599.2500   646997    2.36%   x(c9_3_c27_3) U  26433  21877     19
  26920 24088    11617.6904   118    11880.0000    11601.0262   661568    2.35%  x(c17_3_c27_3) D  26920  25676     15
  27272 24372    11864.6989    85    11880.0000    11602.3333   672735    2.34%   x(c9_3_c32_3) U  27272   7888     19
Elapsed time = 22.90 sec. (51952.79 ticks, tree = 26.10 MB, solutions = 1)
  27759 24755    11638.5397   121    11880.0000    11604.2340   687524    2.32%  x(c32_3_c14_3) U  27759  18579     20
  28252 25188    11628.2778   123    11880.0000    11606.1289   701730    2.31%   x(c33_2_c6_2) D  28252   6322     24
  28728 25568    11639.4303   116    11880.0000    11607.7500   715837    2.29%  x(c27_3_c21_3) D  28728  10571     17
  29156 25916    11698.6784   136    11880.0000    11609.4777   728289    2.28%  x(c35_1_c39_1) U  29156   6476     17
  29621 26280    11683.7085   111    11880.0000    11611.0418   743107    2.26%  x(c17_3_c27_3) U  29621  27821     18
  30107 26684    11674.6216    96    11880.0000    11612.5225   757142    2.25%   x(c2_2_c39_2) U  30107  18114     22
  30565 27070    11719.7132    98    11880.0000    11614.1518   772273    2.24%  x(c31_1_c39_1) U  30565  18818     26
  31000 27441    11632.3889   108    11880.0000    11615.7763   785620    2.22%  x(c21_3_c27_3) D  31000  25836     19
  31460 27793    11634.3573   142    11880.0000    11617.4439   799877    2.21%  x(c21_3_c27_3) D  31460  12212     23
  31916 28154    11661.2900   116    11880.0000    11619.0720   814948    2.20%  x(c33_2_c22_2) U  31916   3168     16
Elapsed time = 27.24 sec. (61665.59 ticks, tree = 29.91 MB, solutions = 1)
  32260 28438    11647.0051   103    11880.0000    11620.1546   824761    2.19%   x(c9_3_c27_3) D  32260  14765     21
  32737 28825    11700.8333   107    11880.0000    11621.5378   839854    2.18%   x(c11_2_c6_2) U  32737  19630     24
  33100 29113    11679.3584   139    11880.0000    11622.6091   849988    2.17%  x(c17_3_c27_3) U  33100  33098     20
  33578 29526    11623.8385   117    11880.0000    11623.8385   864653    2.16%   x(c11_2_c6_2) D  33578  29815     15
  34056 29897    11669.5949    85    11880.0000    11625.0678   879378    2.15%  x(c17_3_c27_3) D  34056  24494     16
  34549 30266    11692.1808   136    11880.0000    11626.3260   893957    2.14%   x(c6_2_c11_2) D  34549  14874     16
  35042 30659    11785.5897   123    11880.0000    11627.5442   908215    2.13%  x(c21_3_c27_3) U  35042   7072     13
  35518 31027    11705.2834    65    11880.0000    11628.6843   922818    2.12%  x(c34_2_c43_2) U  35518  15918     14
  36000 31407    11691.3743    91    11880.0000    11629.8475   936822    2.11%  x(c17_3_c14_3) U  36000  11104     20
  36489 31789    11820.0000    63    11880.0000    11631.0000   951021    2.10%  x(c32_3_c14_3) U  36489  21280     16
Elapsed time = 31.51 sec. (71348.24 ticks, tree = 33.68 MB, solutions = 1)
  36975 32178    11647.7206    96    11880.0000    11632.2255   964801    2.09%  x(c21_2_c32_2) D  36975  36973     21
  37459 32578    11674.0697    95    11880.0000    11633.4857   979687    2.08%  x(c14_3_c32_3) D  37459  37457     20
  37937 32971    11680.2323   106    11880.0000    11634.6667   993864    2.07%  x(c24_2_c31_2) D  37937  31237     19
  38260 33255    11660.6014   147    11880.0000    11635.2836  1002392    2.06%  x(c27_3_c14_3) D  38260   3939     16
  38780 33697    11636.7222    99    11880.0000    11636.3156  1016144    2.05%  x(c21_2_c32_2) U  38780  32232     23
  39282 34125    11653.3443   120    11880.0000    11637.4926  1030298    2.04%  x(c32_3_c14_3) U  39282  23676     19
  39779 34547    11671.2595   115    11880.0000    11638.4439  1044628    2.03%  x(c24_2_c31_2) D  39779  32276     21
  40000 34745    11655.3957   118    11880.0000    11638.8964  1051022    2.03%  x(c17_3_c27_3) U  40000  30149     20
  40540 35223    11640.8333   114    11880.0000    11639.8470  1064606    2.02%   x(c6_2_c11_2) D  40540  23976     13
  41000 35635    11692.1667   108    11880.0000    11640.7549  1076656    2.01%  x(c27_3_c21_3) D  41000   7252     17
Elapsed time = 35.76 sec. (81256.07 ticks, tree = 39.08 MB, solutions = 1)
  41530 36100    11681.0336   114    11880.0000    11641.6743  1090445    2.01%  x(c17_3_c27_3) D  41530  21309     15
  42046 36570    11644.4250   108    11880.0000    11642.6796  1104349    2.00%  x(c17_3_c27_3) D  42046  27863     21
  42576 37027    11728.5425   124    11880.0000    11643.5442  1117532    1.99%   x(c9_3_c32_3) U  42576  42575     23
  43105 37501    11684.4095   122    11880.0000    11644.5306  1130776    1.98%  x(c33_2_c22_2) U  43105   3935     17
  43623 37953    11792.5000    78    11880.0000    11645.5000  1144324    1.97%  x(c16_3_c14_3) U  43623  43621     22
  44000 38272    11658.7178   113    11880.0000    11646.1667  1153530    1.97%  x(c14_2_c11_2) U  44000  35961     20
  44526 38725    11723.4167   107    11880.0000    11647.1596  1166922    1.96%   x(c27_3_c9_3) D  44526  27067     15
  45051 39182    11841.3609   111    11880.0000    11648.0159  1180372    1.95%  x(c14_2_c11_2) D  45051  10931     20
  45585 39648    11659.9091   124    11880.0000    11648.9093  1193314    1.95%   x(c9_3_c17_3) D  45585  40747     20
  47713 41514    11726.9167   124    11880.0000    11652.0871  1246191    1.92%  x(c21_3_c27_3) U  47713  30132     17
Elapsed time = 41.13 sec. (93822.50 ticks, tree = 45.06 MB, solutions = 1)
  49429 43035    11689.8086   103    11880.0000    11654.4359  1288279    1.90%  x(c17_3_c27_3) U  49429  22284     24
  51538 44930    11690.7161   125    11880.0000    11657.2470  1339313    1.88%   x(c2_2_c39_2) U  51538  48118     27
  53435 46593    11730.3810   106    11880.0000    11660.0323  1389407    1.85%   x(c6_2_c11_2) D  53435  51071     28
  55315 48231    11741.0438    82    11880.0000    11662.5098  1435528    1.83%  x(c17_3_c27_3) D  55315  23252     25
  57362 49993    11794.6929   127    11880.0000    11665.0162  1488679    1.81%  x(c32_3_c21_3) U  57362  38295     17
  59234 51589    11691.8664   110    11880.0000    11667.3847  1539895    1.79%  x(c21_3_c17_3) N  59234  36234     18
  61000 53033    11687.2883   100    11880.0000    11669.5000  1589089    1.77%  x(c17_3_c27_3) U  61000  26908     22
  62960 54589    11679.5536   108    11880.0000    11671.7500  1645146    1.75%  x(c32_3_c14_3) N  62960  54939     15
  64834 56042    11743.8713   120    11880.0000    11673.8160  1698588    1.74%  x(c17_3_c27_3) D  64834  16372     22
  66696 57478    infeasible          11880.0000    11675.8456  1750816    1.72%   x(c14_3_c9_3) U  66696  66695     24
Elapsed time = 57.53 sec. (132069.74 ticks, tree = 61.31 MB, solutions = 1)
  68415 58720    11746.7500    78    11880.0000    11677.7500  1797686    1.70%  x(c27_3_c21_3) D  68415  68413     24
  70085 59973    11726.3333   130    11880.0000    11679.6667  1844337    1.69%  x(c14_3_c32_3) D  70085  70083     16
  72039 61439    11694.5425   101    11880.0000    11681.6969  1897831    1.67%  x(c31_1_c39_1) D  72039  39392     26
  74000 62878    11685.5583    84    11880.0000    11683.5593  1948471    1.65%  x(c17_3_c27_3) U  74000  31406     21
  75980 64293    infeasible          11880.0000    11685.4697  2000561    1.64%  x(c17_3_c27_3) D  75980  55242     21
  77851 65699    11737.4500   109    11880.0000    11687.2000  2050636    1.62%  x(c21_3_c27_3) U  77851  39661     18
  79542 66960    11788.2552    92    11880.0000    11688.8621  2099621    1.61%  x(c27_3_c14_3) U  79542  13072     19
  81239 68229    11706.5000    82    11880.0000    11690.3333  2146977    1.60%  x(c38_1_c39_1) U  81239  69446     24
  83000 69487    11691.8957   130    11880.0000    11691.8965  2196695    1.58%   x(c2_2_c38_2) D  83000  80843     25
  84958 70873    11707.8696   103    11880.0000    11693.6188  2251068    1.57%  x(c31_1_c39_1) D  84958  84956     23
Elapsed time = 73.85 sec. (170542.81 ticks, tree = 77.78 MB, solutions = 1)
  86828 72166    11801.5278   112    11880.0000    11695.3308  2303807    1.55%   x(c32_1_c5_1) D  86828  63732     26
  88542 73328    11736.3947   108    11880.0000    11696.8333  2354199    1.54%  x(c14_2_c11_2) U  88542  12384     17
  90512 74615    11815.7384   131    11880.0000    11698.6142  2407711    1.53%  x(c21_3_c17_3) U  90512  39090     20
  91999 75613    11846.8098    82    11880.0000    11699.9088  2450379    1.52%   x(c27_3_c9_3) U  91999  61795     29
  93666 76697    11721.3256   117    11880.0000    11701.3721  2499065    1.50%  x(c21_2_c32_2) U  93666  78818     15
  95479 77862    11717.4723   109    11880.0000    11702.9370  2551440    1.49%  x(c33_2_c32_2) D  95479  27895     20
  97298 79034    11810.9048    94    11880.0000    11704.5027  2603709    1.48%   x(c21_3_c9_3) U  97298  65988     22
  98945 80074    11768.0122   116    11880.0000    11705.9762  2653100    1.46%   x(c6_2_c11_2) D  98945  69330     21
 100729 81210    11722.3858   108    11880.0000    11707.5276  2706443    1.45%  x(c33_3_c21_3) D 100729  44392     25
 102266 82188    11715.6748   102    11880.0000    11708.7397  2752180    1.44%   x(c9_3_c32_3) D 102266  90550     22
Elapsed time = 89.95 sec. (208700.92 ticks, tree = 89.49 MB, solutions = 1)
 104088 83297    11839.6823   138    11880.0000    11710.2853  2805300    1.43%   x(c9_3_c21_3) U 104088  54291     19
 105795 84349    11751.1051    88    11880.0000    11711.6392  2855437    1.42%  x(c17_3_c27_3) D 105795  61547     21
 107649 85494    11769.8815   120    11880.0000    11713.0549  2906857    1.41%  x(c14_3_c32_3) U 107649  62187     21
 109418 86568    11734.2750   127    11880.0000    11714.5000  2957246    1.39%  x(c32_2_c31_2) D 109418 100369     17
 111068 87526    11715.8916   131    11880.0000    11715.8667  3003974    1.38%  x(c17_3_c27_3) U 111068 108354     22
 112558 88317    11849.9478   130    11880.0000    11717.0157  3048556    1.37%   x(c31_1_c5_1) U 112558  45514     23
 114298 89260    11785.7941   117    11880.0000    11718.5204  3100731    1.36%   x(c6_2_c11_2) D 114298  83151     23
 116062 90217    11756.1667    96    11880.0000    11720.0000  3155526    1.35%   x(c14_3_c9_3) U 116062 106609     21
 117754 91138    11723.9851   125    11880.0000    11721.4871  3204807    1.33%   x(c2_2_c43_2) D 117754  96414     20
 119261 91975    11814.0833   125    11880.0000    11722.6737  3247113    1.32%   x(c2_2_c39_2) U 119261  51541     26
Elapsed time = 106.16 sec. (246860.52 ticks, tree = 99.58 MB, solutions = 1)
 121041 92930    11868.2029   103    11880.0000    11724.1252  3300691    1.31%  x(c27_3_c21_3) N 121041  85010     20
 122829 93939    11742.6286   134    11880.0000    11725.4887  3353450    1.30%   x(c21_3_c9_3) D 122829  65234     15
 124601 94875    11807.8787   114    11880.0000    11726.9621  3403279    1.29%   x(c9_3_c27_3) N 124601  77259     22
 126313 95861    11779.1373    93    11880.0000    11728.2854  3454048    1.28%  x(c14_3_c27_3) U 126313 118756     22
 127998 96726        cutoff          11880.0000    11729.5334  3503521    1.27%  x(c21_2_c32_2) U 127998   9011     37
 129685 97595    11843.0033    78    11880.0000    11730.7369  3553166    1.26%   x(c11_2_c6_2) D 129685  82448     23
 131079 98312    11789.3844    85    11880.0000    11731.9000  3593903    1.25%   x(c38_1_c2_1) U 131079 131077     24
 132909 99266    11786.3750    76    11880.0000    11733.3750  3646245    1.23%   x(c9_3_c27_3) D 132909  77652     28
 134436 100041    11790.5833   113    11880.0000    11734.5000  3688180    1.22%   x(c21_3_c9_3) U 134436  41685     18
 136044 100826        cutoff          11880.0000    11735.6413  3734415    1.22%   x(c9_3_c17_3) U 136044  35970     23
Elapsed time = 122.20 sec. (285016.12 ticks, tree = 108.82 MB, solutions = 1)
 137907 101747    11823.0252    85    11880.0000    11737.0240  3787030    1.20%  x(c17_3_c27_3) D 137907 106938     26
 139670 102690    11781.6603   110    11880.0000    11738.3695  3836599    1.19%  x(c27_3_c21_3) D 139670 110967     26
 141302 103526    11746.5634   105    11880.0000    11739.5828  3884790    1.18%  x(c34_2_c43_2) D 141302  61318     17
 143000 104392    11759.8522    83    11880.0000    11740.8535  3932566    1.17%   x(c9_3_c27_3) D 143000 142998     22
 144830 105301    11745.6667   111    11880.0000    11742.1667  3985575    1.16%  x(c17_3_c27_3) D 144830 109021     21
 146482 106151        cutoff          11880.0000    11743.2917  4030730    1.15%  x(c21_3_c17_3) U 146482 146480     16
 148112 106972    11847.3480   115    11880.0000    11744.4562  4077411    1.14%  x(c16_3_c14_3) D 148112  37895     21
 149949 107890    11752.9944   118    11880.0000    11745.6678  4129964    1.13%   x(c6_2_c11_2) U 149949 114846     18
 151848 108824    11747.0000   111    11880.0000    11747.0000  4181849    1.12%  x(c33_3_c21_3) D 151848 144830     22
 153343 109616    11782.4282    79    11880.0000    11747.9435  4222405    1.11%  x(c31_1_c39_1) U 153343 153342     35
Elapsed time = 138.05 sec. (323309.05 ticks, tree = 118.04 MB, solutions = 1)
 155160 110558    11773.8333    97    11880.0000    11749.1122  4273887    1.10%  x(c17_3_c27_3) D 155160  85482     21
 156990 111476    11833.1085    87    11880.0000    11750.2500  4326699    1.09%  x(c16_3_c14_3) U 156990 105314     24
 158370 112172    11774.2542   111    11880.0000    11751.1704  4368546    1.08%  x(c21_3_c27_3) U 158370  55085     20
 160000 113000    11793.1521   106    11880.0000    11752.2188  4417349    1.08%  x(c32_3_c14_3) D 160000 125087     18
 161753 113892    11788.2037    74    11880.0000    11753.2437  4469676    1.07%   x(c14_3_c9_3) U 161753  73294     21
 163347 114702    11843.1815   121    11880.0000    11754.2141  4518084    1.06%  x(c47_2_c43_2) D 163347  55558     26
 165000 115576    11778.9167   107    11880.0000    11755.1667  4568753    1.05%   x(c9_3_c32_3) D 165000  67582     17
 166710 116406        cutoff          11880.0000    11756.1921  4620067    1.04%  x(c16_3_c14_3) U 166710   1207     47
 168503 117290    11827.1250    96    11880.0000    11757.2191  4673581    1.03%   x(c9_3_c27_3) D 168503 138165     26
 170294 118169    11792.7071   137    11880.0000    11758.2727  4728220    1.02%  x(c32_3_c14_3) D 170294  53235     20
Elapsed time = 154.03 sec. (361804.31 ticks, tree = 127.01 MB, solutions = 1)
 172064 118988    11805.5000    69    11880.0000    11759.2755  4784571    1.02%  x(c31_1_c39_1) U 172064 110985     25
 173858 119902    11836.0000    89    11880.0000    11760.3333  4840938    1.01%  x(c21_3_c17_3) N 173858 129763     22
 175613 120753    11791.9939    58    11880.0000    11761.3173  4896868    1.00%  x(c14_2_c17_2) D 175613 138438     26
 177381 121555    11786.2326   144    11880.0000    11762.3056  4952133    0.99%  x(c21_3_c17_3) D 177381 137809     19
 179180 122342    11789.2653    68    11880.0000    11763.2667  5005572    0.98%   x(c38_1_c2_1) N 179180 145183     19
 180923 123160    11859.1000    77    11880.0000    11764.2407  5059663    0.97%   x(c32_1_c5_1) U 180923 137524     25
 182765 123987        cutoff          11880.0000    11765.1667  5111824    0.97%  x(c21_3_c17_3) U 182765 141432     20
 184593 124955        cutoff          11880.0000    11766.0773  5166235    0.96%  x(c21_3_c17_3) U 184593 167426     15
 186426 125803    11775.0000   106    11880.0000    11767.0000  5218836    0.95%  x(c32_3_c14_3) D 186426  62798     22
 188203 126657    11787.8858    88    11880.0000    11767.8744  5272606    0.94%  x(c21_2_c32_2) U 188203 163550     20
Elapsed time = 169.87 sec. (399964.54 ticks, tree = 136.02 MB, solutions = 1)
 190026 127623    11768.6887   118    11880.0000    11768.6842  5325812    0.94%  x(c21_3_c17_3) D 190026 164276     24
 191905 128525    11814.0000   109    11880.0000    11769.5000  5376449    0.93%  x(c21_3_c17_3) D 191905 145369     21
 193767 129349        cutoff          11880.0000    11770.3750  5427537    0.92%  x(c27_3_c21_3) U 193767  88971     29
 195591 130240    11786.3457   122    11880.0000    11771.1790  5480923    0.92%   x(c9_3_c32_3) D 195591 119140     15
 197388 131004    11772.2768    44    11880.0000    11772.0000  5533768    0.91%  x(c47_2_c34_2) U 197388 194193     30
 199228 131931    11791.6407    95    11880.0000    11772.7298  5584450    0.90%   x(c2_2_c39_2) N 199228 138431     24
 201072 132752    11844.3333   106    11880.0000    11773.5556  5637564    0.90%  x(c32_3_c14_3) D 201072  66432     20
 202907 133626    11830.8333   109    11880.0000    11774.3061  5689066    0.89%   x(c6_2_c11_2) U 202907  47492     20
 204731 134462    11824.8330   126    11880.0000    11775.0656  5740489    0.88%   x(c14_3_c9_3) U 204731 113846     29
 206635 135532        cutoff          11880.0000    11775.7500  5790838    0.88%  x(c17_3_c14_3) U 206635 206634     27
Elapsed time = 185.49 sec. (438122.85 ticks, tree = 148.45 MB, solutions = 1)
 208509 136512    11784.0000    88    11880.0000    11776.5000  5840807    0.87%  x(c17_3_c14_3) D 208509 160559     26
 210247 137269    11873.9847   104    11880.0000    11777.1965  5893779    0.87%  x(c27_3_c21_3) U 210247  81880     20
 212033 138127    11864.9216   124    11880.0000    11777.9167  5947133    0.86%  x(c17_3_c27_3) U 212033 159529     23
 213808 139018    11878.4792   133    11880.0000    11778.5602  5997561    0.85%  x(c17_3_c27_3) D 213808 123063     17
 215561 139855    11779.2985   127    11880.0000    11779.1855  6049967    0.85%  x(c17_3_c14_3) D 215561 137350     16
 217296 140704    11793.2273   132    11880.0000    11779.8272  6103331    0.84%   x(c27_3_c9_3) D 217296  66201     13
 219016 141424    11835.0556    76    11880.0000    11780.5000  6156195    0.84%  x(c17_3_c27_3) U 219016 166207     20
 220681 142134    11842.5556    38    11880.0000    11781.1619  6209635    0.83%   x(c32_2_c5_2) U 220681 215225     24
 222312 142895    11795.6151   141    11880.0000    11781.7240  6259232    0.83%  x(c14_3_c32_3) D 222312 114041     21
 224094 143697    11782.3217    66    11880.0000    11782.3226  6309538    0.82%  x(c24_2_c33_2) N 224094 219696     35
Elapsed time = 201.24 sec. (476284.94 ticks, tree = 157.15 MB, solutions = 1)
 225842 144413    11783.7251    44    11880.0000    11782.9943  6360263    0.82%     x(Op_c18_2) D 225842 225841     35
 227665 145323        cutoff          11880.0000    11783.5000  6409991    0.81%  x(c17_3_c27_3) U 227665 109414     21
 229414 146177    11848.3541   123    11880.0000    11784.0747  6461765    0.81%  x(c33_2_c24_2) U 229414 118714     24
 231205 147123    11790.5359   105    11880.0000    11784.6109  6512631    0.80%   x(c9_3_c17_3) D 231205 196312     25
 232884 147872    11844.7202   111    11880.0000    11785.1667  6564678    0.80%  x(c16_3_c14_3) U 232884  58838     20
 234603 148586    11855.1368   117    11880.0000    11785.7142  6615798    0.79%   x(c2_2_c39_2) U 234603  19870     27
 236415 149446    11828.5773   123    11880.0000    11786.2500  6666553    0.79%  x(c24_2_c31_2) D 236415 155804     28
 238102 150116    11791.3117   129    11880.0000    11786.8126  6716847    0.78%  x(c14_3_c17_3) D 238102 213165     21
 239789 150832    11817.5629   120    11880.0000    11787.3607  6769388    0.78%  x(c33_2_c22_2) U 239789  84656     22
 241580 151548    11854.7190   132    11880.0000    11787.9000  6819407    0.78%  x(c21_3_c17_3) U 241580 142790     23
Elapsed time = 216.93 sec. (514448.61 ticks, tree = 165.61 MB, solutions = 1)
 243349 152312    11803.0643   100    11880.0000    11788.4397  6870487    0.77%   x(c9_3_c17_3) D 243349 128707     26
 245093 152976    11817.9179   129    11880.0000    11788.9925  6920908    0.77%  x(c32_3_c21_3) D 245093 193655     22
 246787 153751    11842.1667    54    11880.0000    11789.4850  6970080    0.76%   x(c2_2_c39_2) U 246787 106760     24
 248487 154419    11800.5000    78    11880.0000    11790.0000  7020909    0.76%  x(c21_3_c17_3) N 248487 223335     18
 250235 155292    11795.2811    88    11880.0000    11790.4235  7067402    0.75%  x(c47_2_c34_2) U 250235 250234     33
 251907 155888    11810.9284    99    11880.0000    11790.9167  7114838    0.75%  x(c32_3_c14_3) D 251907 186272     18
 253608 156648    11820.1667   122    11880.0000    11791.3333  7160877    0.75%   x(c11_2_c6_2) U 253608 140385     20
 255305 157330    11845.0606   129    11880.0000    11791.8333  7208796    0.74%  x(c17_3_c27_3) D 255305 130006     18
 257351 158379    11792.2500   118    11880.0000    11792.2500  7252885    0.74%  x(c21_3_c17_3) D 257351 220732     19
 258997 158997    11850.0625    92    11880.0000    11792.6880  7298345    0.73%  x(c16_3_c14_3) U 258997 209018     15
Elapsed time = 232.37 sec. (552611.43 ticks, tree = 175.43 MB, solutions = 1)
 260724 159687        cutoff          11880.0000    11793.1439  7345445    0.73%   x(c27_3_c9_3) U 260724  68965     21
 262315 160238    11799.4419   116    11880.0000    11793.6000  7393261    0.73%   x(c32_2_c5_2) U 262315 174193     25
 263972 160864    11805.8322   109    11880.0000    11794.0321  7439314    0.72%   x(c6_2_c11_2) U 263972 194424     31
 265589 161475    11816.0000    77    11880.0000    11794.4375  7486125    0.72%  x(c21_3_c27_3) D 265589 265587     19
 267321 162100    11823.5680   128    11880.0000    11794.9095  7532661    0.72%  x(c16_3_c14_3) D 267321 189455     21
 269307 163183    11812.4056   114    11880.0000    11795.2494  7576467    0.71%   x(c32_1_c5_1) D 269307 148721     18
 271088 163891    11824.0342   123    11880.0000    11795.6235  7621246    0.71%  x(c17_3_c14_3) D 271088 174670     29
 272731 164474        cutoff          11880.0000    11796.0561  7668131    0.71%  x(c39_2_c47_2) U 272731 268192     39
 274390 165099    11801.5132    59    11880.0000    11796.4811  7713433    0.70%   x(c31_2_c5_2) N 274390 162863     30
 276020 165664    11802.5000    98    11880.0000    11796.9015  7759369    0.70%   x(c9_3_c21_3) D 276020 276019     25
Elapsed time = 247.64 sec. (590770.29 ticks, tree = 182.70 MB, solutions = 1)
 277692 166251    11865.6271    96    11880.0000    11797.3121  7803646    0.70%  x(c14_3_c17_3) N 277692 242973     19
 279425 166932    11848.9027   135    11880.0000    11797.7440  7849218    0.69%   x(c31_1_c5_1) U 279425 101671     27
 281056 167503    11860.2748    47    11880.0000    11798.1760  7896200    0.69%  x(c26_3_c18_3) U 281056 218445     21
 282731 168042    11801.1111    93    11880.0000    11798.6111  7940028    0.69%  x(c21_3_c17_3) N 282731 188640     24
 284358 168562    11849.7193    60    11880.0000    11799.0276  7985557    0.68%  x(c31_1_c39_1) U 284358 284357     25
 286004 169153    11838.2083   126    11880.0000    11799.4478  8031734    0.68%   x(c32_1_c5_1) D 286004 167543     27
 287682 169697        cutoff          11880.0000    11799.8658  8076980    0.67%  x(c32_3_c14_3) U 287682  81881     15
 289356 170285    11807.8642    89    11880.0000    11800.2813  8122966    0.67%   x(c2_2_c39_2) U 289356 229518     29
 290975 170765    11805.9541   128    11880.0000    11800.6737  8168684    0.67%   x(c2_2_c39_2) D 290975 290974     25
 292628 171324    11835.4762    99    11880.0000    11801.0611  8213321    0.66%  x(c14_3_c17_3) N 292628 257215     26
Elapsed time = 262.72 sec. (628934.72 ticks, tree = 188.82 MB, solutions = 1)
 294332 171908        cutoff          11880.0000    11801.4680  8258310    0.66%     x(c46_2_Om) U 294332 239758     47
 295974 172451    11843.5000    93    11880.0000    11801.8398  8302811    0.66%  x(c31_1_c39_1) D 295974 187923     25
 297617 172935    11803.1193    64    11880.0000    11802.2562  8347433    0.65%  x(c47_2_c46_2) D 297617 229508     42
 299215 173393    11810.2681   120    11880.0000    11802.6333  8392897    0.65%   x(c32_1_c5_1) D 299215 299213     21
 300897 173827        cutoff          11880.0000    11803.0204  8436984    0.65%  x(c21_3_c27_3) U 300897 104128     17
 302506 174395    infeasible          11880.0000    11803.3820  8481801    0.64%  x(c14_3_c17_3) U 302506 246552     19
 304125 174861    11829.8889    96    11880.0000    11803.7594  8526253    0.64%  x(c34_2_c43_2) D 304125 109670     17
 305739 175418    11811.4884    75    11880.0000    11804.1195  8571758    0.64%  x(c16_3_c14_3) D 305739 149171     19
 307387 176065    11804.5543    46    11880.0000    11804.4436  8612696    0.64%  x(c14_2_c11_2) D 307387 307386     27
 308993 176596    11804.8368    56    11880.0000    11804.7522  8655013    0.63%   x(c43_1_c4_1) D 308993 303742     32
Elapsed time = 277.67 sec. (667091.40 ticks, tree = 194.64 MB, solutions = 1)
 310454 177038    infeasible          11880.0000    11805.0743  8694168    0.63%     x(Op_c18_2) D 310454 310453     42
 312128 177630    11857.3750   108    11880.0000    11805.4210  8737998    0.63%  x(c21_3_c17_3) N 312128 189960     23
 313780 178129    11810.0022   109    11880.0000    11805.7523  8780813    0.62%   x(c45_3_c2_3) U 313780 280129     26
 315335 178572    11871.1667    42    11880.0000    11806.1015  8823228    0.62%  x(c16_3_c14_3) D 315335 285840     46
 316920 179130    11839.8919    89    11880.0000    11806.4662  8868283    0.62%  x(c17_3_c27_3) U 316920 149062     27
 318396 179564    11826.8252   120    11880.0000    11806.7917  8907534    0.62%   x(c2_2_c39_2) U 318396 212421     19
 320000 180000    11852.1467    84    11880.0000    11807.1467  8952067    0.61%  x(c17_3_c27_3) D 320000 319999     17
 321700 180580    11810.0783   128    11880.0000    11807.4812  8994808    0.61%   x(c2_2_c39_2) D 321700 277509     30
 323190 181037        cutoff          11880.0000    11807.7759  9034412    0.61%   x(c26_3_c9_3) U 323190  47246     24
 324803 181494        cutoff          11880.0000    11808.1027  9078808    0.61%  x(c17_3_c14_3) U 324803 167124     21
Elapsed time = 292.61 sec. (705439.33 ticks, tree = 200.04 MB, solutions = 1)
 326385 181984    11808.4372   114    11880.0000    11808.4095  9119507    0.60%  x(c14_3_c17_3) D 326385 326384     27
 328004 182480    11832.2207    94    11880.0000    11808.7108  9162656    0.60%   x(c2_2_c38_2) U 328004 328002     23
 329644 183030    11831.1074    78    11880.0000    11809.0249  9204879    0.60%  x(c47_2_c43_2) U 329644 310235     30
 331094 183515    11816.2222   102    11880.0000    11809.3333  9243752    0.59%   x(c2_2_c39_2) U 331094 292542     21
 332714 183954    infeasible          11880.0000    11809.6667  9285565    0.59%  x(c21_3_c27_3) D 332714 222164     22
 334163 184388    11809.9790   105    11880.0000    11809.9791  9324435    0.59%   x(c2_2_c43_2) N 334163 290852     26
 335770 184838    11862.2786   110    11880.0000    11810.2698  9366115    0.59%   x(c2_2_c38_2) N 335770 311464     31
 337324 185342    infeasible          11880.0000    11810.5550  9407717    0.58%  x(c21_3_c17_3) D 337324  86949     24
 338957 185724        cutoff          11880.0000    11810.8889  9449190    0.58%  x(c27_3_c21_3) U 338957 114618     23
 340545 186161    11813.6657    82    11880.0000    11811.2022  9490117    0.58%  x(c33_3_c26_3) D 340545 336364     42
Elapsed time = 307.15 sec. (743600.08 ticks, tree = 205.16 MB, solutions = 1)
 342129 186655        cutoff          11880.0000    11811.5000  9531917    0.58%   x(c45_3_c2_3) D 342129 342127     25
 343570 187010    11812.0140    44    11880.0000    11811.7618  9569728    0.57%  x(c40_3_c47_3) U 343570 343569     38
 345070 187338    11857.4000   105    11880.0000    11812.0718  9610315    0.57%  x(c14_3_c16_3) U 345070 243638     26
 346633 187856    11842.7118    67    11880.0000    11812.3509  9651921    0.57%  x(c38_2_c39_2) U 346633 335400     32
 348197 188320    11866.6667    55    11880.0000    11812.6270  9692788    0.57%   x(c2_2_c39_2) D 348197 154504     24
 349785 188714    11856.9726    91    11880.0000    11812.9469  9735043    0.56%  x(c14_2_c17_2) D 349785 349783     33
 351336 189136    11875.0000    22    11880.0000    11813.1894  9775572    0.56%  x(c43_1_c30_1) D 351336 217906     49
 352950 189599    11815.0188    46    11880.0000    11813.4923  9817462    0.56%    x(c2_2_c4_2) D 352950 345851     36
 354456 189888    11814.1711   100    11880.0000    11813.7500  9857794    0.56%   x(c14_3_c9_3) U 354456 308151     23
 356000 190187    11833.9967   106    11880.0000    11814.0267  9898082    0.56%  x(c43_1_c41_1) U 356000 286519     21
Elapsed time = 322.30 sec. (781881.02 ticks, tree = 211.72 MB, solutions = 1)
 357546 190541    11821.8829    94    11880.0000    11814.3333  9939768    0.55%   x(c2_2_c38_2) N 357546 341196     22
 359000 190926    11875.7259   139    11880.0000    11814.5833  9980031    0.55%  x(c14_3_c32_3) U 359000 145513     19
 360583 191339    11839.2039   104    11880.0000    11814.8791 10021478    0.55%   x(c2_2_c39_2) N 360583 233161     19
 362021 191591    11867.2276   107    11880.0000    11815.1475 10059342    0.55%  x(c14_3_c17_3) D 362021 362020     28
 363625 191854    11837.2700   109    11880.0000    11815.4349 10099754    0.54%  x(c33_3_c15_3) U 363625 296429     30
 365069 192180    11842.7325   122    11880.0000    11815.6840 10137842    0.54%  x(c32_3_c14_3) D 365069 124499     24
 366598 192454    11876.1015   131    11880.0000    11815.9894 10175595    0.54%   x(c31_1_c5_1) D 366598 195277     23
 368089 192702        cutoff          11880.0000    11816.2294 10215101    0.54%   x(c2_2_c38_2) U 368089 161475     27
 369620 192867    11874.5149    98    11880.0000    11816.5056 10254440    0.53%   x(c5_1_c31_1) U 369620 369619     20
 371088 193112    11823.9047    88    11880.0000    11816.7739 10293952    0.53%  x(c14_3_c17_3) D 371088 300508     29
Elapsed time = 337.12 sec. (820260.92 ticks, tree = 215.09 MB, solutions = 1)
 372616 193287    11835.1146   130    11880.0000    11817.0417 10334234    0.53%   x(c9_3_c27_3) D 372616 354637     18
 373884 193455    11833.2500    31    11880.0000    11817.2669 10367943    0.53%  x(c39_2_c38_2) D 373884 346395     30
 375450 193654    11818.4506    18    11880.0000    11817.5355 10407488    0.53%   x(c4_3_c18_3) N 375450 366345     50
 377020 193832    11877.0000    71    11880.0000    11817.8333 10447888    0.52%  x(c34_2_c43_2) U 377020 194197     24
 378503 194026    11819.5540    95    11880.0000    11818.0711 10484428    0.52%  x(c17_3_c27_3) D 378503 206750     19
 380070 194188    11819.3094   129    11880.0000    11818.3594 10522828    0.52%  x(c21_3_c27_3) D 380070 306237     20
 381621 194369    11818.7294   131    11880.0000    11818.6443 10562145    0.52%   x(c6_2_c11_2) D 381621 341992     33
 383200 194576    11867.7778    87    11880.0000    11818.9359 10601778    0.51%  x(c38_1_c35_1) U 383200 357103     19
 384679 194827    11859.8236    90    11880.0000    11819.1785 10640565    0.51%   x(c45_3_c2_3) U 384679 324740     30
 386005 194935        cutoff          11880.0000    11819.4173 10673001    0.51%  x(c33_2_c22_2) U 386005 256449     62
Elapsed time = 351.41 sec. (858420.49 ticks, tree = 217.25 MB, solutions = 1)
 387530 195144    11861.2435   130    11880.0000    11819.6690 10709917    0.51%   x(c21_3_c9_3) U 387530 301903     25
 389000 195297    11860.1213    82    11880.0000    11819.9444 10745661    0.51%  x(c44_3_c41_3) N 389000 264174     28
 390542 195427    11822.4444    76    11880.0000    11820.1906 10784294    0.50%  x(c34_2_c43_2) D 390542 329436     21
 392032 195581    infeasible          11880.0000    11820.4694 10820523    0.50%   x(c5_1_c31_1) N 392032 137799     29
 393606 195719        cutoff          11880.0000    11820.7257 10858686    0.50%  x(c14_3_c48_3) U 393606 345919     24
 395000 195878    11840.0428    54    11880.0000    11821.0000 10893654    0.50%  x(c11_2_c14_2) N 395000 188655     19
 396350 196019    11824.6000    79    11880.0000    11821.1833 10926836    0.50%   x(c2_2_c38_2) D 396350 266656     23
 397870 196169    11855.5357    94    11880.0000    11821.4563 10964993    0.49%  x(c38_1_c35_1) U 397870 339985     31
 399409 196385    11822.5780   103    11880.0000    11821.6801 11000631    0.49%   x(c45_3_c2_3) D 399409 279799     25
 400959 196616    11821.9846    90    11880.0000    11821.9768 11036757    0.49%  x(c21_3_c17_3) N 400959 282464     21
Elapsed time = 365.47 sec. (896687.06 ticks, tree = 219.25 MB, solutions = 1)
 402457 196701    11835.0581   111    11880.0000    11822.1842 11072053    0.49%  x(c35_1_c43_1) D 402457 322779     25
 404000 196849    11845.5000   127    11880.0000    11822.4623 11108220    0.48%   x(c6_2_c11_2) D 404000 366067     19
 405571 197014    11854.5849   110    11880.0000    11822.7052 11145646    0.48%  x(c38_1_c35_1) N 405571 352966     20
 406991 197173    11854.8790   105    11880.0000    11822.9500 11178869    0.48%   x(c31_1_c5_1) N 406991 167495     21
 408462 197368        cutoff          11880.0000    11823.1667 11214689    0.48%  x(c21_2_c32_2) U 408462 214647     19
 409997 197461        cutoff          11880.0000    11823.4521 11250672    0.48%   x(c32_1_c5_1) U 409997 344785     25
 411558 197579    11828.3507   110    11880.0000    11823.6840 11287550    0.47%  x(c39_1_c31_1) N 411558 311906     24
 413015 197635        cutoff          11880.0000    11823.9489 11321315    0.47%  x(c14_3_c16_3) U 413015 235923     24
 414460 197730    infeasible          11880.0000    11824.1667 11355278    0.47%  x(c47_3_c24_3) U 414460 352020     28
 415722 197834    11868.5576   110    11880.0000    11824.3667 11383919    0.47%   x(c32_2_c5_2) U 415722 415721     32
Elapsed time = 379.45 sec. (934999.63 ticks, tree = 220.82 MB, solutions = 1)
 417087 198019        cutoff          11880.0000    11824.5833 11416849    0.47%  x(c17_3_c14_3) U 417087 205775     22
 418520 198145    11872.0000    44    11880.0000    11824.8277 11449827    0.46%  x(c41_3_c18_3) D 418520 359307     35
 420019 198230    11849.5018   120    11880.0000    11825.0607 11485692    0.46%  x(c27_3_c14_3) U 420019 127643     34
 421441 198369    11826.0942   117    11880.0000    11825.2857 11518829    0.46%  x(c24_2_c31_2) U 421441 214611     28
 422908 198511    11852.6393    97    11880.0000    11825.5013 11553781    0.46%   x(c2_3_c40_3) N 422908 397966     23
 424351 198682    11849.7512   132    11880.0000    11825.7359 11588298    0.46%   x(c2_2_c39_2) N 424351 241888     29
 425940 198794    infeasible          11880.0000    11826.0000 11622757    0.45%  x(c14_2_c17_2) D 425940 425938     30
 427236 198883        cutoff          11880.0000    11826.1691 11653632    0.45%   x(c32_1_c5_1) U 427236 333243     29
 428777 199033        cutoff          11880.0000    11826.4253 11689467    0.45%   x(c2_3_c40_3) U 428777 250739     41
 430228 199121    11836.4196    82    11880.0000    11826.6521 11723523    0.45%  x(c47_3_c40_3) D 430228 392646     25
Elapsed time = 393.27 sec. (973158.61 ticks, tree = 222.50 MB, solutions = 1)
 431696 199171        cutoff          11880.0000    11826.8862 11758836    0.45%  x(c17_3_c14_3) D 431696 150979     24
 433024 199161    11827.1227    27    11880.0000    11827.0893 11788208    0.45%    x(c4_2_c2_2) N 433024 427116     46
 434567 199291    11827.5487    67    11880.0000    11827.3333 11824371    0.44%   x(c2_2_c39_2) N 434567 371210     31
 436036 199387    11872.5538   102    11880.0000    11827.5302 11856859    0.44%   x(c2_3_c40_3) U 436036 436034     30
 437548 199463        cutoff          11880.0000    11827.7553 11892414    0.44%  x(c17_3_c27_3) U 437548 122777     19
 439048 199569    11837.8918    78    11880.0000    11828.0000 11927385    0.44%  x(c43_1_c30_1) N 439048 439046     23
 440577 199635        cutoff          11880.0000    11828.2105 11962716    0.44%  x(c16_3_c14_3) D 440577  24370     21
 442011 199714        cutoff          11880.0000    11828.4444 11993479    0.43%   x(c2_3_c40_3) U 442011 429654     32
 443606 199876        cutoff          11880.0000    11828.6600 12028108    0.43%  x(c35_1_c43_1) U 443606 347139     28
 445070 199968    infeasible          11880.0000    11828.8639 12061402    0.43%   x(c38_2_c2_2) U 445070 297139     33
Elapsed time = 406.92 sec. (1011318.86 ticks, tree = 223.64 MB, solutions = 1)
 446606 200158    11832.7500    79    11880.0000    11829.0833 12096213    0.43%   x(c31_2_c5_2) N 446606 339947     28
 447832 200187    11848.2733    74    11880.0000    11829.2615 12126495    0.43%   x(c45_3_c2_3) D 447832 402445     33
 449282 200220    11841.7500    63    11880.0000    11829.5000 12161174    0.43%  x(c39_2_c31_2) N 449282 449281     27
 450730 200242    11868.2203   129    11880.0000    11829.7024 12197108    0.42%   x(c38_1_c2_1) N 450730 130834     22
 452165 200240    11836.2083    87    11880.0000    11829.9444 12230752    0.42%   x(c2_3_c40_3) D 452165 434736     18
 453496 200259    11833.9000    64    11880.0000    11830.1250 12264076    0.42%  x(c34_2_c43_2) D 453496 355404     22
 454872 200260        cutoff          11880.0000    11830.3333 12299385    0.42%  x(c21_2_c32_2) D 454872 255262     22
 456237 200219    11832.8883    46    11880.0000    11830.5368 12332809    0.42%  x(c33_2_c22_2) D 456237 456236     31
 457683 200122    11843.1070   109    11880.0000    11830.7758 12367889    0.41%   x(c38_1_c4_1) N 457683 371099     35
 459000 200155    11831.5292    83    11880.0000    11831.0000 12401001    0.41%  x(c17_2_c21_2) N 459000 339471     19
Elapsed time = 420.68 sec. (1049653.87 ticks, tree = 224.12 MB, solutions = 1)
 460468 200057        cutoff          11880.0000    11831.2000 12436356    0.41%  x(c17_3_c14_3) D 460468 189736     25
 461681 200000    11870.9115   136    11880.0000    11831.3956 12467270    0.41%  x(c14_3_c17_3) U 461681 186609     28
 463139 199978    11871.0349    90    11880.0000    11831.6035 12503014    0.41%  x(c39_2_c24_2) U 463139 267163     26
 464483 199985        cutoff          11880.0000    11831.8177 12536184    0.41%   x(c38_2_c2_2) U 464483 361473     33
 465844 200007    11873.5196   104    11880.0000    11832.0039 12570900    0.40%  x(c43_1_c30_1) D 465844 198970     29
 467156 199939        cutoff          11880.0000    11832.2315 12603437    0.40%  x(c33_2_c32_2) U 467156 263583     44
 468576 199878    11839.1856   124    11880.0000    11832.4471 12637352    0.40%   x(c2_3_c40_3) N 468576 432569     27
 469801 199862    11838.4375    92    11880.0000    11832.6250 12668278    0.40%  x(c17_3_c27_3) U 469801 350899     24
 471213 199766    11870.9216   133    11880.0000    11832.8568 12703659    0.40%  x(c34_2_c43_2) U 471213 171857     19
 472617 199746    11853.5536   107    11880.0000    11833.0538 12736843    0.40%  x(c41_3_c18_3) D 472617 382561     34
Elapsed time = 434.36 sec. (1087811.76 ticks, tree = 224.03 MB, solutions = 1)
 474000 199736    11833.4000    84    11880.0000    11833.2730 12771303    0.39%   x(c38_1_c4_1) D 474000 446606     29
 475413 199703    11834.3000    43    11880.0000    11833.5000 12804183    0.39%  x(c39_2_c20_2) D 475413 466749     28
 476861 199618        cutoff          11880.0000    11833.6923 12838934    0.39%  x(c39_2_c43_2) U 476861 423401     56
 478128 199554        cutoff          11880.0000    11833.9048 12868015    0.39%  x(c38_2_c43_2) U 478128 446430     35
 479526 199530        cutoff          11880.0000    11834.0893 12900314    0.39%  x(c21_3_c33_3) D 479526 436458     26
 480973 199489    11870.6388   111    11880.0000    11834.3097 12934286    0.38%   x(c9_3_c17_3) D 480973 271281     25
 482369 199349    infeasible          11880.0000    11834.5074 12967239    0.38%  x(c40_3_c45_3) D 482369 477319     39
 483758 199321    11848.2500   108    11880.0000    11834.7083 13000826    0.38%   x(c2_2_c39_2) U 483758 364040     22
 485207 199189        cutoff          11880.0000    11834.9434 13032885    0.38%  x(c21_2_c32_2) U 485207  70309     19
 486590 199207    11862.5005    79    11880.0000    11835.1107 13066235    0.38%   x(c38_1_c2_1) D 486590 418734     23
Elapsed time = 448.60 sec. (1126253.92 ticks, tree = 223.71 MB, solutions = 1)
 488000 199156    11836.0594    66    11880.0000    11835.3202 13099172    0.38%  x(c16_3_c14_3) N 488000 483220     29
 489464 199036    11836.9941    28    11880.0000    11835.5137 13131450    0.37%   x(c17_1_c5_1) D 489464 489463     43
 490946 198986        cutoff          11880.0000    11835.7411 13164303    0.37%   x(c22_1_c5_1) D 490946  91340     25
 492116 198970        cutoff          11880.0000    11835.9322 13191773    0.37%   x(c6_2_c11_2) D 492116 194971     27
 493500 198913    11876.4667   114    11880.0000    11836.1125 13223826    0.37%   x(c27_3_c9_3) D 493500  78703     20
 494998 198909    11837.8000    79    11880.0000    11836.3200 13257851    0.37%  x(c14_3_c33_3) N 494998 451615     35
 496392 198961    11858.2500    86    11880.0000    11836.5000 13289590    0.37%  x(c14_3_c16_3) N 496392 348484     34
 497876 198877    11843.4635   113    11880.0000    11836.7136 13322720    0.36%  x(c39_1_c31_1) D 497876 488971     23
 499221 198863        cutoff          11880.0000    11836.9067 13354753    0.36%  x(c32_3_c21_3) U 499221 275063     22
 500600 198884    11863.3333   103    11880.0000    11837.0838 13387079    0.36%  x(c21_3_c17_3) N 500600 227759     22
Elapsed time = 463.33 sec. (1164530.11 ticks, tree = 223.73 MB, solutions = 1)
 502000 198866    11837.4200    33    11880.0000    11837.2833 13416690    0.36%  x(c47_2_c34_2) D 502000 501999     37
 503443 198826    11844.0442   123    11880.0000    11837.4848 13445979    0.36%  x(c16_3_c14_3) U 503443 243482     19
 504717 198737    11856.0357    98    11880.0000    11837.6500 13474130    0.36%  x(c34_2_c43_2) N 504717 299801     19
 506170 198723    11839.8459   108    11880.0000    11837.8459 13506876    0.35%  x(c27_3_c33_3) D 506170 506168     30
 507653 198691    11853.7232    82    11880.0000    11838.0203 13538186    0.35%  x(c47_2_c43_2) U 507653 489970     29
 508945 198614    11847.9484    77    11880.0000    11838.2000 13566878    0.35%   x(c38_1_c4_1) D 508945 438227     31
 510265 198613    11872.9375   132    11880.0000    11838.3750 13595451    0.35%  x(c14_3_c17_3) D 510265 283393     22
 511752 198594    11849.6745   108    11880.0000    11838.5592 13627103    0.35%  x(c31_1_c39_1) N 511752 411576     25
 513092 198546        cutoff          11880.0000    11838.7442 13656538    0.35%   x(c2_3_c40_3) U 513092 364895     30
 514584 198506        cutoff          11880.0000    11838.9515 13687736    0.35%   x(c4_1_c38_1) U 514584 417206     45
Elapsed time = 478.24 sec. (1202755.04 ticks, tree = 223.62 MB, solutions = 1)
 516000 198491    11853.9835    98    11880.0000    11839.1086 13717258    0.34%  x(c35_1_c38_1) D 516000 434022     27
 517444 198435    11841.5343    64    11880.0000    11839.3046 13747540    0.34%   x(c38_2_c2_2) N 517444 506530     33
 518923 198379        cutoff          11880.0000    11839.5000 13778340    0.34%   x(c31_2_c5_2) U 518923 518922     23
 520317 198312        cutoff          11880.0000    11839.6667 13806305    0.34%   x(c32_1_c5_1) U 520317 437987     29
 521781 198180    11845.9521   100    11880.0000    11839.8500 13836668    0.34%  x(c21_3_c27_3) U 521781 187472     19
 523222 198136    11849.3071   126    11880.0000    11840.0167 13866313    0.34%  x(c38_1_c35_1) N 523222 346262     22
 524680 198057    11847.5968    41    11880.0000    11840.2045 13896750    0.33%  x(c47_3_c40_3) U 524680 524679     24
 525961 198014    11847.9966    63    11880.0000    11840.3688 13924142    0.33%  x(c43_1_c23_1) N 525961 513645     35
 527410 198003    11867.0223    82    11880.0000    11840.5417 13954161    0.33%  x(c31_2_c24_2) N 527410 427381     27
 528937 197853    11841.4444    74    11880.0000    11840.7500 13985466    0.33%  x(c33_2_c21_2) D 528937 528935     26
Elapsed time = 492.46 sec. (1240932.52 ticks, tree = 223.19 MB, solutions = 1)
 530353 197760    11850.6250    80    11880.0000    11840.9375 14014142    0.33%  x(c39_1_c38_1) N 530353 530351     28
 531807 197679        cutoff          11880.0000    11841.1000 14043358    0.33%   x(c38_1_c2_1) U 531807 168006     21
 533171 197557        cutoff          11880.0000    11841.2700 14071906    0.33%  x(c27_3_c21_3) U 533171  70639     19
 534604 197427    11841.4563   136    11880.0000    11841.4565 14100801    0.32%   x(c32_1_c5_1) D 534604 388109     19
 536110 197320    11842.6250    77    11880.0000    11841.6250 14131478    0.32%  x(c26_3_c17_3) N 536110 457523     33
 537549 197244    11875.5367    20    11880.0000    11841.8089 14160609    0.32%   x(c2_3_c40_3) U 537549 372150     39
 539053 197194    11857.6016    41    11880.0000    11842.0000 14190137    0.32%  x(c20_2_c39_2) N 539053 292019     30
 540577 197105    11846.3429   112    11880.0000    11842.1430 14219741    0.32%  x(c33_2_c24_2) N 540577 522242     26
 542076 197013    11846.1210    43    11880.0000    11842.3333 14248213    0.32%  x(c43_1_c41_1) N 542076 542075     44
 543364 196962    11842.5795    61    11880.0000    11842.4885 14274497    0.32%   x(c31_2_c5_2) N 543364 543363     25
Elapsed time = 506.39 sec. (1279099.38 ticks, tree = 222.51 MB, solutions = 1)
 544883 196934    11845.1091    49    11880.0000    11842.6378 14305098    0.31%  x(c46_2_c11_2) N 544883 500612     31
 546283 196805    11857.3585    74    11880.0000    11842.8136 14333068    0.31%  x(c40_3_c47_3) D 546283 476929     32
 547797 196681        cutoff          11880.0000    11843.0000 14363447    0.31%  x(c39_2_c20_2) D 547797 373971     38
 549244 196615    11865.6667   132    11880.0000    11843.1326 14391899    0.31%  x(c17_3_c14_3) D 549244 215972     13
 550765 196477        cutoff          11880.0000    11843.3214 14421651    0.31%  x(c21_3_c27_3) U 550765 159381     20
 552186 196389    11871.7104    52    11880.0000    11843.4975 14450007    0.31%   x(c2_3_c40_3) N 552186 518588     33
 553639 196245        cutoff          11880.0000    11843.6378 14478196    0.31%  x(c47_2_c43_2) N 553639 463964     26
 555011 196108        cutoff          11880.0000    11843.7855 14505627    0.30%  x(c32_3_c14_3) U 555011 209866     27
 556463 195998        cutoff          11880.0000    11843.9653 14534247    0.30%   x(c9_3_c14_3) D 556463 316783     22
 557858 195854    11863.6460    57    11880.0000    11844.0858 14561771    0.30%   x(c2_3_c40_3) N 557858 513439     32
Elapsed time = 520.30 sec. (1317260.29 ticks, tree = 221.67 MB, solutions = 1)
 559237 195684    infeasible          11880.0000    11844.2500 14588592    0.30%  x(c24_3_c47_3) N 559237 552994     41
 560696 195536    11849.4103    85    11880.0000    11844.4167 14616530    0.30%   x(c5_1_c32_1) D 560696 340226     29
 562123 195370        cutoff          11880.0000    11844.5561 14644451    0.30%   x(c9_3_c17_3) D 562123  52211     16
 563540 195227    infeasible          11880.0000    11844.7156 14673209    0.30%  x(c27_3_c14_3) U 563540 288297     29
 564947 195074        cutoff          11880.0000    11844.8859 14699695    0.30%  x(c14_3_c17_3) D 564947 400880     26
 566353 195056    11845.0228    84    11880.0000    11845.0228 14726312    0.29%  x(c21_2_c32_2) N 566353 549283     28
 567831 194900    11854.1964    80    11880.0000    11845.1968 14754578    0.29%   x(c32_1_c5_1) N 567831 407171     28
 569173 194737        cutoff          11880.0000    11845.3396 14780441    0.29%   x(c11_2_c6_2) D 569173 368224     23
 570678 194579        cutoff          11880.0000    11845.5000 14807825    0.29%  x(c14_3_c17_3) D 570678 283017     23
 572067 194344    11878.8504   118    11880.0000    11845.6620 14834173    0.29%   x(c2_2_c39_2) N 572067 549206     23
Elapsed time = 534.38 sec. (1355416.02 ticks, tree = 220.34 MB, solutions = 1)
 573462 194228        cutoff          11880.0000    11845.8061 14860381    0.29%   x(c2_3_c40_3) U 573462 533879     31
 574863 194103    11847.7904    97    11880.0000    11845.9694 14887038    0.29%   x(c26_3_c9_3) D 574863 574861     28
 576250 193940    11852.5000    59    11880.0000    11846.0969 14914715    0.29%   x(c32_1_c5_1) N 576250 260977     24
 577729 193762    11859.2111   101    11880.0000    11846.2523 14941992    0.28%   x(c5_2_c21_2) N 577729 542383     28
 579227 193593    11874.6523    94    11880.0000    11846.4122 14970765    0.28%   x(c2_2_c38_2) N 579227 180235     19
 580672 193402    11848.7585   103    11880.0000    11846.5646 14998396    0.28%  x(c40_3_c45_3) N 580672 335048     29
 582176 193235    11857.6194   110    11880.0000    11846.7445 15027928    0.28%   x(c5_1_c31_1) N 582176 427080     30
 583710 193018    11862.7500    89    11880.0000    11846.9065 15055799    0.28%  x(c32_3_c21_3) D 583710 474855     25
 585046 192888    11847.4076    43    11880.0000    11847.0248 15079594    0.28%  x(c40_3_c45_3) D 585046 579172     37
 586510 192788    11848.9097    42    11880.0000    11847.1691 15107134    0.28%  x(c34_2_c46_2) U 586510 315700     46
Elapsed time = 548.43 sec. (1393573.20 ticks, tree = 218.96 MB, solutions = 1)
 587992 192670    11865.3782   113    11880.0000    11847.3333 15134455    0.27%  x(c31_2_c24_2) U 587992 442482     25
 589519 192560        cutoff          11880.0000    11847.5000 15160380    0.27%  x(c33_2_c22_2) U 589519 589518     25
 590981 192336    infeasible          11880.0000    11847.6381 15186788    0.27%   x(c38_2_c2_2) U 590981 590980     22
 592443 192111    11859.6805   103    11880.0000    11847.7857 15212416    0.27%  x(c17_3_c27_3) N 592443 402281     22
 593823 191939    11850.0125    93    11880.0000    11847.9367 15236662    0.27%   x(c32_1_c5_1) N 593823 461409     19
 595311 191711    11848.1185    31    11880.0000    11848.0647 15263057    0.27%   x(c38_1_c4_1) N 595311 595310     39
 596782 191556    11848.6200    51    11880.0000    11848.2197 15288923    0.27%   x(c40_3_c2_3) N 596782 596781     34
 598049 191459    11857.8333    69    11880.0000    11848.3427 15310921    0.27%  x(c17_3_c27_3) N 598049 588587     29
 599520 191212    11858.0000    92    11880.0000    11848.5000 15335586    0.27%   x(c6_2_c11_2) D 599520 257559     16
 601000 190946    11849.2352   126    11880.0000    11848.6431 15361494    0.26%   x(c38_2_c2_2) D 601000 559522     23
Elapsed time = 562.42 sec. (1432039.46 ticks, tree = 217.21 MB, solutions = 1)
 602513 190648    11850.6000    89    11880.0000    11848.8000 15388802    0.26%   x(c38_1_c4_1) N 602513 386059     36
 604000 190361    11849.4361    83    11880.0000    11848.9657 15413648    0.26%  x(c33_3_c15_3) N 604000 598492     25
 605466 190091    11863.2601    76    11880.0000    11849.0821 15440279    0.26%  x(c43_1_c23_1) N 605466 605464     36
 607024 189809    11853.5487    89    11880.0000    11849.2341 15467371    0.26%  x(c31_2_c24_2) D 607024 375779     27
 608533 189502        cutoff          11880.0000    11849.3823 15492934    0.26%   x(c2_3_c40_3) U 608533 496114     30
 609859 189299    infeasible          11880.0000    11849.5000 15516274    0.26%  x(c21_3_c27_3) N 609859 435859     22
 611186 188998    11849.6990   121    11880.0000    11849.6465 15539251    0.26%   x(c27_3_c9_3) N 611186 561027     22
 612773 188615        cutoff          11880.0000    11849.8090 15565981    0.25%  x(c43_1_c30_1) U 612773 278317     38
 614337 188233    11875.2579    72    11880.0000    11849.9870 15592194    0.25%   x(c43_2_c2_2) U 614337 614336     32
 615853 188018    infeasible          11880.0000    11850.1071 15618768    0.25%   x(c2_2_c39_2) D 615853 536287     28
Elapsed time = 576.10 sec. (1470292.63 ticks, tree = 214.30 MB, solutions = 1)
 617413 187730    11870.5485   126    11880.0000    11850.2607 15644828    0.25%     x(c44_3_Om) U 617413 398842     24
 619020 187343    11876.5606    85    11880.0000    11850.4382 15671799    0.25%  x(c16_3_c14_3) N 619020 270444     28
 620606 187020    11856.9167    96    11880.0000    11850.5833 15698120    0.25%  x(c38_1_c35_1) N 620606 340955     27
 622180 186660    11857.1667    77    11880.0000    11850.7500 15725592    0.25%  x(c33_2_c21_2) D 622180 267989     28
 623720 186342        cutoff          11880.0000    11850.9122 15752722    0.24%     x(c44_3_Om) U 623720 334108     36
 625167 186101    11868.7741    77    11880.0000    11851.0185 15779139    0.24%  x(c18_3_c41_3) N 625167 546972     32
 626730 185814    11857.8730   115    11880.0000    11851.1667 15805484    0.24%   x(c2_2_c38_2) N 626730 626728     30
 628228 185485        cutoff          11880.0000    11851.3230 15831659    0.24%   x(c2_3_c40_3) U 628228 476844     24
 629799 185104        cutoff          11880.0000    11851.4809 15857835    0.24%   x(c11_2_c6_2) U 629799  39133     16
 631246 184728    11865.3465   104    11880.0000    11851.6000 15883633    0.24%  x(c17_3_c27_3) N 631246 409544     21
Elapsed time = 589.73 sec. (1508451.38 ticks, tree = 211.06 MB, solutions = 1)
 632784 184320    11854.3780    87    11880.0000    11851.7529 15909273    0.24%  x(c21_3_c33_3) U 632784 574142     25
 634326 183973        cutoff          11880.0000    11851.9167 15934909    0.24%   x(c2_2_c38_2) N 634326 313420     21
 635720 183645        cutoff          11880.0000    11852.0139 15960097    0.24%  x(c22_1_c31_1) U 635720 635719     28
 637128 183401    11852.1490    49    11880.0000    11852.1491 15985962    0.23%   x(c38_2_c2_2) N 637128 599811     34
 638604 183032        cutoff          11880.0000    11852.2902 16010252    0.23%   x(c27_3_c9_3) U 638604  94142     30
 640008 182690        cutoff          11880.0000    11852.4248 16034375    0.23%   x(c27_3_c9_3) U 640008 272864     19
 641497 182355        cutoff          11880.0000    11852.5403 16059547    0.23%  x(c21_3_c17_3) U 641497 507792     28
 642981 181988        cutoff          11880.0000    11852.6772 16085937    0.23%   x(c9_3_c32_3) U 642981 109046     20
 644594 181630        cutoff          11880.0000    11852.8333 16111647    0.23%   x(c9_3_c14_3) D 644594 186150     27
 646101 181156    11853.3333    32    11880.0000    11853.0000 16136040    0.23%  x(c41_3_c18_3) N 646101 407242     35
Elapsed time = 603.43 sec. (1546612.55 ticks, tree = 207.46 MB, solutions = 1)
 647497 180763    11853.1000   116    11880.0000    11853.1000 16161335    0.23%  x(c33_3_c21_3) N 647497 622674     27
 648945 180420    11856.4167    50    11880.0000    11853.2500 16186190    0.23%  x(c40_3_c47_3) N 648945 499276     24
 650438 179956    11875.6085   107    11880.0000    11853.4000 16209621    0.22%   x(c32_2_c5_2) N 650438 482860     24
 651966 179606        cutoff          11880.0000    11853.5391 16235972    0.22%   x(c9_3_c27_3) D 651966 353268     26
 653438 179231        cutoff          11880.0000    11853.6838 16260544    0.22%   x(c32_2_c5_2) U 653438 495269     27
 654895 178792        cutoff          11880.0000    11853.8333 16285255    0.22%  x(c32_3_c14_3) N 654895 139631     20
 656390 178292    11854.0000    41    11880.0000    11854.0000 16308972    0.22%   x(c4_2_c20_2) N 656390 648424     41
 657866 177871    11862.4194    37    11880.0000    11854.1150 16333781    0.22%  x(c45_3_c47_3) N 657866 362346     41
 659329 177480        cutoff          11880.0000    11854.2500 16358524    0.22%  x(c14_2_c17_2) D 659329 334889     21
 660808 177105        cutoff          11880.0000    11854.3844 16382429    0.22%   x(c5_1_c32_1) U 660808 476620     29
Elapsed time = 617.09 sec. (1584776.51 ticks, tree = 203.34 MB, solutions = 1)
 662229 176717        cutoff          11880.0000    11854.5057 16407166    0.21%  x(c34_2_c43_2) U 662229 588414     21
 663664 176225    11854.6641    31    11880.0000    11854.6643 16430980    0.21%     x(c44_3_Om) N 663664 617386     44
 665196 175827        cutoff          11880.0000    11854.8024 16455777    0.21%  x(c27_3_c14_3) U 665196 550708     22
 666648 175408    11859.2952    76    11880.0000    11854.9526 16480047    0.21%   x(c38_1_c2_1) N 666648 535868     33
 668113 174992        cutoff          11880.0000    11855.0620 16504788    0.21%   x(c9_3_c17_3) N 668113 472333     23
 669585 174589    11855.6392    83    11880.0000    11855.2000 16529187    0.21%   x(c34_2_c4_2) N 669585 574655     32
 671017 174079        cutoff          11880.0000    11855.3333 16552994    0.21%  x(c47_3_c40_3) U 671017 671009     23
 672460 173566        cutoff          11880.0000    11855.5000 16575571    0.21%  x(c41_3_c18_3) N 672460 440502     35
 673873 173179    infeasible          11880.0000    11855.6092 16600158    0.21%  x(c14_3_c32_3) U 673873 659174     26
 675318 172720    infeasible          11880.0000    11855.7381 16623611    0.20%  x(c21_3_c17_3) U 675318 444198     24
Elapsed time = 631.49 sec. (1622939.48 ticks, tree = 198.85 MB, solutions = 1)
 676851 172220    11863.9033    66    11880.0000    11855.8849 16647862    0.20%  x(c34_2_c46_2) N 676851 603355     30
 678310 171792        cutoff          11880.0000    11856.0000 16672629    0.20%  x(c21_3_c27_3) U 678310 678308     25
 679841 171382    11858.6310    85    11880.0000    11856.1409 16695594    0.20%   x(c2_2_c39_2) N 679841 669795     29
 681326 170914    11856.2892   106    11880.0000    11856.2776 16718256    0.20%  x(c43_1_c35_1) N 681326 601035     23
 682917 170509    11867.2547    62    11880.0000    11856.4146 16741030    0.20%   x(c2_2_c38_2) N 682917 530799     28
 684472 170085    11863.1962   110    11880.0000    11856.5358 16765122    0.20%  x(c39_1_c31_1) N 684472 397870     32
 685967 169489    11856.8333    92    11880.0000    11856.6667 16787446    0.20%  x(c33_3_c32_3) N 685967 621473     19
 687442 168947    11859.0336   107    11880.0000    11856.8040 16810751    0.20%  x(c40_3_c47_3) U 687442 529947     33
 688959 168376        cutoff          11880.0000    11856.9602 16834348    0.19%  x(c35_1_c43_1) U 688959 630398     31
 690539 167943        cutoff          11880.0000    11857.0699 16859208    0.19%  x(c33_3_c21_3) D 690539 504143     28
Elapsed time = 645.03 sec. (1661099.79 ticks, tree = 193.96 MB, solutions = 1)
 692067 167415    11878.6220    77    11880.0000    11857.2008 16882569    0.19%   x(c32_2_c5_2) N 692067 596232     26
 693584 166843        cutoff          11880.0000    11857.3411 16906317    0.19%  x(c43_1_c30_1) U 693584 613125     29
 695108 166272        cutoff          11880.0000    11857.5000 16928171    0.19%   x(c34_2_c4_2) U 695108 651347     29
 696588 165672        cutoff          11880.0000    11857.6162 16951170    0.19%   x(c21_3_c9_3) U 696588 596373     38
 698056 165038    11874.9562   127    11880.0000    11857.7500 16974203    0.19%   x(c14_3_c9_3) N 698056  94765     20
 699565 164511    11857.9217    37    11880.0000    11857.8966 16997454    0.19%  x(c21_3_c33_3) N 699565 481814     31
 701097 163864    11864.5112    70    11880.0000    11858.0112 17021148    0.19%   x(c5_1_c32_1) N 701097 686739     19
 702575 163331        cutoff          11880.0000    11858.1509 17043479    0.18%   x(c11_2_c6_2) U 702575 216710     23
 704034 162732    11858.4443    99    11880.0000    11858.2861 17066763    0.18%   x(c38_1_c4_1) N 704034 604123     28
 705583 162063        cutoff          11880.0000    11858.4332 17087987    0.18%   x(c32_1_c5_1) D 705583 510995     33
Elapsed time = 658.35 sec. (1699261.66 ticks, tree = 187.86 MB, solutions = 1)
 707164 161386    11874.7103    64    11880.0000    11858.5695 17110369    0.18%  x(c14_3_c16_3) D 707164 488464     28
 708667 160703    11860.1869    76    11880.0000    11858.7000 17132612    0.18%   x(c22_1_c5_1) N 708667 503330     28
 710155 160025        cutoff          11880.0000    11858.8350 17155044    0.18%   x(c5_2_c21_2) D 710155 312890     46
 711637 159336    11859.0000    24    11880.0000    11859.0000 17176462    0.18%  x(c14_3_c16_3) N 711637 503512     34
 713139 158741        cutoff          11880.0000    11859.1000 17197947    0.18%   x(c45_3_c2_3) N 713139 592583     30
 714640 158158        cutoff          11880.0000    11859.2378 17219370    0.17%   x(c2_3_c40_3) N 714640 447995     22
 716137 157601    11872.7548    83    11880.0000    11859.3636 17241628    0.17%  x(c35_1_c39_1) N 716137 684402     23
 717654 157041    11860.0023    44    11880.0000    11859.5000 17263184    0.17%     x(c44_3_Om) N 717654 462314     40
 719216 156405        cutoff          11880.0000    11859.6194 17285398    0.17%  x(c33_3_c32_3) D 719216  59253     18
 720722 155696    11878.3670    90    11880.0000    11859.7500 17307435    0.17%  x(c47_3_c40_3) N 720722 720720     26
Elapsed time = 671.46 sec. (1737424.87 ticks, tree = 181.17 MB, solutions = 1)
 722224 155027        cutoff          11880.0000    11859.8843 17328945    0.17%  x(c34_2_c43_2) N 722224 330298     23
 723706 154428    11878.5000    75    11880.0000    11860.0000 17351217    0.17%   x(c14_3_c9_3) N 723706 378106     19
 725213 153804    11862.7917   107    11880.0000    11860.1250 17372524    0.17%  x(c47_3_c40_3) N 725213 679129     20
 726728 153044    11861.3809    77    11880.0000    11860.2645 17393963    0.17%  x(c32_3_c26_3) N 726728 630992     26
 728233 152375        cutoff          11880.0000    11860.4022 17415514    0.16%  x(c43_1_c38_1) U 728233 483317     26
 729730 151682    11876.7500    52    11880.0000    11860.5251 17437856    0.16%  x(c14_2_c11_2) N 729730 117236     24
 731247 150998    infeasible          11880.0000    11860.6667 17458640    0.16%  x(c39_2_c20_2) D 731247 708183     37
 732743 150269    11862.8579    86    11880.0000    11860.7969 17480285    0.16%  x(c14_3_c16_3) N 732743 392664     25
 734258 149546        cutoff          11880.0000    11860.9375 17500854    0.16%   x(c32_2_c5_2) D 734258 677574     21
 735767 148810        cutoff          11880.0000    11861.0436 17522697    0.16%   x(c9_3_c17_3) U 735767 195626     22
Elapsed time = 684.48 sec. (1775583.54 ticks, tree = 173.92 MB, solutions = 1)
 737247 148135        cutoff          11880.0000    11861.1679 17544493    0.16%   x(c6_2_c11_2) U 737247 430976     19
 738761 147395    11863.8219    64    11880.0000    11861.3155 17565322    0.16%  x(c27_3_c21_3) N 738761 143339     21
 740302 146669    infeasible          11880.0000    11861.4442 17585614    0.16%  x(c17_2_c21_2) U 740302 548997     21
 741837 145966    infeasible          11880.0000    11861.5508 17605599    0.16%  x(c26_3_c47_3) D 741837 741836     42
 743380 145200    11865.0625   112    11880.0000    11861.6719 17627029    0.15%  x(c17_3_c14_3) N 743380 678980     28
 744899 144476    infeasible          11880.0000    11861.8123 17647562    0.15%   x(c2_2_c43_2) D 744899 744898     36
 746465 143622    11866.0609    95    11880.0000    11861.9606 17667456    0.15%   x(c2_2_c39_2) N 746465 675737     25
 748040 142749    11862.1218    36    11880.0000    11862.0775 17687699    0.15%  x(c16_3_c14_3) N 748040 451717     44
 749574 141968        cutoff          11880.0000    11862.2066 17708431    0.15%   x(c31_2_c5_2) U 749574 466876     31
 751123 141116    11865.6086   137    11880.0000    11862.3420 17728366    0.15%  x(c21_3_c17_3) N 751123 510966     19
Elapsed time = 697.42 sec. (1813741.57 ticks, tree = 165.78 MB, solutions = 1)
 752664 140342    11865.1684    24    11880.0000    11862.5000 17748257    0.15%  x(c40_3_c47_3) N 752664 497884     28
 754238 139429        cutoff          11880.0000    11862.6127 17768787    0.15%  x(c33_2_c22_2) D 754238 352759     25
 755757 138633    11876.7379   108    11880.0000    11862.7500 17788921    0.15%  x(c14_2_c11_2) N 755757 466696     28
 757293 137764    11863.5938    31    11880.0000    11862.8957 17809071    0.14%  x(c41_3_c18_3) N 757293 719107     40
 758854 136936        cutoff          11880.0000    11863.0070 17829288    0.14%  x(c47_3_c40_3) U 758854 662550     18
 760404 136107        cutoff          11880.0000    11863.1535 17849494    0.14%   x(c2_2_c39_2) D 760404 709649     35
 761971 135258    11868.8333    71    11880.0000    11863.2917 17869103    0.14%   x(c21_3_c9_3) N 761971 643722     27
 763520 134483    11872.5911    80    11880.0000    11863.4245 17888794    0.14%  x(c35_1_c30_1) N 763520 763519     27
 765063 133666    11864.0880    37    11880.0000    11863.5435 17909110    0.14%  x(c18_3_c41_3) N 765063 474662     34
 766647 132691    11868.2389   142    11880.0000    11863.6833 17928342    0.14%  x(c22_2_c31_2) N 766647 625451     24
Elapsed time = 710.44 sec. (1851903.39 ticks, tree = 156.83 MB, solutions = 1)
 768220 131865    infeasible          11880.0000    11863.8333 17947642    0.14%   x(c34_2_c4_2) D 768220 468428     23
 769802 130934        cutoff          11880.0000    11863.9900 17966121    0.13%  x(c21_3_c17_3) D 769802 237262     27
 771396 130083        cutoff          11880.0000    11864.0808 17986332    0.13%    x(c2_2_c4_2) N 771396 253496     24
 772961 129176    11873.0833    84    11880.0000    11864.2083 18005930    0.13%   x(c2_2_c39_2) N 772961 661328     25
 774529 128222        cutoff          11880.0000    11864.3476 18025605    0.13%   x(c2_2_c39_2) U 774529 739634     36
 776088 127350        cutoff          11880.0000    11864.5000 18045112    0.13%  x(c40_3_c47_3) N 776088 502662     42
 777678 126377    11865.6429    58    11880.0000    11864.6071 18064427    0.13%   x(c2_3_c40_3) N 777678 477626     40
 779261 125529        cutoff          11880.0000    11864.7435 18082551    0.13%  x(c34_2_c47_2) D 779261 489108     33
 780858 124531    11865.7222    89    11880.0000    11864.8889 18101581    0.13%  x(c39_2_c31_2) N 780858 780857     24
 782488 123523    11878.8841   124    11880.0000    11865.0142 18120323    0.13%  x(c14_3_c33_3) N 782488 647830     37
Elapsed time = 723.31 sec. (1890067.48 ticks, tree = 146.99 MB, solutions = 1)
 784101 122553    11868.1678   100    11880.0000    11865.1649 18138994    0.12%  x(c21_3_c33_3) N 784101 768644     24
 785666 121693    11872.1079    49    11880.0000    11865.2917 18157831    0.12%  x(c34_2_c47_2) N 785666 785664     31
 787272 120754        cutoff          11880.0000    11865.4333 18176425    0.12%   x(c31_2_c5_2) U 787272 684270     31
 788881 119852    11871.9375    97    11880.0000    11865.5585 18195077    0.12%   x(c5_1_c31_1) N 788881 213956     24
 790454 118922    11865.6910    93    11880.0000    11865.6910 18214152    0.12%  x(c27_3_c33_3) N 790454 570658     20
 792035 117965        cutoff          11880.0000    11865.8333 18232489    0.12%   x(c31_2_c5_2) D 792035 681093     29
 793653 116964    infeasible          11880.0000    11866.0000 18250635    0.12%  x(c45_3_c20_3) D 793653 665792     33
 795259 115937    11866.1058    36    11880.0000    11866.1059 18269994    0.12%  x(c21_2_c14_2) N 795259 589443     46
 796889 114881        cutoff          11880.0000    11866.2464 18287678    0.12%   x(c32_2_c5_2) D 796889 530895     31
 798526 113852        cutoff          11880.0000    11866.3809 18305082    0.11%   x(c2_2_c39_2) U 798526 655339     21
Elapsed time = 736.13 sec. (1928222.38 ticks, tree = 136.61 MB, solutions = 1)
 800191 112779    11866.7166    52    11880.0000    11866.5128 18322728    0.11%   x(c43_2_c2_2) D 800191 797563     33
 801842 111740    11876.8500    91    11880.0000    11866.6667 18340256    0.11%  x(c34_2_c43_2) N 801842 801840     23
 803474 110666    infeasible          11880.0000    11866.8057 18358198    0.11%  x(c46_2_c11_2) U 803474 789723     35
 805133 109527        cutoff          11880.0000    11866.9726 18375324    0.11%   x(c14_3_c9_3) N 805133 365114     17
 806792 108447    11871.8600    97    11880.0000    11867.0919 18393865    0.11%  x(c47_3_c40_3) N 806792 650086     27
 808440 107308        cutoff          11880.0000    11867.2304 18411279    0.11%   x(c5_2_c32_2) D 808440 808439     24
 810094 106189    11867.3750    78    11880.0000    11867.3750 18428793    0.11%  x(c14_3_c32_3) N 810094 629792     32
 811729 105178        cutoff          11880.0000    11867.5000 18446920    0.11%   x(c14_3_c9_3) U 811729 372335     26
 813360 104110    11867.6422    95    11880.0000    11867.6425 18464332    0.10%  x(c43_1_c35_1) N 813360 690291     28
 815008 103008        cutoff          11880.0000    11867.7838 18481608    0.10%   x(c26_3_c9_3) U 815008 812268     26
Elapsed time = 748.82 sec. (1966387.04 ticks, tree = 124.94 MB, solutions = 1)
 816680 101842        cutoff          11880.0000    11867.9375 18499174    0.10%  x(c14_3_c48_3) N 816680 730226     29
 818312 100741    11868.1239    53    11880.0000    11868.0483 18517149    0.10%   x(c2_2_c47_2) N 818312 818311     41
 819981 99635        cutoff          11880.0000    11868.1883 18533298    0.10%  x(c35_1_c38_1) D 819981 771505     34
 821664 98572        cutoff          11880.0000    11868.3333 18549578    0.10%  x(c33_3_c21_3) U 821664 217499     22
 823347 97544    11869.7256    70    11880.0000    11868.4841 18565607    0.10%   x(c2_3_c40_3) N 823347 483028     35
 825036 96418    11868.9906    65    11880.0000    11868.6036 18582179    0.10%  x(c17_3_c27_3) N 825036 598363     26
 826698 95271        cutoff          11880.0000    11868.7500 18598827    0.09%  x(c21_3_c17_3) U 826698 375328     21
 828399 94038        cutoff          11880.0000    11868.9146 18614768    0.09%   x(c38_2_c2_2) N 828399 424134     24
 830068 92867        cutoff          11880.0000    11869.0410 18632306    0.09%  x(c33_2_c17_2) U 830068 744866     30
 831742 91727    11869.6137    12    11880.0000    11869.1816 18648215    0.09%   x(c34_2_c4_2) N 831742 760207     48
Elapsed time = 761.70 sec. (2004546.75 ticks, tree = 112.77 MB, solutions = 1)
 833432 90570    11877.6000    59    11880.0000    11869.3333 18663864    0.09%  x(c47_3_c40_3) N 833432 753701     27
 835116 89361        cutoff          11880.0000    11869.4956 18680409    0.09%  x(c38_1_c39_1) U 835116 701178     19
 836835 88124        cutoff          11880.0000    11869.6250 18695743    0.09%  x(c33_2_c21_2) U 836835 169989     25
 838549 86901    11872.3350   100    11880.0000    11869.7724 18711382    0.09%  x(c34_2_c43_2) N 838549 708352     25
 840262 85656        cutoff          11880.0000    11869.9359 18727334    0.08%  x(c34_2_c43_2) D 840262 634754     29
 841952 84421    infeasible          11880.0000    11870.0657 18743468    0.08%   x(c27_3_c9_3) D 841952 219503     21
 843689 83188        cutoff          11880.0000    11870.2095 18758823    0.08%  x(c33_3_c32_3) U 843689 303501     27
 845428 81853        cutoff          11880.0000    11870.3667 18773068    0.08%   x(c31_2_c5_2) D 845428 741480     25
 847135 80611        cutoff          11880.0000    11870.5000 18788586    0.08%  x(c21_3_c17_3) U 847135  51694     19
 848869 79326        cutoff          11880.0000    11870.6618 18803672    0.08%  x(c39_2_c24_2) D 848869 697883     19
Elapsed time = 774.10 sec. (2042706.45 ticks, tree = 99.27 MB, solutions = 1)
 850589 78019        cutoff          11880.0000    11870.8027 18819165    0.08%  x(c43_1_c30_1) U 850589 850588     30
 852349 76678        cutoff          11880.0000    11870.9944 18833811    0.08%  x(c47_3_c40_3) N 852349 682232     30
 854079 75360        cutoff          11880.0000    11871.1186 18849367    0.07%   x(c5_1_c32_1) N 854079 675401     28
 855821 73987    11876.0803    80    11880.0000    11871.2700 18864156    0.07%  x(c43_1_c35_1) N 855821 855819     26
 857563 72640        cutoff          11880.0000    11871.4282 18878806    0.07%  x(c26_3_c18_3) U 857563 857115     30
 859317 71267        cutoff          11880.0000    11871.5736 18892733    0.07%   x(c38_2_c2_2) U 859317 592190     26
 861067 69892        cutoff          11880.0000    11871.7372 18907062    0.07%   x(c32_1_c5_1) U 861067 783692     19
 862822 68503        cutoff          11880.0000    11871.9040 18921052    0.07%  x(c14_3_c48_3) N 862822 818406     36
 864541 67160        cutoff          11880.0000    11872.0368 18936918    0.07%  x(c11_2_c18_2) U 864541 590661     38
 866288 65765        cutoff          11880.0000    11872.1925 18951157    0.07%   x(c34_2_c4_2) D 866288 565807     44
Elapsed time = 786.65 sec. (2080866.28 ticks, tree = 84.50 MB, solutions = 1)
 868040 64412        cutoff          11880.0000    11872.3471 18965132    0.06%  x(c47_2_c43_2) U 868040 583863     31
 869794 63066        cutoff          11880.0000    11872.5000 18978992    0.06%   x(c31_2_c5_2) U 869794 243533     20
 871547 61669        cutoff          11880.0000    11872.6609 18993024    0.06%   x(c2_2_c47_2) U 871547 705105     39
 873354 60187    11873.4061    59    11880.0000    11872.8244 19005537    0.06%   x(c31_2_c5_2) N 873354 870605     32
 875185 58654        cutoff          11880.0000    11873.0000 19017901    0.06%  x(c45_3_c47_3) U 875185 589418     42
 876972 57255        cutoff          11880.0000    11873.1265 19031993    0.06%  x(c37_2_c43_2) U 876972 762674     42
 878759 55808        cutoff          11880.0000    11873.2925 19045181    0.06%  x(c26_3_c18_3) D 878759 878757     25
 880552 54310    11878.3271    86    11880.0000    11873.4667 19057823    0.05%  x(c43_1_c30_1) N 880552 302801     22
 882333 52849        cutoff          11880.0000    11873.6068 19071376    0.05%   x(c14_3_c9_3) U 882333 432894     38
 884144 51345    11874.8516    84    11880.0000    11873.7640 19083913    0.05%  x(c21_3_c17_3) N 884144 361801     23
Elapsed time = 798.36 sec. (2119025.74 ticks, tree = 68.79 MB, solutions = 1)
 885941 49836    11876.5894    85    11880.0000    11873.9440 19096153    0.05%  x(c14_3_c33_3) N 885941 789948     32
 887770 48273        cutoff          11880.0000    11874.0952 19108767    0.05%  x(c14_3_c17_3) D 887770 397917     28
 889585 46727        cutoff          11880.0000    11874.2537 19121047    0.05%  x(c30_1_c39_1) N 889585 598125     28
 891406 45197    11874.4799    71    11880.0000    11874.4253 19133235    0.05%  x(c26_3_c21_3) N 891406 883346     21
 893237 43616        cutoff          11880.0000    11874.5714 19144764    0.05%  x(c32_3_c14_3) U 893237 129154     20
 895089 42027    11874.8774    72    11880.0000    11874.7500 19155764    0.04%   x(c6_2_c11_2) N 895089 768872     26
 896928 40436    11878.1667    79    11880.0000    11874.9286 19167105    0.04%  x(c37_2_c31_2) N 896928 847248     32
 898810 38791        cutoff          11880.0000    11875.0805 19178778    0.04%  x(c14_3_c48_3) D 898810 746969     31
 900682 37112        cutoff          11880.0000    11875.2543 19189582    0.04%   x(c2_2_c43_2) U 900682 657850     28
 902559 35442        cutoff          11880.0000    11875.4374 19200116    0.04%  x(c35_1_c43_1) D 902559 416962     28
Elapsed time = 809.77 sec. (2157184.13 ticks, tree = 51.33 MB, solutions = 1)
 904439 33773        cutoff          11880.0000    11875.5888 19210923    0.04%  x(c26_3_c32_3) U 904439  56186     25
 906357 32004        cutoff          11880.0000    11875.7653 19220936    0.04%  x(c33_3_c14_3) D 906357 906355     38
 908275 30244        cutoff          11880.0000    11875.9697 19230864    0.03%  x(c14_3_c17_3) U 908275 270446     23
 910200 28497        cutoff          11880.0000    11876.1250 19241565    0.03%  x(c14_2_c11_2) U 910200 250398     23
 912073 26808        cutoff          11880.0000    11876.3024 19252426    0.03%   x(c32_1_c5_1) U 912073 511337     29
 913973 25098    11876.4986    52    11880.0000    11876.4986 19262599    0.03%   x(c2_3_c40_3) N 913973 734937     29
 915905 23321    infeasible          11880.0000    11876.6601 19272355    0.03%  x(c22_2_c21_2) U 915905 899601     37
 917811 21562        cutoff          11880.0000    11876.8341 19281554    0.03%  x(c14_2_c17_2) D 917811 345059     22
 919796 19673        cutoff          11880.0000    11877.0180 19290645    0.03%  x(c26_3_c18_3) D 919796 848781     28
 921774 17810        cutoff          11880.0000    11877.2116 19299370    0.02%  x(c21_3_c17_3) U 921774 241422     28
Elapsed time = 820.92 sec. (2195339.26 ticks, tree = 31.93 MB, solutions = 1)
 923750 15973        cutoff          11880.0000    11877.4018 19308175    0.02%   x(c14_3_c9_3) U 923750 301658     26
 925728 14092        cutoff          11880.0000    11877.5840 19316032    0.02%  x(c18_2_c34_2) U 925728 692933     32
 927737 12164        cutoff          11880.0000    11877.7923 19324040    0.02%   x(c6_2_c11_2) D 927737 330620     30
 929760 10208        cutoff          11880.0000    11878.0000 19332490    0.02%  x(c33_2_c32_2) U 929760 695121     27
 931772  8260        cutoff          11880.0000    11878.1859 19339931    0.02%  x(c47_3_c40_3) U 931772 711461     28
 933820  6273        cutoff          11880.0000    11878.3948 19347336    0.01%   x(c9_3_c27_3) U 933820 726983     34
 935881  4256        cutoff          11880.0000    11878.5839 19354603    0.01%  x(c34_2_c43_2) D 935881 157354     20
 937962  2199        cutoff          11880.0000    11878.7929 19361012    0.01%  x(c17_3_c14_3) D 937962 266977     30

Clique cuts applied:  26
Cover cuts applied:  458
Flow cuts applied:  2
Mixed integer rounding cuts applied:  40
Zero-half cuts applied:  7
Gomory fractional cuts applied:  7

Root node processing (before b&c):
  Real time             =    0.18 sec. (399.54 ticks)
Sequential b&c:
  Real time             =  829.59 sec. (2234236.69 ticks)
                          ------------
Total (root+branch&cut) =  829.77 sec. (2234636.23 ticks)

