Version identifier: 22.1.0.0 | 2022-03-09 | 1a383f8ce
CPXPARAM_Preprocessing_Reduce                    0
CPXPARAM_Threads                                 1
CPXPARAM_Preprocessing_Reformulations            0
CPXPARAM_Emphasis_MIP                            2
CPXPARAM_TimeLimit                               7200
CPXPARAM_MIP_Tolerances_AbsMIPGap                0.98999999999999999
CPXPARAM_MIP_Limits_TreeMemory                   20000
Legacy callback                                  BbLUID
         Disabling repeat represolve because of lazy constraint/incumbent callback.
1 of 1 MIP starts provided solutions.
MIP start 'm1' defined initial solution with objective 21479.0000.
Tried aggregator 0 times.
Reduced MIP has 7234 rows, 6832 columns, and 40516 nonzeros.
Reduced MIP has 6690 binaries, 0 generals, 0 SOSs, and 0 indicators.
Presolve time = 0.00 sec. (2.15 ticks)
Probing time = 0.00 sec. (4.08 ticks)
Clique table members: 2171.
MIP emphasis: optimality.
MIP search method: traditional branch-and-cut.
Parallel mode: none, using 1 thread.
Root relaxation solution time = 0.01 sec. (16.92 ticks)

        Nodes                                         Cuts/
   Node  Left     Objective  IInf  Best Integer    Best Bound    ItCnt     Gap         Variable B NodeID Parent  Depth

*     0+    0                        21479.0000        0.0000           100.00%
      0     0    17671.9594   295    21479.0000    17671.9594      529   17.72%
      0     0    21011.7342   279    21479.0000      Cuts: 86      796    2.18%
      0     0    21340.5000   296    21479.0000      Cuts: 25      909    0.64%
      0     0    21406.0000   287    21479.0000      Cuts: 15     1006    0.34%
      0     0    21448.0000   286    21479.0000       Cuts: 5     1041    0.14%
      0     0    21452.5000   293    21479.0000       Cuts: 3     1062    0.12%
      0     0    21469.5000   288    21479.0000      Cuts: 24     1079    0.04%
      0     0    21471.5000   286    21479.0000       Cuts: 4     1089    0.03%
      0     2    21471.5000   286    21479.0000    21471.5000     1089    0.03%                        0             0
Elapsed time = 0.57 sec. (1357.96 ticks, tree = 0.01 MB, solutions = 1)
      1     1    21490.7522   284    21479.0000    21471.5000     1137    0.03%   x(c42_3_c7_3) D      1      0      1

Clique cuts applied:  31
Flow cuts applied:  10
Mixed integer rounding cuts applied:  11
Zero-half cuts applied:  4
Gomory fractional cuts applied:  4
User cuts applied:  64

Root node processing (before b&c):
  Real time             =    0.57 sec. (1357.97 ticks)
Sequential b&c:
  Real time             =    0.84 sec. (1916.71 ticks)
                          ------------
Total (root+branch&cut) =    1.41 sec. (3274.68 ticks)

