Version identifier: 22.1.0.0 | 2022-03-09 | 1a383f8ce
CPXPARAM_Preprocessing_Reduce                    1
CPXPARAM_Threads                                 1
CPXPARAM_Preprocessing_Reformulations            0
CPXPARAM_Emphasis_MIP                            2
CPXPARAM_TimeLimit                               7200
CPXPARAM_MIP_Tolerances_AbsMIPGap                0.5
CPXPARAM_MIP_Limits_TreeMemory                   26600
Legacy callback                                  BbLUID
         Disabling repeat represolve because of lazy constraint/incumbent callback.
1 of 1 MIP starts provided solutions.
MIP start 'm1' defined initial solution with objective 50812.0000.
Tried aggregator 1 time.
MIP Presolve modified 9981 coefficients.
Reduced MIP has 353 rows, 10034 columns, and 30100 nonzeros.
Reduced MIP has 10034 binaries, 0 generals, 0 SOSs, and 0 indicators.
Presolve time = 0.01 sec. (29.49 ticks)
Probing time = 0.00 sec. (4.53 ticks)
Clique table members: 350.
MIP emphasis: optimality.
MIP search method: traditional branch-and-cut.
Parallel mode: none, using 1 thread.
Root relaxation solution time = 0.00 sec. (6.06 ticks)

        Nodes                                         Cuts/
   Node  Left     Objective  IInf  Best Integer    Best Bound    ItCnt     Gap         Variable B NodeID Parent  Depth

*     0+    0                        50812.0000        0.0000           100.00%
      0     0    46091.5000   146    50812.0000    37321.0000      166   26.55%
      0     0    48183.0000    44    50812.0000      Cuts: 71      270    5.17%
      0     0    48635.0000   176    50812.0000      Cuts: 25      321    4.28%
      0     0    49585.0000   118    50812.0000      Cuts: 55      360    2.41%
      0     0    49803.0000   111    50812.0000      Cuts: 26      382    1.99%
      0     0    49944.0000   248    50812.0000       Cuts: 6      402    1.71%
      0     0    50001.0000    30    50812.0000      Cuts: 13      414    1.60%
      0     0    50001.0000   242    50812.0000       Cuts: 5      424    1.60%
      0     0    50001.0000   152    50812.0000   ZeroHalf: 7      428    1.60%
      0     0    50001.0000   166    50812.0000       Cuts: 8      431    1.60%
      0     2    50001.0000    54    50812.0000    50001.0000      431    1.60%                        0             0
Elapsed time = 0.37 sec. (922.92 ticks, tree = 0.01 MB, solutions = 1)
     14    15    50487.8333   353    50812.0000    50016.0000      540    1.57%  x(c50_3_c94_3) N     14     12     11
     29    24    50893.0000   113    50812.0000    50016.0000      700    1.57%  x(c77_2_c68_2) N     29     28     25
*    43    19      integral     0    50283.0000    50096.3333      869    0.37%
     62    30    50265.5000   100    50283.0000    50113.2500     1032    0.34%  x(c70_1_c21_1) U     62     57     10
    107    52    50173.0000    82    50283.0000    50157.7500     1458    0.25%  x(c68_1_c21_1) D    107     61     13
    154    63    50254.8750   124    50283.0000    50185.0000     1958    0.19%  x(c91_2_c94_2) N    154    126     27
*   173     6      integral     0    50192.0000    50188.0000     2146    0.01%

Zero-half cuts applied:  16
Gomory fractional cuts applied:  9
User cuts applied:  314

Root node processing (before b&c):
  Real time             =    0.37 sec. (923.06 ticks)
Sequential b&c:
  Real time             =    2.81 sec. (1362.56 ticks)
                          ------------
Total (root+branch&cut) =    3.18 sec. (2285.62 ticks)

