- Starting heuristic -

Exact TSP
   TSP Iteration:       0   9401
------ Iteration:       0   9401
x  TSP Iteration:       3   9030  42273
* 2OPT Iteration:       3   9030  41784
* BPER Iteration:       3   9030  41595
*  TSP Iteration:       5   8785  41164
* 2OPT Iteration:       5   8566  40262
* BPER Iteration:       5   8566  40073
------ Iteration:     100   8566  40073
------ Iteration:     200   8566  40073
------ Iteration:     300   8566  40073

Exact Precedences TSP
* 2OPT Iteration:       0   8655  40265
* BPER Iteration:       0   8655  40100
* 2OPT Iteration:       1   8544  40240
* BPER Iteration:       1   8544  40051
* 2OPT Iteration:       3   8633  40317
* BPER Iteration:       3   8633  40312
* 2OPT Iteration:       4   8655  40343
* BPER Iteration:       4   8655  40178
Feasible solution found

