Version identifier: 22.1.0.0 | 2022-03-09 | 1a383f8ce
CPXPARAM_Preprocessing_Reduce                    1
CPXPARAM_Preprocessing_Reformulations            0
CPXPARAM_Emphasis_MIP                            2
CPXPARAM_TimeLimit                               7200
CPXPARAM_MIP_Tolerances_AbsMIPGap                0.98999999999999999
CPXPARAM_MIP_Limits_TreeMemory                   20000
Legacy callback                                  BbD
1 of 1 MIP starts provided solutions.
MIP start 'm1' defined initial solution with objective 8448.0000.
Tried aggregator 1 time.
MIP Presolve modified 305 coefficients.
Reduced MIP has 512 rows, 385 columns, and 1880 nonzeros.
Reduced MIP has 344 binaries, 0 generals, 0 SOSs, and 0 indicators.
Presolve time = 0.00 sec. (1.26 ticks)
Probing time = 0.00 sec. (0.53 ticks)
Tried aggregator 1 time.
Reduced MIP has 512 rows, 385 columns, and 1880 nonzeros.
Reduced MIP has 344 binaries, 0 generals, 0 SOSs, and 0 indicators.
Presolve time = 0.00 sec. (0.75 ticks)
Probing time = 0.00 sec. (0.56 ticks)
Clique table members: 221.
MIP emphasis: optimality.
MIP search method: traditional branch-and-cut.
Parallel mode: none, using 1 thread.
Root relaxation solution time = 0.00 sec. (0.81 ticks)

        Nodes                                         Cuts/
   Node  Left     Objective  IInf  Best Integer    Best Bound    ItCnt     Gap         Variable B NodeID Parent  Depth

*     0+    0                         8448.0000        0.0000           100.00%
      0     0     7126.1590    84     8448.0000     7126.1590       92   15.65%
      0     0     7887.5000    75     8448.0000      Cuts: 18      117    6.63%
      0     0     7905.2161    81     8448.0000       Cuts: 6      139    6.42%
      0     0     7907.0074    88     8448.0000       Cuts: 2      149    6.40%
      0     0     7930.9908    84     8448.0000       Cuts: 3      159    6.12%
      0     0     7991.2500    86     8448.0000       Cuts: 3      167    5.41%
      0     0     8029.7500    88     8448.0000  ZeroHalf: 10      178    4.95%
      0     0     8043.8571    93     8448.0000       Cuts: 9      186    4.78%
      0     0     8087.0000    85     8448.0000   ZeroHalf: 8      200    4.27%
      0     0     8087.0000    87     8448.0000       Cuts: 4      205    4.27%
      0     0     8196.0000    48     8448.0000   ZeroHalf: 5      216    2.98%
      0     0     8219.0000    70     8448.0000       Cuts: 3      234    2.71%
      0     0     8219.0000    70     8448.0000     Covers: 1      238    2.71%
      0     2     8219.0000    37     8448.0000     8219.0000      238    2.71%                        0             0
Elapsed time = 0.05 sec. (70.55 ticks, tree = 0.01 MB, solutions = 1)
    379   207    infeasible           8448.0000     8353.1380     3603    1.12%   x(c10_4_c5_4) D    379    378      5
   1022   483     8374.1743    60     8448.0000     8374.1837    10041    0.87%    x(c5_2_c4_2) D   1022    774     20
   1775   547        cutoff           8448.0000     8401.1272    16897    0.55%    x(c5_3_c2_3) D   1775   1513     26
   2715    83        cutoff           8448.0000     8439.9451    22643    0.10%   x(c2_3_c12_3) N   2715   1102     18

Clique cuts applied:  11
Cover cuts applied:  23
Flow cuts applied:  1
Mixed integer rounding cuts applied:  2
Zero-half cuts applied:  14
Multi commodity flow cuts applied:  3
Gomory fractional cuts applied:  2

Root node processing (before b&c):
  Real time             =    0.05 sec. (70.35 ticks)
Sequential b&c:
  Real time             =    0.51 sec. (988.42 ticks)
                          ------------
Total (root+branch&cut) =    0.56 sec. (1058.77 ticks)

