Version identifier: 22.1.0.0 | 2022-03-09 | 1a383f8ce
CPXPARAM_Preprocessing_Reduce                    0
CPXPARAM_Threads                                 1
CPXPARAM_Preprocessing_Reformulations            0
CPXPARAM_Emphasis_MIP                            2
CPXPARAM_TimeLimit                               7200
CPXPARAM_MIP_Tolerances_AbsMIPGap                0.98999999999999999
CPXPARAM_MIP_Limits_TreeMemory                   20000
Legacy callback                                  BbLUID
         Disabling repeat represolve because of lazy constraint/incumbent callback.
1 of 1 MIP starts provided solutions.
MIP start 'm1' defined initial solution with objective 72300.0000.
Tried aggregator 0 times.
Reduced MIP has 8246 rows, 7828 columns, and 46434 nonzeros.
Reduced MIP has 7676 binaries, 0 generals, 0 SOSs, and 0 indicators.
Presolve time = 0.00 sec. (2.46 ticks)
Probing time = 0.00 sec. (4.36 ticks)
Clique table members: 2267.
MIP emphasis: optimality.
MIP search method: traditional branch-and-cut.
Parallel mode: none, using 1 thread.
Root relaxation solution time = 0.01 sec. (17.53 ticks)

        Nodes                                         Cuts/
   Node  Left     Objective  IInf  Best Integer    Best Bound    ItCnt     Gap         Variable B NodeID Parent  Depth

*     0+    0                        72300.0000        0.0000           100.00%
      0     0    48143.0227   304    72300.0000    48143.0227      504   33.41%
      0     0    65552.5508   301    72300.0000     Cuts: 101      794    9.33%
      0     0    69269.9939   297    72300.0000      Cuts: 39      931    4.19%
      0     0    71835.0466   309    72300.0000      Cuts: 22     1078    0.64%
      0     0    72037.2500   313    72300.0000      Cuts: 12     1179    0.36%
      0     0    72256.0000   305    72300.0000      Cuts: 35     1272    0.06%
      0     0    72267.0000   305    72300.0000       User: 1     1307    0.05%
*     0+    0                        72267.0000    72267.0000             0.00%
      0     0  -1.00000e+75     0    72267.0000    72267.0000     1307    0.00%
      0     0        cutoff          72267.0000    72267.0000     1307    0.00%                        0             0
Elapsed time = 1.14 sec. (2723.10 ticks, tree = 0.01 MB, solutions = 2)

Clique cuts applied:  23
Flow cuts applied:  14
Mixed integer rounding cuts applied:  9
Zero-half cuts applied:  4
Gomory fractional cuts applied:  5
User cuts applied:  92

Root node processing (before b&c):
  Real time             =    1.14 sec. (2723.71 ticks)
Sequential b&c:
  Real time             =    0.00 sec. (0.00 ticks)
                          ------------
Total (root+branch&cut) =    1.14 sec. (2723.71 ticks)

