Version identifier: 22.1.0.0 | 2022-03-09 | 1a383f8ce
CPXPARAM_Preprocessing_Reduce                    0
CPXPARAM_Threads                                 1
CPXPARAM_Preprocessing_Reformulations            0
CPXPARAM_Emphasis_MIP                            2
CPXPARAM_TimeLimit                               7200
CPXPARAM_MIP_Tolerances_AbsMIPGap                0.98999999999999999
CPXPARAM_MIP_Limits_TreeMemory                   20000
Legacy callback                                  BbLUID
         Disabling repeat represolve because of lazy constraint/incumbent callback.
1 of 1 MIP starts provided solutions.
MIP start 'm1' defined initial solution with objective 71050.0000.
Tried aggregator 0 times.
Reduced MIP has 5862 rows, 5552 columns, and 32778 nonzeros.
Reduced MIP has 5424 binaries, 0 generals, 0 SOSs, and 0 indicators.
Presolve time = 0.00 sec. (1.74 ticks)
Probing time = 0.00 sec. (3.74 ticks)
Clique table members: 1923.
MIP emphasis: optimality.
MIP search method: traditional branch-and-cut.
Parallel mode: none, using 1 thread.
Root relaxation solution time = 0.00 sec. (11.93 ticks)

        Nodes                                         Cuts/
   Node  Left     Objective  IInf  Best Integer    Best Bound    ItCnt     Gap         Variable B NodeID Parent  Depth

*     0+    0                        71050.0000        0.0000           100.00%
      0     0    49446.4080   263    71050.0000    49446.4080      443   30.41%
      0     0    61215.8071   248    71050.0000      Cuts: 80      652   13.84%
      0     0    67727.2594   251    71050.0000      Cuts: 38      787    4.68%
      0     0    69871.5000   266    71050.0000      Cuts: 18      960    1.66%
      0     0    70096.5350   271    71050.0000      Cuts: 12     1060    1.34%
      0     0    70637.2500   265    71050.0000      Cuts: 12     1154    0.58%
      0     0    70724.5000   258    71050.0000      Cuts: 13     1204    0.46%
      0     2    70724.5000   258    71050.0000    70724.5000     1204    0.46%                        0             0
Elapsed time = 0.57 sec. (1344.05 ticks, tree = 0.01 MB, solutions = 1)
      3     5    70841.0000   176    71050.0000    70754.0000     1473    0.42%  x(c41_2_c29_2) N      3      1      2
      4     6    70841.0548   177    71050.0000    70754.0000     1563    0.42%  x(c21_1_c39_1) N      4      3      3
      5     7    70841.0723   141    71050.0000    70754.0000     1583    0.42%  x(c56_1_c46_1) D      5      4      4
      6     8    70891.0597   148    71050.0000    70754.0000     1956    0.42%  x(c56_1_c46_1) N      6      4      4
     13    15    70841.2354   133    71050.0000    70754.0000     2118    0.42%  x(c28_2_c19_2) N     13     11     10
     20    18    70841.4378   190    71050.0000    70754.0000     2230    0.42%  x(c29_2_c36_2) N     20     19     17
     30    23    70841.7888   114    71050.0000    70754.0000     2275    0.42%  x(c46_1_c45_1) D     30     29     27
     35    23        cutoff          71050.0000    70754.0000     2339    0.42%   x(c6_2_c17_2) N     35     34     32
     40    28    70754.0239   142    71050.0000    70754.0000     2632    0.42%  x(c29_2_c51_2) D     40     39      7
     68    51    70754.2331   161    71050.0000    70754.0000     3450    0.42%  x(c14_1_c37_1) D     68     67      5
Elapsed time = 2.90 sec. (6443.21 ticks, tree = 0.41 MB, solutions = 1)
    100    74    70756.9773   224    71050.0000    70754.0000     4169    0.42%  x(c33_2_c36_2) D    100     99     37
    141   105    70754.2980   120    71050.0000    70754.1085     5430    0.42%  x(c29_2_c36_2) N    141    140     12
    201   152    70754.8467   120    71050.0000    70754.1085     5987    0.42%  x(c33_2_c36_2) D    201    200     72
    238   177    70756.0543   118    71050.0000    70754.7381     7671    0.42%  x(c36_2_c51_2) U    238    103      5
    324   250    70932.1057   126    71050.0000    70754.8914     9036    0.42%  x(c39_1_c48_1) U    324    164     36
    352   274    70812.0000    94    71050.0000    70757.3132    13580    0.41%  x(c56_1_c45_1) D    352    139     11
    378   284        cutoff          71050.0000    70759.6747    16703    0.41%  x(c49_2_c17_2) U    378     81     19
    430   329    71033.6059   160    71050.0000    70761.0483    19698    0.41%  x(c14_1_c15_1) U    430    429     45
    484   373    70761.7202   258    71050.0000    70761.1958    20913    0.41%  x(c49_1_c29_1) N    484    483     74
    570   448    70763.7443   159    71050.0000    70761.3261    22258    0.41%   x(c3_1_c55_1) D    570    569     40
Elapsed time = 7.87 sec. (16301.66 ticks, tree = 1.75 MB, solutions = 1)
    627   499    70980.0197   118    71050.0000    70762.9853    25956    0.40%  x(c21_2_c36_2) D    627    406     22
    690   551    70764.0464   168    71050.0000    70763.6973    29097    0.40%  x(c35_1_c29_1) D    690    689     58
    790   636    70764.1080   106    71050.0000    70764.0543    31566    0.40%  x(c10_1_c35_1) D    790    789     11
    937   777    70765.1296   210    71050.0000    70764.0598    32936    0.40%   x(c22_1_c2_1) D    937    936     67
    981   808    70793.5196   132    71050.0000    70765.0421    38169    0.40%  x(c21_2_c36_2) U    981    787      9
   1000   827    70765.2054   216    71050.0000    70765.0919    38428    0.40%  x(c46_1_c45_1) D   1000    999     28
   1187   997    70766.8150   174    71050.0000    70765.1003    40348    0.40%  x(c35_1_c48_1) D   1187   1186    107
   1277  1081        cutoff          71050.0000    70765.6721    45577    0.40%  x(c55_2_c41_2) U   1277    743    112
   1379  1179    70766.6814   203    71050.0000    70766.0308    49930    0.40%  x(c33_2_c17_2) D   1379   1378     70
   1434  1216        cutoff          71050.0000    70766.3835    54313    0.40%   x(c39_2_c2_2) U   1434    694     63
Elapsed time = 13.15 sec. (26740.96 ticks, tree = 4.07 MB, solutions = 1)
   1544  1309        cutoff          71050.0000    70766.8679    58839    0.40%  x(c35_1_c51_1) U   1544   1040     69
   1659  1415    70988.3795   124    71050.0000    70767.1747    64166    0.40%   x(c49_1_c3_1) U   1659    835     57
   1713  1462    71014.7500   160    71050.0000    70767.6688    69091    0.40%  x(c36_1_c26_1) D   1713    894     25
   1784  1512    70993.3665   110    71050.0000    70768.0551    74051    0.40%  x(c49_1_c35_1) N   1784   1618     67
   1845  1551    70974.0007   148    71050.0000    70768.8774    78143    0.40%  x(c55_2_c41_2) U   1845    581     52
   1909  1590    71026.1535   170    71050.0000    70769.7995    83503    0.39%  x(c41_2_c49_2) U   1909   1475     39
   2000  1673    70770.7521   105    71050.0000    70770.1039    87469    0.39%  x(c21_1_c11_1) D   2000   1999     88
   2258  1921    70770.4667   157    71050.0000    70770.4006    90724    0.39%  x(c21_1_c33_1) D   2258   2257     49
   2351  1976    70858.7624   153    71050.0000    70771.2046    94560    0.39%   x(c20_2_c4_2) N   2351   2350     99
   2515  2116    70773.6905   181    71050.0000    70772.1584    98227    0.39%  x(c33_1_c46_1) D   2515   2514    111
Elapsed time = 18.30 sec. (36566.69 ticks, tree = 6.88 MB, solutions = 1)
   2655  2241    70842.3836   144    71050.0000    70772.8131   102615    0.39%  x(c24_1_c18_1) U   2655   1923     16
   2706  2261    70993.0829   113    71050.0000    70773.7067   108370    0.39%  x(c49_1_c35_1) N   2706   2237     83
   2931  2472    70774.4489   207    71050.0000    70774.1580   111408    0.39%  x(c21_1_c29_1) D   2931   2930     50
   3195  2728    70775.1801   211    71050.0000    70774.3731   114581    0.39%  x(c14_2_c17_2) D   3195   3194    100
   3368  2887        cutoff          71050.0000    70774.7276   119432    0.39%  x(c33_1_c14_1) U   3368   2939     59
   3541  3044    70775.5188   134    71050.0000    70775.0033   123585    0.39%  x(c26_2_c17_2) U   3541   3540     31
   3851  3348    70775.3953   155    71050.0000    70775.0429   126570    0.39%  x(c45_1_c46_1) D   3851   3850     34
   4000  3492    70776.2206   131    71050.0000    70775.0693   127774    0.39%   x(c3_1_c10_1) D   4000   3999     70
   4237  3717    70966.0041   127    71050.0000    70775.2710   130783    0.39%  x(c41_1_c55_1) U   4237   3379     47
   4316  3768    70776.5453   148    71050.0000    70775.8164   136077    0.39%  x(c49_1_c51_1) D   4316   4315     93
Elapsed time = 23.96 sec. (47090.70 ticks, tree = 11.51 MB, solutions = 1)
   4518  3946    70776.1430   181    71050.0000    70776.0824   139854    0.39%  x(c29_2_c36_2) D   4518   4517     17
   4764  4184    70778.1105   133    71050.0000    70776.1078   141760    0.39%  x(c33_2_c36_2) D   4764   4763    106
   4975  4378    70778.0526   135    71050.0000    70776.2070   144712    0.39%  x(c45_1_c15_1) D   4975   4974     94
   5000  4403    70814.6821    99    71050.0000    70776.2105   144927    0.39%  x(c46_1_c45_1) D   5000   2344     11
   5152  4541    70777.5137   130    71050.0000    70776.4742   148848    0.38%  x(c28_1_c33_1) D   5152   5151     69
   5312  4676    71033.2766   191    71050.0000    70776.7979   153143    0.38%  x(c24_1_c18_1) N   5312   4629     45
   5434  4768        cutoff          71050.0000    70777.0704   157261    0.38%  x(c45_1_c33_1) U   5434   5432     79
   5500  4797    70835.5612   148    71050.0000    70777.4864   162569    0.38%   x(c21_1_c3_1) U   5500   5023     32
   5580  4842    70778.8611   203    71050.0000    70777.6430   167941    0.38%  x(c19_2_c14_2) D   5580   5579     51
   5717  4946        cutoff          71050.0000    70777.8419   172228    0.38%  x(c55_2_c16_2) U   5717   4457     50
Elapsed time = 29.89 sec. (58375.47 ticks, tree = 15.00 MB, solutions = 1)
   5898  5102    70972.8201   108    71050.0000    70778.1772   176550    0.38%   x(c55_2_c2_2) U   5898   4305     83
   6026  5215    70973.4442   102    71050.0000    70778.4616   181049    0.38%  x(c55_2_c41_2) U   6026   3681     79
   6144  5304    70825.4840   114    71050.0000    70778.8001   185805    0.38%  x(c10_1_c49_1) U   6144   4083     36
   6211  5329        cutoff          71050.0000    70779.1319   191352    0.38%  x(c41_1_c55_1) U   6211   4395     68
   6354  5441    70814.1491   189    71050.0000    70779.4371   195518    0.38%   x(c4_1_c22_1) N   6354    780      9
   6462  5515    71011.5556   118    71050.0000    70779.8745   200270    0.38%  x(c55_2_c41_2) U   6462   3749     55
   6714  5750    70782.6316   105    71050.0000    70780.0130   203523    0.38%  x(c23_2_c41_2) D   6714   6713    116
   6939  5972    70781.0525   183    71050.0000    70780.0465   205926    0.38%  x(c51_1_c43_1) D   6939   6938    110
   7032  6038    70827.0451   182    71050.0000    70780.2846   210871    0.38%   x(c19_1_c6_1) D   7032   2738     28
   7178  6154    70971.3494   109    71050.0000    70780.5184   215725    0.38%   x(c39_1_c3_1) N   7178   6891     63
Elapsed time = 35.14 sec. (68045.98 ticks, tree = 18.44 MB, solutions = 1)
   7230  6176    70853.0000   140    71050.0000    70780.9612   221162    0.38%  x(c24_1_c18_1) N   7230   5210     11
   7390  6315    70781.5156   191    71050.0000    70781.1632   224618    0.38%  x(c21_2_c37_2) D   7390   7389     62
   7591  6483    70932.7175   102    71050.0000    70781.3546   227949    0.38%  x(c43_1_c27_1) U   7591   6930    102
   7766  6643    70871.5423   210    71050.0000    70781.4952   231992    0.38%  x(c41_1_c55_1) U   7766   7382     55
   7900  6739        cutoff          71050.0000    70781.7950   236910    0.38%  x(c10_1_c49_1) U   7900   6247     45
   8020  6811    70782.7166   187    71050.0000    70782.1159   241446    0.38%  x(c39_1_c41_1) D   8020   8019     92
   8110  6851    70911.4280   131    71050.0000    70782.5790   247038    0.38%   x(c55_1_c8_1) U   8110   4174     46
   8218  6902    70783.6232   168    71050.0000    70783.0282   252400    0.38%   x(c6_2_c14_2) N   8218   8217     18
   8451  7122        cutoff          71050.0000    70783.1314   255972    0.38%  x(c41_2_c49_2) U   8451   5645     68
   8640  7268        cutoff          71050.0000    70783.3170   259753    0.38%  x(c55_2_c41_2) U   8640   7437    110
Elapsed time = 40.33 sec. (77702.92 ticks, tree = 21.63 MB, solutions = 1)
   8705  7289    70983.5184   109    71050.0000    70783.5000   265374    0.38%   x(c10_1_c3_1) U   8705   2199     47
   8780  7334    70992.0859   125    71050.0000    70783.5049   270957    0.38%   x(c10_1_c3_1) U   8780    814     36
   8925  7430    70947.5240   121    71050.0000    70783.9223   275337    0.37%  x(c33_2_c14_2) U   8925    884     15
   9000  7497    70784.8234   131    71050.0000    70784.1248   278250    0.37%    x(c3_1_c2_1) D   9000   8999     70
   9204  7683    70785.7036   134    71050.0000    70784.1974   281484    0.37%  x(c49_1_c35_1) D   9204   9203     85
   9429  7891    71039.3113   115    71050.0000    70784.3285   284809    0.37%  x(c14_1_c37_1) U   9429   1469     33
   9489  7894        cutoff          71050.0000    70784.6312   289730    0.37%  x(c35_1_c51_1) U   9489   4411     84
   9543  7899    70974.7880   136    71050.0000    70784.9414   295611    0.37%   x(c55_1_c8_1) U   9543   9009     80
   9590  7910    70785.5615   120    71050.0000    70785.3021   301424    0.37%   x(c49_1_c3_1) D   9590   9589     22
   9828  8130    70786.4821   110    71050.0000    70785.4090   304386    0.37%  x(c10_1_c35_1) U   9828   9827     90
Elapsed time = 45.86 sec. (88220.50 ticks, tree = 24.10 MB, solutions = 1)
  10010  8296    70786.1338   176    71050.0000    70785.5121   308283    0.37%  x(c33_2_c36_2) D  10010  10009     70
  10150  8399    70786.1944   126    71050.0000    70785.7259   312872    0.37%   x(c19_1_c6_1) U  10150  10148     89
  10263  8488    70788.0323   160    71050.0000    70785.8416   317427    0.37%  x(c51_2_c36_2) D  10263  10262     89
  10328  8512    70786.2528    93    71050.0000    70786.1572   323098    0.37%  x(c35_1_c51_1) D  10328  10327     15
  10550  8727    70786.2284   178    71050.0000    70786.1954   325817    0.37%   x(c22_1_c8_1) D  10550  10549     14
  10671  8839    70927.5227    68    71050.0000    70786.3961   330699    0.37%  x(c49_1_c51_1) U  10671   3652     50
  10710  8848    70911.5659   206    71050.0000    70786.5000   336766    0.37%   x(c41_1_c5_1) U  10710   1141     63
  10810  8905    70849.5184   154    71050.0000    70786.6887   341802    0.37%   x(c35_1_c3_1) U  10810   9047     12
  10894  8950        cutoff          71050.0000    70786.9148   347336    0.37%  x(c41_2_c49_2) U  10894   9270     70
  11000  9038    70788.5236   160    71050.0000    70787.0085   349901    0.37%  x(c55_1_c22_1) D  11000  10999    100
Elapsed time = 52.28 sec. (100844.15 ticks, tree = 27.04 MB, solutions = 1)
  11600  9530    71039.0000   136    71050.0000    70787.8292   367001    0.37%  x(c49_2_c41_2) U  11600   6856     28
  11948  9748    71032.0748    99    71050.0000    70788.7940   387539    0.37%   x(c14_2_c6_2) N  11948   6217     15
  12298  9967    70790.3347   170    71050.0000    70789.8545   407932    0.37%   x(c17_2_c6_2) D  12298  12297     64
  12799 10341    70935.2420    87    71050.0000    70790.6077   426341    0.37%   x(c41_1_c5_1) U  12799  12063     69
  13311 10721        cutoff          71050.0000    70791.3661   444901    0.36%  x(c24_1_c18_1) U  13311  12761     97
  13814 11081        cutoff          71050.0000    70792.3176   464240    0.36%  x(c49_2_c41_2) U  13814  12944     25
  14048 11087    70916.8541    90    71050.0000    70793.5182   486574    0.36%  x(c41_1_c55_1) N  14048   8580     18
  14530 11432    70959.1305   122    71050.0000    70794.8362   504777    0.36%  x(c39_1_c48_1) U  14530   8241     42
  14853 11568    70797.3192   165    71050.0000    70796.2072   525530    0.36%    x(c3_1_c2_1) N  14853  14852     85
  15000 11666    70797.3883   151    71050.0000    70796.4770   530690    0.36%   x(c39_1_c2_1) N  15000  14999     75
Elapsed time = 72.81 sec. (139174.43 ticks, tree = 34.76 MB, solutions = 1)
  15452 11922    70797.6634    86    71050.0000    70797.6091   549398    0.36%  x(c49_1_c10_1) D  15452  14590     44
  15773 12050        cutoff          71050.0000    70799.0340   569753    0.35%   x(c55_1_c8_1) U  15773  15476     69
  16098 12136    70800.9699   154    71050.0000    70800.6935   590273    0.35%   x(c36_1_c6_1) D  16098  16097     27
  16590 12456    70804.1348   162    71050.0000    70801.9892   607439    0.35%  x(c38_2_c21_2) D  16590  16589     93
  17059 12716        cutoff          71050.0000    70803.4710   625794    0.35%  x(c24_1_c18_1) U  17059  16951     48
  17400 12935    70805.4900   187    71050.0000    70804.0237   644544    0.35%   x(c3_1_c51_1) D  17400  17399     59
  18000 13404    70806.2554   150    71050.0000    70805.0621   661429    0.34%  x(c21_2_c31_2) D  18000  17999    110
  18432 13648        cutoff          71050.0000    70806.5581   680505    0.34%  x(c35_1_c48_1) U  18432  18430    117
  18724 13669    70860.9314   105    71050.0000    70807.5000   701845    0.34%  x(c55_1_c22_1) D  18724  18723     64
  19130 13827        cutoff          71050.0000    70807.8177   720386    0.34%   x(c3_1_c51_1) U  19130   3075     64
Elapsed time = 94.09 sec. (179445.24 ticks, tree = 41.21 MB, solutions = 1)
  19531 13969        cutoff          71050.0000    70809.8254   739612    0.34%  x(c49_2_c36_2) U  19531  14242    102
  19954 14129        cutoff          71050.0000    70811.5000   758625    0.34%  x(c37_2_c19_2) U  19954   4149     21
  20385 14120    70813.2645   111    71050.0000    70813.0373   778377    0.33%  x(c33_2_c17_2) D  20385  20384     56
  20872 14393        cutoff          71050.0000    70813.5000   797796    0.33%    x(c3_1_c2_1) U  20872  12303     70
  21377 14684    70814.8546   167    71050.0000    70814.0328   818124    0.33%   x(c39_1_c3_1) D  21377  21376     23
  22000 15162    70817.0014   119    71050.0000    70814.7545   830491    0.33%  x(c10_1_c35_1) U  22000  21999     66
  22706 15743    70816.0508    77    71050.0000    70815.4578   847171    0.33%  x(c45_1_c37_1) D  22706  22705     90
  23255 15993        cutoff          71050.0000    70816.0429   866534    0.33%    x(c2_1_c3_1) U  23255  22675     60
  23801 16394        cutoff          71050.0000    70816.8912   885431    0.33%  x(c49_2_c29_2) U  23801  21451     98
  24369 16755    70968.8233   222    71050.0000    70817.8350   904179    0.33%  x(c22_1_c55_1) U  24369  24367     15
Elapsed time = 116.91 sec. (222520.04 ticks, tree = 50.24 MB, solutions = 1)
  24953 16944        cutoff          71050.0000    70818.6934   922019    0.33%  x(c33_2_c56_2) U  24953  23423     74
  25522 17235        cutoff          71050.0000    70819.5000   940824    0.32%  x(c41_1_c49_1) U  25522   7307     79
  26127 17628    71039.4792    97    71050.0000    70820.3823   959412    0.32%  x(c45_1_c46_1) U  26127  25700     36
  26640 17915    70822.0145    81    71050.0000    70821.1912   979278    0.32%   x(c55_1_c8_1) D  26640  26639     48
  27170 18186    70881.0755   117    71050.0000    70822.3481   999272    0.32%  x(c45_1_c46_1) U  27170  23905     23
  27655 18423    71018.3819   137    71050.0000    70823.4282  1019153    0.32%  x(c54_2_c39_2) D  27655  27654     53
  28349 18968    70824.1875   151    71050.0000    70824.0832  1036015    0.32%   x(c14_2_c6_2) D  28349  28348     18
  29139 19648        cutoff          71050.0000    70824.4785  1050188    0.32%  x(c19_1_c14_1) U  29139  11003    104
  29829 20211    70874.8799   115    71050.0000    70825.0567  1066319    0.32%   x(c3_1_c10_1) U  29829  29314     13
* 30000+11531                        70931.0000    70825.1938             0.15%
  30000 11532    70825.8060   105    70931.0000    70825.1938  1070980    0.15%  x(c41_1_c55_1) D  30000  29999     69
Elapsed time = 137.68 sec. (261387.02 ticks, tree = 34.66 MB, solutions = 2)
  30749 11792    70827.4909    99    70931.0000    70826.2824  1086753    0.15%  x(c10_1_c35_1) U  30749  30748     65
  31220 11885        cutoff          70931.0000    70827.0389  1098155    0.15%  x(c55_1_c22_1) U  31220  27040     27
  31844 11696    70914.7157   158    70931.0000    70828.2481  1114235    0.14%   x(c3_1_c35_1) U  31844  29451     51
  32519 11495        cutoff          70931.0000    70829.5000  1130485    0.14%  x(c14_2_c19_2) U  32519  17453     35
  33243 11496    70831.5809    99    70931.0000    70831.0766  1146515    0.14%  x(c55_2_c41_2) N  33243  33242     23
  33952 11556    70895.8305   196    70931.0000    70832.8896  1163645    0.14%   x(c21_1_c3_1) U  33952  33949     26
  34677 11527    70834.4447   124    70931.0000    70834.2966  1181148    0.14%  x(c28_1_c19_1) D  34677  34676     22
  35488 11793        cutoff          70931.0000    70835.6555  1197175    0.13%  x(c41_1_c10_1) U  35488  35112     33
  36331 12085    70837.7542   103    70931.0000    70837.0383  1213113    0.13%  x(c11_1_c21_1) D  36331  36330     67
  37024 12085    70914.6650   111    70931.0000    70838.6709  1229454    0.13%  x(c10_1_c49_1) U  37024  33257     27
Elapsed time = 157.03 sec. (299573.59 ticks, tree = 36.23 MB, solutions = 2)
  37765 11988    70842.3993   133    70931.0000    70840.1790  1245122    0.13%  x(c21_2_c37_2) D  37765   6329     15
  38467 11956        cutoff          70931.0000    70841.5000  1262775    0.13%  x(c36_1_c19_1) U  38467  22278     63
  39082 11777        cutoff          70931.0000    70842.1865  1278540    0.13%   x(c10_1_c3_1) U  39082  34615     45
  39852 11851    70928.4002   136    70931.0000    70844.0696  1294712    0.12%   x(c3_1_c35_1) U  39852  38246     37
  40573 11896        cutoff          70931.0000    70845.8679  1310318    0.12%  x(c35_1_c51_1) U  40573  40160     42
  41428 12096        cutoff          70931.0000    70847.7557  1326230    0.12%  x(c10_1_c35_1) D  41428  34681     27
  42078 11886    infeasible          70931.0000    70849.3844  1342296    0.12%  x(c51_2_c29_2) U  42078  41575     91
  42790 11684        cutoff          70931.0000    70851.0296  1357568    0.11%  x(c55_2_c41_2) U  42790  30627     26
  43573 11823        cutoff          70931.0000    70852.9277  1372412    0.11%   x(c2_2_c55_2) U  43573  40928     61
  44386 11943        cutoff          70931.0000    70854.9410  1387380    0.11%  x(c42_1_c55_1) U  44386  30037     29
Elapsed time = 176.10 sec. (337762.31 ticks, tree = 35.68 MB, solutions = 2)
  45174 11951    infeasible          70931.0000    70857.0489  1401644    0.10%  x(c39_1_c48_1) N  45174  44526     31
  45990 11982        cutoff          70931.0000    70859.3440  1417128    0.10%   x(c3_1_c35_1) D  45990   5119     37
  46736 11993    70877.2516   127    70931.0000    70861.4870  1432638    0.10%   x(c22_1_c8_1) N  46736  27728     87
  47526 12042    70863.4070   121    70931.0000    70863.4070  1447381    0.10%   x(c6_1_c36_1) D  47526  47525     50
  48250 11673        cutoff          70931.0000    70864.0000  1463095    0.09%  x(c21_2_c38_2) U  48250  12781    117
  48982 11558    70865.2991   106    70931.0000    70865.0703  1479390    0.09%  x(c41_1_c55_1) D  48982  48981     26
  49718 11569        cutoff          70931.0000    70866.5000  1494358    0.09%  x(c29_1_c35_1) U  49718   6593    112
  50277 11419    70910.6093   109    70931.0000    70867.5000  1511497    0.09%  x(c48_1_c21_1) N  50277  23946     62
  51043 11395    70876.1864   136    70931.0000    70869.3631  1526552    0.09%   x(c2_2_c39_2) U  51043  43221     15
  51785 11347        cutoff          70931.0000    70871.3048  1542082    0.08%   x(c6_2_c14_2) U  51785  42947     19
Elapsed time = 194.94 sec. (375966.31 ticks, tree = 34.01 MB, solutions = 2)
  52475 11275    70872.5000   160    70931.0000    70872.5000  1558718    0.08%   x(c55_2_c8_2) D  52475  52473     19
  53265 11174        cutoff          70931.0000    70873.7994  1573253    0.08%  x(c26_2_c17_2) D  53265  47088     55
  54034 11000        cutoff          70931.0000    70875.0000  1588223    0.08%  x(c51_2_c41_2) U  54034  43075     26
  54838 11029    70876.8757   158    70931.0000    70876.5040  1602890    0.08%  x(c28_2_c19_2) N  54838  54837     38
  55655 11125    70886.6144   181    70931.0000    70878.1300  1618042    0.07%   x(c4_1_c22_1) N  55655    346     12
  56476 11156    70887.1792   104    70931.0000    70879.8872  1632192    0.07%   x(c2_2_c39_2) N  56476  52239     11
  57240 11157        cutoff          70931.0000    70881.4907  1646122    0.07%   x(c41_1_c3_1) U  57240  55826     36
  57928 10529        cutoff          70931.0000    70881.5000  1659875    0.07%  x(c19_2_c17_2) U  57928  12312     79
  58683 10540    70892.1562   147    70931.0000    70882.7929  1672575    0.07%  x(c49_1_c10_1) D  58683  49008     15
  59479 10581    70886.3543   114    70931.0000    70884.1954  1686541    0.07%  x(c35_1_c51_1) D  59479  59478     25
Elapsed time = 213.44 sec. (414150.16 ticks, tree = 31.90 MB, solutions = 2)
  60274 10479    70885.6196   107    70931.0000    70885.4841  1699069    0.06%  x(c41_1_c51_1) N  60274  60273     36
  61051 10433    70886.8711    78    70931.0000    70886.8133  1711574    0.06%  x(c49_1_c10_1) N  61051  61050     27
  61853 10422    70888.6372   128    70931.0000    70888.1727  1723966    0.06%   x(c3_1_c41_1) D  61853  61852     24
  62640 10276    70889.7572   139    70931.0000    70889.6620  1736822    0.06%   x(c39_2_c2_2) N  62640  62639     26
  63411 10253        cutoff          70931.0000    70890.8715  1750568    0.06%   x(c2_2_c39_2) U  63411  52667      8
  64141 10174    70893.1302    84    70931.0000    70892.1978  1763355    0.05%  x(c33_2_c56_2) D  64141  64140     68
  64869  9840        cutoff          70931.0000    70892.7582  1775857    0.05%   x(c39_1_c3_1) U  64869  59088     20
  65606  9783    70905.6198   128    70931.0000    70894.1667  1789149    0.05%  x(c35_1_c49_1) N  65606  50559     35
  66420  9711        cutoff          70931.0000    70895.4012  1801231    0.05%  x(c10_1_c49_1) U  66420  54734     24
  67170  9467        cutoff          70931.0000    70896.5000  1813535    0.05%  x(c11_1_c21_1) U  67170  16580     84
Elapsed time = 231.34 sec. (452334.45 ticks, tree = 28.76 MB, solutions = 2)
  67893  8760        cutoff          70931.0000    70896.5000  1826811    0.05%   x(c36_1_c6_1) U  67893   8389     50
  68597  8433    70926.1213   144    70931.0000    70897.2061  1839041    0.05%  x(c35_1_c41_1) N  68597  68595     20
  69394  8357        cutoff          70931.0000    70898.3820  1851266    0.05%  x(c22_1_c55_1) U  69394  60067     31
  70147  8069    70899.4468   184    70931.0000    70899.3886  1863600    0.04%  x(c35_1_c51_1) N  70147  24492     50
  70808  7716    70900.1408   186    70931.0000    70900.1339  1877959    0.04%  x(c19_2_c37_2) N  70808  70807     29
  71635  7603    70901.4604   191    70931.0000    70901.4000  1890143    0.04%  x(c45_1_c15_1) D  71635  70681     28
  72449  7377        cutoff          70931.0000    70902.7997  1902105    0.04%  x(c41_1_c51_1) U  72449  60273     36
  73263  7156        cutoff          70931.0000    70904.2746  1913549    0.04%  x(c55_1_c41_1) N  73263  73039     25
  74023  6940        cutoff          70931.0000    70905.7420  1924058    0.04%   x(c41_1_c3_1) U  74023  71622     36
  74807  6675    70907.1900   152    70931.0000    70907.1165  1936050    0.03%  x(c55_1_c22_1) N  74807  74806     24
Elapsed time = 248.82 sec. (490517.13 ticks, tree = 20.76 MB, solutions = 2)
  75586  6396        cutoff          70931.0000    70908.4371  1947531    0.03%  x(c55_2_c16_2) U  75586  74544     27
  76317  6128    70909.7183   160    70931.0000    70909.4928  1958600    0.03%  x(c43_1_c27_1) D  76317  75273     18
  77076  5806    infeasible          70931.0000    70911.0735  1968782    0.03%  x(c41_2_c55_2) D  77076  76793     23
  77872  5522    70923.2500   178    70931.0000    70912.4015  1978893    0.03%   x(c2_1_c55_1) N  77872  54249     36
  78662  5141    70914.0405    84    70931.0000    70913.6293  1988142    0.02%  x(c49_1_c10_1) N  78662  78661     22
  79504  4784    70925.5933    84    70931.0000    70915.2355  1997146    0.02%   x(c6_2_c26_2) U  79504  76303     23
  80268  4512    70919.3679   153    70931.0000    70916.6374  2006545    0.02%  x(c28_1_c19_1) N  80268  41173     25
  81076  4065        cutoff          70931.0000    70917.5000  2016508    0.02%  x(c17_2_c33_2) U  81076   8122     23
  81845  3680    70919.6984   179    70931.0000    70918.9279  2025308    0.02%  x(c49_2_c41_2) N  81845  14881     17
  82594  3157    infeasible          70931.0000    70919.8369  2035759    0.02%  x(c49_2_c17_2) D  82594  80542     56
Elapsed time = 265.50 sec. (528683.89 ticks, tree = 10.59 MB, solutions = 2)
  83334  2863        cutoff          70931.0000    70921.0574  2044915    0.01%  x(c55_2_c16_2) D  83334  82723     25
  84105  2453    70922.4492    94    70931.0000    70922.4490  2053235    0.01%  x(c41_2_c55_2) N  84105  83713     31

Clique cuts applied:  22
Cover cuts applied:  71
Flow cuts applied:  11
Mixed integer rounding cuts applied:  11
Zero-half cuts applied:  8
Gomory fractional cuts applied:  3
User cuts applied:  523

Root node processing (before b&c):
  Real time             =    0.57 sec. (1344.57 ticks)
Sequential b&c:
  Real time             =  269.48 sec. (539765.10 ticks)
                          ------------
Total (root+branch&cut) =  270.05 sec. (541109.68 ticks)

