Version identifier: 22.1.0.0 | 2022-03-09 | 1a383f8ce
CPXPARAM_Preprocessing_Reduce                    0
CPXPARAM_Threads                                 1
CPXPARAM_Preprocessing_Reformulations            0
CPXPARAM_Emphasis_MIP                            2
CPXPARAM_TimeLimit                               7200
CPXPARAM_MIP_Tolerances_AbsMIPGap                0.98999999999999999
CPXPARAM_MIP_Limits_TreeMemory                   20000
Legacy callback                                  BbLUID
         Disabling repeat represolve because of lazy constraint/incumbent callback.
1 of 1 MIP starts provided solutions.
MIP start 'm1' defined initial solution with objective 1785.0000.
Tried aggregator 0 times.
Reduced MIP has 2382 rows, 2192 columns, and 12810 nonzeros.
Reduced MIP has 2112 binaries, 0 generals, 0 SOSs, and 0 indicators.
Presolve time = 0.00 sec. (0.69 ticks)
Probing time = 0.00 sec. (2.73 ticks)
Clique table members: 1062.
MIP emphasis: optimality.
MIP search method: traditional branch-and-cut.
Parallel mode: none, using 1 thread.
Root relaxation solution time = 0.00 sec. (4.30 ticks)

        Nodes                                         Cuts/
   Node  Left     Objective  IInf  Best Integer    Best Bound    ItCnt     Gap         Variable B NodeID Parent  Depth

*     0+    0                         1785.0000        0.0000           100.00%
      0     0     1325.7935   159     1785.0000     1325.7935      241   25.73%
      0     0     1547.5074   150     1785.0000      Cuts: 46      375   13.30%
      0     0     1603.0272   160     1785.0000      Cuts: 21      418   10.19%
      0     0     1652.5000   158     1785.0000       Cuts: 8      479    7.42%
      0     0     1713.0331   167     1785.0000      Cuts: 19      560    4.03%
      0     0     1741.0000   163     1785.0000      Cuts: 10      614    2.46%
      0     0     1747.5000   165     1785.0000       Cuts: 7      649    2.10%
      0     0     1753.5000   160     1785.0000       Cuts: 6      672    1.76%
      0     0     1753.5000   173     1785.0000   ZeroHalf: 4      682    1.76%
      0     0     1756.3333   167     1785.0000   ZeroHalf: 2      748    1.61%
      0     0     1758.0000   160     1785.0000      Cuts: 12      782    1.51%
      0     2     1758.0000   160     1785.0000     1758.0000      782    1.51%                        0             0
Elapsed time = 0.35 sec. (797.42 ticks, tree = 0.01 MB, solutions = 1)
      1     3     1758.0000   102     1785.0000     1758.0000      840    1.51%  x(c19_2_c18_2) U      1      0      1
      3     5     1758.0311   169     1785.0000     1758.0000      995    1.51%  x(c19_1_c21_1) U      3      1      2
     20    18     1758.1113   112     1785.0000     1758.0000     1119    1.51%  x(c19_1_c23_1) D     20     19     19
     35    27     1758.2236   100     1785.0000     1758.0000     1248    1.51%    x(c9_2_c6_2) N     35     34     34
     56    40     1758.5323    90     1785.0000     1758.0000     1455    1.51%   x(c6_2_c27_2) D     56     55     55
     75    50     1758.0268   164     1785.0000     1758.0000     1711    1.51%  x(c19_1_c16_1) D     75     74      2
     99    67     1774.1724    92     1785.0000     1758.0312     2280    1.51%  x(c32_1_c31_1) D     99     98     24
    120    77     1775.8145    68     1785.0000     1758.0312     2495    1.51%   x(c42_1_c4_1) N    120    118     44
    154   107     1758.1303   125     1785.0000     1758.0335     2710    1.51%  x(c29_2_c27_2) D    154    153     33
    295   233     1758.0922   157     1785.0000     1758.0543     3717    1.51%  x(c40_1_c35_1) D    295    294     31
Elapsed time = 1.88 sec. (4291.15 ticks, tree = 0.32 MB, solutions = 1)
    420   327     1771.0726   115     1785.0000     1759.2343     9519    1.44%    x(c6_2_c3_2) U    420    208     45
    586   465     1760.4184    99     1785.0000     1760.2898    14204    1.38%  x(c26_2_c10_2) D    586    585    110
    799   607     1762.0245    68     1785.0000     1762.0000    20413    1.29%  x(c22_2_c27_2) D    799    798     11
   1000   801     1762.1155   110     1785.0000     1762.1063    24178    1.28%    x(c3_1_c9_1) D   1000    999     28
   1304  1021        cutoff           1785.0000     1762.6237    31426    1.25%  x(c29_2_c27_2) U   1304   1018     47
   1522  1103        cutoff           1785.0000     1763.7353    40564    1.19%  x(c24_1_c26_1) U   1522   1292    120
   1879  1432     1770.0366   100     1785.0000     1764.0777    48530    1.17%  x(c40_1_c39_1) U   1879   1797     13
   2164  1634        cutoff           1785.0000     1764.5000    57594    1.15%   x(c8_2_c26_2) U   2164    232     69
   2471  1775     1783.2022   113     1785.0000     1765.0160    66982    1.12%   x(c11_1_c9_1) N   2471   2009     33
   2814  2050     1774.0315    72     1785.0000     1765.2500    74986    1.11%    x(c3_2_c6_2) U   2814   2615     39
Elapsed time = 7.00 sec. (14496.37 ticks, tree = 2.85 MB, solutions = 1)
   3175  2273     1765.9740    89     1785.0000     1765.8551    84758    1.07%      x(c9_1_Om) D   3175   3174    112
   3693  2665     1766.1737   129     1785.0000     1766.0392    93405    1.06%  x(c21_1_c19_1) U   3693   3692     61
   4099  2913     1766.4092    91     1785.0000     1766.2544   103254    1.05%  x(c24_1_c22_1) D   4099   4098     33
   4395  3012     1782.5086    78     1785.0000     1766.5000   112801    1.04%   x(c24_1_c9_1) U   4395   3680     49
   4681  3119     1779.3639   110     1785.0000     1766.9010   122510    1.01%  x(c42_1_c39_1) U   4681   4219     44
   4932  3186     1773.0000    52     1785.0000     1767.0385   132465    1.01%    x(c3_1_c5_1) U   4932   4930     28
   5347  3525        cutoff           1785.0000     1767.1559   141224    1.00%   x(c40_1_c5_1) U   5347   3613     58
   5738  3782     1767.4195    82     1785.0000     1767.3182   150762    0.99%  x(c24_1_c22_1) D   5738   5737     46
   6043  3810        cutoff           1785.0000     1767.5464   160922    0.98%  x(c35_1_c30_1) U   6043   5930     74
   6451  4048     1767.9791    95     1785.0000     1767.8178   170182    0.96%      x(c8_2_Om) D   6451   6118     57
Elapsed time = 12.17 sec. (24051.67 ticks, tree = 5.35 MB, solutions = 1)
   6844  4276        cutoff           1785.0000     1768.0467   178637    0.95%  x(c27_2_c11_2) U   6844   6842     22
   7231  4509     1775.5332   105     1785.0000     1768.1828   187895    0.94%   x(c40_1_c5_1) N   7231   1573     77
   7630  4686     1768.4986   120     1785.0000     1768.3819   196765    0.93%  x(c26_1_c24_1) D   7630   7629     52
   7986  4793        cutoff           1785.0000     1768.6664   205987    0.92%  x(c27_1_c11_1) U   7986   7824     46
   8367  4941     1769.1091   107     1785.0000     1769.0000   214464    0.90%  x(c42_3_c40_3) U   8367   7795     19
   8740  5153     1776.0086    82     1785.0000     1769.0094   223047    0.90%  x(c24_1_c25_1) U   8740   8738     38
   9168  5499     1769.2248   107     1785.0000     1769.0565   231369    0.89%  x(c27_2_c12_2) D   9168   9167     42
   9484  5703     1771.1339    87     1785.0000     1769.1311   240496    0.89%  x(c24_1_c25_1) N   9484   8539     23
   9854  5970     1769.3764    53     1785.0000     1769.1734   248813    0.89%    x(c5_3_c3_3) D   9854   9853     37
  10101  6144     1769.2427    67     1785.0000     1769.1983   255760    0.89%   x(c5_3_c42_3) D  10101  10100     37
Elapsed time = 17.34 sec. (33607.69 ticks, tree = 8.11 MB, solutions = 1)
  10403  6342     1769.2493   136     1785.0000     1769.2493   264771    0.88%  x(c23_2_c12_2) D  10403   9303     28
  10670  6463     1781.0677    74     1785.0000     1769.3172   274765    0.88%  x(c12_2_c10_2) U  10670   1745     15
  10990  6644     1769.5988    47     1785.0000     1769.3721   282670    0.88%  x(c40_3_c38_3) N  10990  10989     47
  11270  6797     1769.4652   122     1785.0000     1769.4189   288583    0.87%   x(c27_2_c8_2) D  11270  11269     52
  11550  6922     1779.0412    69     1785.0000     1769.5000   297600    0.87%  x(c12_2_c10_2) N  11550   7710     25
  11830  7035     1771.1177    70     1785.0000     1769.5727   306239    0.86%  x(c18_2_c15_2) U  11830  11828     13
  12132  7151     1769.7511   110     1785.0000     1769.6813   314763    0.86%     x(Op_c35_1) D  12132  12131     60
  12400  7218     1783.0790    79     1785.0000     1769.8043   324025    0.85%  x(c11_1_c25_1) U  12400   8977     43
  12712  7288        cutoff           1785.0000     1770.0000   333375    0.84%   x(c24_1_c8_1) U  12712  12710     81
  13000  7386     1770.0905   109     1785.0000     1770.0282   341182    0.84%  x(c12_2_c10_2) D  13000  12999     15
Elapsed time = 22.68 sec. (44108.49 ticks, tree = 9.78 MB, solutions = 1)
  13357  7560     1770.2819   105     1785.0000     1770.1209   350123    0.83%    x(c8_2_c5_2) D  13357  13356     39
  13739  7737     1770.2323   140     1785.0000     1770.2086   359561    0.83%  x(c24_1_c25_1) N  13739   9487     25
  14088  7844     1781.1105    79     1785.0000     1770.3333   368723    0.82%  x(c24_1_c28_1) U  14088   5116     16
  14445  7935     1770.5164   108     1785.0000     1770.4292   378042    0.82%  x(c27_2_c29_2) D  14445  14444     20
  14800  7967     1770.6060   117     1785.0000     1770.5272   386897    0.81%  x(c27_2_c10_2) D  14800  14799     35
  15148  7996     1774.8966   102     1785.0000     1770.7110   395948    0.80%   x(c8_2_c10_2) D  15148  15147     19
  15509  8031     1780.0651   107     1785.0000     1770.9707   404931    0.79%      x(Op_c3_1) U  15509   8462     36
  15803  8003        cutoff           1785.0000     1771.0000   414621    0.78%  x(c22_2_c13_2) U  15803   2603     27
  16191  8253     1774.0559    70     1785.0000     1771.0639   423550    0.78%  x(c23_2_c26_2) D  16191   5761     23
  16589  8489     1771.1821   121     1785.0000     1771.1194   432663    0.78%   x(c8_2_c10_2) D  16589  16588     24
Elapsed time = 27.75 sec. (53678.81 ticks, tree = 11.55 MB, solutions = 1)
  16981  8700     1783.0748    99     1785.0000     1771.1746   441531    0.77%  x(c37_2_c35_2) U  16981  16567     25
  17367  8929     1778.1481    64     1785.0000     1771.2278   449989    0.77%  x(c23_1_c21_1) D  17367  13851     45
  17751  9160        cutoff           1785.0000     1771.2690   458815    0.77%  x(c30_1_c32_1) U  17751  17749     30
  18085  9285        cutoff           1785.0000     1771.3333   467270    0.77%   x(c31_1_c7_1) U  18085  11088     64
  18460  9432        cutoff           1785.0000     1771.4124   476053    0.76%  x(c23_2_c11_2) U  18460  16133     23
  18792  9526        cutoff           1785.0000     1771.5000   484920    0.76%   x(c5_1_c35_1) U  18792  18790     16
  19154  9618     1771.6759   141     1785.0000     1771.5675   493252    0.75%  x(c26_2_c10_2) D  19154  19153     27
  19491  9698        cutoff           1785.0000     1771.6670   502033    0.75%  x(c19_2_c15_2) U  19491   8628     15
  19821  9828        cutoff           1785.0000     1771.7707   510583    0.74%      x(Op_c3_1) U  19821   8481     34
  20157  9961     1772.6721   115     1785.0000     1771.8718   519558    0.74%    x(c8_2_c3_2) D  20157  20156     12
Elapsed time = 32.84 sec. (63239.98 ticks, tree = 13.49 MB, solutions = 1)
  20487 10072     1780.1540   103     1785.0000     1771.9866   527790    0.73%   x(c35_1_c5_1) U  20487  20471     37
  20777 10050        cutoff           1785.0000     1772.0000   536905    0.73%  x(c27_2_c21_2) U  20777   2697     27
  21108  9869     1772.2097    79     1785.0000     1772.0035   545062    0.73%    x(c3_2_c6_2) D  21108  21107     29
  21490 10117     1783.6108    94     1785.0000     1772.0669   553725    0.72%  x(c24_1_c25_1) U  21490  15834     46
  21835 10245     1772.1363    95     1785.0000     1772.1362   562358    0.72%  x(c35_1_c31_1) D  21835  21834     52
  22000 10337     1773.0150    88     1785.0000     1772.1595   566120    0.72%  x(c28_3_c26_3) D  22000  21998     49
  22350 10513     1772.2415    94     1785.0000     1772.2203   574657    0.72%  x(c31_1_c30_1) U  22350  22349     25
  22671 10598     1781.4483    75     1785.0000     1772.2862   583442    0.71%  x(c27_1_c28_1) U  22671  22669     28
  23002 10682     1779.4876   100     1785.0000     1772.3625   592350    0.71%  x(c21_1_c19_1) D  23002   7750     53
  23327 10728     1783.4028   135     1785.0000     1772.4687   600394    0.70%  x(c31_1_c30_1) U  23327  22188     31
Elapsed time = 38.00 sec. (73661.70 ticks, tree = 14.54 MB, solutions = 1)
  23651 10764     1772.7061    82     1785.0000     1772.5714   608338    0.70%  x(c26_1_c28_1) D  23651  22872     39
  24010 10816     1779.3942    64     1785.0000     1772.6923   616083    0.69%  x(c28_3_c26_3) U  24010  24008     32
  24340 10831     1780.0000    52     1785.0000     1772.8246   624342    0.68%   x(c10_2_c8_2) U  24340  20185     20
  24661 10875     1773.0730   103     1785.0000     1773.0000   632535    0.67%  x(c42_3_c40_3) U  24661  14219     17
  24952 10991     1773.0474    76     1785.0000     1773.0200   641775    0.67%    x(c3_2_c8_2) N  24952  15524     17
  25289 11236     1773.3125    96     1785.0000     1773.0559   649941    0.67%  x(c29_2_c19_2) D  25289  22476     20
  25595 11398    infeasible           1785.0000     1773.0931   659005    0.67%  x(c11_1_c27_1) D  25595  19385     41
  25964 11588     1773.1659    75     1785.0000     1773.1455   667192    0.66%   x(c35_1_c5_1) D  25964  25963     27
  26375 11834     1782.1817    50     1785.0000     1773.1818   675215    0.66%    x(c8_2_c5_2) U  26375  26015     25
  26771 12058     1782.2769    96     1785.0000     1773.2257   683089    0.66%    x(c5_2_c8_2) U  26771  26769     25
Elapsed time = 42.93 sec. (83221.12 ticks, tree = 16.30 MB, solutions = 1)
  27152 12226     1773.4175    99     1785.0000     1773.2710   691471    0.66%    x(c6_2_c3_2) D  27152  27151     46
  27476 12347     1776.2693    90     1785.0000     1773.3267   699953    0.65%  x(c24_1_c11_1) N  27476  26641     41
  27827 12472     1780.3174    95     1785.0000     1773.3837   708519    0.65%   x(c11_1_c9_1) N  27827  25897     29
  28192 12566        cutoff           1785.0000     1773.4562   716228    0.65%    x(c5_1_c8_1) U  28192  27615     40
  28520 12658     1782.3333    76     1785.0000     1773.5273   724426    0.64%  x(c27_1_c24_1) N  28520  24988     22
  28855 12736     1782.2101   112     1785.0000     1773.5982   732802    0.64%   x(c42_3_c5_3) U  28855  22693     55
  29202 12877     1775.2492   145     1785.0000     1773.6651   741153    0.64%    x(c5_1_c7_1) U  29202  28431     17
  29550 13014        cutoff           1785.0000     1773.7215   749674    0.63%  x(c19_2_c16_2) U  29550  25772     45
  29860 13117     1773.8204    84     1785.0000     1773.7847   757927    0.63%  x(c40_3_c38_3) N  29860  27242     44
  31000 13449     1774.0893    87     1785.0000     1774.0032   789082    0.62%  x(c24_1_c26_1) D  31000  30999     28
Elapsed time = 49.73 sec. (96810.80 ticks, tree = 18.13 MB, solutions = 1)
  32351 14203        cutoff           1785.0000     1774.1501   822739    0.61%  x(c23_1_c24_1) U  32351  32349     27
  33759 14805     1782.3708    70     1785.0000     1774.3057   856284    0.60%   x(c35_1_c7_1) U  33759    108     34
  35125 15102        cutoff           1785.0000     1774.5184   887578    0.59%   x(c8_2_c26_2) U  35125  35117     37
  36473 15419        cutoff           1785.0000     1774.7598   919952    0.57%  x(c42_3_c38_3) U  36473  33444     58
  37805 15561        cutoff           1785.0000     1775.0000   951271    0.56%  x(c29_2_c23_2) U  37805  12306     19
  39002 15241        cutoff           1785.0000     1775.0714   981352    0.56%   x(c42_3_c5_3) U  39002  39000     37
  40330 15701     1775.3225   109     1785.0000     1775.2266  1013531    0.55%  x(c31_1_c30_1) U  40330  40329     28
  41620 15876     1775.4758   116     1785.0000     1775.4257  1044635    0.54%  x(c10_2_c12_2) D  41620  41619     34
  42378 15916        cutoff           1785.0000     1775.5428  1061630    0.53%  x(c28_1_c23_1) U  42378  38824     17
  43709 16153     1775.8201   106     1785.0000     1775.7936  1092157    0.52%    x(c8_2_c5_2) D  43709  43708     42
Elapsed time = 68.48 sec. (134979.12 ticks, tree = 21.82 MB, solutions = 1)
  44934 16344     1776.0000    64     1785.0000     1776.0000  1124048    0.50%  x(c26_2_c10_2) N  44934  43460     34
  46142 16825     1776.4541    68     1785.0000     1776.1118  1156562    0.50%    x(c5_2_c8_2) N  46142  46141     34
  47431 17277        cutoff           1785.0000     1776.2426  1187621    0.49%  x(c13_1_c11_1) U  47431  36991     44
  48716 17510     1776.4026   132     1785.0000     1776.3974  1217671    0.48%    x(c3_1_c8_1) D  48716  48715     42
  49944 17745     1782.6631    75     1785.0000     1776.5719  1249188    0.47%    x(c5_1_c7_1) U  49944  49942     59
  51190 17906     1782.1657   116     1785.0000     1776.7590  1279129    0.46%    x(c6_2_c3_2) N  51190  47330     27
  52501 18164     1777.0822   117     1785.0000     1776.9884  1308819    0.45%     x(Op_c40_3) D  52501  52500     39
  53646 18578     1782.0000    71     1785.0000     1777.0570  1339697    0.44%  x(c28_1_c27_1) N  53646  53250     32
  54847 18923     1777.2032   120     1785.0000     1777.1733  1369364    0.44%   x(c24_1_c8_1) D  54847  53593     54
  55472 19045        cutoff           1785.0000     1777.2390  1382454    0.43%    x(c8_2_c5_2) U  55472  44201     32
Elapsed time = 86.70 sec. (173148.47 ticks, tree = 26.47 MB, solutions = 1)
  56782 19187     1781.1429   100     1785.0000     1777.4000  1410321    0.43%    x(c6_2_c9_2) D  56782  53766     42
  58012 19180     1777.5327   104     1785.0000     1777.5333  1439391    0.42%    x(c5_1_c3_1) D  58012  55987     35
  59314 19333     1782.3973   129     1785.0000     1777.7148  1466408    0.41%  x(c22_1_c24_1) U  59314  16102     28
  60611 19504     1782.0361    68     1785.0000     1777.9167  1493584    0.40%  x(c42_3_c38_3) D  60611  60609     57
  61778 19535        cutoff           1785.0000     1778.0114  1522125    0.39%  x(c28_3_c26_3) U  61778  61771     42
  62958 19948     1778.3467   108     1785.0000     1778.1000  1551433    0.39%    x(c3_2_c6_2) D  62958  57604     23
  64233 20309     1778.1870    71     1785.0000     1778.1819  1579492    0.38%  x(c27_2_c10_2) D  64233  64232     31
  65545 20591     1778.3281    72     1785.0000     1778.2845  1606054    0.38%  x(c24_1_c22_1) D  65545  65544     33
  66892 20822        cutoff           1785.0000     1778.3971  1631818    0.37%   x(c6_2_c34_2) U  66892  66890     22
  68183 20873     1778.8316    85     1785.0000     1778.5012  1657077    0.36%  x(c42_3_c40_3) D  68183  68182     50
Elapsed time = 104.26 sec. (211311.43 ticks, tree = 29.19 MB, solutions = 1)
  69478 20891        cutoff           1785.0000     1778.6473  1681221    0.36%  x(c40_1_c39_1) D  69478  66014     38
  70783 20977     1779.3333    63     1785.0000     1778.7778  1706840    0.35%  x(c26_3_c28_3) D  70783  13548     46
  72115 21024     1778.9604   152     1785.0000     1778.9527  1731628    0.34%  x(c18_2_c23_2) D  72115  14309     18
  73000 21139     1779.0004   103     1785.0000     1779.0006  1753175    0.34%  x(c42_3_c38_3) D  73000  70088     52
  74258 21370        cutoff           1785.0000     1779.0850  1779405    0.33%  x(c24_1_c25_1) U  74258  70672     49
  75590 21660     1781.1988    89     1785.0000     1779.1673  1804174    0.33%  x(c26_2_c23_2) D  75590  75589     30
  76936 21763        cutoff           1785.0000     1779.2762  1828551    0.32%    x(c3_2_c8_2) U  76936  76934     23
  78296 21817    infeasible           1785.0000     1779.3923  1851415    0.31%    x(c9_2_c6_2) D  78296  78295     38
  79600 21641        cutoff           1785.0000     1779.5009  1874712    0.31%  x(c24_3_c25_3) U  79600  79599     33
  80875 21584     1779.6320    92     1785.0000     1779.6278  1898301    0.30%  x(c16_3_c12_3) D  80875  75037     25
Elapsed time = 121.46 sec. (250397.34 ticks, tree = 30.37 MB, solutions = 1)
  82143 21555     1781.1969    75     1785.0000     1779.7551  1922568    0.29%  x(c40_3_c38_3) N  82143  32371     81
  83459 21451        cutoff           1785.0000     1779.9299  1945115    0.28%  x(c24_1_c23_1) D  83459   3242     99
  84411 21435     1782.0150    91     1785.0000     1780.0000  1965429    0.28%  x(c22_2_c26_2) N  84411  54953     11
  85549 21440     1780.5404    83     1785.0000     1780.0464  1990030    0.28%   x(c34_2_c6_2) N  85549  62095     22
  86697 21654     1780.3872    93     1785.0000     1780.1066  2015121    0.27%  x(c11_1_c26_1) D  86697  25513     26
  87934 21799     1780.2380    68     1785.0000     1780.1803  2039398    0.27%  x(c42_1_c39_1) N  87934  69566     26
  89222 21823     1780.4199   106     1785.0000     1780.2632  2061411    0.27%  x(c30_1_c32_1) N  89222  79307     26
  90521 21749     1782.2008    83     1785.0000     1780.3526  2083990    0.26%  x(c22_3_c28_3) D  90521  90520     42
  91550 21687     1780.4351    42     1785.0000     1780.4304  2099929    0.26%  x(c42_3_c40_3) D  91550  91549     32
* 92159     0      integral     0     1781.0000     1780.5000  2108160    0.03%

Clique cuts applied:  22
Cover cuts applied:  237
Flow cuts applied:  2
Mixed integer rounding cuts applied:  17
Zero-half cuts applied:  17
Lift and project cuts applied:  2
Gomory fractional cuts applied:  1
User cuts applied:  471

Root node processing (before b&c):
  Real time             =    0.35 sec. (797.74 ticks)
Sequential b&c:
  Real time             =  136.51 sec. (286431.48 ticks)
                          ------------
Total (root+branch&cut) =  136.86 sec. (287229.23 ticks)

