Version identifier: 22.1.0.0 | 2022-03-09 | 1a383f8ce
CPXPARAM_Preprocessing_Reduce                    0
CPXPARAM_Threads                                 1
CPXPARAM_Preprocessing_Reformulations            0
CPXPARAM_Emphasis_MIP                            2
CPXPARAM_TimeLimit                               7200
CPXPARAM_MIP_Tolerances_AbsMIPGap                0.98999999999999999
CPXPARAM_MIP_Limits_TreeMemory                   20000
Legacy callback                                  BbLUID
         Disabling repeat represolve because of lazy constraint/incumbent callback.
1 of 1 MIP starts provided solutions.
MIP start 'm1' defined initial solution with objective 2968.0000.
Tried aggregator 0 times.
Reduced MIP has 4442 rows, 3931 columns, and 23365 nonzeros.
Reduced MIP has 3794 binaries, 0 generals, 0 SOSs, and 0 indicators.
Presolve time = 0.00 sec. (1.25 ticks)
Probing time = 0.00 sec. (3.14 ticks)
Clique table members: 1907.
MIP emphasis: optimality.
MIP search method: traditional branch-and-cut.
Parallel mode: none, using 1 thread.
Root relaxation solution time = 0.00 sec. (9.25 ticks)

        Nodes                                         Cuts/
   Node  Left     Objective  IInf  Best Integer    Best Bound    ItCnt     Gap         Variable B NodeID Parent  Depth

*     0+    0                         2968.0000        0.0000           100.00%
      0     0     2168.4005   277     2968.0000     2168.4005      438   26.94%
      0     0     2585.5074   258     2968.0000      Cuts: 82      686   12.89%
      0     0     2697.0524   269     2968.0000      Cuts: 20      786    9.13%
      0     0     2773.5308   264     2968.0000      Cuts: 15      883    6.55%
      0     0     2852.0000   272     2968.0000      Cuts: 14      971    3.91%
      0     0     2873.0059   288     2968.0000      Cuts: 15     1067    3.20%
      0     0     2922.5000   281     2968.0000      Cuts: 26     1132    1.53%
      0     0     2932.0000   286     2968.0000      Cuts: 42     1180    1.21%
      0     0     2932.0000   288     2968.0000   ZeroHalf: 6     1188    1.21%
      0     0     2933.0000   294     2968.0000   ZeroHalf: 3     1201    1.18%
      0     0     2933.5000   292     2968.0000       Cuts: 4     1221    1.16%
      0     0     2934.8333   290     2968.0000   ZeroHalf: 3     1246    1.12%
      0     0     2935.5000   289     2968.0000       Cuts: 7     1259    1.10%
      0     0     2935.5000   286     2968.0000   ZeroHalf: 2     1263    1.10%
      0     2     2935.5000   276     2968.0000     2935.6667     1263    1.09%                        0             0
Elapsed time = 1.07 sec. (2646.24 ticks, tree = 0.01 MB, solutions = 1)
      1     3     2935.6667   286     2968.0000     2936.0000     1305    1.08%  x(c27_1_c22_1) D      1      0      1
      3     5     2936.0000   232     2968.0000     2936.0000     1421    1.08%  x(c23_1_c11_1) U      3      2      3
      4     6     2936.0239   250     2968.0000     2936.0000     1504    1.08%  x(c16_5_c17_5) D      4      3      4
      8    10     2936.0571   280     2968.0000     2936.0000     1785    1.08%     x(Op_c42_5) D      8      7      7
     10    12     2941.5505   270     2968.0000     2936.0000     2145    1.08%   x(c5_5_c37_5) N     10      8      8
     14    16     2936.1972   247     2968.0000     2936.0000     2458    1.08%  x(c23_2_c27_2) N     14     12     11
     20    22     2936.1353   245     2968.0000     2936.0000     2769    1.08%  x(c23_2_c26_2) N     20     19     16
     23    25     2936.2100   261     2968.0000     2936.0000     2803    1.08%  x(c34_5_c31_5) D     23     22     19
     30    32     2936.3456   241     2968.0000     2936.0000     3186    1.08%  x(c35_5_c30_5) N     30     29     25
     52    45     2936.5918   286     2968.0000     2936.0000     3566    1.08%  x(c13_2_c23_2) D     52     51     47
Elapsed time = 3.38 sec. (8258.78 ticks, tree = 0.73 MB, solutions = 1)
     80    61     2936.8637   238     2968.0000     2936.0000     3880    1.08%   x(c10_2_c3_2) D     80     79     75
    118    86     2938.3003   245     2968.0000     2936.0000     4434    1.08%   x(c40_2_c3_2) D    118    117    113
    163   109     2945.2560   259     2968.0000     2936.0000     4960    1.08%  x(c15_5_c13_5) D    163    162     13
    222   145     2936.0424   250     2968.0000     2936.0000     6035    1.08%  x(c23_1_c24_1) D    222    221     11
    290   207     2936.1352   240     2968.0000     2936.0000     6850    1.08%  x(c24_5_c23_5) N    290    289     16
    366   280     2936.1440   244     2968.0000     2936.0216     7839    1.08%  x(c21_2_c23_2) D    366    365     49
    520   431     2936.2263   250     2968.0000     2936.0308     9930    1.08%  x(c30_5_c24_5) D    520    519     36
    600   504     2936.3248   242     2968.0000     2936.0938    12096    1.08%  x(c22_1_c25_1) D    600    599     51
    649   549     2956.3515   236     2968.0000     2936.3382    15682    1.07%  x(c30_1_c21_1) D    649    320     47
    705   595     2955.0829   218     2968.0000     2936.4634    18595    1.06%  x(c23_2_c11_2) N    705     42     38
Elapsed time = 8.09 sec. (17976.28 ticks, tree = 7.71 MB, solutions = 1)
    741   626     2936.8222   269     2968.0000     2936.7408    21910    1.05%   x(c5_5_c31_5) D    741    740    105
    825   694     2962.6667   233     2968.0000     2936.9572    24671    1.05%  x(c24_1_c26_1) U    825    310     37
    951   803     2944.6626   260     2968.0000     2937.0870    27426    1.04%    x(c8_2_c3_2) N    951     25     22
   1028   862     2944.0000   174     2968.0000     2937.4667    31569    1.03%    x(c8_5_c3_5) U   1028    835     13
   1097   921     2937.8225   259     2968.0000     2937.7948    35837    1.02%   x(c26_2_c5_2) D   1097   1096    134
   1178   980     2965.1667   232     2968.0000     2938.3958    40259    1.00%  x(c21_5_c22_5) N   1178    219      9
   1233  1022     2938.9108   266     2968.0000     2938.7361    44420    0.99%  x(c35_5_c33_5) D   1233   1232    106
   1316  1086     2939.1669   250     2968.0000     2939.1669    48625    0.97%  x(c26_1_c30_1) D   1316   1315     76
   1464  1223     2961.2864   255     2968.0000     2939.3703    51852    0.96%  x(c31_5_c34_5) U   1464   1344     36
   1562  1306     2939.6265   226     2968.0000     2939.5137    54772    0.96%  x(c26_2_c33_2) D   1562   1561     63
Elapsed time = 14.20 sec. (27665.48 ticks, tree = 27.05 MB, solutions = 1)
   1637  1359     2965.5566   174     2968.0000     2939.9295    58688    0.95%  x(c10_2_c27_2) U   1637    479     75
   1750  1452     2940.1430   217     2968.0000     2940.1393    63150    0.94%   x(c34_5_c7_5) D   1750   1013     47
   1890  1581     2940.6889   211     2968.0000     2940.4494    66879    0.93%  x(c29_2_c22_2) D   1890   1889     40
   1941  1595     2966.7155   190     2968.0000     2940.5000    71708    0.93%  x(c23_2_c12_2) U   1941    389     73
   2000  1632     2940.9172   253     2968.0000     2940.6319    74241    0.92%  x(c19_2_c22_2) D   2000   1999    115
   2141  1758     2946.4522   201     2968.0000     2940.9755    78294    0.91%    x(c8_5_c3_5) N   2141   1375     20
   2296  1891     2941.2533   214     2968.0000     2941.1917    84687    0.90%    x(c8_2_c3_2) N   2296   2024     54
   2463  2047     2958.4115   210     2968.0000     2941.3201    89146    0.90%    x(c3_2_c8_2) U   2463   2461     89
   2546  2105     2950.0556   224     2968.0000     2941.5000    96300    0.89%  x(c17_5_c23_5) U   2546    559     11
   2617  2136        cutoff           2968.0000     2941.5000   101822    0.89%  x(c31_1_c26_1) U   2617   2615     96
Elapsed time = 20.88 sec. (39043.17 ticks, tree = 37.19 MB, solutions = 1)
   2688  2176     2958.0020   274     2968.0000     2941.5000   107449    0.89%  x(c26_2_c11_2) U   2688    398     82
   2751  2213     2941.6528   231     2968.0000     2941.5942   111750    0.89%  x(c16_5_c21_5) D   2751   2750     99
   2820  2267     2942.4231   237     2968.0000     2941.7095   115550    0.89%  x(c23_2_c11_2) D   2820   2520     30
   2901  2319     2941.9981   270     2968.0000     2941.9549   120354    0.88%  x(c34_5_c29_5) D   2901   2900     52
   2997  2374     2956.5837   288     2968.0000     2942.0311   126204    0.87%  x(c15_5_c13_5) U   2997    964     67
   3176  2541     2950.6743   233     2968.0000     2942.0818   130294    0.87%  x(c26_1_c24_1) U   3176   1589     37
   3308  2652        cutoff           2968.0000     2942.2110   134315    0.87%   x(c12_2_c8_2) U   3308   3307    127
   3397  2723     2942.7047   256     2968.0000     2942.3502   138504    0.86%  x(c17_5_c21_5) N   3397   3396     39
   3487  2785        cutoff           2968.0000     2942.5000   143470    0.86%  x(c30_5_c34_5) U   3487   1751     49
   3584  2857     2949.0318   193     2968.0000     2942.5000   147885    0.86%  x(c13_5_c20_5) U   3584    328     12
Elapsed time = 27.05 sec. (48740.21 ticks, tree = 56.67 MB, solutions = 1)
   3685  2919     2952.4629   272     2968.0000     2942.5000   151826    0.86%  x(c24_1_c26_1) D   3685   3684     65
   3783  2986     2960.5311   190     2968.0000     2942.5664   155931    0.86%  x(c10_2_c26_2) U   3783   3026     44
   3902  3088     2942.7346   240     2968.0000     2942.6785   160422    0.85%  x(c20_5_c15_5) D   3902   3339     85
   4011  3170     2943.1151   271     2968.0000     2942.8486   164781    0.85%  x(c23_2_c10_2) D   4011   4010     61
   4146  3269     2943.0822   255     2968.0000     2943.0183   168845    0.84%  x(c23_2_c21_2) D   4146   4145     14
   4333  3444     2945.5902   245     2968.0000     2943.0652   172777    0.84%    x(c8_5_c3_5) D   4333   1728      9
   4465  3564     2951.2688   287     2968.0000     2943.1201   176952    0.84%  x(c27_5_c30_5) N   4465   4185     19
   4570  3644     2947.7622   193     2968.0000     2943.2265   181124    0.83%  x(c37_5_c41_5) U   4570   3842     68
   4720  3772     2949.6008   255     2968.0000     2943.2778   185052    0.83%    x(c5_5_c7_5) U   4720   3024     42
   4854  3875     2948.1897   297     2968.0000     2943.3293   189004    0.83%  x(c23_2_c26_2) U   4854   4453     23
Elapsed time = 33.15 sec. (58324.19 ticks, tree = 86.26 MB, solutions = 1)
   4963  3959     2961.2908   188     2968.0000     2943.3826   193288    0.83%  x(c26_2_c10_2) U   4963   1410     55
   5000  3980     2943.7840   292     2968.0000     2943.4840   195322    0.83%  x(c13_2_c22_2) D   5000   4567     42
   5082  4020     2953.5442   204     2968.0000     2943.5442   199862    0.82%  x(c29_5_c31_5) U   5082   4875     65
   5191  4107     2962.1218   254     2968.0000     2943.5977   203695    0.82%  x(c24_1_c22_1) U   5191   3789     24
   5276  4169     2962.0995   212     2968.0000     2943.6957   208099    0.82%  x(c17_5_c22_5) U   5276   3223     32
   5370  4221        cutoff           2968.0000     2943.8343   212880    0.81%  x(c23_1_c21_1) U   5370   5119    108
   5450  4255     2944.6159   231     2968.0000     2944.0000   217424    0.81%   x(c27_5_c7_5) D   5450   1018     22
   5595  4371     2964.5647   175     2968.0000     2944.0445   221780    0.81%  x(c26_2_c11_2) U   5595   5060     80
   5760  4518     2944.2522   256     2968.0000     2944.1098   225726    0.80%  x(c17_5_c21_5) D   5760   5759     59
   5882  4606     2944.2726   296     2968.0000     2944.1974   229731    0.80%  x(c13_5_c22_5) D   5882   5881     49
Elapsed time = 40.02 sec. (69381.41 ticks, tree = 105.06 MB, solutions = 1)
   5988  4680     2957.5252   274     2968.0000     2944.2713   233670    0.80%  x(c36_5_c34_5) U   5988   5411     77
   6000  4688     2944.3451   245     2968.0000     2944.2770   233873    0.80%  x(c26_2_c12_2) D   6000   5999     71
   6116  4775     2955.1960   268     2968.0000     2944.3525   238164    0.80%  x(c27_1_c28_1) U   6116   4928     27
   6226  4852        cutoff           2968.0000     2944.4445   242274    0.79%   x(c11_1_c9_1) U   6226   2459     87
   6345  4939     2947.3161   234     2968.0000     2944.5000   246723    0.79%    x(c8_2_c5_2) U   6345    653     94
   6413  4966     2950.5727   222     2968.0000     2944.5000   250999    0.79%  x(c21_5_c30_5) D   6413   6412    112
   6481  4984        cutoff           2968.0000     2944.5000   255131    0.79%  x(c21_5_c23_5) U   6481   4796     18
   6554  4965        cutoff           2968.0000     2944.5000   259165    0.79%  x(c29_5_c24_5) U   6554   1147     48
   6643  4974     2944.6103   257     2968.0000     2944.5405   263447    0.79%  x(c20_5_c29_5) D   6643   6642     74
   6752  5042     2955.8814   198     2968.0000     2944.6263   267518    0.79%  x(c35_5_c37_5) U   6752   5639    120
Elapsed time = 48.04 sec. (82519.76 ticks, tree = 115.94 MB, solutions = 1)
   6917  5176     2961.5634   220     2968.0000     2944.6970   270979    0.79%  x(c26_2_c10_2) U   6917   3228     37
   7000  5212        cutoff           2968.0000     2944.7568   274909    0.78%  x(c23_1_c27_1) U   7000   6843    114
   7095  5277     2958.1972   187     2968.0000     2944.8471   279075    0.78%  x(c23_2_c11_2) U   7095   5263     53
   7210  5363     2953.4102   191     2968.0000     2944.9527   283396    0.78%    x(c3_5_c8_5) U   7210   6243     64
   7277  5393        cutoff           2968.0000     2945.0000   288303    0.77%  x(c23_1_c26_1) U   7277   4311     60
   7342  5430        cutoff           2968.0000     2945.0000   293037    0.77%  x(c31_1_c26_1) U   7342    668     69
   7457  5519     2950.1778   235     2968.0000     2945.0633   297461    0.77%  x(c23_2_c27_2) U   7457   7434     16
   7559  5605     2950.6476   249     2968.0000     2945.0983   301931    0.77%  x(c23_2_c27_2) N   7559   7498     25
   7708  5720     2945.2070   278     2968.0000     2945.1613   305611    0.77%  x(c17_5_c23_5) D   7708   7707     28
   7829  5818        cutoff           2968.0000     2945.2160   309812    0.77%   x(c26_2_c6_2) U   7829   6741     87
Elapsed time = 54.49 sec. (92136.11 ticks, tree = 135.65 MB, solutions = 1)
   7925  5885     2948.0212   205     2968.0000     2945.2585   314392    0.77%   x(c37_5_c2_5) U   7925   5520     69
   8060  5982     2945.3237   236     2968.0000     2945.3187   318421    0.76%   x(c11_2_c9_2) D   8060   8059     56
   8178  6051     2965.4939   240     2968.0000     2945.3619   322670    0.76%  x(c26_1_c22_1) U   8178   4803     25
   8291  6137        cutoff           2968.0000     2945.4257   326771    0.76%  x(c24_1_c26_1) U   8291   7716     37
   8396  6210     2945.5293   240     2968.0000     2945.4938   331074    0.76%   x(c9_2_c11_2) D   8396   8395     66
   8522  6284     2945.5475   234     2968.0000     2945.5000   334942    0.76%  x(c17_5_c23_5) D   8522   8521     20
   8589  6323        cutoff           2968.0000     2945.5000   339396    0.76%  x(c26_1_c11_1) U   8589   2485    112
   8667  6359     2952.2749   260     2968.0000     2945.5000   344152    0.76%  x(c23_5_c16_5) U   8667   2998     27
   8729  6364     2957.5904   295     2968.0000     2945.5000   349299    0.76%  x(c16_5_c23_5) U   8729   3549     32
   9353  6784     2956.7155   250     2968.0000     2945.7287   376098    0.75%  x(c35_5_c34_5) U   9353   9073     97
Elapsed time = 62.44 sec. (104619.02 ticks, tree = 146.69 MB, solutions = 1)
   9950  7155     2952.1079   236     2968.0000     2946.0018   403533    0.74%  x(c23_5_c17_5) U   9950   5477     18
  10510  7584        cutoff           2968.0000     2946.1052   425768    0.74%   x(c11_1_c9_1) U  10510   6111     90
  11000  7952     2959.9008   240     2968.0000     2946.2270   447840    0.73%   x(c7_5_c24_5) U  11000  10998     94
  11696  8483     2946.7466   226     2968.0000     2946.3465   472121    0.73%    x(c3_5_c8_5) D  11696   1588     37
  12244  8798     2952.2031   264     2968.0000     2946.5000   500019    0.72%  x(c22_2_c26_2) U  12244  10149     28
  12775  9041        cutoff           2968.0000     2946.6042   528490    0.72%  x(c23_1_c26_1) U  12775  10418     68
  13460  9513     2954.3752   255     2968.0000     2946.7272   555508    0.72%  x(c23_2_c26_2) U  13460  13337     67
  14005  9816     2947.0220   241     2968.0000     2946.8691   582395    0.71%   x(c26_2_c6_2) D  14005  14004     66
  14600 10105     2947.0149   231     2968.0000     2947.0132   609985    0.71%  x(c13_5_c23_5) D  14600   8538     15
  15222 10503     2954.3608   274     2968.0000     2947.1149   636549    0.70%  x(c13_5_c15_5) U  15222  10934     35
Elapsed time = 85.35 sec. (146052.53 ticks, tree = 140.07 MB, solutions = 1)
  15887 10969        cutoff           2968.0000     2947.2217   662685    0.70%  x(c22_1_c21_1) U  15887   2527     43
  16521 11336     2950.9141   226     2968.0000     2947.3443   688649    0.70%  x(c23_2_c26_2) U  16521  16520    116
  17076 11627     2966.6838   226     2968.0000     2947.4821   715979    0.69%   x(c26_2_c6_2) U  17076  17074     31
  17837 12086     2957.6324   199     2968.0000     2947.5903   740958    0.69%  x(c29_5_c31_5) N  17837  17803     69
  18134 12281        cutoff           2968.0000     2947.6209   748961    0.69%    x(c8_5_c3_5) U  18134  15613     72
  18683 12548     2964.7647   280     2968.0000     2947.7747   777005    0.68%  x(c23_2_c26_2) U  18683  11219     20
  19212 12747     2948.0574   233     2968.0000     2947.9444   804631    0.68%  x(c11_1_c22_1) D  19212  19211     59
  19619 12868     2955.1394   245     2968.0000     2948.0000   834849    0.67%  x(c21_2_c29_2) N  19619     21     18
  20055 13017     2954.6881   281     2968.0000     2948.0524   864264    0.67%  x(c15_5_c13_5) U  20055  12409     23
  20644 13355     2948.1779   248     2968.0000     2948.1779   890860    0.67%    x(c5_5_c4_5) D  20644  17035     89
Elapsed time = 106.52 sec. (184253.90 ticks, tree = 137.57 MB, solutions = 1)
  21210 13634        cutoff           2968.0000     2948.3054   917422    0.66%  x(c30_1_c26_1) U  21210  21193     47
  21788 13889        cutoff           2968.0000     2948.4397   944609    0.66%  x(c23_5_c21_5) U  21788  14650     28
  22457 14130        cutoff           2968.0000     2948.5000   970639    0.66%  x(c35_5_c31_5) U  22457   6018     63
  23070 14378        cutoff           2968.0000     2948.5784   997382    0.65%   x(c6_2_c26_2) U  23070  14829    106
  23650 14620     2948.8721   255     2968.0000     2948.7164  1024446    0.65%  x(c27_1_c30_1) D  23650  23649     40
  24130 14629     2948.9775   253     2968.0000     2948.8824  1052811    0.64%  x(c26_2_c21_2) D  24130  24129     29
  24681 14773     2952.9801   221     2968.0000     2949.0177  1080298    0.64%  x(c22_2_c29_2) D  24681  15689     56
  25193 14978     2964.1150   163     2968.0000     2949.1619  1108278    0.63%  x(c29_2_c21_2) U  25193  25192     19
  25784 15248        cutoff           2968.0000     2949.2788  1134806    0.63%  x(c26_1_c22_1) U  25784  25195     21
  26415 15526     2949.4616   225     2968.0000     2949.4084  1160434    0.63%  x(c26_1_c24_1) D  26415  24041     19
Elapsed time = 127.86 sec. (222468.47 ticks, tree = 133.17 MB, solutions = 1)
  26966 15586        cutoff           2968.0000     2949.5000  1187530    0.62%  x(c21_2_c27_2) U  26966   2220     43
  27505 15526        cutoff           2968.0000     2949.5338  1214505    0.62%  x(c31_1_c26_1) U  27505  16473     62
  28107 15755     2961.4564   197     2968.0000     2949.6529  1241382    0.62%   x(c9_2_c27_2) D  28107  26637     66
  28781 16047        cutoff           2968.0000     2949.7919  1267246    0.61%  x(c27_5_c21_5) U  28781  26743     34
  29374 16147     2956.7357   253     2968.0000     2949.9770  1294285    0.61%  x(c24_1_c26_1) U  29374  28328    104
  29930 16435     2955.0938   282     2968.0000     2950.0728  1321641    0.60%   x(c5_5_c37_5) D  29930  29928      7
  30566 16786     2950.2202   261     2968.0000     2950.1474  1346914    0.60%    x(c3_5_c8_5) D  30566  30565     62
  31261 17174        cutoff           2968.0000     2950.2260  1371645    0.60%   x(c9_1_c11_1) U  31261  31259     22
  31975 17603        cutoff           2968.0000     2950.2997  1396830    0.60%    x(c9_2_c6_2) U  31975   6914     55
  32583 17851        cutoff           2968.0000     2950.3957  1423071    0.59%   x(c9_2_c11_2) D  32583   6902     73
Elapsed time = 149.21 sec. (260653.72 ticks, tree = 131.46 MB, solutions = 1)
  33251 18100     2950.5092   227     2968.0000     2950.4930  1448758    0.59%  x(c23_1_c16_1) D  33251  33250     82
  33837 18252     2961.3378   286     2968.0000     2950.5542  1476062    0.59%    x(c3_2_c6_2) U  33837  31148     31
  34575 18609     2958.8023   250     2968.0000     2950.6326  1501229    0.59%  x(c15_5_c13_5) U  34575  34524     26
  35145 18839        cutoff           2968.0000     2950.7154  1527221    0.58%  x(c17_5_c23_5) U  35145  27443     29
  35744 19013        cutoff           2968.0000     2950.8161  1554222    0.58%  x(c24_5_c23_5) U  35744  30337     25
  36315 19150     2957.6384   225     2968.0000     2950.9323  1581204    0.58%  x(c21_2_c23_2) U  36315  33884     32
  36888 19352     2954.5674   242     2968.0000     2951.0237  1608492    0.57%  x(c24_5_c23_5) U  36888  29187     27
  37430 19626     2954.0511   211     2968.0000     2951.0949  1635857    0.57%    x(c5_5_c7_5) U  37430  36484     38
  38013 19890     2956.1637   249     2968.0000     2951.1980  1663509    0.57%    x(c5_5_c7_5) U  38013  37395     33
  38573 20054        cutoff           2968.0000     2951.2897  1690031    0.56%  x(c26_2_c23_2) U  38573  38231     25
Elapsed time = 170.54 sec. (298892.44 ticks, tree = 130.96 MB, solutions = 1)
  39200 20272     2953.5651   200     2968.0000     2951.3836  1716154    0.56%   x(c8_5_c24_5) U  39200  38072     52
  39782 20379     2955.3070   245     2968.0000     2951.4895  1742917    0.56%  x(c27_1_c30_1) D  39782   6276     29
  40325 20398     2962.1568   200     2968.0000     2951.5551  1769932    0.55%  x(c12_2_c10_2) U  40325  34106     52
  40907 20569     2964.6105   229     2968.0000     2951.6645  1796883    0.55%  x(c30_1_c26_1) N  40907  12453     48
  41485 20718     2957.2368   263     2968.0000     2951.7819  1824020    0.55%  x(c21_2_c23_2) U  41485  41484     16
  42091 20868        cutoff           2968.0000     2951.9108  1851102    0.54%  x(c13_1_c23_1) D  42091  34219     94
  42660 20941     2960.0534   237     2968.0000     2952.0241  1878028    0.54%  x(c22_2_c27_2) U  42660  42659     29
  43158 21179     2958.6992   217     2968.0000     2952.0947  1906692    0.54%  x(c27_5_c23_5) U  43158  29707     16
  43745 21472     2952.3546   225     2968.0000     2952.1741  1932830    0.53%  x(c20_5_c17_5) U  43745  43744     24
  44356 21764     2963.0102   205     2968.0000     2952.2464  1959839    0.53%  x(c12_2_c10_2) U  44356  40991    101
Elapsed time = 191.78 sec. (337120.03 ticks, tree = 129.08 MB, solutions = 1)
  45035 22093        cutoff           2968.0000     2952.3271  1984741    0.53%  x(c23_2_c13_2) U  45035  40725     64
  45642 22340     2954.5649   250     2968.0000     2952.4046  2011567    0.53%  x(c29_2_c21_2) D  45642  27535     47
  46279 22536     2952.5271   254     2968.0000     2952.4898  2036392    0.52%  x(c34_5_c31_5) D  46279  46278     26
  46829 22302        cutoff           2968.0000     2952.5000  2062325    0.52%   x(c5_5_c34_5) U  46829  31381     61
  47000 22323     2952.5309   245     2968.0000     2952.5191  2069017    0.52%  x(c24_5_c23_5) D  47000  46999     23
  47569 22547        cutoff           2968.0000     2952.5900  2096654    0.52%  x(c11_2_c26_2) U  47569  36897    109
  48169 22737        cutoff           2968.0000     2952.6805  2123764    0.52%  x(c27_5_c21_5) U  48169  45784     36
  48847 22986     2952.8488   197     2968.0000     2952.7653  2149737    0.51%  x(c11_2_c22_2) D  48847  48846     45
  49446 23125        cutoff           2968.0000     2952.8650  2176620    0.51%  x(c28_1_c22_1) U  49446  49444     64
  50057 23279     2962.6330   263     2968.0000     2952.9690  2202912    0.51%  x(c26_1_c24_1) N  50057  46371     36
Elapsed time = 213.04 sec. (376292.69 ticks, tree = 127.51 MB, solutions = 1)
  50620 23243     2953.0751   266     2968.0000     2953.0044  2229863    0.51%  x(c35_5_c34_5) D  50620  50619     50
  51246 23553     2960.2883   239     2968.0000     2953.0757  2256319    0.50%  x(c22_2_c26_2) U  51246  51244     29
  51768 23799     2965.7990   278     2968.0000     2953.1401  2284278    0.50%  x(c11_2_c23_2) U  51768  39802     31
  52330 24024     2953.2378   253     2968.0000     2953.2085  2311465    0.50%  x(c22_1_c13_1) D  52330  52329     23
  52966 24350        cutoff           2968.0000     2953.2659  2337327    0.50%  x(c35_5_c34_5) U  52966  34896     61
  53600 24546     2953.3483   269     2968.0000     2953.3484  2363271    0.49%  x(c23_2_c21_2) D  53600  53599     18
  54209 24700     2963.8193   236     2968.0000     2953.4196  2389136    0.49%  x(c23_2_c11_2) U  54209  30142     15
  54800 24853     2960.3815   233     2968.0000     2953.4950  2415633    0.49%  x(c15_5_c13_5) U  54800  46129     13
  55412 24637        cutoff           2968.0000     2953.5000  2441094    0.49%  x(c26_2_c21_2) U  55412   3826     93
  55979 24248        cutoff           2968.0000     2953.5000  2466307    0.49%   x(c9_2_c11_2) U  55979    473     69
Elapsed time = 234.04 sec. (414569.03 ticks, tree = 121.80 MB, solutions = 1)
  56578 24294     2955.4176   289     2968.0000     2953.5699  2492683    0.49%  x(c23_2_c21_2) U  56578  53599     18
  57185 24424     2953.7395   268     2968.0000     2953.6537  2519009    0.48%  x(c11_2_c27_2) D  57185  57184     43
  57870 24620     2953.7426   194     2968.0000     2953.7427  2544857    0.48%   x(c9_1_c11_1) D  57870  29179     52
  58526 24702        cutoff           2968.0000     2953.8542  2571297    0.48%  x(c22_1_c26_1) D  58526  36229    118
  59175 24821     2953.9705   259     2968.0000     2953.9582  2597010    0.47%    x(c5_5_c7_5) N  59175  40402     21
  59702 24789     2954.2024   233     2968.0000     2954.0016  2624077    0.47%    x(c9_2_c3_2) D  59702  47657     60
  60249 24990     2954.1474   243     2968.0000     2954.0632  2652346    0.47%  x(c21_2_c29_2) D  60249  60248     28
  60843 25233     2954.2361   287     2968.0000     2954.1226  2678582    0.47%  x(c23_2_c11_2) D  60843  60842     33
  61000 25313     2954.1638   237     2968.0000     2954.1354  2685495    0.47%  x(c21_2_c29_2) D  61000  60998     35
  61640 25649        cutoff           2968.0000     2954.1865  2710357    0.47%    x(c9_2_c6_2) U  61640   6630     83
Elapsed time = 255.51 sec. (454833.92 ticks, tree = 121.65 MB, solutions = 1)
  62214 25894     2966.2392   228     2968.0000     2954.2317  2736818    0.46%  x(c35_5_c34_5) D  62214  62212     28
  62824 26137     2955.9066   245     2968.0000     2954.2826  2762746    0.46%  x(c24_5_c23_5) U  62824  58552     32
  63459 26365        cutoff           2968.0000     2954.3333  2788697    0.46%  x(c17_5_c22_5) U  63459  50605     21
  64031 26519     2954.4847   211     2968.0000     2954.3891  2814952    0.46%  x(c21_5_c23_5) D  64031  64030     42
  64663 26650     2956.2957   223     2968.0000     2954.4538  2840726    0.46%  x(c27_1_c23_1) N  64663  51333     33
  65299 26585        cutoff           2968.0000     2954.5000  2864720    0.45%  x(c21_5_c30_5) U  65299  17093     95
  65830 26306     2957.0609   243     2968.0000     2954.5130  2890434    0.45%  x(c11_1_c22_1) U  65830  65829     23
  66436 26412     2959.1918   234     2968.0000     2954.5742  2916489    0.45%  x(c21_2_c23_2) U  66436  28553     40
  67003 26523        cutoff           2968.0000     2954.6419  2943541    0.45%  x(c11_1_c26_1) D  67003  50935     70
  67638 26606     2956.4729   199     2968.0000     2954.7231  2968845    0.45%  x(c29_2_c21_2) D  67638   1145     97
Elapsed time = 276.62 sec. (493017.94 ticks, tree = 119.34 MB, solutions = 1)
  68265 26720     2957.8562   234     2968.0000     2954.8000  2995104    0.44%  x(c16_5_c23_5) U  68265   1005     18
  68890 26757        cutoff           2968.0000     2954.8936  3020446    0.44%    x(c5_5_c7_5) U  68890  61358     45
  69526 26807     2961.4928   204     2968.0000     2954.9928  3045828    0.44%    x(c3_5_c8_5) N  69526  60180     40
  70037 26988     2961.8083   199     2968.0000     2955.0242  3073672    0.44%  x(c23_2_c21_2) U  70037  69592     34
  70589 27205        cutoff           2968.0000     2955.0721  3101881    0.44%  x(c35_5_c34_5) D  70589  52160     35
  71147 27424     2964.3811   242     2968.0000     2955.1217  3129823    0.43%  x(c30_1_c26_1) U  71147  70219     44
  71711 27660     2962.0208   221     2968.0000     2955.1601  3155737    0.43%  x(c23_2_c10_2) D  71711  22489     78
  72308 27967        cutoff           2968.0000     2955.1986  3181896    0.43%  x(c23_5_c17_5) U  72308  53343     51
  72910 28249     2957.4372   290     2968.0000     2955.2391  3208030    0.43%  x(c15_5_c13_5) D  72910  45984     33
  73534 28531     2963.4083   249     2968.0000     2955.2853  3234332    0.43%  x(c27_5_c30_5) U  73534  73533     23
Elapsed time = 298.30 sec. (531258.61 ticks, tree = 119.88 MB, solutions = 1)
  74176 28771     2955.3910   246     2968.0000     2955.3337  3260126    0.43%  x(c21_2_c29_2) D  74176  74175     41
  74746 28947     2955.8028   259     2968.0000     2955.3816  3286909    0.43%  x(c27_1_c25_1) D  74746  74744    100
  75000 29062     2955.5422   251     2968.0000     2955.3996  3296954    0.42%  x(c26_2_c10_2) D  75000  74999     39
  75649 29170     2955.5259   225     2968.0000     2955.4682  3322701    0.42%   x(c8_2_c26_2) D  75649  75648     51
  76271 29088        cutoff           2968.0000     2955.5035  3347849    0.42%  x(c22_2_c26_2) U  76271  76269     50
  76868 29242     2965.6595   215     2968.0000     2955.5472  3374493    0.42%   x(c24_5_c9_5) N  76868  72219     16
  77444 29317     2962.8692   230     2968.0000     2955.6031  3400895    0.42%  x(c13_5_c23_5) D  77444  69297     25
  78065 29345     2963.8333   187     2968.0000     2955.6667  3426743    0.42%  x(c23_2_c11_2) U  78065  24513     26
  78653 29460        cutoff           2968.0000     2955.7259  3452576    0.41%   x(c6_2_c26_2) U  78653  78506     53
  79297 29706     2955.8870   271     2968.0000     2955.7822  3478970    0.41%  x(c29_2_c21_2) D  79297  79296     30
Elapsed time = 321.39 sec. (572647.70 ticks, tree = 118.80 MB, solutions = 1)
  79972 29948     2955.9088   241     2968.0000     2955.8390  3504401    0.41%    x(c5_5_c7_5) D  79972  79971     37
  80593 30018     2957.5613   187     2968.0000     2955.9019  3530057    0.41%  x(c11_1_c22_1) U  80593  77361     58
  81277 30249     2955.9583   202     2968.0000     2955.9583  3555413    0.41%  x(c16_1_c23_1) D  81277  78308     54
  81882 30256        cutoff           2968.0000     2956.0000  3581671    0.40%  x(c16_1_c22_1) U  81882    260     50
  82467 30323     2956.1847   236     2968.0000     2956.0502  3608190    0.40%  x(c22_1_c13_1) D  82467  82466     14
  83066 30549     2964.1333   283     2968.0000     2956.0936  3634077    0.40%  x(c26_1_c24_1) U  83066  82207     30
  83699 30789        cutoff           2968.0000     2956.1380  3660078    0.40%  x(c11_1_c25_1) U  83699  66264     40
  84289 31003        cutoff           2968.0000     2956.1817  3686287    0.40%  x(c22_1_c21_1) U  84289  73318     50
  84812 31141     2956.2637   234     2968.0000     2956.2225  3712940    0.40%  x(c11_2_c27_2) D  84812  84811     37
  85417 31357     2956.8844   299     2968.0000     2956.2609  3738814    0.40%  x(c26_1_c24_1) D  85417  31966     20
Elapsed time = 344.08 sec. (610859.34 ticks, tree = 119.78 MB, solutions = 1)
  86049 31503        cutoff           2968.0000     2956.3099  3763991    0.39%   x(c24_5_c9_5) D  86049  75877     32
  86653 31650        cutoff           2968.0000     2956.3568  3789663    0.39%  x(c23_5_c21_5) U  86653  51638     34
  87226 31774     2957.5853   250     2968.0000     2956.4044  3815889    0.39%  x(c22_5_c27_5) N  87226  68469     19
  87871 31931     2961.1367   193     2968.0000     2956.4528  3841232    0.39%  x(c23_2_c26_2) U  87871  85150     16
  88489 31991     2960.9862   237     2968.0000     2956.5000  3866759    0.39%  x(c21_2_c23_2) U  88489  81747     16
  88934 31840     2966.2330   217     2968.0000     2956.5046  3893667    0.39%  x(c13_5_c15_5) N  88934  84264     31
  89571 31952        cutoff           2968.0000     2956.5587  3919009    0.39%  x(c26_2_c23_2) U  89571  43832     49
  90261 32025     2957.0929   227     2968.0000     2956.6176  3943510    0.38%   x(c24_5_c9_5) D  90261  90259     39
  90911 32113        cutoff           2968.0000     2956.6800  3968768    0.38%  x(c26_1_c30_1) U  90911  83859     26
  91494 32159     2958.1044   213     2968.0000     2956.7414  3994948    0.38%  x(c23_2_c21_2) D  91494  65029     97
Elapsed time = 367.34 sec. (649074.43 ticks, tree = 117.59 MB, solutions = 1)
  92144 32240     2956.8096   268     2968.0000     2956.8058  4019574    0.38%  x(c22_1_c26_1) D  92144  92143     50
  92815 32311        cutoff           2968.0000     2956.8791  4043655    0.37%   x(c31_5_c7_5) U  92815  92640    132
  93097 32322     2965.7031   202     2968.0000     2956.9122  4054526    0.37%  x(c29_5_c31_5) U  93097  77339     60
  93793 32415     2957.0716   238     2968.0000     2956.9824  4078408    0.37%  x(c20_5_c16_5) D  93793  93792     31
  94413 32189        cutoff           2968.0000     2957.0000  4103511    0.37%  x(c23_2_c29_2) U  94413  26425     84
  94923 31882     2958.1925   243     2968.0000     2957.0140  4128788    0.37%  x(c23_2_c21_2) U  94923  82517     17
  95490 31997     2957.1263   258     2968.0000     2957.0576  4156122    0.37%  x(c22_2_c27_2) D  95490  95489     22
  96083 32203     2957.0976   278     2968.0000     2957.0972  4182457    0.37%  x(c31_5_c34_5) D  96083  45601     20
  96726 32460        cutoff           2968.0000     2957.1364  4208291    0.37%  x(c33_5_c30_5) U  96726  67307     39
  97303 32688     2965.7857   240     2968.0000     2957.1730  4234711    0.36%  x(c35_5_c34_5) D  97303  91105     31
Elapsed time = 388.85 sec. (687261.00 ticks, tree = 115.34 MB, solutions = 1)
  97926 32948     2960.4530   267     2968.0000     2957.2047  4260368    0.36%  x(c22_1_c13_1) U  97926  52262     28
  98531 33177     2957.2757   270     2968.0000     2957.2348  4285758    0.36%    x(c5_5_c7_5) D  98531  98530     18
  99151 33351     2957.7097   243     2968.0000     2957.2723  4311164    0.36%  x(c20_5_c17_5) D  99151  48944     37
  99774 33507     2957.3496   241     2968.0000     2957.3153  4337542    0.36%  x(c11_2_c22_2) D  99774  99773     39
 100418 33650     2957.3570   233     2968.0000     2957.3549  4362697    0.36%  x(c31_5_c34_5) D 100418 100417     45
 101000 33787     2957.4962   234     2968.0000     2957.3923  4384355    0.36%  x(c22_5_c17_5) D 101000 100999     29
 101637 33908     2957.5973   275     2968.0000     2957.4394  4410025    0.36%  x(c20_5_c22_5) D 101637 101636     35
 102331 34035     2961.0489   239     2968.0000     2957.4897  4435011    0.35%  x(c26_2_c21_2) D 102331  29840     43
 102942 33766        cutoff           2968.0000     2957.5000  4458965    0.35%  x(c16_5_c22_5) U 102942   3758     38
 103560 33579     2957.5204   242     2968.0000     2957.5206  4482159    0.35%   x(c9_1_c11_1) D 103560  36884     38
Elapsed time = 412.92 sec. (730975.96 ticks, tree = 115.62 MB, solutions = 1)
 104199 33707        cutoff           2968.0000     2957.5657  4507819    0.35%  x(c24_1_c13_1) U 104199 104198     59
 104886 33775     2957.6229   266     2968.0000     2957.6153  4532640    0.35%  x(c34_5_c31_5) D 104886 104885     40
 105524 33858        cutoff           2968.0000     2957.6649  4557535    0.35%  x(c31_1_c26_1) U 105524 100726     52
 106115 33958     2958.7488   247     2968.0000     2957.7089  4583096    0.35%  x(c30_1_c26_1) D 106115  68487     47
 106760 34062     2958.3204   150     2968.0000     2957.7566  4608474    0.35%   x(c6_2_c35_2) D 106760 103653     40
 107411 34186     2958.0137   260     2968.0000     2957.7989  4633325    0.34%  x(c26_2_c23_2) D 107411 107410     58
 108081 34295        cutoff           2968.0000     2957.8472  4658040    0.34%  x(c20_5_c29_5) U 108081  62129     27
 108771 34377     2961.8133   221     2968.0000     2957.9016  4681455    0.34%  x(c11_1_c22_1) N 108771 101620     39
 109424 34405     2959.6557   252     2968.0000     2957.9619  4705724    0.34%  x(c23_2_c16_2) D 109424  78156     52
 110086 34502     2961.3514   246     2968.0000     2958.0072  4729841    0.34%  x(c31_5_c34_5) U 110086  99724     41
Elapsed time = 433.43 sec. (769168.79 ticks, tree = 116.61 MB, solutions = 1)
 110650 34610        cutoff           2968.0000     2958.0441  4756767    0.34%  x(c27_1_c25_1) D 110650  73996     41
 111238 34737     2958.0951   150     2968.0000     2958.0849  4784123    0.33%  x(c21_2_c29_2) U 111238 111237     51
 111847 34862        cutoff           2968.0000     2958.1238  4809532    0.33%   x(c5_5_c37_5) U 111847  75322     29
 112506 35023        cutoff           2968.0000     2958.1644  4834304    0.33%  x(c22_1_c13_1) U 112506  72367     33
 113130 35205     2958.2676   239     2968.0000     2958.1999  4859583    0.33%  x(c22_5_c17_5) D 113130 113129     42
 113762 35382     2958.2565   203     2968.0000     2958.2364  4884290    0.33%  x(c17_5_c23_5) D 113762  97328     27
 114404 35583     2963.1759   264     2968.0000     2958.2726  4908624    0.33%  x(c21_5_c23_5) N 114404  61560     34
 115034 35711     2958.4522   252     2968.0000     2958.3132  4933156    0.33%    x(c3_5_c8_5) U 115034 115033     53
 115678 35835     2965.1678   154     2968.0000     2958.3508  4957537    0.33%   x(c5_5_c36_5) N 115678 115444     47
 116322 35949     2958.9048   193     2968.0000     2958.3942  4981937    0.32%  x(c23_2_c13_2) N 116322  83359     23
Elapsed time = 454.04 sec. (807368.37 ticks, tree = 118.56 MB, solutions = 1)
 116971 36047        cutoff           2968.0000     2958.4354  5006709    0.32%  x(c21_2_c29_2) U 116971  97531     30
 117690 36112     2965.1305   248     2968.0000     2958.4884  5029809    0.32%  x(c35_5_c34_5) D 117690 112307     26
 118352 36178     2962.5892   199     2968.0000     2958.5268  5054607    0.32%    x(c5_5_c7_5) U 118352 112279     33
 119041 36197     2963.8524   199     2968.0000     2958.5677  5078058    0.32%    x(c6_2_c3_2) U 119041 119039     72
 119699 36276        cutoff           2968.0000     2958.6117  5102195    0.32%  x(c33_5_c30_5) U 119699 117400     40
 120416 36304     2965.5611   204     2968.0000     2958.6667  5125758    0.31%  x(c23_5_c24_5) U 120416  37136     23
 121064 36333     2960.4240   250     2968.0000     2958.7093  5150130    0.31%   x(c8_5_c24_5) U 121064 121063     49
 121725 36397     2965.1418   237     2968.0000     2958.7547  5174971    0.31%  x(c23_5_c17_5) D 121725  42590     23
 122420 36481     2958.8620   236     2968.0000     2958.8070  5199160    0.31%   x(c6_2_c26_2) D 122420 122419     56
 123000 36472     2964.0795   229     2968.0000     2958.8575  5219549    0.31%  x(c35_5_c34_5) D 123000  96251     19
Elapsed time = 476.03 sec. (850073.38 ticks, tree = 118.03 MB, solutions = 1)
 123643 36480     2958.9912   251     2968.0000     2958.9228  5243400    0.31%    x(c3_2_c6_2) D 123643 123642     35
 124365 36468     2966.8698   227     2968.0000     2958.9935  5266341    0.30%  x(c37_5_c41_5) D 124365  60166     77
 124882 36456     2960.5601   213     2968.0000     2959.0162  5290484    0.30%  x(c23_2_c27_2) U 124882 110732     16
 125460 36500     2959.0625   198     2968.0000     2959.0599  5315799    0.30%  x(c29_2_c21_2) N 125460 122658     17
 126041 36619        cutoff           2968.0000     2959.0956  5341970    0.30%   x(c39_1_c5_1) U 126041 126035     51
 126710 36794        cutoff           2968.0000     2959.1316  5366167    0.30%  x(c35_5_c34_5) U 126710 126708     39
 127327 36968     2959.4669   271     2968.0000     2959.1647  5392116    0.30%  x(c13_5_c15_5) D 127327 127326     30
 127994 37153     2964.8632   257     2968.0000     2959.1895  5416214    0.30%  x(c24_5_c22_5) U 127994 127992     53
 128649 37322     2962.3013   227     2968.0000     2959.2200  5440607    0.30%  x(c27_1_c23_1) U 128649 128116     22
 129312 37547     2959.7776   196     2968.0000     2959.2515  5465465    0.29%  x(c17_5_c21_5) D 129312  66152     46
Elapsed time = 496.25 sec. (888273.97 ticks, tree = 119.15 MB, solutions = 1)
 129975 37772     2959.5739   229     2968.0000     2959.2797  5489535    0.29%   x(c24_5_c9_5) U 129975 120634     16
 130626 37890     2959.4153   228     2968.0000     2959.3184  5514044    0.29%  x(c16_5_c21_5) D 130626 130625     46
 131308 38015     2959.4116   240     2968.0000     2959.3558  5537708    0.29%  x(c29_5_c31_5) D 131308 131307     46
 131935 38161     2961.8062   233     2968.0000     2959.3875  5560820    0.29%  x(c11_1_c22_1) N 131935 131934     25
 132648 38328     2959.4455   230     2968.0000     2959.4238  5584100    0.29%  x(c12_2_c26_2) D 132648 130626     47
 133321 38422     2959.4647   209     2968.0000     2959.4649  5607388    0.29%  x(c23_2_c13_2) D 133321 130372     30
 134037 38395     2967.0000   176     2968.0000     2959.5000  5630487    0.29%  x(c31_5_c21_5) N 134037   1764     62
 134626 38071        cutoff           2968.0000     2959.5064  5653554    0.29%  x(c11_2_c23_2) U 134626 117941     45
 135313 38136        cutoff           2968.0000     2959.5426  5677797    0.28%    x(c5_5_c7_5) U 135313  52930     20
 136008 38188        cutoff           2968.0000     2959.5801  5701291    0.28%   x(c5_5_c37_5) U 136008 135218     38
Elapsed time = 516.42 sec. (926479.44 ticks, tree = 117.89 MB, solutions = 1)
 136704 38265     2962.1795   237     2968.0000     2959.6175  5725061    0.28%    x(c5_5_c7_5) N 136704 131551     30
 137403 38278        cutoff           2968.0000     2959.6626  5747259    0.28%   x(c8_2_c10_2) U 137403  51519     63
 138126 38310        cutoff           2968.0000     2959.7033  5769620    0.28%  x(c12_2_c10_2) U 138126 120487     60
 138797 38340     2959.8068   283     2968.0000     2959.7524  5792846    0.28%  x(c34_5_c31_5) D 138797 138796     34
 139469 38402        cutoff           2968.0000     2959.7949  5815713    0.28%  x(c24_1_c13_1) U 139469 122088     26
 140186 38447     2959.8965   234     2968.0000     2959.8393  5838551    0.27%  x(c15_5_c20_5) D 140186 140185     48
 140915 38417    infeasible           2968.0000     2959.8900  5860140    0.27%  x(c20_5_c17_5) U 140915 122826     21
 141562 38407        cutoff           2968.0000     2959.9463  5883701    0.27%  x(c37_5_c34_5) U 141562 123258     71
 142227 38386     2964.6323   224     2968.0000     2960.0000  5906566    0.27%  x(c21_2_c23_2) N 142227 110245     25
 142878 38443        cutoff           2968.0000     2960.0316  5930717    0.27%  x(c20_5_c29_5) U 142878  99193     54
Elapsed time = 536.10 sec. (964676.06 ticks, tree = 117.39 MB, solutions = 1)
 143515 38481        cutoff           2968.0000     2960.0688  5954809    0.27%  x(c24_1_c25_1) U 143515 113626     51
 144123 38601        cutoff           2968.0000     2960.0996  5979758    0.27%  x(c23_2_c27_2) U 144123 144121     14
 144722 38706     2965.9108   255     2968.0000     2960.1320  6004991    0.27%  x(c33_5_c30_5) D 144722 141363     26
 145000 38717     2960.2134   227     2968.0000     2960.1493  6015045    0.26%  x(c11_2_c27_2) D 145000 143032     36
 145662 38900     2964.2216   239     2968.0000     2960.1795  6038136    0.26%   x(c24_5_c9_5) D 145662 145660     29
 146360 39048     2960.2273   139     2968.0000     2960.2104  6060626    0.26%    x(c3_2_c8_2) D 146360 146359     54
 147066 39195     2963.1972   245     2968.0000     2960.2414  6083769    0.26%  x(c12_2_c10_2) D 147066  98618     56
 147759 39318     2960.7727   251     2968.0000     2960.2761  6106568    0.26%  x(c22_1_c23_1) D 147759  67976     64
 148425 39340        cutoff           2968.0000     2960.3135  6129694    0.26%    x(c5_5_c7_5) U 148425  48070     39
 149084 39398     2963.7916   224     2968.0000     2960.3496  6153260    0.26%  x(c26_2_c22_2) U 149084 137788     34
Elapsed time = 556.84 sec. (1005117.47 ticks, tree = 118.78 MB, solutions = 1)
 149784 39554     2960.3826   244     2968.0000     2960.3810  6177048    0.26%  x(c34_5_c30_5) D 149784 122893     52
 150462 39575        cutoff           2968.0000     2960.4185  6199667    0.26%   x(c7_5_c31_5) U 150462 117848     59
 151133 39599    infeasible           2968.0000     2960.4564  6222442    0.25%  x(c27_1_c21_1) N 151133 151132     42
 151875 39657        cutoff           2968.0000     2960.4970  6243352    0.25%   x(c5_5_c37_5) U 151875 127248     53
 152586 39255        cutoff           2968.0000     2960.5000  6263187    0.25%  x(c15_5_c20_5) U 152586  85687     41
 153310 38972     2960.5221   238     2968.0000     2960.5221  6282590    0.25%  x(c37_5_c41_5) D 153310  80434     43
 153998 39019     2963.0768   225     2968.0000     2960.5569  6305572    0.25%  x(c11_1_c13_1) D 153998 153996     36
 154743 39056        cutoff           2968.0000     2960.5979  6328281    0.25%  x(c25_1_c22_1) U 154743 144835     31
 155465 38976        cutoff           2968.0000     2960.6415  6350224    0.25%  x(c21_5_c23_5) U 155465 150005     48
 156198 38945     2960.7326   216     2968.0000     2960.6860  6371514    0.25%  x(c21_5_c27_5) D 156198 156197     58
Elapsed time = 576.40 sec. (1043283.69 ticks, tree = 113.23 MB, solutions = 1)
 156978 38953     2966.4665   248     2968.0000     2960.7338  6393239    0.24%  x(c33_5_c30_5) U 156978 149534     28
 157687 39010        cutoff           2968.0000     2960.7724  6415321    0.24%    x(c4_1_c5_1) U 157687 157684     40
 158421 39018        cutoff           2968.0000     2960.8204  6436748    0.24%  x(c35_5_c34_5) D 158421  82675     22
 159202 39059        cutoff           2968.0000     2960.8664  6456830    0.24%    x(c3_5_c8_5) U 159202 159195     26
 159995 39079     2963.7784   250     2968.0000     2960.9160  6477170    0.24%  x(c21_2_c23_2) U 159995 129723     22
 160688 39048     2965.5859   195     2968.0000     2960.9679  6498135    0.24%    x(c5_5_c7_5) N 160688  86296     23
 161000 39000     2961.0851   187     2968.0000     2960.9947  6505726    0.24%  x(c11_2_c22_2) D 161000 160999     28
 161616 38937     2965.9618   239     2968.0000     2961.0197  6529293    0.24%  x(c11_1_c22_1) U 161616 119447     41
 162261 38970        cutoff           2968.0000     2961.0557  6553427    0.23%  x(c22_2_c26_2) U 162261 116081     50
 162901 39033        cutoff           2968.0000     2961.0937  6577594    0.23%  x(c35_5_c34_5) D 162901  83319     29
Elapsed time = 595.71 sec. (1082161.50 ticks, tree = 111.78 MB, solutions = 1)
 163512 39091     2964.1145   226     2968.0000     2961.1233  6601284    0.23%  x(c11_1_c22_1) N 163512 126119     25
 164175 39147     2964.2657   201     2968.0000     2961.1572  6623351    0.23%    x(c5_5_c7_5) U 164175 133826     23
 164828 39198        cutoff           2968.0000     2961.1880  6646619    0.23%  x(c13_2_c23_2) U 164828 128411     48
 165492 39270        cutoff           2968.0000     2961.2166  6669214    0.23%  x(c26_1_c22_1) D 165492  72016     16
 166162 39245     2961.5000   191     2968.0000     2961.2500  6691474    0.23%  x(c26_2_c10_2) D 166162 149601     45
 166838 39293     2962.4295   260     2968.0000     2961.2814  6714299    0.23%  x(c16_5_c20_5) D 166838 166836     25
 167497 39277     2964.1356   172     2968.0000     2961.3175  6736850    0.23%  x(c37_5_c41_5) U 167497 127082     32
 168178 39302     2966.2623   235     2968.0000     2961.3521  6759523    0.22%  x(c27_5_c30_5) D 168178  90104     44
 168842 39266     2964.9676   228     2968.0000     2961.3923  6781414    0.22%   x(c26_2_c6_2) D 168842  35976     35
 169497 39238     2966.0529   213     2968.0000     2961.4273  6804019    0.22%    x(c5_5_c7_5) N 169497 162056     36
Elapsed time = 615.34 sec. (1120375.96 ticks, tree = 111.11 MB, solutions = 1)
 170169 39187     2961.5177   243     2968.0000     2961.4690  6825230    0.22%  x(c24_5_c22_5) N 170169 165936     33
 170847 38932        cutoff           2968.0000     2961.5000  6845795    0.22%  x(c15_5_c17_5) U 170847    649     48
 171513 38642        cutoff           2968.0000     2961.5203  6866002    0.22%  x(c26_1_c22_1) U 171513 141518     36
 172228 38578        cutoff           2968.0000     2961.5580  6887901    0.22%  x(c13_5_c15_5) U 172228 159045     49
 172943 38481        cutoff           2968.0000     2961.5974  6908749    0.22%  x(c11_2_c27_2) U 172943  86245     42
 173655 38404        cutoff           2968.0000     2961.6356  6929460    0.21%  x(c11_2_c23_2) U 173655 173653     38
 174000 38353     2961.8617   233     2968.0000     2961.6590  6939327    0.21%   x(c27_5_c7_5) N 174000 173999     37
 174716 38218     2966.8281   207     2968.0000     2961.7066  6960595    0.21%  x(c24_1_c13_1) D 174716  66953     33
 175412 38087        cutoff           2968.0000     2961.7542  6981297    0.21%  x(c26_1_c24_1) D 175412  47321     40
 176099 37967        cutoff           2968.0000     2961.8038  7003275    0.21%  x(c26_2_c12_2) D 176099  32839     66
Elapsed time = 635.52 sec. (1161617.30 ticks, tree = 105.14 MB, solutions = 1)
 176817 37792     2965.2923   245     2968.0000     2961.8576  7023623    0.21%    x(c5_5_c7_5) U 176817 147935     20
 177571 37602     2962.5556   228     2968.0000     2961.9160  7044203    0.20%  x(c23_5_c21_5) N 177571 142644     43
 178365 37400        cutoff           2968.0000     2961.9905  7062983    0.20%  x(c34_5_c31_5) U 178365 158854     40
 179053 37269     2965.2939   233     2968.0000     2962.0211  7084809    0.20%   x(c7_5_c30_5) N 179053   1777     28
 179677 37178     2962.4730   211     2968.0000     2962.0600  7107377    0.20%  x(c22_2_c27_2) U 179677 179676     48
 180314 37127        cutoff           2968.0000     2962.0952  7130840    0.20%   x(c39_1_c5_1) U 180314 180310     35
 180984 37075        cutoff           2968.0000     2962.1310  7153767    0.20%  x(c23_2_c12_2) U 180984 131776     36
 181618 37124     2962.1602   225     2968.0000     2962.1602  7176572    0.20%  x(c23_2_c21_2) D 181618 164250     29
 182234 37086     2962.2073   221     2968.0000     2962.1906  7200169    0.20%  x(c35_5_c34_5) N 182234 180469     30
 182914 37051     2962.4985   216     2968.0000     2962.2261  7221503    0.19%  x(c13_5_c15_5) N 182914 182913     44
Elapsed time = 654.45 sec. (1199793.58 ticks, tree = 102.04 MB, solutions = 1)
 183591 37097     2962.2608   199     2968.0000     2962.2563  7243238    0.19%  x(c23_2_c13_2) D 183591 183590     24
 184300 37079     2966.2805   218     2968.0000     2962.2886  7264000    0.19%    x(c3_5_c8_5) N 184300  74643     18
 184969 37090     2962.4059   195     2968.0000     2962.3216  7285726    0.19%   x(c24_5_c9_5) D 184969 184968     29
 185651 37044     2962.3569   275     2968.0000     2962.3569  7307633    0.19%  x(c35_5_c34_5) N 185651  89060     15
 186369 37019        cutoff           2968.0000     2962.3962  7327465    0.19%  x(c10_2_c26_2) D 186369  54184     33
 187115 36996     2962.4843   226     2968.0000     2962.4327  7347860    0.19%  x(c11_1_c26_1) D 187115 187114     41
 187855 36923     2964.3674   235     2968.0000     2962.4776  7366983    0.19%  x(c11_1_c22_1) N 187855 120262     22
 188577 36848     2964.0467   266     2968.0000     2962.5088  7387591    0.19%  x(c27_2_c21_2) D 188577  14896     33
 189280 36685     2965.7409   230     2968.0000     2962.5489  7407870    0.18%  x(c31_5_c34_5) N 189280 174801     46
 190039 36589        cutoff           2968.0000     2962.5916  7427306    0.18%  x(c24_5_c22_5) U 190039 190035     24
Elapsed time = 673.38 sec. (1237992.79 ticks, tree = 100.07 MB, solutions = 1)
 190790 36406        cutoff           2968.0000     2962.6399  7446695    0.18%  x(c11_2_c26_2) U 190790  91048     43
 191525 36249     2966.6211   215     2968.0000     2962.6835  7465508    0.18%  x(c15_5_c13_5) N 191525  94992     29
 192264 36121        cutoff           2968.0000     2962.7321  7484763    0.18%  x(c24_5_c22_5) U 192264 185095     35
 193018 36020        cutoff           2968.0000     2962.7744  7505431    0.18%  x(c13_1_c23_1) U 193018 121092     23
 193780 35836        cutoff           2968.0000     2962.8254  7525285    0.17%   x(c8_5_c24_5) D 193780 107536     57
 194540 35676     2962.8712   238     2968.0000     2962.8713  7545043    0.17%   x(c24_5_c9_5) N 194540 193559     30
 195310 35531        cutoff           2968.0000     2962.9331  7563780    0.17%  x(c40_3_c38_3) U 195310 188611     77
 196000 35330     2963.0164   162     2968.0000     2962.9962  7581021    0.17%  x(c27_1_c28_1) N 196000 195999     44
 196617 35174        cutoff           2968.0000     2963.0176  7600678    0.17%    x(c3_2_c6_2) N 196617 114137     52
 197245 35132     2965.0237   252     2968.0000     2963.0455  7622267    0.17%   x(c26_2_c8_2) N 197245  19733     30
Elapsed time = 691.98 sec. (1277131.16 ticks, tree = 95.30 MB, solutions = 1)
 197932 35014     2964.8665   214     2968.0000     2963.0844  7643995    0.17%   x(c7_5_c24_5) N 197932  42372     37
 198615 34969     2963.1285   288     2968.0000     2963.1180  7665813    0.16%  x(c22_1_c28_1) N 198615 190481     57
 199346 34866     2963.1526   159     2968.0000     2963.1519  7685935    0.16%   x(c8_2_c10_2) D 199346 197402     86
 200046 34808     2963.2166   219     2968.0000     2963.1827  7706191    0.16%  x(c16_5_c20_5) N 200046 200045     43
 200762 34711        cutoff           2968.0000     2963.2219  7725298    0.16%  x(c11_2_c26_2) U 200762 189477     40
 201000 34724     2963.7098   220     2968.0000     2963.2314  7733131    0.16%  x(c13_1_c23_1) N 201000  61212     36
 201715 34635     2963.2789   214     2968.0000     2963.2618  7753721    0.16%  x(c34_5_c31_5) D 201715 200137     43
 202416 34556     2965.4336   226     2968.0000     2963.2966  7774093    0.16%  x(c27_1_c11_1) U 202416 202415     35
 203162 34524     2963.5000   221     2968.0000     2963.3333  7794446    0.16%  x(c22_1_c28_1) D 203162 203160     36
 203884 34380        cutoff           2968.0000     2963.3692  7812138    0.16%    x(c6_2_c3_2) U 203884 201097     30
Elapsed time = 711.47 sec. (1317589.20 ticks, tree = 92.91 MB, solutions = 1)
 204651 34262     2963.6283   276     2968.0000     2963.4101  7829801    0.15%  x(c22_2_c27_2) U 204651 182037     17
 205341 34070     2963.8173   224     2968.0000     2963.4481  7846869    0.15%  x(c24_5_c22_5) N 205341 205340     50
 206120 33918     2964.2642   254     2968.0000     2963.4906  7865592    0.15%    x(c5_5_c7_5) D 206120  52122     25
 206879 33729     2963.6041   203     2968.0000     2963.5233  7884871    0.15%  x(c20_5_c29_5) N 206879 196756     41
 207648 33513        cutoff           2968.0000     2963.5671  7903796    0.15%  x(c23_1_c27_1) U 207648 142715     32
 208453 33295        cutoff           2968.0000     2963.6113  7923476    0.15%  x(c20_5_c17_5) D 208453 197908     22
 209294 33094     2964.6882   181     2968.0000     2963.6605  7941503    0.15%  x(c23_2_c21_2) U 209294 157209     43
 210097 32890     2963.9380   205     2968.0000     2963.7050  7960928    0.14%   x(c8_5_c24_5) N 210097 210096     34
 210899 32642        cutoff           2968.0000     2963.7515  7979308    0.14%  x(c20_5_c29_5) U 210899 209681     43
 211666 32410     2966.3135   206     2968.0000     2963.7976  7997478    0.14%  x(c11_1_c27_1) D 211666 207346     26
Elapsed time = 729.76 sec. (1355781.28 ticks, tree = 86.87 MB, solutions = 1)
 212520 32090     2963.9211   229     2968.0000     2963.8498  8014931    0.14%  x(c23_5_c16_5) D 212520 211260     40
 213369 31844        cutoff           2968.0000     2963.9081  8033308    0.14%  x(c20_5_c17_5) U 213369 178417     37
 214206 31531        cutoff           2968.0000     2963.9794  8050055    0.14%  x(c26_2_c10_2) U 214206 187655     38
 214875 31313        cutoff           2968.0000     2964.0090  8069604    0.13%    x(c3_1_c8_1) U 214875 198217     64
 215598 31042        cutoff           2968.0000     2964.0472  8088895    0.13%  x(c22_1_c21_1) U 215598 210395     28
 216333 30857    infeasible           2968.0000     2964.0833  8109108    0.13%  x(c15_5_c13_5) D 216333 211925     42
 217099 30679     2964.7192   231     2968.0000     2964.1178  8129560    0.13%  x(c22_2_c27_2) N 217099 181459     25
 217859 30514    infeasible           2968.0000     2964.1506  8149315    0.13%    x(c5_5_c7_5) N 217859 216410     20
 218615 30417        cutoff           2968.0000     2964.1835  8169350    0.13%  x(c11_1_c22_1) U 218615 130451     29
 219393 30240     2964.6130   252     2968.0000     2964.2179  8188108    0.13%  x(c31_5_c34_5) D 219393 165687     22
Elapsed time = 747.76 sec. (1393966.29 ticks, tree = 81.13 MB, solutions = 1)
 220242 30128        cutoff           2968.0000     2964.2506  8206657    0.13%  x(c26_1_c24_1) D 220242 199982     16
 221049 29942     2964.2876   268     2968.0000     2964.2876  8224818    0.13%  x(c24_1_c26_1) N 221049 148946     59
 221829 29755        cutoff           2968.0000     2964.3224  8242081    0.12%  x(c30_1_c26_1) U 221829 182965     38
 222641 29648     2965.4160   224     2968.0000     2964.3537  8261023    0.12%  x(c23_2_c27_2) N 222641 222639     29
 223423 29399    infeasible           2968.0000     2964.3928  8278542    0.12%  x(c13_5_c23_5) D 223423  63675     16
 224230 29120        cutoff           2968.0000     2964.4308  8294838    0.12%  x(c22_5_c27_5) U 224230 110908     31
 225009 28767        cutoff           2968.0000     2964.4704  8310366    0.12%  x(c21_2_c23_2) U 225009 198712     52
 225756 28439        cutoff           2968.0000     2964.5011  8326935    0.12%  x(c35_5_c34_5) U 225756 109677     29
 226536 28203     2964.6414   243     2968.0000     2964.5397  8343903    0.12%    x(c3_2_c6_2) D 226536 226535     43
 227440 27861     2964.5965   274     2968.0000     2964.5858  8360386    0.12%   x(c5_5_c37_5) D 227440 159421     39
Elapsed time = 765.70 sec. (1432140.55 ticks, tree = 74.59 MB, solutions = 1)
 228264 27549     2964.8431   169     2968.0000     2964.6282  8376878    0.11%   x(c34_2_c6_2) N 228264 228263     91
 229112 27169     2964.9135   214     2968.0000     2964.6774  8392272    0.11%  x(c13_5_c15_5) N 229112 199616     30
 229975 26780     2964.7918   260     2968.0000     2964.7244  8408207    0.11%  x(c29_2_c21_2) D 229975 221698     37
 230853 26449     2964.7709   160     2968.0000     2964.7711  8425076    0.11%  x(c35_5_c34_5) N 230853 191297     65
 231728 26120     2965.0751   205     2968.0000     2964.8232  8441662    0.11%    x(c4_1_c5_1) N 231728 231727     18
 232525 25765    infeasible           2968.0000     2964.8676  8456539    0.11%   x(c5_5_c37_5) N 232525 231632     38
 233353 25381     2965.2558   249     2968.0000     2964.9181  8470691    0.10%  x(c26_2_c10_2) N 233353 188648     27
 234189 24920     2965.0955   277     2968.0000     2964.9877  8484545    0.10%  x(c20_5_c29_5) N 234189 193017     46
 234898 24582        cutoff           2968.0000     2965.0105  8502915    0.10%  x(c22_2_c27_2) U 234898 214802     19
 235646 24206        cutoff           2968.0000     2965.0484  8520594    0.10%  x(c21_5_c22_5) D 235646   5804     13
Elapsed time = 782.81 sec. (1470340.01 ticks, tree = 65.47 MB, solutions = 1)
 236407 23837        cutoff           2968.0000     2965.0858  8536723    0.10%  x(c26_2_c22_2) D 236407  53741     32
 237155 23526        cutoff           2968.0000     2965.1189  8553722    0.10%  x(c11_2_c13_2) U 237155 122840     50
 237902 23253        cutoff           2968.0000     2965.1499  8570693    0.10%  x(c24_1_c26_1) U 237902 226195     55
 238685 22954        cutoff           2968.0000     2965.1830  8586348    0.09%  x(c21_2_c27_2) U 238685 238683     41
 239512 22643    infeasible           2968.0000     2965.2191  8602562    0.09%  x(c13_5_c15_5) N 239512 237333     30
 240340 22319        cutoff           2968.0000     2965.2531  8618326    0.09%  x(c24_1_c26_1) U 240340 240337     35
 241111 22006     2965.7054   192     2968.0000     2965.2855  8634813    0.09%  x(c35_5_c34_5) N 241111 100939     24
 241888 21664        cutoff           2968.0000     2965.3229  8650488    0.09%  x(c13_5_c15_5) N 241888 237430     38
 242687 21276     2965.5530    73     2968.0000     2965.3617  8664822    0.09%   x(c26_4_c6_4) N 242687 242686     86
 243481 20904        cutoff           2968.0000     2965.4032  8679859    0.09%  x(c16_1_c23_1) U 243481  73651     46
Elapsed time = 800.10 sec. (1508531.26 ticks, tree = 56.97 MB, solutions = 1)
 244288 20488     2965.6103   240     2968.0000     2965.4438  8694092    0.09%   x(c9_1_c11_1) N 244288 106266     47
 245110 20008     2965.5704   212     2968.0000     2965.4932  8708009    0.08%  x(c11_2_c22_2) D 245110 245109     34
 245870 19470     2965.7020   197     2968.0000     2965.5086  8723496    0.08%  x(c15_5_c13_5) N 245870 189164     38
 246703 19025        cutoff           2968.0000     2965.5493  8737303    0.08%  x(c13_5_c23_5) U 246703 226996     20
 247543 18571        cutoff           2968.0000     2965.5943  8750292    0.08%  x(c23_2_c21_2) U 247543 247542     26
 248409 17992        cutoff           2968.0000     2965.6458  8763123    0.08%  x(c16_1_c22_1) D 248409 248407     35
 249251 17477        cutoff           2968.0000     2965.6924  8775745    0.08%  x(c30_5_c27_5) U 249251 175774     33
 250128 16931        cutoff           2968.0000     2965.7466  8787616    0.08%  x(c26_1_c30_1) U 250128 250126     25
 250974 16408        cutoff           2968.0000     2965.7985  8800344    0.07%  x(c22_1_c21_1) U 250974 191915     30
 251827 15865     2966.1504   221     2968.0000     2965.8527  8812924    0.07%  x(c13_5_c15_5) N 251827 232070     32
Elapsed time = 816.61 sec. (1546706.78 ticks, tree = 43.51 MB, solutions = 1)
 252722 15251     2965.9929   241     2968.0000     2965.9148  8823996    0.07%    x(c5_5_c7_5) N 252722 212456     55
 253609 14640        cutoff           2968.0000     2965.9888  8835267    0.07%  x(c21_2_c29_2) D 253609 226208     28
 254413 14083     2966.1429   172     2968.0000     2966.0159  8850575    0.07%  x(c22_1_c13_1) N 254413 131887     26
 255252 13508     2966.0725   185     2968.0000     2966.0553  8864707    0.07%  x(c27_1_c30_1) N 255252 251498     43
 256089 12969        cutoff           2968.0000     2966.0932  8878188    0.06%  x(c35_5_c31_5) U 256089 202596     35
 256912 12522        cutoff           2968.0000     2966.1282  8891770    0.06%  x(c16_1_c23_1) U 256912 211592     17
 257729 12080     2966.3413   253     2968.0000     2966.1635  8905267    0.06%  x(c15_5_c13_5) N 257729 257728     29
 258542 11629        cutoff           2968.0000     2966.1966  8918871    0.06%  x(c22_3_c21_3) U 258542 125954     63
 259360 11144        cutoff           2968.0000     2966.2289  8932384    0.06%   x(c11_1_c9_1) D 259360 257398     45
 260200 10625        cutoff           2968.0000     2966.2630  8945495    0.06%  x(c11_1_c26_1) U 260200 116078     62
Elapsed time = 832.92 sec. (1584875.45 ticks, tree = 30.50 MB, solutions = 1)
 261013 10201     2966.5079   230     2968.0000     2966.2987  8959002    0.06%  x(c22_1_c23_1) N 261013 252422     26
 261852  9685     2966.3352   228     2968.0000     2966.3352  8971723    0.06%  x(c23_2_c21_2) N 261852 196949     14
 262709  9100     2966.5007   256     2968.0000     2966.3782  8984496    0.05%  x(c30_1_c26_1) N 262709 151184     31
 263576  8512        cutoff           2968.0000     2966.4199  8996335    0.05%    x(c5_5_c7_5) D 263576  84029     29
 264450  7926     2966.6501   227     2968.0000     2966.4680  9007340    0.05%  x(c21_2_c29_2) N 264450 259445     57
 265323  7256        cutoff           2968.0000     2966.5000  9019478    0.05%  x(c17_5_c14_5) U 265323    246     36
 266182  6539        cutoff           2968.0000     2966.5283  9031632    0.05%  x(c20_5_c16_5) D 266182 247140     25
 267112  5808    infeasible           2968.0000     2966.5775  9041306    0.05%    x(c3_1_c8_1) D 267112 263664     48
 268054  5036     2966.8967   246     2968.0000     2966.6254  9050738    0.05%  x(c26_1_c22_1) N 268054 268053     44
 269028  4209    infeasible           2968.0000     2966.6863  9058805    0.04%  x(c16_5_c20_5) U 269028 269027     11
Elapsed time = 848.97 sec. (1623092.35 ticks, tree = 12.80 MB, solutions = 1)
 270020  3347     2966.8373   182     2968.0000     2966.7463  9066481    0.04%   x(c9_1_c11_1) N 270020 270019     27
 271032  2440        cutoff           2968.0000     2966.8093  9073535    0.04%   x(c35_5_c5_5) U 271032 257280     42
 272050  1517        cutoff           2968.0000     2966.8900  9079905    0.04%    x(c5_5_c7_5) U 272050 145850     25
 273130   474        cutoff           2968.0000     2966.9840  9084587    0.03%  x(c26_2_c10_2) D 273130 194776     25

Clique cuts applied:  38
Cover cuts applied:  174
Flow cuts applied:  2
Mixed integer rounding cuts applied:  17
Zero-half cuts applied:  19
Gomory fractional cuts applied:  5
User cuts applied:  785

Root node processing (before b&c):
  Real time             =    1.07 sec. (2644.97 ticks)
Sequential b&c:
  Real time             =  854.15 sec. (1642325.21 ticks)
                          ------------
Total (root+branch&cut) =  855.22 sec. (1644970.18 ticks)

