Version identifier: 22.1.0.0 | 2022-03-09 | 1a383f8ce
CPXPARAM_Preprocessing_Reduce                    0
CPXPARAM_Threads                                 1
CPXPARAM_Preprocessing_Reformulations            0
CPXPARAM_Emphasis_MIP                            2
CPXPARAM_TimeLimit                               7200
CPXPARAM_MIP_Tolerances_AbsMIPGap                0.98999999999999999
CPXPARAM_MIP_Limits_TreeMemory                   20000
Legacy callback                                  BbLUID
         Disabling repeat represolve because of lazy constraint/incumbent callback.
1 of 1 MIP starts provided solutions.
MIP start 'm1' defined initial solution with objective 1785.0000.
Tried aggregator 0 times.
Reduced MIP has 2382 rows, 2192 columns, and 12810 nonzeros.
Reduced MIP has 2112 binaries, 0 generals, 0 SOSs, and 0 indicators.
Presolve time = 0.00 sec. (0.69 ticks)
Probing time = 0.00 sec. (2.73 ticks)
Clique table members: 1062.
MIP emphasis: optimality.
MIP search method: traditional branch-and-cut.
Parallel mode: none, using 1 thread.
Root relaxation solution time = 0.00 sec. (4.30 ticks)

        Nodes                                         Cuts/
   Node  Left     Objective  IInf  Best Integer    Best Bound    ItCnt     Gap         Variable B NodeID Parent  Depth

*     0+    0                         1785.0000        0.0000           100.00%
      0     0     1325.7935   159     1785.0000     1325.7935      241   25.73%
      0     0     1547.5074   150     1785.0000      Cuts: 46      375   13.30%
      0     0     1603.0272   160     1785.0000      Cuts: 19      418   10.19%
      0     0     1652.5000   158     1785.0000       Cuts: 8      481    7.42%
      0     0     1713.0331   167     1785.0000      Cuts: 19      562    4.03%
      0     0     1741.0000   163     1785.0000      Cuts: 10      614    2.46%
      0     0     1747.5000   165     1785.0000       Cuts: 7      650    2.10%
      0     0     1753.5000   160     1785.0000       Cuts: 6      673    1.76%
      0     0     1753.5000   173     1785.0000   ZeroHalf: 4      683    1.76%
      0     0     1756.3333   167     1785.0000   ZeroHalf: 2      746    1.61%
      0     0     1758.0000   160     1785.0000      Cuts: 13      778    1.51%
      0     0     1758.0000   160     1785.0000     Covers: 1      786    1.51%
      0     2     1758.0000   160     1785.0000     1758.0000      786    1.51%                        0             0
Elapsed time = 0.33 sec. (767.05 ticks, tree = 0.01 MB, solutions = 1)
      1     3     1758.0000   102     1785.0000     1758.0000      831    1.51%  x(c19_2_c18_2) U      1      0      1
      3     5     1758.0372   168     1785.0000     1758.0000     1021    1.51%  x(c19_1_c21_1) U      3      1      2
     24    21     1758.1227   109     1785.0000     1758.0000     1132    1.51%  x(c10_2_c26_2) D     24     23     23
     42    33     1758.2708   121     1785.0000     1758.0000     1496    1.51%  x(c12_2_c22_2) D     42     41     40
     62    47     1758.5745   100     1785.0000     1758.0000     1652    1.51%    x(c3_2_c6_2) D     62     61     59
     86    58     1759.7423    85     1785.0000     1758.0000     1808    1.51%   x(c3_1_c35_1) N     86     85     83
    111    67     1758.0406   150     1785.0000     1758.0000     2025    1.51%   x(c35_1_c5_1) U    111    110      2
    137    87     1758.1733   168     1785.0000     1758.0342     2478    1.51%  x(c26_2_c12_2) D    137    136     27
    159    99     1762.6946   141     1785.0000     1758.0342     2734    1.51%  x(c33_2_c35_2) N    159    158     48
    268   178     1767.0000   115     1785.0000     1759.3632     8819    1.44%    x(c3_2_c8_2) U    268    181     11
Elapsed time = 1.93 sec. (4202.78 ticks, tree = 0.32 MB, solutions = 1)
    406   303     1760.1526   150     1785.0000     1760.1507    14743    1.39%  x(c40_3_c42_3) D    406    338     29
    535   411     1776.6091   101     1785.0000     1760.6465    20354    1.36%  x(c22_3_c28_3) N    535    354     45
    640   469     1762.1198    89     1785.0000     1762.0000    29291    1.29%  x(c28_1_c27_1) D    640    639     13
    924   712     1762.6509   151     1785.0000     1762.5016    35345    1.26%   x(c10_2_c6_2) D    924    923     60
   1000   756     1762.9269    94     1785.0000     1762.7735    37480    1.25%  x(c35_2_c33_2) D   1000    999     75
   1243   898     1775.1224   134     1785.0000     1764.0000    46726    1.18%    x(c5_2_c8_2) N   1243    213     43
   1555  1161        cutoff           1785.0000     1764.3333    53799    1.16%  x(c27_2_c29_2) U   1555   1553     33
   1891  1390     1765.2904   104     1785.0000     1764.9783    61962    1.12%    x(c5_2_c9_2) N   1891   1890     62
   2205  1533        cutoff           1785.0000     1765.8647    71036    1.07%    x(c5_1_c7_1) U   2205   1755     64
   2537  1715     1768.0810   139     1785.0000     1766.2546    79915    1.05%    x(c7_1_c5_1) U   2537   2536      9
Elapsed time = 7.00 sec. (14334.21 ticks, tree = 2.33 MB, solutions = 1)
   2907  1969     1779.6036    61     1785.0000     1766.7828    88967    1.02%    x(c9_2_c3_2) U   2907   2830     36
   3249  2191        cutoff           1785.0000     1767.0000    98030    1.01%   x(c10_2_c8_2) U   3249    793     35
   3600  2453     1767.2319   131     1785.0000     1767.1939   107802    1.00%  x(c11_2_c13_2) D   3600   3599     31
   4025  2743     1782.1324    70     1785.0000     1767.4010   117198    0.99%  x(c36_2_c33_2) U   4025   3591     42
   4415  3002     1767.6571   130     1785.0000     1767.6243   126754    0.97%  x(c19_2_c16_2) D   4415   4414     16
   4796  3238     1776.2204    97     1785.0000     1767.8367   135725    0.96%   x(c10_2_c8_2) U   4796   3552     32
   5197  3457     1768.7442   160     1785.0000     1768.0068   144676    0.95%   x(c40_3_c5_3) D   5197   5196     24
   5585  3716     1768.3380    85     1785.0000     1768.1742   153714    0.94%  x(c19_2_c23_2) D   5585   5584     30
   5948  3967     1768.4837    87     1785.0000     1768.3491   162809    0.93%  x(c10_2_c13_2) D   5948   5947     36
   6284  4138     1780.2310   124     1785.0000     1768.5703   172509    0.92%  x(c26_1_c30_1) U   6284   5822     18
Elapsed time = 12.34 sec. (23907.78 ticks, tree = 5.58 MB, solutions = 1)
   6603  4297     1770.2476   142     1785.0000     1768.8130   182558    0.91%  x(c26_3_c28_3) D   6603   6602     43
   6924  4522        cutoff           1785.0000     1769.0000   192252    0.90%   x(c35_2_c5_2) U   6924   4332     53
   7218  4617     1769.2120    85     1785.0000     1769.0497   201393    0.89%    x(c3_2_c6_2) D   7218   7217     34
   7570  4836     1769.2741    75     1785.0000     1769.1796   210565    0.89%  x(c29_2_c27_2) D   7570   7569     26
   7860  4973        cutoff           1785.0000     1769.3333   220018    0.88%  x(c27_1_c30_1) U   7860   5188     16
   8010  5052     1774.9445    76     1785.0000     1769.3852   225331    0.87%  x(c26_1_c24_1) N   8010   6784     60
   8291  5207     1779.2554   134     1785.0000     1769.5310   235204    0.87%  x(c11_1_c27_1) U   8291   6863     16
   8637  5395     1769.9383    98     1785.0000     1769.7344   244648    0.86%   x(c6_2_c39_2) D   8637   8636     52
   8921  5508        cutoff           1785.0000     1769.9362   254056    0.84%  x(c40_3_c37_3) U   8921   8919     51
   9159  5602     1776.4368   115     1785.0000     1770.0000   263878    0.84%  x(c13_2_c11_2) N   9159   1585     11
Elapsed time = 17.49 sec. (33474.07 ticks, tree = 7.51 MB, solutions = 1)
   9384  5636     1770.0399    68     1785.0000     1770.0373   273850    0.84%    x(c3_2_c8_2) D   9384   8687     32
   9756  5880     1778.2261   100     1785.0000     1770.1942   283745    0.83%   x(c8_2_c10_2) U   9756   7594     15
  10000  6042     1770.4017   129     1785.0000     1770.2724   289850    0.83%  x(c36_2_c34_2) D  10000   9999     38
  10327  6239     1777.3873   149     1785.0000     1770.4353   299335    0.82%  x(c13_1_c19_1) U  10327   6653     39
  10656  6403     1770.5932    96     1785.0000     1770.5941   308699    0.81%   x(c9_2_c11_2) D  10656  10306     51
  10975  6550        cutoff           1785.0000     1770.7608   318155    0.80%   x(c10_2_c8_2) U  10975  10533     47
  11285  6712        cutoff           1785.0000     1770.9279   327051    0.79%  x(c35_1_c39_1) U  11285   3895     22
  11600  6688     1774.3608   152     1785.0000     1771.0000   336069    0.78%  x(c19_2_c16_2) D  11600  11599     13
  11983  6920     1771.4866   119     1785.0000     1771.0719   345517    0.78%  x(c15_2_c18_2) U  11983  11982     31
  12333  7103     1779.8842   133     1785.0000     1771.1875   355105    0.77%  x(c23_1_c16_1) U  12333    526     34
Elapsed time = 23.26 sec. (44444.09 ticks, tree = 9.43 MB, solutions = 1)
  12697  7314        cutoff           1785.0000     1771.2989   364882    0.77%  x(c23_2_c11_2) U  12697   9943     32
  13064  7510        cutoff           1785.0000     1771.3840   374607    0.76%    x(c5_3_c3_3) U  13064  12189     68
  13445  7708        cutoff           1785.0000     1771.5000   384335    0.76%  x(c26_1_c31_1) U  13445   1876     14
  13761  7841        cutoff           1785.0000     1771.5783   394098    0.75%   x(c6_2_c34_2) U  13761  11000     39
  14082  7974     1772.3177    80     1785.0000     1771.6667   403459    0.75%  x(c27_2_c22_2) D  14082   9534     17
  14449  8138     1774.6645    71     1785.0000     1771.7997   411967    0.74%    x(c5_1_c4_1) U  14449   4373     53
  14812  8327     1773.3256    74     1785.0000     1771.9000   421131    0.73%  x(c28_3_c22_3) D  14812  14257     56
  15121  8456     1779.0569    71     1785.0000     1772.0000   430866    0.73%  x(c38_3_c40_3) U  15121  10111     39
  15439  8275        cutoff           1785.0000     1772.0000   439825    0.73%   x(c11_2_c9_2) U  15439   3420     35
  15726  8337     1773.0767    71     1785.0000     1772.0608   449008    0.72%  x(c22_1_c27_1) N  15726  11939     26
Elapsed time = 28.46 sec. (54005.15 ticks, tree = 11.41 MB, solutions = 1)
  16092  8480        cutoff           1785.0000     1772.1677   458053    0.72%   x(c9_2_c11_2) U  16092   6092     36
  16480  8673     1778.1912    67     1785.0000     1772.2695   467082    0.71%    x(c8_2_c3_2) N  16480  16325     24
  16818  8810     1772.5464    96     1785.0000     1772.3668   475943    0.71%  x(c40_3_c37_3) D  16818  16817     41
  17161  8969     1772.4654   104     1785.0000     1772.4656   485504    0.70%   x(c6_2_c26_2) N  17161  16111     56
  17523  9143     1778.8422   100     1785.0000     1772.5559   494877    0.70%  x(c11_1_c25_1) U  17523  14083     36
  17864  9234     1773.0995    74     1785.0000     1772.6715   504040    0.69%  x(c40_3_c37_3) N  17864  16610     71
  18214  9377     1779.8610   101     1785.0000     1772.7889   513177    0.68%  x(c26_3_c28_3) U  18214  18212     53
  18516  9476     1772.8821    91     1785.0000     1772.8822   522571    0.68%  x(c22_1_c24_1) D  18516  18002     46
  18826  9592        cutoff           1785.0000     1773.0000   531413    0.67%  x(c23_2_c11_2) U  18826  18823     25
  19172  9671     1773.1390    58     1785.0000     1773.0417   540166    0.67%  x(c19_2_c15_2) N  19172  19171     12
Elapsed time = 33.62 sec. (63560.27 ticks, tree = 13.16 MB, solutions = 1)
  19500  9870     1775.5027    94     1785.0000     1773.1254   549726    0.67%  x(c26_3_c28_3) D  19500  19499     56
  19879 10084     1781.1667    57     1785.0000     1773.2082   558848    0.66%  x(c38_3_c40_3) U  19879  17044     43
  20240 10246     1773.3949   151     1785.0000     1773.2962   567539    0.66%  x(c22_2_c26_2) D  20240  20239     23
  20581 10373     1775.1449   111     1785.0000     1773.3815   576487    0.65%  x(c29_2_c27_2) U  20581  20579     19
  20959 10538     1773.6036   127     1785.0000     1773.4763   584927    0.65%  x(c23_2_c10_2) D  20959  18498     38
  21319 10724     1780.6895   123     1785.0000     1773.5436   593613    0.64%  x(c38_3_c40_3) N  21319  19187     44
  21685 10854        cutoff           1785.0000     1773.6177   602170    0.64%  x(c18_2_c15_2) U  21685  17916     32
  22021 11002     1773.6914   106     1785.0000     1773.6906   611125    0.63%  x(c23_1_c21_1) D  22021  19173     14
  22381 11139     1783.5762    66     1785.0000     1773.7766   619707    0.63%  x(c36_2_c34_2) U  22381  19261     28
  22763 11318        cutoff           1785.0000     1773.8420   628382    0.63%  x(c11_2_c23_2) U  22763  20007     24
Elapsed time = 38.80 sec. (73128.10 ticks, tree = 15.33 MB, solutions = 1)
  23129 11471     1777.5530    55     1785.0000     1773.9231   637151    0.62%  x(c28_3_c26_3) U  23129  18841     20
  23415 11517        cutoff           1785.0000     1774.0000   646188    0.62%  x(c35_3_c38_3) U  23415   1895     73
  23746 11609     1774.6523    75     1785.0000     1774.0646   654953    0.61%  x(c28_3_c22_3) D  23746  23744     47
  24093 11776        cutoff           1785.0000     1774.1229   663925    0.61%  x(c24_1_c26_1) U  24093  20061     68
  24439 11926        cutoff           1785.0000     1774.1830   673118    0.61%    x(c8_2_c3_2) U  24439  16025     33
  24792 12095        cutoff           1785.0000     1774.2487   681817    0.60%  x(c13_2_c11_2) U  24792  24529     24
  25132 12201        cutoff           1785.0000     1774.3251   690602    0.60%  x(c21_2_c27_2) U  25132  20637     23
  25493 12333     1774.6765   120     1785.0000     1774.3928   699273    0.59%  x(c22_2_c19_2) D  25493  25492     17
  25817 12413     1774.6065    99     1785.0000     1774.4776   708350    0.59%   x(c40_3_c5_3) D  25817  25816     36
  26141 12489     1782.5523    91     1785.0000     1774.5533   717110    0.59%  x(c24_1_c26_1) N  26141   6527     70
Elapsed time = 43.87 sec. (82677.25 ticks, tree = 16.86 MB, solutions = 1)
  26486 12617     1775.0186    80     1785.0000     1774.6250   725698    0.58%  x(c27_2_c22_2) N  26486  19702     18
  26800 12684     1781.4510    76     1785.0000     1774.7100   734477    0.58%  x(c28_3_c26_3) U  26800  19461     24
  27129 12817        cutoff           1785.0000     1774.7909   743407    0.57%  x(c26_2_c10_2) U  27129  11858     18
  27472 12933     1781.5889    94     1785.0000     1774.8750   752279    0.57%  x(c24_1_c26_1) D  27472  18659     27
  27821 13043     1781.0016   136     1785.0000     1774.9585   760895    0.56%  x(c22_3_c28_3) N  27821  20923     39
  28059 13069        cutoff           1785.0000     1775.0000   767314    0.56%   x(c38_2_c6_2) U  28059  17603     60
  28402 12850     1782.5091   108     1785.0000     1775.0165   774577    0.56%  x(c38_3_c40_3) U  28402  27684     29
  28690 12923     1775.1418    94     1785.0000     1775.0830   783912    0.56%  x(c13_2_c11_2) D  28690  28689     27
  29000 13075     1777.2039   132     1785.0000     1775.1237   792143    0.55%   x(c40_3_c5_3) U  29000  28999     19
  30432 13582        cutoff           1785.0000     1775.3451   826402    0.54%  x(c33_2_c36_2) U  30432  22091     32
Elapsed time = 50.92 sec. (96687.34 ticks, tree = 18.34 MB, solutions = 1)
  31747 13938     1781.2413   144     1785.0000     1775.6428   860895    0.52%  x(c19_1_c13_1) U  31747  30415     28
  33172 14268        cutoff           1785.0000     1775.9636   893966    0.51%  x(c11_2_c13_2) U  33172  28960     24
  34502 14760     1777.5857   105     1785.0000     1776.1404   930007    0.50%  x(c28_3_c22_3) D  34502  31090     26
  35954 15236     1777.1442   119     1785.0000     1776.3511   964048    0.48%   x(c40_3_c5_3) D  35954  35953     24
  37369 15583     1777.8573    73     1785.0000     1776.5833   996475    0.47%  x(c26_1_c27_1) U  37369  37368     25
  38715 15861        cutoff           1785.0000     1776.8357  1029677    0.46%  x(c40_1_c35_1) U  38715  36973     72
  40100 16100     1778.2111    98     1785.0000     1777.0377  1061858    0.45%  x(c28_3_c26_3) D  40100  40098     52
  41454 16383        cutoff           1785.0000     1777.2179  1094985    0.44%   x(c6_2_c34_2) U  41454  41452     47
  42578 16631     1777.7833    41     1785.0000     1777.3786  1119800    0.43%  x(c36_2_c38_2) D  42578  42577     43
  43967 16767        cutoff           1785.0000     1777.5841  1150330    0.42%  x(c39_1_c35_1) U  43967  38279     53
Elapsed time = 70.39 sec. (134847.23 ticks, tree = 23.24 MB, solutions = 1)
  45389 16842     1777.8712   111     1785.0000     1777.8264  1180326    0.40%   x(c35_2_c6_2) D  45389  45388     48
  46707 16691        cutoff           1785.0000     1778.0000  1211510    0.39%  x(c22_2_c29_2) U  46707  33934     34
  47977 16539        cutoff           1785.0000     1778.1098  1241121    0.39%  x(c23_2_c19_2) D  47977  42827     31
  49322 16767        cutoff           1785.0000     1778.2787  1273259    0.38%    x(c6_2_c3_2) U  49322  49320     29
  50168 16861        cutoff           1785.0000     1778.3929  1290947    0.37%  x(c23_2_c19_2) U  50168  47953     15
  51562 16913        cutoff           1785.0000     1778.5781  1319149    0.36%    x(c8_2_c3_2) U  51562  39785     18
  53035 16964     1779.4444    72     1785.0000     1778.7778  1346172    0.35%  x(c22_1_c26_1) D  53035  53033     38
  54550 17022     1783.9774   115     1785.0000     1778.9855  1373213    0.34%  x(c34_2_c36_2) U  54550  54549     40
  55874 17028        cutoff           1785.0000     1779.1322  1402784    0.33%  x(c38_2_c35_2) U  55874  52860     67
  57250 17032     1779.8192    83     1785.0000     1779.2835  1430805    0.32%  x(c36_2_c34_2) D  57250  55707     53
Elapsed time = 88.73 sec. (173011.65 ticks, tree = 23.70 MB, solutions = 1)
  58707 17031     1779.8465    84     1785.0000     1779.4705  1457755    0.31%    x(c6_2_c3_2) U  58707  55329     20
  60175 16968        cutoff           1785.0000     1779.6535  1483998    0.30%  x(c11_1_c26_1) U  60175  59343     27
  61397 16872        cutoff           1785.0000     1779.8097  1506026    0.29%     x(c40_3_Om) D  61397  35059     43
  62827 16690        cutoff           1785.0000     1780.0000  1531656    0.28%    x(c3_2_c6_2) D  62827  36956     43
  64120 16675     1781.4127    91     1785.0000     1780.1187  1560242    0.27%    x(c5_3_c3_3) N  64120   6335     44
  65506 16697     1780.7327    90     1785.0000     1780.2413  1587393    0.27%   x(c11_1_c8_1) N  65506  53329     48
  66222 16619        cutoff           1785.0000     1780.3199  1599622    0.26%  x(c28_3_c22_3) U  66222  57529     29
  67712 16436        cutoff           1785.0000     1780.4898  1623052    0.25%  x(c28_3_c26_3) U  67712  58886     53
  69122 16238     1781.2116    72     1785.0000     1780.6430  1646640    0.24%  x(c11_1_c26_1) N  69122  69120     40
  70633 15893        cutoff           1785.0000     1780.8282  1668740    0.23%    x(c7_1_c5_1) U  70633  68151     15
Elapsed time = 106.19 sec. (211176.63 ticks, tree = 22.43 MB, solutions = 1)
  72099 15564        cutoff           1785.0000     1781.0000  1692279    0.22%  x(c13_2_c10_2) U  72099  40722     32
  73515 15125        cutoff           1785.0000     1781.1109  1714773    0.22%   x(c7_1_c26_1) U  73515  70395     44
  74962 14844        cutoff           1785.0000     1781.2425  1737992    0.21%  x(c26_1_c11_1) U  74962  53593     42
  76475 14572     1781.4335   115     1785.0000     1781.3759  1760244    0.20%  x(c36_2_c34_2) N  76475  73264     46
  78029 14136     1781.8736    76     1785.0000     1781.5307  1780861    0.19%    x(c3_2_c6_2) U  78029  78028     26
  79545 13697     1782.1782   118     1785.0000     1781.6856  1802167    0.19%  x(c23_1_c25_1) N  79545  79543     32
  81125 13195        cutoff           1785.0000     1781.8651  1822039    0.18%  x(c26_3_c28_3) U  81125  81124     25
  82646 12462        cutoff           1785.0000     1782.0000  1843346    0.17%  x(c29_2_c34_2) U  82646    397     36
  84139 11951     1782.7325    86     1785.0000     1782.1344  1862876    0.16%  x(c26_1_c24_1) N  84139  73805     19
  85615 11454     1782.5105    67     1785.0000     1782.2501  1882229    0.15%  x(c13_1_c11_1) N  85615  82893     31
Elapsed time = 122.90 sec. (249342.32 ticks, tree = 16.73 MB, solutions = 1)
  87153 10833     1782.7794    42     1785.0000     1782.3942  1901257    0.15%  x(c26_3_c31_3) N  87153  87151     39
  88695 10157     1783.0379   108     1785.0000     1782.5410  1918947    0.14%    x(c6_2_c3_2) N  88695  77497     32
  90252  9378        cutoff           1785.0000     1782.6965  1936056    0.13%    x(c7_1_c9_1) U  90252  72385     61
  91823  8530     1783.1844    74     1785.0000     1782.8640  1952445    0.12%    x(c3_2_c6_2) N  91823  90008     21
  93466  7477     1783.0751    66     1785.0000     1783.0216  1968229    0.11%    x(c5_1_c4_1) N  93466  89306     29
  95095  6401        cutoff           1785.0000     1783.1616  1983581    0.10%   x(c5_2_c34_2) U  95095  89840     61
  96707  5409     1783.7696    69     1785.0000     1783.2990  1998975    0.10%  x(c24_3_c22_3) N  96707  96706     39
  98344  4322     1783.4582    76     1785.0000     1783.4424  2012907    0.09%   x(c35_1_c8_1) N  98344  72831     40
 100045  3060     1783.6154   101     1785.0000     1783.6107  2025026    0.08%  x(c23_1_c21_1) N 100045  46008     20
 101792  1671        cutoff           1785.0000     1783.7903  2035403    0.07%  x(c23_2_c16_2) D 101792 101110     23
Elapsed time = 138.26 sec. (287500.66 ticks, tree = 3.60 MB, solutions = 1)

Clique cuts applied:  22
Cover cuts applied:  170
Flow cuts applied:  2
Mixed integer rounding cuts applied:  9
Zero-half cuts applied:  18
Lift and project cuts applied:  2
Gomory fractional cuts applied:  1
User cuts applied:  467

Root node processing (before b&c):
  Real time             =    0.33 sec. (767.26 ticks)
Sequential b&c:
  Real time             =  139.22 sec. (291485.47 ticks)
                          ------------
Total (root+branch&cut) =  139.54 sec. (292252.73 ticks)

