Version identifier: 22.1.0.0 | 2022-03-09 | 1a383f8ce
CPXPARAM_Preprocessing_Reduce                    0
CPXPARAM_Threads                                 1
CPXPARAM_Preprocessing_Reformulations            0
CPXPARAM_Emphasis_MIP                            2
CPXPARAM_TimeLimit                               7200
CPXPARAM_MIP_Tolerances_AbsMIPGap                0.98999999999999999
CPXPARAM_MIP_Limits_TreeMemory                   20000
Legacy callback                                  BbLUID
         Disabling repeat represolve because of lazy constraint/incumbent callback.
1 of 1 MIP starts provided solutions.
MIP start 'm1' defined initial solution with objective 1624.0000.
Tried aggregator 0 times.
Reduced MIP has 1532 rows, 1410 columns, and 8126 nonzeros.
Reduced MIP has 1346 binaries, 0 generals, 0 SOSs, and 0 indicators.
Presolve time = 0.00 sec. (0.44 ticks)
Probing time = 0.00 sec. (2.48 ticks)
Clique table members: 679.
MIP emphasis: optimality.
MIP search method: traditional branch-and-cut.
Parallel mode: none, using 1 thread.
Root relaxation solution time = 0.00 sec. (2.86 ticks)

        Nodes                                         Cuts/
   Node  Left     Objective  IInf  Best Integer    Best Bound    ItCnt     Gap         Variable B NodeID Parent  Depth

*     0+    0                         1624.0000        0.0000           100.00%
      0     0     1233.0243   133     1624.0000     1233.0243      210   24.07%
      0     0     1490.0704   123     1624.0000      Cuts: 37      356    8.25%
      0     0     1540.2267   127     1624.0000      Cuts: 13      444    5.16%
      0     0     1586.0000   130     1624.0000      Cuts: 10      482    2.34%
      0     0     1597.0000   126     1624.0000       Cuts: 3      518    1.66%
      0     0     1599.0000   131     1624.0000       Cuts: 5      543    1.54%
      0     0     1599.0000   131     1624.0000     Covers: 1      547    1.54%
      0     0     1599.0000   130     1624.0000       User: 1      558    1.54%
      0     2     1599.0000   128     1624.0000     1599.0000      558    1.54%                        0             0
Elapsed time = 0.16 sec. (364.70 ticks, tree = 0.01 MB, solutions = 1)
      5     7     1599.0443   126     1624.0000     1599.0000      789    1.54%     x(Op_c42_2) N      5      2      3
     26    26     1599.4074   104     1624.0000     1599.0000     1186    1.54%  x(c34_3_c33_3) D     26     25     23
     43    36     1599.6371    99     1624.0000     1599.0000     1265    1.54%   x(c6_3_c33_3) D     43     42     40
     73    53     1600.7874    85     1624.0000     1599.0000     1375    1.54%   x(c5_2_c34_2) D     73     72     70
     95    65     1606.2494    89     1624.0000     1599.0000     1752    1.54%   x(c5_3_c41_3) D     95     94     16
    128    84     1599.1496   122     1624.0000     1599.0000     2366    1.54%  x(c29_1_c21_1) D    128    127      5
    161   111     1599.2276   116     1624.0000     1599.1273     2847    1.53%  x(c39_3_c41_3) U    161    160     11
    197   145     1601.5372    56     1624.0000     1599.8499     4031    1.49%  x(c42_2_c40_2) U    197     14     12
    245   187     1600.3925    57     1624.0000     1600.2471     5236    1.46%   x(c8_1_c25_1) N    245    244     35
    496   370     1608.4535    26     1624.0000     1603.2477    13485    1.28%      x(c7_1_Om) N    496    471     27
Elapsed time = 1.57 sec. (3574.35 ticks, tree = 0.42 MB, solutions = 1)
    836   603     1616.3591    59     1624.0000     1605.0000    22602    1.17%   x(c4_2_c40_2) U    836     45     43
   1225   913     1612.2809    32     1624.0000     1605.7134    32308    1.13%   x(c8_1_c24_1) N   1225   1183     47
   1610  1175     1607.2564    59     1624.0000     1606.7500    43561    1.06%  x(c25_3_c12_3) D   1610   1609     42
   2000  1376     1617.8660    75     1624.0000     1608.0000    56168    0.99%  x(c20_1_c29_1) D   2000   1999     25
   2559  1809        cutoff           1624.0000     1608.4286    67340    0.96%  x(c22_1_c28_1) U   2559   2342     35
   3013  2038     1622.1980    20     1624.0000     1609.0101    78850    0.92%  x(c31_3_c33_3) U   3013   3011     19
   3540  2460     1610.6955    56     1624.0000     1609.3207    90552    0.90%  x(c17_3_c16_3) U   3540   1934     10
*  4000+ 2371                         1620.0000     1609.6097             0.64%
*  4000+ 2239                         1619.0000     1609.6097             0.58%
   4000  2241     1609.7500    40     1619.0000     1609.6097   100818    0.58%  x(c21_1_c22_1) D   4000   3999     44
   4566  2409     1610.1406    43     1619.0000     1610.1049   111988    0.55%  x(c29_3_c21_3) U   4566   4565     17
   5072  2599     1610.5399    32     1619.0000     1610.5182   122688    0.52%  x(c13_1_c22_1) N   5072   4940     60
Elapsed time = 6.73 sec. (13142.19 ticks, tree = 2.57 MB, solutions = 3)
   5603  2711     1613.8731    18     1619.0000     1611.0000   133996    0.49%   x(c24_1_c8_1) D   5603   5602     24
   6094  2817     1617.1858    48     1619.0000     1611.1777   144912    0.48%   x(c26_1_c9_1) N   6094    955     26
   6634  3032     1612.0435    54     1619.0000     1611.5465   155362    0.46%   x(c6_1_c26_1) N   6634   6329     22
   7094  3163        cutoff           1619.0000     1611.8931   164136    0.44%  x(c30_2_c29_2) U   7094   4268     22
   7558  3180     1613.1672    31     1619.0000     1612.0600   175109    0.43%   x(c26_1_c6_1) N   7558   7556     18
   8000  3332     1612.5980    33     1619.0000     1612.2495   183834    0.42%  x(c13_3_c12_3) N   8000   6802     30
   8565  3492     1615.1009    27     1619.0000     1612.5547   194067    0.40%  x(c25_1_c23_1) D   8565   8225     26
   9120  3624     1614.5002    71     1619.0000     1612.8801   204015    0.38%  x(c13_3_c23_3) U   9120   6365     22
   9608  3611     1614.5535    22     1619.0000     1613.0357   214059    0.37%  x(c13_3_c23_3) U   9608   6649     16
  10096  3796        cutoff           1619.0000     1613.1996   223536    0.36%    x(c9_1_c6_1) U  10096   8318     21
Elapsed time = 11.73 sec. (22731.02 ticks, tree = 3.67 MB, solutions = 3)
  10693  3927        cutoff           1619.0000     1613.4288   233407    0.34%   x(c39_3_c5_3) U  10693   5311     26
  11253  3983        cutoff           1619.0000     1613.6598   242091    0.33%  x(c18_2_c14_2) U  11253   9788     33
  11804  3972     1614.1250    71     1619.0000     1613.9301   250791    0.31%  x(c22_1_c26_1) N  11804    442     14
  12336  3963        cutoff           1619.0000     1614.0714   259881    0.30%      x(c8_1_Om) U  12336  12334     26
  12880  4141     1615.2628    36     1619.0000     1614.1752   268895    0.30%      x(Op_c3_2) N  12880  12625     33
  13410  4230     1614.3141    55     1619.0000     1614.3057   276462    0.29%  x(c24_1_c25_1) N  13410  12847     18
  13991  4203     1615.0417    60     1619.0000     1614.5000   284495    0.28%   x(c39_3_c5_3) U  13991  11460     29
  14536  4178     1616.5823    46     1619.0000     1614.7257   292417    0.26%  x(c30_2_c34_2) N  14536   7977     29
  15000  4111     1615.3968    76     1619.0000     1614.9902   298426    0.25%  x(c13_3_c23_3) N  15000   5518     15
  15519  4098     1615.6883    34     1619.0000     1615.1185   306991    0.24%   x(c34_3_c5_3) N  15519  15517     22
Elapsed time = 16.70 sec. (32804.98 ticks, tree = 4.16 MB, solutions = 3)
  16064  4157     1615.2928    17     1619.0000     1615.2345   314653    0.23%   x(c26_2_c9_2) N  16064  13095     26
  16644  4152     1615.4602    61     1619.0000     1615.3784   322033    0.22%   x(c31_3_c6_3) N  16644  16360     18
  17203  4077     1615.6211    38     1619.0000     1615.5466   329290    0.21%    x(c4_2_c8_2) D  17203  15854     53
  17776  3939        cutoff           1619.0000     1615.7349   335865    0.20%  x(c26_2_c31_2) U  17776  17439     26
  18376  3723        cutoff           1619.0000     1616.0000   342175    0.19%  x(c13_3_c12_3) U  18376   9987     16
  18952  3491     1616.1110    62     1619.0000     1616.1110   349751    0.18%    x(c6_1_c8_1) N  18952  14274     22
  19543  3338     1616.5556    18     1619.0000     1616.2500   355996    0.17%   x(c26_2_c9_2) N  19543  19542     14
  20137  3143        cutoff           1619.0000     1616.4049   362530    0.16%   x(c26_2_c9_2) N  20137  19617     26
  20756  2845        cutoff           1619.0000     1616.6224   368493    0.15%   x(c30_1_c6_1) D  20756  19507     24
  21391  2474     1616.8686    24     1619.0000     1616.8685   373704    0.13%  x(c24_1_c25_1) N  21391  19741     22
Elapsed time = 21.15 sec. (42351.56 ticks, tree = 2.73 MB, solutions = 3)
  22067  2056     1617.3482    29     1619.0000     1617.0764   379516    0.12%  x(c13_3_c12_3) N  22067  19605     21
  22710  1745        cutoff           1619.0000     1617.2189   385667    0.11%  x(c22_1_c26_1) U  22710  20206     27
  23379  1338        cutoff           1619.0000     1617.3996   391061    0.10%  x(c25_1_c24_1) N  23379  16262     23
  24100   773     1617.6794    22     1619.0000     1617.6494   395451    0.08%  x(c23_3_c25_3) N  24100   7996     33
  24894    29        cutoff           1619.0000     1618.0000   398494    0.06%    x(c7_2_c5_2) U  24894  21774     36

Clique cuts applied:  16
Cover cuts applied:  132
Flow cuts applied:  3
Mixed integer rounding cuts applied:  17
Zero-half cuts applied:  1
Gomory fractional cuts applied:  3
User cuts applied:  248

Root node processing (before b&c):
  Real time             =    0.16 sec. (364.24 ticks)
Sequential b&c:
  Real time             =   23.00 sec. (46953.85 ticks)
                          ------------
Total (root+branch&cut) =   23.16 sec. (47318.08 ticks)

