Version identifier: 22.1.0.0 | 2022-03-09 | 1a383f8ce
CPXPARAM_Preprocessing_Reduce                    0
CPXPARAM_Threads                                 1
CPXPARAM_Preprocessing_Reformulations            0
CPXPARAM_Emphasis_MIP                            2
CPXPARAM_TimeLimit                               7200
CPXPARAM_MIP_Tolerances_AbsMIPGap                0.98999999999999999
CPXPARAM_MIP_Limits_TreeMemory                   20000
Legacy callback                                  BbLUID
         Disabling repeat represolve because of lazy constraint/incumbent callback.
1 of 1 MIP starts provided solutions.
MIP start 'm1' defined initial solution with objective 2722.0000.
Tried aggregator 0 times.
Reduced MIP has 215 rows, 2314 columns, and 6732 nonzeros.
Reduced MIP has 2314 binaries, 0 generals, 0 SOSs, and 0 indicators.
Presolve time = 0.00 sec. (0.43 ticks)
Probing time = 0.00 sec. (2.57 ticks)
Clique table members: 110.
MIP emphasis: optimality.
MIP search method: traditional branch-and-cut.
Parallel mode: none, using 1 thread.
Root relaxation solution time = 0.00 sec. (1.55 ticks)

        Nodes                                         Cuts/
   Node  Left     Objective  IInf  Best Integer    Best Bound    ItCnt     Gap         Variable B NodeID Parent  Depth

*     0+    0                         2722.0000        0.0000           100.00%
      0     0     2390.0000    38     2722.0000     2063.0000      201   24.21%
      0     0     2577.0000    35     2722.0000      Cuts: 25      246    5.33%
      0     0     2678.0000    16     2722.0000      Cuts: 22      283    1.62%
      0     0     2678.0000    42     2722.0000       Cuts: 2      291    1.62%
      0     0     2678.0000    90     2722.0000       User: 1      296    1.62%
      0     0     2678.0000    42     2722.0000       User: 1      299    1.62%
      0     0     2678.0000    40     2722.0000       User: 2      308    1.62%
      0     0     2678.0000    42     2722.0000       User: 1      317    1.62%
      0     0     2678.0000    86     2722.0000       User: 2      331    1.62%
      0     0     2678.0000    42     2722.0000       User: 1      339    1.62%
      0     0     2678.0000   128     2722.0000       User: 2      356    1.62%
      0     0     2678.0000    44     2722.0000       User: 1      366    1.62%
      0     0     2678.0000    86     2722.0000       User: 1      370    1.62%
      0     0     2678.0000    42     2722.0000       User: 1      382    1.62%
      0     0     2678.0000    84     2722.0000       User: 1      392    1.62%
      0     0     2678.0000    46     2722.0000       User: 1      392    1.62%
      0     0     2678.0000    46     2722.0000       User: 1      396    1.62%
      0     0     2678.0000    82     2722.0000       User: 2      396    1.62%
      0     0     2678.0000    88     2722.0000       User: 1      404    1.62%
      0     0     2678.0000    86     2722.0000       User: 1      404    1.62%
      0     0     2678.0000   128     2722.0000       User: 1      412    1.62%
      0     0     2678.0000    46     2722.0000       User: 1      412    1.62%
      0     0     2678.0000   130     2722.0000       User: 2      423    1.62%
      0     0     2678.0000   132     2722.0000       User: 1      431    1.62%
      0     0     2678.0000   174     2722.0000       User: 1      432    1.62%
      0     0     2678.0000   178     2722.0000       User: 1      443    1.62%
      0     2     2678.0000   174     2722.0000     2678.0000      443    1.62%                        0             0
Elapsed time = 0.52 sec. (570.54 ticks, tree = 0.01 MB, solutions = 1)
     32    31     2681.0000    88     2722.0000     2678.1667      758    1.61%      x(c6_1_Om) D     32     31      4
     82    70     2711.2500   177     2722.0000     2678.1667     1088    1.61%  x(c22_1_c21_1) D     82     81     47
    129   109     2686.5000   211     2722.0000     2684.8571     1805    1.36%  x(c36_4_c32_4) D    129    128      5
    197   177     2689.7143   168     2722.0000     2688.5000     2562    1.23%   x(c13_1_c9_1) N    197    176     10
    257   232     2690.7000   161     2722.0000     2690.0000     3431    1.18%  x(c22_1_c26_1) D    257    159     10
    328   294     2692.0000   190     2722.0000     2691.4000     4612    1.12%   x(c6_3_c10_3) D    328    253     11
    407   357     2693.7500   190     2722.0000     2692.1429     5709    1.10%  x(c25_3_c23_3) N    407    328     12
    490   435     2695.1538   171     2722.0000     2693.0000     6775    1.07%  x(c21_1_c22_1) D    490    489     19
    570   486     2702.5000    82     2722.0000     2693.1667     7079    1.06%   x(c38_5_c6_5) U    570    101      9
    918   787     2706.5000   180     2722.0000     2695.9333    11911    0.96%  x(c11_4_c13_4) D    918    679     14
Elapsed time = 3.27 sec. (3695.68 ticks, tree = 4.57 MB, solutions = 1)
   1298  1069     2697.2500   122     2722.0000     2697.0833    16575    0.92%   x(c37_1_c7_1) D   1298   1297     15
   1614  1318     2707.8750   148     2722.0000     2698.2083    21421    0.87%  x(c39_3_c34_3) D   1614   1613     38
   1910  1543     2705.4583   187     2722.0000     2699.3571    27458    0.83%   x(c5_3_c39_3) U   1910   1783     17
   2200  1766     2712.7500   129     2722.0000     2700.5000    33097    0.79%   x(c5_3_c39_3) U   2200   2060     23
   2510  1989        cutoff           2722.0000     2701.5000    38580    0.75%   x(c8_2_c10_2) D   2510   2508     16
   2789  2182     2702.5357   111     2722.0000     2702.4545    43935    0.72%   x(c9_1_c13_1) D   2789   2788     42
   3073  2369        cutoff           2722.0000     2703.2500    48682    0.69%   x(c9_1_c13_1) U   3073   2788     42
   3366  2569        cutoff           2722.0000     2704.0000    53737    0.66%  x(c36_4_c33_4) U   3366   2525     21
   3687  2778     2714.0000   120     2722.0000     2704.5000    58509    0.64%  x(c30_1_c26_1) U   3687   3174     11
   3982  2917     2719.3333   166     2722.0000     2705.0000    63250    0.62%  x(c30_1_c36_1) U   3982    121      9
Elapsed time = 9.66 sec. (13244.45 ticks, tree = 21.09 MB, solutions = 1)
   4282  3092     2715.3452   175     2722.0000     2705.5000    68036    0.61%  x(c22_1_c26_1) U   4282   4280     13
   4588  3250        cutoff           2722.0000     2706.0000    72647    0.59%   x(c30_1_c6_1) N   4588   1147     15
   4914  3400        cutoff           2722.0000     2706.2222    77058    0.58%   x(c6_1_c37_1) U   4914   4062     34
   5207  3532        cutoff           2722.0000     2706.5833    81614    0.57%   x(c6_5_c38_5) U   5207   4557     16
   5514  3684     2707.8148   144     2722.0000     2707.0000    86032    0.55%      x(c4_2_Om) D   5514   2290     42
   5842  3833     2707.6250   139     2722.0000     2707.3333    90028    0.54%   x(c5_3_c34_3) D   5842   5664     35
   6136  3959        cutoff           2722.0000     2707.6557    94288    0.53%   x(c6_3_c25_3) U   6136   5423     38
   6444  4111        cutoff           2722.0000     2708.0000    98600    0.51%   x(c37_1_c7_1) U   6444   2048     21
   6754  4233        cutoff           2722.0000     2708.2500   102805    0.51%      x(c4_4_Om) U   6754   6752     49
   7065  4344     2716.2500   166     2722.0000     2708.5000   106757    0.50%  x(c11_4_c13_4) D   7065   7064     15
Elapsed time = 15.31 sec. (22792.29 ticks, tree = 34.26 MB, solutions = 1)
   7381  4460     2709.9091   160     2722.0000     2708.8333   110686    0.48%   x(c31_3_c5_3) D   7381   7380     45
   7695  4592        cutoff           2722.0000     2709.0000   114837    0.48%  x(c34_3_c39_3) U   7695   6097     27
   8019  4729     2718.1250   131     2722.0000     2709.3333   118728    0.47%   x(c24_1_c9_1) U   8019   6491     19
   8342  4841        cutoff           2722.0000     2709.5000   122774    0.46%  x(c22_1_c26_1) U   8342   6898     14
   8650  4927     2711.8333   146     2722.0000     2709.7500   126653    0.45%   x(c6_1_c34_1) D   8650   8648     18
   8965  5006     2717.7500   100     2722.0000     2710.0000   130500    0.44%  x(c25_3_c23_3) D   8965   8963     25
   9292  5084     2710.5417   163     2722.0000     2710.1667   134414    0.43%  x(c34_3_c39_3) D   9292   8735     17
   9600  5165     2710.4167   146     2722.0000     2710.4167   138075    0.43%   x(c24_1_c9_1) D   9600   7966     14
*  9640     0      integral     0     2711.0000     2710.5000   138467    0.02%

Cover cuts applied:  2
Zero-half cuts applied:  2
Gomory fractional cuts applied:  3
User cuts applied:  777

Root node processing (before b&c):
  Real time             =    0.52 sec. (570.54 ticks)
Sequential b&c:
  Real time             =   19.16 sec. (30041.97 ticks)
                          ------------
Total (root+branch&cut) =   19.68 sec. (30612.51 ticks)

