Version identifier: 22.1.0.0 | 2022-03-09 | 1a383f8ce
CPXPARAM_Preprocessing_Reduce                    0
CPXPARAM_Threads                                 1
CPXPARAM_Preprocessing_Reformulations            0
CPXPARAM_Emphasis_MIP                            2
CPXPARAM_TimeLimit                               7200
CPXPARAM_MIP_Tolerances_AbsMIPGap                0.98999999999999999
CPXPARAM_MIP_Limits_TreeMemory                   20000
Legacy callback                                  BbLUID
         Disabling repeat represolve because of lazy constraint/incumbent callback.
1 of 1 MIP starts provided solutions.
MIP start 'm1' defined initial solution with objective 2968.0000.
Tried aggregator 0 times.
Reduced MIP has 275 rows, 3794 columns, and 11112 nonzeros.
Reduced MIP has 3794 binaries, 0 generals, 0 SOSs, and 0 indicators.
Presolve time = 0.00 sec. (0.70 ticks)
Probing time = 0.00 sec. (2.94 ticks)
Clique table members: 140.
MIP emphasis: optimality.
MIP search method: traditional branch-and-cut.
Parallel mode: none, using 1 thread.
Root relaxation solution time = 0.00 sec. (2.00 ticks)

        Nodes                                         Cuts/
   Node  Left     Objective  IInf  Best Integer    Best Bound    ItCnt     Gap         Variable B NodeID Parent  Depth

*     0+    0                         2968.0000        0.0000           100.00%
      0     0     2507.0000    72     2968.0000     2167.0000      234   26.99%
      0     0     2640.0000    43     2968.0000      Cuts: 39      300   11.05%
      0     0     2681.0000    20     2968.0000      Cuts: 19      339    9.67%
      0     0     2763.0000    50     2968.0000      Cuts: 20      380    6.91%
      0     0     2854.5000    47     2968.0000      Cuts: 22      429    3.82%
      0     0     2902.5000   113     2968.0000      Cuts: 15      462    2.21%
      0     0     2929.0000    36     2968.0000      Cuts: 16      490    1.31%
      0     0     2932.0000    56     2968.0000      Cuts: 10      503    1.21%
      0     0     2932.0000   126     2968.0000       Cuts: 7      513    1.21%
      0     0     2932.0000   170     2968.0000       Cuts: 4      530    1.21%
      0     0     2932.0000     8     2968.0000       User: 1      530    1.21%
      0     0     2932.0000   102     2968.0000       User: 2      543    1.21%
      0     0     2932.0000   124     2968.0000       User: 1      557    1.21%
      0     0     2932.0000    44     2968.0000       User: 1      557    1.21%
      0     0     2932.0000   104     2968.0000       User: 1      576    1.21%
      0     0     2932.0000    12     2968.0000       User: 1      576    1.21%
      0     0     2932.0000    70     2968.0000       User: 1      589    1.21%
      0     0     2932.0000    60     2968.0000       User: 1      589    1.21%
      0     0     2932.0000   104     2968.0000       User: 1      605    1.21%
      0     0     2932.0000   118     2968.0000       User: 1      613    1.21%
      0     0     2932.0000    68     2968.0000       User: 1      618    1.21%
      0     0     2932.0000   120     2968.0000       User: 1      619    1.21%
      0     0     2932.0000   126     2968.0000       User: 1      621    1.21%
      0     0     2932.0000    60     2968.0000       User: 1      621    1.21%
      0     0     2932.0000   104     2968.0000       User: 1      634    1.21%
      0     0     2932.0000    66     2968.0000       User: 1      648    1.21%
      0     0     2932.0000   118     2968.0000       User: 1      649    1.21%
      0     0     2932.0000    66     2968.0000       User: 1      654    1.21%
      0     0     2932.0000   124     2968.0000       User: 1      655    1.21%
      0     0     2932.0000   120     2968.0000       User: 1      655    1.21%
      0     0     2932.0000   164     2968.0000       User: 1      660    1.21%
      0     0     2932.0000   122     2968.0000       User: 1      660    1.21%
      0     0     2932.0000   154     2968.0000       User: 2      663    1.21%
      0     0     2932.0000   126     2968.0000       User: 1      667    1.21%
      0     0     2932.0000   122     2968.0000       User: 1      667    1.21%
      0     0     2932.0000   162     2968.0000       User: 1      680    1.21%
      0     0     2932.0000   130     2968.0000       User: 1      680    1.21%
      0     0     2932.0000   124     2968.0000       User: 1      691    1.21%
      0     0     2932.0000    66     2968.0000       User: 1      691    1.21%
      0     0     2932.0000   124     2968.0000       User: 1      715    1.21%
      0     0     2932.0000   118     2968.0000       User: 1      734    1.21%
      0     0     2932.0000   126     2968.0000       User: 1      741    1.21%
      0     0     2932.0000   122     2968.0000       User: 1      741    1.21%
      0     0     2932.0000   182     2968.0000       User: 1      750    1.21%
      0     0     2932.0000   283     2968.0000       User: 1      762    1.21%
      0     0     2932.0000   184     2968.0000       User: 1      780    1.21%
      0     2     2932.0000   184     2968.0000     2932.0000      780    1.21%                        0             0
Elapsed time = 1.28 sec. (1426.28 ticks, tree = 0.01 MB, solutions = 1)
      5     7     2937.0000   212     2968.0000     2932.0000      905    1.21%  x(c32_4_c31_4) N      5      3      4
     14    16     2946.8333   273     2968.0000     2932.0000     1182    1.21%  x(c26_4_c30_4) N     14     12      9
     56    37     2961.8571   145     2968.0000     2932.0000     1642    1.21%   x(c33_2_c6_2) N     56     55     12
     95    69     2952.4167   287     2968.0000     2937.9167     2596    1.01%  x(c27_5_c22_5) N     95     76      8
    134   107     2947.0714   277     2968.0000     2940.8333     3300    0.92%  x(c33_2_c34_2) D    134     83      4
    176   148     2942.7984   211     2968.0000     2942.3269     4221    0.86%  x(c23_2_c12_2) D    176    175     15
    233   202     2943.1765   236     2968.0000     2943.0093     5092    0.84%  x(c11_2_c22_2) D    233    196     11
    282   249     2944.0667   195     2968.0000     2943.9231     5860    0.81%  x(c40_4_c41_4) D    282    246     14
    338   298     2952.3200   217     2968.0000     2944.5833     6759    0.79%    x(c8_4_c6_4) N    338    225     33
    545   471     2947.0000   183     2968.0000     2946.0000     9804    0.74%  x(c23_2_c11_2) D    545    491      9
Elapsed time = 4.08 sec. (4594.92 ticks, tree = 3.10 MB, solutions = 1)
    776   657     2958.7969   267     2968.0000     2947.5000    12819    0.69%   x(c42_4_c5_4) N    776    774     31
   1007   839     2948.5000   227     2968.0000     2948.5000    16378    0.66%  x(c29_2_c34_2) D   1007    793     28
   1270  1040     2961.0000    90     2968.0000     2949.5000    20000    0.62%  x(c23_2_c11_2) U   1270   1043     11
   1524  1181        cutoff           2968.0000     2950.0000    23470    0.61%   x(c33_2_c6_2) U   1524   1522      9
   1800  1365     2950.9333   247     2968.0000     2950.7083    27005    0.58%  x(c35_5_c36_5) D   1800   1639     39
   2094  1549     2951.2500   210     2968.0000     2951.1667    30475    0.57%  x(c23_2_c13_2) D   2094   1752     22
   2334  1720     2957.5000   244     2968.0000     2951.5000    34111    0.56%  x(c18_2_c15_2) U   2334   2332     17
   2580  1831     2953.3333   169     2968.0000     2952.0000    37488    0.54%  x(c11_2_c23_2) D   2580   1202      9
   2815  1956        cutoff           2968.0000     2952.5000    41445    0.52%  x(c12_2_c23_2) U   2815   2319     17
   3088  2110     2953.4286   227     2968.0000     2953.0000    44984    0.51%  x(c21_2_c29_2) D   3088   2704     19
Elapsed time = 10.99 sec. (14159.28 ticks, tree = 16.82 MB, solutions = 1)
   3342  2238     2955.5379   221     2968.0000     2953.5000    48128    0.49%  x(c30_4_c32_4) D   3342   3341     32
   3578  2381     2955.0000    60     2968.0000     2954.0000    51449    0.47%  x(c35_1_c39_1) U   3578   3576     12
   3815  2492        cutoff           2968.0000     2954.3000    54796    0.46%  x(c27_5_c29_5) U   3815   1838     29
   4044  2617     2956.6111   191     2968.0000     2954.5833    57841    0.45%  x(c26_2_c34_2) D   4044   4043     40
   4277  2762     2963.3889   222     2968.0000     2954.9167    61422    0.44%  x(c27_2_c23_2) U   4277   4275     34
   4489  2828        cutoff           2968.0000     2955.2500    65035    0.43%  x(c39_4_c38_4) U   4489   3856     13
   4700  2926     2958.6250   208     2968.0000     2955.5769    68664    0.42%    x(c8_2_c3_2) U   4700   4698     30
   4932  3050        cutoff           2968.0000     2956.0000    72061    0.40%  x(c22_2_c29_2) U   4932   1857     23
   5165  3070     2958.3667   257     2968.0000     2956.0833    75016    0.40%  x(c39_4_c38_4) D   5165   1622     22
   5407  3153     2957.3125   257     2968.0000     2956.4394    77989    0.39%  x(c39_4_c38_4) D   5407   5155     21
Elapsed time = 17.01 sec. (23710.43 ticks, tree = 26.82 MB, solutions = 1)
   5634  3245     2966.3750   238     2968.0000     2956.6667    81362    0.38%  x(c12_2_c10_2) N   5634   5632     25
   5881  3346        cutoff           2968.0000     2956.9583    84575    0.37%  x(c11_2_c23_2) U   5881   5565     18
   6096  3332     2964.5000   215     2968.0000     2957.0000    87375    0.37%  x(c11_2_c22_2) U   6096    199     15
   6321  3322        cutoff           2968.0000     2957.1750    90153    0.36%  x(c29_2_c22_2) U   6321   4675     20
   6556  3395        cutoff           2968.0000     2957.4182    93117    0.36%  x(c23_2_c12_2) U   6556   5404     17
   6800  3467     2962.1721   289     2968.0000     2957.6667    96021    0.35%   x(c6_2_c34_2) D   6800   6799     14
   7039  3572     2958.5278   221     2968.0000     2957.9167    98840    0.34%  x(c33_2_c37_2) D   7039   6713     48
   7276  3589        cutoff           2968.0000     2958.0000   101847    0.34%  x(c23_2_c29_2) U   7276   1659     28
   7510  3645     2959.0312   291     2968.0000     2958.2476   104672    0.33%  x(c33_2_c36_2) D   7510   5331      9
   7762  3713        cutoff           2968.0000     2958.4514   107351    0.32%  x(c22_2_c11_2) U   7762   7760     21
Elapsed time = 22.45 sec. (33278.00 ticks, tree = 32.99 MB, solutions = 1)
   7984  3697        cutoff           2968.0000     2958.5000   109876    0.32%  x(c34_2_c29_2) U   7984    601     22
   8205  3717     2958.6667   232     2968.0000     2958.6667   112644    0.31%  x(c22_2_c29_2) D   8205   5520     36
   8447  3757     2961.2667   216     2968.0000     2958.8333   115454    0.31%    x(c3_2_c6_2) D   8447   3976     28
   8656  3759     2962.5000   181     2968.0000     2959.0000   118208    0.30%  x(c27_2_c22_2) U   8656   2938     19
   8892  3752        cutoff           2968.0000     2959.0833   120632    0.30%  x(c23_2_c16_2) U   8892   8890     42
   9110  3798     2962.5109   228     2968.0000     2959.2609   123333    0.29%  x(c27_2_c23_2) D   9110   9109     23
   9345  3810        cutoff           2968.0000     2959.5000   125851    0.29%  x(c27_2_c10_2) U   9345   3444     79
   9584  3851     2959.8712   218     2968.0000     2959.6250   128469    0.28%  x(c13_5_c17_5) D   9584   6711     27
   9811  3875        cutoff           2968.0000     2959.8000   130999    0.28%  x(c29_2_c22_2) D   9811   2614     17
  10021  3913     2960.0000   169     2968.0000     2960.0000   133521    0.27%  x(c27_2_c23_2) D  10021   4944     54
Elapsed time = 27.77 sec. (42834.37 ticks, tree = 36.16 MB, solutions = 1)
  10252  3918        cutoff           2968.0000     2960.1209   135934    0.27%  x(c23_2_c13_2) U  10252   2282     45
  10476  3944        cutoff           2968.0000     2960.2917   138448    0.26%  x(c39_4_c38_4) U  10476   2024     25
  10701  3955        cutoff           2968.0000     2960.5000   140737    0.25%  x(c10_2_c23_2) U  10701   2506     28
  10912  3956     2961.8333   215     2968.0000     2960.6000   143251    0.25%    x(c6_2_c3_2) D  10912   5654     35
  11139  3986     2962.4231   193     2968.0000     2960.7500   145689    0.24%  x(c27_2_c22_2) D  11139   3145     23
  11379  4016     2962.2000   231     2968.0000     2960.9167   148097    0.24%  x(c40_4_c41_4) U  11379  11179     26
  11598  4025     2967.0000   172     2968.0000     2961.0000   150391    0.24%  x(c38_4_c40_4) U  11598   8887     26
  11836  4028     2961.5278   237     2968.0000     2961.1739   152733    0.23%  x(c12_2_c23_2) D  11836  10066     21
  12052  4050     2963.1389   245     2968.0000     2961.3333   155042    0.22%  x(c38_4_c40_4) N  12052   8887     26
  12273  4057        cutoff           2968.0000     2961.5000   157318    0.22%   x(c27_2_c9_2) U  12273  10062     50
Elapsed time = 32.91 sec. (52401.03 ticks, tree = 38.68 MB, solutions = 1)
  12499  4042        cutoff           2968.0000     2961.6000   159522    0.22%  x(c33_2_c36_2) U  12499   9174     19
  12703  4042        cutoff           2968.0000     2961.7500   161832    0.21%  x(c16_2_c23_2) U  12703  10600     45
  12910  4021     2962.6562   218     2968.0000     2961.9062   163675    0.21%  x(c33_2_c37_2) D  12910  11152     51
  13123  3990        cutoff           2968.0000     2962.0000   165820    0.20%  x(c12_2_c22_2) U  13123   6530     45
  13328  3870        cutoff           2968.0000     2962.0000   167538    0.20%  x(c22_2_c12_2) U  13328   5533     31
  13544  3867        cutoff           2968.0000     2962.1667   169654    0.20%    x(c6_2_c9_2) U  13544   6513     68
  13760  3853        cutoff           2968.0000     2962.2969   171806    0.19%  x(c11_2_c23_2) U  13760   9468      9
  13979  3839        cutoff           2968.0000     2962.4375   173799    0.19%  x(c22_1_c21_1) U  13979   7189     61
  14199  3759        cutoff           2968.0000     2962.5370   175668    0.18%  x(c27_5_c29_5) U  14199   2354     18
  14407  3738        cutoff           2968.0000     2962.6667   177500    0.18%  x(c27_2_c29_2) U  14407  13420     53
Elapsed time = 37.81 sec. (61971.91 ticks, tree = 36.57 MB, solutions = 1)
  14631  3720        cutoff           2968.0000     2962.8214   179541    0.17%  x(c21_2_c29_2) U  14631  12467     27
  14855  3673     2965.0833   262     2968.0000     2962.9951   181362    0.17%  x(c27_5_c23_5) N  14855  13006     28
  15069  3605        cutoff           2968.0000     2963.0111   183198    0.17%  x(c20_5_c29_5) U  15069  15067     14
  15297  3544     2965.1000   196     2968.0000     2963.2000   185261    0.16%    x(c3_2_c6_2) U  15297   6992     24
  15522  3499     2964.1591   274     2968.0000     2963.3333   187113    0.16%  x(c17_4_c20_4) N  15522  12719     47
  15742  3426        cutoff           2968.0000     2963.5000   189009    0.15%    x(c6_2_c9_2) U  15742   6953     71
  15948  3373     2963.6333   239     2968.0000     2963.6333   190804    0.15%  x(c17_4_c20_4) D  15948  13821     30
  16167  3292        cutoff           2968.0000     2963.7500   192612    0.14%    x(c3_2_c6_2) U  16167  11678     11
  16389  3224        cutoff           2968.0000     2963.9167   194361    0.14%  x(c20_5_c16_5) U  16389  16014     24
  16594  3150        cutoff           2968.0000     2964.0000   196231    0.13%  x(c29_2_c23_2) U  16594  12953     32
Elapsed time = 42.38 sec. (71526.33 ticks, tree = 31.44 MB, solutions = 1)
  16800  3060     2966.9167   153     2968.0000     2964.1111   197744    0.13%  x(c16_2_c13_2) N  16800   8163     20
  17002  2994     2965.5833   150     2968.0000     2964.2500   199183    0.13%  x(c35_1_c39_1) D  17002   2819     12
  17231  2901        cutoff           2968.0000     2964.3448   200827    0.12%  x(c27_2_c22_2) D  17231  14833     15
  17444  2804        cutoff           2968.0000     2964.5000   202400    0.12%    x(c3_2_c8_2) U  17444  16905     27
  17664  2706        cutoff           2968.0000     2964.6083   203840    0.11%  x(c22_1_c21_1) U  17664  15489     25
  17890  2604     2966.7500   213     2968.0000     2964.7500   205305    0.11%  x(c27_2_c29_2) N  17890  16854     23
  18123  2492        cutoff           2968.0000     2964.8750   206735    0.11%  x(c27_5_c23_5) N  18123  17798     31
  18348  2413        cutoff           2968.0000     2965.0000   208333    0.10%  x(c21_5_c29_5) D  18348   3418      8
  18553  2294        cutoff           2968.0000     2965.1000   209565    0.10%  x(c29_2_c21_2) U  18553  13775     64
  18786  2164     2965.5000   120     2968.0000     2965.2500   210928    0.09%  x(c23_4_c17_4) N  18786  18367     39
Elapsed time = 46.73 sec. (81110.23 ticks, tree = 21.99 MB, solutions = 1)
  19003  2013        cutoff           2968.0000     2965.3778   212075    0.09%  x(c23_2_c11_2) U  19003   9919     12
  19234  1855        cutoff           2968.0000     2965.5000   213302    0.08%  x(c20_5_c15_5) D  19234  18865     38
  19459  1694        cutoff           2968.0000     2965.6667   214542    0.08%  x(c27_5_c30_5) U  19459   4291     34
  19696  1536        cutoff           2968.0000     2965.8333   215562    0.07%  x(c23_2_c29_2) D  19696  12510     58
  19939  1371     2966.1667   120     2968.0000     2966.0000   216624    0.07%  x(c30_4_c26_4) N  19939  19707     20
  20168  1189        cutoff           2968.0000     2966.0948   217626    0.06%  x(c13_2_c16_2) U  20168  11176     22
  20402   999        cutoff           2968.0000     2966.2500   218505    0.06%  x(c23_2_c11_2) D  20402   4498     10
  20631   807        cutoff           2968.0000     2966.4808   219253    0.05%  x(c19_2_c23_2) D  20631  19849     29
  20864   605     2966.7500   168     2968.0000     2966.6250   219970    0.05%  x(c21_2_c29_2) N  20864   8340     16

Cover cuts applied:  1
Zero-half cuts applied:  14
Gomory fractional cuts applied:  3
User cuts applied:  898

Root node processing (before b&c):
  Real time             =    1.28 sec. (1426.21 ticks)
Sequential b&c:
  Real time             =   49.96 sec. (91190.64 ticks)
                          ------------
Total (root+branch&cut) =   51.24 sec. (92616.85 ticks)

