Version identifier: 22.1.0.0 | 2022-03-09 | 1a383f8ce
CPXPARAM_Preprocessing_Reduce                    1
CPXPARAM_Threads                                 1
CPXPARAM_Preprocessing_Reformulations            0
CPXPARAM_Emphasis_MIP                            2
CPXPARAM_TimeLimit                               7200
CPXPARAM_MIP_Tolerances_AbsMIPGap                0.98999999999999999
CPXPARAM_MIP_Limits_TreeMemory                   20000
Legacy callback                                  BbD
1 of 1 MIP starts provided solutions.
MIP start 'm1' defined initial solution with objective 3813.0000.
Tried aggregator 1 time.
MIP Presolve modified 2470 coefficients.
Reduced MIP has 2884 rows, 2644 columns, and 13080 nonzeros.
Reduced MIP has 2556 binaries, 0 generals, 0 SOSs, and 0 indicators.
Presolve time = 0.00 sec. (7.18 ticks)
Probing time = 0.00 sec. (2.88 ticks)
Tried aggregator 1 time.
Reduced MIP has 2884 rows, 2644 columns, and 13080 nonzeros.
Reduced MIP has 2556 binaries, 0 generals, 0 SOSs, and 0 indicators.
Presolve time = 0.00 sec. (4.48 ticks)
Probing time = 0.00 sec. (2.89 ticks)
Clique table members: 1370.
MIP emphasis: optimality.
MIP search method: traditional branch-and-cut.
Parallel mode: none, using 1 thread.
Root relaxation solution time = 0.00 sec. (6.53 ticks)

        Nodes                                         Cuts/
   Node  Left     Objective  IInf  Best Integer    Best Bound    ItCnt     Gap         Variable B NodeID Parent  Depth

*     0+    0                         3813.0000        0.0000           100.00%
      0     0     3361.2279   122     3813.0000     3361.2279      228   11.85%
      0     0     3570.8281   137     3813.0000      Cuts: 24      329    6.35%
      0     0     3586.7730   131     3813.0000      Cuts: 11      408    5.93%
      0     0     3589.4717   122     3813.0000       Cuts: 6      446    5.86%
      0     0     3590.1771   121     3813.0000       Cuts: 3      451    5.84%
      0     0     3593.6849   121     3813.0000     Covers: 1      458    5.75%
      0     2     3593.6849   121     3813.0000     3597.1849      458    5.66%                        0             0
Elapsed time = 0.29 sec. (689.67 ticks, tree = 0.01 MB, solutions = 1)
      3     4     3597.8557   130     3813.0000     3597.8557      598    5.64%  x(c25_1_c18_1) U      3      2      3
     14    13     3694.6315   127     3813.0000     3598.6971      688    5.62%   x(c26_1_c4_1) D     14     13     14
     47    28     3692.8333   125     3813.0000     3686.5000     1462    3.32%    x(c6_1_c5_1) D     47     40      4
     80    61     3706.1228   100     3813.0000     3705.5407     2232    2.82%   x(c11_2_c7_2) D     80     79     12
    106    84     3720.5048    94     3813.0000     3710.6993     3254    2.68%  x(c21_1_c23_1) U    106     90      9
    137   114     3715.4751   104     3813.0000     3714.6200     4536    2.58%  x(c26_1_c25_1) U    137    136     15
    152   128     3767.0390    91     3813.0000     3715.3409     5047    2.56%  x(c21_1_c23_1) D    152    134     13
    182   151     3717.0999   120     3813.0000     3715.6733     5443    2.55%  x(c34_3_c31_3) U    182    181     32
    201   168     3745.6918   136     3813.0000     3716.6159     6440    2.53%  x(c34_3_c31_3) D    201    181     32
    325   286     3731.5989   116     3813.0000     3721.5702    12657    2.40%  x(c26_1_c25_1) D    325    262     11
Elapsed time = 1.69 sec. (4157.20 ticks, tree = 0.61 MB, solutions = 1)
    481   435     3730.3886    94     3813.0000     3728.9500    18633    2.20%  x(c21_1_c23_1) N    481    429     14
    689   637     3752.0368   135     3813.0000     3730.9411    25994    2.15%  x(c22_3_c23_3) U    689    607     18
    950   885     3742.8218   107     3813.0000     3733.6751    35580    2.08%  x(c25_1_c21_1) D    950    742     13
   1000   934     3765.3105   109     3813.0000     3734.3066    38231    2.06%  x(c30_1_c26_1) D   1000    551     16
   1203  1124     3747.0458   114     3813.0000     3736.7339    48026    2.00%  x(c25_1_c18_1) U   1203   1202     19
   1403  1310     3798.7500    85     3813.0000     3739.8128    58664    1.92%   x(c31_2_c7_2) U   1403    561     18
   1620  1515     3745.2596    77     3813.0000     3741.8549    66698    1.87%  x(c25_1_c21_1) D   1620    895     14
   1853  1724     3744.1722   118     3813.0000     3743.3357    75451    1.83%    x(c4_1_c5_1) D   1853   1852     43
   2097  1933     3744.3265   107     3813.0000     3744.2817    82144    1.80%  x(c30_1_c26_1) U   2097   1562     12
   2355  2154     3745.6362    72     3813.0000     3745.0080    89807    1.78%  x(c32_2_c19_2) U   2355   2354     38
Elapsed time = 5.91 sec. (13747.40 ticks, tree = 3.68 MB, solutions = 1)
   2540  2314     3772.1675    78     3813.0000     3745.6501    98872    1.77%  x(c18_3_c19_3) U   2540   2311     20
   2742  2464     3774.7484   120     3813.0000     3746.1652   107863    1.75%  x(c32_1_c21_1) U   2742   1660     32
   2916  2596     3800.1865   107     3813.0000     3746.7779   117750    1.74%  x(c14_2_c33_2) U   2916   2084     56
   3110  2745     3789.6219    95     3813.0000     3747.3183   126927    1.72%  x(c13_2_c11_2) U   3110   3108     44
   3270  2861     3771.1886   128     3813.0000     3747.9895   137112    1.70%   x(c33_2_c7_2) U   3270   2100     16
   3468  2999     3796.1402    82     3813.0000     3748.6406   147338    1.69%  x(c21_1_c23_1) D   3468   2818     26
   3728  3209     3761.3333    97     3813.0000     3749.2500   156837    1.67%  x(c32_1_c21_1) D   3728   1775     24
   3944  3361     3750.0304    89     3813.0000     3749.9543   166589    1.65%  x(c18_1_c33_1) D   3944   3943     44
   4169  3517     3782.5816    93     3813.0000     3750.5522   176616    1.64%  x(c14_1_c33_1) U   4169   3652     21
   4346  3656     3756.6396   106     3813.0000     3751.2288   187371    1.62%  x(c22_3_c20_3) U   4346   3248     22
Elapsed time = 10.34 sec. (23331.13 ticks, tree = 6.10 MB, solutions = 1)
   4531  3775     3779.3497    86     3813.0000     3751.9186   197761    1.60%   x(c33_2_c9_2) U   4531   4330     21
   4750  3926        cutoff           3813.0000     3752.5620   207927    1.59%   x(c11_1_c8_1) U   4750    524     23
   5000  4131     3804.4756    90     3813.0000     3753.1750   217403    1.57%   x(c7_1_c14_1) D   5000   2781     43
   5265  4339     3753.9997    80     3813.0000     3753.6886   226706    1.56%     x(c17_2_Om) D   5265   5264     33
   5451  4479     3774.3856    86     3813.0000     3754.2757   236808    1.54%  x(c14_1_c33_1) U   5451   4341     32
   5671  4660     3792.0880    96     3813.0000     3754.7464   247183    1.53%   x(c13_1_c8_1) U   5671   5159     39
   5943  4885     3766.1104   123     3813.0000     3755.2938   257063    1.51%   x(c2_2_c26_2) U   5943   5942     26
   6000  4933     3755.4928   112     3813.0000     3755.3964   259432    1.51%   x(c4_1_c33_1) D   6000   5999     38
   6210  5091     3773.4600    75     3813.0000     3755.6966   267682    1.50%      x(c4_2_Om) U   6210   6209     59
   6449  5283     3776.4175    87     3813.0000     3756.0571   277339    1.49%  x(c14_1_c25_1) U   6449   6447     59
Elapsed time = 14.90 sec. (33491.15 ticks, tree = 9.09 MB, solutions = 1)
   6714  5485     3808.1173   140     3813.0000     3756.3935   286854    1.48%  x(c21_1_c23_1) D   6714   6355     17
   6958  5650     3764.2206    91     3813.0000     3756.8307   296882    1.47%      x(Op_c2_1) U   6958   4583     15
   7000  5676     3757.3700   112     3813.0000     3756.8873   298149    1.47%  x(c28_1_c30_1) U   7000   6999     62
   7215  5831     3759.3454   116     3813.0000     3757.2674   307990    1.46%  x(c31_2_c30_2) D   7215   3256     23
   7413  5948        cutoff           3813.0000     3757.6703   318241    1.45%    x(c8_1_c5_1) U   7413   6850     25
   7639  6105     3801.9077   118     3813.0000     3758.1669   327810    1.44%  x(c20_1_c19_1) U   7639   5052     11
   7848  6276     3788.3668   130     3813.0000     3758.4624   337722    1.43%   x(c33_2_c9_2) U   7848   3293     23
   8075  6447     3804.7721   107     3813.0000     3758.7970   347196    1.42%  x(c12_1_c11_1) U   8075    813     15
   8294  6622     3759.7863   133     3813.0000     3759.1525   357125    1.41%   x(c6_1_c33_1) D   8294   8293     35
   8516  6780     3759.7788    81     3813.0000     3759.4952   367343    1.40%     x(Op_c33_2) D   8516   8515     65
Elapsed time = 19.20 sec. (43081.53 ticks, tree = 11.13 MB, solutions = 1)
   8747  6947     3801.8925   119     3813.0000     3759.7903   377149    1.40%   x(c9_1_c13_1) U   8747   8745     41
   9000  7134     3760.7078   104     3813.0000     3760.0970   386077    1.39%   x(c4_1_c33_1) D   9000   8999     34
   9256  7338     3794.6099    74     3813.0000     3760.3687   396007    1.38%   x(c2_2_c25_2) U   9256   3889     44
   9511  7514     3786.5209   115     3813.0000     3760.6161   405306    1.37%   x(c4_1_c14_1) U   9511   8998     33
   9791  7709     3786.4875   120     3813.0000     3760.8906   413756    1.37%   x(c33_2_c5_2) D   9791   1827     18
  10045  7864     3800.0047    95     3813.0000     3761.1710   422612    1.36%    x(c5_1_c6_1) U  10045   7484     16
  10311  8042     3794.8673   108     3813.0000     3761.4531   431598    1.35%   x(c4_1_c26_1) U  10311   9153     31
  10544  8206     3772.4668   138     3813.0000     3761.7103   441752    1.35%    x(c2_2_c4_2) D  10544    667     17
  10771  8339     3771.5508   148     3813.0000     3762.0000   451173    1.34%  x(c11_1_c33_1) U  10771   6434     18
  11000  8495     3777.1403    96     3813.0000     3762.2351   459896    1.33%      x(c4_2_Om) U  11000   9901     26
Elapsed time = 24.09 sec. (54209.68 ticks, tree = 13.95 MB, solutions = 1)
  11220  8670     3767.8002   100     3813.0000     3762.4075   469092    1.33%     x(c17_2_Om) U  11220  10243     59
  11506  8889     3802.8407   116     3813.0000     3762.6779   478213    1.32%  x(c19_1_c11_1) U  11506   8230     33
  11752  9075     3769.2408    81     3813.0000     3762.8914   487911    1.31%   x(c12_3_c9_3) U  11752  11751     52
  12000  9240     3764.3916   102     3813.0000     3763.0985   496066    1.31%  x(c22_3_c23_3) D  12000  11999     29
  12227  9369     3779.2000    95     3813.0000     3763.3757   505598    1.30%  x(c25_1_c21_1) D  12227   2429     14
  12470  9508        cutoff           3813.0000     3763.6681   515166    1.29%  x(c32_1_c12_1) D  12470   1071     27
  12675  9614     3803.4345    78     3813.0000     3763.9331   524884    1.29%   x(c9_1_c33_1) D  12675   1028     20
  12868  9727     3802.5379   105     3813.0000     3764.1667   534355    1.28%  x(c18_2_c19_2) U  12868  12398     50
  13118  9902     3774.3046   122     3813.0000     3764.4058   543927    1.27%  x(c11_1_c18_1) N  13118   7514     41
  13327 10022     3778.4524   115     3813.0000     3764.6675   553165    1.27%    x(c2_2_c4_2) U  13327   7203     15
Elapsed time = 28.61 sec. (64339.38 ticks, tree = 16.29 MB, solutions = 1)
  13547 10127     3797.7143    55     3813.0000     3764.9369   562845    1.26%  x(c11_1_c18_1) D  13547   5329     37
  13761 10263     3780.0497   113     3813.0000     3765.1769   572558    1.25%  x(c32_1_c18_1) U  13761  12496     16
  13964 10337     3766.5453   124     3813.0000     3765.4643   582424    1.25%  x(c12_1_c11_1) D  13964   7947     20
  14000 10363     3765.7600   108     3813.0000     3765.5202   584156    1.25%   x(c4_3_c31_3) D  14000   6450     36
  14212 10498     3807.5514    97     3813.0000     3765.7384   593986    1.24%    x(c9_1_c8_1) U  14212  12012     21
  14460 10647     3799.1352    57     3813.0000     3765.9768   603285    1.23%  x(c21_1_c23_1) D  14460   3547     17
  14667 10786     3785.1918    74     3813.0000     3766.1902   613350    1.23%   x(c34_3_c4_3) U  14667  11713     58
  14881 10909     3793.7000   124     3813.0000     3766.3860   623102    1.22%    x(c2_2_c4_2) U  14881   5982     16
  15120 11080     3803.7677    82     3813.0000     3766.5954   632883    1.22%  x(c20_1_c19_1) U  15120   2968     17
  15325 11210     3766.9013    97     3813.0000     3766.7887   642552    1.21%  x(c11_2_c12_2) D  15325  15324     38
Elapsed time = 33.05 sec. (74327.93 ticks, tree = 18.03 MB, solutions = 1)
  15531 11359     3800.6027    90     3813.0000     3766.9757   652384    1.21%  x(c20_1_c19_1) U  15531  14582     35
  15765 11508     3767.5755   111     3813.0000     3767.1874   661845    1.20%   x(c9_1_c13_1) D  15765  15764     35
  15955 11631     3795.8274    93     3813.0000     3767.3979   672155    1.20%   x(c33_3_c9_3) U  15955  15954     38
  16175 11757     3767.8636   139     3813.0000     3767.6227   681683    1.19%   x(c6_2_c33_2) D  16175  16174     28
  16391 11871     3769.2880    95     3813.0000     3767.8209   690979    1.18%   x(c17_2_c2_2) U  16391  16390     81
  16600 11967     3782.1567   101     3813.0000     3768.0417   700966    1.18%   x(c12_1_c9_1) D  16600  10852     11
  16806 12100     3779.2043   144     3813.0000     3768.2514   710588    1.17%    x(c2_1_c4_1) D  16806   1677     15
  17040 12246     3797.6649    93     3813.0000     3768.4890   719998    1.17%    x(c6_2_c5_2) D  17040  17038     28
  17270 12375     3768.6854    82     3813.0000     3768.6856   728833    1.16%   x(c4_1_c34_1) U  17270  17192     56
  17527 12528     3770.5702   133     3813.0000     3768.9002   738109    1.16%   x(c6_2_c31_2) U  17527  16795     20
Elapsed time = 37.31 sec. (83883.17 ticks, tree = 19.98 MB, solutions = 1)
  17708 12626     3771.2205   144     3813.0000     3769.1119   747184    1.15%  x(c25_1_c21_1) D  17708   3759     18
  17869 12705     3793.7395    98     3813.0000     3769.2998   757235    1.15%      x(Op_c2_1) D  17869   9449     37
  18049 12783     3807.6774   102     3813.0000     3769.5709   766421    1.14%  x(c11_2_c12_2) U  18049  10460     31
  18225 12881     3789.9064   144     3813.0000     3769.7778   776796    1.13%  x(c11_2_c12_2) U  18225   6463     17
  18426 12975     3770.2934   132     3813.0000     3770.0559   786504    1.13%  x(c19_1_c18_1) D  18426  17709     19
  18615 13062     3770.3138   130     3813.0000     3770.2689   796517    1.12%   x(c33_2_c9_2) D  18615  18614     22
  18815 13186     3800.0702    96     3813.0000     3770.5153   806391    1.11%  x(c11_2_c12_2) U  18815  18814     37
  19000 13274     3783.1468    64     3813.0000     3770.7343   815262    1.11%   x(c12_3_c9_3) U  19000  17832     35
  19193 13377     3811.4838   125     3813.0000     3770.9686   825221    1.10%  x(c20_1_c19_1) U  19193   6854     29
  19967 13771        cutoff           3813.0000     3771.7913   864419    1.08%  x(c18_2_c33_2) U  19967  10661     71
Elapsed time = 43.06 sec. (96683.24 ticks, tree = 21.97 MB, solutions = 1)
  20771 14172     3782.4634   113     3813.0000     3772.6951   902614    1.06%   x(c33_2_c9_2) N  20771   8720     19
  21426 14435     3809.6130   111     3813.0000     3773.4775   935641    1.04%  x(c11_1_c12_1) U  21426  15457     41
  22206 14822     3795.8020   100     3813.0000     3774.4376   975289    1.01%  x(c26_1_c17_1) U  22206  22205     40
  22956 15190     3780.5722   100     3813.0000     3775.2037  1015174    0.99%  x(c13_1_c14_1) U  22956   9094      9
  23752 15577     3783.6083   124     3813.0000     3776.0851  1054686    0.97%  x(c12_1_c11_1) D  23752   6886     26
  24406 15835        cutoff           3813.0000     3776.7553  1087577    0.95%  x(c23_1_c18_1) U  24406  24404     55
  25279 16188     3811.4633   136     3813.0000     3777.6048  1127239    0.93%  x(c18_3_c19_3) U  25279   7791     46
  26155 16671     3809.4573   107     3813.0000     3778.3908  1167553    0.91%  x(c11_1_c12_1) U  26155  26153     50
  27087 17098     3784.4238   117     3813.0000     3779.1333  1206732    0.89%  x(c18_1_c33_1) U  27087  24538     18
  28062 17637     3798.0445   134     3813.0000     3779.7710  1245121    0.87%   x(c33_2_c9_2) U  28062  11650     23
Elapsed time = 60.13 sec. (134873.61 ticks, tree = 28.27 MB, solutions = 1)
  29000 18126     3780.5757   127     3813.0000     3780.4017  1281821    0.85%  x(c31_2_c30_2) D  29000  28998     42
  29970 18571     3799.4782   125     3813.0000     3781.0000  1317954    0.84%  x(c18_2_c11_2) U  29970  26907     22
  30962 19063     3797.0085   104     3813.0000     3781.5579  1356702    0.82%   x(c5_1_c33_1) D  30962  29014     19
  31915 19533        cutoff           3813.0000     3782.1160  1395860    0.81%  x(c19_1_c20_1) U  31915   4415     22
  32845 19997     3795.9519    91     3813.0000     3782.6447  1434236    0.80%  x(c13_2_c14_2) N  32845  30702     42
  33753 20398     3801.5437   103     3813.0000     3783.0931  1470966    0.78%   x(c2_2_c26_2) U  33753  33752     24
  34748 20877        cutoff           3813.0000     3783.5470  1507980    0.77%  x(c19_1_c18_1) U  34748  22294     35
  35717 21301     3811.6466   130     3813.0000     3784.0548  1544611    0.76%   x(c11_2_c9_2) N  35717  27343     28
  36706 21715        cutoff           3813.0000     3784.5000  1580331    0.75%  x(c20_1_c19_1) U  36706   8090     17
  37720 22104     3785.0014    92     3813.0000     3784.9088  1615797    0.74%   x(c6_2_c33_2) D  37720  37719     26
Elapsed time = 77.05 sec. (173901.18 ticks, tree = 35.06 MB, solutions = 1)
  38715 22536     3809.3855    64     3813.0000     3785.3214  1651684    0.73%  x(c13_2_c15_2) N  38715  37001     40
  39673 22888     3785.8750    89     3813.0000     3785.7622  1687258    0.71%   x(c31_2_c5_2) D  39673  24686     15
  40653 23234        cutoff           3813.0000     3786.2101  1723632    0.70%  x(c31_2_c30_2) D  40653   5058     24
  41605 23535     3786.9239   113     3813.0000     3786.6455  1758983    0.69%  x(c25_1_c19_1) D  41605  41603     39
  42593 23875     3797.3415   105     3813.0000     3787.0083  1794165    0.68%  x(c34_3_c31_3) U  42593  12885     30
  43552 24131     3789.1000   142     3813.0000     3787.4167  1828744    0.67%  x(c16_1_c13_1) N  43552  11642     18
  44540 24478     3789.2161   103     3813.0000     3787.8556  1863336    0.66%  x(c19_1_c21_1) D  44540   4324     49
  45460 24673        cutoff           3813.0000     3788.2612  1898308    0.65%  x(c11_1_c33_1) U  45460  42279     20
  46413 24927        cutoff           3813.0000     3788.7030  1933068    0.64%    x(c2_1_c4_1) D  46413  42613     25
  47389 25191    infeasible           3813.0000     3789.1214  1966694    0.63%   x(c6_2_c33_2) D  47389  47388     35
Elapsed time = 93.23 sec. (212064.89 ticks, tree = 39.82 MB, solutions = 1)
  48330 25534     3789.5445   103     3813.0000     3789.4938  2000885    0.62%  x(c18_2_c11_2) D  48330  48329     41
  49303 25809        cutoff           3813.0000     3789.8438  2033977    0.61%  x(c30_1_c25_1) U  49303  35445     20
  50307 26170     3794.2693    86     3813.0000     3790.2070  2066741    0.60%   x(c33_2_c9_2) D  50307  50305     16
  51000 26361     3800.0359    74     3813.0000     3790.4529  2090626    0.59%   x(c12_3_c9_3) U  51000  24798     23
  52056 26661        cutoff           3813.0000     3790.7949  2123717    0.58%   x(c4_1_c14_1) U  52056  13579     19
  53083 26881     3796.6233   123     3813.0000     3791.1665  2155675    0.57%  x(c13_2_c15_2) N  53083  48422     25
  54118 27144     3791.6762   102     3813.0000     3791.4762  2187977    0.56%  x(c13_1_c33_1) D  54118  44837     30
  55163 27413     3797.1037   128     3813.0000     3791.7928  2219664    0.56%   x(c7_1_c33_1) U  55163  34755     16
  56244 27673     3810.6000   113     3813.0000     3792.1000  2250538    0.55%  x(c25_1_c18_1) N  56244  30908     22
  57122 27919    infeasible           3813.0000     3792.3209  2275809    0.54%  x(c13_1_c11_1) D  57122  57121     40
Elapsed time = 108.89 sec. (250263.76 ticks, tree = 43.99 MB, solutions = 1)
  58170 28197     3792.5750   123     3813.0000     3792.5750  2306062    0.54%   x(c4_1_c14_1) D  58170  49487     24
  59221 28383     3803.8255   123     3813.0000     3792.8958  2336488    0.53%    x(c6_2_c5_2) D  59221  42791     24
  60237 28554     3793.7266   107     3813.0000     3793.1725  2367688    0.52%  x(c13_1_c14_1) D  60237  29756     34
  61000 28718     3793.5428   117     3813.0000     3793.3748  2390475    0.51%  x(c11_1_c33_1) D  61000  58510     19
  62067 28982        cutoff           3813.0000     3793.6383  2421139    0.51%   x(c12_3_c9_3) D  62067  20964     23
  63092 29144     3794.0767    64     3813.0000     3793.9238  2451547    0.50%  x(c13_2_c14_2) U  63092  62096     38
  64116 29330     3796.0250    90     3813.0000     3794.1949  2482175    0.49%  x(c22_3_c23_3) D  64116  57248     22
  65140 29522        cutoff           3813.0000     3794.4719  2512995    0.49%   x(c11_2_c9_2) U  65140  60077     29
  66168 29698        cutoff           3813.0000     3794.7419  2542554    0.48%   x(c11_1_c8_1) D  66168  34080     24
  67141 29724     3803.2623    87     3813.0000     3795.0101  2573304    0.47%  x(c16_1_c13_1) N  67141  36556     21
Elapsed time = 124.15 sec. (288515.94 ticks, tree = 46.83 MB, solutions = 1)
  68000 29868     3804.0549    90     3813.0000     3795.2389  2599672    0.47%  x(c16_1_c14_1) D  68000  59466     67
  69020 29965     3808.4189    64     3813.0000     3795.4908  2629444    0.46%     x(c17_2_Om) N  69020  54343     46
  70056 30090     3802.8616    87     3813.0000     3795.7258  2659694    0.45%  x(c20_1_c19_1) D  70056  56572     44
  71081 30159        cutoff           3813.0000     3796.0000  2688391    0.45%  x(c32_1_c33_1) U  71081  71080     29
  72145 30236        cutoff           3813.0000     3796.2587  2716961    0.44%   x(c11_2_c9_2) U  72145  30366     30
  73207 30342     3802.7142    89     3813.0000     3796.5132  2745694    0.43%  x(c11_2_c12_2) U  73207  64196     28
  74254 30375     3804.7625   117     3813.0000     3796.7667  2774104    0.43%   x(c33_2_c9_2) U  74254  56542     22
  75311 30417        cutoff           3813.0000     3797.0344  2801089    0.42%  x(c20_1_c18_1) U  75311  61287     23
  76374 30403     3797.3964    83     3813.0000     3797.2971  2827716    0.41%     x(Op_c33_1) D  76374  76373     33
  77222 30421     3804.4280    55     3813.0000     3797.5000  2849629    0.41%  x(c16_1_c13_1) N  77222  42308     28
Elapsed time = 139.09 sec. (327172.07 ticks, tree = 48.03 MB, solutions = 1)
  78306 30401     3806.6781    97     3813.0000     3797.7541  2877194    0.40%  x(c22_3_c23_3) D  78306  53965     18
  79373 30401     3799.0000    93     3813.0000     3798.0150  2904644    0.39%  x(c18_2_c11_2) D  79373  65228     22
  80470 30431     3807.1667   126     3813.0000     3798.2500  2931297    0.39%  x(c26_1_c25_1) U  80470  71234     17
  81258 30367     3806.8333   126     3813.0000     3798.4371  2950838    0.38%   x(c6_2_c31_2) U  81258   5519     19
  82319 30318     3809.1339    56     3813.0000     3798.6826  2977555    0.38%    x(c6_2_c5_2) D  82319  68444     19
  83371 30219        cutoff           3813.0000     3798.9603  3003367    0.37%   x(c11_2_c9_2) U  83371  80725     24
  84407 30069     3808.0000    51     3813.0000     3799.2058  3028060    0.36%   x(c5_1_c33_1) N  84407  83307     17
  85563 29971        cutoff           3813.0000     3799.4943  3053730    0.35%  x(c16_1_c13_1) U  85563  21829     18
  86657 29960        cutoff           3813.0000     3799.7199  3079440    0.35%  x(c11_1_c12_1) U  86657  86656     40
  87544 29890        cutoff           3813.0000     3799.9115  3098668    0.34%  x(c28_1_c34_1) U  87544  17661     72
Elapsed time = 153.27 sec. (365339.61 ticks, tree = 47.34 MB, solutions = 1)
  88558 29852     3802.8798    94     3813.0000     3800.1161  3123120    0.34%  x(c22_3_c23_3) N  88558  66581     34
  89612 29738        cutoff           3813.0000     3800.3333  3147241    0.33%   x(c31_2_c5_2) U  89612  33127     38
  90735 29626        cutoff           3813.0000     3800.5688  3171694    0.33%  x(c28_1_c34_1) U  90735  90734     34
  91812 29503     3801.5140   131     3813.0000     3800.8250  3195350    0.32%  x(c31_2_c30_2) N  91812  90787     39
  92897 29368        cutoff           3813.0000     3801.0565  3219312    0.31%   x(c11_3_c9_3) U  92897  92896     23
  93761 29238     3802.9420    97     3813.0000     3801.2500  3238951    0.31%   x(c5_1_c33_1) N  93761  71661     16
  94792 29087     3809.0157   141     3813.0000     3801.4757  3262759    0.30%  x(c26_1_c25_1) N  94792  79118     24
  95913 28953        cutoff           3813.0000     3801.6806  3286716    0.30%      x(Op_c2_1) D  95913  25074     47
  97013 28811    infeasible           3813.0000     3801.8947  3308760    0.29%  x(c18_1_c33_1) U  97013  95224     34
  98119 28625     3803.1032   108     3813.0000     3802.1178  3331438    0.29%   x(c17_2_c2_2) N  98119  98117     22
Elapsed time = 167.12 sec. (403509.46 ticks, tree = 45.54 MB, solutions = 1)
  99262 28467        cutoff           3813.0000     3802.3388  3354235    0.28%  x(c11_2_c12_2) U  99262  89507     25
 100384 28270     3802.8619   133     3813.0000     3802.5625  3376176    0.27%  x(c22_3_c20_3) N 100384  96330     31
 101454 28033        cutoff           3813.0000     3802.7803  3397122    0.27%  x(c25_1_c12_1) D 101454  13864     40
 102275 27836     3804.8964   100     3813.0000     3802.9738  3414103    0.26%      x(c4_1_Om) N 102275 102273     31
 103400 27627     3809.5000   119     3813.0000     3803.1916  3436629    0.26%   x(c12_3_c9_3) N 103400  54860     23
 104544 27415        cutoff           3813.0000     3803.4000  3458439    0.25%   x(c12_3_c9_3) U 104544  31827     20
 105721 27195     3803.8391   101     3813.0000     3803.6197  3479870    0.25%  x(c22_3_c23_3) D 105721  63317     31
 106640 27014        cutoff           3813.0000     3803.7744  3495454    0.24%  x(c16_1_c13_1) U 106640  45802     21
 107829 26751     3805.1111    90     3813.0000     3804.0000  3516685    0.24%  x(c18_2_c11_2) N 107829 107827     20
 108986 26473        cutoff           3813.0000     3804.2101  3538093    0.23%   x(c33_2_c9_2) N 108986  66725     26
Elapsed time = 180.65 sec. (441662.18 ticks, tree = 42.40 MB, solutions = 1)
 110116 26148     3804.4398   119     3813.0000     3804.3998  3559148    0.23%   x(c11_3_c9_3) N 110116  46942     26
 111381 25783     3808.8222   121     3813.0000     3804.6167  3580190    0.22%  x(c23_1_c21_1) N 111381  97902     30
 112599 25453     3807.4636    98     3813.0000     3804.8333  3601485    0.21%  x(c13_2_c14_2) D 112599 112598     32
 113846 25112    infeasible           3813.0000     3805.0527  3622139    0.21%  x(c11_1_c18_1) U 113846 102705     34
 115041 24656     3805.4240   131     3813.0000     3805.2691  3642271    0.20%  x(c13_2_c16_2) N 115041 114196     25
 116196 24239        cutoff           3813.0000     3805.4688  3661679    0.20%   x(c12_2_c9_2) D 116196 105811     23
 117464 23772     3805.7112    87     3813.0000     3805.6769  3682029    0.19%    x(c6_1_c8_1) D 117464 117463     27
 118739 23272        cutoff           3813.0000     3805.9034  3700559    0.19%  x(c26_1_c17_1) U 118739  20486     33
 119857 22786        cutoff           3813.0000     3806.0854  3719570    0.18%   x(c11_3_c9_3) D 119857  44408     26
 121022 22242        cutoff           3813.0000     3806.2977  3736892    0.18%   x(c4_1_c14_1) U 121022   7952     20
Elapsed time = 193.85 sec. (479828.86 ticks, tree = 36.05 MB, solutions = 1)
 122169 21695        cutoff           3813.0000     3806.5054  3755047    0.17%  x(c23_1_c21_1) N 122169  31716     40
 123457 21098        cutoff           3813.0000     3806.7328  3772569    0.16%  x(c11_2_c12_2) U 123457 108025     30
 124736 20445     3807.0333   106     3813.0000     3806.9722  3789465    0.16%      x(Op_c2_1) N 124736  78096     38
 125906 19859     3807.7163   115     3813.0000     3807.1679  3807040    0.15%    x(c2_2_c4_2) N 125906  97078     22
 127208 19175        cutoff           3813.0000     3807.3943  3823783    0.15%  x(c22_3_c20_3) U 127208 127207     24
 128461 18479        cutoff           3813.0000     3807.6129  3839847    0.14%   x(c11_3_c9_3) U 128461  65078     19
 129738 17709    infeasible           3813.0000     3807.8333  3854799    0.14%  x(c32_1_c33_1) D 129738 112749     28
 131000 16900     3808.0739    43     3813.0000     3808.0562  3870068    0.13%  x(c11_1_c33_1) N 131000 122286     15
 132224 16140     3811.4754   116     3813.0000     3808.2729  3886021    0.12%   x(c5_1_c33_1) N 132224 116739     20
 133469 15338     3809.6547   108     3813.0000     3808.5000  3900914    0.12%   x(c5_1_c33_1) N 133469 110711     34
Elapsed time = 206.54 sec. (517996.80 ticks, tree = 25.40 MB, solutions = 1)
 134752 14485    infeasible           3813.0000     3808.7194  3915254    0.11%   x(c6_2_c33_2) D 134752 107076     33
 136086 13498        cutoff           3813.0000     3808.9877  3928396    0.11%  x(c14_1_c33_1) U 136086 124515     29
 137397 12541        cutoff           3813.0000     3809.2028  3942106    0.10%   x(c6_3_c31_3) D 137397 125383     30
 138721 11582        cutoff           3813.0000     3809.4308  3955488    0.09%  x(c23_1_c21_1) U 138721  36634     37
 140072 10576        cutoff           3813.0000     3809.6606  3967756    0.09%   x(c6_3_c31_3) D 140072 134756     27
 141453  9506        cutoff           3813.0000     3809.9024  3979063    0.08%  x(c22_3_c23_3) D 141453 138889     25
 142852  8358     3811.8022    78     3813.0000     3810.1667  3990357    0.07%  x(c18_3_c10_3) N 142852 142851     37
 144258  7184     3810.4305    96     3813.0000     3810.4305  4001087    0.07%    x(c6_1_c7_1) N 144258 137993     28
 145757  5859        cutoff           3813.0000     3810.7166  4010261    0.06%   x(c11_2_c9_2) D 145757 102057     24
 147251  4522        cutoff           3813.0000     3811.0212  4018871    0.05%  x(c32_1_c20_1) D 147251  36327     39
Elapsed time = 218.46 sec. (556159.73 ticks, tree = 8.45 MB, solutions = 1)
 148767  3113        cutoff           3813.0000     3811.3277  4027008    0.04%    x(c6_2_c9_2) D 148767 128515     34
 150330  1649     3811.6735    86     3813.0000     3811.6505  4033992    0.04%   x(c5_1_c33_1) N 150330 125781     33
 151989    32        cutoff           3813.0000     3812.0000  4038799    0.03%  x(c19_1_c12_1) D 151989 110304     33

Clique cuts applied:  12
Cover cuts applied:  286
Flow cuts applied:  5
Mixed integer rounding cuts applied:  34
Zero-half cuts applied:  5
Gomory fractional cuts applied:  10

Root node processing (before b&c):
  Real time             =    0.29 sec. (689.91 ticks)
Sequential b&c:
  Real time             =  221.44 sec. (569024.16 ticks)
                          ------------
Total (root+branch&cut) =  221.73 sec. (569714.07 ticks)

