Version identifier: 22.1.0.0 | 2022-03-09 | 1a383f8ce
CPXPARAM_Preprocessing_Reduce                    1
CPXPARAM_Threads                                 1
CPXPARAM_Preprocessing_Reformulations            0
CPXPARAM_Emphasis_MIP                            2
CPXPARAM_TimeLimit                               7200
CPXPARAM_MIP_Tolerances_AbsMIPGap                0.98999999999999999
CPXPARAM_MIP_Limits_TreeMemory                   20000
Legacy callback                                  BbD
1 of 1 MIP starts provided solutions.
MIP start 'm1' defined initial solution with objective 3813.0000.
Tried aggregator 1 time.
MIP Presolve modified 2470 coefficients.
Reduced MIP has 2884 rows, 2644 columns, and 13080 nonzeros.
Reduced MIP has 2556 binaries, 0 generals, 0 SOSs, and 0 indicators.
Presolve time = 0.00 sec. (7.18 ticks)
Probing time = 0.00 sec. (2.88 ticks)
Tried aggregator 1 time.
Reduced MIP has 2884 rows, 2644 columns, and 13080 nonzeros.
Reduced MIP has 2556 binaries, 0 generals, 0 SOSs, and 0 indicators.
Presolve time = 0.00 sec. (4.48 ticks)
Probing time = 0.00 sec. (2.89 ticks)
Clique table members: 1370.
MIP emphasis: optimality.
MIP search method: traditional branch-and-cut.
Parallel mode: none, using 1 thread.
Root relaxation solution time = 0.00 sec. (5.83 ticks)

        Nodes                                         Cuts/
   Node  Left     Objective  IInf  Best Integer    Best Bound    ItCnt     Gap         Variable B NodeID Parent  Depth

*     0+    0                         3813.0000        0.0000           100.00%
      0     0     3361.2279   125     3813.0000     3361.2279      225   11.85%
      0     0     3570.8281   138     3813.0000      Cuts: 23      327    6.35%
      0     0     3579.2730   133     3813.0000      Cuts: 13      384    6.13%
      0     0     3586.7775   148     3813.0000       Cuts: 5      411    5.93%
      0     0     3586.7775   129     3813.0000    Cliques: 2      425    5.93%
      0     2     3586.7775   129     3813.0000     3590.2775      425    5.84%                        0             0
Elapsed time = 0.29 sec. (678.04 ticks, tree = 0.01 MB, solutions = 1)
      2     4     3590.5045   144     3813.0000     3590.6176      555    5.83%  x(c25_1_c21_1) U      2      1      2
     17    18     3674.9343   123     3813.0000     3595.4022      750    5.71%  x(c20_1_c23_1) D     17     16     15
     47    36     3769.1331   109     3813.0000     3597.1993     1210    5.66%    x(c7_2_c5_2) D     47     45     13
     90    65     3635.6839   100     3813.0000     3635.6839     2139    4.65%  x(c29_3_c27_3) U     90     89      6
    119    90     3791.2336   117     3813.0000     3687.2603     3437    3.30%    x(c6_2_c5_2) N    119     20     19
    154   124     3750.9689    84     3813.0000     3698.2693     4329    3.01%    x(c5_2_c7_2) N    154    104     12
    173   134     3732.5288   108     3813.0000     3701.4503     5591    2.93%   x(c12_1_c9_1) N    173    139      9
    200   159     3745.7007   102     3813.0000     3710.2567     7277    2.69%   x(c12_1_c9_1) U    200    198     13
    221   176     3744.0234    95     3813.0000     3714.3870     8649    2.59%  x(c25_1_c20_1) U    221    195     10
    399   328     3725.8241    79     3813.0000     3725.1465    14732    2.30%  x(c11_1_c12_1) D    399    398     33
Elapsed time = 1.62 sec. (3880.91 ticks, tree = 1.05 MB, solutions = 1)
    539   430     3733.4138    94     3813.0000     3731.4043    22342    2.14%   x(c2_2_c26_2) D    539    538     14
    693   564     3787.7801   113     3813.0000     3736.1945    29006    2.01%   x(c11_1_c9_1) U    693    669     14
    935   785     3739.9176   102     3813.0000     3737.9917    35874    1.97%  x(c31_3_c34_3) U    935    933     16
   1019   854     3759.5443    68     3813.0000     3738.5418    39645    1.95%   x(c12_2_c9_2) D   1019    825     22
   1238  1039     3745.8998    99     3813.0000     3739.8696    48475    1.92%    x(c5_1_c6_1) N   1238    591      9
   1388  1149     3772.0575   112     3813.0000     3741.2462    57855    1.88%  x(c11_1_c12_1) D   1388    930     28
   1595  1330     3743.0651    77     3813.0000     3742.8333    66657    1.84%   x(c11_2_c9_2) D   1595   1594     33
   1803  1513     3760.4091    69     3813.0000     3743.5862    73614    1.82%   x(c30_1_c2_1) U   1803   1734     40
   2000  1656     3744.7020    69     3813.0000     3744.7082    83398    1.79%    x(c7_1_c9_1) D   2000   1999     59
   2230  1840     3767.5556    44     3813.0000     3745.5680    92819    1.77%   x(c9_1_c33_1) U   2230   1788     24
Elapsed time = 6.15 sec. (14140.31 ticks, tree = 3.19 MB, solutions = 1)
   2481  2019     3763.2667   113     3813.0000     3746.2338   100835    1.75%   x(c7_1_c33_1) D   2481    112      5
   2752  2197        cutoff           3813.0000     3747.1153   109827    1.73%  x(c33_2_c11_2) U   2752   2191     48
   3066  2420     3747.9112   103     3813.0000     3747.8281   119218    1.71%  x(c28_1_c26_1) D   3066   3065     45
   3426  2687     3759.0142    70     3813.0000     3748.5016   128163    1.69%  x(c19_1_c18_1) U   3426   1075      8
   3732  2872     3804.4562    77     3813.0000     3749.2022   137586    1.67%  x(c32_1_c20_1) U   3732   3309     18
   3998  3013     3792.3246   112     3813.0000     3750.0485   147570    1.65%  x(c11_1_c12_1) D   3998   3486     20
   4195  3111     3790.4154    88     3813.0000     3750.7475   156953    1.63%  x(c30_1_c25_1) U   4195   2435     18
   4469  3263     3798.0806    76     3813.0000     3751.4706   166188    1.61%     x(Op_c25_1) U   4469   4220     20
   4812  3445     3787.2976    85     3813.0000     3752.2229   175282    1.59%  x(c13_1_c14_1) D   4812   4811     38
   5110  3625     3752.8568    81     3813.0000     3752.8527   183415    1.58%  x(c13_1_c14_1) U   5110   4584     55
Elapsed time = 10.38 sec. (23714.11 ticks, tree = 5.87 MB, solutions = 1)
   5417  3791     3753.4135    88     3813.0000     3753.4135   191433    1.56%      x(c5_1_Om) D   5417   5094     44
   5694  3947     3793.1298    75     3813.0000     3754.0833   200641    1.55%   x(c8_1_c33_1) U   5694   5423     20
   6000  4105     3798.4639    69     3813.0000     3754.7858   210026    1.53%    x(c9_1_c8_1) U   6000   3025     28
   6363  4319     3786.0000    67     3813.0000     3755.4575   219237    1.51%  x(c13_1_c33_1) U   6363   3132     31
   6697  4523     3771.0667   126     3813.0000     3755.9698   228507    1.50%   x(c12_1_c9_1) D   6697   1337     12
   6956  4701     3773.9283   109     3813.0000     3756.4188   237585    1.48%   x(c30_1_c2_1) U   6956   6800     31
   7256  4882        cutoff           3813.0000     3756.8507   246158    1.47%  x(c32_1_c20_1) U   7256   6806     37
   7549  5046     3757.6180   112     3813.0000     3757.2930   255440    1.46%   x(c14_2_c9_2) D   7549   7548     61
   7803  5172        cutoff           3813.0000     3757.6879   265039    1.45%   x(c13_1_c9_1) U   7803   7618     44
   8000  5259     3761.7500    93     3813.0000     3758.0000   271275    1.44%   x(c33_1_c5_1) D   8000   6116     13
Elapsed time = 14.74 sec. (33532.18 ticks, tree = 8.47 MB, solutions = 1)
   8246  5405     3790.1357   126     3813.0000     3758.3899   280943    1.43%   x(c33_1_c9_1) U   8246   1343     18
   8537  5593        cutoff           3813.0000     3758.7247   290113    1.42%  x(c13_1_c11_1) U   8537   6562     38
   8860  5779        cutoff           3813.0000     3759.1628   298985    1.41%   x(c33_2_c6_2) U   8860   8810     62
   9150  5955     3761.1706    40     3813.0000     3759.5666   308607    1.40%    x(c9_1_c8_1) U   9150   7500     11
   9456  6163     3779.3213   113     3813.0000     3759.8882   317538    1.39%  x(c16_1_c25_1) D   9456   4307     53
   9761  6332     3791.4551    98     3813.0000     3760.2349   326483    1.38%  x(c14_2_c33_2) U   9761   8771     46
  10048  6520     3768.2681    87     3813.0000     3760.5933   336190    1.37%      x(c4_1_Om) U  10048   3923     25
  10349  6691     3793.0834   103     3813.0000     3760.9484   345222    1.37%      x(Op_c2_3) U  10349   9697     46
  10569  6771        cutoff           3813.0000     3761.3572   355770    1.35%    x(c6_1_c7_1) D  10569   4912     65
  10781  6828     3762.0085    85     3813.0000     3761.7650   366348    1.34%  x(c30_1_c25_1) D  10781  10780     33
Elapsed time = 19.00 sec. (43095.23 ticks, tree = 10.70 MB, solutions = 1)
  11015  6927     3799.7708   101     3813.0000     3762.1292   375751    1.33%  x(c30_1_c34_1) U  11015  11014     37
  11249  7031     3767.1068   135     3813.0000     3762.6086   385479    1.32%  x(c11_1_c12_1) D  11249   9841     11
  11504  7147     3780.6678   118     3813.0000     3763.0263   395531    1.31%     x(Op_c26_1) U  11504   7379     28
  11780  7285     3763.6914   109     3813.0000     3763.4523   405274    1.30%    x(c7_1_c5_1) D  11780   7392     16
  12000  7397     3763.8746    68     3813.0000     3763.8125   414813    1.29%   x(c2_2_c26_2) D  12000  11999     24
  12243  7523     3811.0346   111     3813.0000     3764.2035   424941    1.28%     x(Op_c14_1) D  12243   8010     41
  12454  7632     3775.7473   118     3813.0000     3764.6018   435287    1.27%  x(c23_1_c25_1) D  12454   2138     27
  12658  7729     3789.7573    81     3813.0000     3765.0154   445758    1.26%    x(c8_3_c9_3) D  12658   3502     28
  12876  7865     3780.4955   116     3813.0000     3765.4525   456289    1.25%  x(c28_1_c23_1) D  12876  10877     32
  13000  7923     3790.2331   112     3813.0000     3765.6942   462634    1.24%  x(c11_2_c12_2) U  13000   9509     40
Elapsed time = 23.77 sec. (53966.11 ticks, tree = 12.44 MB, solutions = 1)
  13243  8034        cutoff           3813.0000     3766.1246   472644    1.23%   x(c30_1_c2_1) D  13243  10073     35
  13438  8140     3801.0250    96     3813.0000     3766.5407   482946    1.22%     x(Op_c14_1) N  13438   9562     24
  13652  8223     3774.2364   106     3813.0000     3767.0000   493155    1.21%  x(c11_1_c12_1) U  13652  11619     16
  13877  8331     3798.0432   112     3813.0000     3767.4446   503736    1.19%    x(c8_3_c9_3) N  13877  11314     41
  14000  8398     3767.7058    76     3813.0000     3767.6697   509382    1.19%  x(c13_2_c15_2) U  14000  13999     22
  14245  8551     3768.4516    92     3813.0000     3768.1207   519359    1.18%  x(c14_1_c33_1) D  14245  14244     47
  14510  8750     3768.6412   127     3813.0000     3768.4239   528839    1.17%   x(c30_1_c2_1) U  14510  14509     29
  14753  8904     3792.7500    64     3813.0000     3768.6969   539007    1.16%    x(c2_1_c4_1) D  14753   1286     22
  14971  9020     3782.1787   116     3813.0000     3769.0154   549422    1.15%  x(c32_1_c20_1) U  14971   3428      9
  15064  9077     3771.5308    87     3813.0000     3769.1216   552625    1.15%    x(c6_1_c3_1) D  15064  15062     42
Elapsed time = 28.01 sec. (63573.12 ticks, tree = 14.56 MB, solutions = 1)
  15271  9170        cutoff           3813.0000     3769.4300   562668    1.14%   x(c30_1_c2_1) D  15271   9206     35
  15519  9290     3771.7917    83     3813.0000     3769.7591   572692    1.13%  x(c18_1_c12_1) D  15519   3503     18
  15793  9424     3770.2999    44     3813.0000     3770.0572   582135    1.13%    x(c5_2_c7_2) U  15793  15792     71
  16000  9546     3770.7934    90     3813.0000     3770.3295   589689    1.12%  x(c20_1_c32_1) D  16000  15999     23
  16256  9674     3778.2000   102     3813.0000     3770.6159   598873    1.11%     x(Op_c14_1) N  16256  16255     19
  16497  9778     3782.0867   136     3813.0000     3770.9145   608078    1.10%    x(c2_1_c4_1) U  16497  12159     15
  16752  9899        cutoff           3813.0000     3771.2435   617491    1.10%   x(c6_1_c33_1) U  16752  16353     34
  17010 10038     3797.8434   123     3813.0000     3771.5180   626951    1.09%     x(Op_c14_1) D  17010  17009     23
  17273 10137     3807.8528    97     3813.0000     3771.8181   636086    1.08%      x(c4_1_Om) U  17273   4597     56
  17571 10278     3780.4665   134     3813.0000     3772.0924   645317    1.07%   x(c30_1_c2_1) U  17571  10750     18
Elapsed time = 32.32 sec. (73404.17 ticks, tree = 16.37 MB, solutions = 1)
  17802 10357     3801.9735   120     3813.0000     3772.3931   654875    1.06%   x(c33_2_c9_2) U  17802  14281     17
  18055 10475     3787.0170   137     3813.0000     3772.6561   664730    1.06%    x(c2_1_c4_1) U  18055   6101     15
  18314 10579        cutoff           3813.0000     3772.9999   675173    1.05%  x(c25_1_c18_1) D  18314   6593     21
  18620 10721        cutoff           3813.0000     3773.3056   684516    1.04%      x(c4_1_Om) D  18620  16894     30
  18896 10848     3787.0000    48     3813.0000     3773.5888   694620    1.03%  x(c18_1_c19_1) D  18896  13902     13
  19172 10979     3790.2132   114     3813.0000     3773.9033   704871    1.03%  x(c11_2_c12_2) U  19172   9089     16
  19420 11063     3805.8273   112     3813.0000     3774.1513   714941    1.02%  x(c11_1_c12_1) N  19420  14228     23
  19692 11175     3774.6408    80     3813.0000     3774.4106   724659    1.01%   x(c6_1_c33_1) D  19692  19691     26
  19973 11299     3805.5535    90     3813.0000     3774.6471   734688    1.01%    x(c7_1_c9_1) U  19973  18756     29
  20289 11463        cutoff           3813.0000     3774.8760   743962    1.00%  x(c17_1_c26_1) U  20289  19520     23
Elapsed time = 36.56 sec. (82964.85 ticks, tree = 18.30 MB, solutions = 1)
  20553 11553     3789.3462    97     3813.0000     3775.1643   753413    0.99%   x(c11_1_c9_1) D  20553  18435     20
  20832 11657     3790.9583    99     3813.0000     3775.4201   763228    0.99%  x(c18_1_c19_1) D  20832  13964     19
  21124 11774     3803.6250    95     3813.0000     3775.7267   773133    0.98%   x(c12_1_c9_1) U  21124  21123     24
  21382 11884     3779.6111   102     3813.0000     3776.0080   783215    0.97%  x(c23_1_c25_1) U  21382   5470     24
  21673 12038     3793.3604   106     3813.0000     3776.2408   792457    0.96%  x(c13_2_c15_2) D  21673  16571     25
  21958 12147    infeasible           3813.0000     3776.4860   802080    0.96%  x(c17_1_c26_1) D  21958  21231     47
  22252 12289     3778.4514   124     3813.0000     3776.7173   812176    0.95%    x(c7_1_c5_1) U  22252  10301     19
  22520 12384     3786.1182   121     3813.0000     3777.0007   821985    0.94%  x(c11_1_c12_1) N  22520  11357     15
  22806 12504     3785.3750    79     3813.0000     3777.2706   831561    0.94%     x(Op_c14_1) U  22806  13756     22
  23988 13060     3778.1903    79     3813.0000     3778.1378   867640    0.91%    x(c5_1_c7_1) U  23988  23241     33
Elapsed time = 41.94 sec. (95393.05 ticks, tree = 20.66 MB, solutions = 1)
  25099 13528        cutoff           3813.0000     3779.0400   903214    0.89%  x(c30_1_c25_1) U  25099  18533     22
  26189 13971     3793.9442   126     3813.0000     3779.9068   939057    0.87%  x(c25_1_c18_1) D  26189  25533     19
  27362 14484        cutoff           3813.0000     3780.7719   974918    0.85%   x(c33_1_c9_1) U  27362  16654     22
  28498 14975     3785.2352   111     3813.0000     3781.5214  1009249    0.83%   x(c9_1_c33_1) U  28498  19379     24
  29626 15531     3798.1333   114     3813.0000     3782.2443  1043796    0.81%      x(c4_1_Om) D  29626  26547     30
  30761 16065        cutoff           3813.0000     3782.8837  1079140    0.79%   x(c2_3_c26_3) U  30761  17419     43
  31845 16452     3785.6901   113     3813.0000     3783.5500  1114687    0.77%   x(c26_3_c2_3) U  31845  21917     15
  32632 16730     3797.4547   128     3813.0000     3784.0769  1142678    0.76%  x(c11_1_c14_1) U  32632  16675     21
  33571 17103     3798.1174    77     3813.0000     3784.7460  1179230    0.74%  x(c17_1_c25_1) D  33571  28826     26
  34586 17400     3791.5606    95     3813.0000     3785.3796  1215221    0.72%      x(Op_c2_3) U  34586  34437     39
Elapsed time = 57.92 sec. (133574.59 ticks, tree = 27.64 MB, solutions = 1)
  35604 17703     3790.8949   144     3813.0000     3786.0538  1249445    0.71%     x(Op_c14_1) D  35604  21551     25
  36749 18244     3796.3333   109     3813.0000     3786.6667  1283201    0.69%   x(c33_2_c9_2) D  36749  36747     38
  37770 18602     3789.1022   136     3813.0000     3787.2525  1317558    0.68%   x(c12_1_c9_1) D  37770  29108     15
  38546 18882     3796.0982   125     3813.0000     3787.6884  1342149    0.66%  x(c21_1_c23_1) N  38546  32104     27
  39640 19316     3792.4951   108     3813.0000     3788.2149  1375784    0.65%  x(c25_1_c18_1) U  39640  15994     23
  40681 19645        cutoff           3813.0000     3788.7680  1408971    0.64%  x(c11_2_c12_2) U  40681  28837     35
  41729 19978        cutoff           3813.0000     3789.2931  1442724    0.62%    x(c2_1_c4_1) U  41729  37883     14
  42887 20434     3811.0006   111     3813.0000     3789.8334  1474841    0.61%  x(c11_1_c12_1) U  42887   6277     12
  43936 20745     3809.1266    71     3813.0000     3790.3549  1508108    0.59%   x(c11_2_c9_2) U  43936  25769     24
  44743 20992     3794.5766    92     3813.0000     3790.8224  1536751    0.58%  x(c30_1_c21_1) N  44743  31402     15
Elapsed time = 73.36 sec. (171742.10 ticks, tree = 33.24 MB, solutions = 1)
  45701 21170     3794.6376    95     3813.0000     3791.3373  1569597    0.57%   x(c11_1_c8_1) D  45701  35881     32
  46747 21442     3799.5723    82     3813.0000     3791.8461  1601957    0.55%    x(c5_2_c7_2) U  46747  13673     19
  47767 21729        cutoff           3813.0000     3792.3425  1634807    0.54%   x(c11_1_c9_1) D  47767   3998     21
  48860 22071     3792.8873    85     3813.0000     3792.8585  1666931    0.53%     x(Op_c14_1) U  48860  48149     29
  49940 22384     3807.5472   128     3813.0000     3793.3116  1698621    0.52%    x(c6_2_c7_2) U  49940  25842     15
  50847 22616     3810.4016    89     3813.0000     3793.6706  1724353    0.51%  x(c31_3_c34_3) N  50847  45050     40
  51999 22998     3800.2500    74     3813.0000     3794.1128  1755075    0.50%   x(c12_1_c9_1) U  51999  11315     14
  53061 23289     3794.5333    99     3813.0000     3794.5029  1786635    0.49%  x(c13_2_c15_2) U  53061  46452     22
  54063 23519     3799.6502   115     3813.0000     3794.8921  1816115    0.47%  x(c13_2_c15_2) N  54063  45206     28
  55000 23682     3795.3802    90     3813.0000     3795.2352  1841184    0.47%  x(c13_1_c33_1) D  55000  52061     28
Elapsed time = 88.40 sec. (209975.74 ticks, tree = 37.48 MB, solutions = 1)
  56112 23909     3795.8942    76     3813.0000     3795.5944  1871075    0.46%    x(c8_3_c9_3) U  56112  39499     29
  57210 24141     3797.3750    77     3813.0000     3796.0000  1899838    0.45%  x(c30_1_c23_1) N  57210  44973     35
  58272 24424        cutoff           3813.0000     3796.2676  1928890    0.44%    x(c4_1_c2_1) D  58272   1047     10
  59088 24548        cutoff           3813.0000     3796.5215  1949843    0.43%   x(c5_1_c33_1) U  59088  30056     16
  60194 24783     3798.7698   104     3813.0000     3796.8806  1978154    0.42%    x(c4_3_c2_3) D  60194  53283     25
  61286 24971     3804.0326    93     3813.0000     3797.1845  2006204    0.41%     x(Op_c17_3) N  61286  42801     34
  62380 25112     3810.0238   103     3813.0000     3797.5116  2033133    0.41%  x(c16_1_c25_1) U  62380  61124     21
  63460 25212     3798.1070   106     3813.0000     3797.8511  2060137    0.40%  x(c19_1_c23_1) N  63460  43903     37
  64572 25303     3806.3680    65     3813.0000     3798.1846  2087435    0.39%   x(c2_3_c26_3) D  64572  60641     25
  65653 25437     3805.7550    84     3813.0000     3798.5000  2113085    0.38%  x(c11_2_c12_2) N  65653  44164     34
Elapsed time = 102.70 sec. (248150.49 ticks, tree = 40.26 MB, solutions = 1)
  66534 25544        cutoff           3813.0000     3798.7389  2135881    0.37%  x(c17_1_c25_1) U  66534  43794     21
  67653 25598     3799.4732    97     3813.0000     3799.0556  2163167    0.37%    x(c6_1_c9_1) U  67653  64150     23
  68667 25598     3799.5033   106     3813.0000     3799.3369  2188681    0.36%  x(c13_2_c15_2) U  68667  49781     16
  69708 25587     3804.8260   101     3813.0000     3799.6000  2213390    0.35%  x(c11_1_c14_1) N  69708  56772     39
  70819 25581     3808.8613   120     3813.0000     3799.9167  2238303    0.34%   x(c9_1_c11_1) N  70819  45998     21
  71792 25550        cutoff           3813.0000     3800.1569  2260993    0.34%     x(Op_c26_1) U  71792  64467     28
  72899 25442     3805.4181   102     3813.0000     3800.4748  2284377    0.33%   x(c11_2_c9_2) D  72899  72897     19
  74019 25400     3810.6450   100     3813.0000     3800.7995  2309817    0.32%     x(Op_c16_1) N  74019  74018     20
  75007 25283     3803.6330   125     3813.0000     3801.0556  2331112    0.31%   x(c30_1_c2_1) N  75007  62059     18
  76136 25188     3807.6477    71     3813.0000     3801.3149  2354946    0.31%    x(c9_2_c5_2) N  76136  70697     28
Elapsed time = 116.51 sec. (286323.26 ticks, tree = 40.05 MB, solutions = 1)
  77110 25076        cutoff           3813.0000     3801.5500  2374421    0.30%  x(c17_1_c15_1) U  77110  40578     27
  78247 24967        cutoff           3813.0000     3801.8425  2397271    0.29%   x(c2_2_c26_2) U  78247  78246     17
  79401 24826        cutoff           3813.0000     3802.0992  2420816    0.29%  x(c11_2_c14_2) U  79401  60969     35
  80588 24702        cutoff           3813.0000     3802.3682  2443435    0.28%  x(c18_1_c19_1) N  80588  53556     19
  81450 24576     3807.3512   102     3813.0000     3802.5652  2460151    0.27%  x(c11_2_c14_2) U  81450  81449     27
  82623 24363        cutoff           3813.0000     3802.8303  2482555    0.27%  x(c11_2_c12_2) N  82623  66818     25
  83786 24158     3803.2615   123     3813.0000     3803.0727  2504855    0.26%  x(c13_2_c15_2) N  83786  51255     20
  84960 23925        cutoff           3813.0000     3803.3280  2525676    0.25%  x(c17_1_c26_1) D  84960  35319     14
  86150 23666        cutoff           3813.0000     3803.5690  2546851    0.25%  x(c11_2_c12_2) U  86150  41805     31
  87360 23366     3809.0306   102     3813.0000     3803.8707  2567398    0.24%  x(c11_2_c14_2) U  87360  87359     28
Elapsed time = 129.76 sec. (324494.40 ticks, tree = 37.41 MB, solutions = 1)
  88523 23072        cutoff           3813.0000     3804.1116  2588084    0.23%  x(c25_1_c20_1) U  88523  27390     27
  89726 22749     3804.4446   101     3813.0000     3804.3819  2608766    0.23%    x(c4_3_c2_3) N  89726  89725     24
  90993 22353     3804.7356    94     3813.0000     3804.6612  2628006    0.22%  x(c11_2_c12_2) N  90993  81416     23
  92295 21900     3806.0833   111     3813.0000     3804.9583  2646580    0.21%  x(c17_1_c26_1) N  92295  72632     29
  93551 21494        cutoff           3813.0000     3805.1882  2666219    0.20%  x(c11_2_c12_2) U  93551  79626     22
  94795 21029        cutoff           3813.0000     3805.4718  2684600    0.20%   x(c2_2_c25_2) D  94795  62254     39
  96113 20584     3808.0455   115     3813.0000     3805.7104  2703417    0.19%   x(c26_3_c2_3) N  96113  21613     22
  97377 20090        cutoff           3813.0000     3806.0000  2721494    0.18%  x(c28_1_c23_1) U  97377  18836     18
  98637 19692     3806.7818    64     3813.0000     3806.2120  2741152    0.18%  x(c11_2_c12_2) N  98637  98636     43
  99881 19176        cutoff           3813.0000     3806.4632  2759057    0.17%  x(c11_1_c12_1) U  99881  72793     18
Elapsed time = 142.53 sec. (362660.08 ticks, tree = 31.14 MB, solutions = 1)
 101145 18664     3808.1661    69     3813.0000     3806.7000  2776922    0.17%  x(c22_3_c23_3) N 101145  93482     19
 102425 18094        cutoff           3813.0000     3806.9962  2794228    0.16%  x(c13_2_c15_2) D 102425  57193     30
 103726 17473    infeasible           3813.0000     3807.1944  2810979    0.15%   x(c26_1_c2_1) D 103726  66327     21
 104987 16860     3807.8414   134     3813.0000     3807.4449  2827307    0.15%    x(c6_2_c9_2) N 104987  78359     38
 106324 16225     3808.8588    71     3813.0000     3807.6926  2843449    0.14%  x(c22_3_c23_3) N 106324  96760     31
 107672 15543        cutoff           3813.0000     3807.9661  2858434    0.13%  x(c14_1_c33_1) U 107672  43512     31
 108932 14845     3808.1631    91     3813.0000     3808.1634  2873767    0.13%    x(c5_2_c6_2) D 108932 105316     23
 110264 14049     3808.6399    99     3813.0000     3808.4135  2887721    0.12%  x(c11_2_c12_2) N 110264  97060     37
 111557 13218        cutoff           3813.0000     3808.6700  2901422    0.11%  x(c25_1_c18_1) D 111557  94653     20
 112919 12397        cutoff           3813.0000     3808.9640  2915158    0.11%  x(c14_2_c33_2) U 112919  68560     28
Elapsed time = 154.74 sec. (400826.43 ticks, tree = 20.69 MB, solutions = 1)
 114305 11479     3809.1944    20     3813.0000     3809.1944  2928981    0.10%  x(c29_3_c27_3) N 114305 114304     21
 115630 10564     3809.5926    98     3813.0000     3809.4502  2941418    0.09%  x(c21_1_c25_1) N 115630  69027     25
 116976  9555        cutoff           3813.0000     3809.7046  2952846    0.09%  x(c18_1_c19_1) U 116976  21005     15
 118334  8548     3810.5000   100     3813.0000     3810.0000  2964046    0.08%  x(c14_2_c33_2) N 118334 118332     24
 119708  7435        cutoff           3813.0000     3810.2437  2974575    0.07%     x(Op_c26_1) U 119708  96261     17
 121090  6352        cutoff           3813.0000     3810.5138  2985417    0.07%   x(c2_2_c26_2) U 121090  32191     19
 122508  5130        cutoff           3813.0000     3810.8129  2994440    0.06%    x(c4_3_c2_3) U 122508  54346     24
 123929  3904        cutoff           3813.0000     3811.0988  3004319    0.05%  x(c30_1_c23_1) D 123929  69084     19
 125375  2624        cutoff           3813.0000     3811.4040  3013069    0.04%   x(c26_3_c2_3) U 125375  89753     39
 126877  1234        cutoff           3813.0000     3811.7078  3020286    0.03%   x(c9_1_c11_1) U 126877 108583     30
Elapsed time = 166.23 sec. (438986.00 ticks, tree = 3.25 MB, solutions = 1)

Clique cuts applied:  12
Cover cuts applied:  291
Flow cuts applied:  5
Mixed integer rounding cuts applied:  24
Zero-half cuts applied:  5
Gomory fractional cuts applied:  11

Root node processing (before b&c):
  Real time             =    0.30 sec. (678.28 ticks)
Sequential b&c:
  Real time             =  166.74 sec. (443004.72 ticks)
                          ------------
Total (root+branch&cut) =  167.04 sec. (443683.00 ticks)

