Version identifier: 22.1.0.0 | 2022-03-09 | 1a383f8ce
CPXPARAM_Preprocessing_Reduce                    1
CPXPARAM_Threads                                 1
CPXPARAM_Preprocessing_Reformulations            0
CPXPARAM_Emphasis_MIP                            2
CPXPARAM_TimeLimit                               7200
CPXPARAM_MIP_Tolerances_AbsMIPGap                0.98999999999999999
CPXPARAM_MIP_Limits_TreeMemory                   20000
Legacy callback                                  BbD
1 of 1 MIP starts provided solutions.
MIP start 'm1' defined initial solution with objective 5174.0000.
Tried aggregator 1 time.
MIP Presolve modified 1515 coefficients.
Reduced MIP has 1978 rows, 1691 columns, and 8394 nonzeros.
Reduced MIP has 1602 binaries, 0 generals, 0 SOSs, and 0 indicators.
Presolve time = 0.00 sec. (4.78 ticks)
Probing time = 0.00 sec. (2.45 ticks)
Tried aggregator 1 time.
Reduced MIP has 1978 rows, 1691 columns, and 8394 nonzeros.
Reduced MIP has 1602 binaries, 0 generals, 0 SOSs, and 0 indicators.
Presolve time = 0.00 sec. (2.98 ticks)
Probing time = 0.00 sec. (2.46 ticks)
Clique table members: 898.
MIP emphasis: optimality.
MIP search method: traditional branch-and-cut.
Parallel mode: none, using 1 thread.
Root relaxation solution time = 0.00 sec. (7.85 ticks)

        Nodes                                         Cuts/
   Node  Left     Objective  IInf  Best Integer    Best Bound    ItCnt     Gap         Variable B NodeID Parent  Depth

*     0+    0                         5174.0000        0.0000           100.00%
      0     0     4671.7601   108     5174.0000     4671.7601      278    9.71%
      0     0     4911.6578   125     5174.0000      Cuts: 28      401    5.07%
      0     0     4953.1749   117     5174.0000      Cuts: 13      493    4.27%
      0     0     4957.4328   124     5174.0000       Cuts: 5      500    4.19%
      0     0     4970.7112   123     5174.0000   ZeroHalf: 3      523    3.93%
      0     0     4974.5919   136     5174.0000   ZeroHalf: 8      569    3.85%
      0     0     4975.6771   136     5174.0000     Covers: 1      574    3.83%
      0     0     4976.5674   136     5174.0000   ZeroHalf: 2      575    3.82%
      0     0     4977.8990   134     5174.0000   ZeroHalf: 1      578    3.79%
      0     0     4977.8990   135     5174.0000   ZeroHalf: 1      579    3.79%
      0     0     4980.8936   130     5174.0000   ZeroHalf: 1      587    3.73%
      0     0     4983.7403   118     5174.0000       Cuts: 2      615    3.68%
      0     0     4984.1153   120     5174.0000   ZeroHalf: 1      616    3.67%
      0     2     4984.1153   120     5174.0000     4986.4903      616    3.62%                        0             0
Elapsed time = 0.23 sec. (520.06 ticks, tree = 0.01 MB, solutions = 1)
      1     3     4986.5994   130     5174.0000     4986.6009      664    3.62%  x(c19_2_c12_2) D      1      0      1
      3     5     5047.5507   146     5174.0000     4986.6724      775    3.62%  x(c28_1_c29_1) D      3      1      2
      7     8     5031.8768   123     5174.0000     4987.4042      924    3.61%   x(c5_2_c10_2) D      7      5      5
     20    18     5035.8477   119     5174.0000     4987.4042     1206    3.61%   x(c16_1_c9_1) D     20     19     17
     41    31     5041.8756   132     5174.0000     4995.9901     1770    3.44%  x(c13_5_c19_5) D     41     40     13
     67    50     5028.1860   138     5174.0000     5028.1865     2709    2.82%  x(c10_2_c12_2) D     67     66      7
     81    63     5029.5525   138     5174.0000     5028.3524     2987    2.81%  x(c25_3_c18_3) N     81     80     21
     93    75     5090.0753    72     5174.0000     5029.4936     4294    2.79%  x(c16_2_c12_2) U     93     69     10
    109    90     5162.2513   113     5174.0000     5035.1551     6675    2.68%    x(c6_5_c4_5) U    109     78     19
    223   190     5079.9291    96     5174.0000     5062.2581    13479    2.16%  x(c12_4_c20_4) D    223    192     41
Elapsed time = 1.62 sec. (3884.99 ticks, tree = 0.62 MB, solutions = 1)
    358   312     5087.6300   132     5174.0000     5066.5543    21689    2.08%  x(c28_5_c22_5) U    358    302     44
    507   443     5089.3341   145     5174.0000     5070.1106    30953    2.01%  x(c25_3_c18_3) D    507    441     56
    660   576     5079.8209   129     5174.0000     5076.4532    42525    1.89%  x(c26_5_c24_5) D    660    658     20
    825   715     5080.6371   121     5174.0000     5080.6400    53763    1.80%  x(c22_2_c19_2) D    825    784     31
   1019   865     5151.8646   111     5174.0000     5084.2919    64257    1.73%  x(c16_2_c12_2) U   1019    993     29
   1254  1046     5119.3333   105     5174.0000     5086.8321    75052    1.68%  x(c32_2_c18_2) D   1254    113      3
   1531  1267        cutoff           5174.0000     5089.0393    87857    1.64%  x(c26_3_c25_3) D   1531    488     23
   1799  1472     5165.0532   119     5174.0000     5090.8173   100929    1.61%  x(c12_5_c22_5) U   1799    278     24
   2065  1689     5097.9118    88     5174.0000     5092.2419   114119    1.58%   x(c6_1_c34_1) U   2065   1246     13
   2244  1807     5104.8311   152     5174.0000     5093.9912   128387    1.55%  x(c22_3_c12_3) D   2244   2083     31
Elapsed time = 6.22 sec. (13491.41 ticks, tree = 2.30 MB, solutions = 1)
   2441  1926     5108.4669   144     5174.0000     5096.8284   142092    1.49%   x(c9_3_c11_3) U   2441    699     64
   2691  2109     5144.0452   153     5174.0000     5099.3743   157054    1.44%  x(c12_5_c22_5) N   2691   1730     12
   2921  2284     5165.1698   142     5174.0000     5101.9111   171560    1.39%  x(c13_5_c12_5) U   2921   2853     34
   3200  2488     5128.3870   125     5174.0000     5103.8891   184658    1.36%   x(c6_1_c34_1) U   3200    522     47
   3550  2743     5161.1251   153     5174.0000     5105.4636   197948    1.32%   x(c9_1_c18_1) U   3550   3334     54
   3891  3024     5125.4254   148     5174.0000     5106.5816   211067    1.30%  x(c15_3_c25_3) D   3891    572     18
   4187  3245     5107.9513   137     5174.0000     5107.3861   222845    1.29%  x(c27_4_c29_4) D   4187   4186     21
   4525  3484     5155.6673   154     5174.0000     5108.1854   235907    1.27%  x(c12_4_c20_4) U   4525   4294     27
   4815  3664     5119.1410   122     5174.0000     5108.8053   249368    1.26%      x(c4_5_Om) N   4815   4812    104
   5000  3773     5127.3244   119     5174.0000     5109.3656   258342    1.25%   x(c3_2_c31_2) U   5000   4998     21
Elapsed time = 11.03 sec. (23182.34 ticks, tree = 4.30 MB, solutions = 1)
   5302  3996     5149.4692   130     5174.0000     5109.9930   272277    1.24%  x(c27_4_c30_4) U   5302   3216     37
   5600  4195     5130.8247    57     5174.0000     5110.6249   286130    1.22%  x(c10_2_c16_2) U   5600   4517     50
   5895  4336        cutoff           5174.0000     5111.3018   299869    1.21%   x(c4_5_c12_5) U   5895   5275     85
   6179  4488     5115.0386   147     5174.0000     5112.1476   313973    1.20%    x(c5_2_c3_2) U   6179   6178     62
   6489  4637     5150.3095    70     5174.0000     5113.0130   327973    1.18%  x(c26_3_c25_3) U   6489   4197     18
   6760  4777     5154.0115   132     5174.0000     5113.8528   341980    1.16%    x(c6_1_c9_1) U   6760   6290     29
   6989  4851     5119.8236   145     5174.0000     5114.6753   355873    1.15%  x(c13_5_c12_5) N   6989   5966     55
   7168  4921     5160.5811    60     5174.0000     5115.3393   367295    1.13%   x(c5_2_c31_2) U   7168   4946     35
   7434  5053     5134.2023    61     5174.0000     5116.4089   381610    1.11%  x(c12_4_c20_4) D   7434   2243     29
   7682  5184     5125.5800   114     5174.0000     5117.2676   396111    1.10%     x(Op_c15_3) U   7682   7681     72
Elapsed time = 15.94 sec. (32733.99 ticks, tree = 5.82 MB, solutions = 1)
   7953  5297     5157.8608   151     5174.0000     5118.3174   410316    1.08%   x(c9_3_c11_3) D   7953    461     52
   8170  5403        cutoff           5174.0000     5119.2681   422790    1.06%  x(c11_5_c12_5) U   8170   7354     36
   8405  5515     5172.2658   112     5174.0000     5119.9701   437189    1.04%    x(c5_2_c3_2) U   8405   5467     50
   8610  5610     5156.9496   108     5174.0000     5120.8638   451997    1.03%  x(c11_5_c12_5) D   8610   7528     34
   8819  5704     5156.9986   120     5174.0000     5122.0422   466570    1.00%  x(c12_4_c20_4) U   8819   2488     24
   9042  5812     5172.3876   129     5174.0000     5123.0333   481184    0.99%  x(c23_2_c21_2) D   9042   5803     32
   9306  5955     5136.6557    68     5174.0000     5124.1202   495399    0.96%  x(c23_2_c21_2) D   9306   8035     23
   9599  6139     5151.7522   126     5174.0000     5125.0579   509641    0.95%  x(c26_3_c25_3) U   9599    712     21
   9889  6325     5170.2255   116     5174.0000     5125.8373   523764    0.93%  x(c12_5_c22_5) U   9889   8138     20
  10076  6421     5134.5818    86     5174.0000     5126.2589   532106    0.92%  x(c12_4_c20_4) D  10076   8401     23
Elapsed time = 20.78 sec. (42293.53 ticks, tree = 7.22 MB, solutions = 1)
  10353  6568     5127.5017   137     5174.0000     5127.0420   546688    0.91%  x(c24_5_c12_5) D  10353  10352     30
  10674  6719     5143.3524   141     5174.0000     5127.7576   560682    0.89%  x(c13_5_c12_5) D  10674    816     22
  10924  6799        cutoff           5174.0000     5128.4792   574623    0.88%  x(c22_3_c12_3) U  10924   9927     26
  11170  6874     5158.1964    82     5174.0000     5129.2948   587895    0.86%  x(c25_3_c18_3) D  11170   9705     23
  11451  6992     5148.1540   146     5174.0000     5129.9943   602038    0.85%  x(c31_2_c29_2) U  11451   7002     29
  11705  7090        cutoff           5174.0000     5130.6969   616347    0.84%  x(c18_2_c32_2) U  11705   6490     53
  11963  7143     5151.0932   145     5174.0000     5131.4640   630451    0.82%  x(c12_4_c20_4) U  11963   8994     16
  12234  7263     5165.4618   133     5174.0000     5132.1719   644882    0.81%  x(c12_4_c18_4) U  12234  12233     31
  12511  7382     5138.6562    85     5174.0000     5132.9286   659257    0.79%  x(c22_3_c12_3) D  12511   8134     18
  12815  7470        cutoff           5174.0000     5133.7050   673373    0.78%     x(Op_c31_2) U  12815   8426     35
Elapsed time = 25.60 sec. (51857.72 ticks, tree = 8.29 MB, solutions = 1)
  13115  7577     5159.7590   143     5174.0000     5134.3694   686946    0.77%  x(c22_4_c29_4) D  13115   7434     30
  13435  7691        cutoff           5174.0000     5135.1070   700911    0.75%  x(c12_5_c22_5) U  13435   8649     26
  13725  7811        cutoff           5174.0000     5135.7912   714723    0.74%  x(c13_5_c19_5) U  13725   9323     56
  14000  7874     5142.4440   107     5174.0000     5136.4319   725526    0.73%  x(c11_5_c12_5) D  14000  11305     14
  14288  7944     5139.7812   109     5174.0000     5137.0667   739104    0.71%  x(c23_2_c21_2) U  14288  14286     20
  14624  8043        cutoff           5174.0000     5137.6729   752857    0.70%   x(c9_1_c10_1) D  14624   9411     20
  14949  8136     5170.6667    91     5174.0000     5138.4216   766203    0.69%   x(c13_5_c2_5) D  14949   5485     28
  15251  8209     5141.1639   127     5174.0000     5139.0473   779778    0.68%  x(c31_2_c29_2) U  15251  15250     27
  15574  8292     5145.4640    91     5174.0000     5139.6507   793208    0.66%  x(c12_4_c20_4) D  15574  11173     14
  15862  8336        cutoff           5174.0000     5140.3459   806654    0.65%  x(c22_3_c12_3) D  15862  12029     21
Elapsed time = 30.54 sec. (61744.47 ticks, tree = 9.50 MB, solutions = 1)
  16133  8334     5147.5798    60     5174.0000     5140.9150   816822    0.64%  x(c27_4_c29_4) N  16133  15481     23
  16463  8337     5168.2466   107     5174.0000     5141.6621   830231    0.63%  x(c12_4_c20_4) U  16463  13568     14
  16803  8304     5168.2269   143     5174.0000     5142.3947   843343    0.61%  x(c12_5_c22_5) N  16803   8532     46
  17118  8288     5161.3044   123     5174.0000     5143.1036   856415    0.60%    x(c9_1_c8_1) N  17118   8916     17
  17451  8290     5165.9205   128     5174.0000     5143.8138   869288    0.58%   x(c2_3_c31_3) N  17451  13820     26
  17747  8238     5148.6016    82     5174.0000     5144.5606   881507    0.57%  x(c27_4_c29_4) N  17747  14121     16
  18107  8166     5150.2765    76     5174.0000     5145.2778   893816    0.56%  x(c23_2_c21_2) U  18107  14930     28
  18458  8136        cutoff           5174.0000     5146.0667   907234    0.54%  x(c18_2_c32_2) U  18458   9191     28
  18822  8147        cutoff           5174.0000     5146.8208   920409    0.53%  x(c22_3_c25_3) D  18822   5769     17
  19136  8118        cutoff           5174.0000     5147.4819   930799    0.51%   x(c34_4_c4_4) U  19136  10650     25
Elapsed time = 35.29 sec. (71297.84 ticks, tree = 9.24 MB, solutions = 1)
  19522  8076     5151.1333    93     5174.0000     5148.1674   943080    0.50%  x(c31_2_c29_2) N  19522  17314     24
  19855  8045        cutoff           5174.0000     5148.8946   954796    0.49%    x(c8_1_c6_1) D  19855  16882     20
  20254  8001        cutoff           5174.0000     5149.6680   967535    0.47%  x(c31_2_c29_2) D  20254  17128     30
  20651  7938     5161.0654   120     5174.0000     5150.3426   979606    0.46%  x(c31_2_c29_2) D  20651  18711     24
  21000  7920     5151.0000    59     5174.0000     5151.0000   990218    0.44%    x(c3_5_c4_5) N  21000  19809     20
  21443  7868        cutoff           5174.0000     5151.6927  1001851    0.43%  x(c24_5_c12_5) D  21443   9943     34
  21864  7856     5154.0080   111     5174.0000     5152.3913  1013226    0.42%   x(c18_2_c8_2) D  21864  21862     23
  22291  7852        cutoff           5174.0000     5153.0714  1025085    0.40%   x(c3_2_c31_2) U  22291  22290     25
  22695  7816     5166.1683   110     5174.0000     5153.5802  1035751    0.39%    x(c8_1_c6_1) N  22695  21547     19
  23100  7768     5155.6357    68     5174.0000     5154.1364  1046043    0.38%  x(c22_2_c19_2) D  23100  20119     30
Elapsed time = 39.91 sec. (80906.09 ticks, tree = 8.87 MB, solutions = 1)
  23543  7741        cutoff           5174.0000     5154.6667  1057885    0.37%    x(c8_2_c5_2) D  23543  15580     31
  23979  7729     5170.9432    91     5174.0000     5155.2663  1068890    0.36%   x(c34_4_c3_4) U  23979  18310     24
  24427  7645     5156.3725    83     5174.0000     5155.8334  1079476    0.35%  x(c22_2_c19_2) N  24427  24425     26
  24876  7572        cutoff           5174.0000     5156.4119  1089546    0.34%  x(c23_2_c21_2) U  24876  19523     20
  25240  7574     5159.4139   127     5174.0000     5156.8182  1098704    0.33%   x(c3_2_c31_2) D  25240  25238     24
  25700  7553        cutoff           5174.0000     5157.3276  1109656    0.32%    x(c8_2_c5_2) D  25700  21255     19
  26176  7536     5157.8056   112     5174.0000     5157.8068  1120443    0.31%    x(c6_1_c9_1) D  26176  17969     29
  26619  7461     5158.4902    85     5174.0000     5158.3036  1130489    0.30%  x(c15_3_c26_3) N  26619  22312     40
  27000  7506     5158.6138    37     5174.0000     5158.6138  1138920    0.30%   x(c5_3_c13_3) D  27000  26998     50
  28850  7241    infeasible           5174.0000     5160.3431  1176522    0.26%   x(c4_1_c34_1) D  28850  28009     58
Elapsed time = 45.67 sec. (93322.04 ticks, tree = 8.43 MB, solutions = 1)
  30832  6788        cutoff           5174.0000     5162.2603  1212647    0.23%   x(c9_1_c10_1) N  30832  12365     31
  32588  6095        cutoff           5174.0000     5163.9463  1243718    0.19%    x(c8_1_c6_1) U  32588  28671     22
  34607  5148     5168.0000    66     5174.0000     5166.0000  1276537    0.15%    x(c6_5_c4_5) N  34607  18117     38
  36850  3764        cutoff           5174.0000     5168.1847  1304832    0.11%     x(c10_2_Om) U  36850  33167     41
  39421  1707        cutoff           5174.0000     5170.8360  1326979    0.06%   x(c9_1_c12_1) D  39421   6689     60

Clique cuts applied:  15
Cover cuts applied:  136
Flow cuts applied:  2
Mixed integer rounding cuts applied:  14
Zero-half cuts applied:  16
Multi commodity flow cuts applied:  1
Lift and project cuts applied:  1
Gomory fractional cuts applied:  3

Root node processing (before b&c):
  Real time             =    0.23 sec. (520.14 ticks)
Sequential b&c:
  Real time             =   54.72 sec. (114631.61 ticks)
                          ------------
Total (root+branch&cut) =   54.95 sec. (115151.75 ticks)

