Version identifier: 22.1.0.0 | 2022-03-09 | 1a383f8ce
CPXPARAM_Preprocessing_Reduce                    1
CPXPARAM_Threads                                 1
CPXPARAM_Preprocessing_Reformulations            0
CPXPARAM_Emphasis_MIP                            2
CPXPARAM_TimeLimit                               7200
CPXPARAM_MIP_Tolerances_AbsMIPGap                0.98999999999999999
CPXPARAM_MIP_Limits_TreeMemory                   20000
Legacy callback                                  BbD
1 of 1 MIP starts provided solutions.
MIP start 'm1' defined initial solution with objective 5174.0000.
Tried aggregator 1 time.
MIP Presolve modified 1515 coefficients.
Reduced MIP has 1978 rows, 1691 columns, and 8394 nonzeros.
Reduced MIP has 1602 binaries, 0 generals, 0 SOSs, and 0 indicators.
Presolve time = 0.00 sec. (4.78 ticks)
Probing time = 0.00 sec. (2.45 ticks)
Tried aggregator 1 time.
Reduced MIP has 1978 rows, 1691 columns, and 8394 nonzeros.
Reduced MIP has 1602 binaries, 0 generals, 0 SOSs, and 0 indicators.
Presolve time = 0.00 sec. (2.98 ticks)
Probing time = 0.00 sec. (2.46 ticks)
Clique table members: 898.
MIP emphasis: optimality.
MIP search method: traditional branch-and-cut.
Parallel mode: none, using 1 thread.
Root relaxation solution time = 0.00 sec. (5.97 ticks)

        Nodes                                         Cuts/
   Node  Left     Objective  IInf  Best Integer    Best Bound    ItCnt     Gap         Variable B NodeID Parent  Depth

*     0+    0                         5174.0000        0.0000           100.00%
      0     0     4671.7355   112     5174.0000     4671.7355      258    9.71%
      0     0     4908.6973    96     5174.0000      Cuts: 28      425    5.13%
      0     0     4927.4587   127     5174.0000       Cuts: 6      478    4.77%
      0     0     4934.3001   111     5174.0000       Cuts: 4      524    4.63%
      0     0     4943.3975   134     5174.0000       Cuts: 3      543    4.46%
      0     0     4947.8935   124     5174.0000   ZeroHalf: 1      564    4.37%
      0     0     4952.4482   133     5174.0000       Cuts: 2      591    4.28%
      0     0     4953.8207   126     5174.0000   ZeroHalf: 6      607    4.26%
      0     0     4954.0927   147     5174.0000   ZeroHalf: 2      616    4.25%
      0     0     4955.8315   142     5174.0000       Cuts: 2      638    4.22%
      0     0     4957.0927   138     5174.0000       Cuts: 7      669    4.19%
      0     2     4957.0927   138     5174.0000     4958.7594      669    4.16%                        0             0
Elapsed time = 0.22 sec. (518.43 ticks, tree = 0.01 MB, solutions = 1)
      3     5     4962.2990   118     5174.0000     4962.4242      781    4.09%  x(c23_4_c27_4) U      3      2      3
     10    12     5006.9821   127     5174.0000     4965.7904     1010    4.02%   x(c10_2_c8_2) D     10      8      8
     21    18     5012.7405   143     5174.0000     4965.7904     1285    4.02%  x(c22_4_c23_4) N     21      1      2
     40    34     5029.5216   109     5174.0000     4965.7904     1725    4.02%   x(c33_4_c6_4) U     40     39     21
     66    51     5032.1484   115     5174.0000     4965.7904     2185    4.02%  x(c23_4_c27_4) N     66      2      3
     81    66     5059.0315   142     5174.0000     5025.8812     3656    2.86%  x(c18_2_c10_2) U     81     12     10
    105    90     5061.7011   132     5174.0000     5029.1286     4966    2.80%  x(c18_2_c10_2) D    105     12     10
    142   120     5141.5613   138     5174.0000     5032.2206     6658    2.74%   x(c4_4_c25_4) N    142    118     14
    170   135     5095.3925   137     5174.0000     5037.3893     8472    2.64%    x(c4_4_c3_4) D    170    100     10
    328   285     5086.9235   127     5174.0000     5052.0003    17665    2.36%    x(c4_4_c3_4) U    328    241     13
Elapsed time = 1.62 sec. (3708.46 ticks, tree = 1.02 MB, solutions = 1)
    450   394     5084.6708   120     5174.0000     5057.6084    26465    2.25%  x(c21_1_c28_1) U    450    424     33
    576   498     5069.0819   114     5174.0000     5068.1026    37602    2.05%    x(c7_3_c8_3) D    576    532     41
    754   660     5120.8147   105     5174.0000     5071.1346    46214    1.99%  x(c12_4_c13_4) U    754    714     47
    959   835     5076.2728   144     5174.0000     5075.8824    58723    1.90%    x(c5_2_c3_2) D    959    958     22
   1217  1065     5078.9203   110     5174.0000     5077.9929    70136    1.86%     x(c30_4_Om) D   1217   1216     29
   1465  1265     5098.2790   120     5174.0000     5079.8089    82599    1.82%   x(c12_1_c9_1) D   1465   1463     26
   1792  1556     5088.6778   113     5174.0000     5081.9367    95352    1.78%   x(c6_4_c29_4) U   1792   1556     17
   2092  1801     5084.6417    93     5174.0000     5083.5169   108591    1.75%  x(c16_4_c25_4) U   2092   1682     15
   2383  2059     5111.5136    92     5174.0000     5084.9481   122005    1.72%   x(c8_2_c10_2) D   2383   2381     16
   2717  2341     5108.1213   135     5174.0000     5085.8607   134282    1.70%   x(c12_3_c9_3) U   2717   2715     60
Elapsed time = 6.14 sec. (13293.27 ticks, tree = 3.49 MB, solutions = 1)
   3000  2566     5088.7474   131     5174.0000     5086.6861   145703    1.69%   x(c8_5_c10_5) D   3000   1642     22
   3286  2776     5095.5444    71     5174.0000     5087.7119   158892    1.67%   x(c12_2_c8_2) U   3286   1432     16
   3567  2993     5116.0877   101     5174.0000     5088.6986   173167    1.65%   x(c12_2_c8_2) D   3567   1432     16
   3904  3246     5137.0709   132     5174.0000     5089.4869   185428    1.63%   x(c3_4_c25_4) U   3904   3761     19
   4193  3442     5091.0597   148     5174.0000     5090.3100   195775    1.62%   x(c4_4_c34_4) D   4193   4192     10
   4539  3695     5091.6997   129     5174.0000     5091.0896   209563    1.60%  x(c30_4_c14_4) D   4539   4538     35
   4887  3938     5144.4864   147     5174.0000     5091.8328   223287    1.59%   x(c3_4_c25_4) U   4887   4886     17
   5092  4114     5092.5101    75     5174.0000     5092.2351   230439    1.58%  x(c29_4_c30_4) U   5092   5091     51
   5378  4339     5104.9713   112     5174.0000     5092.8849   243602    1.57%  x(c30_4_c34_4) U   5378   1022     17
   5620  4451     5127.8329   126     5174.0000     5093.8939   258842    1.55%  x(c30_4_c29_4) U   5620   5240     19
Elapsed time = 10.71 sec. (22950.28 ticks, tree = 5.64 MB, solutions = 1)
   5871  4582     5159.9984    92     5174.0000     5095.0080   274033    1.53%     x(Op_c25_4) U   5871   1592     19
   6015  4682     5151.9662    92     5174.0000     5095.8125   284066    1.51%  x(c27_4_c29_4) U   6015    649     10
   6304  4867     5104.3758    92     5174.0000     5096.7752   298341    1.49%  x(c16_4_c13_4) D   6304   2377     30
   6624  5102     5121.6927   127     5174.0000     5097.6285   312471    1.48%  x(c19_2_c21_2) U   6624   5660     17
   6968  5337     5129.9989    95     5174.0000     5098.5427   326911    1.46%    x(c6_4_c3_4) D   6968    900     26
   7317  5573     5124.5519    75     5174.0000     5099.3885   340789    1.44%   x(c4_4_c13_4) U   7317   6973     40
   7660  5795     5105.4202    90     5174.0000     5100.1922   354966    1.43%  x(c15_4_c25_4) D   7660   6688     35
   8000  6040     5101.4404    90     5174.0000     5100.8962   369113    1.41%  x(c33_4_c16_4) D   8000   7999     49
   8348  6280     5115.7875   110     5174.0000     5101.5981   383419    1.40%  x(c30_4_c34_4) D   8348   6961     24
   8751  6569        cutoff           5174.0000     5102.1862   397110    1.39%   x(c27_4_c3_4) U   8751   4433     40
Elapsed time = 15.50 sec. (32933.69 ticks, tree = 7.68 MB, solutions = 1)
   9077  6726        cutoff           5174.0000     5102.8488   411501    1.38%  x(c23_4_c29_4) U   9077   6884     26
   9396  6890     5133.0590    70     5174.0000     5103.6207   425919    1.36%  x(c10_5_c11_5) U   9396   6480     20
   9739  7085     5106.6162    90     5174.0000     5104.3819   440075    1.35%  x(c25_4_c22_4) U   9739   9738     67
  10000  7244     5105.5485    95     5174.0000     5104.8940   450941    1.34%   x(c12_4_c6_4) D  10000   9999     50
  10377  7475     5105.9163   139     5174.0000     5105.5831   465319    1.32%  x(c10_5_c11_5) D  10377  10376     51
  10748  7758     5106.2897    91     5174.0000     5106.0366   478668    1.31%  x(c19_2_c21_2) D  10748   9860     32
  11103  7955     5119.5137   100     5174.0000     5106.6628   492925    1.30%  x(c11_3_c10_3) D  11103  11101     32
  11488  8215     5148.2463   112     5174.0000     5107.1576   506871    1.29%  x(c23_4_c27_4) U  11488  10810     19
  11870  8432     5123.0630    99     5174.0000     5107.7325   520249    1.28%  x(c19_2_c21_2) D  11870   6422     65
  12126  8579     5127.4474    86     5174.0000     5108.1486   534338    1.27%  x(c12_4_c22_4) D  12126   1714     12
Elapsed time = 20.20 sec. (42752.87 ticks, tree = 9.97 MB, solutions = 1)
  12439  8775     5144.8315    80     5174.0000     5108.6279   547931    1.26%    x(c7_3_c8_3) U  12439   2398     21
  12797  8990     5109.5332    39     5174.0000     5109.1589   561683    1.25%  x(c34_4_c29_4) D  12797  12796     32
  13067  9153     5133.2209   138     5174.0000     5109.5719   572816    1.25%   x(c34_4_c6_4) D  13067   9489     44
  13390  9357     5112.6338   111     5174.0000     5109.9894   586464    1.24%   x(c12_2_c8_2) U  13390  13389     26
  13730  9555     5141.0354   101     5174.0000     5110.5121   600420    1.23%  x(c19_2_c21_2) U  13730  10807     16
  14051  9737        cutoff           5174.0000     5111.0064   614648    1.22%     x(Op_c34_4) U  14051   9250     58
  14381  9923     5153.3056    96     5174.0000     5111.4890   628775    1.21%  x(c19_2_c21_2) U  14381  12255     21
  14673 10097     5162.4150   120     5174.0000     5111.9562   642895    1.20%  x(c23_4_c27_4) U  14673   8038     17
  15000 10309     5117.3205    86     5174.0000     5112.4236   655987    1.19%   x(c3_2_c34_2) U  15000  14999     24
  15390 10585     5125.2921    82     5174.0000     5112.8489   669560    1.18%   x(c6_1_c34_1) D  15390  15388     35
Elapsed time = 24.87 sec. (52535.56 ticks, tree = 11.99 MB, solutions = 1)
  15695 10768     5125.5888    68     5174.0000     5113.1945   683698    1.18%  x(c13_4_c15_4) D  15695  14076     35
  15959 10893     5117.0014    96     5174.0000     5113.6273   698479    1.17%  x(c19_2_c21_2) D  15959   7136     17
  16201 10989        cutoff           5174.0000     5114.0202   713300    1.16%  x(c19_2_c32_2) U  16201  14650     33
  16481 11131     5119.2021   103     5174.0000     5114.4483   728455    1.15%   x(c8_5_c10_5) D  16481   9438     26
  16810 11303     5172.1902   102     5174.0000     5114.8824   742466    1.14%  x(c27_4_c34_4) U  16810  16353     28
  17032 11414     5131.0223    48     5174.0000     5115.1813   752733    1.14%  x(c12_3_c11_3) U  17032  12143     34
  17328 11567     5116.9282    86     5174.0000     5115.5948   767125    1.13%   x(c5_2_c31_2) D  17328  17327     61
  17635 11730        cutoff           5174.0000     5115.9624   780543    1.12%  x(c19_2_c32_2) U  17635    991     33
  17942 11889     5117.2281   125     5174.0000     5116.3250   794430    1.11%  x(c22_4_c29_4) D  17942  17941     57
  18232 12050     5154.9490   124     5174.0000     5116.6617   809077    1.11%    x(c6_4_c3_4) U  18232  14539     25
Elapsed time = 29.48 sec. (62096.07 ticks, tree = 13.43 MB, solutions = 1)
  18505 12211     5172.3750    77     5174.0000     5116.9907   822398    1.10%   x(c3_4_c14_4) N  18505   8840     46
  18793 12393     5136.9373    73     5174.0000     5117.3107   836906    1.10%   x(c7_3_c31_3) U  18793  18791     29
  19128 12614     5125.9028    85     5174.0000     5117.5750   849858    1.09%  x(c13_4_c14_4) U  19128   9123     19
  19492 12886     5127.4639   112     5174.0000     5117.8880   863371    1.08%  x(c14_2_c10_2) D  19492  18414     29
  19780 13064     5118.2241   107     5174.0000     5118.1620   877499    1.08%  x(c19_2_c21_2) D  19780  18749     29
  20053 13226     5159.4444    66     5174.0000     5118.3976   892431    1.07%    x(c7_3_c8_3) U  20053   2543     25
  20392 13441     5123.5872    82     5174.0000     5118.6542   906156    1.07%   x(c2_3_c31_3) D  20392  14875     34
  20710 13645     5155.9915    80     5174.0000     5118.9052   920277    1.06%   x(c4_4_c16_4) U  20710  14793     39
  21000 13782     5161.6819   103     5174.0000     5119.1962   934496    1.06%  x(c19_2_c21_2) U  21000  19350     39
  21346 13983     5119.5407   117     5174.0000     5119.4553   947982    1.05%  x(c10_5_c11_5) D  21346  16481     27
Elapsed time = 34.18 sec. (71969.79 ticks, tree = 15.40 MB, solutions = 1)
  21675 14116     5119.7832    96     5174.0000     5119.7832   961533    1.05%   x(c4_4_c14_4) D  21675  20763     45
  22000 14306     5148.4083    84     5174.0000     5120.0133   974421    1.04%  x(c27_4_c29_4) U  22000   5571     21
  22300 14451     5160.9673    99     5174.0000     5120.2946   988512    1.04%  x(c10_3_c13_3) U  22300  11871     33
  22574 14579        cutoff           5174.0000     5120.5570  1002818    1.03%  x(c12_4_c22_4) U  22574  21193     24
  22867 14729        cutoff           5174.0000     5120.8250  1017545    1.03%  x(c18_4_c12_4) D  22867  22255     53
  23058 14827     5157.3903    89     5174.0000     5121.0041  1026746    1.02%     x(c10_3_Om) U  23058  22713     49
  23346 14977     5121.3557    69     5174.0000     5121.2379  1040779    1.02%  x(c14_2_c10_2) D  23346  23345     29
  23636 15134     5121.6456    94     5174.0000     5121.5001  1055294    1.01%  x(c29_1_c26_1) D  23636  18796     29
  23913 15250     5149.5878    65     5174.0000     5121.7998  1069468    1.01%  x(c29_4_c30_4) D  23913   1280     21
  24160 15401     5146.1696    96     5174.0000     5121.9951  1080256    1.01%   x(c8_5_c10_5) D  24160  15624     29
Elapsed time = 38.81 sec. (81633.71 ticks, tree = 16.85 MB, solutions = 1)
  24462 15572     5122.3025    83     5174.0000     5122.2010  1093759    1.00%   x(c12_2_c8_2) U  24462  22622     19
  24740 15723     5123.0205   108     5174.0000     5122.4195  1107283    1.00%  x(c18_2_c32_2) D  24740  24739     25
  25000 15814     5133.0100    95     5174.0000     5122.7080  1121981    0.99%  x(c14_2_c10_2) U  25000  21108     25
  25259 15946     5128.2135   128     5174.0000     5122.9200  1136887    0.99%  x(c30_4_c14_4) D  25259   5243     22
  25530 16089     5170.8302    97     5174.0000     5123.1868  1151020    0.98%  x(c29_1_c28_1) U  25530  23168     29
  25819 16251     5152.8278    81     5174.0000     5123.4122  1164917    0.98%  x(c11_5_c12_5) U  25819  25818     36
  26083 16387        cutoff           5174.0000     5123.6125  1179077    0.97%  x(c30_4_c29_4) D  26083  10280     38
  26379 16570        cutoff           5174.0000     5123.8703  1193291    0.97%   x(c6_4_c13_4) U  26379   8499     50
  26685 16729     5165.7160   137     5174.0000     5124.0920  1207443    0.96%   x(c8_5_c10_5) U  26685   4679     17
  27877 17348     5147.5940   111     5174.0000     5125.0207  1263797    0.95%  x(c13_4_c14_4) N  27877  17464     14
Elapsed time = 44.79 sec. (94064.27 ticks, tree = 19.53 MB, solutions = 1)
  29032 17886        cutoff           5174.0000     5125.7627  1317478    0.93%  x(c23_1_c28_1) D  29032   5547     34
  30132 18391     5148.6193    66     5174.0000     5126.5663  1368500    0.92%  x(c14_4_c16_4) U  30132  30129     49
  31303 18966     5145.1737    99     5174.0000     5127.4031  1423001    0.90%  x(c12_4_c22_4) U  31303  13148     18
  32426 19459     5151.8333    77     5174.0000     5128.1937  1475297    0.89%  x(c13_4_c14_4) U  32426  12932     33
  33630 20008     5172.4924    96     5174.0000     5129.0792  1532830    0.87%  x(c10_5_c11_5) U  33630  10794     54
  34639 20480     5131.2334   142     5174.0000     5129.8189  1583868    0.85%  x(c19_2_c32_2) D  34639  28935     28
  35867 21019     5141.8314    89     5174.0000     5130.6756  1638590    0.84%   x(c2_3_c31_3) D  35867  35865     51
  36851 21492     5147.8385    98     5174.0000     5131.3096  1685564    0.83%  x(c18_2_c32_2) D  36851   9150     28
  38011 22031     5168.6864   103     5174.0000     5132.0833  1739681    0.81%  x(c12_4_c13_4) U  38011  23281     42
  39149 22533     5150.1909   122     5174.0000     5132.7591  1794250    0.80%  x(c13_4_c14_4) U  39149  39147     34
Elapsed time = 62.96 sec. (132253.67 ticks, tree = 25.04 MB, solutions = 1)
  40300 23010     5154.7011   109     5174.0000     5133.4655  1849288    0.78%  x(c10_5_c11_5) U  40300  22877     25
  41371 23514        cutoff           5174.0000     5134.0982  1899109    0.77%   x(c4_4_c14_4) U  41371  37179     33
  42459 23951     5169.2304   108     5174.0000     5134.7572  1946898    0.76%  x(c10_5_c11_5) U  42459  42458     25
  43672 24488     5158.3509    73     5174.0000     5135.3414  2000140    0.75%   x(c6_1_c34_1) D  43672  43670     38
  44943 25092     5136.9625   130     5174.0000     5135.9264  2051917    0.74%  x(c20_4_c23_4) D  44943  42523     31
  46000 25463     5140.4375    56     5174.0000     5136.5341  2106403    0.72%  x(c19_2_c32_2) D  46000  38839     27
  47120 25873        cutoff           5174.0000     5137.1899  2160362    0.71%   x(c4_4_c30_4) U  47120  31020     33
  48095 26197     5163.5692   113     5174.0000     5137.7380  2206640    0.70%  x(c19_2_c21_2) D  48095  10371     20
  49267 26570     5144.9920    88     5174.0000     5138.4276  2260153    0.69%  x(c30_4_c29_4) D  49267  24144     22
  50268 26908        cutoff           5174.0000     5139.0052  2307675    0.68%   x(c6_4_c14_4) U  50268  40633     69
Elapsed time = 80.93 sec. (170478.02 ticks, tree = 29.77 MB, solutions = 1)
  51456 27216     5141.6444   124     5174.0000     5139.6549  2360825    0.66%  x(c21_1_c28_1) D  51456  37740     20
  52690 27631     5141.3148    92     5174.0000     5140.3163  2412945    0.65%  x(c30_4_c29_4) N  52690  50024     32
  53930 28075     5141.8287    84     5174.0000     5140.9061  2465406    0.64%  x(c11_5_c10_5) U  53930  53928     52
  55099 28521     5160.7484   101     5174.0000     5141.4663  2513970    0.63%  x(c11_5_c12_5) U  55099  55098     29
  56334 28931     5158.5345   128     5174.0000     5142.0257  2566297    0.62%  x(c12_2_c32_2) U  56334  54265     39
  57581 29418     5142.4900    83     5174.0000     5142.4904  2617053    0.61%  x(c30_4_c29_4) D  57581  55853     26
  58829 29853        cutoff           5174.0000     5142.9517  2666648    0.60%  x(c34_1_c27_1) U  58829  50322     39
  60011 30302     5151.6200   116     5174.0000     5143.3917  2711236    0.59%   x(c2_3_c31_3) U  60011  42874     45
  61370 30758     5144.4988    93     5174.0000     5143.9042  2762321    0.58%  x(c29_4_c27_4) D  61370  30468     23
  62573 31191     5144.6880    73     5174.0000     5144.3251  2807633    0.57%  x(c16_4_c25_4) U  62573  60303     23
Elapsed time = 98.66 sec. (208647.79 ticks, tree = 34.34 MB, solutions = 1)
  63841 31569     5169.5410    70     5174.0000     5144.7913  2858224    0.56%  x(c13_4_c15_4) U  63841  57865     33
  65232 32077     5149.8790   158     5174.0000     5145.2505  2908319    0.56%  x(c14_4_c13_4) U  65232  65231     25
  66545 32469        cutoff           5174.0000     5145.7088  2956922    0.55%   x(c8_5_c10_5) U  66545  45161     22
  67843 32921     5156.1501    98     5174.0000     5146.1263  3007592    0.54%   x(c8_5_c10_5) N  67843  51834     28
  68960 33291     5147.4535   112     5174.0000     5146.4869  3047955    0.53%  x(c11_5_c12_5) D  68960  56022     44
  70224 33622     5146.9808    99     5174.0000     5146.8719  3091912    0.52%  x(c23_4_c22_4) U  70224  70223     32
  71575 33998     5157.7788    78     5174.0000     5147.2624  3138702    0.52%  x(c10_3_c13_3) D  71575  63619     47
  72941 34388     5147.6709    71     5174.0000     5147.6716  3186461    0.51%  x(c15_3_c13_3) D  72941  69987     46
  74288 34752        cutoff           5174.0000     5148.1031  3233947    0.50%  x(c11_5_c12_5) N  74288  64433     21
  75569 35134     5149.6319    91     5174.0000     5148.4429  3279134    0.49%  x(c16_4_c13_4) D  75569  38780     27
Elapsed time = 116.15 sec. (246804.44 ticks, tree = 40.08 MB, solutions = 1)
  76847 35444        cutoff           5174.0000     5148.8036  3323406    0.49%  x(c18_2_c32_2) U  76847  76846     22
  78116 35813     5161.4240    71     5174.0000     5149.1191  3364913    0.48%  x(c10_3_c33_3) U  78116  78115     32
  79554 36170        cutoff           5174.0000     5149.4874  3412212    0.47%  x(c18_3_c10_3) U  79554  74364     38
  80956 36523     5171.2630   114     5174.0000     5149.8304  3458948    0.47%   x(c5_2_c10_2) D  80956  66156     48
  82293 36880     5165.3667    71     5174.0000     5150.1274  3505692    0.46%   x(c7_3_c10_3) D  82293   5341     43
  83698 37159     5158.5646   118     5174.0000     5150.4956  3552534    0.45%  x(c13_4_c14_4) U  83698  83697     21
  85043 37407        cutoff           5174.0000     5150.8266  3599227    0.45%  x(c10_2_c32_2) U  85043  79556     40
  86164 37640        cutoff           5174.0000     5151.1196  3639111    0.44%  x(c23_4_c22_4) U  86164  65453     11
  87294 37754        cutoff           5174.0000     5151.4301  3682806    0.44%     x(c12_4_Om) D  87294  41108     37
  88532 37932     5161.1595   124     5174.0000     5151.7638  3727540    0.43%  x(c13_4_c14_4) U  88532  47118     21
Elapsed time = 133.47 sec. (284963.89 ticks, tree = 43.12 MB, solutions = 1)
  89817 38102     5154.5896   140     5174.0000     5152.1199  3774342    0.42%  x(c23_4_c27_4) D  89817  75574     29
  90783 38103     5156.8328   106     5174.0000     5152.4004  3813518    0.42%     x(Op_c15_3) N  90783  45195     37
  91820 38050     5170.8848   115     5174.0000     5152.7111  3856103    0.41%  x(c11_5_c10_5) N  91820  54809     31
  92929 38054        cutoff           5174.0000     5153.0157  3900317    0.41%    x(c8_1_c6_1) D  92929  60045     40
  94069 38034        cutoff           5174.0000     5153.3759  3944162    0.40%  x(c30_4_c29_4) U  94069  53810     29
  95296 37995        cutoff           5174.0000     5153.7314  3989227    0.39%    x(c9_3_c8_3) U  95296  87660     35
  96330 37968     5170.2794    94     5174.0000     5154.0362  4029251    0.39%   x(c9_3_c10_3) N  96330  89537     39
  97519 37948     5154.7069   116     5174.0000     5154.3776  4072248    0.38%  x(c15_3_c13_3) N  97519  93667     18
  98719 37949        cutoff           5174.0000     5154.7395  4117195    0.37%  x(c27_4_c23_4) D  98719  83695     28
 100000 37956     5156.2069    72     5174.0000     5155.0866  4160877    0.37%  x(c29_1_c34_1) D 100000  99999     36
Elapsed time = 151.04 sec. (323277.62 ticks, tree = 43.45 MB, solutions = 1)
 101313 37880        cutoff           5174.0000     5155.4532  4203120    0.36%   x(c7_3_c31_3) U 101313  61532     39
 102574 37844     5161.2583    94     5174.0000     5155.8202  4246406    0.35%   x(c4_4_c34_4) N 102574  79637     28
 103849 37771     5161.8971    85     5174.0000     5156.2000  4288439    0.34%  x(c14_4_c23_4) N 103849  78433     35
 105126 37739        cutoff           5174.0000     5156.5376  4330921    0.34%   x(c2_3_c31_3) D 105126  81892     28
 106438 37654     5162.5594   114     5174.0000     5156.8905  4370615    0.33%  x(c12_2_c32_2) N 106438  89137     39
 107742 37600        cutoff           5174.0000     5157.2239  4409704    0.32%   x(c12_2_c8_2) D 107742   6855     50
 109000 37591     5163.3773    36     5174.0000     5157.5391  4446862    0.32%  x(c11_3_c10_3) D 109000 101312     42
 110347 37579     5159.0938   117     5174.0000     5157.8617  4487833    0.31%  x(c30_4_c29_4) D 110347  96580     40
 111755 37515        cutoff           5174.0000     5158.1745  4527230    0.31%  x(c30_4_c29_4) U 111755 109152     31
 113110 37455     5172.9224   100     5174.0000     5158.4676  4566831    0.30%   x(c9_3_c10_3) U 113110  87702     50
Elapsed time = 168.05 sec. (361588.54 ticks, tree = 43.25 MB, solutions = 1)
 114529 37350     5169.1624    84     5174.0000     5158.7679  4607527    0.29%  x(c11_5_c10_5) D 114529  84330     31
 116028 37265        cutoff           5174.0000     5159.0930  4647060    0.29%      x(Op_c6_4) U 116028  27077     49
 117343 37136        cutoff           5174.0000     5159.3672  4684462    0.28%    x(c9_3_c8_3) U 117343 111637     42
 118798 36980     5167.6254    60     5174.0000     5159.6537  4721564    0.28%  x(c16_2_c10_2) U 118798 118797     38
 120301 36821     5162.0404    96     5174.0000     5159.9697  4758715    0.27%  x(c10_2_c12_2) N 120301 118537     27
 121426 36692     5168.2476    80     5174.0000     5160.1979  4789769    0.27%  x(c29_1_c26_1) N 121426  61334     35
 122871 36468        cutoff           5174.0000     5160.4884  4825226    0.26%     x(Op_c13_4) D 122871  32086     47
 124155 36261     5170.2507    80     5174.0000     5160.7367  4856537    0.26%  x(c19_2_c21_2) N 124155  79604     22
 125663 35998    infeasible           5174.0000     5161.0217  4890983    0.25%   x(c4_4_c25_4) U 125663 124330     32
 127065 35701    infeasible           5174.0000     5161.2927  4922906    0.25%  x(c27_1_c28_1) U 127065 127064     25
Elapsed time = 184.51 sec. (399750.79 ticks, tree = 41.73 MB, solutions = 1)
 128417 35409     5167.3181   135     5174.0000     5161.5820  4957301    0.24%  x(c19_2_c21_2) N 128417  23555     54
 129825 35118     5161.8894    66     5174.0000     5161.8603  4990682    0.23%     x(Op_c10_2) N 129825  86068     28
 131193 34806     5164.0000   108     5174.0000     5162.1250  5022659    0.23%     x(Op_c13_4) N 131193  92294     37
 132770 34457     5168.3913    63     5174.0000     5162.4157  5056781    0.22%    x(c6_4_c3_4) N 132770  67919     35
 134295 34052     5164.1700    81     5174.0000     5162.7000  5090701    0.22%  x(c11_5_c12_5) N 134295  87435     23
 135802 33700     5172.6281   116     5174.0000     5162.9680  5124225    0.21%  x(c11_5_c12_5) N 135802  35678     22
 137368 33304     5167.6607   100     5174.0000     5163.2481  5156852    0.21%  x(c16_4_c13_4) N 137368 102448     27
 138953 32878        cutoff           5174.0000     5163.5289  5189239    0.20%  x(c30_4_c16_4) U 138953   2244     19
 140591 32273     5169.3085   112     5174.0000     5163.8243  5221037    0.20%  x(c13_4_c14_4) N 140591 112460     19
 142253 31626     5165.2790    78     5174.0000     5164.1259  5252594    0.19%    x(c6_4_c3_4) N 142253 114930     36
Elapsed time = 200.74 sec. (437924.10 ticks, tree = 37.68 MB, solutions = 1)
 143844 31121        cutoff           5174.0000     5164.3949  5284595    0.19%  x(c19_2_c32_2) U 143844 116579     41
 145556 30362        cutoff           5174.0000     5164.7000  5315193    0.18%   x(c10_2_c8_2) D 145556  84544     32
 147190 29818     5165.3480    52     5174.0000     5165.0000  5345616    0.17%   x(c9_3_c10_3) N 147190 140371     36
 148862 29145     5165.3942   127     5174.0000     5165.3011  5375948    0.17%  x(c30_4_c25_4) N 148862 148861     37
 150530 28440        cutoff           5174.0000     5165.5967  5406662    0.16%  x(c19_2_c22_2) N 150530 115299     30
 152278 27603     5170.7493    46     5174.0000     5165.9092  5435748    0.16%  x(c26_1_c27_1) N 152278 152277     51
 153973 26823        cutoff           5174.0000     5166.2159  5465754    0.15%  x(c12_4_c13_4) D 153973   4873     36
 155710 25928     5166.5359    79     5174.0000     5166.5223  5494481    0.14%  x(c18_2_c10_2) N 155710 152592     29
 157518 24979     5169.2947    63     5174.0000     5166.8575  5520530    0.14%   x(c3_2_c34_2) N 157518 157517     44
 159296 24128        cutoff           5174.0000     5167.1654  5548075    0.13%  x(c27_4_c22_4) N 159296  25355     39
Elapsed time = 216.24 sec. (476081.73 ticks, tree = 29.72 MB, solutions = 1)
 161109 23171        cutoff           5174.0000     5167.5000  5574764    0.13%    x(c5_2_c3_2) U 161109  91043     30
 162956 22160     5167.8271    82     5174.0000     5167.8182  5600963    0.12%   x(c3_2_c10_2) N 162956  95316     51
 164842 21086        cutoff           5174.0000     5168.1542  5625955    0.11%  x(c22_4_c29_4) U 164842 151237     31
 166748 19919        cutoff           5174.0000     5168.4983  5650171    0.11%    x(c5_2_c8_2) D 166748  64468     14
 168696 18727        cutoff           5174.0000     5168.8342  5673568    0.10%  x(c18_4_c12_4) U 168696   9416     50
 170702 17339    infeasible           5174.0000     5169.1945  5696511    0.09%  x(c14_2_c10_2) D 170702 118414     44
 172711 15930        cutoff           5174.0000     5169.5641  5718961    0.09%  x(c10_3_c13_3) D 172711  63337     36
 174754 14508     5172.2956    87     5174.0000     5169.9291  5740031    0.08%  x(c19_2_c32_2) N 174754 163480     21
 177002 12696        cutoff           5174.0000     5170.3215  5757657    0.07%    x(c3_2_c5_2) D 177002 172209     38
 179153 10992     5172.5134    90     5174.0000     5170.7136  5776635    0.06%  x(c11_5_c10_5) N 179153 121176     61
Elapsed time = 230.54 sec. (514236.52 ticks, tree = 15.24 MB, solutions = 1)
 181373  9118        cutoff           5174.0000     5171.1112  5793957    0.06%  x(c15_3_c13_3) N 181373 123503     32
 183581  7234        cutoff           5174.0000     5171.5049  5810628    0.05%  x(c30_4_c15_4) N 183581 181820     37
 185904  5156        cutoff           5174.0000     5171.9565  5824976    0.04%  x(c23_4_c22_4) U 185904  96331     20
 188317  2932        cutoff           5174.0000     5172.4062  5837013    0.03%   x(c12_2_c8_2) U 188317 180347     19
 190816   531        cutoff           5174.0000     5172.8954  5846196    0.02%  x(c29_1_c28_1) U 190816 149596     41

Clique cuts applied:  16
Cover cuts applied:  257
Flow cuts applied:  6
Mixed integer rounding cuts applied:  27
Zero-half cuts applied:  9
Multi commodity flow cuts applied:  1
Gomory fractional cuts applied:  6

Root node processing (before b&c):
  Real time             =    0.22 sec. (518.56 ticks)
Sequential b&c:
  Real time             =  237.09 sec. (535240.97 ticks)
                          ------------
Total (root+branch&cut) =  237.31 sec. (535759.54 ticks)

