Version identifier: 22.1.0.0 | 2022-03-09 | 1a383f8ce
CPXPARAM_Preprocessing_Reduce                    0
CPXPARAM_Threads                                 1
CPXPARAM_Preprocessing_Reformulations            0
CPXPARAM_Emphasis_MIP                            2
CPXPARAM_TimeLimit                               7200
CPXPARAM_MIP_Tolerances_AbsMIPGap                0.98999999999999999
CPXPARAM_MIP_Limits_TreeMemory                   20000
Legacy callback                                  BbLUID
         Disabling repeat represolve because of lazy constraint/incumbent callback.
1 of 1 MIP starts provided solutions.
MIP start 'm1' defined initial solution with objective 20718.0000.
Tried aggregator 0 times.
Reduced MIP has 1236 rows, 1084 columns, and 6302 nonzeros.
Reduced MIP has 1028 binaries, 0 generals, 0 SOSs, and 0 indicators.
Presolve time = 0.00 sec. (0.34 ticks)
Probing time = 0.00 sec. (2.18 ticks)
Clique table members: 520.
MIP emphasis: optimality.
MIP search method: traditional branch-and-cut.
Parallel mode: none, using 1 thread.
Root relaxation solution time = 0.00 sec. (1.90 ticks)

        Nodes                                         Cuts/
   Node  Left     Objective  IInf  Best Integer    Best Bound    ItCnt     Gap         Variable B NodeID Parent  Depth

*     0+    0                        20718.0000        0.0000           100.00%
      0     0    15447.5953   105    20718.0000    15447.5953      109   25.44%
      0     0    18954.0432   110    20718.0000      Cuts: 36      208    8.51%
      0     0    19613.0000   104    20718.0000      Cuts: 16      285    5.33%
      0     0    20602.0000   117    20718.0000       Cuts: 7      383    0.56%
      0     0    20617.0000   114    20718.0000       Cuts: 5      405    0.49%
      0     0    20657.0000   114    20718.0000       Cuts: 2      428    0.29%
      0     0    20657.0000   114    20718.0000     Covers: 1      430    0.29%
      0     0    20657.0000    36    20718.0000   ZeroHalf: 1      431    0.29%
      0     0    20657.0000    76    20718.0000   ZeroHalf: 1      441    0.29%
      0     2    20657.0000    76    20718.0000    20657.0000      441    0.29%                        0             0
Elapsed time = 0.10 sec. (204.46 ticks, tree = 0.01 MB, solutions = 1)
     16    11    20659.7577    93    20718.0000    20657.0000      643    0.29%   x(c19_3_c3_3) D     16     15     15
     67    33    20676.0000    70    20718.0000    20669.0000     1738    0.24%    x(c9_2_c6_2) N     67     51      5

Clique cuts applied:  15
Cover cuts applied:  6
Flow cuts applied:  3
Mixed integer rounding cuts applied:  1
Zero-half cuts applied:  3
Gomory fractional cuts applied:  2
User cuts applied:  52

Root node processing (before b&c):
  Real time             =    0.10 sec. (204.47 ticks)
Sequential b&c:
  Real time             =    0.30 sec. (660.35 ticks)
                          ------------
Total (root+branch&cut) =    0.39 sec. (864.82 ticks)

