Version identifier: 22.1.0.0 | 2022-03-09 | 1a383f8ce
CPXPARAM_Preprocessing_Reduce                    0
CPXPARAM_Threads                                 1
CPXPARAM_Preprocessing_Reformulations            0
CPXPARAM_Emphasis_MIP                            2
CPXPARAM_TimeLimit                               7200
CPXPARAM_MIP_Tolerances_AbsMIPGap                0.98999999999999999
CPXPARAM_MIP_Limits_TreeMemory                   20000
Legacy callback                                  BbLUID
         Disabling repeat represolve because of lazy constraint/incumbent callback.
1 of 1 MIP starts provided solutions.
MIP start 'm1' defined initial solution with objective 6007.0000.
Tried aggregator 0 times.
Reduced MIP has 380 rows, 7054 columns, and 27846 nonzeros.
Reduced MIP has 7054 binaries, 0 generals, 0 SOSs, and 0 indicators.
Presolve time = 0.00 sec. (1.43 ticks)
Probing time = 0.00 sec. (3.71 ticks)
Clique table members: 190.
MIP emphasis: optimality.
MIP search method: traditional branch-and-cut.
Parallel mode: none, using 1 thread.
Root relaxation solution time = 0.00 sec. (5.75 ticks)

        Nodes                                         Cuts/
   Node  Left     Objective  IInf  Best Integer    Best Bound    ItCnt     Gap         Variable B NodeID Parent  Depth

*     0+    0                         6007.0000        0.0000           100.00%
      0     0     5775.5000   144     6007.0000     4735.0000      365   21.18%
      0     0     5918.5000   164     6007.0000      Cuts: 51      445    1.47%
      0     0     5960.0000   104     6007.0000      Cuts: 19      470    0.78%
      0     0     5967.0000    66     6007.0000      Cuts: 10      479    0.67%
      0     0     5974.0000    37     6007.0000      Cuts: 14      487    0.55%
      0     0     5975.7500    78     6007.0000       Cuts: 5      493    0.52%
      0     0     5978.0000    84     6007.0000      Cuts: 12      502    0.48%
      0     0     5978.2500    49     6007.0000       Cuts: 9      515    0.48%
      0     0     5978.2500   155     6007.0000      Cuts: 11      525    0.48%
      0     0     5979.5000   225     6007.0000       Cuts: 8      549    0.46%
      0     0     5979.5000    94     6007.0000  ZeroHalf: 17      562    0.46%
      0     0     5985.0000   247     6007.0000      Cuts: 11      581    0.37%
      0     0     5985.3333   386     6007.0000      Cuts: 20      605    0.36%
      0     0     5985.7500   379     6007.0000       User: 2      612    0.35%
      0     0     5986.0000   364     6007.0000       User: 1      615    0.35%
      0     2     5986.0000   364     6007.0000     5986.0000      615    0.35%                        0             0
Elapsed time = 0.48 sec. (980.35 ticks, tree = 0.01 MB, solutions = 1)
     37    21     5994.3333   385     6007.0000     5991.0000      894    0.27%  x(c32_4_c18_4) N     37     15      5
     90    45     5996.7500   373     6007.0000     5995.3125     1467    0.19%   x(c27_4_c5_4) D     90     89     14
    167    60     5999.0000   375     6007.0000     5999.0000     2092    0.13%  x(c28_4_c29_4) D    167    154     21
    267    23     6013.0000   342     6007.0000     6004.5000     2648    0.04%   x(c7_4_c27_4) D    267    188     10

Zero-half cuts applied:  39
Gomory fractional cuts applied:  7
User cuts applied:  265

Root node processing (before b&c):
  Real time             =    0.48 sec. (980.55 ticks)
Sequential b&c:
  Real time             =    0.95 sec. (1021.35 ticks)
                          ------------
Total (root+branch&cut) =    1.43 sec. (2001.90 ticks)

