Version identifier: 22.1.0.0 | 2022-03-09 | 1a383f8ce
CPXPARAM_Preprocessing_Reduce                    0
CPXPARAM_Threads                                 1
CPXPARAM_Preprocessing_Reformulations            0
CPXPARAM_Emphasis_MIP                            2
CPXPARAM_TimeLimit                               7200
CPXPARAM_MIP_Tolerances_AbsMIPGap                0.98999999999999999
CPXPARAM_MIP_Limits_TreeMemory                   20000
Legacy callback                                  BbLUID
         Disabling repeat represolve because of lazy constraint/incumbent callback.
1 of 1 MIP starts provided solutions.
MIP start 'm1' defined initial solution with objective 3274.0000.
Tried aggregator 0 times.
Reduced MIP has 172 rows, 2392 columns, and 9402 nonzeros.
Reduced MIP has 2392 binaries, 0 generals, 0 SOSs, and 0 indicators.
Presolve time = 0.00 sec. (0.49 ticks)
Probing time = 0.00 sec. (2.61 ticks)
Clique table members: 86.
MIP emphasis: optimality.
MIP search method: traditional branch-and-cut.
Parallel mode: none, using 1 thread.
Root relaxation solution time = 0.00 sec. (2.09 ticks)

        Nodes                                         Cuts/
   Node  Left     Objective  IInf  Best Integer    Best Bound    ItCnt     Gap         Variable B NodeID Parent  Depth

*     0+    0                         3274.0000        0.0000           100.00%
      0     0     3093.0000    52     3274.0000     2621.0000      174   19.95%
      0     0     3193.0000    38     3274.0000      Cuts: 25      208    2.47%
      0     0     3220.0000    62     3274.0000      Cuts: 26      238    1.65%
      0     0     3220.0000    52     3274.0000      Cuts: 12      242    1.65%
      0     0     3220.0000   172     3274.0000   ZeroHalf: 3      243    1.65%
      0     0     3220.0000   172     3274.0000      Cuts: 10      246    1.65%
      0     2     3220.0000   172     3274.0000     3220.0000      246    1.65%                        0             0
Elapsed time = 0.18 sec. (251.49 ticks, tree = 0.01 MB, solutions = 1)
     35    18     3232.6364   133     3274.0000     3233.0000      724    1.25%  x(c42_3_c26_3) D     35     30      4
    125    79     3251.7500   127     3274.0000     3247.6667     1994    0.80%  x(c39_1_c23_1) U    125    124     11
    237   142     3262.5000   126     3274.0000     3257.6389     3557    0.50%  x(c39_3_c35_3) D    237    206      9
    381   128     3267.4667   163     3274.0000     3263.6667     5294    0.32%  x(c39_1_c23_1) U    381    318     20
    583    18        cutoff           3274.0000     3272.1000     6652    0.06%  x(c39_1_c23_1) U    583    165      7

Cover cuts applied:  1
Zero-half cuts applied:  12
Gomory fractional cuts applied:  3
User cuts applied:  242

Root node processing (before b&c):
  Real time             =    0.18 sec. (251.59 ticks)
Sequential b&c:
  Real time             =    1.27 sec. (1215.82 ticks)
                          ------------
Total (root+branch&cut) =    1.45 sec. (1467.41 ticks)

