Version identifier: 22.1.0.0 | 2022-03-09 | 1a383f8ce
CPXPARAM_Preprocessing_Reduce                    0
CPXPARAM_Threads                                 1
CPXPARAM_Preprocessing_Reformulations            0
CPXPARAM_Emphasis_MIP                            2
CPXPARAM_TimeLimit                               7200
CPXPARAM_MIP_Tolerances_AbsMIPGap                0.98999999999999999
CPXPARAM_MIP_Limits_TreeMemory                   20000
Legacy callback                                  BbLUID
         Disabling repeat represolve because of lazy constraint/incumbent callback.
1 of 1 MIP starts provided solutions.
MIP start 'm1' defined initial solution with objective 37007.0000.
Tried aggregator 0 times.
Reduced MIP has 4006 rows, 3749 columns, and 22061 nonzeros.
Reduced MIP has 3644 binaries, 0 generals, 0 SOSs, and 0 indicators.
Presolve time = 0.00 sec. (1.17 ticks)
Probing time = 0.00 sec. (3.19 ticks)
Clique table members: 1773.
MIP emphasis: optimality.
MIP search method: traditional branch-and-cut.
Parallel mode: none, using 1 thread.
Root relaxation solution time = 0.00 sec. (7.16 ticks)

        Nodes                                         Cuts/
   Node  Left     Objective  IInf  Best Integer    Best Bound    ItCnt     Gap         Variable B NodeID Parent  Depth

*     0+    0                        37007.0000        0.0000           100.00%
      0     0    31912.1709   166    37007.0000    31912.1709      235   13.77%
      0     0    34913.2626   168    37007.0000      Cuts: 59      443    5.66%
      0     0    35532.9999   190    37007.0000      Cuts: 34      673    3.98%
      0     0    35955.5125   177    37007.0000       Cuts: 7      840    2.84%
      0     0    36122.8029   204    37007.0000      Cuts: 10     1030    2.39%
      0     0    36284.0974   179    37007.0000      Cuts: 13     1133    1.95%
      0     0    36395.8842   168    37007.0000      Cuts: 12     1225    1.65%
      0     0    36462.9121   153    37007.0000      Cuts: 11     1294    1.47%
      0     0    36524.2667   157    37007.0000       Cuts: 7     1361    1.30%
      0     0    36532.3812   157    37007.0000       Cuts: 9     1382    1.28%
      0     0    36538.2846   187    37007.0000       Cuts: 5     1407    1.27%
      0     0    36552.3664   157    37007.0000       Cuts: 9     1451    1.23%
      0     0    36553.0232   158    37007.0000   ZeroHalf: 1     1458    1.23%
      0     0    36558.4655   134    37007.0000   ZeroHalf: 2     1472    1.21%
      0     0    36560.6655   132    37007.0000   ZeroHalf: 1     1480    1.21%
      0     0    36561.8655   136    37007.0000       User: 1     1482    1.20%
      0     2    36561.8655   136    37007.0000    36562.7944     1482    1.20%                        0             0
Elapsed time = 1.89 sec. (4707.12 ticks, tree = 0.01 MB, solutions = 1)
      1     3    36569.9571   152    37007.0000    36575.0571     1505    1.17%   x(c26_1_c5_1) D      1      0      1
      2     4    36581.5618   203    37007.0000    36582.0571     1633    1.15%  x(c15_2_c23_2) D      2      1      2
      3     5    36584.7321   178    37007.0000    36582.0571     2045    1.15%   x(c38_1_c8_1) N      3      2      3
      5     7    36633.2782   180    37007.0000    36582.0571     2237    1.15%  x(c33_2_c20_2) N      5      3      4
      6     8    36638.7115   174    37007.0000    36582.0571     2244    1.15%     x(Op_c16_2) D      6      5      5
      7     9    36708.2115   163    37007.0000    36582.0571     2285    1.15%     x(Op_c16_2) U      7      5      5
     12    12    36904.0703   168    37007.0000    36582.0571     2775    1.15%  x(c16_2_c41_2) D     12     11      9
     14    13    36906.6608   170    37007.0000    36582.0571     2809    1.15%  x(c46_2_c36_2) D     14     13     11
     16    14    36906.6919   195    37007.0000    36582.0571     2822    1.15%  x(c31_2_c40_2) N     16     15     13
     25    18    36907.8648   169    37007.0000    36582.0571     3078    1.15%  x(c40_3_c22_3) N     25     24     22
Elapsed time = 3.97 sec. (9913.82 ticks, tree = 0.26 MB, solutions = 1)
     56    38    36613.6453   151    37007.0000    36613.6464     5259    1.06%  x(c15_2_c33_2) D     56     55     11
     73    55    36758.0822   146    37007.0000    36621.9728     7866    1.04%  x(c43_3_c37_3) N     73     60     16
    101    81    36625.6182   173    37007.0000    36624.7525     8894    1.03%  x(c24_3_c32_3) D    101    100     38
    116    91    36627.4524   206    37007.0000    36625.9128    10179    1.03%  x(c23_2_c32_2) D    116    115     49
    141   114    36629.6222   195    37007.0000    36625.9128    10644    1.03%  x(c21_3_c32_3) U    141    140     74
    162   128    36700.5339   108    37007.0000    36631.8724    14218    1.01%   x(c2_2_c41_2) U    162     77     17
    191   144    36691.4000    26    37007.0000    36665.9818    19770    0.92%   x(c29_1_c5_1) D    191    175     20
    231   176    36850.0737    72    37007.0000    36694.7387    24342    0.84%  x(c40_3_c22_3) U    231    191     21
    269   211    36738.1395   104    37007.0000    36706.9580    29083    0.81%  x(c39_2_c48_2) U    269    242     11
    320   259    36715.4391   157    37007.0000    36713.7449    32321    0.79%   x(c2_2_c32_2) D    320    319     45
Elapsed time = 8.77 sec. (19864.10 ticks, tree = 2.07 MB, solutions = 1)
    365   294    36900.2057   164    37007.0000    36718.0025    37023    0.78%   x(c3_2_c23_2) N    365    340     28
    414   326    36744.6567   132    37007.0000    36724.2000    42621    0.76%  x(c21_2_c32_2) D    414    379     30
    461   366    36965.2526   128    37007.0000    36731.3233    47783    0.74%   x(c3_2_c25_2) N    461    307     33
    545   442    36840.7876   152    37007.0000    36737.6141    53353    0.73%  x(c23_1_c11_1) N    545    543     23
    610   490    36761.9602   144    37007.0000    36740.4717    57234    0.72%   x(c5_2_c39_2) N    610    574     60
    683   542    36749.8432   112    37007.0000    36746.0698    64047    0.71%  x(c31_3_c36_3) U    683    682     27
    755   601    36770.2358   161    37007.0000    36751.8704    70855    0.69%    x(c2_2_c4_2) U    755    389     10
    843   673    36798.0833    72    37007.0000    36758.0697    76961    0.67%  x(c20_2_c15_2) N    843    347     24
    915   736    36828.3889   205    37007.0000    36761.5424    83538    0.66%  x(c45_3_c24_3) U    915    765      8
    976   779    36764.4555   142    37007.0000    36763.4435    88030    0.66%   x(c2_2_c34_2) D    976    975     41
Elapsed time = 13.79 sec. (29561.82 ticks, tree = 2.61 MB, solutions = 1)
   1072   852    36766.3646   225    37007.0000    36765.7532    92719    0.65%   x(c25_3_c5_3) D   1072    858      5
   1149   913    36872.7970   104    37007.0000    36767.0077    98896    0.65%  x(c26_3_c42_3) D   1149    888     15
   1251   994    36776.5198    58    37007.0000    36768.4303   104394    0.64%  x(c36_2_c44_2) U   1251    433     20
   1338  1069    36886.1471    60    37007.0000    36769.6330   110231    0.64%  x(c13_2_c23_2) N   1338   1145     44
   1417  1109        cutoff          37007.0000    36771.4469   116951    0.64%   x(c5_2_c25_2) U   1417   1144     43
   1480  1156    36996.5629    80    37007.0000    36771.9614   121694    0.64%     x(c16_3_Om) N   1480   1479     54
   1580  1209        cutoff          37007.0000    36773.7026   127728    0.63%  x(c26_3_c45_3) U   1580    782     29
   1646  1245    36955.0604   101    37007.0000    36774.8000   132494    0.63%  x(c18_2_c30_2) U   1646    880     34
   1724  1284    36969.2328   123    37007.0000    36776.4230   138807    0.62%  x(c27_3_c37_3) N   1724   1445     55
   1796  1322    36953.1275   177    37007.0000    36777.9586   144826    0.62%   x(c45_3_c4_3) U   1796   1365     19
Elapsed time = 18.87 sec. (39306.07 ticks, tree = 3.63 MB, solutions = 1)
   1888  1392    36885.1781   149    37007.0000    36779.1786   151534    0.62%   x(c5_3_c13_3) U   1888   1886     53
   1946  1430    36943.4202   129    37007.0000    36780.4228   158289    0.61%   x(c3_2_c14_2) U   1946   1756     34
   2039  1497    36812.3575   200    37007.0000    36781.5451   164596    0.61%   x(c2_2_c42_2) U   2039   2037     39
   2124  1545    36797.2683    77    37007.0000    36783.3240   170931    0.60%  x(c22_3_c40_3) U   2124   2123     33
   2219  1623    36977.3328    98    37007.0000    36783.9498   176556    0.60%  x(c44_2_c46_2) U   2219   2217     78
   2283  1657    36939.2866   128    37007.0000    36785.1109   183407    0.60%  x(c18_2_c30_2) U   2283   2198     24
   2389  1734    36858.7638   144    37007.0000    36786.1250   189688    0.60%   x(c2_2_c41_2) U   2389   2205     31
   2509  1804    36899.6210    82    37007.0000    36787.1611   195023    0.59%    x(c2_3_c5_3) U   2509   1409     11
   2607  1845    36794.3182   151    37007.0000    36788.3869   201153    0.59%  x(c15_2_c44_2) D   2607   2232     10
   2694  1894        cutoff          37007.0000    36789.4346   207309    0.59%   x(c29_1_c4_1) U   2694   1707     37
Elapsed time = 24.01 sec. (48968.71 ticks, tree = 4.68 MB, solutions = 1)
   2752  1921    36946.4701    59    37007.0000    36790.6475   213466    0.58%  x(c23_3_c40_3) U   2752   2481     85
   2840  1963        cutoff          37007.0000    36791.6508   219783    0.58%   x(c3_2_c23_2) U   2840   1961     29
   2933  2001    36845.9372    51    37007.0000    36793.6198   226267    0.58%  x(c21_2_c32_2) U   2933    647     19
   3017  2054        cutoff          37007.0000    36794.8644   233283    0.57%   x(c5_1_c35_1) U   3017   2299     34
   3104  2107    36804.9523    97    37007.0000    36796.1892   240232    0.57%  x(c26_3_c42_3) U   3104   2802     26
   3222  2197    36919.9332   144    37007.0000    36797.5277   246756    0.57%  x(c36_2_c30_2) U   3222   3220     53
   3323  2268    36827.7308    48    37007.0000    36798.8282   253753    0.56%  x(c21_2_c32_2) D   3323   1019     29
   3410  2314    36818.1906    64    37007.0000    36799.6811   259921    0.56%   x(c23_3_c3_3) U   3410   3408     50
   3513  2381    36800.9228   117    37007.0000    36800.3655   265827    0.56%  x(c44_2_c46_2) D   3513   3512     52
   3621  2468    36877.2500   136    37007.0000    36801.1251   271136    0.56%  x(c45_3_c24_3) U   3621    913      7
Elapsed time = 29.11 sec. (58600.95 ticks, tree = 5.89 MB, solutions = 1)
   3691  2508        cutoff          37007.0000    36802.1807   278339    0.55%   x(c5_2_c32_2) U   3691   3559     75
   3772  2536    36956.1165   134    37007.0000    36803.0707   284734    0.55%  x(c23_1_c11_1) U   3772   2539     60
   3843  2566    37003.0307    61    37007.0000    36803.9270   292286    0.55%  x(c45_3_c24_3) U   3843   1819     16
   3926  2593    36949.7551    14    37007.0000    36805.2469   299646    0.55%   x(c21_1_c5_1) N   3926   3586     49
   4000  2640    36871.3779    93    37007.0000    36806.0887   306593    0.54%   x(c3_2_c23_2) U   4000    452     24
   4069  2652        cutoff          37007.0000    36807.6177   313787    0.54%   x(c4_1_c35_1) U   4069   3551     67
   4175  2723    36836.7599   129    37007.0000    36808.6916   319955    0.54%  x(c21_3_c13_3) D   4175   1808     38
   4256  2762    36875.8867    68    37007.0000    36809.7939   326862    0.53%  x(c21_2_c32_2) U   4256   3027     26
   4331  2808        cutoff          37007.0000    36810.7041   333315    0.53%    x(c5_1_c4_1) U   4331   3111     50
   4412  2860    36859.8688    49    37007.0000    36811.6435   339777    0.53%  x(c23_3_c40_3) N   4412   3401     64
Elapsed time = 34.20 sec. (68231.72 ticks, tree = 6.62 MB, solutions = 1)
   4513  2947    36885.4514   119    37007.0000    36812.4224   345920    0.53%   x(c23_3_c3_3) U   4513   4437     26
   4592  3010    36923.3766    44    37007.0000    36813.3417   353000    0.52%   x(c5_1_c29_1) U   4592   3396     59
   4684  3068    36889.0447   121    37007.0000    36814.0856   359660    0.52%  x(c18_2_c28_2) U   4684   4533     47
   4790  3122    36816.0060   127    37007.0000    36814.7174   365696    0.52%    x(c2_2_c4_2) D   4790   4789     40
   4863  3166    36844.2309    94    37007.0000    36815.3227   371755    0.52%  x(c36_2_c44_2) U   4863    421     18
*  4924  1429      integral     0    36859.0000    36815.7559   378588    0.12%
   4924  1429    36859.0000     0    36859.0000    36815.7640   378588    0.12%  x(c22_3_c40_3) D   4924   4563     35
   5072  1413    36817.3979   133    36859.0000    36817.3988   384156    0.11%   x(c6_3_c37_3) N   5072   5027     31
   5200  1381    36838.4069   183    36859.0000    36819.0000   389637    0.11%  x(c32_2_c21_2) D   5200   3705     10
   5363  1386    36821.1589    83    36859.0000    36821.0597   395255    0.10%   x(c26_3_c2_3) N   5363   5012     16
   5522  1364    36837.7396   180    36859.0000    36822.6320   401269    0.10%  x(c18_2_c46_2) N   5522    435      6
Elapsed time = 39.26 sec. (77813.74 ticks, tree = 3.13 MB, solutions = 2)
   5687  1379    36842.7167   116    36859.0000    36824.5590   407053    0.09%   x(c5_3_c25_3) N   5687   3530     48
   5843  1353    36835.3210    61    36859.0000    36826.1358   412831    0.09%   x(c6_3_c18_3) N   5843   5296     24
   6014  1323    36851.5833   142    36859.0000    36828.3362   418284    0.08%  x(c13_2_c21_2) N   6014   1281     11
   6184  1334    36830.2454    56    36859.0000    36830.1316   423533    0.08%   x(c5_1_c29_1) N   6184   6096     53
   6366  1317        cutoff          36859.0000    36831.9671   428422    0.07%  x(c36_2_c44_2) D   6366   5969     19
   6556  1300    36833.9302    64    36859.0000    36833.7626   433262    0.07%  x(c21_2_c32_2) N   6556   6371     20
   6735  1261        cutoff          36859.0000    36835.2981   438113    0.06%  x(c18_2_c28_2) U   6735   6259     34
   6951  1200    36837.1978   146    36859.0000    36837.0285   442585    0.06%   x(c29_1_c4_1) N   6951   6950     19
   7109  1184        cutoff          36859.0000    36838.2405   445821    0.06%    x(c2_3_c5_3) U   7109   5167     15
   7310  1144    36856.6911   102    36859.0000    36839.9825   450251    0.05%    x(c2_2_c4_2) N   7310   6505     34
Elapsed time = 44.02 sec. (87375.74 ticks, tree = 2.54 MB, solutions = 2)
   7510  1089        cutoff          36859.0000    36841.7500   455024    0.05%  x(c21_3_c13_3) D   7510   6752     29
   7715  1009    36843.6785   103    36859.0000    36843.6250   459671    0.04%   x(c42_3_c5_3) N   7715   6113     33
   7952   904    36856.3867    76    36859.0000    36845.5000   463588    0.04%    x(c2_2_c4_2) N   7952   7613     42
   8179   804    36857.7764    96    36859.0000    36847.2073   467519    0.03%  x(c45_3_c24_3) N   8179   7986     11
   8427   658        cutoff          36859.0000    36849.4204   471283    0.03%  x(c45_3_c26_3) U   8427   8426     19
   8671   501        cutoff          36859.0000    36851.7387   474627    0.02%  x(c37_3_c19_3) U   8671   8350     23
   8928   305        cutoff          36859.0000    36854.4222   477951    0.01%  x(c13_2_c23_2) U   8928   2280     13

Clique cuts applied:  12
Cover cuts applied:  42
Flow cuts applied:  7
Mixed integer rounding cuts applied:  5
Zero-half cuts applied:  19
Gomory fractional cuts applied:  7
User cuts applied:  295

Root node processing (before b&c):
  Real time             =    1.89 sec. (4707.41 ticks)
Sequential b&c:
  Real time             =   45.49 sec. (90220.65 ticks)
                          ------------
Total (root+branch&cut) =   47.38 sec. (94928.06 ticks)

