Version identifier: 22.1.0.0 | 2022-03-09 | 1a383f8ce
CPXPARAM_Preprocessing_Reduce                    0
CPXPARAM_Threads                                 1
CPXPARAM_Preprocessing_Reformulations            0
CPXPARAM_Emphasis_MIP                            2
CPXPARAM_TimeLimit                               7200
CPXPARAM_MIP_Tolerances_AbsMIPGap                0.98999999999999999
CPXPARAM_MIP_Limits_TreeMemory                   20000
Legacy callback                                  BbLUID
         Disabling repeat represolve because of lazy constraint/incumbent callback.
1 of 1 MIP starts provided solutions.
MIP start 'm1' defined initial solution with objective 41805.0000.
Tried aggregator 0 times.
Reduced MIP has 6202 rows, 5831 columns, and 34547 nonzeros.
Reduced MIP has 5700 binaries, 0 generals, 0 SOSs, and 0 indicators.
Presolve time = 0.00 sec. (1.83 ticks)
Probing time = 0.00 sec. (3.77 ticks)
Clique table members: 1933.
MIP emphasis: optimality.
MIP search method: traditional branch-and-cut.
Parallel mode: none, using 1 thread.
Root relaxation solution time = 0.01 sec. (12.80 ticks)

        Nodes                                         Cuts/
   Node  Left     Objective  IInf  Best Integer    Best Bound    ItCnt     Gap         Variable B NodeID Parent  Depth

*     0+    0                        41805.0000        0.0000           100.00%
      0     0    36171.7741   197    41805.0000    36171.7741      313   13.48%
      0     0    39836.7049   218    41805.0000      Cuts: 66      640    4.71%
      0     0    40086.2057   236    41805.0000      Cuts: 12      749    4.11%
      0     0    40585.9204   222    41805.0000      Cuts: 20      925    2.92%
      0     0    40753.4505   210    41805.0000      Cuts: 16     1031    2.52%
      0     0    40799.2085   200    41805.0000       Cuts: 7     1086    2.41%
      0     0    40887.2548   224    41805.0000       Cuts: 7     1139    2.20%
      0     0    41062.4341   210    41805.0000      Cuts: 19     1232    1.78%
      0     0    41147.4659   200    41805.0000       Cuts: 9     1291    1.57%
      0     0    41187.7179   178    41805.0000       Cuts: 5     1356    1.48%
      0     0    41198.3333   168    41805.0000       Cuts: 5     1367    1.45%
      0     0    41232.3333   176    41805.0000       Cuts: 6     1414    1.37%
      0     0    41234.2333   190    41805.0000   ZeroHalf: 2     1423    1.37%
      0     0    41245.3889   215    41805.0000       Cuts: 3     1460    1.34%
      0     0    41256.7184   241    41805.0000       Cuts: 5     1484    1.31%
      0     0    41260.8333   205    41805.0000       Cuts: 9     1504    1.30%
      0     0    41266.4184   251    41805.0000   ZeroHalf: 5     1537    1.29%
      0     2    41266.4184   251    41805.0000    41269.2517     1537    1.28%                        0             0
Elapsed time = 2.56 sec. (6113.47 ticks, tree = 0.01 MB, solutions = 1)
      1     3    41306.7166   260    41805.0000    41309.0850     1588    1.19%  x(c39_3_c21_3) D      1      0      1
      2     4    41317.8350   247    41805.0000    41318.5850     1650    1.16%  x(c32_3_c39_3) D      2      1      2
      3     5    41324.6406   236    41805.0000    41328.7222     1681    1.14%  x(c32_3_c24_3) U      3      2      3
      4     6    41433.8850   253    41805.0000    41328.7222     1747    1.14%  x(c32_3_c24_3) D      4      2      3
      5     7    41361.6806   235    41805.0000    41328.7222     1877    1.14%     x(Op_c16_2) D      5      3      4
      6     8    41413.8583   235    41805.0000    41328.7222     1943    1.14%  x(c29_3_c34_3) D      6      5      5
      8    10    41452.1250   233    41805.0000    41328.7222     2004    1.14%  x(c41_3_c34_3) D      8      6      6
     12    14    41540.6250   243    41805.0000    41328.7222     2476    1.14%  x(c48_3_c39_3) N     12      9      8
     14    16    41624.6667   161    41805.0000    41328.7222     2850    1.14%     x(c16_2_Om) N     14     11      9
     25    27    41596.5679   196    41805.0000    41328.7222     3389    1.14%   x(c38_2_c9_2) D     25     24     17
Elapsed time = 4.69 sec. (10691.94 ticks, tree = 0.27 MB, solutions = 1)
     40    35    41752.3852   146    41805.0000    41328.7222     4228    1.14%     x(Op_c16_1) N     40     39     30
     68    52    41405.5669   266    41805.0000    41390.0952     5426    0.99%  x(c32_3_c24_3) N     68     66      2
    113    97    41576.1786   181    41805.0000    41460.4886     8297    0.82%  x(c38_3_c31_3) U    113     90      5
    178   160    41515.2667   180    41805.0000    41494.6000    11487    0.74%  x(c39_1_c32_1) U    178    142     14
    236   218    41575.1336   195    41805.0000    41515.6667    14861    0.69%  x(c47_1_c21_1) U    236    235      8
    321   303    41554.8107   206    41805.0000    41534.1667    19117    0.65%  x(c47_1_c21_1) U    321    239     10
    400   382    41575.1992   227    41805.0000    41553.0000    23392    0.60%  x(c20_2_c21_2) D    400    399     12
    474   453    41578.6119   211    41805.0000    41563.5667    27648    0.58%  x(c39_3_c48_3) U    474    197      9
    543   520    41657.2012   221    41805.0000    41569.8333    31655    0.56%  x(c38_1_c31_1) U    543    387     12
    641   614    41638.8836   179    41805.0000    41579.3386    36550    0.54%  x(c47_1_c21_1) U    641    313      7
Elapsed time = 9.72 sec. (20490.92 ticks, tree = 2.06 MB, solutions = 1)
    734   706    41611.9167   160    41805.0000    41585.3220    41422    0.53%  x(c32_1_c39_1) D    734    348     13
    837   805    41607.5852   199    41805.0000    41590.4000    46599    0.51%  x(c38_3_c31_3) D    837    836      9
    926   889    41731.3886   230    41805.0000    41594.9667    52033    0.50%  x(c38_1_c31_1) U    926    654      7
   1019   976    41734.2783   272    41805.0000    41599.8527    57281    0.49%  x(c47_3_c20_3) D   1019    613     12
   1117  1059    41751.6667   188    41805.0000    41605.2857    62425    0.48%  x(c14_3_c29_3) U   1117   1115     11
   1204  1134    41708.0655   147    41805.0000    41609.1643    67101    0.47%  x(c38_1_c31_1) U   1204    809     14
   1302  1219    41722.0374   216    41805.0000    41613.0833    71796    0.46%  x(c47_3_c20_3) D   1302    296      6
   1405  1308    41721.2083   180    41805.0000    41616.8380    76916    0.45%  x(c40_3_c46_3) U   1405    578     15
   1478  1372    41731.9886   174    41805.0000    41619.4289    81465    0.44%  x(c31_1_c38_1) D   1478   1304     13
   1579  1449    41626.3333   142    41805.0000    41621.7533    86434    0.44%  x(c20_2_c21_2) D   1579   1578     17
Elapsed time = 14.87 sec. (30094.09 ticks, tree = 4.79 MB, solutions = 1)
   1681  1535    41676.4550   202    41805.0000    41624.5167    91174    0.43%  x(c21_2_c20_2) U   1681   1183     18
   1785  1624    41715.5000   131    41805.0000    41627.4886    96514    0.42%  x(c38_1_c31_1) U   1785    753     13
   1904  1723    41631.8463   267    41805.0000    41630.6476   101943    0.42%   x(c5_3_c29_3) D   1904   1507     15
   2022  1826    41668.1333   200    41805.0000    41632.9855   107394    0.41%  x(c47_1_c21_1) U   2022   1683     13
   2127  1908    41658.6894   167    41805.0000    41635.8000   112812    0.40%  x(c47_1_c21_1) D   2127    493      8
   2241  2009    41761.1583   151    41805.0000    41638.6246   117852    0.40%  x(c20_2_c21_2) U   2241    614      9
   2352  2096    41659.1125   246    41805.0000    41641.0241   122966    0.39%  x(c33_2_c20_2) U   2352   2350     12
   2468  2185    41659.2500   202    41805.0000    41644.0119   128211    0.39%  x(c33_2_c20_2) U   2468   2123     16
   2574  2266    41681.0500   139    41805.0000    41645.9000   132176    0.38%  x(c33_2_c20_2) D   2574   2217     17
   2699  2352        cutoff          41805.0000    41648.1663   137324    0.38%  x(c14_3_c29_3) U   2699   1409     15
Elapsed time = 20.03 sec. (39694.34 ticks, tree = 7.38 MB, solutions = 1)
   2803  2430    41676.0583   152    41805.0000    41650.0255   142580    0.37%  x(c31_1_c38_1) U   2803   1293     17
   2922  2527        cutoff          41805.0000    41652.4188   147687    0.36%      x(c9_1_Om) U   2922   1321     12
   3028  2595        cutoff          41805.0000    41654.1114   153256    0.36%  x(c14_3_c29_3) U   3028   1156     15
   3152  2676    41802.4280   174    41805.0000    41656.1941   158956    0.36%   x(c48_3_c5_3) U   3152   2843     15
   3265  2746        cutoff          41805.0000    41657.7328   163635    0.35%  x(c38_2_c44_2) U   3265   1629     17
   3385  2836    41660.1894   150    41805.0000    41659.9000   169233    0.35%  x(c32_1_c39_1) D   3385   2432     17
   3504  2918    41754.5227   227    41805.0000    41661.8977   174236    0.34%  x(c21_3_c47_3) U   3504   3502     14
   3617  2995    41684.6987   176    41805.0000    41663.5843   179198    0.34%  x(c20_2_c21_2) D   3617   1076     18
   3747  3078        cutoff          41805.0000    41665.8333   185046    0.33%  x(c20_2_c21_2) U   3747   2562     15
   3864  3162    41741.6391   209    41805.0000    41667.5281   190175    0.33%   x(c5_3_c29_3) U   3864    667     13
Elapsed time = 25.15 sec. (49290.91 ticks, tree = 10.00 MB, solutions = 1)
   3995  3245    41669.4000   175    41805.0000    41669.4286   195422    0.32%  x(c31_1_c38_1) U   3995   1414     15
   4099  3306    41707.3669   152    41805.0000    41670.6101   200472    0.32%  x(c20_2_c21_2) U   4099    656     14
   4211  3383    41772.9286   146    41805.0000    41672.1667   205834    0.32%  x(c38_3_c31_3) U   4211   3533     11
   4346  3451    41684.0619   189    41805.0000    41674.1833   211262    0.31%      x(c9_1_Om) D   4346   2772     11
   4482  3527    41737.7250   163    41805.0000    41675.9044   216365    0.31%  x(c33_2_c20_2) U   4482   4480     23
   4620  3611    41725.7726   158    41805.0000    41677.3479   221973    0.31%     x(Op_c16_1) U   4620   4024     19
   4739  3674    41687.9087   179    41805.0000    41678.8438   227548    0.30%  x(c31_1_c38_1) U   4739   1193     15
   4872  3752    41784.1556   173    41805.0000    41680.1465   232466    0.30%  x(c20_2_c21_2) N   4872   2356     12
   4985  3807        cutoff          41805.0000    41681.6944   237543    0.29%  x(c20_1_c21_1) U   4985   4202     23
   5104  3892    41685.6833   201    41805.0000    41682.8889   242757    0.29%  x(c38_2_c44_2) D   5104   2312     12
Elapsed time = 30.18 sec. (58879.16 ticks, tree = 11.90 MB, solutions = 1)
   5231  3949    41778.8114   170    41805.0000    41684.3333   247938    0.29%  x(c38_2_c40_2) U   5231   4382     15
   5359  4031        cutoff          41805.0000    41685.6811   253382    0.29%  x(c38_2_c44_2) U   5359   2112     16
   5475  4099    41760.0532   170    41805.0000    41686.6595   258627    0.28%     x(Op_c16_1) U   5475   3629     18
   5597  4188    41694.2727   192    41805.0000    41687.9790   264004    0.28%  x(c21_3_c47_3) D   5597   2278     13
   5732  4260        cutoff          41805.0000    41689.3654   268804    0.28%  x(c38_1_c31_1) U   5732   2858     10
   5859  4336    41710.8452   209    41805.0000    41690.6052   274219    0.27%  x(c33_2_c20_2) D   5859   2222      9
   5991  4419    41694.7888   263    41805.0000    41692.0339   279873    0.27%   x(c44_3_c7_3) D   5991   4814     18
*  6000+ 2832                        41737.0000    41692.1167             0.11%
   6000  2832    41737.0000     0    41737.0000    41692.1295   280289    0.11%  x(c32_1_c39_1) U   6000   4231     16
   6159  2858    41701.3160   174    41737.0000    41693.6537   284727    0.10%   x(c44_3_c7_3) D   6159   6055     16
   6337  2873    41721.1742   171    41737.0000    41694.8889   288786    0.10%     x(Op_c16_1) D   6337   4473     22
Elapsed time = 35.09 sec. (68469.46 ticks, tree = 8.90 MB, solutions = 2)
   6466  2898    41735.8833   231    41737.0000    41695.8930   292421    0.10%     x(Op_c16_1) N   6466   4523     18
   6613  2919    41716.2667   188    41737.0000    41697.2839   296427    0.10%  x(c38_2_c40_2) N   6613   3621     21
   6779  2936    41717.5857   151    41737.0000    41698.4843   300375    0.09%      x(c9_1_Om) D   6779   6778     17
   6917  2933    41699.5333   142    41737.0000    41699.5333   303612    0.09%      x(c8_1_Om) U   6917   6035     21
   7065  2954    41702.3831   163    41737.0000    41700.4036   307928    0.09%   x(c44_3_c7_3) D   7065   5032     13
   7220  2964        cutoff          41737.0000    41701.4385   311539    0.09%  x(c20_2_c17_2) D   7220   7219     39
   7383  2958    41729.7262   201    41737.0000    41702.5844   315737    0.08%  x(c20_2_c21_2) D   7383   7125     13
   7538  2945    41703.6477   192    41737.0000    41703.6667   319444    0.08%  x(c20_1_c21_1) D   7538   4391     17
   7695  2936        cutoff          41737.0000    41704.6000   323251    0.08%     x(Op_c16_1) D   7695   6353     18
   7863  2908    41722.7125   207    41737.0000    41705.6671   326661    0.08%      x(c8_1_Om) U   7863   6771     18
Elapsed time = 39.70 sec. (78065.59 ticks, tree = 9.02 MB, solutions = 2)
   8036  2904        cutoff          41737.0000    41706.6667   330588    0.07%  x(c21_2_c39_2) U   8036   7925     36
   8191  2896    41707.6654   251    41737.0000    41707.6667   333882    0.07%      x(c9_1_Om) N   8191   5307     17
   8361  2853    41727.5000   125    41737.0000    41708.5000   336920    0.07%   x(c44_3_c7_3) N   8361   6415     15
   8530  2821        cutoff          41737.0000    41709.5109   340323    0.07%  x(c20_2_c21_2) U   8530   4592     14
   8728  2761    41723.0080   183    41737.0000    41710.6909   343808    0.06%   x(c9_1_c40_1) N   8728   8727     23
   8918  2708    41715.6250   158    41737.0000    41711.6322   346738    0.06%  x(c20_2_c21_2) N   8918   8757     14
   9069  2651        cutoff          41737.0000    41712.5000   349471    0.06%   x(c44_3_c7_3) U   9069   6869     17
   9250  2596    41717.4333   130    41737.0000    41713.7000   352696    0.06%      x(Op_c9_2) N   9250   2529     21
   9422  2539        cutoff          41737.0000    41714.4825   356158    0.05%      x(c8_1_Om) D   9422   5463     22
   9582  2500    41727.4597    95    41737.0000    41715.2586   359145    0.05%   x(c9_1_c40_1) U   9582   9581     33
Elapsed time = 44.09 sec. (87637.31 ticks, tree = 7.83 MB, solutions = 2)
   9754  2437        cutoff          41737.0000    41716.2354   362602    0.05%  x(c41_3_c16_3) U   9754   9486     27
   9939  2369        cutoff          41737.0000    41717.3125   365235    0.05%  x(c41_3_c34_3) D   9939   8624     24
  10110  2291        cutoff          41737.0000    41718.3167   368639    0.04%   x(c44_3_c7_3) U  10110   6549     17
  10307  2193        cutoff          41737.0000    41719.5500   371600    0.04%  x(c32_1_c39_1) D  10307  10306     20
  10490  2090    41728.7095   144    41737.0000    41720.6894   374360    0.04%  x(c39_1_c13_1) N  10490   8254     18
  10667  2006        cutoff          41737.0000    41721.6997   377062    0.04%  x(c20_1_c21_1) U  10667   8917     10
  10849  1918    41733.0833    97    41737.0000    41722.5875   379854    0.03%   x(c44_3_c7_3) N  10849   8001     15
  11039  1798        cutoff          41737.0000    41723.6650   382398    0.03%  x(c20_2_c21_2) U  11039   8076     16
  11229  1664        cutoff          41737.0000    41724.7476   384814    0.03%  x(c38_3_c44_3) U  11229   8552     10
* 11652   193      integral     0    41729.0000    41727.0000   389925    0.00%

Clique cuts applied:  17
Cover cuts applied:  8
Flow cuts applied:  8
Mixed integer rounding cuts applied:  9
Zero-half cuts applied:  20
Gomory fractional cuts applied:  4
User cuts applied:  281

Root node processing (before b&c):
  Real time             =    2.55 sec. (6107.73 ticks)
Sequential b&c:
  Real time             =   46.11 sec. (92625.29 ticks)
                          ------------
Total (root+branch&cut) =   48.67 sec. (98733.02 ticks)

