Version identifier: 22.1.0.0 | 2022-03-09 | 1a383f8ce
CPXPARAM_Preprocessing_Reduce                    0
CPXPARAM_Threads                                 1
CPXPARAM_Preprocessing_Reformulations            0
CPXPARAM_Emphasis_MIP                            2
CPXPARAM_TimeLimit                               7200
CPXPARAM_MIP_Tolerances_AbsMIPGap                0.98999999999999999
CPXPARAM_MIP_Limits_TreeMemory                   20000
Legacy callback                                  BbLUID
         Disabling repeat represolve because of lazy constraint/incumbent callback.
1 of 1 MIP starts provided solutions.
MIP start 'm1' defined initial solution with objective 3441.0000.
Tried aggregator 0 times.
Reduced MIP has 1064 rows, 869 columns, and 5027 nonzeros.
Reduced MIP has 806 binaries, 0 generals, 0 SOSs, and 0 indicators.
Presolve time = 0.00 sec. (0.28 ticks)
Probing time = 0.00 sec. (1.25 ticks)
Clique table members: 413.
MIP emphasis: optimality.
MIP search method: traditional branch-and-cut.
Parallel mode: none, using 1 thread.
Root relaxation solution time = 0.00 sec. (2.06 ticks)

        Nodes                                         Cuts/
   Node  Left     Objective  IInf  Best Integer    Best Bound    ItCnt     Gap         Variable B NodeID Parent  Depth

*     0+    0                         3441.0000        0.0000           100.00%
      0     0     2649.1522   126     3441.0000     2649.1522      217   23.01%
      0     0     3339.0000   122     3441.0000      Cuts: 50      320    2.96%
      0     0     3383.0000   130     3441.0000      Cuts: 22      357    1.69%
      0     0     3402.5000   130     3441.0000       Cuts: 8      394    1.12%
      0     0     3413.0000   134     3441.0000       Cuts: 4      413    0.81%
      0     0     3413.0000   138     3441.0000   ZeroHalf: 5      421    0.81%
      0     0     3416.0000   111     3441.0000   ZeroHalf: 2      440    0.73%
      0     0     3418.0000   113     3441.0000       Cuts: 4      476    0.67%
      0     0     3418.0000   113     3441.0000     Covers: 1      489    0.67%
      0     2     3418.0000    94     3441.0000     3418.0000      489    0.67%                        0             0
Elapsed time = 0.08 sec. (156.12 ticks, tree = 0.01 MB, solutions = 1)
      8     9     3418.2154   134     3441.0000     3418.0000      696    0.67%      x(c4_3_Om) D      8      7      7
     60    38     3421.1527   131     3441.0000     3421.0125     1534    0.58%  x(c18_3_c22_3) D     60     59      8
    143    93     3423.0648    97     3441.0000     3423.0000     3549    0.52%   x(c8_2_c19_2) N    143    142      6
    254   178     3439.0000    85     3441.0000     3423.7474     5293    0.50%    x(c7_2_c9_2) U    254    163     11
    413   225     3426.4476    88     3441.0000     3426.3962     9876    0.42%  x(c19_3_c10_3) D    413    412     16
    632   281     3429.1158    75     3441.0000     3429.0753    13930    0.35%  x(c22_3_c11_3) D    632    631     13
    874   373        cutoff           3441.0000     3431.0000    18432    0.29%  x(c12_2_c25_2) U    874    788     22
   1109   370        cutoff           3441.0000     3432.8215    22795    0.24%    x(c6_2_c9_2) U   1109    533      9
   1380   404        cutoff           3441.0000     3434.2455    26935    0.20%   x(c10_3_c5_3) U   1380   1378     22

Clique cuts applied:  19
Cover cuts applied:  14
Flow cuts applied:  1
Mixed integer rounding cuts applied:  3
Zero-half cuts applied:  10
Gomory fractional cuts applied:  3
User cuts applied:  94

Root node processing (before b&c):
  Real time             =    0.08 sec. (155.70 ticks)
Sequential b&c:
  Real time             =    1.61 sec. (2987.33 ticks)
                          ------------
Total (root+branch&cut) =    1.69 sec. (3143.03 ticks)

