Version identifier: 22.1.0.0 | 2022-03-09 | 1a383f8ce
CPXPARAM_Preprocessing_Reduce                    0
CPXPARAM_Threads                                 1
CPXPARAM_Preprocessing_Reformulations            0
CPXPARAM_Emphasis_MIP                            2
CPXPARAM_TimeLimit                               7200
CPXPARAM_MIP_Tolerances_AbsMIPGap                0.98999999999999999
CPXPARAM_MIP_Limits_TreeMemory                   20000
Legacy callback                                  BbLUID
         Disabling repeat represolve because of lazy constraint/incumbent callback.
1 of 1 MIP starts provided solutions.
MIP start 'm1' defined initial solution with objective 17280.0000.
Tried aggregator 0 times.
Reduced MIP has 2816 rows, 2640 columns, and 15398 nonzeros.
Reduced MIP has 2552 binaries, 0 generals, 0 SOSs, and 0 indicators.
Presolve time = 0.00 sec. (0.82 ticks)
Probing time = 0.00 sec. (2.87 ticks)
Clique table members: 1282.
MIP emphasis: optimality.
MIP search method: traditional branch-and-cut.
Parallel mode: none, using 1 thread.
Root relaxation solution time = 0.00 sec. (6.36 ticks)

        Nodes                                         Cuts/
   Node  Left     Objective  IInf  Best Integer    Best Bound    ItCnt     Gap         Variable B NodeID Parent  Depth

*     0+    0                        17280.0000        0.0000           100.00%
      0     0    13889.4958   110    17280.0000    13889.4958      244   19.62%
      0     0    16341.6100    58    17280.0000      Cuts: 37      411    5.43%
      0     0    16587.1231    60    17280.0000      Cuts: 20      522    4.01%
      0     0    16616.0572    60    17280.0000       Cuts: 6      575    3.84%
      0     0    16628.3333    74    17280.0000       Cuts: 3      614    3.77%
      0     0    16633.4158    54    17280.0000   ZeroHalf: 2      643    3.74%
      0     0    16633.4192    45    17280.0000       User: 1      645    3.74%
      0     2    16633.4192    45    17280.0000    16635.0859      645    3.73%                        0             0
Elapsed time = 0.21 sec. (533.58 ticks, tree = 0.01 MB, solutions = 1)
      2     4    16649.2254    69    17280.0000    16649.2280      775    3.65%   x(c39_2_c5_2) N      2      1      2
      4     6    16649.2842    78    17280.0000    16649.3183      799    3.65%  x(c38_2_c20_2) U      4      3      4
      6     8    16649.3590    63    17280.0000    16649.3619      837    3.65%  x(c27_1_c28_1) D      6      4      5
      9    11    16649.7840    87    17280.0000    16649.7567      914    3.65%  x(c51_1_c49_1) N      9      8      8
     15    17    16650.1339    62    17280.0000    16649.7567      995    3.65%  x(c29_2_c53_2) D     15     14     14
     20    22    16651.7209    95    17280.0000    16649.7567     1261    3.65%  x(c48_3_c42_3) D     20     18     18
     21    23    16651.8682   108    17280.0000    16649.7567     1280    3.65%  x(c40_3_c38_3) D     21     20     19
     27    29    16652.3353    97    17280.0000    16649.7567     1370    3.65%      x(Op_c9_3) D     27     26     25
     36    38    16652.6598    78    17280.0000    16649.7567     1462    3.65%   x(c40_3_c9_3) D     36     35     34
     64    66    16654.8105    67    17280.0000    16649.7567     2030    3.65%  x(c50_2_c30_2) D     64     63     61
Elapsed time = 1.57 sec. (4205.31 ticks, tree = 0.14 MB, solutions = 1)
    103   102    16656.2945    76    17280.0000    16649.7567     2271    3.65%  x(c53_2_c52_2) D    103    102    100
    142   134    16658.8013    72    17280.0000    16649.7567     2559    3.65%   x(c10_2_c7_2) N    142    141    139
    195   174    16664.5967    78    17280.0000    16649.7567     2907    3.65%  x(c20_2_c15_2) D    195    194    192
    233   196    16674.4960    62    17280.0000    16649.7567     3215    3.65%   x(c6_1_c29_1) N    233    232    230
    311   252    16683.7908    53    17280.0000    16649.7567     3633    3.65%     x(c53_2_Om) N    311    310    308
    396   328    16680.1370    78    17280.0000    16649.9395     4772    3.65%   x(c4_3_c17_3) D    396    395     72
    475   407    16682.6678    95    17280.0000    16649.9395     5410    3.65%  x(c21_2_c12_2) U    475    474    151
    552   476    16685.2612   112    17280.0000    16649.9395     6058    3.65%   x(c4_3_c32_3) D    552    551    228
    669   578    16688.2886    87    17280.0000    16649.9395     6542    3.65%  x(c27_2_c15_2) D    669    668    345
    773   655    16735.0917    77    17280.0000    16650.0641     7132    3.65%  x(c13_2_c39_2) N    773     13     13
Elapsed time = 5.50 sec. (13895.16 ticks, tree = 1.05 MB, solutions = 1)
    799   680    16873.8498    76    17280.0000    16660.4503    12550    3.59%  x(c21_2_c12_2) D    799     36     35
    831   704    16675.8221    61    17280.0000    16672.5284    18044    3.52%  x(c53_2_c52_2) D    831    830      8
    908   773    16681.0585    98    17280.0000    16678.6369    21311    3.48%  x(c10_2_c30_2) D    908    907     66
   1000   865    16683.6732   101    17280.0000    16678.6369    21989    3.48%   x(c31_3_c4_3) D   1000    999    158
   1071   936    16855.6772   107    17280.0000    16680.5142    25677    3.47%     x(c31_1_Om) N   1071    351     30
   1096   957    17053.1250    42    17280.0000    16683.1707    31068    3.45%  x(c53_2_c27_2) N   1096    446    123
   1122   973        cutoff          17280.0000    16685.2375    37332    3.44%  x(c30_2_c27_2) U   1122    998    157
   1165  1000    16806.4939    34    17280.0000    16689.0000    44388    3.42%  x(c41_1_c46_1) U   1165   1163      9
   1199  1027    16778.6403    57    17280.0000    16692.4667    50054    3.40%  x(c27_1_c28_1) U   1199   1198      4
   1322  1146    16696.2348    73    17280.0000    16694.0000    52495    3.39%  x(c41_2_c38_2) U   1322   1321    169
Elapsed time = 10.15 sec. (24664.30 ticks, tree = 1.97 MB, solutions = 1)
   1445  1261    16698.8012    80    17280.0000    16694.0000    52965    3.39%  x(c27_3_c17_3) D   1445   1444    292
   1567  1378    16902.1500    94    17280.0000    16695.0802    57338    3.38%  x(c25_3_c23_3) U   1567   1566    103
   1753  1550    16964.4226    56    17280.0000    16695.0802    59156    3.38%     x(c20_2_Om) D   1753   1752    286
   1815  1602    16699.6821    72    17280.0000    16698.1785    64654    3.37%   x(c44_3_c8_3) D   1815   1186      8
   1866  1648    16704.9400    49    17280.0000    16699.6700    70549    3.36%  x(c53_2_c27_2) D   1866   1865     12
   1914  1691    16738.1091    99    17280.0000    16701.4675    76681    3.35%  x(c21_2_c12_2) D   1914   1819     13
   2000  1773    16708.6688    38    17280.0000    16703.4776    82813    3.34%  x(c44_3_c50_3) D   2000   1999     22
   2041  1810    16706.0197    61    17280.0000    16704.8145    89505    3.33%  x(c22_3_c40_3) D   2041   1183      7
   2195  1960    16710.9993    74    17280.0000    16706.2139    94732    3.32%  x(c35_1_c34_1) U   2195   2194    123
   2350  2111    16945.7584    78    17280.0000    16707.0318    99378    3.32%  x(c50_3_c25_3) N   2350   1828     22
Elapsed time = 14.47 sec. (34278.01 ticks, tree = 3.62 MB, solutions = 1)
   2465  2224    17192.6340    70    17280.0000    16708.4452   104716    3.31%   x(c41_2_c5_2) U   2465    533    210
   2666  2422    16783.8351    68    17280.0000    16709.2963   108921    3.30%      x(c4_3_Om) D   2666   2665    101
   2905  2650    16790.4841    69    17280.0000    16709.2963   109856    3.30%  x(c50_3_c32_3) D   2905   2904    339
   3026  2755    16991.8895    83    17280.0000    16709.6273   113742    3.30%  x(c25_3_c23_3) D   3026   2121     50
   3124  2853    16716.4924    89    17280.0000    16710.7918   119713    3.29%  x(c16_3_c42_3) D   3124   3123     67
   3167  2893    16775.2558    77    17280.0000    16711.9208   125991    3.29%  x(c15_2_c13_2) U   3167   2424     74
   3347  3073    16716.9091    49    17280.0000    16712.4192   130164    3.28%     x(c23_3_Om) D   3347   3346     35
   3462  3186    16908.6562    57    17280.0000    16713.0000   136375    3.28%  x(c37_3_c22_3) N   3462   2481     50
   3514  3238    16949.4110    60    17280.0000    16714.4192   142928    3.27%      x(c4_3_Om) U   3514    391     68
   3549  3273    16932.7120    51    17280.0000    16714.9089   148993    3.27%  x(c15_1_c12_1) U   3549   3193     47
Elapsed time = 18.88 sec. (43959.27 ticks, tree = 5.36 MB, solutions = 1)
   3590  3312    16884.6200    67    17280.0000    16715.7142   155233    3.27%     x(Op_c38_2) U   3590   2510     79
   3755  3472    16890.3120    66    17280.0000    16716.1350   160130    3.26%   x(c31_3_c4_3) N   3755   3112     56
   3790  3501    16943.8240    65    17280.0000    16716.8101   166766    3.26%  x(c14_2_c10_2) N   3790   3200     54
   3956  3667    16721.9604    72    17280.0000    16717.2148   171865    3.26%   x(c5_2_c41_2) D   3956   3955    157
   4000  3711    16872.6438    64    17280.0000    16717.6573   174609    3.25%      x(Op_c4_3) U   4000   3403     92
   4145  3856    16869.2078    61    17280.0000    16718.3773   180087    3.25%      x(c4_3_Om) U   4145   2004     27
   4316  4025    17065.3654    41    17280.0000    16719.1624   184816    3.25%  x(c38_3_c22_3) N   4316   3886     91
   4358  4065    16735.3455    56    17280.0000    16720.2446   191105    3.24%  x(c23_3_c44_3) D   4358   1202      6
   4400  4107    16757.0479    41    17280.0000    16721.5572   196914    3.23%    x(c2_3_c9_3) U   4400   4399     14
   4456  4160    16741.6667    35    17280.0000    16722.9458   203511    3.22%   x(c12_1_c3_1) D   4456   4455     31
Elapsed time = 23.19 sec. (53652.29 ticks, tree = 6.98 MB, solutions = 1)
   4540  4244    16724.1502    68    17280.0000    16723.7526   209602    3.22%   x(c2_3_c50_3) D   4540   4539    100
   4701  4404    16829.7002    65    17280.0000    16723.8313   212521    3.22%  x(c35_1_c34_1) D   4701   4081     68
   4739  4440    16977.0264    57    17280.0000    16724.8333   219208    3.21%  x(c37_3_c22_3) U   4739   2134     63
   4786  4485    16889.9286    64    17280.0000    16725.7526   225847    3.21%  x(c12_2_c15_2) U   4786   2441     91
   4852  4549    17068.5216    47    17280.0000    16726.4192   231500    3.20%   x(c5_2_c19_2) U   4852   3936    138
   4924  4619    17173.5921    47    17280.0000    16727.1765   237924    3.20%  x(c50_3_c25_3) N   4924   3267    121
   5000  4689    16801.8866    34    17280.0000    16728.3613   243928    3.19%   x(c3_3_c18_3) D   5000   4998     50
   5047  4734    17128.8205    45    17280.0000    16729.2539   250585    3.19%  x(c50_2_c29_2) U   5047   4607    168
   5095  4780    16810.9794    64    17280.0000    16730.1942   257018    3.18%    x(c2_3_c8_3) N   5095    843     10
   5239  4922    16913.6879    54    17280.0000    16730.6667   261920    3.18%  x(c28_2_c29_2) U   5239   4259     15
Elapsed time = 27.69 sec. (64010.40 ticks, tree = 8.27 MB, solutions = 1)
   5280  4959    16816.4775    57    17280.0000    16731.3333   268340    3.18%  x(c53_2_c29_2) U   5280   4001     17
   5332  5003    16843.8523    60    17280.0000    16732.0825   274911    3.17%  x(c51_1_c49_1) N   5332   4933     10
   5470  5139    17241.9815    71    17280.0000    16732.4653   280501    3.17%  x(c19_2_c41_2) U   5470    123    121
   5532  5199    16738.1250    84    17280.0000    16733.8300   286470    3.16%  x(c22_3_c40_3) D   5532   5531     10
   5617  5274    17034.2582    58    17280.0000    16734.3333   292554    3.16%   x(c14_2_c5_2) U   5617    452    129
   5653  5302    16956.2653    47    17280.0000    16735.0825   299092    3.15%   x(c4_3_c17_3) U   5653   3412    101
   5683  5332    16843.1957    69    17280.0000    16735.4005   305324    3.15%   x(c27_1_c3_1) U   5683   5154     76
   5723  5372    16797.9171    68    17280.0000    16736.1732   311661    3.15%   x(c27_1_c2_1) U   5723   4358      7
   5769  5406    16940.0999    44    17280.0000    16736.7857   318018    3.14%  x(c23_3_c22_3) U   5769   5359     27
   5810  5447    16789.2024    34    17280.0000    16737.7092   324166    3.14%  x(c44_3_c50_3) U   5810   3743     17
Elapsed time = 31.88 sec. (73741.95 ticks, tree = 9.26 MB, solutions = 1)
   5883  5520    16964.0350    95    17280.0000    16738.7409   330064    3.13%  x(c12_2_c15_2) D   5883   5882     96
   6000  5637    16965.8374    62    17280.0000    16738.7409   330908    3.13%   x(c4_3_c27_3) D   6000   5999    212
   6143  5768    17197.7548    71    17280.0000    16739.3333   335545    3.13%  x(c13_2_c45_2) U   6143   1337    185
   6225  5848    16742.8508    76    17280.0000    16740.1538   341256    3.12%   x(c5_2_c14_2) D   6225   6224     28
   6436  6059    16976.0860    38    17280.0000    16740.4626   344443    3.12%  x(c44_3_c50_3) U   6436   5535     13
   6485  6102    16896.8726    73    17280.0000    16741.0768   350714    3.12%  x(c16_3_c40_3) N   6485   4994     46
   6535  6144    16770.1594    84    17280.0000    16742.0501   356425    3.11%   x(c27_1_c2_1) D   6535   5088     16
   6578  6187    17124.4048    45    17280.0000    16743.3745   362927    3.11%   x(c4_3_c11_3) U   6578   2539    108
   6623  6230    17079.7557    67    17280.0000    16744.4860   369051    3.10%  x(c13_2_c41_2) U   6623   6301    105
   6746  6352    17063.3241    49    17280.0000    16745.1535   373743    3.10%  x(c18_3_c17_3) U   6746   6745    186
Elapsed time = 36.47 sec. (84797.31 ticks, tree = 10.67 MB, solutions = 1)
   6821  6417    16944.6400    61    17280.0000    16745.6738   378963    3.09%  x(c12_2_c39_2) U   6821   3926    129
   6911  6502    16836.9391    58    17280.0000    16746.3747   384222    3.09%  x(c46_1_c42_1) U   6911   6909     51
   6979  6559    16869.1435    64    17280.0000    16747.3943   390247    3.08%  x(c23_3_c17_3) U   6979   5749     23
*  7000+ 6183                        17098.0000    16747.5833             2.05%
   7000  6185    16747.8479    38    17098.0000    16747.5833   391623    2.05%     x(Op_c40_3) D   7000   6999     61
   7073  6244    16954.6041    71    17098.0000    16748.5296   398046    2.04%  x(c29_1_c27_1) U   7073   2057      7
   7238  6397    16836.9166    79    17098.0000    16749.6613   402383    2.04%  x(c38_1_c36_1) D   7238   4705     49
   7381  6530    16753.4787    61    17098.0000    16750.4158   407324    2.03%   x(c25_3_c8_3) D   7381   7380    105
   7500  6625    16999.2211    62    17098.0000    16750.8125   412791    2.03%  x(c13_2_c41_2) D   7500   7499     74
   7581  6696    16754.6967   105    17098.0000    16751.4151   418869    2.03%   x(c8_3_c50_3) D   7581   4944     26
   7971  7047    16791.0355    52    17098.0000    16753.0000   441711    2.02%  x(c40_3_c11_3) U   7971   7970     52
Elapsed time = 42.17 sec. (98224.14 ticks, tree = 11.59 MB, solutions = 2)
*  8000+ 7029                        17090.0000    16753.3173             1.97%
   8248  7256    17074.7500    34    17090.0000    16754.3421   459462    1.96%   x(c23_3_c9_3) N   8248   8246     20
   8560  7535    16775.4293    74    17090.0000    16756.2171   481379    1.95%   x(c27_1_c3_1) N   8560   7917     69
*  8832  6140      integral     0    16971.0000    16757.2991   500143    1.26%
   8878  6152    16762.9432    34    16971.0000    16757.8259   504547    1.26%  x(c49_1_c29_1) U   8878   5325     13
*  8932+ 2120                        16812.0000    16758.2258             0.32%
   9573  2176    16765.4563    33    16812.0000    16762.6223   525102    0.29%  x(c18_3_c17_3) N   9573   9572     28
  10329  2197    16785.8752    44    16812.0000    16768.3098   545537    0.26%  x(c27_2_c14_2) N  10329  10328     11
  11008  2315    16773.2254    52    16812.0000    16773.2273   561500    0.23%  x(c35_1_c34_1) N  11008  10817     30
  11858  2410    16779.0882    60    16812.0000    16778.9144   580680    0.20%  x(c40_3_c11_3) N  11858  11816     22
  12731  2434        cutoff          16812.0000    16783.5562   600087    0.17%   x(c8_3_c50_3) U  12731   2585     22
  13684  2265        cutoff          16812.0000    16787.9254   617910    0.14%  x(c50_2_c29_2) U  13684   2621     57
  14689  2041    16792.9160    56    16812.0000    16792.5633   633947    0.12%  x(c38_3_c22_3) N  14689  14688     25
Elapsed time = 58.77 sec. (136441.30 ticks, tree = 3.66 MB, solutions = 5)
  15692  1644        cutoff          16812.0000    16797.4158   649242    0.09%  x(c17_3_c40_3) U  15692   1971     37
  16737  1193    16809.5600    46    16812.0000    16802.5000   663886    0.06%  x(c38_2_c19_2) N  16737   8045     18
  17856   501        cutoff          16812.0000    16808.0707   674639    0.02%  x(c21_2_c12_2) D  17856   5642     53

Clique cuts applied:  10
Cover cuts applied:  151
Flow cuts applied:  4
Mixed integer rounding cuts applied:  11
Zero-half cuts applied:  3
Gomory fractional cuts applied:  6
User cuts applied:  624

Root node processing (before b&c):
  Real time             =    0.21 sec. (534.19 ticks)
Sequential b&c:
  Real time             =   63.60 sec. (149106.92 ticks)
                          ------------
Total (root+branch&cut) =   63.82 sec. (149641.11 ticks)

