Version identifier: 22.1.0.0 | 2022-03-09 | 1a383f8ce
CPXPARAM_Preprocessing_Reduce                    0
CPXPARAM_Threads                                 1
CPXPARAM_Preprocessing_Reformulations            0
CPXPARAM_Emphasis_MIP                            2
CPXPARAM_TimeLimit                               7200
CPXPARAM_MIP_Tolerances_AbsMIPGap                0.98999999999999999
CPXPARAM_MIP_Limits_TreeMemory                   20000
Legacy callback                                  BbLUID
         Disabling repeat represolve because of lazy constraint/incumbent callback.
1 of 1 MIP starts provided solutions.
MIP start 'm1' defined initial solution with objective 3220.0000.
Tried aggregator 0 times.
Reduced MIP has 104 rows, 850 columns, and 3302 nonzeros.
Reduced MIP has 850 binaries, 0 generals, 0 SOSs, and 0 indicators.
Presolve time = 0.00 sec. (0.18 ticks)
Probing time = 0.00 sec. (1.43 ticks)
Clique table members: 52.
MIP emphasis: optimality.
MIP search method: traditional branch-and-cut.
Parallel mode: none, using 1 thread.
Root relaxation solution time = 0.00 sec. (0.82 ticks)

        Nodes                                         Cuts/
   Node  Left     Objective  IInf  Best Integer    Best Bound    ItCnt     Gap         Variable B NodeID Parent  Depth

*     0+    0                         3220.0000        0.0000           100.00%
      0     0     3105.0000    12     3220.0000     2822.0000      116   12.36%
      0     0     3154.0000    38     3220.0000      Cuts: 11      130    2.05%
      0     0     3206.5000    14     3220.0000      Cuts: 24      156    0.42%
      0     0     3206.5000    58     3220.0000       Cuts: 2      162    0.42%
      0     0     3206.5000    22     3220.0000       Cuts: 6      164    0.42%
      0     0     3206.5000   102     3220.0000   ZeroHalf: 7      171    0.42%
      0     2     3206.5000    18     3220.0000     3206.5000      176    0.42%                        0             0
Elapsed time = 0.05 sec. (59.35 ticks, tree = 0.01 MB, solutions = 1)
*     6     3      integral     0     3211.0000     3206.5000      202    0.14%

Zero-half cuts applied:  5
Gomory fractional cuts applied:  6
User cuts applied:  50

Root node processing (before b&c):
  Real time             =    0.05 sec. (58.08 ticks)
Sequential b&c:
  Real time             =    0.03 sec. (18.34 ticks)
                          ------------
Total (root+branch&cut) =    0.08 sec. (76.42 ticks)

