Version identifier: 22.1.0.0 | 2022-03-09 | 1a383f8ce
CPXPARAM_Preprocessing_Reduce                    0
CPXPARAM_Threads                                 1
CPXPARAM_Preprocessing_Reformulations            0
CPXPARAM_Emphasis_MIP                            2
CPXPARAM_TimeLimit                               7200
CPXPARAM_MIP_Tolerances_AbsMIPGap                0.98999999999999999
CPXPARAM_MIP_Limits_TreeMemory                   20000
Legacy callback                                  BbLUID
         Disabling repeat represolve because of lazy constraint/incumbent callback.
1 of 1 MIP starts provided solutions.
MIP start 'm1' defined initial solution with objective 3963.0000.
Tried aggregator 0 times.
Reduced MIP has 170 rows, 2332 columns, and 9164 nonzeros.
Reduced MIP has 2332 binaries, 0 generals, 0 SOSs, and 0 indicators.
Presolve time = 0.00 sec. (0.48 ticks)
Probing time = 0.00 sec. (2.60 ticks)
Clique table members: 85.
MIP emphasis: optimality.
MIP search method: traditional branch-and-cut.
Parallel mode: none, using 1 thread.
Root relaxation solution time = 0.00 sec. (2.00 ticks)

        Nodes                                         Cuts/
   Node  Left     Objective  IInf  Best Integer    Best Bound    ItCnt     Gap         Variable B NodeID Parent  Depth

*     0+    0                         3963.0000        0.0000           100.00%
      0     0     3788.0000    16     3963.0000     3626.0000      173    8.50%
      0     0     3863.3333    39     3963.0000       Cuts: 9      200    2.51%
      0     0     3874.5000    20     3963.0000      Cuts: 19      215    2.23%
      0     0     3878.1667    62     3963.0000       Cuts: 7      230    2.14%
      0     0     3880.0000    79     3963.0000      Cuts: 15      241    2.09%
      0     0     3881.0000    32     3963.0000      Cuts: 12      245    2.07%
      0     0     3883.7179    88     3963.0000       Cuts: 3      252    2.00%
      0     0     3886.0000    40     3963.0000  ZeroHalf: 10      260    1.94%
      0     0     3886.8333    77     3963.0000       Cuts: 3      264    1.92%
      0     0     3888.9048   110     3963.0000   ZeroHalf: 7      274    1.87%
      0     0     3890.7716   111     3963.0000       Cuts: 7      286    1.82%
      0     0     3891.3333    44     3963.0000   ZeroHalf: 7      295    1.81%
      0     0     3892.2500    40     3963.0000       Cuts: 7      301    1.79%
      0     0     3893.1111    62     3963.0000       Cuts: 6      314    1.76%
      0     0     3894.8269   110     3963.0000       Cuts: 8      334    1.72%
      0     0     3896.3333    88     3963.0000      Cuts: 14      348    1.68%
      0     0     3896.5556   135     3963.0000  ZeroHalf: 17      353    1.68%
      0     0     3897.0833   111     3963.0000      Cuts: 11      372    1.66%
      0     0     3897.5495   150     3963.0000      Cuts: 15      384    1.65%
      0     0     3897.8571   104     3963.0000       User: 3      386    1.64%
      0     0     3897.8571   140     3963.0000       User: 1      390    1.64%
      0     2     3897.8571   131     3963.0000     3898.5000      390    1.63%                        0             0
Elapsed time = 0.37 sec. (743.60 ticks, tree = 0.01 MB, solutions = 1)
     62    26     3919.8333    61     3963.0000     3917.0000      934    1.16%  x(c33_1_c26_1) D     62     42      7
    145    68     3957.5000   135     3963.0000     3933.6667     2039    0.74%  x(c34_2_c28_2) N    145    144      7
    251   107     3950.5000    54     3963.0000     3946.5000     3743    0.42%  x(c26_1_c33_1) D    251    237     21
    395   100     3954.6000    23     3963.0000     3954.0000     5375    0.23%   x(c39_2_c3_2) U    395    379     11
    586     7        cutoff           3963.0000     3961.6667     6528    0.03%   x(c30_1_c4_1) U    586    492     11

Zero-half cuts applied:  37
User cuts applied:  219

Root node processing (before b&c):
  Real time             =    0.37 sec. (743.50 ticks)
Sequential b&c:
  Real time             =    1.19 sec. (1213.60 ticks)
                          ------------
Total (root+branch&cut) =    1.57 sec. (1957.10 ticks)

