Version identifier: 22.1.0.0 | 2022-03-09 | 1a383f8ce
CPXPARAM_Preprocessing_Reduce                    0
CPXPARAM_Threads                                 1
CPXPARAM_Preprocessing_Reformulations            0
CPXPARAM_Emphasis_MIP                            2
CPXPARAM_TimeLimit                               7200
CPXPARAM_MIP_Tolerances_AbsMIPGap                0.98999999999999999
CPXPARAM_MIP_Limits_TreeMemory                   20000
Legacy callback                                  BbLUID
         Disabling repeat represolve because of lazy constraint/incumbent callback.
1 of 1 MIP starts provided solutions.
MIP start 'm1' defined initial solution with objective 7392.0000.
Tried aggregator 0 times.
Reduced MIP has 360 rows, 6314 columns, and 24906 nonzeros.
Reduced MIP has 6314 binaries, 0 generals, 0 SOSs, and 0 indicators.
Presolve time = 0.00 sec. (1.28 ticks)
Probing time = 0.00 sec. (3.53 ticks)
Clique table members: 180.
MIP emphasis: optimality.
MIP search method: traditional branch-and-cut.
Parallel mode: none, using 1 thread.
Root relaxation solution time = 0.00 sec. (5.02 ticks)

        Nodes                                         Cuts/
   Node  Left     Objective  IInf  Best Integer    Best Bound    ItCnt     Gap         Variable B NodeID Parent  Depth

*     0+    0                         7392.0000        0.0000           100.00%
      0     0     7221.5000    89     7392.0000     6854.0000      373    7.28%
      0     0     7238.0000    51     7392.0000      Cuts: 21      399    2.08%
      0     0     7243.5000    48     7392.0000      Cuts: 14      412    2.01%
      0     0     7254.5000   113     7392.0000      Cuts: 16      429    1.86%
      0     0     7256.5000   123     7392.0000      Cuts: 16      442    1.83%
      0     0     7261.2500   125     7392.0000      Cuts: 16      463    1.77%
      0     0     7263.6667    78     7392.0000      Cuts: 13      479    1.74%
      0     0     7268.2250   219     7392.0000      Cuts: 12      504    1.67%
      0     0     7270.9583   207     7392.0000      Cuts: 23      516    1.64%
      0     0     7276.5714    86     7392.0000      Cuts: 22      537    1.56%
      0     0     7278.8429   227     7392.0000       Cuts: 8      558    1.53%
      0     0     7281.2565   185     7392.0000      Cuts: 17      582    1.50%
      0     0     7282.8873   212     7392.0000      Cuts: 17      600    1.48%
      0     0     7284.5574   278     7392.0000  ZeroHalf: 14      620    1.45%
      0     0     7284.8244   246     7392.0000  ZeroHalf: 12      630    1.45%
      0     0     7285.5069   283     7392.0000  ZeroHalf: 12      643    1.44%
      0     0     7286.7726   243     7392.0000  ZeroHalf: 15      657    1.42%
      0     0     7287.1500   167     7392.0000   ZeroHalf: 9      663    1.42%
      0     0     7288.3167   204     7392.0000       Cuts: 9      673    1.40%
      0     0     7294.3167   269     7392.0000       User: 2      695    1.32%
      0     0     7296.6500   297     7392.0000       User: 9      703    1.29%
      0     0     7297.3167   293     7392.0000       User: 1      707    1.28%
      0     0     7298.3167   300     7392.0000       User: 2      709    1.27%
      0     2     7298.3167   294     7392.0000     7298.3167      709    1.27%                        0             0
Elapsed time = 0.58 sec. (1248.71 ticks, tree = 0.01 MB, solutions = 1)
      6     8     7321.9833   285     7392.0000     7309.3167      788    1.12%    x(c3_4_c5_4) N      6      5      5
     12    14     7357.3167   225     7392.0000     7309.3167      882    1.12%  x(c35_5_c34_5) N     12     10      8
     34    27     7367.1500   246     7392.0000     7310.8167     1186    1.10%  x(c25_4_c26_4) U     34     33     13
     58    47     7369.7611   293     7392.0000     7324.9833     1607    0.91%  x(c25_4_c37_4) N     58     23      6
     95    83     7332.1500   241     7392.0000     7329.4833     2210    0.85%    x(c5_5_c7_5) N     95     89      9
    119   103     7331.8167   238     7392.0000     7331.8167     2729    0.81%   x(c10_4_c8_4) N    119     99      9
    149   127     7339.3010   293     7392.0000     7333.4000     3516    0.79%  x(c23_4_c24_4) N    149     79      8
    178   156     7359.7803   241     7392.0000     7335.4000     4120    0.77%    x(c5_1_c8_1) N    178    176     14
    208   183     7341.4881   276     7392.0000     7337.3500     4792    0.74%  x(c21_4_c22_4) N    208    163      9
    332   292     7348.1348   300     7392.0000     7342.3167     7734    0.67%  x(c25_4_c37_4) D    332    148      9
Elapsed time = 3.51 sec. (4409.07 ticks, tree = 2.51 MB, solutions = 1)
    480   416     7362.9333   203     7392.0000     7345.5181    11188    0.63%   x(c16_4_c9_4) N    480    234     18
    604   520     7369.0614   301     7392.0000     7348.2667    14608    0.59%  x(c28_4_c23_4) N    604    256      7
    738   632     7353.2167   282     7392.0000     7350.3167    18330    0.56%    x(c5_4_c8_4) N    738    508     13
    885   767     7353.8167   248     7392.0000     7352.3131    22658    0.54%  x(c34_4_c31_4) U    885     45      7
   1017   861     7360.9417   274     7392.0000     7353.8167    26218    0.52%  x(c34_5_c30_5) D   1017    591     12
   1157   945     7384.8167   248     7392.0000     7355.2321    29931    0.50%    x(c5_4_c8_4) N   1157    771     11
   1300  1046     7356.7167   278     7392.0000     7356.1000    33329    0.49%  x(c26_4_c25_4) D   1300   1299     40
   1453  1141     7360.2917   174     7392.0000     7357.2250    37300    0.47%  x(c34_4_c20_4) N   1453   1451     24
   1598  1228     7358.1615   238     7392.0000     7358.1615    41071    0.46%  x(c34_4_c30_4) U   1598   1450     19
   1752  1334     7360.0108   314     7392.0000     7359.0417    44833    0.45%   x(c16_4_c9_4) D   1752   1751     22
Elapsed time = 12.11 sec. (14018.74 ticks, tree = 14.57 MB, solutions = 1)
   1886  1428     7379.2639   285     7392.0000     7359.7917    48390    0.44%  x(c34_4_c30_4) D   1886   1884     25
   2019  1507     7385.1314   279     7392.0000     7360.5626    51706    0.43%  x(c36_5_c33_5) N   2019   2017     16
   2168  1605        cutoff           7392.0000     7361.1151    55320    0.42%  x(c14_4_c37_4) D   2168    883     19
   2295  1682     7385.9345   267     7392.0000     7361.7443    58554    0.41%  x(c30_4_c20_4) U   2295   2026     35
   2420  1752     7366.0556   276     7392.0000     7362.1917    61766    0.40%    x(c3_5_c4_5) U   2420   1257     28
   2550  1835     7386.9667   264     7392.0000     7362.8690    65343    0.39%  x(c23_4_c22_4) U   2550   1252     17
   2694  1898     7378.5167   239     7392.0000     7363.3857    68547    0.39%  x(c17_5_c18_5) U   2694   2692     40
   2821  1976     7364.0139   258     7392.0000     7363.9583    71907    0.38%   x(c16_4_c9_4) D   2821   2574     17
   2957  2040        cutoff           7392.0000     7364.3889    75430    0.37%  x(c36_5_c35_5) U   2957   1987     29
   3098  2114     7366.0224   239     7392.0000     7364.8923    78723    0.37%  x(c28_1_c23_1) D   3098   2979     23
Elapsed time = 20.11 sec. (23610.42 ticks, tree = 25.88 MB, solutions = 1)
   3234  2186     7365.9298   298     7392.0000     7365.3579    82018    0.36%  x(c23_4_c26_4) D   3234   3233     35
   3374  2254        cutoff           7392.0000     7365.9129    85546    0.35%  x(c14_4_c37_4) D   3374   2508     19
   3519  2334        cutoff           7392.0000     7366.2917    88851    0.35%  x(c23_5_c37_5) D   3519   1916     25
   3673  2390     7367.9496   264     7392.0000     7366.6462    91594    0.34%  x(c34_4_c31_4) D   3673   3260     20
   3830  2457     7382.8712   249     7392.0000     7367.1042    94825    0.34%  x(c14_5_c13_5) N   3830   3169     12
   3948  2513        cutoff           7392.0000     7367.4417    97748    0.33%  x(c27_5_c29_5) N   3948   3496     23
   4092  2587     7368.5167   218     7392.0000     7367.8461   100895    0.33%  x(c23_4_c22_4) D   4092   3763     20
   4240  2618     7368.7974   324     7392.0000     7368.2644   103796    0.32%  x(c21_2_c23_2) D   4240   3200     15
   4376  2659        cutoff           7392.0000     7368.6667   106868    0.32%  x(c14_2_c13_2) U   4376   3379     43
   4506  2687     7383.6944   234     7392.0000     7369.0833   109779    0.31%  x(c30_4_c29_4) D   4506   3727     15
Elapsed time = 27.04 sec. (33195.86 ticks, tree = 35.26 MB, solutions = 1)
   4650  2727     7370.6572   302     7392.0000     7369.4167   112833    0.31%   x(c17_5_c2_5) D   4650   1737     34
   4791  2795     7370.9687   308     7392.0000     7369.7083   115906    0.30%  x(c35_1_c34_1) N   4791   4304     24
   4936  2859        cutoff           7392.0000     7370.0359   118575    0.30%  x(c23_4_c26_4) U   4936   4934     38
   5082  2901        cutoff           7392.0000     7370.3556   121117    0.29%  x(c14_4_c37_4) D   5082   2504     14
   5222  2973     7381.9167   148     7392.0000     7370.5833   124069    0.29%  x(c28_1_c23_1) N   5222   3733     45
   5359  3022        cutoff           7392.0000     7370.8500   126785    0.29%  x(c21_3_c13_3) N   5359   5357     30
   5481  3057     7373.0076   314     7392.0000     7371.1172   129475    0.28%  x(c14_4_c37_4) N   5481   1244      9
   5600  3085     7371.8167   228     7392.0000     7371.3333   132247    0.28%  x(c30_4_c29_4) U   5600   5268     16
   5708  3116     7388.3191   288     7392.0000     7371.5426   134772    0.28%  x(c21_4_c14_4) D   5708   2747     19
   5837  3168     7379.0632   303     7392.0000     7371.8452   137734    0.27%    x(c3_4_c5_4) U   5837   5087     19
Elapsed time = 33.75 sec. (42818.52 ticks, tree = 43.83 MB, solutions = 1)
   5958  3212     7383.0306   292     7392.0000     7372.1468   140514    0.27%  x(c34_4_c30_4) D   5958   5956     18
   6074  3217     7372.4352   289     7392.0000     7372.4375   143004    0.26%  x(c36_5_c39_5) D   6074   3844     10
   6199  3244     7386.3250   241     7392.0000     7372.7917   145706    0.26%  x(c23_4_c25_4) N   6199   6099     20
   6327  3284     7381.3733   184     7392.0000     7373.1477   148489    0.26%    x(c5_1_c4_1) U   6327   5721     40
   6456  3327     7384.1667   208     7392.0000     7373.4167   151081    0.25%    x(c7_4_c9_4) U   6456   1983     19
   6585  3369        cutoff           7392.0000     7373.7014   153332    0.25%  x(c21_2_c13_2) U   6585   5677     54
   6719  3407        cutoff           7392.0000     7373.9250   156019    0.24%  x(c36_5_c39_5) N   6719   6583     23
   6839  3438     7377.9188   286     7392.0000     7374.2059   158490    0.24%   x(c16_5_c8_5) D   6839   4269     18
   6958  3462     7375.8229   242     7392.0000     7374.4348   160993    0.24%  x(c21_1_c14_1) U   6958    821     15
   7079  3513     7377.4167   282     7392.0000     7374.6733   163511    0.23%  x(c23_5_c37_5) D   7079   4510     16
Elapsed time = 40.15 sec. (52390.53 ticks, tree = 51.06 MB, solutions = 1)
   7197  3534     7374.8690   272     7392.0000     7374.8690   165788    0.23%  x(c23_4_c26_4) N   7197   7061     15
   7329  3582        cutoff           7392.0000     7375.0778   168278    0.23%    x(c5_1_c4_1) U   7329   7044     45
   7463  3609     7386.6389   244     7392.0000     7375.2917   170654    0.23%  x(c22_4_c23_4) U   7463   5036     23
   7586  3635     7382.0972   269     7392.0000     7375.5417   173439    0.22%  x(c23_5_c37_5) U   7586   6263     19
   7688  3642        cutoff           7392.0000     7375.7167   175835    0.22%   x(c36_3_c5_3) U   7688   5538     48
   7810  3660        cutoff           7392.0000     7375.9583   178635    0.22%    x(c7_4_c9_4) U   7810   6966     30
   7927  3693     7389.5667   233     7392.0000     7376.2500   181513    0.21%    x(c5_1_c4_1) U   7927   6701     51
   8033  3693     7389.3977   172     7392.0000     7376.4583   184127    0.21%   x(c16_4_c9_4) D   8033   4091     24
   8156  3701     7376.8224   318     7392.0000     7376.6740   186533    0.21%    x(c7_4_c9_4) N   8156   7462     30
   8275  3722        cutoff           7392.0000     7376.9583   189176    0.20%  x(c27_4_c35_4) U   8275   1972     21
Elapsed time = 46.23 sec. (61957.58 ticks, tree = 55.99 MB, solutions = 1)
   8400  3730        cutoff           7392.0000     7377.2000   191619    0.20%    x(c5_1_c8_1) U   8400   5573     30
   8525  3725        cutoff           7392.0000     7377.4000   193991    0.20%  x(c14_4_c37_4) D   8525    753     15
   8639  3750        cutoff           7392.0000     7377.5917   196440    0.19%   x(c36_5_c5_5) U   8639   4799     12
   8750  3776        cutoff           7392.0000     7377.7917   198770    0.19%   x(c16_4_c9_4) D   8750   1768     28
   8875  3804     7378.2647   238     7392.0000     7378.0417   201141    0.19%  x(c23_5_c37_5) N   8875   7655     18
   9004  3823        cutoff           7392.0000     7378.2358   203153    0.19%  x(c14_2_c13_2) U   9004   8465     21
   9119  3826        cutoff           7392.0000     7378.3981   205253    0.18%  x(c13_4_c22_4) U   9119    576     27
   9229  3824     7380.1875   283     7392.0000     7378.5833   207608    0.18%  x(c23_5_c37_5) U   9229   8349     13
   9349  3841     7381.1068   264     7392.0000     7378.7967   209840    0.18%  x(c17_5_c15_5) U   9349   9002     23
   9464  3844     7381.0578   268     7392.0000     7379.0058   211859    0.18%  x(c35_1_c34_1) D   9464   6921     16
Elapsed time = 52.36 sec. (71536.41 ticks, tree = 59.82 MB, solutions = 1)
   9574  3825        cutoff           7392.0000     7379.1667   214166    0.17%  x(c34_4_c30_4) U   9574   1679     24
   9693  3834        cutoff           7392.0000     7379.3500   216463    0.17%  x(c28_1_c23_1) N   9693   2960     13
   9816  3825     7380.9821   293     7392.0000     7379.5359   218631    0.17%  x(c39_1_c34_1) D   9816   3196     16
   9930  3810        cutoff           7392.0000     7379.7292   220782    0.17%      x(Op_c2_1) U   9930   6903     38
  10043  3830     7381.8179   211     7392.0000     7379.9333   222854    0.16%    x(c2_1_c4_1) N  10043   9372     25
  10161  3834     7385.8750   242     7392.0000     7380.1389   225075    0.16%    x(c2_1_c4_1) U  10161   9083     25
  10284  3844     7385.1250   178     7392.0000     7380.3133   227064    0.16%    x(c2_1_c4_1) U  10284   7147     29
  10387  3832     7381.2321   280     7392.0000     7380.4917   228908    0.16%  x(c13_4_c16_4) N  10387   7938     18
  10501  3814     7380.6667   256     7392.0000     7380.6667   230856    0.15%  x(c36_5_c39_5) N  10501   9861     17
  10615  3809     7382.7579   249     7392.0000     7380.8561   232973    0.15%   x(c16_5_c8_5) U  10615   7667     38
Elapsed time = 58.04 sec. (81121.57 ticks, tree = 60.94 MB, solutions = 1)
  10740  3795     7381.9167   204     7392.0000     7381.0417   234767    0.15%  x(c23_4_c26_4) U  10740   8310     21
  10856  3787        cutoff           7392.0000     7381.2143   236701    0.15%  x(c35_1_c34_1) U  10856   9667     25
  10977  3769        cutoff           7392.0000     7381.3686   238606    0.14%  x(c25_4_c23_4) U  10977   9790     27
  11088  3767     7383.3355   224     7392.0000     7381.4954   240391    0.14%    x(c7_4_c8_4) N  11088  10772     25
  11195  3758     7381.9559   282     7392.0000     7381.6606   242055    0.14%  x(c28_1_c23_1) N  11195  10412     25
  11309  3745        cutoff           7392.0000     7381.8750   243653    0.14%  x(c30_4_c29_4) D  11309  10845     33
  11424  3719        cutoff           7392.0000     7382.0833   245314    0.13%   x(c16_4_c9_4) N  11424  10155     14
  11536  3698     7382.5417   213     7392.0000     7382.2500   246892    0.13%  x(c21_2_c23_2) N  11536  11123     17
  11639  3673     7383.1875   201     7392.0000     7382.3833   248623    0.13%  x(c36_5_c39_5) N  11639  11318     35
  12098  3589        cutoff           7392.0000     7383.0353   255063    0.12%  x(c21_4_c14_4) U  12098  11918     12
Elapsed time = 65.21 sec. (93560.50 ticks, tree = 59.35 MB, solutions = 1)
  12551  3526     7390.9920   285     7392.0000     7383.5944   261385    0.11%  x(c13_4_c17_4) U  12551  12549     30
  13017  3425     7385.0272   273     7392.0000     7384.2024   267502    0.11%  x(c39_1_c34_1) N  13017  11867     23
  13475  3328     7386.2083   162     7392.0000     7384.7083   273564    0.10%   x(c16_5_c8_5) N  13475  13124     26
  13959  3219        cutoff           7392.0000     7385.2407   278863    0.09%  x(c21_1_c14_1) D  13959   4281     13
  14451  3076        cutoff           7392.0000     7385.7440   283665    0.08%  x(c34_4_c30_4) D  14451  11111     24
  14913  2929        cutoff           7392.0000     7386.2250   288637    0.08%    x(c2_1_c4_1) U  14913  12184     22
  15388  2714     7387.0366   261     7392.0000     7386.7500   292997    0.07%  x(c36_5_c39_5) N  15388   8467     22
  15899  2487        cutoff           7392.0000     7387.2600   297525    0.06%  x(c36_5_c39_5) U  15899  14266     20
  16417  2225     7390.0556   239     7392.0000     7387.7963   301460    0.06%   x(c16_5_c8_5) N  16417   4959     16
  16943  1920     7389.0000   266     7392.0000     7388.3485   305268    0.05%   x(c16_4_c9_4) N  16943  12218     19
Elapsed time = 85.53 sec. (131773.93 ticks, tree = 34.61 MB, solutions = 1)
  17445  1580        cutoff           7392.0000     7388.8974   308529    0.04%  x(c39_1_c34_1) D  17445   2327     25
  17969  1143        cutoff           7392.0000     7389.5000   311589    0.03%    x(c7_4_c9_4) U  17969  14429     26
  18519   668        cutoff           7392.0000     7390.2500   313844    0.02%  x(c29_4_c21_4) U  18519  18360     55
  19081   133        cutoff           7392.0000     7390.8460   315481    0.02%    x(c7_4_c8_4) D  19081  17511     16

Cover cuts applied:  1
Mixed integer rounding cuts applied:  1
Zero-half cuts applied:  71
Gomory fractional cuts applied:  5
User cuts applied:  1803

Root node processing (before b&c):
  Real time             =    0.58 sec. (1249.36 ticks)
Sequential b&c:
  Real time             =   92.19 sec. (147159.33 ticks)
                          ------------
Total (root+branch&cut) =   92.77 sec. (148408.69 ticks)

