Version identifier: 22.1.0.0 | 2022-03-09 | 1a383f8ce
CPXPARAM_Preprocessing_Reduce                    1
CPXPARAM_Threads                                 1
CPXPARAM_Preprocessing_Reformulations            0
CPXPARAM_Emphasis_MIP                            2
CPXPARAM_TimeLimit                               7200
CPXPARAM_MIP_Tolerances_AbsMIPGap                0.90000000000000002
CPXPARAM_MIP_Limits_TreeMemory                   26600
Legacy callback                                  BbLUID
         Disabling repeat represolve because of lazy constraint/incumbent callback.
1 of 1 MIP starts provided solutions.
MIP start 'm1' defined initial solution with objective 18589.0000.
Tried aggregator 1 time.
Reduced MIP has 350 rows, 10034 columns, and 20068 nonzeros.
Reduced MIP has 10034 binaries, 0 generals, 0 SOSs, and 0 indicators.
Presolve time = 0.00 sec. (6.41 ticks)
Probing time = 0.00 sec. (4.66 ticks)
Clique table members: 350.
MIP emphasis: optimality.
MIP search method: traditional branch-and-cut.
Parallel mode: none, using 1 thread.
Root relaxation solution time = 0.00 sec. (4.99 ticks)

        Nodes                                         Cuts/
   Node  Left     Objective  IInf  Best Integer    Best Bound    ItCnt     Gap         Variable B NodeID Parent  Depth

*     0+    0                        18589.0000        0.0000           100.00%
      0     0    17372.5000   170    18589.0000    14801.0000      135   20.38%
      0     0    17964.0000   146    18589.0000      Cuts: 96      234    3.36%
      0     0    18148.5000   196    18589.0000      Cuts: 83      296    2.37%
      0     0    18179.5000   230    18589.0000      Cuts: 53      322    2.20%
      0     0    18179.5000   237    18589.0000   ZeroHalf: 1      324    2.20%
      0     0    18185.5000    48    18589.0000   ZeroHalf: 1      332    2.17%
      0     0    18188.5000   222    18589.0000      Cuts: 19      354    2.15%
      0     0    18205.5000   231    18589.0000  ZeroHalf: 10      374    2.06%
      0     0    18211.0000   221    18589.0000   ZeroHalf: 4      379    2.03%
      0     0    18212.0000   156    18589.0000   ZeroHalf: 5      389    2.03%
      0     0    18215.5000   234    18589.0000       Cuts: 8      400    2.01%
      0     0    18216.2857   255    18589.0000   ZeroHalf: 2      405    2.01%
      0     0    18217.1538    72    18589.0000       User: 1      414    2.00%
      0     2    18217.1538    72    18589.0000    18217.1538      414    2.00%                        0             0
Elapsed time = 0.30 sec. (648.56 ticks, tree = 0.01 MB, solutions = 1)
     10    12    18267.5714   244    18589.0000    18220.1538      535    1.98%   x(c5_3_c34_3) D     10      9      8
     40    42    18370.7778   305    18589.0000    18220.1538      772    1.98%   x(c36_3_c5_3) D     40     39     32
     69    68    18416.9672   304    18589.0000    18220.1538      894    1.98%   x(c5_3_c57_3) N     69     68     60
    104    97    18466.6667   263    18589.0000    18220.1538     1056    1.98%  x(c10_2_c26_2) D    104    103     93
    149   121    18282.1538   307    18589.0000    18253.6538     1234    1.80%  x(c56_2_c93_2) D    149    147     11
    197   169    18457.9762   206    18589.0000    18253.6538     1552    1.80%  x(c93_2_c56_2) N    197    195     55
    236   195    18483.0000   101    18589.0000    18253.6538     1780    1.80%  x(c77_2_c27_2) D    236    235     90
    278   229    18265.0000   317    18589.0000    18265.2000     2191    1.74%   x(c7_2_c42_2) U    278    264     10
    315   266    18289.2000   232    18589.0000    18272.7000     2757    1.70%  x(c22_2_c11_2) D    315    313      7
    480   431    18302.2500   207    18589.0000    18288.0000     4612    1.62%  x(c98_3_c76_3) D    480    478     19
Elapsed time = 2.95 sec. (3858.96 ticks, tree = 4.44 MB, solutions = 1)
    661   612    18297.3750    80    18589.0000    18294.7500     6642    1.58%   x(c36_3_c5_3) D    661    660     39
    806   757    18311.2500   258    18589.0000    18300.7500     8868    1.55%   x(c92_2_c9_2) D    806    805     17
    975   922    18309.7500   326    18589.0000    18305.2222    11335    1.53%   x(c5_3_c64_3) D    975    252      5
   1150  1096    18318.5000    42    18589.0000    18308.5000    13973    1.51%  x(c22_2_c24_2) D   1150    512     17
   1310  1255    18459.5000   144    18589.0000    18311.0714    16823    1.50%  x(c64_3_c90_3) U   1310   1214     23
   1477  1421    18405.0000    44    18589.0000    18314.0000    19814    1.48%  x(c59_3_c58_3) U   1477   1466     45
   1643  1565    18515.5000   220    18589.0000    18315.0000    21263    1.47%  x(c40_2_c22_2) D   1643   1642    111
   1808  1723    18317.0000   256    18589.0000    18317.0000    23886    1.46%  x(c41_3_c81_3) D   1808    341      7
   1979  1881    18319.7500   176    18589.0000    18318.2500    26241    1.46%  x(c64_3_c65_3) D   1979   1978     24
   2140  2042    18414.5714   343    18589.0000    18320.4286    28947    1.44%   x(c64_3_c5_3) U   2140   1489     23
Elapsed time = 11.06 sec. (13435.86 ticks, tree = 25.12 MB, solutions = 1)
   2310  2205    18413.2500   268    18589.0000    18322.0000    31886    1.44%  x(c91_2_c30_2) N   2310    595     35
   2476  2371    18325.7500   146    18589.0000    18323.5000    34502    1.43%  x(c64_3_c65_3) D   2476   1390     21
   2612  2488    18433.0000   277    18589.0000    18324.1667    36327    1.42%   x(c8_3_c67_3) U   2612    756     13
   2783  2650    18328.2500   331    18589.0000    18325.0556    38580    1.42%  x(c65_3_c64_3) D   2783   2782     21
   2940  2803    18383.8000   303    18589.0000    18326.2500    41044    1.41%  x(c64_3_c81_3) U   2940   2938     18
   3099  2962    18521.5000    70    18589.0000    18327.2500    43546    1.41%  x(c94_2_c79_2) N   3099   3097     68
   3278  3134    18521.6250   135    18589.0000    18328.0000    45761    1.40%  x(c64_3_c33_3) N   3278   3277     55
   3421  3265    18526.9722   302    18589.0000    18328.5000    47685    1.40%   x(c5_3_c52_3) N   3421   3420     31
   3559  3389    18581.0667   208    18589.0000    18329.0000    49355    1.40%  x(c22_1_c81_1) N   3559   3558     73
   3700  3527    18351.3000   318    18589.0000    18330.0000    51681    1.39%   x(c5_3_c81_3) U   3700   3698     21
Elapsed time = 19.02 sec. (23034.51 ticks, tree = 47.67 MB, solutions = 1)
   3815  3622    18478.2500    35    18589.0000    18330.0000    52483    1.39%  x(c15_3_c49_3) D   3815   3814    119
   3945  3738        cutoff          18589.0000    18330.6667    54494    1.39%  x(c64_3_c49_3) U   3945    802     22
   4084  3874    18446.4750   327    18589.0000    18331.5000    56697    1.39%  x(c58_3_c45_3) D   4084   4083     74
   4220  4001    18410.8333   225    18589.0000    18332.0000    58812    1.38%  x(c81_3_c41_3) N   4220    363     26
   4377  4152    18508.2500    70    18589.0000    18332.5000    60938    1.38%  x(c22_1_c43_1) N   4377   4376     60
   4501  4267    18487.0000   104    18589.0000    18333.0000    62513    1.38%  x(c83_3_c65_3) D   4501   4499     47
   4639  4396    18337.0000   192    18589.0000    18334.0000    64728    1.37%  x(c30_2_c42_2) D   4639   4638     22
   4796  4545    18389.1000   310    18589.0000    18334.8889    66886    1.37%  x(c90_3_c64_3) N   4796   4794     28
   4930  4665    18386.5000   244    18589.0000    18335.2000    68702    1.37%  x(c64_3_c81_3) U   4930   4922     11
*  5034  4648      integral     0    18538.0000    18335.5000    69732    1.09%
   5080  4692    18413.5000    66    18538.0000    18335.5000    70332    1.09%  x(c93_2_c46_2) D   5080   5079     30
Elapsed time = 25.83 sec. (32625.17 ticks, tree = 66.75 MB, solutions = 2)
   5220  4818    18336.0000   185    18538.0000    18336.0000    71888    1.09%  x(c10_2_c78_2) D   5220   3887     28
   5377  4964    18338.0000   283    18538.0000    18336.5000    73966    1.09%  x(c67_3_c64_3) D   5377   2300     23
   5533  5114    18466.8474   326    18538.0000    18337.0000    76198    1.08%  x(c29_3_c45_3) D   5533   5532     83
   5671  5239    18461.5000    92    18538.0000    18337.5000    78351    1.08%  x(c22_2_c42_2) U   5671   5669     47
   5825  5382    18428.5000   168    18538.0000    18338.0000    80664    1.08%  x(c59_3_c58_3) U   5825    893     43
   5996  5530    18659.8333   131    18538.0000    18338.2000    82324    1.08%  x(c57_2_c79_2) D   5996   5995    105
   6135  5651    18375.5000   238    18538.0000    18338.5000    84190    1.08%  x(c64_3_c81_3) U   6135   3133     13
   6292  5805    18486.0000   257    18538.0000    18339.0000    86376    1.07%  x(c10_2_c26_2) D   6292   6291     64
   6439  5946    18417.7500   247    18538.0000    18339.5000    88710    1.07%  x(c58_3_c98_3) D   6439   6438     35
   6587  6082    18403.5000   290    18538.0000    18340.0000    90917    1.07%  x(c58_3_c31_3) U   6587   3965     18
Elapsed time = 33.02 sec. (42185.42 ticks, tree = 90.19 MB, solutions = 2)
   6738  6228    18409.5000   164    18538.0000    18340.5000    93113    1.07%  x(c11_2_c40_2) U   6738   6736     16
   6881  6352    18344.8000   237    18538.0000    18341.0000    95003    1.06%  x(c90_3_c64_3) D   6881   5740     31
   7030  6488    18433.0000   302    18538.0000    18341.3571    97257    1.06%  x(c81_3_c64_3) U   7030   7028     21
   7184  6638    18360.2500   246    18538.0000    18341.9000    99666    1.06%   x(c5_3_c81_3) U   7184   5157     17
   7338  6778    18427.9167   171    18538.0000    18342.1667   101979    1.06%  x(c42_2_c11_2) U   7338   7140     37
   7484  6920    18393.5000   198    18538.0000    18342.7500   104276    1.05%  x(c64_3_c81_3) U   7484   7482     25
   7628  7047    18518.5000   203    18538.0000    18343.0000   106311    1.05%  x(c94_3_c28_3) D   7628   7626     63
   7758  7167    18376.5000   182    18538.0000    18343.5000   108859    1.05%  x(c64_3_c81_3) U   7758   4812     18
   7884  7271    18343.5000   266    18538.0000    18343.5000   109914    1.05%  x(c58_3_c98_3) D   7884   5421     34
   8026  7393    18432.5000   144    18538.0000    18344.0000   111979    1.05%  x(c67_3_c64_3) U   8026   6486     23
Elapsed time = 39.87 sec. (51766.81 ticks, tree = 112.94 MB, solutions = 2)
   8157  7517    18411.5000   130    18538.0000    18344.3333   114259    1.04%  x(c90_3_c64_3) U   8157   7977     30
   8285  7636    18432.5000   287    18538.0000    18344.7000   116388    1.04%  x(c65_3_c64_3) U   8285   8283     29
   8432  7779    18433.5000   184    18538.0000    18345.0000   118608    1.04%  x(c58_3_c31_3) U   8432   7123     20
   8579  7915    18417.0000   218    18538.0000    18345.5000   120777    1.04%  x(c64_3_c48_3) U   8579   6024     34
   8730  8045    18405.5000   186    18538.0000    18345.7286   122783    1.04%  x(c81_3_c64_3) U   8730   8728     24
   8874  8180    18484.1200   328    18538.0000    18346.0000   124572    1.04%  x(c69_2_c51_2) N   8874   8873    123
   9004  8280    18413.6667   280    18538.0000    18346.0000   126267    1.04%  x(c11_2_c45_2) U   9004    623     19
   9131  8403    18426.9000   210    18538.0000    18346.5000   128642    1.03%  x(c59_3_c58_3) U   9131   6509     33
   9286  8543    18477.0000   274    18538.0000    18347.0000   130780    1.03%  x(c42_2_c11_2) U   9286   6665     20
   9424  8666    18366.1389   284    18538.0000    18347.2500   132732    1.03%  x(c65_3_c64_3) D   9424   9423     33
Elapsed time = 46.54 sec. (61352.61 ticks, tree = 136.41 MB, solutions = 2)
   9580  8810    18372.8718    84    18538.0000    18347.5000   134417    1.03%  x(c84_3_c98_3) D   9580   9579     66
   9718  8929    18427.6250   318    18538.0000    18347.5000   136166    1.03%  x(c64_3_c65_3) U   9718   4750     33
   9860  9061    18439.5000   218    18538.0000    18348.0000   138313    1.02%  x(c81_3_c64_3) U   9860   9858     20
  10000  9186    18355.0000   128    18538.0000    18348.2500   140158    1.02%  x(c64_3_c65_3) D  10000   9999     23
  10150  9328    18440.0263   219    18538.0000    18348.5000   142268    1.02%  x(c64_2_c11_2) D  10150  10149     50
  10303  9449    18373.0000   296    18538.0000    18348.5000   143613    1.02%  x(c58_3_c31_3) D  10303   8106     20
  10437  9570        cutoff          18538.0000    18349.0000   145939    1.02%   x(c4_3_c64_3) U  10437   6034     33
  10565  9691    18350.0000    72    18538.0000    18349.5000   147920    1.02%  x(c81_3_c64_3) D  10565   7183     11
  10711  9817    18387.5000   268    18538.0000    18349.5000   149942    1.02%  x(c15_3_c64_3) U  10711   9710     25
  10839  9945    18472.3333   180    18538.0000    18350.0000   151963    1.01%  x(c81_3_c41_3) D  10839  10838     20
Elapsed time = 53.14 sec. (70952.20 ticks, tree = 160.50 MB, solutions = 2)
  10974 10061    18520.4500   205    18538.0000    18350.2500   153974    1.01%  x(c20_2_c27_2) N  10974   2629     12
  11116 10184    18515.5417   163    18538.0000    18350.5000   155756    1.01%  x(c52_1_c29_1) D  11116  11115     89
  11256 10299    18439.6667   198    18538.0000    18350.6875   157616    1.01%   x(c5_3_c36_3) U  11256   5900     23
  11386 10421    18353.5000   190    18538.0000    18351.0000   159795    1.01%  x(c11_2_c40_2) D  11386  11385     26
  11531 10543    18351.1429   283    18538.0000    18351.1538   161772    1.01%  x(c49_3_c64_3) D  11531   7584     14
  11659 10661    18359.5000   166    18538.0000    18351.5000   163579    1.01%  x(c81_3_c64_3) D  11659   9153     20
  11805 10798    18399.0833   263    18538.0000    18351.7500   165339    1.00%  x(c65_3_c64_3) U  11805  11803     24
  11940 10922    18354.5000   267    18538.0000    18352.0000   167389    1.00%  x(c94_2_c57_2) D  11940    305     15
  12071 11027    18356.1667   248    18538.0000    18352.0833   169146    1.00%  x(c10_2_c78_2) D  12071   9251     26
  12210 11150    18367.5000   244    18538.0000    18352.4375   170925    1.00%  x(c90_3_c64_3) U  12210  10315     24
Elapsed time = 59.61 sec. (80528.78 ticks, tree = 183.63 MB, solutions = 2)
  12346 11273    18396.0000   308    18538.0000    18352.7500   173299    1.00%  x(c65_3_c64_3) U  12346  12344     19
  12481 11400    18355.2222   226    18538.0000    18353.0000   175340    1.00%  x(c65_3_c64_3) D  12481   2010     17
  12614 11514    18401.8333   111    18538.0000    18353.2143   177605    1.00%  x(c64_3_c65_3) U  12614  12612     19
  12773 11662    18353.8333   293    18538.0000    18353.5000   179425    1.00%   x(c5_3_c81_3) U  12773  12603     11
  12916 11787    18485.7500   238    18538.0000    18353.5833   181384    0.99%  x(c64_3_c65_3) U  12916  12914     27
  13049 11901    18411.5000   192    18538.0000    18354.0000   183402    0.99%  x(c64_3_c90_3) U  13049  13047     22
  13208 12046    18432.0000   235    18538.0000    18354.0000   184971    0.99%  x(c24_2_c11_2) U  13208  11453     32
  13338 12167    18356.2500   130    18538.0000    18354.5000   186909    0.99%  x(c58_3_c93_3) D  13338  11314     40
  13488 12310    18363.7500   320    18538.0000    18354.5000   188665    0.99%  x(c11_2_c24_2) D  13488  13487     29
  14000 12780    18490.5000    72    18538.0000    18355.5000   197327    0.98%  x(c58_3_c16_3) U  14000   8156     42
Elapsed time = 68.04 sec. (92979.72 ticks, tree = 215.13 MB, solutions = 2)
  14550 13276    18434.2500   229    18538.0000    18356.2500   205221    0.98%  x(c42_2_c11_2) U  14550  14253     26
  15084 13748    18388.2500   301    18538.0000    18357.0000   213081    0.98%  x(c98_3_c58_3) D  15084  15083     27
  15625 14237    18400.2500   288    18538.0000    18358.0000   221290    0.97%  x(c59_3_c58_3) U  15625   8442     23
  16160 14720    18369.9722   342    18538.0000    18358.7692   229393    0.97%  x(c64_3_c81_3) D  16160  16159     20
  16709 15220    18374.6667   255    18538.0000    18359.5000   237187    0.96%  x(c67_3_c64_3) D  16709  14761     20
  17274 15705    18473.5000   216    18538.0000    18360.0000   244549    0.96%   x(c58_3_c2_3) U  17274  17272     14
  17817 16186    18480.0000   197    18538.0000    18360.7143   252120    0.96%  x(c64_3_c90_3) U  17817  17815     13
  18337 16664    18361.5000   190    18538.0000    18361.5000   260192    0.95%  x(c30_2_c24_2) D  18337  14697     35
  18860 17131    18382.8333   203    18538.0000    18362.1875   267710    0.95%  x(c49_3_c64_3) U  18860  18858     27
  19413 17612    18393.7500   148    18538.0000    18362.7500   275627    0.95%  x(c31_3_c76_3) D  19413   2191     50
Elapsed time = 93.18 sec. (131165.57 ticks, tree = 310.07 MB, solutions = 2)
  19935 18085    18374.8333   236    18538.0000    18363.3333   283836    0.94%  x(c64_2_c11_2) U  19935  19933     25
  20451 18547    18493.0000   280    18538.0000    18364.0000   290883    0.94%  x(c30_2_c42_2) U  20451  20449     28
  20989 19015    18385.8333   296    18538.0000    18364.5000   298952    0.94%  x(c90_3_c64_3) U  20989  20987     21
  21515 19487    18370.2500   303    18538.0000    18365.0000   306633    0.93%  x(c42_2_c11_2) D  21515   6750     24
  22013 19929    18366.6563   301    18538.0000    18365.6429   314573    0.93%  x(c30_2_c11_2) D  22013  22012     40
  22543 20413    18370.3000   272    18538.0000    18366.1667   322203    0.93%  x(c90_3_c64_3) D  22543  19471     25
* 22729 10876      integral     0    18429.0000    18366.5000   325280    0.34%
  23073 11008    18371.8333   231    18429.0000    18366.8333   329541    0.34%  x(c90_3_c64_3) D  23073  16048     29
  23640 11233    18415.2500    48    18429.0000    18367.5000   336606    0.33%  x(c15_3_c64_3) D  23640  23639     39
  24201 11444        cutoff          18429.0000    18368.3333   343505    0.33%  x(c42_2_c11_2) U  24201  24199     37
  24786 11672        cutoff          18429.0000    18369.0000   350602    0.33%  x(c59_3_c58_3) U  24786  17174     35
Elapsed time = 118.08 sec. (169340.83 ticks, tree = 212.80 MB, solutions = 3)
  25380 11918    18380.5000   196    18429.0000    18369.5000   356989    0.32%  x(c22_1_c43_1) U  25380  25377     23
  25968 12161        cutoff          18429.0000    18370.0625   363513    0.32%  x(c43_2_c30_2) U  25968  18659     50
  26541 12380        cutoff          18429.0000    18370.8333   370077    0.32%  x(c11_2_c40_2) U  26541  19934     26
  27120 12568    18405.5000   178    18429.0000    18371.5000   376488    0.31% x(c11_2_c100_2) U  27120  27118     32
  27709 12812        cutoff          18429.0000    18372.0000   382705    0.31%  x(c84_3_c76_3) U  27709   9160     25
  28282 13026    18419.1250   283    18429.0000    18372.6452   389176    0.31%  x(c58_3_c88_3) U  28282  22947     36
  28906 13289        cutoff          18429.0000    18373.3333   396301    0.30% x(c100_2_c11_2) U  28906  10780     23
  29555 13550    18377.0000   182    18429.0000    18374.0000   403246    0.30%  x(c43_2_c30_2) D  29555  11372     57
  30168 13774        cutoff          18429.0000    18374.5000   410440    0.30%   x(c30_2_c7_2) U  30168  27608     35
* 30378 10072      integral     0    18411.0000    18374.5926   412662    0.20%
  30763 10102        cutoff          18411.0000    18375.0000   416313    0.20%  x(c43_2_c30_2) U  30763  21110     28
Elapsed time = 142.66 sec. (207544.79 ticks, tree = 190.60 MB, solutions = 4)
  31385 10222        cutoff          18411.0000    18375.7500   421790    0.19%  x(c58_3_c59_3) U  31385  31383     33
* 31952  8174      integral     0    18402.0000    18376.4074   426986    0.14%
  32003  8168        cutoff          18402.0000    18376.5000   427385    0.14%  x(c59_3_c58_3) U  32003   5880     30
  32618  8201    18396.0000   112    18402.0000    18377.0000   432516    0.14%  x(c31_3_c76_3) U  32618  27482     36
  33222  8232    18385.6667   254    18402.0000    18377.5000   437548    0.13%  x(c59_3_c58_3) U  33222  18020     26
  33827  8249    18398.7500   117    18402.0000    18378.2500   442394    0.13%  x(c57_2_c94_2) D  33827  33826     32
  34444  8268        cutoff          18402.0000    18379.0000   447144    0.12%  x(c15_3_c64_3) U  34444  34442     35
  35034  8282    18381.0000   259    18402.0000    18379.5000   452058    0.12%  x(c10_2_c20_2) D  35034  28027     33
  35632  8276    18385.5000   249    18402.0000    18380.1667   456896    0.12%  x(c67_3_c64_3) D  35632  32498     23
  36240  8278    18381.5000   173    18402.0000    18380.7500   461176    0.12%  x(c58_3_c16_3) D  36240  33561     59
  36850  8291    18381.5000   136    18402.0000    18381.3333   465818    0.11%  x(c22_1_c43_1) D  36850  16510     25
Elapsed time = 165.08 sec. (245728.87 ticks, tree = 160.77 MB, solutions = 5)
  37459  8285    18386.1667   193    18402.0000    18381.8333   470288    0.11%  x(c30_2_c42_2) D  37459  36199     25
  38042  8256        cutoff          18402.0000    18382.5000   474581    0.11%  x(c67_3_c64_3) U  38042  37298     22
  38653  8267        cutoff          18402.0000    18383.0000   479163    0.10%  x(c57_3_c64_3) N  38653  37535     35
  39252  8238    18389.5000   154    18402.0000    18383.5000   483086    0.10%  x(c90_3_c64_3) D  39252  38229     24
  39841  8161        cutoff          18402.0000    18384.0000   487158    0.10%  x(c90_3_c65_3) U  39841  39837     23
  40419  8123        cutoff          18402.0000    18384.5000   491159    0.10%  x(c51_2_c65_2) U  40419  40417     53
  41037  8082    18388.0000   214    18402.0000    18385.0000   495355    0.09%  x(c31_3_c76_3) D  41037   6314     21
  41643  7988        cutoff          18402.0000    18385.5000   499311    0.09%  x(c76_3_c31_3) U  41643  33156     42
  42250  7929    18394.0000   244    18402.0000    18386.0000   503220    0.09%  x(c76_3_c31_3) D  42250  42249     34
  42834  7827        cutoff          18402.0000    18386.5000   506948    0.08%  x(c94_2_c57_2) D  42834  34779     43
Elapsed time = 185.81 sec. (283920.07 ticks, tree = 153.93 MB, solutions = 5)
  43430  7706    18398.0000   118    18402.0000    18387.0000   510335    0.08%  x(c31_3_c98_3) D  43430  39752     31
  44008  7576        cutoff          18402.0000    18387.5000   514091    0.08%  x(c40_2_c11_2) U  44008  36672     40
  44590  7424    18397.8462   313    18402.0000    18388.0000   517684    0.08% x(c11_2_c100_2) D  44590  44589     20
  45179  7278        cutoff          18402.0000    18388.5000   521318    0.07%  x(c22_1_c43_1) U  45179  31662     31
  45776  7124        cutoff          18402.0000    18389.0000   524820    0.07%  x(c30_2_c42_2) U  45776  39133     25
  46358  6944        cutoff          18402.0000    18389.5000   528363    0.07%  x(c76_3_c59_3) U  46358  46356     26
  46942  6744    18395.7500   280    18402.0000    18390.0000   531600    0.07%  x(c76_3_c31_3) D  46942  38746     28
  47543  6613        cutoff          18402.0000    18390.5000   535027    0.06%  x(c81_3_c64_3) U  47543  36517     28
  48115  6416    18391.0000    52    18402.0000    18391.0000   538121    0.06%  x(c10_2_c78_2) D  48115  46660     31
  48712  6191        cutoff          18402.0000    18391.5000   541427    0.06%  x(c67_3_c64_3) D  48712  42139     20
Elapsed time = 204.71 sec. (322101.30 ticks, tree = 123.03 MB, solutions = 5)
  49297  5920        cutoff          18402.0000    18392.0000   544539    0.05%  x(c51_3_c64_3) U  49297  45029     53
  49879  5654    18396.8333    38    18402.0000    18392.3750   547514    0.05%  x(c11_2_c43_2) D  49879  47678     47
  50468  5371    18395.0000    95    18402.0000    18393.0000   550352    0.05%  x(c67_3_c64_3) D  50468   1326     29
  51043  5087        cutoff          18402.0000    18393.5000   553386    0.05%  x(c67_3_c64_3) U  51043  48153     20
  51632  4791        cutoff          18402.0000    18394.0000   556138    0.04%  x(c58_3_c59_3) D  51632  51631     18
  52180  4471        cutoff          18402.0000    18394.5000   558702    0.04%  x(c81_3_c64_3) D  52180  44927     17
  52751  4123        cutoff          18402.0000    18395.0000   561337    0.04%  x(c76_3_c59_3) U  52751  42955     33
  53326  3779        cutoff          18402.0000    18395.5000   563737    0.04%  x(c22_2_c42_2) U  53326  15824     22
  53887  3404        cutoff          18402.0000    18396.1667   566175    0.03%  x(c22_1_c43_1) D  53887  53886     49
  54457  3042        cutoff          18402.0000    18396.8667   568299    0.03%  x(c90_3_c64_3) D  54457  24593     31
Elapsed time = 221.62 sec. (360286.88 ticks, tree = 61.36 MB, solutions = 5)
  55013  2645        cutoff          18402.0000    18397.5000   570479    0.02%  x(c98_3_c16_3) U  55013  26288     37
  55567  2243        cutoff          18402.0000    18398.0000   572547    0.02%  x(c31_3_c76_3) U  55567  13162     30
  56109  1803        cutoff          18402.0000    18398.5833   574268    0.02%  x(c58_3_c59_3) D  56109  10081     20
  56655  1345        cutoff          18402.0000    18399.3333   575863    0.01%  x(c11_2_c55_2) U  56655  55367     28
  57199   862        cutoff          18402.0000    18400.0000   577346    0.01%  x(c31_3_c76_3) D  57199  14372     21

Zero-half cuts applied:  39
User cuts applied:  1747

Root node processing (before b&c):
  Real time             =    0.30 sec. (648.91 ticks)
Sequential b&c:
  Real time             =  229.02 sec. (381485.68 ticks)
                          ------------
Total (root+branch&cut) =  229.32 sec. (382134.59 ticks)

