Version identifier: 22.1.0.0 | 2022-03-09 | 1a383f8ce
CPXPARAM_Preprocessing_Reduce                    1
CPXPARAM_Threads                                 1
CPXPARAM_Preprocessing_Reformulations            0
CPXPARAM_Emphasis_MIP                            2
CPXPARAM_TimeLimit                               7200
CPXPARAM_MIP_Tolerances_AbsMIPGap                0.90000000000000002
CPXPARAM_MIP_Limits_TreeMemory                   26600
Legacy callback                                  BbLUID
         Disabling repeat represolve because of lazy constraint/incumbent callback.
1 of 1 MIP starts provided solutions.
MIP start 'm1' defined initial solution with objective 20864.0000.
Tried aggregator 1 time.
Reduced MIP has 442 rows, 16068 columns, and 32136 nonzeros.
Reduced MIP has 16068 binaries, 0 generals, 0 SOSs, and 0 indicators.
Presolve time = 0.00 sec. (10.23 ticks)
Probing time = 0.00 sec. (6.16 ticks)
Clique table members: 442.
MIP emphasis: optimality.
MIP search method: traditional branch-and-cut.
Parallel mode: none, using 1 thread.
Root relaxation solution time = 0.00 sec. (8.11 ticks)

        Nodes                                         Cuts/
   Node  Left     Objective  IInf  Best Integer    Best Bound    ItCnt     Gap         Variable B NodeID Parent  Depth

*     0+    0                        20864.0000        0.0000           100.00%
      0     0    19241.5000   244    20864.0000    16089.0000      244   22.89%
      0     0    19843.5000   310    20864.0000      Cuts: 92      430    4.89%
      0     0    20077.5000    78    20864.0000      Cuts: 89      495    3.77%
      0     0    20239.5000    14    20864.0000      Cuts: 41      572    2.99%
      0     0    20356.5000   190    20864.0000      Cuts: 14      604    2.43%
      0     0    20407.0000   274    20864.0000      Cuts: 29      650    2.19%
      0     0    20446.5000   144    20864.0000      Cuts: 11      685    2.00%
      0     0    20451.7500   291    20864.0000      Cuts: 17      706    1.98%
      0     0    20456.7500   400    20864.0000      Cuts: 11      722    1.95%
      0     0    20458.2500   272    20864.0000  ZeroHalf: 10      727    1.94%
      0     0    20462.7500   461    20864.0000      Cuts: 12      745    1.92%
      0     0    20474.0000   458    20864.0000      Cuts: 51      782    1.87%
      0     0    20479.7500   369    20864.0000      Cuts: 14      797    1.84%
      0     0    20491.0000   313    20864.0000      Cuts: 19      824    1.79%
      0     0    20491.8750   463    20864.0000       Cuts: 9      840    1.78%
      0     0    20495.5000   271    20864.0000   ZeroHalf: 7      865    1.77%
      0     0    20497.0000   199    20864.0000      Cuts: 10      876    1.76%
      0     0    20497.0000   312    20864.0000   ZeroHalf: 9      887    1.76%
      0     2    20497.0000    88    20864.0000    20497.0000      887    1.76%                        0             0
Elapsed time = 0.79 sec. (1638.57 ticks, tree = 0.01 MB, solutions = 1)
      6     8    20499.7500   464    20864.0000    20500.7500     1063    1.74%   x(c3_3_c33_3) U      6      4      4
     15    17    20504.0000   290    20864.0000    20500.7500     1159    1.74%  x(c90_1_c91_1) N     15     14     13
     21    23    20507.0000   293    20864.0000    20500.7500     1205    1.74%  x(c95_3_c94_3) D     21     20     18
     32    34    20513.0000   306    20864.0000    20500.7500     1259    1.74%  x(c13_3_c64_3) D     32     31     29
     43    45    20516.0000   292    20864.0000    20500.7500     1351    1.74%  x(c80_1_c90_1) D     43     42     39
     55    57    20524.1818   297    20864.0000    20500.7500     1467    1.74%  x(c14_3_c13_3) D     55     54     50
     62    64    20536.3000   324    20864.0000    20500.7500     1583    1.74%  x(c90_1_c30_1) D     62     60     56
     70    72    20552.6667   413    20864.0000    20500.7500     1678    1.74%  x(c86_3_c85_3) D     70     69     64
     83    85    20559.3333   265    20864.0000    20500.7500     1732    1.74%  x(c86_1_c64_1) D     83     82     77
    128   130    20573.3333   394    20864.0000    20500.7500     2233    1.74%  x(c54_1_c19_1) D    128    127    120
Elapsed time = 4.54 sec. (4973.22 ticks, tree = 1.59 MB, solutions = 1)
    168   170    20585.4333   450    20864.0000    20500.7500     2605    1.74%  x(c59_3_c58_3) D    168    166    157
    210   212    20602.8438   316    20864.0000    20500.7500     3019    1.74%  x(c20_3_c17_3) D    210    209    193
    264   263    20630.0625   299    20864.0000    20500.7500     3445    1.74%  x(c58_3_c93_3) D    264    263    243
    320   308    20652.5833   302    20864.0000    20500.7500     3593    1.74%   x(c46_3_c4_3) D    320    319    298
    381   351    20659.5208   310    20864.0000    20500.7500     3710    1.74%  x(c49_1_c75_1) D    381    380    359
    435   391    20664.6852   294    20864.0000    20500.7500     3946    1.74%     x(c13_3_Om) D    435    434    411
    482   431    20666.2308   477    20864.0000    20500.7500     4113    1.74%     x(Op_c91_1) D    482    481    457
    538   469    20843.8333   269    20864.0000    20500.7500     4319    1.74%  x(c59_3_c28_3) U    538    536    512
    609   535    20620.8750   260    20864.0000    20501.7500     5037    1.74%  x(c68_1_c48_1) D    609    608     65
    680   606    20652.4583   406    20864.0000    20501.7500     5560    1.74%  x(c71_1_c64_1) D    680    679    132
Elapsed time = 10.87 sec. (14620.42 ticks, tree = 8.06 MB, solutions = 1)
    760   678    20540.5833   223    20864.0000    20508.0000     6565    1.71%  x(c13_3_c64_3) N    760    716     16
    838   756    20612.9286   428    20864.0000    20513.8333     8648    1.68%  x(c92_3_c79_3) N    838     27     25
    914   832    20591.2500   237    20864.0000    20518.2500    10560    1.66%  x(c94_3_c95_3) U    914    912     13
    992   910    20564.9167   295    20864.0000    20523.2500    12776    1.63%  x(c66_3_c58_3) N    992    906      9
   1076   994    20579.7190   370    20864.0000    20527.0000    14776    1.62%  x(c82_3_c13_3) U   1076     55     51
   1155  1073    20578.7500   176    20864.0000    20529.2500    17003    1.60%   x(c95_1_c6_1) U   1155    969     12
   1220  1138    20535.4286   301    20864.0000    20532.0000    18783    1.59%  x(c61_3_c34_3) D   1220   1219     27
   1300  1218    20587.7865   403    20864.0000    20534.7500    20590    1.58%  x(c52_3_c29_3) N   1300   1114     11
   1377  1295    20581.7500   414    20864.0000    20536.9167    22234    1.57%  x(c78_3_c92_3) U   1377   1101     25
   1450  1368    20594.5000   155    20864.0000    20538.0000    23887    1.56%  x(c97_3_c14_3) U   1450     56     52
Elapsed time = 20.54 sec. (24328.01 ticks, tree = 19.77 MB, solutions = 1)
   1537  1455    20584.0000    76    20864.0000    20540.0000    25999    1.55%  x(c95_1_c94_1) U   1537   1440     12
   1600  1518    20612.5333   439    20864.0000    20540.5308    27345    1.55%  x(c35_2_c45_2) N   1600   1599     49
   1670  1588    20664.8333   261    20864.0000    20540.5308    27936    1.55%  x(c29_2_c23_2) D   1670   1669    112
   1719  1627    20722.2875   442    20864.0000    20540.5308    28253    1.55%  x(c39_2_c52_2) D   1719   1718    159
   1763  1654    20755.3611   253    20864.0000    20540.5308    28611    1.55%  x(c96_2_c23_2) D   1763   1762    201
   1804  1676    20542.3667   422    20864.0000    20540.5500    28821    1.55%  x(c85_1_c87_1) N   1804   1344     36
   1875  1747    20578.5000   230    20864.0000    20541.6769    30837    1.54%  x(c66_3_c94_3) N   1875   1873     19
   1950  1822    20578.5000   301    20864.0000    20543.0000    33131    1.54%  x(c47_1_c64_1) U   1950   1011     15
   2037  1909    20605.7500   317    20864.0000    20544.2500    35325    1.53%  x(c58_3_c95_3) U   2037   1530     36
   2139  2011    20576.7917   416    20864.0000    20545.6905    37313    1.53%  x(c87_1_c85_1) U   2139     65     60
Elapsed time = 28.29 sec. (34106.18 ticks, tree = 30.40 MB, solutions = 1)
   2222  2094    20638.8750   340    20864.0000    20546.4000    39608    1.52%  x(c45_1_c57_1) N   2222   1964     35
   2304  2176    20585.9444   312    20864.0000    20546.9167    42063    1.52%  x(c58_3_c95_3) U   2304   1927     29
   2377  2249    20549.0794   398    20864.0000    20547.6429    44479    1.52%  x(c90_1_c48_1) D   2377   2376     21
   2448  2320    20551.8901   481    20864.0000    20548.3333    46085    1.51%  x(c79_3_c33_3) D   2448   2447     35
   2534  2406    20614.2000   253    20864.0000    20549.2000    48346    1.51%   x(c92_3_c9_3) U   2534   2171     44
   2636  2508    20594.1000   111    20864.0000    20550.0000    50429    1.50%  x(c91_3_c65_3) U   2636   2634     29
   2711  2583    20649.0000   203    20864.0000    20550.4444    52571    1.50%  x(c91_3_c86_3) D   2711   2710     39
*  2738  2427      integral     0    20699.0000    20550.4444    52823    0.72%
   2744  2429    20691.0000     1    20699.0000    20550.4444    52826    0.72%     x(Op_c62_1) U   2744   2743     67
   2758  2435    20691.0000     1    20699.0000    20550.4444    52843    0.72%   x(c3_1_c10_1) D   2758   2756     77
*  2759  2398      integral     0    20691.0000    20550.4444    52843    0.68%
   2854  2491    20552.1481   268    20691.0000    20551.3333    55369    0.68%  x(c11_1_c16_1) D   2854   2398     65
Elapsed time = 36.02 sec. (43832.50 ticks, tree = 39.34 MB, solutions = 3)
   2946  2578    20553.3444   485    20691.0000    20552.1414    57974    0.67%     x(Op_c71_1) D   2946   2459     26
   3040  2668    20568.4167   258    20691.0000    20553.1667    60649    0.67%  x(c61_3_c34_3) U   3040   3038     49
   3139  2761    20556.5043   375    20691.0000    20554.1904    63243    0.66%   x(c5_3_c11_3) D   3139   3138     27
   3241  2862    20615.7500   371    20691.0000    20554.8750    65772    0.66%  x(c95_3_c94_3) N   3241   3174     26
   3326  2946    20559.1429   407    20691.0000    20555.9107    68588    0.65%  x(c68_1_c48_1) D   3326   2602     37
   3420  3037    20606.7500   356    20691.0000    20556.5000    71228    0.65%  x(c48_1_c83_1) U   3420   3418     34
   3539  3144    20646.5000   288    20691.0000    20557.0290    73524    0.65%  x(c93_3_c37_3) D   3539   3537     78
   3633  3229    20569.8636   406    20691.0000    20557.7636    75902    0.64%  x(c34_3_c61_3) U   3633   3060     24
   3735  3329    20582.0000   302    20691.0000    20558.5000    78110    0.64%  x(c66_3_c94_3) U   3735   2492     26
   3823  3417    20560.5000   436    20691.0000    20559.0000    80890    0.64%  x(c69_1_c64_1) D   3823   3822     32
Elapsed time = 44.27 sec. (53418.39 ticks, tree = 56.43 MB, solutions = 3)
   3926  3515    20658.7500   286    20691.0000    20559.7000    83247    0.63%  x(c48_1_c90_1) U   3926   3049     26
   4025  3614    20565.0000   359    20691.0000    20560.2785    85594    0.63%   x(c95_3_c6_3) D   4025   4024     19
*  4103  2031      integral     0    20601.0000    20560.5833    87165    0.20%
   4131  2035    20588.0357   413    20601.0000    20560.8333    87699    0.19%  x(c34_3_c61_3) U   4131   2997     30
   4247  2069        cutoff          20601.0000    20561.5000    89648    0.19%   x(c59_3_c6_3) U   4247   3355     49
   4368  2102    20563.5000   430    20601.0000    20562.1966    91426    0.19%  x(c90_1_c48_1) D   4368   3746     26
   4486  2132        cutoff          20601.0000    20562.7500    93632    0.19%  x(c79_3_c33_3) U   4486   2917     29
   4615  2167        cutoff          20601.0000    20563.2500    95544    0.18%     x(Op_c71_2) U   4615   4613     40
   4744  2218        cutoff          20601.0000    20563.8125    97458    0.18%  x(c90_1_c48_1) U   4744   4742     19
   4875  2269        cutoff          20601.0000    20564.3083    99208    0.18%   x(c95_3_c6_3) U   4875   2537     25
   5020  2330    20596.9167   307    20601.0000    20564.6460   101091    0.18%     x(Op_c71_1) U   5020   5018     32
Elapsed time = 52.07 sec. (63011.45 ticks, tree = 40.16 MB, solutions = 4)
   5150  2376    20566.6667   434    20601.0000    20565.0000   103163    0.17%  x(c64_1_c47_1) D   5150   4870     17
   5280  2417        cutoff          20601.0000    20565.5000   105010    0.17%  x(c66_3_c94_3) U   5280   2193     13
   5401  2449        cutoff          20601.0000    20565.9722   106809    0.17%  x(c95_1_c94_1) U   5401   5399     25
   5530  2466    20576.6333   442    20601.0000    20566.4000   108625    0.17%  x(c34_3_c61_3) D   5530   5529     28
   5673  2512        cutoff          20601.0000    20566.8333   110578    0.17%   x(c5_3_c11_3) D   5673   5672     40
   5813  2532    20590.6667   422    20601.0000    20567.2083   112517    0.16%  x(c34_3_c61_3) U   5813   5811     32
   5955  2579        cutoff          20601.0000    20567.7500   114615    0.16%  x(c60_2_c18_2) N   5955   1989     21
   6101  2614    20594.8611   355    20601.0000    20568.1154   116648    0.16%  x(c47_1_c94_1) U   6101    883     21
   6229  2647        cutoff          20601.0000    20568.5000   118671    0.16%  x(c92_3_c78_3) U   6229   6227     30
   6376  2674    20570.3000   416    20601.0000    20568.9000   120610    0.16%  x(c92_3_c79_3) D   6376    964      6
Elapsed time = 59.48 sec. (72610.35 ticks, tree = 47.04 MB, solutions = 4)
   6523  2697        cutoff          20601.0000    20569.2222   122731    0.15%   x(c6_1_c27_1) U   6523   6521     38
   6669  2742        cutoff          20601.0000    20569.5714   124849    0.15%  x(c91_3_c65_3) U   6669   6606     55
   6805  2770        cutoff          20601.0000    20570.0000   127004    0.15%  x(c83_3_c30_3) U   6805   4338     30
   6938  2803    20573.1250   492    20601.0000    20570.4444   129162    0.15%   x(c99_1_c3_1) D   6938    833     31
   7072  2837    20586.2652   362    20601.0000    20570.7500   131309    0.15%  x(c83_3_c30_3) D   7072   7071     72
   7214  2864    20578.7500   285    20601.0000    20571.0750   133088    0.15%  x(c69_1_c64_1) D   7214   7213     29
   7357  2899        cutoff          20601.0000    20571.5000   135172    0.14%  x(c66_3_c59_3) U   7357   5384     36
   7481  2929    20588.0769   184    20601.0000    20571.8667   137500    0.14%  x(c83_3_c69_3) U   7481   6888     28
   7627  2966        cutoff          20601.0000    20572.2500   139629    0.14%  x(c58_3_c95_3) U   7627   6895     35
   7763  3016    20578.3030   436    20601.0000    20572.5000   141689    0.14%  x(c81_1_c90_1) D   7763   7762     59
Elapsed time = 67.19 sec. (82197.07 ticks, tree = 53.81 MB, solutions = 4)
   7893  3044        cutoff          20601.0000    20573.0000   143437    0.14%   x(c82_3_c4_3) U   7893   4603     29
   8020  3078    20575.6190   230    20601.0000    20573.2857   145482    0.13%  x(c22_3_c61_3) D   8020   2026     14
   8136  3097        cutoff          20601.0000    20573.5455   147360    0.13%  x(c94_1_c16_1) U   8136   7966     46
   8259  3125    20574.0000    58    20601.0000    20574.0000   149244    0.13%   x(c11_3_c5_3) D   8259   4243     23
   8379  3143        cutoff          20601.0000    20574.3333   150895    0.13%  x(c22_3_c61_3) U   8379   2026     14
   8489  3142    20574.8222    99    20601.0000    20574.6500   152478    0.13%  x(c48_1_c90_1) D   8489   8488     37
   8617  3168    20575.2000   236    20601.0000    20575.0000   154327    0.13%   x(c82_3_c4_3) D   8617   8476     44
   8744  3180        cutoff          20601.0000    20575.2500   155893    0.12%  x(c78_3_c33_3) U   8744   6580     29
   8870  3203        cutoff          20601.0000    20575.5000   157686    0.12%  x(c91_3_c69_3) U   8870   1291     24
   9365  3284    20585.5000   408    20601.0000    20576.5500   164324    0.12%  x(c17_1_c26_1) D   9365    996     29
Elapsed time = 76.28 sec. (94652.83 ticks, tree = 59.45 MB, solutions = 4)
   9850  3349        cutoff          20601.0000    20577.7229   170870    0.11%  x(c90_1_c48_1) U   9850   9848     29
  10333  3384    20581.6667   348    20601.0000    20578.7500   177321    0.11%   x(c53_3_c6_3) D  10333   2931     40
  10828  3446        cutoff          20601.0000    20579.6667   183324    0.10%  x(c91_3_c13_3) U  10828  10288     45
  11311  3498        cutoff          20601.0000    20580.5833   189215    0.10%  x(c95_3_c94_3) U  11311   8529     23
  11780  3513    20582.5595   217    20601.0000    20581.5333   194774    0.09%  x(c48_1_c90_1) N  11780   6774     44
  12252  3545        cutoff          20601.0000    20582.4931   200679    0.09%     x(Op_c71_1) U  12252  12239     47
  12732  3536    20583.3718   383    20601.0000    20583.3750   205801    0.09%  x(c78_3_c92_3) D  12732  11205     44
  13216  3542        cutoff          20601.0000    20584.1000   211040    0.08%  x(c83_1_c30_1) U  13216  12598     50
  13708  3559    20584.9531   411    20601.0000    20584.8958   216489    0.08%  x(c90_1_c64_1) D  13708  13558     24
  14182  3563    20586.4167   383    20601.0000    20585.6583   221551    0.07%  x(c45_1_c57_1) D  14182  14181     70
Elapsed time = 101.76 sec. (132874.08 ticks, tree = 66.79 MB, solutions = 4)
  14652  3523    20599.1761   428    20601.0000    20586.3602   226323    0.07%  x(c48_1_c83_1) D  14652   9411     28
  15131  3503        cutoff          20601.0000    20587.0000   230950    0.07%   x(c79_3_c3_3) U  15131  15129     32
  15596  3431        cutoff          20601.0000    20587.6667   235554    0.06%   x(c3_3_c99_3) U  15596  14658     62
  16069  3394    20598.8901   386    20601.0000    20588.2917   239955    0.06%   x(c3_3_c99_3) D  16069  11487     31
  16533  3287        cutoff          20601.0000    20589.0000   244435    0.06%   x(c3_3_c79_3) U  16533  12265     58
* 16687  2197      integral     0    20596.0000    20589.2000   246263    0.03%  x(c16_1_c88_1) D  16687  11298     32
  17156  2032        cutoff          20596.0000    20590.0000   249452    0.03%   x(c3_3_c79_3) U  17156  14408     27
  17642  1848        cutoff          20596.0000    20590.7500   252895    0.03%  x(c45_1_c57_1) U  17642  15022     34
  18126  1612    20591.5000    38    20596.0000    20591.5000   255954    0.02%   x(c6_1_c95_1) D  18126  13110     38
  18601  1327    20594.2672   367    20596.0000    20592.2500   258557    0.02%  x(c85_1_c87_1) D  18601  15592     42
Elapsed time = 122.05 sec. (168573.70 ticks, tree = 25.67 MB, solutions = 5)
  19083  1019        cutoff          20596.0000    20593.0000   260869    0.01%  x(c90_1_c80_1) U  19083  17415     32
  19560   638        cutoff          20596.0000    20593.7500   262848    0.01%  x(c91_3_c65_3) U  19560   3087     30

Cover cuts applied:  3
Mixed integer rounding cuts applied:  1
Zero-half cuts applied:  65
User cuts applied:  1273

Root node processing (before b&c):
  Real time             =    0.79 sec. (1637.60 ticks)
Sequential b&c:
  Real time             =  125.09 sec. (176165.03 ticks)
                          ------------
Total (root+branch&cut) =  125.88 sec. (177802.63 ticks)

