Version identifier: 22.1.0.0 | 2022-03-09 | 1a383f8ce
CPXPARAM_Preprocessing_Reduce                    1
CPXPARAM_Threads                                 1
CPXPARAM_Preprocessing_Reformulations            0
CPXPARAM_Emphasis_MIP                            2
CPXPARAM_TimeLimit                               7200
CPXPARAM_MIP_Tolerances_AbsMIPGap                0.5
CPXPARAM_MIP_Limits_TreeMemory                   26600
Legacy callback                                  BbLUID
         Disabling repeat represolve because of lazy constraint/incumbent callback.
1 of 1 MIP starts provided solutions.
MIP start 'm1' defined initial solution with objective 105664.0000.
Tried aggregator 1 time.
MIP Presolve modified 3766 coefficients.
Reduced MIP has 289 rows, 3898 columns, and 11694 nonzeros.
Reduced MIP has 3898 binaries, 0 generals, 0 SOSs, and 0 indicators.
Presolve time = 0.01 sec. (9.99 ticks)
Probing time = 0.00 sec. (2.84 ticks)
Clique table members: 284.
MIP emphasis: optimality.
MIP search method: traditional branch-and-cut.
Parallel mode: none, using 1 thread.
Root relaxation solution time = 0.00 sec. (2.23 ticks)

        Nodes                                         Cuts/
   Node  Left     Objective  IInf  Best Integer    Best Bound    ItCnt     Gap         Variable B NodeID Parent  Depth

*     0+    0                       105664.0000        0.0000           100.00%
      0     0    93089.5000    36   105664.0000    69527.0000       95   34.20%
      0     0   103581.0000   104   105664.0000      Cuts: 20      186    1.97%
      0     0   104005.5000    18   105664.0000      Cuts: 50      231    1.57%
      0     0   104930.5000    18   105664.0000       Cuts: 7      260    0.69%
      0     0   105488.5000    14   105664.0000      Cuts: 13      280    0.17%
      0     0   105571.0000    71   105664.0000       Cuts: 7      296    0.09%
      0     0   105571.0000   144   105664.0000      Cuts: 27      320    0.09%
      0     0   105571.0000   184   105664.0000   ZeroHalf: 1      329    0.09%
      0     0   105571.0000   146   105664.0000       User: 6      344    0.09%
      0     0   105571.0000   152   105664.0000       User: 1      346    0.09%
      0     0   105571.0000   130   105664.0000       User: 6      351    0.09%
      0     2   105571.0000    80   105664.0000   105571.0000      351    0.09%                        0             0
Elapsed time = 0.28 sec. (440.05 ticks, tree = 0.01 MB, solutions = 1)
*    12     5      integral     0   105662.0000   105607.5000      396    0.05%
*    18     2      integral     0   105657.0000   105620.5000      421    0.03%

Zero-half cuts applied:  5
Gomory fractional cuts applied:  2
User cuts applied:  255

Root node processing (before b&c):
  Real time             =    0.28 sec. (440.29 ticks)
Sequential b&c:
  Real time             =    0.18 sec. (48.70 ticks)
                          ------------
Total (root+branch&cut) =    0.45 sec. (488.99 ticks)

