Version identifier: 22.1.0.0 | 2022-03-09 | 1a383f8ce
CPXPARAM_Preprocessing_Reduce                    1
CPXPARAM_Threads                                 1
CPXPARAM_Preprocessing_Reformulations            0
CPXPARAM_Emphasis_MIP                            2
CPXPARAM_TimeLimit                               7200
CPXPARAM_MIP_Tolerances_AbsMIPGap                0.5
CPXPARAM_MIP_Limits_TreeMemory                   26600
Legacy callback                                  BbLUID
         Disabling repeat represolve because of lazy constraint/incumbent callback.
1 of 1 MIP starts provided solutions.
MIP start 'm1' defined initial solution with objective 70951.0000.
Tried aggregator 1 time.
MIP Presolve modified 5301 coefficients.
Reduced MIP has 261 rows, 5424 columns, and 16272 nonzeros.
Reduced MIP has 5424 binaries, 0 generals, 0 SOSs, and 0 indicators.
Presolve time = 0.01 sec. (14.84 ticks)
Probing time = 0.00 sec. (3.36 ticks)
Clique table members: 258.
MIP emphasis: optimality.
MIP search method: traditional branch-and-cut.
Parallel mode: none, using 1 thread.
Root relaxation solution time = 0.00 sec. (3.23 ticks)

        Nodes                                         Cuts/
   Node  Left     Objective  IInf  Best Integer    Best Bound    ItCnt     Gap         Variable B NodeID Parent  Depth

*     0+    0                        70951.0000        0.0000           100.00%
      0     0    59578.0000    42    70951.0000    49421.0000      137   30.34%
      0     0    65344.0000    76    70951.0000      Cuts: 39      201    7.90%
      0     0    67629.0000    22    70951.0000      Cuts: 56      264    4.68%
      0     0    70016.5000   140    70951.0000       Cuts: 9      327    1.32%
      0     0    70623.0000   108    70951.0000      Cuts: 37      362    0.46%
      0     0    70716.5000    78    70951.0000      Cuts: 30      381    0.33%
      0     0    70724.5000    42    70951.0000       Cuts: 4      384    0.32%
      0     0    70724.5000    95    70951.0000       Cuts: 4      386    0.32%
      0     0    70730.0000    38    70951.0000   ZeroHalf: 1      399    0.31%
      0     0    70730.0000    70    70951.0000   ZeroHalf: 2      403    0.31%
      0     2    70730.0000    42    70951.0000    70730.0000      403    0.31%                        0             0
Elapsed time = 0.33 sec. (808.37 ticks, tree = 0.01 MB, solutions = 1)
     25    19    70802.6667   105    70951.0000    70754.0000      826    0.28%  x(c36_2_c29_2) D     25     24     11
*    45     5      integral     0    70766.0000    70761.0000     1115    0.01%

Zero-half cuts applied:  15
Gomory fractional cuts applied:  2
User cuts applied:  292

Root node processing (before b&c):
  Real time             =    0.33 sec. (808.39 ticks)
Sequential b&c:
  Real time             =    0.54 sec. (387.89 ticks)
                          ------------
Total (root+branch&cut) =    0.87 sec. (1196.28 ticks)

