Version identifier: 22.1.0.0 | 2022-03-09 | 1a383f8ce
CPXPARAM_Preprocessing_Reduce                    0
CPXPARAM_Threads                                 1
CPXPARAM_Preprocessing_Reformulations            0
CPXPARAM_Emphasis_MIP                            2
CPXPARAM_TimeLimit                               7200
CPXPARAM_MIP_Tolerances_AbsMIPGap                0.98999999999999999
CPXPARAM_MIP_Limits_TreeMemory                   20000
Legacy callback                                  BbLUID
         Disabling repeat represolve because of lazy constraint/incumbent callback.
1 of 1 MIP starts provided solutions.
MIP start 'm1' defined initial solution with objective 11587.0000.
Tried aggregator 0 times.
Reduced MIP has 874 rows, 694 columns, and 4010 nonzeros.
Reduced MIP has 638 binaries, 0 generals, 0 SOSs, and 0 indicators.
Presolve time = 0.00 sec. (0.22 ticks)
Probing time = 0.00 sec. (0.91 ticks)
Clique table members: 329.
MIP emphasis: optimality.
MIP search method: traditional branch-and-cut.
Parallel mode: none, using 1 thread.
Root relaxation solution time = 0.00 sec. (1.36 ticks)

        Nodes                                         Cuts/
   Node  Left     Objective  IInf  Best Integer    Best Bound    ItCnt     Gap         Variable B NodeID Parent  Depth

*     0+    0                        11587.0000        0.0000           100.00%
      0     0     9765.0606   115    11587.0000     9765.0606      144   15.72%
      0     0    11565.0000   118    11587.0000      Cuts: 42      219    0.19%
      0     0    11565.0000   118    11587.0000     Covers: 1      227    0.19%
      0     0    11565.0000   118    11587.0000   ZeroHalf: 1      230    0.19%
      0     2    11565.0000   118    11587.0000    11565.0000      230    0.19%                        0             0
Elapsed time = 0.04 sec. (69.98 ticks, tree = 0.01 MB, solutions = 1)

Clique cuts applied:  18
Flow cuts applied:  1
Mixed integer rounding cuts applied:  1
Zero-half cuts applied:  1
Gomory fractional cuts applied:  3
User cuts applied:  24

Root node processing (before b&c):
  Real time             =    0.04 sec. (69.97 ticks)
Sequential b&c:
  Real time             =    0.01 sec. (25.94 ticks)
                          ------------
Total (root+branch&cut) =    0.05 sec. (95.91 ticks)

