Version identifier: 22.1.0.0 | 2022-03-09 | 1a383f8ce
CPXPARAM_Preprocessing_Reduce                    0
CPXPARAM_Threads                                 1
CPXPARAM_Preprocessing_Reformulations            0
CPXPARAM_Emphasis_MIP                            2
CPXPARAM_TimeLimit                               7200
CPXPARAM_MIP_Tolerances_AbsMIPGap                0.98999999999999999
CPXPARAM_MIP_Limits_TreeMemory                   20000
Legacy callback                                  BbLUID
         Disabling repeat represolve because of lazy constraint/incumbent callback.
1 of 1 MIP starts provided solutions.
MIP start 'm1' defined initial solution with objective 11791.0000.
Tried aggregator 0 times.
Reduced MIP has 1260 rows, 1010 columns, and 5938 nonzeros.
Reduced MIP has 942 binaries, 0 generals, 0 SOSs, and 0 indicators.
Presolve time = 0.00 sec. (0.33 ticks)
Probing time = 0.00 sec. (1.56 ticks)
Clique table members: 481.
MIP emphasis: optimality.
MIP search method: traditional branch-and-cut.
Parallel mode: none, using 1 thread.
Root relaxation solution time = 0.00 sec. (2.85 ticks)

        Nodes                                         Cuts/
   Node  Left     Objective  IInf  Best Integer    Best Bound    ItCnt     Gap         Variable B NodeID Parent  Depth

*     0+    0                        11791.0000        0.0000           100.00%
      0     0    10319.0382   144    11791.0000    10319.0382      243   12.48%
      0     0    11744.0080   140    11791.0000      Cuts: 46      329    0.40%
      0     0    11764.0000   142    11791.0000      Cuts: 17      356    0.23%
      0     0    11764.0000   142    11791.0000     Covers: 1      358    0.23%
      0     0    11764.0000   142    11791.0000   ZeroHalf: 3      359    0.23%
      0     2    11764.0000    28    11791.0000    11764.0000      359    0.23%                        0             0
Elapsed time = 0.11 sec. (236.48 ticks, tree = 0.01 MB, solutions = 1)
      1     2    11764.2335   114    11791.0000    11764.0000      410    0.23%    x(c3_1_c2_1) U      1      0      1

Clique cuts applied:  22
Flow cuts applied:  1
Mixed integer rounding cuts applied:  5
Zero-half cuts applied:  3
Gomory fractional cuts applied:  6
User cuts applied:  11

Root node processing (before b&c):
  Real time             =    0.11 sec. (236.01 ticks)
Sequential b&c:
  Real time             =    0.15 sec. (376.37 ticks)
                          ------------
Total (root+branch&cut) =    0.25 sec. (612.38 ticks)

