Version identifier: 22.1.0.0 | 2022-03-09 | 1a383f8ce
CPXPARAM_Preprocessing_Reduce                    0
CPXPARAM_Threads                                 1
CPXPARAM_Preprocessing_Reformulations            0
CPXPARAM_Emphasis_MIP                            2
CPXPARAM_TimeLimit                               7200
CPXPARAM_MIP_Tolerances_AbsMIPGap                0.98999999999999999
CPXPARAM_MIP_Limits_TreeMemory                   20000
Legacy callback                                  BbLUID
         Disabling repeat represolve because of lazy constraint/incumbent callback.
1 of 1 MIP starts provided solutions.
MIP start 'm1' defined initial solution with objective 7993.0000.
Tried aggregator 0 times.
Reduced MIP has 1202 rows, 1049 columns, and 6103 nonzeros.
Reduced MIP has 994 binaries, 0 generals, 0 SOSs, and 0 indicators.
Presolve time = 0.00 sec. (0.33 ticks)
Probing time = 0.00 sec. (2.08 ticks)
Clique table members: 503.
MIP emphasis: optimality.
MIP search method: traditional branch-and-cut.
Parallel mode: none, using 1 thread.
Root relaxation solution time = 0.00 sec. (2.24 ticks)

        Nodes                                         Cuts/
   Node  Left     Objective  IInf  Best Integer    Best Bound    ItCnt     Gap         Variable B NodeID Parent  Depth

*     0+    0                         7993.0000        0.0000           100.00%
      0     0     7145.4278   115     7993.0000     7145.4278      176   10.60%
      0     0     7987.0000   113     7993.0000      Cuts: 51      226    0.08%
      0     0        cutoff           7993.0000                    229    0.00%                        0             0
Elapsed time = 0.03 sec. (67.50 ticks, tree = 0.01 MB, solutions = 1)

Clique cuts applied:  22
Mixed integer rounding cuts applied:  2
Zero-half cuts applied:  8
Gomory fractional cuts applied:  4
User cuts applied:  53

Root node processing (before b&c):
  Real time             =    0.03 sec. (67.56 ticks)
Sequential b&c:
  Real time             =    0.00 sec. (0.00 ticks)
                          ------------
Total (root+branch&cut) =    0.03 sec. (67.56 ticks)

