Version identifier: 22.1.0.0 | 2022-03-09 | 1a383f8ce
CPXPARAM_Preprocessing_Reduce                    0
CPXPARAM_Threads                                 1
CPXPARAM_Preprocessing_Reformulations            0
CPXPARAM_Emphasis_MIP                            2
CPXPARAM_TimeLimit                               7200
CPXPARAM_MIP_Tolerances_AbsMIPGap                0.98999999999999999
CPXPARAM_MIP_Limits_TreeMemory                   20000
Legacy callback                                  BbLUID
         Disabling repeat represolve because of lazy constraint/incumbent callback.
1 of 1 MIP starts provided solutions.
MIP start 'm1' defined initial solution with objective 3880.0000.
Tried aggregator 0 times.
Reduced MIP has 2108 rows, 1925 columns, and 11239 nonzeros.
Reduced MIP has 1850 binaries, 0 generals, 0 SOSs, and 0 indicators.
Presolve time = 0.00 sec. (0.60 ticks)
Probing time = 0.00 sec. (2.65 ticks)
Clique table members: 931.
MIP emphasis: optimality.
MIP search method: traditional branch-and-cut.
Parallel mode: none, using 1 thread.
Root relaxation solution time = 0.00 sec. (5.44 ticks)

        Nodes                                         Cuts/
   Node  Left     Objective  IInf  Best Integer    Best Bound    ItCnt     Gap         Variable B NodeID Parent  Depth

*     0+    0                         3880.0000        0.0000           100.00%
      0     0     3546.4442    80     3880.0000     3546.4442      251    8.60%
      0     0     3671.1147    74     3880.0000      Cuts: 36      360    5.38%
      0     0     3690.2690    74     3880.0000      Cuts: 18      474    4.89%
      0     0     3719.7591    89     3880.0000       Cuts: 8      553    4.13%
      0     0     3729.0746    89     3880.0000       Cuts: 7      618    3.89%
      0     0     3730.5746    85     3880.0000   ZeroHalf: 1      622    3.85%
      0     0     3731.5878   114     3880.0000   ZeroHalf: 2      650    3.83%
      0     0     3731.6060    78     3880.0000       User: 2      661    3.82%
      0     0     3731.6060    76     3880.0000   ZeroHalf: 1      662    3.82%
      0     0     3731.9953    81     3880.0000   ZeroHalf: 1      684    3.81%
      0     2     3731.9953    81     3880.0000     3735.0862      684    3.73%                        0             0
Elapsed time = 0.20 sec. (491.90 ticks, tree = 0.01 MB, solutions = 1)
      2     4     3736.7529    75     3880.0000     3736.7529      698    3.69%  x(c16_1_c17_1) U      2      0      1
      6     8     3739.2085    74     3880.0000     3737.0862      774    3.68%  x(c32_3_c31_3) N      6      5      5
     10    12     3740.3682    72     3880.0000     3737.0862      922    3.68%  x(c22_3_c34_3) N     10      9      8
     12    14     3740.5801   114     3880.0000     3737.0862      997    3.68%  x(c31_3_c28_3) N     12     11     10
     19    21     3741.0496    77     3880.0000     3737.0862     1234    3.68%  x(c28_3_c22_3) D     19     18     17
     32    33     3741.3970    75     3880.0000     3737.0862     1395    3.68%   x(c4_2_c13_2) U     32     31     30
     53    47     3742.6708    52     3880.0000     3737.0862     1712    3.68%  x(c12_3_c11_3) D     53     52     49
     79    66     3786.1302    75     3880.0000     3737.1210     2411    3.68%  x(c32_3_c31_3) N     79     76      9
    104    91     3787.0663    46     3880.0000     3737.1210     3009    3.68%  x(c25_2_c32_2) D    104    103     30
    174   139     3802.6667    58     3880.0000     3759.4875     8504    3.11%    x(c5_3_c6_3) U    174    170      5
Elapsed time = 1.61 sec. (3712.85 ticks, tree = 0.45 MB, solutions = 1)
    286   238     3791.6769    80     3880.0000     3779.2155    15425    2.60%  x(c31_3_c28_3) U    286    285     14
    418   365     3800.1667    73     3880.0000     3787.3131    23453    2.39%  x(c28_2_c32_2) D    418    308     12
    539   479     3800.5950    71     3880.0000     3790.4125    31429    2.31%  x(c22_3_c34_3) D    539    438     12
    679   615     3827.7419   112     3880.0000     3793.1216    39469    2.24%  x(c30_2_c31_2) D    679    562     21
    807   731     3833.6873    58     3880.0000     3794.5296    45846    2.20%      x(c4_3_Om) D    807    777     20
    922   829     3803.7343    74     3880.0000     3796.0847    55275    2.16%  x(c19_2_c20_2) U    922    377      8
*  1000+  881                         3872.0000     3796.9242             1.94%
   1000   882     3799.7479   100     3872.0000     3796.9260    60713    1.94%   x(c13_2_c9_2) D   1000    644     17
   1138  1005     3808.8189    86     3872.0000     3798.9794    70425    1.89%  x(c19_1_c20_1) D   1138   1136     23
   1273  1137     3807.7181    92     3872.0000     3800.8235    80118    1.84%  x(c20_1_c24_1) D   1273   1040     35
   1438  1272     3802.5333    58     3872.0000     3801.7122    85440    1.82%  x(c30_3_c32_3) U   1438   1248     20
Elapsed time = 6.82 sec. (13920.76 ticks, tree = 4.21 MB, solutions = 2)
   1533  1357     3812.6405    99     3872.0000     3803.1856    92753    1.78%  x(c19_2_c20_2) D   1533    636      7
   1720  1518     3828.5067    51     3872.0000     3805.5842   102847    1.72%  x(c18_1_c11_1) U   1720   1038     24
   1899  1690     3843.4526    40     3872.0000     3807.2758   112778    1.67%  x(c31_3_c27_3) N   1899   1897     23
   2074  1835     3834.7619    68     3872.0000     3807.8794   120664    1.66%   x(c4_3_c13_3) U   2074   1625     16
   2232  1944     3817.2528    62     3872.0000     3808.3369   126236    1.64%  x(c22_3_c34_3) D   2232   2230     13
   2388  2048     3809.5165    76     3872.0000     3809.0000   135624    1.63%  x(c16_2_c17_2) D   2388   2387     13
   2570  2174     3821.6457    28     3872.0000     3809.5378   144031    1.61%   x(c4_3_c13_3) N   2570   2569     15
*  2690+ 1025                         3822.0000     3809.6613             0.32%
   2848   997        cutoff           3822.0000     3810.2024   151441    0.31%  x(c24_1_c26_1) U   2848    548     12
   3172   937        cutoff           3822.0000     3811.5425   157397    0.27%  x(c19_2_c20_2) D   3172   1611     16
   3438  1025     3816.0000    49     3822.0000     3812.0133   166137    0.26%   x(c32_2_c3_2) N   3438   2250     12
Elapsed time = 11.82 sec. (23487.70 ticks, tree = 2.56 MB, solutions = 3)
   3776  1036     3813.5865    60     3822.0000     3813.1114   172815    0.23%   x(c4_3_c13_3) D   3776   1387     17
   4171  1086     3815.0203    56     3822.0000     3814.0000   179028    0.21%  x(c16_2_c17_2) N   4171   4170     15
   4561  1034     3815.8755    67     3822.0000     3815.0000   184795    0.18%  x(c31_1_c27_1) N   4561   4560     16
   4908  1008     3815.6590    44     3822.0000     3815.6624   191213    0.17%   x(c13_2_c8_2) N   4908   4878     18
   5273   909     3816.9381    70     3822.0000     3816.3881   196502    0.15%    x(c4_2_c3_2) N   5273   5252     21
   5695   797     3818.1326    53     3822.0000     3817.2841   201613    0.12%    x(c8_1_c5_1) N   5695   5273     22
   6125   564    infeasible           3822.0000     3818.5012   206244    0.09%     x(c12_3_Om) D   6125   5993     19
   6542   405    infeasible           3822.0000     3819.2478   212992    0.07%  x(c15_1_c16_1) U   6542   5710     21

Clique cuts applied:  9
Cover cuts applied:  54
Flow cuts applied:  3
Mixed integer rounding cuts applied:  10
Zero-half cuts applied:  7
Gomory fractional cuts applied:  4
User cuts applied:  304

Root node processing (before b&c):
  Real time             =    0.20 sec. (492.10 ticks)
Sequential b&c:
  Real time             =   15.50 sec. (31513.23 ticks)
                          ------------
Total (root+branch&cut) =   15.70 sec. (32005.33 ticks)

