Version identifier: 22.1.0.0 | 2022-03-09 | 1a383f8ce
CPXPARAM_Preprocessing_Reduce                    0
CPXPARAM_Threads                                 1
CPXPARAM_Preprocessing_Reformulations            0
CPXPARAM_Emphasis_MIP                            2
CPXPARAM_TimeLimit                               7200
CPXPARAM_MIP_Tolerances_AbsMIPGap                0.98999999999999999
CPXPARAM_MIP_Limits_TreeMemory                   20000
Legacy callback                                  BbLUID
         Disabling repeat represolve because of lazy constraint/incumbent callback.
1 of 1 MIP starts provided solutions.
MIP start 'm1' defined initial solution with objective 3880.0000.
Tried aggregator 0 times.
Reduced MIP has 2108 rows, 1925 columns, and 11239 nonzeros.
Reduced MIP has 1850 binaries, 0 generals, 0 SOSs, and 0 indicators.
Presolve time = 0.00 sec. (0.60 ticks)
Probing time = 0.00 sec. (2.65 ticks)
Clique table members: 931.
MIP emphasis: optimality.
MIP search method: traditional branch-and-cut.
Parallel mode: none, using 1 thread.
Root relaxation solution time = 0.00 sec. (4.36 ticks)

        Nodes                                         Cuts/
   Node  Left     Objective  IInf  Best Integer    Best Bound    ItCnt     Gap         Variable B NodeID Parent  Depth

*     0+    0                         3880.0000        0.0000           100.00%
      0     0     3546.4442    80     3880.0000     3546.4442      241    8.60%
      0     0     3671.1147    74     3880.0000      Cuts: 36      334    5.38%
      0     0     3690.2246    74     3880.0000      Cuts: 17      430    4.89%
      0     0     3719.5988    85     3880.0000       Cuts: 8      524    4.13%
      0     0     3729.0159    56     3880.0000       Cuts: 7      575    3.89%
      0     0     3729.0159    52     3880.0000   ZeroHalf: 2      580    3.89%
      0     0     3737.0284   107     3880.0000       Cuts: 2      640    3.68%
      0     0     3737.0284   107     3880.0000     Covers: 1      644    3.68%
      0     2     3737.0284   107     3880.0000     3737.0284      644    3.68%                        0             0
Elapsed time = 0.25 sec. (631.80 ticks, tree = 0.01 MB, solutions = 1)
      3     5     3737.0904    71     3880.0000     3737.0353      746    3.68%  x(c22_3_c34_3) N      3      1      2
      4     6     3737.1039   106     3880.0000     3737.0353      763    3.68%  x(c31_3_c24_3) D      4      3      3
      8    10     3737.1662   125     3880.0000     3737.0353      843    3.68%  x(c20_2_c11_2) D      8      7      7
     15    17     3737.4424    89     3880.0000     3737.0353     1049    3.68%     x(c12_1_Om) N     15     14     14
     25    27     3737.9325    95     3880.0000     3737.0353     1333    3.68%  x(c12_1_c17_1) N     25     24     23
     49    51     3738.6923    58     3880.0000     3737.0353     1655    3.68%   x(c13_3_c6_3) U     49     48     46
     59    57     3739.3040    73     3880.0000     3737.0353     1791    3.68%  x(c31_3_c28_3) N     59     58     56
     68    61     3739.9816    58     3880.0000     3737.0353     1879    3.68%  x(c28_3_c26_3) N     68     67     65
     83    67     3741.1209   137     3880.0000     3737.1265     2068    3.68%  x(c23_3_c24_3) D     83     82      4
    162   141     3742.8915    75     3880.0000     3737.1265     3309    3.68%     x(c32_2_Om) D    162    161     77
Elapsed time = 1.62 sec. (4111.62 ticks, tree = 0.31 MB, solutions = 1)
    228   183     3744.7668    76     3880.0000     3737.1265     3677    3.68%  x(c20_3_c26_3) D    228    227    143
    284   221     3742.0236    65     3880.0000     3741.0330     7509    3.58%  x(c22_3_c34_3) D    284      1      2
    371   303     3853.3333    38     3880.0000     3743.0484    12855    3.53%  x(c25_2_c11_2) D    371    154     70
    539   467     3850.1230    50     3880.0000     3743.5906    16905    3.52%  x(c27_3_c24_3) N    539    437     19
    610   531     3811.2000    51     3880.0000     3745.5959    26517    3.46%    x(c6_3_c8_3) N    610     41     39
    774   688     3799.6269    55     3880.0000     3747.5867    33671    3.41%  x(c28_2_c32_2) D    774    724     21
    970   868     3774.6997    65     3880.0000     3749.5482    38737    3.36%  x(c12_1_c16_1) U    970     16     16
*  1000+  887                         3878.0000     3750.3147             3.29%
*  1000+  739                         3823.0000     3750.3147             1.90%
   1014   751     3787.2383    49     3823.0000     3750.8334    44182    1.89%      x(c9_2_Om) U   1014    410     43
   1192   836     3810.1011    41     3823.0000     3753.7962    53268    1.81%  x(c20_2_c22_2) N   1192   1033     15
   1395   955     3757.6484    67     3823.0000     3757.2096    61592    1.72%  x(c19_3_c22_3) D   1395   1394     35
Elapsed time = 6.06 sec. (13733.67 ticks, tree = 1.41 MB, solutions = 3)
   1650  1161     3758.7784    69     3823.0000     3758.1139    70478    1.70%   x(c31_3_c5_3) N   1650   1649     63
   1800  1219     3806.2785    58     3823.0000     3759.4784    79722    1.66%  x(c32_3_c24_3) N   1800   1442     16
*  2000+ 1165                         3815.0000     3762.2667             1.38%
   2000  1167     3789.2500    38     3815.0000     3762.3177    89202    1.38%  x(c23_3_c24_3) U   2000   1773     11
   2244  1264        cutoff           3815.0000     3765.0512    98358    1.31%  x(c12_3_c28_3) U   2244   2242     76
   2488  1340        cutoff           3815.0000     3767.5000   108282    1.25%  x(c25_2_c11_2) D   2488   2471     23
   2789  1524     3794.2478    94     3815.0000     3768.5866   118052    1.22%  x(c25_2_c11_2) D   2789   2586      8
   3001  1645     3769.5794    67     3815.0000     3769.4798   125386    1.19%  x(c22_2_c23_2) U   3001   3000     32
   3235  1732     3811.3360    42     3815.0000     3770.4500   135011    1.17%  x(c32_3_c28_3) U   3235   3031     16
   3464  1823     3813.6615    45     3815.0000     3772.2000   145182    1.12%  x(c34_3_c19_3) N   3464   3152     24
   3712  1899        cutoff           3815.0000     3773.5765   154025    1.09%  x(c31_3_c27_3) U   3712   3680     31
Elapsed time = 11.04 sec. (23576.35 ticks, tree = 2.44 MB, solutions = 4)
   4019  2070     3806.8551    52     3815.0000     3774.6722   162465    1.06%  x(c27_3_c22_3) U   4019   3940     40
   4294  2207     3787.2105    53     3815.0000     3775.9123   172043    1.02%  x(c32_3_c28_3) D   4294   1813     41
   4555  2285     3791.8045    82     3815.0000     3777.1667   181355    0.99%  x(c31_3_c27_3) U   4555   3595     23
   4849  2368     3779.0000    38     3815.0000     3778.4016   191084    0.96%  x(c28_3_c32_3) D   4849   4848     27
   5074  2417     3796.1193    21     3815.0000     3779.0000   197033    0.94%  x(c26_3_c22_3) U   5074   5072     29
   5373  2503     3804.1044    22     3815.0000     3780.0000   206044    0.92%  x(c23_3_c24_3) N   5373   4106     22
   5631  2593        cutoff           3815.0000     3780.5331   215632    0.90%  x(c31_3_c26_3) U   5631   5625     35
   5960  2718     3781.7233    55     3815.0000     3781.3000   225018    0.88%  x(c26_3_c18_3) N   5960   5959     23
   6119  2792        cutoff           3815.0000     3781.7127   229605    0.87%  x(c20_3_c34_3) D   6119   6117     33
   6432  2938     3794.0000    64     3815.0000     3782.3344   238721    0.86%     x(Op_c15_3) D   6432   1914      6
Elapsed time = 15.90 sec. (33151.59 ticks, tree = 3.72 MB, solutions = 4)
   6767  2957     3789.4239    48     3815.0000     3782.8687   247510    0.84%     x(c14_1_Om) D   6767   6766     46
   7000  3057     3804.1667    36     3815.0000     3783.3179   254077    0.83%  x(c28_3_c23_3) N   7000   6926     20
   7365  3173        cutoff           3815.0000     3783.9300   262706    0.81%  x(c22_3_c20_3) U   7365   6730     18
   7674  3290     3813.5701    23     3815.0000     3784.2630   271855    0.81%    x(c3_3_c4_3) N   7674   5456     26
   8027  3432        cutoff           3815.0000     3784.6857   280663    0.79%  x(c31_3_c27_3) U   8027   6780     20
   8364  3552        cutoff           3815.0000     3785.1584   289292    0.78%  x(c28_2_c29_2) U   8364   5539     18
   8694  3695     3785.5411    69     3815.0000     3785.5000   297890    0.77%  x(c31_3_c27_3) D   8694   8693     30
   8997  3748        cutoff           3815.0000     3785.8137   306464    0.77%  x(c32_2_c31_2) U   8997   8996     37
   9318  3828        cutoff           3815.0000     3786.1700   314846    0.76%  x(c28_2_c29_2) U   9318   8239     13
   9687  3999     3786.7885    48     3815.0000     3786.4728   322816    0.75%  x(c19_3_c22_3) D   9687   9686     44
Elapsed time = 20.85 sec. (43089.54 ticks, tree = 4.91 MB, solutions = 4)
  10000  4063     3787.2309    36     3815.0000     3786.7642   330726    0.74%  x(c20_3_c24_3) D  10000   9999     25
  10306  4074        cutoff           3815.0000     3787.2299   338894    0.73%   x(c35_1_c8_1) N  10306    607     11
  10618  4071     3788.0074    36     3815.0000     3787.7035   347496    0.72%  x(c26_3_c29_3) D  10618  10617     28
  10970  4158     3788.2583    39     3815.0000     3788.1178   355819    0.70%  x(c25_2_c22_2) D  10970  10969     36
  11333  4214     3788.6754    66     3815.0000     3788.5256   363783    0.69%  x(c35_1_c14_1) U  11333  11332     16
  11677  4212     3789.1725    51     3815.0000     3788.9782   371180    0.68%  x(c27_3_c23_3) N  11677  11676     38
  11977  4262        cutoff           3815.0000     3789.3284   379599    0.67%  x(c22_3_c29_3) U  11977   1340     29
  12259  4260     3813.1513    79     3815.0000     3789.7232   387107    0.66%  x(c20_2_c22_2) D  12259   9383     17
  12539  4223     3802.7447    75     3815.0000     3790.1725   395267    0.65%  x(c20_2_c34_2) U  12539  11335     19
  12870  4284     3810.4321    69     3815.0000     3790.6636   402965    0.64%  x(c20_3_c34_3) U  12870  12867     34
Elapsed time = 25.70 sec. (53220.76 ticks, tree = 5.41 MB, solutions = 4)
  13216  4335        cutoff           3815.0000     3791.0683   410419    0.63%  x(c26_3_c28_3) U  13216   5798     32
  13543  4384     3796.0968    71     3815.0000     3791.4286   418612    0.62%  x(c24_3_c34_3) N  13543  13011     19
  13872  4316        cutoff           3815.0000     3791.8784   426199    0.61%  x(c28_3_c20_3) U  13872   1348     37
  14190  4312        cutoff           3815.0000     3792.2778   433616    0.60%   x(c32_2_c3_2) U  14190   9575     14
  14502  4316        cutoff           3815.0000     3792.7455   441084    0.58%  x(c28_2_c32_2) D  14502  13556     23
  14832  4333    infeasible           3815.0000     3793.1823   449133    0.57%  x(c27_3_c28_3) D  14832  14576     56
  15135  4376     3795.0594    61     3815.0000     3793.6824   456172    0.56%  x(c20_3_c34_3) N  15135  12868     34
  15363  4354     3802.9393    71     3815.0000     3794.0505   463449    0.55%     x(c14_2_Om) N  15363  15361     18
  15676  4402     3810.7450    41     3815.0000     3794.4766   471060    0.54%  x(c20_3_c24_3) U  15676  10479     20
  16036  4445        cutoff           3815.0000     3794.9077   477996    0.53%  x(c22_2_c34_2) D  16036  15308     15
Elapsed time = 30.20 sec. (62776.11 ticks, tree = 5.61 MB, solutions = 4)
  16337  4490     3806.5712    54     3815.0000     3795.2033   485952    0.52%  x(c34_3_c18_3) N  16337  16335     14
  16663  4505        cutoff           3815.0000     3795.6000   492779    0.51%  x(c31_3_c29_3) U  16663  13565     31
  16966  4478     3805.8295    46     3815.0000     3796.0298   499825    0.50%  x(c32_3_c26_3) N  16966  16964     17
  17273  4413     3806.3333    43     3815.0000     3796.3228   506186    0.49%  x(c15_3_c26_3) N  17273  17271     56
  17592  4428        cutoff           3815.0000     3796.7000   512716    0.48%  x(c28_2_c32_2) D  17592   9308     23
  17912  4421     3800.4523    69     3815.0000     3797.1384   519916    0.47%     x(c35_1_Om) N  17912  15184     30
  18248  4451     3797.7049    59     3815.0000     3797.5139   526368    0.46%     x(c35_1_Om) N  18248  18247     28
  18592  4458        cutoff           3815.0000     3797.9295   531930    0.45%  x(c28_2_c31_2) D  18592  18387     27
  18900  4486        cutoff           3815.0000     3798.2261   539028    0.44%  x(c34_2_c20_2) D  18900   3190     49
  19227  4505     3804.2957    38     3815.0000     3798.5067   545169    0.43%     x(c12_1_Om) N  19227  17929     21
Elapsed time = 34.50 sec. (72333.82 ticks, tree = 5.69 MB, solutions = 4)
  19540  4467     3801.9199    53     3815.0000     3798.9207   551394    0.42%  x(c35_1_c14_1) U  19540  19324     24
  19834  4471     3801.2753    52     3815.0000     3799.2804   557733    0.41%     x(Op_c15_3) N  19834  18753     16
  20159  4503     3799.7386    50     3815.0000     3799.5872   563601    0.40%     x(Op_c26_3) N  20159  19500     23
  20488  4491     3800.0399    46     3815.0000     3799.9969   570014    0.39%  x(c26_3_c18_3) N  20488  20487     24
  20822  4492        cutoff           3815.0000     3800.2591   575638    0.39%   x(c4_3_c31_3) U  20822  13191     42
  21046  4485        cutoff           3815.0000     3800.4475   579087    0.38%     x(c35_1_Om) U  21046  20201     39
  21387  4452    infeasible           3815.0000     3800.7737   584974    0.37%  x(c28_3_c32_3) U  21387  11595     31
  21702  4402        cutoff           3815.0000     3801.1534   591192    0.36%  x(c25_2_c34_2) U  21702  10015     34
  22000  4356     3801.4174    71     3815.0000     3801.3955   596073    0.36%  x(c22_3_c20_3) N  22000  21999     20
  22324  4337     3801.8666    72     3815.0000     3801.8108   601315    0.35%  x(c26_3_c22_3) N  22324  14503     19
Elapsed time = 38.84 sec. (82478.11 ticks, tree = 5.54 MB, solutions = 4)
  22656  4297        cutoff           3815.0000     3802.1638   607019    0.34%   x(c33_1_c5_1) D  22656  17217     37
  22993  4254     3802.7500    34     3815.0000     3802.5000   611868    0.33%  x(c27_3_c28_3) N  22993  15796     42
  23327  4209     3812.3246    63     3815.0000     3802.8715   617010    0.32%  x(c18_3_c20_3) N  23327  22820     22
  23668  4198        cutoff           3815.0000     3803.1712   622229    0.31%  x(c12_1_c11_1) U  23668  17737     24
* 24000+ 3862                         3814.0000     3803.5000             0.28%
  24000  3864     3807.0000    22     3814.0000     3803.5000   626657    0.28%     x(c14_1_Om) D  24000  23998     14
  24362  3797        cutoff           3814.0000     3803.9540   631563    0.26%  x(c30_3_c31_3) U  24362  19844     30
  24631  3859     3807.8441    43     3814.0000     3804.0811   638767    0.26%  x(c26_3_c28_3) N  24631  24629     16
  24997  3788        cutoff           3814.0000     3804.4341   643539    0.25%  x(c27_3_c28_3) U  24997   9261     36
  25354  3784        cutoff           3814.0000     3804.7500   648497    0.24%  x(c31_3_c27_3) U  25354  25353     36
  26713  3615        cutoff           3814.0000     3805.8004   669354    0.21%  x(c25_2_c11_2) D  26713   5537     14
Elapsed time = 43.95 sec. (94891.48 ticks, tree = 4.77 MB, solutions = 5)
  27912  3327     3808.3639    78     3814.0000     3806.8212   696355    0.19%  x(c28_3_c20_3) N  27912   8820     21
  29159  2798    infeasible           3814.0000     3808.0000   724493    0.16%  x(c22_2_c34_2) D  29159  19379     18
  30534  2099     3809.8019    53     3814.0000     3809.5047   751205    0.12%  x(c32_2_c31_2) N  30534  21613     32
  32004  1256     3811.0650    73     3814.0000     3811.0620   776264    0.08%  x(c26_3_c22_3) N  32004  18747     25
  33487   327        cutoff           3814.0000     3812.5684   802103    0.04%   x(c31_2_c3_2) U  33487   2730     20

Clique cuts applied:  9
Cover cuts applied:  141
Flow cuts applied:  3
Mixed integer rounding cuts applied:  10
Zero-half cuts applied:  5
Gomory fractional cuts applied:  4
User cuts applied:  495

Root node processing (before b&c):
  Real time             =    0.25 sec. (632.10 ticks)
Sequential b&c:
  Real time             =   51.62 sec. (114528.09 ticks)
                          ------------
Total (root+branch&cut) =   51.87 sec. (115160.19 ticks)

