Version identifier: 22.1.0.0 | 2022-03-09 | 1a383f8ce
CPXPARAM_Preprocessing_Reduce                    0
CPXPARAM_Threads                                 1
CPXPARAM_Preprocessing_Reformulations            0
CPXPARAM_Emphasis_MIP                            2
CPXPARAM_TimeLimit                               7200
CPXPARAM_MIP_Tolerances_AbsMIPGap                0.98999999999999999
CPXPARAM_MIP_Limits_TreeMemory                   20000
Legacy callback                                  BbLUID
         Disabling repeat represolve because of lazy constraint/incumbent callback.
1 of 1 MIP starts provided solutions.
MIP start 'm1' defined initial solution with objective 4270.0000.
Tried aggregator 0 times.
Reduced MIP has 3138 rows, 2888 columns, and 16998 nonzeros.
Reduced MIP has 2796 binaries, 0 generals, 0 SOSs, and 0 indicators.
Presolve time = 0.00 sec. (0.91 ticks)
Probing time = 0.00 sec. (2.94 ticks)
Clique table members: 1404.
MIP emphasis: optimality.
MIP search method: traditional branch-and-cut.
Parallel mode: none, using 1 thread.
Root relaxation solution time = 0.00 sec. (6.32 ticks)

        Nodes                                         Cuts/
   Node  Left     Objective  IInf  Best Integer    Best Bound    ItCnt     Gap         Variable B NodeID Parent  Depth

*     0+    0                         4270.0000        0.0000           100.00%
      0     0     3875.6497   119     4270.0000     3875.6497      259    9.24%
      0     0     4070.0898   109     4270.0000      Cuts: 20      375    4.68%
      0     0     4101.0562   121     4270.0000      Cuts: 13      501    3.96%
      0     0     4119.4296    72     4270.0000      Cuts: 13      574    3.53%
      0     0     4130.2970   131     4270.0000      Cuts: 13      637    3.27%
      0     0     4140.7513   131     4270.0000       Cuts: 8      692    3.03%
      0     0     4146.2513   121     4270.0000       Cuts: 6      717    2.90%
      0     0     4153.2677   130     4270.0000   ZeroHalf: 4      765    2.73%
      0     0     4160.0000   119     4270.0000       Cuts: 6      811    2.58%
      0     0     4160.0181   145     4270.0000       User: 3      829    2.58%
      0     2     4160.0181   139     4270.0000     4161.5181      829    2.54%                        0             0
Elapsed time = 0.37 sec. (907.26 ticks, tree = 0.01 MB, solutions = 1)
      2     4     4167.5506   146     4270.0000     4168.0000     1015    2.39%  x(c24_2_c28_2) D      2      1      2
      4     6     4168.0506   144     4270.0000     4168.0506     1071    2.39%   x(c2_3_c36_3) D      4      2      3
      6     8     4184.0506   142     4270.0000     4169.0506     1114    2.36%   x(c3_3_c13_3) N      6      4      4
      9    11     4187.5907   120     4270.0000     4169.0506     1341    2.36%  x(c31_3_c27_3) N      9      7      6
     10    12     4193.7038   144     4270.0000     4169.0506     1493    2.36%  x(c31_3_c27_3) N     10      7      6
     13    15     4199.5842   159     4270.0000     4169.0506     1736    2.36%  x(c32_2_c31_2) U     13     12      9
     17    18     4200.0789   135     4270.0000     4169.0506     1971    2.36%   x(c17_2_c2_2) N     17     16     13
     22    22     4200.3517   150     4270.0000     4169.0506     2097    2.36%   x(c2_1_c36_1) N     22     21     18
     39    36     4201.7726   123     4270.0000     4169.0506     2690    2.36%  x(c35_1_c10_1) N     39     38     33
     80    62     4191.0758   130     4270.0000     4170.0506     4581    2.34%   x(c2_3_c36_3) N     80      2      3
Elapsed time = 2.05 sec. (4854.22 ticks, tree = 0.15 MB, solutions = 1)
    163   145     4188.7962    88     4270.0000     4188.5000     8895    1.91%  x(c19_1_c22_1) D    163    162     17
    245   224     4195.6948   111     4270.0000     4191.9542    13736    1.83%    x(c7_3_c8_3) D    245    127     11
    328   296     4213.1474   117     4270.0000     4193.3713    17813    1.79%  x(c20_2_c21_2) D    328    292     14
    410   370     4232.1499    84     4270.0000     4194.4062    23898    1.77%   x(c2_2_c13_2) U    410    304     26
    480   423     4252.0607    87     4270.0000     4195.4956    28317    1.74%  x(c10_2_c11_2) U    480    324     22
    547   474     4242.2881   117     4270.0000     4197.0000    35030    1.71%  x(c20_2_c21_2) D    547    365     26
    624   528        cutoff           4270.0000     4199.1222    41135    1.66%  x(c25_2_c19_2) U    624    470     14
    743   629     4201.7820   125     4270.0000     4201.5000    48137    1.60%  x(c11_1_c19_1) D    743    219      5
    844   705     4233.2504    97     4270.0000     4203.6250    55751    1.55%   x(c33_1_c5_1) N    844    188     12
    960   806     4206.1733   128     4270.0000     4206.0000    63507    1.50%  x(c32_2_c31_2) D    960    878     14
Elapsed time = 6.93 sec. (14524.02 ticks, tree = 1.74 MB, solutions = 1)
   1000   846     4230.4000    87     4270.0000     4206.7500    66412    1.48%    x(c5_3_c8_3) U   1000    246     11
   1163   993     4236.6857    87     4270.0000     4208.2657    74283    1.45%  x(c32_2_c31_2) D   1163   1162     28
   1283  1077     4226.0919   103     4270.0000     4209.5492    80798    1.42%  x(c18_1_c11_1) D   1283    890     12
   1501  1275     4230.5705    97     4270.0000     4210.6171    88814    1.39%  x(c19_2_c21_2) U   1501   1289     17
   1653  1395     4257.2258   118     4270.0000     4211.5000    96048    1.37%  x(c19_2_c11_2) U   1653    535     11
   1788  1497     4239.9680   114     4270.0000     4212.1999   103645    1.35%  x(c11_3_c34_3) D   1788    469     23
   1938  1616     4264.6474    93     4270.0000     4212.8254   111463    1.34%  x(c19_2_c11_2) U   1938    489     23
   2073  1727     4244.3540   132     4270.0000     4213.7297   119957    1.32%  x(c10_1_c35_1) D   2073    373     20
   2194  1826     4218.7031   109     4270.0000     4214.6470   127985    1.30%  x(c32_2_c31_2) U   2194    646     11
   2368  1977     4223.7485   132     4270.0000     4215.3231   135191    1.28%  x(c27_1_c25_1) D   2368   2367     59
Elapsed time = 12.18 sec. (24630.88 ticks, tree = 3.51 MB, solutions = 1)
   2515  2097        cutoff           4270.0000     4216.0505   143190    1.26%  x(c19_2_c11_2) U   2515   1619     12
   2679  2221     4216.9858    85     4270.0000     4216.7462   150251    1.25%   x(c2_1_c27_1) N   2679   2678     29
   2860  2380     4218.0321   129     4270.0000     4217.3826   157393    1.23%   x(c2_3_c31_3) D   2860   2859     17
   3052  2557     4223.9789   138     4270.0000     4217.7682   164544    1.22%  x(c18_1_c11_1) U   3052   2451     11
   3207  2679     4230.0171   133     4270.0000     4218.2081   171829    1.21%    x(c5_3_c8_3) U   3207   2241     15
   3357  2785     4241.5416    98     4270.0000     4218.6899   180714    1.20%   x(c3_3_c13_3) U   3357   2608     15
   3493  2882     4265.0000    96     4270.0000     4219.2221   189240    1.19%  x(c18_1_c11_1) D   3493   3134     12
   3644  3001     4264.5168   101     4270.0000     4219.6142   196850    1.18%    x(c7_3_c5_3) U   3644   1423     30
   3817  3141     4260.1197   155     4270.0000     4220.0755   205470    1.17%  x(c19_1_c22_1) U   3817   1188     15
   3990  3287     4220.5320    94     4270.0000     4220.5340   212174    1.16%  x(c20_1_c21_1) D   3990   3802     17
Elapsed time = 17.31 sec. (34229.77 ticks, tree = 5.62 MB, solutions = 1)
   4168  3426        cutoff           4270.0000     4220.9198   219163    1.15%  x(c20_1_c19_1) U   4168   3885     30
   4327  3537     4244.5626    79     4270.0000     4221.2907   227286    1.14%    x(c4_2_c2_2) U   4327   2924     29
   4465  3630     4254.0134   146     4270.0000     4221.6923   235466    1.13%   x(c3_2_c13_2) U   4465   1220     25
   4660  3783     4246.1932    93     4270.0000     4222.1284   242874    1.12%      x(c3_3_Om) N   4660   3948     38
   4820  3895     4242.1206    94     4270.0000     4222.3280   249347    1.12%  x(c29_2_c31_2) D   4820   4819     68
   4972  4002     4240.9498   133     4270.0000     4222.6667   257146    1.11%  x(c25_1_c21_1) D   4972   2381     37
   5121  4106     4225.1324    95     4270.0000     4223.1012   265426    1.10%    x(c8_3_c5_3) D   5121   2058     17
   5242  4173     4224.3846    98     4270.0000     4223.5000   273229    1.09%  x(c17_2_c26_2) N   5242   5241     18
   5412  4295     4223.9312   111     4270.0000     4223.8310   281414    1.08%  x(c25_1_c19_1) D   5412   5411     29
   5546  4388     4261.9225   100     4270.0000     4224.1888   289896    1.07%  x(c19_2_c11_2) U   5546   5544     23
Elapsed time = 22.44 sec. (43830.63 ticks, tree = 7.65 MB, solutions = 1)
   5693  4499     4248.6586   162     4270.0000     4224.5316   298249    1.06%   x(c2_3_c31_3) U   5693   5692     20
   5885  4662     4244.5268    87     4270.0000     4224.8100   305684    1.06%    x(c6_2_c8_2) D   5885   4311     36
   6000  4713     4227.8127    98     4270.0000     4225.0355   311273    1.05%   x(c4_2_c13_2) D   6000   5998     24
   6170  4849     4225.4064    83     4270.0000     4225.4132   319627    1.04%  x(c20_1_c21_1) U   6170   6056     21
   6329  4964     4227.0503    67     4270.0000     4225.7352   327623    1.04%  x(c31_3_c27_3) D   6329   3665     22
   6486  5086     4232.6007   125     4270.0000     4226.0249   335595    1.03%  x(c32_2_c31_2) U   6486   4993     14
   6676  5251     4266.3331   101     4270.0000     4226.2034   342768    1.03%  x(c11_3_c34_3) D   6676   6674     18
   6819  5353     4255.4452   101     4270.0000     4226.5616   350952    1.02%  x(c19_2_c11_2) U   6819   2017     24
   6967  5474     4244.7526   112     4270.0000     4226.8040   358904    1.01%  x(c32_2_c31_2) N   6967   6896     18
   7000  5493     4227.0368   115     4270.0000     4226.8556   361150    1.01%    x(c7_3_c8_3) U   7000   6999     17
Elapsed time = 28.24 sec. (55504.04 ticks, tree = 9.38 MB, solutions = 1)
   7152  5614     4267.5631   112     4270.0000     4227.1025   369109    1.00%  x(c25_2_c19_2) U   7152   6026     17
   7317  5747     4254.0823    62     4270.0000     4227.3561   376636    1.00%    x(c5_3_c7_3) U   7317   7315     21
   7479  5878     4230.6017   125     4270.0000     4227.6199   384664    0.99%    x(c5_2_c3_2) D   7479   5797     15
   7660  5998     4257.7468   127     4270.0000     4227.9208   392072    0.99%    x(c3_3_c2_3) N   7660   2289     17
   7810  6118     4231.4109   122     4270.0000     4228.1323   400100    0.98%  x(c28_1_c24_1) N   7810   6737     18
   7983  6256     4232.0000    97     4270.0000     4228.2544   407294    0.98%  x(c34_2_c20_2) D   7983   4680     21
   8000  6269     4237.8266   105     4270.0000     4228.2710   408474    0.98%    x(c3_3_c5_3) U   8000   7999     27
   8134  6371     4233.6103    87     4270.0000     4228.5117   416982    0.97%   x(c2_1_c36_1) D   8134   8132     30
   8275  6452     4257.6849    59     4270.0000     4228.7114   424906    0.97%  x(c10_2_c13_2) U   8275   8240     28
   8442  6581     4260.3134    68     4270.0000     4228.8568   430536    0.96%    x(c5_2_c6_2) N   8442   4383     37
Elapsed time = 33.75 sec. (66383.05 ticks, tree = 11.16 MB, solutions = 1)
   8580  6672     4238.5000    47     4270.0000     4229.0820   438555    0.96%   x(c2_3_c26_3) U   8580   5646     22
   8760  6814     4229.5340    71     4270.0000     4229.1955   444928    0.96%     x(c16_3_Om) D   8760   8759     78
   8909  6907     4265.0352    61     4270.0000     4229.2867   450504    0.95%   x(c2_1_c27_1) N   8909   8672     29
   9070  6977     4234.0846    72     4270.0000     4229.5072   458243    0.95%  x(c31_2_c26_2) U   9070   7386     22
   9222  7047     4251.2352   101     4270.0000     4229.6851   466821    0.94%  x(c31_3_c28_3) U   9222   7890     32
   9389  7150     4244.0979    95     4270.0000     4229.9336   474416    0.94%   x(c2_1_c36_1) D   9389   6392     24
   9555  7276     4245.0183   123     4270.0000     4230.1263   482708    0.93%   x(c2_1_c36_1) D   9555   9549     11
   9702  7372        cutoff           4270.0000     4230.3039   490374    0.93%  x(c20_1_c19_1) N   9702   5327     18
   9849  7471        cutoff           4270.0000     4230.4847   498149    0.93%  x(c11_2_c19_2) U   9849   4020     31
   9990  7547     4238.5291    80     4270.0000     4230.6262   506099    0.92%  x(c20_1_c21_1) N   9990   3643     26
Elapsed time = 38.81 sec. (76006.34 ticks, tree = 12.74 MB, solutions = 1)
  10160  7654     4242.1824   104     4270.0000     4230.8333   513542    0.92%  x(c28_1_c24_1) U  10160   5539     12
  10318  7750     4238.8580   120     4270.0000     4231.0777   521516    0.91%   x(c6_2_c35_2) D  10318  10316     35
  10460  7838        cutoff           4270.0000     4231.2236   529088    0.91%     x(Op_c26_2) U  10460   8878     98
  10599  7917     4243.3000    68     4270.0000     4231.3750   536784    0.90%  x(c34_2_c20_2) N  10599   3591     14
  10753  8009     4231.9360   166     4270.0000     4231.5263   543825    0.90%   x(c2_3_c26_3) U  10753  10752     46
  10895  8089        cutoff           4270.0000     4231.6919   551694    0.90%  x(c31_2_c26_2) U  10895  10362     31
  11000  8153     4262.0911    93     4270.0000     4231.8328   558300    0.89%  x(c32_2_c31_2) U  11000   1258     27
  11145  8246     4247.5744   112     4270.0000     4232.0479   566607    0.89%  x(c10_1_c35_1) D  11145   1752     16
  11284  8311     4250.5232   150     4270.0000     4232.2545   574391    0.88%    x(c7_3_c8_3) D  11284   6274     17
  11438  8412     4232.6074    57     4270.0000     4232.5000   582220    0.88%    x(c6_2_c8_2) U  11438   7379     20
Elapsed time = 44.29 sec. (86908.98 ticks, tree = 14.52 MB, solutions = 1)
  11600  8534     4244.7800   108     4270.0000     4232.7254   590096    0.87%  x(c28_1_c24_1) N  11600   5668     22
  11753  8609     4254.8992   115     4270.0000     4232.9797   597689    0.87%    x(c6_2_c8_2) U  11753   2696     15
  11913  8708     4240.5500    73     4270.0000     4233.1593   605801    0.86%   x(c5_3_c35_3) U  11913   9071     23
  12046  8779     4237.6353   109     4270.0000     4233.3460   614344    0.86%   x(c2_3_c31_3) D  12046   5874     21
  12194  8853     4240.2995   126     4270.0000     4233.5929   622368    0.85%    x(c7_2_c8_2) U  12194  10289     36
  12342  8925     4239.1667   114     4270.0000     4233.8704   630098    0.85%  x(c32_2_c31_2) U  12342   1594     12
  12495  9043     4239.3333    82     4270.0000     4234.0375   638412    0.84%   x(c9_2_c10_2) N  12495   4969     12
  12632  9151     4267.0833    91     4270.0000     4234.1999   647011    0.84%  x(c19_2_c11_2) U  12632   2118     10
  12764  9224        cutoff           4270.0000     4234.4759   655214    0.83%      x(c2_1_Om) U  12764   7501     38
  13373  9620        cutoff           4270.0000     4235.2652   686281    0.81%    x(c2_2_c4_2) U  13373   7404     29
Elapsed time = 50.74 sec. (99348.27 ticks, tree = 16.57 MB, solutions = 1)
  14078 10111     4242.3333    71     4270.0000     4235.9574   715673    0.80%  x(c10_1_c14_1) U  14078   7986     30
  14703 10515     4236.5000   100     4270.0000     4236.5000   746926    0.78%    x(c5_2_c3_2) U  14703   9051      9
  15339 10939     4252.6599    55     4270.0000     4237.0613   776744    0.77%  x(c18_3_c35_3) U  15339  11641     21
  15968 11338     4263.2692    79     4270.0000     4237.6324   805514    0.76%    x(c3_3_c5_3) D  15968   5768     16
  16604 11746        cutoff           4270.0000     4238.1566   834577    0.75%   x(c17_2_c2_2) U  16604   3684     40
  17000 11970     4260.5212    64     4270.0000     4238.5352   853687    0.74%   x(c4_2_c13_2) U  17000   6111     23
  17669 12398     4265.3612    45     4270.0000     4239.1155   882960    0.72%  x(c15_3_c14_3) U  17669  17667     33
  18370 12941     4266.7542   105     4270.0000     4239.5231   909564    0.71%    x(c7_3_c8_3) U  18370   2717     17
  19047 13390        cutoff           4270.0000     4239.9189   937888    0.70%  x(c31_3_c26_3) U  19047  18009     39
  19745 13873     4268.2252    75     4270.0000     4240.1762   965121    0.70%    x(c5_3_c7_3) U  19745  16517     27
Elapsed time = 70.02 sec. (137794.97 ticks, tree = 23.65 MB, solutions = 1)
  20000 13991     4246.2500    98     4270.0000     4240.3333   976350    0.69%  x(c10_1_c13_1) N  20000  13497     22
  20743 14464     4255.8955   121     4270.0000     4240.6203  1002797    0.69%  x(c10_1_c13_1) N  20743  11248     36
  21456 14867     4243.5970    92     4270.0000     4241.0000  1029601    0.68%   x(c2_3_c26_3) U  21456  18637     28
  22140 15330     4244.5901   100     4270.0000     4241.2000  1057082    0.67%   x(c9_3_c14_3) N  22140  18139     17
  22960 15923     4248.8750    91     4270.0000     4241.4349  1082228    0.67%  x(c31_3_c27_3) U  22960  19830     17
  23737 16437     4265.7545    73     4270.0000     4241.6600  1107599    0.66%  x(c31_3_c15_3) U  23737  20861     78
  24476 16856     4241.8964    73     4270.0000     4241.8541  1133192    0.66%  x(c31_3_c27_3) D  24476  24475     24
  25000 17130     4242.1364    79     4270.0000     4242.0318  1157039    0.65%  x(c15_2_c26_2) D  25000  24999     52
  25602 17518     4254.2311    66     4270.0000     4242.2318  1184244    0.65%   x(c2_3_c26_3) N  25602  25600     27
  26291 17965     4258.7581    84     4270.0000     4242.4097  1209702    0.65%      x(c2_3_Om) U  26291  22125     33
Elapsed time = 89.35 sec. (177945.76 ticks, tree = 31.26 MB, solutions = 1)
  27044 18420     4243.4845   117     4270.0000     4242.5603  1233611    0.64%  x(c32_2_c31_2) N  27044  27043     19
  27721 18745     4242.7507   144     4270.0000     4242.7411  1260060    0.64%    x(c6_2_c8_2) U  27721  25440     34
  28000 18872     4246.0556   121     4270.0000     4242.8338  1271771    0.64%    x(c2_1_c4_1) U  28000  16706     19
  28627 19133        cutoff           4270.0000     4243.0222  1298157    0.63%  x(c31_3_c14_3) U  28627  23715     58
  29141 19372        cutoff           4270.0000     4243.1809  1325616    0.63%    x(c2_2_c4_2) U  29141  11495     29
  29695 19617     4261.4366   110     4270.0000     4243.3767  1351644    0.62%   x(c2_3_c26_3) D  29695  29477     34
  30279 19847     4259.0442    58     4270.0000     4243.5514  1378959    0.62%  x(c24_3_c28_3) N  30279  30278     26
  30849 20024     4247.3316    78     4270.0000     4243.7367  1406844    0.62%    x(c7_2_c8_2) U  30849  28587     42
  31450 20218     4251.4033   113     4270.0000     4244.0259  1435418    0.61%    x(c5_2_c6_2) N  31450  11663     21
  32018 20465     4244.2816   110     4270.0000     4244.1974  1464159    0.60%    x(c7_3_c3_3) N  32018  32017     32
Elapsed time = 107.75 sec. (216585.10 ticks, tree = 35.62 MB, solutions = 1)
  32616 20738     4246.0271    86     4270.0000     4244.4167  1492677    0.60%   x(c3_3_c13_3) D  32616  32614     18
  33232 20939     4244.7422    67     4270.0000     4244.6402  1519759    0.59%    x(c3_3_c5_3) D  33232  33231     31
  33857 21203     4252.5312    73     4270.0000     4244.8827  1548429    0.59%    x(c5_2_c6_2) N  33857  29389     23
  34472 21493     4262.5320   121     4270.0000     4245.0682  1577515    0.58%  x(c10_1_c35_1) N  34472  32270     18
  35122 21801     4259.6341    91     4270.0000     4245.2500  1604485    0.58%   x(c2_3_c31_3) N  35122  13621     17
  35707 22036     4245.4946    76     4270.0000     4245.4950  1633071    0.57%  x(c28_1_c24_1) N  35707  33791     58
  36370 22312     4255.6584   138     4270.0000     4245.6741  1660248    0.57%  x(c31_3_c27_3) D  36370  12389     24
  36984 22531     4245.9781   118     4270.0000     4245.8824  1687905    0.56%    x(c2_1_c4_1) D  36984  31222     14
  37576 22763     4246.9167    91     4270.0000     4246.0607  1715332    0.56%   x(c17_2_c2_2) N  37576  35588     24
  38209 23105     4249.7808    45     4270.0000     4246.2433  1742941    0.56%      x(c2_3_Om) U  38209  38208     29
Elapsed time = 126.30 sec. (254762.56 ticks, tree = 40.30 MB, solutions = 1)
  38918 23544     4250.6928    98     4270.0000     4246.4167  1768702    0.55%   x(c3_3_c13_3) D  38918  38916     16
  39766 24042     4246.7161    82     4270.0000     4246.5756  1792992    0.55%    x(c3_3_c5_3) U  39766  39764     44
  40447 24362     4246.9250    82     4270.0000     4246.7447  1819039    0.54%  x(c10_1_c15_1) D  40447  40446     46
  41177 24627     4250.5639    54     4270.0000     4246.9402  1843500    0.54%   x(c13_1_c8_1) N  41177  38395     45
  41919 24970        cutoff           4270.0000     4247.0722  1869016    0.54%  x(c12_2_c11_2) U  41919  37151     41
  42507 25249     4268.7445    67     4270.0000     4247.2055  1894572    0.53%   x(c5_3_c35_3) N  42507  40972     38
  43191 25631     4249.3272   101     4270.0000     4247.3473  1919091    0.53%  x(c31_2_c26_2) N  43191  40860     28
  43780 25837     4247.5613    73     4270.0000     4247.5000  1943961    0.53%  x(c31_2_c26_2) N  43780  35939     17
  44425 26122     4255.7500    73     4270.0000     4247.6168  1968985    0.52%  x(c17_2_c26_2) N  44425  42242     21
  45058 26346     4250.7720   102     4270.0000     4247.7730  1993737    0.52%  x(c19_1_c35_1) N  45058  43215     44
Elapsed time = 144.19 sec. (292951.58 ticks, tree = 45.95 MB, solutions = 1)
  45707 26627     4248.4361    85     4270.0000     4247.9444  2018149    0.52%  x(c10_2_c11_2) N  45707  42943     21
  46348 26857     4248.2629    86     4270.0000     4248.0698  2041583    0.51%  x(c24_2_c28_2) N  46348  46342     54
  46978 27065        cutoff           4270.0000     4248.2233  2064401    0.51%   x(c31_3_c2_3) U  46978  25539     19
  47676 27352     4255.5399    61     4270.0000     4248.3803  2087210    0.51%  x(c10_1_c15_1) U  47676  47674     37
  48324 27588     4252.0217   125     4270.0000     4248.5218  2111757    0.50%    x(c2_1_c4_1) D  48324  38808     13
  48945 27882     4253.2033   126     4270.0000     4248.6667  2135961    0.50%  x(c10_2_c11_2) D  48945  15965     17
  49645 28146     4259.0643   143     4270.0000     4248.8171  2159116    0.50%  x(c28_1_c24_1) N  49645  15084     20
  50302 28394     4249.0370    72     4270.0000     4248.9969  2181730    0.49%  x(c10_2_c15_2) D  50302  50301     55
  50933 28593    infeasible           4270.0000     4249.1110  2204927    0.49%  x(c15_2_c26_2) D  50933  50931     61
  51549 28739     4250.8654   126     4270.0000     4249.2589  2228905    0.49%    x(c7_2_c8_2) N  51549  35262     27
Elapsed time = 161.31 sec. (331123.58 ticks, tree = 50.24 MB, solutions = 1)
  52224 29039     4254.1008   112     4270.0000     4249.3828  2252618    0.48%  x(c31_2_c26_2) N  52224  46340     22
  52874 29326     4249.5466   123     4270.0000     4249.5204  2276421    0.48%    x(c6_2_c8_2) N  52874  47182     18
  53463 29528     4268.7447    33     4270.0000     4249.6507  2300437    0.48%     x(c17_2_Om) N  53463  44301     43
  54116 29747     4258.1667    90     4270.0000     4249.7931  2323548    0.47%  x(c20_1_c18_1) N  54116  49752     27
  54752 29882     4260.6013   113     4270.0000     4249.9607  2346107    0.47%  x(c24_1_c19_1) D  54752  18134     26
  55358 30127     4256.5781    79     4270.0000     4250.0695  2369953    0.47%   x(c17_2_c2_2) D  55358  49234     20
  55937 30262     4255.5842   110     4270.0000     4250.2113  2393819    0.46%  x(c15_3_c14_3) N  55937  55908     23
  56553 30495     4250.4324    97     4270.0000     4250.3540  2417027    0.46%  x(c15_3_c14_3) D  56553  55260     39
  57200 30765     4250.6641    28     4270.0000     4250.4803  2440040    0.46%     x(c15_3_Om) D  57200  57199     53
  57862 31044     4259.5067    87     4270.0000     4250.5785  2463127    0.45%  x(c14_1_c13_1) D  57862  28155     37
Elapsed time = 178.40 sec. (369334.34 ticks, tree = 54.37 MB, solutions = 1)
  58539 31250        cutoff           4270.0000     4250.6875  2484709    0.45%    x(c2_1_c4_1) D  58539  46752     31
  59165 31368     4253.6344    85     4270.0000     4250.8248  2507234    0.45%  x(c22_3_c34_3) D  59165  58154     46
  59772 31506     4251.0074    98     4270.0000     4250.9712  2529285    0.45%  x(c24_2_c25_2) D  59772  59771     61
* 59855     1      integral     0     4251.0000     4251.0000  2531900    0.00%

Clique cuts applied:  10
Cover cuts applied:  266
Flow cuts applied:  2
Mixed integer rounding cuts applied:  24
Zero-half cuts applied:  11
Gomory fractional cuts applied:  3
User cuts applied:  685

Root node processing (before b&c):
  Real time             =    0.37 sec. (906.72 ticks)
Sequential b&c:
  Real time             =  183.22 sec. (381087.88 ticks)
                          ------------
Total (root+branch&cut) =  183.60 sec. (381994.60 ticks)

