Version identifier: 22.1.0.0 | 2022-03-09 | 1a383f8ce
CPXPARAM_Preprocessing_Reduce                    0
CPXPARAM_Threads                                 1
CPXPARAM_Preprocessing_Reformulations            0
CPXPARAM_Emphasis_MIP                            2
CPXPARAM_TimeLimit                               7200
CPXPARAM_MIP_Tolerances_AbsMIPGap                0.98999999999999999
CPXPARAM_MIP_Limits_TreeMemory                   20000
Legacy callback                                  BbLUID
         Disabling repeat represolve because of lazy constraint/incumbent callback.
1 of 1 MIP starts provided solutions.
MIP start 'm1' defined initial solution with objective 6541.0000.
Tried aggregator 0 times.
Reduced MIP has 3652 rows, 3175 columns, and 18887 nonzeros.
Reduced MIP has 3052 binaries, 0 generals, 0 SOSs, and 0 indicators.
Presolve time = 0.00 sec. (1.02 ticks)
Probing time = 0.00 sec. (2.94 ticks)
Clique table members: 1536.
MIP emphasis: optimality.
MIP search method: traditional branch-and-cut.
Parallel mode: none, using 1 thread.
Root relaxation solution time = 0.01 sec. (12.89 ticks)

        Nodes                                         Cuts/
   Node  Left     Objective  IInf  Best Integer    Best Bound    ItCnt     Gap         Variable B NodeID Parent  Depth

*     0+    0                         6541.0000        0.0000           100.00%
      0     0     6029.7238   138     6541.0000     6029.7238      439    7.82%
      0     0     6280.2765   152     6541.0000      Cuts: 55      678    3.99%
      0     0     6326.8673   125     6541.0000      Cuts: 21      856    3.27%
      0     0     6346.3665   165     6541.0000      Cuts: 10     1003    2.98%
      0     0     6356.5883   136     6541.0000       Cuts: 9     1077    2.82%
      0     0     6356.7578   155     6541.0000       Cuts: 7     1129    2.82%
      0     0     6363.6663   152     6541.0000       Cuts: 3     1158    2.71%
      0     0     6364.1663   150     6541.0000   ZeroHalf: 2     1160    2.70%
      0     0     6364.7662   178     6541.0000   ZeroHalf: 1     1169    2.69%
      0     0     6370.6824   176     6541.0000       Cuts: 3     1195    2.60%
      0     0     6370.6824   179     6541.0000       User: 1     1199    2.60%
      0     2     6370.6824   171     6541.0000     6371.1815     1199    2.60%                        0             0
Elapsed time = 1.71 sec. (4115.19 ticks, tree = 0.01 MB, solutions = 1)
      1     3     6372.1483   148     6541.0000     6372.7483     1230    2.57%     x(Op_c14_1) D      1      0      1
      2     4     6380.9011   190     6541.0000     6372.7483     1673    2.57%     x(Op_c14_1) N      2      0      1
      3     5     6382.8933   148     6541.0000     6372.7483     1804    2.57%  x(c13_5_c35_5) N      3      2      2
      4     6     6383.1491   222     6541.0000     6372.7483     1993    2.57%   x(c9_4_c10_4) N      4      3      3
      5     7     6394.2655   122     6541.0000     6372.7483     2144    2.57%   x(c9_4_c10_4) N      5      3      3
      6     8     6391.6934   247     6541.0000     6372.7483     2211    2.57%    x(c7_5_c5_5) D      6      4      4
      7     9     6391.7303   217     6541.0000     6372.7483     2241    2.57%  x(c32_2_c33_2) N      7      6      5
      8    10     6391.7392   224     6541.0000     6372.7483     2259    2.57%  x(c22_4_c23_4) U      8      7      6
     10    12     6448.4447   168     6541.0000     6372.7483     2505    2.57%  x(c11_4_c10_4) N     10      8      7
     23    25     6392.2804   208     6541.0000     6372.7483     3992    2.57%  x(c29_5_c23_5) D     23     21     16
Elapsed time = 4.14 sec. (10278.47 ticks, tree = 0.19 MB, solutions = 1)
     42    44     6393.3919   203     6541.0000     6372.7483     4971    2.57%  x(c15_4_c13_4) N     42     40     33
     59    61     6394.0687   197     6541.0000     6372.7483     5931    2.57%  x(c28_5_c32_5) N     59     58     47
     91    84     6397.6345   165     6541.0000     6372.7483     6991    2.57%  x(c27_5_c26_5) U     91     90     76
    125   105     6437.0603   198     6541.0000     6376.3483     8863    2.52%  x(c22_4_c23_4) U    125    123     12
    169   129     6438.3024   163     6541.0000     6392.3683    11862    2.27%  x(c12_1_c15_1) N    169     15     12
    182   136     6517.6707   219     6541.0000     6393.7230    16914    2.25%   x(c6_3_c10_3) N    182     44     36
    219   142     6535.1271   150     6541.0000     6406.6824    22787    2.05%    x(c5_1_c8_1) D    219     65     53
    257   175     6486.2591   152     6541.0000     6412.4167    28333    1.97%   x(c9_4_c15_4) U    257     41     33
    321   233     6441.5603   192     6541.0000     6417.2500    34353    1.89%    x(c8_3_c7_3) D    321    319      9
    390   302     6454.6924   145     6541.0000     6419.2500    40249    1.86%    x(c8_2_c3_2) U    390    388     14
Elapsed time = 8.62 sec. (20093.67 ticks, tree = 0.89 MB, solutions = 1)
    453   362     6530.5912   184     6541.0000     6422.1356    46745    1.82%  x(c21_5_c23_5) N    453     61     49
    525   434     6459.2329   121     6541.0000     6424.4515    53260    1.78%    x(c8_2_c3_2) U    525    523     14
    579   488     6431.2432   174     6541.0000     6426.8539    59713    1.75%   x(c10_3_c6_3) D    579    377     14
    646   555     6462.7037   143     6541.0000     6429.1250    66328    1.71%  x(c26_4_c20_4) D    646     13     10
    719   626     6441.5467   192     6541.0000     6432.1132    72754    1.66%  x(c20_2_c19_2) U    719    548      9
    780   685     6530.1907   119     6541.0000     6434.0910    79021    1.63%  x(c26_4_c20_4) U    780    702     27
    840   743     6441.7538    96     6541.0000     6436.4884    86423    1.60%  x(c13_5_c35_5) D    840    587     24
    909   812     6446.5737   178     6541.0000     6438.1046    93380    1.57%  x(c31_3_c28_3) N    909    908     17
   1002   902     6488.1413   115     6541.0000     6439.5283   100636    1.55%   x(c10_3_c6_3) U   1002    736     13
   1063   961     6448.1750    90     6541.0000     6440.6442   107469    1.53%  x(c31_4_c29_4) U   1063    669     21
Elapsed time = 13.56 sec. (29844.83 ticks, tree = 2.55 MB, solutions = 1)
   1148  1044     6469.8847   190     6541.0000     6441.9178   114225    1.51%  x(c21_5_c23_5) D   1148   1038     11
   1245  1141     6447.3126   152     6541.0000     6443.0571   122091    1.50%  x(c17_4_c15_4) U   1245   1098     27
   1347  1243     6444.7391   156     6541.0000     6443.9375   129987    1.48%  x(c20_2_c19_2) D   1347   1346     21
   1440  1333     6448.1044   141     6541.0000     6444.6967   136662    1.47%  x(c20_2_c19_2) D   1440    529      7
   1535  1426     6465.2618   191     6541.0000     6445.3055   144373    1.46%  x(c20_5_c21_5) D   1535   1534      9
   1627  1505     6462.7704   148     6541.0000     6445.5685   149359    1.46%  x(c32_3_c31_3) D   1627   1626     25
   1694  1572     6459.9750   195     6541.0000     6445.9471   155718    1.45%  x(c20_2_c19_2) U   1694   1413     15
   1767  1645     6448.4974   169     6541.0000     6446.6859   162978    1.44%  x(c28_1_c31_1) D   1767   1597     24
   1830  1708     6449.3018   167     6541.0000     6447.3184   170251    1.43%  x(c20_5_c21_5) U   1830   1245     28
   1919  1793     6477.2148   151     6541.0000     6448.0658   178618    1.42%  x(c20_4_c34_4) U   1919   1653     23
Elapsed time = 18.49 sec. (39536.99 ticks, tree = 3.93 MB, solutions = 1)
   2002  1876     6495.0956   179     6541.0000     6448.6624   186460    1.41%  x(c32_2_c33_2) N   2002    362     12
   2078  1952     6474.1756   158     6541.0000     6449.2136   194137    1.40%  x(c23_1_c29_1) U   2078   1820     30
   2140  2008     6449.9111   180     6541.0000     6449.6199   200813    1.40%  x(c20_4_c19_4) D   2140   2139     23
   2207  2072     6472.5151   185     6541.0000     6450.0532   208229    1.39%    x(c8_3_c7_3) D   2207   2205     23
   2290  2151     6515.0490   205     6541.0000     6450.3853   215712    1.39%   x(c8_3_c10_3) U   2290    479     12
   2360  2219     6464.9537   185     6541.0000     6450.8500   223642    1.38%   x(c4_3_c13_3) U   2360   1387     18
   2426  2284     6486.1341   160     6541.0000     6451.3239   231749    1.37%  x(c21_5_c23_5) D   2426   1832     24
   2503  2361     6470.0037   159     6541.0000     6451.8333   239728    1.36%  x(c20_2_c22_2) D   2503   2257     30
   2587  2445     6459.3453   164     6541.0000     6452.3963   247811    1.35%  x(c19_5_c21_5) D   2587    717     21
   2663  2521     6478.0507   104     6541.0000     6452.7549   255619    1.35%  x(c32_3_c31_3) D   2663   2661     23
Elapsed time = 23.49 sec. (49188.94 ticks, tree = 5.55 MB, solutions = 1)
   2760  2614     6455.7080   126     6541.0000     6453.0540   262809    1.34%    x(c6_3_c7_3) D   2760   2759     24
   2854  2707     6466.3966   189     6541.0000     6453.4217   270910    1.34%  x(c31_3_c28_3) D   2854   2853     40
   2936  2782     6455.4205   170     6541.0000     6453.7447   278706    1.33%  x(c14_4_c13_4) U   2936   2552     25
   2999  2845     6460.6204   163     6541.0000     6454.0667   286811    1.33%   x(c9_2_c13_2) N   2999   2998     12
   3079  2925     6471.8563   114     6541.0000     6454.3513   294686    1.32%  x(c31_3_c28_3) D   3079   1281     31
   3146  2992     6530.6448   149     6541.0000     6454.6196   303020    1.32%  x(c26_4_c22_4) U   3146   2846     33
   3215  3059     6472.3871   150     6541.0000     6454.8266   310658    1.32%  x(c32_3_c31_3) D   3215   3213     25
   3313  3155     6505.1027   184     6541.0000     6455.0511   318285    1.31%    x(c4_2_c3_2) U   3313   2316     28
   3399  3241     6480.3063   206     6541.0000     6455.2925   326483    1.31%  x(c19_2_c11_2) U   3399   3398     29
   3474  3313     6481.2205   188     6541.0000     6455.4730   334097    1.31%  x(c32_3_c31_3) D   3474   3472     41
Elapsed time = 28.66 sec. (58912.60 ticks, tree = 7.25 MB, solutions = 1)
   3555  3392     6480.8373   108     6541.0000     6455.6667   341961    1.30%    x(c6_3_c7_3) U   3555   3550     26
   3643  3480     6463.6534   121     6541.0000     6455.8750   350143    1.30%  x(c13_3_c10_3) D   3643   1459     13
   3724  3560     6494.8728   153     6541.0000     6456.0332   357595    1.30%  x(c20_4_c19_4) N   3724   3468     37
   3804  3637     6458.0977   153     6541.0000     6456.1756   365614    1.30%  x(c23_1_c29_1) D   3804   3803     31
   3877  3710     6483.3871   115     6541.0000     6456.3646   373685    1.29%  x(c34_4_c22_4) U   3877   3692     30
   3951  3783     6470.6500   138     6541.0000     6456.5511   381712    1.29%  x(c32_3_c31_3) D   3951   2302     28
   4038  3866     6486.9568   206     6541.0000     6456.7475   390167    1.29%  x(c31_4_c29_4) U   4038   4036     22
   4114  3942     6503.3653   166     6541.0000     6456.9575   398566    1.28%  x(c20_5_c21_5) D   4114   3442     29
   4182  4007     6482.5855   125     6541.0000     6457.1417   406535    1.28%    x(c6_3_c7_3) U   4182   4180     20
   4280  4105     6459.7958   123     6541.0000     6457.3478   414222    1.28%   x(c17_4_c4_4) D   4280   4279     32
Elapsed time = 33.69 sec. (68547.25 ticks, tree = 8.82 MB, solutions = 1)
   4374  4198     6470.9999   122     6541.0000     6457.4455   421621    1.28%  x(c22_3_c34_3) D   4374   4373     48
   4460  4266     6458.9908   126     6541.0000     6457.5477   426670    1.28%  x(c20_1_c24_1) D   4460   4459     33
   4541  4347     6534.2430   150     6541.0000     6457.6740   434284    1.27%  x(c19_4_c22_4) U   4541   3496     27
   4623  4424     6463.0292   193     6541.0000     6457.8377   442240    1.27%    x(c7_3_c5_3) D   4623   2785     25
   4745  4542     6460.8418    80     6541.0000     6458.0085   449621    1.27%    x(c5_4_c4_4) D   4745   4743      8
   4850  4647     6471.8448   156     6541.0000     6458.1033   457525    1.27%  x(c18_5_c20_5) D   4850   1997     26
   4950  4747     6458.4590   181     6541.0000     6458.1692   464939    1.27%    x(c5_1_c8_1) U   4950   4949     30
   5000  4796     6509.9311   107     6541.0000     6458.1995   467990    1.27%    x(c5_4_c7_4) N   5000   4998     26
   5105  4900     6511.8170   155     6541.0000     6458.2845   475370    1.26%  x(c18_5_c20_5) U   5105   1851     33
   5194  4987     6536.0259   174     6541.0000     6458.3936   482813    1.26%  x(c34_4_c11_4) U   5194   5066     37
Elapsed time = 39.00 sec. (78814.39 ticks, tree = 10.32 MB, solutions = 1)
   5283  5072     6459.1746   201     6541.0000     6458.5248   490887    1.26%  x(c31_3_c27_3) U   5283   5282     55
   5373  5160     6535.1844   195     6541.0000     6458.6200   498753    1.26%  x(c26_4_c22_4) U   5373   3672     36
   5425  5199     6459.3160   188     6541.0000     6458.6911   506467    1.26%  x(c31_3_c27_3) U   5425   2810     23
   5495  5266     6492.7516   183     6541.0000     6458.7500   513418    1.26%  x(c28_5_c29_5) D   5495   5083     54
   5547  5313     6476.9803   191     6541.0000     6458.8367   521169    1.26%  x(c34_4_c11_4) N   5547    973     14
   5600  5362     6475.9796   159     6541.0000     6458.9220   527515    1.25%  x(c35_5_c10_5) D   5600   2194     23
   5658  5414     6530.2810    68     6541.0000     6459.0108   535517    1.25%    x(c6_3_c7_3) N   5658   4769     33
   5734  5488     6473.7962   191     6541.0000     6459.1035   543693    1.25%  x(c14_4_c13_4) U   5734   4768     32
   5784  5538     6459.4246   144     6541.0000     6459.1699   551688    1.25%  x(c25_4_c22_4) D   5784   5783     26
   5855  5604     6464.1485   166     6541.0000     6459.2668   559452    1.25%  x(c19_5_c21_5) N   5855    729     14
Elapsed time = 44.06 sec. (88552.41 ticks, tree = 11.39 MB, solutions = 1)
   5917  5663     6511.0406   161     6541.0000     6459.3626   566347    1.25%    x(c9_4_c8_4) U   5917   5027     39
   5986  5729     6477.2141   134     6541.0000     6459.4833   574189    1.25%    x(c6_3_c7_3) U   5986   2430     25
   6000  5741     6488.7994   133     6541.0000     6459.5259   576051    1.25%  x(c25_4_c22_4) D   6000   5118     28
   6090  5814     6521.9781   199     6541.0000     6459.5747   582347    1.24%  x(c10_4_c15_4) U   6090   6088     93
   6154  5857     6485.0161   117     6541.0000     6459.6665   589703    1.24%  x(c24_3_c23_3) U   6154   6152     24
   6221  5914     6477.6060   127     6541.0000     6459.7734   597520    1.24%  x(c32_3_c31_3) D   6221   4070     28
   6276  5967     6504.5211   123     6541.0000     6459.8859   605533    1.24%    x(c9_4_c8_4) N   6276   4462     36
   6337  6026     6474.4024   104     6541.0000     6460.0000   613412    1.24%  x(c10_4_c13_4) U   6337   6335     32
   6400  6089     6460.9645   128     6541.0000     6460.1173   620553    1.24%    x(c4_2_c3_2) D   6400   6399     28
   6704  6371     6470.7437   157     6541.0000     6460.4346   647735    1.23%  x(c21_5_c23_5) U   6704   4061     10
Elapsed time = 50.90 sec. (101865.02 ticks, tree = 13.81 MB, solutions = 1)
   6958  6597     6472.6998   159     6541.0000     6460.8892   678799    1.22%  x(c20_1_c22_1) N   6958   5717     28
   7185  6808     6499.4255   126     6541.0000     6461.2127   709939    1.22%  x(c15_5_c14_5) U   7185   5156     41
   7440  7007     6479.7247   183     6541.0000     6461.6228   741075    1.21%  x(c32_3_c31_3) D   7440   3400     30
   7691  7240     6507.8210   173     6541.0000     6462.0000   771831    1.21%   x(c8_2_c33_2) U   7691   6894     24
   7986  7520     6470.2848   150     6541.0000     6462.3780   802843    1.20%  x(c10_4_c13_4) U   7986   6529     35
   8138  7660     6531.2483   178     6541.0000     6462.5661   819553    1.20%  x(c26_4_c22_4) U   8138   7478     25
   8369  7875     6539.0097   178     6541.0000     6463.0139   849663    1.19%  x(c26_4_c20_4) U   8369   4355     32
   8644  8123     6501.5000   128     6541.0000     6463.3003   880670    1.19%    x(c5_4_c7_4) U   8644   1523     28
   8980  8418     6511.5510   154     6541.0000     6463.5923   905202    1.18%  x(c24_1_c29_1) U   8980   6028     40
   9027  8461     6511.5833    86     6541.0000     6463.6667   911836    1.18%   x(c9_2_c13_2) U   9027   6517     19
Elapsed time = 70.44 sec. (140125.97 ticks, tree = 19.17 MB, solutions = 1)
   9308  8697     6472.5624   181     6541.0000     6464.0237   942004    1.18%    x(c5_1_c8_1) U   9308    485     14
   9615  8978     6464.9096   144     6541.0000     6464.3362   971690    1.17%  x(c28_5_c29_5) D   9615   9614     47
   9925  9269     6465.4167    84     6541.0000     6464.6516  1002128    1.17%   x(c7_3_c30_3) D   9925   9924     20
* 10000+ 9289                         6539.0000     6464.7491             1.14%
  10165  9444     6525.0749   113     6539.0000     6464.9657  1029821    1.13%   x(c13_3_c7_3) U  10165   9316     25
  10437  9693     6527.6475    90     6539.0000     6465.2703  1060971    1.13%   x(c15_3_c4_3) U  10437   9247     27
  10742  9969     6514.8868   128     6539.0000     6465.5538  1091372    1.12%  x(c20_1_c24_1) U  10742  10740     23
  10999 10201     6493.6483   204     6539.0000     6465.8701  1121920    1.12%  x(c19_2_c11_2) U  10999   3085     22
  11273 10444     6466.4844   150     6539.0000     6466.2000  1151470    1.11%  x(c20_5_c21_5) U  11273  10479     14
  11540 10677     6481.7049   128     6539.0000     6466.5083  1182426    1.11%  x(c24_1_c29_1) D  11540  11539     34
  11914 11014     6473.6390   203     6539.0000     6466.7762  1212270    1.10%   x(c27_4_c4_4) D  11914   1894     16
Elapsed time = 90.33 sec. (178365.12 ticks, tree = 23.47 MB, solutions = 2)
  12157 11250     6497.4051   144     6539.0000     6466.9634  1234079    1.10%   x(c5_4_c36_4) U  12157   8946     32
  12414 11482     6469.2601   134     6539.0000     6467.1972  1264014    1.10%   x(c32_3_c3_3) D  12414  12412     33
  12729 11770     6499.7101    92     6539.0000     6467.4405  1293929    1.09%  x(c19_2_c11_2) U  12729   6972     29
  13011 12020     6508.7821   136     6539.0000     6467.6401  1322991    1.09%  x(c28_1_c31_1) U  13011  13009     30
  13260 12233     6476.8747   177     6539.0000     6467.8878  1353315    1.09%  x(c10_4_c13_4) U  13260  10460     26
  13538 12473     6509.5283   198     6539.0000     6468.1524  1381884    1.08%   x(c8_2_c33_2) U  13538  13536     21
  13880 12775     6485.9894   114     6539.0000     6468.4110  1412380    1.08%  x(c20_1_c22_1) U  13880  13878     55
  14167 13042     6492.4595   133     6539.0000     6468.6228  1441740    1.08%  x(c15_3_c26_3) U  14167  12590     25
  14443 13292     6489.0293   194     6539.0000     6468.8453  1471849    1.07%    x(c5_1_c8_1) U  14443   3948     24
  14701 13529     6530.7003   196     6539.0000     6469.0860  1503653    1.07%  x(c32_3_c26_3) U  14701  13768     72
Elapsed time = 110.43 sec. (216680.86 ticks, tree = 29.44 MB, solutions = 2)
  14999 13794     6474.4769   126     6539.0000     6469.2684  1534145    1.07%  x(c23_3_c29_3) U  14999  14998     38
  15222 13995     6509.4495   154     6539.0000     6469.3970  1553733    1.06%  x(c20_4_c34_4) U  15222  15221     15
  15495 14242     6488.5042   149     6539.0000     6469.5741  1584727    1.06%  x(c15_4_c14_4) U  15495  10836     27
  15663 14386     6519.0040   172     6539.0000     6469.7500  1616369    1.06%  x(c26_5_c20_5) U  15663  14857     28
  15827 14517     6484.4162   164     6539.0000     6469.9843  1647935    1.06%    x(c5_1_c8_1) U  15827   9944     39
  16000 14661     6507.3706   169     6539.0000     6470.2074  1678854    1.05%  x(c20_5_c21_5) D  16000   2293     16
  16193 14802     6486.3390   149     6539.0000     6470.4488  1710681    1.05%  x(c14_4_c13_4) N  16193  14654     34
  16372 14932     6488.4827   186     6539.0000     6470.6624  1742857    1.05%  x(c31_3_c24_3) U  16372  14314     30
  16549 15055     6520.4741   116     6539.0000     6470.9174  1775063    1.04%   x(c32_3_c3_3) U  16549  12698     29
  16725 15199     6474.8566   127     6539.0000     6471.1644  1806966    1.04%    x(c7_3_c5_3) U  16725  13039     13
Elapsed time = 131.48 sec. (257779.62 ticks, tree = 32.56 MB, solutions = 2)
  16921 15367     6505.7373   124     6539.0000     6471.3929  1838747    1.03%   x(c7_3_c10_3) U  16921  12753     26
  17113 15508     6505.0190   165     6539.0000     6471.6264  1871663    1.03%   x(c32_3_c3_3) U  17113   7938     31
  17287 15634     6525.1129   173     6539.0000     6471.9606  1903651    1.03%    x(c6_3_c7_3) U  17287   7008     29
  17478 15784     6489.5539   127     6539.0000     6472.1926  1935362    1.02%  x(c28_5_c29_5) D  17478  14004     42
  17655 15915     6524.4890   147     6539.0000     6472.5204  1967862    1.02%  x(c32_3_c28_3) U  17655  15432     47
  17851 16078     6515.6773   142     6539.0000     6472.8333  2000322    1.01%  x(c21_5_c23_5) D  17851  10088     35
  18093 16295     6483.3689   148     6539.0000     6473.0802  2021552    1.01%  x(c35_5_c10_5) U  18093   7660     26
  18360 16534     6489.2273   154     6539.0000     6473.2853  2052203    1.00%    x(c4_2_c3_2) N  18360  10745     35
  18596 16743     6495.7827   165     6539.0000     6473.4783  2083031    1.00%  x(c19_2_c20_2) U  18596   3432     26
  18800 16906     6527.2968   169     6539.0000     6473.7150  2114645    1.00%   x(c32_3_c5_3) U  18800  18643     22
Elapsed time = 151.65 sec. (296170.86 ticks, tree = 36.63 MB, solutions = 2)
  18983 17023     6503.7348   228     6539.0000     6473.9871  2146367    0.99%  x(c20_2_c19_2) U  18983  18414     16
  19151 17147        cutoff           6539.0000     6474.1818  2174530    0.99%  x(c19_2_c11_2) D  19151  18619     64
  19339 17277     6506.4143   164     6539.0000     6474.4334  2205165    0.99%  x(c20_4_c34_4) U  19339  16552     25
  19558 17455     6494.6692   126     6539.0000     6474.6663  2236813    0.98%    x(c5_4_c8_4) U  19558   1823     17
  19780 17645     6474.9173    87     6539.0000     6474.8745  2267860    0.98%  x(c31_3_c27_3) D  19780  19779     24
  20000 17834     6491.5833   113     6539.0000     6475.0895  2293642    0.98%    x(c7_3_c5_3) U  20000  17374     22
  20217 18016     6523.5013   135     6539.0000     6475.3225  2324904    0.97%  x(c24_1_c26_1) U  20217   8523     26
  20431 18167     6477.0659   203     6539.0000     6475.5616  2355473    0.97%  x(c15_4_c17_4) D  20431  20430     11
  20687 18362     6510.7905   170     6539.0000     6475.8050  2386869    0.97%  x(c34_4_c22_4) D  20687   4159     28
  20891 18536     6498.1278   149     6539.0000     6476.0128  2418499    0.96%  x(c20_5_c18_5) D  20891   5519     26
Elapsed time = 172.07 sec. (335411.23 ticks, tree = 40.05 MB, solutions = 2)
  21122 18726     6515.9274    88     6539.0000     6476.2336  2449424    0.96%  x(c15_3_c26_3) U  21122  20973     17
  21385 18946     6490.4172   162     6539.0000     6476.4530  2480402    0.96%  x(c15_3_c28_3) U  21385   7345     33
  21583 19126     6514.5579   154     6539.0000     6476.6336  2512084    0.95%  x(c20_2_c19_2) U  21583   8981     20
  21819 19296     6496.1947   121     6539.0000     6476.8953  2543415    0.95%    x(c7_3_c5_3) D  21819  19583     22
  22000 19414     6496.8679   133     6539.0000     6477.0622  2568784    0.95%  x(c26_5_c11_5) D  22000   3427     34
  22213 19593     6477.5867   144     6539.0000     6477.2807  2600107    0.94%  x(c31_4_c29_4) D  22213  22212     19
  22457 19793     6486.8068   178     6539.0000     6477.5104  2632447    0.94%    x(c7_3_c5_3) D  22457  22455     43
  22684 19993     6505.0344   216     6539.0000     6477.6875  2663720    0.94%  x(c19_2_c11_2) U  22684  17932     20
  22940 20227        cutoff           6539.0000     6477.8918  2694931    0.93%  x(c12_3_c13_3) U  22940  22938     54
  23044 20312     6494.5600   199     6539.0000     6478.0000  2708047    0.93%  x(c20_5_c21_5) D  23044  20625     17
Elapsed time = 192.17 sec. (374676.55 ticks, tree = 43.03 MB, solutions = 2)
  23247 20487     6491.4898   164     6539.0000     6478.1702  2739743    0.93%  x(c23_1_c29_1) N  23247  23246     34
  23506 20716     6491.1601   176     6539.0000     6478.3372  2769972    0.93%  x(c23_1_c29_1) N  23506  17144     29
  23759 20927     6498.9000   162     6539.0000     6478.5383  2801181    0.92%    x(c5_4_c4_4) U  23759    635     18
  23999 21146     6534.3769   162     6539.0000     6478.7232  2832503    0.92%  x(c11_3_c34_3) U  23999  20817     24
  24067 21205     6496.6362   195     6539.0000     6478.7778  2841866    0.92%  x(c34_4_c22_4) N  24067  17511     39
  24311 21384     6480.0245   135     6539.0000     6479.0000  2872265    0.92%  x(c15_3_c32_3) N  24311  24310     56
  24608 21628     6485.7926   112     6539.0000     6479.1277  2902075    0.92%  x(c27_3_c26_3) U  24608   7028     35
  24817 21799     6482.7628   177     6539.0000     6479.2706  2931729    0.91%  x(c14_4_c13_4) D  24817  24815     37
  25062 22002     6495.5701   161     6539.0000     6479.4383  2962574    0.91%  x(c14_4_c13_4) U  25062  23042     22
  25301 22193     6510.6692   102     6539.0000     6479.6000  2993200    0.91%  x(c20_1_c24_1) U  25301   6753     35
Elapsed time = 211.99 sec. (412993.15 ticks, tree = 46.65 MB, solutions = 2)
  25549 22381     6500.7515   167     6539.0000     6479.7641  3024351    0.91%  x(c33_2_c32_2) D  25549  19926     47
  25815 22576     6521.3058   134     6539.0000     6479.9047  3053391    0.90%  x(c35_5_c10_5) D  25815  24362     22
  25997 22707     6529.8856   156     6539.0000     6480.0611  3084872    0.90%   x(c10_4_c9_4) U  25997  24564     45
  26188 22850     6503.0076   173     6539.0000     6480.2246  3116414    0.90%  x(c34_4_c22_4) D  26188  13274     36
  26386 22986     6504.2121   174     6539.0000     6480.3780  3148419    0.90%  x(c15_4_c13_4) U  26386  14995     40
  26568 23109     6529.9512   190     6539.0000     6480.5335  3179833    0.89%   x(c8_2_c33_2) U  26568  18944     24
  26771 23248     6490.5006   130     6539.0000     6480.6793  3210880    0.89%  x(c31_3_c28_3) D  26771  26769     30
  26970 23368     6518.5064   134     6539.0000     6480.8310  3242133    0.89%  x(c20_4_c34_4) U  26970  16623     28
  27006 23394     6487.6797   115     6539.0000     6480.8608  3248370    0.89%  x(c31_3_c28_3) U  27006  27005     30
  27210 23524     6520.1359   234     6539.0000     6481.0000  3279768    0.89%  x(c24_1_c26_1) U  27210  14010     15
Elapsed time = 231.95 sec. (451346.27 ticks, tree = 49.27 MB, solutions = 2)
  27386 23657     6490.3498   134     6539.0000     6481.1544  3311289    0.88%   x(c5_4_c36_4) D  27386  19563     22
  27578 23812     6506.8699   205     6539.0000     6481.3243  3343079    0.88%  x(c21_5_c23_5) U  27578   1866     12
  27780 23939     6527.2423   190     6539.0000     6481.4644  3373277    0.88%  x(c20_4_c34_4) N  27780  17340     19
  27964 24094     6484.6048   178     6539.0000     6481.6293  3404537    0.88%  x(c20_2_c11_2) D  27964  21875     32
  28136 24227     6515.0968   137     6539.0000     6481.7957  3435392    0.87%   x(c9_2_c13_2) U  28136   6124     16
  28318 24354     6516.4842   124     6539.0000     6481.9638  3465842    0.87%   x(c10_4_c9_4) N  28318  22794     29
  28509 24487     6500.1423   182     6539.0000     6482.1637  3497094    0.87%  x(c19_2_c11_2) D  28509  21275     19
  28693 24599     6520.3151   153     6539.0000     6482.3406  3528621    0.87%   x(c32_3_c3_3) U  28693  12947     30
  28880 24734     6516.6266   112     6539.0000     6482.4960  3558695    0.86%  x(c20_5_c18_5) N  28880  28063     34
  29091 24896     6515.6728   139     6539.0000     6482.6765  3589865    0.86%  x(c28_3_c32_3) U  29091  29090     41
Elapsed time = 252.19 sec. (489734.31 ticks, tree = 52.24 MB, solutions = 2)
  29319 25053     6500.7428   175     6539.0000     6482.8857  3620811    0.86%  x(c20_1_c24_1) D  29319   5971     28
  29609 25297     6496.4335   110     6539.0000     6483.0200  3649224    0.86%  x(c10_5_c11_5) N  29609   9909     27
  29813 25464     6521.9796   182     6539.0000     6483.2184  3680655    0.85%  x(c12_1_c11_1) U  29813   3892     17
  30000 25584     6483.8728   142     6539.0000     6483.3986  3710822    0.85%   x(c5_4_c36_4) D  30000  21730     37
  30203 25746     6485.3734   134     6539.0000     6483.5754  3741874    0.85%  x(c31_3_c24_3) D  30203  30201     52
  30434 25911     6531.7879   152     6539.0000     6483.7500  3771840    0.84%  x(c11_5_c20_5) U  30434  30433     30
  30676 26082     6499.3501   159     6539.0000     6483.9418  3802955    0.84%    x(c6_3_c7_3) N  30676  23270     15
  30879 26234     6492.4428   201     6539.0000     6484.1137  3833859    0.84%  x(c21_5_c23_5) U  30879  14893     16
  31112 26426     6506.9332   141     6539.0000     6484.2500  3864243    0.84%  x(c30_2_c32_2) U  31112  31110     85
  31349 26578     6498.0422   185     6539.0000     6484.3826  3895058    0.84%  x(c14_4_c13_4) D  31349  30294     35
Elapsed time = 272.74 sec. (529338.03 ticks, tree = 55.02 MB, solutions = 2)
  31563 26736     6484.5693   166     6539.0000     6484.5385  3925413    0.83%  x(c34_4_c20_4) N  31563  28754     54
  31784 26928     6535.5000   102     6539.0000     6484.6492  3955918    0.83%   x(c32_3_c3_3) N  31784  30960     40
  32000 27058     6498.2209   135     6539.0000     6484.8108  3985157    0.83%  x(c10_4_c13_4) U  32000  20562     31
  32206 27187     6508.6538   134     6539.0000     6484.9880  4015580    0.83%  x(c34_4_c11_4) D  32206  10871     50
  32415 27351     6526.2029   159     6539.0000     6485.1323  4047023    0.82%  x(c32_3_c28_3) U  32415  32413     28
  32632 27522        cutoff           6539.0000     6485.2667  4077437    0.82%  x(c20_4_c34_4) U  32632  17095     35
  32855 27711     6495.0142   193     6539.0000     6485.3706  4107716    0.82%  x(c31_3_c28_3) D  32855  24545     40
  33055 27865     6496.3924   190     6539.0000     6485.5266  4133346    0.82%  x(c23_1_c29_1) U  33055  33054     42
  33258 28000     6500.7390    91     6539.0000     6485.6731  4164261    0.82%  x(c22_4_c23_4) D  33258  24926     32
  33525 28221     6496.5829   115     6539.0000     6485.7755  4193317    0.81%  x(c31_3_c28_3) D  33525  33523     44
Elapsed time = 293.80 sec. (569749.97 ticks, tree = 58.18 MB, solutions = 2)
  33743 28375     6526.9734   167     6539.0000     6485.9135  4224340    0.81%   x(c32_3_c5_3) U  33743  22965     32
  33969 28557     6513.7917   139     6539.0000     6486.0434  4254184    0.81%    x(c7_4_c4_4) D  33969   1191     28
  34028 28602     6513.9869   135     6539.0000     6486.0686  4260759    0.81%   x(c9_4_c10_4) D  34028  16834     26
  34261 28771     6530.5470   170     6539.0000     6486.1922  4291026    0.81%   x(c4_3_c13_3) U  34261  27387     20
  34468 28914     6531.0235   137     6539.0000     6486.3184  4321335    0.81%  x(c20_4_c34_4) U  34468  17445     18
  34712 29091     6521.0959   135     6539.0000     6486.4378  4350808    0.80%    x(c5_1_c8_1) U  34712   2294     28
  34939 29271        cutoff           6539.0000     6486.5522  4381182    0.80%  x(c15_3_c23_3) U  34939  33436     68
  35140 29404     6487.0115   109     6539.0000     6486.6840  4411610    0.80%  x(c20_4_c34_4) D  35140  17055     42
  35354 29554     6529.6063   159     6539.0000     6486.8288  4442173    0.80%  x(c34_4_c22_4) N  35354  17873     17
  35635 29806     6527.7427   182     6539.0000     6486.9287  4470900    0.80%  x(c20_4_c34_4) U  35635  18806     24
Elapsed time = 313.58 sec. (607984.16 ticks, tree = 61.11 MB, solutions = 2)
  35898 30023     6490.7032   130     6539.0000     6487.0208  4501422    0.79%  x(c14_4_c13_4) D  35898  35896     48
  36072 30138     6500.6944   133     6539.0000     6487.1167  4524336    0.79%  x(c11_5_c19_5) N  36072  29419     22
  36294 30307     6505.7465   156     6539.0000     6487.2312  4554188    0.79%  x(c31_4_c27_4) U  36294  35880     31
  36551 30519     6505.9967   150     6539.0000     6487.3389  4583180    0.79%  x(c20_5_c18_5) N  36551  18946     36
  36819 30750     6506.5440   154     6539.0000     6487.4403  4610234    0.79%    x(c7_3_c5_3) D  36819  29017     18
  37000 30889     6514.2881   136     6539.0000     6487.5296  4632956    0.79%   x(c8_2_c33_2) D  37000   6612     28
  37218 31057     6488.5894    48     6539.0000     6487.6419  4662553    0.79%  x(c23_3_c29_3) U  37218  37021     24
  37404 31181     6537.0923   141     6539.0000     6487.7448  4692395    0.78%    x(c5_1_c8_1) D  37404  19240     30
  37643 31375        cutoff           6539.0000     6487.8505  4721119    0.78%   x(c13_3_c6_3) D  37643  33052     41
  37873 31531     6523.4024   159     6539.0000     6487.9517  4750804    0.78%  x(c26_5_c20_5) D  37873  31408     31
Elapsed time = 333.66 sec. (647162.69 ticks, tree = 64.27 MB, solutions = 2)
  38030 31653     6488.1315   134     6539.0000     6488.0101  4770797    0.78%   x(c13_3_c6_3) U  38030  38029     34
  38266 31832     6502.7796   114     6539.0000     6488.1106  4800694    0.78%  x(c24_1_c22_1) N  38266   8569     28
  38473 31984     6503.9301   163     6539.0000     6488.1906  4830091    0.78%  x(c20_4_c34_4) N  38473  15667     21
  38718 32158     6514.7334   160     6539.0000     6488.2820  4858677    0.78%  x(c22_3_c24_3) N  38718   9160     30
  38932 32305     6496.3096   185     6539.0000     6488.3637  4884793    0.77%  x(c18_5_c20_5) D  38932  15527     22
  39026 32359     6518.1733    54     6539.0000     6488.4087  4895999    0.77%  x(c14_5_c13_5) U  39026  37080     24
  39223 32487     6511.4196   174     6539.0000     6488.5128  4926295    0.77%  x(c20_2_c19_2) D  39223  14041     17
  39459 32640     6512.2083   202     6539.0000     6488.6076  4956465    0.77%  x(c34_4_c22_4) N  39459  16663     39
  39676 32783     6488.7365   170     6539.0000     6488.7069  4986508    0.77%  x(c25_4_c22_4) N  39676  33786     21
  39889 32920        cutoff           6539.0000     6488.8082  5016005    0.77%   x(c9_2_c13_2) U  39889  36637     35
Elapsed time = 353.56 sec. (685399.04 ticks, tree = 69.83 MB, solutions = 2)
  40123 33078     6505.2333   139     6539.0000     6488.9185  5045301    0.77%    x(c7_3_c5_3) D  40123  34861     13
  40354 33245     6502.6937   136     6539.0000     6489.0143  5074808    0.76%  x(c20_5_c21_5) N  40354   4336     12
  40711 33557     6489.8541    65     6539.0000     6489.0951  5102424    0.76%    x(c7_5_c5_5) N  40711  40709     33
  41000 33802     6490.1217    50     6539.0000     6489.1616  5129582    0.76%  x(c31_4_c24_4) U  41000  40582     18
  41224 33956     6495.4537   159     6539.0000     6489.2414  5159130    0.76%  x(c23_1_c29_1) D  41224  39153     32
  41454 34107     6518.4162   106     6539.0000     6489.3345  5188249    0.76%  x(c20_2_c11_2) U  41454  41453     26
  41669 34237     6521.2857   130     6539.0000     6489.4142  5217317    0.76%   x(c5_4_c36_4) N  41669  18360     36
  41939 34454     6489.8446    65     6539.0000     6489.5000  5245802    0.76%  x(c15_3_c12_3) D  41939  41938     20
* 42000+32950                         6534.0000     6489.5000             0.68%
* 42000+14414                         6503.0000     6489.5000             0.21%
  42234 14451        cutoff           6503.0000     6489.5633  5261360    0.21%  x(c22_4_c23_4) D  42234  21081     17
  42684 14404     6489.8229    92     6503.0000     6489.7431  5282841    0.20%  x(c19_2_c11_2) N  42684  42683     23
Elapsed time = 373.11 sec. (723767.17 ticks, tree = 31.70 MB, solutions = 4)
  43197 14479     6490.3715   109     6503.0000     6489.8719  5302162    0.20%  x(c12_1_c14_1) N  43197  40768     48
  43655 14516     6491.6818    57     6503.0000     6490.0128  5324621    0.20%  x(c31_4_c29_4) N  43655  29765     12
  44072 14530     6490.5059    65     6503.0000     6490.1477  5347992    0.20%   x(c4_3_c13_3) N  44072  44070     25
  44509 14491        cutoff           6503.0000     6490.2906  5371077    0.20%  x(c14_4_c13_4) U  44509  29683     20
  44969 14424     6494.1354   107     6503.0000     6490.4684  5393571    0.19%   x(c27_4_c4_4) N  44969  27302     23
  45399 14447        cutoff           6503.0000     6490.5847  5416851    0.19%  x(c26_5_c20_5) D  45399  33609     35
  45898 14428     6491.0309   171     6503.0000     6490.7329  5437535    0.19%  x(c22_4_c23_4) N  45898  45896     46
  46441 14432     6491.1226   120     6503.0000     6490.8901  5457785    0.19%  x(c31_3_c27_3) N  46441  44554     44
  46929 14426        cutoff           6503.0000     6491.0368  5478882    0.18%  x(c20_4_c11_4) U  46929  25935     35
  47400 14403        cutoff           6503.0000     6491.1650  5500363    0.18%    x(c7_5_c5_5) D  47400  47398     23
Elapsed time = 391.07 sec. (761958.66 ticks, tree = 31.39 MB, solutions = 4)
  47881 14328     6501.6839   185     6503.0000     6491.3189  5522428    0.18%   x(c4_3_c13_3) N  47881  22157     22
  48385 14295     6491.5078    46     6503.0000     6491.4961  5543562    0.18%  x(c30_2_c32_2) D  48385  47746     29
  48839 14300     6491.6818    66     6503.0000     6491.6116  5566072    0.18%  x(c20_4_c34_4) N  48839  43632     17
  49323 14292     6498.6595   173     6503.0000     6491.7547  5588162    0.17%  x(c20_1_c24_1) N  49323  23247     35
  49847 14196        cutoff           6503.0000     6491.9316  5608962    0.17%  x(c28_1_c31_1) D  49847  23361     50
  50305 14235     6492.0441   140     6503.0000     6492.0426  5632566    0.17%  x(c11_5_c18_5) N  50305  49328     43
  50824 14382     6497.2854   127     6503.0000     6492.1359  5653661    0.17%  x(c31_3_c23_3) N  50824  34104     49
  51325 14406     6493.0814   129     6503.0000     6492.2758  5675860    0.16%  x(c30_2_c32_2) N  51325  50910     36
  51862 14289     6501.1812   179     6503.0000     6492.4641  5696716    0.16%  x(c14_4_c13_4) N  51862  51861     35
  52354 14307     6494.6766   126     6503.0000     6492.5743  5718446    0.16%  x(c31_4_c29_4) N  52354  52353     32
Elapsed time = 408.64 sec. (800183.80 ticks, tree = 31.23 MB, solutions = 4)
  52822 14257     6493.3220   161     6503.0000     6492.7259  5739866    0.16%  x(c22_4_c23_4) N  52822  50433     38
  53370 14173     6492.9692   115     6503.0000     6492.9337  5759864    0.15%  x(c22_4_c23_4) N  53370  52824     32
  53848 14114     6494.0929   154     6503.0000     6493.0828  5782321    0.15%  x(c28_1_c31_1) N  53848  50648     31
  54336 14114     6493.2455   100     6503.0000     6493.2127  5804118    0.15%   x(c4_3_c13_3) N  54336  50904     20
  54828 14098        cutoff           6503.0000     6493.3336  5825733    0.15%  x(c28_5_c29_5) D  54828  36304     44
  55355 14037     6493.4959    61     6503.0000     6493.4747  5845912    0.15%  x(c20_4_c34_4) N  55355  50051     20
  55896 13979     6494.4936   109     6503.0000     6493.6111  5866958    0.14%  x(c15_4_c13_4) N  55896  55894     34
  56438 13882        cutoff           6503.0000     6493.7727  5887379    0.14%  x(c34_4_c22_4) U  56438  18537     23
  56983 13883     6495.0132    82     6503.0000     6493.9082  5907904    0.14%  x(c15_4_c11_4) N  56983  55331     39
  57521 13840     6494.0514    48     6503.0000     6494.0311  5928074    0.14%   x(c13_5_c7_5) N  57521  57520     22
Elapsed time = 425.72 sec. (838371.51 ticks, tree = 30.23 MB, solutions = 4)
  58053 13836        cutoff           6503.0000     6494.1394  5948810    0.14%  x(c32_3_c28_3) U  58053  53020     43
  58587 13707     6494.8696   163     6503.0000     6494.3030  5969442    0.13%    x(c7_3_c5_3) N  58587  45879     21
  59097 13592     6494.4314    91     6503.0000     6494.4316  5987451    0.13%   x(c17_4_c4_4) N  59097  46896     19
  59671 13482     6500.2930    96     6503.0000     6494.5857  6007049    0.13%  x(c31_3_c24_3) N  59671  59669     21
  60245 13370     6495.5560   123     6503.0000     6494.7500  6025868    0.13%   x(c4_3_c13_3) N  60245  40971     26
  60853 13169    infeasible           6503.0000     6494.9359  6044209    0.12%  x(c35_5_c10_5) U  60853  59078     46
  61361 13200        cutoff           6503.0000     6495.0271  6066373    0.12%   x(c13_3_c6_3) D  61361  47265     47
  61883 13230        cutoff           6503.0000     6495.1170  6088165    0.12%    x(c7_3_c5_3) U  61883  45966     15
  62495 13015     6500.8969   171     6503.0000     6495.2934  6107336    0.12%   x(c32_3_c3_3) N  62495  21247     30
  63048 12907     6496.1173   145     6503.0000     6495.4472  6125177    0.12%  x(c15_3_c28_3) N  63048  63046     44
Elapsed time = 442.17 sec. (876570.69 ticks, tree = 28.28 MB, solutions = 4)
  63614 12857     6496.6661    56     6503.0000     6495.5619  6144915    0.11%   x(c4_3_c13_3) N  63614  56367     27
  64217 12761     6499.9887   154     6503.0000     6495.7268  6162824    0.11%   x(c31_3_c3_3) N  64217  63645     38
  64823 12643     6495.9345    82     6503.0000     6495.8893  6180941    0.11%  x(c28_5_c29_5) N  64823  64169     33
  65360 12541     6496.1545   177     6503.0000     6496.0171  6202533    0.11%  x(c18_5_c20_5) N  65360  61842     33
  65983 12464        cutoff           6503.0000     6496.1326  6221956    0.11%  x(c35_5_c10_5) D  65983  53506     41
  66599 12424     6501.0000    18     6503.0000     6496.2850  6239919    0.10%     x(c14_2_Om) N  66599  66496     24
  67111 12325     6497.0874    52     6503.0000     6496.4081  6256852    0.10%  x(c12_3_c27_3) N  67111  64787     62
  67711 12223     6496.9431    94     6503.0000     6496.5453  6275753    0.10%  x(c15_4_c17_4) N  67711  67710     22
  68316 12092     6497.5214   161     6503.0000     6496.6724  6293701    0.10%  x(c28_1_c31_1) N  68316  32508     53
  68970 11899     6496.8407   110     6503.0000     6496.8410  6310185    0.09%  x(c28_1_c31_1) N  68970  68520     36
Elapsed time = 458.11 sec. (914764.21 ticks, tree = 26.39 MB, solutions = 4)
  69600 11761     6497.0000    40     6503.0000     6497.0000  6328659    0.09%  x(c31_4_c29_4) N  69600  67454     18
  70216 11663        cutoff           6503.0000     6497.0933  6348125    0.09%  x(c20_4_c34_4) U  70216  60491     34
  70843 11537        cutoff           6503.0000     6497.2196  6364934    0.09%  x(c20_2_c19_2) U  70843  27191     60
  71238 11422     6497.3276    59     6503.0000     6497.3276  6376043    0.09%  x(c10_4_c13_4) N  71238  64807     23
  71900 11189     6498.0520   176     6503.0000     6497.4799  6394065    0.08%   x(c13_3_c6_3) N  71900  56263     26
  72565 11009     6501.5638   192     6503.0000     6497.6344  6412783    0.08%  x(c23_1_c29_1) N  72565  69998     41
  73255 10842        cutoff           6503.0000     6497.7856  6430488    0.08%   x(c9_2_c11_2) U  73255  55924     28
  73934 10577     6497.9830    45     6503.0000     6497.9816  6447901    0.08%  x(c12_1_c11_1) N  73934  72409     48
  74601 10352    infeasible           6503.0000     6498.1061  6466738    0.08%   x(c5_4_c36_4) U  74601  70228     16
  75316 10045     6498.5895    83     6503.0000     6498.2781  6482976    0.07%  x(c13_5_c35_5) N  75316  47912     21
Elapsed time = 473.67 sec. (952951.78 ticks, tree = 22.75 MB, solutions = 4)
  76032  9817     6498.4746   138     6503.0000     6498.4293  6499259    0.07%  x(c31_4_c29_4) N  76032  76031     27
  76758  9578        cutoff           6503.0000     6498.5831  6516168    0.07%    x(c7_3_c5_3) U  76758  31458     19
  77495  9299     6500.4411   166     6503.0000     6498.7610  6531877    0.07%  x(c20_4_c34_4) N  77495  20617     28
  78233  8959        cutoff           6503.0000     6498.9488  6547509    0.06%   x(c13_3_c6_3) D  78233  49968     21
  78928  8852     6500.4230   132     6503.0000     6499.0136  6566126    0.06%  x(c31_3_c29_3) N  78928  49207     26
  79673  8568     6499.1419    48     6503.0000     6499.1405  6583543    0.06%  x(c28_3_c32_3) N  79673  79613     20
  80434  8147     6499.5174   135     6503.0000     6499.3292  6598514    0.06%  x(c31_4_c27_4) N  80434  78374     45
  81173  7838     6499.5607    42     6503.0000     6499.5000  6614355    0.05%  x(c32_2_c33_2) N  81173  76451     22
  81926  7437        cutoff           6503.0000     6499.6654  6630256    0.05%  x(c12_1_c11_1) U  81926  44758     41
  82725  7018        cutoff           6503.0000     6499.8500  6643799    0.05%   x(c7_3_c10_3) U  82725  79439     27
Elapsed time = 488.41 sec. (991120.66 ticks, tree = 16.84 MB, solutions = 4)
  83514  6620        cutoff           6503.0000     6500.0000  6658115    0.05%    x(c8_2_c3_2) U  83514  57348     17
  84366  6167        cutoff           6503.0000     6500.1390  6672564    0.04%    x(c5_5_c7_5) D  84366  83283     24
  85217  5621     6500.4121   147     6503.0000     6500.3324  6684584    0.04%  x(c22_4_c23_4) N  85217  85216     39
  86047  5128        cutoff           6503.0000     6500.5061  6696895    0.04%  x(c28_3_c32_3) D  86047  86035     22
  86874  4667    infeasible           6503.0000     6500.6795  6708729    0.04%  x(c20_5_c21_5) U  86874  56338     37
  87705  4183     6501.6270    77     6503.0000     6500.8850  6720527    0.03%  x(c15_3_c12_3) N  87705  86796     23
  88548  3782     6501.0081    43     6503.0000     6501.0041  6733057    0.03%  x(c31_4_c29_4) N  88548  88547     17
  89370  3600     6501.0704    55     6503.0000     6501.0704  6747938    0.03%   x(c13_5_c7_5) N  89370  67392     21
  90214  3031        cutoff           6503.0000     6501.2270  6759669    0.03%  x(c11_3_c34_3) N  90214  90213     25
  91133  2279        cutoff           6503.0000     6501.4566  6767928    0.02%  x(c15_3_c12_3) D  91133  90687     24
Elapsed time = 501.82 sec. (1029289.84 ticks, tree = 7.40 MB, solutions = 4)
  92062  1592        cutoff           6503.0000     6501.6347  6776267    0.02%  x(c12_1_c14_1) D  92062  87909     27
  93034   708        cutoff           6503.0000     6501.9167  6782037    0.02%    x(c7_3_c5_3) U  93034  40743     17

Clique cuts applied:  12
Cover cuts applied:  232
Flow cuts applied:  4
Mixed integer rounding cuts applied:  27
Zero-half cuts applied:  11
Gomory fractional cuts applied:  6
User cuts applied:  750

Root node processing (before b&c):
  Real time             =    1.71 sec. (4114.39 ticks)
Sequential b&c:
  Real time             =  503.52 sec. (1037673.64 ticks)
                          ------------
Total (root+branch&cut) =  505.23 sec. (1041788.03 ticks)

