Version identifier: 22.1.0.0 | 2022-03-09 | 1a383f8ce
CPXPARAM_Preprocessing_Reduce                    0
CPXPARAM_Threads                                 1
CPXPARAM_Preprocessing_Reformulations            0
CPXPARAM_Emphasis_MIP                            2
CPXPARAM_TimeLimit                               7200
CPXPARAM_MIP_Tolerances_AbsMIPGap                0.98999999999999999
CPXPARAM_MIP_Limits_TreeMemory                   20000
Legacy callback                                  BbLUID
         Disabling repeat represolve because of lazy constraint/incumbent callback.
1 of 1 MIP starts provided solutions.
MIP start 'm1' defined initial solution with objective 5026.0000.
Tried aggregator 0 times.
Reduced MIP has 998 rows, 817 columns, and 4705 nonzeros.
Reduced MIP has 756 binaries, 0 generals, 0 SOSs, and 0 indicators.
Presolve time = 0.00 sec. (0.26 ticks)
Probing time = 0.00 sec. (1.15 ticks)
Clique table members: 388.
MIP emphasis: optimality.
MIP search method: traditional branch-and-cut.
Parallel mode: none, using 1 thread.
Root relaxation solution time = 0.00 sec. (1.64 ticks)

        Nodes                                         Cuts/
   Node  Left     Objective  IInf  Best Integer    Best Bound    ItCnt     Gap         Variable B NodeID Parent  Depth

*     0+    0                         5026.0000        0.0000           100.00%
      0     0     4092.5670   114     5026.0000     4092.5670      157   18.57%
      0     0     4867.3198   120     5026.0000      Cuts: 42      246    3.16%
      0     0     4980.0000   124     5026.0000      Cuts: 12      294    0.92%
      0     0     4990.0186   124     5026.0000       Cuts: 3      311    0.72%
      0     0     4995.0000   124     5026.0000       Cuts: 3      316    0.62%
      0     0     4997.0000   124     5026.0000       Cuts: 2      326    0.58%
      0     0     4997.0000   124     5026.0000   ZeroHalf: 4      327    0.58%
      0     2     4997.0000   124     5026.0000     4997.0000      327    0.58%                        0             0
Elapsed time = 0.06 sec. (107.52 ticks, tree = 0.01 MB, solutions = 1)
     60    40     4997.5728    81     5026.0000     4997.5728     1174    0.57%    x(c3_1_c5_1) D     60     59     11
    160    94     5004.1999    67     5026.0000     5004.0135     4610    0.44%  x(c11_2_c14_2) D    160    159      8
    370    28     5021.4133    34     5026.0000     5021.3531     7986    0.09%  x(c15_1_c18_1) N    370    219      8

Clique cuts applied:  20
Cover cuts applied:  9
Mixed integer rounding cuts applied:  1
Zero-half cuts applied:  7
Gomory fractional cuts applied:  3
User cuts applied:  61

Root node processing (before b&c):
  Real time             =    0.06 sec. (107.51 ticks)
Sequential b&c:
  Real time             =    0.40 sec. (751.62 ticks)
                          ------------
Total (root+branch&cut) =    0.45 sec. (859.13 ticks)

