Version identifier: 22.1.0.0 | 2022-03-09 | 1a383f8ce
CPXPARAM_Preprocessing_Reduce                    0
CPXPARAM_Threads                                 1
CPXPARAM_Preprocessing_Reformulations            0
CPXPARAM_Emphasis_MIP                            2
CPXPARAM_TimeLimit                               7200
CPXPARAM_MIP_Tolerances_AbsMIPGap                0.98999999999999999
CPXPARAM_MIP_Limits_TreeMemory                   20000
Legacy callback                                  BbLUID
         Disabling repeat represolve because of lazy constraint/incumbent callback.
1 of 1 MIP starts provided solutions.
MIP start 'm1' defined initial solution with objective 16830.0000.
Tried aggregator 0 times.
Reduced MIP has 179 rows, 2688 columns, and 7888 nonzeros.
Reduced MIP has 2688 binaries, 0 generals, 0 SOSs, and 0 indicators.
Presolve time = 0.00 sec. (0.49 ticks)
Probing time = 0.00 sec. (2.72 ticks)
Clique table members: 91.
MIP emphasis: optimality.
MIP search method: traditional branch-and-cut.
Parallel mode: none, using 1 thread.
Root relaxation solution time = 0.00 sec. (1.40 ticks)

        Nodes                                         Cuts/
   Node  Left     Objective  IInf  Best Integer    Best Bound    ItCnt     Gap         Variable B NodeID Parent  Depth

*     0+    0                        16830.0000        0.0000           100.00%
      0     0    11331.5000    18    16830.0000      546.0000      148   96.76%
      0     0    16685.0000    20    16830.0000      Cuts: 26      238    0.86%
      0     0    16726.5000    76    16830.0000      Cuts: 14      283    0.61%
      0     0    16729.0000    60    16830.0000      Cuts: 22      312    0.60%
      0     0    16768.5000    32    16830.0000       Cuts: 9      348    0.37%
      0     0    16776.2500    30    16830.0000       Cuts: 6      377    0.32%
      0     0    16777.6667    40    16830.0000       Cuts: 9      392    0.31%
      0     0    16812.7500    91    16830.0000      Cuts: 13      421    0.10%
      0     0    16814.2500    53    16830.0000      Cuts: 20      434    0.09%
      0     0    16814.5833    76    16830.0000      Cuts: 14      445    0.09%
      0     0    16814.5833    75    16830.0000       Cuts: 7      482    0.09%
      0     0    16814.5833    59    16830.0000       User: 1      483    0.09%
      0     2    16814.5833    59    16830.0000    16815.2500      483    0.09%                        0             0
Elapsed time = 0.31 sec. (708.89 ticks, tree = 0.01 MB, solutions = 1)
     56    51    16823.5000    73    16830.0000    16816.8333     1047    0.08%  x(c33_3_c30_3) N     56     54     38
    120   101    16827.7500    80    16830.0000    16821.5000     1682    0.05%  x(c42_3_c13_3) D    120    119      9
    183   152    16823.5000    53    16830.0000    16823.5000     2986    0.04%  x(c27_3_c42_3) D    183    159     10
    262   207    16823.6667    86    16830.0000    16823.6667     4245    0.04%  x(c29_2_c25_2) D    262     62     44
    335   256    16827.3333   100    16830.0000    16824.0000     5368    0.04%  x(c27_3_c43_3) D    335    180     13
    420   331    16826.0484    84    16830.0000    16824.0000     6206    0.04%  x(c17_3_c34_3) D    420    419     87
    486   383        cutoff          16830.0000    16824.0000     7043    0.04%   x(c9_2_c10_2) U    486    485     54
    560   450    16824.0000   123    16830.0000    16824.0000     8255    0.04%  x(c22_2_c25_2) D    560    559     44
    669   548    16826.0000    59    16830.0000    16824.0000     9528    0.04%   x(c6_3_c10_3) N    669    601     53
    956   760    16828.5000    72    16830.0000    16824.2500    13505    0.03%  x(c23_2_c26_2) U    956    954     70
Elapsed time = 4.55 sec. (3835.21 ticks, tree = 3.69 MB, solutions = 1)
   1210   961    16824.5000    93    16830.0000    16824.5000    17436    0.03%  x(c35_1_c13_1) D   1210     59     41
   1535  1231    16825.4000    79    16830.0000    16824.5000    21332    0.03%   x(c5_3_c32_3) D   1535   1534    103
   1849  1451    16825.0000   115    16830.0000    16824.7500    24774    0.03%  x(c23_2_c36_2) U   1849    829     31
   2107  1656    16828.0227   108    16830.0000    16825.0000    28158    0.03%  x(c41_2_c17_2) N   2107   2106     75
   2326  1830    16825.5000    85    16830.0000    16825.0000    33126    0.03%  x(c37_1_c17_1) U   2326   1592     78
   2538  1983    16826.2500   118    16830.0000    16825.0000    38031    0.03%  x(c35_1_c32_1) U   2538    731     49
   2812  2211    16825.8571   105    16830.0000    16825.0000    42119    0.03%   x(c4_2_c28_2) U   2812    676     28
   3084  2433    16825.3333   130    16830.0000    16825.1000    46524    0.03%  x(c23_2_c25_2) D   3084   3083     23
   3316  2588        cutoff          16830.0000    16825.2500    50674    0.03%  x(c22_2_c25_2) U   3316   3314     25
   3591  2758    16826.9333   118    16830.0000    16825.3333    54959    0.03%   x(c37_1_c6_1) U   3591    689     35
Elapsed time = 12.02 sec. (13399.42 ticks, tree = 16.87 MB, solutions = 1)
   3820  2904    16825.6000   113    16830.0000    16825.5000    58884    0.03%  x(c37_1_c40_1) D   3820   3819     74
   4071  3082    16826.1667    95    16830.0000    16825.5000    62844    0.03%    x(c7_2_c3_2) U   4071   2278     79
   4330  3284    16828.5000    79    16830.0000    16825.5000    66399    0.03%   x(c7_2_c29_2) U   4330   4328     61
   4597  3475    16825.5000    79    16830.0000    16825.5000    70008    0.03%  x(c34_2_c32_2) D   4597    961     51
   4843  3645        cutoff          16830.0000    16825.5000    73778    0.03%  x(c26_2_c25_2) U   4843   3086     47
   5111  3815    16827.0000    50    16830.0000    16825.5000    77510    0.03%    x(c8_2_c3_2) U   5111   5109     75
   5318  3959    16825.8250   125    16830.0000    16825.6250    80697    0.03%   x(c7_2_c29_2) D   5318   5317     78
   5584  4124    16828.5000    88    16830.0000    16825.6667    83950    0.03%      x(c2_1_Om) N   5584   5582     39
   5828  4247        cutoff          16830.0000    16825.7500    86937    0.03%  x(c23_2_c26_2) U   5828   5327     23
   6093  4405    16829.0000    76    16830.0000    16825.8250    90060    0.02%   x(c7_2_c29_2) U   6093   6091     30
Elapsed time = 18.30 sec. (22963.27 ticks, tree = 29.84 MB, solutions = 1)
   6399  4532    16828.0000    97    16830.0000    16825.8333    93493    0.02%   x(c4_2_c28_2) U   6399   5676     54
   6664  4659        cutoff          16830.0000    16825.8788    96675    0.02%   x(c7_2_c29_2) U   6664   3396     54
   6800  4681    16827.5000    75    16830.0000    16826.0000   101313    0.02%   x(c6_3_c37_3) U   6800   1066     57
   6980  4786    16828.5000    64    16830.0000    16826.0000   105220    0.02%   x(c3_2_c25_2) D   6980   6979     50
   7194  4907    16826.3750   118    16830.0000    16826.0000   108770    0.02%    x(c7_2_c3_2) U   7194   2569     43
   7420  5054    16827.2500    90    16830.0000    16826.0000   112310    0.02%    x(c8_2_c3_2) U   7420   3608     46
   7659  5185    16826.0000   105    16830.0000    16826.0000   115779    0.02%  x(c23_2_c36_2) U   7659   3306     47
   7914  5331        cutoff          16830.0000    16826.0000   119225    0.02%   x(c30_2_c3_2) U   7914   5892     72
   8147  5458    16826.1000   130    16830.0000    16826.0000   122813    0.02%  x(c37_1_c40_1) D   8147   8146     35
   8413  5605    16828.7500   105    16830.0000    16826.0000   125943    0.02%  x(c35_1_c32_1) D   8413   8412     63
Elapsed time = 23.03 sec. (32540.32 ticks, tree = 40.09 MB, solutions = 1)
   8672  5733    16828.2000   109    16830.0000    16826.0000   129158    0.02%  x(c30_3_c32_3) D   8672   8670     44
   8930  5860    16827.6333   123    16830.0000    16826.0333   132660    0.02%  x(c18_3_c27_3) D   8930   2084     70
   9140  5959    16828.2500    90    16830.0000    16826.1250   135612    0.02%    x(c8_2_c3_2) U   9140   9138     30
   9408  6070    16826.1667   118    16830.0000    16826.1667   138607    0.02%  x(c30_2_c34_2) D   9408   8370     61
   9658  6167    16826.2500   100    16830.0000    16826.2500   141531    0.02%  x(c23_2_c25_2) D   9658    490     41
   9889  6261    16826.4375   138    16830.0000    16826.2500   144640    0.02%    x(c7_2_c3_2) D   9889   9888     28
  10144  6350    16829.0000   108    16830.0000    16826.2778   147691    0.02%  x(c23_2_c25_2) U  10144    503     29
  10380  6474    16828.5333   125    16830.0000    16826.3333   151152    0.02%  x(c23_2_c25_2) U  10380  10377     32
  10622  6588    16826.4615   107    16830.0000    16826.3571   154345    0.02%  x(c28_1_c40_1) D  10622  10621     32
  10845  6661    16828.5000    66    16830.0000    16826.5000   157064    0.02%  x(c40_1_c27_1) D  10845  10844      8
Elapsed time = 27.69 sec. (42111.27 ticks, tree = 49.45 MB, solutions = 1)
  11071  6725    16828.5000    84    16830.0000    16826.5000   160047    0.02%   x(c4_2_c28_2) U  11071  11069     26
  11298  6813    16828.5000   108    16830.0000    16826.5000   163382    0.02%   x(c4_2_c28_2) U  11298  11296     24
  11526  6913        cutoff          16830.0000    16826.5000   166786    0.02%    x(c7_2_c3_2) U  11526  11238     27
  11756  7011    16826.5000    99    16830.0000    16826.5000   170198    0.02%   x(c3_2_c25_2) U  11756  10721     16
  11991  7104    16829.0000    38    16830.0000    16826.5000   173652    0.02%  x(c28_2_c25_2) U  11991   9686     54
  12226  7180    16826.6667   117    16830.0000    16826.5000   176929    0.02%  x(c23_2_c26_2) D  12226   4446     76
  12465  7236        cutoff          16830.0000    16826.5000   180128    0.02%  x(c30_2_c32_2) U  12465  12463     56
  12707  7329        cutoff          16830.0000    16826.5341   183708    0.02%    x(c7_2_c3_2) U  12707  12700     77
  12914  7363    16826.6250   113    16830.0000    16826.6250   186349    0.02%    x(c8_2_c3_2) D  12914  10706     36
  13142  7401    16827.1667   114    16830.0000    16826.6667   188950    0.02%   x(c3_2_c25_2) U  13142  12313     31
Elapsed time = 32.34 sec. (51677.01 ticks, tree = 56.49 MB, solutions = 1)
  13372  7445        cutoff          16830.0000    16826.7500   191726    0.02%  x(c13_3_c19_3) U  13372   3587     88
  13647  7500    16828.5000    98    16830.0000    16826.7500   194325    0.02%  x(c38_2_c26_2) D  13647  10515     27
  13889  7543        cutoff          16830.0000    16826.8333   196971    0.02%    x(c8_2_c3_2) U  13889  13874     33
  14125  7602    16827.0000    92    16830.0000    16826.8571   199724    0.02%  x(c22_2_c25_2) D  14125  12898     30
  14395  7660    16827.1606   155    16830.0000    16826.9697   202150    0.02%     x(c28_1_Om) D  14395  14394     54
  14531  7699    16827.5000    79    16830.0000    16827.0000   205344    0.02%    x(c6_3_c2_3) U  14531    977     61
  14700  7726    16828.2500    86    16830.0000    16827.0000   208425    0.02%  x(c28_1_c30_1) D  14700  14698     60
  14911  7770        cutoff          16830.0000    16827.0000   211463    0.02%    x(c8_2_c3_2) U  14911  14909     31
  15125  7812    16827.5000   104    16830.0000    16827.0000   214189    0.02%   x(c3_2_c25_2) D  15125   2611     50
  15359  7850    16827.0000    81    16830.0000    16827.0000   216828    0.02%  x(c26_2_c25_2) D  15359   5835     27
Elapsed time = 36.62 sec. (61237.04 ticks, tree = 61.39 MB, solutions = 1)
  15564  7895        cutoff          16830.0000    16827.0000   219371    0.02%    x(c8_2_c3_2) U  15564  15562     44
  15805  7927    16827.8000   115    16830.0000    16827.0000   221950    0.02%   x(c7_2_c29_2) D  15805   2653     59
  16022  7991        cutoff          16830.0000    16827.0000   224849    0.02%  x(c26_2_c39_2) U  16022   8040     50
  16258  8029    16828.2500   100    16830.0000    16827.0000   227442    0.02%    x(c8_2_c3_2) U  16258  16256     39
  16498  8068        cutoff          16830.0000    16827.0000   230202    0.02%    x(c2_1_c7_1) U  16498  16495     70
  16714  8077        cutoff          16830.0000    16827.0000   232884    0.02%   x(c28_1_c2_1) D  16714  14335     65
  16949  8103    16829.0000    70    16830.0000    16827.0000   235417    0.02%  x(c30_2_c32_2) U  16949  16947     79
  17169  8119        cutoff          16830.0000    16827.0000   237896    0.02%  x(c22_2_c25_2) U  17169   9405     32
  17397  8125    16827.1250   131    16830.0000    16827.0000   240459    0.02%  x(c28_1_c40_1) D  17397  17396     43
  17592  8083    16827.1667   121    16830.0000    16827.0833   242964    0.02%  x(c28_1_c30_1) D  17592  17591     61
Elapsed time = 40.90 sec. (70808.67 ticks, tree = 64.41 MB, solutions = 1)
  17803  8078    16827.8342    94    16830.0000    16827.1500   245474    0.02%   x(c30_2_c3_2) D  17803  13015     78
  18035  8123    16827.5000   112    16830.0000    16827.1667   247672    0.02%   x(c4_2_c28_2) D  18035  18034     30
  18250  8129        cutoff          16830.0000    16827.2500   249822    0.02%   x(c2_1_c37_1) U  18250  18198     34
  18476  8159    16828.0000    85    16830.0000    16827.2500   252027    0.02%  x(c26_2_c39_2) D  18476  18475     52
  18735  8181    16827.3333   102    16830.0000    16827.2500   254219    0.02%  x(c22_2_c25_2) D  18735  17927     32
  19004  8247        cutoff          16830.0000    16827.2857   256307    0.02%  x(c28_1_c40_1) U  19004   5869     26
  19230  8281    16827.3333    73    16830.0000    16827.3333   258843    0.02%    x(c7_2_c3_2) D  19230  18116     31
  19462  8277        cutoff          16830.0000    16827.3333   261091    0.02%   x(c30_2_c8_2) U  19462  18783     35
  19690  8276    16827.3750   126    16830.0000    16827.3750   263336    0.02%   x(c7_2_c29_2) D  19690  13667     58
  19918  8252        cutoff          16830.0000    16827.5000   265455    0.01%   x(c2_1_c40_1) U  19918  19916     50
Elapsed time = 44.84 sec. (80371.72 ticks, tree = 67.03 MB, solutions = 1)
  20115  8256    16828.3750    99    16830.0000    16827.5000   267797    0.01%   x(c2_1_c16_1) D  20115  20114     43
  20330  8276    16828.2500    96    16830.0000    16827.5000   270511    0.01%   x(c4_2_c28_2) D  20330  20329     22
  20536  8293        cutoff          16830.0000    16827.5000   272808    0.01%   x(c2_1_c40_1) U  20536  18225     61
  20760  8318    16829.0000    78    16830.0000    16827.5000   275223    0.01%   x(c11_2_c3_2) D  20760  20759     70
  20985  8316        cutoff          16830.0000    16827.5000   277545    0.01%  x(c30_2_c32_2) U  20985  16574     55
  21196  8324    16828.7500   105    16830.0000    16827.5000   279762    0.01%   x(c7_2_c29_2) D  21196  12564     32
  21446  8366        cutoff          16830.0000    16827.5000   282005    0.01%    x(c8_2_c3_2) U  21446  21433     60
  21680  8382        cutoff          16830.0000    16827.5000   283987    0.01%  x(c30_2_c32_2) U  21680  21678     37
  21900  8387    16828.7500    85    16830.0000    16827.5000   286083    0.01%  x(c23_2_c36_2) U  21900  18547     68
  22809  8381    16828.5000    94    16830.0000    16827.6667   294020    0.01%   x(c2_1_c40_1) D  22809  19795     19
Elapsed time = 50.13 sec. (92797.24 ticks, tree = 69.40 MB, solutions = 1)
  23772  8386    16827.7500   100    16830.0000    16827.7500   300922    0.01%  x(c23_2_c36_2) U  23772  11109     30
  24699  8280        cutoff          16830.0000    16827.9000   308887    0.01%  x(c37_1_c40_1) U  24699   8702     79
  25452  8282        cutoff          16830.0000    16828.0000   319645    0.01%   x(c28_1_c2_1) U  25452   9202     48
  26350  8355    16828.2500    87    16830.0000    16828.0000   329879    0.01%  x(c23_2_c36_2) U  26350  11326     65
  27253  8314    16828.1667    72    16830.0000    16828.0000   338372    0.01%   x(c4_2_c28_2) U  27253  27249     58
  28146  8239    16828.5000    93    16830.0000    16828.0000   346446    0.01%   x(c30_1_c6_1) D  28146  28145     62
  29038  8164        cutoff          16830.0000    16828.0000   354576    0.01%  x(c23_2_c36_2) D  29038   7318     34
  29950  7964    16828.0000   111    16830.0000    16828.0000   362032    0.01%  x(c39_2_c43_2) U  29950  29925     53
  30846  7782    16828.2500    62    16830.0000    16828.1923   368950    0.01%   x(c30_2_c7_2) U  30846   7171     53
  31700  7681    16828.6875   131    16830.0000    16828.2500   375777    0.01%    x(c8_2_c3_2) D  31700  31699     56
Elapsed time = 65.21 sec. (130984.90 ticks, tree = 66.45 MB, solutions = 1)

Zero-half cuts applied:  15
User cuts applied:  856

Root node processing (before b&c):
  Real time             =    0.31 sec. (708.88 ticks)
Sequential b&c:
  Real time             =   66.21 sec. (133945.00 ticks)
                          ------------
Total (root+branch&cut) =   66.52 sec. (134653.87 ticks)

