Version identifier: 22.1.0.0 | 2022-03-09 | 1a383f8ce
CPXPARAM_Preprocessing_Reduce                    1
CPXPARAM_Threads                                 1
CPXPARAM_Preprocessing_Reformulations            0
CPXPARAM_Emphasis_MIP                            2
CPXPARAM_TimeLimit                               7200
CPXPARAM_MIP_Tolerances_AbsMIPGap                0.5
CPXPARAM_MIP_Limits_TreeMemory                   26600
Legacy callback                                  BbLUID
         Disabling repeat represolve because of lazy constraint/incumbent callback.
1 of 1 MIP starts provided solutions.
MIP start 'm1' defined initial solution with objective 30058.0000.
Tried aggregator 1 time.
MIP Presolve modified 5142 coefficients.
Reduced MIP has 254 rows, 5266 columns, and 10532 nonzeros.
Reduced MIP has 5266 binaries, 0 generals, 0 SOSs, and 0 indicators.
Presolve time = 0.00 sec. (6.15 ticks)
Probing time = 0.00 sec. (3.39 ticks)
Clique table members: 254.
MIP emphasis: optimality.
MIP search method: traditional branch-and-cut.
Parallel mode: none, using 1 thread.
Root relaxation solution time = 0.00 sec. (2.49 ticks)

        Nodes                                         Cuts/
   Node  Left     Objective  IInf  Best Integer    Best Bound    ItCnt     Gap         Variable B NodeID Parent  Depth

*     0+    0                        30058.0000        0.0000           100.00%
      0     0    27532.5000    82    30058.0000    23655.0000       96   21.30%
      0     0    28252.0000   144    30058.0000      Cuts: 49      167    6.01%
      0     0    28510.0000   178    30058.0000      Cuts: 24      197    5.15%
      0     0    28751.5000   154    30058.0000      Cuts: 28      243    4.35%
      0     0    29477.0000    72    30058.0000      Cuts: 76      295    1.93%
      0     0    29540.0000     8    30058.0000      Cuts: 34      316    1.72%
      0     0    29613.5000   166    30058.0000      Cuts: 17      326    1.48%
      0     0    29613.5000   254    30058.0000   ZeroHalf: 8      342    1.48%
      0     0    29627.0000    78    30058.0000   ZeroHalf: 3      354    1.43%
      0     0    29627.0000   255    30058.0000      Cuts: 23      361    1.43%
      0     0    29627.0000   167    30058.0000      User: 12      380    1.43%
      0     2    29627.0000   167    30058.0000    29627.0000      380    1.43%                        0             0
Elapsed time = 0.43 sec. (593.93 ticks, tree = 0.01 MB, solutions = 1)
      9    11    29689.0000   160    30058.0000    29627.0000      513    1.43%   x(c9_3_c40_3) N      9      7      6
     25    20    29645.6667   180    30058.0000    29627.0000      742    1.43%  x(c48_1_c39_1) D     25     24      3
     56    47    29660.3333   150    30058.0000    29627.0000     1175    1.43%  x(c41_3_c29_3) D     56     54      5
     86    75    29680.5000   186    30058.0000    29656.1667     1838    1.34%      x(Op_c9_3) U     86      6      5
    122   110    29670.9784   230    30058.0000    29669.7500     2561    1.29%  x(c36_2_c30_2) D    122     13     11
    160   148    29682.0375   193    30058.0000    29677.3333     3188    1.27%  x(c32_2_c24_2) D    160     99      6
    202   189    29762.9833   230    30058.0000    29685.0000     4044    1.24%  x(c38_2_c31_2) N    202     60      8
    232   219    29732.7386   272    30058.0000    29688.0789     4969    1.23%    x(c2_3_c4_3) U    232    131     11
    266   252    29729.4333   233    30058.0000    29691.0000     5739    1.22%    x(c2_3_c4_3) U    266    165      9
    426   404    29747.6786   160    30058.0000    29703.0000     9591    1.18%  x(c21_3_c25_3) U    426    422     24
Elapsed time = 3.98 sec. (3827.90 ticks, tree = 3.29 MB, solutions = 1)
    570   540    29729.2708   157    30058.0000    29714.7837    13041    1.14%   x(c2_1_c42_1) D    570    569     14
    717   677    29735.5167   236    30058.0000    29722.4434    16445    1.12%  x(c48_2_c24_2) D    717    716     14
    834   786    29731.8500   137    30058.0000    29728.1875    20178    1.10%  x(c32_1_c48_1) D    834    833     33
    965   910    29758.1667   264    30058.0000    29733.5000    23359    1.08%  x(c34_2_c29_2) N    965    886     12
   1090  1029    29772.7917   261    30058.0000    29740.0000    26723    1.06%  x(c24_1_c42_1) U   1090    453      9
   1225  1161    29871.1667   189    30058.0000    29746.4167    30620    1.04%  x(c32_2_c24_2) N   1225    343      7
   1358  1284    29928.6000    83    30058.0000    29750.8000    34249    1.02%  x(c21_1_c39_1) N   1358   1356     50
   1499  1390    29753.7766   180    30058.0000    29753.9286    37529    1.01%  x(c40_2_c33_2) D   1499   1184     18
   1619  1501    29905.0000   168    30058.0000    29757.2500    41226    1.00%  x(c29_3_c41_3) N   1619   1616     17
   1760  1627    29765.9038   254    30058.0000    29762.0000    45141    0.98%  x(c29_1_c41_1) D   1760   1522     46
Elapsed time = 10.64 sec. (13434.20 ticks, tree = 15.92 MB, solutions = 1)
   1903  1762    29860.5000    82    30058.0000    29765.2846    49111    0.97%   x(c42_1_c2_1) U   1903   1079     20
   2032  1886    29834.6250   150    30058.0000    29769.1538    52558    0.96%   x(c29_2_c2_2) N   2032   1516     16
   2179  2023    29811.4583   188    30058.0000    29772.8000    56178    0.95%   x(c2_3_c26_3) U   2179   1597     15
   2329  2162    29787.1389   214    30058.0000    29776.7333    59637    0.94%  x(c33_2_c20_2) D   2329    268     17
   2460  2277    29817.6319   160    30058.0000    29780.4556    63231    0.92%  x(c39_3_c25_3) D   2460   2458     16
   2593  2401    29783.3651   180    30058.0000    29783.3797    66724    0.91%  x(c21_3_c25_3) D   2593   2434      9
   2730  2523    29804.3566   209    30058.0000    29785.9194    69922    0.91%  x(c39_3_c25_3) U   2730   2729     13
   2874  2653    29995.6250   147    30058.0000    29788.2676    73025    0.90%   x(c29_1_c5_1) U   2874   2872     23
   3016  2775    29869.1667   228    30058.0000    29790.6500    76448    0.89%    x(c2_3_c4_3) U   3016   2644     15
   3144  2887    29792.6875   177    30058.0000    29792.6667    79736    0.88%  x(c29_1_c42_1) D   3144   2909     22
Elapsed time = 17.25 sec. (23014.41 ticks, tree = 30.64 MB, solutions = 1)
   3261  2991    29890.3307   226    30058.0000    29794.5000    83096    0.88%  x(c12_3_c20_3) U   3261   2498     14
   3391  3098    29859.2549   114    30058.0000    29796.3200    86369    0.87%  x(c25_3_c39_3) D   3391   3390     27
   3513  3201    29798.2500    23    30058.0000    29798.3016    89834    0.86%   x(c9_3_c40_3) D   3513   3096     23
   3642  3323    29974.7778   226    30058.0000    29799.8141    92830    0.86%  x(c26_2_c10_2) U   3642   3640     24
   3760  3419    29807.3750   174    30058.0000    29801.3667    96306    0.85%  x(c25_3_c39_3) D   3760   3759     20
   3893  3529    29832.6333   202    30058.0000    29803.2083    99379    0.85%  x(c25_3_c39_3) D   3893   3627     39
   4019  3640    29836.5000   105    30058.0000    29804.2619   102729    0.84%  x(c21_3_c25_3) U   4019   2605     12
   4141  3734    29912.0000    34    30058.0000    29806.0000   106594    0.84%  x(c12_3_c20_3) U   4141   3600     18
   4247  3827    29912.0556   203    30058.0000    29807.3333   110182    0.83%  x(c10_1_c42_1) U   4247   3489     24
   4342  3908    29812.0778   208    30058.0000    29808.6786   113594    0.83%   x(c2_3_c26_3) U   4342   3478     17
Elapsed time = 22.94 sec. (32696.54 ticks, tree = 43.78 MB, solutions = 1)
   4443  4000    30025.0000    18    30058.0000    29810.0000   117007    0.83%  x(c23_3_c21_3) U   4443   4441     36
   4536  4077        cutoff          30058.0000    29811.3750   120340    0.82%  x(c39_1_c24_1) U   4536   3516     27
   4637  4166    29812.9524   218    30058.0000    29812.7778   123446    0.82%  x(c21_3_c25_3) D   4637   2955     12
   4744  4258    29819.2500   112    30058.0000    29814.2500   126361    0.81%   x(c9_3_c40_3) D   4744   1199     17
   4856  4347    29861.4412   188    30058.0000    29815.5000   129500    0.81%   x(c2_1_c26_1) U   4856   4854     17
   4970  4445    29819.7000   174    30058.0000    29817.0833   132373    0.80%  x(c25_3_c39_3) U   4970   4262     18
   5092  4545    29935.5000    66    30058.0000    29818.4486   135444    0.80%  x(c21_1_c13_1) U   5092   5045     43
   5192  4633    29875.1667   167    30058.0000    29819.4792   138827    0.79%   x(c39_3_c5_3) D   5192   2460     17
   5297  4717    29893.7590   205    30058.0000    29820.5000   142147    0.79%   x(c42_1_c2_1) D   5297   5296     16
   5399  4795        cutoff          30058.0000    29821.6806   145775    0.79%  x(c33_2_c36_2) U   5399   5397     19
Elapsed time = 28.70 sec. (42307.70 ticks, tree = 56.28 MB, solutions = 1)
   5496  4876    29859.4082   215    30058.0000    29822.6667   149037    0.78%   x(c29_2_c5_2) D   5496   3291     21
   5623  4980    29949.6500   262    30058.0000    29823.9167   151807    0.78%   x(c39_3_c5_3) U   5623   4843     21
*  5670+ 4682                        30009.0000    29824.5000             0.61%
   5726  4722        cutoff          30009.0000    29825.2500   154669    0.61%   x(c2_1_c42_1) U   5726    628     17
   5824  4802    29972.0000   123    30009.0000    29826.3095   157252    0.61%  x(c11_1_c13_1) U   5824   5822     41
   5920  4866    29827.1000   106    30009.0000    29827.0737   160405    0.61%  x(c32_2_c24_2) D   5920   5919     35
   5995  4914    29932.8095   122    30009.0000    29827.8148   163704    0.60%  x(c11_1_c47_1) U   5995   5345     32
   6111  4999    29829.7130   218    30009.0000    29828.8036   166201    0.60%   x(c34_1_c5_1) D   6111   2248     12
   6192  5049    29987.2500    54    30009.0000    29829.5833   169301    0.60%   x(c29_2_c2_2) U   6192   1375     25
   6278  5096        cutoff          30009.0000    29830.5000   172079    0.59%   x(c24_3_c5_3) U   6278   5507     19
   6384  5175        cutoff          30009.0000    29831.4286   174916    0.59%  x(c29_1_c48_1) U   6384   5262     32
Elapsed time = 33.96 sec. (51941.78 ticks, tree = 62.64 MB, solutions = 2)
   6492  5255    29833.0000    38    30009.0000    29832.2500   177903    0.59%   x(c2_2_c42_2) D   6492   6182     14
   6607  5336    29854.0000    59    30009.0000    29833.0000   180815    0.59%  x(c36_3_c15_3) D   6607   1580     22
   6693  5366        cutoff          30009.0000    29833.5000   184410    0.58%  x(c21_3_c23_3) U   6693   5881     26
   6789  5436    29994.6797   258    30009.0000    29834.2222   187616    0.58%   x(c42_1_c2_1) U   6789   6787     16
   6888  5514    29975.9773   245    30009.0000    29835.0400   190187    0.58%  x(c26_1_c42_1) U   6888   6786     15
   7000  5593    29989.7679   207    30009.0000    29835.9028   193028    0.58%  x(c29_3_c41_3) U   7000   6998     18
   7097  5662    29912.4000   178    30009.0000    29836.5556   195995    0.57%   x(c9_2_c40_2) D   7097   4651     24
   7185  5725    29873.0000    92    30009.0000    29837.0000   198657    0.57%   x(c31_2_c9_2) D   7185    898      8
   7271  5789    29882.0000    80    30009.0000    29837.7286   201743    0.57%   x(c2_2_c42_2) U   7271   5211     20
   7352  5826        cutoff          30009.0000    29838.3605   204911    0.57%  x(c25_1_c34_1) U   7352   5846     52
Elapsed time = 39.33 sec. (61645.38 ticks, tree = 72.56 MB, solutions = 2)
*  7360  5695      integral     0    30000.0000    29838.4091   205002    0.54%
   7463  5773    29839.4545   181    30000.0000    29839.2222   207368    0.54%  x(c24_1_c42_1) D   7463   7462     26
   7568  5847        cutoff          30000.0000    29839.9783   210076    0.53%  x(c32_2_c24_2) U   7568   7566     15
   7654  5911    29910.5000    92    30000.0000    29840.6333   213086    0.53%    x(c2_3_c4_3) D   7654   5732     10
   7730  5952    29896.5833   174    30000.0000    29841.3333   216385    0.53%   x(c2_3_c41_3) D   7730    485     29
   7818  6000        cutoff          30000.0000    29842.0000   219478    0.53%  x(c23_3_c21_3) U   7818   6417     31
   7905  6050    29915.1250   174    30000.0000    29842.7083   222320    0.52%  x(c26_2_c10_2) U   7905    753      7
   7985  6078    29894.0000   186    30000.0000    29843.2838   225156    0.52%  x(c38_2_c31_2) N   7985    213      9
   8093  6146    29960.7222   196    30000.0000    29843.9429   227605    0.52%    x(c2_1_c4_1) U   8093   8091     20
   8208  6220    29876.0000   190    30000.0000    29844.5500   229910    0.52%    x(c2_1_c4_1) D   8208   4901     20
   8298  6278    29943.3333   133    30000.0000    29845.2000   232665    0.52%  x(c20_3_c12_3) U   8298   8296     16
Elapsed time = 44.23 sec. (71262.73 ticks, tree = 80.04 MB, solutions = 3)
   8418  6346    29847.0833   218    30000.0000    29845.8333   234885    0.51%   x(c16_2_c8_2) D   8418   7705     14
   8533  6405    29910.7565   200    30000.0000    29846.5500   237425    0.51%   x(c9_2_c40_2) D   8533   5686     25
   8632  6458    29938.8667   145    30000.0000    29847.2937   240020    0.51%  x(c20_3_c12_3) D   8632   5569     39
   8729  6506        cutoff          30000.0000    29847.8750   243006    0.51%  x(c32_1_c24_1) U   8729   4081     13
   8832  6577    29856.9464   206    30000.0000    29848.4833   245341    0.51%  x(c29_1_c48_1) U   8832    379      7
   8937  6640        cutoff          30000.0000    29848.8750   247924    0.50%   x(c34_1_c5_1) U   8937   8935     10
   9010  6674    29871.6120   181    30000.0000    29849.3333   250843    0.50%  x(c20_3_c12_3) D   9010   8120     16
   9108  6729        cutoff          30000.0000    29849.9375   253568    0.50%   x(c42_2_c2_2) U   9108   7910     24
   9211  6770        cutoff          30000.0000    29850.3000   256248    0.50%   x(c16_2_c8_2) U   9211    344     17
   9316  6820        cutoff          30000.0000    29850.6875   258849    0.50%   x(c2_2_c42_2) U   9316   2336     16
Elapsed time = 49.13 sec. (80835.11 ticks, tree = 88.63 MB, solutions = 3)
   9396  6878        cutoff          30000.0000    29851.1957   262040    0.50%  x(c35_1_c42_1) U   9396   5991     24
   9508  6934    29986.4992   233    30000.0000    29851.9615   264617    0.49%    x(c2_1_c4_1) U   9508   8730     22
   9595  6987    29953.0833   107    30000.0000    29852.5000   267832    0.49%  x(c21_3_c25_3) N   9595   3746     15
*  9665  6268      integral     0    29971.0000    29852.8400   269817    0.39%
   9695  6287    29966.9429   156    29971.0000    29853.0000   270446    0.39%  x(c11_1_c47_1) U   9695   9693     21
   9780  6326    29853.6527   182    29971.0000    29853.5500   273433    0.39%  x(c29_1_c48_1) D   9780   6830     30
   9887  6367    29959.7929   187    29971.0000    29854.2500   276124    0.39%  x(c12_3_c20_3) U   9887   9885     26
   9997  6410    29883.4583   216    29971.0000    29854.9444   278491    0.39%   x(c2_2_c42_2) D   9997   6970     15
  10098  6447        cutoff          29971.0000    29855.5000   280979    0.39%    x(c2_1_c4_1) U  10098   6827     27
  10210  6499    29889.9502   137    29971.0000    29856.1042   283103    0.38%      x(Op_c9_3) U  10210  10160     51
  10634  6693    29969.1250   157    29971.0000    29858.5000   292721    0.38%   x(c39_3_c5_3) U  10634   4965     17
Elapsed time = 55.54 sec. (93316.04 ticks, tree = 89.26 MB, solutions = 4)
  11070  6872    29874.1381   260    29971.0000    29860.8167   302291    0.37%   x(c29_2_c2_2) U  11070   1589     15
  11492  7056        cutoff          29971.0000    29862.8472   312181    0.36%  x(c38_3_c40_3) U  11492   7477     23
  11922  7225    29871.9333   145    29971.0000    29864.9722   321491    0.35%   x(c9_2_c40_2) D  11922   4558     24
  12298  7397    29893.1250   122    29971.0000    29866.7083   331172    0.35%  x(c39_3_c25_3) D  12298  11719     19
  12699  7553    29879.1250   136    29971.0000    29868.3083   341484    0.34%  x(c20_3_c12_3) D  12699   4345     16
  13127  7704        cutoff          29971.0000    29869.9462   350635    0.34%   x(c34_1_c5_1) U  13127  13125     12
  13506  7847        cutoff          29971.0000    29871.2500   360979    0.33%  x(c41_1_c29_1) U  13506   1226     38
  13893  7979        cutoff          29971.0000    29872.8333   371135    0.33%  x(c11_3_c47_3) U  13893   8430     45
  14250  8109    29880.7833   207    29971.0000    29874.2500   381151    0.32%   x(c42_1_c2_1) D  14250  10338     19
  14620  8240    29913.2143   114    29971.0000    29875.8333   390866    0.32%  x(c25_1_c13_1) U  14620  10354     38
Elapsed time = 74.45 sec. (131637.11 ticks, tree = 116.66 MB, solutions = 4)
  14930  8346    29880.1111   134    29971.0000    29877.0000   401583    0.31%   x(c9_3_c40_3) D  14930  11443     26
  15294  8453    29881.2333   234    29971.0000    29878.3333   410494    0.31%   x(c2_3_c10_3) D  15294  11414     22
  15676  8522    29880.2212   239    29971.0000    29879.4325   418439    0.31%   x(c39_3_c5_3) D  15676  10916     25
  16076  8658        cutoff          29971.0000    29880.8333   427389    0.30%  x(c12_3_c20_3) U  16076  14226     23
  16420  8778    29882.4167   119    29971.0000    29882.0833   436958    0.30%  x(c32_1_c24_1) D  16420  15061     31
  16769  8857    29883.9706   196    29971.0000    29883.2727   445394    0.29%   x(c39_3_c5_3) D  16769  15860     14
  17140  8978    29895.3750   170    29971.0000    29884.5357   454372    0.29%  x(c11_3_c40_3) D  17140   5365     21
  17530  9097    29886.6875   147    29971.0000    29885.7167   462479    0.28%  x(c20_3_c12_3) N  17530  17184     40
  17870  9159    29933.3368   226    29971.0000    29886.9103   471233    0.28%  x(c29_3_c41_3) U  17870  11753     22
  18212  9246    29895.6667   134    29971.0000    29888.0000   480127    0.28%  x(c47_3_c11_3) D  18212   8054     17
Elapsed time = 92.76 sec. (169973.02 ticks, tree = 136.51 MB, solutions = 4)
  18605  9345        cutoff          29971.0000    29889.0500   487680    0.27%  x(c21_3_c25_3) U  18605   6133     16
  18987  9436    29911.4211   239    29971.0000    29890.2615   495291    0.27%    x(c2_1_c5_1) D  18987  18014     32
  19358  9524    29892.3056   107    29971.0000    29891.2143   503013    0.27%  x(c47_3_c11_3) D  19358  16445     31
  19728  9576    29899.3611   204    29971.0000    29892.2377   510946    0.26%    x(c2_1_c4_1) D  19728  13445     23
  20068  9646    29927.6905   124    29971.0000    29893.1333   519475    0.26%  x(c25_3_c21_3) N  20068  19335     26
  20440  9729    29926.6071   197    29971.0000    29894.0000   526918    0.26%   x(c2_1_c26_1) U  20440  18917     19
  20780  9795    29896.1333    96    29971.0000    29895.0556   534617    0.25%   x(c29_2_c2_2) D  20780  14144     41
  21134  9877    29939.4817   205    29971.0000    29896.1250   542203    0.25%   x(c41_3_c5_3) D  21134  18164     26
  21471  9962    29904.2593   138    29971.0000    29897.0000   549843    0.25%  x(c25_3_c21_3) U  21471  20384     34
  21875 10055    29901.5111   212    29971.0000    29898.0824   556892    0.24%   x(c9_3_c40_3) D  21875  16754     25
Elapsed time = 110.47 sec. (208299.27 ticks, tree = 153.62 MB, solutions = 4)
  22250 10145    29899.2500    23    29971.0000    29899.2500   564290    0.24%  x(c21_3_c32_3) D  22250   5433     36
  22614 10216        cutoff          29971.0000    29900.2500   571218    0.24%   x(c2_1_c26_1) U  22614   4543     24
  22989 10291    29909.0417   172    29971.0000    29901.1667   577967    0.23%   x(c10_3_c5_3) D  22989  22376     28
* 23278  9198      integral     0    29960.0000    29901.7500   583209    0.19%
  23368  9213    29912.8000   115    29960.0000    29902.0000   584755    0.19%  x(c41_1_c29_1) D  23368   6027     40
  23725  9237    29910.0549   152    29960.0000    29902.9333   591485    0.19%  x(c33_2_c36_2) U  23725  11390     24
  24097  9338    29910.3667   178    29960.0000    29903.8108   598374    0.19%  x(c11_3_c40_3) D  24097   6451     21
  24449  9348        cutoff          29960.0000    29904.5833   605358    0.18%  x(c32_1_c24_1) U  24449   3818     19
  24815  9375    29954.3636   126    29960.0000    29905.4286   612256    0.18%   x(c8_2_c38_2) U  24815  20162     29
  25221  9425        cutoff          29960.0000    29906.2778   618401    0.18%  x(c41_1_c29_1) U  25221  25219     12
  25612  9463    29949.8667   154    29960.0000    29907.2407   624213    0.18%  x(c12_3_c20_3) U  25612  24371     21
Elapsed time = 127.69 sec. (246563.75 ticks, tree = 149.54 MB, solutions = 5)
  25951  9483        cutoff          29960.0000    29908.0000   630937    0.17%   x(c2_1_c26_1) U  25951  24309     19
  26311  9515    29911.0268   182    29960.0000    29908.7500   637711    0.17%  x(c25_3_c39_3) U  26311   4188     20
  26645  9519    29911.0417   161    29960.0000    29909.5000   644772    0.17%  x(c32_2_c24_2) D  26645   8359     13
  26998  9531    29915.8333   109    29960.0000    29910.2500   651629    0.17%  x(c12_1_c47_1) D  26998  23071     33
  27335  9539    29926.7222   247    29960.0000    29910.9583   658001    0.16%   x(c2_1_c42_1) D  27335  13551     25
  27690  9554        cutoff          29960.0000    29911.6667   663619    0.16%  x(c47_3_c23_3) U  27690  24094     39
  28029  9598    29919.0000   165    29960.0000    29912.4333   670046    0.16%   x(c34_1_c5_1) D  28029  15072     16
  28390  9609        cutoff          29960.0000    29913.1667   676254    0.16%  x(c26_1_c42_1) U  28390  21196     31
  28730  9595    29948.2593   171    29960.0000    29914.0000   682668    0.15%  x(c11_3_c47_3) D  28730  20116     25
* 28984  8874      integral     0    29955.0000    29914.5000   687733    0.14%
  29065  8857        cutoff          29955.0000    29914.6667   688539    0.13%   x(c31_3_c9_3) U  29065  22903     68
Elapsed time = 144.32 sec. (284755.50 ticks, tree = 144.24 MB, solutions = 6)
  29383  8837    29922.8571   216    29955.0000    29915.3000   694929    0.13%  x(c38_2_c31_2) U  29383   5186     17
  29704  8778        cutoff          29955.0000    29916.0208   700995    0.13%  x(c25_3_c39_3) U  29704  21003     18
  30039  8734        cutoff          29955.0000    29916.8083   706894    0.13%  x(c20_3_c12_3) U  30039  22202     15
  30390  8707    29947.8571   100    29955.0000    29917.5000   712461    0.13%   x(c9_3_c40_3) D  30390  25577     32
  30749  8643        cutoff          29955.0000    29918.2037   717125    0.12%  x(c32_1_c24_1) U  30749   2161     16
  31090  8596    29937.5000   105    29955.0000    29919.0000   722403    0.12%   x(c25_1_c5_1) D  31090  31089     24
  31457  8525        cutoff          29955.0000    29919.7500   727520    0.12%  x(c11_3_c47_3) U  31457  17919     19
  31801  8451    29920.7931   205    29955.0000    29920.5205   732583    0.12%  x(c12_1_c47_1) D  31801  22420     39
  32173  8357        cutoff          29955.0000    29921.4167   736791    0.11%  x(c34_2_c29_2) D  32173  32172     21
  32535  8267        cutoff          29955.0000    29922.2000   741915    0.11%   x(c9_2_c40_2) D  32535  29149     23
Elapsed time = 160.17 sec. (322934.31 ticks, tree = 138.08 MB, solutions = 6)
  32871  8223    29928.6852   195    29955.0000    29922.9167   747030    0.11%  x(c12_3_c20_3) D  32871  32181     30
  33227  8186        cutoff          29955.0000    29923.6852   752183    0.10%   x(c8_3_c38_3) U  33227  31416     20
  33582  8164    29941.8095   204    29955.0000    29924.4722   757418    0.10%  x(c25_3_c39_3) D  33582  32153     24
  33974  8082        cutoff          29955.0000    29925.1250   762314    0.10%  x(c36_3_c15_3) U  33974  18710     38
  34305  7992        cutoff          29955.0000    29925.8333   768118    0.10%  x(c39_3_c25_3) U  34305  25600     31
* 34355   808      integral     0    29929.0000    29926.0000   769042    0.01%

Cover cuts applied:  4
Zero-half cuts applied:  20
User cuts applied:  1818

Root node processing (before b&c):
  Real time             =    0.43 sec. (594.16 ticks)
Sequential b&c:
  Real time             =  168.25 sec. (343227.40 ticks)
                          ------------
Total (root+branch&cut) =  168.69 sec. (343821.56 ticks)

