Version identifier: 22.1.0.0 | 2022-03-09 | 1a383f8ce
CPXPARAM_Preprocessing_Reduce                    1
CPXPARAM_Threads                                 1
CPXPARAM_Preprocessing_Reformulations            0
CPXPARAM_Emphasis_MIP                            2
CPXPARAM_TimeLimit                               7200
CPXPARAM_MIP_Tolerances_AbsMIPGap                0.98999999999999999
CPXPARAM_MIP_Limits_TreeMemory                   20000
Legacy callback                                  BbD
1 of 1 MIP starts provided solutions.
MIP start 'm1' defined initial solution with objective 3533.0000.
Tried aggregator 1 time.
MIP Presolve modified 3981 coefficients.
Reduced MIP has 4508 rows, 4201 columns, and 20838 nonzeros.
Reduced MIP has 4090 binaries, 0 generals, 0 SOSs, and 0 indicators.
Presolve time = 0.00 sec. (11.17 ticks)
Probing time = 0.00 sec. (3.36 ticks)
Tried aggregator 1 time.
Reduced MIP has 4508 rows, 4201 columns, and 20838 nonzeros.
Reduced MIP has 4090 binaries, 0 generals, 0 SOSs, and 0 indicators.
Presolve time = 0.00 sec. (6.98 ticks)
Probing time = 0.00 sec. (3.37 ticks)
Clique table members: 1895.
MIP emphasis: optimality.
MIP search method: traditional branch-and-cut.
Parallel mode: none, using 1 thread.
Root relaxation solution time = 0.00 sec. (9.79 ticks)

        Nodes                                         Cuts/
   Node  Left     Objective  IInf  Best Integer    Best Bound    ItCnt     Gap         Variable B NodeID Parent  Depth

*     0+    0                         3533.0000        0.0000           100.00%
      0     0     2769.4176   228     3533.0000     2769.4176      400   21.61%
      0     0     3313.5088   213     3533.0000      Cuts: 47      508    6.21%
      0     0     3328.1575   232     3533.0000      Cuts: 15      575    5.80%
      0     0     3331.6487   234     3533.0000       Cuts: 3      585    5.70%
      0     0     3331.6635   239     3533.0000       Cuts: 4      606    5.70%
      0     0     3332.1601   234     3533.0000     Covers: 1      641    5.68%
      0     0     3332.6601   232     3533.0000   ZeroHalf: 1      653    5.67%
      0     0     3333.1601   228     3533.0000    Cliques: 1      655    5.66%
      0     2     3333.1601   228     3533.0000     3334.1601      655    5.63%                        0             0
Elapsed time = 0.40 sec. (960.81 ticks, tree = 0.01 MB, solutions = 1)
      2     4     3340.1622   225     3533.0000     3336.1601      687    5.57%    x(c2_1_c7_1) U      2      0      1
      3     5     3343.1643   231     3533.0000     3336.1601      751    5.57%  x(c42_1_c24_1) U      3      2      2
     21    20     3409.3223   164     3533.0000     3336.1601      880    5.57%  x(c42_3_c25_3) D     21     20     19
     30    26     3357.4565   230     3533.0000     3340.1622     1073    5.46%  x(c40_3_c41_3) D     30     29      7
     53    40     3501.6682   205     3533.0000     3340.1622     1167    5.46%  x(c35_2_c21_2) U     53     51     27
     65    50     3415.2538   184     3533.0000     3365.1431     2050    4.75%  x(c41_3_c25_3) N     65     27      5
     75    58     3488.0174   183     3533.0000     3393.1498     3054    3.96%  x(c10_3_c41_3) U     75     31      9
     95    78     3464.0000   171     3533.0000     3427.2579     4008    2.99%  x(c34_1_c35_1) D     95      6      6
    109    90     3482.9051   199     3533.0000     3443.0038     5290    2.55%  x(c21_1_c34_1) D    109     36     14
    242   212     3465.5823   157     3533.0000     3464.6804    10130    1.93%  x(c35_1_c21_1) D    242    241      8
Elapsed time = 1.81 sec. (4394.22 ticks, tree = 0.54 MB, solutions = 1)
    371   331     3506.5251   211     3533.0000     3470.5548    16107    1.77%  x(c38_3_c15_3) U    371    175      9
    528   485     3509.0187   220     3533.0000     3476.8333    22238    1.59%  x(c38_3_c15_3) U    528    526     10
    739   672     3493.5720   206     3533.0000     3483.5833    28971    1.40%  x(c35_3_c21_3) U    739    661      8
    900   813     3512.0389   155     3533.0000     3485.7142    35513    1.34%  x(c36_1_c21_1) U    900    289     12
   1040   947     3510.5276   166     3533.0000     3488.8446    43201    1.25%  x(c36_1_c21_1) U   1040    475     13
   1190  1083     3501.3528   162     3533.0000     3491.6826    51383    1.17%  x(c21_3_c34_3) U   1190    436      8
   1357  1244     3508.5830   160     3533.0000     3493.1898    57363    1.13%  x(c20_1_c16_1) U   1357   1072     13
   1511  1391        cutoff           3533.0000     3494.1750    64640    1.10%  x(c36_1_c21_1) D   1511    229     10
   1655  1520     3495.0693   147     3533.0000     3494.8333    69322    1.08%  x(c35_1_c18_1) D   1655   1654     44
   1830  1689     3501.1722   176     3533.0000     3495.5000    75034    1.06%  x(c25_3_c23_3) D   1830    688     13
Elapsed time = 5.93 sec. (13997.53 ticks, tree = 3.95 MB, solutions = 1)
   1971  1813     3522.6599   170     3533.0000     3496.3262    82839    1.04%  x(c26_3_c13_3) U   1971   1583     32
   2093  1919     3515.8594   181     3533.0000     3497.1164    91484    1.02%  x(c32_1_c21_1) D   2093    830     19
   2234  2050     3504.5964   197     3533.0000     3498.1667    99980    0.99%  x(c36_1_c21_1) D   2234   1450     15
   2417  2222     3499.5473   144     3533.0000     3499.4538   108324    0.95%      x(c5_3_Om) D   2417   1545     17
   2620  2413     3514.9032   186     3533.0000     3500.3895   116075    0.92%  x(c35_3_c21_3) N   2620    737     14
   2811  2586     3527.8529   146     3533.0000     3501.0678   123362    0.90%  x(c15_1_c20_1) N   2811   2597     24
   2959  2718     3517.3967   187     3533.0000     3501.8055   132610    0.88%  x(c23_3_c25_3) U   2959   1823     18
   3062  2812     3513.8424   156     3533.0000     3502.2140   138755    0.87%  x(c40_3_c41_3) U   3062   1607     11
   3234  2953     3510.4276   196     3533.0000     3502.9526   147129    0.85%  x(c31_1_c35_1) D   3234   2426     12
   3407  3091     3508.3597   152     3533.0000     3503.5568   155301    0.83%   x(c20_1_c7_1) D   3407   1723     17
Elapsed time = 10.15 sec. (23603.34 ticks, tree = 7.18 MB, solutions = 1)
   3592  3259     3510.5873   201     3533.0000     3504.1885   163926    0.82%  x(c35_2_c21_2) U   3592   2433     19
   3761  3400     3511.6397   182     3533.0000     3504.6028   171831    0.80%  x(c40_3_c41_3) N   3761   2591     13
   3963  3581     3517.2330   183     3533.0000     3505.0663   179371    0.79%  x(c20_1_c15_1) U   3963   3961     21
   4157  3751     3514.3591   135     3533.0000     3505.3609   186805    0.78%   x(c20_1_c6_1) U   4157   4144     23
   4362  3934     3512.6452   140     3533.0000     3505.6474   194133    0.77%  x(c35_2_c34_2) U   4362   3294     15
   4550  4101     3509.4305   186     3533.0000     3505.8615   201736    0.77%  x(c20_1_c15_1) U   4550   4548     18
   4740  4269        cutoff           3533.0000     3506.1308   209509    0.76%  x(c33_3_c21_3) U   4740   4453     21
   4958  4464     3514.7931   130     3533.0000     3506.4990   216794    0.75%  x(c39_2_c21_2) D   4958   4957     32
   5000  4497     3513.5106   198     3533.0000     3506.5143   217662    0.75%  x(c35_2_c34_2) U   5000   4009     13
   5185  4664     3509.1204   160     3533.0000     3506.6498   224567    0.75%  x(c10_3_c23_3) U   5185   5086     23
Elapsed time = 14.25 sec. (33175.46 ticks, tree = 10.67 MB, solutions = 1)
   5336  4785     3518.8333   121     3533.0000     3506.8333   231637    0.74%  x(c33_2_c21_2) U   5336    356     14
   5537  4954        cutoff           3533.0000     3507.0254   239016    0.74%  x(c20_1_c15_1) U   5537   4246     26
   5727  5113     3520.0066    75     3533.0000     3507.2770   246868    0.73%  x(c31_1_c35_1) D   5727   5210     25
   5904  5243     3508.6688   171     3533.0000     3507.5000   255266    0.72%  x(c33_3_c21_3) D   5904   5902     18
   6098  5399     3511.4377   190     3533.0000     3507.7222   263624    0.72%  x(c21_2_c36_2) U   6098   5541     22
   6294  5563     3520.4428    73     3533.0000     3507.9167   270891    0.71%  x(c35_1_c32_1) U   6294   5850     23
   6478  5716     3508.0611   173     3533.0000     3508.0611   278054    0.71%  x(c21_3_c34_3) D   6478   4631     16
   6670  5888     3510.9543   152     3533.0000     3508.2693   285667    0.70%  x(c35_2_c34_2) U   6670   2960     22
   6852  6032     3509.3619   180     3533.0000     3508.4905   293510    0.69%  x(c21_2_c36_2) U   6852   6108     18
   7024  6173     3510.6190   139     3533.0000     3508.5859   298760    0.69%  x(c17_1_c15_1) U   7024   7023     21
Elapsed time = 18.47 sec. (42746.79 ticks, tree = 14.02 MB, solutions = 1)
   7231  6349     3515.6814   210     3533.0000     3508.6899   304789    0.69%  x(c35_2_c34_2) U   7231   6719     13
   7444  6506     3513.3573   163     3533.0000     3508.8387   312299    0.68%  x(c35_2_c34_2) U   7444   7443     15
   7614  6638     3528.7583   166     3533.0000     3509.0073   320180    0.68%  x(c35_3_c21_3) U   7614   5102     16
   7791  6782     3509.1360   120     3533.0000     3509.1292   327365    0.68%    x(c3_1_c5_1) D   7791   6541     31
   7998  6958     3524.6667   151     3533.0000     3509.2170   333799    0.67%  x(c36_1_c21_1) D   7998   5798     17
   8143  7064     3509.6811   164     3533.0000     3509.3075   338601    0.67%  x(c18_1_c32_1) U   8143   7322     34
   8290  7170     3509.7044   123     3533.0000     3509.4062   346143    0.67%  x(c26_3_c13_3) D   8290   8289     47
   8479  7329     3509.7068   111     3533.0000     3509.4973   352482    0.67%  x(c19_1_c26_1) D   8479   8478     52
   8683  7503     3530.5630   138     3533.0000     3509.6053   359803    0.66%  x(c35_3_c21_3) U   8683   8598     17
   8851  7634     3510.7050   149     3533.0000     3509.7012   366335    0.66%  x(c15_1_c20_1) N   8851   4795     28
Elapsed time = 22.69 sec. (52328.49 ticks, tree = 17.32 MB, solutions = 1)
   9000  7740     3509.9416   148     3533.0000     3509.7610   371927    0.66%   x(c29_3_c5_3) D   9000   8999     34
   9172  7858     3513.8983   122     3533.0000     3509.8995   379225    0.65%  x(c33_3_c29_3) D   9172   7546     25
   9327  7982     3521.7041   170     3533.0000     3510.0082   386891    0.65%  x(c10_3_c24_3) D   9327   8874     24
   9520  8101     3524.1949   129     3533.0000     3510.1394   394133    0.65%  x(c23_3_c39_3) D   9520   9508     22
   9723  8262     3510.4031   126     3533.0000     3510.2155   401476    0.64%  x(c10_3_c24_3) U   9723   9722     27
   9872  8352     3528.0185   102     3533.0000     3510.3308   409071    0.64%  x(c21_1_c32_1) U   9872   5988     17
  10021  8454     3514.8459   135     3533.0000     3510.4107   414852    0.64%  x(c18_1_c32_1) N  10021   7690     25
  10237  8600     3528.5501   155     3533.0000     3510.5290   422311    0.64%  x(c16_3_c15_3) D  10237   3817     11
  10430  8749     3510.6234   149     3533.0000     3510.6150   429796    0.63%  x(c14_3_c15_3) D  10430   7589     22
  10610  8876     3510.8190   166     3533.0000     3510.7138   437331    0.63%  x(c36_1_c21_1) D  10610   8183     18
Elapsed time = 27.04 sec. (62138.61 ticks, tree = 20.48 MB, solutions = 1)
  10832  9049     3515.0468   127     3533.0000     3510.8246   444075    0.63%    x(c3_1_c5_1) D  10832   7413     29
  11015  9175     3527.4605   106     3533.0000     3510.9303   451385    0.62%  x(c35_1_c30_1) U  11015   8294     42
  11186  9298        cutoff           3533.0000     3511.0422   458914    0.62%  x(c15_1_c16_1) U  11186   4652     34
  11378  9428     3514.8816   168     3533.0000     3511.1377   466124    0.62%  x(c35_2_c34_2) D  11378   2644     23
  11545  9524     3530.8169    93     3533.0000     3511.2339   473962    0.62%  x(c26_3_c13_3) N  11545  10207     44
  11705  9641     3513.5000   155     3533.0000     3511.3408   481179    0.61%  x(c21_1_c36_1) D  11705   3113     17
  11895  9787     3522.2129   154     3533.0000     3511.4244   489263    0.61%  x(c14_3_c38_3) D  11895   6282     38
  12000  9850     3521.8517   121     3533.0000     3511.4736   493510    0.61%    x(c4_1_c5_1) U  12000  11999     27
  12188  9981     3524.5556   167     3533.0000     3511.5802   501262    0.61%  x(c40_3_c41_3) U  12188    790     14
  12397 10143     3511.6544   162     3533.0000     3511.6481   508171    0.60%  x(c34_1_c21_1) U  12397   3265     18
Elapsed time = 31.32 sec. (71851.73 ticks, tree = 23.36 MB, solutions = 1)
  12575 10288     3522.7247   125     3533.0000     3511.7266   515662    0.60%   x(c28_1_c5_1) U  12575  11145     34
  12734 10396     3522.8639   162     3533.0000     3511.8124   523650    0.60%    x(c4_1_c5_1) U  12734  12732     37
  12908 10516     3529.3980   115     3533.0000     3511.8706   531110    0.60%      x(c4_3_Om) U  12908  12906     30
  13070 10593     3520.6934   130     3533.0000     3511.9634   539133    0.60%  x(c35_2_c34_2) D  13070   7469     24
  13232 10683     3521.5237   141     3533.0000     3512.0549   547299    0.59%  x(c18_1_c32_1) D  13232   7651     18
  13372 10771     3530.2471   127     3533.0000     3512.1523   555787    0.59%  x(c15_1_c16_1) U  13372   5631     31
  13524 10862     3527.3864   149     3533.0000     3512.2309   564026    0.59%  x(c35_1_c32_1) U  13524   5805     27
  13690 10964     3516.1791   216     3533.0000     3512.3461   572031    0.58%  x(c34_1_c21_1) D  13690  10907     16
  13870 11089     3512.5695    92     3533.0000     3512.4103   579954    0.58%  x(c32_1_c37_1) D  13870  13869     45
  14030 11180     3513.1917   143     3533.0000     3512.5126   588355    0.58%  x(c14_1_c15_1) D  14030   6586     30
Elapsed time = 35.71 sec. (81470.60 ticks, tree = 25.67 MB, solutions = 1)
  14182 11268     3512.7893   169     3533.0000     3512.5885   596405    0.58%  x(c22_3_c25_3) D  14182  14181     24
  14331 11354     3523.2212   151     3533.0000     3512.6756   604207    0.58%    x(c4_1_c5_1) U  14331  14330     32
  14520 11473     3522.7214   139     3533.0000     3512.7540   612590    0.57%  x(c10_3_c23_3) D  14520   9085     29
  14675 11557     3526.5162   136     3533.0000     3512.8471   620393    0.57%  x(c23_3_c39_3) D  14675  11730     22
  14860 11665     3526.0429   214     3533.0000     3512.9230   627816    0.57%  x(c33_2_c34_2) U  14860  14859     19
  15000 11763     3517.3437   170     3533.0000     3513.0074   634839    0.57%  x(c25_3_c22_3) D  15000   6728     13
  15173 11877     3530.0499   141     3533.0000     3513.0850   643100    0.56%  x(c21_3_c32_3) N  15173  11337     22
  15349 11998     3524.9352   146     3533.0000     3513.1653   650448    0.56%  x(c33_3_c21_3) D  15349  10725     20
  15519 12098        cutoff           3533.0000     3513.2460   658512    0.56%  x(c33_3_c21_3) D  15519   8818     36
  16000 12407     3513.4761   118     3533.0000     3513.4479   680132    0.55%  x(c29_3_c31_3) N  16000  15999     37
Elapsed time = 42.02 sec. (95738.00 ticks, tree = 28.46 MB, solutions = 1)
  16658 12821     3525.4094   145     3533.0000     3513.7371   711524    0.55%  x(c23_3_c25_3) U  16658  15921     28
  17064 13057        cutoff           3533.0000     3513.9148   731288    0.54%  x(c23_3_c39_3) D  17064  17063     16
  17767 13496     3523.0880   200     3533.0000     3514.1789   763056    0.53%  x(c21_1_c32_1) U  17767  12502     29
  18471 13919     3515.2308   118     3533.0000     3514.4333   791006    0.53%  x(c10_1_c41_1) U  18471  16453     28
  19089 14261        cutoff           3533.0000     3514.6950   818916    0.52%  x(c20_1_c15_1) U  19089   3184     17
  19787 14613     3525.4609   159     3533.0000     3515.0042   850452    0.51%  x(c23_3_c25_3) U  19787  11798     18
  20488 14957     3524.6190   125     3533.0000     3515.2933   881738    0.50%  x(c36_1_c21_1) D  20488  13713     14
  21226 15244     3522.8384   152     3533.0000     3515.6167   910330    0.49%  x(c18_1_c32_1) D  21226  12191     19
  22003 15560     3526.9229   157     3533.0000     3515.9413   940758    0.48%  x(c10_3_c24_3) D  22003  10427     24
  22756 15895     3519.8953   136     3533.0000     3516.2386   970171    0.47%  x(c32_3_c21_3) D  22756  13013     27
Elapsed time = 58.73 sec. (133917.75 ticks, tree = 36.28 MB, solutions = 1)
  23537 16215     3521.5051   148     3533.0000     3516.5500  1001097    0.47%  x(c18_1_c32_1) N  23537  10508     15
  24382 16608     3516.9315   141     3533.0000     3516.8667  1031463    0.46%  x(c18_1_c32_1) D  24382  24381     31
  25251 17013     3530.2229   145     3533.0000     3517.1248  1062323    0.45%  x(c42_1_c24_1) D  25251  15294     34
  26096 17423     3530.7872   132     3533.0000     3517.3748  1091901    0.44%  x(c33_3_c39_3) N  26096   8923     33
  26985 17857        cutoff           3533.0000     3517.6016  1120145    0.44%   x(c18_1_c8_1) D  26985  17388     26
  27891 18331     3518.9336    74     3533.0000     3517.8401  1149222    0.43%  x(c18_1_c32_1) U  27891  21076     27
  28771 18743     3518.5039   142     3533.0000     3518.0575  1177669    0.42%  x(c42_1_c24_1) U  28771  19495     23
  29621 19064        cutoff           3533.0000     3518.2790  1205030    0.42%    x(c7_1_c8_1) U  29621  25595     45
  30442 19381     3519.6915   189     3533.0000     3518.5000  1233286    0.41%  x(c35_2_c34_2) U  30442  10515     14
  31177 19730        cutoff           3533.0000     3518.6806  1261604    0.41%    x(c5_3_c2_3) D  31177  11146     34
Elapsed time = 75.04 sec. (172099.75 ticks, tree = 45.56 MB, solutions = 1)
  31964 20098     3529.8941   216     3533.0000     3518.8852  1290564    0.40%  x(c35_2_c33_2) U  31964   8526     23
  32780 20450     3519.2634   115     3533.0000     3519.0954  1319382    0.39%  x(c38_3_c32_3) N  32780  31946     47
  33578 20720     3527.9271   112     3533.0000     3519.3025  1346836    0.39%   x(c28_1_c5_1) U  33578  29557     36
  34436 21079     3528.3997   160     3533.0000     3519.5000  1373722    0.38%  x(c35_3_c21_3) D  34436   3236     18
  35295 21461     3519.8186   122     3533.0000     3519.6789  1401023    0.38%  x(c42_1_c26_1) D  35295  35294     29
  36114 21826     3521.4992   168     3533.0000     3519.8759  1428886    0.37%  x(c18_1_c32_1) D  36114  12082     27
  36980 22198     3521.0773   189     3533.0000     3520.0583  1456144    0.37%  x(c21_2_c33_2) D  36980  36978     25
  37691 22440     3520.3646    77     3533.0000     3520.2066  1477030    0.36%  x(c32_1_c37_1) D  37691  36018     41
  38557 22751        cutoff           3533.0000     3520.3924  1503829    0.36%    x(c4_1_c5_1) U  38557  38556     32
  39461 23100     3522.3401   133     3533.0000     3520.5569  1529445    0.35%  x(c21_2_c36_2) N  39461  19678     22
Elapsed time = 90.98 sec. (210277.64 ticks, tree = 53.11 MB, solutions = 1)
  40337 23423     3520.7831    88     3533.0000     3520.7137  1555049    0.35%  x(c35_1_c36_1) D  40337  39412     33
  41242 23739     3521.7666   153     3533.0000     3520.8918  1581505    0.34%  x(c17_1_c15_1) D  41242  36368     24
  42000 24042     3524.4489   163     3533.0000     3521.0149  1602977    0.34%  x(c17_1_c15_1) U  42000  41998     27
  42899 24375     3523.0141   139     3533.0000     3521.1801  1627237    0.33%    x(c4_1_c5_1) D  42899  42897     31
  43820 24704     3528.3450   131     3533.0000     3521.3450  1653179    0.33%    x(c4_1_c5_1) U  43820  43819     28
  44725 24978     3525.5000   165     3533.0000     3521.5000  1677908    0.33%  x(c23_3_c39_3) U  44725  13542     16
  45590 25225     3530.3841   102     3533.0000     3521.6476  1703579    0.32%  x(c13_1_c11_1) U  45590  45588     39
  46532 25441     3525.7205   167     3533.0000     3521.8062  1729134    0.32%  x(c23_3_c39_3) N  46532  31913     15
  47278 25682        cutoff           3533.0000     3521.9167  1748173    0.31%  x(c21_1_c35_1) U  47278   3475     17
  48190 25935     3522.1299   179     3533.0000     3522.0524  1773365    0.31%  x(c17_1_c15_1) N  48190  47208     22
Elapsed time = 106.68 sec. (248747.27 ticks, tree = 59.63 MB, solutions = 1)
  49097 26166     3530.7205   125     3533.0000     3522.1982  1797760    0.31%  x(c21_3_c32_3) D  49097  49095     31
  49999 26370     3522.3857   221     3533.0000     3522.3479  1822018    0.30%  x(c23_3_c39_3) D  49999  42316     18
  50941 26594     3529.0000   164     3533.0000     3522.5000  1845606    0.30%  x(c18_1_c32_1) D  50941  24829     13
  51824 26722     3523.8915   121     3533.0000     3522.6416  1870339    0.29%  x(c23_3_c39_3) N  51824  42636     15
  52730 26851     3526.6515   114     3533.0000     3522.7841  1893851    0.29%  x(c30_1_c23_1) U  52730  52729     40
  53498 27012     3522.9354   144     3533.0000     3522.9038  1914560    0.29%    x(c5_1_c7_1) N  53498  47071     19
  54437 27198     3529.3332   168     3533.0000     3523.0459  1939193    0.28%  x(c21_3_c32_3) D  54437  20056     20
  55399 27430     3525.4746   148     3533.0000     3523.2014  1962511    0.28%  x(c33_3_c21_3) N  55399  53367     24
  56094 27551     3527.4720   185     3533.0000     3523.3177  1979200    0.27%  x(c17_1_c15_1) U  56094  48592     25
  57021 27739     3523.5168   149     3533.0000     3523.4378  2001642    0.27%  x(c34_1_c21_1) N  57021  40974     13
Elapsed time = 121.92 sec. (286928.01 ticks, tree = 63.68 MB, solutions = 1)
  57961 27959     3523.6140    94     3533.0000     3523.5658  2024315    0.27%  x(c21_1_c36_1) U  57961  57960     44
  58918 28084     3531.2500    75     3533.0000     3523.6970  2046540    0.26%    x(c5_1_c7_1) U  58918  25586     24
  59792 28164     3531.5983   108     3533.0000     3523.8332  2067503    0.26%  x(c12_3_c11_3) N  59792  22876     30
  60725 28310        cutoff           3533.0000     3523.9428  2088847    0.26%  x(c16_3_c15_3) U  60725  33667     21
  61650 28409     3524.2222   149     3533.0000     3524.0556  2110993    0.25%  x(c34_1_c21_1) U  61650  56965     23
  62600 28518     3527.1835   147     3533.0000     3524.1782  2131993    0.25%  x(c35_2_c34_2) D  62600  56900     19
  63576 28633        cutoff           3533.0000     3524.3068  2153164    0.25%  x(c21_2_c36_2) U  63576  26934     26
  64357 28773        cutoff           3533.0000     3524.3970  2173130    0.24%  x(c16_3_c15_3) D  64357  44477     23
  65344 28952     3526.0180   139     3533.0000     3524.5097  2194021    0.24%  x(c20_1_c16_1) D  65344  65342     22
  66026 29042     3525.6037   202     3533.0000     3524.5869  2210281    0.24%  x(c18_1_c32_1) N  66026  21152     13
Elapsed time = 136.96 sec. (325101.09 ticks, tree = 66.79 MB, solutions = 1)
  66984 29220     3524.7305   107     3533.0000     3524.7008  2231354    0.23%  x(c21_1_c32_1) D  66984  66983     33
  67976 29281     3524.8200   107     3533.0000     3524.8201  2250961    0.23%  x(c33_2_c21_2) N  67976  38577     21
  68939 29371     3524.9207   125     3533.0000     3524.9206  2271599    0.23%  x(c15_1_c16_1) D  68939  64981     38
  69931 29445     3525.0592   152     3533.0000     3525.0283  2291729    0.23%    x(c4_1_c5_1) D  69931  54852     23
  70947 29452        cutoff           3533.0000     3525.1474  2310328    0.22%  x(c20_1_c16_1) U  70947  37643     30
  71902 29454        cutoff           3533.0000     3525.2535  2330367    0.22%    x(c4_1_c7_1) U  71902  69079     33
  72668 29486     3531.9722   128     3533.0000     3525.3473  2347665    0.22%  x(c15_1_c16_1) U  72668  72667     24
  73652 29501     3525.5076   117     3533.0000     3525.4557  2366554    0.21%  x(c35_1_c30_1) N  73652  73651     23
  74567 29480     3531.6949    94     3533.0000     3525.5516  2387284    0.21%  x(c31_3_c29_3) N  74567   8611     49
  75568 29433     3531.8636    76     3533.0000     3525.6637  2406401    0.21%  x(c17_1_c15_1) N  75568  48790     28
Elapsed time = 151.66 sec. (363273.42 ticks, tree = 67.80 MB, solutions = 1)
  76537 29429        cutoff           3533.0000     3525.7600  2425558    0.20%  x(c35_1_c30_1) U  76537  76527     38
  77341 29420        cutoff           3533.0000     3525.8480  2441599    0.20%   x(c5_1_c19_1) N  77341  33374     40
  78287 29313     3528.7232   106     3533.0000     3525.9618  2459027    0.20%  x(c33_3_c29_3) N  78287  75660     31
  79269 29272     3529.3723   124     3533.0000     3526.0658  2479192    0.20%  x(c21_2_c33_2) D  79269  79268     22
  80195 29107     3526.1741   190     3533.0000     3526.1741  2499220    0.19%  x(c17_1_c15_1) D  80195  58420     25
  81134 29065     3526.2874   132     3533.0000     3526.2826  2517464    0.19%    x(c5_1_c2_1) N  81134  34743     31
  82070 28879     3527.3836   138     3533.0000     3526.3856  2535920    0.19%  x(c42_1_c24_1) N  82070  66834     35
  82989 28784        cutoff           3533.0000     3526.4993  2553902    0.18%   x(c20_1_c6_1) U  82989  57147     21
  83930 28688     3526.6483   146     3533.0000     3526.5851  2572278    0.18%  x(c21_2_c33_2) N  83930  73597     22
  84921 28612     3529.0317   160     3533.0000     3526.6864  2590376    0.18%  x(c23_3_c39_3) N  84921  42362     14
Elapsed time = 166.25 sec. (401458.99 ticks, tree = 66.09 MB, solutions = 1)
  85657 28481     3531.2778   135     3533.0000     3526.7593  2603721    0.18%  x(c18_1_c32_1) D  85657  23271     18
  86638 28311        cutoff           3533.0000     3526.8588  2620871    0.17%  x(c17_1_c15_1) U  86638  66875     27
  87596 28103        cutoff           3533.0000     3526.9646  2637970    0.17%   x(c18_1_c8_1) D  87596  77694     27
  88462 27869     3527.2507    84     3533.0000     3527.0585  2654588    0.17%  x(c11_1_c26_1) U  88462  88461     28
  89045 27706     3527.6124   146     3533.0000     3527.1335  2665070    0.17%  x(c21_2_c36_2) N  89045  35960     24
  89950 27453     3527.2960   111     3533.0000     3527.2298  2682366    0.16%  x(c33_3_c21_3) N  89950  89115     48
  90847 27197        cutoff           3533.0000     3527.3368  2698881    0.16%  x(c35_1_c32_1) U  90847  33947     25
  91802 26993     3527.4357   146     3533.0000     3527.4295  2716139    0.16%  x(c16_3_c15_3) D  91802  81510     27
  92791 26708     3527.5392   127     3533.0000     3527.5301  2733045    0.15%  x(c21_2_c33_2) D  92791  92790     19
  93724 26449     3528.5162   141     3533.0000     3527.6269  2750281    0.15%  x(c22_3_c25_3) N  93724  92543     23
Elapsed time = 180.86 sec. (439634.74 ticks, tree = 61.37 MB, solutions = 1)
  94667 26204        cutoff           3533.0000     3527.7072  2767047    0.15%    x(c5_1_c2_1) U  94667  30956     40
  95632 25885     3527.8115    90     3533.0000     3527.8113  2782420    0.15%  x(c20_1_c16_1) N  95632  62278     30
  96624 25558     3528.0172   153     3533.0000     3527.9064  2797826    0.14%    x(c5_1_c7_1) N  96624  82226     34
  97614 25182     3531.0572   145     3533.0000     3528.0106  2814303    0.14%  x(c32_3_c21_3) N  97614  94335     31
  98523 24811     3528.1445   139     3533.0000     3528.1084  2829770    0.14%  x(c21_2_c33_2) N  98523  67177     23
  99439 24408     3530.6675    84     3533.0000     3528.2016  2845200    0.14%  x(c22_1_c40_1) N  99439  96942     40
 100356 23972     3529.9899   115     3533.0000     3528.3087  2860269    0.13%  x(c31_3_c29_3) N 100356 100354     40
 101241 23589     3528.5070   129     3533.0000     3528.3931  2875588    0.13%  x(c16_1_c17_1) N 101241  68632     28
 102149 23252     3529.0431   143     3533.0000     3528.4920  2889647    0.13%  x(c22_3_c25_3) N 102149  95140     19
 103106 22799     3531.4077   109     3533.0000     3528.5848  2905429    0.12%    x(c5_1_c7_1) D 103106  29619     38
Elapsed time = 195.46 sec. (477821.60 ticks, tree = 53.31 MB, solutions = 1)
 104080 22368     3528.8028   157     3533.0000     3528.6818  2920735    0.12%  x(c22_3_c25_3) N 104080  46687     26
 105027 21883        cutoff           3533.0000     3528.7867  2934424    0.12%  x(c20_1_c15_1) U 105027   7149     22
 106021 21426     3528.8991   144     3533.0000     3528.8798  2949259    0.12%   x(c28_1_c5_1) N 106021 106020     32
 106952 20914     3528.9933   116     3533.0000     3528.9933  2962935    0.11%  x(c35_1_c34_1) N 106952  99089     26
 107929 20315        cutoff           3533.0000     3529.0940  2976225    0.11%  x(c35_3_c39_3) D 107929 107928     41
 108900 19728        cutoff           3533.0000     3529.2020  2989710    0.11%  x(c19_3_c12_3) D 108900 108899     33
 109878 19162        cutoff           3533.0000     3529.3111  3002356    0.10%  x(c29_3_c31_3) D 109878  18590     45
 110869 18572     3529.6186   104     3533.0000     3529.4013  3015724    0.10%  x(c13_1_c11_1) N 110869 110868     35
 111843 17962        cutoff           3533.0000     3529.5079  3029191    0.10%  x(c10_3_c24_3) U 111843  49945     19
 112817 17380        cutoff           3533.0000     3529.6107  3042219    0.10%   x(c3_3_c29_3) U 112817  99035     33
Elapsed time = 209.80 sec. (515985.22 ticks, tree = 41.07 MB, solutions = 1)
 113818 16749     3530.1370   154     3533.0000     3529.7048  3054566    0.09%  x(c23_3_c39_3) N 113818  72672     23
 114814 16139     3529.9001   122     3533.0000     3529.8084  3066801    0.09%  x(c36_2_c34_2) N 114814  68199     27
 115811 15490        cutoff           3533.0000     3529.9010  3079069    0.09%  x(c31_1_c35_1) D 115811  75883     29
 116835 14771    infeasible           3533.0000     3530.0122  3091059    0.08%  x(c33_3_c32_3) N 116835 116362     33
 117865 14039        cutoff           3533.0000     3530.1287  3102766    0.08%  x(c15_1_c16_1) U 117865 112897     31
 118895 13299        cutoff           3533.0000     3530.2300  3114088    0.08%  x(c33_3_c29_3) U 118895  82790     23
 119907 12567        cutoff           3533.0000     3530.3386  3125809    0.08%   x(c18_1_c8_1) D 119907  68940     40
 120946 11788    infeasible           3533.0000     3530.4547  3137391    0.07%  x(c31_3_c29_3) D 120946 116562     35
 122002 10973     3531.1277    94     3533.0000     3530.5597  3149012    0.07%  x(c39_3_c40_3) N 122002  95385     29
 123048 10195     3530.9176   124     3533.0000     3530.6733  3159550    0.07%  x(c33_3_c21_3) N 123048  84647     28
Elapsed time = 223.81 sec. (554159.98 ticks, tree = 24.80 MB, solutions = 1)
 124094  9407     3530.9813    47     3533.0000     3530.7860  3170291    0.06%  x(c22_3_c25_3) N 124094 122186     28
 125171  8559     3531.9730   120     3533.0000     3530.9059  3180415    0.06%  x(c16_3_c15_3) N 125171  25204     15
 126330  7548        cutoff           3533.0000     3531.0398  3189604    0.06%    x(c4_1_c5_1) U 126330  53259     26
 127485  6556        cutoff           3533.0000     3531.1777  3198478    0.05%  x(c35_2_c21_2) U 127485  86491     30
 128632  5561        cutoff           3533.0000     3531.3274  3206980    0.05%  x(c35_3_c39_3) D 128632 106781     37
 129792  4558        cutoff           3533.0000     3531.4442  3215679    0.04%  x(c16_3_c15_3) D 129792  25733     19
 130990  3481        cutoff           3533.0000     3531.5732  3223483    0.04%  x(c37_3_c38_3) D 130990  18769     44
 132188  2398        cutoff           3533.0000     3531.7018  3230453    0.04%   x(c28_1_c5_1) U 132188  94893     25
 133427  1238        cutoff           3533.0000     3531.8478  3236608    0.03%  x(c32_1_c21_1) D 133427  77232     19

Clique cuts applied:  27
Cover cuts applied:  103
Flow cuts applied:  5
Mixed integer rounding cuts applied:  22
Zero-half cuts applied:  3
Lift and project cuts applied:  1
Gomory fractional cuts applied:  11

Root node processing (before b&c):
  Real time             =    0.40 sec. (960.92 ticks)
Sequential b&c:
  Real time             =  236.56 sec. (593922.42 ticks)
                          ------------
Total (root+branch&cut) =  236.96 sec. (594883.34 ticks)

