Version identifier: 22.1.0.0 | 2022-03-09 | 1a383f8ce
CPXPARAM_Preprocessing_Reduce                    1
CPXPARAM_Threads                                 1
CPXPARAM_Preprocessing_Reformulations            0
CPXPARAM_Emphasis_MIP                            2
CPXPARAM_TimeLimit                               7200
CPXPARAM_MIP_Tolerances_AbsMIPGap                0.98999999999999999
CPXPARAM_MIP_Limits_TreeMemory                   20000
Legacy callback                                  BbD
1 of 1 MIP starts provided solutions.
MIP start 'm1' defined initial solution with objective 3533.0000.
Tried aggregator 1 time.
MIP Presolve modified 3981 coefficients.
Reduced MIP has 4508 rows, 4201 columns, and 20838 nonzeros.
Reduced MIP has 4090 binaries, 0 generals, 0 SOSs, and 0 indicators.
Presolve time = 0.00 sec. (11.17 ticks)
Probing time = 0.00 sec. (3.36 ticks)
Tried aggregator 1 time.
Reduced MIP has 4508 rows, 4201 columns, and 20838 nonzeros.
Reduced MIP has 4090 binaries, 0 generals, 0 SOSs, and 0 indicators.
Presolve time = 0.00 sec. (6.98 ticks)
Probing time = 0.00 sec. (3.37 ticks)
Clique table members: 1895.
MIP emphasis: optimality.
MIP search method: traditional branch-and-cut.
Parallel mode: none, using 1 thread.
Root relaxation solution time = 0.00 sec. (9.79 ticks)

        Nodes                                         Cuts/
   Node  Left     Objective  IInf  Best Integer    Best Bound    ItCnt     Gap         Variable B NodeID Parent  Depth

*     0+    0                         3533.0000        0.0000           100.00%
      0     0     2769.4176   228     3533.0000     2769.4176      400   21.61%
      0     0     3313.5088   213     3533.0000      Cuts: 47      508    6.21%
      0     0     3328.1575   232     3533.0000      Cuts: 15      575    5.80%
      0     0     3331.6601   235     3533.0000       Cuts: 3      595    5.70%
      0     0     3341.1348   233     3533.0000       Cuts: 3      607    5.43%
      0     0     3348.8015   235     3533.0000       Cuts: 2      621    5.21%
      0     0     3348.9837   241     3533.0000       Cuts: 3      643    5.21%
      0     0     3351.8848   227     3533.0000   ZeroHalf: 2      690    5.13%
      0     0     3351.8848   229     3533.0000   ZeroHalf: 1      691    5.13%
      0     2     3351.8848   222     3533.0000     3352.6348      691    5.11%                        0             0
Elapsed time = 0.49 sec. (1136.03 ticks, tree = 0.01 MB, solutions = 1)
      2     3     3352.8971   230     3533.0000     3352.8971      711    5.10%  x(c21_1_c34_1) U      2      1      2
      5     5     3353.0915   228     3533.0000     3359.1248      724    4.92%  x(c34_1_c36_1) D      5      4      5
      7     6     3429.2354   176     3533.0000     3359.1248      834    4.92%  x(c21_2_c35_2) U      7      6      6
     16    14     3429.6857   171     3533.0000     3359.1248      868    4.92%  x(c36_3_c34_3) D     16     15     15
     25    18     3485.5788   150     3533.0000     3359.1248      990    4.92%  x(c36_2_c21_2) U     25     23     22
     32    23     3435.5694   182     3533.0000     3369.6435     1325    4.62%  x(c34_1_c21_1) U     32     30      6
     50    37     3407.2349   194     3533.0000     3398.1887     1826    3.82%  x(c35_3_c34_3) D     50     37      3
     69    54     3487.0730   188     3533.0000     3421.8200     2779    3.15%  x(c35_1_c34_1) N     69     59      8
     80    58     3459.4957   181     3533.0000     3437.7949     3517    2.69%  x(c21_3_c35_3) D     80      9      9
    180   151     3467.8783   147     3533.0000     3464.9137     8150    1.93%  x(c20_1_c16_1) D    180    179     11
Elapsed time = 2.09 sec. (5242.50 ticks, tree = 0.58 MB, solutions = 1)
    243   212     3482.8616   142     3533.0000     3471.4826    12508    1.74%  x(c22_3_c25_3) D    243    189      9
    393   324     3494.1029   179     3533.0000     3486.6449    18949    1.31%   x(c8_1_c16_1) U    393    391     10
    569   475     3506.0709   187     3533.0000     3493.4160    24679    1.12%  x(c21_2_c36_2) U    569    483     14
    747   631     3524.4583   191     3533.0000     3497.4827    31611    1.01%  x(c16_3_c15_3) D    747    523      8
    911   758     3504.7622   221     3533.0000     3500.0322    37858    0.93%  x(c21_2_c35_2) D    911    470     10
   1076   897     3517.3560   135     3533.0000     3503.5000    45727    0.83%  x(c33_2_c21_2) N   1076    640     11
   1285  1030     3506.0505   214     3533.0000     3506.0234    53519    0.76%  x(c21_1_c35_1) D   1285   1283     13
   1467  1140     3522.3449   185     3533.0000     3507.9492    61683    0.71%  x(c23_1_c31_1) U   1467   1422     17
   1571  1223     3511.0739   129     3533.0000     3508.1577    63910    0.70%  x(c10_3_c22_3) N   1571   1479     21
   1686  1284     3510.2409   162     3533.0000     3508.7942    69938    0.69%  x(c26_3_c13_3) D   1686   1685     24
Elapsed time = 6.18 sec. (14849.63 ticks, tree = 2.96 MB, solutions = 1)
   1811  1370     3509.5677   145     3533.0000     3509.2504    76069    0.67%  x(c11_1_c12_1) D   1811   1810     39
   1972  1489     3520.3197   169     3533.0000     3509.6476    82158    0.66%  x(c23_1_c40_1) D   1972   1504     26
   2130  1596     3510.0366   120     3533.0000     3510.0366    89014    0.65%  x(c23_1_c31_1) D   2130   1760     16
   2299  1732     3510.5200   137     3533.0000     3510.2759    94124    0.64%  x(c11_1_c12_1) D   2299   2298     40
   2433  1825     3519.7165   188     3533.0000     3510.5588   101173    0.64%  x(c34_3_c21_3) U   2433    755     13
   2566  1904     3524.6865   146     3533.0000     3510.9439   107689    0.62%  x(c37_3_c18_3) U   2566   2565     15
   2738  2019     3511.9328   165     3533.0000     3511.3073   114748    0.61%  x(c33_3_c34_3) D   2738    895      7
   2896  2143     3513.7569   123     3533.0000     3511.5792   120798    0.61%    x(c2_3_c4_3) U   2896   2442     39
   3041  2224     3526.3028   138     3533.0000     3511.9461   128069    0.60%  x(c10_1_c41_1) N   3041   2504     28
   3222  2354     3524.1656   159     3533.0000     3512.1865   134364    0.59%  x(c23_1_c10_1) U   3222   3151     23
Elapsed time = 10.60 sec. (24463.84 ticks, tree = 5.42 MB, solutions = 1)
   3391  2481     3531.6649   165     3533.0000     3512.4043   140732    0.58%  x(c16_3_c38_3) N   3391   2855     13
   3550  2580     3525.6389    87     3533.0000     3512.6612   148045    0.58%  x(c18_2_c37_2) U   3550   3549     16
   3724  2683        cutoff           3533.0000     3513.0359   154540    0.57%  x(c16_3_c15_3) D   3724   1484     26
   3935  2857     3528.2480   109     3533.0000     3513.2066   161515    0.56%  x(c10_1_c41_1) D   3935   3933     39
   4109  2984     3522.3961   172     3533.0000     3513.3930   168689    0.55%  x(c35_2_c21_2) D   4109   1312     11
   4283  3102     3525.4534   186     3533.0000     3513.5714   176328    0.55%  x(c23_1_c10_1) U   4283   3761     28
   4467  3201     3521.0819    81     3533.0000     3513.8008   183542    0.54%  x(c19_1_c11_1) U   4467   3769     28
   4637  3309     3514.1344   108     3533.0000     3514.0421   190867    0.54%  x(c39_2_c21_2) D   4637   4423     46
   4798  3407     3521.6005   171     3533.0000     3514.2138   197548    0.53%   x(c19_1_c6_1) D   4798   1785     18
   4960  3483     3517.3078   189     3533.0000     3514.4328   204831    0.53%  x(c15_3_c38_3) D   4960   4958     17
Elapsed time = 15.01 sec. (34025.48 ticks, tree = 7.99 MB, solutions = 1)
   5107  3567     3518.6694   142     3533.0000     3514.5869   211237    0.52%  x(c20_1_c16_1) U   5107   1148     12
   5233  3612     3516.6838   137     3533.0000     3514.7911   218850    0.52%  x(c16_3_c14_3) N   5233   2933     20
   5416  3695     3531.6721   140     3533.0000     3515.1243   226474    0.51%  x(c36_3_c34_3) U   5416   4991     34
   5572  3752     3515.4580   132     3533.0000     3515.4072   233886    0.50%  x(c23_1_c22_1) D   5572   5571     42
   5786  3866     3521.5135   165     3533.0000     3515.6787   241263    0.49%  x(c18_2_c37_2) U   5786   3553     25
   5959  3929     3530.1269    71     3533.0000     3515.9499   248572    0.48%  x(c23_1_c40_1) U   5959   3097     26
   6022  3954     3520.6325   159     3533.0000     3516.0575   251359    0.48%  x(c33_2_c21_2) U   6022   3749     17
   6204  4057     3527.1404   166     3533.0000     3516.3119   258370    0.47%    x(c4_3_c3_3) N   6204   5633     21
   6394  4120     3519.7451   109     3533.0000     3516.5784   264969    0.46%  x(c23_1_c31_1) U   6394   6393     18
   6588  4215     3516.9563   165     3533.0000     3516.8613   272262    0.46%  x(c19_1_c11_1) D   6588   6587     17
Elapsed time = 19.36 sec. (43627.29 ticks, tree = 9.83 MB, solutions = 1)
   6772  4299     3522.7214   152     3533.0000     3517.0571   279659    0.45%  x(c21_2_c33_2) U   6772   1295     15
   6966  4370     3526.9078   121     3533.0000     3517.3072   286136    0.44%  x(c22_1_c10_1) U   6966   6628     49
   7148  4445     3521.9665   150     3533.0000     3517.4870   291969    0.44%  x(c32_3_c21_3) D   7148   3021     17
   7361  4538     3518.2381   122     3533.0000     3517.6917   299151    0.43%  x(c16_3_c14_3) D   7361   4778     17
   7584  4656        cutoff           3533.0000     3517.9423   305974    0.43%   x(c3_3_c29_3) D   7584   5710     21
   7795  4764     3526.7156   176     3533.0000     3518.0813   312403    0.42%  x(c33_3_c21_3) N   7795   2897     22
   8000  4857     3518.4829   161     3533.0000     3518.2409   317876    0.42%  x(c31_3_c23_3) D   8000   7298     13
   8227  4953     3518.5264   161     3533.0000     3518.5058   324395    0.41%  x(c35_1_c21_1) D   8227   1326     10
   8406  5014     3518.7405   142     3533.0000     3518.7115   331221    0.40%   x(c8_2_c18_2) U   8406   7551     22
   8610  5088     3531.0816   184     3533.0000     3518.9506   338201    0.40%  x(c23_1_c22_1) U   8610   8126     33
Elapsed time = 23.63 sec. (53457.34 ticks, tree = 11.70 MB, solutions = 1)
   8846  5209     3524.1529   170     3533.0000     3519.1058   344766    0.39%  x(c18_2_c37_2) D   8846   7569     20
   9054  5279     3530.6992   122     3533.0000     3519.3333   351518    0.39%   x(c3_1_c31_1) N   9054   4234     20
   9267  5350     3519.6094   132     3533.0000     3519.5107   357696    0.38%  x(c23_1_c35_1) D   9267   9266     34
   9474  5415        cutoff           3533.0000     3519.6745   363990    0.38%  x(c31_3_c23_3) U   9474   6325     18
   9700  5496     3521.9452   128     3533.0000     3519.8540   370585    0.37%   x(c29_3_c3_3) U   9700   9698     32
   9880  5560        cutoff           3533.0000     3520.0000   376540    0.37%  x(c19_1_c11_1) U   9880   9062     17
  10000  5586     3531.7357   132     3533.0000     3520.0761   380653    0.37%  x(c10_1_c22_1) U  10000   2145     31
  10188  5641        cutoff           3533.0000     3520.2060   387315    0.36%    x(c4_3_c3_3) U  10188  10186     23
  10391  5706     3521.9953   144     3533.0000     3520.4062   393407    0.36%  x(c12_1_c11_1) U  10391   8115     30
  10605  5794     3525.4884    74     3533.0000     3520.5494   400001    0.35%  x(c18_2_c37_2) D  10605   9445     18
Elapsed time = 27.87 sec. (63390.22 ticks, tree = 13.29 MB, solutions = 1)
  10808  5852        cutoff           3533.0000     3520.7189   406619    0.35%  x(c18_2_c37_2) U  10808   9636     17
  11000  5922     3520.8602    73     3533.0000     3520.8567   411811    0.34%  x(c16_3_c18_3) D  11000  10999     33
  11208  5948     3530.4882   183     3533.0000     3521.0224   418863    0.34%  x(c35_2_c21_2) U  11208   5647     17
  11402  6016     3521.2785   115     3533.0000     3521.1639   425722    0.34%   x(c19_1_c6_1) D  11402  11401     28
  11614  6050     3526.1667    77     3533.0000     3521.3333   431710    0.33%   x(c8_1_c18_1) D  11614  10849     19
  11838  6109     3521.9071   197     3533.0000     3521.4739   437870    0.33%  x(c14_1_c16_1) D  11838   8808     16
  12056  6188    infeasible           3533.0000     3521.5986   443925    0.32%  x(c33_3_c21_3) U  12056  12055     28
  12277  6253     3525.7187   108     3533.0000     3521.7441   450515    0.32%  x(c20_1_c15_1) D  12277   2073     27
  12527  6331     3531.0322   152     3533.0000     3521.8926   456290    0.31%  x(c23_1_c31_1) U  12527   7930     13
  12746  6411     3522.2246   153     3533.0000     3522.0278   462622    0.31%  x(c23_1_c40_1) U  12746  11007     20
Elapsed time = 31.95 sec. (73153.47 ticks, tree = 14.66 MB, solutions = 1)
  12970  6475     3528.4449   125     3533.0000     3522.1514   468734    0.31%  x(c11_3_c12_3) N  12970   9835     44
  13170  6523     3523.4209   143     3533.0000     3522.3024   474192    0.30%  x(c23_1_c40_1) N  13170  12346     17
  13371  6576        cutoff           3533.0000     3522.3988   480379    0.30%  x(c23_1_c10_1) D  13371  13101     30
  13580  6609     3530.1270   127     3533.0000     3522.5363   486494    0.30%  x(c40_1_c23_1) D  13580  13578     18
  13820  6678    infeasible           3533.0000     3522.6805   492626    0.29%   x(c8_1_c21_1) N  13820   5989     27
  14025  6717     3524.8206   132     3533.0000     3522.7998   498319    0.29%  x(c14_1_c16_1) D  14025   7956     21
  14264  6807        cutoff           3533.0000     3522.9351   504209    0.28%   x(c8_1_c21_1) U  14264   5989     27
  14479  6854     3530.5094    90     3533.0000     3523.0568   510244    0.28%   x(c8_1_c18_1) N  14479  14203     22
  14678  6872     3529.9412   102     3533.0000     3523.1532   515554    0.28%   x(c16_1_c8_1) U  14678   5779     35
  14928  6929     3531.8252   125     3533.0000     3523.2962   520980    0.27%  x(c23_1_c40_1) D  14928  12550     34
Elapsed time = 35.87 sec. (82743.25 ticks, tree = 15.92 MB, solutions = 1)
  15147  6959     3523.4401    73     3533.0000     3523.4305   526899    0.27%    x(c7_1_c6_1) N  15147  14830     26
  15359  7007     3530.8180   143     3533.0000     3523.5478   532599    0.27%  x(c32_1_c21_1) D  15359   4169     39
  15610  7074     3523.6851   123     3533.0000     3523.6807   538111    0.26%  x(c19_1_c11_1) D  15610  11467     52
  15850  7128     3531.0626   119     3533.0000     3523.8159   543820    0.26%  x(c26_3_c11_3) U  15850  15439     27
  16090  7190     3530.3970   142     3533.0000     3523.9247   549783    0.26%  x(c33_2_c21_2) U  16090  13208     15
  16351  7252     3524.0558   104     3533.0000     3524.0438   554831    0.25%  x(c41_1_c40_1) D  16351  15917     25
  16588  7289     3524.1894   167     3533.0000     3524.1480   560479    0.25%   x(c3_3_c29_3) D  16588  13313     22
  16840  7309        cutoff           3533.0000     3524.2632   565460    0.25%  x(c23_1_c10_1) U  16840   3234     38
  17051  7310    infeasible           3533.0000     3524.3626   570850    0.24%  x(c32_1_c21_1) U  17051   8386     21
  17946  7380     3524.8570   156     3533.0000     3524.7805   592508    0.23%   x(c8_1_c18_1) U  17946  17945     15
Elapsed time = 40.82 sec. (95172.63 ticks, tree = 16.95 MB, solutions = 1)
  18879  7460     3527.4625   161     3533.0000     3525.1765   614514    0.22%   x(c16_1_c8_1) N  18879  15218     20
  19814  7500     3525.5969   157     3533.0000     3525.5673   635387    0.21%  x(c23_1_c35_1) N  19814  19813     43
  20594  7514     3525.8864   165     3533.0000     3525.8857   652493    0.20%   x(c3_3_c29_3) N  20594  11934     16
  21387  7409     3526.2321   122     3533.0000     3526.2321   671733    0.19%      x(Op_c8_1) N  21387  13891     28
  22215  7346     3527.2437   149     3533.0000     3526.5922   690641    0.18%  x(c15_1_c16_1) N  22215  18524     25
  23105  7208        cutoff           3533.0000     3526.9970   709669    0.17%  x(c33_2_c34_2) U  23105  20637     20
  23987  6985     3531.8634    93     3533.0000     3527.3714   728111    0.16%  x(c22_1_c40_1) U  23987  23985     44
  24832  6881     3527.6836   102     3533.0000     3527.6837   746732    0.15%  x(c31_3_c23_3) D  24832  24690     40
  25701  6653     3528.2600   136     3533.0000     3528.0341   764799    0.14%  x(c42_1_c10_1) N  25701  23201     28
  26540  6360    infeasible           3533.0000     3528.3447   780800    0.13%  x(c23_1_c40_1) N  26540   8553     23
Elapsed time = 55.74 sec. (133347.57 ticks, tree = 14.80 MB, solutions = 1)
  27390  6013        cutoff           3533.0000     3528.6670   795940    0.12%  x(c15_1_c16_1) N  27390  17260     16
  28260  5591        cutoff           3533.0000     3529.0170   811274    0.11%   x(c3_3_c29_3) D  28260  21624     13
  29095  5170        cutoff           3533.0000     3529.3076   827082    0.10%  x(c32_3_c21_3) D  29095  29093     26
  30002  4671     3529.6212   138     3533.0000     3529.6185   841052    0.10%  x(c22_3_c25_3) N  30002  24763     28
  30919  4143     3530.6316    63     3533.0000     3529.9667   854747    0.09%  x(c33_2_c29_2) N  30919  30917     31
  31885  3530        cutoff           3533.0000     3530.3115   867395    0.08%  x(c18_2_c37_2) U  31885  25785     31
  32851  2904        cutoff           3533.0000     3530.6368   879350    0.07%  x(c10_1_c41_1) U  32851  32580     39
  33881  2124        cutoff           3533.0000     3531.0385   889476    0.06%  x(c23_1_c31_1) N  33881  24053     15
  34985  1182        cutoff           3533.0000     3531.4620   898542    0.04%  x(c21_3_c32_3) D  34985  34984     29
  36145   124     3531.9634   133     3533.0000     3531.9400   905945    0.03%  x(c22_3_c25_3) N  36145  27743     38
Elapsed time = 69.74 sec. (171515.21 ticks, tree = 0.60 MB, solutions = 1)

Clique cuts applied:  25
Cover cuts applied:  97
Flow cuts applied:  7
Mixed integer rounding cuts applied:  20
Zero-half cuts applied:  5
Gomory fractional cuts applied:  11

Root node processing (before b&c):
  Real time             =    0.49 sec. (1134.59 ticks)
Sequential b&c:
  Real time             =   69.37 sec. (171486.82 ticks)
                          ------------
Total (root+branch&cut) =   69.86 sec. (172621.41 ticks)

