Version identifier: 22.1.0.0 | 2022-03-09 | 1a383f8ce
CPXPARAM_Preprocessing_Reduce                    1
CPXPARAM_Threads                                 1
CPXPARAM_Preprocessing_Reformulations            0
CPXPARAM_Emphasis_MIP                            2
CPXPARAM_TimeLimit                               7200
CPXPARAM_MIP_Tolerances_AbsMIPGap                0.98999999999999999
CPXPARAM_MIP_Limits_TreeMemory                   20000
Legacy callback                                  BbD
1 of 1 MIP starts provided solutions.
MIP start 'm1' defined initial solution with objective 3533.0000.
Tried aggregator 1 time.
MIP Presolve modified 3981 coefficients.
Reduced MIP has 4508 rows, 4201 columns, and 20838 nonzeros.
Reduced MIP has 4090 binaries, 0 generals, 0 SOSs, and 0 indicators.
Presolve time = 0.00 sec. (11.17 ticks)
Probing time = 0.00 sec. (3.36 ticks)
Tried aggregator 1 time.
Reduced MIP has 4508 rows, 4201 columns, and 20838 nonzeros.
Reduced MIP has 4090 binaries, 0 generals, 0 SOSs, and 0 indicators.
Presolve time = 0.00 sec. (6.98 ticks)
Probing time = 0.00 sec. (3.37 ticks)
Clique table members: 1895.
MIP emphasis: optimality.
MIP search method: traditional branch-and-cut.
Parallel mode: none, using 1 thread.
Root relaxation solution time = 0.00 sec. (9.79 ticks)

        Nodes                                         Cuts/
   Node  Left     Objective  IInf  Best Integer    Best Bound    ItCnt     Gap         Variable B NodeID Parent  Depth

*     0+    0                         3533.0000        0.0000           100.00%
      0     0     2769.4176   228     3533.0000     2769.4176      400   21.61%
      0     0     3313.5088   213     3533.0000      Cuts: 47      508    6.21%
      0     0     3328.1575   232     3533.0000      Cuts: 15      575    5.80%
      0     0     3331.6601   235     3533.0000       Cuts: 3      595    5.70%
      0     0     3341.1348   233     3533.0000       Cuts: 3      607    5.43%
      0     0     3348.8015   235     3533.0000       Cuts: 2      621    5.21%
      0     0     3348.9837   241     3533.0000       Cuts: 3      643    5.21%
      0     0     3351.8848   229     3533.0000   ZeroHalf: 2      694    5.13%
      0     0     3351.8848   231     3533.0000   ZeroHalf: 1      695    5.13%
      0     2     3351.8848   219     3533.0000     3352.6348      695    5.11%                        0             0
Elapsed time = 0.46 sec. (1067.43 ticks, tree = 0.01 MB, solutions = 1)
      2     4     3353.1383   223     3533.0000     3353.1383      727    5.09%    x(c7_1_c4_1) D      2      1      2
      4     5     3353.4118   223     3533.0000     3353.4118      742    5.08%  x(c21_1_c34_1) U      4      3      4
     19    14     3527.2637   157     3533.0000     3355.3868      943    5.03%  x(c34_3_c21_3) D     19     17     16
     38    28     3435.6190   176     3533.0000     3359.6421     1266    4.91%  x(c36_3_c34_3) D     38     37     16
     53    38     3472.8403   172     3533.0000     3359.6421     1364    4.91%  x(c35_3_c30_3) D     53     52     30
     61    41     3381.6273   200     3533.0000     3373.1524     1753    4.52%  x(c10_3_c41_3) U     61      0      1
     74    54     3407.6504   221     3533.0000     3391.7917     2351    4.00%  x(c16_3_c15_3) D     74     64      4
     88    68     3399.6703   199     3533.0000     3398.2701     2982    3.81%   x(c3_3_c33_3) D     88     82     12
    120    99     3401.2678   168     3533.0000     3400.0701     3469    3.76%  x(c34_1_c23_1) D    120    119     20
    224   182     3468.2732   231     3533.0000     3456.0900    10210    2.18%  x(c21_3_c35_3) U    224    197      9
Elapsed time = 1.84 sec. (4511.88 ticks, tree = 0.72 MB, solutions = 1)
    354   287     3496.3625   160     3533.0000     3474.6264    16177    1.65%  x(c16_3_c38_3) U    354    193     10
    583   467     3492.2191   157     3533.0000     3484.5038    22518    1.37%  x(c21_2_c35_2) U    583    414     10
    774   623     3488.4406   214     3533.0000     3488.3694    28072    1.26%  x(c36_1_c34_1) D    774    773     15
    961   792     3519.4179   173     3533.0000     3493.0431    35815    1.13%  x(c18_3_c15_3) U    961    645     12
   1092   906     3495.7991   194     3533.0000     3495.6934    41270    1.06%  x(c35_2_c39_2) D   1092   1091     20
   1255  1051     3519.0799   219     3533.0000     3497.3323    47357    1.01%   x(c8_1_c16_1) U   1255    582     10
   1416  1192     3502.7462   223     3533.0000     3498.8474    54626    0.97%  x(c15_3_c14_3) U   1416   1415     12
   1590  1346     3510.1942   169     3533.0000     3499.6679    59268    0.94%  x(c34_3_c21_3) D   1590   1588     14
   1748  1447     3500.5983   102     3533.0000     3500.3364    64871    0.92%   x(c3_2_c33_2) D   1748   1747     35
   1955  1587        cutoff           3533.0000     3500.7318    69728    0.91%  x(c30_1_c21_1) U   1955   1501     31
Elapsed time = 5.91 sec. (14096.47 ticks, tree = 3.55 MB, solutions = 1)
   2107  1683     3526.3591   141     3533.0000     3501.4908    75286    0.89%  x(c21_1_c36_1) D   2107   1161     25
   2300  1790     3530.1139   196     3533.0000     3502.3191    82709    0.87%  x(c15_3_c14_3) U   2300    828     13
   2515  1904     3503.7023   165     3533.0000     3503.0000    89633    0.85%  x(c34_1_c21_1) U   2515   1030      7
   2688  1991     3511.3912   158     3533.0000     3504.0700    98168    0.82%  x(c21_1_c36_1) U   2688   1002     11
   2891  2118     3520.4541   176     3533.0000     3505.1254   105550    0.79%  x(c20_1_c17_1) U   2891    799     16
   3149  2285        cutoff           3533.0000     3506.2411   112737    0.76%  x(c18_1_c21_1) D   3149   1149     18
   3355  2399     3516.4494   151     3533.0000     3507.1943   120130    0.73%  x(c34_2_c35_2) U   3355   1042     19
   3610  2557     3510.2308   190     3533.0000     3508.0624   126896    0.71%  x(c21_1_c36_1) U   3610    926     10
   3833  2701        cutoff           3533.0000     3508.6093   133625    0.69%  x(c17_1_c20_1) N   3833   3832     18
   4070  2831     3526.6791   175     3533.0000     3509.1388   140566    0.68%  x(c32_2_c21_2) U   4070   3745     24
Elapsed time = 10.15 sec. (23679.78 ticks, tree = 6.50 MB, solutions = 1)
   4280  3004     3509.2633   161     3533.0000     3509.2633   144032    0.67%  x(c33_2_c34_2) D   4280   3405     21
   4458  3131     3509.6403   133     3533.0000     3509.4703   149002    0.67%    x(c4_3_c3_3) D   4458   4457     50
   4634  3222     3509.6632   144     3533.0000     3509.6667   155314    0.66%   x(c8_1_c21_1) D   4634   4369     69
   4850  3328        cutoff           3533.0000     3509.9050   161233    0.65%  x(c19_1_c26_1) N   4850   4848     58
   5051  3447        cutoff           3533.0000     3510.1302   167909    0.65%  x(c31_1_c35_1) U   5051   5048     46
   5287  3589     3511.6154   158     3533.0000     3510.3582   174679    0.64%  x(c42_1_c26_1) U   5287   5149     47
   5494  3717     3516.2168   227     3533.0000     3510.5738   181370    0.63%  x(c33_3_c21_3) U   5494   5492      9
   5712  3843        cutoff           3533.0000     3510.7738   188064    0.63%  x(c36_2_c21_2) D   5712   5710     25
   5947  3946     3511.0572   113     3533.0000     3511.0562   194836    0.62%     x(c33_2_Om) N   5947   2237     19
   6059  4010     3511.3932   165     3533.0000     3511.1392   198158    0.62%  x(c12_3_c11_3) D   6059   6058     37
Elapsed time = 14.33 sec. (33254.06 ticks, tree = 9.18 MB, solutions = 1)
   6309  4134     3511.5174   196     3533.0000     3511.3233   204321    0.61%  x(c42_3_c11_3) U   6309   6308     41
   6542  4254        cutoff           3533.0000     3511.5334   210835    0.61%   x(c3_3_c29_3) U   6542   4394     34
   6780  4368        cutoff           3533.0000     3511.7026   217031    0.60%  x(c31_1_c28_1) U   6780   6516     72
   6990  4438     3511.9577   226     3533.0000     3511.9444   223846    0.60%  x(c33_3_c21_3) U   6990   4661     12
   7000  4444     3516.2372   174     3533.0000     3511.9530   224249    0.60%  x(c33_2_c21_2) D   7000   6998     17
   7200  4547     3523.3471   161     3533.0000     3512.1467   231370    0.59%  x(c21_1_c36_1) D   7200    835     11
   7434  4676     3514.9799   172     3533.0000     3512.3267   238146    0.59%  x(c21_1_c37_1) D   7434   7432     17
   7661  4804        cutoff           3533.0000     3512.5013   244607    0.58%  x(c21_2_c34_2) D   7661   7659     30
   7878  4937     3518.1554   195     3533.0000     3512.6285   251840    0.58%     x(c33_2_Om) U   7878   7877     13
   8071  5025     3513.5263   137     3533.0000     3512.7942   258505    0.57%   x(c19_1_c5_1) U   8071   8070     43
Elapsed time = 18.54 sec. (42860.41 ticks, tree = 11.62 MB, solutions = 1)
   8276  5092     3520.8451   161     3533.0000     3512.9728   265155    0.57%    x(c6_1_c7_1) D   8276   6877     23
   8498  5192     3513.3626   142     3533.0000     3513.1862   272337    0.56%  x(c42_1_c26_1) D   8498   8497     29
   8737  5318     3514.8100   111     3533.0000     3513.3220   279221    0.56%  x(c30_3_c29_3) N   8737   8735     16
   8952  5434     3519.5434   144     3533.0000     3513.4640   286024    0.55%  x(c18_1_c32_1) U   8952   6661     23
   9139  5513        cutoff           3533.0000     3513.6165   293093    0.55%   x(c6_1_c19_1) U   9139   8672     46
   9411  5669     3526.2562   158     3533.0000     3513.7500   299436    0.54%  x(c32_1_c21_1) U   9411   5660     20
   9626  5773     3515.6261   165     3533.0000     3513.8898   306461    0.54%  x(c17_1_c14_1) D   9626   7376     30
   9828  5839        cutoff           3533.0000     3514.0697   314013    0.54%  x(c39_3_c35_3) U   9828   9487     48
  10000  5940     3515.7331   157     3533.0000     3514.2124   320068    0.53%  x(c26_1_c42_1) N  10000   9998     37
  10198  6053     3514.3576   121     3533.0000     3514.3534   327553    0.53%     x(Op_c21_1) N  10198  10197     45
Elapsed time = 22.86 sec. (52465.08 ticks, tree = 13.91 MB, solutions = 1)
  10433  6174        cutoff           3533.0000     3514.4785   334611    0.52%   x(c19_1_c6_1) U  10433   7487     45
  10697  6312        cutoff           3533.0000     3514.5998   341455    0.52%  x(c17_1_c15_1) U  10697   5571     36
  10933  6442     3514.9153   107     3533.0000     3514.7040   347894    0.52%  x(c13_1_c26_1) D  10933  10932     52
  11000  6469     3518.4492   211     3533.0000     3514.7367   349888    0.52%  x(c18_1_c32_1) D  11000   5340     18
  11239  6538        cutoff           3533.0000     3514.8988   357050    0.51%   x(c2_3_c15_3) U  11239   9172     68
  11441  6600        cutoff           3533.0000     3515.0468   364310    0.51%  x(c25_3_c40_3) U  11441   5402     64
  11650  6680     3515.2072   139     3533.0000     3515.1752   370944    0.50%  x(c31_1_c35_1) U  11650   4828     26
  11837  6762     3515.3542   121     3533.0000     3515.3280   378624    0.50%  x(c21_3_c35_3) D  11837   6061     17
  12022  6830        cutoff           3533.0000     3515.4540   386156    0.50%  x(c36_1_c21_1) D  12022  10395     38
  12216  6919     3519.3436   169     3533.0000     3515.5935   393353    0.49%  x(c21_2_c32_2) D  12216   3975     37
Elapsed time = 27.11 sec. (62033.26 ticks, tree = 15.82 MB, solutions = 1)
  12401  6977     3527.7941   162     3533.0000     3515.7192   400676    0.49%  x(c37_3_c38_3) U  12401   1759     32
  12622  7062     3531.5032   116     3533.0000     3515.8873   407282    0.48%  x(c19_1_c12_1) U  12622  11942     50
  12830  7148     3529.8953    64     3533.0000     3516.0229   414103    0.48%  x(c39_2_c40_2) U  12830  12694     85
  13043  7209     3516.2398   111     3533.0000     3516.1842   420944    0.48%  x(c25_3_c41_3) U  13043  10103     27
  13239  7286     3531.5285   110     3533.0000     3516.3210   427884    0.47%  x(c22_1_c23_1) N  13239  12989     24
  13464  7419     3531.2690   130     3533.0000     3516.4342   434865    0.47%  x(c19_3_c12_3) U  13464  11723     34
  13691  7522     3516.5838   143     3533.0000     3516.5602   441600    0.47%  x(c37_3_c38_3) D  13691  13689     22
  13904  7623        cutoff           3533.0000     3516.6538   448542    0.46%  x(c40_2_c39_2) U  13904   8965     75
  14044  7676     3517.9468   195     3533.0000     3516.7615   454909    0.46%  x(c17_1_c15_1) D  14044  14042     20
  14245  7763     3517.1682   165     3533.0000     3516.9137   462328    0.46%  x(c18_1_c32_1) D  14245   1869     19
Elapsed time = 31.34 sec. (71598.80 ticks, tree = 17.60 MB, solutions = 1)
  14424  7827     3528.9848   147     3533.0000     3517.0373   469308    0.45%  x(c30_3_c29_3) D  14424  14275     24
  14640  7908     3517.6788   192     3533.0000     3517.1890   476198    0.45%     x(c33_2_Om) D  14640  12332     21
  14865  7970        cutoff           3533.0000     3517.3503   482816    0.44%  x(c36_2_c21_2) D  14865  10696     22
  15088  8096     3529.6074   140     3533.0000     3517.4512   489759    0.44%  x(c25_3_c23_3) U  15088  14895     35
  15310  8228     3530.2029   119     3533.0000     3517.5519   496743    0.44%    x(c5_1_c4_1) U  15310  15308     41
  15501  8309     3526.3921   113     3533.0000     3517.6320   503207    0.43%  x(c30_3_c11_3) D  15501   9780     64
  15718  8355     3525.5813   141     3533.0000     3517.7461   509580    0.43%  x(c11_3_c12_3) U  15718  14928     31
  15946  8432        cutoff           3533.0000     3517.8695   516429    0.43%   x(c34_1_c8_1) U  15946    593     19
  16144  8495        cutoff           3533.0000     3517.9846   522648    0.43%  x(c10_3_c24_3) U  16144  13122     32
  16369  8552     3518.1112   148     3533.0000     3518.1049   529247    0.42%  x(c21_3_c35_3) D  16369  16368     26
Elapsed time = 35.48 sec. (81183.61 ticks, tree = 19.70 MB, solutions = 1)
  16581  8623     3530.8487   222     3533.0000     3518.2047   536056    0.42%  x(c22_3_c41_3) U  16581  14138     14
  16803  8684     3518.3906   107     3533.0000     3518.3772   542346    0.41%  x(c23_1_c22_1) D  16803   5761     51
  16998  8794        cutoff           3533.0000     3518.4731   549559    0.41%  x(c33_3_c21_3) U  16998  16201     40
  17205  8880     3518.6924   117     3533.0000     3518.5650   555987    0.41%  x(c11_3_c12_3) D  17205  17204     49
  17412  8943        cutoff           3533.0000     3518.6854   563055    0.41%  x(c17_1_c15_1) U  17412  12593     22
  17620  9008     3524.3365   160     3533.0000     3518.7933   569569    0.40%   x(c19_1_c5_1) U  17620  10718     35
  17870  9114     3523.9591   185     3533.0000     3518.9111   575892    0.40%  x(c21_2_c34_2) U  17870  17869     17
  18110  9183     3519.0809   143     3533.0000     3519.0510   582295    0.39%  x(c39_2_c35_2) D  18110  18109     16
  18340  9242     3530.6815   142     3533.0000     3519.1807   589072    0.39%    x(c6_1_c7_1) U  18340  15986     33
  19031  9485     3526.1346   126     3533.0000     3519.4814   609727    0.38%    x(c5_1_c4_1) U  19031  19029     29
Elapsed time = 40.81 sec. (93615.32 ticks, tree = 21.87 MB, solutions = 1)
  19870  9745     3520.3350   134     3533.0000     3519.8294   635587    0.37%  x(c41_3_c10_3) N  19870  18363     23
  20612  9921     3526.8360   198     3533.0000     3520.1820   658939    0.36%  x(c33_3_c21_3) D  20612   2903     11
  21446 10242     3526.4583   225     3533.0000     3520.5063   683897    0.35%  x(c18_1_c32_1) U  21446  15161     16
  22290 10506     3521.0016    75     3533.0000     3520.7917   708021    0.35%  x(c41_3_c10_3) D  22290  22289     56
  23000 10703     3530.1683   181     3533.0000     3521.0570   728286    0.34%   x(c3_3_c29_3) U  23000  16123     27
  23855 10896     3531.3999   160     3533.0000     3521.4105   752742    0.33%  x(c22_3_c41_3) U  23855  13289     22
  24738 11144     3526.5102   208     3533.0000     3521.6890   777148    0.32%    x(c4_3_c3_3) D  24738  22340     26
  25608 11245     3524.4405   167     3533.0000     3522.0366   800500    0.31%  x(c17_1_c15_1) D  25608  21904     21
  26474 11409    infeasible           3533.0000     3522.3768   825333    0.30%  x(c39_2_c35_2) D  26474  16149     41
  27297 11633        cutoff           3533.0000     3522.6053   849779    0.29%    x(c6_1_c7_1) N  27297  23905     19
Elapsed time = 56.90 sec. (132001.50 ticks, tree = 26.88 MB, solutions = 1)
  28195 11715     3522.9820   191     3533.0000     3522.9511   873348    0.28%  x(c10_3_c24_3) D  28195  28194     18
  29095 11819        cutoff           3533.0000     3523.3164   897391    0.27%  x(c16_1_c17_1) D  29095  18514     20
  29998 12061     3523.5661   175     3533.0000     3523.5648   921482    0.27%   x(c3_3_c29_3) D  29998  29610     29
  30705 12098     3523.8893   150     3533.0000     3523.7875   938863    0.26%  x(c11_3_c12_3) D  30705  30704     29
  31606 12107        cutoff           3533.0000     3524.0894   960994    0.25%  x(c15_1_c17_1) D  31606  31604     22
  32496 12140     3529.3465   131     3533.0000     3524.3944   982866    0.24%  x(c36_1_c34_1) D  32496  14949     12
  33325 12256        cutoff           3533.0000     3524.5627  1002394    0.24%  x(c40_3_c39_3) U  33325  29977     46
  34143 12136     3527.6004   157     3533.0000     3524.8206  1023014    0.23%   x(c29_2_c3_2) U  34143  34142     39
  35114 12157     3531.9647   117     3533.0000     3525.0845  1044189    0.22%  x(c42_1_c26_1) N  35114  26072     30
  36018 12064     3525.3707   141     3533.0000     3525.3451  1065110    0.22%  x(c17_1_c15_1) N  36018  15048     22
Elapsed time = 72.20 sec. (170173.65 ticks, tree = 27.74 MB, solutions = 1)
  36912 12024     3529.7855   119     3533.0000     3525.5906  1085173    0.21%    x(c4_3_c3_3) D  36912  26438     38
  37833 11944     3525.8398   161     3533.0000     3525.8375  1103866    0.20%  x(c17_1_c15_1) D  37833  26299     15
  38664 11801        cutoff           3533.0000     3526.0721  1120825    0.20%  x(c35_3_c39_3) U  38664   7069     75
  39519 11663     3527.1667   132     3533.0000     3526.3333  1139753    0.19%    x(c6_1_c7_1) N  39519  36562     16
  40037 11545        cutoff           3533.0000     3526.4604  1152256    0.19%  x(c17_1_c20_1) D  40037  28104     14
  40917 11458        cutoff           3533.0000     3526.6860  1170921    0.18%  x(c17_1_c15_1) N  40917  19649     20
  41831 11314        cutoff           3533.0000     3526.9292  1189377    0.17%    x(c4_3_c3_3) D  41831  32742     26
  42595 11084        cutoff           3533.0000     3527.1640  1206179    0.17%  x(c22_3_c41_3) U  42595  38516     19
  43391 10879        cutoff           3533.0000     3527.3682  1222500    0.16%  x(c21_2_c36_2) D  43391  22430     34
  44235 10744     3527.6186   135     3533.0000     3527.5316  1240743    0.15%    x(c7_1_c5_1) N  44235  43791     31
Elapsed time = 87.02 sec. (208342.32 ticks, tree = 25.03 MB, solutions = 1)
  45000 10618     3528.3981   150     3533.0000     3527.6811  1254517    0.15%  x(c18_1_c32_1) D  45000  34942     14
  45877 10331     3530.5457   172     3533.0000     3527.9044  1270227    0.14%  x(c18_1_c32_1) N  45877   5766     19
  46698 10055     3530.9714   136     3533.0000     3528.1030  1286668    0.14%   x(c3_3_c29_3) N  46698  28172     26
  47564  9782        cutoff           3533.0000     3528.3375  1302089    0.13%  x(c23_1_c35_1) D  47564  25929     31
  48489  9502     3531.0558    66     3533.0000     3528.5167  1318605    0.13%    x(c7_1_c5_1) N  48489  42143     19
  49494  9169     3528.7185   111     3533.0000     3528.7185  1333470    0.12%    x(c7_1_c5_1) D  49494  40250     31
  50477  8797     3528.9638   148     3533.0000     3528.9428  1347845    0.11%   x(c3_3_c29_3) N  50477  21421     22
  51430  8300     3531.7204   161     3533.0000     3529.1717  1362179    0.11%  x(c41_3_c10_3) N  51430  44455     29
  52315  7882        cutoff           3533.0000     3529.3794  1376548    0.10%  x(c37_1_c18_1) U  52315  18908     17
  53210  7446        cutoff           3533.0000     3529.5483  1390493    0.10%  x(c18_1_c32_1) U  53210  53208     23
Elapsed time = 101.52 sec. (246828.28 ticks, tree = 17.72 MB, solutions = 1)
  54134  6887     3529.9268   109     3533.0000     3529.7580  1404163    0.09%    x(c7_1_c5_1) N  54134  53087     26
  55072  6259        cutoff           3533.0000     3530.0060  1417313    0.08%  x(c21_3_c33_3) U  55072  37797     28
  56048  5583        cutoff           3533.0000     3530.2522  1429627    0.08%   x(c3_3_c29_3) N  56048  18174     29
  57004  4930        cutoff           3533.0000     3530.4670  1442237    0.07%  x(c18_1_c32_1) D  57004  43713     23
  57961  4279     3530.7839   110     3533.0000     3530.6736  1454229    0.07%    x(c4_3_c3_3) N  57961  27113     26
  59030  3407        cutoff           3533.0000     3530.9801  1464702    0.06%    x(c6_1_c7_1) D  59030  33288     15
  60116  2462        cutoff           3533.0000     3531.2725  1474825    0.05%   x(c3_3_c29_3) N  60116  57941     26
  61201  1525        cutoff           3533.0000     3531.5390  1483572    0.04%    x(c4_1_c3_1) N  61201  61200     51
  62378   426        cutoff           3533.0000     3531.8707  1489888    0.03%  x(c21_2_c32_2) D  62378   9671     27

Clique cuts applied:  27
Cover cuts applied:  117
Flow cuts applied:  7
Mixed integer rounding cuts applied:  19
Zero-half cuts applied:  5
Gomory fractional cuts applied:  11

Root node processing (before b&c):
  Real time             =    0.46 sec. (1067.55 ticks)
Sequential b&c:
  Real time             =  113.70 sec. (282657.47 ticks)
                          ------------
Total (root+branch&cut) =  114.16 sec. (283725.02 ticks)

