- Starting heuristic -

Exact TSP
x  TSP Iteration:       0  10354  49998
* 2OPT Iteration:       0  10312  49536
* BPER Iteration:       0  10259  49483
------ Iteration:       0  10259  49483
------ Iteration:     100  10259  49483
* BPER Iteration:     125  10815  49475
* 2OPT Iteration:     175  10262  49293
* BPER Iteration:     175  10236  49219
------ Iteration:     200  10236  49219
------ Iteration:     300  10236  49219
------ Iteration:     400  10236  49219

Exact Precedences TSP
* 2OPT Iteration:       0  10598  50867
* BPER Iteration:       0  10598  50656
* 2OPT Iteration:       1  10669  49980
* 2OPT Iteration:       2  10584  50007
* BPER Iteration:       2  10584  49879
* APER Iteration:       3  10873  49966
* 2OPT Iteration:       4  10514  50412
Feasible solution found

