Version identifier: 22.1.0.0 | 2022-03-09 | 1a383f8ce
CPXPARAM_Preprocessing_Reduce                    0
CPXPARAM_Threads                                 1
CPXPARAM_Preprocessing_Reformulations            0
CPXPARAM_Emphasis_MIP                            2
CPXPARAM_TimeLimit                               7200
CPXPARAM_MIP_Tolerances_AbsMIPGap                0.98999999999999999
CPXPARAM_MIP_Limits_TreeMemory                   20000
Legacy callback                                  BbLUID
         Disabling repeat represolve because of lazy constraint/incumbent callback.
1 of 1 MIP starts provided solutions.
MIP start 'm1' defined initial solution with objective 207094.0000.
Tried aggregator 0 times.
Reduced MIP has 481 rows, 11584 columns, and 34276 nonzeros.
Reduced MIP has 11584 binaries, 0 generals, 0 SOSs, and 0 indicators.
Presolve time = 0.00 sec. (2.11 ticks)
Probing time = 0.00 sec. (4.84 ticks)
Clique table members: 243.
MIP emphasis: optimality.
MIP search method: traditional branch-and-cut.
Parallel mode: none, using 1 thread.
Root relaxation solution time = 0.00 sec. (7.70 ticks)

        Nodes                                         Cuts/
   Node  Left     Objective  IInf  Best Integer    Best Bound    ItCnt     Gap         Variable B NodeID Parent  Depth

*     0+    0                       207094.0000        0.0000           100.00%
      0     0   196000.0000   218   207094.0000   165382.0000      469   20.14%
      0     0   200614.0000   104   207094.0000      Cuts: 59      551    3.13%
      0     0   202067.5000    54   207094.0000      Cuts: 27      619    2.43%
      0     0   202861.5000   128   207094.0000      Cuts: 15      652    2.04%
      0     0   203148.0000   356   207094.0000      Cuts: 27      672    1.91%
      0     0   203148.0000   411   207094.0000  ZeroHalf: 13      688    1.91%
      0     0   203254.7500   251   207094.0000  ZeroHalf: 13      715    1.85%
      0     0   203280.0000   270   207094.0000      Cuts: 29      729    1.84%
      0     0   203489.0000   433   207094.0000      Cuts: 20      763    1.74%
      0     0   203653.1667   308   207094.0000      Cuts: 39      794    1.66%
      0     0   203677.6667   388   207094.0000      Cuts: 18      816    1.65%
      0     0   203762.1667   252   207094.0000      Cuts: 35      835    1.61%
      0     0   203829.6667   432   207094.0000      Cuts: 13      846    1.58%
      0     0   203900.0000   367   207094.0000      Cuts: 14      883    1.54%
      0     0   203982.9167   389   207094.0000      Cuts: 17      904    1.50%
      0     0   204030.3333   485   207094.0000      Cuts: 21      928    1.48%
      0     0   204036.3333   381   207094.0000      Cuts: 32      947    1.48%
      0     0   204117.2500   291   207094.0000  ZeroHalf: 20      973    1.44%
      0     0   204120.0000   264   207094.0000  ZeroHalf: 10      990    1.44%
      0     0   204121.5000   184   207094.0000      Cuts: 14     1001    1.44%
      0     0   204127.0000   268   207094.0000       Cuts: 6     1013    1.43%
      0     0   204127.0000   200   207094.0000       User: 1     1015    1.43%
      0     0   204127.0000   214   207094.0000       User: 1     1019    1.43%
      0     0   204127.0000   222   207094.0000       User: 1     1020    1.43%
      0     0   204127.0000   356   207094.0000       User: 1     1036    1.43%
      0     2   204127.0000   333   207094.0000   204127.0000     1036    1.43%                        0             0
Elapsed time = 0.76 sec. (1421.01 ticks, tree = 0.01 MB, solutions = 1)
     12    14   204362.7500   387   207094.0000   204127.0000     1102    1.43%  x(c64_5_c61_5) N     12     11     11
     29    31   204710.5000   388   207094.0000   204127.0000     1237    1.43%  x(c28_5_c22_5) D     29     27     25
     50    52   204922.5000   416   207094.0000   204127.0000     1349    1.43%  x(c80_4_c69_4) D     50     49     45
     75    74   205947.0455   416   207094.0000   204127.0000     1530    1.43%  x(c23_5_c63_5) D     75     74     68
    108    98   206124.2500   416   207094.0000   204127.0000     1636    1.43%  x(c59_5_c47_5) D    108    107    101
    135   115   206648.2222   409   207094.0000   204127.0000     1830    1.43%  x(c19_4_c11_4) N    135    134    126
    159   127   204439.7000   228   207094.0000   204127.0000     1978    1.43%  x(c27_4_c66_4) D    159    158      4
    182   150   205264.5833   202   207094.0000   204127.0000     2183    1.43%  x(c76_3_c74_3) D    182    180     24
    201   168   205632.3750   400   207094.0000   204127.0000     2293    1.43%  x(c73_3_c76_3) D    201    200     41
    312   265   204643.0000   328   207094.0000   204374.0000     3442    1.31%  x(c45_5_c47_5) U    312     13     12
Elapsed time = 3.22 sec. (4596.62 ticks, tree = 3.02 MB, solutions = 1)
    432   385   204975.6250   383   207094.0000   204522.1667     5119    1.24%  x(c61_4_c65_4) U    432    375     25
    587   540   204691.8000   431   207094.0000   204629.2500     7449    1.19%  x(c59_5_c70_5) U    587    586     17
    732   685   204833.5000   420   207094.0000   204684.5000     9325    1.16%  x(c59_5_c70_5) U    732    657      9
    893   842   205217.0000   190   207094.0000   204734.8333    11595    1.14%  x(c94_4_c65_4) U    893    891      9
   1058  1007   205111.9167   380   207094.0000   204765.5000    13885    1.12%  x(c27_5_c22_5) U   1058    448     21
   1220  1167   204819.1667   295   207094.0000   204797.0000    16084    1.11%  x(c77_4_c74_4) D   1220   1219     22
   1381  1328   204861.5000   409   207094.0000   204822.6736    18261    1.10%  x(c61_4_c27_4) D   1381   1380     18
   1513  1457   206168.5714   338   207094.0000   204833.8333    20398    1.09%  x(c80_5_c37_5) U   1513   1511     33
   1669  1613   205267.7500   377   207094.0000   204848.1515    23082    1.08%  x(c64_5_c27_5) U   1669   1664     17
   1837  1779   205394.5000   286   207094.0000   204864.5000    25801    1.08%  x(c77_4_c88_4) U   1837   1835     31
Elapsed time = 13.00 sec. (14174.45 ticks, tree = 22.97 MB, solutions = 1)
   2000  1942   205052.0000   296   207094.0000   204876.8333    28115    1.07%  x(c71_4_c75_4) U   2000   1968     46
   2158  2100   204888.5000   122   207094.0000   204888.5000    30761    1.06%  x(c43_4_c44_4) D   2158   1741     40
   2290  2232   205224.0000   106   207094.0000   204898.5000    33270    1.06%  x(c27_3_c64_3) U   2290   2210     32
   2420  2359   206203.6667   412   207094.0000   204907.3000    35211    1.06%  x(c80_5_c39_5) U   2420   2418     25
   2563  2499   205646.5882   423   207094.0000   204917.7593    37441    1.05%  x(c80_5_c70_5) U   2563   1061     17
   2718  2654   204978.5714   286   207094.0000   204924.1667    39594    1.05%  x(c96_2_c67_2) U   2718   2371     33
   2880  2815   204937.0000   315   207094.0000   204932.3636    42210    1.04%  x(c80_5_c70_5) D   2880   2879     11
   3033  2968   205050.5000   254   207094.0000   204939.0000    44785    1.04%  x(c61_4_c77_4) U   3033   2528     40
   3149  3084   205909.0000   383   207094.0000   204945.8143    47295    1.04%  x(c82_3_c76_3) N   3149   2631     51
   3280  3213   206216.6944   435   207094.0000   204948.0000    48745    1.04%  x(c51_5_c80_5) D   3280   3279    102
Elapsed time = 22.22 sec. (23801.17 ticks, tree = 44.34 MB, solutions = 1)
   3401  3309   205197.3333   300   207094.0000   204951.5000    49877    1.03%  x(c58_2_c59_2) N   3401   3058     39
   3527  3434   206037.6905   226   207094.0000   204957.1000    52096    1.03%  x(c64_5_c28_5) U   3527   3525     17
   3663  3570   205053.5595   488   207094.0000   204963.2000    54079    1.03%  x(c67_4_c27_4) D   3663   1819      9
   3770  3677   204978.6667   301   207094.0000   204968.7000    56767    1.03%  x(c60_2_c58_2) N   3770   3769     42
   3885  3790   205807.9063   234   207094.0000   204973.4595    58888    1.02%  x(c23_5_c63_5) U   3885   1483     36
   4000  3905   205061.0000   157   207094.0000   204978.9000    61116    1.02%  x(c43_4_c45_4) U   4000   3509     51
   4121  4024   206050.1875   410   207094.0000   204983.5000    63221    1.02%  x(c71_4_c70_4) N   4121   1651     44
   4245  4148   205437.4333   200   207094.0000   204991.1111    65236    1.02%  x(c20_5_c23_5) U   4245   2224     17
   4356  4259   205109.8333   303   207094.0000   204995.4583    67400    1.01%  x(c77_4_c75_4) U   4356   4354     21
   4476  4379   205063.5000   230   207094.0000   205000.2500    69455    1.01%  x(c47_3_c11_3) U   4476    174     20
Elapsed time = 30.32 sec. (33422.67 ticks, tree = 63.23 MB, solutions = 1)
   4590  4491   205569.7647   309   207094.0000   205005.0000    71621    1.01%  x(c47_2_c49_2) N   4590   3928     66
   4712  4613   206067.5000   138   207094.0000   205010.3500    73738    1.01%  x(c80_5_c56_5) U   4712   4710     16
   4840  4741   205069.0000    96   207094.0000   205015.0000    75679    1.00%  x(c11_3_c16_3) U   4840   4838     34
   4950  4851   205071.3333   176   207094.0000   205020.0833    77843    1.00%  x(c45_5_c47_5) U   4950   4945     17
   5055  4956   205473.5000   272   207094.0000   205022.1667    79197    1.00%  x(c77_4_c78_4) U   5055   5053     30
   5162  5063   205308.7222   305   207094.0000   205025.8333    81537    1.00%  x(c80_5_c70_5) D   5162   2939     16
   5280  5181   205622.4062   214   207094.0000   205030.0000    83571    1.00%  x(c28_5_c23_5) U   5280   4216     33
   5400  5300   206171.3333   305   207094.0000   205033.1667    85363    1.00%  x(c78_5_c94_5) D   5400   5399     19
   5507  5407   205138.5000   276   207094.0000   205036.8333    87468    0.99%  x(c78_4_c74_4) U   5507   5298     37
   5612  5511   205066.3333   187   207094.0000   205040.5000    89107    0.99%  x(c80_5_c37_5) D   5612   2121     18
Elapsed time = 38.03 sec. (43075.93 ticks, tree = 82.40 MB, solutions = 1)
   5736  5635   205423.0000   347   207094.0000   205043.5000    90853    0.99%  x(c64_5_c27_5) U   5736   4601     12
   5842  5741   205545.5000   356   207094.0000   205045.6154    92628    0.99%  x(c77_4_c78_4) U   5842    897     19
   5960  5859   205086.5667   419   207094.0000   205050.0000    94671    0.99%  x(c77_4_c75_4) D   5960   4404     18
   6066  5965   205059.8333   159   207094.0000   205052.5909    96752    0.99%  x(c27_3_c64_3) D   6066   5093     19
   6192  6091   205056.0000   301   207094.0000   205056.0000    98694    0.98%  x(c84_2_c75_2) D   6192   4968     44
   6309  6208   205486.9000   452   207094.0000   205058.5000   100585    0.98%  x(c75_2_c84_2) U   6309   6307     48
   6429  6327   205468.2222   308   207094.0000   205058.5000   100929    0.98%  x(c43_2_c47_2) D   6429   6428    165
   6506  6387   205557.7333   304   207094.0000   205058.5000   101083    0.98%  x(c60_2_c47_2) D   6506   6505    241
   6587  6452   205643.7500   301   207094.0000   205058.5000   101220    0.98%  x(c33_2_c43_2) D   6587   6586    321
   6657  6499   205810.6667   296   207094.0000   205058.5000   101312    0.98%   x(c3_2_c11_2) D   6657   6656    391
Elapsed time = 44.67 sec. (52672.31 ticks, tree = 99.62 MB, solutions = 1)
   6734  6550   205998.5000   312   207094.0000   205058.5000   101478    0.98%  x(c28_5_c64_5) D   6734   6733    468
   6819  6609   206639.5461   402   207094.0000   205058.5000   101706    0.98%  x(c61_5_c25_5) D   6819   6818    553
   6920  6697   205060.4222   219   207094.0000   205060.4444   103430    0.98%  x(c20_5_c23_5) D   6920   4883     52
   7030  6807   205085.0000   308   207094.0000   205063.0000   105504    0.98%  x(c61_4_c75_4) U   7030   7029     46
   7155  6932   205101.0000   284   207094.0000   205065.5000   107434    0.98%  x(c64_5_c28_5) N   7155   4856     18
   7260  7037   205444.5000   296   207094.0000   205068.0000   109371    0.98%  x(c75_2_c84_2) U   7260   7105     25
   7384  7160   206062.6667   297   207094.0000   205070.3333   111278    0.98%  x(c70_2_c60_2) N   7384   5746     63
   7493  7269   205079.5000   309   207094.0000   205072.8455   113244    0.98%  x(c55_2_c54_2) D   7493   7492     44
   7612  7388   205247.0000   285   207094.0000   205075.5000   115033    0.97%  x(c52_5_c47_5) U   7612   7610     49
   7738  7514   205264.1250   217   207094.0000   205078.2500   117213    0.97%  x(c27_5_c64_5) U   7738   6233     13
Elapsed time = 51.54 sec. (62282.59 ticks, tree = 118.17 MB, solutions = 1)
   7851  7627   205105.0000   247   207094.0000   205080.8333   119141    0.97%  x(c59_2_c70_2) D   7851   7850     23
   7978  7754   206076.8889   387   207094.0000   205082.2083   120893    0.97%  x(c28_5_c23_5) U   7978   7976     32
   8081  7857   206064.5000   372   207094.0000   205084.1250   122898    0.97%  x(c70_1_c84_1) N   8081   3842     38
   8192  7968   206639.1667   370   207094.0000   205085.8333   125075    0.97%  x(c20_5_c48_5) N   8192   8190     38
   8300  8070   205107.6091   268   207094.0000   205087.0000   127220    0.97%  x(c43_4_c44_4) D   8300   8299     54
   8408  8178   205104.7500   314   207094.0000   205088.8333   129092    0.97%  x(c55_2_c59_2) D   8408   8407     87
   8525  8295   205176.2500   294   207094.0000   205090.7500   130873    0.97%  x(c20_5_c25_5) D   8525   8524     29
   8638  8408   205123.7500   433   207094.0000   205092.8333   132785    0.97%  x(c27_4_c61_4) D   8638   2804     16
   8749  8519   205187.6944   243   207094.0000   205094.7500   134906    0.97%  x(c23_5_c28_5) D   8749   8748     21
   8852  8620   205160.7810   344   207094.0000   205095.9643   136672    0.96%  x(c48_3_c11_3) U   8852   8850     74
Elapsed time = 59.09 sec. (71894.44 ticks, tree = 139.39 MB, solutions = 1)
   8960  8726   205891.4583   347   207094.0000   205098.2500   138739    0.96%  x(c43_2_c35_2) U   8960   8494     89
   9060  8826   205488.8333   159   207094.0000   205099.8333   140518    0.96%  x(c47_5_c52_5) U   9060   9058     21
   9157  8923   205425.7500   375   207094.0000   205101.0000   142697    0.96%  x(c52_5_c47_5) N   9157   9155     20
   9251  9017   205320.7000   268   207094.0000   205103.3500   144866    0.96%  x(c38_2_c79_2) U   9251   7103     32
   9360  9126   205883.2500   169   207094.0000   205104.7500   146521    0.96%  x(c67_4_c95_4) U   9360   2979     28
   9458  9222   205224.8667   253   207094.0000   205106.7188   148674    0.96%  x(c36_2_c38_2) U   9458   7130     75
   9566  9327   205571.8333   353   207094.0000   205108.2500   150807    0.96%  x(c64_5_c27_5) U   9566   7110     12
   9645  9406   205451.2000   274   207094.0000   205110.0000   152570    0.96%  x(c75_2_c84_2) U   9645   7322     28
   9759  9520   205270.4000   296   207094.0000   205111.0357   154538    0.96%  x(c60_3_c63_3) U   9759   9757     78
   9849  9610   205664.7000   278   207094.0000   205112.0000   156616    0.96%  x(c75_2_c84_2) U   9849   8590     51
Elapsed time = 66.71 sec. (81521.02 ticks, tree = 158.75 MB, solutions = 1)
   9957  9717   205287.7500   132   207094.0000   205113.3333   158551    0.96%  x(c54_2_c60_2) U   9957   4724     60
  10029  9774   206200.0000   270   207094.0000   205113.5000   159353    0.96%  x(c56_1_c67_1) N  10029  10028     69
  10100  9822   206630.1667   255   207094.0000   205113.5000   159552    0.96%  x(c54_2_c59_2) D  10100  10099    140
  10190  9901   206254.3333   359   207094.0000   205114.7538   161044    0.96%  x(c75_3_c95_3) N  10190   8799     46
  10280  9991   206004.5000   134   207094.0000   205116.5000   163352    0.95%  x(c95_3_c74_3) U  10280   9285     77
  10373 10084   205133.0000   126   207094.0000   205117.8214   165369    0.95%  x(c60_3_c63_3) D  10373   8712     30
  10456 10166   205174.0000   109   207094.0000   205119.0000   167249    0.95%  x(c71_3_c74_3) D  10456   9861     42
  10550 10260   205167.7778   395   207094.0000   205120.0588   169317    0.95%  x(c80_4_c69_4) D  10550  10549     24
  10649 10359   205180.3750   329   207094.0000   205121.0000   171276    0.95%  x(c64_5_c28_5) D  10649  10648     11
  11023 10730   205130.2821   318   207094.0000   205126.4000   179243    0.95%  x(c82_3_c71_3) D  11023  11022     82
Elapsed time = 75.48 sec. (94052.56 ticks, tree = 181.54 MB, solutions = 1)
  11380 11087   205187.7000   163   207094.0000   205130.8333   187556    0.95%  x(c52_3_c48_3) D  11380   6953     36
  11736 11441   205161.5000   243   207094.0000   205135.0000   195724    0.95%  x(c60_3_c63_3) D  11736  11735     67
  12104 11807   205139.1667   388   207094.0000   205139.1667   203396    0.94%  x(c75_4_c74_4) U  12104   9668     23
  12467 12166   206015.0714   318   207094.0000   205143.0000   211224    0.94%  x(c82_3_c85_3) U  12467   9946     42
  12800 12499   205165.1369   322   207094.0000   205146.8333   219362    0.94%  x(c55_3_c54_3) D  12800  12799     93
  13192 12890   205728.0000   303   207094.0000   205149.7188   226648    0.94%  x(c55_2_c59_2) D  13192  13191     98
  13656 13335   205671.0000   198   207094.0000   205151.8091   230656    0.94%  x(c71_3_c82_3) U  13656   9929     51
  14040 13718   205436.1389   336   207094.0000   205155.2500   237825    0.94%  x(c79_2_c38_2) U  14040  11069     60
  14388 14064   205182.2000   286   207094.0000   205158.5000   245215    0.93%  x(c84_4_c73_4) D  14388  14387     19
  14750 14424   205442.7045   282   207094.0000   205161.5000   252340    0.93%  x(c75_2_c84_2) U  14750  11722     40
Elapsed time = 102.41 sec. (132271.15 ticks, tree = 259.95 MB, solutions = 1)
  15078 14747   206093.4559   478   207094.0000   205164.5000   260041    0.93%  x(c69_3_c80_3) U  15078  11170     65
  15429 15095   205781.8500   362   207094.0000   205167.9368   267505    0.93%  x(c20_5_c23_5) U  15429  14128     19
  15768 15430   205265.3810   222   207094.0000   205170.5000   275156    0.93%  x(c48_3_c52_3) U  15768  15766     54
  16130 15788   205321.7250   239   207094.0000   205173.7500   282259    0.93%  x(c24_2_c17_2) U  16130   7546     45
  16484 16141   205194.7500   122   207094.0000   205176.3462   289282    0.93%  x(c55_4_c43_4) U  16484  15964     69
  16852 16501   205188.6000   275   207094.0000   205178.9714   296270    0.92%  x(c79_2_c69_2) D  16852  16851     35
  17210 16857   205226.1000   316   207094.0000   205181.6250   303525    0.92%  x(c11_3_c16_3) D  17210  17209     30
  17574 17219   205642.1667   279   207094.0000   205183.8333   310830    0.92%  x(c52_3_c54_3) N  17574  15745     28
  17909 17554   206634.1667   340   207094.0000   205186.3333   318543    0.92%  x(c80_5_c70_5) U  17909  15069     38
  18225 17862   205245.5833   204   207094.0000   205188.7500   326759    0.92%  x(c73_2_c77_2) D  18225   4089     28
Elapsed time = 128.43 sec. (170505.96 ticks, tree = 336.15 MB, solutions = 1)
  18552 18189   205199.2333   348   207094.0000   205191.1000   334627    0.92%  x(c61_4_c27_4) D  18552  15028     26
  18863 18494   205507.7000   253   207094.0000   205193.4615   341737    0.92%  x(c55_2_c54_2) U  18863  18861     25
  19188 18816   205473.3056   317   207094.0000   205195.3519   348845    0.92%  x(c23_5_c28_5) U  19188  19186     30
  19496 19121   205198.2500   177   207094.0000   205197.3333   356072    0.92%  x(c80_3_c82_3) D  19496  15708     41
  19831 19448   206223.6667   287   207094.0000   205199.0000   362301    0.92%  x(c25_5_c62_5) U  19831  19829     43
  20114 19729   205201.0000    78   207094.0000   205201.0000   369639    0.91%  x(c79_2_c38_2) D  20114  16956     47
* 20400+19358                       206450.0000   205202.9000             0.60%
  20414 19374   205361.2000   110   206450.0000   205203.0000   376681    0.60%  x(c25_5_c62_5) U  20414  18835     26
  20740 19676   205288.0000   160   206450.0000   205205.0000   384119    0.60%  x(c48_3_c52_3) U  20740  18944     22
  21060 19976   205246.5000   127   206450.0000   205206.9444   391647    0.60%  x(c60_3_c63_3) D  21060  21059     40
  21374 20272   205333.8750   241   206450.0000   205209.1250   399203    0.60%  x(c58_2_c60_2) U  21374  17603     69
Elapsed time = 155.20 sec. (208713.08 ticks, tree = 394.29 MB, solutions = 2)
  21696 20567        cutoff         206450.0000   205211.2857   406534    0.60%  x(c80_5_c56_5) U  21696  21207     74
  22045 20897   205333.2198   241   206450.0000   205213.2917   413633    0.60%  x(c20_5_c25_5) U  22045  17169     52
  22376 21217   205296.0000   152   206450.0000   205215.2778   420936    0.60%  x(c48_3_c52_3) U  22376  20682     54
  22730 21562   205544.6667   159   206450.0000   205217.0000   427887    0.60%  x(c55_3_c54_3) U  22730  22728     88
  23168 21967   205295.7000   176   206450.0000   205218.0833   433161    0.60%  x(c48_3_c52_3) U  23168  18676     58
  23480 22266   205221.0147   283   206450.0000   205219.5556   440475    0.60%   x(c11_3_c2_3) D  23480  23479     47
  23841 22615   205251.6053   281   206450.0000   205221.0000   447229    0.60%  x(c50_4_c46_4) D  23841   9274     47
  24212 22968   205648.3750   323   206450.0000   205222.3654   453876    0.59%  x(c38_2_c79_2) U  24212  24210     47
  24531 23270   205923.0750   251   206450.0000   205223.8723   460424    0.59%  x(c35_2_c43_2) U  24531   9031     26
  24839 23562   205714.3688   443   206450.0000   205225.2000   467964    0.59%  x(c75_2_c84_2) U  24839  20777     44
Elapsed time = 181.02 sec. (246919.82 ticks, tree = 471.44 MB, solutions = 2)
  25174 23881   205256.0625   484   206450.0000   205226.5233   474811    0.59%  x(c70_4_c61_4) D  25174  11324     20
  25468 24154   205444.3125   192   206450.0000   205228.0000   481746    0.59%  x(c11_3_c16_3) U  25468  25466     42
  25772 24440   206132.5376   326   206450.0000   205229.0909   488845    0.59%  x(c58_2_c63_2) U  25772  15537    105
  26090 24745   205662.7786   412   206450.0000   205230.4083   495357    0.59%  x(c38_2_c79_2) U  26090  18035     61
  26397 25027   205240.2500   218   206450.0000   205231.5833   502371    0.59%  x(c84_2_c75_2) D  26397  14858     49
  26690 25298   205243.5714   227   206450.0000   205232.7857   509078    0.59%  x(c63_3_c60_3) D  26690   9135     86
  27007 25590   205241.2500    36   206450.0000   205234.0000   515735    0.59%  x(c47_2_c45_2) D  27007  16722     45
  27300 25865   205236.7750   374   206450.0000   205235.0333   523174    0.59%  x(c75_2_c84_2) D  27300   9470     32
  27590 26136   206173.2500   444   206450.0000   205236.2500   530299    0.59%  x(c67_4_c95_4) U  27590  27588     43
  27884 26412   206005.0000   314   206450.0000   205237.4000   537555    0.59%  x(c77_4_c85_4) U  27884  21400     57
Elapsed time = 206.39 sec. (285208.20 ticks, tree = 540.59 MB, solutions = 2)
  28184 26698   206044.7143   188   206450.0000   205238.5000   544675    0.59%  x(c82_3_c71_3) U  28184  10948     33
  28490 26985   205266.6456   195   206450.0000   205239.7500   551623    0.59%  x(c54_2_c60_2) D  28490  28489     41
  28781 27265   205417.3864   267   206450.0000   205241.2500   558634    0.59%  x(c79_2_c38_2) U  28781  22609     53
  29090 27568   205263.0000   213   206450.0000   205242.5000   565118    0.58%  x(c11_3_c16_3) U  29090  23254     32
  29421 27883   205854.5694   363   206450.0000   205243.3333   571476    0.58%  x(c47_5_c59_5) D  29421  29420    122
  29730 28162   205262.6667   331   206450.0000   205244.1071   577899    0.58%  x(c60_2_c54_2) D  29730  20933     25
  30005 28424   205287.7083   351   206450.0000   205245.1250   585005    0.58%  x(c23_5_c28_5) D  30005  11021     19
  30303 28700   205267.4500   323   206450.0000   205246.2083   592131    0.58%  x(c17_5_c23_5) D  30303  10142     15
  30601 28983   205277.8333   117   206450.0000   205247.3250   599545    0.58%  x(c60_2_c58_2) D  30601  30600     45
  30902 29275   205259.2000   264   206450.0000   205248.5000   606134    0.58%  x(c54_2_c60_2) D  30902   2952     36
Elapsed time = 231.29 sec. (323503.06 ticks, tree = 611.84 MB, solutions = 2)
  31179 29535   206263.8500   359   206450.0000   205249.5192   613623    0.58%  x(c27_4_c61_4) U  31179  21845     40
  31454 29787   205271.7000   268   206450.0000   205250.7000   620593    0.58%  x(c58_2_c60_2) D  31454  18643     45
  31748 30058   205260.1778   207   206450.0000   205251.6382   627669    0.58%  x(c38_2_c79_2) D  31748  31747     45
  32040 30340   206179.5000   291   206450.0000   205252.5000   634238    0.58%  x(c60_2_c63_2) U  32040  32039     78
  32342 30632   205258.0000   292   206450.0000   205253.5000   640988    0.58%  x(c73_4_c75_4) D  32342  32341     32
  32660 30924   205849.7407   325   206450.0000   205254.0439   647101    0.58%  x(c71_2_c70_2) D  32660  32659    126
  32972 31204   206207.8333   437   206450.0000   205254.6944   652605    0.58%  x(c25_5_c63_5) U  32972  32970     27
  33284 31484   205347.4167   320   206450.0000   205255.3333   659181    0.58%  x(c38_2_c31_2) D  33284  14394    110
  33551 31738   205585.1892   464   206450.0000   205256.2500   666109    0.58%  x(c38_2_c79_2) U  33551  30987     55
  33834 32007   206093.0000   324   206450.0000   205257.1444   672448    0.58%  x(c82_3_c85_3) U  33834  33832     47
Elapsed time = 255.38 sec. (361703.63 ticks, tree = 681.12 MB, solutions = 2)
  34129 32296   206022.6667   221   206450.0000   205258.0000   679054    0.58%  x(c82_3_c71_3) U  34129  34127     43
  34400 32550        cutoff         206450.0000   205258.9833   686337    0.58%  x(c17_5_c23_5) U  34400  24730     85
  34679 32817   205259.8462   280   206450.0000   205259.8500   692912    0.58%  x(c11_3_c16_3) D  34679  27473     57
  34957 33072   205975.5000   353   206450.0000   205260.8000   699210    0.58%  x(c69_3_c80_3) U  34957  30709     33
  35244 33330   205493.0333   295   206450.0000   205261.5000   705586    0.58%  x(c59_5_c70_5) U  35244    568     19
  35523 33585   206127.5000   406   206450.0000   205262.5333   712470    0.58%  x(c27_4_c67_4) U  35523  11850     14
  35821 33854   206189.2000   310   206450.0000   205263.2167   718789    0.57%  x(c27_5_c22_5) U  35821  35819     27
  36108 34119   205952.0000   248   206450.0000   205264.0000   725137    0.57%  x(c60_2_c54_2) D  36108  36106     40
* 36180 26217      integral     0   205819.0000   205264.1667   726731    0.27%
  36392 26348   205367.6364   291   205819.0000   205265.1500   731633    0.27%  x(c38_2_c79_2) D  36392  25781     50
  36690 26533   205266.1917   270   205819.0000   205266.2000   738005    0.27%  x(c61_4_c48_4) D  36690  30866     35
Elapsed time = 279.84 sec. (399944.70 ticks, tree = 578.33 MB, solutions = 3)
  36981 26710   205312.0000    46   205819.0000   205267.5000   743878    0.27%  x(c47_2_c49_2) D  36981  29157     29
  37287 26889   205504.0000   274   205819.0000   205268.2500   750369    0.27%  x(c80_3_c83_3) U  37287  37285     76
  37590 27076   205806.9011   231   205819.0000   205269.5000   756845    0.27%  x(c84_2_c75_2) U  37590  24787     32
  37899 27275   205308.9500   215   205819.0000   205270.2143   763519    0.27%  x(c60_3_c63_3) D  37899  15548     81
  38230 27486   205445.7263   282   205819.0000   205271.2857   769032    0.27%  x(c63_3_c60_3) U  38230  25921     69
  38554 27695   205274.0278   287   205819.0000   205272.2000   775080    0.27%  x(c54_2_c60_2) D  38554  30863     30
  38872 27906   205552.1170   397   205819.0000   205273.1111   781280    0.27%  x(c55_2_c54_2) U  38872  23437     56
  39190 28120   205424.7500   239   205819.0000   205273.8732   787598    0.26%  x(c11_3_c47_3) U  39190  39188     41
  39512 28327   205459.1154   312   205819.0000   205274.8583   793646    0.26%  x(c60_3_c63_3) U  39512  37239     88
  39825 28542   205379.7000   267   205819.0000   205275.8857   799873    0.26%  x(c38_2_c79_2) D  39825   5389     38
Elapsed time = 304.18 sec. (438167.09 ticks, tree = 632.60 MB, solutions = 3)
  40139 28748   205518.3704   415   205819.0000   205276.6667   805859    0.26%  x(c38_2_c79_2) U  40139  36047     52
  40468 28991   205298.7222   369   205819.0000   205277.3545   811897    0.26%  x(c20_5_c25_5) D  40468  13660     85
  40780 29212   205285.3333   293   205819.0000   205278.3333   818334    0.26%  x(c79_2_c38_2) D  40780  34869     51
  41086 29374        cutoff         205819.0000   205279.0500   824332    0.26%  x(c28_5_c22_5) U  41086  39808     76
  41407 29593        cutoff         205819.0000   205279.8750   830329    0.26%  x(c20_5_c28_5) U  41407  37559     52
  41743 29826        cutoff         205819.0000   205280.5500   836500    0.26%  x(c28_5_c68_5) U  41743  41741     35
  42060 30052   205283.9231   122   205819.0000   205281.5000   842631    0.26%  x(c84_2_c75_2) D  42060  42059     62
  42392 30285   205459.5007   396   205819.0000   205282.2000   848496    0.26%  x(c38_2_c79_2) U  42392  25644     28
  42717 30509   205589.2986   367   205819.0000   205283.0000   854493    0.26%  x(c75_4_c74_4) U  42717   7911     30
  43034 30705        cutoff         205819.0000   205283.8000   860065    0.26%  x(c76_3_c85_3) U  43034  41483     40
Elapsed time = 328.39 sec. (476401.64 ticks, tree = 690.76 MB, solutions = 3)
  43356 30899   205287.9091   215   205819.0000   205284.6667   866173    0.26%  x(c83_3_c90_3) D  43356  43355     50
  43695 31096   205285.4432   433   205819.0000   205285.4500   872127    0.26%  x(c25_5_c63_5) D  43695  23935     30
  44040 31325   205296.6429   306   205819.0000   205286.2000   878005    0.26%  x(c63_3_c60_3) D  44040  44039     28
  44370 31553   205294.1000   317   205819.0000   205287.0000   883930    0.26%  x(c20_5_c23_5) D  44370  40578     23
  44694 31748   205288.9149   343   205819.0000   205287.7222   890179    0.26%  x(c64_5_c28_5) D  44694  31255     37
  45033 31994   205297.7857   207   205819.0000   205288.4375   896285    0.26%  x(c11_3_c16_3) D  45033  45032     21
  45352 32217        cutoff         205819.0000   205289.0833   902268    0.26%  x(c69_2_c59_2) U  45352  28687     67
  45672 32392   205304.8750   299   205819.0000   205289.8750   908615    0.26%  x(c11_3_c47_3) D  45672  45671     51
  46005 32629        cutoff         205819.0000   205290.5800   914633    0.26%  x(c81_3_c80_3) U  46005  32882     62
  46330 32839   205296.7000   265   205819.0000   205291.2500   920675    0.26%  x(c11_2_c33_2) D  46330   4616     36
Elapsed time = 351.84 sec. (514619.04 ticks, tree = 748.24 MB, solutions = 3)
  46643 33026   205605.0417   295   205819.0000   205292.0000   926995    0.26%  x(c58_2_c60_2) U  46643  46641     66
  46979 33225   205491.3333   240   205819.0000   205292.7500   932687    0.26%  x(c70_2_c59_2) U  46979   8435     66
  47314 33440   205456.6250   279   205819.0000   205293.5000   938785    0.26%  x(c80_3_c83_3) U  47314  44492     57
  47646 33652   205301.1000   263   205819.0000   205294.2000   944820    0.25%  x(c56_2_c59_2) D  47646  11690     55
  47970 33864   205307.7500   151   205819.0000   205295.0000   951147    0.25%  x(c52_5_c47_5) D  47970  40515     16
  48300 34083   205306.2727   356   205819.0000   205295.7000   957401    0.25%  x(c11_3_c47_3) D  48300  48299     68
  48644 34326        cutoff         205819.0000   205296.2857   962965    0.25%  x(c59_2_c70_2) U  48644  10278     45
  48959 34533   205512.6505   290   205819.0000   205297.0000   969436    0.25%  x(c59_2_c70_2) D  48959  48958     45
  49283 34726   205299.8800   209   205819.0000   205297.5800   975255    0.25%  x(c60_3_c63_3) D  49283  49282     42
  49619 34960   205305.8889   352   205819.0000   205298.3355   981212    0.25%  x(c20_5_c23_5) D  49619  49618     33
Elapsed time = 375.07 sec. (552832.55 ticks, tree = 805.31 MB, solutions = 3)
  49933 35155        cutoff         205819.0000   205299.0720   987357    0.25%  x(c11_3_c16_3) U  49933  43563     43
  50267 35358   205406.0000   104   205819.0000   205299.7500   993232    0.25%  x(c60_2_c58_2) U  50267  50265     55
  50602 35569        cutoff         205819.0000   205300.3750   999267    0.25%   x(c2_3_c11_3) U  50602  37861     47
  50947 35811   205605.5000   228   205819.0000   205301.0000  1005044    0.25%  x(c69_3_c80_3) D  50947  50945     64
  51267 35997   205304.3000   114   205819.0000   205301.5333  1010857    0.25%  x(c11_3_c16_3) D  51267  51266     45
  51580 36193   205306.4000   170   205819.0000   205302.2355  1016829    0.25%  x(c59_2_c58_2) D  51580  47125     98
  51893 36385   205312.2593   231   205819.0000   205302.8333  1022873    0.25%  x(c60_2_c63_2) D  51893  51892     42
  52199 36572   205319.7727   433   205819.0000   205303.5000  1028951    0.25%  x(c75_2_c84_2) D  52199  42361     55
  52545 36787   205324.9167   315   205819.0000   205304.0000  1034423    0.25%  x(c76_3_c94_3) D  52545  36074     43
  52864 37004   205464.7083   362   205819.0000   205304.6272  1040486    0.25%  x(c60_2_c63_2) U  52864  52862     57
Elapsed time = 398.17 sec. (591057.21 ticks, tree = 860.93 MB, solutions = 3)
  53194 37210   205309.4000   243   205819.0000   205305.2250  1046083    0.25%  x(c84_2_c75_2) D  53194  37643     58
  53516 37404   205395.6124   372   205819.0000   205305.8194  1052120    0.25%  x(c60_2_c58_2) U  53516  42757     65
  53861 37634   205772.5000   138   205819.0000   205306.3333  1057710    0.25%  x(c20_5_c23_5) U  53861  53859     13
  54201 37833   205500.0000   400   205819.0000   205306.8571  1063555    0.25%  x(c22_5_c25_5) U  54201   2266     19
  54537 38045   205327.4091   264   205819.0000   205307.5000  1069486    0.25%  x(c75_2_c84_2) D  54537  28994     44
  54889 38259   205492.5000   251   205819.0000   205308.0000  1074922    0.25%  x(c76_3_c94_3) U  54889  31803     56
  55204 38426   205414.2763   479   205819.0000   205308.5167  1080893    0.25%  x(c11_3_c47_3) U  55204  55202     60
  55516 38573   205388.7000   244   205819.0000   205309.2000  1086667    0.25%  x(c70_2_c71_2) D  55516  37892     62
  55825 38763   205310.9667   319   205819.0000   205309.7667  1093108    0.25%  x(c82_3_c71_3) D  55825  55824     70
  56145 38966   205547.4009   149   205819.0000   205310.4426  1099112    0.25%  x(c59_2_c58_2) U  56145  43549     58
Elapsed time = 420.79 sec. (629266.47 ticks, tree = 914.54 MB, solutions = 3)
  56474 39167   205499.0000   183   205819.0000   205311.0000  1105151    0.25%  x(c56_2_c59_2) U  56474  56472     48
  56817 39382   205460.2000    57   205819.0000   205311.5000  1110633    0.25%  x(c56_2_c55_2) U  56817  45718     32
  57146 39581   205500.2500   184   205819.0000   205312.0000  1116566    0.25%  x(c84_2_c75_2) U  57146  56364     41
  57468 39774   205454.6250   354   205819.0000   205312.6250  1122441    0.25%  x(c24_2_c17_2) U  57468  19998     50
  57784 39994   205320.3333   234   205819.0000   205313.2500  1128584    0.25%  x(c11_3_c47_3) D  57784  54051     71
  58096 40176        cutoff         205819.0000   205313.8451  1134239    0.25%  x(c27_5_c64_5) U  58096  38441     19
  58410 40351   205684.5000   460   205819.0000   205314.5000  1140211    0.25%  x(c28_5_c23_5) U  58410  40712     23
  58744 40551        cutoff         205819.0000   205315.1394  1146410    0.24%   x(c11_3_c2_3) U  58744  52593     85
  59089 40759   205315.7000   234   205819.0000   205315.7000  1152192    0.24%  x(c75_2_c84_2) D  59089  35019     51
  59399 40923   205384.8500   224   205819.0000   205316.2404  1157824    0.24%  x(c60_2_c63_2) D  59399  59398     56
Elapsed time = 443.46 sec. (667468.78 ticks, tree = 968.10 MB, solutions = 3)
  59712 41119   205324.1161   202   205819.0000   205316.8750  1163821    0.24%  x(c11_3_c16_3) D  59712  59711     44
  60022 41296        cutoff         205819.0000   205317.3426  1169738    0.24%  x(c94_4_c65_4) U  60022  58130     38
  60350 41535   205421.7500   303   205819.0000   205318.0000  1175933    0.24%   x(c11_3_c2_3) D  60350  60349     45
  60699 41748   205326.9253   357   205819.0000   205318.5944  1181598    0.24%  x(c11_3_c16_3) D  60699  17238     23
  61007 41879   205325.4000   271   205819.0000   205319.1000  1186805    0.24%  x(c54_2_c60_2) D  61007  56253     42
  61304 42056   205334.0900   309   205819.0000   205319.6000  1192786    0.24%  x(c52_3_c48_3) D  61304  61303     72
  61658 42294   205374.0000   307   205819.0000   205320.1818  1198236    0.24%  x(c71_3_c60_3) D  61658  61657     41
  61976 42469   205325.8820   432   205819.0000   205320.7692  1204360    0.24%  x(c13_2_c11_2) D  61976  18421     79
  62315 42665   205698.6000   369   205819.0000   205321.3018  1210159    0.24%  x(c70_4_c69_4) U  62315  35773     17
  62610 42832   205553.2381   383   205819.0000   205321.9167  1216577    0.24%  x(c38_2_c79_2) U  62610  62608     51
Elapsed time = 466.01 sec. (705682.64 ticks, tree = 1020.90 MB, solutions = 3)
  62940 43031   205330.6000   228   205819.0000   205322.3333  1222685    0.24%   x(c11_3_c9_3) D  62940  62939     72
  63284 43260        cutoff         205819.0000   205322.7556  1228371    0.24%   x(c11_3_c2_3) U  63284  48157     59
  63610 43458   205746.9073   414   205819.0000   205323.2500  1234701    0.24%  x(c38_2_c79_2) U  63610  53283     52
  63931 43652   205654.9959   328   205819.0000   205323.8462  1240745    0.24%  x(c58_2_c59_2) U  63931  63929     48
  64223 43825        cutoff         205819.0000   205324.4091  1246640    0.24%  x(c28_5_c68_5) U  64223  21351     91
  64523 44005   205329.9750   294   205819.0000   205325.0000  1252735    0.24%  x(c11_3_c48_3) D  64523  19638     52
  64826 44184   205438.3333   121   205819.0000   205325.5000  1258591    0.24%  x(c79_2_c38_2) D  64826  32869     27
  65167 44419   205329.9345   349   205819.0000   205326.0000  1264395    0.24%  x(c28_5_c62_5) D  65167  60201     42
  65477 44584   205332.5111   240   205819.0000   205326.5238  1269890    0.24%  x(c38_2_c79_2) D  65477  65476     42
  65794 44766        cutoff         205819.0000   205327.0000  1275489    0.24%  x(c54_2_c60_2) U  65794  65792     29
Elapsed time = 488.54 sec. (743866.11 ticks, tree = 1074.44 MB, solutions = 3)
  66102 44954   205691.5000   105   205819.0000   205327.5000  1280926    0.24%  x(c59_2_c70_2) D  66102  66101     62
  66433 45159   205470.5000   250   205819.0000   205328.0000  1286420    0.24%  x(c27_3_c64_3) U  66433  21863     25
  66750 45365   205392.5833   313   205819.0000   205328.5000  1292485    0.24%  x(c60_2_c58_2) D  66750  66749     53
  67060 45561   205340.6111   203   205819.0000   205329.0705  1298589    0.24%  x(c52_3_c54_3) D  67060  63383     56
  67377 45735   205714.7115   416   205819.0000   205329.6793  1304319    0.24%  x(c79_2_c38_2) U  67377  59637     36
  67679 45897   205781.5000   277   205819.0000   205330.2500  1310158    0.24%  x(c69_2_c59_2) U  67679  53648     85
  67990 46067        cutoff         205819.0000   205330.7647  1315963    0.24%  x(c23_5_c20_5) U  67990  67988     69
  68309 46247        cutoff         205819.0000   205331.3571  1321935    0.24%   x(c11_3_c2_3) U  68309  68307     51
  68616 46432   205653.5787   346   205819.0000   205331.8500  1327957    0.24%  x(c63_3_c60_3) U  68616  63215     65
  68928 46615   205335.3971   267   205819.0000   205332.3519  1333601    0.24%  x(c80_3_c83_3) D  68928  55077     88
Elapsed time = 510.97 sec. (782069.53 ticks, tree = 1125.74 MB, solutions = 3)
  69230 46789   205349.5000   190   205819.0000   205332.8444  1339552    0.24%  x(c84_2_c75_2) D  69230  69229     40
  69530 46975   205610.3333   454   205819.0000   205333.4000  1345511    0.24%  x(c28_5_c22_5) U  69530  28969     32
  69848 47175   205372.8667   277   205819.0000   205333.8333  1351277    0.24%  x(c55_5_c70_5) D  69848   4618     24
  70154 47341   205686.8397   378   205819.0000   205334.4500  1356934    0.24%  x(c79_2_c38_2) U  70154  64180     43
  70465 47532   205335.0000   183   205819.0000   205335.0000  1362901    0.24%  x(c84_2_c75_2) D  70465  59256     39
  70774 47713   205458.4167   209   205819.0000   205335.5000  1368887    0.23%  x(c11_3_c48_3) D  70774  36512     29
  71103 47902        cutoff         205819.0000   205336.0000  1374582    0.23%  x(c70_2_c59_2) U  71103  48421     54
  71401 48049        cutoff         205819.0000   205336.5000  1380415    0.23%   x(c2_3_c11_3) U  71401  70278     45
  71713 48225   205401.9545   220   205819.0000   205337.0000  1386413    0.23%  x(c61_4_c71_4) D  71713  71711     62
  72033 48410   205441.6429   109   205819.0000   205337.5000  1391912    0.23%  x(c60_2_c24_2) D  72033  72032     70
Elapsed time = 533.45 sec. (820307.42 ticks, tree = 1176.34 MB, solutions = 3)
  72338 48588   205687.2083   327   205819.0000   205337.9333  1397724    0.23%  x(c57_3_c55_3) U  72338  43437     52
  72647 48762   205506.5000   207   205819.0000   205338.5000  1403504    0.23%  x(c71_3_c60_3) U  72647  72645     84
  72976 48951   205360.0000    96   205819.0000   205339.0000  1409369    0.23%  x(c56_2_c59_2) D  72976  57125     36
  73295 49139   205701.1463   368   205819.0000   205339.4583  1415047    0.23%  x(c60_2_c63_2) U  73295  73293     84
  73584 49292   205339.9583   313   205819.0000   205339.9643  1421128    0.23%  x(c20_5_c14_5) D  73584  67294     51
  73903 49495   205698.8587   396   205819.0000   205340.3750  1427075    0.23%  x(c75_5_c78_5) U  73903  18390     45
  74199 49675   205352.1057   285   205819.0000   205340.9375  1432866    0.23%  x(c75_2_c84_2) D  74199  74197     49
  74513 49824   205642.3375   382   205819.0000   205341.4000  1438921    0.23%  x(c38_2_c79_2) U  74513  74511     55
  74803 50000   205343.8712   456   205819.0000   205341.8636  1444884    0.23%  x(c28_5_c23_5) D  74803  74802     56
  75130 50197   205626.6000   245   205819.0000   205342.4167  1450307    0.23%   x(c11_3_c9_3) U  75130  74996     65
Elapsed time = 555.60 sec. (858537.78 ticks, tree = 1226.59 MB, solutions = 3)
  75448 50375   205538.2075   435   205819.0000   205342.8833  1455957    0.23%  x(c77_4_c78_4) U  75448  55643     63
  75755 50544   205546.8750   310   205819.0000   205343.3810  1461640    0.23%  x(c80_3_c83_3) U  75755  75753     41
  76074 50729        cutoff         205819.0000   205343.9444  1467676    0.23%  x(c64_5_c66_5) U  76074  71446     52
  76400 50928        cutoff         205819.0000   205344.3646  1473390    0.23%  x(c11_3_c16_3) U  76400  57367     32
  76711 51100        cutoff         205819.0000   205344.8214  1479426    0.23%  x(c69_2_c55_2) U  76711  76231     57
  77012 51275   205397.7500   296   205819.0000   205345.2958  1485210    0.23%  x(c20_5_c25_5) D  77012   8061     19
  77302 51438   205409.8995   195   205819.0000   205345.7682  1490667    0.23%  x(c60_2_c58_2) D  77302  77301     48
  77630 51633        cutoff         205819.0000   205346.1714  1495910    0.23%  x(c28_5_c61_5) U  77630  59134     77
  77929 51800        cutoff         205819.0000   205346.6500  1501770    0.23%  x(c23_5_c20_5) U  77929  71332     74
  78247 51991   205764.5750   308   205819.0000   205347.0250  1507383    0.23%  x(c59_2_c70_2) U  78247  78245     39
Elapsed time = 577.82 sec. (896783.84 ticks, tree = 1277.16 MB, solutions = 3)
  78550 52159   205396.8188   322   205819.0000   205347.5476  1513226    0.23%  x(c71_3_c60_3) D  78550  78549     62
  78855 52357   205348.0000   351   205819.0000   205348.0000  1519528    0.23%  x(c20_5_c23_5) D  78855  74787     40
  79155 52479        cutoff         205819.0000   205348.5852  1525212    0.23%  x(c60_3_c64_3) U  79155  77662     35
  79448 52626        cutoff         205819.0000   205349.0857  1531440    0.23%  x(c80_5_c70_5) U  79448  10184     35
  79749 52799   205596.9375   306   205819.0000   205349.6167  1537225    0.23%  x(c56_2_c59_2) U  79749  79747     45
* 79970 35963      integral     0   205589.0000   205350.0000  1541335    0.12%
  80060 35982   205551.4545   261   205589.0000   205350.1111  1542833    0.12%  x(c70_2_c59_2) U  80060  80058     46
  80384 36085        cutoff         205589.0000   205350.6389  1547752    0.12%  x(c61_4_c56_4) U  80384  48113     31
  80684 36144        cutoff         205589.0000   205351.2000  1552483    0.12%   x(c11_3_c2_3) U  80684  76934     58
  81000 36236   205363.0000   184   205589.0000   205351.8600  1557336    0.12%  x(c23_5_c20_5) D  81000  80999     78
  81327 36306   205352.4167   291   205589.0000   205352.4167  1562104    0.12%   x(c11_3_c2_3) D  81327  74085     61
Elapsed time = 600.11 sec. (935054.67 ticks, tree = 903.03 MB, solutions = 4)
  81681 36409   205352.9457   214   205589.0000   205352.9483  1566950    0.11%  x(c83_3_c90_3) D  81681  77913     51
  82033 36502        cutoff         205589.0000   205353.4167  1571994    0.11%  x(c75_2_c84_2) U  82033  64398     43
  82387 36607   205357.2059   234   205589.0000   205353.9786  1576892    0.11%  x(c84_2_c75_2) D  82387  82386     72
  82740 36705   205442.6463   349   205589.0000   205354.5000  1581729    0.11%  x(c11_3_c47_3) U  82740  82737     60
  83106 36820        cutoff         205589.0000   205355.0000  1586440    0.11%  x(c80_5_c70_5) U  83106  20685     56
  83470 36947   205356.7222   321   205589.0000   205355.5660  1591804    0.11%  x(c38_2_c79_2) D  83470  81501     61
  83828 37059   205356.2000   264   205589.0000   205356.2000  1596698    0.11%  x(c75_2_c84_2) D  83828  71861     25
  84184 37164   205373.7500   122   205589.0000   205356.7500  1601566    0.11%  x(c60_2_c63_2) D  84184  24374     79
  84540 37257   205425.7262   322   205589.0000   205357.2812  1606142    0.11%  x(c60_2_c63_2) U  84540  73863     63
  84902 37353   205398.1429   260   205589.0000   205357.7895  1610876    0.11%  x(c60_3_c63_3) D  84902  65671     77
Elapsed time = 623.70 sec. (973264.10 ticks, tree = 934.14 MB, solutions = 4)
  85277 37500   205532.5000   162   205589.0000   205358.3333  1616339    0.11%  x(c20_5_c25_5) U  85277   9108     43
  85638 37601        cutoff         205589.0000   205358.8750  1621261    0.11%   x(c2_3_c11_3) U  85638  52378     43
  85989 37714   205360.1136   336   205589.0000   205359.4167  1626453    0.11%  x(c58_2_c59_2) D  85989  81087     52
  86334 37831   205542.5333   210   205589.0000   205359.8568  1631143    0.11%  x(c84_2_c75_2) U  86334  23948     27
  86686 37932        cutoff         205589.0000   205360.2500  1635827    0.11%  x(c60_2_c24_2) U  86686  86684     53
  86990 38019        cutoff         205589.0000   205360.7500  1640195    0.11%  x(c28_5_c23_5) U  86990  86988     85
  87336 38113        cutoff         205589.0000   205361.3000  1644777    0.11%  x(c75_2_c86_2) U  87336  65491     40
  87702 38234        cutoff         205589.0000   205361.7500  1649643    0.11%  x(c75_2_c84_2) U  87702  53113     33
  88057 38340        cutoff         205589.0000   205362.2000  1654196    0.11%  x(c79_2_c38_2) U  88057  44222     28
  88415 38437   205381.9048   211   205589.0000   205362.7143  1658967    0.11%  x(c47_2_c49_2) D  88415  88414     40
Elapsed time = 646.88 sec. (1011500.77 ticks, tree = 965.78 MB, solutions = 4)
  88764 38571   205400.5909   353   205589.0000   205363.1698  1664176    0.11%  x(c23_5_c20_5) D  88764  88763     56
  89099 38622   205364.0667   337   205589.0000   205363.6591  1668564    0.11%  x(c76_3_c74_3) D  89099  80781     58
  89446 38740        cutoff         205589.0000   205364.0833  1673671    0.11%  x(c70_2_c59_2) U  89446  87835     67
  89782 38822   205365.1905   406   205589.0000   205364.6196  1678545    0.11%  x(c28_5_c22_5) D  89782  89781     39
  90131 38927        cutoff         205589.0000   205365.1364  1683752    0.11%  x(c17_5_c23_5) U  90131  80549     84
  90471 39017   205508.3333   297   205589.0000   205365.5789  1688628    0.11%  x(c79_2_c38_2) U  90471  63860     51
  90811 39095   205372.3333   210   205589.0000   205366.0000  1693778    0.11%  x(c48_3_c11_3) D  90811  85697     68
  91169 39207        cutoff         205589.0000   205366.4545  1698274    0.11%  x(c75_2_c84_2) U  91169  77231     18
  91510 39321   205450.0172   391   205589.0000   205366.9750  1703298    0.11%  x(c23_5_c20_5) D  91510  46063     58
  91866 39431   205572.6667   384   205589.0000   205367.4364  1707628    0.11%  x(c61_4_c71_4) U  91866  86354     35
Elapsed time = 670.02 sec. (1049706.35 ticks, tree = 995.45 MB, solutions = 4)
  92206 39523        cutoff         205589.0000   205367.8750  1712260    0.11%  x(c28_5_c66_5) U  92206  77264     23
  92513 39628   205370.3333   224   205589.0000   205368.2646  1716664    0.11%   x(c11_3_c2_3) D  92513  92512     65
  92863 39719   205480.1250   154   205589.0000   205368.7500  1721325    0.11%  x(c43_2_c47_2) U  92863  92861     77
  93207 39805        cutoff         205589.0000   205369.2143  1725905    0.11%  x(c79_2_c38_2) U  93207  89090     39
  93548 39882   205516.5476   373   205589.0000   205369.7143  1730797    0.11%  x(c54_2_c60_2) U  93548  80875     61
  93907 39993   205379.6753   297   205589.0000   205370.2368  1735479    0.11%  x(c60_3_c63_3) D  93907  93906     39
  94252 40081   205442.7000   220   205589.0000   205370.7000  1740409    0.11%  x(c89_4_c84_4) N  94252  11063     28
  94617 40189        cutoff         205589.0000   205371.1990  1745127    0.11%  x(c84_2_c75_2) U  94617  81671     43
  94968 40302   205547.7000   204   205589.0000   205371.5337  1750002    0.11%  x(c76_3_c94_3) U  94968  72801     41
  95318 40390   205411.5625   242   205589.0000   205372.0000  1754674    0.11%  x(c60_2_c58_2) D  95318  95316     53
Elapsed time = 692.70 sec. (1087900.66 ticks, tree = 1024.04 MB, solutions = 4)
  95679 40489   205377.6000   197   205589.0000   205372.4000  1759308    0.11%  x(c45_2_c11_2) D  95679  82125     67
  96020 40583        cutoff         205589.0000   205372.8750  1764017    0.11%  x(c69_3_c80_3) U  96020  87114     33
  96356 40667   205479.9242   450   205589.0000   205373.2500  1768955    0.10%  x(c11_2_c33_2) U  96356  96354     31
  96721 40772   205384.6429   286   205589.0000   205373.7500  1773553    0.10%  x(c63_3_c60_3) D  96721  96720     42
  97063 40844   205388.2000   257   205589.0000   205374.2000  1778091    0.10%  x(c79_2_c38_2) D  97063  83004     40
  97384 40898        cutoff         205589.0000   205374.6737  1782885    0.10%  x(c28_5_c23_5) U  97384  80791     29
  97723 40966        cutoff         205589.0000   205375.1429  1787689    0.10%  x(c64_5_c66_5) U  97723  64057     72
  98072 41071        cutoff         205589.0000   205375.5039  1792205    0.10%  x(c52_5_c47_5) U  98072  58094     27
  98435 41188        cutoff         205589.0000   205375.9091  1797102    0.10%   x(c11_3_c2_3) U  98435  90127     73
  98780 41274        cutoff         205589.0000   205376.4167  1801908    0.10%  x(c79_2_c38_2) U  98780  98778     39
Elapsed time = 715.41 sec. (1126106.94 ticks, tree = 1050.49 MB, solutions = 4)
  99130 41363   205377.8949   302   205589.0000   205376.7857  1806822    0.10%  x(c11_3_c16_3) D  99130  99129     51
  99469 41419   205389.5000   246   205589.0000   205377.2500  1811233    0.10%  x(c80_3_c83_3) D  99469  96243     52
  99797 41465        cutoff         205589.0000   205377.7203  1815888    0.10%  x(c11_3_c16_3) U  99797  98249     53
 100134 41525        cutoff         205589.0000   205378.1667  1820562    0.10%  x(c79_2_c38_2) U 100134  95916     32
 100490 41633   205380.4375   157   205589.0000   205378.5833  1825199    0.10%  x(c59_2_c58_2) D 100490  94646     57
 100840 41706        cutoff         205589.0000   205379.0000  1830025    0.10%  x(c82_3_c90_3) U 100840  79965     77
 101180 41788   205525.0000   150   205589.0000   205379.5000  1834347    0.10%  x(c60_2_c63_2) N 101180 101179     63
 101504 41900   205388.0185   364   205589.0000   205379.9062  1838383    0.10%  x(c80_5_c70_5) D 101504  68445     36
 101871 42032   205385.3309   311   205589.0000   205380.3133  1842918    0.10%  x(c28_5_c22_5) D 101871  89437     89
 102217 42134        cutoff         205589.0000   205380.7303  1847650    0.10%  x(c75_2_c84_2) U 102217  29573     43
Elapsed time = 737.69 sec. (1164299.24 ticks, tree = 1076.29 MB, solutions = 4)
 102561 42196   205413.8297   244   205589.0000   205381.0556  1851906    0.10%  x(c11_3_c48_3) D 102561  99587     89
 102903 42287        cutoff         205589.0000   205381.5000  1856414    0.10%  x(c60_2_c24_2) U 102903  82083     79
 103254 42390   205402.6364   239   205589.0000   205381.8750  1860899    0.10%  x(c54_2_c60_2) D 103254  97613     38
 103598 42484   205518.7500   223   205589.0000   205382.2500  1865577    0.10%  x(c60_2_c63_2) U 103598 103596     85
 103938 42570   205457.0734   431   205589.0000   205382.6667  1870423    0.10%  x(c11_3_c47_3) U 103938   9817     46
 104280 42667   205429.0000   104   205589.0000   205383.0833  1875206    0.10%  x(c71_2_c70_2) D 104280  38552     42
 104626 42757   205391.5000   105   205589.0000   205383.5625  1879992    0.10%  x(c75_2_c86_2) D 104626 104625     48
 104960 42802   205579.3667   244   205589.0000   205384.0000  1884358    0.10%  x(c75_4_c74_4) U 104960   1623     29
 105288 42875   205568.6667   136   205589.0000   205384.4706  1889020    0.10%  x(c60_3_c63_3) U 105288 105286     58
 105642 42945   205444.7396   322   205589.0000   205384.8333  1893564    0.10%  x(c60_2_c63_2) U 105642 105640     75
Elapsed time = 760.10 sec. (1202529.23 ticks, tree = 1101.00 MB, solutions = 4)
 105998 43053   205519.4691   360   205589.0000   205385.2175  1898303    0.10%  x(c58_2_c60_2) U 105998  80793     64
 106354 43153        cutoff         205589.0000   205385.6667  1902682    0.10%  x(c59_2_c58_2) U 106354 106352     76
 106691 43232   205389.9940   208   205589.0000   205386.1429  1907803    0.10%  x(c75_2_c84_2) D 106691 106690     80
 107035 43290        cutoff         205589.0000   205386.5000  1912181    0.10%  x(c63_3_c60_3) U 107035 100679     37
 107374 43375   205422.0000   173   205589.0000   205387.0000  1916730    0.10%  x(c45_5_c52_5) D 107374  79572     28
 107696 43402   205387.4500   500   205589.0000   205387.4500  1921254    0.10%  x(c45_5_c47_5) D 107696 104163     40
 108058 43533   205492.9000   124   205589.0000   205387.8750  1926008    0.10%  x(c11_2_c33_2) D 108058 108056     53
 108401 43595        cutoff         205589.0000   205388.2500  1930649    0.10%  x(c45_5_c52_5) U 108401  60171     30
 108761 43700        cutoff         205589.0000   205388.6545  1935217    0.10%  x(c60_2_c63_2) U 108761 108759     53
 109081 43750   205389.0246   261   205589.0000   205389.0278  1939334    0.10%  x(c60_3_c63_3) D 109081 105609     53
Elapsed time = 781.98 sec. (1240735.29 ticks, tree = 1125.33 MB, solutions = 4)
 109424 43805   205454.0397   366   205589.0000   205389.5000  1943851    0.10%  x(c79_2_c38_2) D 109424  96107     48
 109759 43874        cutoff         205589.0000   205389.8750  1948446    0.10%  x(c28_5_c68_5) U 109759  63651     47
 110096 43920   205396.5000   232   205589.0000   205390.2500  1952796    0.10%  x(c48_3_c11_3) D 110096  89114     58
 110449 44002   205400.6146   209   205589.0000   205390.6500  1957197    0.10%  x(c58_2_c59_2) D 110449  31556     50
 110786 44115   205397.2500   236   205589.0000   205391.0000  1961599    0.10%  x(c63_3_c60_3) D 110786 103692     56
 111130 44171        cutoff         205589.0000   205391.5000  1966168    0.10%  x(c84_2_c75_2) U 111130  94363     24
 111470 44275   205417.3750   302   205589.0000   205391.8750  1971097    0.10%  x(c11_2_c33_2) D 111470 104135     41
 111815 44338   205409.3872   412   205589.0000   205392.2667  1975647    0.10%  x(c60_2_c54_2) D 111815 107905     65
 112159 44408        cutoff         205589.0000   205392.6667  1979999    0.10%  x(c81_3_c80_3) U 112159 112157     49
 112496 44489   205571.2011   455   205589.0000   205393.0714  1984619    0.10%  x(c77_4_c74_4) U 112496 102306     56
Elapsed time = 803.35 sec. (1278947.27 ticks, tree = 1148.08 MB, solutions = 4)
 112837 44571        cutoff         205589.0000   205393.5000  1989025    0.10%  x(c71_3_c82_3) U 112837  80629     46
 113200 44677   205397.8607   295   205589.0000   205393.9125  1993427    0.09%  x(c23_5_c20_5) D 113200  89670     56
 113554 44757        cutoff         205589.0000   205394.2857  1997974    0.09%  x(c73_4_c77_4) U 113554 108856     63
 113896 44848        cutoff         205589.0000   205394.7037  2002768    0.09%  x(c60_2_c63_2) D 113896 107077    102
 114241 44926        cutoff         205589.0000   205395.1049  2007360    0.09%  x(c60_3_c63_3) U 114241 109945     44
 114569 45015   205529.7711   456   205589.0000   205395.5313  2012136    0.09%  x(c56_2_c59_2) U 114569  89433     59
 114901 45076        cutoff         205589.0000   205396.0000  2016278    0.09%  x(c28_5_c61_5) U 114901 109835     59
 115233 45141   205396.3750   396   205589.0000   205396.3750  2020762    0.09%  x(c47_5_c52_5) D 115233 112511     52
 115557 45206        cutoff         205589.0000   205396.7500  2025295    0.09%  x(c65_4_c95_4) U 115557  99647     64
 115885 45275        cutoff         205589.0000   205397.1310  2030101    0.09%  x(c75_2_c86_2) U 115885  93274     61
Elapsed time = 824.39 sec. (1317206.96 ticks, tree = 1172.07 MB, solutions = 4)
 116202 45348        cutoff         205589.0000   205397.5222  2034161    0.09%  x(c84_2_c75_2) U 116202 116200     63
 116528 45402        cutoff         205589.0000   205397.9429  2038343    0.09%  x(c28_5_c63_5) U 116528  43684     49
 116870 45498   205400.0500   220   205589.0000   205398.2407  2042692    0.09%  x(c73_2_c84_2) D 116870  38577     86
 117190 45586   205401.5298   312   205589.0000   205398.5389  2046950    0.09%  x(c70_2_c71_2) D 117190  97566     76
 117517 45664   205438.7083   346   205589.0000   205398.9444  2051192    0.09%  x(c80_3_c83_3) D 117517 105628     60
 117853 45746   205568.6818   286   205589.0000   205399.3125  2055527    0.09%  x(c43_2_c47_2) U 117853 117851     51
 118175 45820   205404.7000   279   205589.0000   205399.7000  2059963    0.09%  x(c54_2_c60_2) D 118175  64532     27
 118514 45904   205401.7532   363   205589.0000   205400.0469  2064099    0.09%  x(c94_4_c65_4) D 118514  92434     54
 118850 45977   205403.5688   322   205589.0000   205400.4615  2068514    0.09%  x(c75_2_c84_2) D 118850  78550     63
 119191 46073   205400.7963   286   205589.0000   205400.8036  2072934    0.09%  x(c76_3_c94_3) D 119191 116320     40
Elapsed time = 844.86 sec. (1355436.41 ticks, tree = 1196.39 MB, solutions = 4)
 119511 46149   205401.1389   290   205589.0000   205401.1389  2076829    0.09%  x(c75_2_c86_2) N 119511  92918     57
 119813 46220        cutoff         205589.0000   205401.5000  2081063    0.09%  x(c56_2_c59_2) U 119813 119811     51
 120140 46265   205494.9032   302   205589.0000   205401.8083  2085606    0.09%  x(c64_5_c63_5) U 120140 120138     41
 120457 46334        cutoff         205589.0000   205402.1818  2090062    0.09%  x(c71_3_c82_3) U 120457  44919     60
 120779 46396        cutoff         205589.0000   205402.5675  2094144    0.09%  x(c28_5_c63_5) U 120779  37122     36
 121102 46456        cutoff         205589.0000   205403.0000  2098555    0.09%  x(c45_2_c11_2) D 121102 117302     52
 121426 46500   205435.8333   205   205589.0000   205403.3333  2102867    0.09%  x(c33_4_c11_4) N 121426 115663     55
 121742 46561   205557.2000   121   205589.0000   205403.7000  2106868    0.09%  x(c60_2_c63_2) U 121742  78500     32
 122057 46609   205557.9556   387   205589.0000   205404.0345  2111143    0.09%  x(c54_2_c60_2) U 122057 103770     47
 122393 46678   205404.8750   252   205589.0000   205404.5000  2115342    0.09%  x(c54_2_c60_2) D 122393 113616     35
Elapsed time = 864.78 sec. (1393643.88 ticks, tree = 1215.42 MB, solutions = 4)
 122707 46738        cutoff         205589.0000   205404.8125  2119436    0.09%  x(c63_5_c28_5) U 122707 100303     52
 123018 46777        cutoff         205589.0000   205405.2083  2123332    0.09%  x(c28_5_c66_5) U 123018  76164     73
 123337 46833   205513.3333   317   205589.0000   205405.5833  2127459    0.09%  x(c60_2_c63_2) U 123337  71047     79
 123665 46911        cutoff         205589.0000   205406.0000  2131420    0.09%  x(c11_3_c16_3) U 123665  30136     49
 123991 46991   205406.3626   249   205589.0000   205406.2726  2135169    0.09%  x(c94_4_c65_4) D 123991  79574     74
 124301 47037   205501.7500   269   205589.0000   205406.6250  2139219    0.09%  x(c60_2_c63_2) N 124301 119419     66
 124614 47077   205451.0000   192   205589.0000   205407.0000  2143232    0.09%  x(c60_2_c63_2) D 124614 105602     46
 124928 47141        cutoff         205589.0000   205407.3333  2147335    0.09%  x(c75_2_c86_2) U 124928  91692     33
 125245 47228   205412.7727   266   205589.0000   205407.6667  2151178    0.09%  x(c80_3_c83_3) D 125245 125243     35
 125572 47316   205507.6667   204   205589.0000   205408.0000  2155456    0.09%  x(c38_2_c79_2) D 125572  57499     47
Elapsed time = 884.63 sec. (1431869.44 ticks, tree = 1235.63 MB, solutions = 4)
 125894 47362        cutoff         205589.0000   205408.3738  2159171    0.09%  x(c52_3_c48_3) U 125894 125892     56
 126216 47425        cutoff         205589.0000   205408.6667  2162982    0.09%  x(c56_2_c59_2) U 126216 121978     52
 126542 47472        cutoff         205589.0000   205409.0000  2167162    0.09%  x(c23_5_c20_5) D 126542  94266     66
 126872 47531        cutoff         205589.0000   205409.3575  2171307    0.09%  x(c28_5_c22_5) U 126872  19685     27
 127192 47565   205410.0500   284   205589.0000   205409.6667  2175464    0.09%   x(c2_3_c11_3) D 127192  44419     47
 127503 47593        cutoff         205589.0000   205410.0000  2179727    0.09%  x(c60_3_c48_3) U 127503   7213     38
 127831 47642   205410.6667   125   205589.0000   205410.3500  2183461    0.09%  x(c60_2_c63_2) D 127831 104080     87
 128134 47702   205424.5000    86   205589.0000   205410.6667  2187548    0.09%  x(c84_2_c75_2) D 128134 128133     62
 128442 47744   205531.0421   502   205589.0000   205411.0000  2191632    0.09%   x(c11_3_c2_3) D 128442  57896     27
 128772 47782        cutoff         205589.0000   205411.3929  2195647    0.09%  x(c84_2_c75_2) U 128772 127831     88
Elapsed time = 904.24 sec. (1470077.54 ticks, tree = 1251.18 MB, solutions = 4)
 129092 47845        cutoff         205589.0000   205411.6667  2199949    0.09%  x(c84_2_c75_2) U 129092 125648     27
 129416 47921   205415.4737   299   205589.0000   205412.0000  2204315    0.09%  x(c60_2_c54_2) N 129416  95748     33
 129731 47980        cutoff         205589.0000   205412.3263  2207862    0.09%  x(c76_3_c74_3) U 129731  62373     33
 130047 48012        cutoff         205589.0000   205412.7000  2212038    0.09%  x(c28_5_c25_5) U 130047  88466     52
 130368 48081        cutoff         205589.0000   205413.0208  2216351    0.09%  x(c60_3_c63_3) U 130368 117928     43
 130680 48124   205419.7714   293   205589.0000   205413.4130  2220646    0.09%  x(c75_2_c84_2) D 130680  34366     45
 131003 48180        cutoff         205589.0000   205413.7308  2224305    0.09%  x(c71_3_c60_3) U 131003 110955     46
 131334 48271        cutoff         205589.0000   205414.0000  2228374    0.09%  x(c80_3_c83_3) U 131334  80838     69
 131653 48330        cutoff         205589.0000   205414.3409  2232392    0.08%  x(c45_5_c52_5) U 131653  86142     42
 131968 48386   205500.4375   272   205589.0000   205414.6909  2236318    0.08%  x(c25_5_c59_5) U 131968 127601     49
Elapsed time = 923.85 sec. (1508295.23 ticks, tree = 1270.25 MB, solutions = 4)
 132291 48436   205501.5000   361   205589.0000   205415.0000  2240402    0.08%  x(c63_3_c60_3) U 132291  64652     41
 132586 48482   205534.1476   399   205589.0000   205415.3000  2244106    0.08%  x(c33_4_c11_4) D 132586  14443     45
 132903 48544   205416.8932   404   205589.0000   205415.6667  2248182    0.08%  x(c77_4_c61_4) D 132903  28491     42
 133232 48633        cutoff         205589.0000   205416.0000  2251907    0.08%  x(c11_3_c16_3) U 133232  68533     60
 133550 48682   205421.0000    66   205589.0000   205416.3636  2256180    0.08%  x(c48_3_c52_3) D 133550  14241     46
 133880 48741   205416.7113   333   205589.0000   205416.7127  2259823    0.08%  x(c59_5_c62_5) D 133880 128275     44
 134224 48809   205514.6667   273   205589.0000   205417.0000  2263953    0.08%  x(c76_3_c94_3) D 134224 134223     37
 134544 48844        cutoff         205589.0000   205417.3333  2267706    0.08%  x(c25_5_c63_5) U 134544 111923     52
 134862 48889   205425.2500   391   205589.0000   205417.6423  2271662    0.08%  x(c25_5_c22_5) D 134862  90987     48
 135196 48980        cutoff         205589.0000   205418.0000  2275794    0.08%  x(c56_2_c55_2) U 135196  98186     41
Elapsed time = 943.45 sec. (1546510.12 ticks, tree = 1289.03 MB, solutions = 4)
 135503 49008        cutoff         205589.0000   205418.3333  2279506    0.08%  x(c86_2_c75_2) U 135503 111685     65
 135830 49061   205421.5000   242   205589.0000   205418.6667  2283457    0.08%  x(c80_4_c84_4) D 135830 132057     79
 136157 49127   205425.6000   281   205589.0000   205419.0000  2287480    0.08%  x(c60_2_c54_2) D 136157 113067     30
 136486 49176   205449.3519   345   205589.0000   205419.3462  2291454    0.08%  x(c75_4_c74_4) U 136486 130237     82
 136799 49204   205420.4284   473   205589.0000   205419.6500  2295504    0.08%  x(c17_5_c25_5) D 136799 132997     72
 137112 49256        cutoff         205589.0000   205419.9767  2299211    0.08%  x(c23_5_c28_5) U 137112 120322     25
 137440 49317   205506.3099   373   205589.0000   205420.2188  2303092    0.08%  x(c60_2_c63_2) U 137440 137438     58
 137769 49368        cutoff         205589.0000   205420.5227  2307084    0.08%  x(c63_3_c60_3) U 137769 137767     55
 138078 49397   205426.1440   484   205589.0000   205420.9071  2310945    0.08%  x(c64_5_c28_5) D 138078 119998     30
 138397 49424   205446.2083   314   205589.0000   205421.1667  2314996    0.08%  x(c59_2_c69_2) D 138397  68938     93
Elapsed time = 962.86 sec. (1584739.23 ticks, tree = 1303.73 MB, solutions = 4)
 138714 49487   205423.3333    41   205589.0000   205421.5000  2319065    0.08%  x(c69_2_c59_2) D 138714 134895     48
 139039 49516   205432.1429   298   205589.0000   205421.7857  2322859    0.08%  x(c63_3_c60_3) D 139039  42991     43
 139357 49584   205422.1167   249   205589.0000   205422.0833  2326947    0.08%  x(c38_2_c79_2) D 139357 101905     19
 139687 49645        cutoff         205589.0000   205422.3750  2331217    0.08%  x(c77_4_c71_4) U 139687 111172     57
 140022 49712        cutoff         205589.0000   205422.6875  2334919    0.08%  x(c75_2_c84_2) U 140022  83663     62
 140330 49748   205423.0417   136   205589.0000   205423.0000  2338878    0.08%  x(c61_4_c71_4) U 140330 111304     64
 140651 49822        cutoff         205589.0000   205423.4000  2342643    0.08%  x(c93_2_c86_2) U 140651 105457     52
 140972 49855   205424.3667   303   205589.0000   205423.7200  2346447    0.08%  x(c79_2_c38_2) D 140972 133469     36
 141296 49883        cutoff         205589.0000   205424.0000  2350438    0.08%  x(c59_2_c70_2) U 141296 123377     40
 141623 49920   205425.1733   392   205589.0000   205424.3571  2354092    0.08%  x(c64_5_c28_5) D 141623 106628     56
Elapsed time = 982.19 sec. (1622950.32 ticks, tree = 1319.74 MB, solutions = 4)
 141948 49966   205523.3667   302   205589.0000   205424.7000  2358388    0.08%  x(c23_5_c20_5) D 141948 135800     40
 142267 50039        cutoff         205589.0000   205425.0000  2362464    0.08%  x(c80_3_c83_3) U 142267  47763     45
 142595 50058   205542.1364   276   205589.0000   205425.2632  2366426    0.08%  x(c48_3_c11_3) U 142595 142593     77
 142922 50096        cutoff         205589.0000   205425.5667  2370353    0.08%  x(c63_3_c60_3) U 142922 131452     50
 143238 50134   205476.5833   281   205589.0000   205425.9286  2374415    0.08%  x(c48_3_c11_3) D 143238 126931     57
 143569 50184        cutoff         205589.0000   205426.2244  2378203    0.08%  x(c70_2_c59_2) U 143569  75054     47
 143896 50234        cutoff         205589.0000   205426.5000  2382198    0.08%  x(c11_2_c33_2) U 143896  66919     59
 144195 50261        cutoff         205589.0000   205426.8556  2385826    0.08%  x(c84_2_c75_2) U 144195 134396     69
 144524 50320   205430.1667   305   205589.0000   205427.1429  2389822    0.08%  x(c71_3_c82_3) D 144524 144523     49
 144840 50348        cutoff         205589.0000   205427.5000  2393878    0.08%  x(c59_2_c70_2) U 144840  37159     74
Elapsed time = 1001.44 sec. (1661156.06 ticks, tree = 1333.97 MB, solutions = 4)
 145165 50410        cutoff         205589.0000   205427.7500  2397871    0.08%  x(c71_3_c82_3) U 145165 142125     42
 145475 50415   205430.2163   450   205589.0000   205428.0850  2401805    0.08%  x(c80_5_c39_5) D 145475 127459     83
 145800 50451   205460.7500   134   205589.0000   205428.5000  2405557    0.08%  x(c86_2_c75_2) D 145800 145799     56
 146119 50492   205435.0000   174   205589.0000   205428.8333  2409936    0.08%  x(c58_2_c60_2) D 146119 107737     58
*146233 49774      integral     0   205585.0000   205429.0000  2411239    0.08%
 146429 49774        cutoff         205585.0000   205429.1429  2413627    0.08%  x(c82_3_c85_3) U 146429 138244     48
 146751 49824   205444.8385   331   205585.0000   205429.4847  2417263    0.08%  x(c33_4_c11_4) D 146751 145151     77
 147083 49875   205530.1293   405   205585.0000   205429.7500  2421005    0.08%  x(c28_5_c23_5) D 147083   4323     34
 147387 49906        cutoff         205585.0000   205430.0000  2424658    0.08%  x(c59_2_c70_2) U 147387 137652     48
 147692 49942        cutoff         205585.0000   205430.3667  2428348    0.08%  x(c61_4_c71_4) U 147692  41778     27
 148011 49965        cutoff         205585.0000   205430.6978  2432125    0.08%  x(c80_3_c83_3) U 148011 139149     44
Elapsed time = 1020.70 sec. (1699383.11 ticks, tree = 1327.18 MB, solutions = 5)
 148326 49977   205438.4810   321   205585.0000   205431.0000  2436051    0.07%  x(c38_2_c79_2) D 148326 148325     74
 148654 50044        cutoff         205585.0000   205431.2804  2439686    0.07%  x(c79_2_c38_2) U 148654 145359     73
 148972 50102        cutoff         205585.0000   205431.5526  2443365    0.07%  x(c80_3_c83_3) U 148972 137637     53
 149283 50153        cutoff         205585.0000   205431.8889  2447152    0.07%  x(c11_3_c16_3) U 149283 128668     47
 149598 50189   205482.9412   192   205585.0000   205432.1667  2450552    0.07%  x(c59_2_c70_2) D 149598  37466     33
 149893 50219   205449.8864   389   205585.0000   205432.5000  2454312    0.07%  x(c60_3_c63_3) D 149893  22076     29
 150215 50281   205435.9048   146   205585.0000   205432.7843  2458392    0.07%  x(c28_5_c23_5) D 150215 146707     93
 150526 50333   205445.0243   360   205585.0000   205433.0909  2462101    0.07%  x(c70_2_c59_2) N 150526 132845     44
 150844 50358   205479.0800   265   205585.0000   205433.4444  2465689    0.07%  x(c60_2_c63_2) U 150844 150842     45
 151141 50376        cutoff         205585.0000   205433.7000  2468921    0.07%  x(c79_2_c38_2) U 151141  97720     40
Elapsed time = 1039.75 sec. (1737630.97 ticks, tree = 1340.79 MB, solutions = 5)
 151457 50407        cutoff         205585.0000   205434.0000  2472953    0.07%  x(c59_2_c58_2) U 151457 151455     40
 151776 50428        cutoff         205585.0000   205434.2500  2476433    0.07%  x(c59_5_c55_5) U 151776  73455     39
 152086 50484   205569.2500   278   205585.0000   205434.5606  2480343    0.07%  x(c60_3_c63_3) U 152086 152084     56
 152407 50529   205448.8750   189   205585.0000   205434.9000  2483891    0.07%  x(c82_3_c85_3) D 152407 152406     45
 152731 50576        cutoff         205585.0000   205435.1500  2487588    0.07%  x(c60_2_c24_2) U 152731 152729     45
 153042 50597   205470.0909   206   205585.0000   205435.5000  2491251    0.07%  x(c58_2_c59_2) D 153042 153041     70
 153363 50627        cutoff         205585.0000   205435.7000  2494819    0.07%  x(c38_2_c79_2) U 153363 103565     28
 153686 50667   205457.7500   189   205585.0000   205436.0000  2498565    0.07%  x(c58_2_c59_2) D 153686 133353     43
 154000 50689   205448.0000    96   205585.0000   205436.2500  2502234    0.07%  x(c11_2_c33_2) D 154000 132863     35
 154321 50739   205553.3750   300   205585.0000   205436.5000  2505713    0.07%  x(c80_3_c83_3) U 154321  47461     74
Elapsed time = 1058.81 sec. (1775843.73 ticks, tree = 1353.28 MB, solutions = 5)
 154623 50779   205478.7000   272   205585.0000   205436.7500  2509219    0.07%  x(c60_2_c63_2) U 154623 148579     23
 154942 50817   205438.5724   346   205585.0000   205437.0152  2513067    0.07%  x(c70_4_c71_4) D 154942 154941     69
 155258 50830        cutoff         205585.0000   205437.3750  2516628    0.07%  x(c45_2_c35_2) U 155258 155256     51
 155577 50897        cutoff         205585.0000   205437.6250  2520511    0.07%  x(c75_2_c84_2) U 155577 152459     44
 155846 50916   205443.6773   472   205585.0000   205437.8880  2523650    0.07%  x(c80_3_c83_3) D 155846 144961     53
 156168 50945   205477.1333   315   205585.0000   205438.1667  2527162    0.07%  x(c71_4_c74_4) D 156168   9828     37
 156490 50963        cutoff         205585.0000   205438.5000  2530715    0.07%  x(c69_2_c59_2) U 156490 121343     57
 156820 51030   205440.3769   170   205585.0000   205438.7000  2534439    0.07%  x(c38_2_c79_2) D 156820  77054     86
 157120 51058   205553.7917   194   205585.0000   205439.0000  2537755    0.07%  x(c11_2_c33_2) U 157120 141002     49
 157417 51083   205440.5833   276   205585.0000   205439.2500  2541300    0.07%   x(c11_3_c2_3) N 157417  71577     41
Elapsed time = 1077.73 sec. (1814085.84 ticks, tree = 1365.19 MB, solutions = 5)
 157740 51123   205559.9167   110   205585.0000   205439.5000  2545089    0.07%  x(c60_3_c27_3) D 157740 157738    100
 158054 51164        cutoff         205585.0000   205439.7500  2548610    0.07%  x(c58_2_c71_2) U 158054   6401    138
 158360 51185        cutoff         205585.0000   205440.0000  2552515    0.07%  x(c60_2_c63_2) U 158360 158358     61
 158680 51180   205476.0000   268   205585.0000   205440.2606  2556129    0.07%  x(c80_3_c83_3) D 158680 158679     30
 159003 51223   205440.5714   301   205585.0000   205440.5741  2559763    0.07%  x(c28_5_c23_5) D 159003  91949     63
 159303 51235        cutoff         205585.0000   205440.8750  2563173    0.07%  x(c60_2_c54_2) U 159303 159301     40
 159614 51254        cutoff         205585.0000   205441.1250  2566726    0.07%   x(c11_3_c2_3) U 159614  62865     44
 159929 51300   205448.7500   388   205585.0000   205441.4020  2570217    0.07%  x(c70_4_c71_4) N 159929  33549     43
 160247 51320   205449.1429   277   205585.0000   205441.7000  2573793    0.07%  x(c58_2_c59_2) D 160247 155511     46
 160568 51351   205452.5000   158   205585.0000   205442.0000  2577300    0.07%  x(c79_2_c38_2) D 160568 160567     41
Elapsed time = 1096.53 sec. (1852312.97 ticks, tree = 1375.03 MB, solutions = 5)
 160883 51347   205444.7000   316   205585.0000   205442.2417  2580791    0.07%  x(c59_2_c70_2) D 160883 158004     52
 161213 51374        cutoff         205585.0000   205442.5000  2584303    0.07%  x(c81_3_c74_3) U 161213 143120     62
 161527 51359        cutoff         205585.0000   205442.7750  2587792    0.07%  x(c11_3_c16_3) U 161527 150054     37
 161835 51388   205443.2222   309   205585.0000   205443.0000  2591238    0.07%  x(c82_3_c71_3) D 161835 145628     42
 162144 51378        cutoff         205585.0000   205443.3375  2594552    0.07%  x(c58_2_c59_2) U 162144 162142     39
 162461 51412   205444.5812   297   205585.0000   205443.5500  2598059    0.07%  x(c38_2_c79_2) D 162461 144103     81
 162783 51433        cutoff         205585.0000   205443.8375  2601645    0.07%  x(c70_4_c61_4) U 162783 110978     94
 163107 51487   205444.6071   381   205585.0000   205444.1167  2605097    0.07%  x(c80_3_c83_3) D 163107 132761     64
 163422 51501   205444.4167   309   205585.0000   205444.4167  2608484    0.07%   x(c2_3_c11_3) D 163422 121336     50
 163722 51503        cutoff         205585.0000   205444.6667  2612002    0.07%  x(c59_2_c58_2) U 163722 145210     62
Elapsed time = 1115.12 sec. (1890509.51 ticks, tree = 1381.39 MB, solutions = 5)
 164033 51554        cutoff         205585.0000   205445.0000  2615440    0.07%  x(c58_2_c60_2) U 164033 115879    110
 164338 51573   205452.5000   326   205585.0000   205445.2143  2618803    0.07%  x(c23_5_c20_5) N 164338 106400     47
 164638 51569        cutoff         205585.0000   205445.5000  2622004    0.07%  x(c58_2_c59_2) U 164638  42656     30
 164961 51617   205526.7500   263   205585.0000   205445.7500  2625683    0.07%  x(c61_4_c71_4) U 164961 139088     19
 165270 51627   205446.2500   270   205585.0000   205446.0000  2629377    0.07%  x(c59_5_c56_5) U 165270 165269     45
 165589 51669        cutoff         205585.0000   205446.3667  2632931    0.07%  x(c55_2_c58_2) U 165589 148421     76
 165902 51689   205468.6313   371   205585.0000   205446.6667  2636392    0.07%  x(c47_5_c52_5) D 165902 165901     40
 166232 51707        cutoff         205585.0000   205446.9444  2639983    0.07%  x(c54_2_c60_2) U 166232 155367     42
 166566 51747        cutoff         205585.0000   205447.1591  2643604    0.07%  x(c43_2_c79_2) U 166566 166564     80
 166879 51776   205447.4167    96   205585.0000   205447.4167  2646846    0.07%  x(c59_2_c70_2) D 166879 130468     62
Elapsed time = 1133.82 sec. (1928732.99 ticks, tree = 1391.22 MB, solutions = 5)
*167151 30904      integral     0   205509.0000   205447.6364  2650224    0.03%
 167173 30904        cutoff         205509.0000   205447.6607  2650364    0.03%  x(c25_5_c63_5) U 167173 126301     51
 167436 30877   205449.0000    56   205509.0000   205447.9615  2652689    0.03%   x(c11_3_c2_3) N 167436 167435     28
 167704 30831        cutoff         205509.0000   205448.2000  2654845    0.03%  x(c58_2_c59_2) U 167704  15059     22
 167973 30794        cutoff         205509.0000   205448.5000  2657074    0.03%  x(c59_5_c56_5) D 167973 152898     77
 168260 30773        cutoff         205509.0000   205448.7333  2659522    0.03%  x(c23_5_c20_5) D 168260 154992     19
 168576 30727   205470.0000   268   205509.0000   205449.0000  2661875    0.03%  x(c62_5_c28_5) D 168576 159120     32
 168880 30665   205470.3459   203   205509.0000   205449.3333  2664404    0.03%  x(c59_2_c70_2) D 168880 168879     40
 169192 30605        cutoff         205509.0000   205449.5258  2666929    0.03%   x(c9_3_c11_3) U 169192 139171     99
 169511 30575        cutoff         205509.0000   205449.8250  2669478    0.03%  x(c11_3_c16_3) U 169511  25458     41
 169827 30525        cutoff         205509.0000   205450.1250  2672014    0.03%  x(c75_2_c84_2) U 169827 138876     72
Elapsed time = 1152.79 sec. (1966927.54 ticks, tree = 829.91 MB, solutions = 6)
 170156 30498        cutoff         205509.0000   205450.4667  2674418    0.03%  x(c84_2_c75_2) U 170156 170154     42
 170468 30472   205490.6786   285   205509.0000   205450.7143  2676822    0.03%  x(c70_2_c71_2) D 170468 162163     63
 170792 30434        cutoff         205509.0000   205451.0000  2679290    0.03%  x(c82_3_c74_3) U 170792 135679     45
 171099 30398   205457.1389   320   205509.0000   205451.2660  2681869    0.03%  x(c27_4_c61_4) D 171099  42698     63
 171420 30350        cutoff         205509.0000   205451.5000  2684335    0.03%  x(c63_5_c28_5) U 171420 159159     31
 171735 30310   205462.4286   329   205509.0000   205451.8333  2686753    0.03%  x(c56_2_c59_2) D 171735 160825     40
 172049 30245   205476.7917   128   205509.0000   205452.1250  2689152    0.03%  x(c28_5_c61_5) D 172049 100612     74
 172375 30212   205495.0873   272   205509.0000   205452.4560  2691850    0.03%  x(c25_5_c63_5) D 172375 113900     50
 172692 30162   205482.8929   215   205509.0000   205452.7330  2694282    0.03%  x(c60_2_c24_2) N 172692 144671     87
 172972 30119   205470.6786   223   205509.0000   205453.0000  2696248    0.03%  x(c56_2_c59_2) N 172972 163186     79
Elapsed time = 1172.29 sec. (2005139.40 ticks, tree = 820.56 MB, solutions = 6)
 173245 30051        cutoff         205509.0000   205453.2500  2698354    0.03%  x(c54_2_c56_2) U 173245 158883     76
 173549 30003        cutoff         205509.0000   205453.5000  2700674    0.03%  x(c60_2_c63_2) D 173549 173547     72
 173874 29934        cutoff         205509.0000   205453.7667  2702989    0.03%  x(c20_5_c25_5) U 173874  11515     26
 174185 29901        cutoff         205509.0000   205454.0000  2705413    0.03%  x(c76_3_c75_3) U 174185  44588     50
 174509 29856        cutoff         205509.0000   205454.3333  2708177    0.03%  x(c84_2_c75_2) D 174509 143791     42
 174820 29780   205459.5076   321   205509.0000   205454.5909  2710611    0.03%  x(c75_2_c84_2) N 174820 161631     76
 175127 29725        cutoff         205509.0000   205454.8667  2712965    0.03%  x(c28_5_c23_5) U 175127  55893     39
 175441 29706        cutoff         205509.0000   205455.1250  2715347    0.03%  x(c75_2_c84_2) U 175441 107332     42
 175757 29689   205458.2405   313   205509.0000   205455.4286  2717774    0.03%  x(c67_4_c95_4) D 175757 152764     38
 176061 29613        cutoff         205509.0000   205455.6828  2719942    0.03%  x(c11_3_c16_3) U 176061 166901     51
Elapsed time = 1191.83 sec. (2043383.06 ticks, tree = 808.56 MB, solutions = 6)
 176379 29543        cutoff         205509.0000   205456.0000  2722093    0.03%  x(c71_2_c70_2) U 176379 162857     35
 176690 29471   205461.9500   273   205509.0000   205456.2000  2724310    0.03%  x(c60_2_c63_2) N 176690 176689     40
 176987 29408   205461.3500   181   205509.0000   205456.5000  2726478    0.03%  x(c84_2_c75_2) D 176987 127270     43
 177314 29363   205506.7500   286   205509.0000   205456.7500  2728699    0.03%  x(c80_3_c83_3) N 177314 141501    124
 177635 29312        cutoff         205509.0000   205457.0000  2731175    0.03%  x(c66_2_c28_2) U 177635  43096     84
 177966 29232        cutoff         205509.0000   205457.2500  2733462    0.03%  x(c23_5_c20_5) U 177966  59184     88
 178285 29180        cutoff         205509.0000   205457.5000  2735799    0.03%  x(c28_5_c68_5) U 178285 161142     61
 178579 29096        cutoff         205509.0000   205457.8333  2737951    0.02%  x(c79_2_c38_2) U 178579 106604     35
 178900 29034        cutoff         205509.0000   205458.0545  2740273    0.02%  x(c75_2_c84_2) U 178900 151837     58
 179229 28966        cutoff         205509.0000   205458.3929  2742564    0.02%  x(c27_3_c64_3) U 179229 179227     58
Elapsed time = 1211.12 sec. (2081592.57 ticks, tree = 792.37 MB, solutions = 6)
 179538 28901   205470.7500   249   205509.0000   205458.6000  2745024    0.02%  x(c58_2_c59_2) N 179538 179537     38
 179830 28839        cutoff         205509.0000   205458.9196  2747195    0.02%  x(c77_4_c61_4) U 179830 106931     84
 180156 28773        cutoff         205509.0000   205459.1667  2749504    0.02%  x(c45_2_c11_2) D 180156 167836     44
 180475 28715   205504.1723   375   205509.0000   205459.4619  2751870    0.02%  x(c59_2_c70_2) D 180475  68119     54
 180785 28645        cutoff         205509.0000   205459.7045  2753996    0.02%  x(c59_5_c70_5) D 180785  92944     66
 181096 28580        cutoff         205509.0000   205460.0000  2756220    0.02%  x(c23_5_c20_5) U 181096 124823     73
 181377 28500   205460.2000   252   205509.0000   205460.2000  2758294    0.02%  x(c80_5_c37_5) N 181377  76426     15
 181659 28420        cutoff         205509.0000   205460.5000  2760299    0.02%  x(c76_3_c94_3) U 181659 152578     49
 181980 28346        cutoff         205509.0000   205460.7500  2762776    0.02%  x(c84_2_c75_2) U 181980 163803     48
 182288 28277   205461.6500   278   205509.0000   205461.0000  2765037    0.02%  x(c63_3_c60_3) D 182288  29737     55
Elapsed time = 1230.17 sec. (2119799.39 ticks, tree = 774.95 MB, solutions = 6)
 182593 28216   205461.2971   251   205509.0000   205461.3000  2767080    0.02%  x(c60_3_c63_3) N 182593 122956     66
 182934 28123        cutoff         205509.0000   205461.5714  2769332    0.02%  x(c11_2_c33_2) D 182934 179288     51
 183281 28054   205462.7150   211   205509.0000   205461.9250  2771861    0.02%   x(c11_3_c2_3) N 183281 183280     56
 183626 27990   205466.6250   264   205509.0000   205462.2471  2774469    0.02%  x(c58_2_c59_2) D 183626 181193     41
 183958 27898        cutoff         205509.0000   205462.5333  2776866    0.02%  x(c86_2_c93_2) U 183958 172940     86
 184294 27841        cutoff         205509.0000   205462.8333  2779275    0.02%  x(c60_2_c47_2) U 184294  56016    145
 184637 27772   205464.3333   148   205509.0000   205463.1410  2781634    0.02%  x(c59_5_c70_5) N 184637 184636     69
 184964 27696   205485.5000   104   205509.0000   205463.4750  2783764    0.02%  x(c79_2_c38_2) D 184964  68726     31
 185274 27622        cutoff         205509.0000   205463.7500  2785938    0.02%  x(c79_2_c38_2) U 185274 180371     42
 185606 27545        cutoff         205509.0000   205464.0000  2788165    0.02%  x(c81_3_c80_3) U 185606 185604     60
Elapsed time = 1249.89 sec. (2158018.02 ticks, tree = 756.35 MB, solutions = 6)
 185948 27457        cutoff         205509.0000   205464.3043  2790496    0.02%  x(c61_4_c71_4) D 185948  47174     63
 186290 27350        cutoff         205509.0000   205464.6096  2792763    0.02%  x(c59_2_c70_2) U 186290 110061     70
 186638 27237   205477.2544   272   205509.0000   205464.9358  2795024    0.02%  x(c54_2_c59_2) N 186638 180179     80
 186962 27117   205492.2000   246   205509.0000   205465.2000  2797187    0.02%  x(c79_2_c38_2) D 186962 186961     33
 187311 27029        cutoff         205509.0000   205465.5000  2799368    0.02%  x(c11_2_c33_2) D 187311 187310     80
 187647 26912        cutoff         205509.0000   205465.7714  2801673    0.02%  x(c63_5_c28_5) D 187647 180041     52
 187972 26789        cutoff         205509.0000   205466.0152  2803755    0.02%   x(c2_3_c11_3) U 187972 137008     44
 188301 26700        cutoff         205509.0000   205466.3571  2805872    0.02%  x(c61_4_c56_4) U 188301 127814     23
 188629 26601        cutoff         205509.0000   205466.6250  2807966    0.02%  x(c79_2_c38_2) U 188629 144839     73
 188940 26537   205489.7500   208   205509.0000   205466.9000  2810254    0.02%  x(c56_2_c59_2) N 188940 183405     45
Elapsed time = 1269.01 sec. (2196229.34 ticks, tree = 729.74 MB, solutions = 6)
 189025 26524   205467.0000     1   205509.0000   205467.0000  2810632    0.02%     x(Op_c32_3) D 189025 189023     62
 189058 26533   205467.0000     1   205509.0000   205467.0000  2810643    0.02%  x(c47_1_c52_1) D 189058 189056     83
*189059     1      integral     0   205467.0000   205467.0000  2810643    0.00%

Cover cuts applied:  2
Mixed integer rounding cuts applied:  1
Zero-half cuts applied:  94
Gomory fractional cuts applied:  8
User cuts applied:  2519

Root node processing (before b&c):
  Real time             =    0.76 sec. (1420.49 ticks)
Sequential b&c:
  Real time             = 1270.83 sec. (2209088.40 ticks)
                          ------------
Total (root+branch&cut) = 1271.59 sec. (2210508.90 ticks)

