Version identifier: 22.1.0.0 | 2022-03-09 | 1a383f8ce
CPXPARAM_Preprocessing_Reduce                    1
CPXPARAM_Threads                                 1
CPXPARAM_Preprocessing_Reformulations            0
CPXPARAM_Emphasis_MIP                            2
CPXPARAM_TimeLimit                               7200
CPXPARAM_MIP_Tolerances_AbsMIPGap                0.5
CPXPARAM_MIP_Limits_TreeMemory                   26600
Legacy callback                                  BbLUID
         Disabling repeat represolve because of lazy constraint/incumbent callback.
1 of 1 MIP starts provided solutions.
MIP start 'm1' defined initial solution with objective 4258.0000.
Tried aggregator 1 time.
MIP Presolve modified 7931 coefficients.
Reduced MIP has 243 rows, 4718 columns, and 14068 nonzeros.
Reduced MIP has 4718 binaries, 0 generals, 0 SOSs, and 0 indicators.
Presolve time = 0.01 sec. (20.16 ticks)
Probing time = 0.00 sec. (3.13 ticks)
Clique table members: 240.
MIP emphasis: optimality.
MIP search method: traditional branch-and-cut.
Parallel mode: none, using 1 thread.
Root relaxation solution time = 0.00 sec. (3.25 ticks)

        Nodes                                         Cuts/
   Node  Left     Objective  IInf  Best Integer    Best Bound    ItCnt     Gap         Variable B NodeID Parent  Depth

*     0+    0                         4258.0000        0.0000           100.00%
      0     0     4082.5000    20     4258.0000     3795.0000      167   10.87%
      0     0     4135.5000    36     4258.0000      Cuts: 32      200    2.88%
      0     0     4160.2500   111     4258.0000      Cuts: 14      224    2.30%
      0     0     4162.5000    48     4258.0000       Cuts: 9      228    2.24%
      0     0     4179.6818   105     4258.0000       Cuts: 7      244    1.84%
      0     0     4181.5000    54     4258.0000      Cuts: 13      250    1.80%
      0     0     4186.2000    91     4258.0000      Cuts: 18      286    1.69%
      0     0     4186.3250   172     4258.0000      Cuts: 12      295    1.68%
      0     0     4186.7500    89     4258.0000      Cuts: 12      307    1.67%
      0     0     4188.0714   130     4258.0000      Cuts: 12      329    1.64%
      0     0     4188.6538   153     4258.0000      Cuts: 10      352    1.63%
      0     0     4188.7453   173     4258.0000      Cuts: 14      367    1.63%
      0     0     4188.7453   159     4258.0000       User: 1      368    1.63%
      0     2     4188.7453   159     4258.0000     4189.2453      368    1.61%                        0             0
Elapsed time = 0.31 sec. (652.38 ticks, tree = 0.01 MB, solutions = 1)
     17     9     4247.7453   161     4258.0000     4200.7453      607    1.34%   x(c33_1_c6_1) N     17     15      3
     52    36     4214.0786   163     4258.0000     4212.1786     1199    1.08%  x(c26_1_c41_1) D     52     31      5
     87    68     4223.0000     1     4258.0000     4216.0000     2005    0.99%  x(c28_1_c30_1) N     87     85      6
*    88    19      integral     0     4223.0000     4216.0000     2025    0.17%

Zero-half cuts applied:  27
Gomory fractional cuts applied:  2
User cuts applied:  305

Root node processing (before b&c):
  Real time             =    0.31 sec. (652.75 ticks)
Sequential b&c:
  Real time             =    1.38 sec. (917.25 ticks)
                          ------------
Total (root+branch&cut) =    1.69 sec. (1570.01 ticks)

