Version identifier: 22.1.0.0 | 2022-03-09 | 1a383f8ce
CPXPARAM_Preprocessing_Reduce                    0
CPXPARAM_Threads                                 1
CPXPARAM_Preprocessing_Reformulations            0
CPXPARAM_Emphasis_MIP                            2
CPXPARAM_TimeLimit                               7200
CPXPARAM_MIP_Tolerances_AbsMIPGap                0.98999999999999999
CPXPARAM_MIP_Limits_TreeMemory                   20000
Legacy callback                                  BbLUID
         Disabling repeat represolve because of lazy constraint/incumbent callback.
1 of 1 MIP starts provided solutions.
MIP start 'm1' defined initial solution with objective 8542.0000.
Tried aggregator 0 times.
Reduced MIP has 196 rows, 1842 columns, and 7182 nonzeros.
Reduced MIP has 1842 binaries, 0 generals, 0 SOSs, and 0 indicators.
Presolve time = 0.00 sec. (0.38 ticks)
Probing time = 0.00 sec. (2.40 ticks)
Clique table members: 98.
MIP emphasis: optimality.
MIP search method: traditional branch-and-cut.
Parallel mode: none, using 1 thread.
Root relaxation solution time = 0.00 sec. (1.86 ticks)

        Nodes                                         Cuts/
   Node  Left     Objective  IInf  Best Integer    Best Bound    ItCnt     Gap         Variable B NodeID Parent  Depth

*     0+    0                         8542.0000        0.0000           100.00%
      0     0     8214.0000    62     8542.0000     7309.0000      207   14.43%
      0     0     8490.5000    28     8542.0000      Cuts: 24      228    0.60%
      0     0     8527.0000    80     8542.0000       Cuts: 7      241    0.18%
      0     0     8527.0000    80     8542.0000   ZeroHalf: 6      243    0.18%
      0     0     8527.0000    44     8542.0000   ZeroHalf: 8      246    0.18%
      0     0     8527.0000    72     8542.0000       User: 1      255    0.18%
      0     0     8527.0000    44     8542.0000       User: 2      258    0.18%
      0     0     8527.0000    80     8542.0000       User: 3      267    0.18%
      0     0     8527.0000   116     8542.0000       User: 2      272    0.18%
      0     2     8527.0000    80     8542.0000     8527.0000      272    0.18%                        0             0
Elapsed time = 0.18 sec. (256.05 ticks, tree = 0.01 MB, solutions = 1)

Zero-half cuts applied:  6
Gomory fractional cuts applied:  5
User cuts applied:  129

Root node processing (before b&c):
  Real time             =    0.18 sec. (255.98 ticks)
Sequential b&c:
  Real time             =    0.25 sec. (124.30 ticks)
                          ------------
Total (root+branch&cut) =    0.43 sec. (380.28 ticks)

