Version identifier: 22.1.0.0 | 2022-03-09 | 1a383f8ce
CPXPARAM_Preprocessing_Reduce                    0
CPXPARAM_Threads                                 1
CPXPARAM_Preprocessing_Reformulations            0
CPXPARAM_Emphasis_MIP                            2
CPXPARAM_TimeLimit                               7200
CPXPARAM_MIP_Tolerances_AbsMIPGap                0.98999999999999999
CPXPARAM_MIP_Limits_TreeMemory                   20000
Legacy callback                                  BbLUID
         Disabling repeat represolve because of lazy constraint/incumbent callback.
1 of 1 MIP starts provided solutions.
MIP start 'm1' defined initial solution with objective 26219.0000.
Tried aggregator 0 times.
Reduced MIP has 3508 rows, 3284 columns, and 19268 nonzeros.
Reduced MIP has 3186 binaries, 0 generals, 0 SOSs, and 0 indicators.
Presolve time = 0.00 sec. (1.03 ticks)
Probing time = 0.00 sec. (3.04 ticks)
Clique table members: 1598.
MIP emphasis: optimality.
MIP search method: traditional branch-and-cut.
Parallel mode: none, using 1 thread.
Root relaxation solution time = 0.00 sec. (6.67 ticks)

        Nodes                                         Cuts/
   Node  Left     Objective  IInf  Best Integer    Best Bound    ItCnt     Gap         Variable B NodeID Parent  Depth

*     0+    0                        26219.0000        0.0000           100.00%
      0     0    21427.2737   202    26219.0000    21427.2737      323   18.28%
      0     0    24786.6600   189    26219.0000      Cuts: 55      477    5.46%
      0     0    25227.0096   191    26219.0000      Cuts: 31      573    3.78%
      0     0    25497.1932   210    26219.0000      Cuts: 14      662    2.75%
      0     0    25651.5000   207    26219.0000      Cuts: 19      747    2.16%
      0     0    25725.5000   207    26219.0000       User: 2      764    1.88%
      0     0    25842.0000   195    26219.0000       Cuts: 5      790    1.44%
      0     0    25879.5000   197    26219.0000       Cuts: 6      838    1.29%
      0     0    25881.0000   201    26219.0000       Cuts: 4      857    1.29%
*     0+    0                        26089.0000    25881.0000             0.80%
      0     0  -1.00000e+75     0    26089.0000    25881.0000      857    0.80%
      0     2    25881.0000   176    26089.0000    25881.0000      857    0.80%                        0             0
Elapsed time = 0.56 sec. (1363.50 ticks, tree = 0.01 MB, solutions = 2)
      4     6    25885.0703   190    26089.0000    25882.5000     1054    0.79%  x(c20_1_c43_1) N      4      3      4
     10    12    25885.1524   183    26089.0000    25882.5000     1411    0.79%  x(c46_1_c40_1) D     10      9      8
     20    22    25885.3370   155    26089.0000    25882.5000     1490    0.79%   x(c40_2_c8_2) N     20     19     18
     30    32    25941.3421   147    26089.0000    25882.5000     1887    0.79%  x(c40_1_c15_1) U     30     28     26
     43    43    25885.8318   169    26089.0000    25882.5000     1930    0.79%  x(c45_1_c24_1) D     43     42     39
     54    51    25886.4426   172    26089.0000    25882.5000     2033    0.79%  x(c24_1_c48_1) D     54     53     50
     60    54    25886.9661   130    26089.0000    25882.5000     2098    0.79%  x(c19_1_c28_1) N     60     59     56
     70    61    25887.8285   101    26089.0000    25882.5000     2251    0.79%   x(c8_2_c40_2) D     70     69     66
     80    67    25890.2981   104    26089.0000    25882.5000     2362    0.79%      x(Op_c3_2) D     80     79     76
    140   110    25921.3386   120    26089.0000    25885.0000     3015    0.78%  x(c13_1_c23_1) N    140    139     46
Elapsed time = 1.99 sec. (4883.25 ticks, tree = 0.21 MB, solutions = 2)
    237   193    25885.3595   207    26089.0000    25885.0830     4179    0.78%  x(c48_2_c24_2) D    237    236     17
    386   332    25930.7111   130    26089.0000    25886.6006     6824    0.78%  x(c48_2_c24_2) N    386    179     15
    460   383    25973.1914   139    26089.0000    25901.0000    13336    0.72%  x(c44_1_c28_1) U    460    451     19
    640   541    25913.1301   138    26089.0000    25911.6667    17228    0.68%   x(c9_1_c15_1) D    640    639     81
    817   695    25919.8894   111    26089.0000    25919.0779    22245    0.65%  x(c13_1_c23_1) U    817    816     20
   1001   875    26000.0119    80    26089.0000    25919.7976    24413    0.65%  x(c13_1_c23_1) U   1001    656     12
   1166  1017    25922.0089   145    26089.0000    25922.0000    30531    0.64%      x(Op_c3_2) N   1166   1051     44
   1331  1136        cutoff          26089.0000    25925.5020    37709    0.63%  x(c46_1_c36_1) U   1331    358     69
   1489  1273    25929.0131   152    26089.0000    25929.0000    45095    0.61%   x(c8_2_c40_2) D   1489   1488     11
   1633  1390    25931.8527   201    26089.0000    25930.3236    51731    0.61%      x(Op_c3_2) D   1633   1632     64
Elapsed time = 6.96 sec. (14510.26 ticks, tree = 2.58 MB, solutions = 2)
   1832  1542    25932.2965   141    26089.0000    25932.2361    59187    0.60%  x(c23_1_c25_1) D   1832   1831     36
   2009  1662    25993.9720   153    26089.0000    25935.5828    66943    0.59%  x(c33_2_c20_2) U   2009   1505     28
   2283  1892    25938.5643   193    26089.0000    25937.9365    72618    0.58%   x(c3_2_c16_2) D   2283   2282     53
   2627  2191        cutoff          26089.0000    25939.7302    78960    0.57%  x(c13_1_c39_1) U   2627   2278     49
   2885  2358    25960.5681   119    26089.0000    25941.0000    85755    0.57%  x(c47_1_c12_1) U   2885    233     14
   3000  2464    25942.5200   127    26089.0000    25941.2971    87854    0.57%  x(c46_1_c43_1) D   3000   2999     49
   3236  2656    26014.0000   114    26089.0000    25942.1784    94977    0.56%  x(c28_1_c44_1) U   3236   2046     22
   3414  2791        cutoff          26089.0000    25943.0000   103268    0.56%   x(c8_2_c40_2) U   3414    849     29
   3596  2901    26067.1856   145    26089.0000    25944.0000   111459    0.56%  x(c40_1_c11_1) U   3596   1560     45
   3814  3068    26063.4743    80    26089.0000    25945.0576   118486    0.55%  x(c48_2_c42_2) U   3814   2840     47
Elapsed time = 12.42 sec. (24782.05 ticks, tree = 5.69 MB, solutions = 2)
   3966  3184    25972.4261   166    26089.0000    25946.5148   124135    0.55%  x(c10_1_c26_1) U   3966   2937     26
   4216  3335    25949.0200   154    26089.0000    25947.7704   130532    0.54%  x(c48_2_c42_2) D   4216   4215     42
   4417  3475    26026.4403   104    26089.0000    25949.4848   138070    0.53%  x(c33_2_c20_2) U   4417   4415     62
   4637  3624    25950.7958   124    26089.0000    25950.8496   145132    0.53%  x(c48_2_c14_2) D   4637   4224     59
   4888  3797        cutoff          26089.0000    25951.9590   150866    0.53%  x(c13_1_c25_1) U   4888   4605     55
   5000  3881    25978.6252   111    26089.0000    25952.2256   153179    0.52%  x(c40_2_c33_2) U   5000   4295     29
   5248  4070        cutoff          26089.0000    25953.1334   159366    0.52%   x(c31_1_c9_1) U   5248   4020     56
   5530  4287    25954.1621   127    26089.0000    25954.0000   165067    0.52%  x(c24_1_c45_1) D   5530   5529     16
   5767  4482    25955.3660   148    26089.0000    25954.5643   169910    0.52%   x(c3_1_c11_1) D   5767   5766     25
   5992  4632    26079.5000    68    26089.0000    25955.4310   176422    0.51%  x(c40_1_c11_1) U   5992   4347     27
Elapsed time = 17.52 sec. (34475.36 ticks, tree = 8.65 MB, solutions = 2)
   6030  4651    25955.5292    57    26089.0000    25955.5292   177030    0.51%  x(c25_2_c13_2) N   6030   5615     39
   6235  4791        cutoff          26089.0000    25956.5362   184308    0.51%   x(c48_2_c2_2) U   6235   5571     58
   6479  4944    26062.5300   104    26089.0000    25957.7326   190458    0.50%   x(c43_1_c6_1) U   6479   4779     25
   6726  5116    25959.5894    72    26089.0000    25958.6542   196918    0.50%  x(c34_2_c16_2) D   6726   6725     47
   6920  5226    26018.3154    98    26089.0000    25959.6656   203711    0.50%  x(c33_2_c20_2) U   6920   3289     65
   7000  5272    26040.8910   159    26089.0000    25960.0521   206947    0.49%  x(c45_2_c10_2) U   7000   6998     24
   7240  5463    25960.8360   158    26089.0000    25960.8034   212404    0.49%  x(c15_1_c31_1) D   7240   7239     52
   7478  5628        cutoff          26089.0000    25961.6432   219337    0.49%   x(c31_1_c9_1) U   7478   6633     23
   7707  5766    26005.7970   101    26089.0000    25962.6500   225549    0.48%  x(c42_1_c29_1) D   7707    651     83
   7950  5918    25963.7592   128    26089.0000    25963.7000   232016    0.48%  x(c14_2_c48_2) D   7950   7949     21
Elapsed time = 23.17 sec. (45494.72 ticks, tree = 11.22 MB, solutions = 2)
   8223  6100    25968.1364    87    26089.0000    25964.7562   238623    0.48%  x(c40_1_c23_1) D   8223   8222     77
   8531  6341    25966.2704   107    26089.0000    25965.5736   244607    0.47%  x(c13_1_c39_1) N   8531   8530     44
   8821  6545    25976.9532   128    26089.0000    25966.3480   250845    0.47%  x(c40_1_c15_1) U   8821   8553     31
   9107  6717    26000.3840    54    26089.0000    25967.0711   257044    0.47%  x(c19_1_c44_1) D   9107   6560     58
   9372  6898    26041.5000    61    26089.0000    25967.8727   263311    0.46%  x(c40_1_c23_1) U   9372   9369     72
   9550  6887    26048.2500   105    26089.0000    25968.0060   270543    0.46%  x(c28_1_c43_1) U   9550    320     31
   9795  7012    25969.6914   132    26089.0000    25968.7714   277202    0.46%  x(c32_2_c14_2) D   9795   9794     56
  10048  7166    25970.7877   146    26089.0000    25969.4310   283658    0.46%   x(c4_3_c42_3) D  10048   7391     16
  10310  7336        cutoff          26089.0000    25970.0998   289489    0.46%  x(c32_2_c47_2) U  10310  10308     62
  10548  7472    25971.1822   174    26089.0000    25970.8061   295963    0.45%  x(c23_3_c34_3) D  10548  10547     21
Elapsed time = 28.36 sec. (55061.83 ticks, tree = 13.91 MB, solutions = 2)
  10862  7685    25972.2422   140    26089.0000    25971.3471   301234    0.45%   x(c3_1_c14_1) D  10862  10861     29
  11089  7799    26063.0000    93    26089.0000    25972.1012   308136    0.45%  x(c29_2_c48_2) N  11089   9461     31
  11346  7938    25972.9475   126    26089.0000    25972.8117   314972    0.45%   x(c40_2_c3_2) D  11346   8862     22
  11597  8070    25973.5462    81    26089.0000    25973.5000   321566    0.44%   x(c40_2_c3_2) D  11597  11596     25
  11850  8199    26048.3926   149    26089.0000    25974.1757   327710    0.44%  x(c45_2_c10_2) U  11850   9767     32
  12000  8305    25974.4840   100    26089.0000    25974.3657   330420    0.44%  x(c48_2_c14_2) D  12000  11328     56
  12268  8467    26076.3136   109    26089.0000    25974.8668   336793    0.44%   x(c6_1_c43_1) U  12268   6663     84
  12518  8604        cutoff          26089.0000    25975.5819   343181    0.43%  x(c40_1_c11_1) U  12518   9700     35
  12779  8787    25991.2706   191    26089.0000    25976.0304   349512    0.43%   x(c42_3_c4_3) U  12779  12747     16
  13006  8916    26030.1842   121    26089.0000    25976.4940   355755    0.43%  x(c28_2_c36_2) N  13006   9326     37
Elapsed time = 33.71 sec. (65353.30 ticks, tree = 16.82 MB, solutions = 2)
  13263  9073    25994.2679   101    26089.0000    25976.9960   362680    0.43%  x(c48_2_c24_2) U  13263  12131     25
  13403  9127    26084.5136   165    26089.0000    25977.0000   371244    0.43%  x(c48_1_c24_1) N  13403   2277     48
  13671  9323    25978.1117   140    26089.0000    25977.5821   377338    0.43%  x(c15_1_c40_1) D  13671  13670     80
  13899  9443        cutoff          26089.0000    25978.1492   384023    0.42%  x(c13_1_c11_1) U  13899  11008     41
  14136  9570    26021.1432   130    26089.0000    25978.5994   390710    0.42%  x(c14_2_c34_2) U  14136  14134     11
  14421  9681    26037.0889   133    26089.0000    25979.0124   396720    0.42%  x(c11_1_c13_1) U  14421   9113     29
  14692  9814        cutoff          26089.0000    25979.6710   402956    0.42%  x(c22_3_c34_3) U  14692  13477     51
  14920  9941    25980.2149   113    26089.0000    25980.1543   409814    0.42%  x(c24_1_c45_1) D  14920  14919     53
  15000 10003    25981.2526   146    26089.0000    25980.2619   411201    0.42%  x(c29_2_c48_2) D  15000  14999     25
  15280 10153    25981.5500    74    26089.0000    25980.7270   417466    0.42%     x(Op_c31_1) D  15280  15279     83
Elapsed time = 39.38 sec. (76584.55 ticks, tree = 19.04 MB, solutions = 2)
  15540 10296    25993.5382    74    26089.0000    25981.1878   423944    0.41%  x(c25_3_c34_3) U  15540  15539     23
  15775 10433    26030.3028   123    26089.0000    25981.6176   430615    0.41%  x(c29_2_c48_2) U  15775  14573     11
  16013 10581    25984.8773   146    26089.0000    25982.0479   436832    0.41%   x(c3_2_c40_2) D  16013  16012     15
  16315 10769    26005.6906   121    26089.0000    25982.4800   443091    0.41%  x(c23_1_c13_1) U  16315  10525     13
  16548 10880        cutoff          26089.0000    25982.9619   449674    0.41%   x(c43_1_c6_1) U  16548  16237     34
  16772 10882    25984.0005   120    26089.0000    25983.1739   456378    0.41%  x(c44_1_c46_1) D  16772  16771     46
  17027 11008    26035.4038   116    26089.0000    25983.6257   462474    0.40%  x(c29_2_c48_2) U  17027  15136     20
  17214 11066        cutoff          26089.0000    25984.0000   469671    0.40%  x(c23_1_c40_1) U  17214    683     94
  17468 11189    26065.4885    60    26089.0000    25984.4000   476058    0.40%  x(c35_2_c24_2) U  17468  17466     34
  17736 11303        cutoff          26089.0000    25984.9691   482256    0.40%  x(c13_1_c25_1) U  17736  16936     33
Elapsed time = 44.43 sec. (86156.55 ticks, tree = 21.11 MB, solutions = 2)
  17910 11279        cutoff          26089.0000    25985.0000   489719    0.40%   x(c3_1_c11_1) U  17910  13197     13
  18094 11283    infeasible          26089.0000    25985.1842   497130    0.40%  x(c25_3_c34_3) U  18094  18093     53
  18410 11437    25986.4495   101    26089.0000    25985.6825   503747    0.40%  x(c32_2_c13_2) U  18410  18409     39
  18669 11541    26070.4509   135    26089.0000    25986.0000   510793    0.39%  x(c47_2_c32_2) U  18669   5500     29
  18960 11679        cutoff          26089.0000    25986.4383   517611    0.39%     x(Op_c16_2) U  18960  16826     13
  19255 11843    25987.8546   178    26089.0000    25986.9267   523959    0.39%  x(c20_1_c19_1) D  19255  19254     36
  19518 12018    25995.0442    63    26089.0000    25987.1945   530984    0.39%  x(c24_1_c45_1) N  19518  19364     22
  19792 12158        cutoff          26089.0000    25987.6001   537836    0.39%  x(c23_3_c34_3) U  19792  19380     38
  20005 12216    26031.2854    79    26089.0000    25988.0220   545465    0.39%  x(c14_2_c48_2) U  20005  19204     32
  20939 12587    25989.8769   117    26089.0000    25989.7553   572400    0.38%   x(c3_2_c16_2) D  20939  20938     19
Elapsed time = 51.06 sec. (98583.64 ticks, tree = 23.47 MB, solutions = 2)
  22025 13012    25991.7798   135    26089.0000    25991.3954   598425    0.37%  x(c33_2_c20_2) D  22025  22024     32
  23022 13354    26059.0139   104    26089.0000    25992.8391   625181    0.37%  x(c35_2_c24_2) N  23022  15521     48
  24019 13788    26059.1361   109    26089.0000    25994.4000   652765    0.36%   x(c3_1_c14_1) N  24019  19058     53
  25071 14285    25996.9854    97    26089.0000    25995.9339   680358    0.36%  x(c39_1_c24_1) D  25071  25070     65
  26089 14623    26083.5277   101    26089.0000    25997.0000   708222    0.35%  x(c32_2_c14_2) N  26089   8604     46
  27100 14973        cutoff          26089.0000    25998.0491   735503    0.35%  x(c12_1_c20_1) U  27100  19345     37
  28200 15501    25999.1188     6    26089.0000    25999.0818   762186    0.34%   x(c42_3_c4_3) D  28200  28199     17
  29260 15916    26000.2224   117    26089.0000    26000.2215   788926    0.34%   x(c2_2_c48_2) N  29260  28633     34
  30272 16156        cutoff          26089.0000    26001.2781   815898    0.34%   x(c9_1_c31_1) U  30272  16369     47
  31301 16558    26004.7653   118    26089.0000    26002.5991   843556    0.33%  x(c42_2_c35_2) D  31301  30441     66
Elapsed time = 71.10 sec. (136758.19 ticks, tree = 31.40 MB, solutions = 2)
  32272 16881    26069.6300   111    26089.0000    26003.9919   871720    0.33%  x(c33_2_c20_2) U  32272  26000     29
  33075 16816    26080.0938   123    26089.0000    26004.3913   900813    0.32%  x(c25_3_c48_3) N  33075  18547     64
  34201 17251        cutoff          26089.0000    26005.6301   927109    0.32%  x(c22_3_c34_3) U  34201  34199     27
  35264 17625    26031.1215   122    26089.0000    26006.8000   953406    0.32%  x(c28_2_c30_2) N  35264  27327     18
  36335 17954    26008.1057   126    26089.0000    26007.9774   978987    0.31%  x(c28_1_c43_1) N  36335  34885     34
  37375 18289        cutoff          26089.0000    26009.0000  1002819    0.31%  x(c44_1_c46_1) U  37375   6316     53
  38249 18270    26066.1305   100    26089.0000    26009.5007  1028515    0.30%   x(c3_2_c40_2) U  38249  31499     18
  39231 18534        cutoff          26089.0000    26010.5095  1053467    0.30%   x(c14_1_c3_1) U  39231  39229     32
  40002 18750    26012.9490    94    26089.0000    26011.4496  1074593    0.30%  x(c13_1_c23_1) N  40002  40001     21
  40994 18887        cutoff          26089.0000    26012.5407  1099433    0.29%  x(c19_1_c28_1) U  40994  40992     64
Elapsed time = 90.55 sec. (174937.89 ticks, tree = 35.67 MB, solutions = 2)
  41963 19059    26045.3648    68    26089.0000    26013.7659  1125572    0.29%  x(c28_2_c30_2) U  41963  15429     11
  42894 19202        cutoff          26089.0000    26015.0000  1150235    0.28%  x(c20_2_c40_2) U  42894  12474     59
  43794 19325    26015.9602   135    26089.0000    26015.9087  1176607    0.28%  x(c45_2_c10_2) D  43794  40682     21
  44756 19584        cutoff          26089.0000    26017.0110  1202626    0.28%   x(c31_1_c9_1) D  44756  44726     25
  45556 19789        cutoff          26089.0000    26017.9668  1223768    0.27%  x(c48_1_c24_1) U  45556   7917     75
  46328 19494    26018.1572    47    26089.0000    26018.1529  1249931    0.27%   x(c3_1_c14_1) D  46328  46327     40
  47288 19686    26019.2608   130    26089.0000    26019.2259  1274297    0.27%  x(c10_1_c26_1) D  47288  47287     41
  48000 19823    26064.7540   108    26089.0000    26019.9000  1290971    0.26%  x(c40_2_c33_2) U  48000  40267     37
  48884 19744    26020.9379   112    26089.0000    26020.6263  1316016    0.26%  x(c13_1_c39_1) D  48884  48883     16
  49883 19866    26051.4649   121    26089.0000    26021.5800  1340185    0.26%  x(c48_2_c24_2) N  49883  29892     25
Elapsed time = 109.70 sec. (214154.96 ticks, tree = 37.51 MB, solutions = 2)
  50844 20050    26054.4872   151    26089.0000    26022.5546  1364915    0.25%  x(c40_2_c33_2) U  50844  39684     26
  51772 20181        cutoff          26089.0000    26023.6154  1390270    0.25%  x(c44_1_c46_1) U  51772  34750     20
  52637 20315    26073.3450   117    26089.0000    26024.8127  1416567    0.25%  x(c11_1_c13_1) N  52637    424     20
  53534 20467    26086.9165    55    26089.0000    26025.9948  1441805    0.24%  x(c22_3_c34_3) N  53534  33040     60
  54453 20187        cutoff          26089.0000    26026.5446  1464781    0.24%  x(c35_2_c24_2) U  54453  47110     27
  55359 20352        cutoff          26089.0000    26027.5333  1490272    0.24%  x(c25_3_c48_3) U  55359  51047     29
  56292 20428    26028.9560   107    26089.0000    26028.6690  1515090    0.23%   x(c3_1_c14_1) N  56292  19436     16
  57232 20579    26044.8335   119    26089.0000    26029.8304  1540647    0.23%  x(c22_3_c34_3) D  57232  57230     73
  58111 20747        cutoff          26089.0000    26030.7713  1566870    0.22%  x(c13_1_c39_1) U  58111  41339     47
  59005 20915    26063.0877    72    26089.0000    26031.6667  1592508    0.22%    x(c4_1_c2_1) N  59005  57081     33
Elapsed time = 128.29 sec. (252333.03 ticks, tree = 39.50 MB, solutions = 2)
  59927 21092        cutoff          26089.0000    26032.5634  1617633    0.22%   x(c36_2_c7_2) U  59927  51519     50
  60153 21140    infeasible          26089.0000    26032.7598  1622491    0.22%   x(c4_3_c10_3) U  60153  60152     24
  61042 21246    26040.6667    66    26089.0000    26033.3768  1648056    0.21%  x(c32_2_c25_2) N  61042  61040     39
  61974 21448    26082.6762   112    26089.0000    26034.1685  1672856    0.21%   x(c42_3_c4_3) N  61974  48757     19
  62910 21643    26042.7839   103    26089.0000    26034.9889  1697319    0.21%   x(c4_3_c42_3) U  62910  55337     24
  63837 21780        cutoff          26089.0000    26035.8132  1722013    0.20%   x(c3_2_c14_2) U  63837  44482     39
  64714 21939    26065.1693   124    26089.0000    26036.6471  1746727    0.20%  x(c14_2_c48_2) U  64714  64713     28
  65634 22091    26066.2032    91    26089.0000    26037.5000  1771375    0.20%  x(c32_2_c25_2) N  65634  59363     20
  66575 21850        cutoff          26089.0000    26038.0000  1793782    0.20%  x(c20_1_c15_1) U  66575  29244     68
  67450 21549    26038.3994    79    26089.0000    26038.3686  1816210    0.19%  x(c15_1_c40_1) D  67450  63872     54
Elapsed time = 146.30 sec. (290497.90 ticks, tree = 40.74 MB, solutions = 2)
  68381 21660        cutoff          26089.0000    26039.1194  1839031    0.19%   x(c11_1_c3_1) U  68381  48494     30
  69283 21611        cutoff          26089.0000    26039.8071  1861426    0.19%  x(c48_3_c25_3) D  69283  39584     54
  70151 21593    26070.4771    82    26089.0000    26040.3878  1885441    0.19%  x(c33_2_c20_2) D  70151   9114     61
  71123 21566    26041.3168   105    26089.0000    26041.0736  1908029    0.18%  x(c28_2_c30_2) D  71123  71122     26
  72000 21738    26042.1200   165    26089.0000    26041.7472  1930523    0.18%  x(c25_1_c13_1) D  72000  71999     24
  72906 21901    26042.9692   104    26089.0000    26042.3831  1955231    0.18%    x(c4_1_c2_1) D  72906  72092     33
  73853 22018    infeasible          26089.0000    26043.1193  1978603    0.18%   x(c4_3_c42_3) U  73853  73852     27
  74781 22142    26077.2152   101    26089.0000    26043.8040  2002313    0.17%  x(c28_2_c30_2) N  74781  72009     18
  75750 22220    infeasible          26089.0000    26044.5536  2024697    0.17%  x(c34_3_c23_3) D  75750  75749     37
  76734 22325    26082.8052    51    26089.0000    26045.2193  2047430    0.17%  x(c25_3_c34_3) N  76734  76733     33
Elapsed time = 165.27 sec. (331245.71 ticks, tree = 42.33 MB, solutions = 2)
  77659 22401        cutoff          26089.0000    26045.9503  2070504    0.17%  x(c24_1_c45_1) U  77659  32137     41
  78560 22188    26055.3415   196    26089.0000    26046.3719  2092347    0.16%  x(c33_2_c20_2) D  78560  29658     23
  79540 22316    26049.2400   116    26089.0000    26047.1339  2114362    0.16%  x(c39_1_c14_1) D  79540  78226     38
  80470 22354    26047.8675   185    26089.0000    26047.8370  2136871    0.16%   x(c43_1_c6_1) D  80470   5845     58
  81406 22383    infeasible          26089.0000    26048.5485  2159322    0.16%   x(c6_1_c43_1) D  81406  77687     45
  82362 22419    26054.6226   108    26089.0000    26049.2493  2181393    0.15%  x(c40_1_c23_1) D  82362  80887     72
  83286 22490    26066.0080    95    26089.0000    26049.9427  2203890    0.15%  x(c48_2_c24_2) N  83286  63885     27
  84224 22558    26060.3606    34    26089.0000    26050.6379  2225732    0.15%   x(c4_3_c42_3) U  84224  67960     45
  85123 22421    26051.0993   161    26089.0000    26051.0993  2247409    0.15%   x(c15_1_c9_1) N  85123  84057     35
  86033 22259    26052.7632   133    26089.0000    26051.6506  2268971    0.14%  x(c14_2_c32_2) N  86033  86032     38
Elapsed time = 182.91 sec. (369427.87 ticks, tree = 42.37 MB, solutions = 2)
  86997 22267    26063.9940    74    26089.0000    26052.2746  2289985    0.14%   x(c42_3_c4_3) N  86997  86996     33
  87705 22275    26053.2138   134    26089.0000    26052.7538  2306248    0.14%  x(c14_2_c34_2) D  87705  87703     23
  88688 22291    26084.4402   105    26089.0000    26053.3976  2326796    0.14%  x(c47_2_c12_2) N  88688  68815     27
  89645 22260        cutoff          26089.0000    26054.0780  2347378    0.13%   x(c3_1_c11_1) U  89645  74891     59
  90607 22227        cutoff          26089.0000    26054.7883  2367409    0.13%  x(c33_2_c18_2) U  90607  78217     36
  91534 22227    26075.4751    83    26089.0000    26055.3417  2387683    0.13%    x(c4_1_c2_1) N  91534  81123     59
  92521 22195        cutoff          26089.0000    26056.0000  2407596    0.13%   x(c3_2_c16_2) N  92521  74303     48
  93217 21828    26057.6392   128    26089.0000    26056.1696  2422427    0.13%  x(c15_1_c40_1) N  93217  93216     32
  94172 21801    26057.2265    77    26089.0000    26056.8060  2442107    0.12%   x(c42_3_c4_3) N  94172  91301     33
  95095 21780    26058.8932   125    26089.0000    26057.3357  2462237    0.12%   x(c42_3_c4_3) N  95095  95094     60
Elapsed time = 200.04 sec. (407590.30 ticks, tree = 41.56 MB, solutions = 2)
  96080 21724        cutoff          26089.0000    26057.9973  2482038    0.12%     x(c22_2_Om) U  96080  58687     28
  97041 21549    26067.7500   116    26089.0000    26058.5000  2501608    0.12%  x(c22_3_c34_3) D  97041  97039     18
  97989 21460        cutoff          26089.0000    26059.0514  2520602    0.11%  x(c28_1_c44_1) U  97989  95900     24
  98928 21351        cutoff          26089.0000    26059.6652  2539472    0.11%  x(c33_2_c20_2) U  98928  96413     38
  99350 21318    26059.9969   139    26089.0000    26059.9667  2547564    0.11%   x(c48_2_c2_2) N  99350  98880     49
 100296 21182    infeasible          26089.0000    26060.5488  2566857    0.11%   x(c42_3_c4_3) D 100296  87748     24
 101236 21057    26061.0791   110    26089.0000    26061.0760  2584997    0.11%  x(c40_2_c16_2) N 101236  98201     38
 102150 20966    26063.4796   114    26089.0000    26061.6013  2603674    0.11%   x(c36_2_c6_2) N 102150  98011     46
 103128 20819        cutoff          26089.0000    26062.1756  2621745    0.10%  x(c48_3_c25_3) U 103128  89200     26
 104073 20698    26062.7253    86    26089.0000    26062.7287  2640264    0.10%  x(c11_1_c47_1) D 104073  97557     31
Elapsed time = 216.88 sec. (445764.20 ticks, tree = 39.81 MB, solutions = 2)
 105039 20572        cutoff          26089.0000    26063.3423  2658771    0.10%  x(c33_2_c20_2) U 105039  93586     18
 106010 20407        cutoff          26089.0000    26063.9539  2676151    0.10%   x(c4_3_c42_3) U 106010  80415     25
 106947 20191        cutoff          26089.0000    26064.5000  2694563    0.09%     x(Op_c38_2) U 106947 100627     19
 107887 20021    26065.0630    78    26089.0000    26065.0583  2712402    0.09%  x(c24_1_c45_1) N 107887  98695     22
 108800 19814    26066.9125   107    26089.0000    26065.6206  2730338    0.09%  x(c25_3_c34_3) N 108800  89671     17
 109733 19517    26076.6949    84    26089.0000    26066.0777  2749154    0.09%  x(c34_3_c23_3) N 109733  61614     65
 110772 19313    26083.5189   103    26089.0000    26066.6379  2766100    0.09%  x(c15_1_c40_1) U 110772 104981      9
 111760 19052    26083.2103    99    26089.0000    26067.1935  2784554    0.08%   x(c14_1_c3_1) N 111760 100455     28
 112768 18817    26086.7417    90    26089.0000    26067.7854  2801248    0.08%   x(c4_3_c42_3) N 112768 101701     40
 113761 18560    26068.4343   120    26089.0000    26068.3488  2818224    0.08%   x(c9_1_c31_1) N 113761  21481     49
Elapsed time = 233.43 sec. (483940.49 ticks, tree = 35.95 MB, solutions = 2)
 114782 18225        cutoff          26089.0000    26069.0000  2834783    0.08%  x(c34_3_c23_3) U 114782 103005     28
 115762 17955        cutoff          26089.0000    26069.5690  2852381    0.07%  x(c29_2_c48_2) U 115762 113377     36
 116789 17553        cutoff          26089.0000    26070.1833  2868902    0.07%  x(c28_2_c30_2) U 116789  90046     28
 117831 17218        cutoff          26089.0000    26070.7816  2885039    0.07%  x(c22_3_c34_3) U 117831 106445     39
 118871 16874        cutoff          26089.0000    26071.4297  2902210    0.07%  x(c11_1_c13_1) U 118871 118869     60
 119893 16418    26072.8060    84    26089.0000    26072.0124  2918950    0.07%  x(c33_2_c20_2) N 119893 117507     24
 120913 16045        cutoff          26089.0000    26072.6203  2934757    0.06%  x(c11_1_c47_1) U 120913 109282     29
 121943 15593        cutoff          26089.0000    26073.2500  2950473    0.06%  x(c25_3_c34_3) U 121943  38126     22
 122971 15139    26074.0371    90    26089.0000    26073.9828  2966008    0.06%  x(c13_1_c11_1) N 122971 122970     30
 124018 14667    26074.6032   133    26089.0000    26074.5313  2981689    0.06%  x(c15_1_c31_1) N 124018  64486     64
Elapsed time = 249.45 sec. (522102.59 ticks, tree = 28.83 MB, solutions = 2)
 125038 14267    26077.5273   103    26089.0000    26075.1083  2997322    0.05%  x(c40_1_c15_1) N 125038  19101     27
 126113 13756        cutoff          26089.0000    26075.7318  3011028    0.05%  x(c22_3_c34_3) U 126113 117565     22
 127179 13248    26078.6676   108    26089.0000    26076.1847  3025342    0.05%   x(c2_2_c48_2) N 127179 125209     37
 128229 12771    infeasible          26089.0000    26076.7861  3039795    0.05%  x(c20_2_c40_2) D 128229 124445     51
 129303 12196        cutoff          26089.0000    26077.3750  3054302    0.04%  x(c29_2_c48_2) U 129303 120547     25
 130372 11643    26079.0488    82    26089.0000    26078.0217  3068037    0.04%   x(c14_2_c3_2) N 130372 130371     43
 131426 11105        cutoff          26089.0000    26078.6013  3082248    0.04%  x(c46_1_c44_1) U 131426  26255     34
 132485 10495    26079.6041   123    26089.0000    26079.2175  3096608    0.04%  x(c12_1_c20_1) N 132485 122231     40
 133565  9843    26080.8286   113    26089.0000    26079.8934  3109555    0.03%  x(c14_2_c48_2) N 133565 127188     17
 134676  9170    26080.5006    67    26089.0000    26080.5007  3121459    0.03%   x(c42_3_c4_3) N 134676  86834     29
Elapsed time = 264.92 sec. (560268.01 ticks, tree = 18.67 MB, solutions = 2)
 135771  8507        cutoff          26089.0000    26081.1603  3134794    0.03%    x(c4_1_c2_1) U 135771 119127     30
 136903  7742        cutoff          26089.0000    26081.8779  3146616    0.03%  x(c44_1_c46_1) D 136903 105064     27
 138028  6985        cutoff          26089.0000    26082.5578  3158368    0.02%  x(c14_2_c34_2) D 138028 123687     29
 139171  6182        cutoff          26089.0000    26083.2455  3170478    0.02%  x(c11_1_c47_1) U 139171 129465     17
 140243  5412        cutoff          26089.0000    26083.9289  3189304    0.02%  x(c22_3_c34_3) D 140243  26063     32
 141288  4674    26085.0997    72    26089.0000    26084.5742  3208128    0.02%  x(c34_3_c22_3) N 141288 141286     22
 142380  3854        cutoff          26089.0000    26085.2375  3226265    0.01%  x(c35_2_c24_2) U 142380 121085     27
 143485  2945    26086.1721    98    26089.0000    26085.9354  3243668    0.01%  x(c24_1_c45_1) N 143485 142738     16

Clique cuts applied:  27
Cover cuts applied:  220
Mixed integer rounding cuts applied:  20
Zero-half cuts applied:  10
Gomory fractional cuts applied:  5
User cuts applied:  470

Root node processing (before b&c):
  Real time             =    0.56 sec. (1362.55 ticks)
Sequential b&c:
  Real time             =  277.71 sec. (594227.60 ticks)
                          ------------
Total (root+branch&cut) =  278.27 sec. (595590.15 ticks)

