Version identifier: 22.1.0.0 | 2022-03-09 | 1a383f8ce
CPXPARAM_Preprocessing_Reduce                    0
CPXPARAM_Threads                                 1
CPXPARAM_Preprocessing_Reformulations            0
CPXPARAM_Emphasis_MIP                            2
CPXPARAM_TimeLimit                               7200
CPXPARAM_MIP_Tolerances_AbsMIPGap                0.98999999999999999
CPXPARAM_MIP_Limits_TreeMemory                   20000
Legacy callback                                  BbLUID
         Disabling repeat represolve because of lazy constraint/incumbent callback.
1 of 1 MIP starts provided solutions.
MIP start 'm1' defined initial solution with objective 8456.0000.
Tried aggregator 0 times.
Reduced MIP has 88 rows, 344 columns, and 1298 nonzeros.
Reduced MIP has 344 binaries, 0 generals, 0 SOSs, and 0 indicators.
Presolve time = 0.00 sec. (0.07 ticks)
Probing time = 0.00 sec. (0.33 ticks)
Clique table members: 44.
MIP emphasis: optimality.
MIP search method: traditional branch-and-cut.
Parallel mode: none, using 1 thread.
Root relaxation solution time = 0.00 sec. (0.40 ticks)

        Nodes                                         Cuts/
   Node  Left     Objective  IInf  Best Integer    Best Bound    ItCnt     Gap         Variable B NodeID Parent  Depth

*     0+    0                         8456.0000        0.0000           100.00%
      0     0     8253.0000    10     8456.0000     7108.0000       75   15.94%
      0     0     8444.0000    16     8456.0000       Cuts: 9       83    0.14%
      0     0     8444.0000    34     8456.0000       Cuts: 6       91    0.14%
      0     0     8444.0000    88     8456.0000       User: 2       91    0.14%
      0     2     8445.0000    76     8456.0000     8446.0000       95    0.12%                        0             0
Elapsed time = 0.04 sec. (32.24 ticks, tree = 0.01 MB, solutions = 1)

Gomory fractional cuts applied:  1
User cuts applied:  49

Root node processing (before b&c):
  Real time             =    0.04 sec. (29.24 ticks)
Sequential b&c:
  Real time             =    0.03 sec. (6.09 ticks)
                          ------------
Total (root+branch&cut) =    0.07 sec. (35.33 ticks)

