- Starting heuristic -

Exact TSP
x  TSP Iteration:       0   1224   5801
* 2OPT Iteration:       0   1149   5527
* BPER Iteration:       0   1149   5484
------ Iteration:       0   1149   5484
* APER Iteration:      25   1149   5465
* BPER Iteration:      50   1171   5460
* APER Iteration:      50   1171   5441
* APER Iteration:      75   1171   5429
------ Iteration:     100   1171   5429
------ Iteration:     200   1171   5429
------ Iteration:     300   1171   5429

Exact Precedences TSP
* 2OPT Iteration:       0   1171   5415
* 2OPT Iteration:       1   1174   5474
* BPER Iteration:       1   1171   5435
* 2OPT Iteration:       2   1174   5474
* BPER Iteration:       2   1171   5435
* APER Iteration:       3   1209   5516
* APER Iteration:       4   1171   5441
Feasible solution found

