- Starting heuristic -

Exact TSP
x  TSP Iteration:       0  20770  97251
* 2OPT Iteration:       0  20605  96039
* BPER Iteration:       0  20605  95961
------ Iteration:       0  20605  95961
* APER Iteration:      25  20605  95945
* APER Iteration:      50  20605  95852
* APER Iteration:      75  20605  95844
------ Iteration:     100  20605  95844
------ Iteration:     200  20605  95844
------ Iteration:     300  20605  95844

Exact Precedences TSP
* 2OPT Iteration:       0  21126  97016
* APER Iteration:       0  20968  96858
* 2OPT Iteration:       1  20729  97330
* BPER Iteration:       1  20729  96998
* 2OPT Iteration:       2  20844  95696
* APER Iteration:       2  20844  95584
* BPER Iteration:       2  20632  95484
Feasible solution found

