Version identifier: 22.1.0.0 | 2022-03-09 | 1a383f8ce
CPXPARAM_Preprocessing_Reduce                    0
CPXPARAM_Threads                                 1
CPXPARAM_Preprocessing_Reformulations            0
CPXPARAM_Emphasis_MIP                            2
CPXPARAM_TimeLimit                               7200
CPXPARAM_MIP_Tolerances_AbsMIPGap                0.98999999999999999
CPXPARAM_MIP_Limits_TreeMemory                   20000
Legacy callback                                  BbLUID
         Disabling repeat represolve because of lazy constraint/incumbent callback.
1 of 1 MIP starts provided solutions.
MIP start 'm1' defined initial solution with objective 50758.0000.
Tried aggregator 0 times.
Reduced MIP has 10566 rows, 10208 columns, and 60396 nonzeros.
Reduced MIP has 10034 binaries, 0 generals, 0 SOSs, and 0 indicators.
Presolve time = 0.00 sec. (3.19 ticks)
Probing time = 0.00 sec. (5.02 ticks)
Clique table members: 2695.
MIP emphasis: optimality.
MIP search method: traditional branch-and-cut.
Parallel mode: none, using 1 thread.
Root relaxation solution time = 0.01 sec. (21.18 ticks)

        Nodes                                         Cuts/
   Node  Left     Objective  IInf  Best Integer    Best Bound    ItCnt     Gap         Variable B NodeID Parent  Depth

*     0+    0                        50758.0000        0.0000           100.00%
      0     0    38030.6760   370    50758.0000    38030.6760      459   25.07%
      0     0    48566.3895   361    50758.0000     Cuts: 106      857    4.32%
      0     0    49860.0000   349    50758.0000      Cuts: 33     1045    1.77%
      0     0    50094.0474   365    50758.0000      Cuts: 33     1172    1.31%
      0     0    50173.5000   352    50758.0000       Cuts: 3     1224    1.15%
      0     0    50185.0000   371    50758.0000       Cuts: 7     1272    1.13%
*     0+    0                        50700.0000    50185.0000             1.02%
      0     0  -1.00000e+75     0    50700.0000    50185.0000     1272    1.02%
      0     0    50235.0000   357    50700.0000       Cuts: 6     1352    0.92%
      0     0    50249.0000   345    50700.0000       Cuts: 4     1389    0.89%
      0     0    50339.5177   349    50700.0000       Cuts: 6     1482    0.71%
      0     0    50347.5000   350    50700.0000       Cuts: 2     1524    0.70%
      0     0    50347.5000   348    50700.0000   ZeroHalf: 1     1532    0.70%
      0     2    50347.5000   225    50700.0000    50347.5000     1532    0.70%                        0             0
Elapsed time = 2.79 sec. (6726.17 ticks, tree = 0.01 MB, solutions = 2)
      1     3    50347.5000   306    50700.0000    50358.0000     1568    0.67%  x(c58_3_c81_3) D      1      0      1
      2     4    50358.0000   273    50700.0000    50358.0000     1621    0.67%  x(c81_3_c58_3) D      2      1      2
      3     5    50479.0000   269    50700.0000    50358.0000     2119    0.67%  x(c81_3_c58_3) N      3      1      2
      4     6    50488.0000   265    50700.0000    50358.0000     2203    0.67%  x(c59_3_c17_3) N      4      3      3
      5     7    50499.0000   252    50700.0000    50358.0000     2284    0.67%  x(c36_3_c74_3) N      5      4      4
      6     8    50509.0000   252    50700.0000    50358.0000     2357    0.67%  x(c36_3_c74_3) U      6      4      4
      7     8    50642.5000   254    50700.0000    50358.0000     2605    0.67%  x(c20_3_c57_3) N      7      5      5
      8     9    50666.0000   238    50700.0000    50358.0000     2739    0.67%  x(c62_3_c57_3) N      8      7      6
     10    10    50685.0000   234    50700.0000    50358.0000     3779    0.67%  x(c63_2_c92_2) N     10      9      8
     20    14    50685.9922   278    50700.0000    50358.0000     4098    0.67%  x(c82_3_c50_3) N     20     19     17
Elapsed time = 8.30 sec. (17562.81 ticks, tree = 0.07 MB, solutions = 2)
     34    26    50422.0000   152    50700.0000    50358.0000     5052    0.67%  x(c87_3_c25_3) D     34     33     14
     38    30    50414.2150   237    50700.0000    50358.0000     5400    0.67%  x(c10_2_c38_2) N     38     37     16
     48    40    50414.4599   178    50700.0000    50358.0000     5520    0.67%  x(c18_2_c94_2) N     48     47     26
     59    50    50414.6978   233    50700.0000    50358.0000     5965    0.67%  x(c94_2_c79_2) D     59     58     36
     70    59    50414.9627   230    50700.0000    50358.0000     6122    0.67%  x(c73_2_c69_2) D     70     69     46
     80    68    50542.0914   293    50700.0000    50358.0000     6436    0.67%  x(c53_2_c66_2) N     80     79     54
     91    73    50500.0000   240    50700.0000    50358.0000     6970    0.67%  x(c63_2_c92_2) N     91     24      6
    117    98    50497.0176   236    50700.0000    50387.0000     8859    0.62%     x(c49_3_Om) U    117     28     10
    143   123    50424.5000   166    50700.0000    50406.6434    11023    0.58%  x(c59_3_c36_3) U    143    141     15
    158   138    50419.6253   204    50700.0000    50414.0000    12461    0.56%  x(c10_2_c38_2) N    158    137      8
Elapsed time = 13.32 sec. (28226.32 ticks, tree = 2.15 MB, solutions = 2)
*   159     0      integral     0    50414.0000    50414.0000    12723    0.00%

Clique cuts applied:  28
Cover cuts applied:  2
Flow cuts applied:  25
Mixed integer rounding cuts applied:  11
Zero-half cuts applied:  17
Gomory fractional cuts applied:  8
User cuts applied:  157

Root node processing (before b&c):
  Real time             =    2.79 sec. (6722.63 ticks)
Sequential b&c:
  Real time             =   10.58 sec. (21581.84 ticks)
                          ------------
Total (root+branch&cut) =   13.36 sec. (28304.47 ticks)

