- Starting heuristic -

Exact TSP
x  TSP Iteration:       0  20481  99920
* 2OPT Iteration:       0  20428  99397
------ Iteration:       0  20428  99397
------ Iteration:     100  20428  99397
------ Iteration:     200  20428  99397
------ Iteration:     300  20428  99397

Exact Precedences TSP
* 2OPT Iteration:       0  20126  98019
* BPER Iteration:       0  20126  97921
* 2OPT Iteration:       1  20064  97394
* BPER Iteration:       1  20595  96660
* 2OPT Iteration:       2  21375  98388
* BPER Iteration:       2  21375  98243
* 2OPT Iteration:       3  20833  98310
* BPER Iteration:       3  20833  98165
* 2OPT Iteration:       4  20645  97678
* BPER Iteration:       4  20645  97533
Feasible solution found

