Version identifier: 22.1.0.0 | 2022-03-09 | 1a383f8ce
CPXPARAM_Preprocessing_Reduce                    0
CPXPARAM_Threads                                 1
CPXPARAM_Preprocessing_Reformulations            0
CPXPARAM_Emphasis_MIP                            2
CPXPARAM_TimeLimit                               7200
CPXPARAM_MIP_Tolerances_AbsMIPGap                0.98999999999999999
CPXPARAM_MIP_Limits_TreeMemory                   20000
Legacy callback                                  BbLUID
         Disabling repeat represolve because of lazy constraint/incumbent callback.
1 of 1 MIP starts provided solutions.
MIP start 'm1' defined initial solution with objective 190.0000.
Tried aggregator 0 times.
Reduced MIP has 972 rows, 746 columns, and 4396 nonzeros.
Reduced MIP has 688 binaries, 0 generals, 0 SOSs, and 0 indicators.
Presolve time = 0.00 sec. (0.24 ticks)
Probing time = 0.00 sec. (1.00 ticks)
Clique table members: 315.
MIP emphasis: optimality.
MIP search method: traditional branch-and-cut.
Parallel mode: none, using 1 thread.
Root relaxation solution time = 0.00 sec. (1.54 ticks)

        Nodes                                         Cuts/
   Node  Left     Objective  IInf  Best Integer    Best Bound    ItCnt     Gap         Variable B NodeID Parent  Depth

*     0+    0                          190.0000        0.0000           100.00%
      0     0       68.0000    43      190.0000       68.0000      132   64.21%
      0     0      148.1140    73      190.0000      Cuts: 19      289   22.05%
      0     0      162.0000   106      190.0000      Cuts: 20      353   14.74%
      0     0      182.5000   109      190.0000      Cuts: 26      431    3.95%
      0     0      186.0000   104      190.0000      Cuts: 18      461    2.11%
      0     0        cutoff            190.0000                    464    0.00%                        0             0
Elapsed time = 0.03 sec. (44.08 ticks, tree = 0.01 MB, solutions = 1)

Clique cuts applied:  1
Zero-half cuts applied:  8
User cuts applied:  58

Root node processing (before b&c):
  Real time             =    0.03 sec. (44.12 ticks)
Sequential b&c:
  Real time             =    0.00 sec. (0.00 ticks)
                          ------------
Total (root+branch&cut) =    0.03 sec. (44.12 ticks)

