Version identifier: 22.1.0.0 | 2022-03-09 | 1a383f8ce
CPXPARAM_Preprocessing_Reduce                    0
CPXPARAM_Threads                                 1
CPXPARAM_Preprocessing_Reformulations            0
CPXPARAM_Emphasis_MIP                            2
CPXPARAM_TimeLimit                               7200
CPXPARAM_MIP_Tolerances_AbsMIPGap                0.98999999999999999
CPXPARAM_MIP_Limits_TreeMemory                   20000
Legacy callback                                  BbLUID
         Disabling repeat represolve because of lazy constraint/incumbent callback.
1 of 1 MIP starts provided solutions.
MIP start 'm1' defined initial solution with objective 1853.0000.
Tried aggregator 0 times.
Reduced MIP has 30086 rows, 29215 columns, and 174375 nonzeros.
Reduced MIP has 28920 binaries, 0 generals, 0 SOSs, and 0 indicators.
Presolve time = 0.00 sec. (9.17 ticks)
Probing time = 0.01 sec. (10.14 ticks)
Clique table members: 4715.
MIP emphasis: optimality.
MIP search method: traditional branch-and-cut.
Parallel mode: none, using 1 thread.
Root relaxation solution time = 0.03 sec. (85.27 ticks)

        Nodes                                         Cuts/
   Node  Left     Objective  IInf  Best Integer    Best Bound    ItCnt     Gap         Variable B NodeID Parent  Depth

*     0+    0                         1853.0000        0.0000           100.00%
      0     0     1677.2253   624     1853.0000     1677.2253     1128    9.49%
      0     0     1824.5035   621     1853.0000     Cuts: 183     1547    1.54%
      0     0     1835.5000   603     1853.0000      Cuts: 31     1753    0.94%
      0     0     1838.5000   634     1853.0000      Cuts: 10     1889    0.78%
*     0+    0                         1848.0000     1838.5000             0.51%
      0     0  -1.00000e+75     0     1848.0000     1838.5000     1889    0.51%
      0     0     1840.3750   597     1848.0000      Cuts: 11     1990    0.41%
      0     0     1841.0000   617     1848.0000      Cuts: 17     2061    0.38%
      0     0     1841.5000   610     1848.0000      Cuts: 18     2117    0.35%
      0     0     1841.5000   613     1848.0000       Cuts: 3     2123    0.35%
      0     0     1841.5000   186     1848.0000       User: 5     2123    0.35%
      0     2     1841.5000   186     1848.0000     1841.5000     2123    0.35%                        0             0
Elapsed time = 4.70 sec. (9955.96 ticks, tree = 0.01 MB, solutions = 2)
      1     3     1841.5000   202     1848.0000     1842.0000     2136    0.32%  x(c81_1_c78_1) N      1      0      1
      2     4     1842.0000   610     1848.0000     1842.0000     2349    0.32%  x(c78_1_c81_1) D      2      1      2
      3     5     1842.0000   613     1848.0000     1842.0000     2352    0.32%   x(c34_2_c9_2) D      3      2      3
      4     5     1846.5000   613     1848.0000     1842.0000     2784    0.32%   x(c34_2_c9_2) N      4      2      3
      6     6     1846.5000   610     1848.0000     1842.0000     2785    0.32%  x(c71_2_c35_2) D      6      5      5
      7     6     1846.5000   611     1848.0000     1842.0000     2788    0.32%  x(c20_2_c51_2) N      7      6      6
      9     6     1849.5000   610     1848.0000     1842.0000     2818    0.32%  x(c51_1_c30_1) D      9      8      8
     11     6     1843.0000   477     1848.0000     1842.0000     3013    0.32%  x(c78_1_c81_1) U     11      1      2
     12     7     1843.0000   477     1848.0000     1842.0000     3021    0.32%   x(c7_1_c62_1) N     12     11      3
     13     8     1843.0000   485     1848.0000     1842.0000     3025    0.32%   x(c34_2_c9_2) D     13     12      4
Elapsed time = 21.60 sec. (39754.59 ticks, tree = 0.31 MB, solutions = 2)
     18    11     1843.0000   485     1848.0000     1842.0000     3239    0.32%  x(c30_1_c51_1) N     18     17      8
     20    13     1843.0000   342     1848.0000     1842.0000     3429    0.32%  x(c63_3_c11_3) D     20     19     10
     21    14     1844.5006   479     1848.0000     1842.0000     3878    0.32%  x(c63_3_c11_3) N     21     19     10
     22    14     1844.0000   382     1848.0000     1842.0000     5312    0.32%  x(c78_3_c79_3) N     22     20     11
     24    15     1845.2500   498     1848.0000     1842.0000     6431    0.32%  x(c11_3_c63_3) N     24     23     13
     30    16     1844.5000   601     1848.0000     1842.0000     6687    0.32%  x(c51_1_c30_1) U     30      3      4
     39    25     1843.0000   405     1848.0000     1843.0000     7313    0.27%  x(c63_3_c64_3) D     39     38      6
     41    27     1844.0000   405     1848.0000     1843.0000     7980    0.27%  x(c78_3_c79_3) N     41     40      8
     44    30     1845.8333   498     1848.0000     1843.0000     8700    0.27%   x(c62_1_c7_1) U     44     37      5
     50    32     1851.7500   591     1848.0000     1843.0000     9852    0.27%   x(c9_1_c33_1) N     50     49      4
Elapsed time = 29.26 sec. (53293.69 ticks, tree = 0.41 MB, solutions = 2)
     61    42     1843.0000   487     1848.0000     1843.0000    10950    0.27%  x(c63_3_c11_3) D     61     60      9
     69    48     1845.5005   554     1848.0000     1844.2500    12720    0.20%  x(c11_3_c63_3) U     69     41      9
     76    54     1847.0000   287     1848.0000     1844.5000    13491    0.19%  x(c30_2_c51_2) N     76     74     12
     78    53     1852.5000   248     1848.0000     1844.5000    13753    0.19%   x(c33_2_c3_2) N     78     77     14
     86    58     1844.5000   453     1848.0000     1844.5000    14565    0.19%  x(c78_1_c34_1) U     86     64     10
     99    67     1844.5004   472     1848.0000     1844.5000    15407    0.19%  x(c51_2_c30_2) D     99     98     14
    115    80     1846.5000   452     1848.0000     1844.5000    17422    0.19%  x(c78_3_c79_3) U    115    113     11
    135    89     1847.0000   441     1848.0000     1844.5000    19295    0.19%  x(c33_1_c78_1) D    135    134     16
    141    91     1845.5000   494     1848.0000     1844.5000    19907    0.19%  x(c78_3_c79_3) D    141    140     10
    160   107     1845.0000   301     1848.0000     1845.0000    21338    0.16%  x(c66_2_c32_2) D    160     75     13
Elapsed time = 35.59 sec. (64778.59 ticks, tree = 1.47 MB, solutions = 2)
    167   114     1846.0000   243     1848.0000     1845.0000    22588    0.16%   x(c35_2_c9_2) U    167    160     14
    184   129     1845.0008   459     1848.0000     1845.0008    23931    0.16%  x(c69_1_c31_1) D    184    183     20
    194   139     1845.0039   356     1848.0000     1845.0008    24160    0.16%  x(c45_3_c83_3) D    194    193     30
    197   142     1845.0039   392     1848.0000     1845.0008    24173    0.16%  x(c20_3_c32_3) D    197    196     33
    214   155     1846.5017   448     1848.0000     1845.0023    25084    0.16%  x(c92_1_c95_1) N    214    189     26
    223   150        cutoff           1848.0000     1845.0090    26755    0.16%  x(c82_3_c18_3) U    223    197     34
    230   151     1846.5000   445     1848.0000     1845.0581    28840    0.16%  x(c10_1_c31_1) N    230    182     19
    250   155     1846.0000   490     1848.0000     1845.2539    30458    0.15%  x(c64_1_c49_1) U    250    245     13
    260   160     1846.2500   306     1848.0000     1845.5000    31556    0.14%  x(c78_2_c81_2) N    260    259     22
    275   170     1847.0000   605     1848.0000     1845.5000    33119    0.14%  x(c64_1_c49_1) D    275    274      6
Elapsed time = 42.10 sec. (76613.38 ticks, tree = 2.37 MB, solutions = 2)
    299   182     1846.5000   382     1848.0000     1845.5000    34450    0.14%  x(c63_3_c11_3) D    299    298      4
    312   188     1847.0000   344     1848.0000     1845.5000    36048    0.14%  x(c11_3_c63_3) U    312    307      9
    345   196     1846.0000   434     1848.0000     1845.7500    37949    0.12%  x(c62_1_c88_1) U    345    180     17
    349   198     1847.0000   482     1848.0000     1845.7857    39544    0.12%  x(c78_2_c81_2) U    349    282     13
    354   199        cutoff           1848.0000     1845.8750    40924    0.11%  x(c63_3_c11_3) D    354    353      6
    360   203     1846.0000   159     1848.0000     1846.0000    41952    0.11%  x(c30_2_c51_2) D    360    359     12
    381   212     1846.0000   273     1848.0000     1846.0000    43890    0.11%  x(c70_2_c10_2) D    381    170     17
    405   201     1847.6667   329     1848.0000     1846.0000    45762    0.11%   x(c48_1_c7_1) N    405    157     14
    421   206        cutoff           1848.0000     1846.0000    46964    0.11%  x(c30_2_c51_2) U    421    419     13
    440   203     1846.0000   458     1848.0000     1846.0000    48067    0.11%  x(c78_2_c81_2) D    440    439     13
Elapsed time = 47.85 sec. (87172.34 ticks, tree = 2.85 MB, solutions = 2)
    478   202     1847.0000   502     1848.0000     1846.0000    49752    0.11%  x(c11_3_c63_3) U    478    114     12
    511   215     1846.5007   449     1848.0000     1846.0007    51467    0.11%  x(c49_2_c47_2) D    511    510     15
    541   201     1847.0000   389     1848.0000     1846.0702    52605    0.10%  x(c30_1_c20_1) U    541    500     14
    562   193     1847.0000   457     1848.0000     1846.2500    54406    0.09%  x(c32_1_c30_1) N    562    181     18
    600   175     1847.0000   309     1848.0000     1846.5000    56142    0.08%  x(c30_2_c51_2) D    600    599     11
    639   159     1846.5000   460     1848.0000     1846.5000    57295    0.08%  x(c78_2_c33_2) D    639    455     12
    692   139        cutoff           1848.0000     1846.5007    58225    0.08%  x(c78_2_c81_2) U    692    515     13
    730   119     1846.8333   296     1848.0000     1846.7500    59032    0.07%  x(c33_2_c78_2) D    730     92     16
    767    98        cutoff           1848.0000     1846.8750    60274    0.06%  x(c79_3_c33_3) U    767    544     23
    803    71     1847.0000   295     1848.0000     1847.0000    61404    0.05%  x(c49_2_c47_2) D    803    766     20
Elapsed time = 53.10 sec. (97681.52 ticks, tree = 0.99 MB, solutions = 2)
    825    59     1847.0000   292     1848.0000     1847.0000    62974    0.05%  x(c30_2_c51_2) N    825    824     16
    887    16        cutoff           1848.0000     1847.0000    63649    0.05%  x(c30_2_c51_2) U    887    885     14

Clique cuts applied:  32
Cover cuts applied:  1
Flow cuts applied:  32
Mixed integer rounding cuts applied:  44
Zero-half cuts applied:  8
Gomory fractional cuts applied:  10
User cuts applied:  310

Root node processing (before b&c):
  Real time             =    4.70 sec. (9952.26 ticks)
Sequential b&c:
  Real time             =   49.40 sec. (90024.22 ticks)
                          ------------
Total (root+branch&cut) =   54.10 sec. (99976.48 ticks)

