Version identifier: 22.1.0.0 | 2022-03-09 | 1a383f8ce
CPXPARAM_Preprocessing_Reduce                    1
CPXPARAM_Threads                                 1
CPXPARAM_Preprocessing_Reformulations            0
CPXPARAM_Emphasis_MIP                            2
CPXPARAM_TimeLimit                               7200
CPXPARAM_MIP_Tolerances_AbsMIPGap                0.5
CPXPARAM_MIP_Limits_TreeMemory                   26600
Legacy callback                                  BbLUID
         Disabling repeat represolve because of lazy constraint/incumbent callback.
1 of 1 MIP starts provided solutions.
MIP start 'm1' defined initial solution with objective 53676.0000.
Tried aggregator 1 time.
MIP Presolve modified 9865 coefficients.
Reduced MIP has 353 rows, 10034 columns, and 30102 nonzeros.
Reduced MIP has 10034 binaries, 0 generals, 0 SOSs, and 0 indicators.
Presolve time = 0.01 sec. (29.38 ticks)
Probing time = 0.00 sec. (4.53 ticks)
Clique table members: 350.
MIP emphasis: optimality.
MIP search method: traditional branch-and-cut.
Parallel mode: none, using 1 thread.
Root relaxation solution time = 0.00 sec. (6.21 ticks)

        Nodes                                         Cuts/
   Node  Left     Objective  IInf  Best Integer    Best Bound    ItCnt     Gap         Variable B NodeID Parent  Depth

*     0+    0                        53676.0000        0.0000           100.00%
      0     0    48821.0000   118    53676.0000    40560.0000      193   24.44%
      0     0    51522.0000   192    53676.0000      Cuts: 80      301    4.01%
      0     0    52436.5000   200    53676.0000      Cuts: 88      393    2.31%
      0     0    52693.0000    96    53676.0000      Cuts: 80      441    1.83%
      0     0    52712.5000   156    53676.0000      Cuts: 12      464    1.80%
      0     0    52789.5000   226    53676.0000       Cuts: 7      485    1.65%
      0     0    52807.7500    94    53676.0000       Cuts: 6      506    1.62%
      0     0    52807.7500   215    53676.0000       Cuts: 8      513    1.62%
      0     0    52810.5000   176    53676.0000       Cuts: 5      529    1.61%
      0     0    52810.5000   236    53676.0000       Cuts: 6      541    1.61%
      0     2    52810.5000   236    53676.0000    52810.5000      541    1.61%                        0             0
Elapsed time = 0.65 sec. (1431.57 ticks, tree = 0.01 MB, solutions = 1)
      7     9    53095.5000   146    53676.0000    52811.0000      657    1.61%  x(c75_3_c65_3) N      7      6      4
     14    16    53150.6667   184    53676.0000    52811.0000      741    1.61%  x(c15_1_c51_1) U     14     12     10
     26    28    53236.0455   250    53676.0000    52811.0000      936    1.61%  x(c23_3_c65_3) U     26     24     19
     53    46    52921.0000   204    53676.0000    52828.0000     1148    1.58%  x(c85_3_c67_3) N     53      2      2
     80    73    53006.0312   230    53676.0000    52828.0000     1315    1.58%  x(c80_1_c56_1) D     80     79     27
    107   100    53185.7857   217    53676.0000    52828.0000     1423    1.58%  x(c37_1_c58_1) D    107    106     52
    142   123    53374.5000   218    53676.0000    52828.0000     1508    1.58%  x(c89_1_c87_1) U    142    140     86
    166   136    52959.9000   261    53676.0000    52951.7143     1798    1.35%  x(c54_1_c58_1) D    166    165      5
    190   160    53011.0000   194    53676.0000    52967.0000     2157    1.32%  x(c10_1_c21_1) U    190    188      8
    298   268    53086.9444   245    53676.0000    53008.5000     4418    1.24%  x(c10_1_c70_1) U    298    235     10
Elapsed time = 3.38 sec. (4628.28 ticks, tree = 2.57 MB, solutions = 1)
    448   418    53146.7500   292    53676.0000    53024.8500     7174    1.21%  x(c83_1_c89_1) U    448    336     13
    595   565    53234.2308   302    53676.0000    53038.2500     9736    1.19%  x(c49_3_c67_3) N    595    593     12
    750   720    53047.5750   296    53676.0000    53047.7500    12427    1.17%  x(c35_3_c29_3) D    750    554     16
    900   868    53467.1250   219    53676.0000    53054.2500    15362    1.16%  x(c25_3_c38_3) N    900    750     17
   1056  1024    53059.4167   244    53676.0000    53059.1250    18248    1.15%  x(c70_1_c49_1) D   1056    800     22
   1200  1167    53112.0000   195    53676.0000    53064.9000    21080    1.14%  x(c65_3_c81_3) D   1200    371     12
   1363  1329    53200.8571   265    53676.0000    53069.4167    24380    1.13%  x(c68_1_c70_1) U   1363   1118     26
   1520  1481    53293.8636   246    53676.0000    53073.2500    27317    1.12%  x(c37_1_c88_1) N   1520    814     14
   1671  1629    53224.5833   258    53676.0000    53077.5000    30476    1.12%     x(c35_3_Om) N   1671    990     11
   1826  1784    53090.4643   240    53676.0000    53080.8333    33785    1.11%  x(c80_1_c62_1) D   1826   1153     15
Elapsed time = 12.05 sec. (14234.64 ticks, tree = 18.66 MB, solutions = 1)
   1984  1940    53180.7500   281    53676.0000    53083.5000    36926    1.10%  x(c67_3_c49_3) N   1984    345     11
   2106  2058    53254.0000   206    53676.0000    53086.2500    39929    1.10%  x(c12_1_c27_1) U   2106   1771     26
   2240  2192    53109.8333   210    53676.0000    53089.7500    43262    1.09%  x(c87_1_c89_1) D   2240   2239     12
   2399  2344    53305.1111   275    53676.0000    53091.5000    45940    1.09%  x(c88_1_c23_1) D   2399   2397     65
   2550  2487    53319.0000   234    53676.0000    53094.0000    48391    1.08%  x(c65_3_c75_3) U   2550   2548     16
   2713  2650    53217.7500   199    53676.0000    53096.8214    51726    1.08%  x(c37_1_c88_1) U   2713   1886     22
   2858  2794    53131.5000   238    53676.0000    53099.4000    55040    1.07%  x(c68_3_c90_3) U   2858   1995     12
   2989  2923    53111.1861   326    53676.0000    53102.8261    58250    1.07%  x(c80_1_c37_1) D   2989   2988     28
   3136  3069    53127.0000   188    53676.0000    53105.2500    61489    1.06%  x(c81_3_c65_3) U   3136    993     22
   3252  3183    53335.5000   272    53676.0000    53107.0417    64834    1.06%  x(c54_1_c37_1) U   3252   2171     32
Elapsed time = 20.58 sec. (23827.75 ticks, tree = 35.26 MB, solutions = 1)
   3390  3321    53482.4000   199    53676.0000    53109.5000    68200    1.06%  x(c25_3_c38_3) N   3390   2882     12
   3501  3432    53119.3484   332    53676.0000    53111.5357    71404    1.05%  x(c37_1_c88_1) D   3501   3500     34
   3618  3547    53347.3333   292    53676.0000    53114.3125    74663    1.05%  x(c55_3_c19_3) N   3618   3616     17
   3755  3684    53137.6000   145    53676.0000    53117.0000    78121    1.04%  x(c70_1_c68_1) D   3755   1087     11
   3884  3811    53155.3333   289    53676.0000    53119.0000    81460    1.04%  x(c55_3_c19_3) D   3884   3883     39
   4010  3937    53464.0000   207    53676.0000    53121.2545    84612    1.03%  x(c37_1_c88_1) U   4010   3387     21
   4146  4072    53129.2842   318    53676.0000    53123.3750    88011    1.03%  x(c61_1_c12_1) D   4146   3785     37
   4280  4204    53129.8143   254    53676.0000    53125.7500    91267    1.03%  x(c62_1_c80_1) D   4280   3549     20
   4446  4350    53399.9286   274    53676.0000    53126.5000    93310    1.02%  x(c37_1_c80_1) U   4446   3371     31
   4588  4492    53305.7500   206    53676.0000    53129.1250    96147    1.02%  x(c54_1_c37_1) U   4588   4586     20
Elapsed time = 28.34 sec. (33414.32 ticks, tree = 51.85 MB, solutions = 1)
   4719  4623    53141.8500   241    53676.0000    53131.3750    99124    1.01%  x(c54_1_c37_1) D   4719   4718     28
   4852  4756    53310.6667   270    53676.0000    53133.1875   102286    1.01%  x(c19_3_c55_3) U   4852   2151     17
   4973  4876    53180.0000   189    53676.0000    53135.2500   105440    1.01%  x(c26_3_c56_3) U   4973   2526     15
   5088  4988    53246.0000   181    53676.0000    53137.5000   108840    1.00%  x(c65_3_c54_3) N   5088   1833     27
   5177  5074    53329.8103    90    53676.0000    53138.6250   111430    1.00%  x(c54_1_c37_1) U   5177   5175     40
   5279  5174    53154.0000   196    53676.0000    53140.2500   114000    1.00%  x(c37_1_c80_1) D   5279   3301     15
   5397  5290    53142.1818   323    53676.0000    53142.0000   117351    0.99%  x(c10_1_c70_1) D   5397   4811     20
   5518  5409    53279.5000   258    53676.0000    53143.8000   120772    0.99%  x(c62_1_c80_1) U   5518   4673     21
   5640  5529    53148.6465   297    53676.0000    53145.4167   123597    0.99%  x(c62_1_c80_1) D   5640   5639     13
   5759  5648    53485.9167   249    53676.0000    53147.1667   126645    0.99%  x(c37_1_c88_1) U   5759   5096     30
Elapsed time = 35.96 sec. (43005.17 ticks, tree = 67.03 MB, solutions = 1)
   5880  5765    53174.2500   306    53676.0000    53148.3333   129578    0.98%  x(c55_3_c19_3) D   5880   5879     12
   6000  5884    53175.2500   177    53676.0000    53149.8026   132333    0.98%  x(c55_3_c19_3) D   6000   4960     14
   6125  6008    53459.3333   273    53676.0000    53151.3500   135643    0.98%  x(c85_3_c68_3) U   6125   6123     24
   6250  6130    53180.9028   238    53676.0000    53152.7143   138575    0.97%  x(c54_1_c37_1) D   6250   6248     16
*  6375  1332      integral     0    53187.0000    53152.7500   139422    0.06%
   6427  1326        cutoff          53187.0000    53153.5000   139861    0.06%  x(c72_1_c88_1) D   6427   3146     15
   6615  1311        cutoff          53187.0000    53155.9571   141431    0.06%  x(c55_3_c19_3) U   6615   6467     35
   6802  1295    53160.8077   254    53187.0000    53158.2727   143071    0.05%  x(c19_3_c55_3) D   6802   6517     29
   6994  1275        cutoff          53187.0000    53160.4250   144545    0.05%  x(c10_1_c21_1) D   6994   6993     26
   7200  1238        cutoff          53187.0000    53162.4167   145910    0.05%  x(c65_3_c54_3) U   7200   5678     15
   7403  1218    53169.9444   307    53187.0000    53164.1000   147229    0.04%  x(c77_1_c88_1) D   7403   4853     12
Elapsed time = 42.75 sec. (52584.52 ticks, tree = 15.57 MB, solutions = 2)
   7610  1143    53166.5376   287    53187.0000    53166.1000   148584    0.04%  x(c37_1_c54_1) D   7610   7453     32
   7822  1075        cutoff          53187.0000    53168.1250   149888    0.04%  x(c49_3_c67_3) U   7822   6766     47
   8037   982        cutoff          53187.0000    53170.5000   151177    0.03%  x(c55_3_c19_3) U   8037   6460     12
   8248   869        cutoff          53187.0000    53173.0000   152416    0.03%  x(c55_3_c19_3) D   8248   6906     15
   8472   739        cutoff          53187.0000    53175.2500   153504    0.02%  x(c55_3_c19_3) U   8472   4639     10
   8688   589        cutoff          53187.0000    53177.7500   154510    0.02%  x(c62_1_c80_1) D   8688   5716     19
   8906   416        cutoff          53187.0000    53180.2500   155390    0.01%  x(c80_1_c37_1) U   8906   6949     17

Cover cuts applied:  2
Mixed integer rounding cuts applied:  1
Zero-half cuts applied:  30
Gomory fractional cuts applied:  11
User cuts applied:  809

Root node processing (before b&c):
  Real time             =    0.65 sec. (1433.14 ticks)
Sequential b&c:
  Real time             =   46.02 sec. (58581.24 ticks)
                          ------------
Total (root+branch&cut) =   46.67 sec. (60014.37 ticks)

