Version identifier: 22.1.0.0 | 2022-03-09 | 1a383f8ce
CPXPARAM_Preprocessing_Reduce                    1
CPXPARAM_Threads                                 1
CPXPARAM_Preprocessing_Reformulations            0
CPXPARAM_Emphasis_MIP                            2
CPXPARAM_TimeLimit                               7200
CPXPARAM_MIP_Tolerances_AbsMIPGap                0.5
CPXPARAM_MIP_Limits_TreeMemory                   26600
Legacy callback                                  BbLUID
         Disabling repeat represolve because of lazy constraint/incumbent callback.
1 of 1 MIP starts provided solutions.
MIP start 'm1' defined initial solution with objective 83818.0000.
Tried aggregator 1 time.
MIP Presolve modified 14158 coefficients.
Reduced MIP has 545 rows, 14312 columns, and 42934 nonzeros.
Reduced MIP has 14312 binaries, 0 generals, 0 SOSs, and 0 indicators.
Presolve time = 0.02 sec. (40.94 ticks)
Probing time = 0.00 sec. (5.34 ticks)
Clique table members: 540.
MIP emphasis: optimality.
MIP search method: traditional branch-and-cut.
Parallel mode: none, using 1 thread.
Root relaxation solution time = 0.00 sec. (9.69 ticks)

        Nodes                                         Cuts/
   Node  Left     Objective  IInf  Best Integer    Best Bound    ItCnt     Gap         Variable B NodeID Parent  Depth

*     0+    0                        83818.0000        0.0000           100.00%
      0     0    75436.0000   166    83818.0000    64065.0000      328   23.57%
      0     0    79335.0000   260    83818.0000      Cuts: 78      561    5.35%
      0     0    80482.2500   151    83818.0000      Cuts: 39      645    3.98%
      0     0    81453.0000   223    83818.0000      Cuts: 21      703    2.82%
      0     0    81887.0000   246    83818.0000      Cuts: 15      741    2.30%
      0     0    82705.0000   244    83818.0000      Cuts: 23      821    1.33%
      0     0    82798.5000   310    83818.0000      Cuts: 17      847    1.22%
      0     0    82863.0000   308    83818.0000      Cuts: 27      875    1.14%
      0     0    82920.0000   271    83818.0000      Cuts: 31      895    1.07%
      0     0    82971.0000   395    83818.0000      Cuts: 17      909    1.01%
      0     0    82987.5000   364    83818.0000  ZeroHalf: 21      925    0.99%
      0     0    82991.0000   403    83818.0000      Cuts: 24      943    0.99%
      0     0    82991.5000   296    83818.0000       Cuts: 5      976    0.99%
      0     0    82991.5000   306    83818.0000      Cuts: 20     1014    0.99%
      0     0    82991.5000   262    83818.0000       User: 1     1025    0.99%
      0     0    82991.5000   328    83818.0000       User: 1     1044    0.99%
      0     2    82991.5000   328    83818.0000    82991.5000     1044    0.99%                        0             0
Elapsed time = 0.77 sec. (1504.71 ticks, tree = 0.01 MB, solutions = 1)
      2     4    82991.5000   287    83818.0000    82991.5000     1075    0.99%  x(c85_1_c20_1) N      2      0      1
      5     7    83025.8333   309    83818.0000    82991.5000     1155    0.99%     x(Op_c40_3) D      5      3      3
      8    10    83315.2500   342    83818.0000    82991.5000     1231    0.99%   x(c89_3_c3_3) N      8      6      4
     11    13    83419.8333   404    83818.0000    82991.5000     1337    0.99%   x(c75_3_c8_3) D     11     10      6
     19    16    83056.2500   421    83818.0000    82993.5000     1503    0.98%   x(c6_3_c80_3) N     19     18      3
     35    29    83591.5000   348    83818.0000    82993.5000     1693    0.98%  x(c72_1_c50_1) D     35     33     15
     48    36    83088.3333   444    83818.0000    83038.5000     1889    0.93%   x(c2_3_c70_3) N     48     43      4
     60    48    83094.0000   247    83818.0000    83089.7500     2206    0.87%  x(c98_1_c34_1) U     60     48      5
     80    67    83458.2500   354    83818.0000    83113.4167     2617    0.84%  x(c98_1_c34_1) U     80     78      8
    166   151    83535.5000   324    83818.0000    83183.8333     4408    0.76%   x(c6_3_c80_3) N    166    136     13
Elapsed time = 3.61 sec. (4764.99 ticks, tree = 1.94 MB, solutions = 1)
    242   216    83662.9000   345    83818.0000    83213.5000     6229    0.72%  x(c80_3_c89_3) N    242    240     25
    336   307    83370.0000   338    83818.0000    83243.5000     8244    0.69%     x(c12_3_Om) U    336    120      4
    436   398    83281.3929   391    83818.0000    83266.0000    10404    0.66%  x(c42_1_c67_1) U    436    435     32
    530   483    83396.0000   393    83818.0000    83291.5000    12562    0.63%   x(c80_1_c2_1) U    530    315     12
    620   569    83717.5000   352    83818.0000    83309.4929    14406    0.61%  x(c62_3_c75_3) N    620    515     23
    701   648    83497.2500   374    83818.0000    83319.5000    17206    0.59%  x(c19_2_c49_2) U    701    636      8
    779   719    83457.4444   279    83818.0000    83340.5000    20953    0.57%   x(c80_3_c6_3) D    779    624     11
    863   790    83502.5000   312    83818.0000    83373.8333    25137    0.53%  x(c70_3_c89_3) D    863    336      5
    952   860    83419.2500   328    83818.0000    83419.2500    29189    0.48%  x(c39_4_c38_4) D    952    668     30
   1035   934    83578.7500   341    83818.0000    83432.0000    31771    0.46%  x(c80_4_c55_4) U   1035   1002     38
Elapsed time = 12.60 sec. (14369.74 ticks, tree = 13.49 MB, solutions = 1)
   1120  1012    83444.3706   369    83818.0000    83443.6000    33951    0.45%  x(c54_4_c42_4) D   1120   1119     13
   1200  1085    83714.8333   368    83818.0000    83448.1250    36194    0.44%  x(c68_1_c80_1) N   1200   1088     37
   1291  1169    83538.3750   324    83818.0000    83456.5000    38692    0.43%     x(Op_c40_4) U   1291   1242     32
   1378  1242    83522.7500   400    83818.0000    83462.4167    41149    0.42%  x(c22_4_c34_4) N   1378   1231     41
   1483  1337    83588.5000   297    83818.0000    83467.9000    43530    0.42%  x(c80_4_c13_4) U   1483   1481     20
   1596  1441        cutoff          83818.0000    83472.0000    45744    0.41%  x(c30_1_c80_1) U   1596   1206     25
   1690  1527    83632.3333   338    83818.0000    83475.0288    47969    0.41%  x(c77_3_c80_3) N   1690    841     12
   1780  1608    83590.2500   215    83818.0000    83479.0000    50419    0.40%  x(c22_4_c34_4) U   1780   1458     15
   1868  1680    83532.5000   238    83818.0000    83482.8000    52968    0.40%  x(c24_4_c12_4) U   1868   1612     37
   1965  1765    83493.6765   374    83818.0000    83488.1667    55553    0.39%  x(c93_3_c14_3) D   1965   1964     40
Elapsed time = 21.39 sec. (23985.28 ticks, tree = 27.35 MB, solutions = 1)
   2052  1841    83573.1667   341    83818.0000    83491.0000    57773    0.39%  x(c80_4_c42_4) U   2052   2050     16
   2133  1913    83494.6058   451    83818.0000    83494.6058    60076    0.39%  x(c22_4_c54_4) D   2133   1308     39
   2218  1977    83510.0000   318    83818.0000    83497.5000    62368    0.38%  x(c80_4_c20_4) D   2218   1563     47
   2325  2063    83548.5000   385    83818.0000    83501.0000    65025    0.38%  x(c54_4_c83_4) U   2325    869     10
   2425  2133    83530.5000   380    83818.0000    83504.5000    67897    0.37%  x(c54_4_c83_4) U   2425    892     11
   2521  2207    83548.1875   327    83818.0000    83507.7500    70729    0.37%   x(c4_2_c73_2) U   2521   1018     36
   2609  2280    83789.5000   330    83818.0000    83510.0000    72757    0.37%  x(c57_2_c99_2) N   2609   2129     31
   2707  2371    83567.5000   238    83818.0000    83512.4000    75239    0.36%  x(c24_4_c12_4) U   2707   2705     37
   2809  2452        cutoff          83818.0000    83514.9250    78144    0.36%   x(c3_3_c77_3) U   2809   1987     18
   2913  2540    83661.6000   281    83818.0000    83517.3333    80785    0.36%  x(c99_2_c49_2) N   2913   2911     40
Elapsed time = 29.37 sec. (33573.15 ticks, tree = 41.33 MB, solutions = 1)
   3009  2615    83626.6667   418    83818.0000    83520.2212    83654    0.36%  x(c62_3_c75_3) U   3009   2451     19
   3124  2713    83649.8333   339    83818.0000    83523.0000    86451    0.35%  x(c77_3_c80_3) N   3124    896     24
   3212  2779    83645.9375   319    83818.0000    83524.7308    88661    0.35%  x(c86_4_c56_4) N   3212   3211     47
   3320  2873    83534.7500   328    83818.0000    83527.5000    91273    0.35%  x(c30_1_c80_1) D   3320   3319     16
   3416  2958    83738.7308   359    83818.0000    83529.4762    93663    0.34%  x(c17_1_c31_1) U   3416   2679     46
   3526  3058    83787.4500   367    83818.0000    83531.5000    96026    0.34%  x(c59_1_c60_1) N   3526    601     24
   3624  3134    83625.0417   352    83818.0000    83532.9808    98800    0.34%  x(c30_3_c89_3) D   3624   1836     24
   3719  3212    83637.5000   409    83818.0000    83534.8036   101180    0.34%   x(c2_3_c91_3) D   3719   1199     24
   3814  3282    83770.4643   320    83818.0000    83536.8636   103434    0.34%  x(c22_4_c54_4) U   3814   1758     28
   3925  3358    83668.1250   319    83818.0000    83539.0000   106119    0.33%  x(c75_3_c47_3) D   3925    140     13
Elapsed time = 37.35 sec. (43201.03 ticks, tree = 56.69 MB, solutions = 1)
   4028  3441    83605.5000   220    83818.0000    83540.5000   108597    0.33%  x(c10_4_c36_4) U   4028   3886     42
   4118  3499    83791.6562   443    83818.0000    83542.1667   110948    0.33%  x(c65_1_c85_1) U   4118   2234     29
   4211  3565    83544.0000   319    83818.0000    83544.0000   113095    0.33%   x(c2_1_c80_1) D   4211   3853     27
   4305  3637        cutoff          83818.0000    83545.6250   115282    0.32%  x(c91_4_c83_4) U   4305   3491     51
   4405  3714    83548.0000   224    83818.0000    83547.1667   117631    0.32%  x(c76_1_c23_1) D   4405   4159     23
   4505  3790    83549.5674   405    83818.0000    83549.0000   120208    0.32%  x(c67_1_c31_1) D   4505   1297     28
   4609  3858    83623.6250   371    83818.0000    83551.0000   122543    0.32%  x(c77_3_c30_3) U   4609   4166     24
   4702  3916    83555.1667   353    83818.0000    83552.5000   124304    0.32%  x(c72_4_c88_4) D   4702   2982     19
   4803  3993    83662.3915   532    83818.0000    83553.8333   126536    0.32%  x(c72_1_c50_1) D   4803    562     12
   4895  4052    83627.5000   406    83818.0000    83555.4286   128861    0.31%  x(c98_1_c34_1) D   4895   3235     13
Elapsed time = 44.98 sec. (52784.00 ticks, tree = 70.10 MB, solutions = 1)
   4998  4127    83685.7500   312    83818.0000    83557.1136   131116    0.31%  x(c40_4_c27_4) U   4998   4490     25
   5094  4194    83758.4222   439    83818.0000    83558.7212   133162    0.31%  x(c65_1_c85_1) U   5094   5092     25
   5201  4263        cutoff          83818.0000    83559.8333   135376    0.31%  x(c91_4_c83_4) U   5201   5199     57
   5302  4326    83595.9444   582    83818.0000    83561.0000   137639    0.31%   x(c62_3_c2_3) D   5302   3832     18
   5400  4394    83567.0714   375    83818.0000    83562.0000   140037    0.31%  x(c62_1_c54_1) D   5400   3361     32
   5498  4460    83686.1683   434    83818.0000    83563.3000   142288    0.30%  x(c22_4_c34_4) U   5498   5475     59
   5596  4532        cutoff          83818.0000    83564.3571   144248    0.30%  x(c42_4_c34_4) U   5596   5594     47
   5690  4590    83699.1225   528    83818.0000    83565.4000   146745    0.30%   x(c2_3_c77_3) U   5690   4855     22
   5779  4667    83638.0000   366    83818.0000    83566.5000   149224    0.30%  x(c68_1_c30_1) U   5779    745     11
   5883  4730    83591.0089   396    83818.0000    83567.5000   151536    0.30%   x(c77_3_c2_3) D   5883   5331     14
Elapsed time = 52.37 sec. (62421.72 ticks, tree = 83.72 MB, solutions = 1)
   5986  4805    83762.0556   346    83818.0000    83568.8125   153967    0.30%   x(c77_3_c2_3) U   5986   5331     14
   6080  4870    83658.6278   370    83818.0000    83569.5333   156242    0.30%  x(c13_4_c80_4) U   6080   3504     43
   6170  4935    83576.8333   455    83818.0000    83570.5000   158529    0.30%  x(c75_1_c62_1) D   6170   3792     18
   6261  4998    83746.3333   404    83818.0000    83571.7500   161149    0.29%  x(c40_4_c27_4) U   6261   5620     22
   6350  5059    83574.4178   558    83818.0000    83572.5489   163497    0.29%   x(c62_3_c6_3) D   6350   6014     13
   6446  5114    83604.0185   431    83818.0000    83573.5000   166000    0.29%  x(c62_1_c80_1) D   6446   6445     19
   6544  5152    83581.7917   368    83818.0000    83574.6667   168230    0.29%  x(c13_4_c80_4) D   6544   3027     33
   6636  5200    83814.3000   440    83818.0000    83575.7500   170373    0.29%  x(c42_4_c80_4) U   6636   5072     31
   6727  5257    83800.5000   365    83818.0000    83576.6250   172623    0.29%   x(c2_1_c80_1) U   6727   6660     16
   6828  5315    83597.3776   433    83818.0000    83577.6884   174903    0.29%  x(c86_1_c50_1) D   6828   6827     19
Elapsed time = 59.44 sec. (72016.03 ticks, tree = 95.67 MB, solutions = 1)
   6923  5380    83686.4500   354    83818.0000    83578.7027   176935    0.29%  x(c22_4_c34_4) U   6923   6884     35
   7005  5431    83582.4167   289    83818.0000    83579.5000   179436    0.28%   x(c4_2_c19_2) D   7005   6063     57
   7099  5501        cutoff          83818.0000    83580.5000   181883    0.28%   x(c2_3_c62_3) N   7099   3060     15
   7193  5562    83626.3481   441    83818.0000    83581.4833   184274    0.28%   x(c4_2_c73_2) U   7193   1304     24
   7288  5623    83582.1250   379    83818.0000    83582.0833   186391    0.28%   x(c2_3_c89_3) D   7288   4083     17
   7376  5688    83754.6364   394    83818.0000    83582.7500   188576    0.28%  x(c40_4_c27_4) U   7376   7374     20
   7476  5761    83681.2717   490    83818.0000    83583.3500   190716    0.28%  x(c22_4_c34_4) U   7476   7474     39
   7573  5819    83755.5000   519    83818.0000    83584.0333   192850    0.28%   x(c80_3_c6_3) U   7573   7571     14
   7660  5880    83616.2115   508    83818.0000    83584.7500   195176    0.28%   x(c2_1_c80_1) D   7660   7157     29
   7747  5933    83585.5833   337    83818.0000    83585.6410   197368    0.28%     x(Op_c40_4) D   7747   6598     47
Elapsed time = 66.73 sec. (81591.62 ticks, tree = 108.46 MB, solutions = 1)
   7833  5972    83588.3333   139    83818.0000    83586.4405   199505    0.28%  x(c36_2_c19_2) D   7833   7832     33
   7926  6036    83615.2500   342    83818.0000    83587.1522   201515    0.28%   x(c3_3_c77_3) D   7926   6084     17
   8012  6091        cutoff          83818.0000    83588.0000   203654    0.27%  x(c30_1_c80_1) U   8012   3319     16
   8096  6139        cutoff          83818.0000    83588.8182   206107    0.27%  x(c55_4_c54_4) U   8096   8094     34
   8183  6196    83715.3361   298    83818.0000    83589.7500   208211    0.27%  x(c75_3_c80_3) U   8183   4437     38
   8282  6263    83816.3750   441    83818.0000    83590.5000   210867    0.27%  x(c80_4_c42_4) N   8282   8280     21
   8379  6332    83711.4000   402    83818.0000    83591.4000   213232    0.27%  x(c22_4_c34_4) U   8379   7993     28
   8459  6379        cutoff          83818.0000    83592.0000   215425    0.27%   x(c46_5_c7_5) N   8459   6589     51
   8552  6438    83729.6667   383    83818.0000    83592.5278   217656    0.27%   x(c2_3_c62_3) U   8552   7518     24
   8906  6647    83642.2000   247    83818.0000    83595.6282   226895    0.27%  x(c59_2_c73_2) D   8906   7711     45
Elapsed time = 75.90 sec. (94082.47 ticks, tree = 123.81 MB, solutions = 1)
   9247  6836    83759.5893   415    83818.0000    83598.3333   236020    0.26%  x(c57_2_c73_2) U   9247   7427     45
   9596  7044    83644.8036   349    83818.0000    83601.0000   244659    0.26%  x(c17_1_c31_1) D   9596   7398     46
   9953  7252    83610.5833   380    83818.0000    83604.1562   253774    0.26%   x(c47_3_c8_3) D   9953   7236     16
  10320  7435    83636.8182   383    83818.0000    83607.3011   262058    0.25%  x(c50_1_c23_1) D  10320  10319     15
  10642  7609        cutoff          83818.0000    83609.6667   270691    0.25%   x(c46_5_c7_5) U  10642   9680     38
  11011  7797        cutoff          83818.0000    83612.3788   278432    0.25%  x(c40_4_c27_4) U  11011   7811     27
  11362  7964    83639.8750   371    83818.0000    83615.0000   286945    0.24%   x(c47_3_c6_3) D  11362    732     12
  11720  8119    83795.1667   311    83818.0000    83617.4489   294464    0.24%  x(c25_1_c42_1) U  11720   2539     27
  12080  8289    83767.0469   430    83818.0000    83619.3077   302431    0.24%  x(c40_4_c27_4) U  12080  12078     22
  12410  8446    83682.2500   382    83818.0000    83621.5000   311345    0.23%  x(c76_1_c23_1) D  12410   7042     10
Elapsed time = 103.14 sec. (132310.51 ticks, tree = 164.68 MB, solutions = 1)
  12756  8630    83803.3974   397    83818.0000    83623.8214   320250    0.23%   x(c54_4_c8_4) U  12756   3313     33
  13075  8751    83645.2500   230    83818.0000    83626.2500   328889    0.23%   x(c19_2_c4_2) D  13075   6926     58
  13405  8889    83641.1528   383    83818.0000    83628.3889   337383    0.23%  x(c13_4_c80_4) D  13405  10185     53
  13712  8994    83645.0000   320    83818.0000    83630.5000   345888    0.22%   x(c19_2_c4_2) D  13712   7378     27
  14017  9119    83653.4167   554    83818.0000    83632.3370   354366    0.22%  x(c98_1_c34_1) U  14017   9523     14
  14353  9274    83704.7396   386    83818.0000    83634.3095   362931    0.22%   x(c59_2_c4_2) D  14353   7453     41
  14693  9431    83647.8987   536    83818.0000    83636.1591   371246    0.22%   x(c2_3_c77_3) D  14693  13818     25
  15042  9569    83653.3063   390    83818.0000    83638.2333   379841    0.21%  x(c56_4_c39_4) N  15042  14022     48
  15390  9746    83684.7500   337    83818.0000    83640.2500   388773    0.21%   x(c7_5_c46_5) D  15390  15389     36
  15734  9883    83674.2049   574    83818.0000    83642.0357   397050    0.21%   x(c62_3_c2_3) D  15734    893     17
Elapsed time = 129.37 sec. (170556.16 ticks, tree = 199.19 MB, solutions = 1)
  16081 10038    83812.5833   349    83818.0000    83644.0000   405384    0.21%  x(c65_1_c85_1) U  16081  13721     33
  16435 10177    83651.0794   410    83818.0000    83645.9444   412940    0.21%  x(c34_4_c22_4) D  16435  16002     26
  16777 10315    83648.0719   458    83818.0000    83647.8485   420946    0.20%  x(c54_1_c65_1) D  16777  12898     41
  17107 10427    83685.3056   336    83818.0000    83649.6515   428716    0.20%  x(c24_4_c49_4) U  17107  14497     44
  17437 10548    83666.4808   402    83818.0000    83651.3333   435944    0.20%   x(c46_5_c7_5) D  17437  16743     43
  17767 10670        cutoff          83818.0000    83653.0563   443544    0.20%  x(c85_1_c65_1) U  17767  17765     52
  18083 10777        cutoff          83818.0000    83654.8750   450718    0.19%  x(c83_4_c22_4) U  18083  17034     23
  18428 10908    83658.4686   482    83818.0000    83656.6500   457933    0.19%  x(c54_1_c83_1) D  18428  18427     56
  18751 11029    83687.1333   456    83818.0000    83658.5000   465718    0.19%  x(c40_4_c27_4) D  18751  18749     24
  19079 11135        cutoff          83818.0000    83660.3636   472588    0.19%  x(c54_1_c65_1) U  19079  17241     21
Elapsed time = 155.10 sec. (208764.28 ticks, tree = 230.64 MB, solutions = 1)
  19399 11236    83662.6733   408    83818.0000    83661.9300   479916    0.19%  x(c54_4_c42_4) D  19399  18586     50
  19737 11335        cutoff          83818.0000    83663.7308   486254    0.18%  x(c42_1_c67_1) U  19737  19036     45
  20069 11452    83747.6461   407    83818.0000    83665.3406   493140    0.18%  x(c40_4_c27_4) N  20069  19208     21
  20410 11553    83678.6042   359    83818.0000    83667.1667   499383    0.18%  x(c22_4_c34_4) D  20410   5348     12
  20740 11655    83675.0000   366    83818.0000    83668.8333   505894    0.18%  x(c42_1_c75_1) D  20740  13298     27
  21076 11757    83687.3750   161    83818.0000    83670.4801   512417    0.18%  x(c57_2_c73_2) D  21076  13407     42
  21422 11864        cutoff          83818.0000    83672.0000   519039    0.17%  x(c65_1_c85_1) U  21422  11097     37
  21762 11980        cutoff          83818.0000    83673.6667   525654    0.17%   x(c2_1_c80_1) U  21762  21760     23
  22109 12072        cutoff          83818.0000    83675.0363   531746    0.17%  x(c79_3_c15_3) D  22109  12332     32
  22424 12159    83798.1998   506    83818.0000    83676.5641   538000    0.17%  x(c42_1_c31_1) U  22424  22422     53
Elapsed time = 180.04 sec. (246986.62 ticks, tree = 257.22 MB, solutions = 1)
  22749 12271    83678.6668   461    83818.0000    83677.9167   544394    0.17%   x(c75_3_c8_3) D  22749  18854     48
  23090 12369    83680.5833   443    83818.0000    83679.1739   550314    0.17%   x(c80_3_c6_3) D  23090  23089     36
  23430 12468        cutoff          83818.0000    83680.5439   556629    0.16%   x(c2_1_c80_1) U  23430  21373     28
  23780 12585    83808.0000    80    83818.0000    83682.0000   562687    0.16%   x(c46_5_c7_5) U  23780  15058     23
  24111 12661        cutoff          83818.0000    83683.3437   568488    0.16%   x(c6_3_c80_3) U  24111  22479     13
  24452 12767        cutoff          83818.0000    83684.8641   574765    0.16%  x(c89_3_c77_3) U  24452  22257     36
  24779 12866    83689.2308   385    83818.0000    83685.9808   581381    0.16%   x(c80_1_c2_1) D  24779  23772     28
  25119 13006    83745.7500   239    83818.0000    83687.2500   587404    0.16%  x(c59_2_c73_2) U  25119  15586     35
  25441 13113    83699.6640   509    83818.0000    83688.5221   593423    0.15%  x(c98_1_c34_1) D  25441  14167     30
  25783 13196    83701.1250   387    83818.0000    83689.6339   599264    0.15%   x(c47_3_c8_3) N  25783  10337     16
Elapsed time = 204.42 sec. (285218.13 ticks, tree = 284.35 MB, solutions = 1)
  26112 13300    83715.8125   342    83818.0000    83690.7500   605094    0.15%  x(c22_4_c54_4) D  26112   1201     35
  26452 13411        cutoff          83818.0000    83691.8333   611537    0.15%  x(c19_2_c49_2) U  26452  18201     48
  26776 13480        cutoff          83818.0000    83692.8889   617144    0.15%  x(c54_1_c65_1) N  26776  26774     36
  27091 13563    83697.8000   348    83818.0000    83693.8333   623169    0.15%  x(c80_4_c55_4) D  27091  20580     42
  27425 13660        cutoff          83818.0000    83694.8750   629324    0.15%  x(c57_2_c73_2) U  27425  26137     37
  27757 13729    83699.6806   460    83818.0000    83695.9944   634542    0.15%  x(c89_3_c77_3) D  27757  26484     40
  28087 13803    83697.4487   281    83818.0000    83697.0000   639992    0.14%   x(c80_1_c2_1) D  28087  26865     30
  28417 13866        cutoff          83818.0000    83698.0000   645965    0.14%  x(c93_5_c46_5) U  28417  26741     51
  28743 13946    83726.6190   272    83818.0000    83698.8333   651750    0.14%  x(c93_4_c19_4) D  28743  24868     46
  29077 14027    83699.8409   358    83818.0000    83699.8409   657501    0.14%  x(c40_4_c27_4) D  29077  26000     39
Elapsed time = 228.00 sec. (323436.87 ticks, tree = 307.07 MB, solutions = 1)
  29406 14115    83701.8276   379    83818.0000    83700.7500   663450    0.14%  x(c34_4_c22_4) D  29406  29405     28
  29727 14177        cutoff          83818.0000    83701.5833   668774    0.14%  x(c85_1_c65_1) U  29727  29725     17
  30071 14232    83806.7778   374    83818.0000    83702.6667   674525    0.14%  x(c80_1_c31_1) U  30071  21994     70
  30406 14287    83805.1111   493    83818.0000    83703.5556   680219    0.14%  x(c22_4_c34_4) U  30406  30072     46
  30737 14338    83704.4066   491    83818.0000    83704.4139   686299    0.14%  x(c60_3_c77_3) D  30737  29237     58
  31047 14389        cutoff          83818.0000    83705.3056   692975    0.13%   x(c46_5_c7_5) U  31047  30165     25
  31365 14461    83864.8333   231    83818.0000    83706.1667   699553    0.13%   x(c29_5_c7_5) U  31365  31179     46
  31670 14524        cutoff          83818.0000    83707.1429   705750    0.13%   x(c7_5_c46_5) U  31670  16563     31
  31991 14589    83756.8667   361    83818.0000    83708.1667   711647    0.13%   x(c2_3_c62_3) N  31991   6819     19
  32302 14633        cutoff          83818.0000    83709.0000   717922    0.13%  x(c75_1_c62_1) U  32302  31315     18
Elapsed time = 250.85 sec. (361662.13 ticks, tree = 324.68 MB, solutions = 1)
  32611 14690        cutoff          83818.0000    83709.9444   724216    0.13%  x(c19_2_c49_2) U  32611  32609     42
  32918 14765        cutoff          83818.0000    83710.7808   730383    0.13%  x(c75_1_c31_1) U  32918  25209     42
  33243 14796        cutoff          83818.0000    83711.8750   736440    0.13%  x(c19_2_c49_2) U  33243  30612     52
  33550 14828        cutoff          83818.0000    83712.7917   742562    0.13%   x(c47_3_c6_3) U  33550  10143     20
  33864 14888        cutoff          83818.0000    83713.5543   748309    0.12%   x(c2_3_c70_3) U  33864  33862     16
  34178 14915    83756.0000    54    83818.0000    83714.5000   753843    0.12%   x(c29_5_c7_5) U  34178  34176     43
  34490 14953    83730.3333   183    83818.0000    83715.3333   759845    0.12%   x(c7_5_c46_5) D  34490  17159     26
  34811 15005    83736.6875   531    83818.0000    83716.1111   765506    0.12%   x(c80_3_c6_3) D  34811  31535     13
  35114 15069    83759.9167   427    83818.0000    83716.9403   771465    0.12%  x(c22_4_c34_4) U  35114  33086     27
  35440 15114    83729.1250   178    83818.0000    83717.6250   776434    0.12%  x(c24_4_c49_4) D  35440  35439     30
Elapsed time = 273.25 sec. (399884.62 ticks, tree = 339.38 MB, solutions = 1)
  35746 15141    83739.2500   152    83818.0000    83718.4310   782353    0.12%   x(c4_2_c19_2) U  35746  29455     50
  36065 15198        cutoff          83818.0000    83719.2500   787650    0.12%  x(c27_4_c53_4) U  36065  31029     36
  36376 15227    83744.5600   438    83818.0000    83720.0000   793172    0.12%   x(c46_5_c7_5) D  36376  36375     32
  36695 15288        cutoff          83818.0000    83720.9167   798805    0.12%  x(c77_3_c80_3) D  36695   3003     20
  37006 15332        cutoff          83818.0000    83721.7500   804244    0.11%   x(c8_4_c83_4) U  37006   5565     40
  37320 15355        cutoff          83818.0000    83722.4800   809942    0.11%   x(c46_5_c7_5) U  37320  35122     38
  37643 15409    83723.5208   261    83818.0000    83723.2083   815347    0.11%  x(c86_1_c50_1) D  37643  24835     53
  37959 15437        cutoff          83818.0000    83724.0000   820947    0.11%   x(c46_5_c7_5) U  37959  26373     24
  38269 15479    83782.6500   343    83818.0000    83724.6734   826744    0.11%  x(c75_3_c47_3) D  38269   6541     17
  38580 15481    83730.1667   333    83818.0000    83725.4762   832104    0.11%  x(c80_4_c55_4) D  38580  37841     21
Elapsed time = 295.33 sec. (438093.77 ticks, tree = 351.78 MB, solutions = 1)
  38892 15516        cutoff          83818.0000    83726.2222   837490    0.11%   x(c7_5_c46_5) U  38892  19277     33
  39200 15570    83733.5000   345    83818.0000    83727.0000   842450    0.11%  x(c77_3_c47_3) D  39200  17092     46
  39503 15583        cutoff          83818.0000    83727.7500   847556    0.11%  x(c85_1_c31_1) U  39503  39501     24
  39812 15633        cutoff          83818.0000    83728.5000   852970    0.11%  x(c93_5_c46_5) D  39812  32260     30
  40126 15661        cutoff          83818.0000    83729.1667   858213    0.11%  x(c17_1_c42_1) U  40126   6604     17
  40437 15664        cutoff          83818.0000    83729.8833   863584    0.11%  x(c54_1_c62_1) U  40437  39469     21
  40762 15714    83752.9189   360    83818.0000    83730.5272   869012    0.10%   x(c7_5_c46_5) D  40762  30598     48
  41086 15752        cutoff          83818.0000    83731.3194   873953    0.10%   x(c2_1_c80_1) D  41086  10431     29
  41406 15793        cutoff          83818.0000    83732.0000   878908    0.10%  x(c40_4_c27_4) U  41406  22402     45
  41722 15827    83786.3575   439    83818.0000    83732.7292   884234    0.10%  x(c98_1_c34_1) D  41722   4688     11
Elapsed time = 317.06 sec. (476316.24 ticks, tree = 363.47 MB, solutions = 1)
  42031 15861    83796.6347   528    83818.0000    83733.3889   889876    0.10%  x(c56_4_c88_4) D  42031  38957     21
  42348 15880    83741.1667   426    83818.0000    83734.0000   894848    0.10%  x(c17_1_c42_1) D  42348  26061     12
  42667 15913        cutoff          83818.0000    83734.6474   900013    0.10%   x(c46_5_c7_5) U  42667  42665     32
  42989 15953        cutoff          83818.0000    83735.4000   904810    0.10%  x(c37_4_c49_4) D  42989  37615     36
  43313 15993    83750.4038   397    83818.0000    83736.0714   909816    0.10%  x(c42_4_c80_4) D  43313  30903     38
  43610 16005    83743.0500   446    83818.0000    83736.8417   915248    0.10%  x(c54_1_c62_1) D  43610  25386     30
  43943 16046    83766.6667   310    83818.0000    83737.5000   920309    0.10%  x(c54_4_c42_4) D  43943   7361     38
  44264 16069    83742.2500   206    83818.0000    83738.2500   925144    0.10%  x(c96_3_c45_3) U  44264  44263     32
  44575 16105    83769.5119   448    83818.0000    83738.9667   930065    0.09%   x(c7_5_c46_5) D  44575  34209     57
  44890 16141    83745.5000   482    83818.0000    83739.5036   935074    0.09%  x(c17_1_c42_1) D  44890  42624     18
Elapsed time = 338.90 sec. (514547.39 ticks, tree = 374.24 MB, solutions = 1)
  45202 16162    83746.3750   192    83818.0000    83740.2500   939889    0.09%   x(c29_5_c9_5) D  45202  35746     51
  45518 16197    83766.4231   438    83818.0000    83740.8974   944737    0.09%    x(c2_3_c6_3) D  45518  29756     25
  45834 16226    83741.9140   404    83818.0000    83741.5089   949491    0.09%  x(c75_1_c62_1) D  45834  39574     46
  46147 16262        cutoff          83818.0000    83742.1250   954358    0.09%  x(c54_4_c83_4) U  46147  45121     24
  46458 16271    83813.1685   392    83818.0000    83742.7778   959192    0.09%   x(c19_2_c4_2) N  46458  27858     32
  46765 16278        cutoff          83818.0000    83743.4000   963708    0.09%  x(c27_4_c60_4) D  46765   7373     52
  47079 16300    83791.6250   270    83818.0000    83744.1250   968289    0.09%  x(c59_2_c73_2) D  47079  45978     27
  47387 16327        cutoff          83818.0000    83744.7899   972976    0.09%   x(c80_3_c6_3) U  47387  34313     17
  47700 16355    83774.8958   444    83818.0000    83745.5000   977734    0.09%  x(c75_1_c42_1) D  47700  41285     40
  48018 16379        cutoff          83818.0000    83746.2308   982067    0.09%   x(c46_5_c7_5) U  48018  17782     32
Elapsed time = 360.55 sec. (552797.20 ticks, tree = 384.05 MB, solutions = 1)
  48331 16369        cutoff          83818.0000    83746.9545   986404    0.08%   x(c46_5_c7_5) U  48331  48329     22
  48641 16382    83779.5000   249    83818.0000    83747.5000   990900    0.08%  x(c59_2_c73_2) D  48641  44604     71
  48950 16394        cutoff          83818.0000    83748.0250   995617    0.08%  x(c31_1_c42_1) U  48950  19977     32
  49272 16399        cutoff          83818.0000    83748.7361  1000279    0.08%  x(c83_4_c80_4) D  49272   7071     34
  49583 16404    83752.4444   266    83818.0000    83749.2857  1004772    0.08%   x(c4_2_c49_2) D  49583  29140     48
  49900 16415        cutoff          83818.0000    83749.8571  1008844    0.08%  x(c54_4_c42_4) U  49900  46804     43
  50200 16452    83755.0667   428    83818.0000    83750.3846  1013365    0.08%   x(c46_5_c7_5) D  50200  50199     18
  50489 16452    83751.0000    72    83818.0000    83751.0000  1017603    0.08%   x(c9_5_c46_5) D  50489  45795     49
  50800 16474    83751.8333   347    83818.0000    83751.5000  1022139    0.08%   x(c6_3_c80_3) D  50800  46691     28
  51099 16485        cutoff          83818.0000    83752.1071  1026774    0.08%  x(c80_4_c55_4) U  51099  51097     60
Elapsed time = 381.80 sec. (591054.92 ticks, tree = 389.89 MB, solutions = 1)
  51400 16501    83774.3500   322    83818.0000    83752.6042  1031121    0.08%   x(c7_5_c46_5) D  51400  40848     25
  51699 16500        cutoff          83818.0000    83753.1667  1035744    0.08%  x(c84_3_c96_3) U  51699  27585     51
  52026 16526    83800.9762   158    83818.0000    83753.8333  1040214    0.08%  x(c12_2_c49_2) U  52026  47973     67
  52338 16524        cutoff          83818.0000    83754.4444  1044463    0.08%  x(c85_1_c80_1) U  52338  38537     37
  52647 16507    83792.5000    98    83818.0000    83755.0000  1048427    0.08%  x(c37_4_c49_4) U  52647  49147     47
  52952 16500        cutoff          83818.0000    83755.5625  1052950    0.07%   x(c93_3_c4_3) D  52952  40311     26
  53261 16509    83756.0719   547    83818.0000    83756.0781  1057052    0.07%  x(c23_1_c68_1) D  53261  52235     47
  53570 16481    83759.8000   435    83818.0000    83756.5556  1061188    0.07%  x(c85_1_c80_1) D  53570  49487     24
  53877 16484    83757.2556   250    83818.0000    83757.1667  1065431    0.07%  x(c12_1_c60_1) D  53877  45968     48
  54174 16497        cutoff          83818.0000    83757.6833  1069994    0.07%  x(c62_1_c54_1) U  54174  39928     39
Elapsed time = 402.71 sec. (629279.24 ticks, tree = 393.66 MB, solutions = 1)
  54484 16490        cutoff          83818.0000    83758.2500  1074420    0.07%  x(c80_4_c13_4) U  54484  53376     63
  54784 16445    83816.2500   351    83818.0000    83758.8333  1078738    0.07%  x(c30_1_c80_1) D  54784  44082     24
  55076 16454    83764.7500   205    83818.0000    83759.4444  1083331    0.07%  x(c98_1_c34_1) U  55076  33335     21
  55399 16456    83771.7708   381    83818.0000    83760.0000  1087274    0.07%  x(c54_4_c55_4) D  55399  53635     51
  55706 16438        cutoff          83818.0000    83760.6250  1091028    0.07%   x(c7_5_c46_5) U  55706  23288     49
  56004 16399        cutoff          83818.0000    83761.1515  1095076    0.07%  x(c17_1_c42_1) U  56004  49630     23
  56308 16373        cutoff          83818.0000    83761.6667  1099066    0.07%   x(c8_4_c83_4) U  56308  15028     71
  56620 16366        cutoff          83818.0000    83762.2500  1103024    0.07%   x(c7_5_c46_5) U  56620  27468     27
  56927 16346    83793.2500   190    83818.0000    83762.7500  1107360    0.07%   x(c46_5_c7_5) D  56927  16444     17
  57239 16319        cutoff          83818.0000    83763.2917  1111009    0.07%  x(c12_2_c49_2) U  57239  53787     35
Elapsed time = 423.37 sec. (667491.81 ticks, tree = 392.89 MB, solutions = 1)
  57547 16302        cutoff          83818.0000    83763.8333  1114731    0.06%  x(c84_4_c51_4) U  57547  45022     31
  57847 16257        cutoff          83818.0000    83764.3283  1118553    0.06%  x(c93_4_c19_4) U  57847  40708     52
  58147 16225        cutoff          83818.0000    83764.8750  1122323    0.06%  x(c36_2_c99_2) U  58147  40251     60
  58444 16206        cutoff          83818.0000    83765.3750  1126450    0.06%  x(c42_4_c80_4) D  58444  39799     22
  58746 16183    83785.5619   462    83818.0000    83765.9123  1130189    0.06%  x(c83_4_c80_4) D  58746   3923     21
  59057 16151        cutoff          83818.0000    83766.4741  1133904    0.06%  x(c65_1_c85_1) U  59057  53234     26
  59367 16128    83798.0000   256    83818.0000    83767.0000  1138017    0.06%  x(c57_2_c73_2) D  59367   6342     46
  59673 16089    83781.7500   256    83818.0000    83767.5000  1142115    0.06%  x(c57_2_c73_2) D  59673   7752     39
  59984 16029        cutoff          83818.0000    83768.0000  1145767    0.06%  x(c59_2_c73_2) D  59984  59982     41
  60294 15995    83785.2000   297    83818.0000    83768.5278  1149530    0.06%  x(c62_1_c54_1) D  60294  60293     28
Elapsed time = 443.56 sec. (705723.45 ticks, tree = 388.11 MB, solutions = 1)
  60583 15943    83812.1146   478    83818.0000    83769.0729  1153148    0.06%   x(c7_5_c46_5) D  60583  60582     73
  60895 15891        cutoff          83818.0000    83769.5333  1156568    0.06%  x(c25_1_c42_1) U  60895  42959     38
  61206 15835        cutoff          83818.0000    83770.0833  1160334    0.06%  x(c13_4_c80_4) D  61206  13831     46
  61521 15762        cutoff          83818.0000    83770.6389  1164048    0.06%   x(c46_5_c7_5) U  61521  50342     29
  61837 15700        cutoff          83818.0000    83771.1875  1167708    0.06%  x(c75_1_c80_1) U  61837  50727     30
  62137 15643    83794.5000   300    83818.0000    83771.6667  1171346    0.06%  x(c27_4_c53_4) D  62137  53091     72
  62451 15570        cutoff          83818.0000    83772.1667  1174906    0.05%  x(c40_4_c27_4) U  62451  35582     48
  62766 15531        cutoff          83818.0000    83772.6875  1178350    0.05%  x(c80_4_c20_4) U  62766  39668     53
  63075 15487    83790.5321   499    83818.0000    83773.1700  1181989    0.05%  x(c76_1_c23_1) D  63075  10614     23
  63394 15418    83796.5000   162    83818.0000    83773.6500  1185396    0.05%  x(c57_2_c73_2) U  63394  47894     51
Elapsed time = 463.06 sec. (743956.23 ticks, tree = 376.51 MB, solutions = 1)
  63703 15393        cutoff          83818.0000    83774.1500  1189125    0.05%  x(c86_1_c95_1) U  63703  62660     34
  64014 15359    83777.0000    84    83818.0000    83774.6667  1193011    0.05%  x(c46_5_c29_5) D  64014  62302     34
  64320 15298        cutoff          83818.0000    83775.0833  1196298    0.05%  x(c20_4_c80_4) U  64320  37511     46
  64633 15226    83779.3750   357    83818.0000    83775.5833  1199814    0.05%   x(c46_5_c7_5) D  64633  63529     16
  64953 15138        cutoff          83818.0000    83776.0000  1203280    0.05%  x(c94_1_c23_1) U  64953  14476     23
  65252 15064        cutoff          83818.0000    83776.5000  1206505    0.05%   x(c80_3_c6_3) U  65252  21063     24
  65572 15002    83812.1667   190    83818.0000    83777.0000  1209965    0.05%  x(c57_2_c73_2) D  65572   6381     55
  65885 14920        cutoff          83818.0000    83777.5000  1213290    0.05%  x(c47_3_c75_3) D  65885   1338     13
  66211 14852        cutoff          83818.0000    83778.0000  1216477    0.05%  x(c14_4_c60_4) U  66211  56705     26
  66527 14781        cutoff          83818.0000    83778.5000  1219935    0.05%  x(c24_4_c49_4) U  66527  44272     44
Elapsed time = 482.65 sec. (782150.24 ticks, tree = 363.36 MB, solutions = 1)
  66821 14697        cutoff          83818.0000    83778.9545  1223060    0.05%  x(c85_1_c65_1) U  66821  66819     33
  67123 14594        cutoff          83818.0000    83779.4361  1226489    0.05%  x(c55_4_c80_4) U  67123  54249     45
  67437 14509    83784.1250   237    83818.0000    83779.9583  1229764    0.05%  x(c59_2_c73_2) U  67437  67137     66
  67763 14416    83786.4808   362    83818.0000    83780.4000  1233211    0.04%  x(c57_2_c73_2) D  67763  62996     51
  68085 14307    83804.5000   347    83818.0000    83780.9000  1236778    0.04%   x(c2_1_c80_1) D  68085   5028     49
  68424 14197        cutoff          83818.0000    83781.3929  1240163    0.04%  x(c54_4_c42_4) U  68424  65781     41
  68756 14094        cutoff          83818.0000    83781.8750  1243690    0.04%  x(c41_2_c73_2) U  68756  64637     32
  69091 13978        cutoff          83818.0000    83782.3750  1246974    0.04%  x(c55_4_c80_4) U  69091  54682     33
  69429 13880        cutoff          83818.0000    83782.8750  1250411    0.04%   x(c46_5_c7_5) U  69429  21170     51
  69761 13773    83807.1667   289    83818.0000    83783.3917  1253486    0.04%  x(c34_4_c22_4) D  69761  69759     46
Elapsed time = 501.94 sec. (820376.05 ticks, tree = 340.72 MB, solutions = 1)
  70082 13650    83790.5833   259    83818.0000    83783.8974  1256618    0.04%   x(c46_5_c7_5) D  70082  12428     30
  70412 13549        cutoff          83818.0000    83784.4167  1259992    0.04%   x(c29_5_c7_5) U  70412  70410     51
  70739 13440        cutoff          83818.0000    83784.9115  1263122    0.04%  x(c91_4_c83_4) U  70739  55561     45
  71063 13314        cutoff          83818.0000    83785.3937  1266387    0.04%   x(c7_5_c46_5) U  71063  42793     40
  71397 13213    83799.3611   496    83818.0000    83785.8500  1269637    0.04%   x(c46_5_c7_5) D  71397  53996     48
  71725 13129    83787.4000   398    83818.0000    83786.3833  1272851    0.04%  x(c72_1_c50_1) D  71725  62603     25
  72052 13004        cutoff          83818.0000    83786.8333  1276047    0.04%  x(c41_4_c80_4) N  72052   9572     65
  72373 12877        cutoff          83818.0000    83787.3000  1279033    0.04%  x(c65_1_c54_1) U  72373  65268     28
  72692 12754        cutoff          83818.0000    83787.8333  1282069    0.04%   x(c7_5_c46_5) U  72692  39741     53
  73022 12599        cutoff          83818.0000    83788.3333  1284909    0.04%  x(c54_4_c55_4) U  73022  69858     26
Elapsed time = 521.17 sec. (858598.07 ticks, tree = 313.83 MB, solutions = 1)
  73353 12455        cutoff          83818.0000    83788.8750  1287780    0.03%  x(c19_5_c18_5) U  73353  14446     23
  73689 12350        cutoff          83818.0000    83789.3182  1290959    0.03%  x(c93_1_c60_1) D  73689   2266     43
  74000 12200        cutoff          83818.0000    83789.7500  1293708    0.03%  x(c25_1_c42_1) U  74000  54994     37
  74325 12037        cutoff          83818.0000    83790.2292  1296612    0.03%   x(c46_5_c7_5) U  74325  40110     45
  74659 11918    83812.1000   448    83818.0000    83790.7705  1299748    0.03%   x(c7_5_c46_5) D  74659  54831     47
  74993 11748        cutoff          83818.0000    83791.2143  1302577    0.03%  x(c42_4_c80_4) U  74993  60655     32
  75335 11573        cutoff          83818.0000    83791.6515  1305181    0.03%   x(c2_3_c77_3) U  75335  54934     25
  75664 11412        cutoff          83818.0000    83792.0553  1307814    0.03%   x(c7_5_c46_5) U  75664  42351     22
  75988 11251        cutoff          83818.0000    83792.5556  1310411    0.03%   x(c46_5_c7_5) U  75988  56524     52
  76317 11100        cutoff          83818.0000    83793.0556  1313337    0.03%  x(c40_4_c27_4) U  76317  70559     32
Elapsed time = 539.65 sec. (896837.02 ticks, tree = 278.11 MB, solutions = 1)
  76645 10928        cutoff          83818.0000    83793.5833  1316206    0.03%  x(c93_5_c46_5) U  76645  72032     59
  76964 10752    83794.0313   337    83818.0000    83794.0313  1318763    0.03%  x(c39_4_c38_4) D  76964  76117     76
  77298 10587        cutoff          83818.0000    83794.5500  1321365    0.03%   x(c46_5_c7_5) U  77298  59928     31
  77626 10423    83813.9773   525    83818.0000    83795.0333  1323801    0.03%  x(c13_4_c20_4) D  77626   5936     46
  77956 10255        cutoff          83818.0000    83795.5417  1326192    0.03%  x(c24_4_c12_4) D  77956  76392     46
  78293 10073        cutoff          83818.0000    83796.0385  1328815    0.03%   x(c7_5_c46_5) D  78293  54009     36
  78614  9889    83796.5515   299    83818.0000    83796.5577  1331164    0.03%  x(c54_1_c65_1) N  78614  77711     25
  78960  9750        cutoff          83818.0000    83797.0000  1333702    0.03%  x(c59_2_c73_2) D  78960  75861     38
  79291  9566    83807.0000   164    83818.0000    83797.5000  1335980    0.02%  x(c55_4_c80_4) D  79291  79290     47
  79616  9382        cutoff          83818.0000    83798.0000  1338266    0.02%  x(c12_2_c49_2) D  79616  51693     65
Elapsed time = 557.61 sec. (935059.47 ticks, tree = 236.35 MB, solutions = 1)
  79931  9196    83805.8333   454    83818.0000    83798.4714  1340462    0.02%  x(c72_1_c50_1) D  79931  70701     50
  80260  8998    83809.1250   348    83818.0000    83798.9583  1342560    0.02%   x(c46_5_c7_5) N  80260  56738     41
  80589  8788        cutoff          83818.0000    83799.4500  1344797    0.02%   x(c7_5_c46_5) U  80589  77040     23
  80918  8606    83802.5000   210    83818.0000    83799.9895  1346896    0.02%  x(c93_4_c19_4) D  80918  50697     61
  81247  8386        cutoff          83818.0000    83800.4000  1348901    0.02%  x(c41_4_c80_4) U  81247  66806     34
  81579  8164        cutoff          83818.0000    83800.9000  1350893    0.02%  x(c75_1_c62_1) U  81579  59531     24
  81912  7925        cutoff          83818.0000    83801.4038  1353002    0.02%  x(c24_4_c12_4) D  81912  79407     62
  82236  7708        cutoff          83818.0000    83801.9808  1355033    0.02%  x(c77_3_c80_3) D  82236  74468     31
  82557  7479        cutoff          83818.0000    83802.3889  1357150    0.02%   x(c29_5_c7_5) U  82557  77374     34
  82884  7257        cutoff          83818.0000    83802.8750  1358977    0.02%  x(c19_5_c18_5) D  82884  16607     43
Elapsed time = 574.51 sec. (973263.44 ticks, tree = 183.91 MB, solutions = 1)
  83211  7038        cutoff          83818.0000    83803.3458  1360851    0.02%  x(c60_3_c77_3) D  83211  79426     33
  83542  6792        cutoff          83818.0000    83803.8333  1362681    0.02%   x(c74_3_c3_3) D  83542  21923     33
  83869  6540        cutoff          83818.0000    83804.3182  1364631    0.02%   x(c93_3_c4_3) U  83869  36968     63
  84198  6292        cutoff          83818.0000    83804.8571  1366526    0.02%   x(c2_1_c80_1) U  84198  71222     57
  84525  6041    83816.2692   543    83818.0000    83805.3545  1368355    0.02%   x(c77_3_c2_3) D  84525  76802     18
  84847  5804        cutoff          83818.0000    83805.8968  1370187    0.01%   x(c7_5_c46_5) D  84847  53845     47
  85154  5565    83809.3333   343    83818.0000    83806.3333  1371809    0.01%  x(c57_2_c73_2) N  85154  71646     55
  85453  5325        cutoff          83818.0000    83806.8167  1373193    0.01%  x(c65_1_c85_1) U  85453  67561     34
  85752  5087    83815.7500   147    83818.0000    83807.2500  1374671    0.01%   x(c4_2_c19_2) N  85752  79608     68
  86058  4834    83807.7500   266    83818.0000    83807.7500  1375944    0.01%  x(c42_1_c67_1) N  86058  58316     31
Elapsed time = 590.53 sec. (1011482.04 ticks, tree = 123.33 MB, solutions = 1)
  86348  4611        cutoff          83818.0000    83808.1786  1377373    0.01%  x(c84_3_c96_3) U  86348  76914     52
  86664  4354        cutoff          83818.0000    83808.6944  1378699    0.01%   x(c83_4_c8_4) D  86664  21530     26
  86993  4083        cutoff          83818.0000    83809.2727  1380158    0.01%   x(c46_5_c7_5) U  86993  68351     34

Cover cuts applied:  1
Zero-half cuts applied:  77
Gomory fractional cuts applied:  11
User cuts applied:  2092

Root node processing (before b&c):
  Real time             =    0.77 sec. (1507.24 ticks)
Sequential b&c:
  Real time             =  595.43 sec. (1028068.01 ticks)
                          ------------
Total (root+branch&cut) =  596.20 sec. (1029575.25 ticks)

