Version identifier: 22.1.0.0 | 2022-03-09 | 1a383f8ce
CPXPARAM_Preprocessing_Reduce                    0
CPXPARAM_Threads                                 1
CPXPARAM_Preprocessing_Reformulations            0
CPXPARAM_Emphasis_MIP                            2
CPXPARAM_TimeLimit                               7200
CPXPARAM_MIP_Tolerances_AbsMIPGap                0.98999999999999999
CPXPARAM_MIP_Limits_TreeMemory                   20000
Legacy callback                                  BbLUID
         Disabling repeat represolve because of lazy constraint/incumbent callback.
1 of 1 MIP starts provided solutions.
MIP start 'm1' defined initial solution with objective 2620.0000.
Tried aggregator 0 times.
Reduced MIP has 132 rows, 1392 columns, and 5442 nonzeros.
Reduced MIP has 1392 binaries, 0 generals, 0 SOSs, and 0 indicators.
Presolve time = 0.00 sec. (0.28 ticks)
Probing time = 0.00 sec. (2.34 ticks)
Clique table members: 66.
MIP emphasis: optimality.
MIP search method: traditional branch-and-cut.
Parallel mode: none, using 1 thread.
Root relaxation solution time = 0.00 sec. (1.37 ticks)

        Nodes                                         Cuts/
   Node  Left     Objective  IInf  Best Integer    Best Bound    ItCnt     Gap         Variable B NodeID Parent  Depth

*     0+    0                         2620.0000        0.0000           100.00%
      0     0     2489.0000    33     2620.0000     2274.0000      152   13.21%
      0     0     2565.5000    42     2620.0000      Cuts: 15      174    2.08%
      0     0     2601.0000    52     2620.0000      Cuts: 10      187    0.73%
      0     0     2606.5000    10     2620.0000      Cuts: 12      194    0.52%
      0     0     2606.5000    12     2620.0000       Cuts: 3      200    0.52%
      0     0     2606.5000    68     2620.0000       Cuts: 3      206    0.52%
      0     0     2606.5000    80     2620.0000   ZeroHalf: 1      211    0.52%
      0     0     2606.5000    60     2620.0000       User: 2      222    0.52%
      0     2     2606.5000   118     2620.0000     2606.5000      222    0.52%                        0             0
Elapsed time = 0.09 sec. (124.68 ticks, tree = 0.01 MB, solutions = 1)

Zero-half cuts applied:  3
Gomory fractional cuts applied:  4
User cuts applied:  92

Root node processing (before b&c):
  Real time             =    0.09 sec. (124.71 ticks)
Sequential b&c:
  Real time             =    0.12 sec. (60.27 ticks)
                          ------------
Total (root+branch&cut) =    0.21 sec. (184.98 ticks)

