- Starting heuristic -

Exact TSP
x  TSP Iteration:       0   1015   4781
* 2OPT Iteration:       0   1007   4751
* BPER Iteration:       0   1007   4744
------ Iteration:       0   1007   4744
* 2OPT Iteration:      25    988   4713
* BPER Iteration:      25    988   4706
* APER Iteration:      25    988   4683
* APER Iteration:      50    988   4680
* APER Iteration:      75    988   4678
* 2OPT Iteration:     100    981   4629
* BPER Iteration:     100    981   4622
* APER Iteration:     100    981   4619
------ Iteration:     100    981   4619
* APER Iteration:     125    981   4617
* APER Iteration:     150    981   4610
* APER Iteration:     175    981   4604
* APER Iteration:     200    979   4602
------ Iteration:     200    979   4602
------ Iteration:     300    979   4602
------ Iteration:     400    979   4602

Exact Precedences TSP
* 2OPT Iteration:       1    983   4612
* BPER Iteration:       1    969   4571
* APER Iteration:       2    997   4641
* 2OPT Iteration:       4    971   4600
* BPER Iteration:       4    971   4598
Feasible solution found

