Version identifier: 22.1.0.0 | 2022-03-09 | 1a383f8ce
CPXPARAM_Preprocessing_Reduce                    0
CPXPARAM_Threads                                 1
CPXPARAM_Preprocessing_Reformulations            0
CPXPARAM_Emphasis_MIP                            2
CPXPARAM_TimeLimit                               7200
CPXPARAM_MIP_Tolerances_AbsMIPGap                0.98999999999999999
CPXPARAM_MIP_Limits_TreeMemory                   20000
Legacy callback                                  BbLUID
         Disabling repeat represolve because of lazy constraint/incumbent callback.
1 of 1 MIP starts provided solutions.
MIP start 'm1' defined initial solution with objective 3296.0000.
Tried aggregator 0 times.
Reduced MIP has 1152 rows, 1045 columns, and 5987 nonzeros.
Reduced MIP has 990 binaries, 0 generals, 0 SOSs, and 0 indicators.
Presolve time = 0.00 sec. (0.33 ticks)
Probing time = 0.00 sec. (2.06 ticks)
Clique table members: 501.
MIP emphasis: optimality.
MIP search method: traditional branch-and-cut.
Parallel mode: none, using 1 thread.
Root relaxation solution time = 0.00 sec. (2.46 ticks)

        Nodes                                         Cuts/
   Node  Left     Objective  IInf  Best Integer    Best Bound    ItCnt     Gap         Variable B NodeID Parent  Depth

*     0+    0                         3296.0000        0.0000           100.00%
      0     0     3101.7109    59     3296.0000     3101.7109      193    5.89%
      0     0     3181.3333    64     3296.0000      Cuts: 26      244    3.48%
      0     0     3203.0863    69     3296.0000      Cuts: 23      280    2.82%
      0     0     3215.0103    61     3296.0000      Cuts: 12      328    2.46%
      0     0     3218.0000    50     3296.0000       Cuts: 4      356    2.37%
      0     0     3218.0000    50     3296.0000       Cuts: 2      362    2.37%
      0     0     3218.8000    53     3296.0000   ZeroHalf: 6      365    2.34%
      0     0     3220.6667    50     3296.0000   ZeroHalf: 4      371    2.29%
      0     0     3222.6667    53     3296.0000   ZeroHalf: 6      374    2.22%
      0     0     3222.6667    57     3296.0000   ZeroHalf: 3      376    2.22%
      0     2     3222.6667    57     3296.0000     3224.0000      376    2.18%                        0             0
Elapsed time = 0.11 sec. (241.41 ticks, tree = 0.01 MB, solutions = 1)
     15    17     3235.0224    47     3296.0000     3225.6667      670    2.13%   x(c36_3_c4_3) N     15     14     14
     78    58     3245.1327    50     3296.0000     3234.6129     1668    1.86%  x(c38_1_c17_1) N     78      7      7
    127    89     3244.2557    69     3296.0000     3239.1229     3875    1.73%  x(c11_3_c14_3) N    127     91      4
    208   152     3268.1780    57     3296.0000     3247.9732     6792    1.46%   x(c7_2_c33_2) D    208    206     13
    310   218     3273.4352    65     3296.0000     3249.6250     9488    1.41%  x(c31_1_c27_1) N    310    213     12
    400   275     3288.0297    51     3296.0000     3252.3724    12417    1.32%   x(c39_2_c5_2) D    400    399     20
    503   350     3280.5517    60     3296.0000     3254.1354    15522    1.27%   x(c6_2_c38_2) N    503    414     28
    611   422     3260.5820    63     3296.0000     3255.9822    19054    1.21%    x(c7_2_c5_2) N    611    544     20
    703   470     3257.9639    59     3296.0000     3257.7778    21317    1.16%  x(c33_1_c31_1) U    703    702     24
   1231   736     3265.4576    56     3296.0000     3263.7110    32711    0.98%   x(c5_2_c38_2) D   1231   1230     30
Elapsed time = 1.73 sec. (3379.18 ticks, tree = 0.61 MB, solutions = 1)
   1859  1020     3271.5125    48     3296.0000     3268.0000    46104    0.85%  x(c38_1_c15_1) U   1859   1672     22
   2480  1230     3271.6860    41     3296.0000     3270.5493    58836    0.77%  x(c15_2_c18_2) U   2480   2115     32
   3097  1455        cutoff           3296.0000     3272.3447    71194    0.72%     x(c18_1_Om) U   3097    449     26
   3815  1636     3274.2672    47     3296.0000     3274.2609    83329    0.66%  x(c29_1_c24_1) N   3815    353     15
   4491  1738     3291.2122    34     3296.0000     3276.2616    94195    0.60%  x(c15_3_c12_3) U   4491   3075     37
   5160  1786     3279.0000    12     3296.0000     3278.3634   104474    0.54%   x(c34_2_c2_2) D   5160   5158     22
*  5720+ 1486                         3292.0000     3280.0000             0.36%
   5865  1486     3280.4914    44     3292.0000     3280.4768   114473    0.35%  x(c15_3_c29_3) D   5865   5762     27
   6607  1417     3282.8333    66     3292.0000     3282.5934   122539    0.29%   x(c38_1_c7_1) D   6607   6537     35
*  7033     0      integral     0     3284.0000     3284.0000   126760    0.00%

Clique cuts applied:  7
Cover cuts applied:  58
Flow cuts applied:  2
Mixed integer rounding cuts applied:  4
Zero-half cuts applied:  13
Gomory fractional cuts applied:  3
User cuts applied:  258

Root node processing (before b&c):
  Real time             =    0.11 sec. (241.50 ticks)
Sequential b&c:
  Real time             =    5.87 sec. (11395.82 ticks)
                          ------------
Total (root+branch&cut) =    5.98 sec. (11637.32 ticks)

