Version identifier: 22.1.0.0 | 2022-03-09 | 1a383f8ce
CPXPARAM_Preprocessing_Reduce                    0
CPXPARAM_Threads                                 1
CPXPARAM_Preprocessing_Reformulations            0
CPXPARAM_Emphasis_MIP                            2
CPXPARAM_TimeLimit                               7200
CPXPARAM_MIP_Tolerances_AbsMIPGap                0.98999999999999999
CPXPARAM_MIP_Limits_TreeMemory                   20000
Legacy callback                                  BbLUID
         Disabling repeat represolve because of lazy constraint/incumbent callback.
1 of 1 MIP starts provided solutions.
MIP start 'm1' defined initial solution with objective 4461.0000.
Tried aggregator 0 times.
Reduced MIP has 218 rows, 3860 columns, and 15228 nonzeros.
Reduced MIP has 3860 binaries, 0 generals, 0 SOSs, and 0 indicators.
Presolve time = 0.00 sec. (0.79 ticks)
Probing time = 0.00 sec. (3.00 ticks)
Clique table members: 109.
MIP emphasis: optimality.
MIP search method: traditional branch-and-cut.
Parallel mode: none, using 1 thread.
Root relaxation solution time = 0.00 sec. (2.80 ticks)

        Nodes                                         Cuts/
   Node  Left     Objective  IInf  Best Integer    Best Bound    ItCnt     Gap         Variable B NodeID Parent  Depth

*     0+    0                         4461.0000        0.0000           100.00%
      0     0     4391.0000    57     4461.0000     4164.0000      213    6.66%
      0     0     4401.0000    14     4461.0000      Cuts: 15      229    1.34%
      0     0     4405.0000    64     4461.0000      Cuts: 11      239    1.26%
      0     0     4409.5000    84     4461.0000      Cuts: 21      253    1.15%
      0     0     4416.2143   107     4461.0000      Cuts: 12      272    1.00%
      0     0     4416.5000    82     4461.0000      Cuts: 18      278    1.00%
      0     0     4418.5952   144     4461.0000       Cuts: 7      286    0.95%
      0     0     4421.9727   165     4461.0000      Cuts: 25      309    0.87%
      0     0     4424.5556   110     4461.0000      Cuts: 20      334    0.82%
      0     0     4427.0556   115     4461.0000      Cuts: 17      344    0.76%
      0     0     4430.0833   173     4461.0000      Cuts: 14      358    0.69%
      0     0     4431.0000   158     4461.0000  ZeroHalf: 17      368    0.67%
      0     0     4431.7667   203     4461.0000      Cuts: 25      388    0.66%
      0     0     4433.5111   164     4461.0000      Cuts: 24      409    0.62%
      0     0     4434.5944   208     4461.0000      Cuts: 20      429    0.59%
      0     0     4435.4412   146     4461.0000      Cuts: 31      450    0.57%
      0     0     4436.2000    88     4461.0000      Cuts: 15      463    0.56%
      0     0     4436.8333    86     4461.0000      Cuts: 11      476    0.54%
      0     0     4437.3421   103     4461.0000      Cuts: 14      500    0.53%
      0     0     4437.3977   156     4461.0000       User: 1      510    0.53%
      0     2     4437.3977   156     4461.0000     4437.5088      510    0.53%                        0             0
Elapsed time = 0.40 sec. (856.61 ticks, tree = 0.01 MB, solutions = 1)
     26     8     4457.6500   148     4461.0000     4442.5833      827    0.41%  x(c11_3_c13_3) N     26      6      7
     82    33     4452.4667    94     4461.0000     4452.0000     1452    0.20%     x(Op_c20_2) U     82     80     17

Zero-half cuts applied:  43
Gomory fractional cuts applied:  3
User cuts applied:  206

Root node processing (before b&c):
  Real time             =    0.40 sec. (856.53 ticks)
Sequential b&c:
  Real time             =    0.57 sec. (646.58 ticks)
                          ------------
Total (root+branch&cut) =    0.97 sec. (1503.11 ticks)

