Version identifier: 22.1.0.0 | 2022-03-09 | 1a383f8ce
CPXPARAM_Preprocessing_Reduce                    0
CPXPARAM_Threads                                 1
CPXPARAM_Preprocessing_Reformulations            0
CPXPARAM_Emphasis_MIP                            2
CPXPARAM_TimeLimit                               7200
CPXPARAM_MIP_Tolerances_AbsMIPGap                0.98999999999999999
CPXPARAM_MIP_Limits_TreeMemory                   20000
Legacy callback                                  BbLUID
         Disabling repeat represolve because of lazy constraint/incumbent callback.
1 of 1 MIP starts provided solutions.
MIP start 'm1' defined initial solution with objective 3963.0000.
Tried aggregator 0 times.
Reduced MIP has 170 rows, 2332 columns, and 9164 nonzeros.
Reduced MIP has 2332 binaries, 0 generals, 0 SOSs, and 0 indicators.
Presolve time = 0.00 sec. (0.48 ticks)
Probing time = 0.00 sec. (2.60 ticks)
Clique table members: 85.
MIP emphasis: optimality.
MIP search method: traditional branch-and-cut.
Parallel mode: none, using 1 thread.
Root relaxation solution time = 0.00 sec. (2.00 ticks)

        Nodes                                         Cuts/
   Node  Left     Objective  IInf  Best Integer    Best Bound    ItCnt     Gap         Variable B NodeID Parent  Depth

*     0+    0                         3963.0000        0.0000           100.00%
      0     0     3788.0000    16     3963.0000     3626.0000      173    8.50%
      0     0     3863.3333    39     3963.0000       Cuts: 9      200    2.51%
      0     0     3874.5000    20     3963.0000      Cuts: 19      215    2.23%
      0     0     3878.1667    62     3963.0000       Cuts: 7      230    2.14%
      0     0     3880.0000    79     3963.0000      Cuts: 15      241    2.09%
      0     0     3881.0000    32     3963.0000      Cuts: 12      245    2.07%
      0     0     3883.7179    88     3963.0000       Cuts: 3      252    2.00%
      0     0     3886.0000    40     3963.0000  ZeroHalf: 10      260    1.94%
      0     0     3886.8333    77     3963.0000       Cuts: 3      264    1.92%
      0     0     3888.9048   110     3963.0000   ZeroHalf: 7      274    1.87%
      0     0     3890.7716   111     3963.0000       Cuts: 7      286    1.82%
      0     0     3891.3333    44     3963.0000   ZeroHalf: 7      295    1.81%
      0     0     3892.2500    40     3963.0000       Cuts: 7      301    1.79%
      0     0     3893.1111    62     3963.0000       Cuts: 6      314    1.76%
      0     0     3894.8269   110     3963.0000       Cuts: 8      334    1.72%
      0     0     3896.3333    88     3963.0000      Cuts: 14      348    1.68%
      0     0     3896.5556   135     3963.0000  ZeroHalf: 17      353    1.68%
      0     0     3897.0833   111     3963.0000      Cuts: 11      372    1.66%
      0     0     3897.5495   150     3963.0000      Cuts: 15      384    1.65%
      0     0     3897.8571   104     3963.0000       User: 3      386    1.64%
      0     0     3897.8571   140     3963.0000       User: 1      390    1.64%
      0     2     3898.0000   127     3963.0000     3898.0000      390    1.64%                        0             0
Elapsed time = 0.37 sec. (738.20 ticks, tree = 0.01 MB, solutions = 1)
     42    29     3925.2222    98     3963.0000     3923.0000      983    1.01%  x(c36_1_c39_1) N     42     41      7
    131    68     3947.1200   128     3963.0000     3939.0000     1850    0.61%  x(c15_2_c14_2) D    131     44      6
    220    93     3944.0000    72     3963.0000     3944.0000     2891    0.48%   x(c4_1_c39_1) D    220     63     10
    314    99        cutoff           3963.0000     3951.0000     4081    0.30%  x(c36_3_c31_3) N    314    305     18
    439    59    infeasible           3963.0000     3958.0000     5349    0.13%  x(c21_3_c13_3) D    439    423     20

Cover cuts applied:  1
Zero-half cuts applied:  36
User cuts applied:  279

Root node processing (before b&c):
  Real time             =    0.37 sec. (738.14 ticks)
Sequential b&c:
  Real time             =    1.35 sec. (1293.88 ticks)
                          ------------
Total (root+branch&cut) =    1.72 sec. (2032.02 ticks)

