Version identifier: 22.1.0.0 | 2022-03-09 | 1a383f8ce
CPXPARAM_Preprocessing_Reduce                    0
CPXPARAM_Threads                                 1
CPXPARAM_Preprocessing_Reformulations            0
CPXPARAM_Emphasis_MIP                            2
CPXPARAM_TimeLimit                               7200
CPXPARAM_MIP_Tolerances_AbsMIPGap                0.98999999999999999
CPXPARAM_MIP_Limits_TreeMemory                   20000
Legacy callback                                  BbLUID
         Disabling repeat represolve because of lazy constraint/incumbent callback.
1 of 1 MIP starts provided solutions.
MIP start 'm1' defined initial solution with objective 4461.0000.
Tried aggregator 0 times.
Reduced MIP has 218 rows, 3860 columns, and 15228 nonzeros.
Reduced MIP has 3860 binaries, 0 generals, 0 SOSs, and 0 indicators.
Presolve time = 0.00 sec. (0.79 ticks)
Probing time = 0.00 sec. (3.00 ticks)
Clique table members: 109.
MIP emphasis: optimality.
MIP search method: traditional branch-and-cut.
Parallel mode: none, using 1 thread.
Root relaxation solution time = 0.00 sec. (2.80 ticks)

        Nodes                                         Cuts/
   Node  Left     Objective  IInf  Best Integer    Best Bound    ItCnt     Gap         Variable B NodeID Parent  Depth

*     0+    0                         4461.0000        0.0000           100.00%
      0     0     4391.0000    57     4461.0000     4164.0000      213    6.66%
      0     0     4401.0000    14     4461.0000      Cuts: 15      229    1.34%
      0     0     4405.0000    64     4461.0000      Cuts: 11      239    1.26%
      0     0     4409.5000    84     4461.0000      Cuts: 21      253    1.15%
      0     0     4416.2143   107     4461.0000      Cuts: 12      272    1.00%
      0     0     4416.5000    82     4461.0000      Cuts: 18      278    1.00%
      0     0     4418.5952   144     4461.0000       Cuts: 7      286    0.95%
      0     0     4421.9727   165     4461.0000      Cuts: 25      309    0.87%
      0     0     4424.5556   110     4461.0000      Cuts: 20      334    0.82%
      0     0     4427.0556   115     4461.0000      Cuts: 17      344    0.76%
      0     0     4430.0833   173     4461.0000      Cuts: 14      358    0.69%
      0     0     4431.0000   158     4461.0000  ZeroHalf: 17      368    0.67%
      0     0     4431.7667   203     4461.0000      Cuts: 25      388    0.66%
      0     0     4433.5111   164     4461.0000      Cuts: 24      409    0.62%
      0     0     4434.5944   208     4461.0000      Cuts: 20      429    0.59%
      0     0     4435.4412   146     4461.0000      Cuts: 31      450    0.57%
      0     0     4436.2000    88     4461.0000      Cuts: 15      463    0.56%
      0     0     4436.8333    86     4461.0000      Cuts: 11      476    0.54%
      0     0     4436.8421    88     4461.0000      Cuts: 14      494    0.54%
      0     0     4437.3421   101     4461.0000       User: 2      512    0.53%
      0     0     4437.4671   167     4461.0000       User: 2      519    0.53%
      0     2     4437.4671   160     4461.0000     4437.4671      519    0.53%                        0             0
Elapsed time = 0.43 sec. (872.96 ticks, tree = 0.01 MB, solutions = 1)
     40    16     4445.6754   158     4461.0000     4445.3421      849    0.35%  x(c38_2_c11_2) D     40     39      8
    148     6        cutoff           4461.0000     4458.8421     1701    0.05%  x(c34_2_c30_2) U    148     44      8

Zero-half cuts applied:  40
Gomory fractional cuts applied:  3
User cuts applied:  176

Root node processing (before b&c):
  Real time             =    0.43 sec. (873.12 ticks)
Sequential b&c:
  Real time             =    0.57 sec. (500.46 ticks)
                          ------------
Total (root+branch&cut) =    1.00 sec. (1373.57 ticks)

