Version identifier: 22.1.0.0 | 2022-03-09 | 1a383f8ce
CPXPARAM_Preprocessing_Reduce                    0
CPXPARAM_Threads                                 1
CPXPARAM_Preprocessing_Reformulations            0
CPXPARAM_Emphasis_MIP                            2
CPXPARAM_TimeLimit                               7200
CPXPARAM_MIP_Tolerances_AbsMIPGap                0.98999999999999999
CPXPARAM_MIP_Limits_TreeMemory                   20000
Legacy callback                                  BbLUID
         Disabling repeat represolve because of lazy constraint/incumbent callback.
1 of 1 MIP starts provided solutions.
MIP start 'm1' defined initial solution with objective 60581.0000.
Tried aggregator 0 times.
Reduced MIP has 3122 rows, 2945 columns, and 17185 nonzeros.
Reduced MIP has 2852 binaries, 0 generals, 0 SOSs, and 0 indicators.
Presolve time = 0.00 sec. (0.92 ticks)
Probing time = 0.00 sec. (2.97 ticks)
Clique table members: 1432.
MIP emphasis: optimality.
MIP search method: traditional branch-and-cut.
Parallel mode: none, using 1 thread.
Root relaxation solution time = 0.00 sec. (4.90 ticks)

        Nodes                                         Cuts/
   Node  Left     Objective  IInf  Best Integer    Best Bound    ItCnt     Gap         Variable B NodeID Parent  Depth

*     0+    0                        60581.0000        0.0000           100.00%
      0     0    43439.1378   177    60581.0000    43439.1378      196   28.30%
      0     0    54935.8850   200    60581.0000      Cuts: 56      358    9.32%
      0     0    57953.1787   188    60581.0000      Cuts: 26      478    4.34%
      0     0    58832.0438   189    60581.0000      Cuts: 12      551    2.89%
      0     0    59057.0000   184    60581.0000       Cuts: 7      607    2.52%
      0     0    59937.6341   185    60581.0000       Cuts: 6      703    1.06%
      0     0    60263.5000   184    60581.0000      Cuts: 12      736    0.52%
      0     0    60338.5000   186    60581.0000      Cuts: 16      754    0.40%
      0     0    60338.5000   193    60581.0000   ZeroHalf: 2      769    0.40%
      0     2    60338.5000   131    60581.0000    60338.5000      769    0.40%                        0             0
Elapsed time = 0.22 sec. (506.64 ticks, tree = 0.01 MB, solutions = 1)
      3     5    60341.0000   148    60581.0000    60383.0000      911    0.33%   x(c7_3_c55_3) D      3      2      3
     15    15    60383.0588   160    60581.0000    60383.0000     1225    0.33%  x(c48_3_c21_3) D     15     14     14
     33    31    60383.2787    90    60581.0000    60383.0000     1309    0.33%   x(c3_1_c39_1) D     33     32     32
     51    40    60384.3797    75    60581.0000    60383.0000     1383    0.33%  x(c14_3_c46_3) D     51     50     50
     77    59    60383.3228    90    60581.0000    60383.0761     1685    0.33%  x(c36_3_c41_3) N     77     76     24
    109    80    60383.7860   129    60581.0000    60383.2513     1869    0.33%   x(c48_3_c7_3) N    109    108     17
    141   105    60438.2020    70    60581.0000    60384.0261     2178    0.33%  x(c36_3_c41_3) N    141     76     24
    161   115        cutoff          60581.0000    60389.2686     3934    0.32%  x(c39_1_c21_1) N    161     22     22
    180   126    60432.2012   108    60581.0000    60395.0000     5430    0.31%  x(c48_1_c31_1) U    180    178     15
    306   215    60397.8048    74    60581.0000    60397.9923     8019    0.30%  x(c54_2_c31_2) D    306    179     16
Elapsed time = 1.77 sec. (3877.37 ticks, tree = 0.38 MB, solutions = 1)
    475   338    60420.0032    34    60581.0000    60405.1025    14704    0.29%   x(c29_1_c3_1) D    475    245     10
*   573   364      integral     0    60536.0000    60410.2071    16959    0.21%
    723   421        cutoff          60536.0000    60418.2014    20259    0.19%  x(c58_3_c26_3) U    723    700     28
*   763   337      integral     0    60502.0000    60420.0149    21095    0.14%
   1000   379    60487.0681   174    60502.0000    60434.2232    25436    0.11%  x(c21_3_c48_3) U   1000    304     11
   1356   364        cutoff          60502.0000    60446.0882    32529    0.09%   x(c21_2_c3_2) U   1356   1222     14
   1660   295    60471.3166    78    60502.0000    60466.3166    38781    0.06%  x(c31_2_c16_2) N   1660   1650     31
   2010   207        cutoff          60502.0000    60483.3589    44208    0.03%  x(c42_2_c22_2) U   2010   1844     32
*  2168     0      integral     0    60492.0000    60492.0000    45994    0.00%

Clique cuts applied:  27
Cover cuts applied:  10
Flow cuts applied:  2
Mixed integer rounding cuts applied:  4
Zero-half cuts applied:  3
Gomory fractional cuts applied:  1
User cuts applied:  188

Root node processing (before b&c):
  Real time             =    0.22 sec. (505.67 ticks)
Sequential b&c:
  Real time             =    4.60 sec. (9635.50 ticks)
                          ------------
Total (root+branch&cut) =    4.82 sec. (10141.16 ticks)

