Version identifier: 22.1.0.0 | 2022-03-09 | 1a383f8ce
CPXPARAM_Preprocessing_Reduce                    0
CPXPARAM_Threads                                 1
CPXPARAM_Preprocessing_Reformulations            0
CPXPARAM_Emphasis_MIP                            2
CPXPARAM_TimeLimit                               7200
CPXPARAM_MIP_Tolerances_AbsMIPGap                0.98999999999999999
CPXPARAM_MIP_Limits_TreeMemory                   20000
Legacy callback                                  BbLUID
         Disabling repeat represolve because of lazy constraint/incumbent callback.
1 of 1 MIP starts provided solutions.
MIP start 'm1' defined initial solution with objective 105762.0000.
Tried aggregator 0 times.
Reduced MIP has 4424 rows, 4037 columns, and 23735 nonzeros.
Reduced MIP has 3898 binaries, 0 generals, 0 SOSs, and 0 indicators.
Presolve time = 0.00 sec. (1.27 ticks)
Probing time = 0.00 sec. (3.18 ticks)
Clique table members: 1959.
MIP emphasis: optimality.
MIP search method: traditional branch-and-cut.
Parallel mode: none, using 1 thread.
Root relaxation solution time = 0.00 sec. (6.78 ticks)

        Nodes                                         Cuts/
   Node  Left     Objective  IInf  Best Integer    Best Bound    ItCnt     Gap         Variable B NodeID Parent  Depth

*     0+    0                       105762.0000        0.0000           100.00%
      0     0    69678.1938   267   105762.0000    69678.1938      257   34.12%
      0     0    95934.0524   295   105762.0000      Cuts: 80      497    9.29%
      0     0   103076.2148   288   105762.0000      Cuts: 44      636    2.54%
      0     0   104182.5000   292   105762.0000      Cuts: 12      716    1.49%
      0     0   104788.5000   286   105762.0000      Cuts: 77      780    0.92%
      0     0   105291.5699   292   105762.0000       Cuts: 6      828    0.44%
      0     0   105507.5000   290   105762.0000       Cuts: 8      846    0.24%
      0     0   105590.0119   296   105762.0000       Cuts: 2      875    0.16%
      0     0   105631.5000   285   105762.0000       Cuts: 8      908    0.12%
      0     0   105631.5000   276   105762.0000       Cuts: 5      919    0.12%
      0     0   105631.5000   280   105762.0000   ZeroHalf: 6      937    0.12%
      0     2   105631.5000   108   105762.0000   105631.5000      937    0.12%                        0             0
Elapsed time = 0.36 sec. (814.70 ticks, tree = 0.01 MB, solutions = 1)
      1     2   105657.0000   168   105762.0000   105631.5000      975    0.12%   x(c7_2_c55_2) D      1      0      1
      3     4   105657.0552   226   105762.0000   105631.5000     1056    0.12%    x(c8_3_c7_3) U      3      2      3
      4     5   105657.0000   231   105762.0000   105631.5000     1085    0.12%    x(c8_3_c7_3) D      4      2      3
      5     5   105657.0836   224   105762.0000   105631.5000     1088    0.12%  x(c42_4_c31_4) U      5      3      4
      7     7   105662.0000   223   105762.0000   105631.5000     1158    0.12%   x(c55_2_c7_2) D      7      6      6
      8     8   105662.0000   177   105762.0000   105631.5000     1192    0.12%  x(c53_2_c32_2) D      8      7      7
      9     9   105662.0026   143   105762.0000   105631.5000     1270    0.12%  x(c50_4_c20_4) D      9      8      8
     13    11   105662.3864   119   105762.0000   105631.5000     1658    0.12%  x(c16_5_c48_5) D     13     12     11
     16    13   105662.7075   200   105762.0000   105631.5000     1722    0.12%   x(c53_5_c9_5) D     16     15     14
     49    35   105657.0106   122   105762.0000   105657.0000     2834    0.10%  x(c48_1_c41_1) D     49     48     22
Elapsed time = 3.07 sec. (7342.99 ticks, tree = 0.10 MB, solutions = 1)
     93    60   105657.0000   187   105762.0000   105657.0000     3773    0.10%   x(c4_3_c50_3) N     93      4      4
    151    99   105662.2865   214   105762.0000   105657.0879     6911    0.10%  x(c57_2_c23_2) D    151     95      7
    228   148   105658.5219    92   105762.0000   105658.5000    10013    0.10%  x(c14_3_c36_3) D    228    227     39
    397   271   105744.3237   133   105762.0000   105659.4251    14477    0.10%   x(c16_5_c2_5) U    397    395     19
    502   317   105667.3070   156   105762.0000   105662.3393    18766    0.09%  x(c16_5_c48_5) N    502     97      9
    656   427   105664.2813    81   105762.0000   105664.0000    23751    0.09%    x(c2_1_c3_1) D    656    655     22
    805   500   105692.7612    94   105762.0000   105665.5094    29064    0.09%  x(c42_1_c22_1) N    805    706     11
    954   530   105705.8323   178   105762.0000   105670.9470    36538    0.09%   x(c22_4_c4_4) D    954    516     12
   1000   535   105674.9167   109   105762.0000   105674.6894    38853    0.08%   x(c7_1_c22_1) D   1000    999     15
   1174   626   105743.7350   116   105762.0000   105678.8360    45285    0.08%  x(c19_5_c29_5) N   1174   1173     22
Elapsed time = 7.76 sec. (17148.70 ticks, tree = 1.34 MB, solutions = 1)
   1334   629   105705.6256    97   105762.0000   105688.2500    52745    0.07%  x(c17_3_c49_3) U   1334    882     13
   1514   682        cutoff         105762.0000   105694.0273    59553    0.06%    x(c8_3_c4_3) U   1514   1513      9
   1723   789   105698.1092   177   105762.0000   105694.5421    65361    0.06%    x(c8_3_c4_3) U   1723   1722     15
   1899   875   105696.6094   103   105762.0000   105696.7719    71150    0.06%   x(c38_1_c5_1) N   1899   1898     21
   2084   895   105700.6433    93   105762.0000   105700.5622    77468    0.06%    x(c2_1_c3_1) D   2084   2083     16
   2266   910   105716.2000    58   105762.0000   105703.5087    84315    0.06%  x(c43_5_c35_5) N   2266   1990     13
   2503   967   105706.6392    52   105762.0000   105706.6392    90007    0.05%  x(c57_2_c23_2) N   2503    150     17
   2738  1018   105735.9341   122   105762.0000   105708.9918    95976    0.05%    x(c2_1_c3_1) N   2738   2009     24
   3000  1041   105712.6069   114   105762.0000   105712.6117   100760    0.05%   x(c7_1_c29_1) D   3000   2999     21
   3275  1068   105750.4945   104   105762.0000   105714.8661   106577    0.04%  x(c49_3_c10_3) N   3275   3262     29
Elapsed time = 13.02 sec. (27519.07 ticks, tree = 2.43 MB, solutions = 1)
   3472  1086        cutoff         105762.0000   105717.7680   112794    0.04%  x(c36_3_c49_3) U   3472   3329     27
   3715  1026        cutoff         105762.0000   105722.1989   118372    0.04%  x(c15_1_c46_1) D   3715   2645     30
   3991   864        cutoff         105762.0000   105727.2958   123261    0.03%  x(c31_5_c21_5) D   3991   3760     21
   4236   822   105731.3118    89   105762.0000   105731.3232   128647    0.03%  x(c49_3_c10_3) D   4236   4007     12
   4464   766        cutoff         105762.0000   105735.6397   134613    0.02%    x(c2_1_c3_1) U   4464   2227     20
   4754   678        cutoff         105762.0000   105740.4230   139537    0.02%  x(c31_5_c21_5) U   4754   4524     40
   5039   558   105750.2797    93   105762.0000   105745.4568   144387    0.02%  x(c49_3_c36_3) N   5039   2667     18
   5299   473   105751.5837    98   105762.0000   105749.5086   149616    0.01%   x(c16_5_c2_5) N   5299   4016     24

Clique cuts applied:  41
Cover cuts applied:  53
Flow cuts applied:  2
Mixed integer rounding cuts applied:  3
Zero-half cuts applied:  23
Gomory fractional cuts applied:  5
User cuts applied:  203

Root node processing (before b&c):
  Real time             =    0.36 sec. (813.04 ticks)
Sequential b&c:
  Real time             =   16.79 sec. (35233.77 ticks)
                          ------------
Total (root+branch&cut) =   17.15 sec. (36046.82 ticks)

