Version identifier: 22.1.0.0 | 2022-03-09 | 1a383f8ce
CPXPARAM_Preprocessing_Reduce                    0
CPXPARAM_Threads                                 1
CPXPARAM_Preprocessing_Reformulations            0
CPXPARAM_Emphasis_MIP                            2
CPXPARAM_TimeLimit                               7200
CPXPARAM_MIP_Tolerances_AbsMIPGap                0.98999999999999999
CPXPARAM_MIP_Limits_TreeMemory                   20000
Legacy callback                                  BbLUID
         Disabling repeat represolve because of lazy constraint/incumbent callback.
1 of 1 MIP starts provided solutions.
MIP start 'm1' defined initial solution with objective 53676.0000.
Tried aggregator 0 times.
Reduced MIP has 10566 rows, 10208 columns, and 60396 nonzeros.
Reduced MIP has 10034 binaries, 0 generals, 0 SOSs, and 0 indicators.
Presolve time = 0.00 sec. (3.19 ticks)
Probing time = 0.00 sec. (5.02 ticks)
Clique table members: 2695.
MIP emphasis: optimality.
MIP search method: traditional branch-and-cut.
Parallel mode: none, using 1 thread.
Root relaxation solution time = 0.01 sec. (17.57 ticks)

        Nodes                                         Cuts/
   Node  Left     Objective  IInf  Best Integer    Best Bound    ItCnt     Gap         Variable B NodeID Parent  Depth

*     0+    0                        53676.0000        0.0000           100.00%
      0     0    40571.8686   373    53676.0000    40571.8686      442   24.41%
      0     0    49814.1544   361    53676.0000     Cuts: 114      839    7.19%
      0     0    51737.7500   346    53676.0000      Cuts: 23     1012    3.61%
      0     0    52195.3475   354    53676.0000      Cuts: 14     1194    2.76%
      0     0    52555.0000   361    53676.0000      Cuts: 63     1328    2.09%
*     0+    0                        53211.0000    52555.0000             1.23%
      0     0  -1.00000e+75     0    53211.0000    52555.0000     1328    1.23%
      0     0    52647.5000   370    53211.0000      Cuts: 19     1424    1.06%
      0     0    52745.5000   359    53211.0000      Cuts: 15     1521    0.87%
      0     0    52778.7500   347    53211.0000       Cuts: 4     1570    0.81%
      0     0    52789.5000   351    53211.0000       Cuts: 5     1641    0.79%
      0     0    52796.7500   336    53211.0000       User: 1     1665    0.78%
      0     0    52796.7500   345    53211.0000   ZeroHalf: 1     1673    0.78%
      0     0    52796.7500   337    53211.0000   ZeroHalf: 2     1689    0.78%
      0     2    52796.7500   246    53211.0000    52796.7500     1689    0.78%                        0             0
Elapsed time = 2.96 sec. (6905.50 ticks, tree = 0.01 MB, solutions = 2)
      1     3    52799.5000   275    53211.0000    52800.0000     1713    0.77%  x(c25_3_c90_3) D      1      0      1
      2     4    52846.0000   321    53211.0000    52800.0000     2037    0.77%  x(c25_3_c90_3) U      2      0      1
      3     5    52850.0000   346    53211.0000    52800.0000     2590    0.77%  x(c90_3_c25_3) U      3      1      2
      4     6    52916.5000   308    53211.0000    52846.0000     2666    0.69%  x(c90_3_c25_3) N      4      1      2
      5     7    52890.0000   351    53211.0000    52846.0000     2743    0.69%  x(c67_3_c85_3) D      5      3      3
      6     8    52934.5000   365    53211.0000    52846.0000     2853    0.69%  x(c35_3_c59_3) N      6      5      4
      7     9    52955.7500   360    53211.0000    52846.0000     3038    0.69%  x(c35_3_c98_3) N      7      6      5
      8     9    52958.0000   347    53211.0000    52846.0000     3105    0.69%  x(c35_3_c98_3) U      8      6      5
     13    12    53044.5000   266    53211.0000    52846.0000     3337    0.69%  x(c25_3_c38_3) D     13     12     10
     20    19    53069.1634   315    53211.0000    52846.0000     3777    0.69%  x(c43_1_c58_1) D     20     19     17
Elapsed time = 7.90 sec. (16139.36 ticks, tree = 0.50 MB, solutions = 2)
     31    28    53069.4745   270    53211.0000    52846.0000     4000    0.69%  x(c88_1_c47_1) D     31     30     28
     45    40    53069.9652   207    53211.0000    52846.0000     4229    0.69%   x(c33_3_c4_3) D     45     44     42
     60    53    53071.6368   194    53211.0000    52846.0000     4658    0.69%  x(c68_1_c70_1) D     60     59     57
     85    62    53171.5000   348    53211.0000    52877.0000     5686    0.63%  x(c67_3_c85_3) N     85      3      3
    110    87    52954.0000   358    53211.0000    52954.0000     7191    0.48%  x(c34_3_c38_3) D    110    109     10
    144   114    52975.0479   251    53211.0000    52975.0000     9317    0.44%  x(c52_1_c58_1) D    144    143      9
    169   136    53039.0319   245    53211.0000    52980.0000    11415    0.43%  x(c88_3_c65_3) D    169    145     11
    195   156    52986.1895   326    53211.0000    52986.0000    12889    0.42%  x(c35_3_c74_3) D    195    194     18
    214   175    52986.4013   312    53211.0000    52986.0000    13104    0.42%  x(c58_1_c37_1) D    214    213     37
    240   198    52986.7050   262    53211.0000    52986.0000    13270    0.42%  x(c46_1_c21_1) D    240    239     63
Elapsed time = 13.10 sec. (26322.82 ticks, tree = 2.16 MB, solutions = 2)
    260   216    52987.1868   254    53211.0000    52986.0000    13451    0.42%  x(c46_1_c12_1) N    260    259     83
    281   232    52988.1673   310    53211.0000    52986.0000    13612    0.42%  x(c54_1_c43_1) N    281    280    104
    352   301    52986.4870   317    53211.0000    52986.0660    14283    0.42%  x(c82_3_c15_3) D    352    351     70
    392   335    52987.2502   204    53211.0000    52986.0660    14527    0.42%  x(c66_1_c61_1) D    392    391    110
    417   355    52987.6072   217    53211.0000    52986.0660    14620    0.42%  x(c92_3_c55_3) D    417    416    135
    448   382    53040.4187   281    53211.0000    52986.0745    15635    0.42%  x(c72_1_c54_1) N    448    446     19
    491   423    52986.4265   221    53211.0000    52986.0745    15917    0.42%  x(c80_1_c37_1) D    491    489     61
    516   446    52986.8052   206    53211.0000    52986.0745    16193    0.42%  x(c44_1_c18_1) D    516    515     85
    552   480    52987.4277   232    53211.0000    52986.1317    16827    0.42%  x(c58_1_c37_1) D    552    551     34
    626   550    53098.7778   252    53211.0000    52986.3640    18041    0.42%  x(c57_3_c34_3) N    626    290      9
Elapsed time = 18.02 sec. (36478.18 ticks, tree = 3.89 MB, solutions = 2)
    644   552    53200.0424   169    53211.0000    52986.9512    21861    0.42%  x(c37_1_c88_1) U    644    210     34
    681   578    52990.5704   189    53211.0000    52987.0921    22297    0.42%   x(c2_1_c18_1) N    681    680    137
    703   580        cutoff          53211.0000    52987.4704    25988    0.42%  x(c22_1_c47_1) U    703    554     37
    724   584        cutoff          53211.0000    52987.8242    29663    0.42%  x(c54_1_c37_1) U    724    546     29
    742   586    53128.0219   160    53211.0000    52988.3129    32751    0.42%  x(c17_3_c45_3) U    742    598     81
    759   594    53147.2004   203    53211.0000    52988.6215    35053    0.42%  x(c54_1_c23_1) U    759    385    104
    778   592        cutoff          53211.0000    52989.1290    37270    0.42%  x(c58_1_c37_1) U    778    551     34
    798   594        cutoff          53211.0000    52989.6263    41070    0.42%  x(c94_3_c60_3) U    798    573     56
    862   633    53165.0546   151    53211.0000    52990.1107    44164    0.42%  x(c15_1_c64_1) N    862    677    134
    890   638    52991.0928   310    53211.0000    52991.0000    47833    0.41%  x(c94_3_c74_3) D    890    889     16
Elapsed time = 23.38 sec. (46235.52 ticks, tree = 4.58 MB, solutions = 2)
   1017   762    52992.2920   263    53211.0000    52991.0000    49068    0.41%  x(c74_3_c43_3) D   1017   1016     31
   1085   821    53136.5882   232    53211.0000    52991.2742    51177    0.41%  x(c56_3_c75_3) U   1085    540     23
   1120   839    52992.4698   224    53211.0000    52992.0301    54073    0.41%   x(c33_3_c4_3) D   1120   1119     73
   1184   897    53134.0629   191    53211.0000    52992.2701    55722    0.41%   x(c15_3_c4_3) U   1184    217     41
   1207   904    53169.1653   156    53211.0000    52992.8404    59534    0.41%   x(c17_3_c2_3) U   1207    454     26
   1233   912    52995.2995   189    53211.0000    52993.3011    63575    0.41%  x(c45_3_c41_3) N   1233   1232    127
   1256   913    53155.0000   226    53211.0000    52993.8302    67080    0.41%  x(c54_1_c43_1) U   1256   1011     26
   1284   907    53140.5382   199    53211.0000    52994.6776    70363    0.41%  x(c17_3_c45_3) U   1284   1062     77
   1308   903    53071.0561   211    53211.0000    52995.2970    74050    0.41%  x(c94_1_c60_1) U   1308   1173    127
   1336   901    53208.0379   212    53211.0000    52996.1713    78409    0.40%  x(c84_3_c60_3) U   1336   1059     74
Elapsed time = 28.96 sec. (56335.31 ticks, tree = 6.17 MB, solutions = 2)
   1360   904    53174.1365   217    53211.0000    52997.1971    82124    0.40%  x(c22_1_c54_1) U   1360   1135     89
   1386   904    53189.6098   218    53211.0000    52998.3666    86086    0.40%  x(c17_3_c31_3) U   1386    570     53
   1440   938    52999.5884   187    53211.0000    52999.2911    88455    0.40%  x(c87_1_c89_1) D   1440   1439     59
   1520   991    53074.4301   167    53211.0000    53000.0131    91189    0.40%  x(c74_3_c60_3) N   1520   1429     49
   1562  1004    53001.8193   194    53211.0000    53001.1265    94408    0.39%  x(c80_1_c37_1) D   1562   1561     25
   1596  1011    53099.0418   271    53211.0000    53001.8464    97929    0.39%  x(c57_3_c74_3) U   1596    888     15
   1735  1137        cutoff          53211.0000    53002.1712    99787    0.39%  x(c45_3_c19_3) U   1735   1733    134
   1796  1176    53183.7500   227    53211.0000    53003.0068   103254    0.39%  x(c58_1_c94_1) U   1796   1794     22
   1828  1164        cutoff          53211.0000    53004.1248   107331    0.39%  x(c27_1_c12_1) U   1828    559     42
   1962  1292    53005.0245   151    53211.0000    53004.2896   108999    0.39%  x(c15_1_c82_1) D   1962   1961     84
Elapsed time = 34.38 sec. (66205.93 ticks, tree = 8.28 MB, solutions = 2)
   2036  1341    53006.8953   206    53211.0000    53004.8876   111964    0.39%  x(c75_3_c81_3) N   2036   2035    142
   2066  1352        cutoff          53211.0000    53005.5424   115962    0.39%  x(c94_3_c74_3) U   2066    303     22
   2096  1352    53108.2500   232    53211.0000    53005.9923   119798    0.39%  x(c58_1_c43_1) U   2096   1833     18
   2184  1421    53007.7661   239    53211.0000    53006.3072   122138    0.38%  x(c81_3_c88_3) N   2184   2183    122
   2224  1418        cutoff          53211.0000    53006.6753   125617    0.38%  x(c43_3_c58_3) U   2224   1876     61
   2252  1414    53164.2250   186    53211.0000    53007.1745   129204    0.38%  x(c23_1_c54_1) U   2252   1969     92
   2293  1410    53098.0921   248    53211.0000    53008.0638   132628    0.38%  x(c36_1_c18_1) U   2293   1643     72
   2324  1408        cutoff          53211.0000    53008.6271   135709    0.38%  x(c64_3_c48_3) U   2324   2146    102
   2430  1494    53010.8914   286    53211.0000    53008.8289   137169    0.38%   x(c74_3_c4_3) D   2430   2429     98
   2468  1482    53021.0002   237    53211.0000    53009.8971   140881    0.38%  x(c43_1_c77_1) D   2468    741    111
Elapsed time = 39.63 sec. (75841.63 ticks, tree = 9.25 MB, solutions = 2)
   2579  1567    53012.6838   288    53211.0000    53010.3938   143616    0.38%  x(c16_3_c19_3) D   2579   2578    117
   2625  1579    53193.0174   209    53211.0000    53010.9169   147255    0.38%  x(c25_1_c12_1) U   2625   2623    116
   2653  1580        cutoff          53211.0000    53011.3970   151332    0.38%  x(c25_1_c12_1) U   2653   2156    112
   2687  1573    53066.3018   183    53211.0000    53012.0429   155171    0.37%  x(c43_3_c54_3) U   2687   1625     54
   2763  1636        cutoff          53211.0000    53012.5000   158371    0.37%  x(c50_3_c19_3) U   2763   2761    116
   2855  1704        cutoff          53211.0000    53012.6749   160261    0.37%   x(c2_3_c36_3) U   2855   1710    111
   2898  1716        cutoff          53211.0000    53013.2135   163681    0.37%  x(c41_3_c45_3) U   2898   2430     99
   2930  1720    53014.1481   284    53211.0000    53013.7295   167481    0.37%   x(c45_3_c2_3) D   2930   2929     42
   3008  1768    53160.2929   215    53211.0000    53014.2350   170685    0.37%  x(c58_1_c60_1) U   3008   2925     38
   3054  1778    53176.3635   258    53211.0000    53014.8041   174271    0.37%   x(c2_3_c41_3) U   3054   2529     69
Elapsed time = 44.88 sec. (85502.84 ticks, tree = 10.75 MB, solutions = 2)
   3087  1768    53015.9927   234    53211.0000    53015.3099   177472    0.37%  x(c34_3_c20_3) N   3087   2889    121
   3131  1774    53126.7679   257    53211.0000    53016.0929   181413    0.37%  x(c41_3_c36_3) U   3131   2517     57
   3177  1770    53019.3165   174    53211.0000    53016.7028   185077    0.37%  x(c23_1_c77_1) U   3177   2845     94
   3218  1754        cutoff          53211.0000    53017.4930   188689    0.36%  x(c80_1_c79_1) U   3218   2959     72
   3281  1782    53040.5339   186    53211.0000    53018.1551   191610    0.36%  x(c47_1_c81_1) D   3281   3119    107
   3312  1779        cutoff          53211.0000    53018.7500   195560    0.36%  x(c89_1_c58_1) U   3312   2785     34
   3329  1768        cutoff          53211.0000    53018.9051   199804    0.36%  x(c72_1_c54_1) U   3329   3225     77
   3397  1782        cutoff          53211.0000    53019.5412   203006    0.36%  x(c92_3_c55_3) U   3397   2838     87
   3432  1775    53020.2500   238    53211.0000    53020.2500   206742    0.36%  x(c88_1_c47_1) D   3432    159      6
   3518  1833        cutoff          53211.0000    53020.7493   209633    0.36%  x(c17_3_c31_3) U   3518   2394     63
Elapsed time = 50.19 sec. (95241.46 ticks, tree = 10.87 MB, solutions = 2)
   3575  1833    53206.8949   167    53211.0000    53021.7679   212939    0.36%   x(c2_3_c41_3) N   3575   1766    110
   3618  1828    53064.0769   239    53211.0000    53022.7500   216541    0.35%  x(c83_3_c64_3) U   3618   2489     29
   3688  1854    53205.3640   195    53211.0000    53023.4927   219230    0.35%   x(c2_3_c41_3) N   3688   2973     86
   3760  1875        cutoff          53211.0000    53023.9053   222261    0.35%  x(c82_1_c15_1) U   3760   1630     59
   3829  1905    53025.9144   273    53211.0000    53024.9185   225416    0.35%  x(c64_3_c15_3) D   3829   3828    103
   3893  1931    53026.2687   276    53211.0000    53025.6718   228568    0.35%  x(c84_3_c60_3) D   3893   3892     98
   3950  1941    53139.4187   285    53211.0000    53026.2354   231860    0.35%  x(c36_3_c19_3) U   3950   3793     68
   3998  1965    53027.1591   210    53211.0000    53026.7371   235298    0.35%  x(c27_1_c94_1) D   3998   3997     87
   4051  1974        cutoff          53211.0000    53027.3287   238095    0.35%  x(c19_3_c23_3) U   4051   4022    111
   4318  2016    53030.3264   315    53211.0000    53030.3303   250313    0.34%  x(c75_3_c26_3) D   4318   4317     43
Elapsed time = 56.74 sec. (107749.41 ticks, tree = 11.80 MB, solutions = 2)
   4580  2102        cutoff          53211.0000    53032.7966   261533    0.33%  x(c84_3_c60_3) U   4580   4238     65
   4900  2212    53065.8091   187    53211.0000    53035.2889   272736    0.33%  x(c31_1_c82_1) N   4900   1274    133
   5092  2220    53038.9350   205    53211.0000    53038.1390   285773    0.32%  x(c45_3_c50_3) D   5092   5091     90
   5359  2281    53050.0000   266    53211.0000    53040.3684   297265    0.32%  x(c85_3_c67_3) D   5359   1078     13
   5642  2379    53053.8518   196    53211.0000    53042.2254   310087    0.32%  x(c60_3_c43_3) U   5642   3576     96
   5929  2560    53043.7419   235    53211.0000    53043.5138   321505    0.31%  x(c94_3_c60_3) D   5929   5928     57
*  6000+ 2324                        53187.0000    53043.6310             0.27%
   6081  2336        cutoff          53187.0000    53044.3224   326950    0.27%  x(c37_1_c80_1) U   6081   5842     29
   6438  2545        cutoff          53187.0000    53045.2889   337172    0.27%  x(c48_3_c51_3) U   6438   5970     99
   6720  2623        cutoff          53187.0000    53046.9474   348766    0.26%  x(c81_3_c75_3) U   6720   6718    130
   6970  2644    53182.1892   134    53187.0000    53048.9002   360085    0.26%  x(c16_3_c36_3) N   6970   5329     58
Elapsed time = 76.35 sec. (146011.36 ticks, tree = 14.85 MB, solutions = 3)
   7065  2625        cutoff          53187.0000    53049.7177   365108    0.26%  x(c48_3_c51_3) U   7065   6661     45
   7400  2782    53053.4200   183    53187.0000    53050.9878   374998    0.26%  x(c20_3_c65_3) D   7400   7399    101
   7658  2778        cutoff          53187.0000    53052.7500   386941    0.25%   x(c74_3_c4_3) U   7658   5656     74
   8000  2922    53053.9970   222    53187.0000    53053.7649   397131    0.25%  x(c92_3_c55_3) D   8000   7999     99
   8348  3044        cutoff          53187.0000    53055.2135   408127    0.25%  x(c54_1_c37_1) U   8348   7909     22
   8695  3164        cutoff          53187.0000    53056.5804   418244    0.25%  x(c35_3_c60_3) U   8695   5760     56
   8998  3250    53058.5022   212    53187.0000    53057.8904   429078    0.24%  x(c43_3_c84_3) D   8998   8997     92
   9328  3388    53059.2287   214    53187.0000    53058.8604   440332    0.24%   x(c2_3_c41_3) D   9328   9327     92
   9643  3507        cutoff          53187.0000    53059.7543   451193    0.24%  x(c43_1_c54_1) U   9643    733     46
   9913  3522    53128.3501   134    53187.0000    53061.3008   462886    0.24%  x(c74_3_c60_3) U   9913   7731     49
Elapsed time = 98.62 sec. (190991.60 ticks, tree = 19.08 MB, solutions = 3)
  10171  3521    53170.1580   158    53187.0000    53062.7175   475444    0.23%  x(c83_3_c15_3) U  10171   7135     35
  10465  3600    53146.3285   183    53187.0000    53063.8256   485730    0.23%  x(c79_1_c37_1) U  10465  10085    119
  10746  3684    53066.3528   285    53187.0000    53064.9401   496270    0.23%  x(c36_3_c41_3) D  10746  10745     60
  11097  3917    53166.2446   265    53187.0000    53065.7015   505492    0.23%  x(c92_3_c36_3) U  11097   7833     46
  11414  4053    53066.5571   221    53187.0000    53066.4913   515541    0.23%  x(c56_1_c80_1) D  11414  11413     39
  11683  4080        cutoff          53187.0000    53067.5899   527621    0.22%  x(c60_1_c58_1) U  11683  10531     23
  11975  4140    53150.2195   222    53187.0000    53068.4849   538835    0.22%  x(c51_3_c48_3) N  11975  11071     77
  12337  4348    53122.2860   322    53187.0000    53069.1639   549027    0.22%  x(c64_3_c83_3) U  12337  10783     24
  12683  4498    53085.9091   239    53187.0000    53069.7414   558620    0.22%  x(c58_1_c43_1) D  12683  12681     18
  12949  4568        cutoff          53187.0000    53070.5556   570963    0.22%  x(c58_1_c89_1) U  12949  11978     70
Elapsed time = 118.13 sec. (229331.94 ticks, tree = 24.32 MB, solutions = 3)
  13000  4575    53147.9785   206    53187.0000    53070.7378   573586    0.22%  x(c61_1_c46_1) D  13000  12999     55
  13293  4658    53147.9671   226    53187.0000    53071.5851   584793    0.22%  x(c46_1_c12_1) D  13293   4119    107
  13591  4711    53097.5627   176    53187.0000    53072.4672   595552    0.22%  x(c75_3_c26_3) U  13591  13589     58
  13886  4759    53183.2620   167    53187.0000    53073.4407   605713    0.21%   x(c33_3_c4_3) U  13886  12767     63
  14184  4844    53074.4584   225    53187.0000    53074.2594   616891    0.21%  x(c48_3_c51_3) D  14184  14183     64
  14488  4917        cutoff          53187.0000    53075.0932   627267    0.21%   x(c48_3_c2_3) U  14488  12848     80
  14771  4914        cutoff          53187.0000    53076.1014   637578    0.21%  x(c47_1_c22_1) U  14771  11742     66
  15050  4992        cutoff          53187.0000    53076.8114   647566    0.21%  x(c37_1_c80_1) U  15050  15048     42
  15382  5040        cutoff          53187.0000    53077.7666   657988    0.21%  x(c36_3_c19_3) U  15382  10802     43
  15706  5054        cutoff          53187.0000    53078.7527   668615    0.20%  x(c16_3_c19_3) U  15706  14951     42
Elapsed time = 138.45 sec. (270836.83 ticks, tree = 26.57 MB, solutions = 3)
  16030  5087    53079.8180   283    53187.0000    53079.7820   678966    0.20%   x(c36_3_c2_3) D  16030  16029     52
  16356  5137        cutoff          53187.0000    53080.8068   689645    0.20%  x(c87_3_c83_3) U  16356  15936     76
  16714  5225        cutoff          53187.0000    53081.8588   698844    0.20%   x(c36_3_c2_3) U  16714  11051     57
  17087  5339        cutoff          53187.0000    53082.6963   708212    0.20%  x(c56_3_c26_3) U  17087  13330     58
  17447  5532        cutoff          53187.0000    53083.2849   717845    0.20%  x(c37_1_c54_1) U  17447   1750     94
  17767  5605        cutoff          53187.0000    53084.0872   728620    0.19%   x(c36_3_c2_3) U  17767  16363     61
  18139  5720        cutoff          53187.0000    53084.7843   737588    0.19%  x(c45_3_c55_3) U  18139   6715    127
  18437  5796        cutoff          53187.0000    53085.4361   748123    0.19%  x(c27_1_c12_1) U  18437  10173     80
  18729  5842    53086.4171   144    53187.0000    53086.1758   758841    0.19%  x(c15_1_c83_1) D  18729  18728     82
  19058  5898    53087.5489   173    53187.0000    53086.9392   768656    0.19%  x(c36_3_c17_3) D  19058  19057     47
Elapsed time = 157.38 sec. (309086.98 ticks, tree = 30.81 MB, solutions = 3)
  19430  6020    53087.9368   237    53187.0000    53087.7469   778356    0.19%  x(c36_1_c92_1) N  19430  19007     44
  19783  6146    53089.2725   192    53187.0000    53088.3959   787911    0.19%  x(c79_1_c37_1) D  19783   5024    121
  20000  6163    53090.5579   269    53187.0000    53088.9505   795218    0.18%  x(c92_3_c17_3) D  20000  19999     69
  20355  6293    53165.6987   231    53187.0000    53089.5933   805558    0.18%  x(c74_3_c60_3) U  20355  20353     69
  20658  6336        cutoff          53187.0000    53090.2064   816181    0.18%  x(c37_1_c46_1) U  20658  20656     78
  20989  6421        cutoff          53187.0000    53090.8437   826867    0.18%  x(c58_3_c60_3) U  20989  10331     51
  21306  6520        cutoff          53187.0000    53091.4364   837173    0.18%  x(c12_1_c46_1) U  21306  20096     44
  21646  6582    53092.0701   173    53187.0000    53092.0704   847341    0.18%  x(c14_1_c89_1) N  21646  21053     85
  21952  6606        cutoff          53187.0000    53092.7966   857793    0.18%  x(c14_1_c89_1) U  21952  11862    102
  22280  6710        cutoff          53187.0000    53093.5000   867451    0.18%  x(c64_3_c15_3) U  22280  13778     79
Elapsed time = 178.96 sec. (353259.50 ticks, tree = 34.99 MB, solutions = 3)
  22604  6785        cutoff          53187.0000    53094.2330   876497    0.17%  x(c35_3_c60_3) U  22604  18338     44
  22934  6760    53167.7982   177    53187.0000    53095.1836   886632    0.17%  x(c48_3_c51_3) U  22934  19439     54
  23283  6813    53133.5518   132    53187.0000    53096.0139   896982    0.17%  x(c43_3_c54_3) U  23283  20837     38
  23652  6987        cutoff          53187.0000    53096.5168   905990    0.17%  x(c74_3_c43_3) U  23652  21421     66
  24010  7142    53122.9352   168    53187.0000    53097.1441   914745    0.17%  x(c22_1_c88_1) U  24010  23631     34
  24400  7285    53098.4931   165    53187.0000    53097.7252   923389    0.17%  x(c88_3_c65_3) U  24400  24399     62
  24763  7385        cutoff          53187.0000    53098.2896   933080    0.17%  x(c36_1_c96_1) U  24763  24761     81
  25086  7428        cutoff          53187.0000    53098.8343   942775    0.17%   x(c41_3_c2_3) U  25086  23795     41
  25397  7486    53100.0726   251    53187.0000    53099.3474   952866    0.16%  x(c43_3_c58_3) D  25397  25396     79
  25717  7468        cutoff          53187.0000    53100.0772   962729    0.16%  x(c54_1_c43_1) U  25717  22736     12
Elapsed time = 197.62 sec. (391543.43 ticks, tree = 38.89 MB, solutions = 3)
  26070  7555    53131.9805   172    53187.0000    53100.6284   972384    0.16%  x(c81_1_c47_1) U  26070  25332     53
  26403  7617    53179.1037   160    53187.0000    53101.1888   982103    0.16%  x(c25_1_c80_1) U  26403  26401     39
  26752  7673    53102.0908   157    53187.0000    53101.8002   991545    0.16%  x(c36_3_c41_3) D  26752  26751     24
  27123  7791    53102.9839   208    53187.0000    53102.4235  1001225    0.16%  x(c80_1_c37_1) D  27123  27122     35
  27441  7856    53121.2500   219    53187.0000    53103.0000  1012257    0.16%  x(c72_1_c80_1) U  27441  27439     21
  27780  7888        cutoff          53187.0000    53103.6846  1021995    0.16%  x(c36_3_c41_3) U  27780  24996     66
  28114  7985    53110.4333   225    53187.0000    53104.2683  1029995    0.16%   x(c17_3_c2_3) N  28114  24047     13
  28450  8057    53104.9052   174    53187.0000    53104.8952  1039046    0.15%  x(c45_3_c17_3) D  28450  28449     66
  28787  8095    53164.5096   203    53187.0000    53105.5393  1049722    0.15%  x(c46_1_c12_1) N  28787  26591     96
  29090  8076    53182.2087   158    53187.0000    53106.3002  1059239    0.15%  x(c51_3_c48_3) U  29090  26949     59
Elapsed time = 216.09 sec. (429817.83 ticks, tree = 42.03 MB, solutions = 3)
  29430  8119    53107.0897   124    53187.0000    53107.0298  1067738    0.15%   x(c5_3_c26_3) N  29430  29429     27
  29793  8191        cutoff          53187.0000    53107.6701  1076782    0.15%   x(c48_3_c2_3) U  29793  26927     66
  30000  8228    53108.4620   169    53187.0000    53108.0130  1081694    0.15%  x(c81_1_c47_1) D  30000  29999     64
  30340  8274    53108.7844   221    53187.0000    53108.5607  1091837    0.15%  x(c58_1_c25_1) D  30340  30339     79
  30674  8301    53129.2069   122    53187.0000    53109.1375  1101762    0.15%  x(c61_1_c12_1) D  30674  29044     67
  31048  8434    53109.5307   122    53187.0000    53109.5312  1111176    0.15%  x(c15_1_c82_1) D  31048  17734     43
  31439  8554    53110.6745   223    53187.0000    53110.0000  1119880    0.14%  x(c72_1_c25_1) D  31439  31438     38
  31833  8683    53110.7897   239    53187.0000    53110.4949  1128908    0.14%  x(c15_1_c82_1) D  31833  31832     75
  32208  8812    53111.9776   166    53187.0000    53110.8747  1138355    0.14%  x(c79_1_c37_1) N  32208  32207     97
  32489  8821    53111.6006   151    53187.0000    53111.3641  1148256    0.14%  x(c48_3_c51_3) D  32489  32488     41
Elapsed time = 237.32 sec. (475186.26 ticks, tree = 46.11 MB, solutions = 3)
  32827  8907    53162.9525   170    53187.0000    53111.8220  1158678    0.14%  x(c92_1_c36_1) U  32827  32198     88
  33148  8956    53112.6127   139    53187.0000    53112.3472  1168664    0.14%  x(c88_1_c72_1) D  33148  33147     36
  33512  9060    53113.4634   280    53187.0000    53112.7861  1178323    0.14%  x(c37_1_c79_1) D  33512  33511     77
  33871  9126        cutoff          53187.0000    53113.2784  1188199    0.14%  x(c12_1_c46_1) U  33871  33310     49
  34240  9232    53113.9779   209    53187.0000    53113.6840  1197925    0.14%   x(c41_3_c2_3) D  34240  34239     45
  34610  9264    53141.2103   206    53187.0000    53114.2017  1207486    0.14%  x(c72_1_c25_1) U  34610  33939     40
  34946  9347    53114.6666   190    53187.0000    53114.6080  1217636    0.14%  x(c16_3_c41_3) D  34946  34945     37
  35280  9390    53181.9007   153    53187.0000    53115.0950  1227480    0.14%  x(c70_1_c10_1) N  35280  35067     39
  35667  9457    53166.3800   168    53187.0000    53115.5053  1235854    0.13%  x(c36_1_c92_1) N  35667  34939     97
  36013  9490        cutoff          53187.0000    53115.9791  1245433    0.13%  x(c45_3_c41_3) U  36013  33272     26
Elapsed time = 255.64 sec. (513458.10 ticks, tree = 49.58 MB, solutions = 3)
  36333  9499    53116.5233   128    53187.0000    53116.5081  1255477    0.13%  x(c81_3_c75_3) D  36333  20965     43
  36629  9469    infeasible          53187.0000    53117.0813  1266155    0.13%  x(c54_3_c88_3) D  36629  35896     56
  37046  9541        cutoff          53187.0000    53117.6202  1276073    0.13%  x(c74_3_c43_3) U  37046  15755     78
  37396  9527    53182.4195   202    53187.0000    53118.1645  1287036    0.13%  x(c88_3_c55_3) U  37396  37394     29
  37815  9610        cutoff          53187.0000    53118.6611  1297042    0.13%  x(c41_3_c36_3) U  37815  30662     80
  38181  9665    53161.5557   142    53187.0000    53119.1354  1307668    0.13%  x(c43_3_c54_3) N  38181  37401     35
  38560  9733    53119.6229   236    53187.0000    53119.6103  1317892    0.13%  x(c83_3_c15_3) D  38560  38559     36
  38964  9804        cutoff          53187.0000    53120.1365  1328088    0.13%  x(c56_3_c75_3) U  38964  38514     67
  39356  9878    53125.5104   148    53187.0000    53120.5724  1338322    0.12%   x(c5_3_c26_3) U  39356  38863     23
  39744  9923    53121.9747   198    53187.0000    53121.0849  1347997    0.12%  x(c45_3_c19_3) D  39744  39743     81
Elapsed time = 274.28 sec. (551666.47 ticks, tree = 51.66 MB, solutions = 3)
  40127  9956    53124.3246   170    53187.0000    53121.5761  1358200    0.12%  x(c83_1_c15_1) D  40127  40126    130
  40480  9969    53122.1987   144    53187.0000    53122.1402  1368111    0.12%  x(c75_3_c26_3) N  40480  39846     58
  40933 10140    53122.6247   152    53187.0000    53122.5197  1377211    0.12%  x(c36_3_c17_3) D  40933  40932     66
  41308 10186        cutoff          53187.0000    53122.9859  1387508    0.12%  x(c22_1_c54_1) U  41308  40936     70
  41730 10323        cutoff          53187.0000    53123.3813  1397999    0.12%  x(c36_3_c41_3) U  41730  41357     26
  42181 10447    53124.4284   150    53187.0000    53123.7831  1406800    0.12%  x(c80_1_c37_1) D  42181  42180     42
  42584 10514    53175.4204   248    53187.0000    53124.2349  1417016    0.12%  x(c92_1_c36_1) U  42584  41500     42
  42966 10570        cutoff          53187.0000    53124.6660  1427007    0.12%  x(c47_1_c81_1) U  42966  22274    102
  43000 10584    53124.7946   160    53187.0000    53124.6877  1427913    0.12%  x(c57_3_c58_3) D  43000  42999     58
  43397 10608    53173.3855   141    53187.0000    53125.1871  1436658    0.12%  x(c92_1_c36_1) N  43397  39856     38
Elapsed time = 294.81 sec. (595095.98 ticks, tree = 55.21 MB, solutions = 3)
  43800 10676        cutoff          53187.0000    53125.6513  1446246    0.12%   x(c17_3_c2_3) U  43800  41326     25
  44174 10727    53126.3272   269    53187.0000    53126.0810  1456098    0.11%  x(c88_3_c65_3) U  44174  44173     51
  44600 10834    53127.0656   157    53187.0000    53126.4945  1465166    0.11%  x(c36_3_c19_3) D  44600  44599     40
  45026 10920        cutoff          53187.0000    53126.8718  1474731    0.11%  x(c88_3_c55_3) U  45026  43253     38
  45400 10944        cutoff          53187.0000    53127.3560  1484793    0.11%  x(c54_1_c22_1) U  45400  45398     75
  45760 10923    53128.1876   148    53187.0000    53127.8184  1495075    0.11%  x(c75_3_c62_3) D  45760  27370     34
  46168 10977    53128.3035   265    53187.0000    53128.2518  1503864    0.11%  x(c60_3_c43_3) N  46168  44034     41
  46574 11027        cutoff          53187.0000    53128.6141  1513404    0.11%  x(c74_3_c43_3) U  46574   7283     48
  46981 11043        cutoff          53187.0000    53129.0493  1522764    0.11%  x(c74_3_c60_3) U  46981  39136     42
  47388 11054    53130.3422   246    53187.0000    53129.5000  1532102    0.11%  x(c45_3_c19_3) D  47388  47387     92
Elapsed time = 312.96 sec. (633313.40 ticks, tree = 57.45 MB, solutions = 3)
  47802 11042    53131.1496   142    53187.0000    53129.9915  1541157    0.11%  x(c41_3_c31_3) D  47802  47801     57
  48221 11087        cutoff          53187.0000    53130.4406  1550842    0.11%  x(c18_1_c36_1) U  48221  43779     45
  48582 11045    53149.2579   174    53187.0000    53130.9367  1560510    0.11%  x(c54_3_c43_3) N  48582  31163     42
  48951 11085        cutoff          53187.0000    53131.3520  1570463    0.10%  x(c34_3_c58_3) U  48951  46050     56
  49323 11081    53132.1544   229    53187.0000    53131.8642  1578847    0.10%  x(c58_1_c25_1) N  49323  49322     64
  49737 11138        cutoff          53187.0000    53132.3532  1588228    0.10%  x(c43_3_c84_3) U  49737  21962     57
  50125 11191    53166.5000   201    53187.0000    53132.8079  1598213    0.10%  x(c58_1_c94_1) D  50125  44422     19
  50496 11195    53136.3957   161    53187.0000    53133.2855  1607602    0.10%  x(c92_3_c36_3) D  50496  47853     55
  50936 11275    53174.6787   181    53187.0000    53133.7009  1615958    0.10%  x(c47_1_c81_1) U  50936  49513     40
  51339 11263    53137.7000   267    53187.0000    53134.1692  1625662    0.10%  x(c51_3_c82_3) N  51339   1247     36
Elapsed time = 331.05 sec. (671550.93 ticks, tree = 58.65 MB, solutions = 3)
  51730 11292    53174.8156   161    53187.0000    53134.6649  1635461    0.10%  x(c43_3_c54_3) U  51730  40258     68
  52081 11265    53157.0225   125    53187.0000    53135.2714  1643618    0.10%  x(c26_3_c75_3) U  52081  50398     23
  52512 11291    53138.2852   148    53187.0000    53135.7679  1652410    0.10%  x(c41_3_c31_3) D  52512  51216     43
  52897 11304    53138.4657   148    53187.0000    53136.2143  1661609    0.10%   x(c45_3_c2_3) D  52897  51885     30
  53310 11327    53184.5829   188    53187.0000    53136.6708  1670806    0.09%  x(c83_3_c64_3) N  53310  45417     37
  53706 11355        cutoff          53187.0000    53137.1230  1680018    0.09%  x(c92_3_c36_3) U  53706  50813     44
  54119 11398        cutoff          53187.0000    53137.5892  1688943    0.09%  x(c81_3_c75_3) U  54119  41243     63
  54495 11322    53138.1503   166    53187.0000    53138.1412  1697771    0.09%  x(c26_3_c75_3) N  54495  54494     32
  54899 11342        cutoff          53187.0000    53138.6274  1706064    0.09%   x(c41_3_c2_3) U  54899  21614     63
  55300 11353    53140.7920   157    53187.0000    53139.0535  1715821    0.09%  x(c48_3_c64_3) N  55300   3274     90
Elapsed time = 348.66 sec. (709806.04 ticks, tree = 59.16 MB, solutions = 3)
  55705 11409        cutoff          53187.0000    53139.5122  1723888    0.09%  x(c10_1_c70_1) U  55705  55546     32
  56000 11432    53139.9940   199    53187.0000    53139.8812  1731177    0.09%  x(c16_3_c92_3) D  56000  55999     70
  56398 11481    53140.2804   174    53187.0000    53140.2775  1740335    0.09%  x(c82_1_c15_1) N  56398  24150     44
  56828 11504    53161.6306   193    53187.0000    53140.7261  1748147    0.09%  x(c87_1_c89_1) N  56828  52215     64
  57222 11505    53150.6440   134    53187.0000    53141.1828  1757032    0.09%  x(c27_1_c94_1) D  57222  49604     45
  57649 11561        cutoff          53187.0000    53141.6230  1765070    0.09%  x(c22_1_c54_1) U  57649  49092     65
  58045 11536    53151.9276   181    53187.0000    53142.1060  1773667    0.08%  x(c84_3_c60_3) N  58045  54192     67
  58438 11565        cutoff          53187.0000    53142.5191  1783218    0.08%  x(c74_3_c60_3) U  58438  55933     54
  58828 11548        cutoff          53187.0000    53142.9509  1791336    0.08%   x(c26_3_c5_3) U  58828  34298     46
  59206 11528        cutoff          53187.0000    53143.3545  1799225    0.08%  x(c88_3_c65_3) D  59206  50520     63
Elapsed time = 367.73 sec. (751615.84 ticks, tree = 60.11 MB, solutions = 3)
  59601 11528    53146.7870   186    53187.0000    53143.7921  1807585    0.08%  x(c75_3_c20_3) N  59601  59600     50
  59997 11531    53144.3176   188    53187.0000    53144.1809  1816825    0.08%   x(c33_3_c4_3) D  59997  59996     66
  60405 11547    53177.2544   246    53187.0000    53144.6496  1825513    0.08%  x(c80_1_c37_1) N  60405  57299     32
  60823 11588        cutoff          53187.0000    53145.0242  1833746    0.08%  x(c36_1_c96_1) U  60823  58083     63
  61234 11605    53149.9783   144    53187.0000    53145.3879  1841967    0.08%  x(c56_3_c67_3) U  61234  59632     55
  61696 11642    53179.4304   202    53187.0000    53145.8100  1850097    0.08%  x(c84_3_c74_3) D  61696  52902    111
  62113 11609        cutoff          53187.0000    53146.2457  1858283    0.08%  x(c67_3_c68_3) U  62113  62111    120
  62537 11632    53180.1177   164    53187.0000    53146.6634  1866289    0.08%  x(c17_3_c45_3) N  62537  38575     52
  62929 11614    53147.2375   153    53187.0000    53147.0578  1875041    0.08%  x(c22_1_c88_1) U  62929  62871     35
  63345 11636        cutoff          53187.0000    53147.4372  1883341    0.07%  x(c82_1_c15_1) U  63345  10920     57
Elapsed time = 384.98 sec. (789831.98 ticks, tree = 60.72 MB, solutions = 3)
  63763 11633        cutoff          53187.0000    53147.8399  1890846    0.07%   x(c82_1_c2_1) U  63763  33580     68
  64141 11595    53148.2300   203    53187.0000    53148.2311  1898689    0.07%  x(c67_3_c49_3) D  64141  62013     55
  64544 11614        cutoff          53187.0000    53148.6066  1906517    0.07%  x(c86_3_c20_3) U  64544  54762     35
  64950 11601    53149.3664   160    53187.0000    53149.0043  1914695    0.07%  x(c74_3_c57_3) D  64950  64949     24
  65356 11625    53149.8844   146    53187.0000    53149.3581  1922175    0.07%  x(c49_3_c20_3) D  65356  65355     36
  65766 11668    53151.4126   189    53187.0000    53149.6846  1930230    0.07%   x(c56_3_c5_3) U  65766  45314     21
  66000 11665    53150.1514   162    53187.0000    53149.9244  1934333    0.07%  x(c15_3_c83_3) N  66000  65999     29
  66389 11656    53150.2324   204    53187.0000    53150.2319  1941865    0.07%  x(c82_1_c15_1) D  66389  63997     93
  66778 11696    53156.6897   173    53187.0000    53150.5212  1951656    0.07%  x(c41_3_c36_3) D  66778  14820     68
  67154 11736    53150.8526   194    53187.0000    53150.8177  1961364    0.07%  x(c54_1_c37_1) D  67154  67153     65
Elapsed time = 404.87 sec. (833824.62 ticks, tree = 61.37 MB, solutions = 3)
  67481 11718    infeasible          53187.0000    53151.0925  1970436    0.07%   x(c4_3_c15_3) D  67481  65910     34
  67861 11696    53152.1246   128    53187.0000    53151.4220  1978957    0.07%  x(c22_1_c88_1) D  67861  66980     55
  68251 11667    53151.8010   204    53187.0000    53151.7887  1987593    0.07%  x(c58_1_c94_1) D  68251  67729     44
  68581 11649        cutoff          53187.0000    53152.1106  1996602    0.07%  x(c36_3_c41_3) U  68581  61929     62
  68993 11637    53152.4698   213    53187.0000    53152.4413  2005383    0.06%  x(c15_3_c64_3) N  68993  32368     70
  69377 11656    53156.4971   152    53187.0000    53152.7911  2014388    0.06%  x(c22_1_c88_1) D  69377  69375     65
  69762 11618        cutoff          53187.0000    53153.1760  2023042    0.06%  x(c70_1_c10_1) U  69762  69760     31
  70155 11613    53153.7741   130    53187.0000    53153.4846  2031643    0.06%  x(c22_1_c88_1) N  70155  70154     45
  70518 11633    53167.5195   128    53187.0000    53153.7659  2039572    0.06%  x(c25_1_c72_1) U  70518  68294     26
  70872 11620        cutoff          53187.0000    53154.0290  2049600    0.06%  x(c41_3_c19_3) D  70872  40057     75
Elapsed time = 422.17 sec. (872041.99 ticks, tree = 60.83 MB, solutions = 3)
  71231 11613        cutoff          53187.0000    53154.2726  2058233    0.06%   x(c26_3_c5_3) U  71231  60763     40
  71602 11613        cutoff          53187.0000    53154.5385  2067211    0.06%  x(c75_3_c20_3) D  71602  71561     45
  72011 11567    53155.3673   152    53187.0000    53154.8877  2074811    0.06%  x(c12_1_c61_1) N  72011  69644     23
  72363 11509        cutoff          53187.0000    53155.1845  2083698    0.06%  x(c37_1_c88_1) U  72363  62916     20
  72729 11474        cutoff          53187.0000    53155.5109  2092706    0.06%  x(c54_1_c72_1) U  72729  55449     93
  73095 11434    53155.8916   177    53187.0000    53155.8180  2101580    0.06%  x(c87_1_c83_1) N  73095  72115     65
  73479 11368        cutoff          53187.0000    53156.2264  2109235    0.06%  x(c54_1_c23_1) U  73479  73477     50
  73870 11314    53156.6572   157    53187.0000    53156.5538  2117744    0.06%  x(c82_1_c15_1) D  73870  73869     23
  74230 11243    53168.1448   159    53187.0000    53156.9060  2125820    0.06%   x(c8_3_c76_3) N  74230  74228     27
  74631 11168    53158.1580   268    53187.0000    53157.2858  2133936    0.06%  x(c81_3_c88_3) D  74631  74251     47
Elapsed time = 439.13 sec. (910251.08 ticks, tree = 58.54 MB, solutions = 3)
  74989 11105        cutoff          53187.0000    53157.5993  2142609    0.06%  x(c81_3_c75_3) U  74989  54018     31
  75371 11057    53160.7951   208    53187.0000    53157.9227  2150625    0.05%  x(c45_3_c19_3) D  75371  28182     56
  75771 11023        cutoff          53187.0000    53158.2715  2158842    0.05%  x(c10_1_c70_1) U  75771  75770     47
  76171 11039    53159.0456   181    53187.0000    53158.5609  2167338    0.05%  x(c41_3_c45_3) D  76171  76170     46
  76565 11001    53160.9589   166    53187.0000    53158.9315  2175294    0.05%  x(c88_1_c22_1) N  76565  51171     77
  76935 10917        cutoff          53187.0000    53159.3029  2182983    0.05%  x(c87_3_c43_3) U  76935  60836     17
  77334 10848    53182.2086   174    53187.0000    53159.6758  2190227    0.05%  x(c43_3_c58_3) N  77334  34291     48
  77692 10775        cutoff          53187.0000    53160.0010  2198570    0.05%  x(c50_3_c16_3) D  77692  54403     15
  78085 10736    53160.3553   134    53187.0000    53160.3491  2206109    0.05%  x(c54_3_c43_3) D  78085  49969     38
  78476 10666        cutoff          53187.0000    53160.6809  2213539    0.05%  x(c56_3_c75_3) U  78476  77108     48
Elapsed time = 455.96 sec. (948447.07 ticks, tree = 56.01 MB, solutions = 3)
  78868 10645        cutoff          53187.0000    53161.0752  2221214    0.05%  x(c51_1_c48_1) U  78868  78866     19
  79235 10610    infeasible          53187.0000    53161.3949  2228453    0.05%  x(c37_1_c80_1) D  79235  79234     34
  79600 10526    53161.6872   261    53187.0000    53161.6843  2235792    0.05%  x(c54_1_c23_1) N  79600  78675     48
  80000 10455    53162.0941   168    53187.0000    53162.0398  2242996    0.05%  x(c36_3_c17_3) N  80000  79999     49
  80397 10418    53163.7083   162    53187.0000    53162.3562  2251050    0.05%  x(c83_3_c15_3) D  80397  80396     43
  80798 10345    53163.3394   312    53187.0000    53162.6569  2258994    0.05%  x(c36_3_c41_3) D  80798  80796     33
  81166 10287        cutoff          53187.0000    53162.9552  2267026    0.05%  x(c51_3_c48_3) U  81166  54612     39
  81537 10215        cutoff          53187.0000    53163.2441  2274553    0.04%  x(c23_3_c65_3) U  81537  81232     39
  81922 10194    53169.6770   180    53187.0000    53163.5400  2282587    0.04%  x(c16_3_c42_3) D  81922  18176     63
  82267 10097    53163.9093   154    53187.0000    53163.9100  2289711    0.04%  x(c43_1_c54_1) N  82267  54334     86
Elapsed time = 476.43 sec. (995884.56 ticks, tree = 53.12 MB, solutions = 3)
  82635  9998    53164.4649   178    53187.0000    53164.2610  2297645    0.04%  x(c54_1_c43_1) N  82635  82634     39
  83040  9911    53166.0743   142    53187.0000    53164.6861  2305344    0.04%  x(c41_3_c48_3) D  83040  83039     55
  83414  9814    53165.2580   196    53187.0000    53165.0349  2311902    0.04%  x(c36_3_c41_3) D  83414  83413     53
  83798  9756        cutoff          53187.0000    53165.3538  2319477    0.04%  x(c87_1_c83_1) U  83798  41688     62
  84165  9681        cutoff          53187.0000    53165.6557  2326147    0.04%  x(c54_1_c43_1) U  84165  72093     40
  84553  9610    53166.3821   134    53187.0000    53166.0461  2332447    0.04%  x(c58_3_c34_3) N  84553  41372     40
  84944  9570        cutoff          53187.0000    53166.3682  2340265    0.04%  x(c33_3_c64_3) D  84944  82870     60
  85322  9492        cutoff          53187.0000    53166.6586  2347845    0.04%  x(c36_3_c17_3) U  85322  38537     45
  85706  9388    53174.5021   180    53187.0000    53167.0000  2354266    0.04%  x(c26_3_c62_3) U  85706  85705     26
  86070  9283        cutoff          53187.0000    53167.3197  2362128    0.04%  x(c83_3_c64_3) U  86070  65033     37
Elapsed time = 492.73 sec. (1034105.44 ticks, tree = 48.97 MB, solutions = 3)
  86474  9196        cutoff          53187.0000    53167.6479  2369311    0.04%  x(c57_3_c34_3) U  86474  80217     19
  86847  9092    53168.0009   138    53187.0000    53167.9473  2376653    0.04%  x(c54_3_c43_3) D  86847  86846     43
  87248  8962    53178.2224   170    53187.0000    53168.3235  2383609    0.04%  x(c22_1_c88_1) U  87248  79691     44
  87660  8876        cutoff          53187.0000    53168.6524  2390684    0.03%  x(c83_3_c15_3) U  87660  87060     28
  88080  8788    53169.0000   240    53187.0000    53169.0000  2398524    0.03%  x(c37_1_c80_1) N  88080  32295     22
  88447  8728    53170.0625    27    53187.0000    53169.3201  2406638    0.03%  x(c87_1_c89_1) D  88447  12907     53
  88848  8601        cutoff          53187.0000    53169.6838  2413528    0.03%  x(c67_3_c49_3) U  88848  82270     89
  89242  8490    53170.0595   156    53187.0000    53170.0410  2421244    0.03%  x(c56_3_c67_3) N  89242  88626     39
  89628  8391    53174.8797   141    53187.0000    53170.3897  2428637    0.03%  x(c38_3_c49_3) N  89628  89070     41
  89995  8300    53170.9718   158    53187.0000    53170.7264  2436116    0.03%  x(c81_1_c47_1) N  89995  78935     45
Elapsed time = 509.02 sec. (1072340.83 ticks, tree = 43.86 MB, solutions = 3)
  90362  8165        cutoff          53187.0000    53171.0404  2443656    0.03%  x(c74_3_c58_3) U  90362  38950     84
  90782  8084    53171.4500   194    53187.0000    53171.3830  2450959    0.03%  x(c18_1_c36_1) D  90782  90781     34
  91149  8007    53172.7674   128    53187.0000    53171.6754  2458010    0.03%  x(c94_3_c60_3) N  91149  75803     55
  91573  7904        cutoff          53187.0000    53172.0250  2465412    0.03%  x(c58_3_c34_3) U  91573  90272     33
  91982  7763        cutoff          53187.0000    53172.3644  2473062    0.03%  x(c84_3_c74_3) U  91982  76704     60
  92375  7620        cutoff          53187.0000    53172.6489  2479537    0.03%  x(c42_3_c16_3) U  92375  80746     41
  92778  7463    53173.9243   146    53187.0000    53173.0102  2486251    0.03%  x(c41_3_c45_3) N  92778  92359     43
  93175  7360    53180.3120   214    53187.0000    53173.3426  2494244    0.03%  x(c50_3_c16_3) N  93175   2449     57
  93576  7227    53173.6512   172    53187.0000    53173.6519  2501167    0.03%  x(c89_1_c14_1) N  93576  93305     43
  93986  7069    53175.4169   183    53187.0000    53174.0459  2507463    0.02%  x(c38_3_c49_3) N  93986  54043     17
Elapsed time = 525.16 sec. (1110540.26 ticks, tree = 37.45 MB, solutions = 3)
  94380  6913    53174.4751   185    53187.0000    53174.3904  2514365    0.02%  x(c74_3_c60_3) N  94380  87135     50
  94768  6783        cutoff          53187.0000    53174.7453  2521149    0.02%  x(c54_3_c43_3) U  94768  80126     38
  95173  6610        cutoff          53187.0000    53175.1089  2528114    0.02%  x(c88_3_c65_3) D  95173  87797     59
  95537  6491    53176.5080   134    53187.0000    53175.3927  2535722    0.02%   x(c26_3_c5_3) N  95537  91482     26
  95912  6352        cutoff          53187.0000    53175.7406  2542235    0.02%  x(c36_3_c16_3) U  95912  78334     77
  96300  6192    53185.3592   212    53187.0000    53176.0428  2548745    0.02%  x(c92_3_c36_3) N  96300  39590     18
  96706  6042    53177.4609   148    53187.0000    53176.4053  2555047    0.02%   x(c4_3_c15_3) N  96706  96705     40
  97109  5881    53177.4592   181    53187.0000    53176.7581  2561285    0.02%  x(c36_3_c92_3) D  97109  97108     60
  97514  5743    53179.4046   153    53187.0000    53177.1184  2567723    0.02%  x(c22_1_c54_1) N  97514  97513     59
  97903  5589    53177.4692   134    53187.0000    53177.4635  2573950    0.02%  x(c58_3_c34_3) N  97903  90897     31
Elapsed time = 540.92 sec. (1148758.94 ticks, tree = 29.72 MB, solutions = 3)
  98272  5441    53178.3240   158    53187.0000    53177.7683  2580342    0.02%  x(c74_3_c43_3) N  98272  97658     21
  98667  5255    53178.7251   170    53187.0000    53178.1590  2586390    0.02%  x(c64_3_c15_3) D  98667  15574     71
  99066  5049    53181.3455   153    53187.0000    53178.5054  2593089    0.02%   x(c17_3_c2_3) N  99066  98316     93
  99448  4887    53178.8950   163    53187.0000    53178.8535  2599744    0.02%  x(c75_3_c26_3) N  99448  53404     36
  99878  4663    53179.6105   201    53187.0000    53179.2504  2605753    0.01%  x(c74_3_c60_3) D  99878  99877     60
 100267  4476        cutoff          53187.0000    53179.5549  2611566    0.01%  x(c83_3_c64_3) U 100267  78015     40
 100650  4294    53181.1721   193    53187.0000    53179.8953  2617370    0.01%  x(c67_3_c68_3) N 100650  97812     94
 101025  4101        cutoff          53187.0000    53180.2752  2623333    0.01%  x(c82_3_c15_3) U 101025  49382    100
 101402  3937    53180.7753   130    53187.0000    53180.5964  2629665    0.01%   x(c17_3_c2_3) N 101402 101401     31
 101785  3720    53181.1807   152    53187.0000    53180.9355  2635398    0.01%  x(c82_1_c15_1) N 101785  71933     27
Elapsed time = 556.34 sec. (1186957.28 ticks, tree = 20.13 MB, solutions = 3)
 102174  3506        cutoff          53187.0000    53181.2783  2641295    0.01%  x(c92_3_c36_3) U 102174  68371     37
 102556  3287    53181.6986   168    53187.0000    53181.5921  2647214    0.01%  x(c45_3_c17_3) N 102556 101823     62

Clique cuts applied:  28
Cover cuts applied:  90
Flow cuts applied:  21
Mixed integer rounding cuts applied:  21
Zero-half cuts applied:  14
Gomory fractional cuts applied:  3
User cuts applied:  683

Root node processing (before b&c):
  Real time             =    2.96 sec. (6899.31 ticks)
Sequential b&c:
  Real time             =  556.68 sec. (1192446.04 ticks)
                          ------------
Total (root+branch&cut) =  559.64 sec. (1199345.34 ticks)

