- Starting heuristic -

Exact TSP
x  TSP Iteration:       0  18922  88533
* 2OPT Iteration:       0  18481  87400
* BPER Iteration:       0  18481  87226
------ Iteration:       0  18481  87226
* 2OPT Iteration:      25  18543  86789
* BPER Iteration:      25  18543  86234
* APER Iteration:      25  18237  85928
* APER Iteration:      50  18193  85884
* APER Iteration:      75  18193  85878
* APER Iteration:     100  18193  85876
------ Iteration:     100  18193  85876
* APER Iteration:     125  18079  85618
------ Iteration:     200  18079  85618
------ Iteration:     300  18079  85618

Exact Precedences TSP
* 2OPT Iteration:       0  18341  86202
* BPER Iteration:       0  18021  85882
* 2OPT Iteration:       1  18054  83840
* BPER Iteration:       1  18054  83670
* 2OPT Iteration:       2  17927  83634
* BPER Iteration:       2  17927  83632
* 2OPT Iteration:       4  18452  85341
* APER Iteration:       4  18452  85318
Feasible solution found

