- Starting heuristic -

Exact TSP
   TSP Iteration:       0    518
------ Iteration:       0    518
   TSP Iteration:       1    511
------ Iteration:     100    511
   TSP Iteration:     164    510
   TSP Iteration:     176    504
------ Iteration:     200    504
-  TSP Iteration:     257    485   2305
* BPER Iteration:     257    485   2296
* APER Iteration:     275    478   2289
* APER Iteration:     300    475   2286
------ Iteration:     300    475   2286
* APER Iteration:     325    475   2284
* APER Iteration:     350    470   2277
------ Iteration:     400    470   2277
------ Iteration:     500    470   2277

Exact Precedences TSP
* 2OPT Iteration:       0    474   2239
* BPER Iteration:       0    474   2233
* APER Iteration:       1    486   2243
* 2OPT Iteration:       2    484   2266
* BPER Iteration:       2    484   2261
* 2OPT Iteration:       3    484   2278
* BPER Iteration:       3    484   2275
* APER Iteration:       4    473   2258
Feasible solution found

