- Starting heuristic -

Exact TSP
x  TSP Iteration:       0    572   1676
* 2OPT Iteration:       0    569   1657
* BPER Iteration:       0    569   1652
------ Iteration:       0    569   1652
* APER Iteration:      25    569   1641
* APER Iteration:      50    567   1639
* APER Iteration:      75    567   1637
* APER Iteration:     100    564   1634
------ Iteration:     100    564   1634
* APER Iteration:     125    563   1633
* APER Iteration:     150    552   1622
------ Iteration:     200    552   1622
------ Iteration:     300    552   1622

Exact Precedences TSP
* 2OPT Iteration:       1    548   1603
* BPER Iteration:       1    548   1601
* 2OPT Iteration:       2    555   1627
* BPER Iteration:       2    555   1618
Feasible solution found

