Version identifier: 22.1.0.0 | 2022-03-09 | 1a383f8ce
CPXPARAM_Preprocessing_Reduce                    1
CPXPARAM_Threads                                 1
CPXPARAM_Preprocessing_Reformulations            0
CPXPARAM_Emphasis_MIP                            2
CPXPARAM_TimeLimit                               7200
CPXPARAM_MIP_Tolerances_AbsMIPGap                0.5
CPXPARAM_MIP_Limits_TreeMemory                   26600
Legacy callback                                  BbLUID
         Disabling repeat represolve because of lazy constraint/incumbent callback.
1 of 1 MIP starts provided solutions.
MIP start 'm1' defined initial solution with objective 6876.0000.
Tried aggregator 1 time.
MIP Presolve modified 2978 coefficients.
Reduced MIP has 254 rows, 3100 columns, and 6200 nonzeros.
Reduced MIP has 3100 binaries, 0 generals, 0 SOSs, and 0 indicators.
Presolve time = 0.00 sec. (3.70 ticks)
Probing time = 0.00 sec. (2.70 ticks)
Clique table members: 254.
MIP emphasis: optimality.
MIP search method: traditional branch-and-cut.
Parallel mode: none, using 1 thread.
Root relaxation solution time = 0.00 sec. (1.90 ticks)

        Nodes                                         Cuts/
   Node  Left     Objective  IInf  Best Integer    Best Bound    ItCnt     Gap         Variable B NodeID Parent  Depth

*     0+    0                         6876.0000        0.0000           100.00%
      0     0     6587.5000    12     6876.0000     6379.0000      163    7.23%
      0     0     6645.0000    18     6876.0000      Cuts: 20      195    3.36%
      0     0     6719.3333    73     6876.0000      Cuts: 21      221    2.28%
      0     0     6729.2667   136     6876.0000      Cuts: 13      237    2.13%
      0     0     6740.3000   129     6876.0000      Cuts: 11      254    1.97%
      0     0     6745.5333   124     6876.0000      Cuts: 12      265    1.90%
      0     0     6748.2111   141     6876.0000      Cuts: 21      280    1.86%
      0     0     6750.3955   178     6876.0000  ZeroHalf: 10      293    1.83%
      0     0     6753.2667   169     6876.0000      Cuts: 13      315    1.78%
      0     0     6758.0000   119     6876.0000      Cuts: 13      330    1.72%
      0     0     6762.2000   162     6876.0000      Cuts: 16      358    1.66%
      0     0     6764.7976   188     6876.0000      Cuts: 12      373    1.62%
      0     0     6769.0000   152     6876.0000  ZeroHalf: 16      393    1.56%
      0     0     6769.9545   188     6876.0000  ZeroHalf: 11      408    1.54%
      0     0     6773.3162   157     6876.0000   ZeroHalf: 9      440    1.49%
      0     0     6775.8000    54     6876.0000      Cuts: 10      450    1.46%
      0     0     6780.4805   105     6876.0000       Cuts: 8      465    1.39%
      0     0     6781.5000    87     6876.0000      Cuts: 13      474    1.37%
      0     0     6784.0000    96     6876.0000      Cuts: 18      496    1.34%
      0     0     6785.7241   143     6876.0000      Cuts: 18      521    1.31%
      0     0     6786.7143   150     6876.0000      Cuts: 14      533    1.30%
      0     0     6787.6250   108     6876.0000       Cuts: 7      558    1.29%
      0     0     6788.4647   157     6876.0000      Cuts: 15      586    1.27%
      0     0     6788.6314   209     6876.0000       User: 9      605    1.27%
      0     0     6788.6314   196     6876.0000       User: 1      605    1.27%
      0     2     6788.6314   196     6876.0000     6788.8667      605    1.27%                        0             0
Elapsed time = 0.46 sec. (855.40 ticks, tree = 0.01 MB, solutions = 1)
     10    12     6807.4063   133     6876.0000     6792.6814      859    1.21%  x(c12_2_c11_2) D     10      9      7
     48    32     6797.4167    97     6876.0000     6797.5667     1255    1.14%  x(c18_1_c46_1) N     48      1      2
     76    55     6853.7500   101     6876.0000     6797.5667     1709    1.14%      x(c2_3_Om) U     76     74     26
    100    69     6818.7640   240     6876.0000     6803.7333     2306    1.05%   x(c6_1_c11_1) N    100     94      7
    136   103     6836.1667   134     6876.0000     6810.5625     3433    0.95%   x(c6_1_c33_1) N    136    134     14
    160   120     6833.0750   137     6876.0000     6815.6944     4507    0.88%      x(c6_1_Om) U    160    158     16
    199   153     6823.6407   190     6876.0000     6819.2839     5744    0.82%  x(c18_1_c33_1) U    199    127      8
    243   188     6822.0000   125     6876.0000     6821.5536     6866    0.79%   x(c6_1_c12_1) N    243    198     11
    299   229     6859.2778   171     6876.0000     6824.4271     8350    0.75%    x(c6_1_c8_1) U    299    128      9
    480   369     6833.7222   176     6876.0000     6831.3889    13542    0.65%  x(c12_1_c11_1) D    480    479     26
Elapsed time = 3.02 sec. (4047.84 ticks, tree = 2.95 MB, solutions = 1)
    672   487     6851.9333   156     6876.0000     6835.1500    18980    0.59%      x(c6_1_Om) U    672    670     17
    879   615     6843.8426   157     6876.0000     6838.1667    24456    0.55%  x(c18_4_c33_4) D    879    791      8
   1097   729     6843.7644   194     6876.0000     6841.2667    29794    0.51%   x(c6_1_c33_1) D   1097   1096      9
   1315   841     6849.2857   179     6876.0000     6843.1250    35078    0.48%  x(c26_5_c19_5) N   1315   1209     10
   1525   937     6850.3160   169     6876.0000     6845.0714    39886    0.45%  x(c45_1_c24_1) D   1525   1052     23
   1730  1022     6848.1111   135     6876.0000     6846.5278    44778    0.43%  x(c18_4_c22_4) D   1730   1414     23
   1950  1122     6848.6176   144     6876.0000     6847.5476    49582    0.41%  x(c40_5_c20_5) U   1950    748     13
   2171  1219     6864.8333    99     6876.0000     6848.6759    54583    0.40%  x(c27_2_c11_2) U   2171   1935     29
   2392  1331        cutoff           6876.0000     6849.5804    59956    0.38%      x(c6_1_Om) U   2392    797     20
   2595  1412     6858.9631   185     6876.0000     6850.5354    64931    0.37%  x(c12_2_c11_2) U   2595   2231     40
Elapsed time = 9.50 sec. (13617.28 ticks, tree = 15.38 MB, solutions = 1)
   2800  1478     6852.5702   162     6876.0000     6851.3750    69864    0.36%  x(c12_2_c11_2) D   2800   2626     19
   3029  1587     6862.2500   157     6876.0000     6852.1667    75120    0.35%  x(c40_5_c20_5) U   3029    672     18
   3223  1662     6871.5000   132     6876.0000     6852.8461    80066    0.34%  x(c18_3_c14_3) U   3223   3037     29
   3432  1731     6859.0000    72     6876.0000     6853.6667    84739    0.32%  x(c12_1_c11_1) U   3432   2531     21
   3629  1798     6867.7024   184     6876.0000     6854.2614    89559    0.32%  x(c26_5_c10_5) N   3629   2063     20
   3828  1873     6870.4182   178     6876.0000     6855.0000    94311    0.31%  x(c30_5_c10_5) U   3828   3827     26
   4017  1935        cutoff           6876.0000     6855.6111    98718    0.30%   x(c18_4_c8_4) U   4017   4015     36
   4201  1973     6869.8333   128     6876.0000     6856.2500   102823    0.29%      x(c6_1_Om) D   4201   2957     25
   4419  2030     6857.6807   203     6876.0000     6856.8636   106799    0.28%  x(c45_5_c40_5) N   4419   4418     28
   4644  2091     6857.6247   207     6876.0000     6857.5899   110639    0.27%  x(c42_1_c23_1) D   4644   3617     22
Elapsed time = 15.28 sec. (23186.47 ticks, tree = 25.30 MB, solutions = 1)
   4832  2128        cutoff           6876.0000     6858.2431   114446    0.26%  x(c12_2_c19_2) U   4832   4283     28
   5028  2179     6869.6667   119     6876.0000     6858.7667   118427    0.25%  x(c12_2_c11_2) U   5028   4771     20
   5203  2210     6859.5333   135     6876.0000     6859.2290   121836    0.24%  x(c26_5_c19_5) N   5203   2054     17
   5410  2256     6862.0625   129     6876.0000     6859.7454   125223    0.24%  x(c18_4_c45_4) D   5410   1227     16
   5599  2284     6863.8140   182     6876.0000     6860.2125   129032    0.23%  x(c12_2_c11_2) U   5599   4954     28
   5790  2325     6868.0533   186     6876.0000     6860.6875   132666    0.22%  x(c42_1_c43_1) D   5790   5178     32
   5991  2354     6861.5000   114     6876.0000     6861.1667   136314    0.22%  x(c18_4_c45_4) D   5991   5990     26
   6170  2386     6863.2552   180     6876.0000     6861.5667   139746    0.21%  x(c45_5_c11_5) D   6170   5617     25
   6363  2388     6863.0833   103     6876.0000     6862.0333   143005    0.20%  x(c27_2_c11_2) D   6363    705     33
   6557  2417     6866.9178   203     6876.0000     6862.4750   146337    0.20%  x(c45_1_c24_1) N   6557   6106     25
Elapsed time = 20.71 sec. (32767.97 ticks, tree = 31.62 MB, solutions = 1)
   6748  2439        cutoff           6876.0000     6862.7833   150062    0.19%  x(c42_1_c45_1) U   6748   5349     12
   6940  2460     6864.3125   177     6876.0000     6863.1714   153535    0.19%  x(c11_1_c33_1) D   6940   4440     21
   7133  2485     6868.5000    75     6876.0000     6863.5000   157003    0.18%  x(c26_4_c19_4) U   7133   7132     31
   7324  2475     6864.9832   204     6876.0000     6863.8750   160465    0.18%  x(c12_2_c19_2) N   7324   2815     19
   7521  2495     6866.0833   150     6876.0000     6864.2500   163581    0.17%   x(c18_1_c6_1) D   7521   2364     29
   7698  2515     6865.4241   197     6876.0000     6864.6285   166914    0.17%  x(c18_4_c21_4) D   7698   1699     22
   7884  2509     6865.0000     1     6876.0000     6865.0000   169521    0.16%     x(c11_2_Om) D   7884   7882     25
   7918  2515     6865.0000     1     6876.0000     6865.0000   169548    0.16%   x(c4_1_c28_1) U   7918   7917     45
   7948  2527     6865.0000     1     6876.0000     6865.0000   169579    0.16%   x(c4_3_c30_3) D   7948   7946     64
*  7959     0      integral     0     6865.0000     6865.0000   169601    0.00%

Cover cuts applied:  1
Zero-half cuts applied:  82
User cuts applied:  1402

Root node processing (before b&c):
  Real time             =    0.46 sec. (855.43 ticks)
Sequential b&c:
  Real time             =   24.75 sec. (40946.06 ticks)
                          ------------
Total (root+branch&cut) =   25.21 sec. (41801.48 ticks)

