Version identifier: 22.1.0.0 | 2022-03-09 | 1a383f8ce
CPXPARAM_Preprocessing_Reduce                    1
CPXPARAM_Threads                                 1
CPXPARAM_Preprocessing_Reformulations            0
CPXPARAM_Emphasis_MIP                            2
CPXPARAM_TimeLimit                               7200
CPXPARAM_MIP_Tolerances_AbsMIPGap                0.5
CPXPARAM_MIP_Limits_TreeMemory                   26600
Legacy callback                                  BbLUID
         Disabling repeat represolve because of lazy constraint/incumbent callback.
1 of 1 MIP starts provided solutions.
MIP start 'm1' defined initial solution with objective 30044.0000.
Tried aggregator 1 time.
MIP Presolve modified 5951 coefficients.
Reduced MIP has 359 rows, 6118 columns, and 18354 nonzeros.
Reduced MIP has 6118 binaries, 0 generals, 0 SOSs, and 0 indicators.
Presolve time = 0.01 sec. (16.06 ticks)
Probing time = 0.00 sec. (3.38 ticks)
Clique table members: 354.
MIP emphasis: optimality.
MIP search method: traditional branch-and-cut.
Parallel mode: none, using 1 thread.
Root relaxation solution time = 0.00 sec. (4.46 ticks)

        Nodes                                         Cuts/
   Node  Left     Objective  IInf  Best Integer    Best Bound    ItCnt     Gap         Variable B NodeID Parent  Depth

*     0+    0                        30044.0000        0.0000           100.00%
      0     0    28653.5000    24    30044.0000    23187.0000      236   22.82%
      0     0    29298.8333   108    30044.0000      Cuts: 21      268    2.48%
      0     0    29424.5000    56    30044.0000      Cuts: 21      299    2.06%
      0     0    29438.0000    79    30044.0000      Cuts: 13      310    2.02%
      0     0    29448.5333   104    30044.0000      Cuts: 20      318    1.98%
      0     0    29469.2222   161    30044.0000      Cuts: 26      349    1.91%
      0     0    29493.6569   229    30044.0000      Cuts: 14      387    1.83%
      0     0    29512.3014   248    30044.0000      Cuts: 18      429    1.77%
      0     0    29520.5958   142    30044.0000      Cuts: 14      451    1.74%
      0     0    29526.3531   209    30044.0000      Cuts: 13      469    1.72%
      0     0    29526.4642   213    30044.0000       Cuts: 6      473    1.72%
      0     0    29527.8492   261    30044.0000       Cuts: 2      489    1.72%
      0     2    29527.9444   261    30044.0000    29528.8111      489    1.71%                        0             0
Elapsed time = 0.48 sec. (717.83 ticks, tree = 0.01 MB, solutions = 1)
      6     8    29548.3478   204    30044.0000    29543.1667      580    1.67%   x(c6_2_c52_2) N      6      5      5
      9    11    29557.4018   143    30044.0000    29543.1667      688    1.67%   x(c2_1_c42_1) N      9      7      7
     15    17    29730.8296   186    30044.0000    29543.1667      786    1.67%  x(c32_2_c26_2) N     15     13     11
     21    23    29765.1488   146    30044.0000    29543.1667      970    1.67%   x(c4_4_c18_4) N     21     20     16
     34    36    29934.6111   165    30044.0000    29543.1667     1207    1.67%   x(c3_1_c42_1) D     34     33     26
     52    44    29573.9345   213    30044.0000    29543.6218     1489    1.67%   x(c42_3_c6_3) D     52     51      6
     66    58    29658.5545   174    30044.0000    29543.6218     1773    1.67%  x(c27_5_c26_5) N     66     64     16
     80    72    29707.6294   177    30044.0000    29543.6218     1948    1.67%  x(c25_5_c24_5) N     80     79     28
     88    78    29778.0000   128    30044.0000    29543.6218     2238    1.67%  x(c23_3_c20_3) N     88     86     33
    137   117    29636.3333   131    30044.0000    29564.0333     3441    1.60%  x(c28_5_c27_5) N    137    135     15
Elapsed time = 3.39 sec. (4047.08 ticks, tree = 0.97 MB, solutions = 1)
    186   165    30006.4679   189    30044.0000    29582.8500     5201    1.53%   x(c27_3_c6_3) N    186    176     12
    244   221    29617.9679   224    30044.0000    29594.9712     7129    1.49%   x(c6_2_c51_2) N    244    119      6
    308   285    29647.2755   207    30044.0000    29604.1591     9460    1.46%    x(c3_1_c4_1) U    308    241     15
    373   350    29614.6599   206    30044.0000    29611.6389    11826    1.44%  x(c45_2_c33_2) U    373    372     18
    424   400    29642.1237   207    30044.0000    29617.5121    13792    1.42%  x(c29_1_c27_1) D    424    342     18
    480   456    29638.9077   169    30044.0000    29622.2500    16033    1.40%  x(c28_5_c30_5) U    480    404     16
    543   518    29893.5000   139    30044.0000    29626.3800    18407    1.39%  x(c29_2_c53_2) N    543     67     18
    600   573    29633.5184   175    30044.0000    29629.1250    20650    1.38%  x(c47_3_c42_3) D    600    599     23
    650   623    29712.3529   133    30044.0000    29631.8019    22642    1.37%  x(c40_2_c11_2) U    650    648     29
    714   687    29704.0273   237    30044.0000    29633.3110    25179    1.37%  x(c28_5_c30_5) U    714    325     11
Elapsed time = 9.76 sec. (13823.60 ticks, tree = 7.89 MB, solutions = 1)
    764   737    29685.8774   261    30044.0000    29636.0000    27611    1.36%  x(c25_5_c24_5) N    764    557     20
    818   791    29652.3727   215    30044.0000    29638.0602    29975    1.35%    x(c3_1_c4_1) D    818    336     16
    867   840    29654.3744   202    30044.0000    29639.9750    32701    1.34%   x(c10_3_c6_3) D    867    235     15
    916   889    29651.3704   157    30044.0000    29642.1717    35481    1.34%  x(c29_1_c27_1) U    916    423     17
    969   941    29675.2222   138    30044.0000    29644.7237    38222    1.33%  x(c39_2_c45_2) N    969    412     26
   1029  1000    29661.5000   166    30044.0000    29646.6042    40353    1.32%  x(c28_5_c30_5) D   1029    649     30
   1078  1049    29673.3620   229    30044.0000    29648.3000    42817    1.32%  x(c35_5_c53_5) D   1078    147     14
   1136  1105    29756.2500   130    30044.0000    29650.2833    45465    1.31%   x(c40_2_c7_2) U   1136    456     19
   1192  1159    29885.1947   209    30044.0000    29651.6457    47892    1.31%  x(c18_5_c32_5) N   1192   1191     16
   1245  1212    29732.6667   129    30044.0000    29653.1852    50374    1.30%  x(c17_4_c24_4) U   1245    892     28
Elapsed time = 15.17 sec. (23525.79 ticks, tree = 15.98 MB, solutions = 1)
   1309  1276    29705.1106   183    30044.0000    29654.8519    52581    1.30%  x(c38_4_c37_4) N   1309    731     23
   1366  1333    29662.2542   175    30044.0000    29655.8056    54327    1.29%  x(c47_3_c46_3) D   1366   1365     30
   1426  1393    29659.1905   163    30044.0000    29657.0306    56646    1.29%     x(Op_c37_1) D   1426   1096     32
   1483  1450    29742.2262   155    30044.0000    29658.0000    58836    1.28%     x(Op_c23_3) U   1483    920     10
   1538  1505    29666.7143   166    30044.0000    29659.2000    61165    1.28%  x(c41_3_c22_3) D   1538    973     28
   1607  1574    29753.8080   184    30044.0000    29660.2500    63581    1.28%  x(c28_5_c30_5) U   1607   1385     32
   1666  1633    29666.1667   135    30044.0000    29661.3011    66026    1.27%  x(c22_2_c25_2) U   1666   1372     17
   1729  1696    29906.4375   229    30044.0000    29662.0000    68565    1.27%   x(c27_3_c7_3) U   1729    799     20
   1785  1752    29696.1430   232    30044.0000    29663.0643    70852    1.27%  x(c22_2_c25_2) D   1785   1462     24
   1840  1806    29685.1889   169    30044.0000    29664.0307    73008    1.26%  x(c22_5_c21_5) D   1840   1838     25
Elapsed time = 20.19 sec. (33196.77 ticks, tree = 25.70 MB, solutions = 1)
   1910  1876    29698.0749   177    30044.0000    29665.2200    75748    1.26%  x(c45_2_c33_2) D   1910   1908     22
   1970  1936    29704.5333   176    30044.0000    29665.6742    78158    1.26%  x(c39_3_c41_3) U   1970   1968     29
   2021  1987    29841.6000   161    30044.0000    29666.5195    80554    1.26%  x(c32_2_c28_2) U   2021   2019     20
   2097  2057    29716.0971   190    30044.0000    29666.8372    82433    1.26%  x(c22_5_c21_5) U   2097   2096     32
   2150  2110    29684.0000   162    30044.0000    29667.5000    84631    1.25%   x(c39_2_c5_2) D   2150   2149     22
   2185  2145    29824.9583   219    30044.0000    29667.9444    87166    1.25%  x(c32_2_c28_2) U   2185    457     12
   2233  2193    29678.5267   157    30044.0000    29668.5803    89416    1.25%   x(c39_2_c5_2) N   2233   2232     25
   2289  2249    29691.8874   220    30044.0000    29669.5515    91858    1.25%   x(c39_2_c5_2) U   2289   2287     24
   2338  2298    29688.8881   148    30044.0000    29670.3631    93995    1.24%   x(c5_2_c18_2) U   2338   1295     22
   2384  2344    29678.9040   233    30044.0000    29671.0833    96502    1.24%  x(c28_5_c30_5) D   2384   2105     19
Elapsed time = 25.32 sec. (42861.69 ticks, tree = 35.17 MB, solutions = 1)
   2432  2392    29683.6353   230    30044.0000    29671.5736    98813    1.24%  x(c15_2_c18_2) U   2432   1788     20
   2486  2446    29751.2989   238    30044.0000    29672.5000   101125    1.24%  x(c28_5_c30_5) N   2486    770     17
   2552  2512    29690.5563   202    30044.0000    29673.3846   103406    1.23%   x(c39_2_c5_2) U   2552   2550     21
   2607  2567    29927.3505   231    30044.0000    29673.9500   105531    1.23%   x(c35_5_c6_5) U   2607   1078     15
   2660  2620    29750.0455   201    30044.0000    29674.5040   107886    1.23%  x(c32_2_c22_2) D   2660   2658     19
   2713  2673    29676.6389   174    30044.0000    29675.3261   110370    1.23%  x(c38_4_c20_4) D   2713   1184     22
   2764  2724    29696.4762   192    30044.0000    29675.9667   112703    1.22%   x(c10_3_c6_3) N   2764    235     15
   2808  2768    29691.6272   174    30044.0000    29676.5333   114679    1.22%   x(c39_2_c5_2) U   2808   2806     28
   2862  2822    29888.3889   198    30044.0000    29677.0193   116740    1.22%  x(c29_1_c53_1) U   2862   1129     15
   2921  2881    29719.7690   197    30044.0000    29677.4722   119167    1.22%  x(c39_2_c45_2) U   2921   2919     21
Elapsed time = 30.07 sec. (52482.05 ticks, tree = 45.07 MB, solutions = 1)
   2975  2935    29769.9031   260    30044.0000    29678.0465   121565    1.22%  x(c39_2_c45_2) N   2975   2758     12
   3033  2993    29679.5385   159    30044.0000    29678.7222   123856    1.22%  x(c27_5_c37_5) D   3033   2396     41
   3093  3053    29693.6660   216    30044.0000    29679.3443   126485    1.21%   x(c5_2_c18_2) D   3093   1853     15
   3147  3107    29739.6125   200    30044.0000    29680.0707   128948    1.21%   x(c40_3_c7_3) U   3147   2430     10
   3202  3160    29753.0952   181    30044.0000    29680.7500   131221    1.21%  x(c32_2_c22_2) D   3202   2792     11
   3257  3215    29830.3810   169    30044.0000    29681.2925   133572    1.21%  x(c31_3_c23_3) U   3257   1506     24
   3310  3268    29739.5179   187    30044.0000    29681.7571   135880    1.21%  x(c35_5_c31_5) U   3310    486     14
   3361  3318    29703.5000   193    30044.0000    29682.3333   137996    1.20%  x(c52_1_c53_1) U   3361    972     12
   3410  3367    29716.3333    94    30044.0000    29682.8333   140560    1.20%  x(c22_2_c25_2) D   3410   2519     29
   3469  3426    29721.6111   207    30044.0000    29683.3362   142862    1.20%  x(c38_4_c37_4) D   3469   3467     23
Elapsed time = 35.04 sec. (62094.04 ticks, tree = 55.30 MB, solutions = 1)
   3529  3484    29684.9250   228    30044.0000    29683.8233   145069    1.20%  x(c32_2_c26_2) D   3529   2846     11
   3577  3530    29801.5000   102    30044.0000    29684.1667   147046    1.20%  x(c20_5_c16_5) N   3577   2169     25
   3626  3579    29706.3450   210    30044.0000    29684.6667   149457    1.20%  x(c15_2_c18_2) N   3626   1967     19
   3683  3636    29719.3216   202    30044.0000    29685.1167   151769    1.19%  x(c29_1_c27_1) N   3683   3681     19
   3737  3690    29890.0833   171    30044.0000    29685.4540   154051    1.19%  x(c35_5_c31_5) U   3737   3735     22
   3785  3738    29795.0296   235    30044.0000    29686.0000   156272    1.19%  x(c28_5_c26_5) U   3785    574     24
   3825  3778    29718.2632   214    30044.0000    29686.3502   158481    1.19%   x(c5_2_c18_2) U   3825   1044     19
   3876  3829    29869.1238   184    30044.0000    29686.8788   160885    1.19%  x(c35_5_c31_5) U   3876   3874      7
   3932  3885    29942.1667   121    30044.0000    29687.0813   162910    1.19%  x(c40_3_c39_3) N   3932   3931     34
   3990  3928    29942.4500   154    30044.0000    29687.4818   164895    1.19%   x(c48_3_c6_3) U   3990    323     15
Elapsed time = 39.84 sec. (71709.60 ticks, tree = 65.08 MB, solutions = 1)
   4038  3976    29704.4966   260    30044.0000    29687.8333   166555    1.19%  x(c25_5_c24_5) U   4038   1234     17
   4087  4025    29749.0833   152    30044.0000    29688.2603   168676    1.18%   x(c5_4_c42_4) U   4087   1487     33
   4139  4077    29790.4530   242    30044.0000    29688.8667   171076    1.18%  x(c35_5_c31_5) U   4139   2708     24
   4197  4135    29795.2601   242    30044.0000    29689.3017   173328    1.18%  x(c51_2_c15_2) N   4197   4195     13
   4246  4184    29785.6033   217    30044.0000    29689.8232   175252    1.18%  x(c35_5_c31_5) U   4246   2668     17
   4298  4236    29692.3600   198    30044.0000    29690.1315   177593    1.18%  x(c35_5_c31_5) D   4298   2216     22
   4341  4279    29737.0681   214    30044.0000    29690.3393   179330    1.18%  x(c25_5_c24_5) D   4341   4339     19
   4384  4322    29792.7283   191    30044.0000    29690.6952   181733    1.18%  x(c32_2_c22_2) D   4384   2042     22
   4428  4365    29854.8333   127    30044.0000    29690.9583   183976    1.18%  x(c29_1_c30_1) N   4428   4426     23
   4478  4415    29922.8333   178    30044.0000    29691.3421   186021    1.17%  x(c29_1_c53_1) U   4478   1905     15
Elapsed time = 44.57 sec. (81402.31 ticks, tree = 74.95 MB, solutions = 1)
   4532  4469    29879.5476   172    30044.0000    29691.8171   188154    1.17%  x(c35_5_c31_5) U   4532   2932     11
   4582  4519    29713.6190   148    30044.0000    29692.2083   190303    1.17%  x(c38_4_c37_4) U   4582   3420     21
   4633  4570    29697.8208   162    30044.0000    29692.4938   192733    1.17%   x(c39_2_c5_2) D   4633   3754     30
   4690  4627    29698.5000   132    30044.0000    29692.9167   194891    1.17%  x(c22_5_c21_5) U   4690   4689     33
   4740  4677    29697.2500   191    30044.0000    29693.2167   197007    1.17%  x(c35_5_c31_5) D   4740   3320     23
   4791  4728    29868.0213   238    30044.0000    29693.6667   199466    1.17%  x(c32_2_c26_2) U   4791   1284     16
   4836  4773    29720.0351   248    30044.0000    29693.8292   201222    1.17%  x(c29_1_c27_1) D   4836   4057     12
   4891  4828    29728.3759   165    30044.0000    29694.0365   203390    1.16%   x(c39_2_c5_2) U   4891   4889     31
   4942  4879    29848.1913   190    30044.0000    29694.3333   205813    1.16%  x(c32_2_c26_2) U   4942   1048     16
   5142  5078    29870.3571   172    30044.0000    29695.6667   214171    1.16%  x(c35_5_c31_5) U   5142   2615     10
Elapsed time = 50.92 sec. (93913.39 ticks, tree = 88.41 MB, solutions = 1)
   5341  5273    29774.5000   173    30044.0000    29696.9017   222509    1.16%  x(c17_4_c24_4) U   5341   5339     20
   5537  5465    29839.1500   140    30044.0000    29698.1042   231137    1.15%  x(c25_5_c24_5) N   5537   5535     34
   5749  5677    29735.7821   218    30044.0000    29699.3000   239424    1.15%  x(c20_5_c18_5) D   5749   3895     16
   5962  5880    29729.8889   196    30044.0000    29700.0933   246688    1.14%  x(c20_5_c18_5) D   5962   3890     19
   6160  6075    29703.2778   195    30044.0000    29701.1528   254948    1.14%  x(c35_5_c31_5) D   6160   5237     19
   6350  6265    29703.7933   194    30044.0000    29702.3026   263625    1.14%   x(c40_3_c7_3) D   6350   5455     36
   6547  6462    29711.0231   206    30044.0000    29703.1452   272282    1.13%  x(c41_3_c22_3) D   6547   5574     31
   6731  6643    29860.3400   191    30044.0000    29703.8758   280537    1.13%  x(c32_2_c26_2) N   6731   5511     27
   6922  6828    29728.2884   253    30044.0000    29704.6042   288243    1.13%  x(c22_2_c25_2) N   6922   5566     10
   7124  7030    29710.1179   210    30044.0000    29705.4412   296118    1.13%  x(c24_5_c23_5) U   7124   3644     28
Elapsed time = 69.82 sec. (132192.87 ticks, tree = 130.15 MB, solutions = 1)
   7310  7214    29709.2941   147    30044.0000    29706.2540   303870    1.12%  x(c29_1_c27_1) U   7310   5820     21
   7513  7417    29710.9811   205    30044.0000    29707.1667   312298    1.12%  x(c35_5_c31_5) D   7513   2804     37
   7704  7606    29728.8589   193    30044.0000    29707.8940   320032    1.12%  x(c45_2_c33_2) D   7704   5758     30
   7900  7781    29710.7382   235    30044.0000    29708.2798   325383    1.12%  x(c18_5_c21_5) D   7900   6500     20
   8077  7956    29750.2262   256    30044.0000    29708.9282   333710    1.12%   x(c39_2_c5_2) U   8077   8075     24
   8238  8117    29763.7230   253    30044.0000    29709.5000   341786    1.11%     x(Op_c37_3) U   8238   6722     15
   8398  8271    29835.2411   148    30044.0000    29710.2250   350383    1.11%   x(c5_2_c23_2) U   8398   6776     39
   8571  8444    29712.9581   195    30044.0000    29710.8182   358256    1.11%     x(Op_c33_3) D   8571   5729     46
   8732  8605    29716.0852   236    30044.0000    29711.4449   366441    1.11%   x(c6_3_c51_3) D   8732   8731     25
   8902  8775    29720.1090   214    30044.0000    29712.0627   374381    1.10%   x(c39_2_c5_2) D   8902   8901     19
Elapsed time = 88.41 sec. (170482.97 ticks, tree = 170.95 MB, solutions = 1)
   9069  8942    29836.5000   170    30044.0000    29712.7143   382297    1.10%  x(c29_1_c30_1) U   9069   7197     26
   9221  9092    29714.3255   177    30044.0000    29713.2353   390551    1.10%   x(c6_5_c51_5) D   9221   7129     51
   9393  9258    29744.4083   143    30044.0000    29713.8333   398234    1.10%  x(c23_2_c17_2) D   9393   2256     33
   9559  9424    29723.0944   245    30044.0000    29714.4228   406138    1.10%  x(c22_3_c40_3) D   9559   7282     18
   9742  9596    29850.9259   156    30044.0000    29714.8590   413145    1.10%   x(c40_2_c7_2) U   9742    448     29
   9901  9755    29758.1371   204    30044.0000    29715.5000   421390    1.09%  x(c46_3_c47_3) N   9901   5417     20
  10060  9913    29791.3715   197    30044.0000    29716.1447   429001    1.09%  x(c24_5_c23_5) D  10060   7591     23
  10228 10079        cutoff          30044.0000    29716.7013   436769    1.09%  x(c35_5_c27_5) U  10228   9617     19
  10398 10245    29720.0000    97    30044.0000    29717.2906   444467    1.09%  x(c37_1_c11_1) D  10398  10397     17
  10544 10391    29895.6250   142    30044.0000    29717.7656   452004    1.09%  x(c29_1_c30_1) U  10544   7440     21
Elapsed time = 106.84 sec. (208766.47 ticks, tree = 210.70 MB, solutions = 1)
* 10585  2761      integral     0    29732.0000    29717.9278   454897    0.05%
  10766  2708    29726.7933   237    29732.0000    29718.6296   458360    0.04%  x(c29_1_c27_1) U  10766   5125      8
  11057  2641        cutoff          29732.0000    29719.6974   463775    0.04%  x(c22_2_c12_2) D  11057   4484     25
  11391  2573    29720.7584   200    29732.0000    29720.7613   468353    0.04%  x(c38_4_c20_4) D  11391  10941     23
  11730  2492    29721.6937   191    29732.0000    29721.6970   472840    0.03%  x(c23_3_c21_3) D  11730  11468     42
  12059  2402    29724.8333   149    29732.0000    29722.5000   477831    0.03%  x(c35_5_c31_5) D  12059   8202     21
  12444  2294        cutoff          29732.0000    29723.3248   481730    0.03%  x(c28_5_c30_5) U  12444    629     23
  12814  2164        cutoff          29732.0000    29724.1637   485553    0.03%  x(c32_2_c26_2) D  12814   3504     12
  13201  1993    29729.9307   205    29732.0000    29724.9593   489067    0.02%     x(Op_c33_3) D  13201   9732     29
  13562  1823        cutoff          29732.0000    29725.7929   491903    0.02%  x(c37_1_c11_1) D  13562  10142     12
  13916  1639        cutoff          29732.0000    29726.5833   494513    0.02%   x(c39_2_c5_2) U  13916  13681     23
Elapsed time = 124.58 sec. (246986.20 ticks, tree = 36.35 MB, solutions = 2)
  14268  1443        cutoff          29732.0000    29727.2778   497093    0.02%  x(c22_2_c25_2) D  14268  14248     25
  14672  1180        cutoff          29732.0000    29728.0625   499244    0.01%  x(c50_1_c53_1) U  14672   5696     18
  15095   870    29728.8778   149    29732.0000    29728.8817   501308    0.01%  x(c35_5_c31_5) D  15095  11380     28

Cover cuts applied:  2
Zero-half cuts applied:  38
Gomory fractional cuts applied:  5
User cuts applied:  2264

Root node processing (before b&c):
  Real time             =    0.49 sec. (719.08 ticks)
Sequential b&c:
  Real time             =  129.02 sec. (258552.74 ticks)
                          ------------
Total (root+branch&cut) =  129.50 sec. (259271.82 ticks)

