Version identifier: 22.1.0.0 | 2022-03-09 | 1a383f8ce
CPXPARAM_Preprocessing_Reduce                    1
CPXPARAM_Threads                                 1
CPXPARAM_Preprocessing_Reformulations            0
CPXPARAM_Emphasis_MIP                            2
CPXPARAM_TimeLimit                               7200
CPXPARAM_MIP_Tolerances_AbsMIPGap                0.5
CPXPARAM_MIP_Limits_TreeMemory                   26600
Legacy callback                                  BbLUID
         Disabling repeat represolve because of lazy constraint/incumbent callback.
1 of 1 MIP starts provided solutions.
MIP start 'm1' defined initial solution with objective 20172.0000.
Tried aggregator 1 time.
MIP Presolve modified 6383 coefficients.
Reduced MIP has 285 rows, 6518 columns, and 19554 nonzeros.
Reduced MIP has 6518 binaries, 0 generals, 0 SOSs, and 0 indicators.
Presolve time = 0.01 sec. (18.21 ticks)
Probing time = 0.00 sec. (3.61 ticks)
Clique table members: 282.
MIP emphasis: optimality.
MIP search method: traditional branch-and-cut.
Parallel mode: none, using 1 thread.
Root relaxation solution time = 0.00 sec. (5.39 ticks)

        Nodes                                         Cuts/
   Node  Left     Objective  IInf  Best Integer    Best Bound    ItCnt     Gap         Variable B NodeID Parent  Depth

*     0+    0                        20172.0000        0.0000           100.00%
      0     0    19174.5000    40    20172.0000    16693.0000      217   17.25%
      0     0    19726.0000   138    20172.0000      Cuts: 26      295    2.21%
      0     0    19903.0000    60    20172.0000      Cuts: 29      351    1.33%
      0     0    19958.7500    60    20172.0000      Cuts: 14      377    1.06%
      0     0    19977.6667    38    20172.0000      Cuts: 16      384    0.96%
      0     0    19981.1667    35    20172.0000      Cuts: 23      396    0.95%
      0     0    19985.1667    91    20172.0000      Cuts: 10      412    0.93%
      0     0    19986.8000    66    20172.0000   ZeroHalf: 9      420    0.92%
      0     0    19995.2895   120    20172.0000       Cuts: 7      436    0.88%
      0     0    19997.8889    66    20172.0000  ZeroHalf: 12      450    0.86%
      0     0    19999.4528   168    20172.0000       Cuts: 6      458    0.86%
      0     0    20002.0000    97    20172.0000   ZeroHalf: 5      467    0.84%
      0     0    20004.0526   161    20172.0000   ZeroHalf: 5      480    0.83%
      0     0    20004.0526    76    20172.0000       User: 1      480    0.83%
      0     0    20004.1296   159    20172.0000       User: 3      484    0.83%
      0     2    20004.3099   160    20172.0000    20004.3099      484    0.83%                        0             0
Elapsed time = 0.75 sec. (1211.84 ticks, tree = 0.01 MB, solutions = 1)
      7     9    20014.9206   145    20172.0000    20010.4349      548    0.80%  x(c52_1_c49_1) D      7      6      6
     13    15    20069.4412   188    20172.0000    20010.4349      666    0.80%  x(c15_1_c22_1) D     13     11     10
     30    21    20026.3326   116    20172.0000    20014.9206     1003    0.78%  x(c52_1_c49_1) N     30      5      6
     50    39    20053.9545   104    20172.0000    20017.5000     1298    0.77%  x(c21_1_c25_1) D     50     48     10
     62    49    20021.9861   174    20172.0000    20021.1530     1557    0.75%  x(c37_3_c36_3) U     62     33      7
     77    59    20048.7000   128    20172.0000    20022.0957     2058    0.74%   x(c4_2_c14_2) U     77     46     15
     86    67    20024.1695   135    20172.0000    20024.2250     2408    0.73%   x(c12_2_c4_2) D     86     67     18
    107    86    20063.8796   128    20172.0000    20027.9863     2979    0.71%  x(c14_3_c11_3) N    107     88     20
    121    97    20070.2738   123    20172.0000    20033.4167     3676    0.69%    x(c5_3_c3_3) N    121     98     24
    202   171    20119.8000   116    20172.0000    20043.7692     6718    0.64%  x(c21_3_c25_3) D    202    171     22
Elapsed time = 4.40 sec. (4405.35 ticks, tree = 1.35 MB, solutions = 1)
    285   241    20050.7500    88    20172.0000    20049.8226     9116    0.61%  x(c28_3_c27_3) U    285    216     17
    390   322    20122.5714   130    20172.0000    20055.9667    12075    0.58%  x(c15_1_c25_1) U    390    372     26
    506   418    20067.3600   123    20172.0000    20059.4091    15604    0.56%  x(c37_3_c11_3) U    506    465     13
    618   494    20067.3232   131    20172.0000    20063.3539    18766    0.54%  x(c26_1_c28_1) U    618    177     28
    714   558    20067.6710   190    20172.0000    20067.4000    22126    0.52%    x(c8_2_c6_2) D    714    673     28
    814   628    20096.3167   113    20172.0000    20070.0405    26141    0.51%  x(c27_2_c14_2) U    814    175     12
    922   705    20130.4286   150    20172.0000    20071.8333    28844    0.50%  x(c34_3_c27_3) N    922    810     12
   1023   759    20090.8782   150    20172.0000    20074.1429    32098    0.49%    x(c3_3_c9_3) D   1023    910     44
   1132   821    20082.5556   127    20172.0000    20076.6250    35280    0.47%   x(c7_1_c52_1) U   1132    833     20
   1237   894    20132.4706   140    20172.0000    20078.9881    38701    0.46%  x(c38_2_c19_2) N   1237   1135     15
Elapsed time = 11.43 sec. (14038.48 ticks, tree = 8.66 MB, solutions = 1)
   1355   972    20090.0294   132    20172.0000    20081.0000    41855    0.45%  x(c33_3_c27_3) D   1355    648      9
   1461  1053    20084.1429   123    20172.0000    20082.5455    44831    0.44%  x(c51_3_c34_3) D   1461   1327     14
   1587  1142    20163.3728   113    20172.0000    20084.5663    48050    0.43%  x(c34_3_c27_3) U   1587    876     11
   1690  1205    20086.0000   100    20172.0000    20085.8833    50988    0.43%  x(c15_3_c21_3) D   1690   1542     48
   1801  1271    20097.2647   136    20172.0000    20087.5915    54269    0.42%  x(c27_1_c30_1) D   1801   1799     33
   1915  1337    20096.8571   108    20172.0000    20089.1429    57712    0.41%  x(c34_3_c22_3) U   1915    116     23
   2012  1390    20091.0086   121    20172.0000    20090.5784    60617    0.40%  x(c22_1_c40_1) D   2012   1942     20
   2132  1472    20137.1250   127    20172.0000    20092.4667    63958    0.39%   x(c27_2_c3_2) U   2132   1909     28
   2253  1545    20142.6538   129    20172.0000    20094.0000    67437    0.39%    x(c5_3_c3_3) D   2253   1548     31
   2380  1601    20096.9167   129    20172.0000    20095.4000    70430    0.38%  x(c14_3_c11_3) D   2380   2379     37
Elapsed time = 17.16 sec. (23615.18 ticks, tree = 17.12 MB, solutions = 1)
   2502  1663    20111.2565   160    20172.0000    20096.5714    73521    0.37%  x(c34_3_c27_3) D   2502    814     13
   2627  1720    20098.8750    92    20172.0000    20097.9000    76879    0.37%  x(c27_3_c12_3) D   2627   2626     58
   2734  1786    20108.2413   168    20172.0000    20098.8529    80645    0.36%  x(c34_3_c22_3) U   2734   1441     11
   2850  1824    20100.8750    84    20172.0000    20099.6805    83228    0.36%    x(c4_1_c3_1) U   2850   2849     20
   2980  1897    20154.6429    86    20172.0000    20100.7187    86059    0.35%  x(c15_3_c21_3) U   2980   1903     16
   3106  1971    20114.7500    95    20172.0000    20101.4545    88824    0.35%  x(c24_3_c12_3) D   3106    511     18
   3240  2036    20163.3846   108    20172.0000    20102.3667    91568    0.35%  x(c34_3_c22_3) D   3240    116     23
   3370  2108    20107.4500   155    20172.0000    20103.0351    94509    0.34%   x(c27_2_c8_2) D   3370   2880     24
   3498  2176        cutoff          20172.0000    20103.7907    97400    0.34%  x(c52_1_c30_1) U   3498   2573     22
   3620  2235        cutoff          20172.0000    20104.5581   100292    0.33%  x(c28_3_c29_3) D   3620   1093      8
Elapsed time = 22.80 sec. (33256.67 ticks, tree = 25.40 MB, solutions = 1)
   3754  2294    20109.2500    94    20172.0000    20105.2500   102617    0.33%  x(c37_2_c11_2) D   3754   2829     33
   3881  2363    20107.4927   159    20172.0000    20106.0000   105767    0.33%  x(c14_3_c35_3) D   3881   1115     13
   4014  2427    20106.7273   169    20172.0000    20106.7361   108385    0.32%  x(c22_1_c40_1) D   4014   3529     11
   4151  2480    20163.8626   190    20172.0000    20107.5000   111344    0.32%  x(c16_3_c38_3) N   4151    363     18
   4278  2539        cutoff          20172.0000    20108.1364   113968    0.32%   x(c5_3_c23_3) U   4278   3618     22
   4403  2604    20153.0804   144    20172.0000    20108.6698   116519    0.31%  x(c14_1_c12_1) N   4403   3568     36
   4514  2639        cutoff          20172.0000    20109.3333   119220    0.31%    x(c3_3_c9_3) N   4514   4129     38
   4633  2685        cutoff          20172.0000    20109.8333   121788    0.31%  x(c37_2_c11_2) U   4633   4631     34
   4742  2748        cutoff          20172.0000    20110.3889   124758    0.31%    x(c8_2_c6_2) U   4742   4740     30
   4849  2811    20112.4833   127    20172.0000    20110.9444   127595    0.30%  x(c34_3_c22_3) U   4849   1610     13
Elapsed time = 28.31 sec. (42872.44 ticks, tree = 33.40 MB, solutions = 1)
   4957  2867    20114.3306   159    20172.0000    20111.4583   129935    0.30%  x(c14_3_c11_3) D   4957   4356     26
   5070  2907    20114.0909   122    20172.0000    20112.0962   132592    0.30%  x(c15_1_c22_1) D   5070   5069     31
   5177  2955        cutoff          20172.0000    20112.6667   134905    0.29%     x(Op_c14_2) U   5177   4563     22
   5280  2993        cutoff          20172.0000    20113.2500   137575    0.29%   x(c7_1_c52_1) D   5280   3719     33
   5379  3024        cutoff          20172.0000    20113.7000   140122    0.29%  x(c15_3_c21_3) U   5379   4932     22
   5489  3079    20138.7500    95    20172.0000    20114.2500   142427    0.29%  x(c15_1_c22_1) U   5489   4868     41
   5588  3124        cutoff          20172.0000    20114.7821   144643    0.28%  x(c27_1_c30_1) U   5588   5586     27
   5680  3178    20115.2692   153    20172.0000    20115.2700   146989    0.28%  x(c38_2_c19_2) D   5680   4426     29
   5793  3224    20116.8956   160    20172.0000    20115.7889   149363    0.28%  x(c14_3_c35_3) D   5793   5792     34
   5866  3245        cutoff          20172.0000    20116.1500   152379    0.28%  x(c15_3_c21_3) U   5866   5864     18
Elapsed time = 33.84 sec. (52484.00 ticks, tree = 40.11 MB, solutions = 1)
   5967  3297    20134.0960   196    20172.0000    20116.6480   154503    0.27%  x(c28_3_c27_3) U   5967   5965     39
   6077  3346    20150.5000   153    20172.0000    20117.0000   156719    0.27%    x(c4_1_c3_1) D   6077    552     22
   6166  3370        cutoff          20172.0000    20117.3750   159381    0.27%  x(c27_2_c14_2) U   6166   6164     14
   6276  3415        cutoff          20172.0000    20117.8333   161588    0.27%  x(c19_2_c10_2) U   6276   5696     68
   6376  3462    20118.7857   123    20172.0000    20118.2500   164073    0.27%  x(c48_3_c35_3) D   6376   6375     41
   6470  3511    20138.8143   162    20172.0000    20118.5554   166522    0.26%    x(c2_1_c4_1) N   6470   6468     34
   6572  3539    20122.8750   134    20172.0000    20119.1429   168779    0.26%  x(c38_2_c40_2) U   6572   6571     53
   6673  3580    20124.3333   109    20172.0000    20119.5185   171070    0.26%  x(c15_1_c12_1) D   6673   6310     12
   6774  3617    20150.3597   168    20172.0000    20120.0000   173280    0.26%  x(c37_3_c11_3) D   6774   5236     17
   6874  3657    20165.4800   163    20172.0000    20120.4444   175416    0.26%  x(c24_1_c23_1) D   6874   1744     31
Elapsed time = 38.97 sec. (62102.41 ticks, tree = 47.00 MB, solutions = 1)
   6983  3695        cutoff          20172.0000    20120.8889   177547    0.25%   x(c12_2_c2_2) U   6983   6981     45
   7073  3730    20156.1250    79    20172.0000    20121.1667   179659    0.25%      x(Op_c3_2) U   7073   1843     25
   7146  3695    20122.5192   131    20172.0000    20121.3667   181461    0.25%  x(c37_3_c11_3) D   7146   3304     12
   7246  3736    20123.3667    96    20172.0000    20121.7353   183672    0.25%   x(c27_1_c8_1) D   7246   5674     34
   7332  3768    20122.7272   154    20172.0000    20122.0769   185998    0.25%   x(c6_2_c52_2) U   7332   6991     19
   7423  3808    20122.9167   137    20172.0000    20122.4630   188023    0.25%  x(c18_3_c24_3) D   7423   7422     31
   7529  3853    20129.5122   131    20172.0000    20122.7214   190077    0.24%    x(c4_1_c3_1) U   7529   4789     21
   7620  3878    20154.1154   102    20172.0000    20123.0000   192242    0.24%  x(c14_1_c12_1) D   7620   7619     34
   7713  3895    20128.6190   136    20172.0000    20123.3333   194088    0.24%  x(c28_2_c30_2) D   7713   5610     20
   7802  3919    20124.3333   113    20172.0000    20123.6579   195788    0.24%   x(c5_3_c23_3) D   7802   7646     21
Elapsed time = 43.84 sec. (71687.36 ticks, tree = 52.07 MB, solutions = 1)
   7905  3951    20135.7778   105    20172.0000    20124.0000   197545    0.24%  x(c34_3_c22_3) U   7905    449     17
   7988  3969        cutoff          20172.0000    20124.1774   199262    0.24%  x(c15_3_c21_3) U   7988   6844     18
   8079  3980    20132.7500    81    20172.0000    20124.5000   200992    0.24%   x(c4_2_c14_2) U   8079   7765     11
   8161  3999    20135.7500    97    20172.0000    20124.8333   203177    0.23%  x(c15_1_c22_1) D   8161   8160     27
   8232  4007        cutoff          20172.0000    20125.0089   205575    0.23%   x(c5_1_c23_1) U   8232   7275     29
   8321  4015        cutoff          20172.0000    20125.4302   207630    0.23%  x(c33_3_c27_3) U   8321   7515     20
   8387  4030        cutoff          20172.0000    20125.6535   209537    0.23%  x(c14_3_c11_3) U   8387   6712     21
   8470  4043    20131.0000    66    20172.0000    20126.0000   211613    0.23%  x(c14_3_c11_3) N   8470   7031     19
   8558  4072        cutoff          20172.0000    20126.2819   213792    0.23%  x(c12_3_c14_3) U   8558   8001     24
   8646  4096    20170.2500   183    20172.0000    20126.6000   215710    0.23%   x(c27_2_c3_2) N   8646   3821     33
Elapsed time = 48.49 sec. (81298.33 ticks, tree = 55.93 MB, solutions = 1)
   8700  4124    20169.0000   129    20172.0000    20126.8125   217824    0.22%  x(c21_1_c25_1) D   8700   8698     26
   8792  4148    20159.9094   174    20172.0000    20127.1667   219646    0.22%   x(c5_1_c23_1) D   8792    945     22
   8883  4158        cutoff          20172.0000    20127.5000   221472    0.22%  x(c27_1_c28_1) U   8883   6563     20
   8979  4202    20128.4750   112    20172.0000    20127.8333   223557    0.22%   x(c12_3_c9_3) D   8979   8412     58
   9057  4219        cutoff          20172.0000    20128.0800   225320    0.22%  x(c33_3_c27_3) U   9057   2278     19
   9152  4267        cutoff          20172.0000    20128.3650   227241    0.22%  x(c14_1_c12_1) U   9152   8384     25
   9240  4300    20130.0862   192    20172.0000    20128.6000   229317    0.22%      x(Op_c2_2) D   9240   8986     30
   9328  4327    20134.0000   113    20172.0000    20128.9444   231218    0.21%      x(Op_c4_2) D   9328   4444     35
   9412  4357        cutoff          20172.0000    20129.2250   232939    0.21%  x(c15_1_c22_1) U   9412   5438     22
   9770  4448    20138.4471   209    20172.0000    20130.4242   240442    0.21%   x(c27_2_c3_2) N   9770   9350     31
Elapsed time = 54.52 sec. (93763.83 ticks, tree = 63.24 MB, solutions = 1)
  10125  4494    20138.5818   146    20172.0000    20131.5000   246927    0.20%  x(c24_1_c23_1) U  10125   3139     23
  10505  4581    20156.7667   143    20172.0000    20132.5738   253688    0.20%  x(c15_1_c22_1) U  10505   5669     22
  10866  4668    20136.9958   152    20172.0000    20133.6364   260329    0.19%   x(c27_2_c3_2) D  10866  10479     22
  11225  4737    20170.0000   112    20172.0000    20134.5000   266935    0.19%    x(c4_1_c3_1) N  11225   9725     32
  11600  4776    20136.0141   146    20172.0000    20135.4010   272575    0.18%   x(c5_3_c23_3) D  11600   9577     15
  11938  4816    20140.4091   115    20172.0000    20136.2271   278422    0.18%    x(c8_2_c6_2) N  11938   7463     35
  12265  4888        cutoff          20172.0000    20137.0437   284512    0.17%   x(c27_2_c3_2) D  12265  11452     28
  12593  4932        cutoff          20172.0000    20137.7500   290791    0.17%  x(c28_3_c27_3) D  12593   2132     29
  12898  4979    20161.7500    77    20172.0000    20138.5000   297048    0.17%    x(c5_1_c2_1) U  12898   5742     27
  13228  4995    20170.0012   162    20172.0000    20139.2000   303017    0.16%  x(c14_3_c11_3) U  13228  11396     35
Elapsed time = 71.90 sec. (132016.64 ticks, tree = 76.68 MB, solutions = 1)
  13559  5029        cutoff          20172.0000    20140.0000   308716    0.16%  x(c18_3_c24_3) U  13559  11784     34
  13881  5058        cutoff          20172.0000    20140.7593   314878    0.15%  x(c15_1_c25_1) U  13881  12737     29
  14214  5102        cutoff          20172.0000    20141.5000   320465    0.15%   x(c27_2_c3_2) U  14214  12428     18
  14523  5141    20142.3221   122    20172.0000    20142.2500   326078    0.15%  x(c15_3_c21_3) D  14523  12446     65
  14839  5190        cutoff          20172.0000    20143.0000   331875    0.14%  x(c15_1_c22_1) U  14839   9052     38
  15160  5201    20155.4000   105    20172.0000    20143.7273   336883    0.14%    x(c5_3_c9_3) N  15160  13804     24
  15467  5217    20161.6250    92    20172.0000    20144.5000   341863    0.14%  x(c22_1_c12_1) D  15467   8635     44
  15789  5238    20148.8333   100    20172.0000    20145.2344   347027    0.13%  x(c22_1_c23_1) D  15789  12171     43
  16097  5254        cutoff          20172.0000    20145.9167   351721    0.13%  x(c48_3_c35_3) U  16097  16095     37
  16420  5273        cutoff          20172.0000    20146.5333   356870    0.13%   x(c27_2_c8_2) U  16420  10800     37
Elapsed time = 88.60 sec. (170206.88 ticks, tree = 86.06 MB, solutions = 1)
  16740  5290    20167.4786   120    20172.0000    20147.2500   362008    0.12%    x(c5_3_c9_3) D  16740  13465     19
  17054  5312    20149.2500   140    20172.0000    20147.8667   366709    0.12%    x(c5_3_c9_3) D  17054  16249     23
  17338  5324        cutoff          20172.0000    20148.4841   371831    0.12%   x(c5_3_c23_3) U  17338  10959     18
  17626  5346    20155.5000    80    20172.0000    20149.0000   376686    0.11%   x(c12_3_c3_3) D  17626  16676     36
  17922  5330        cutoff          20172.0000    20149.5000   381142    0.11%      x(Op_c4_2) U  17922   7610     28
  18179  5308    20157.9298   147    20172.0000    20150.0000   385737    0.11%  x(c24_1_c23_1) N  18179  18177     21
  18466  5285        cutoff          20172.0000    20150.5926   389899    0.11%  x(c15_3_c21_3) U  18466  16068     12
  18759  5284    20157.8571   115    20172.0000    20151.0333   393945    0.10%    x(c3_1_c2_1) D  18759   4516     17
  19035  5245        cutoff          20172.0000    20151.6000   397851    0.10%  x(c21_1_c25_1) D  19035  15364     27
  19340  5230    20152.4000    97    20172.0000    20152.2000   401867    0.10%  x(c40_3_c11_3) D  19340  19339     44
Elapsed time = 104.81 sec. (208436.78 ticks, tree = 90.02 MB, solutions = 1)
  19611  5225    20159.1000   132    20172.0000    20152.7586   405927    0.10%   x(c12_1_c3_1) N  19611  19012     18
  19911  5204    20161.0000    69    20172.0000    20153.2656   410021    0.09%  x(c14_3_c12_3) D  19911  13708     38
  20220  5189    20154.5994   167    20172.0000    20153.8000   413898    0.09%    x(c8_2_c7_2) U  20220  19939     54
  20507  5148    20168.5216   168    20172.0000    20154.2917   417560    0.09%  x(c22_1_c12_1) D  20507  17525     40
  20794  5109        cutoff          20172.0000    20154.7885   421038    0.09%  x(c15_3_c21_3) U  20794   7754     19
  21065  5041    20167.6209   176    20172.0000    20155.2824   424593    0.08%  x(c14_1_c12_1) N  21065  13197     31
  21340  4994        cutoff          20172.0000    20155.8182   428480    0.08%  x(c12_3_c14_3) D  21340   2994     19
  21609  4942    20159.3000    92    20172.0000    20156.3000   431914    0.08%  x(c14_1_c12_1) N  21609  21608     31
  21906  4887        cutoff          20172.0000    20156.8333   434922    0.08%    x(c5_1_c3_1) U  21906  21904     25
  22180  4805    20161.7500    75    20172.0000    20157.3333   437812    0.07%    x(c5_3_c3_3) N  22180  19869     28
Elapsed time = 119.93 sec. (246668.95 ticks, tree = 86.55 MB, solutions = 1)
  22453  4714    20160.5714   102    20172.0000    20157.7482   441022    0.07%  x(c27_1_c28_1) N  22453  11939     35
  22748  4661        cutoff          20172.0000    20158.1667   444051    0.07%    x(c5_3_c9_3) U  22748  14825     25
  23030  4571    20161.3333    93    20172.0000    20158.6842   446954    0.07%  x(c27_1_c30_1) D  23030  23029     29
  23313  4476        cutoff          20172.0000    20159.1250   450009    0.06%  x(c34_3_c22_3) D  23313   6699     36
  23602  4430        cutoff          20172.0000    20159.5909   453036    0.06%  x(c38_2_c19_2) U  23602   1944     21
  23887  4355        cutoff          20172.0000    20160.0667   455835    0.06%   x(c5_1_c23_1) U  23887  22730     27
  24159  4289        cutoff          20172.0000    20160.5000   458549    0.06%  x(c15_1_c22_1) D  24159  22474     20
  24429  4171        cutoff          20172.0000    20161.0000   460766    0.05%  x(c24_1_c23_1) D  24429   4313     18
  24720  4095    20165.7143   126    20172.0000    20161.4063   463312    0.05%  x(c24_1_c21_1) U  24720  18227     20
  25003  3988    20165.2685   161    20172.0000    20161.8333   466010    0.05%   x(c27_2_c3_2) D  25003  22656     25
Elapsed time = 134.15 sec. (284960.97 ticks, tree = 74.52 MB, solutions = 1)
  25303  3866    20163.4348    96    20172.0000    20162.2500   468378    0.05%  x(c51_3_c29_3) D  25303  23174     49
  25599  3729    20169.0937   127    20172.0000    20162.6667   470575    0.05%  x(c11_3_c12_3) U  25599  13567     21
  25905  3574        cutoff          20172.0000    20163.0625   473210    0.04%  x(c22_1_c40_1) U  25905  15154     23
  26217  3429    20164.1481   107    20172.0000    20163.5556   475895    0.04%  x(c52_1_c51_1) N  26217  24654     46
  26530  3268        cutoff          20172.0000    20164.0000   478065    0.04%  x(c24_1_c23_1) D  26530  17088     32
  26828  3115        cutoff          20172.0000    20164.4643   480136    0.04%  x(c15_1_c12_1) D  26828  16448     19
  27125  2959        cutoff          20172.0000    20164.8846   482496    0.04%     x(Op_c14_2) U  27125  24803     22
  27425  2775        cutoff          20172.0000    20165.2500   484339    0.03%  x(c22_1_c12_1) D  27425  25769     41
  27728  2590    20168.2917   112    20172.0000    20165.6667   486037    0.03%  x(c24_3_c12_3) U  27728   1952     18
  28044  2391        cutoff          20172.0000    20166.1667   487909    0.03%  x(c14_2_c18_2) D  28044  25555     58
Elapsed time = 147.93 sec. (323178.78 ticks, tree = 46.03 MB, solutions = 1)
  28342  2190    20168.4615   109    20172.0000    20166.6667   489625    0.03%  x(c37_2_c11_2) N  28342   1579     45
  28650  1964        cutoff          20172.0000    20167.1311   491166    0.02%  x(c24_1_c23_1) U  28650  15143     24
  28938  1739        cutoff          20172.0000    20167.6667   492812    0.02%  x(c37_2_c11_2) U  28938  20838     29
  29237  1502        cutoff          20172.0000    20168.2000   494082    0.02%  x(c32_1_c26_1) U  29237  24964     53
  29519  1267        cutoff          20172.0000    20168.6705   495310    0.02%  x(c22_1_c40_1) N  29519  13257     22
  29810  1026        cutoff          20172.0000    20169.1500   496483    0.01%  x(c25_3_c23_3) D  29810  15693     36
  30099   755        cutoff          20172.0000    20169.7083   497366    0.01%  x(c15_3_c21_3) U  30099  17402     16

Cover cuts applied:  2
Zero-half cuts applied:  39
Gomory fractional cuts applied:  7
User cuts applied:  2080

Root node processing (before b&c):
  Real time             =    0.75 sec. (1213.79 ticks)
Sequential b&c:
  Real time             =  156.72 sec. (350938.67 ticks)
                          ------------
Total (root+branch&cut) =  157.47 sec. (352152.46 ticks)

