Version identifier: 22.1.0.0 | 2022-03-09 | 1a383f8ce
CPXPARAM_Preprocessing_Reduce                    0
CPXPARAM_Threads                                 1
CPXPARAM_Preprocessing_Reformulations            0
CPXPARAM_Emphasis_MIP                            2
CPXPARAM_TimeLimit                               7200
CPXPARAM_MIP_Tolerances_AbsMIPGap                0.98999999999999999
CPXPARAM_MIP_Limits_TreeMemory                   20000
Legacy callback                                  BbLUID
         Disabling repeat represolve because of lazy constraint/incumbent callback.
1 of 1 MIP starts provided solutions.
MIP start 'm1' defined initial solution with objective 28082.0000.
Tried aggregator 0 times.
Reduced MIP has 7910 rows, 7083 columns, and 42477 nonzeros.
Reduced MIP has 6898 binaries, 0 generals, 0 SOSs, and 0 indicators.
Presolve time = 0.00 sec. (2.26 ticks)
Probing time = 0.00 sec. (4.02 ticks)
Clique table members: 2459.
MIP emphasis: optimality.
MIP search method: traditional branch-and-cut.
Parallel mode: none, using 1 thread.
Root relaxation solution time = 0.00 sec. (13.24 ticks)

        Nodes                                         Cuts/
   Node  Left     Objective  IInf  Best Integer    Best Bound    ItCnt     Gap         Variable B NodeID Parent  Depth

*     0+    0                        28082.0000        0.0000           100.00%
      0     0      788.0332   129    28082.0000      788.0332      429   97.19%
      0     0     6420.9143   273    28082.0000      Cuts: 79      797   77.14%
      0     0    27788.0000   286    28082.0000      Cuts: 67     1035    1.05%
      0     0    27859.0051   306    28082.0000      Cuts: 38     1225    0.79%
      0     0    27877.0000   310    28082.0000      Cuts: 39     1370    0.73%
      0     0    27892.0000   302    28082.0000      Cuts: 18     1542    0.68%
      0     0    27897.0000   301    28082.0000      Cuts: 21     1627    0.66%
      0     0    27958.5000   312    28082.0000      Cuts: 14     1771    0.44%
      0     0    28012.0000   319    28082.0000      Cuts: 18     1956    0.25%
      0     0    28018.0000   319    28082.0000      Cuts: 23     2056    0.23%
      0     0    28052.5000   346    28082.0000      Cuts: 23     2167    0.11%
      0     0    28053.0000   300    28082.0000      Cuts: 19     2217    0.10%
      0     0    28053.1667   303    28082.0000       Cuts: 9     2230    0.10%
      0     2    28053.1667   135    28082.0000    28053.3333     2230    0.10%                        0             0
Elapsed time = 2.09 sec. (5577.51 ticks, tree = 0.01 MB, solutions = 1)
      1     3    28054.5000   245    28082.0000    28054.5000     2349    0.10%  x(c27_1_c26_1) U      1      0      1
      3     5    28055.5000   254    28082.0000    28055.0000     2413    0.10%  x(c38_4_c26_4) N      3      1      2
      7     9    28060.5000   289    28082.0000    28055.0000     2593    0.10%  x(c27_4_c25_4) D      7      6      4
     10    12    28067.0000   296    28082.0000    28055.0000     2686    0.10%  x(c37_4_c36_4) U     10      8      5
     16    18    28066.0000   293    28082.0000    28055.0000     2880    0.10%  x(c27_3_c26_3) N     16     14      9
     20    21    28074.0000   341    28082.0000    28055.0000     3077    0.10%  x(c27_5_c25_5) N     20     19     12
     30    25    28086.5000   337    28082.0000    28055.0000     3223    0.10%  x(c29_5_c31_5) D     30     29     21
     38    31    28061.5000   272    28082.0000    28056.0000     3475    0.09%  x(c22_1_c26_1) U     38     37      8
     50    43    28070.6667   287    28082.0000    28056.0000     3737    0.09%  x(c37_5_c36_5) U     50     48     15
    110    90    28062.7500   294    28082.0000    28061.0000     5583    0.07%   x(c5_4_c38_4) D    110    104      5
Elapsed time = 3.49 sec. (9138.01 ticks, tree = 0.81 MB, solutions = 1)
    205   185    28066.2500   329    28082.0000    28063.8333     8456    0.06%  x(c37_4_c36_4) U    205    149     11
    286   254        cutoff          28082.0000    28064.5000    10682    0.06%  x(c25_2_c26_2) U    286    284     33
    382   329    28072.5000   273    28082.0000    28065.2500    12455    0.06%  x(c27_3_c41_3) U    382    380     11
    497   417        cutoff          28082.0000    28066.0000    15418    0.06%  x(c27_1_c43_1) U    497    496     30
    624   528    28076.5833   297    28082.0000    28067.2500    19382    0.05%  x(c27_3_c41_3) U    624    622     14
    728   612    28072.8500   345    28082.0000    28067.7500    22168    0.05%  x(c27_3_c41_3) D    728    513      9
    845   715    28073.0000   304    28082.0000    28068.5000    26348    0.05%  x(c27_3_c41_3) U    845    389     13
    960   811    28075.2500   321    28082.0000    28069.2500    29310    0.05%  x(c27_3_c41_3) D    960    570      9
   1113   948    28076.0000   301    28082.0000    28070.0000    33675    0.04%  x(c27_3_c41_3) D   1113    636     12
   1257  1081    28078.4762   330    28082.0000    28070.5000    37606    0.04%  x(c38_4_c37_4) D   1257   1256     16
Elapsed time = 8.10 sec. (18712.64 ticks, tree = 5.78 MB, solutions = 1)
   1404  1207    28077.5000   267    28082.0000    28071.0000    40999    0.04%  x(c38_5_c22_5) U   1404   1403     20
   1567  1352    28074.0000   315    28082.0000    28071.5000    45383    0.04%  x(c37_4_c36_4) U   1567    787     12
   1750  1516        cutoff          28082.0000    28072.0000    50008    0.04%  x(c38_4_c37_4) U   1750   1747     21
   1938  1660    28075.8333   302    28082.0000    28072.3333    54037    0.03%  x(c38_5_c22_5) U   1938   1937     12
   2102  1795    28073.0000   332    28082.0000    28072.5000    58001    0.03%  x(c29_4_c30_4) D   2102   1802     16
   2276  1931    28073.8333   311    28082.0000    28072.7500    61584    0.03%      x(c5_4_Om) U   2276   2275     14
   2464  2092    28073.5000   316    28082.0000    28073.0000    66068    0.03%  x(c37_4_c36_4) D   2464   1033     11
   2662  2239    28073.1000   330    28082.0000    28073.1000    69895    0.03%  x(c37_4_c36_4) U   2662    788     10
   2882  2436    28078.7500   310    28082.0000    28073.5000    74815    0.03%   x(c5_5_c37_5) D   2882   2881     20
   3085  2591    28073.5000   348    28082.0000    28073.5000    78502    0.03%  x(c27_4_c16_4) D   3085   1625      9
Elapsed time = 13.54 sec. (28268.81 ticks, tree = 10.61 MB, solutions = 1)
   3277  2759    28073.8333   305    28082.0000    28073.8333    82846    0.03%      x(c5_5_Om) D   3277   3276      9
   3489  2927    28077.5000   322    28082.0000    28074.0000    87307    0.03%   x(c25_3_c3_3) U   3489   3480     13
   3676  3046    28076.8333   334    28082.0000    28074.0000    90764    0.03%  x(c38_5_c37_5) U   3676   3656     12
   3884  3197    28074.2500   342    28082.0000    28074.2500    94341    0.03%  x(c17_4_c27_4) D   3884   3883     26
   4085  3341    28074.3333   311    28082.0000    28074.3333    97409    0.03%  x(c27_1_c18_1) D   4085   4084      9
   4300  3510    28077.3333   298    28082.0000    28074.5000   102068    0.03%  x(c38_5_c37_5) U   4300   4298     13
   4515  3661    28079.2500   290    28082.0000    28074.5000   106003    0.03%     x(c37_5_Om) D   4515   4513     54
   4715  3785    28074.8000   321    28082.0000    28074.6000   110213    0.03%  x(c24_4_c25_4) D   4715   4713     21
   4922  3938        cutoff          28082.0000    28074.7500   113929    0.03%  x(c38_5_c37_5) D   4922   4921     16
   5140  4098    28075.5000   328    28082.0000    28074.8333   117881    0.03%   x(c25_3_c3_3) D   5140   5139     21
Elapsed time = 19.11 sec. (37849.56 ticks, tree = 16.07 MB, solutions = 1)
   5347  4229    28078.0000   311    28082.0000    28075.0000   122208    0.02%  x(c27_1_c17_1) D   5347   5346     14
   5505  4341    28080.6667   221    28082.0000    28075.0000   124392    0.02%   x(c28_2_c7_2) D   5505   5504    106
   5694  4453    28078.5000   327    28082.0000    28075.0000   128039    0.02%  x(c38_2_c26_2) U   5694   4437     17
   5920  4575    28075.8333   316    28082.0000    28075.1667   131480    0.02%   x(c25_3_c2_3) U   5920   5182     22
   6156  4726    28080.2500   283    28082.0000    28075.2500   135447    0.02%  x(c37_5_c38_5) D   6156   6155     52
   6370  4848    28077.5000   321    28082.0000    28075.3000   139838    0.02%     x(c36_5_Om) U   6370   6369     24
   6590  4963    28077.8333   332    28082.0000    28075.3333   143374    0.02%   x(c25_3_c3_3) D   6590   6589     18
   6816  5086    28080.2500   302    28082.0000    28075.5000   147477    0.02%  x(c20_1_c27_1) N   6816   6815     39
   7035  5182    28075.5000   318    28082.0000    28075.5000   151275    0.02%   x(c37_4_c7_4) D   7035   7034     24
   7265  5330    28079.0000   348    28082.0000    28075.5000   155258    0.02%   x(c25_3_c3_3) U   7265   7263     16
Elapsed time = 24.56 sec. (47438.17 ticks, tree = 20.90 MB, solutions = 1)
   7483  5481    28080.7500   333    28082.0000    28075.6000   159672    0.02%    x(c5_5_c4_5) N   7483   7481     36
   7708  5561        cutoff          28082.0000    28075.7222   163259    0.02%  x(c27_4_c21_4) U   7708   7706     21
   7945  5687    28075.8000   328    28082.0000    28075.8000   167828    0.02%  x(c27_4_c25_4) D   7945   2304     22
   8162  5796        cutoff          28082.0000    28075.9333   171392    0.02%  x(c27_1_c16_1) U   8162   5253     14
   8386  5936    28078.2500   292    28082.0000    28076.0000   175563    0.02%  x(c22_1_c23_1) D   8386   8385     39
   8580  6019    28076.0000   313    28082.0000    28076.0000   179524    0.02%  x(c42_4_c27_4) D   8580   8579     26
   8800  6139    28076.5000   289    28082.0000    28076.0000   183347    0.02%  x(c25_2_c26_2) D   8800   8799     25
   9024  6261        cutoff          28082.0000    28076.0000   187337    0.02%   x(c38_3_c2_3) U   9024   9022     26
   9231  6357    28077.7500   337    28082.0000    28076.0833   191019    0.02%  x(c43_4_c27_4) U   9231   5157     24
   9470  6427        cutoff          28082.0000    28076.2000   195010    0.02%  x(c27_5_c17_5) D   9470   9469     15
Elapsed time = 29.92 sec. (57029.96 ticks, tree = 25.31 MB, solutions = 1)
   9704  6536    28076.5833   335    28082.0000    28076.2500   199265    0.02%   x(c38_3_c2_3) D   9704   9703     26
   9939  6640    28079.7500   319    28082.0000    28076.3333   202854    0.02%  x(c13_1_c27_1) D   9939   9938     44
  10159  6732    28077.7222   310    28082.0000    28076.4000   206400    0.02%  x(c27_4_c26_4) D  10159   1967     19
  10395  6771        cutoff          28082.0000    28076.5000   210722    0.02%  x(c27_1_c17_1) U  10395  10393     20
  10525  6854    28080.1847   234    28082.0000    28076.5000   211746    0.02%   x(c7_2_c28_2) D  10525  10524    146
  10755  6944    28079.4286   293    28082.0000    28076.5000   215939    0.02%  x(c36_2_c24_2) D  10755  10754     40
  11003  7058    28079.0000   313    28082.0000    28076.5000   219998    0.02%  x(c42_4_c27_4) D  11003  11001     26
  11239  7150        cutoff          28082.0000    28076.5000   224612    0.02%  x(c27_1_c18_1) U  11239   5747     11
  11481  7213    28076.6667   313    28082.0000    28076.6667   228841    0.02%      x(c5_5_Om) D  11481   1915     13
  11731  7297    28077.1667   285    28082.0000    28076.7500   232453    0.02%  x(c38_5_c37_5) D  11731   3370     13
Elapsed time = 35.21 sec. (66591.50 ticks, tree = 28.51 MB, solutions = 1)
  12028  7478    28077.2500   292    28082.0000    28076.7500   234849    0.02%  x(c34_1_c27_1) D  12028  12027     28
  12323  7662    28076.7500   299    28082.0000    28076.7500   237918    0.02%  x(c38_3_c16_3) D  12323   8281     23
  12592  7766    28076.7778   334    28082.0000    28076.7818   241794    0.02%  x(c27_5_c16_5) D  12592  10154     20
  12846  7844        cutoff          28082.0000    28076.8333   245572    0.02%  x(c27_1_c17_1) D  12846  12845     19
  13091  7932        cutoff          28082.0000    28077.0000   249781    0.02%  x(c27_4_c16_4) U  13091   1983     16
  13346  8046    28080.0000   296    28082.0000    28077.0000   253161    0.02%  x(c38_5_c22_5) D  13346  13344     16
  13606  8148        cutoff          28082.0000    28077.0000   257416    0.02%  x(c27_1_c17_1) U  13606  13604     17
  13874  8287    28077.5000   320    28082.0000    28077.0000   261444    0.02%   x(c5_3_c38_3) D  13874  11185     19
  14170  8454    28080.0000   313    28082.0000    28077.0000   265334    0.02%   x(c25_3_c3_3) U  14170  14168     22
  14429  8577    28077.0000   312    28082.0000    28077.0000   269310    0.02%  x(c36_5_c37_5) D  14429  14428     19
Elapsed time = 40.79 sec. (76149.63 ticks, tree = 33.47 MB, solutions = 1)
  14690  8681        cutoff          28082.0000    28077.0833   273235    0.02%  x(c27_5_c17_5) D  14690  14688     21
  14953  8760    28080.3333   245    28082.0000    28077.1667   276906    0.02%  x(c38_4_c39_4) U  14953  14951     54
  15160  8848        cutoff          28082.0000    28077.1667   279456    0.02%  x(c27_1_c17_1) D  15160  15159     19
  15407  8867    28079.6667   255    28082.0000    28077.2500   282345    0.02%   x(c3_2_c38_2) D  15407  15405     64
  15597  8973    28080.2195   308    28082.0000    28077.2500   283557    0.02%   x(c36_2_c3_2) D  15597  15596     98
  15866  9016    28080.0000   265    28082.0000    28077.2500   285536    0.02%  x(c22_1_c23_1) D  15866  15865     45
  16160  9067    28080.0000   273    28082.0000    28077.2500   287585    0.02%   x(c5_5_c28_5) D  16160  16159     49
  16420  9067        cutoff          28082.0000    28077.2500   289716    0.02%  x(c18_1_c27_1) U  16420  12133     25
  16671  9129        cutoff          28082.0000    28077.2500   292140    0.02%  x(c18_1_c27_1) U  16671  12273     28
  16969  9242    28077.2500   329    28082.0000    28077.2500   294920    0.02%  x(c38_3_c17_3) D  16969  16968     33
Elapsed time = 45.90 sec. (85711.56 ticks, tree = 35.88 MB, solutions = 1)
  17260  9365        cutoff          28082.0000    28077.3333   297585    0.02%  x(c27_4_c16_4) U  17260   1516     12
  17526  9488        cutoff          28082.0000    28077.3333   301364    0.02%   x(c38_3_c2_3) U  17526  17524     23
  17795  9621        cutoff          28082.0000    28077.3333   304394    0.02%  x(c27_1_c16_1) U  17795  12918     13
  18067  9760    28080.0205   314    28082.0000    28077.4167   307325    0.02%  x(c31_3_c39_3) D  18067  18066     53
  18358  9805    28077.7500   303    28082.0000    28077.5000   310425    0.02%  x(c19_1_c27_1) D  18358  18357     31
  18645  9792        cutoff          28082.0000    28077.5000   313971    0.02%  x(c38_2_c26_2) U  18645  13784     29
  18935  9847        cutoff          28082.0000    28077.5000   317226    0.02%  x(c20_1_c27_1) U  18935  18933     20
  19227  9918        cutoff          28082.0000    28077.5000   320920    0.02%  x(c38_2_c26_2) U  19227  14275     26
  19494  9974    28077.5000   326    28082.0000    28077.5000   324719    0.02%  x(c27_3_c25_3) D  19494  19492     21
  20645 10286        cutoff          28082.0000    28077.7222   339038    0.02%  x(c25_3_c26_3) D  20645   3830     18
Elapsed time = 52.93 sec. (98132.65 ticks, tree = 39.61 MB, solutions = 1)
  21781 10881    28080.3537   313    28082.0000    28077.7500   354512    0.02%  x(c24_4_c25_4) U  21781  21780     47
  22955 11453    28080.7500   331    28082.0000    28077.7500   370176    0.02%    x(c5_5_c3_5) U  22955  22949     30
  24114 11731    28077.8333   319    28082.0000    28077.8333   385420    0.01%  x(c16_1_c27_1) D  24114   8040     17
  25235 11856    28080.2222   319    28082.0000    28078.0000   401080    0.01%      x(c5_5_Om) U  25235   1175     16
  26381 12199    28081.0000   301    28082.0000    28078.0000   417191    0.01%  x(c19_1_c27_1) D  26381  26380     23
  27471 12444        cutoff          28082.0000    28078.1000   431614    0.01%  x(c38_5_c37_5) U  27471   4699     14
  28586 12571        cutoff          28082.0000    28078.2500   445938    0.01%     x(c36_5_Om) D  28586  28583     58
  29832 12683    28078.7500   308    28082.0000    28078.2500   458881    0.01%  x(c35_1_c27_1) D  29832  29831     34
  31000 12718    28079.0833   320    28082.0000    28078.2500   468403    0.01%    x(c5_5_c4_5) D  31000  30999     47
  32300 12858    28078.2500   321    28082.0000    28078.2500   481217    0.01%  x(c34_1_c27_1) D  32300  32299     27
Elapsed time = 76.88 sec. (141246.02 ticks, tree = 48.41 MB, solutions = 1)
  33517 13125        cutoff          28082.0000    28078.3333   495845    0.01%  x(c20_1_c27_1) U  33517  33515     20
  34770 13382    28080.4167   317    28082.0000    28078.4167   510857    0.01%  x(c13_1_c27_1) D  34770  34769     41
  35945 13437        cutoff          28082.0000    28078.5000   523510    0.01%  x(c16_1_c27_1) U  35945  25267     19
  37043 13482    28078.5000   331    28082.0000    28078.5000   537236    0.01%   x(c5_3_c38_3) U  37043  37042     21
  38212 13603    28078.6000   338    28082.0000    28078.6000   548993    0.01%  x(c27_3_c25_3) D  38212   8664     11
  39333 13873    28079.2500   300    28082.0000    28078.7500   562875    0.01%  x(c14_1_c27_1) D  39333  39332     42
  40619 14165        cutoff          28082.0000    28078.7500   577409    0.01%  x(c37_2_c38_2) D  40619  40617     47
  41792 14453    28079.6667   287    28082.0000    28078.7500   591713    0.01%  x(c23_5_c36_5) U  41792  41791     48
  43050 14814        cutoff          28082.0000    28078.7500   604092    0.01%    x(c5_5_c3_5) U  43050  32421     31
  44283 15147        cutoff          28082.0000    28078.8333   616643    0.01%  x(c27_5_c17_5) U  44283  44281     17
Elapsed time = 98.56 sec. (179417.06 ticks, tree = 56.62 MB, solutions = 1)
  45476 15262    28078.9167   303    28082.0000    28078.9167   627989    0.01%  x(c42_1_c27_1) U  45476  33956     32
  46640 15355    infeasible          28082.0000    28078.9167   642625    0.01%  x(c35_1_c27_1) U  46640  46638     33
  47853 15656    28079.5000   308    28082.0000    28079.0000   654239    0.01%  x(c20_1_c27_1) D  47853  47852     28
  48986 16022    28079.0000   317    28082.0000    28079.0000   666630    0.01%  x(c19_1_c27_1) D  48986  48985     25
  50090 16171    28079.0000   322    28082.0000    28079.0000   678228    0.01%      x(c5_3_Om) U  50090  37269     26
  51245 16265    28079.1667   313    28082.0000    28079.1667   688999    0.01%  x(c17_1_c27_1) D  51245  23914     17

Cover cuts applied:  5
Flow cuts applied:  1
Zero-half cuts applied:  34
Gomory fractional cuts applied:  1
User cuts applied:  501

Root node processing (before b&c):
  Real time             =    2.09 sec. (5577.68 ticks)
Sequential b&c:
  Real time             =  110.02 sec. (199767.72 ticks)
                          ------------
Total (root+branch&cut) =  112.12 sec. (205345.40 ticks)

