Version identifier: 22.1.0.0 | 2022-03-09 | 1a383f8ce
CPXPARAM_Preprocessing_Reduce                    0
CPXPARAM_Threads                                 1
CPXPARAM_Preprocessing_Reformulations            0
CPXPARAM_Emphasis_MIP                            2
CPXPARAM_TimeLimit                               7200
CPXPARAM_MIP_Tolerances_AbsMIPGap                0.98999999999999999
CPXPARAM_MIP_Limits_TreeMemory                   20000
Legacy callback                                  BbLUID
         Disabling repeat represolve because of lazy constraint/incumbent callback.
1 of 1 MIP starts provided solutions.
MIP start 'm1' defined initial solution with objective 38461.0000.
Tried aggregator 0 times.
Reduced MIP has 46854 rows, 44615 columns, and 267937 nonzeros.
Reduced MIP has 44146 binaries, 0 generals, 0 SOSs, and 0 indicators.
Presolve time = 0.00 sec. (14.09 ticks)
Probing time = 0.01 sec. (13.83 ticks)
Clique table members: 6296.
MIP emphasis: optimality.
MIP search method: traditional branch-and-cut.
Parallel mode: none, using 1 thread.
Root relaxation solution time = 0.04 sec. (110.72 ticks)

        Nodes                                         Cuts/
   Node  Left     Objective  IInf  Best Integer    Best Bound    ItCnt     Gap         Variable B NodeID Parent  Depth

*     0+    0                        38461.0000        0.0000           100.00%
      0     0    32123.6612   997    38461.0000    32123.6612     1614   16.48%
      0     0    36441.5026   972    38461.0000     Cuts: 327     2378    5.25%
      0     0    37526.2586   948    38461.0000     Cuts: 113     2771    2.43%
      0     0    37896.0340   956    38461.0000      Cuts: 33     3031    1.47%
      0     0    38097.0013   937    38461.0000      Cuts: 17     3208    0.95%
      0     0    38182.0206   966    38461.0000      Cuts: 51     3412    0.73%
      0     0    38259.3654   964    38461.0000     Cuts: 129     3597    0.52%
      0     0    38353.0000   969    38461.0000      Cuts: 11     3727    0.28%
      0     0    38379.0000   968    38461.0000      Cuts: 55     3829    0.21%
      0     0    38406.0000   953    38461.0000       Cuts: 8     3939    0.14%
      0     0    38408.0000   955    38461.0000       Cuts: 5     3952    0.14%
      0     2    38408.0000   944    38461.0000    38408.0000     3952    0.14%                        0             0
Elapsed time = 25.85 sec. (39955.31 ticks, tree = 0.01 MB, solutions = 1)
      1     3    38408.0000   939    38461.0000    38408.5000     4618    0.14%   x(c6_4_c95_4) D      1      0      1
      2     4    38418.6667   963    38461.0000    38412.5000     7755    0.13%   x(c95_4_c6_4) N      2      1      2
      3     4    38447.0000   870    38461.0000    38418.6667     8227    0.11%   x(c95_4_c6_4) N      3      1      2
      4     3        cutoff          38461.0000    38418.6667     8251    0.11%  x(c94_4_c47_4) N      4      3      3
      5     4    38418.6667   784    38461.0000    38418.6667     8741    0.11%  x(c35_5_c23_5) N      5      2      3
      6     5    38421.6671   782    38461.0000    38418.6667     8978    0.11%  x(c57_4_c36_4) U      6      5      4
      7     6    38422.3345   772    38461.0000    38418.6667     9264    0.11%     x(c71_4_Om) N      7      6      5
      8     6    38437.1783   830    38461.0000    38418.6667    10042    0.11%   x(c75_4_c4_4) N      8      7      6
     10     7    38447.1783   809    38461.0000    38418.6667    10269    0.11%  x(c71_4_c60_4) D     10      9      8
     13     7    38458.6847   761    38461.0000    38418.6667    11764    0.11%  x(c82_4_c21_4) D     13     11     10
Elapsed time = 124.00 sec. (185091.17 ticks, tree = 0.47 MB, solutions = 1)
     15     7    38418.6667   784    38461.0000    38418.6667    12029    0.11%  x(c57_4_c36_4) N     15      5      4
     19    11    38419.5000   777    38461.0000    38418.6667    12428    0.11%  x(c59_4_c76_4) D     19     18      8
     20    11    38454.0294   759    38461.0000    38418.6667    14987    0.11%  x(c59_4_c76_4) N     20     18      8
     22    13    38418.6667   786    38461.0000    38418.6667    16639    0.11%  x(c35_5_c23_5) N     22      2      3
     26    17    38420.0168   894    38461.0000    38418.6667    16886    0.11%  x(c76_4_c59_4) N     26     24      6
     28    19    38452.0000   644    38461.0000    38418.6667    18672    0.11%  x(c59_4_c76_4) N     28     23      5
     36    24    38422.0211   891    38461.0000    38421.0168    19274    0.10%   x(c4_4_c82_4) D     36     26      7
     37    24    38439.0176   861    38461.0000    38421.6667    19520    0.10%   x(c4_4_c82_4) U     37     26      7
     45    30    38422.0211   871    38461.0000    38422.3345    19810    0.10%   x(c94_4_c6_4) D     45     36      8
     49    32    38423.6813   915    38461.0000    38422.6667    20028    0.10%  x(c30_4_c22_4) D     49     48      7
Elapsed time = 152.19 sec. (229370.19 ticks, tree = 0.93 MB, solutions = 1)
     50    32    38458.5248   783    38461.0000    38422.6667    20411    0.10%  x(c30_4_c22_4) N     50     48      7
     56    35    38456.5227   930    38461.0000    38423.0000    20779    0.10%  x(c30_4_c22_4) U     56     39      6
     62    37        cutoff          38461.0000    38423.3333    21119    0.10%  x(c95_4_c76_4) U     62     60     13
     67    39    38451.0131   945    38461.0000    38423.5000    21582    0.10%   x(c94_4_c6_4) U     67     63     11
     72    40    38423.5294   808    38461.0000    38423.5294    21940    0.10%  x(c62_5_c18_5) N     72     46     10
     75    42    38455.0968   803    38461.0000    38423.6667    22508    0.10%  x(c36_4_c11_4) N     75     73     12
     80    47    38425.0967   806    38461.0000    38424.0000    22956    0.10%  x(c59_4_c76_4) N     80     49      8
     86    53    38424.1174   892    38461.0000    38424.0103    23221    0.10% x(c96_5_c100_5) D     86     85     19
     92    58    38424.1454   752    38461.0000    38424.0103    23319    0.10%   x(c3_5_c78_5) U     92     91     25
     98    62    38424.2179   740    38461.0000    38424.0103    23393    0.10%   x(c81_5_c5_5) D     98     97     31
Elapsed time = 160.87 sec. (244573.02 ticks, tree = 1.49 MB, solutions = 1)
    102    65    38424.0138   784    38461.0000    38424.0126    23573    0.10%  x(c62_5_c18_5) D    102     65     13
    111    74    38424.1784   745    38461.0000    38424.0126    23726    0.10%  x(c40_5_c24_5) D    111    110     22
    123    83    38453.0870   834    38461.0000    38424.0414    24325    0.10%  x(c36_4_c11_4) U    123    121     16
    131    85    38424.4051   734    38461.0000    38424.4686    25343    0.09%  x(c98_4_c59_4) D    131    119     31
    141    91    38454.5953   762    38461.0000    38425.0000    26110    0.09%  x(c52_4_c45_4) U    141     83     17
    150    86        cutoff          38461.0000    38425.3469    27593    0.09%  x(c62_5_c18_5) N    150     65     13
    152    87    38448.6367   887    38461.0000    38425.6667    27965    0.09%  x(c79_4_c99_4) N    152    101     35
    158    91        cutoff          38461.0000    38425.7500    28533    0.09%  x(c52_4_c44_4) U    158    154      9
    165    93    38448.0357   773    38461.0000    38425.7573    29459    0.09%  x(c52_4_c45_4) D    165    164     11
    172    99    38441.1359   761    38461.0000    38425.8333    30458    0.09%  x(c52_4_c45_4) U    172    170     15
Elapsed time = 168.86 sec. (257158.62 ticks, tree = 2.91 MB, solutions = 1)
    177    98        cutoff          38461.0000    38426.1667    31453    0.09%  x(c89_4_c84_4) N    177     88     22
    183   102    38453.0219   703    38461.0000    38426.3333    32334    0.09%  x(c40_5_c42_5) U    183    109     21
    188   105    38427.2180   588    38461.0000    38427.0069    32818    0.09%  x(c39_4_c29_4) D    188    187     15
    199   115    38427.0830   761    38461.0000    38427.0532    33316    0.09%  x(c88_4_c66_4) U    199    198     12
    205   119    38427.2968   719    38461.0000    38427.0532    33545    0.09%   x(c4_4_c82_4) D    205    204     18
    212   125    38431.1025   882    38461.0000    38427.0830    34389    0.09%  x(c52_4_c57_4) N    212    171     16
    221   126    38427.2054   802    38461.0000    38427.2054    34988    0.09%   x(c81_5_c5_5) D    221    220     15
    235   138    38452.4567   764    38461.0000    38427.3333    36242    0.09%  x(c42_5_c43_5) U    235    194     22
    240   143    38427.4974   750    38461.0000    38427.4974    36539    0.09%   x(c71_4_c8_4) D    240    239     28
    256   151    38430.0000   568    38461.0000    38427.6754    37231    0.09%     x(Op_c71_2) D    256    255     15
Elapsed time = 176.26 sec. (269232.82 ticks, tree = 3.88 MB, solutions = 1)
    260   153    38427.6918   747    38461.0000    38427.6918    38170    0.09%  x(c52_4_c45_4) D    260    214     10
    276   156    38447.0730   624    38461.0000    38428.0000    39647    0.09%   x(c82_2_c4_2) N    276    271     16
    281   156    38446.1214   887    38461.0000    38428.2323    40417    0.09%   x(c3_5_c78_5) D    281     91     25
    297   153    38441.2906   832    38461.0000    38429.4051    41741    0.08%  x(c29_4_c39_4) U    297    226     21
    304   152    38430.0269   622    38461.0000    38430.0000    42782    0.08%     x(c18_2_Om) N    304    274     19
    308   155    38431.1485   607    38461.0000    38430.0000    43707    0.08%  x(c16_2_c98_2) N    308    307     23
    312   159    38430.0148   479    38461.0000    38430.0000    44231    0.08%  x(c81_4_c22_4) D    312    311     21
    323   170    38430.0783   643    38461.0000    38430.0000    44615    0.08%  x(c88_4_c89_4) D    323    322     32
    330   176    38430.1072   601    38461.0000    38430.0000    44803    0.08%  x(c30_2_c22_2) D    330    329     39
    338   181    38430.1441   606    38461.0000    38430.0000    44886    0.08%  x(c66_2_c16_2) D    338    337     47
Elapsed time = 186.47 sec. (286043.22 ticks, tree = 4.10 MB, solutions = 1)
    343   184    38430.1893   729    38461.0000    38430.0000    45021    0.08%  x(c22_2_c30_2) D    343    342     52
    352   190    38430.2169   730    38461.0000    38430.0000    45070    0.08%  x(c84_2_c58_2) D    352    351     61
    365   199    38430.4525   707    38461.0000    38430.0000    45299    0.08%  x(c71_4_c60_4) D    365    364     74
    380   214    38430.0959   580    38461.0000    38430.0000    46456    0.08%  x(c96_4_c55_4) D    380    379     29
    382   216    38430.2051   585    38461.0000    38430.0000    47021    0.08%     x(c18_2_Om) U    382    381     31
    387   219    38430.0054   449    38461.0000    38430.0062    48299    0.08%  x(c75_2_c82_2) N    387    256     16
    392   224    38430.0567   460    38461.0000    38430.0148    48841    0.08%  x(c89_2_c88_2) D    392    391     21
    404   235    38430.2310   480    38461.0000    38430.0148    49535    0.08%  x(c11_2_c36_2) D    404    403     33
    408   238    38430.3363   584    38461.0000    38430.0148    49572    0.08%  x(c82_2_c21_2) D    408    407     37
    410   239    38430.4006   571    38461.0000    38430.0148    49620    0.08%  x(c59_2_c98_2) D    410    409     39
Elapsed time = 193.55 sec. (297684.16 ticks, tree = 5.17 MB, solutions = 1)
    413   240    38440.0023   560    38461.0000    38430.0282    51142    0.08%  x(c88_2_c58_2) U    413    370     20
    429   254    38430.1098   578    38461.0000    38430.0411    51874    0.08%      x(c8_2_Om) D    429    428     38
    433   258    38430.2407   616    38461.0000    38430.0411    52832    0.08%  x(c75_2_c82_2) U    433    432     42
    439   260    38434.0635   794    38461.0000    38430.0689    53456    0.08%  x(c57_4_c52_4) N    439    293     40
    440   261    38439.0928   590    38461.0000    38430.0852    54342    0.08% x(c96_5_c100_5) U    440    414     24
    444   261        cutoff          38461.0000    38430.1044    56313    0.08%  x(c84_2_c89_2) N    444    392     22
    446   263    38445.8750   503    38461.0000    38430.1103    57506    0.08%  x(c14_4_c85_4) N    446    330     40
    450   262    38432.1370   596    38461.0000    38430.2208    59067    0.08%  x(c98_2_c16_2) N    450    372     22
    457   258    38430.4282   588    38461.0000    38430.4282    60507    0.08%  x(c14_2_c21_2) N    457    410     40
    463   261    38431.4677   593    38461.0000    38430.4750    60894    0.08%  x(c94_2_c16_2) N    463    385     35
Elapsed time = 201.69 sec. (311073.16 ticks, tree = 5.60 MB, solutions = 1)
    471   259    38430.8977   577    38461.0000    38430.5035    62337    0.08%   x(c5_2_c81_2) D    471    470     48
    476   260    38434.1667   566    38461.0000    38430.7064    63671    0.08%  x(c75_2_c82_2) D    476    432     42
    482   259    38453.5833   583    38461.0000    38430.9042    65184    0.08%  x(c60_2_c71_2) N    482    371     21
    491   264    38432.5080   597    38461.0000    38431.0000    66559    0.08%  x(c36_2_c11_2) N    491    461     45
    494   267    38451.2189   600    38461.0000    38431.0000    68155    0.08%  x(c84_4_c58_4) U    494    382     32
    507   265    38431.0154   386    38461.0000    38431.0000    70099    0.08%  x(c54_3_c38_3) N    507    412     24
    509   267    38431.0166   400    38461.0000    38431.0000    70138    0.08%  x(c73_3_c17_3) N    509    508     26
    510   268    38431.0221   438    38461.0000    38431.0000    70367    0.08%  x(c74_3_c17_3) D    510    509     27
    515   272    38431.0299   393    38461.0000    38431.0000    70636    0.08%  x(c19_2_c54_2) D    515    514     32
    520   276    38431.1790   670    38461.0000    38431.0000    71723    0.08%  x(c59_3_c76_3) D    520    519     37
Elapsed time = 220.43 sec. (337589.87 ticks, tree = 6.62 MB, solutions = 1)
    527   283    38431.1998   804    38461.0000    38431.0000    72456    0.08%  x(c84_4_c66_4) D    527    526     44
    532   287    38431.2028   450    38461.0000    38431.0000    72715    0.08%  x(c27_3_c79_3) D    532    531     49
    537   292    38431.2183   439    38461.0000    38431.0000    72967    0.08%  x(c59_3_c98_3) D    537    536     54
    541   296    38431.2212   438    38461.0000    38431.0000    73265    0.08%  x(c73_3_c92_3) D    541    540     58
    550   305    38431.2341   400    38461.0000    38431.0000    73582    0.08%  x(c45_3_c44_3) D    550    549     67
    555   310    38431.3046   429    38461.0000    38431.0000    73954    0.08%  x(c59_3_c58_3) D    555    554     72
    557   310    38431.0081   164    38461.0000    38431.0040    80979    0.08%  x(c54_3_c38_3) N    557    412     24
    559   312    38431.0291   173    38461.0000    38431.0040    90041    0.08%  x(c57_3_c16_3) N    559    558     26
    560   312    38431.0324   192    38461.0000    38431.0040    90064    0.08%  x(c27_3_c79_3) N    560    559     27
    563   314    38431.0787   386    38461.0000    38431.0040    98010    0.08%  x(c52_3_c57_3) N    563    562     30
Elapsed time = 247.07 sec. (371034.15 ticks, tree = 8.08 MB, solutions = 1)
    567   318    38431.0885   160    38461.0000    38431.0040   102183    0.08%  x(c17_3_c73_3) D    567    566     34
    574   323    38431.1709   385    38461.0000    38431.0040   106347    0.08%   x(c17_3_c9_3) N    574    573     41
    581   329    38431.2839   368    38461.0000    38431.0040   108220    0.08%  x(c57_3_c99_3) N    581    580     48
    608   354    38431.1291   385    38461.0000    38431.0081   110829    0.08%     x(c18_2_Om) D    608    607     42
    624   367    38444.6687   513    38461.0000    38431.0081   115456    0.08%  x(c57_3_c52_3) N    624    557     25
    626   368    38456.5000    42    38461.0000    38431.0142   121412    0.08%  x(c57_3_c16_3) N    626    558     26
    632   372    38434.0392   409    38461.0000    38431.0405   126190    0.08%  x(c59_3_c76_3) N    632    519     37
    634   371    38457.2223   496    38461.0000    38431.0821   135963    0.08%  x(c94_3_c95_3) N    634    565     33
    648   377    38440.1223   389    38461.0000    38431.1285   140509    0.08% x(c100_5_c96_5) N    648    597     32
    653   378    38438.0801   765    38461.0000    38431.1485   144764    0.08%  x(c52_3_c57_3) U    653    585     20
Elapsed time = 282.90 sec. (420189.82 ticks, tree = 8.94 MB, solutions = 1)
    670   392    38431.4268   810    38461.0000    38431.1539   147920    0.08%  x(c94_5_c16_5) D    670    669     40
    686   406    38437.0906   448    38461.0000    38431.1863   152222    0.08%  x(c19_2_c54_2) N    686    514     32
    697   409    38444.8920   496    38461.0000    38431.2291   157277    0.08% x(c96_5_c100_5) N    697    521     39
    700   409    38442.2816   761    38461.0000    38431.2358   160030    0.08%  x(c45_3_c44_3) N    700    549     67
    715   406    38449.1741   400    38461.0000    38431.3420   166323    0.08%  x(c35_4_c23_4) N    715    575     43
    738   413        cutoff          38461.0000    38431.4467   168450    0.08%  x(c33_3_c78_3) U    738    681     52
    746   416    38445.5615   467    38461.0000    38431.4706   171213    0.08%  x(c96_4_c55_4) U    746    396     26
    778   416    38451.0964   431    38461.0000    38431.7302   177924    0.08%  x(c93_3_c59_3) N    778    544     62
    788   410    38446.0000   181    38461.0000    38431.8676   184160    0.08%  x(c52_3_c57_3) U    788    562     30
    803   411    38462.0363   605    38461.0000    38431.9834   188751    0.08%  x(c48_2_c80_2) U    803    463     36
Elapsed time = 317.83 sec. (471443.53 ticks, tree = 9.60 MB, solutions = 1)
    806   412    38437.5000   336    38461.0000    38432.0725   193472    0.08%  x(c59_3_c76_3) U    806    591     26
    812   414    38437.7571   618    38461.0000    38432.1103   198472    0.08%  x(c29_5_c44_5) N    812    398     28
    840   410    38434.2046   577    38461.0000    38432.3889   200923    0.07%  x(c80_4_c65_4) N    840    838     49
    862   400    38443.2861   377    38461.0000    38432.6700   205698    0.07%  x(c84_3_c31_3) U    862    613     48
    877   408    38433.0813   614    38461.0000    38432.8028   208210    0.07%     x(c18_4_Om) D    877    876     34
    893   406    38440.0142   468    38461.0000    38432.9353   213412    0.07%  x(c73_3_c17_3) N    893    508     26
    920   418    38457.9798   522    38461.0000    38433.1011   217381    0.07%   x(c10_3_c3_3) D    920    919     46
    933   426    38433.3579   794    38461.0000    38433.1187   220319    0.07%  x(c66_4_c88_4) U    933    932     25
    958   426    38433.4748   568    38461.0000    38433.4647   223699    0.07%  x(c57_3_c16_3) D    958    915     44
    981   436        cutoff          38461.0000    38433.7284   227049    0.07%   x(c17_3_c9_3) D    981    918     46
Elapsed time = 343.57 sec. (513286.67 ticks, tree = 9.78 MB, solutions = 1)
   1000   435    38445.1414   188    38461.0000    38434.1172   232829    0.07%  x(c39_4_c29_4) U   1000    572     40
   1030   433    38449.0000   370    38461.0000    38435.0000   237590    0.07%  x(c23_4_c35_4) U   1030    600     35
   1052   431    38439.5260   874    38461.0000    38435.1178   242024    0.07%     x(c71_2_Om) D   1052    644     18
   1082   453        cutoff          38461.0000    38435.2714   246761    0.07%   x(c82_2_c4_2) U   1082   1061     23
   1105   462    38435.5409   635    38461.0000    38435.4582   251493    0.07%     x(c18_2_Om) D   1105   1104     33
   1125   470    38455.0238   781    38461.0000    38435.8460   256894    0.07%   x(c75_2_c4_2) N   1125   1107     36
   1157   477    38449.5656   413    38461.0000    38436.0432   261756    0.06%  x(c52_3_c57_3) U   1157   1084     41
   1194   481    38451.3544   793    38461.0000    38436.3504   266697    0.06%  x(c52_3_c57_3) U   1194   1109     38
   1209   479    38437.0623   757    38461.0000    38436.5484   269970    0.06%  x(c88_2_c58_2) U   1209   1207     25
   1239   472    38437.0088   786    38461.0000    38437.0114   274038    0.06%  x(c89_4_c88_4) D   1239   1238     27
Elapsed time = 370.71 sec. (556766.03 ticks, tree = 10.51 MB, solutions = 1)
   1273   505    38437.1965   193    38461.0000    38437.0192   281997    0.06%  x(c17_3_c73_3) D   1273   1272     61
   1277   509    38437.4906   417    38461.0000    38437.0192   286621    0.06%  x(c57_3_c99_3) D   1277   1276     65
   1295   520    38437.1469   631    38461.0000    38437.0656   290419    0.06%  x(c66_4_c84_4) D   1295   1294     38
   1306   523    38449.0101   587    38461.0000    38437.1020   296346    0.06%  x(c57_3_c52_3) U   1306   1245     34
   1310   523    38445.8333   191    38461.0000    38437.1395   301326    0.06%  x(c54_3_c38_3) N   1310   1271     60
   1323   524    38437.7778   407    38461.0000    38437.4617   310165    0.06%  x(c75_2_c82_2) U   1323   1221     23
   1325   526    38437.5695   582    38461.0000    38437.5000   315808    0.06%  x(c57_3_c16_3) N   1325    806     27
   1340   535    38448.3692   607    38461.0000    38437.6240   320503    0.06%  x(c75_2_c82_2) U   1340   1250     39
   1354   538    38451.7500   379    38461.0000    38437.8890   325841    0.06%  x(c31_3_c66_3) N   1354   1264     53
   1370   538    38445.5000   388    38461.0000    38438.0834   332337    0.06%  x(c62_5_c18_5) D   1370    653     21
Elapsed time = 408.37 sec. (607489.67 ticks, tree = 11.85 MB, solutions = 1)
   1397   557    38440.7963   729    38461.0000    38438.2990   336842    0.06%  x(c75_2_c82_2) U   1397   1395     29
   1428   562    38448.7017   614    38461.0000    38438.6223   341536    0.06%  x(c52_3_c57_3) U   1428   1385     31
   1443   566    38443.0444   549    38461.0000    38438.7310   345807    0.06%     x(c18_2_Om) D   1443   1441     27
   1468   566    38458.5389   525    38461.0000    38438.9962   350086    0.06%  x(c35_3_c23_3) U   1468   1455     36
   1487   575    38459.8594   580    38461.0000    38439.2111   355442    0.06%  x(c58_4_c84_4) U   1487   1249     38
   1503   577    38448.8578   382    38461.0000    38439.3957   360378    0.06%  x(c75_2_c49_2) U   1503   1257     46
   1529   577    38453.6323   682    38461.0000    38439.7488   364680    0.06%   x(c82_2_c4_2) D   1529   1396     30
   1549   588    38447.8381   462    38461.0000    38439.8585   371499    0.05%  x(c75_2_c49_2) N   1549   1452     33
   1571   583    38440.1299   419    38461.0000    38440.1055   375510    0.05%  x(c62_5_c18_5) N   1571   1570     67
   1593   592    38459.1312   826    38461.0000    38440.1884   380653    0.05% x(c96_5_c100_5) U   1593   1060     22
Elapsed time = 437.32 sec. (649709.94 ticks, tree = 12.95 MB, solutions = 1)
   1606   589    38454.2526   776    38461.0000    38440.2982   384303    0.05%  x(c62_5_c18_5) N   1606   1426     27
   1627   586    38440.5822   588    38461.0000    38440.5976   388607    0.05%  x(c62_5_c18_5) D   1627    652     22
   1648   594    38440.7715   464    38461.0000    38440.6652   393121    0.05%  x(c57_3_c52_3) D   1648   1647     25
   1680   609        cutoff          38461.0000    38440.8491   397548    0.05%  x(c57_4_c52_4) U   1680    645     19
   1697   613    38443.4703   662    38461.0000    38440.9509   402969    0.05%  x(c71_4_c60_4) D   1697   1696     31
   1729   612    38458.7500   441    38461.0000    38441.2500   407914    0.05%  x(c52_3_c57_3) N   1729   1515     35
   1770   620    38442.5640   660    38461.0000    38441.4782   412436    0.05%  x(c98_2_c16_2) U   1770   1752     49
   1788   625    38442.1856   652    38461.0000    38441.6707   417290    0.05%     x(c18_2_Om) U   1788   1787     23
   1825   636    38449.7913   791    38461.0000    38441.9252   422254    0.05%  x(c29_5_c44_5) U   1825   1555     24
   1868   648    38442.4610   798    38461.0000    38442.2484   427154    0.05%  x(c66_4_c88_4) U   1868   1867     28
Elapsed time = 463.45 sec. (689438.31 ticks, tree = 14.11 MB, solutions = 1)
   1890   651    38442.7041   760    38461.0000    38442.4403   432359    0.05%  x(c10_3_c79_3) N   1890   1889     30
   1912   657    38442.5000   871    38461.0000    38442.5000   438168    0.05%   x(c6_4_c95_4) U   1912      0      1
   1929   662    38442.6062   411    38461.0000    38442.5990   445791    0.05%  x(c84_4_c66_4) D   1929    811     35
   1952   667    38443.0524   593    38461.0000    38442.7053   449478    0.05%  x(c79_3_c27_3) D   1952   1951     34
   1970   673    38446.0719   814    38461.0000    38442.7716   454500    0.05%  x(c29_5_c44_5) U   1970   1969     29
   1977   676    38446.7388   822    38461.0000    38442.7854   459446    0.05%  x(c29_5_c44_5) D   1977   1975     29
   1985   678    38455.4687   787    38461.0000    38442.9393   463776    0.05%  x(c14_4_c87_4) N   1985   1102     31
   2003   684    38446.7778   407    38461.0000    38443.0524   468938    0.05%   x(c75_2_c4_2) D   2003   2001     29
   2028   694        cutoff          38461.0000    38443.0939   473086    0.05%  x(c57_3_c99_3) U   2028   2024     33
   2056   702    38445.0094   369    38461.0000    38443.2500   478211    0.05%  x(c54_3_c38_3) D   2056   1600     24
Elapsed time = 493.37 sec. (734306.06 ticks, tree = 15.20 MB, solutions = 1)
   2080   710    38443.4812   449    38461.0000    38443.3976   482833    0.05% x(c100_5_c96_5) D   2080   2079     22
   2118   727    38445.5833   434    38461.0000    38443.5000   487647    0.05%  x(c54_3_c38_3) U   2118   2117     38
   2145   729        cutoff          38461.0000    38443.6217   492182    0.05%  x(c10_3_c79_3) U   2145   2143     35
   2179   735    38443.8516   693    38461.0000    38443.8137   496201    0.04%     x(c71_2_Om) D   2179   1817     21
   2204   741    infeasible          38461.0000    38444.0000   500674    0.04%  x(c84_4_c66_4) U   2204    598     33
   2215   737        cutoff          38461.0000    38444.0000   505521    0.04%  x(c84_4_c66_4) U   2215    321     31
   2234   745    38456.0909   395    38461.0000    38444.0000   510834    0.04%  x(c78_3_c33_3) D   2234   2233     38
   2261   742    38444.0631   677    38461.0000    38444.0454   515226    0.04%  x(c62_5_c18_5) D   2261   1146     17
   2291   744    38446.1603   533    38461.0000    38444.1510   520632    0.04%  x(c82_4_c21_4) D   2291    699     69
   2310   742    38452.4224   612    38461.0000    38444.3866   525572    0.04%  x(c17_3_c73_3) N   2310   2026     35
Elapsed time = 521.42 sec. (775655.00 ticks, tree = 16.05 MB, solutions = 1)
   2338   744    38448.3205   430    38461.0000    38444.5333   530132    0.04%  x(c78_3_c33_3) D   2338   2288     76
   2363   745    38445.7778   407    38461.0000    38444.6249   535047    0.04%  x(c59_3_c76_3) D   2363   1350     28
   2387   751    38444.7229   654    38461.0000    38444.7223   540021    0.04%  x(c33_3_c78_3) N   2387   2386     39
   2400   755    38446.7396   390    38461.0000    38444.7679   545201    0.04%  x(c89_4_c88_4) D   2400    625     27
   2428   760    38444.9815   674    38461.0000    38444.9909   550885    0.04%     x(c18_2_Om) U   2428   1823     25
   2458   777    38446.9167   563    38461.0000    38445.0040   556310    0.04%   x(c4_2_c21_2) N   2458    628     33
   2472   781    38457.8512   471    38461.0000    38445.0385   560892    0.04%  x(c57_3_c52_3) U   2472   2470     25
   2501   777    38445.8396   376    38461.0000    38445.1446   565523    0.04%  x(c98_3_c16_3) N   2501   2056     25
   2522   781    38445.5904   724    38461.0000    38445.2222   570564    0.04%   x(c82_2_c4_2) D   2522   2521     20
   2557   786    38445.6803   517    38461.0000    38445.4444   575087    0.04%  x(c79_3_c10_3) N   2557   2556     45
Elapsed time = 549.47 sec. (816474.90 ticks, tree = 16.96 MB, solutions = 1)
   2583   788    38445.6753   470    38461.0000    38445.5715   579891    0.04% x(c100_5_c96_5) D   2583   2582     31
   2625   810    38452.6278   444    38461.0000    38445.6229   584999    0.04%  x(c52_3_c57_3) U   2625   2597     29
   2643   817    38451.8127   685    38461.0000    38445.7088   590556    0.04%  x(c57_3_c52_3) U   2643   2370     30
   2677   818    38445.8806   437    38461.0000    38445.8620   595195    0.04%  x(c11_2_c36_2) D   2677   2676     41
   2697   815    38454.1888   433    38461.0000    38445.9366   600628    0.04%  x(c79_3_c10_3) N   2697   2696     63
   2720   821    38446.0645   833    38461.0000    38446.0172   605022    0.04%  x(c62_5_c18_5) D   2720   2719     12
   2736   831    38454.1422   741    38461.0000    38446.0420   610390    0.04%  x(c79_3_c10_3) U   2736   2735     41
   2740   834    38452.1695   396    38461.0000    38446.0470   614791    0.04%  x(c96_4_c55_4) N   2740   2462     26
   2759   849    38446.2634   565    38461.0000    38446.0530   619174    0.04%   x(c5_4_c81_4) D   2759   2758     37
   2774   853    38458.9078   450    38461.0000    38446.0923   623584    0.04%  x(c52_3_c57_3) N   2774   2581     30
Elapsed time = 580.73 sec. (857404.46 ticks, tree = 18.31 MB, solutions = 1)
   2784   853    38453.0893   672    38461.0000    38446.1134   628550    0.04%  x(c52_3_c57_3) N   2784   2723     43
   2813   853    38446.3427   517    38461.0000    38446.2326   632798    0.04%  x(c79_3_c27_3) N   2813   2553     55
   2841   860    38448.6408   478    38461.0000    38446.2857   637649    0.04%   x(c81_4_c5_4) D   2841   2840     43
   2880   861    38446.7383   747    38461.0000    38446.4820   642036    0.04%  x(c66_4_c88_4) D   2880   2879     23
   2895   870    38452.0532   437    38461.0000    38446.5116   647459    0.04%  x(c73_3_c17_3) U   2895   1310     61
   2908   873    38446.5553   674    38461.0000    38446.5420   652721    0.04%     x(c18_2_Om) D   2908   2343     15
   2931   882    38446.6478   554    38461.0000    38446.6373   657658    0.04%  x(c73_3_c17_3) D   2931   2862     61
   2968   899    38446.8211   696    38461.0000    38446.7213   662059    0.04%  x(c29_5_c44_5) U   2968   2967     30
   3003   913    38455.8049   654    38461.0000    38446.7743   666549    0.04% x(c100_5_c96_5) N   3003   2951     30
   3030   930    38448.7576   480    38461.0000    38446.7919   671521    0.04%  x(c54_3_c38_3) D   3030   2907     16
Elapsed time = 608.31 sec. (897561.04 ticks, tree = 19.88 MB, solutions = 1)
   3045   939    38451.3375   726    38461.0000    38446.8077   676576    0.04%     x(c18_4_Om) D   3045   2186     23
   3075   946    38447.0089   576    38461.0000    38446.8834   681001    0.04%  x(c10_3_c79_3) D   3075   3074     37
   3103   945    38448.4359   415    38461.0000    38446.9870   686553    0.04%  x(c53_4_c94_4) N   3103   3028     58
   3125   949    38453.1944   647    38461.0000    38447.0321   692229    0.04%  x(c17_3_c73_3) N   3125   3117     43
   3141   948    38448.7439   826    38461.0000    38447.0757   696188    0.04%  x(c18_4_c71_4) N   3141    277     18
   3171   954    38447.6055   526    38461.0000    38447.1447   699214    0.04%  x(c98_3_c16_3) D   3171   2536     43
   3200   959    38453.5833   562    38461.0000    38447.2530   703626    0.04%  x(c60_2_c71_2) N   3200   2458     34
   3237   966    38459.7239   634    38461.0000    38447.4319   708045    0.04%  x(c10_3_c79_3) N   3237   2636     43
   3274   966    38450.6102   817    38461.0000    38447.5560   711640    0.03%  x(c89_4_c88_4) N   3274   2822     35
   3301   965    38447.6726   449    38461.0000    38447.6652   715852    0.03%  x(c32_2_c78_2) D   3301   3193     50
Elapsed time = 633.41 sec. (937320.61 ticks, tree = 20.62 MB, solutions = 1)
   3333   966    38453.4460   559    38461.0000    38447.8333   719786    0.03%  x(c79_3_c10_3) U   3333   1406     31
   3359   971    38457.8521   501    38461.0000    38447.9090   726311    0.03%  x(c78_3_c33_3) N   3359   2288     76
   3379   974    38447.9924   564    38461.0000    38447.9930   731031    0.03%     x(c18_4_Om) N   3379   2421     53
   3410   976    38448.3239   500    38461.0000    38448.1166   736047    0.03%  x(c73_3_c38_3) N   3410   3409     68
   3440   977    38449.4679   505    38461.0000    38448.2291   740803    0.03%  x(c79_3_c10_3) D   3440   3113     26
   3461   987    38449.7349   480    38461.0000    38448.3070   745822    0.03%  x(c54_3_c38_3) N   3461   3357     39
   3495   995    38448.5835   572    38461.0000    38448.3699   750889    0.03%  x(c54_3_c38_3) U   3495   3494     41
   3515   994        cutoff          38461.0000    38448.4953   756083    0.03%     x(c18_4_Om) U   3515   2421     53
   3544   999    38452.0010   377    38461.0000    38448.5985   761663    0.03%  x(c54_3_c38_3) U   3544   3357     39
   3578  1008    38450.8333   444    38461.0000    38448.7165   766697    0.03%  x(c57_3_c52_3) D   3578   3577     38
Elapsed time = 660.38 sec. (980774.78 ticks, tree = 21.16 MB, solutions = 1)
   3606  1011    38458.1154   468    38461.0000    38448.8195   772226    0.03%  x(c52_3_c57_3) U   3606   3443     37
   3629  1018    38451.5833   239    38461.0000    38448.8798   780019    0.03%  x(c22_2_c30_2) D   3629    448     44
   3658  1020    38449.1387   372    38461.0000    38449.0000   785631    0.03%  x(c78_3_c33_3) N   3658   3657     40
   3679  1024        cutoff          38461.0000    38449.0605   790099    0.03%  x(c33_3_c78_3) U   3679   3339     37
   3710  1019    38455.1695   415    38461.0000    38449.1553   794972    0.03%  x(c17_3_c73_3) N   3710   3658     41
   3722  1019    38457.5006   287    38461.0000    38449.1839   800615    0.03%  x(c98_3_c16_3) N   3722   3366     31
   3757  1030    38449.5660   462    38461.0000    38449.2500   805816    0.03%  x(c54_3_c38_3) D   3757   3755     24
   3789  1033    38449.7427   664    38461.0000    38449.3669   811313    0.03% x(c96_5_c100_5) N   3789   3530     21
   3811  1039    38449.5150   589    38461.0000    38449.4816   816634    0.03%  x(c79_3_c10_3) D   3811   3810     45
   3846  1041        cutoff          38461.0000    38449.5575   821975    0.03%  x(c57_3_c52_3) U   3846   3844     44
Elapsed time = 685.83 sec. (1021928.23 ticks, tree = 21.90 MB, solutions = 1)
   3873  1057    38449.7840   479    38461.0000    38449.6271   826820    0.03%  x(c52_3_c57_3) D   3873   3872     35
   3920  1067        cutoff          38461.0000    38449.7431   831119    0.03%  x(c79_3_c27_3) U   3920   3461     40
   3952  1064    38452.5395   827    38461.0000    38449.7938   836105    0.03%     x(c18_2_Om) N   3952   1825     25
   3980  1072    38450.3294   617    38461.0000    38449.8875   840492    0.03%   x(c75_2_c4_2) N   3980   3614     30
   4012  1070    38454.5405   463    38461.0000    38449.9982   845420    0.03%  x(c44_4_c29_4) U   4012   3560     47
   4049  1074    38450.3493   444    38461.0000    38450.0500   850078    0.03%  x(c11_2_c36_2) D   4049   3953     48
   4082  1071        cutoff          38461.0000    38450.1571   855309    0.03%     x(c18_4_Om) D   4082   3411     70
   4120  1068    38450.4043   478    38461.0000    38450.3121   861015    0.03%  x(c57_3_c52_3) D   4120   4119     34
   4173  1062        cutoff          38461.0000    38450.4660   865473    0.03%  x(c10_3_c79_3) U   4173   4046     42
   4222  1057    38456.8234   467    38461.0000    38450.6816   870821    0.03%  x(c57_3_c52_3) N   4222   3871     34
Elapsed time = 712.50 sec. (1061563.53 ticks, tree = 22.27 MB, solutions = 1)
   4250  1062    38451.3361   440    38461.0000    38450.7340   875487    0.03%   x(c17_3_c9_3) D   4250   3476     26
   4289  1050    infeasible          38461.0000    38450.8493   880541    0.03%  x(c82_4_c21_4) N   4289   3382     59
   4332  1042    38451.0646   583    38461.0000    38451.0131   885488    0.03%  x(c62_5_c18_5) N   4332   4331     31
   4358  1046    38451.5654   269    38461.0000    38451.1110   890698    0.03%  x(c79_3_c10_3) N   4358   4357     41
   4391  1042    38451.2234   697    38461.0000    38451.1978   895080    0.03%     x(c18_2_Om) U   4391   3732     33
   4410  1042    38455.3571   785    38461.0000    38451.2407   897297    0.03%  x(c53_4_c94_4) N   4410   4409     32
   4440  1034    38452.3333   309    38461.0000    38451.3333   902406    0.03%  x(c98_3_c16_3) N   4440   4014     34
   4464  1032        cutoff          38461.0000    38451.4240   907604    0.02%  x(c33_3_c78_3) U   4464   2095     51
   4500  1038    38451.7310   414    38461.0000    38451.5303   911974    0.02%  x(c79_3_c10_3) D   4500   4499     43
   4560  1042    38458.0971   363    38461.0000    38451.6667   916471    0.02%  x(c44_4_c29_4) U   4560   4315     31
Elapsed time = 735.58 sec. (1100727.62 ticks, tree = 21.65 MB, solutions = 1)
   4600  1047    38451.7757   693    38461.0000    38451.7580   920746    0.02%     x(c18_4_Om) U   4600   4599     31
   4637  1061    38451.8505   548    38461.0000    38451.7951   925421    0.02%  x(c88_2_c58_2) D   4637   3806     30
   4664  1053        cutoff          38461.0000    38451.8593   929518    0.02%   x(c9_3_c17_3) U   4664   3159     45
   4698  1063    38452.1488   408    38461.0000    38452.0000   934635    0.02%  x(c96_4_c55_4) N   4698   3387     23
   4725  1068    38452.1581   394    38461.0000    38452.0491   940136    0.02%  x(c54_3_c38_3) N   4725   1584     39
   4766  1075    38458.1728   429    38461.0000    38452.1488   944776    0.02%  x(c17_3_c73_3) N   4766   4748     42
   4811  1077        cutoff          38461.0000    38452.2190   949272    0.02%  x(c73_3_c19_3) D   4811    779     46
   4841  1078    38452.2732   496    38461.0000    38452.2732   954302    0.02%     x(c18_2_Om) N   4841   4267     19
   4884  1072    38452.5111   607    38461.0000    38452.4261   958997    0.02% x(c100_5_c96_5) N   4884   2311     37
   4916  1075    38452.4994   449    38461.0000    38452.4845   963489    0.02%  x(c98_3_c16_3) N   4916   4915     24
Elapsed time = 758.86 sec. (1139883.63 ticks, tree = 22.33 MB, solutions = 1)
   4951  1076    38452.7919   538    38461.0000    38452.5393   968213    0.02%     x(c18_2_Om) U   4951   4197     15
   4998  1066    38454.3333   385    38461.0000    38452.6667   972591    0.02%  x(c52_3_c57_3) N   4998   4448     26
   5039  1061    38452.7633   597    38461.0000    38452.7602   977444    0.02%     x(c18_2_Om) D   5039   4613     24
   5087  1049        cutoff          38461.0000    38452.9096   982354    0.02%  x(c17_3_c73_3) U   5087   4836     48
   5124  1041    38454.5008   419    38461.0000    38453.0500   987616    0.02%  x(c33_3_c78_3) D   5124   5122     45
   5176  1035    38456.3315   447    38461.0000    38453.1945   992177    0.02%  x(c84_4_c66_4) D   5176   2706     32
   5225  1036    38453.3879   405    38461.0000    38453.2951   996619    0.02%  x(c62_5_c18_5) U   5225   1611     75
   5261  1036        cutoff          38461.0000    38453.3333  1001157    0.02%  x(c78_3_c33_3) U   5261   4447     28
   5314  1027        cutoff          38461.0000    38453.4667  1005583    0.02%  x(c88_4_c89_4) U   5314   4847     42
   5369  1007    infeasible          38461.0000    38453.6065  1010069    0.02%  x(c92_3_c73_3) D   5369   4876     46
Elapsed time = 781.62 sec. (1179554.89 ticks, tree = 20.67 MB, solutions = 1)
   5437   988    38456.9861   417    38461.0000    38453.7919  1013646    0.02%  x(c88_2_c89_2) N   5437   5436     48
   5472   992    38454.1022   683    38461.0000    38453.8691  1018788    0.02%  x(c75_2_c49_2) N   5472   3394     38
   5503   988    38458.2094   440    38461.0000    38453.9905  1024756    0.02%  x(c84_4_c58_4) N   5503   3561     48
   5551   986    38456.0528   631    38461.0000    38454.0725  1029072    0.02%     x(c18_2_Om) N   5551   4736      9
   5605   967    38454.6275   419    38461.0000    38454.1898  1033448    0.02% x(c96_5_c100_5) D   5605   2698     65
   5653   968    38456.6125   703    38461.0000    38454.2540  1037838    0.02%  x(c57_3_c52_3) D   5653   5651     31
   5684   964    38454.3438   624    38461.0000    38454.3216  1042168    0.02%  x(c84_4_c89_4) D   5684   5683     35
   5734   953    infeasible          38461.0000    38454.4402  1046946    0.02%  x(c54_3_c38_3) D   5734   1898     47
   5774   942    38456.8146   412    38461.0000    38454.5441  1051435    0.02%  x(c66_4_c84_4) D   5774   3857     43
   5814   927        cutoff          38461.0000    38454.6883  1055161    0.02%     x(c18_4_Om) D   5814   1947     13
Elapsed time = 803.42 sec. (1218461.01 ticks, tree = 18.75 MB, solutions = 1)
   5852   918    38455.9105   529    38461.0000    38454.7695  1060037    0.02% x(c96_5_c100_5) N   5852   5281     50
   5885   925        cutoff          38461.0000    38454.8023  1064534    0.02%  x(c60_2_c71_2) U   5885   4475     34
   5923   922    38455.5000   183    38461.0000    38454.8751  1072356    0.02%  x(c39_4_c29_4) D   5923   5799     37
   5973   904    infeasible          38461.0000    38455.0000  1078445    0.02%  x(c35_3_c23_3) N   5973   5447     27
   6026   886    38459.7278   664    38461.0000    38455.1963  1083628    0.02%  x(c11_4_c36_4) D   6026   6024     33
   6079   866    38458.0009   810    38461.0000    38455.2954  1088661    0.01%     x(c18_4_Om) D   6079   4908     24
   6141   842        cutoff          38461.0000    38455.4500  1092264    0.01%     x(c18_4_Om) U   6141   5429     38
   6187   825    38459.6012   381    38461.0000    38455.5682  1097177    0.01% x(c96_5_c100_5) D   6187   2507     42
   6229   819    38458.7011   726    38461.0000    38455.7117  1101898    0.01%     x(c18_2_Om) D   6229   5406     15
   6273   795        cutoff          38461.0000    38455.8229  1106449    0.01%  x(c18_4_c71_4) U   6273   3144     59
Elapsed time = 827.80 sec. (1260947.70 ticks, tree = 16.15 MB, solutions = 1)
   6338   754    infeasible          38461.0000    38456.0660  1110919    0.01%  x(c28_3_c56_3) D   6338   6111     60
   6401   724    38458.2345   744    38461.0000    38456.2204  1115412    0.01%  x(c52_3_c57_3) N   6401   5664     30
   6459   716    38456.5411   446    38461.0000    38456.3324  1119543    0.01%  x(c33_3_c78_3) D   6459   5176     33
   6521   675        cutoff          38461.0000    38456.5210  1123323    0.01%  x(c57_3_c52_3) U   6521   6448     35
   6550   661    38456.9476   700    38461.0000    38456.6250  1127022    0.01%  x(c88_4_c66_4) N   6550   5653     32
   6609   629    38459.8200   525    38461.0000    38456.8435  1130273    0.01%  x(c78_3_c33_3) N   6609   4449     38
   6653   625    38459.3443   622    38461.0000    38456.9730  1134665    0.01%     x(c18_2_Om) N   6653   2244     37
   6718   595        cutoff          38461.0000    38457.1531  1138295    0.01%   x(c10_3_c3_3) U   6718    691     53

Clique cuts applied:  41
Cover cuts applied:  44
Flow cuts applied:  77
Mixed integer rounding cuts applied:  40
Zero-half cuts applied:  5
Gomory fractional cuts applied:  10
User cuts applied:  1027

Root node processing (before b&c):
  Real time             =   25.84 sec. (39935.63 ticks)
Sequential b&c:
  Real time             =  818.90 sec. (1254041.21 ticks)
                          ------------
Total (root+branch&cut) =  844.74 sec. (1293976.85 ticks)

