Version identifier: 22.1.0.0 | 2022-03-09 | 1a383f8ce
CPXPARAM_Preprocessing_Reduce                    0
CPXPARAM_Threads                                 1
CPXPARAM_Preprocessing_Reformulations            0
CPXPARAM_Emphasis_MIP                            2
CPXPARAM_TimeLimit                               7200
CPXPARAM_MIP_Tolerances_AbsMIPGap                0.98999999999999999
CPXPARAM_MIP_Limits_TreeMemory                   20000
Legacy callback                                  BbLUID
         Disabling repeat represolve because of lazy constraint/incumbent callback.
1 of 1 MIP starts provided solutions.
MIP start 'm1' defined initial solution with objective 7192.0000.
Tried aggregator 0 times.
Reduced MIP has 650 rows, 560 columns, and 3178 nonzeros.
Reduced MIP has 520 binaries, 0 generals, 0 SOSs, and 0 indicators.
Presolve time = 0.00 sec. (0.18 ticks)
Probing time = 0.00 sec. (0.83 ticks)
Clique table members: 266.
MIP emphasis: optimality.
MIP search method: traditional branch-and-cut.
Parallel mode: none, using 1 thread.
Root relaxation solution time = 0.00 sec. (1.16 ticks)

        Nodes                                         Cuts/
   Node  Left     Objective  IInf  Best Integer    Best Bound    ItCnt     Gap         Variable B NodeID Parent  Depth

*     0+    0                         7192.0000        0.0000           100.00%
      0     0     6402.2536    94     7192.0000     6402.2536      120   10.98%
      0     0     7183.0080    81     7192.0000      Cuts: 31      168    0.13%
      0     0     7187.0000    82     7192.0000      Cuts: 11      178    0.07%
      0     2     7187.0000    82     7192.0000     7187.0000      178    0.07%                        0             0
Elapsed time = 0.06 sec. (112.43 ticks, tree = 0.01 MB, solutions = 1)

Clique cuts applied:  15
Cover cuts applied:  2
Flow cuts applied:  1
Gomory fractional cuts applied:  5
User cuts applied:  18

Root node processing (before b&c):
  Real time             =    0.06 sec. (112.42 ticks)
Sequential b&c:
  Real time             =    0.02 sec. (50.68 ticks)
                          ------------
Total (root+branch&cut) =    0.08 sec. (163.10 ticks)

