Version identifier: 22.1.0.0 | 2022-03-09 | 1a383f8ce
CPXPARAM_Preprocessing_Reduce                    0
CPXPARAM_Threads                                 1
CPXPARAM_Preprocessing_Reformulations            0
CPXPARAM_Emphasis_MIP                            2
CPXPARAM_TimeLimit                               7200
CPXPARAM_MIP_Tolerances_AbsMIPGap                0.98999999999999999
CPXPARAM_MIP_Limits_TreeMemory                   20000
Legacy callback                                  BbLUID
         Disabling repeat represolve because of lazy constraint/incumbent callback.
1 of 1 MIP starts provided solutions.
MIP start 'm1' defined initial solution with objective 11791.0000.
Tried aggregator 0 times.
Reduced MIP has 1260 rows, 1010 columns, and 5938 nonzeros.
Reduced MIP has 942 binaries, 0 generals, 0 SOSs, and 0 indicators.
Presolve time = 0.00 sec. (0.33 ticks)
Probing time = 0.00 sec. (1.56 ticks)
Clique table members: 481.
MIP emphasis: optimality.
MIP search method: traditional branch-and-cut.
Parallel mode: none, using 1 thread.
Root relaxation solution time = 0.00 sec. (2.85 ticks)

        Nodes                                         Cuts/
   Node  Left     Objective  IInf  Best Integer    Best Bound    ItCnt     Gap         Variable B NodeID Parent  Depth

*     0+    0                        11791.0000        0.0000           100.00%
      0     0    10319.0382   142    11791.0000    10319.0382      243   12.48%
      0     0    11744.0080   145    11791.0000      Cuts: 46      332    0.40%
      0     0    11764.0000   142    11791.0000       Cuts: 6      355    0.23%
      0     2    11764.0000   142    11791.0000    11764.0000      355    0.23%                        0             0
Elapsed time = 0.06 sec. (118.82 ticks, tree = 0.01 MB, solutions = 1)

Clique cuts applied:  22
Cover cuts applied:  1
Flow cuts applied:  1
Mixed integer rounding cuts applied:  5
Zero-half cuts applied:  2
Gomory fractional cuts applied:  7
User cuts applied:  18

Root node processing (before b&c):
  Real time             =    0.06 sec. (118.80 ticks)
Sequential b&c:
  Real time             =    0.08 sec. (180.38 ticks)
                          ------------
Total (root+branch&cut) =    0.14 sec. (299.18 ticks)

