Version identifier: 22.1.0.0 | 2022-03-09 | 1a383f8ce
CPXPARAM_Preprocessing_Reduce                    0
CPXPARAM_Threads                                 1
CPXPARAM_Preprocessing_Reformulations            0
CPXPARAM_Emphasis_MIP                            2
CPXPARAM_TimeLimit                               7200
CPXPARAM_MIP_Tolerances_AbsMIPGap                0.98999999999999999
CPXPARAM_MIP_Limits_TreeMemory                   20000
Legacy callback                                  BbLUID
         Disabling repeat represolve because of lazy constraint/incumbent callback.
1 of 1 MIP starts provided solutions.
MIP start 'm1' defined initial solution with objective 2291.0000.
Tried aggregator 0 times.
Reduced MIP has 906 rows, 800 columns, and 4578 nonzeros.
Reduced MIP has 752 binaries, 0 generals, 0 SOSs, and 0 indicators.
Presolve time = 0.00 sec. (0.25 ticks)
Probing time = 0.00 sec. (1.40 ticks)
Clique table members: 382.
MIP emphasis: optimality.
MIP search method: traditional branch-and-cut.
Parallel mode: none, using 1 thread.
Root relaxation solution time = 0.00 sec. (1.69 ticks)

        Nodes                                         Cuts/
   Node  Left     Objective  IInf  Best Integer    Best Bound    ItCnt     Gap         Variable B NodeID Parent  Depth

*     0+    0                         2291.0000        0.0000           100.00%
      0     0     1753.2593    94     2291.0000     1753.2593      152   23.47%
      0     0     2126.3256    88     2291.0000      Cuts: 26      242    7.19%
      0     0     2216.0000    98     2291.0000      Cuts: 15      297    3.27%
      0     0     2238.5000   100     2291.0000       Cuts: 4      352    2.29%
      0     0     2241.0000    98     2291.0000       Cuts: 5      381    2.18%
      0     0     2241.0000    90     2291.0000   ZeroHalf: 3      385    2.18%
      0     0     2241.0000   103     2291.0000   ZeroHalf: 4      393    2.18%
      0     0     2241.0000   102     2291.0000   ZeroHalf: 6      400    2.18%
      0     2     2241.0000    78     2291.0000     2241.0000      400    2.18%                        0             0
Elapsed time = 0.08 sec. (163.61 ticks, tree = 0.01 MB, solutions = 1)
     50    30     2242.0470    77     2291.0000     2242.0000      976    2.14%     x(c24_1_Om) N     50      2      2
    128    86     2243.4543    51     2291.0000     2242.0000     1449    2.14%   x(c4_1_c13_1) N    128    127     79
    235   167     2242.3612    31     2291.0000     2242.0000     2173    2.14%     x(c21_2_Om) N    235    234     98
    340   258     2242.4035    67     2291.0000     2242.0000     2887    2.14%  x(c11_1_c19_1) D    340    339     86
    494   400     2242.1855    59     2291.0000     2242.0000     3524    2.14%   x(c9_3_c20_3) D    494    493     91
    670   551        cutoff           2291.0000     2242.0000     4183    2.14%  x(c12_2_c21_2) U    670    668    102
    863   732     2269.0418    69     2291.0000     2242.0521     5296    2.14%  x(c16_2_c10_2) N    863    143      7
    960   817     2277.0303    24     2291.0000     2242.5722     8928    2.11%    x(c9_3_c8_3) N    960    219     83
   1045   875     2267.8881    55     2291.0000     2243.9420    13342    2.05%  x(c20_2_c17_2) U   1045    485     83
   1810  1507     2246.4349    67     2291.0000     2246.0847    28094    1.96%   x(c9_1_c13_1) D   1810   1809     57
Elapsed time = 1.64 sec. (3303.02 ticks, tree = 1.02 MB, solutions = 1)
   2733  2331        cutoff           2291.0000     2247.7143    41278    1.89%  x(c15_3_c11_3) N   2733   2731     80
   3629  3125     2248.4963    55     2291.0000     2248.4802    53635    1.86%      x(c6_3_Om) D   3629   2977     71
   4643  3988     2249.4005    72     2291.0000     2249.1429    66678    1.83%  x(c15_1_c10_1) D   4643   4642     69
   5323  4518     2259.0000    41     2291.0000     2250.0000    82411    1.79%  x(c16_1_c20_1) U   5323   1122     19
   6023  5063     2260.5540    62     2291.0000     2250.6400    98469    1.76%  x(c26_3_c23_3) U   6023   5841     13
   6731  5619     2275.0407    27     2291.0000     2251.1018   114278    1.74%     x(c22_2_Om) U   6731   6729     10
   7591  6350     2271.4091    55     2291.0000     2251.6491   127973    1.72%      x(c4_1_Om) U   7591   4409     15
   8284  6894     2252.3103    64     2291.0000     2252.0930   142338    1.70%   x(c7_2_c16_2) D   8284   8283     23
   9007  7490     2272.2396    44     2291.0000     2252.6541   158353    1.67%   x(c7_2_c10_2) U   9007   6070     65
   9529  7767     2272.2192    84     2291.0000     2253.0000   175152    1.66%  x(c16_2_c13_2) U   9529   4853     27
Elapsed time = 6.57 sec. (12855.46 ticks, tree = 5.16 MB, solutions = 1)
  10400  8457     2253.3549    57     2291.0000     2253.1111   188514    1.65%  x(c26_3_c23_3) D  10400  10399     16
  11194  9091     2266.1850    25     2291.0000     2253.4418   202513    1.64%  x(c26_3_c23_3) U  11194   5912     16
  11941  9650     2273.2933    45     2291.0000     2253.8322   217281    1.62%  x(c16_2_c13_2) U  11941   3241     48
  12479  9986        cutoff           2291.0000     2254.0000   231005    1.62%  x(c16_2_c12_2) U  12479   4153     58
  13129 10453     2255.8539    56     2291.0000     2254.1957   245037    1.61%    x(c4_1_c8_1) D  13129  11869     46
  13757 10909     2274.0248    45     2291.0000     2254.4829   259242    1.59%     x(c22_2_Om) U  13757  13756     16
  14319 11242     2254.7858    67     2291.0000     2254.7902   272680    1.58%     x(c22_2_Om) D  14319  12067     20
  14876 11573     2276.1901    61     2291.0000     2255.0000   288061    1.57%  x(c10_2_c16_2) U  14876  14874     24
  15517 12018        cutoff           2291.0000     2255.1363   302147    1.57%    x(c8_3_c6_3) D  15517  11580     35
  16117 12438     2260.7741    39     2291.0000     2255.4020   315805    1.55%   x(c16_2_c7_2) D  16117  10391     18
Elapsed time = 11.17 sec. (22415.72 ticks, tree = 8.23 MB, solutions = 1)
  16820 12941        cutoff           2291.0000     2255.6900   329733    1.54%  x(c16_2_c13_2) U  16820  13685     20
  17385 13283     2259.6250    29     2291.0000     2256.0000   341836    1.53%  x(c12_2_c21_2) N  17385  16109     22
  17979 13639     2256.1666    39     2291.0000     2256.0309   356491    1.53%    x(c9_3_c8_3) U  17979  17978     19
  18598 14115     2256.4029    53     2291.0000     2256.1932   368462    1.52%  x(c18_2_c16_2) D  18598  18597     56
  19200 14525     2265.0000    16     2291.0000     2256.4201   382219    1.51%     x(Op_c12_2) U  19200  10186     14
  19810 14884        cutoff           2291.0000     2256.6667   395857    1.50%  x(c22_2_c17_2) D  19810  19808     58
  20431 15294        cutoff           2291.0000     2256.9451   409736    1.49%      x(c6_1_Om) U  20431  11112     29
  20979 15554     2257.1111    19     2291.0000     2257.0670   423770    1.48%    x(c9_1_c8_1) N  20979   6085     12
  21689 16089     2257.4050    68     2291.0000     2257.2117   435593    1.47%     x(Op_c12_2) D  21689  21688     86
  22398 16607     2259.3585    21     2291.0000     2257.3703   448419    1.47%  x(c22_2_c17_2) D  22398  13816     50
Elapsed time = 15.59 sec. (31968.17 ticks, tree = 11.36 MB, solutions = 1)
  23037 17070     2283.1079    17     2291.0000     2257.5677   461782    1.46%     x(Op_c12_2) U  23037  16195     50
  23632 17462     2270.7500    52     2291.0000     2257.7500   475471    1.45%     x(Op_c12_2) U  23632  23631     21
  24111 17748     2258.2522    63     2291.0000     2257.9413   486503    1.44%    x(c8_1_c9_1) D  24111  24109     36
  24691 18052        cutoff           2291.0000     2258.0000   499821    1.44%  x(c21_2_c16_2) U  24691   4597     24
  25160 17946     2281.5125    71     2291.0000     2258.0000   512657    1.44%     x(Op_c21_2) U  25160   5905     23
  25736 18079     2263.1180    66     2291.0000     2258.0297   525689    1.44%  x(c16_2_c10_2) U  25736  25734     20
  26382 18566     2258.2275    33     2291.0000     2258.1378   537491    1.43%  x(c23_3_c26_3) D  26382  26381     21
  26907 18887     2266.8000    26     2291.0000     2258.2679   551169    1.43%    x(c9_3_c8_3) D  26907   9599     24
  27454 19234        cutoff           2291.0000     2258.3975   562865    1.42%     x(Op_c13_2) U  27454  25678     89
  28013 19640     2272.4584    34     2291.0000     2258.5144   574158    1.42%    x(c9_1_c8_1) U  28013  28012     25
Elapsed time = 19.88 sec. (41518.81 ticks, tree = 13.12 MB, solutions = 1)
  28539 19927     2274.8300    40     2291.0000     2258.6667   587834    1.41%  x(c21_2_c12_2) N  28539  28538     49
  29139 20278     2259.8542    52     2291.0000     2258.8405   600908    1.40%    x(c2_2_c6_2) D  29139  29137     81
  29698 20595        cutoff           2291.0000     2259.0000   614227    1.40%   x(c9_1_c19_1) U  29698  29697     40
  30398 21091     2282.0854    56     2291.0000     2259.0601   625937    1.39%    x(c6_3_c9_3) U  30398  25605     35
  31000 21550     2259.5608    51     2291.0000     2259.1429   638121    1.39%  x(c10_2_c16_2) D  31000  27831     26
  31603 21929        cutoff           2291.0000     2259.2536   650586    1.39%     x(c11_1_Om) U  31603  21473     28
  32106 22239     2267.9539    64     2291.0000     2259.3438   661531    1.38%    x(c6_1_c9_1) U  32106  28367     44
  32773 22730     2260.2032    42     2291.0000     2259.4537   673508    1.38%  x(c21_2_c12_2) U  32773  32772     50
  33253 22975     2259.5719    33     2291.0000     2259.5720   686686    1.37%     x(Op_c12_2) D  33253  28692     14
  33745 23244        cutoff           2291.0000     2259.7021   699502    1.37%    x(c6_3_c9_3) U  33745  31630     41
Elapsed time = 24.20 sec. (51145.31 ticks, tree = 15.27 MB, solutions = 1)
  34277 23541        cutoff           2291.0000     2259.8393   712005    1.36%     x(c11_3_Om) U  34277  32807     46
  34810 23799     2273.2820    61     2291.0000     2260.0000   723872    1.35%  x(c22_2_c17_2) U  34810  27150     46
  35380 24154     2284.9753    58     2291.0000     2260.0000   735670    1.35%  x(c10_1_c15_1) U  35380  10342     33
  35898 24461     2260.3399    62     2291.0000     2260.0445   748475    1.35%   x(c10_2_c6_2) D  35898  35897     62
  36470 24893     2279.0580    35     2291.0000     2260.1117   759359    1.35%  x(c22_2_c18_2) U  36470   4905     16
  37084 25310     2280.1813    61     2291.0000     2260.1966   771827    1.34%  x(c12_2_c10_2) U  37084  37082     25
  37600 25631     2260.4018    83     2291.0000     2260.2909   783817    1.34%   x(c9_1_c11_1) D  37600  37599     28
  38113 25951     2262.0833    46     2291.0000     2260.3565   793690    1.34%  x(c11_3_c15_3) D  38113  36578     31
  38729 26331     2260.7197    37     2291.0000     2260.4510   805062    1.33%   x(c6_3_c14_3) D  38729  38728     39
  39203 26625        cutoff           2291.0000     2260.5232   815504    1.33%    x(c8_3_c4_3) U  39203  17764     19
Elapsed time = 28.44 sec. (60713.81 ticks, tree = 17.31 MB, solutions = 1)
  39755 26923     2261.0000    27     2291.0000     2260.6250   827843    1.33%  x(c16_2_c12_2) D  39755  39754     24
  40235 27204     2260.9632    56     2291.0000     2260.7056   837904    1.32%  x(c19_3_c26_3) N  40235  40234     76
  40745 27483     2276.3523    57     2291.0000     2260.8040   849799    1.32%  x(c20_3_c11_3) U  40745  37349     30
  41237 27649     2276.2065    60     2291.0000     2260.9249   861739    1.31%  x(c18_2_c22_2) U  41237  36049     19
  41759 27850     2279.6667    25     2291.0000     2261.0000   873405    1.31%    x(c2_2_c6_2) U  41759  41758     83
  42282 27870        cutoff           2291.0000     2261.0000   884338    1.31%   x(c8_1_c10_1) U  42282  18167     58
  42940 28269     2261.0573    41     2291.0000     2261.0338   896393    1.31%  x(c12_2_c21_2) D  42940  42939     19
  43557 28762     2261.3060    42     2291.0000     2261.0780   906774    1.31%   x(c6_3_c11_3) D  43557  43556     76
  44081 29146     2261.3318    50     2291.0000     2261.1234   916089    1.30%   x(c7_2_c13_2) D  44081  44080     44
  44648 29502     2271.6882    58     2291.0000     2261.1882   927701    1.30%     x(Op_c12_2) U  44648  28365     18
Elapsed time = 32.57 sec. (70261.09 ticks, tree = 19.12 MB, solutions = 1)
  45133 29736     2267.6667    56     2291.0000     2261.2609   939858    1.30%   x(c14_3_c8_3) D  45133  12120     19
  45615 29926     2284.1496    33     2291.0000     2261.3404   952188    1.29%  x(c21_2_c18_2) U  45615  43499     34
  46094 30216     2265.0730    12     2291.0000     2261.4000   962315    1.29%    x(c9_1_c6_1) U  46094  46093     16
  46659 30550     2261.4952    47     2291.0000     2261.4776   973943    1.29%   x(c8_1_c11_1) D  46659  46657     49
  47154 30790     2261.7283    84     2291.0000     2261.5446   986067    1.29%  x(c18_2_c21_2) D  47154  47152     21
  47695 31016        cutoff           2291.0000     2261.6397   997309    1.28%  x(c20_1_c26_1) U  47695   4880     74
  48196 31287        cutoff           2291.0000     2261.7133  1008901    1.28%      x(c4_1_Om) U  48196  27961     59
  48682 31531     2266.2014    74     2291.0000     2261.8047  1020865    1.27%   x(c8_3_c20_3) U  48682  22861     11
  49140 31745     2262.3815    43     2291.0000     2261.8833  1030667    1.27%  x(c22_2_c10_2) D  49140  49139     57
  49629 31896     2272.2219    27     2291.0000     2262.0000  1042547    1.27%     x(Op_c22_2) U  49629  37884     25
Elapsed time = 36.69 sec. (79814.04 ticks, tree = 20.63 MB, solutions = 1)
  50128 32230     2262.3074    63     2291.0000     2262.0181  1054741    1.27%  x(c21_2_c18_2) D  50128  50127     52
  50722 32679     2262.1057    37     2291.0000     2262.0641  1065658    1.26%  x(c26_3_c23_3) D  50722  50721     21
  51154 32951     2270.2948    41     2291.0000     2262.1137  1076021    1.26%     x(Op_c22_2) U  51154  51153     48
  51663 33253        cutoff           2291.0000     2262.1828  1087069    1.26%     x(c22_2_Om) U  51663  51662     16
  52082 33448        cutoff           2291.0000     2262.2565  1096894    1.25%  x(c26_3_c20_3) U  52082  51527     32
  52579 33702     2280.0000    24     2291.0000     2262.3333  1108170    1.25%   x(c7_2_c10_2) U  52579  33334     14
  53033 33910     2267.4413    69     2291.0000     2262.3995  1119729    1.25%    x(c4_1_c8_1) N  53033  51489     31
  53555 34194        cutoff           2291.0000     2262.4717  1130847    1.25%  x(c26_3_c20_3) U  53555  19146     57
  54021 34434        cutoff           2291.0000     2262.5339  1142644    1.24%  x(c22_2_c18_2) U  54021  46513     34
  55900 35255     2262.8961    68     2291.0000     2262.8852  1186735    1.23%      x(Op_c4_1) D  55900  53853     22
Elapsed time = 41.96 sec. (92223.60 ticks, tree = 24.15 MB, solutions = 1)
  57600 35728        cutoff           2291.0000     2263.0000  1236552    1.22%  x(c14_2_c16_2) U  57600   7193     83
  59550 36727     2263.3780    59     2291.0000     2263.1162  1280974    1.22%  x(c18_2_c22_2) D  59550  59549     39
  61629 37813     2270.1329    36     2291.0000     2263.3718  1327483    1.21%  x(c21_2_c12_2) U  61629  61628     19
  63562 38842     2263.7143    56     2291.0000     2263.5928  1372240    1.20%    x(c9_1_c8_1) D  63562  60729     24
  65354 39563     2264.8750    43     2291.0000     2263.8571  1416096    1.18%  x(c23_3_c26_3) D  65354  62895     35
  67288 40224     2267.3095    50     2291.0000     2264.0265  1462081    1.18%  x(c24_1_c26_1) U  67288  46173     35
  69377 41526     2264.3876    68     2291.0000     2264.2035  1505580    1.17%     x(c14_3_Om) D  69377  69376     32
  71233 42560     2279.4586    68     2291.0000     2264.3860  1543485    1.16%  x(c18_2_c22_2) U  71233  67225     36
  72938 43314     2285.6885    66     2291.0000     2264.5741  1585532    1.15%  x(c23_3_c26_3) D  72938  70067     52
  74713 44082     2265.5062    52     2291.0000     2264.8200  1630559    1.14%  x(c10_2_c16_2) D  74713  66873     13
Elapsed time = 58.06 sec. (130380.90 ticks, tree = 29.89 MB, solutions = 1)
  76641 44763        cutoff           2291.0000     2265.0108  1675819    1.13%    x(c6_3_c4_3) U  76641  56255     13
  78622 45930        cutoff           2291.0000     2265.1727  1717101    1.13%   x(c9_2_c10_2) U  78622  68186     21
  80602 46942     2265.4854    89     2291.0000     2265.3776  1758641    1.12%   x(c11_3_c8_3) D  80602  32157     35
  82417 47656     2265.8385    50     2291.0000     2265.5925  1801957    1.11%  x(c11_1_c15_1) D  82417  82415     44
  84094 48283        cutoff           2291.0000     2265.8187  1843424    1.10%   x(c7_2_c16_2) U  84094  69573     20
  85792 48699     2275.6146    36     2291.0000     2266.0072  1886805    1.09%    x(c6_3_c4_3) U  85792  58701     44
  87723 49900     2267.0352    77     2291.0000     2266.1502  1927564    1.08%   x(c7_2_c10_2) D  87723  81741     17
  89531 50745     2270.1429    69     2291.0000     2266.3333  1969987    1.08%    x(c6_3_c4_3) U  89531  76061     24
  91464 51657     2287.2486    72     2291.0000     2266.5014  2009876    1.07%   x(c20_1_c8_1) U  91464  91463     31
  93437 52562     2266.8153    47     2291.0000     2266.6934  2049826    1.06%      x(Op_c4_1) D  93437  93436     42
Elapsed time = 73.84 sec. (168538.94 ticks, tree = 35.46 MB, solutions = 1)
  95196 53194     2266.9178    52     2291.0000     2266.9179  2089907    1.05%  x(c16_2_c12_2) D  95196  90741     30
  96811 53548        cutoff           2291.0000     2267.0000  2127572    1.05%   x(c5_1_c15_1) U  96811   7067     68
  98855 54775     2279.5000     6     2291.0000     2267.1000  2166816    1.04%  x(c16_2_c10_2) U  98855  71246     35
 100667 55619        cutoff           2291.0000     2267.2481  2206575    1.04%  x(c16_2_c13_2) U 100667 100665     24
 102443 56530     2268.2007    73     2291.0000     2267.3755  2243282    1.03%   x(c8_1_c19_1) D 102443 102440     48
 104331 57355        cutoff           2291.0000     2267.5268  2283117    1.02%   x(c13_1_c9_1) U 104331  36998     73
 106123 58010     2274.7271    55     2291.0000     2267.6818  2321882    1.02%     x(c12_2_Om) U 106123  93293     58
 107811 58685        cutoff           2291.0000     2267.8512  2359242    1.01%  x(c11_3_c20_3) U 107811 101152    120
 109422 59120     2268.0903    43     2291.0000     2268.0000  2396145    1.00%      x(Op_c6_2) D 109422 109421     36
 111111 59380     2275.5319    50     2291.0000     2268.0319  2433623    1.00%     x(c12_2_Om) U 111111 107065     35
Elapsed time = 89.28 sec. (206697.38 ticks, tree = 40.00 MB, solutions = 1)
 113018 60591        cutoff           2291.0000     2268.1215  2470935    1.00%  x(c16_2_c21_2) D 113018 113017     38
 114750 61445        cutoff           2291.0000     2268.2365  2507734    0.99%    x(c9_1_c6_1) U 114750  87539     49
 116518 62312     2268.5244    54     2291.0000     2268.3474  2544247    0.99%    x(c4_1_c9_1) D 116518 116517     46
 118398 63176     2268.5076    73     2291.0000     2268.4660  2577991    0.98%      x(c4_1_Om) D 118398 118397     30
 120070 63965     2270.9009    20     2291.0000     2268.5635  2614253    0.98%     x(c10_2_Om) D 120070 120069     47
 121895 64802     2268.8330    31     2291.0000     2268.6905  2649771    0.97%    x(c6_3_c9_3) D 121895 117825     44
 123498 65289     2271.8000    31     2291.0000     2268.8416  2685012    0.97%   x(c20_3_c9_3) D 123498 103874     23
 125189 65777     2272.5198    50     2291.0000     2269.0000  2720014    0.96%  x(c21_2_c12_2) D 125189 125188     40
 126729 65491     2288.3586    48     2291.0000     2269.0000  2755722    0.96%  x(c18_2_c16_2) D 126729 126728     24
 128398 66222     2269.0679    69     2291.0000     2269.0538  2790354    0.96%    x(c4_1_c9_1) D 128398 128396     28
Elapsed time = 104.43 sec. (244850.94 ticks, tree = 47.39 MB, solutions = 1)
 130007 67077     2269.3527    55     2291.0000     2269.1361  2824125    0.95%  x(c21_2_c12_2) U 130007 130006     45
 131657 67769        cutoff           2291.0000     2269.2382  2860713    0.95%  x(c22_1_c20_1) U 131657 107823     42
 133518 68639        cutoff           2291.0000     2269.3333  2894018    0.95%  x(c16_2_c17_2) U 133518 133516     36
 135237 69461     2269.4911    46     2291.0000     2269.4348  2929131    0.94%   x(c2_2_c14_2) D 135237 114116     58
 136917 70157        cutoff           2291.0000     2269.5280  2962444    0.94%     x(Op_c11_1) U 136917  47418     62
 138625 70760     2282.9644    56     2291.0000     2269.6396  2994165    0.93%    x(c5_2_c2_2) N 138625 133357     25
 140181 71245     2269.8571    37     2291.0000     2269.7500  3027269    0.93%  x(c16_2_c12_2) D 140181  95973     17
 141787 71774        cutoff           2291.0000     2269.8775  3060288    0.92%   x(c9_3_c14_3) U 141787 129487     21
 143314 72179     2289.5000    23     2291.0000     2270.0000  3093216    0.92%     x(c12_2_Om) N 143314 109039     22
 144955 72979     2275.0814     6     2291.0000     2270.0305  3129577    0.92%    x(c8_1_c9_1) U 144955 144954     25
Elapsed time = 119.42 sec. (283011.15 ticks, tree = 52.02 MB, solutions = 1)
 146573 73844     2270.1819    31     2291.0000     2270.0996  3162492    0.91%  x(c16_2_c18_2) D 146573 146572     57
 148142 74464     2277.2727    76     2291.0000     2270.1789  3196573    0.91%    x(c4_1_c9_1) U 148142 148141     63
 149724 75089    infeasible           2291.0000     2270.2687  3229737    0.90%    x(c4_1_c8_1) D 149724 149723     73
 151398 75808        cutoff           2291.0000     2270.3520  3262303    0.90%  x(c12_2_c14_2) U 151398 151291     23
 152989 76410        cutoff           2291.0000     2270.4457  3294152    0.90%    x(c2_2_c7_2) U 152989  80435     38
 154529 77017     2270.6451    46     2291.0000     2270.5271  3327614    0.89%   x(c16_2_c7_2) N 154529 154528     31
 156154 77555        cutoff           2291.0000     2270.6351  3359681    0.89%   x(c9_2_c10_2) U 156154 156152     35
 157690 77969     2275.0401    72     2291.0000     2270.7500  3391675    0.88%    x(c6_3_c9_3) D 157690 150887     14
 159260 78428        cutoff           2291.0000     2270.8631  3423756    0.88%   x(c7_2_c16_2) U 159260  98097     23
 160760 78779     2284.0000    16     2291.0000     2271.0000  3454778    0.87%  x(c22_2_c17_2) U 160760  48863     19
Elapsed time = 134.23 sec. (321172.75 ticks, tree = 55.99 MB, solutions = 1)
 162023 78827        cutoff           2291.0000     2271.0000  3489490    0.87%  x(c18_2_c16_2) U 162023  30671     50
 163318 78389        cutoff           2291.0000     2271.0000  3523168    0.87%   x(c20_1_c8_1) U 163318 115374     25
 164562 78166     2271.0862    31     2291.0000     2271.0086  3557704    0.87%   x(c10_2_c2_2) D 164562 156983     82
 166281 79093     2286.1166    58     2291.0000     2271.0628  3588963    0.87%  x(c12_2_c21_2) D 166281 166279     28
 167843 79792        cutoff           2291.0000     2271.1294  3622401    0.87%  x(c22_2_c17_2) U 167843 140309     34
 169351 80331        cutoff           2291.0000     2271.2164  3655516    0.86%   x(c9_1_c11_1) U 169351 146309     34
 171000 80961     2273.0925    70     2291.0000     2271.2989  3686260    0.86%   x(c10_2_c7_2) D 171000 170998     34
 172658 81692     2278.3524    69     2291.0000     2271.3777  3717996    0.86%  x(c16_1_c20_1) N 172658 151533     28
 174295 82239     2271.5298    48     2291.0000     2271.4787  3747972    0.85%  x(c12_2_c14_2) D 174295 136097     50
 175920 82875     2275.4887    67     2291.0000     2271.5433  3780350    0.85%     x(c11_1_Om) D 175920 170980     38
Elapsed time = 149.37 sec. (359348.23 ticks, tree = 58.92 MB, solutions = 1)
 177482 83341     2274.6613    43     2291.0000     2271.6427  3811882    0.84%  x(c14_3_c12_3) U 177482 119563     23
 179000 83786     2271.7500    60     2291.0000     2271.7299  3844059    0.84%     x(Op_c15_3) U 179000 178999     34
 180473 84199     2285.1699    45     2291.0000     2271.8268  3873226    0.84%   x(c16_1_c9_1) U 180473 143465     23
 182013 84508        cutoff           2291.0000     2271.9470  3902785    0.83%  x(c16_2_c13_2) U 182013 104127     49
 183449 85030     2284.9552    64     2291.0000     2272.0000  3937434    0.83%  x(c11_3_c19_3) U 183449 131732     77
 185020 85841     2280.8309    54     2291.0000     2272.0324  3968592    0.83%    x(c9_1_c6_1) U 185020 185019     26
 186674 86721        cutoff           2291.0000     2272.0815  3999889    0.83%   x(c14_2_c7_2) U 186674 128977     34
 188173 87402     2276.1326    29     2291.0000     2272.1367  4029774    0.82%    x(c8_1_c9_1) U 188173 164896     19
 189694 87925     2273.1747    47     2291.0000     2272.2060  4061600    0.82%  x(c22_2_c17_2) D 189694  18532     20
 191235 88548        cutoff           2291.0000     2272.2655  4090907    0.82%  x(c12_2_c21_2) U 191235 170316     26
Elapsed time = 164.07 sec. (397524.49 ticks, tree = 62.92 MB, solutions = 1)
 192759 89128        cutoff           2291.0000     2272.3333  4120764    0.81%   x(c10_2_c9_2) U 192759 192757     28
 194283 89588        cutoff           2291.0000     2272.4000  4149846    0.81%   x(c7_2_c16_2) U 194283 194281     21
 195841 90026        cutoff           2291.0000     2272.4771  4178227    0.81%  x(c12_2_c21_2) D 195841 182272     96
 197328 90607     2272.5653    42     2291.0000     2272.5244  4210306    0.81%   x(c9_1_c16_1) D 197328 189971     31
 198834 91044     2284.0255    40     2291.0000     2272.6024  4239433    0.80%   x(c8_3_c19_3) U 198834 122606     39
 200329 91481     2272.6895    57     2291.0000     2272.6744  4269193    0.80%  x(c26_3_c23_3) D 200329 200328     46
 201786 91835     2272.7929    45     2291.0000     2272.7525  4298507    0.80%  x(c21_2_c12_2) D 201786 146971     38
 203203 92204     2279.1127    50     2291.0000     2272.8355  4327855    0.79%  x(c16_2_c10_2) U 203203 194755     20
 204597 92429     2280.3698    48     2291.0000     2272.9479  4354735    0.79%   x(c9_1_c16_1) U 204597 161930     31
 205911 92829     2278.3025    33     2291.0000     2273.0000  4385149    0.79%  x(c10_2_c16_2) U 205911 205909     25
Elapsed time = 178.57 sec. (435694.90 ticks, tree = 66.04 MB, solutions = 1)
 207337 93467        cutoff           2291.0000     2273.0193  4417496    0.78%   x(c2_2_c10_2) U 207337 204519     56
 208949 94253     2277.1111    27     2291.0000     2273.0613  4447447    0.78%   x(c8_1_c20_1) N 208949 130692     39
 210331 94760     2286.2285    35     2291.0000     2273.1128  4476520    0.78%  x(c12_2_c14_2) U 210331 150043     28
 211689 95225     2273.2073    93     2291.0000     2273.1693  4507196    0.78%   x(c9_1_c16_1) D 211689 211688     44
 213189 95803     2277.5575    58     2291.0000     2273.2235  4535642    0.78%     x(Op_c22_2) D 213189 160101     23
 214722 96326        cutoff           2291.0000     2273.2795  4562511    0.77%   x(c7_2_c16_2) U 214722 128146     32
 216261 96881     2279.1819    50     2291.0000     2273.3342  4591512    0.77%  x(c18_2_c22_2) U 216261  94284     27
 217836 97433     2273.9091    48     2291.0000     2273.4000  4619324    0.77%    x(c2_2_c6_2) D 217836 147450     19
 219322 97923     2280.2974    68     2291.0000     2273.4694  4646440    0.77%  x(c15_1_c11_1) U 219322 115793     26
 220800 98442     2273.5391    20     2291.0000     2273.5119  4675609    0.76%    x(c8_3_c6_3) U 220800 211672     24
Elapsed time = 193.22 sec. (473859.69 ticks, tree = 70.03 MB, solutions = 1)
 222237 98853     2276.6667    15     2291.0000     2273.5714  4702813    0.76%   x(c8_1_c20_1) D 222237 222235     44
 223700 99177     2287.3089    51     2291.0000     2273.6443  4730415    0.76%   x(c7_2_c10_2) U 223700 148572     23
 225167 99510     2273.7129    69     2291.0000     2273.7117  4758905    0.75%     x(c12_2_Om) N 225167 198904     35
 226633 99810        cutoff           2291.0000     2273.7926  4786093    0.75%   x(c15_3_c9_3) U 226633 200177     51
 228046 100104     2273.8733    33     2291.0000     2273.8733  4813552    0.75%  x(c16_2_c13_2) D 228046 224780     38
 229482 100243        cutoff           2291.0000     2273.9752  4839469    0.74%   x(c9_1_c11_1) U 229482 217025     45
 230768 100628        cutoff           2291.0000     2274.0000  4869944    0.74%   x(c11_1_c8_1) U 230768  27308     52
 232108 100608     2276.5487    43     2291.0000     2274.0036  4899791    0.74%   x(c9_1_c16_1) U 232108 182958     16
 233603 101371     2278.0326    24     2291.0000     2274.0384  4930085    0.74%   x(c14_2_c9_2) D 233603 127937     32
 235040 101990     2274.2822    37     2291.0000     2274.0815  4958660    0.74%  x(c24_1_c26_1) U 235040 235039     51
Elapsed time = 208.11 sec. (512016.09 ticks, tree = 72.60 MB, solutions = 1)
 236511 102582     2276.7740    51     2291.0000     2274.1287  4988302    0.74%  x(c16_1_c20_1) D 236511 202782     33
 237937 103038     2276.8571    34     2291.0000     2274.1778  5016266    0.73%  x(c14_2_c16_2) D 237937 132794     40
 239460 103604     2278.2816    62     2291.0000     2274.2315  5042696    0.73%  x(c16_1_c20_1) D 239460 117067     20
 240927 104164        cutoff           2291.0000     2274.2778  5070358    0.73%  x(c23_3_c26_3) U 240927 221492     44
 242360 104619     2285.5000    22     2291.0000     2274.3333  5096563    0.73%  x(c26_3_c23_3) U 242360 242359     17
 243772 105012     2275.1546    43     2291.0000     2274.3819  5124242    0.73%  x(c21_2_c12_2) U 243772 243770     51
 245173 105291     2287.3333    19     2291.0000     2274.4435  5150125    0.72%  x(c16_1_c20_1) N 245173  89982     51
 246657 105773     2274.6371    39     2291.0000     2274.5000  5176396    0.72%   x(c9_1_c15_1) D 246657 246655     30
 248033 106133     2274.6116    26     2291.0000     2274.5337  5205540    0.72%   x(c10_2_c6_2) N 248033 248032     28
 249432 106381     2274.5931    66     2291.0000     2274.5932  5231340    0.72%  x(c20_1_c26_1) D 249432 237155     46
Elapsed time = 224.32 sec. (550185.84 ticks, tree = 75.82 MB, solutions = 1)
 250863 106760     2278.5279    53     2291.0000     2274.6589  5255956    0.71%    x(c9_1_c8_1) D 250863 219595     20
 252252 107129        cutoff           2291.0000     2274.7122  5282186    0.71%  x(c16_2_c17_2) U 252252 184449     65
 253567 107460     2274.8135    25     2291.0000     2274.7733  5307751    0.71%    x(c5_2_c2_2) D 253567 232683     16
 254975 107687     2275.5703    73     2291.0000     2274.8426  5333998    0.71%  x(c16_2_c14_2) D 254975 245178     29
 256378 107837     2279.3715    58     2291.0000     2274.9289  5358325    0.70%  x(c23_3_c26_3) U 256378 256377     94
 257697 108107     2275.0264    39     2291.0000     2275.0000  5383988    0.70%  x(c17_2_c16_2) D 257697 227411     25
 259024 108412     2275.6667    63     2291.0000     2275.0000  5413551    0.70%  x(c19_3_c11_3) D 259024 259022     12
 260454 109013     2275.0298    30     2291.0000     2275.0279  5442263    0.70%   x(c11_1_c9_1) N 260454 260453     28
 261904 109524     2279.0034    93     2291.0000     2275.0618  5469380    0.70%  x(c10_2_c16_2) D 261904   9699     15
 263227 109904     2289.3885    27     2291.0000     2275.1066  5497798    0.69%   x(c11_1_c9_1) U 263227 151476     42
Elapsed time = 239.73 sec. (588350.16 ticks, tree = 78.47 MB, solutions = 1)
 264579 110316     2275.1962    45     2291.0000     2275.1572  5524668    0.69%  x(c12_2_c17_2) N 264579  29183     64
 266010 110779     2275.2181    72     2291.0000     2275.2004  5551007    0.69%    x(c9_1_c8_1) D 266010 238293     20
 267472 111216        cutoff           2291.0000     2275.2500  5575890    0.69%     x(c21_2_Om) U 267472  80194     46
 268964 111710     2275.5455    57     2291.0000     2275.2913  5601247    0.69%   x(c9_3_c14_3) N 268964 229557     45
 270377 112135     2275.4146    25     2291.0000     2275.3351  5627074    0.68%  x(c21_2_c16_2) D 270377 270376     27
 271761 112484        cutoff           2291.0000     2275.3911  5651974    0.68%  x(c21_2_c16_2) U 271761 217356     54
 273185 112860     2282.8706    52     2291.0000     2275.4426  5675855    0.68%   x(c9_1_c16_1) D 273185 175989     28
 274618 113135     2278.2267    35     2291.0000     2275.5000  5700051    0.68%   x(c10_2_c9_2) D 274618 254731     37
 275932 113572        cutoff           2291.0000     2275.5250  5727405    0.68%   x(c9_1_c11_1) U 275932 239514     41
 277281 113929        cutoff           2291.0000     2275.5714  5751453    0.67%  x(c12_2_c21_2) U 277281 242443     23
Elapsed time = 253.80 sec. (626518.95 ticks, tree = 81.50 MB, solutions = 1)
 278661 114176     2275.9236    50     2291.0000     2275.6250  5774930    0.67%     x(c13_1_Om) D 278661 221095     22
 280020 114465        cutoff           2291.0000     2275.6714  5799262    0.67%  x(c21_2_c13_2) U 280020  71213     51
 281358 114748        cutoff           2291.0000     2275.7348  5823405    0.67%  x(c18_2_c22_2) U 281358 223956     48
 282726 115024    infeasible           2291.0000     2275.7905  5848719    0.66%   x(c8_3_c20_3) D 282726 282725     39
 284000 115166     2277.7942    33     2291.0000     2275.8542  5872040    0.66%  x(c11_3_c15_3) U 284000 262947     29
 285290 115323     2275.9658    44     2291.0000     2275.9250  5895799    0.66%  x(c22_3_c20_3) D 285290 285289     28
 286609 115557        cutoff           2291.0000     2276.0000  5921529    0.65%  x(c22_2_c18_2) U 286609 250054     25
 287874 115601     2278.4431     6     2291.0000     2276.0000  5948083    0.65%  x(c22_2_c17_2) U 287874 200059     38
 289138 115206        cutoff           2291.0000     2276.0000  5971481    0.65%   x(c8_3_c17_3) U 289138 104663     35
 290306 114802     2283.3966    59     2291.0000     2276.0018  5997823    0.65%   x(c10_2_c7_2) U 290306 269728     47
Elapsed time = 267.41 sec. (664705.60 ticks, tree = 82.40 MB, solutions = 1)
 291724 115470     2276.1345    68     2291.0000     2276.0309  6024904    0.65%   x(c9_2_c10_2) D 291724 291723     38
 293098 115954    infeasible           2291.0000     2276.0631  6051293    0.65%  x(c20_3_c26_3) D 293098 293097     28
 294480 116391     2287.6404    70     2291.0000     2276.1009  6076316    0.65%   x(c10_2_c7_2) U 294480 168204     17
 295861 116761     2285.1739    30     2291.0000     2276.1434  6101936    0.65%  x(c26_3_c23_3) U 295861 261319     26
 297190 117110     2276.2630    61     2291.0000     2276.1848  6125686    0.65%   x(c20_3_c8_3) D 297190 297189     30
 298615 117528     2276.7128    47     2291.0000     2276.2250  6150491    0.64%  x(c18_2_c21_2) D 298615 247771     25
 300000 117944     2276.5317    34     2291.0000     2276.2623  6173147    0.64%    x(c8_1_c4_1) D 300000 273474     33
 301423 118370     2287.2988    69     2291.0000     2276.3133  6196293    0.64%   x(c16_1_c9_1) N 301423 248426     24
 302824 118700     2276.5848    47     2291.0000     2276.3536  6220706    0.64%  x(c16_2_c21_2) D 302824 294855     33
 304238 118986     2276.4000    46     2291.0000     2276.4000  6243211    0.64%   x(c9_1_c16_1) D 304238 274670     36
Elapsed time = 281.12 sec. (702865.06 ticks, tree = 85.53 MB, solutions = 1)
 305608 119290        cutoff           2291.0000     2276.4502  6265229    0.64%   x(c17_3_c8_3) U 305608 305606     73
 306970 119545     2288.0534    14     2291.0000     2276.5000  6288629    0.63%  x(c21_2_c18_2) U 306970 197577     37
 308300 119856     2281.2204    55     2291.0000     2276.5189  6313830    0.63%  x(c20_1_c16_1) N 308300 308299     22
 309620 120111     2276.7051    50     2291.0000     2276.5626  6337272    0.63%  x(c15_1_c10_1) D 309620 309619     55
 311000 120398     2280.0402    39     2291.0000     2276.6098  6360511    0.63%   x(c16_2_c7_2) D 311000 176390     23
 312350 120591     2276.8405    22     2291.0000     2276.6655  6383126    0.63%  x(c10_2_c12_2) D 312350 312349     43
 313634 120842        cutoff           2291.0000     2276.7000  6406811    0.62%  x(c12_2_c21_2) U 313634 313632     26
 314941 121080     2280.5084    64     2291.0000     2276.7500  6429780    0.62%  x(c16_2_c13_2) D 314941 314939     28
 316228 121304        cutoff           2291.0000     2276.8007  6452750    0.62%    x(c8_3_c6_3) U 316228 110895     40
 317529 121440        cutoff           2291.0000     2276.8619  6474965    0.62%   x(c11_3_c4_3) U 317529 226878     38
Elapsed time = 294.48 sec. (741093.77 ticks, tree = 87.45 MB, solutions = 1)
 318864 121654     2276.9305    46     2291.0000     2276.9241  6497034    0.61%    x(c8_3_c4_3) N 318864 278770     20
 320080 121711        cutoff           2291.0000     2277.0000  6518163    0.61%  x(c21_2_c12_2) U 320080  26980     19
 321212 121920     2287.1838    69     2291.0000     2277.0000  6546658    0.61%  x(c21_2_c14_2) U 321212 296719     29
 322426 121921     2280.9375    44     2291.0000     2277.0000  6570689    0.61%     x(c11_1_Om) D 322426 312855     56
 323788 122471     2277.0321    45     2291.0000     2277.0247  6596820    0.61%  x(c16_1_c20_1) D 323788 278833     36
 325084 122929     2280.3377    62     2291.0000     2277.0522  6621304    0.61%  x(c22_2_c17_2) N 325084 179194     26
 326393 123327     2286.2530    64     2291.0000     2277.0833  6646397    0.61%  x(c22_2_c17_2) N 326393 293991     35
 327662 123615        cutoff           2291.0000     2277.1204  6671004    0.61%  x(c16_2_c21_2) U 327662 295475     24
 328934 123932        cutoff           2291.0000     2277.1575  6693326    0.60%   x(c9_1_c16_1) U 328934 328932     50
 330177 124231     2281.8380    62     2291.0000     2277.1927  6716383    0.60%    x(c8_1_c4_1) U 330177 316771     39
Elapsed time = 307.98 sec. (779283.25 ticks, tree = 89.64 MB, solutions = 1)
 331480 124626     2277.2882    61     2291.0000     2277.2274  6737629    0.60%  x(c16_2_c10_2) D 331480 331479     14
 332759 124973     2280.3104    58     2291.0000     2277.2588  6761404    0.60%    x(c9_1_c6_1) D 332759 318805     13
 334108 125259     2278.4095    45     2291.0000     2277.3000  6782244    0.60%  x(c12_2_c21_2) N 334108 328173     31
 335422 125544     2283.0882    53     2291.0000     2277.3333  6804223    0.60%  x(c10_2_c16_2) U 335422  89678     20
 336738 125794     2277.4097    51     2291.0000     2277.3764  6826049    0.59%  x(c15_3_c11_3) D 336738 329788     22
 338063 126025        cutoff           2291.0000     2277.4210  6847055    0.59%  x(c11_3_c20_3) U 338063 242185     29
 339388 126244     2287.8489    48     2291.0000     2277.4686  6866543    0.59%    x(c2_2_c6_2) U 339388 339387     28
 340629 126457     2278.4167    36     2291.0000     2277.5000  6889680    0.59%   x(c8_3_c19_3) D 340629 252989     26
 341908 126734        cutoff           2291.0000     2277.5246  6913380    0.59%   x(c7_2_c14_2) U 341908 341907     33
 343166 126929        cutoff           2291.0000     2277.5654  6935700    0.59%  x(c18_2_c22_2) U 343166 300091     26
Elapsed time = 321.14 sec. (817449.45 ticks, tree = 91.82 MB, solutions = 1)
 344417 127106     2277.6499    45     2291.0000     2277.6087  6956967    0.58%  x(c21_2_c18_2) N 344417 344416     43
 345695 127244        cutoff           2291.0000     2277.6618  6977983    0.58%  x(c18_2_c21_2) U 345695  96250     31
 346939 127495     2277.6923    61     2291.0000     2277.6924  7002139    0.58%  x(c22_2_c17_2) D 346939 265983     24
 348175 127594        cutoff           2291.0000     2277.7455  7023188    0.58%  x(c18_2_c22_2) U 348175 225356     61
 349424 127693     2285.0053    12     2291.0000     2277.7916  7044557    0.58%  x(c16_2_c12_2) U 349424 294339     32
 350670 127743     2287.0772    58     2291.0000     2277.8415  7064819    0.57%   x(c9_3_c20_3) U 350670 350668     53
 351907 127796        cutoff           2291.0000     2277.8971  7084351    0.57%      x(c4_1_Om) U 351907 319507     28
 353171 127803     2285.0436    45     2291.0000     2277.9645  7104493    0.57%  x(c16_2_c12_2) D 353171 262719     18
 354409 127973     2284.1596    12     2291.0000     2278.0000  7128908    0.57%  x(c12_2_c21_2) N 354409 307691     23
 355577 128148        cutoff           2291.0000     2278.0000  7153694    0.57%  x(c16_2_c17_2) U 355577 279151     24
Elapsed time = 334.21 sec. (855607.55 ticks, tree = 92.92 MB, solutions = 1)
 356831 128433     2287.5000    14     2291.0000     2278.0137  7178610    0.57%   x(c6_3_c14_3) U 356831 186032     34
 358110 128923     2288.1311    24     2291.0000     2278.0343  7201404    0.57%  x(c17_2_c12_2) N 358110 196997     28
*358510 121841      integral     0     2290.0000     2278.0420  7209353    0.52%
 359363 122021     2278.1490    43     2290.0000     2278.0621  7223908    0.52%  x(c23_3_c26_3) D 359363 359362     30
 360645 122342        cutoff           2290.0000     2278.0908  7245301    0.52%  x(c22_2_c13_2) U 360645 325889     40
 361848 122508     2288.0330    31     2290.0000     2278.1261  7267142    0.52%   x(c11_1_c9_1) D 361848  90964     48
 363115 122745     2278.1781    71     2290.0000     2278.1631  7288767    0.52%   x(c8_3_c19_3) D 363115 363114     24
 364459 123055        cutoff           2290.0000     2278.1975  7310132    0.52%      x(Op_c4_1) U 364459  25316     33
 365781 123283     2278.2518    76     2290.0000     2278.2329  7330857    0.51%  x(c13_2_c16_2) N 365781  33621     22
 367028 123538        cutoff           2290.0000     2278.2646  7350866    0.51%      x(c6_1_Om) U 367028 332864     28
 368354 123742        cutoff           2290.0000     2278.3029  7371376    0.51%  x(c10_2_c12_2) U 368354 368352     25
Elapsed time = 347.44 sec. (893773.82 ticks, tree = 90.31 MB, solutions = 2)
 369681 123989     2279.2154    38     2290.0000     2278.3346  7391995    0.51%   x(c8_3_c19_3) U 369681 358296     24
 370939 124202     2278.4155    31     2290.0000     2278.3734  7411902    0.51%  x(c18_2_c22_2) N 370939 165853     30
 372228 124341     2288.3460    56     2290.0000     2278.4110  7431119    0.51%  x(c18_2_c22_2) N 372228 314677     86
 373483 124474     2278.7231    50     2290.0000     2278.4563  7450018    0.50%    x(c8_1_c4_1) N 373483 343627     34
 374739 124572     2282.3211    59     2290.0000     2278.5000  7469036    0.50%  x(c11_1_c15_1) U 374739 186350     23
 375991 124792     2282.6250    40     2290.0000     2278.5091  7492145    0.50%    x(c9_1_c4_1) U 375991 308119     21
 377221 124950        cutoff           2290.0000     2278.5456  7512645    0.50%  x(c16_2_c14_2) U 377221 338366     43
 378502 125049        cutoff           2290.0000     2278.5909  7533085    0.50%  x(c18_2_c22_2) U 378502 378501     29
 379682 125103        cutoff           2290.0000     2278.6287  7552067    0.50%  x(c11_3_c20_3) U 379682 241699     34
 380937 125161        cutoff           2290.0000     2278.6667  7572833    0.49%   x(c16_1_c9_1) U 380937 380935     54
Elapsed time = 360.43 sec. (931939.98 ticks, tree = 91.54 MB, solutions = 2)
 382088 125205     2279.6250    53     2290.0000     2278.7113  7591259    0.49%   x(c14_2_c9_2) D 382088 382086     41
 383318 125236     2279.3478    45     2290.0000     2278.7522  7611210    0.49%  x(c21_2_c18_2) D 383318 383316     53
 384540 125318        cutoff           2290.0000     2278.8000  7630354    0.49%  x(c18_2_c21_2) U 384540 316989     25
 385771 125306     2279.0059    40     2290.0000     2278.8478  7648717    0.49%  x(c23_3_c26_3) N 385771 275079     18
 386934 125317        cutoff           2290.0000     2278.9000  7666436    0.48%  x(c26_3_c20_3) D 386934 386933     44
 388130 125250     2281.1675    45     2290.0000     2278.9661  7684332    0.48%    x(c6_1_c9_1) N 388130 388128     42
 389262 125318        cutoff           2290.0000     2279.0000  7706643    0.48%  x(c18_2_c21_2) U 389262 307111     29
 390460 125311     2279.0377    61     2290.0000     2279.0000  7729577    0.48%  x(c10_2_c16_2) D 390460 352557     53
 391595 125269     2284.9116    36     2290.0000     2279.0061  7751791    0.48%  x(c21_2_c18_2) D 391595 188288     31
 392839 125637        cutoff           2290.0000     2279.0280  7773822    0.48%   x(c13_1_c9_1) U 392839 249038     45
Elapsed time = 373.26 sec. (970104.62 ticks, tree = 92.19 MB, solutions = 2)
 394046 125941        cutoff           2290.0000     2279.0502  7795369    0.48%  x(c16_2_c17_2) U 394046 394044     28
 395180 126141     2280.0424    48     2290.0000     2279.0755  7816380    0.48%   x(c8_1_c20_1) N 395180 327440     20
 396382 126353     2280.4575    39     2290.0000     2279.1044  7837123    0.48%  x(c12_2_c10_2) D 396382  52955     54
 397596 126520        cutoff           2290.0000     2279.1370  7858090    0.47%    x(c8_3_c4_3) U 397596 235303     21
 398894 126838     2280.0712    72     2290.0000     2279.1667  7878489    0.47%  x(c16_2_c10_2) D 398894 375308     23
 400150 127050     2279.3157    57     2290.0000     2279.1969  7897973    0.47%  x(c18_2_c16_2) D 400150 400149     55
 401364 127315     2279.4000    29     2290.0000     2279.2273  7917129    0.47%  x(c16_2_c13_2) N 401364 401362     25
 402638 127516     2279.2556    12     2290.0000     2279.2556  7936239    0.47%  x(c12_2_c10_2) N 402638 397334     48
 403916 127702     2279.3440    30     2290.0000     2279.2916  7955570    0.47%  x(c21_2_c12_2) U 403916 403914     24
 405152 127862     2279.3333    10     2290.0000     2279.3333  7974248    0.47%  x(c11_1_c15_1) D 405152 374607     26
Elapsed time = 386.19 sec. (1008276.10 ticks, tree = 94.03 MB, solutions = 2)
 406450 128051     2287.4127    59     2290.0000     2279.3575  7993646    0.46%  x(c26_3_c23_3) U 406450 334577     45
 407616 128134        cutoff           2290.0000     2279.3943  8011439    0.46%   x(c14_3_c9_3) U 407616 141956     41
 408862 128236     2279.4286    14     2290.0000     2279.4286  8030092    0.46%   x(c8_1_c20_1) D 408862 402731     35
 410043 128269     2280.0129    42     2290.0000     2279.4731  8047740    0.46%    x(c5_2_c2_2) N 410043 247656     17
 411237 128438     2281.4286    50     2290.0000     2279.5000  8067867    0.46%  x(c22_2_c13_2) D 411237 411235     22
 412455 128571        cutoff           2290.0000     2279.5151  8087966    0.46%  x(c12_2_c21_2) U 412455 265445     50
 413651 128654        cutoff           2290.0000     2279.5495  8107363    0.46%  x(c12_2_c10_2) U 413651 398293     23
 414821 128679        cutoff           2290.0000     2279.5851  8124653    0.45%  x(c10_2_c12_2) U 414821 118866     36
 416079 128662     2282.5506    61     2290.0000     2279.6249  8143308    0.45%   x(c20_3_c8_3) N 416079  83183     20
 417303 128719     2281.9524    67     2290.0000     2279.6667  8161431    0.45%  x(c16_2_c12_2) N 417303 374919     39
Elapsed time = 398.88 sec. (1046445.37 ticks, tree = 94.76 MB, solutions = 2)
 418510 128770     2282.0000    36     2290.0000     2279.6970  8180335    0.45%  x(c18_2_c21_2) D 418510 408170     36
 419716 128750     2288.7875    50     2290.0000     2279.7423  8197669    0.45%  x(c24_1_c26_1) D 419716 294046     25
 420891 128808     2279.9498    31     2290.0000     2279.7799  8215633    0.45%   x(c11_1_c9_1) D 420891 420890     40
 422086 128753     2279.8582    39     2290.0000     2279.8234  8232399    0.44%  x(c15_3_c12_3) D 422086 370026     35
 423280 128683        cutoff           2290.0000     2279.8699  8250154    0.44%   x(c9_1_c16_1) U 423280 123357     43
 424518 128602        cutoff           2290.0000     2279.9219  8267514    0.44%  x(c16_2_c12_2) U 424518 397395     21
 425663 128530        cutoff           2290.0000     2279.9897  8283274    0.44%      x(Op_c4_1) U 425663 392305     31
 426790 128627        cutoff           2290.0000     2280.0000  8305254    0.44%   x(c14_2_c7_2) U 426790 354092     24
 427936 128476     2280.5312    44     2290.0000     2280.0000  8327121    0.44%  x(c16_2_c17_2) N 427936 297297     38
 429106 128162     2280.3330    46     2290.0000     2280.0000  8347160    0.44%  x(c12_2_c14_2) N 429106 429105     51
Elapsed time = 411.43 sec. (1084608.47 ticks, tree = 94.62 MB, solutions = 2)
 430331 128488     2287.0531    50     2290.0000     2280.0193  8368502    0.44%    x(c6_3_c4_3) N 430331 383768     24
 431530 128794        cutoff           2290.0000     2280.0382  8388476    0.44%  x(c22_2_c18_2) U 431530 135325     18
 432722 129085        cutoff           2290.0000     2280.0601  8408860    0.43%   x(c9_1_c16_1) U 432722 384378     24
 433918 129283     2280.3433    43     2290.0000     2280.0837  8428628    0.43%  x(c21_2_c12_2) U 433918 187298     20
 435111 129427     2285.8032    43     2290.0000     2280.1113  8448146    0.43%   x(c4_1_c15_1) D 435111 435109     76
 436335 129628     2280.1364    60     2290.0000     2280.1364  8466554    0.43%     x(c13_1_Om) D 436335 380841     38
 437544 129740     2280.2060    12     2290.0000     2280.1648  8484567    0.43%  x(c12_2_c14_2) D 437544 437543     45
 438795 129918     2280.2026    57     2290.0000     2280.1902  8503419    0.43%    x(c9_3_c8_3) N 438795 370244     19
 440020 130060     2284.2357    18     2290.0000     2280.2183  8521733    0.43%    x(c6_1_c9_1) U 440020  85417     26
 441236 130182        cutoff           2290.0000     2280.2500  8538322    0.43%     x(c13_2_Om) U 441236 441235     42
Elapsed time = 424.98 sec. (1122773.02 ticks, tree = 96.43 MB, solutions = 2)
 442480 130290     2281.7292    73     2290.0000     2280.2758  8556635    0.42%      x(Op_c4_1) N 442480 425197     42
 443691 130313        cutoff           2290.0000     2280.3085  8573129    0.42%   x(c9_2_c10_2) U 443691 443689     25
 444903 130342        cutoff           2290.0000     2280.3333  8590922    0.42%  x(c12_2_c21_2) U 444903 423452     14
 446063 130403     2280.3643    29     2290.0000     2280.3643  8606922    0.42%  x(c10_2_c12_2) N 446063 439978     41
 447249 130357     2280.4719    41     2290.0000     2280.3988  8623399    0.42%  x(c14_3_c12_3) N 447249 398680     19
 448405 130329     2280.4299    26     2290.0000     2280.4300  8639123    0.42%  x(c16_2_c12_2) D 448405 435601     37
 449586 130305     2281.2253    54     2290.0000     2280.4709  8654361    0.42%  x(c18_2_c22_2) N 449586 449585     46
 450764 130303     2281.5000    24     2290.0000     2280.5000  8671807    0.41%   x(c14_2_c7_2) D 450764 415239     53
 451938 130411     2281.8217    63     2290.0000     2280.5074  8691264    0.41%  x(c21_2_c12_2) D 451938 451936     45
 453062 130462     2280.5391    71     2290.0000     2280.5392  8709167    0.41%      x(c5_1_Om) D 453062 432784     37
Elapsed time = 438.42 sec. (1160929.87 ticks, tree = 96.86 MB, solutions = 2)
 454182 130456        cutoff           2290.0000     2280.5728  8726346    0.41%   x(c9_2_c14_2) D 454182 420943     40
 455333 130478     2282.7069    53     2290.0000     2280.6098  8742722    0.41%  x(c18_2_c21_2) D 455333 435418     74
 456529 130420        cutoff           2290.0000     2280.6499  8758065    0.41%  x(c10_2_c12_2) U 456529 286738     48
 457673 130520     2284.4712    57     2290.0000     2280.6744  8775455    0.41%    x(c4_1_c8_1) N 457673 457671     29
 458795 130391    infeasible           2290.0000     2280.7160  8790673    0.41%    x(c8_1_c4_1) D 458795 367910     26
 459941 130414     2280.9500    53     2290.0000     2280.7500  8806718    0.40%  x(c22_2_c17_2) D 459941 390964     16
 461162 130295     2281.3718    61     2290.0000     2280.7909  8823237    0.40%  x(c21_2_c18_2) N 461162 296564     26
 462318 130135        cutoff           2290.0000     2280.8333  8838306    0.40%  x(c11_3_c14_3) D 462318 462316     39
 463474 130051     2280.8770    65     2290.0000     2280.8771  8853561    0.40%     x(c11_3_Om) D 463474 386867     28
 464640 129889     2282.9508    20     2290.0000     2280.9288  8869948    0.40%  x(c17_2_c12_2) D 464640 464639     34
Elapsed time = 451.40 sec. (1199092.72 ticks, tree = 96.67 MB, solutions = 2)
 465807 129646        cutoff           2290.0000     2280.9960  8884533    0.39%  x(c20_1_c26_1) U 465807 330178     64
 466807 129616     2281.3333    18     2290.0000     2281.0000  8904393    0.39%  x(c12_2_c17_2) N 466807 388848     26
 467983 129459     2281.0000    29     2290.0000     2281.0000  8923625    0.39%    x(c8_3_c4_3) U 467983 455630     31
 469165 129363        cutoff           2290.0000     2281.0043  8943607    0.39%      x(c4_1_Om) U 469165 357964     21
 470320 129568     2283.3482    77     2290.0000     2281.0229  8963839    0.39%   x(c7_2_c14_2) D 470320 470318     63
 471470 129708     2281.0536    12     2290.0000     2281.0441  8982549    0.39%  x(c10_1_c15_1) D 471470  98488     22
 472597 129890     2283.3333    41     2290.0000     2281.0645  9001561    0.39%  x(c18_2_c21_2) N 472597 412098     34
 473743 130019        cutoff           2290.0000     2281.0858  9019678    0.39%  x(c16_2_c18_2) U 473743 204398     52
 474946 130107     2285.5171    30     2290.0000     2281.1111  9037396    0.39%   x(c9_2_c10_2) D 474946 474945     29
 476100 130169     2286.8545    60     2290.0000     2281.1348  9055657    0.39%  x(c10_2_c16_2) N 476100 395313     18
Elapsed time = 464.03 sec. (1237268.56 ticks, tree = 97.13 MB, solutions = 2)
 477275 130290     2281.1623    47     2290.0000     2281.1623  9073690    0.39%    x(c4_1_c8_1) D 477275 381867     39
 478442 130373     2283.2610    53     2290.0000     2281.1859  9091395    0.38%    x(c9_1_c6_1) N 478442 432167     22
 479692 130428     2287.0854    46     2290.0000     2281.2107  9108222    0.38%   x(c8_3_c20_3) U 479692 472327     22
 480882 130431        cutoff           2290.0000     2281.2407  9124165    0.38%    x(c6_3_c4_3) D 480882  52968     24
 482015 130443     2281.2625    35     2290.0000     2281.2623  9140609    0.38%  x(c21_2_c18_2) N 482015 419877     26
 483244 130514     2281.3420    23     2290.0000     2281.2933  9156871    0.38%  x(c15_3_c11_3) D 483244 238884     27
 484417 130495        cutoff           2290.0000     2281.3237  9172408    0.38%    x(c9_1_c4_1) U 484417 413247     49
 485585 130512     2285.1667    29     2290.0000     2281.3418  9190240    0.38%    x(c8_1_c4_1) N 485585 374527     40
 486770 130463     2281.4051    50     2290.0000     2281.3761  9206120    0.38%   x(c8_3_c20_3) D 486770 486769     34
 487980 130474        cutoff           2290.0000     2281.4065  9221464    0.38%  x(c10_2_c16_2) U 487980 463017     28
Elapsed time = 476.92 sec. (1275433.75 ticks, tree = 97.57 MB, solutions = 2)
 489136 130403        cutoff           2290.0000     2281.4408  9235649    0.37%  x(c18_2_c21_2) U 489136 212337     31
 490310 130321        cutoff           2290.0000     2281.4774  9249996    0.37%   x(c7_2_c16_2) U 490310 285933     29
 491471 130294     2282.0909    42     2290.0000     2281.5000  9266388    0.37%   x(c10_2_c7_2) N 491471 435311     23
 492647 130326        cutoff           2290.0000     2281.5103  9285398    0.37%  x(c16_2_c10_2) U 492647 450181     23
 493840 130353     2282.5609    24     2290.0000     2281.5389  9301769    0.37%    x(c4_1_c9_1) U 493840 249232     27
 494983 130332     2282.6516    36     2290.0000     2281.5681  9317255    0.37%  x(c15_3_c19_3) N 494983 494982     57
 496115 130266     2284.6667    66     2290.0000     2281.6000  9332513    0.37%  x(c21_2_c12_2) N 496115  37167     22
 497254 130213        cutoff           2290.0000     2281.6302  9348372    0.37%  x(c17_2_c16_2) U 497254 497252     36
 498423 130110        cutoff           2290.0000     2281.6667  9364090    0.36%  x(c21_2_c18_2) U 498423 131242     43
 499570 130047     2285.0685    31     2290.0000     2281.6900  9380029    0.36%    x(c6_3_c4_3) N 499570  71585     17
Elapsed time = 489.44 sec. (1313601.62 ticks, tree = 97.48 MB, solutions = 2)
 500736 129932     2281.8667    69     2290.0000     2281.7273  9395277    0.36%   x(c20_3_c8_3) N 500736 480672     36
 501895 129859     2282.0628    32     2290.0000     2281.7591  9410758    0.36%  x(c14_3_c12_3) N 501895 489854     27
 503000 129718        cutoff           2290.0000     2281.8000  9424631    0.36%   x(c16_1_c9_1) U 503000 313425     30
 504171 129603        cutoff           2290.0000     2281.8375  9439615    0.36%   x(c10_2_c7_2) U 504171 458531     35
 505292 129454     2283.5474    60     2290.0000     2281.8810  9453679    0.35%     x(c22_2_Om) N 505292 489366     29
 506390 129219     2281.9286    35     2290.0000     2281.9286  9467261    0.35%  x(c22_2_c17_2) N 506390 428641     16
 507552 128966    infeasible           2290.0000     2281.9908  9480863    0.35%  x(c20_3_c26_3) D 507552 499024     36
 508624 128938     2282.0589    27     2290.0000     2282.0000  9499526    0.35%  x(c12_2_c21_2) N 508624 457214     28
 509750 128746        cutoff           2290.0000     2282.0000  9517055    0.35%   x(c10_2_c5_2) U 509750  98800     35
 510874 128396        cutoff           2290.0000     2282.0000  9534244    0.35%  x(c21_2_c18_2) U 510874 459965     49
Elapsed time = 501.60 sec. (1351765.69 ticks, tree = 96.60 MB, solutions = 2)
 511990 128043     2282.5455    33     2290.0000     2282.0060  9553448    0.35%   x(c16_2_c7_2) D 511990 511988     22
 513095 128211     2285.2857    65     2290.0000     2282.0213  9571096    0.35%  x(c21_2_c12_2) N 513095 513093     64
 514266 128317        cutoff           2290.0000     2282.0385  9588462    0.35%  x(c16_2_c12_2) U 514266 315413     35
 515430 128352     2282.0945    30     2290.0000     2282.0599  9606173    0.35%     x(c10_1_Om) D 515430 515429     31
 516591 128383        cutoff           2290.0000     2282.0820  9623625    0.35%   x(c9_2_c14_2) U 516591 516589     26
 517702 128307     2284.3023    35     2290.0000     2282.1046  9640703    0.34%   x(c14_3_c4_3) N 517702 396388     28
 518881 128378        cutoff           2290.0000     2282.1269  9656662    0.34%    x(c8_1_c9_1) D 518881 417781     21
 520040 128410     2282.3082    12     2290.0000     2282.1515  9672712    0.34%   x(c4_3_c14_3) U 520040 513342     27
 521209 128486     2288.0619    96     2290.0000     2282.1729  9689102    0.34%    x(c2_2_c6_2) D 521209  35548     24
 522399 128498     2284.2903    73     2290.0000     2282.2000  9704997    0.34%  x(c22_2_c17_2) N 522399 345360     66
Elapsed time = 514.03 sec. (1389940.51 ticks, tree = 97.06 MB, solutions = 2)
 523548 128500     2282.2222    59     2290.0000     2282.2222  9720278    0.34%     x(c12_2_Om) D 523548 485188     29
 524711 128504     2283.4000    51     2290.0000     2282.2500  9735155    0.34%  x(c18_2_c21_2) D 524711 524709     24
 525846 128490     2282.4029    30     2290.0000     2282.2692  9749971    0.34%  x(c22_2_c18_2) N 525846 525845     24
 527000 128460     2282.7017    38     2290.0000     2282.2960  9763941    0.34%   x(c4_3_c14_3) N 527000 447738     35
 528166 128439     2283.5566    53     2290.0000     2282.3266  9777614    0.34%   x(c13_2_c7_2) D 528166 528164     64
 529265 128409    infeasible           2290.0000     2282.3410  9791701    0.33%    x(c6_3_c4_3) D 529265 477067     37
 530446 128329     2282.4741    35     2290.0000     2282.3712  9805742    0.33%  x(c22_2_c18_2) N 530446  67788     34
 531597 128232     2285.4047    68     2290.0000     2282.4006  9820364    0.33%    x(c6_3_c9_3) N 531597  68540     46
 532763 128075     2282.5671    42     2290.0000     2282.4328  9834460    0.33%   x(c14_3_c9_3) D 532763 532762     34
 533946 127917     2286.9967    49     2290.0000     2282.4671  9847895    0.33%  x(c10_2_c12_2) N 533946 494464     41
Elapsed time = 525.98 sec. (1428168.59 ticks, tree = 96.84 MB, solutions = 2)
 535095 127805     2286.5000    12     2290.0000     2282.5000  9862325    0.33%    x(c4_1_c9_1) U 535095 535094     25
 536258 127766     2282.5013    39     2290.0000     2282.5013  9880085    0.33%  x(c18_2_c21_2) D 536258 526065     38
 537449 127700     2282.5299    36     2290.0000     2282.5269  9896449    0.33%  x(c14_3_c12_3) N 537449 260571     39
 538601 127558     2283.1230    48     2290.0000     2282.5559  9911834    0.33%   x(c14_3_c4_3) N 538601 214652     29
 539718 127417        cutoff           2290.0000     2282.5886  9926159    0.32%  x(c22_2_c17_2) U 539718 521799     27
 540870 127293     2282.8828    48     2290.0000     2282.6179  9940467    0.32%  x(c10_2_c12_2) D 540870 540869     76
 541990 127148     2282.6535    45     2290.0000     2282.6535  9953979    0.32%    x(c8_1_c4_1) D 541990 488982     30
 543179 127035     2283.6420    64     2290.0000     2282.6761  9969411    0.32%      x(c6_1_Om) N 543179 340993     33
 544264 126880     2282.7675    37     2290.0000     2282.7088  9983133    0.32%   x(c9_1_c11_1) D 544264 522864     28
 545376 126685        cutoff           2290.0000     2282.7458  9996479    0.32%   x(c10_2_c7_2) U 545376 150398     27
Elapsed time = 537.80 sec. (1466341.02 ticks, tree = 96.11 MB, solutions = 2)
 546530 126515        cutoff           2290.0000     2282.7726 10011364    0.32%   x(c9_3_c20_3) U 546530 430850     34
 547671 126292        cutoff           2290.0000     2282.8081 10025888    0.31%   x(c16_1_c9_1) D 547671 348618     37
 548782 126099     2284.0213    53     2290.0000     2282.8421 10039022    0.31%   x(c19_1_c8_1) N 548782 230392     33
 549903 125856     2286.7372    61     2290.0000     2282.8857 10051902    0.31%    x(c9_1_c6_1) N 549903 541446     41
 551058 125585        cutoff           2290.0000     2282.9334 10064776    0.31%  x(c18_2_c22_2) U 551058 495834     43
 552195 125300        cutoff           2290.0000     2282.9925 10077139    0.31%  x(c16_2_c12_2) U 552195 548938     27
 553062 125195     2285.2000    24     2290.0000     2283.0000 10094440    0.31%  x(c18_2_c22_2) D 553062 553060     26
 554121 125072        cutoff           2290.0000     2283.0000 10111010    0.31%  x(c18_2_c21_2) U 554121 549636     32
 555236 124776        cutoff           2290.0000     2283.0000 10128323    0.31%   x(c4_1_c15_1) U 555236 414971     55
 556372 124239     2283.1242    36     2290.0000     2283.0014 10146207    0.31%   x(c8_1_c20_1) D 556372 357135     20
Elapsed time = 549.60 sec. (1504512.36 ticks, tree = 94.50 MB, solutions = 2)
 557563 124301        cutoff           2290.0000     2283.0187 10164666    0.30%   x(c9_1_c16_1) U 557563 392310     17
 558667 124326     2283.1109    12     2290.0000     2283.0347 10180497    0.30%   x(c10_2_c9_2) N 558667 558666     28
 559712 124351     2283.0771    24     2290.0000     2283.0512 10195585    0.30%   x(c14_3_c9_3) D 559712 377037     20
 560837 124345     2285.6787    22     2290.0000     2283.0696 10211689    0.30%  x(c21_2_c12_2) N 560837 171619     28
 561967 124287     2285.6892    50     2290.0000     2283.0902 10226732    0.30%    x(c4_1_c9_1) N 561967 477099     27
 563109 124261        cutoff           2290.0000     2283.1111 10242193    0.30%  x(c21_2_c12_2) U 563109 551317     29
 564237 124210     2288.0812    50     2290.0000     2283.1310 10257274    0.30%    x(c6_3_c4_3) D 564237 325381     32
 565431 124221        cutoff           2290.0000     2283.1532 10272663    0.30%   x(c16_1_c9_1) U 565431 520395     21
 566555 124167     2285.6550    59     2290.0000     2283.1734 10287625    0.30%  x(c16_2_c13_2) N 566555 549498     31
 567678 124089     2285.0180    41     2290.0000     2283.1977 10301628    0.30%  x(c22_2_c17_2) D 567678 476297     52
Elapsed time = 561.61 sec. (1542683.49 ticks, tree = 94.63 MB, solutions = 2)
 568794 124008        cutoff           2290.0000     2283.2183 10315801    0.30%      x(Op_c4_1) U 568794 480206     21
 569909 123955        cutoff           2290.0000     2283.2428 10330049    0.30%  x(c13_2_c16_2) U 569909 569907     29
 571000 123893     2283.7253    41     2290.0000     2283.2606 10344385    0.29%   x(c8_3_c20_3) N 571000 570999     30
 572113 123818        cutoff           2290.0000     2283.2857 10358430    0.29%      x(Op_c4_1) U 572113 529924     43
 573214 123701     2283.4604    42     2290.0000     2283.3117 10371203    0.29%    x(c5_2_c2_2) D 573214 266186     64
 574359 123606     2284.7947    45     2290.0000     2283.3333 10385575    0.29%      x(c4_1_Om) D 574359 115344     24
 575500 123508     2283.3590    25     2290.0000     2283.3538 10398893    0.29%  x(c12_2_c14_2) N 575500 575499     31
 576640 123320     2283.4602    28     2290.0000     2283.3803 10412361    0.29%   x(c9_3_c14_3) N 576640 565933     31
 577774 123131        cutoff           2290.0000     2283.4068 10424764    0.29%   x(c10_2_c7_2) D 577774 300860     28
 578930 122957     2283.6021    62     2290.0000     2283.4371 10436620    0.29%   x(c8_3_c19_3) D 578930 578929     64
Elapsed time = 573.28 sec. (1580938.61 ticks, tree = 93.99 MB, solutions = 2)
 580090 122755     2285.1815    41     2290.0000     2283.4690 10448546    0.29%  x(c11_3_c17_3) N 580090 503464     41
 581213 122491     2283.7609    37     2290.0000     2283.5000 10460804    0.28%  x(c22_2_c17_2) D 581213  95833     13
 582390 122380     2283.7163    35     2290.0000     2283.5000 10477451    0.28%  x(c16_2_c12_2) D 582390 553185     33
 583513 122229        cutoff           2290.0000     2283.5241 10491997    0.28%  x(c14_3_c12_3) D 583513 533986     25
 584631 122007     2283.5512    38     2290.0000     2283.5512 10505707    0.28%  x(c15_3_c11_3) D 584631 571834     32
 585751 121788     2285.8335    51     2290.0000     2283.5788 10518963    0.28%  x(c16_2_c10_2) N 585751 563209     27
 586864 121580        cutoff           2290.0000     2283.6074 10532034    0.28%  x(c11_3_c19_3) U 586864 481602     40
 588036 121364     2283.7805    16     2290.0000     2283.6381 10545392    0.28%      x(c6_3_Om) D 588036 588035     50
 589188 121148     2284.9340    44     2290.0000     2283.6667 10558887    0.28%    x(c4_1_c8_1) D 589188 554444     19
 590365 121020     2285.6556    43     2290.0000     2283.6891 10572980    0.28%   x(c16_1_c9_1) N 590365 529583     23
Elapsed time = 584.70 sec. (1619105.13 ticks, tree = 92.75 MB, solutions = 2)
 591484 120767     2285.2067    64     2290.0000     2283.7211 10585958    0.27%  x(c16_2_c14_2) N 591484  33879     35
 592652 120537        cutoff           2290.0000     2283.7500 10599812    0.27%      x(c5_1_Om) U 592652 483470     29
 593780 120312     2283.7807    59     2290.0000     2283.7807 10612656    0.27%  x(c26_3_c23_3) D 593780 568025     39
 594962 120027        cutoff           2290.0000     2283.8153 10625413    0.27%  x(c17_2_c16_2) U 594962 489167     54
 596094 119700        cutoff           2290.0000     2283.8517 10638196    0.27%  x(c22_2_c17_2) D 596094 466143     35
 597230 119398     2287.8889    37     2290.0000     2283.8889 10650350    0.27%   x(c8_1_c20_1) D 597230 597228     48
 598394 119036     2283.9414    16     2290.0000     2283.9347 10662098    0.26%  x(c22_2_c18_2) N 598394 588384     24
 599561 118614     2284.7974    55     2290.0000     2283.9949 10673485    0.26%  x(c14_3_c12_3) D 599561 523592     28
 600606 118376        cutoff           2290.0000     2284.0000 10691808    0.26%  x(c12_2_c21_2) U 600606 426176     21
 601762 118158     2286.5185    43     2290.0000     2284.0000 10708453    0.26%    x(c9_3_c8_3) N 601762 211162     20
Elapsed time = 596.20 sec. (1657275.75 ticks, tree = 90.83 MB, solutions = 2)
 602915 117697     2284.7500    52     2290.0000     2284.0000 10724773    0.26%   x(c8_3_c19_3) U 602915 602914     46
 604030 117253     2286.5476    46     2290.0000     2284.0069 10742218    0.26%  x(c21_2_c12_2) N 604030 604029     21
 605220 117187     2284.1856    65     2290.0000     2284.0233 10758082    0.26%  x(c10_1_c15_1) D 605220 598237     37
 606352 117103        cutoff           2290.0000     2284.0381 10773887    0.26%   x(c4_1_c15_1) U 606352 520043     49
 607481 116987        cutoff           2290.0000     2284.0549 10788583    0.26%  x(c21_2_c12_2) U 607481 607479     34
 608532 116894     2284.0848    29     2290.0000     2284.0703 10802876    0.26%   x(c9_2_c10_2) N 608532 608531     42
 609580 116759     2286.0571    21     2290.0000     2284.0866 10816627    0.26%  x(c16_1_c20_1) N 609580 539280     20
 610636 116662        cutoff           2290.0000     2284.1045 10830315    0.26%    x(c4_1_c9_1) D 610636 145988     29
 611747 116475        cutoff           2290.0000     2284.1250 10843337    0.26%     x(c21_2_Om) U 611747 570357     40
 612843 116353        cutoff           2290.0000     2284.1440 10856873    0.26%   x(c8_3_c11_3) U 612843 561335     36
Elapsed time = 607.81 sec. (1695444.92 ticks, tree = 89.80 MB, solutions = 2)
 613940 116259     2284.1680    12     2290.0000     2284.1652 10869886    0.25%  x(c12_2_c14_2) N 613940 613939     62
 615093 116123     2284.1965    12     2290.0000     2284.1823 10882450    0.25%  x(c23_3_c26_3) D 615093 615092     25
 616184 115965     2287.9131    32     2290.0000     2284.2023 10894568    0.25%   x(c13_1_c9_1) N 616184  77144     54
 617301 115822     2284.2777    49     2290.0000     2284.2244 10907041    0.25%  x(c10_2_c16_2) N 617301 481136     49
 618415 115652        cutoff           2290.0000     2284.2500 10919474    0.25%  x(c21_2_c12_2) U 618415 345929     21
 619546 115480        cutoff           2290.0000     2284.2661 10933006    0.25%    x(c5_2_c2_2) N 619546 596035     23
 620640 115304     2284.2879    52     2290.0000     2284.2875 10945296    0.25%    x(c8_3_c4_3) D 620640 445539     34
 621743 115132     2284.3146    65     2290.0000     2284.3129 10957065    0.25%     x(Op_c15_3) N 621743 300415     23
 622876 114898     2285.3333    40     2290.0000     2284.3333 10969588    0.25%  x(c19_3_c11_3) D 622876 422467     31
 623988 114664     2284.5913    29     2290.0000     2284.3541 10982106    0.25%  x(c21_2_c12_2) N 623988 623987     33
Elapsed time = 619.16 sec. (1733606.42 ticks, tree = 88.77 MB, solutions = 2)
 625077 114443    infeasible           2290.0000     2284.3767 10994187    0.25%  x(c13_2_c22_2) D 625077 625076     33
 626207 114156     2284.6346    12     2290.0000     2284.4017 11005606    0.24%  x(c16_2_c12_2) N 626207 611691     32
 627283 113878     2284.7500    31     2290.0000     2284.4286 11016696    0.24%  x(c14_3_c12_3) N 627283 610389     27
 628441 113571        cutoff           2290.0000     2284.4607 11028659    0.24%  x(c22_1_c20_1) U 628441 313969     42
 629587 113261     2285.4193    36     2290.0000     2284.4961 11039693    0.24%  x(c11_3_c14_3) D 629587 626286     44
 630739 113110     2284.5112    55     2290.0000     2284.5000 11056300    0.24%      x(c4_1_Om) N 630739 331540     25
 631923 112871     2286.0195    60     2290.0000     2284.5174 11070517    0.24%  x(c21_2_c12_2) N 631923 412522     37
 633081 112557     2286.0812    27     2290.0000     2284.5440 11083350    0.24%    x(c6_1_c5_1) D 633081 633079     27
 634276 112221     2284.5737    25     2290.0000     2284.5738 11096045    0.24%   x(c16_1_c9_1) N 634276 629680     43
 635429 111917        cutoff           2290.0000     2284.6011 11107829    0.24%  x(c10_2_c22_2) D 635429 625534    102
Elapsed time = 631.02 sec. (1771779.85 ticks, tree = 86.92 MB, solutions = 2)
 636580 111517        cutoff           2290.0000     2284.6335 11118996    0.23%  x(c12_2_c21_2) D 636580 147704     27
 637665 111185     2288.0833    31     2290.0000     2284.6667 11129588    0.23%  x(c18_2_c21_2) N 637665 627854     30
 638856 110920     2285.5425    37     2290.0000     2284.6826 11143739    0.23%    x(c6_3_c4_3) N 638856 348976     30
 640060 110539        cutoff           2290.0000     2284.7149 11155705    0.23%      x(c4_1_Om) U 640060 321174     16
 641226 110082     2285.5093    16     2290.0000     2284.7500 11166914    0.23%   x(c14_3_c4_3) N 641226 630396     40
 642409 109780    infeasible           2290.0000     2284.7770 11179144    0.23%  x(c26_3_c20_3) D 642409 626715     22
 643603 109362        cutoff           2290.0000     2284.8115 11190614    0.23%   x(c4_3_c12_3) U 643603 544285     44
 644814 108956     2284.8470    28     2290.0000     2284.8465 11202229    0.23%  x(c16_2_c12_2) D 644814 513258     28
 645935 108488     2285.3438    31     2290.0000     2284.8859 11212529    0.22%  x(c26_3_c23_3) N 645935 625211     22
 647091 108050     2285.1215    30     2290.0000     2284.9290 11223717    0.22%  x(c16_2_c10_2) D 647091 624772     30
Elapsed time = 641.96 sec. (1809953.37 ticks, tree = 84.24 MB, solutions = 2)
 648248 107538        cutoff           2290.0000     2284.9879 11234202    0.22%  x(c14_3_c12_3) U 648248 588829     18
 649237 107240        cutoff           2290.0000     2285.0000 11248943    0.22%  x(c12_2_c16_2) U 649237 622698     59
 650336 106857        cutoff           2290.0000     2285.0000 11262880    0.22%  x(c23_3_c26_3) U 650336 612772     37
 651446 106314        cutoff           2290.0000     2285.0000 11277792    0.22%  x(c14_3_c20_3) U 651446  12013     82
 652572 105621        cutoff           2290.0000     2285.0000 11292879    0.22%  x(c20_3_c26_3) D 652572 652570     41
 653662 105205        cutoff           2290.0000     2285.0090 11307712    0.22%  x(c26_3_c23_3) U 653662 653661     21
 654809 104991    infeasible           2290.0000     2285.0241 11321817    0.22%  x(c16_2_c17_2) D 654809 636210     29
 655898 104785    infeasible           2290.0000     2285.0385 11336399    0.22%  x(c22_2_c17_2) U 655898 374714     38
 656969 104541     2288.0926    18     2290.0000     2285.0549 11349502    0.22%   x(c8_3_c20_3) N 656969 607902     24
 658084 104298     2287.0854    51     2290.0000     2285.0714 11363338    0.22%      x(c4_3_Om) N 658084 580949     29
Elapsed time = 653.12 sec. (1848122.93 ticks, tree = 81.76 MB, solutions = 2)
 659253 104010        cutoff           2290.0000     2285.0901 11376276    0.21%  x(c26_3_c19_3) U 659253 604759     49
 660358 103744        cutoff           2290.0000     2285.1071 11388471    0.21%  x(c26_1_c19_1) U 660358 497300     40
 661494 103490        cutoff           2290.0000     2285.1268 11401630    0.21%   x(c9_2_c10_2) U 661494 563459     43
 662674 103168     2285.2503    12     2290.0000     2285.1489 11414453    0.21%  x(c21_2_c12_2) N 662674 623275     18
 663823 102857        cutoff           2290.0000     2285.1671 11426647    0.21%     x(Op_c13_2) D 663823  21650     46
 665054 102548     2285.6270    26     2290.0000     2285.1914 11439162    0.21%  x(c19_3_c11_3) N 665054 132657     26
 666220 102233        cutoff           2290.0000     2285.2128 11450978    0.21%  x(c10_2_c16_2) U 666220 440460     37
 667385 101895        cutoff           2290.0000     2285.2360 11462471    0.21%  x(c21_2_c13_2) U 667385 570995     36
 668541 101598     2285.3087    38     2290.0000     2285.2551 11474851    0.21%  x(c22_1_c20_1) D 668541 272872     55
 669599 101287        cutoff           2290.0000     2285.2773 11485162    0.21%  x(c16_1_c20_1) D 669599 443470     53
Elapsed time = 664.34 sec. (1886287.70 ticks, tree = 79.73 MB, solutions = 2)
 670790 101003     2285.3534    18     2290.0000     2285.3014 11496335    0.21%  x(c12_2_c21_2) N 670790 658515     25
 671885 100698     2286.8683    50     2290.0000     2285.3274 11507076    0.20%  x(c26_3_c23_3) N 671885 647451     48
 673055 100373     2285.4257    44     2290.0000     2285.3436 11519512    0.20%    x(c5_2_c2_2) N 673055 673054     24
 674210 99999     2286.7445    76     2290.0000     2285.3700 11530825    0.20%    x(c4_1_c8_1) N 674210 591517     25
 675388 99640        cutoff           2290.0000     2285.3951 11542092    0.20%     x(Op_c22_2) U 675388 545478     36
 676552 99276     2285.6076    52     2290.0000     2285.4214 11553320    0.20%   x(c10_2_c9_2) N 676552 676551     38
 677706 98931     2286.8141    22     2290.0000     2285.4493 11563645    0.20%  x(c11_3_c19_3) N 677706 677705     27
 678837 98502        cutoff           2290.0000     2285.4807 11573362    0.20%    x(c6_1_c9_1) N 678837 664625     34
 679922 98120     2285.5000    24     2290.0000     2285.5000 11585228    0.20%  x(c12_2_c21_2) D 679922 548359     20
 681119 97767     2288.0000    30     2290.0000     2285.5044 11599503    0.20%  x(c18_2_c22_2) D 681119 681117     29
Elapsed time = 675.25 sec. (1924457.03 ticks, tree = 77.29 MB, solutions = 2)
 682314 97320        cutoff           2290.0000     2285.5263 11611380    0.20%   x(c11_1_c9_1) D 682314 464877     33
 683467 96904     2285.7907    44     2290.0000     2285.5523 11623670    0.19%    x(c8_3_c4_3) N 683467 414412     18
 684646 96471        cutoff           2290.0000     2285.5783 11634947    0.19%  x(c22_2_c18_2) U 684646 497885     40
 685800 95983     2285.6619    30     2290.0000     2285.6068 11646159    0.19%  x(c20_3_c26_3) D 685800 681811     35
 686924 95482        cutoff           2290.0000     2285.6380 11656258    0.19%     x(c13_1_Om) D 686924 112314     27
 688014 94980     2288.0293    58     2290.0000     2285.6667 11666350    0.19%  x(c12_2_c16_2) N 688014 669978     35
 689143 94517    infeasible           2290.0000     2285.6883 11677676    0.19%   x(c16_1_c9_1) N 689143 672587     66
 690224 94011     2286.2141    24     2290.0000     2285.7171 11687578    0.19%    x(c9_2_c6_2) D 690224 690223     77
 691336 93450        cutoff           2290.0000     2285.7500 11697787    0.19%  x(c12_2_c21_2) U 691336 380299     46
 692472 92867     2286.7538    57     2290.0000     2285.7778 11708030    0.18%   x(c10_2_c7_2) N 692472 692470     31
Elapsed time = 686.00 sec. (1962622.97 ticks, tree = 73.76 MB, solutions = 2)
 693602 92358        cutoff           2290.0000     2285.8089 11718179    0.18%   x(c9_1_c16_1) U 693602 693600     20
 694771 91769        cutoff           2290.0000     2285.8455 11728088    0.18%  x(c12_2_c14_2) U 694771 593121     43
 695893 91158        cutoff           2290.0000     2285.8842 11737500    0.18%   x(c12_3_c8_3) U 695893 148690     41
 697058 90588     2285.9267    35     2290.0000     2285.9268 11747145    0.18%    x(c9_3_c8_3) N 697058 623303     23
 698143 89978     2286.0407    41     2290.0000     2285.9741 11755556    0.18%   x(c8_1_c19_1) N 698143 561967     28
 699217 89439        cutoff           2290.0000     2286.0000 11767272    0.17%   x(c9_2_c14_2) D 699217 264514     40
 700293 88935     2286.0807    30     2290.0000     2286.0000 11780117    0.17%  x(c15_1_c10_1) N 700293 700292     20
 701370 88400     2286.0885    30     2290.0000     2286.0000 11793005    0.17%   x(c9_1_c16_1) N 701370 479645     23
 702510 87912        cutoff           2290.0000     2286.0079 11806040    0.17%    x(c2_2_c5_2) U 702510 638576     22
 703568 87485        cutoff           2290.0000     2286.0218 11817178    0.17%     x(Op_c22_2) U 703568 695432     43
Elapsed time = 696.64 sec. (2000792.99 ticks, tree = 69.91 MB, solutions = 2)
 704595 87126     2287.4471    22     2290.0000     2286.0361 11828803    0.17%    x(c8_1_c4_1) N 704595 618140     27
 705625 86731     2286.1597    22     2290.0000     2286.0522 11839621    0.17%   x(c8_3_c20_3) N 705625 433122     25
 706722 86340     2286.4743    64     2290.0000     2286.0687 11851044    0.17%   x(c9_1_c16_1) N 706722 506799     34
 707789 85922        cutoff           2290.0000     2286.0856 11861760    0.17%  x(c20_1_c16_1) D 707789 707787     25
 708896 85474    infeasible           2290.0000     2286.1031 11872780    0.17%   x(c8_3_c19_3) N 708896 621170     21
 709978 85020     2286.1352    12     2290.0000     2286.1219 11883981    0.17%    x(c5_2_c2_2) N 709978 707009     25
 711060 84638     2286.5421    22     2290.0000     2286.1413 11894634    0.17%  x(c21_2_c12_2) N 711060 711058     21
 712220 84118     2286.5651    59     2290.0000     2286.1616 11905279    0.17%   x(c9_2_c10_2) N 712220  98500     39
 713371 83636        cutoff           2290.0000     2286.1806 11915660    0.17%  x(c22_2_c18_2) U 713371 713369     57
 714554 83204     2286.2118    18     2290.0000     2286.2015 11925899    0.17%   x(c9_3_c14_3) U 714554 674777     27
Elapsed time = 707.49 sec. (2038967.83 ticks, tree = 66.91 MB, solutions = 2)
 715763 82759    infeasible           2290.0000     2286.2260 11937289    0.16%  x(c10_2_c21_2) N 715763 715762     56
 716873 82338     2287.0000    12     2290.0000     2286.2500 11947400    0.16%  x(c18_2_c22_2) N 716873 672338     27
 718041 81861    infeasible           2290.0000     2286.2674 11958752    0.16%  x(c22_2_c17_2) D 718041 670283     21
 719157 81456     2287.0465    34     2290.0000     2286.2890 11968245    0.16%   x(c9_3_c14_3) D 719157 260805     32
 720276 80947     2288.7111    67     2290.0000     2286.3143 11978265    0.16%   x(c15_1_c4_1) N 720276 315580     55
 721432 80443     2286.3333    57     2290.0000     2286.3333 11988945    0.16%  x(c15_1_c22_1) N 721432 694374     24
 722620 79989        cutoff           2290.0000     2286.3559 11999422    0.16%    x(c6_3_c9_3) D 722620 575474     29
 723742 79540        cutoff           2290.0000     2286.3809 12009155    0.16%   x(c16_1_c9_1) U 723742 624009     27
 724861 79030     2287.6439    60     2290.0000     2286.4058 12018506    0.16%  x(c11_3_c19_3) N 724861 707010     28
 725947 78495     2286.4348    74     2290.0000     2286.4325 12027962    0.16%  x(c22_2_c17_2) N 725947 707037     19
Elapsed time = 718.21 sec. (2077135.77 ticks, tree = 63.59 MB, solutions = 2)
 727132 77909     2286.5312    60     2290.0000     2286.4653 12036689    0.15%  x(c16_2_c13_2) N 727132 727131     33
 728238 77353     2287.5681    18     2290.0000     2286.4968 12044959    0.15%    x(c9_1_c6_1) D 728238 728236     25
 729350 76762        cutoff           2290.0000     2286.5000 12055965    0.15%   x(c16_1_c9_1) U 729350 729349     22
 730491 76240     2286.5776    26     2290.0000     2286.5148 12067053    0.15%    x(c6_3_c9_3) D 730491 714206     34
 731565 75688        cutoff           2290.0000     2286.5387 12076202    0.15%  x(c22_2_c17_2) U 731565 386316     36
 732717 75094     2286.9439    26     2290.0000     2286.5644 12085368    0.15%   x(c10_2_c9_2) N 732717 724303     46
 733826 74457        cutoff           2290.0000     2286.5926 12094122    0.15%      x(Op_c4_1) D 733826 443207     34
 734958 73850        cutoff           2290.0000     2286.6215 12103218    0.15%  x(c26_3_c23_3) U 734958 629989     19
 736104 73190        cutoff           2290.0000     2286.6538 12111756    0.15%  x(c16_2_c17_2) U 736104 524428     57
 737197 72585        cutoff           2290.0000     2286.6717 12121221    0.15%  x(c20_1_c16_1) D 737197 737196     24
Elapsed time = 728.69 sec. (2115298.24 ticks, tree = 59.29 MB, solutions = 2)
 738338 71903     2286.7728    29     2290.0000     2286.7044 12129769    0.14%    x(c5_2_c2_2) N 738338 630353     40
 739465 71222        cutoff           2290.0000     2286.7391 12138347    0.14%   x(c16_2_c7_2) D 739465 531117     26
 740597 70588    infeasible           2290.0000     2286.7644 12147540    0.14%  x(c15_3_c12_3) D 740597 698468     46
 741726 69916        cutoff           2290.0000     2286.7996 12155542    0.14%  x(c16_2_c10_2) U 741726 741725     20
 742833 69214        cutoff           2290.0000     2286.8333 12163875    0.14%  x(c12_2_c14_2) U 742833 742832     26
 744007 68470        cutoff           2290.0000     2286.8714 12172532    0.14%  x(c12_2_c21_2) D 744007 706766     23
 745143 67731        cutoff           2290.0000     2286.9151 12180810    0.13%   x(c10_2_c9_2) U 745143 104622     44
 746254 66993        cutoff           2290.0000     2286.9649 12188248    0.13%   x(c15_1_c5_1) U 746254 628572     23
 747336 66315        cutoff           2290.0000     2287.0000 12198554    0.13%  x(c22_2_c13_2) U 747336 444642     34
 748448 65607     2289.0000    26     2290.0000     2287.0000 12209992    0.13%    x(c5_2_c2_2) N 748448 748447     26
Elapsed time = 738.97 sec. (2153463.00 ticks, tree = 54.18 MB, solutions = 2)
 749574 64825     2288.0706    38     2290.0000     2287.0000 12221194    0.13%   x(c9_2_c14_2) N 749574 749573     57
 750664 64139     2287.0145    21     2290.0000     2287.0063 12232056    0.13%   x(c14_3_c4_3) N 750664 158459     28
 751708 63590        cutoff           2290.0000     2287.0205 12242170    0.13%    x(c4_3_c8_3) U 751708 622518     44
 752768 63031     2287.5411    42     2290.0000     2287.0354 12251738    0.13%    x(c8_1_c4_1) N 752768 671135     22
 753840 62412        cutoff           2290.0000     2287.0515 12261328    0.13%  x(c12_2_c17_2) D 753840 173284     36
 754887 61839        cutoff           2290.0000     2287.0665 12270522    0.13%  x(c22_2_c13_2) D 754887 350264     35
 755944 61274     2287.0984    10     2290.0000     2287.0843 12279536    0.13%    x(c4_1_c8_1) N 755944 755943     37
 756994 60727        cutoff           2290.0000     2287.1011 12288678    0.13%  x(c22_2_c17_2) D 756994 341482     23
 758042 60183     2287.1293    58     2290.0000     2287.1203 12297436    0.13%    x(c9_1_c8_1) N 758042 288112     39
 759106 59572        cutoff           2290.0000     2287.1386 12306236    0.12%  x(c17_2_c16_2) U 759106 721870     25
Elapsed time = 749.50 sec. (2191622.53 ticks, tree = 49.83 MB, solutions = 2)
 760143 59071        cutoff           2290.0000     2287.1591 12314822    0.12%    x(c6_3_c4_3) U 760143 658574     40
 761192 58516     2287.1780    25     2290.0000     2287.1781 12323405    0.12%  x(c16_2_c12_2) N 761192 755319     57
 762239 57986        cutoff           2290.0000     2287.2000 12331847    0.12%   x(c8_1_c20_1) D 762239 762237     52
 763305 57407     2288.5212    34     2290.0000     2287.2207 12340043    0.12%   x(c14_3_c4_3) N 763305 665566     31
 764367 56835        cutoff           2290.0000     2287.2422 12348602    0.12%    x(c9_3_c8_3) U 764367 609096     35
 765424 56250        cutoff           2290.0000     2287.2594 12357035    0.12%     x(Op_c22_2) N 765424 759432     25
 766459 55710        cutoff           2290.0000     2287.2818 12365141    0.12%   x(c9_1_c11_1) U 766459 379957     54
 767509 55145     2287.5140    28     2290.0000     2287.3046 12373293    0.12%   x(c9_2_c10_2) N 767509 543707     35
 768572 54537        cutoff           2290.0000     2287.3310 12381133    0.12%  x(c18_2_c22_2) U 768572 619201     28
 769655 53888        cutoff           2290.0000     2287.3456 12389770    0.12%   x(c9_3_c14_3) U 769655 597879     26
Elapsed time = 759.97 sec. (2229784.99 ticks, tree = 45.73 MB, solutions = 2)
 770713 53301     2287.8444    36     2290.0000     2287.3698 12397551    0.11%   x(c8_3_c20_3) N 770713 344588     26
 771763 52706        cutoff           2290.0000     2287.3943 12405562    0.11%  x(c20_3_c26_3) U 771763 552772     36
 772832 52100     2287.4313    44     2290.0000     2287.4179 12413909    0.11%   x(c9_1_c16_1) N 772832 418306     30
 773961 51381        cutoff           2290.0000     2287.4463 12421955    0.11%  x(c11_3_c19_3) U 773961 753307     31
 775109 50676        cutoff           2290.0000     2287.4801 12429237    0.11%  x(c12_2_c14_2) U 775109 767485     61
 776252 49936        cutoff           2290.0000     2287.5000 12438029    0.11%   x(c11_3_c4_3) D 776252 581246     32
 777371 49214    infeasible           2290.0000     2287.5092 12446798    0.11%   x(c15_3_c4_3) U 777371 777370     31
 778472 48548     2287.9042    32     2290.0000     2287.5323 12454421    0.11%    x(c6_3_c9_3) N 778472 778471     30
 779602 47784     2288.0077    43     2290.0000     2287.5581 12461877    0.11%   x(c9_1_c16_1) N 779602 547177     22
 780699 47040        cutoff           2290.0000     2287.5849 12469218    0.11%  x(c13_2_c16_2) D 780699 686245     27
Elapsed time = 770.19 sec. (2267949.80 ticks, tree = 40.66 MB, solutions = 2)
 781811 46260        cutoff           2290.0000     2287.6148 12476494    0.10%     x(c11_1_Om) U 781811 400683     40
 782920 45532        cutoff           2290.0000     2287.6460 12483228    0.10%     x(Op_c22_2) N 782920 525542     29
 784065 44726        cutoff           2290.0000     2287.6690 12490447    0.10%  x(c16_1_c20_1) N 784065 739150     26
 785192 43908        cutoff           2290.0000     2287.7025 12497722    0.10%  x(c16_2_c14_2) U 785192 189922     27
 786326 43083        cutoff           2290.0000     2287.7377 12504428    0.10%    x(c9_1_c4_1) U 786326 674069     27
 787462 42269     2288.8514    18     2290.0000     2287.7654 12511451    0.10%   x(c20_3_c8_3) N 787462 470596     26
 788612 41419     2288.4863    27     2290.0000     2287.8013 12518262    0.10%    x(c5_2_c2_2) N 788612 788611     22
 789754 40578        cutoff           2290.0000     2287.8367 12524917    0.09%    x(c8_1_c4_1) U 789754 446676     40
 790898 39698        cutoff           2290.0000     2287.8784 12531493    0.09%     x(c13_2_Om) D 790898 737449     46
 792067 38768     2288.3836    18     2290.0000     2287.9266 12537734    0.09%    x(c8_3_c6_3) N 792067 654330     41
Elapsed time = 780.17 sec. (2306117.41 ticks, tree = 34.45 MB, solutions = 2)
 793266 37758     2288.1883    29     2290.0000     2287.9837 12543444    0.09%  x(c13_2_c21_2) N 793266 788048     38
 794440 36846     2288.4881    32     2290.0000     2288.0000 12553104    0.09%   x(c10_2_c9_2) N 794440 629753     37
 795650 35865        cutoff           2290.0000     2288.0000 12562135    0.09%  x(c26_3_c23_3) U 795650 124936     69
 796823 34934        cutoff           2290.0000     2288.0053 12571807    0.09%   x(c9_2_c10_2) U 796823 631864     24
 797954 34111        cutoff           2290.0000     2288.0214 12580071    0.09%     x(Op_c12_2) U 797954 791645     46
 799070 33372     2288.1693    10     2290.0000     2288.0384 12587730    0.09%  x(c21_2_c13_2) N 799070 388652     17
 800196 32584     2288.4952    42     2290.0000     2288.0566 12595276    0.08%  x(c13_2_c16_2) N 800196 762762     39
 801312 31812        cutoff           2290.0000     2288.0738 12603032    0.08%  x(c16_2_c10_2) D 801312 532029     18
 802441 31023        cutoff           2290.0000     2288.0939 12610385    0.08%   x(c9_3_c20_3) U 802441 235516     35
 803533 30304        cutoff           2290.0000     2288.1117 12618071    0.08%  x(c18_2_c21_2) U 803533 646957     20
Elapsed time = 790.13 sec. (2344284.86 ticks, tree = 28.22 MB, solutions = 2)
 804630 29571        cutoff           2290.0000     2288.1324 12625718    0.08%    x(c2_2_c5_2) U 804630 713227     30
 805748 28804     2288.1998    39     2290.0000     2288.1524 12632982    0.08%  x(c13_2_c16_2) N 805748 706432     19
 806843 28052        cutoff           2290.0000     2288.1723 12640246    0.08%   x(c7_2_c14_2) U 806843 698248     58
 807957 27287        cutoff           2290.0000     2288.1932 12647370    0.08%      x(c4_1_Om) U 807957 286293     37
 809057 26527     2288.2319    64     2290.0000     2288.2143 12654783    0.08%    x(c6_3_c9_3) N 809057 593392     34
 810161 25795        cutoff           2290.0000     2288.2367 12661728    0.08%  x(c11_3_c19_3) U 810161 433643     19
 811302 24943        cutoff           2290.0000     2288.2590 12668864    0.08%  x(c18_2_c22_2) U 811302 767927     33
 812424 24138    infeasible           2290.0000     2288.2842 12675626    0.07%      x(Op_c6_3) D 812424 791819     42
 813552 23339     2288.3103    65     2290.0000     2288.3103 12682265    0.07%   x(c9_1_c16_1) N 813552  92662     46
 814680 22496        cutoff           2290.0000     2288.3333 12689191    0.07%  x(c15_3_c11_3) U 814680 406133     32
Elapsed time = 800.23 sec. (2382457.97 ticks, tree = 22.45 MB, solutions = 2)
 815804 21671        cutoff           2290.0000     2288.3584 12695833    0.07%     x(c12_2_Om) U 815804 623053     49
 816939 20830     2288.9000    30     2290.0000     2288.3847 12702251    0.07%   x(c16_1_c9_1) N 816939 801164     32
 818086 19960     2288.4140    57     2290.0000     2288.4114 12708474    0.07%  x(c15_3_c11_3) N 818086 818085     27
 819212 19130     2288.8497    31     2290.0000     2288.4409 12714658    0.07%    x(c6_3_c9_3) N 819212 778939     43
 820355 18266        cutoff           2290.0000     2288.4734 12720519    0.07%    x(c6_1_c9_1) U 820355 282199     35
 821552 17300        cutoff           2290.0000     2288.5000 12726527    0.07%  x(c22_2_c17_2) N 821552 706076     18
 822785 16220     2288.8933    15     2290.0000     2288.5124 12732750    0.06%    x(c4_1_c8_1) N 822785 810729     37
 823959 15247        cutoff           2290.0000     2288.5385 12738520    0.06%  x(c18_2_c22_2) D 823959 704763     47
 825147 14262        cutoff           2290.0000     2288.5691 12743730    0.06%  x(c21_2_c13_2) D 825147 818893     44
 826339 13261     2288.6639     6     2290.0000     2288.6007 12749027    0.06%    x(c5_2_c2_2) N 826339 826338     26
Elapsed time = 810.04 sec. (2420626.01 ticks, tree = 15.53 MB, solutions = 2)
 827542 12235        cutoff           2290.0000     2288.6367 12754158    0.06%   x(c4_3_c15_3) U 827542 418832     32
 828771 11174        cutoff           2290.0000     2288.6667 12759217    0.06%    x(c6_3_c4_3) D 828771 291332     29
 830000 10084     2288.7054    12     2290.0000     2288.7015 12764004    0.06%      x(Op_c4_1) N 830000 820582     51
 831238  8983        cutoff           2290.0000     2288.7402 12768342    0.06%  x(c20_1_c16_1) D 831238 558556     20
 832483  7851     2288.8090    48     2290.0000     2288.7755 12772821    0.05%    x(c9_2_c6_2) N 832483 186597     39
 833730  6723        cutoff           2290.0000     2288.8154 12776980    0.05%   x(c14_3_c4_3) D 833730 830546     40
 835016  5507     2288.8814    44     2290.0000     2288.8616 12780937    0.05%  x(c14_3_c15_3) N 835016 598514     17
 836303  4275        cutoff           2290.0000     2288.9147 12784560    0.05%   x(c9_3_c14_3) D 836303 820837     19
 837642  2960        cutoff           2290.0000     2288.9787 12787788    0.04%   x(c9_1_c16_1) D 837642 774249     19
 839008  1623        cutoff           2290.0000     2289.0000 12793411    0.04%   x(c9_1_c16_1) U 839008 552793     33
Elapsed time = 819.36 sec. (2458791.45 ticks, tree = 6.75 MB, solutions = 2)
 840346   322        cutoff           2290.0000     2289.0000 12800129    0.04%  x(c10_1_c19_1) U 840346 238516     79

Clique cuts applied:  14
Cover cuts applied:  1012
Flow cuts applied:  2
Mixed integer rounding cuts applied:  114
Zero-half cuts applied:  8
Gomory fractional cuts applied:  3
User cuts applied:  614

Root node processing (before b&c):
  Real time             =    0.08 sec. (163.83 ticks)
Sequential b&c:
  Real time             =  820.52 sec. (2466552.97 ticks)
                          ------------
Total (root+branch&cut) =  820.60 sec. (2466716.80 ticks)

