Version identifier: 22.1.0.0 | 2022-03-09 | 1a383f8ce
CPXPARAM_Preprocessing_Reduce                    1
CPXPARAM_Threads                                 1
CPXPARAM_Preprocessing_Reformulations            0
CPXPARAM_Emphasis_MIP                            2
CPXPARAM_TimeLimit                               7200
CPXPARAM_MIP_Tolerances_AbsMIPGap                0.5
CPXPARAM_MIP_Limits_TreeMemory                   26600
Legacy callback                                  BbLUID
         Disabling repeat represolve because of lazy constraint/incumbent callback.
1 of 1 MIP starts provided solutions.
MIP start 'm1' defined initial solution with objective 62256.0000.
Tried aggregator 1 time.
MIP Presolve modified 5993 coefficients.
Reduced MIP has 356 rows, 6166 columns, and 12332 nonzeros.
Reduced MIP has 6166 binaries, 0 generals, 0 SOSs, and 0 indicators.
Presolve time = 0.00 sec. (7.21 ticks)
Probing time = 0.00 sec. (3.49 ticks)
Clique table members: 356.
MIP emphasis: optimality.
MIP search method: traditional branch-and-cut.
Parallel mode: none, using 1 thread.
Root relaxation solution time = 0.00 sec. (3.12 ticks)

        Nodes                                         Cuts/
   Node  Left     Objective  IInf  Best Integer    Best Bound    ItCnt     Gap         Variable B NodeID Parent  Depth

*     0+    0                        62256.0000        0.0000           100.00%
      0     0    56444.8333    28    62256.0000    52567.0000      189   15.56%
      0     0    58017.5000   132    62256.0000      Cuts: 35      276    6.81%
      0     0    59194.8333   203    62256.0000      Cuts: 58      361    4.92%
      0     0    60030.6000   207    62256.0000      Cuts: 60      463    3.57%
      0     0    60305.2833   110    62256.0000      Cuts: 29      517    3.13%
      0     0    60439.3591   165    62256.0000      Cuts: 15      561    2.92%
      0     0    60491.9000   168    62256.0000      Cuts: 15      583    2.83%
      0     0    60561.5772   196    62256.0000      Cuts: 13      609    2.72%
      0     0    60617.1866   243    62256.0000       Cuts: 6      632    2.63%
      0     0    60639.4444   242    62256.0000       Cuts: 9      661    2.60%
      0     0    60658.6667   245    62256.0000       Cuts: 5      674    2.57%
      0     0    60666.8667   184    62256.0000      Cuts: 10      678    2.55%
      0     0    60688.1467   321    62256.0000      User: 18      702    2.52%
      0     0    60703.0967   300    62256.0000       Cuts: 4      715    2.49%
      0     0    60711.2045   322    62256.0000   ZeroHalf: 4      731    2.48%
      0     0    60718.8578   345    62256.0000       Cuts: 6      748    2.47%
      0     0    60719.6474   341    62256.0000       User: 2      751    2.47%
      0     2    60719.6474   311    62256.0000    60719.6792      751    2.47%                        0             0
Elapsed time = 0.49 sec. (779.00 ticks, tree = 0.01 MB, solutions = 1)
      4     6    60839.9986   323    62256.0000    60755.6653      796    2.41%  x(c33_4_c47_4) N      4      3      3
      7     9    60971.6000   307    62256.0000    60755.6653      914    2.41%  x(c46_4_c36_4) N      7      4      4
     13    15    60950.1566   260    62256.0000    60755.6653      979    2.41%     x(Op_c16_1) N     13     12      8
     21    23    61063.1141   255    62256.0000    60755.6653     1249    2.41%   x(c8_3_c38_3) N     21     20     14
     37    39    61338.9500   195    62256.0000    60755.6653     1570    2.41%   x(c32_3_c5_3) N     37     36     24
     60    62    61770.5333   150    62256.0000    60755.6653     1859    2.41%  x(c18_3_c46_3) N     60     57     39
     86    82    61337.3111   234    62256.0000    60756.9986     2292    2.41%  x(c18_1_c36_1) N     86     84     10
    110    99    60844.7761   366    62256.0000    60792.9040     2733    2.35%  x(c33_4_c47_4) N    110     75      5
    120   109    60868.9606   356    62256.0000    60827.3133     3046    2.29%  x(c15_2_c23_2) N    120      0      1
    219   208    61152.1665   300    62256.0000    60914.7955     6326    2.15%  x(c24_3_c32_3) U    219    217     18
Elapsed time = 2.68 sec. (4083.71 ticks, tree = 1.81 MB, solutions = 1)
    294   283    61168.3507   319    62256.0000    60951.5289     9001    2.10%  x(c24_3_c32_3) U    294    205      8
    390   379    61047.3683   363    62256.0000    60998.8055    12944    2.02%      x(Op_c8_3) D    390    308     12
    525   514    61052.1657   310    62256.0000    61030.1056    17261    1.97%  x(c38_4_c31_4) U    525    416     20
    640   629    61058.9958   305    62256.0000    61045.6937    21229    1.94%  x(c10_4_c26_4) D    640    639     13
    757   746    61195.0213   365    62256.0000    61059.1167    25220    1.92%  x(c46_3_c33_3) D    757    409     14
    877   866    61180.7000   270    62256.0000    61069.3444    29273    1.91%   x(c2_2_c34_2) U    877    786     24
    991   980    61096.1615   294    62256.0000    61079.6558    33172    1.89%  x(c24_3_c32_3) D    991    751     13
   1120  1109    61095.2452   314    62256.0000    61088.5860    37395    1.88%  x(c24_3_c32_3) D   1120    431     11
   1223  1212    61174.3196   332    62256.0000    61093.8722    40565    1.87%   x(c22_4_c8_4) D   1223    846     18
   1322  1311    61268.6312   318    62256.0000    61099.6435    44555    1.86%   x(c5_4_c34_4) N   1322    875     16
Elapsed time = 9.75 sec. (13681.55 ticks, tree = 13.48 MB, solutions = 1)
   1415  1404    61290.1996   312    62256.0000    61106.6921    48140    1.85%  x(c24_3_c32_3) U   1415   1051     17
   1502  1491    61253.8978   332    62256.0000    61111.8806    52118    1.84%  x(c10_4_c26_4) U   1502    928     16
   1567  1556    61669.0958   293    62256.0000    61117.5889    55458    1.83%  x(c47_4_c15_4) N   1567   1229     24
   1643  1632    61182.5565   334    62256.0000    61122.0381    59065    1.82%  x(c38_4_c31_4) D   1643   1641     24
   1718  1707    61209.7991   360    62256.0000    61127.3449    62734    1.81%   x(c22_4_c9_4) N   1718    453      8
   1793  1782    61374.3949   321    62256.0000    61131.7303    66542    1.81%   x(c25_3_c5_3) U   1793   1114     15
   1865  1854    61173.5786   342    62256.0000    61134.7500    70327    1.80%  x(c39_2_c48_2) D   1865   1489     19
   1939  1928    61294.2085   288    62256.0000    61138.7179    74035    1.79%  x(c46_3_c33_3) D   1939   1937     14
   2025  2014    61169.7273   325    62256.0000    61142.6762    77735    1.79%  x(c10_4_c26_4) D   2025   1453     19
   2110  2099    61282.7208   263    62256.0000    61146.6852    81411    1.78%  x(c48_2_c25_2) U   2110   2108     17
Elapsed time = 15.87 sec. (23302.48 ticks, tree = 23.67 MB, solutions = 1)
   2189  2178    61626.1111    59    62256.0000    61149.4192    84276    1.78%  x(c11_1_c23_1) N   2189   2188     37
   2274  2257    61296.1591   327    62256.0000    61150.9630    87187    1.77%  x(c38_4_c31_4) D   2274    841     22
   2359  2342    61196.0611   308    62256.0000    61155.2084    90958    1.77%  x(c24_3_c32_3) D   2359    600     14
   2435  2418    61197.7837   295    62256.0000    61158.6464    93888    1.76%  x(c39_2_c48_2) U   2435   1514     15
   2526  2509    61369.7735   265    62256.0000    61161.8259    97568    1.76%   x(c8_1_c16_1) U   2526   2117     15
   2619  2602    61348.5205   322    62256.0000    61165.0611   101335    1.75%   x(c5_4_c34_4) N   2619   2123      8
   2709  2692    61382.3015   254    62256.0000    61167.9622   104955    1.75%  x(c31_4_c15_4) U   2709   1655     19
   2798  2781    61220.5102   356    62256.0000    61170.8348   108432    1.74%      x(Op_c8_3) D   2798    882      8
   2874  2857    61423.8176   269    62256.0000    61173.8500   111893    1.74%   x(c5_4_c34_4) U   2874   1524     17
   2964  2947    61344.2861   288    62256.0000    61176.2614   115584    1.73%  x(c34_2_c48_2) U   2964   2296     11
Elapsed time = 21.65 sec. (32879.02 ticks, tree = 35.00 MB, solutions = 1)
   3052  3035    61198.6400   301    62256.0000    61178.7253   119267    1.73%  x(c47_3_c33_3) D   3052    551     17
   3139  3122    61206.8449   404    62256.0000    61181.1786   122982    1.73%  x(c46_3_c33_3) U   3139   3138     11
   3219  3202    61246.5122   321    62256.0000    61183.3986   126160    1.72%  x(c46_3_c33_3) U   3219    749     12
   3300  3283    61217.6256   310    62256.0000    61185.6707   129974    1.72%   x(c22_4_c9_4) D   3300   1445     16
   3388  3371    61289.4529   334    62256.0000    61188.5256   133600    1.71%  x(c31_5_c38_5) D   3388   3386     21
   3476  3459    61232.4556   352    62256.0000    61190.7155   137385    1.71%   x(c5_3_c42_3) U   3476   2326     18
   3563  3546    61323.1805   324    62256.0000    61192.5967   141087    1.71%   x(c41_2_c2_2) U   3563   2603     19
   3645  3628    61379.1172   239    62256.0000    61195.2468   144660    1.70%  x(c39_5_c25_5) N   3645   1871     30
   3730  3713    61250.8730   375    62256.0000    61197.3705   147996    1.70%  x(c38_4_c31_4) D   3730   3034     15
   3813  3796    61218.9496   361    62256.0000    61200.0965   151562    1.70%  x(c31_4_c15_4) D   3813   2009     18
Elapsed time = 27.38 sec. (42496.54 ticks, tree = 46.82 MB, solutions = 1)
   3907  3890    61275.7244   337    62256.0000    61201.7500   155184    1.69%  x(c39_5_c21_5) U   3907   2162     27
   4000  3983    61233.8667   162    62256.0000    61203.5045   158833    1.69%  x(c39_5_c21_5) D   4000   3999     17
   4088  4071    61400.2262   250    62256.0000    61205.6429   162378    1.69%  x(c22_4_c34_4) U   4088   4086     16
   4174  4157    61215.6773   338    62256.0000    61207.9033   165944    1.68%  x(c48_2_c25_2) D   4174   4173     11
   4269  4252    61612.7641   350    62256.0000    61210.1019   169466    1.68%  x(c10_4_c32_4) U   4269   3940     16
   4377  4352    61241.2436   369    62256.0000    61210.9412   171833    1.68%  x(c38_4_c31_4) D   4377   2667     19
   4460  4435    61320.3293   334    62256.0000    61212.5602   175084    1.68%  x(c15_2_c40_2) U   4460   2849     27
   4551  4526    61316.9478   286    62256.0000    61214.0254   178525    1.67%  x(c46_3_c33_3) D   4551   2825     18
   4642  4617    61315.7446   346    62256.0000    61215.6384   182111    1.67%  x(c31_5_c38_5) D   4642   4640     18
   4728  4703    61384.6612   292    62256.0000    61217.2461   185429    1.67%  x(c34_2_c48_2) U   4728   2658     26
Elapsed time = 33.42 sec. (52113.85 ticks, tree = 59.92 MB, solutions = 1)
   4814  4789    61265.0805   355    62256.0000    61218.5704   188808    1.67%   x(c25_4_c5_4) U   4814   4812     10
   4901  4876    61233.6994   320    62256.0000    61220.1000   192135    1.66%  x(c10_1_c24_1) D   4901   2069     18
   4985  4960    61232.7690   366    62256.0000    61221.3333   195386    1.66%   x(c25_3_c5_3) D   4985   4984     14
   5075  5050    61287.7092   355    62256.0000    61222.5514   198725    1.66%     x(Op_c16_1) U   5075   3161     19
   5163  5138    61334.5291   213    62256.0000    61223.8716   202111    1.66%  x(c31_5_c38_5) D   5163   5161     21
   5250  5225    61230.4655   353    62256.0000    61225.2792   205407    1.66%   x(c8_1_c16_1) D   5250   3934     18
   5335  5310    61408.0763   291    62256.0000    61226.8304   208952    1.65%  x(c25_5_c39_5) U   5335   5333     20
   5428  5403    61542.3278   315    62256.0000    61228.1761   212291    1.65%  x(c10_4_c32_4) U   5428   2114     11
   5510  5485    61248.3787   359    62256.0000    61229.5083   215876    1.65%  x(c48_2_c25_2) D   5510    900     11
   5597  5572    61292.9288   364    62256.0000    61230.8929   219253    1.65%  x(c38_4_c31_4) U   5597   5596     16
Elapsed time = 39.22 sec. (61706.90 ticks, tree = 72.95 MB, solutions = 1)
   5681  5656    61340.2957   304    62256.0000    61232.1419   222411    1.64%  x(c39_1_c32_1) D   5681   3615     20
   5766  5741    61349.4000   193    62256.0000    61233.4271   225939    1.64%  x(c15_2_c40_2) U   5766   4568     18
   5853  5828    61329.9019   351    62256.0000    61234.7829   229235    1.64%  x(c31_5_c38_5) D   5853   4916     15
   5946  5921    61382.7179   265    62256.0000    61235.8829   232400    1.64%  x(c25_5_c39_5) U   5946   3800     22
   6028  6003    61266.0219   332    62256.0000    61237.1121   235618    1.64%   x(c5_3_c42_3) D   6028   1950     16
   6112  6087    61311.1812   296    62256.0000    61238.1342   238695    1.63%  x(c39_5_c21_5) U   6112   6110     28
   6199  6174    61365.9300   271    62256.0000    61239.1740   242044    1.63%   x(c5_4_c34_4) N   6199   3540     17
   6283  6258    61297.6456   271    62256.0000    61240.6782   245284    1.63%  x(c39_5_c21_5) U   6283   4268     26
   6368  6343    61322.0000    57    62256.0000    61241.8054   248628    1.63%   x(c44_5_c7_5) U   6368   6366     26
   6448  6423    61370.2444   337    62256.0000    61242.5164   251751    1.63%  x(c48_4_c25_4) U   6448   6447     25
Elapsed time = 44.94 sec. (71298.80 ticks, tree = 85.90 MB, solutions = 1)
   6532  6502    61651.2417   289    62256.0000    61243.4079   254993    1.63%  x(c10_4_c32_4) N   6532   4112     15
   6614  6584    61371.6718   363    62256.0000    61244.4106   258291    1.62%  x(c39_1_c32_1) D   6614    738     12
   6695  6665    61278.9135   172    62256.0000    61245.5179   261606    1.62%  x(c39_5_c21_5) D   6695   4110     29
   6779  6749    61299.9308   349    62256.0000    61246.7811   265031    1.62%  x(c31_5_c38_5) U   6779   3379     17
   6862  6832    61282.8187   267    62256.0000    61247.8757   268160    1.62%  x(c31_5_c38_5) U   6862   5525     26
   6944  6914    61411.5563   282    62256.0000    61248.8435   271392    1.62%  x(c46_3_c33_3) D   6944   6942     15
   7030  7000    61298.2538   333    62256.0000    61249.7917   274737    1.62%  x(c15_2_c40_2) D   7030   2639     18
   7118  7088    61257.3333   215    62256.0000    61250.9117   277937    1.61%  x(c46_3_c33_3) U   7118   4238     29
   7199  7169    61336.5687   330    62256.0000    61251.9022   281266    1.61%  x(c31_5_c38_5) D   7199   5276     19
   7275  7245    61268.4917   315    62256.0000    61252.7931   284173    1.61%  x(c39_1_c32_1) U   7275   2644     14
Elapsed time = 50.87 sec. (80907.73 ticks, tree = 98.78 MB, solutions = 1)
   7363  7333    61259.2151   316    62256.0000    61253.8529   287375    1.61%   x(c32_3_c5_3) D   7363   1834     13
   7446  7416    61346.4790   310    62256.0000    61254.7612   290734    1.61%     x(Op_c16_1) U   7446   5548     19
   7526  7496    61463.1220   340    62256.0000    61255.7977   293985    1.61%  x(c47_3_c33_3) U   7526   6391     22
   7606  7576    61383.3191   268    62256.0000    61257.0214   297213    1.60%   x(c32_3_c5_3) U   7606   1834     13
   7689  7659    61283.7191   333    62256.0000    61257.7385   300323    1.60%  x(c10_4_c32_4) D   7689   1547     17
   7770  7740    61266.7753   324    62256.0000    61258.6123   303526    1.60%  x(c33_4_c31_4) D   7770   5899     16
   7854  7824    61454.4606   321    62256.0000    61259.6667   306772    1.60%   x(c41_2_c2_2) U   7854   1844     23
   7939  7909    61275.0914   370    62256.0000    61260.5717   310178    1.60%  x(c34_2_c48_2) D   7939   4552     23
   8017  7987    61334.4368   317    62256.0000    61261.4449   313351    1.60%  x(c24_1_c32_1) D   8017   2635     20
   8352  8322    61457.0475   319    62256.0000    61264.4654   326109    1.59%  x(c25_5_c39_5) U   8352   2564     21
Elapsed time = 58.17 sec. (93370.88 ticks, tree = 116.08 MB, solutions = 1)
   8666  8629    61438.5779   342    62256.0000    61266.9917   338118    1.59%  x(c24_3_c32_3) U   8666   8664     11
   8961  8924    61333.4345   305    62256.0000    61269.7041   350080    1.58%  x(c48_4_c25_4) D   8961   5536     26
   9264  9227    61502.0000   291    62256.0000    61272.2073   361978    1.58%   x(c5_4_c34_4) U   9264   1278     20
   9555  9518    61444.6937   275    62256.0000    61275.0160   374079    1.58%  x(c34_2_c48_2) U   9555   5050     26
   9837  9800    61396.0691   305    62256.0000    61277.0170   385839    1.57%  x(c39_1_c32_1) D   9837   9835     17
  10130 10093    61316.8291   302    62256.0000    61279.2546   397588    1.57%  x(c31_5_c38_5) U  10130   7977     19
  10435 10398    61441.3310   323    62256.0000    61281.6102   409406    1.57%  x(c33_4_c31_4) U  10435   7903     13
  10759 10713    61428.2280   353    62256.0000    61283.6786   420803    1.56%  x(c46_3_c33_3) N  10759   7010     20
  11062 11016    61334.6458   282    62256.0000    61285.9931   432512    1.56%  x(c24_1_c32_1) D  11062   4512     10
  11346 11300    61374.7675   370    62256.0000    61288.2124   444354    1.55%      x(Op_c8_3) U  11346   4422     13
Elapsed time = 80.23 sec. (131552.64 ticks, tree = 166.39 MB, solutions = 1)
  11654 11608    61514.6372   252    62256.0000    61290.4781   456209    1.55%  x(c25_5_c39_5) U  11654  10229     23
  11964 11918    61314.9190   326    62256.0000    61292.6626   467970    1.55%  x(c31_4_c15_4) D  11964   3942     18
  12276 12230    61481.5940   332    62256.0000    61294.3750   479969    1.54%  x(c25_5_c39_5) U  12276   9974     23
  12575 12529    61396.4684   343    62256.0000    61296.0641   491629    1.54%  x(c21_2_c32_2) D  12575  12573     31
  12763 12684    62246.0000     1    62256.0000    61296.9010   496839    1.54%  x(c13_2_c21_2) D  12763  12761     69
* 12797 12683      integral     0    62255.0000    61296.9010   496853    1.54%
  12980 12866    61306.4034   303    62255.0000    61297.8974   503948    1.54%  x(c38_3_c31_3) U  12980   3960     19
  13280 13166    61394.1582   369    62255.0000    61299.7642   515880    1.53%  x(c31_5_c38_5) D  13280   8393     19
  13573 13459    61306.5500   222    62255.0000    61301.6000   527549    1.53%  x(c25_5_c39_5) D  13573   9304     24
  13862 13748    61341.2330   321    62255.0000    61303.2680   538613    1.53%  x(c39_5_c21_5) D  13862   9852     33
  14137 14023    61339.2890   288    62255.0000    61304.9656   549809    1.53%  x(c24_3_c32_3) D  14137    847     18
Elapsed time = 101.50 sec. (169864.86 ticks, tree = 214.13 MB, solutions = 2)
  14400 14286    61328.3642   353    62255.0000    61306.5410   561228    1.52%  x(c48_2_c25_2) D  14400   8466     11
  14683 14569    61408.5224   335    62255.0000    61307.9260   572463    1.52%  x(c39_1_c32_1) D  14683   9460     13
  14981 14861    61314.1818   340    62255.0000    61309.2677   583382    1.52%  x(c25_5_c39_5) D  14981  12329     18
  15247 15127    61322.1094   206    62255.0000    61310.6302   594592    1.52%  x(c33_4_c47_4) U  15247   7887     17
  15523 15403    61460.0498   374    62255.0000    61312.0148   605543    1.51%  x(c24_3_c32_3) U  15523   3539     14
  15792 15672    61358.7186   355    62255.0000    61313.3912   616617    1.51%   x(c42_4_c5_4) U  15792  13013     19
  16063 15943    61347.7805   337    62255.0000    61314.5795   627291    1.51%  x(c46_3_c33_3) U  16063   2292     20
  16350 16230    61385.4127   327    62255.0000    61315.7812   638347    1.51%  x(c33_4_c47_4) D  16350  11536     15
  16621 16501    61365.6302   259    62255.0000    61317.0166   649117    1.51%  x(c18_3_c46_3) U  16621   3893     29
  16885 16765    61378.3428   278    62255.0000    61318.3033   660190    1.50%   x(c48_2_c5_2) U  16885  16883     30
Elapsed time = 123.31 sec. (208222.85 ticks, tree = 266.33 MB, solutions = 2)
  17162 17028    61365.6132   308    62255.0000    61319.4703   670440    1.50%  x(c39_2_c48_2) D  17162   5483     27
  17417 17283    61557.8415   306    62255.0000    61320.6536   681326    1.50%  x(c25_5_c39_5) U  17417  14305     21
  17687 17552    61441.4880   315    62255.0000    61321.9462   692298    1.50%   x(c42_4_c5_4) U  17687  11908     25
  17952 17817    61406.4882   249    62255.0000    61323.3002   703587    1.50%  x(c31_5_c38_5) D  17952   8746     23
  18195 18060    61453.9863   319    62255.0000    61324.4529   714323    1.49%  x(c38_4_c36_4) U  18195   5668     15
  18446 18311    61326.4177   316    62255.0000    61325.6264   725595    1.49%  x(c35_4_c10_4) D  18446  14585     32
  18700 18565    61340.7981   304    62255.0000    61326.7500   737228    1.49%   x(c8_1_c16_1) D  18700  12473     18
  18970 18826    61336.1415   244    62255.0000    61327.6562   748122    1.49%  x(c32_4_c25_4) D  18970  18969     28
  19215 19071    61372.1050   322    62255.0000    61328.6418   759338    1.49%  x(c24_3_c25_3) D  19215  12248     17
  19463 19319    61825.4448   277    62255.0000    61329.7954   770221    1.49%   x(c41_3_c5_3) U  19463  16254     44
Elapsed time = 144.47 sec. (246448.85 ticks, tree = 315.63 MB, solutions = 2)
  19699 19555    61432.3179   365    62255.0000    61330.7691   781540    1.48%   x(c38_1_c8_1) U  19699  16720     18
  19947 19803    61416.2500   304    62255.0000    61331.8492   792885    1.48%  x(c39_5_c21_5) U  19947  16702     23
  20180 20036    61459.1641   353    62255.0000    61332.8305   803766    1.48%  x(c26_4_c35_4) D  20180   5058     20
  20419 20275    61336.2379   305    62255.0000    61333.7116   814656    1.48%  x(c32_4_c25_4) D  20419   8961     27
  20658 20514    61430.1433   314    62255.0000    61334.6101   825763    1.48%  x(c38_4_c31_4) D  20658   1839     26
  20905 20748    61405.2833   366    62255.0000    61335.3864   835753    1.48%   x(c5_4_c42_4) D  20905    722     11
  21130 20973    61592.3294   133    62255.0000    61336.3776   846626    1.48%   x(c5_4_c34_4) U  21130  18817     37
  21360 21203    61502.9058   317    62255.0000    61337.2179   857207    1.47%   x(c25_4_c5_4) U  21360  15544     30
  21598 21441    61439.9583   289    62255.0000    61337.9861   867621    1.47%   x(c38_1_c8_1) U  21598  21596     18
  21820 21663    61345.5895   241    62255.0000    61338.9202   878127    1.47%  x(c42_4_c26_4) D  21820  21819     19
Elapsed time = 165.68 sec. (284685.52 ticks, tree = 362.84 MB, solutions = 2)
  22040 21883    61402.2769   325    62255.0000    61339.7238   888634    1.47%  x(c20_5_c47_5) D  22040  22038     27
  22260 22103    61406.5809   315    62255.0000    61340.6074   899219    1.47%      x(Op_c8_3) D  22260   6620     18
  22472 22315    61430.8590   297    62255.0000    61341.4760   909688    1.47%  x(c48_4_c25_4) D  22472   6613     21
  22700 22542    61943.8673   268    62255.0000    61342.2920   920142    1.47%    x(c2_4_c5_4) U  22700  22698     48
  22924 22757    61488.0526   346    62255.0000    61343.0914   930041    1.46%  x(c38_4_c31_4) U  22924   2434     22
  23135 22968    61662.5014   302    62255.0000    61343.9703   940787    1.46%  x(c25_4_c48_4) U  23135  14523     18
  23354 23187    61518.8278   325    62255.0000    61344.9201   950760    1.46%   x(c5_4_c34_4) U  23354  17765     23
  23568 23401    61375.7729   370    62255.0000    61345.6914   961558    1.46%  x(c31_5_c38_5) U  23568   9576     16
  23792 23625    61692.9575   316    62255.0000    61346.5667   971999    1.46%  x(c29_5_c10_5) U  23792  18698     32
  24008 23841    61368.3833   371    62255.0000    61347.4533   982263    1.46%  x(c48_2_c25_2) D  24008  24007     15
Elapsed time = 186.51 sec. (322941.18 ticks, tree = 409.25 MB, solutions = 2)
  24238 24071    61711.6694   277    62255.0000    61348.1833   992524    1.46%  x(c25_5_c39_5) U  24238  23831     21
  24462 24295    61442.8406   339    62255.0000    61348.9833  1002761    1.46%  x(c46_4_c33_4) U  24462  12434     18
  24711 24536    61462.0400   292    62255.0000    61349.5455  1012558    1.45%  x(c31_5_c38_5) D  24711   4998     19
  24937 24762    61354.3350   339    62255.0000    61350.1807  1022567    1.45%   x(c5_2_c42_2) D  24937  20176     23
  25155 24980    61785.8062   336    62255.0000    61350.9467  1032861    1.45%  x(c25_4_c48_4) U  25155   7485     17
  25361 25186    61805.8958   286    62255.0000    61351.7527  1042676    1.45%  x(c25_4_c48_4) U  25361  22008     29
  25585 25410    61384.7603   311    62255.0000    61352.5556  1052706    1.45%  x(c10_5_c45_5) D  25585  21260     27
  25791 25616    61554.1532   171    62255.0000    61353.1860  1062488    1.45%   x(c8_1_c16_1) U  25791  20129     20
  26000 25825    61387.0000   278    62255.0000    61353.9250  1072623    1.45%  x(c24_3_c25_3) D  26000   9077     16
  26210 26035    61513.7083   313    62255.0000    61354.6840  1082751    1.45%  x(c48_4_c34_4) U  26210  10826     26
Elapsed time = 207.46 sec. (361233.77 ticks, tree = 456.69 MB, solutions = 2)
  26425 26250    61537.2158   301    62255.0000    61355.5277  1092448    1.44%  x(c47_3_c33_3) U  26425  13986     16
  26662 26479    61488.2253   333    62255.0000    61356.2283  1101632    1.44%  x(c25_5_c39_5) U  26662  11764     24
  26870 26687    61587.4375   328    62255.0000    61356.8889  1111044    1.44%  x(c42_4_c26_4) U  26870  22742     35
  27091 26908    61466.6434   387    62255.0000    61357.5772  1120739    1.44%   x(c38_1_c8_1) U  27091  14681     17
  27305 27122    61426.6667   180    62255.0000    61358.2723  1130552    1.44%   x(c48_2_c5_2) U  27305  27303     31
  27526 27343    61429.4604   354    62255.0000    61358.9132  1140244    1.44%  x(c48_4_c25_4) U  27526  14304     26
  27740 27557    61599.6175   307    62255.0000    61359.4948  1149811    1.44%   x(c5_2_c25_2) U  27740  11261     26
  27960 27777    61369.2903   240    62255.0000    61360.1667  1159492    1.44%   x(c10_4_c5_4) D  27960  24061     32
  28159 27976    61449.1557   301    62255.0000    61360.7135  1169283    1.44%  x(c39_5_c21_5) U  28159   4910     23
  28386 28203    61527.2979   268    62255.0000    61361.2500  1178888    1.44%  x(c24_3_c32_3) U  28386   6144     13
Elapsed time = 229.03 sec. (399502.35 ticks, tree = 505.22 MB, solutions = 2)
  28615 28421    61396.9700   274    62255.0000    61361.8141  1188313    1.43%  x(c39_2_c48_2) U  28615  28614     23
  28822 28628    61396.7350   336    62255.0000    61362.3500  1197741    1.43%   x(c38_1_c8_1) U  28822  14607     19
  29035 28841    61553.3245   324    62255.0000    61363.0000  1207410    1.43%   x(c25_3_c5_3) U  29035  22919     19
  29238 29044    61471.4375   288    62255.0000    61363.6379  1216964    1.43%  x(c39_1_c32_1) D  29238   4939     14
  29438 29244    61390.2933   361    62255.0000    61364.3148  1226623    1.43%  x(c48_4_c25_4) D  29438   6436     21
  29643 29449    61368.6577   146    62255.0000    61364.9281  1235687    1.43%  x(c33_4_c47_4) U  29643  10361     21
  29854 29660    61430.3617   352    62255.0000    61365.4958  1244882    1.43%   x(c5_4_c34_4) D  29854  16696     24
  30054 29860    61435.7737   372    62255.0000    61366.0370  1253908    1.43%   x(c38_1_c8_1) D  30054  18532     21
* 30228  2295      integral     0    61375.0000    61366.4688  1261244    0.01%
  30310  2222    61369.4917   324    61375.0000    61366.7605  1261782    0.01%  x(c10_4_c26_4) D  30310  16815     14
  30691  1883        cutoff          61375.0000    61368.0798  1263906    0.01%  x(c23_5_c34_5) D  30691  21485     31
Elapsed time = 249.70 sec. (437754.99 ticks, tree = 35.49 MB, solutions = 3)

Cover cuts applied:  6
Zero-half cuts applied:  63
User cuts applied:  1939

Root node processing (before b&c):
  Real time             =    0.49 sec. (779.12 ticks)
Sequential b&c:
  Real time             =  250.23 sec. (439787.00 ticks)
                          ------------
Total (root+branch&cut) =  250.72 sec. (440566.12 ticks)

