Version identifier: 22.1.0.0 | 2022-03-09 | 1a383f8ce
CPXPARAM_Preprocessing_Reduce                    1
CPXPARAM_Threads                                 1
CPXPARAM_Preprocessing_Reformulations            0
CPXPARAM_Emphasis_MIP                            2
CPXPARAM_TimeLimit                               7200
CPXPARAM_MIP_Tolerances_AbsMIPGap                0.5
CPXPARAM_MIP_Limits_TreeMemory                   26600
Legacy callback                                  BbLUID
         Disabling repeat represolve because of lazy constraint/incumbent callback.
1 of 1 MIP starts provided solutions.
MIP start 'm1' defined initial solution with objective 68873.0000.
Tried aggregator 1 time.
MIP Presolve modified 9184 coefficients.
Reduced MIP has 438 rows, 9398 columns, and 18796 nonzeros.
Reduced MIP has 9398 binaries, 0 generals, 0 SOSs, and 0 indicators.
Presolve time = 0.00 sec. (10.89 ticks)
Probing time = 0.00 sec. (4.27 ticks)
Clique table members: 438.
MIP emphasis: optimality.
MIP search method: traditional branch-and-cut.
Parallel mode: none, using 1 thread.
Root relaxation solution time = 0.00 sec. (4.83 ticks)

        Nodes                                         Cuts/
   Node  Left     Objective  IInf  Best Integer    Best Bound    ItCnt     Gap         Variable B NodeID Parent  Depth

*     0+    0                        68873.0000        0.0000           100.00%
      0     0    64412.0000   134    68873.0000    59883.0000      214   13.05%
      0     0    65981.1250   210    68873.0000      Cuts: 96      395    4.20%
      0     0    66878.5000   112    68873.0000      Cuts: 64      518    2.90%
      0     0    67499.2386   271    68873.0000      Cuts: 23      615    1.99%
      0     0    67865.0750   256    68873.0000      Cuts: 45      720    1.46%
      0     0    67968.3690   321    68873.0000      Cuts: 26      783    1.31%
      0     0    68057.0250   407    68873.0000      Cuts: 28      869    1.18%
      0     0    68149.0088   336    68873.0000      Cuts: 32      935    1.05%
      0     0    68204.8832   483    68873.0000      Cuts: 28     1024    0.97%
      0     0    68277.5006   476    68873.0000      Cuts: 25     1108    0.86%
      0     0    68314.8363   399    68873.0000      Cuts: 31     1178    0.81%
      0     0    68351.6913   410    68873.0000      Cuts: 23     1236    0.76%
      0     0    68367.1772   455    68873.0000      Cuts: 26     1290    0.73%
      0     0    68381.0980   397    68873.0000  ZeroHalf: 24     1333    0.71%
      0     0    68395.6800   441    68873.0000  ZeroHalf: 23     1395    0.69%
      0     0    68407.1500   406    68873.0000      Cuts: 23     1430    0.68%
      0     0    68417.7334   381    68873.0000      Cuts: 26     1488    0.66%
      0     0    68424.2588   330    68873.0000      Cuts: 21     1522    0.65%
      0     0    68429.5678   492    68873.0000       Cuts: 9     1547    0.64%
      0     0    68437.4993   471    68873.0000      Cuts: 11     1586    0.63%
      0     0    68444.4864   499    68873.0000       Cuts: 7     1618    0.62%
      0     2    68444.4864   499    68873.0000    68444.5459     1618    0.62%                        0             0
Elapsed time = 0.55 sec. (1006.56 ticks, tree = 0.01 MB, solutions = 1)
      2     4    68466.8739   488    68873.0000    68459.3197     1674    0.60%  x(c41_1_c29_1) N      2      1      2
      5     7    68584.3030   454    68873.0000    68467.0580     1729    0.59%  x(c13_1_c47_1) D      5      4      4
      8     9    68711.2364   428    68873.0000    68467.0580     1792    0.59%  x(c39_1_c13_1) N      8      5      5
     11    10    68732.9030   435    68873.0000    68467.0580     1807    0.59%  x(c21_1_c25_1) D     11     10      8
     19    14    68812.2804   281    68873.0000    68467.0580     1830    0.59%  x(c24_5_c48_5) D     19     18     16
     27    18    68539.9467   403    68873.0000    68467.1830     1986    0.59%  x(c26_4_c35_4) D     27     25      4
     35    24    68662.7525   483    68873.0000    68467.1830     2295    0.59%   x(c41_4_c2_4) N     35     33      9
     45    28    68499.3737   534    68873.0000    68509.3737     2587    0.53%   x(c35_1_c4_1) U     45     43      2
     60    42    68602.1530   448    68873.0000    68553.4523     2970    0.46%  x(c13_1_c47_1) N     60     52      5
    170   146    68621.2277   450    68873.0000    68601.7277     5616    0.39%   x(c38_1_c9_1) N    170    130     10
Elapsed time = 2.82 sec. (4370.20 ticks, tree = 1.57 MB, solutions = 1)
    265   228    68808.7541   498    68873.0000    68627.7169     8766    0.36%  x(c10_1_c24_1) U    265     46      4
    367   303    68643.7953   413    68873.0000    68642.3357    12162    0.33%    x(c2_4_c4_4) U    367    324      9
    469   379        cutoff          68873.0000    68659.2205    16808    0.31%  x(c45_4_c35_4) N    469    310      8
    583   463    68744.2662   435    68873.0000    68670.7584    21060    0.29%   x(c8_2_c16_2) N    583    581     11
    706   553    68809.2402   469    68873.0000    68680.5279    25717    0.28%  x(c14_4_c39_4) U    706    551     14
    825   642    68856.6000   312    68873.0000    68686.1940    29504    0.27%   x(c38_2_c7_2) U    825    358     21
    934   724    68701.5039   415    68873.0000    68693.4385    33370    0.26%     x(Op_c38_4) N    934    779     17
   1059   820    68729.5384   405    68873.0000    68698.3214    37424    0.25%  x(c15_2_c40_2) N   1059    289     19
   1191   907    68746.8281   338    68873.0000    68703.6599    41484    0.25%  x(c20_1_c12_1) U   1191    278     16
   1323   996    68712.5140   413    68873.0000    68708.5333    45748    0.24%  x(c47_4_c21_4) D   1323   1127     23
Elapsed time = 12.54 sec. (13957.42 ticks, tree = 13.07 MB, solutions = 1)
   1436  1046        cutoff          68873.0000    68714.2234    50183    0.23%   x(c41_4_c5_4) U   1436    478     15
   1565  1126    68763.5783   495    68873.0000    68718.4194    54708    0.22%  x(c13_1_c34_1) D   1565   1038     19
   1690  1196    68805.3665   534    68873.0000    68722.0206    58859    0.22%    x(c2_4_c4_4) U   1690    388     11
   1819  1257    68725.5935   423    68873.0000    68725.3629    63173    0.21%  x(c31_2_c15_2) D   1819   1393     24
   1940  1334    68796.1077   454    68873.0000    68728.2762    67145    0.21%   x(c8_2_c16_2) U   1940   1826     24
   2061  1389        cutoff          68873.0000    68731.9235    70866    0.20%   x(c16_1_c9_1) U   2061   1867     34
   2191  1452    68836.9212   499    68873.0000    68735.4284    75445    0.20%  x(c45_1_c35_1) U   2191   1552     13
   2332  1521    68746.5984   425    68873.0000    68739.2019    79658    0.19%  x(c47_4_c21_4) D   2332   1855     19
   2461  1579    68746.0511   395    68873.0000    68741.6904    83609    0.19%   x(c41_4_c5_4) D   2461   1171     14
   2585  1652        cutoff          68873.0000    68744.4132    88056    0.19%  x(c15_2_c44_2) U   2585    650      9
Elapsed time = 21.48 sec. (23546.90 ticks, tree = 23.16 MB, solutions = 1)
   2712  1709    68746.8759   455    68873.0000    68746.7495    91956    0.18%   x(c8_1_c16_1) D   2712   2624     30
   2845  1771    68871.1012   372    68873.0000    68748.3162    95975    0.18%   x(c38_2_c7_2) U   2845   2520     17
   2972  1813        cutoff          68873.0000    68750.7615    99536    0.18%  x(c38_2_c31_2) U   2972   2444     24
   3096  1875    68848.1612   385    68873.0000    68752.9400   103126    0.17%  x(c12_4_c15_4) U   3096   2848     37
   3231  1912        cutoff          68873.0000    68755.2877   106732    0.17%   x(c41_4_c2_4) U   3231   3204     29
   3361  1955    68785.4043   444    68873.0000    68757.3936   110415    0.17%  x(c12_1_c15_1) N   3361   3162     23
   3459  1993    68785.8271   445    68873.0000    68759.3057   114107    0.17%  x(c41_4_c16_4) D   3459   3342     36
   3571  2048    68808.7895   437    68873.0000    68761.0681   117660    0.16%  x(c47_4_c21_4) D   3571    603     18
   3675  2087    68840.6504   437    68873.0000    68763.2386   120924    0.16%  x(c13_1_c21_1) U   3675   3490     48
   3800  2129    68836.3416   356    68873.0000    68765.4394   124398    0.16%  x(c47_4_c21_4) U   3800    641     14
Elapsed time = 31.56 sec. (33163.58 ticks, tree = 31.19 MB, solutions = 1)
   3914  2171    68798.9759   485    68873.0000    68767.7861   127605    0.15%  x(c31_1_c38_1) N   3914   2646     37
   4018  2215    68770.2952   426    68873.0000    68769.8797   131000    0.15%  x(c38_2_c31_2) D   4018   3614     24
   4134  2258        cutoff          68873.0000    68771.5622   134229    0.15%  x(c14_4_c39_4) U   4134   2915     11
   4251  2292        cutoff          68873.0000    68773.6433   137402    0.14%  x(c31_2_c44_2) U   4251   4157     25
   4361  2328    68827.1531   545    68873.0000    68775.0465   140398    0.14%  x(c24_1_c10_1) U   4361   3584     10
   4481  2365    68852.4801   481    68873.0000    68776.6053   143618    0.14%   x(c38_1_c9_1) U   4481   4479     18
   4604  2421    68827.9190   427    68873.0000    68777.9004   146825    0.14%  x(c41_4_c16_4) U   4604   4491     34
   4731  2457        cutoff          68873.0000    68779.2304   149609    0.14%   x(c35_1_c4_1) D   4731   4631     28
   4862  2497        cutoff          68873.0000    68781.1445   152725    0.13%  x(c25_1_c34_1) D   4862    308     20
   4987  2533        cutoff          68873.0000    68782.8162   155696    0.13%  x(c12_4_c15_4) U   4987   4985     50
Elapsed time = 38.98 sec. (42778.57 ticks, tree = 38.38 MB, solutions = 1)
   5110  2561    68802.8912   495    68873.0000    68784.3281   158806    0.13%  x(c47_4_c21_4) D   5110   4598     18
   5240  2592    68794.8878   532    68873.0000    68785.5321   161888    0.13%   x(c14_4_c5_4) D   5240   3934     12
   5366  2624        cutoff          68873.0000    68786.9276   165217    0.12%  x(c12_4_c33_4) U   5366   5186     41
   5491  2643    68796.2311   529    68873.0000    68788.1568   168015    0.12%   x(c38_1_c9_1) D   5491   3597     16
   5599  2663    68814.6796   346    68873.0000    68789.2646   171022    0.12%  x(c44_1_c15_1) D   5599   5598     48
   5719  2687    68809.7323   478    68873.0000    68790.3162   173852    0.12%  x(c13_1_c14_1) U   5719   3358     30
   5829  2719    68797.1130   481    68873.0000    68791.3862   176851    0.12%   x(c38_2_c7_2) D   5829   1720     16
   5938  2743        cutoff          68873.0000    68792.6162   179745    0.12%   x(c14_4_c5_4) U   5938   3377     22
   6040  2773        cutoff          68873.0000    68793.4971   182515    0.12%  x(c14_4_c39_4) U   6040   4099      9
   6162  2789    68819.5662   386    68873.0000    68794.8371   185097    0.11%     x(Op_c38_4) D   6162   5542     26
Elapsed time = 46.69 sec. (52379.61 ticks, tree = 43.35 MB, solutions = 1)
   6262  2795        cutoff          68873.0000    68796.0332   187607    0.11%  x(c38_2_c31_2) U   6262   5424     20
   6364  2814        cutoff          68873.0000    68797.2084   190986    0.11%  x(c31_2_c15_2) U   6364   5903     27
   6453  2826    68817.3415   446    68873.0000    68798.2387   193597    0.11%  x(c21_1_c32_1) D   6453   3902     17
   6549  2851    68811.6068   483    68873.0000    68799.2868   196852    0.11%  x(c13_1_c21_1) D   6549   6230     30
   6652  2868    68853.4635   486    68873.0000    68800.5262   199929    0.11%   x(c41_4_c2_4) D   6652   2919     13
   6752  2889    68807.9861   468    68873.0000    68801.3097   202654    0.10%  x(c41_4_c16_4) D   6752   4132     28
   6860  2910    68810.4760   452    68873.0000    68802.3061   205613    0.10%  x(c24_1_c48_1) D   6860   6859     37
   6977  2908    68843.9376   433    68873.0000    68803.3876   208283    0.10%  x(c13_1_c21_1) U   6977   6625     31
   7084  2941        cutoff          68873.0000    68804.3403   211249    0.10%     x(Op_c38_4) U   7084   6833     21
   7197  2969    68860.2795   462    68873.0000    68805.2670   213952    0.10%  x(c12_3_c20_3) N   7197   6827     36
Elapsed time = 53.44 sec. (61973.28 ticks, tree = 47.22 MB, solutions = 1)
   7310  2978    68808.4458   422    68873.0000    68806.2402   216746    0.10%  x(c31_2_c15_2) D   7310   6656     39
   7415  2987        cutoff          68873.0000    68807.1432   219482    0.10%   x(c29_1_c2_1) D   7415   7413     14
   7531  2994    68815.2587   464    68873.0000    68808.2234   222008    0.09%   x(c14_4_c5_4) D   7531   4541     22
   7630  3009    68811.8192   435    68873.0000    68809.0023   224376    0.09%  x(c31_2_c15_2) D   7630   7235     32
   7724  3028    68858.6139   526    68873.0000    68809.8590   227022    0.09%   x(c29_1_c2_1) U   7724   7540     16
   7821  3025    68859.0743   440    68873.0000    68810.7143   229518    0.09%   x(c41_4_c2_4) D   7821   3571     19
   7907  3046        cutoff          68873.0000    68811.4980   231865    0.09%  x(c15_2_c40_2) U   7907   7905     25
   8003  3052        cutoff          68873.0000    68812.4520   234228    0.09%  x(c10_1_c35_1) U   8003   4437     14
   8104  3062    68839.0273   493    68873.0000    68813.2447   236858    0.09%  x(c12_1_c15_1) U   8104   7922     32
   8202  3077    68835.8886   505    68873.0000    68814.1682   239279    0.09%   x(c8_2_c16_2) D   8202   1922     19
Elapsed time = 59.80 sec. (71566.49 ticks, tree = 50.21 MB, solutions = 1)
   8308  3083        cutoff          68873.0000    68815.0738   241890    0.08%  x(c31_4_c44_4) U   8308   4865     31
   8420  3091    68824.0292   507    68873.0000    68815.9366   244563    0.08%  x(c13_1_c14_1) D   8420   3474     18
   8523  3102        cutoff          68873.0000    68816.9011   247248    0.08%  x(c24_1_c10_1) D   8523   6856     13
   8636  3098        cutoff          68873.0000    68817.7745   249548    0.08%  x(c24_1_c10_1) D   8636   6058     24
   8743  3106    68858.3519   442    68873.0000    68818.6594   252273    0.08%  x(c12_1_c15_1) U   8743   7318     34
   8855  3109    68836.8712   374    68873.0000    68819.5125   254529    0.08%  x(c15_2_c12_2) U   8855   6295     29
   8968  3124        cutoff          68873.0000    68820.3716   256770    0.08%  x(c13_1_c25_1) U   8968   6766     38
   9082  3120        cutoff          68873.0000    68821.2296   258801    0.08%   x(c31_2_c7_2) U   9082   8915     27
   9190  3121    68854.6244   387    68873.0000    68822.0690   261312    0.07%  x(c46_4_c33_4) D   9190   4055     18
   9308  3130    68868.4732   388    68873.0000    68822.6725   263513    0.07%  x(c13_1_c21_1) U   9308   9306     39
Elapsed time = 66.11 sec. (81174.42 ticks, tree = 52.19 MB, solutions = 1)
   9414  3122        cutoff          68873.0000    68823.4715   265769    0.07%   x(c16_1_c9_1) U   9414   9412     19
   9527  3123    68854.6523   385    68873.0000    68824.2169   268022    0.07%  x(c13_4_c21_4) D   9527   9102     26
   9641  3144    68848.4483   429    68873.0000    68824.8625   270471    0.07%   x(c38_1_c9_1) D   9641   8355     22
   9758  3134        cutoff          68873.0000    68825.6538   272809    0.07%   x(c38_2_c7_2) U   9758    983     18
   9812  3145    68826.0000     1    68873.0000    68826.0000   273819    0.07%      x(c8_4_Om) U   9812   9811     58
   9829  3148        cutoff          68873.0000    68826.0000   273839    0.07%   x(c4_1_c10_1) U   9829   9828     69
   9846  3151    68826.0000     1    68873.0000    68826.0000   273899    0.07%   x(c6_1_c30_1) D   9846   9844     77
   9864  3153    68826.0000     1    68873.0000    68826.0000   273929    0.07%  x(c14_1_c13_1) D   9864   9862     87
   9881  3158    68826.0000     1    68873.0000    68826.0000   273942    0.07%   x(c28_1_c7_1) D   9881   9879     98
   9944  3177    68826.0000     1    68873.0000    68826.0000   274054    0.07%   x(c5_3_c34_3) D   9944   9942    138
Elapsed time = 71.55 sec. (93801.96 ticks, tree = 53.51 MB, solutions = 1)
  10019  3188    68826.0000     1    68873.0000    68826.0000   274225    0.07%  x(c44_3_c31_3) U  10019  10018    176
  10084  3208    68826.0000     1    68873.0000    68826.0000   274350    0.07%   x(c6_5_c17_5) D  10084  10082    216
* 10122     1      integral     0    68826.0000    68826.0000   274403    0.00%

Zero-half cuts applied:  176
User cuts applied:  1275

Root node processing (before b&c):
  Real time             =    0.55 sec. (1006.68 ticks)
Sequential b&c:
  Real time             =   74.21 sec. (103060.29 ticks)
                          ------------
Total (root+branch&cut) =   74.76 sec. (104066.97 ticks)

