Version identifier: 22.1.0.0 | 2022-03-09 | 1a383f8ce
CPXPARAM_Preprocessing_Reduce                    0
CPXPARAM_Threads                                 1
CPXPARAM_Preprocessing_Reformulations            0
CPXPARAM_Emphasis_MIP                            2
CPXPARAM_TimeLimit                               7200
CPXPARAM_MIP_Tolerances_AbsMIPGap                0.98999999999999999
CPXPARAM_MIP_Limits_TreeMemory                   20000
Legacy callback                                  BbLUID
         Disabling repeat represolve because of lazy constraint/incumbent callback.
1 of 1 MIP starts provided solutions.
MIP start 'm1' defined initial solution with objective 4500.0000.
Tried aggregator 0 times.
Reduced MIP has 2188 rows, 1980 columns, and 11610 nonzeros.
Reduced MIP has 1904 binaries, 0 generals, 0 SOSs, and 0 indicators.
Presolve time = 0.00 sec. (0.62 ticks)
Probing time = 0.00 sec. (2.66 ticks)
Clique table members: 958.
MIP emphasis: optimality.
MIP search method: traditional branch-and-cut.
Parallel mode: none, using 1 thread.
Root relaxation solution time = 0.00 sec. (4.34 ticks)

        Nodes                                         Cuts/
   Node  Left     Objective  IInf  Best Integer    Best Bound    ItCnt     Gap         Variable B NodeID Parent  Depth

*     0+    0                         4500.0000        0.0000           100.00%
      0     0     4100.7828   151     4500.0000     4100.7828      260    8.87%
      0     0     4365.0079   159     4500.0000      Cuts: 40      376    3.00%
      0     0     4471.0000   161     4500.0000      Cuts: 12      450    0.64%
      0     0     4483.5000   164     4500.0000      Cuts: 19      490    0.37%
      0     0     4486.0000   154     4500.0000      Cuts: 10      512    0.31%
      0     0     4486.0000   154     4500.0000     Covers: 1      513    0.31%
      0     2     4486.0000   100     4500.0000     4486.0000      513    0.31%                        0             0
Elapsed time = 0.15 sec. (344.83 ticks, tree = 0.01 MB, solutions = 1)
      1     3     4486.0000   106     4500.0000     4486.0000      545    0.31%   x(c3_2_c29_2) U      1      0      1
      4     4     4486.1638   109     4500.0000     4486.0000      753    0.31%   x(c12_1_c6_1) N      4      3      4
     15     7     4486.2006   110     4500.0000     4486.0000     1080    0.31%  x(c29_1_c21_1) N     15     14      6
     43    20     4488.0218    30     4500.0000     4488.0000     1977    0.27%  x(c11_3_c14_3) N     43     33      7
     54    26     4488.0883    74     4500.0000     4488.0000     2223    0.27%   x(c24_3_c8_3) D     54     53      6
     91    44     4494.1510   126     4500.0000     4488.5844     3754    0.25%  x(c29_1_c21_1) U     91     14      6
    168    47     4493.7500    47     4500.0000     4493.2970     5628    0.15%  x(c11_3_c17_3) N    168    167     12
    278    12        cutoff           4500.0000     4498.1160     6975    0.04%  x(c16_3_c24_3) U    278    199     18

Clique cuts applied:  22
Cover cuts applied:  9
Flow cuts applied:  1
Mixed integer rounding cuts applied:  4
Zero-half cuts applied:  9
Gomory fractional cuts applied:  3
User cuts applied:  106

Root node processing (before b&c):
  Real time             =    0.15 sec. (344.05 ticks)
Sequential b&c:
  Real time             =    0.88 sec. (2046.82 ticks)
                          ------------
Total (root+branch&cut) =    1.03 sec. (2390.87 ticks)

