Version identifier: 22.1.0.0 | 2022-03-09 | 1a383f8ce
CPXPARAM_Preprocessing_Reduce                    0
CPXPARAM_Threads                                 1
CPXPARAM_Preprocessing_Reformulations            0
CPXPARAM_Emphasis_MIP                            2
CPXPARAM_TimeLimit                               7200
CPXPARAM_MIP_Tolerances_AbsMIPGap                0.98999999999999999
CPXPARAM_MIP_Limits_TreeMemory                   20000
Legacy callback                                  BbLUID
         Disabling repeat represolve because of lazy constraint/incumbent callback.
1 of 1 MIP starts provided solutions.
MIP start 'm1' defined initial solution with objective 3313.0000.
Tried aggregator 0 times.
Reduced MIP has 798 rows, 705 columns, and 4009 nonzeros.
Reduced MIP has 660 binaries, 0 generals, 0 SOSs, and 0 indicators.
Presolve time = 0.00 sec. (0.22 ticks)
Probing time = 0.00 sec. (1.16 ticks)
Clique table members: 336.
MIP emphasis: optimality.
MIP search method: traditional branch-and-cut.
Parallel mode: none, using 1 thread.
Root relaxation solution time = 0.00 sec. (1.34 ticks)

        Nodes                                         Cuts/
   Node  Left     Objective  IInf  Best Integer    Best Bound    ItCnt     Gap         Variable B NodeID Parent  Depth

*     0+    0                         3313.0000        0.0000           100.00%
      0     0     3106.3867    82     3313.0000     3106.3867      129    6.24%
      0     0     3308.0000    91     3313.0000      Cuts: 30      186    0.15%
      0     0        cutoff           3313.0000                    191    0.00%                        0             0
Elapsed time = 0.02 sec. (29.16 ticks, tree = 0.01 MB, solutions = 1)

Clique cuts applied:  12
Flow cuts applied:  2
Mixed integer rounding cuts applied:  1
Zero-half cuts applied:  2
Gomory fractional cuts applied:  3
User cuts applied:  17

Root node processing (before b&c):
  Real time             =    0.02 sec. (29.19 ticks)
Sequential b&c:
  Real time             =    0.00 sec. (0.00 ticks)
                          ------------
Total (root+branch&cut) =    0.02 sec. (29.19 ticks)

