Version identifier: 22.1.0.0 | 2022-03-09 | 1a383f8ce
CPXPARAM_Preprocessing_Reduce                    0
CPXPARAM_Threads                                 1
CPXPARAM_Preprocessing_Reformulations            0
CPXPARAM_Emphasis_MIP                            2
CPXPARAM_TimeLimit                               7200
CPXPARAM_MIP_Tolerances_AbsMIPGap                0.98999999999999999
CPXPARAM_MIP_Limits_TreeMemory                   20000
Legacy callback                                  BbLUID
         Disabling repeat represolve because of lazy constraint/incumbent callback.
1 of 1 MIP starts provided solutions.
MIP start 'm1' defined initial solution with objective 7490.0000.
Tried aggregator 0 times.
Reduced MIP has 3844 rows, 3283 columns, and 19685 nonzeros.
Reduced MIP has 3158 binaries, 0 generals, 0 SOSs, and 0 indicators.
Presolve time = 0.00 sec. (1.06 ticks)
Probing time = 0.00 sec. (2.96 ticks)
Clique table members: 1589.
MIP emphasis: optimality.
MIP search method: traditional branch-and-cut.
Parallel mode: none, using 1 thread.
Root relaxation solution time = 0.00 sec. (8.35 ticks)

        Nodes                                         Cuts/
   Node  Left     Objective  IInf  Best Integer    Best Bound    ItCnt     Gap         Variable B NodeID Parent  Depth

*     0+    0                         7490.0000        0.0000           100.00%
      0     0     6735.4922   252     7490.0000     6735.4922      444   10.07%
      0     0     7308.5079   252     7490.0000      Cuts: 77      652    2.42%
      0     0     7437.0000   256     7490.0000      Cuts: 22      745    0.71%
      0     0     7459.5000   270     7490.0000      Cuts: 19      805    0.41%
      0     0     7461.0057   265     7490.0000       Cuts: 9      824    0.39%
      0     0     7464.0000   261     7490.0000       Cuts: 9      868    0.35%
      0     0     7464.0000   256     7490.0000   ZeroHalf: 2      881    0.35%
      0     0     7464.0000   256     7490.0000     Covers: 1      887    0.35%
      0     2     7464.0000   256     7490.0000     7464.0000      887    0.35%                        0             0
Elapsed time = 0.57 sec. (1291.29 ticks, tree = 0.01 MB, solutions = 1)
      1     3     7464.0000   208     7490.0000     7464.0000      969    0.35%   x(c3_5_c26_5) U      1      0      1
      2     4     7464.0193   231     7490.0000     7464.0000     1165    0.35%  x(c10_1_c13_1) U      2      1      2
      3     5     7464.0827   204     7490.0000     7464.0000     1333    0.35%   x(c7_2_c25_2) N      3      2      3
      4     5     7464.1129   198     7490.0000     7464.0000     1410    0.35%   x(c7_2_c25_2) N      4      2      3
      6     6     7464.2061   232     7490.0000     7464.0000     1461    0.35%   x(c26_5_c5_5) N      6      5      5
      9     8     7464.2475   240     7490.0000     7464.0000     1487    0.35%    x(c6_5_c5_5) D      9      8      8
     14    11     7464.4324   226     7490.0000     7464.0000     1630    0.35%   x(c3_2_c26_2) D     14     13     13
     25    16     7464.0132   262     7490.0000     7464.0000     1958    0.35%  x(c10_1_c13_1) N     25      1      2
     32    21     7464.1351   155     7490.0000     7464.0000     2253    0.35%  x(c19_1_c16_1) D     32     31      8
     73    50     7464.2292   243     7490.0000     7464.0000     3722    0.35%  x(c18_2_c17_2) D     73     72      9
Elapsed time = 2.72 sec. (6393.10 ticks, tree = 0.14 MB, solutions = 1)
    140   100     7488.5519   207     7490.0000     7464.3472     6866    0.34%   x(c21_2_c6_2) U    140     90      6
    226   156     7466.1524    92     7490.0000     7466.0414    11884    0.32%  x(c25_4_c16_4) D    226    225     27
    360   247     7473.1469   151     7490.0000     7468.6500    18824    0.29%   x(c8_4_c24_4) U    360    358     17
    487   332     7476.0000   106     7490.0000     7472.0000    26928    0.24%  x(c10_4_c13_4) U    487     86     11
    660   445     7488.1001   203     7490.0000     7473.9690    35319    0.21%  x(c19_4_c15_4) N    660    642     20
    829   543        cutoff           7490.0000     7474.9460    44046    0.20%     x(c13_4_Om) N    829    787     23
   1000   630     7476.4444    85     7490.0000     7476.4760    51880    0.18%   x(c23_1_c8_1) N   1000    916     13
   1181   646     7486.9567   202     7490.0000     7477.4205    61135    0.17%  x(c10_4_c13_4) D   1181    110     25
   1291   675        cutoff           7490.0000     7478.0167    67361    0.16%  x(c25_4_c11_4) U   1291    667     10
   1440   732     7485.1279   158     7490.0000     7478.6314    73659    0.15%    x(c3_5_c9_5) N   1440   1400     16
Elapsed time = 7.97 sec. (16563.79 ticks, tree = 1.48 MB, solutions = 1)
   1634   764        cutoff           7490.0000     7479.4196    81187    0.14%  x(c16_4_c25_4) U   1634   1633     19
   1820   794     7480.1975   205     7490.0000     7480.1110    89228    0.13%  x(c18_2_c17_2) D   1820   1819     17
   2033   829        cutoff           7490.0000     7481.0000    96301    0.12%  x(c25_4_c11_4) U   2033   1404     15
   2248   840     7482.2668   185     7490.0000     7481.7273   104640    0.11%  x(c11_4_c19_4) N   2248   2209     21
   2443   878        cutoff           7490.0000     7482.3790   112810    0.10%  x(c21_2_c13_2) D   2443    841     23
   2653   849    infeasible           7490.0000     7483.0507   120743    0.09%  x(c27_3_c23_3) U   2653   2651     16
   2876   832     7484.1415   173     7490.0000     7483.6317   127953    0.09%  x(c11_4_c14_4) N   2876   2875     23
   3107   772        cutoff           7490.0000     7484.0904   136055    0.08%  x(c25_3_c11_3) U   3107   2640     21
   3372   725     7486.1441   215     7490.0000     7484.9967   143088    0.07%  x(c27_4_c24_4) N   3372   3169     20
   3599   660     7485.5246   165     7490.0000     7485.5000   150062    0.06%  x(c27_1_c16_1) N   3599   3395     15
Elapsed time = 12.86 sec. (26127.75 ticks, tree = 1.31 MB, solutions = 1)
   3877   516    infeasible           7490.0000     7486.3429   156318    0.05%    x(c9_5_c5_5) U   3877   2038     19
   4164   334        cutoff           7490.0000     7487.2405   162743    0.04%    x(c5_5_c9_5) D   4164   4075      9
   4505    73        cutoff           7490.0000     7488.6227   167815    0.02%   x(c21_2_c2_2) D   4505   4148     21

Clique cuts applied:  40
Cover cuts applied:  33
Flow cuts applied:  3
Mixed integer rounding cuts applied:  6
Zero-half cuts applied:  13
Gomory fractional cuts applied:  5
User cuts applied:  230

Root node processing (before b&c):
  Real time             =    0.57 sec. (1291.33 ticks)
Sequential b&c:
  Real time             =   13.75 sec. (27986.93 ticks)
                          ------------
Total (root+branch&cut) =   14.32 sec. (29278.26 ticks)

