Version identifier: 22.1.0.0 | 2022-03-09 | 1a383f8ce
CPXPARAM_Preprocessing_Reduce                    0
CPXPARAM_Threads                                 1
CPXPARAM_Preprocessing_Reformulations            0
CPXPARAM_Emphasis_MIP                            2
CPXPARAM_TimeLimit                               7200
CPXPARAM_MIP_Tolerances_AbsMIPGap                0.98999999999999999
CPXPARAM_MIP_Limits_TreeMemory                   20000
Legacy callback                                  BbLUID
         Disabling repeat represolve because of lazy constraint/incumbent callback.
1 of 1 MIP starts provided solutions.
MIP start 'm1' defined initial solution with objective 1853.0000.
Tried aggregator 0 times.
Reduced MIP has 30086 rows, 29215 columns, and 174375 nonzeros.
Reduced MIP has 28920 binaries, 0 generals, 0 SOSs, and 0 indicators.
Presolve time = 0.00 sec. (9.17 ticks)
Probing time = 0.01 sec. (10.14 ticks)
Clique table members: 4715.
MIP emphasis: optimality.
MIP search method: traditional branch-and-cut.
Parallel mode: none, using 1 thread.
Root relaxation solution time = 0.03 sec. (85.27 ticks)

        Nodes                                         Cuts/
   Node  Left     Objective  IInf  Best Integer    Best Bound    ItCnt     Gap         Variable B NodeID Parent  Depth

*     0+    0                         1853.0000        0.0000           100.00%
      0     0     1677.2253   624     1853.0000     1677.2253     1128    9.49%
      0     0     1824.5035   614     1853.0000     Cuts: 183     1550    1.54%
      0     0     1835.5000   594     1853.0000      Cuts: 30     1793    0.94%
      0     0     1838.8333   625     1853.0000      Cuts: 12     1939    0.76%
      0     0     1840.8750   609     1853.0000      Cuts: 12     2048    0.65%
      0     0     1841.7500   622     1853.0000      Cuts: 14     2128    0.61%
      0     0     1842.0000   610     1853.0000      Cuts: 21     2175    0.59%
      0     0     1842.0000   625     1853.0000       Cuts: 5     2196    0.59%
      0     0     1842.0000   487     1853.0000       User: 1     2260    0.59%
      0     0     1842.0000   609     1853.0000       Cuts: 5     2428    0.59%
      0     0     1842.0000   332     1853.0000       User: 3     2456    0.59%
      0     2     1842.0000   332     1853.0000     1842.0000     2456    0.59%                        0             0
Elapsed time = 8.49 sec. (15377.59 ticks, tree = 0.01 MB, solutions = 1)
      1     3     1842.0000   641     1853.0000     1842.5000     3395    0.57%  x(c81_2_c78_2) N      1      0      1
      2     4     1843.5000   635     1853.0000     1842.5000     4509    0.57%  x(c81_2_c78_2) N      2      0      1
      3     5     1843.5000   625     1853.0000     1842.5000     4620    0.57%  x(c41_2_c22_2) D      3      2      2
      4     6     1843.5000   508     1853.0000     1842.5000     5046    0.57%  x(c86_3_c16_3) D      4      3      3
      5     7     1844.0000   612     1853.0000     1842.5000     6260    0.57%  x(c46_3_c45_3) N      5      4      4
      6     8     1844.5000   477     1853.0000     1842.5000     7676    0.57%  x(c46_3_c45_3) N      6      4      4
      7     9     1844.5000   492     1853.0000     1842.5000     9004    0.57%   x(c5_3_c84_3) N      7      5      5
      8    10     1844.9167   597     1853.0000     1842.5000    10226    0.57%   x(c5_3_c84_3) N      8      5      5
      9    11     1845.2500   473     1853.0000     1842.5000    11416    0.57%  x(c79_3_c33_3) N      9      7      6
     10    12     1845.5000   612     1853.0000     1842.5000    12208    0.57%  x(c63_3_c64_3) N     10      9      7
Elapsed time = 43.60 sec. (73195.51 ticks, tree = 0.12 MB, solutions = 1)
     11    13     1847.7500   556     1853.0000     1842.5000    12856    0.57%  x(c63_3_c64_3) N     11      9      7
     12    14     1847.8167   581     1853.0000     1842.5000    13070    0.57%   x(c3_3_c33_3) N     12     11      8
     15    17     1848.8125   586     1853.0000     1842.5000    14286    0.57%  x(c79_3_c81_3) N     15     14     11
     21    22     1849.0000   417     1853.0000     1842.5000    15026    0.57%  x(c33_2_c79_2) D     21     20     16
     25    25     1851.5001   421     1853.0000     1842.5000    15639    0.57%   x(c62_1_c7_1) U     25     23     19
     31    26     1843.5000   634     1853.0000     1842.5000    16668    0.57%  x(c78_2_c81_2) N     31      1      2
     33    28     1843.5000   510     1853.0000     1842.5000    17448    0.57%  x(c18_3_c83_3) D     33     31      3
     34    29     1844.5000   636     1853.0000     1842.5000    18223    0.57%  x(c46_3_c45_3) D     34     33      4
     39    34     1846.0000   568     1853.0000     1842.5000    19643    0.57%     x(Op_c70_3) N     39     38      8
     41    36     1849.5000   579     1853.0000     1842.5000    20028    0.57%  x(c18_3_c82_3) U     41     39      9
Elapsed time = 53.40 sec. (89449.97 ticks, tree = 2.33 MB, solutions = 1)
     43    36     1851.3125   630     1853.0000     1842.5000    20354    0.57%   x(c8_3_c48_3) N     43     42     11
     48    37     1851.5000   624     1853.0000     1842.5000    20867    0.57%  x(c14_3_c38_3) D     48     46     15
     55    39     1851.8333   608     1853.0000     1842.5000    21010    0.57%   x(c96_3_c6_3) D     55     53     21
     61    41     1842.5000   488     1853.0000     1842.5000    21314    0.57%   x(c5_3_c84_3) U     61     60      4
     65    45     1845.0000   483     1853.0000     1842.5000    21565    0.57%  x(c51_1_c20_1) U     65     63      7
     69    49     1843.5000   508     1853.0000     1843.0000    22916    0.54%   x(c5_3_c84_3) D     69     60      4
     76    56     1845.0000   468     1853.0000     1843.0000    23305    0.54%  x(c79_1_c81_1) N     76     74     12
     80    60     1844.5000   431     1853.0000     1843.5000    24101    0.51%  x(c79_3_c33_3) U     80     68      4
     90    70     1844.0000   484     1853.0000     1843.5000    24633    0.51%  x(c51_1_c20_1) D     90     89      5
    100    80     1843.5000   494     1853.0000     1843.5000    26077    0.51%  x(c84_3_c17_3) U    100     99      3
Elapsed time = 59.85 sec. (101114.96 ticks, tree = 2.47 MB, solutions = 1)
    107    87     1844.5000   518     1853.0000     1843.7500    27565    0.50%  x(c79_3_c33_3) U    107    105      4
    110    90     1844.7500   434     1853.0000     1843.7500    27954    0.50%  x(c78_2_c34_2) N    110    109     14
    115    95     1844.0000   421     1853.0000     1844.0000    28888    0.49%  x(c78_2_c34_2) U    115     79     12
    122   102     1844.0000   459     1853.0000     1844.0000    29816    0.49%  x(c62_1_c88_1) D    122    102      6
    131   111     1844.0000   464     1853.0000     1844.0000    30232    0.49%  x(c51_1_c20_1) D    131     67      6
    150   130     1846.0000   480     1853.0000     1844.0000    31410    0.49%  x(c79_1_c81_1) U    150    148     10
    166   146     1847.5000   466     1853.0000     1844.0000    32281    0.49%  x(c78_3_c79_3) D    166    165     18
    173   153     1850.5000   382     1853.0000     1844.0000    33128    0.49%   x(c9_2_c34_2) N    173    171     22
    177   156     1849.8333   376     1853.0000     1844.0000    33369    0.49%  x(c79_1_c78_1) N    177    175     25
    182   160     1850.3333   347     1853.0000     1844.0000    34003    0.49%  x(c64_1_c11_1) D    182    181     30
Elapsed time = 66.32 sec. (112599.56 ticks, tree = 3.60 MB, solutions = 1)
    196   165     1845.5000   477     1853.0000     1844.2500    34973    0.47%  x(c78_3_c79_3) U    196    194      7
    200   169     1845.7500   459     1853.0000     1844.2500    35507    0.47%  x(c78_3_c79_3) U    200    198     14
    209   178     1845.2500   490     1853.0000     1844.2500    36751    0.47%  x(c46_3_c45_3) N    209    106      5
    213   182     1847.0000   619     1853.0000     1844.5000    38363    0.46%  x(c18_3_c82_3) N    213    211      7
    219   188     1846.5000   553     1853.0000     1844.5000    40397    0.46%  x(c79_3_c81_3) U    219    108      5
    235   204     1845.5000   542     1853.0000     1844.5000    42162    0.46%  x(c78_3_c79_3) D    235    234     12
    246   215     1845.5000   488     1853.0000     1844.5000    44032    0.46%  x(c46_3_c45_3) U    246    107      5
    262   231     1847.1803   404     1853.0000     1844.5000    45390    0.46%  x(c78_1_c81_1) N    262    261     20
    266   235     1847.2533   499     1853.0000     1844.5000    46182    0.46%  x(c81_1_c34_1) N    266    265     24
    272   241     1847.3763   414     1853.0000     1844.5000    46689    0.46%  x(c34_2_c79_2) N    272    271     30
Elapsed time = 74.28 sec. (126164.47 ticks, tree = 4.76 MB, solutions = 1)
    274   243     1847.3894   443     1853.0000     1844.5000    47317    0.46%  x(c46_2_c45_2) N    274    272     31
    277   246     1847.4178   490     1853.0000     1844.5000    48435    0.46%  x(c27_1_c52_1) N    277    276     33
    283   252     1849.5066   470     1853.0000     1844.5000    49154    0.46%   x(c79_2_c3_2) N    283    281     38
    287   256     1850.0066   398     1853.0000     1844.5000    49997    0.46%  x(c18_1_c60_1) U    287    285     41
    294   263     1847.5010   418     1853.0000     1844.5000    50365    0.46%   x(c68_1_c3_1) D    294    293     48
    302   269     1847.5018   403     1853.0000     1844.5000    51347    0.46%  x(c47_2_c48_2) N    302    301     55
    309   274        cutoff           1853.0000     1844.5000    52825    0.46%  x(c69_1_c70_1) U    309    307     60
    320   281     1847.5047   382     1853.0000     1844.5000    53575    0.46%  x(c32_1_c70_1) D    320    319     69
    332   289     1848.0055   448     1853.0000     1844.5000    54008    0.46%  x(c49_2_c47_2) N    332    331     79
    341   297     1851.5062   341     1853.0000     1844.5000    55694    0.46%   x(c6_1_c94_1) N    341    339     85
Elapsed time = 81.23 sec. (137857.83 ticks, tree = 5.59 MB, solutions = 1)
    348   300     1845.5000   508     1853.0000     1844.5000    56653    0.46%  x(c79_3_c33_3) U    348     34      5
    360   312     1844.7500   425     1853.0000     1844.7500    57864    0.45%  x(c14_3_c38_3) D    360    110     15
    373   325     1846.2500   465     1853.0000     1844.7500    59318    0.45%  x(c78_3_c79_3) U    373    371     12
    378   330     1848.0000   625     1853.0000     1844.9167    60666    0.44%  x(c18_3_c82_3) U    378    349      6
    382   334     1846.5000   500     1853.0000     1844.9500    62247    0.43%  x(c18_3_c60_3) U    382    380      7
    391   343     1845.5000   443     1853.0000     1845.0000    63556    0.43%  x(c33_2_c79_2) U    391    217      8
    400   352     1846.0000   299     1853.0000     1845.0000    64960    0.43%   x(c9_1_c35_1) U    400    393     10
    404   356     1846.0000   339     1853.0000     1845.0000    66245    0.43%  x(c49_2_c47_2) U    404    392      9
    414   366     1846.0000   525     1853.0000     1845.0000    68672    0.43%  x(c78_3_c79_3) N    414    413     12
    426   375     1851.5000   388     1853.0000     1845.0000    69647    0.43%   x(c33_1_c3_1) N    426    424     16
Elapsed time = 88.57 sec. (150086.92 ticks, tree = 7.18 MB, solutions = 1)
    432   379     1846.5000   434     1853.0000     1845.0000    71491    0.43%  x(c78_3_c79_3) N    432    430     14
    452   399     1846.0000   419     1853.0000     1845.0000    73222    0.43%  x(c47_2_c49_2) U    452    451     11
    455   402     1847.5000   504     1853.0000     1845.0000    74710    0.43%  x(c63_3_c64_3) U    455    453     12
    460   407     1846.0000   512     1853.0000     1845.0000    75794    0.43%  x(c47_2_c49_2) U    460    458      9
    474   421     1847.0000   441     1853.0000     1845.0000    77931    0.43%  x(c64_1_c11_1) U    474    472     18
    487   434     1848.0008   464     1853.0000     1845.0000    79456    0.43%  x(c47_2_c48_2) N    487    485     29
    492   439     1848.0007   445     1853.0000     1845.0000    80512    0.43%   x(c9_1_c81_1) D    492    491     32
    501   445     1850.7503   330     1853.0000     1845.0000    81489    0.43%  x(c64_3_c63_3) U    501    499     39
    509   449     1846.5003   501     1853.0000     1845.0003    82955    0.43%  x(c78_3_c79_3) U    509    370     12
    513   453     1845.2500   521     1853.0000     1845.1250    84628    0.42%     x(Op_c70_3) D    513    357      8
Elapsed time = 95.24 sec. (161212.77 ticks, tree = 8.29 MB, solutions = 1)
    520   460     1847.5000   526     1853.0000     1845.2500    86116    0.42%  x(c79_3_c81_3) U    520    209      6
    525   465     1846.2503   626     1853.0000     1845.2500    88093    0.42%  x(c47_2_c49_2) U    525    513      9
    535   475     1846.5625   647     1853.0000     1845.3000    89728    0.42%  x(c64_3_c63_3) D    535    534     14
    542   482     1845.5952   555     1853.0000     1845.3333    91325    0.41%  x(c79_3_c81_3) N    542    239      6
    557   496     1846.2500   447     1853.0000     1845.5000    92978    0.40%  x(c79_1_c81_1) D    557    556     16
    563   502     1847.0000   448     1853.0000     1845.5000    95319    0.40%  x(c49_2_c47_2) U    563    561     11
    571   510     1847.0000   556     1853.0000     1845.5000    96896    0.40%  x(c47_2_c49_2) U    571    231     16
    579   518     1846.5000   553     1853.0000     1845.5000    98836    0.40%  x(c78_3_c79_3) D    579    443      8
    591   530     1848.5000   370     1853.0000     1845.5000   100681    0.40%  x(c47_2_c49_2) U    591    590     17
    604   543     1848.5029   353     1853.0000     1845.5000   101863    0.40%   x(c9_1_c35_1) D    604    602     26
Elapsed time = 102.36 sec. (173248.05 ticks, tree = 9.11 MB, solutions = 1)
    612   550     1852.0000   370     1853.0000     1845.5000   103562    0.40%  x(c30_1_c20_1) N    612    611     31
    622   557     1846.0000   454     1853.0000     1845.5000   105282    0.40%  x(c20_1_c51_1) D    622    621      7
    629   564     1848.0000   485     1853.0000     1845.5000   107005    0.40%  x(c20_1_c51_1) N    629    240      7
    639   574     1846.0000   473     1853.0000     1845.5000   108663    0.40%   x(c33_3_c3_3) D    639    196      8
    644   579     1846.5000   493     1853.0000     1845.5000   110358    0.40%  x(c63_3_c64_3) D    644    642     13
    649   584     1846.5007   483     1853.0000     1845.5000   111578    0.40%   x(c79_2_c3_2) D    649    648     17
    669   604     1851.3333   284     1853.0000     1845.5000   113096    0.40%  x(c64_1_c11_1) D    669    668     33
    689   614     1847.1667   448     1853.0000     1845.5000   114004    0.40%  x(c79_1_c81_1) U    689    154      7
    702   627     1846.3571   500     1853.0000     1845.5000   115552    0.40%  x(c76_3_c50_3) D    702    221     14
    728   653     1848.8181   574     1853.0000     1845.5000   121237    0.40%  x(c79_3_c33_3) D    728    727     14
Elapsed time = 110.42 sec. (186626.17 ticks, tree = 10.66 MB, solutions = 1)
    766   677     1848.1250   559     1853.0000     1845.5000   125025    0.40%  x(c18_3_c82_3) U    766     10      8
    801   712     1846.7500   491     1853.0000     1845.7500   131969    0.39%  x(c78_3_c79_3) D    801    584     15
    842   748        cutoff           1853.0000     1845.7500   138567    0.39%   x(c96_3_c6_3) D    842    839     29
    879   785     1850.5000   409     1853.0000     1846.0000   144219    0.38%  x(c20_1_c32_1) D    879    878     20
    905   804     1847.0005   577     1853.0000     1846.0000   149504    0.38%  x(c64_3_c63_3) D    905    904     11
    924   823     1848.5000   417     1853.0000     1846.0000   154525    0.38%   x(c7_1_c62_1) U    924    127     11
    964   849     1846.0000   405     1853.0000     1846.0000   160860    0.38%   x(c79_2_c3_2) D    964    631      8
    990   875     1847.0000   445     1853.0000     1846.0000   167482    0.38%  x(c64_3_c63_3) D    990    989      7
   1000   885     1849.6667   433     1853.0000     1846.0000   170261    0.38%  x(c81_1_c79_1) D   1000    999     12
   1028   904     1848.6667   493     1853.0000     1846.0000   174951    0.38%  x(c64_3_c63_3) U   1028   1026      7
Elapsed time = 135.25 sec. (228958.86 ticks, tree = 15.19 MB, solutions = 1)
   1048   924     1847.0000   484     1853.0000     1846.0000   181337    0.38%  x(c63_3_c64_3) D   1048    704      8
   1079   950     1848.5000   559     1853.0000     1846.0000   188100    0.38%  x(c33_2_c78_2) U   1079    414     13
   1113   984     1848.6707   414     1853.0000     1846.0000   194721    0.38%  x(c69_2_c70_2) U   1113   1112     29
   1188  1042     1849.9179   255     1853.0000     1846.0000   197493    0.38%   x(c6_2_c89_2) D   1188   1187     93
   1239  1080     1847.9000   553     1853.0000     1846.1429   202532    0.37%  x(c63_3_c64_3) U   1239   1233     11
   1280  1121     1848.0000   440     1853.0000     1846.2500   209138    0.36%  x(c32_1_c20_1) U   1280    557     17
   1304  1145     1848.7500   431     1853.0000     1846.2500   214970    0.36%   x(c3_2_c77_2) D   1304   1302     20
   1352  1179     1848.5417   583     1853.0000     1846.3333   221002    0.36%  x(c64_3_c63_3) U   1352    521     17
   1387  1214     1846.6667   418     1853.0000     1846.5000   228579    0.35%  x(c79_1_c33_1) D   1387   1386     21
   1425  1252     1849.8125   422     1853.0000     1846.5000   234902    0.35%  x(c69_2_c31_2) D   1425   1424     26
Elapsed time = 158.94 sec. (268403.20 ticks, tree = 19.68 MB, solutions = 1)
   1452  1274     1848.5000   447     1853.0000     1846.5000   240919    0.35%   x(c33_3_c3_3) U   1452    390     11
   1484  1298     1848.5000   340     1853.0000     1846.5000   247176    0.35%  x(c79_1_c81_1) U   1484   1460     16
   1512  1326     1849.6667   595     1853.0000     1846.5000   253785    0.35%   x(c33_3_c3_3) D   1512   1511     11
   1541  1345     1848.5000   550     1853.0000     1846.5000   260019    0.35%  x(c81_1_c79_1) U   1541    646     16
   1565  1363     1846.5000   483     1853.0000     1846.5000   266521    0.35%  x(c78_3_c79_3) D   1565    219      6
   1584  1382     1847.0000   637     1853.0000     1846.5000   273275    0.35%  x(c64_3_c63_3) D   1584   1349     16
   1624  1410     1847.0004   416     1853.0000     1846.5003   280203    0.35%   x(c79_2_c3_2) U   1624    477     22
   1638  1424     1846.5020   594     1853.0000     1846.5020   286418    0.35%  x(c49_2_c47_2) D   1638    922     10
   1667  1453     1847.0001   453     1853.0000     1846.6118   292939    0.34%  x(c11_1_c64_1) U   1667    475     20
   1707  1493     1847.2500   427     1853.0000     1846.7500   299715    0.34%  x(c78_2_c34_2) D   1707   1706     16
Elapsed time = 183.82 sec. (307841.11 ticks, tree = 23.61 MB, solutions = 1)
   1724  1510     1849.4167   582     1853.0000     1846.7500   304656    0.34%  x(c64_3_c63_3) U   1724   1279     18
   1777  1558     1849.1944   594     1853.0000     1846.7500   311479    0.34%  x(c64_3_c63_3) U   1777    801     16
   1805  1584     1849.0048   499     1853.0000     1846.7500   317337    0.34%  x(c78_3_c81_3) U   1805   1803     29
   1867  1636     1849.0122   404     1853.0000     1846.7500   320610    0.34%  x(c41_3_c57_3) D   1867   1866     83
   1929  1688     1849.0360   221     1853.0000     1846.7500   322417    0.34%  x(c61_1_c84_1) D   1929   1928    135
   1981  1730     1847.7500   600     1853.0000     1846.7500   326821    0.34%  x(c63_3_c64_3) D   1981   1980     15
   2000  1749     1847.0952   531     1853.0000     1846.8125   331802    0.33%  x(c79_3_c81_3) D   2000   1346     12
   2034  1783     1847.4167   416     1853.0000     1846.9167   339140    0.33%  x(c78_2_c29_2) U   2034   2032     24
   2074  1823     1849.6683   517     1853.0000     1847.0000   347032    0.32%  x(c78_2_c29_2) U   2074   1379     12
   2133  1875     1847.1667   389     1853.0000     1847.0000   353515    0.32%  x(c78_1_c81_1) N   2133    261     20
Elapsed time = 216.77 sec. (362263.44 ticks, tree = 29.28 MB, solutions = 1)
   2170  1912     1850.5000   508     1853.0000     1847.0000   360410    0.32%  x(c79_1_c33_1) D   2170   2168     20
   2205  1940     1849.5000   387     1853.0000     1847.0000   366682    0.32%  x(c52_2_c18_2) U   2205   2204     13
   2233  1962     1849.5000   467     1853.0000     1847.0000   373323    0.32%  x(c20_1_c51_1) U   2233    388      7
   2262  1987     1851.7504   418     1853.0000     1847.0000   379741    0.32%  x(c31_1_c69_1) N   2262   2260     22
   2290  2011     1847.5000   572     1853.0000     1847.0000   386656    0.32%  x(c64_3_c63_3) D   2290    961     12
   2326  2040     1849.6667   600     1853.0000     1847.0000   393858    0.32%  x(c64_3_c63_3) U   2326   1499     13
   2381  2083     1847.0002   438     1853.0000     1847.0000   397244    0.32%  x(c79_1_c81_1) D   2381    119     11
   2419  2121     1848.1562   309     1853.0000     1847.0000   403799    0.32%  x(c47_2_c48_2) U   2419   2418     29
   2443  2138     1848.5000   460     1853.0000     1847.0000   409054    0.32%  x(c78_3_c79_3) U   2443   1037      7
   2465  2160     1849.4444   558     1853.0000     1847.0000   415650    0.32%  x(c64_3_c63_3) U   2465    802     10
Elapsed time = 241.16 sec. (401894.63 ticks, tree = 33.66 MB, solutions = 1)
   2499  2188     1847.7500   551     1853.0000     1847.0000   423278    0.32%  x(c30_2_c51_2) D   2499   2498     15
   2546  2224     1849.6667   473     1853.0000     1847.0000   430029    0.32%  x(c64_3_c63_3) U   2546   2544     12
   2577  2255     1847.0000   560     1853.0000     1847.0000   437520    0.32%  x(c63_3_c64_3) D   2577   1084     18
   2602  2273     1847.0000   451     1853.0000     1847.0000   443706    0.32%  x(c64_3_c63_3) D   2602   1272      9
   2630  2301     1848.5000   407     1853.0000     1847.0007   450200    0.32%  x(c47_2_c49_2) U   2630   2628     10
   2653  2324     1848.9703   595     1853.0000     1847.0816   456987    0.32%  x(c63_3_c64_3) U   2653   1223     10
   2686  2357     1848.5957   568     1853.0000     1847.0952   464055    0.32%  x(c30_2_c51_2) U   2686   2672      8
   2740  2411     1848.1667   393     1853.0000     1847.1667   471591    0.31%  x(c49_2_c47_2) U   2740   2133     21
   2774  2441     1847.6667   589     1853.0000     1847.1667   478448    0.31%  x(c64_3_c63_3) D   2774   1019     11
   2817  2484     1847.5000   525     1853.0000     1847.2354   485117    0.31%  x(c63_3_c64_3) D   2817   1572     10
Elapsed time = 265.66 sec. (441400.19 ticks, tree = 38.28 MB, solutions = 1)
   2847  2514     1849.7857   431     1853.0000     1847.2500   491337    0.31%  x(c79_1_c78_1) U   2847   2845     15
   2871  2535     1851.8598   391     1853.0000     1847.2500   497847    0.31%  x(c79_1_c29_1) U   2871   2869     32
   2943  2593     1849.3293   445     1853.0000     1847.2500   503923    0.31%  x(c90_1_c10_1) D   2943   2941     90
   2983  2628     1849.9167   497     1853.0000     1847.2500   509923    0.31%  x(c64_3_c63_3) U   2983    800     16
   3014  2651     1847.7500   623     1853.0000     1847.2500   515585    0.31%  x(c78_3_c79_3) D   3014   1295     18
   3044  2681     1850.2500   579     1853.0000     1847.2500   522624    0.31%  x(c63_3_c64_3) U   3044   1291     20
   3081  2718     1847.9429   469     1853.0000     1847.2619   530603    0.31%  x(c52_2_c18_2) D   3081   2804     23
   3118  2752     1850.0000   447     1853.0000     1847.3333   537899    0.31%  x(c30_2_c51_2) U   3118   2637     10
   3155  2787     1850.8971   484     1853.0000     1847.3750   545482    0.30%   x(c68_1_c3_1) N   3155   2384     24
   3184  2816     1849.3004   487     1853.0000     1847.3929   552677    0.30%  x(c32_1_c20_1) U   3184   3179     22
Elapsed time = 290.94 sec. (481786.06 ticks, tree = 43.01 MB, solutions = 1)
   3234  2866     1847.4173   520     1853.0000     1847.4167   558702    0.30%  x(c79_1_c33_1) U   3234   1764     25
   3253  2885     1849.2529   403     1853.0000     1847.4286   565299    0.30%  x(c78_3_c79_3) U   3253   3071     21
   3282  2912     1851.0000   408     1853.0000     1847.4585   572572    0.30%  x(c33_2_c79_2) U   3282   3051     22
   3329  2959     1850.5000   318     1853.0000     1847.5000   579181    0.30%  x(c78_2_c33_2) U   3329   3327     15
   3382  3006     1847.5000   210     1853.0000     1847.5000   584623    0.30%  x(c11_1_c64_1) D   3382   2963     20
   3406  3030     1850.0000   299     1853.0000     1847.5000   590835    0.30%  x(c79_2_c33_2) U   3406   3404     26
   3450  3069     1849.0017   187     1853.0000     1847.5000   595687    0.30%  x(c76_3_c50_3) U   3450   3449     56
   3515  3113     1849.5000   268     1853.0000     1847.5000   598653    0.30%  x(c47_2_c48_2) D   3515   3319     26
   3552  3150     1848.8750   264     1853.0000     1847.5000   604798    0.30%  x(c88_2_c62_2) U   3552   3543     20
   3575  3167     1847.5000   295     1853.0000     1847.5000   610577    0.30%  x(c78_1_c79_1) U   3575   1276     18
Elapsed time = 315.42 sec. (521224.26 ticks, tree = 48.00 MB, solutions = 1)
   3622  3208     1849.5002   431     1853.0000     1847.5000   617312    0.30%  x(c11_1_c63_1) U   3622    558     17
   3645  3231     1849.7518   660     1853.0000     1847.5000   624009    0.30%  x(c78_1_c79_1) U   3645   1498     15
   3679  3260     1848.5000   510     1853.0000     1847.5000   630862    0.30%  x(c78_3_c79_3) D   3679   1441     19
   3735  3310     1850.5000   399     1853.0000     1847.5000   637310    0.30%   x(c78_3_c9_3) U   3735   3724     14
   3753  3328     1850.0008   438     1853.0000     1847.5000   643405    0.30%  x(c52_2_c18_2) U   3753   3751     11
   3784  3351     1848.5000   484     1853.0000     1847.5000   649604    0.30%  x(c49_2_c47_2) U   3784   3782     11
   3819  3386     1851.0022   589     1853.0000     1847.5000   655993    0.30%  x(c52_2_c18_2) U   3819   3817     15
   3870  3429     1848.5003   451     1853.0000     1847.5000   662716    0.30%  x(c79_1_c78_1) U   3870   2395     13
   3942  3485     1850.0235   310     1853.0000     1847.5000   668410    0.30%   x(c7_2_c19_2) U   3942   3940     71
   3972  3509     1848.5000   473     1853.0000     1847.5000   676346    0.30%  x(c64_3_c63_3) D   3972   1040     10
Elapsed time = 340.35 sec. (561699.25 ticks, tree = 52.87 MB, solutions = 1)
   4000  3522     1850.1667   493     1853.0000     1847.5000   681916    0.30%  x(c64_3_c63_3) U   4000   1040     10
   4027  3549     1850.0000   501     1853.0000     1847.5000   688641    0.30%  x(c51_1_c20_1) U   4027    624      7
   4058  3572     1849.0000   562     1853.0000     1847.5000   695340    0.30%  x(c47_2_c49_2) U   4058   2576     14
   4085  3599     1849.9444   577     1853.0000     1847.5000   701767    0.30%  x(c64_3_c63_3) N   4085    713     11
   4120  3626     1849.8571   578     1853.0000     1847.5000   708287    0.30%  x(c64_3_c63_3) U   4120    867     13
   4161  3660     1848.5000   437     1853.0000     1847.5000   715785    0.30%  x(c47_2_c49_2) U   4161   4160     15
   4192  3691     1850.4125   413     1853.0000     1847.5000   722529    0.30%  x(c88_2_c62_2) D   4192   4191     24
   4226  3713     1847.5000   550     1853.0000     1847.5000   728607    0.30%  x(c63_3_c64_3) D   4226   1584     17
   4247  3734     1848.1250   328     1853.0000     1847.5001   735349    0.30%  x(c52_2_c18_2) D   4247   2827     24
   4280  3765     1847.5048   403     1853.0000     1847.5003   741380    0.30%  x(c20_2_c30_2) D   4280   4279     36
Elapsed time = 377.45 sec. (623465.96 ticks, tree = 56.51 MB, solutions = 1)
   4351  3836     1850.5005   440     1853.0000     1847.5005   747598    0.30%   x(c78_3_c9_3) U   4351   3787     12
   4398  3882     1847.5007   386     1853.0000     1847.5007   754005    0.30%  x(c78_3_c29_3) D   4398   4397     22
   4431  3915     1849.7500   404     1853.0000     1847.5007   761042    0.30%  x(c78_1_c79_1) U   4431   4059     15
   4495  3961     1847.5008   453     1853.0000     1847.5007   767307    0.30%  x(c78_3_c29_3) D   4495   4494     28
   4519  3985     1852.0000   249     1853.0000     1847.5008   774958    0.30%  x(c78_1_c79_1) N   4519   4372     24
   4602  4066     1847.5075   554     1853.0000     1847.5009   779679    0.30%  x(c10_1_c70_1) D   4602   4601     47
   4708  4172     1849.0046   525     1853.0000     1847.5009   785872    0.30%  x(c88_2_c62_2) U   4708   4706     44
   4771  4235     1850.5013   441     1853.0000     1847.5014   792883    0.30%   x(c78_3_c9_3) U   4771   4415     19
   4805  4268     1850.5024   325     1853.0000     1847.5024   798910    0.30%   x(c78_3_c9_3) U   4805   4792     18
   4827  4290     1848.5007   277     1853.0000     1847.5032   805817    0.30%  x(c47_2_c19_2) U   4827   4796     22
Elapsed time = 402.76 sec. (663283.54 ticks, tree = 64.15 MB, solutions = 1)
   4849  4309     1850.0027   444     1853.0000     1847.5041   813298    0.30%  x(c68_3_c77_3) U   4849   4668     36
   4864  4321     1849.5003   448     1853.0000     1847.5045   821583    0.30%  x(c88_2_c62_2) U   4864   4787     33
   4890  4343     1849.0069   471     1853.0000     1847.5070   828634    0.30%  x(c31_2_c10_2) U   4890   4545     44
   4909  4352     1850.5121   540     1853.0000     1847.5100   835320    0.30%  x(c51_2_c20_2) U   4909   4302     59
   4922  4353        cutoff           1853.0000     1847.5133   842679    0.30%  x(c11_1_c63_1) N   4922   4551     49
   4932  4361     1851.1364   458     1853.0000     1847.5156   850097    0.30%   x(c68_1_c3_1) U   4932   2978     20
   4949  4365        cutoff           1853.0000     1847.5219   856973    0.30%  x(c46_3_c48_3) U   4949   4654     53
   4962  4374     1848.5041   418     1853.0000     1847.5235   863757    0.30%  x(c46_3_c36_3) U   4962   4673     41
   4975  4380     1850.3750   376     1853.0000     1847.5278   870473    0.30%  x(c27_1_c52_1) N   4975    276     33
   4991  4384     1850.0106   485     1853.0000     1847.5342   878006    0.29%  x(c46_2_c45_2) U   4991   4756     57
Elapsed time = 429.55 sec. (703035.30 ticks, tree = 66.43 MB, solutions = 1)
*  5000+    0                         1848.0000     1847.5384             0.02%

Clique cuts applied:  33
Cover cuts applied:  5
Flow cuts applied:  31
Mixed integer rounding cuts applied:  46
Zero-half cuts applied:  14
Gomory fractional cuts applied:  9
User cuts applied:  737

Root node processing (before b&c):
  Real time             =    8.49 sec. (15368.27 ticks)
Sequential b&c:
  Real time             =  432.58 sec. (710028.38 ticks)
                          ------------
Total (root+branch&cut) =  441.06 sec. (725396.65 ticks)

