Version identifier: 22.1.0.0 | 2022-03-09 | 1a383f8ce
CPXPARAM_Preprocessing_Reduce                    1
CPXPARAM_Threads                                 1
CPXPARAM_Preprocessing_Reformulations            0
CPXPARAM_Emphasis_MIP                            2
CPXPARAM_TimeLimit                               7200
CPXPARAM_MIP_Tolerances_AbsMIPGap                0.5
CPXPARAM_MIP_Limits_TreeMemory                   26600
Legacy callback                                  BbLUID
         Disabling repeat represolve because of lazy constraint/incumbent callback.
1 of 1 MIP starts provided solutions.
MIP start 'm1' defined initial solution with objective 18901.0000.
Tried aggregator 1 time.
MIP Presolve modified 4572 coefficients.
Reduced MIP has 243 rows, 4686 columns, and 14058 nonzeros.
Reduced MIP has 4686 binaries, 0 generals, 0 SOSs, and 0 indicators.
Presolve time = 0.01 sec. (12.68 ticks)
Probing time = 0.00 sec. (3.17 ticks)
Clique table members: 240.
MIP emphasis: optimality.
MIP search method: traditional branch-and-cut.
Parallel mode: none, using 1 thread.
Root relaxation solution time = 0.00 sec. (3.75 ticks)

        Nodes                                         Cuts/
   Node  Left     Objective  IInf  Best Integer    Best Bound    ItCnt     Gap         Variable B NodeID Parent  Depth

*     0+    0                        18901.0000        0.0000           100.00%
      0     0    18176.5000    24    18901.0000    15808.0000      158   16.36%
      0     0    18341.5000    34    18901.0000      Cuts: 19      199    2.96%
      0     0    18434.1667    96    18901.0000       Cuts: 8      216    2.47%
      0     0    18448.7500    40    18901.0000      Cuts: 14      230    2.39%
      0     0    18468.5000   107    18901.0000       Cuts: 4      242    2.29%
      0     0    18472.7083   110    18901.0000       Cuts: 7      248    2.27%
      0     0    18475.1667    44    18901.0000   ZeroHalf: 7      251    2.25%
      0     0    18481.0000    66    18901.0000       Cuts: 2      259    2.22%
      0     0    18483.3333    73    18901.0000   ZeroHalf: 3      264    2.21%
      0     0    18485.6667    85    18901.0000       Cuts: 6      269    2.20%
      0     0    18486.6714   105    18901.0000       Cuts: 9      274    2.19%
      0     0    18489.5000    76    18901.0000       Cuts: 6      280    2.18%
      0     0    18493.3333    49    18901.0000   ZeroHalf: 5      283    2.16%
      0     0    18498.5714    96    18901.0000       Cuts: 8      295    2.13%
      0     0    18500.1818    96    18901.0000       Cuts: 7      305    2.12%
      0     0    18500.7981   126    18901.0000       User: 1      315    2.12%
      0     0    18500.8000   110    18901.0000       User: 1      316    2.12%
      0     2    18500.8000   110    18901.0000    18500.8000      316    2.12%                        0             0
Elapsed time = 0.52 sec. (1056.08 ticks, tree = 0.01 MB, solutions = 1)
      7     9    18562.7053   107    18901.0000    18524.1429      381    1.99%  x(c39_2_c36_2) U      7      6      7
     22    24    18591.3478    98    18901.0000    18524.1429      564    1.99%    x(c9_1_c7_1) D     22     21     20
     40    42    18633.5000   103    18901.0000    18524.1429      867    1.99%     x(c32_1_Om) D     40     38     33
     70    61    18668.0476    70    18901.0000    18528.0000     1266    1.97%  x(c15_3_c14_3) N     70     68      5
    112    92    18541.1071   107    18901.0000    18536.8636     1688    1.93%  x(c51_1_c34_1) N    112    111      6
    131   111    18610.5000    90    18901.0000    18551.7407     2166    1.85%  x(c23_1_c48_1) D    131    127      9
    159   139    18568.2571   111    18901.0000    18560.0000     2852    1.80%  x(c51_1_c34_1) D    159    128      7
    183   162    18570.7949   115    18901.0000    18567.4167     3458    1.76%  x(c23_1_c48_1) U    183    182     13
    211   190    18776.5000    85    18901.0000    18570.3750     4186    1.75%  x(c35_1_c51_1) U    211    209     14
    310   289    18614.5000    61    18901.0000    18583.5833     7531    1.68%    x(c5_2_c3_2) D    310    267     11
Elapsed time = 4.21 sec. (4264.01 ticks, tree = 1.88 MB, solutions = 1)
    376   354    18711.9167    84    18901.0000    18590.5000    11231    1.64%  x(c14_3_c18_3) N    376    339     11
    452   430    18679.0000    78    18901.0000    18597.0000    14059    1.61%   x(c36_2_c5_2) U    452    239     16
    545   522    18613.7400   157    18901.0000    18602.8333    17072    1.58%  x(c40_2_c39_2) U    545    544     14
    620   596    18608.0238   114    18901.0000    18607.0714    19585    1.56%  x(c40_1_c22_1) D    620    619     17
    686   662    18692.3833   121    18901.0000    18610.4583    22434    1.54%   x(c5_2_c35_2) U    686    371     11
    759   735    18673.0000   115    18901.0000    18613.3704    25119    1.52%  x(c15_1_c12_1) N    759    576     13
    830   805    18633.5385   108    18901.0000    18616.3333    27455    1.51%   x(c39_1_c5_1) D    830    692      9
    917   892    18656.5000    58    18901.0000    18618.7787    30135    1.49%    x(c3_1_c2_1) U    917    915     19
    998   963    18625.9048   109    18901.0000    18620.5000    32125    1.48%  x(c16_2_c40_2) D    998    997     21
   1080  1045    18629.5556    94    18901.0000    18623.0286    34510    1.47%  x(c23_1_c48_1) U   1080   1079     18
Elapsed time = 10.44 sec. (13937.52 ticks, tree = 9.38 MB, solutions = 1)
   1159  1123    18626.1875   101    18901.0000    18624.5556    37014    1.46%  x(c14_2_c11_2) U   1159    713     32
   1220  1184    18664.9737    92    18901.0000    18625.7500    39468    1.46%  x(c15_1_c18_1) U   1220   1218     18
   1294  1257    18677.8833   101    18901.0000    18627.1667    41549    1.45%  x(c39_2_c11_2) N   1294    389     15
   1360  1323    18630.1235   137    18901.0000    18628.3636    44156    1.44%  x(c14_3_c18_3) D   1360   1152     19
   1412  1375    18777.1667    95    18901.0000    18629.7273    46507    1.44%  x(c36_1_c22_1) U   1412   1029     15
   1487  1449    18636.1667   115    18901.0000    18631.0000    48542    1.43%   x(c12_1_c4_1) D   1487   1486     22
   1538  1498    18745.0000    83    18901.0000    18631.5185    51087    1.43%  x(c15_1_c10_1) N   1538   1536     20
   1600  1560    18839.4667    68    18901.0000    18633.3333    53267    1.42%  x(c40_1_c22_1) U   1600   1407     19
   1662  1620    18698.5000    28    18901.0000    18634.1667    55624    1.41%  x(c14_2_c11_2) D   1662   1166     21
   1725  1683    18672.5016   136    18901.0000    18634.7778    57948    1.41%  x(c38_1_c40_1) U   1725   1317     35
Elapsed time = 16.32 sec. (23618.04 ticks, tree = 17.81 MB, solutions = 1)
   1792  1748    18680.7449   124    18901.0000    18635.8125    59847    1.40%    x(c5_2_c3_2) D   1792   1361     21
   1833  1789    18638.2917   111    18901.0000    18636.4167    62325    1.40%  x(c23_1_c19_1) D   1833   1832     19
   1916  1871    18800.1000    92    18901.0000    18637.1812    63879    1.40%  x(c15_1_c12_1) U   1916   1914     45
   1972  1913    18657.6190    99    18901.0000    18637.5333    64890    1.39%  x(c25_2_c24_2) D   1972    552      8
   2019  1960    18708.1944    97    18901.0000    18638.4167    66830    1.39%    x(c9_1_c7_1) N   2019   1632     25
   2084  2025    18647.7579   154    18901.0000    18639.1556    68387    1.39%  x(c41_1_c22_1) D   2084   1626     12
   2146  2087    18694.8848   132    18901.0000    18640.0667    70219    1.38%  x(c13_2_c39_2) N   2146   1598     19
   2206  2147    18725.4118   122    18901.0000    18640.6625    72009    1.38%   x(c36_2_c5_2) U   2206    348     19
   2256  2197    18668.9000    50    18901.0000    18641.5000    74012    1.37%  x(c14_3_c13_3) D   2256   2025     20
   2307  2247    18809.5417    96    18901.0000    18642.1500    77106    1.37%   x(c22_1_c9_1) N   2307   1357     26
Elapsed time = 21.97 sec. (33696.68 ticks, tree = 26.69 MB, solutions = 1)
   2354  2291    18648.1944   120    18901.0000    18642.8333    78596    1.37%  x(c24_2_c22_2) D   2354   1396     11
   2400  2337    18668.9091    74    18901.0000    18643.2500    80091    1.36%    x(c3_2_c2_2) D   2400     12     11
   2450  2387    18719.5714    86    18901.0000    18643.7937    82112    1.36%  x(c16_1_c40_1) U   2450   1514     25
   2503  2440    18677.3333    66    18901.0000    18644.2569    83764    1.36%  x(c40_2_c39_2) D   2503   1576     17
   2552  2489    18781.4000   121    18901.0000    18645.0694    85514    1.35%  x(c40_2_c11_2) N   2552   1062     13
   2594  2530    18867.4000    90    18901.0000    18645.6111    87403    1.35%   x(c3_2_c13_2) N   2594   2592     32
   2650  2584    18727.3750   120    18901.0000    18646.3095    89234    1.35%  x(c51_1_c30_1) N   2650   2170     17
   2680  2614    18650.7011   136    18901.0000    18646.8000    91274    1.34%    x(c9_1_c7_1) D   2680   2098     25
   2743  2677    18774.0000    40    18901.0000    18647.2833    92865    1.34%   x(c36_2_c5_2) U   2743   1745     20
   2778  2711    18862.8596   125    18901.0000    18647.8478    94569    1.34%   x(c5_2_c35_2) U   2778   2371     27
Elapsed time = 26.85 sec. (43429.83 ticks, tree = 35.10 MB, solutions = 1)
   2834  2756    18663.6667    78    18901.0000    18648.0769    95911    1.34%  x(c14_3_c13_3) D   2834   2161     31
   2880  2802    18748.6667    27    18901.0000    18648.6136    97582    1.34%  x(c40_1_c22_1) U   2880   1642     26
   2928  2850    18746.2222   110    18901.0000    18649.3289    99079    1.33%  x(c51_1_c30_1) D   2928   2120      8
   2970  2892    18657.5000    36    18901.0000    18649.9167   100923    1.33%  x(c30_3_c26_3) D   2970   2709     31
   3025  2947    18652.9444    85    18901.0000    18650.4667   102416    1.33%  x(c26_2_c14_2) U   3025   1606     17
   3090  3012    18653.5079   106    18901.0000    18651.0227   103916    1.32%  x(c30_1_c29_1) U   3090   3089     20
   3133  3055    18786.5507   151    18901.0000    18651.4500   105934    1.32%    x(c9_1_c7_1) N   3133   2229     19
   3179  3099    18653.4681   126    18901.0000    18651.9115   107514    1.32%   x(c7_1_c10_1) D   3179   2533     20
   3234  3153    18684.1868   141    18901.0000    18652.5000   108996    1.31%  x(c14_3_c18_3) N   3234    388     18
   3260  3179    18654.7917   110    18901.0000    18652.6875   111319    1.31%  x(c40_1_c22_1) D   3260   2364     18
Elapsed time = 31.85 sec. (53149.99 ticks, tree = 44.13 MB, solutions = 1)
   3311  3229    18779.0000     1    18901.0000    18653.0494   112804    1.31%  x(c36_1_c22_1) U   3311   1557     19
   3357  3275    18788.6950   116    18901.0000    18653.3704   114400    1.31%   x(c3_2_c16_2) N   3357     46     38
   3419  3337    18661.2525    90    18901.0000    18653.9000   115879    1.31%  x(c30_3_c26_3) D   3419   2733     22
   3465  3383    18678.5747   127    18901.0000    18654.3571   117629    1.30%   x(c3_3_c12_3) U   3465   2254     25
   3515  3433    18659.8750    95    18901.0000    18654.8125   119126    1.30%  x(c24_2_c23_2) U   3515   3514     12
   3550  3467    18679.0000    85    18901.0000    18655.1667   120634    1.30%  x(c30_3_c26_3) D   3550   3548     19
   3593  3508    18817.5897   126    18901.0000    18655.5260   122404    1.30%  x(c35_1_c51_1) U   3593   3591     20
   3650  3558    18711.1754    71    18901.0000    18655.5556   122863    1.30%   x(c19_2_c5_2) D   3650   3649     89
   3690  3581    18732.1111    61    18901.0000    18655.5556   122985    1.30%  x(c53_2_c52_2) D   3690   3689    129
   3731  3605    18656.1667    73    18901.0000    18655.6333   123544    1.30%  x(c30_1_c29_1) U   3731   3214     17
Elapsed time = 36.46 sec. (62926.56 ticks, tree = 52.63 MB, solutions = 1)
   3775  3649    18668.2571   109    18901.0000    18656.0000   125525    1.30%  x(c38_1_c40_1) D   3775   2836     32
   3826  3700    18664.7313   130    18901.0000    18656.1951   126987    1.30%  x(c12_3_c14_3) D   3826   2141     26
   3875  3748    18719.4286   118    18901.0000    18656.5000   128801    1.29%  x(c40_2_c22_2) U   3875   3873     23
   3928  3799    18666.3889    73    18901.0000    18656.9167   130285    1.29%   x(c3_3_c12_3) D   3928   3210     40
   3965  3836    18723.9231   128    18901.0000    18657.2409   131815    1.29%   x(c5_2_c35_2) N   3965   1509     13
   4018  3889    18661.2182    85    18901.0000    18657.6111   133272    1.29%  x(c30_3_c26_3) U   4018   3424     27
   4064  3933    18675.8229   113    18901.0000    18657.9167   134734    1.29%  x(c24_2_c22_2) D   4064    325     16
   4098  3966    18712.4545    80    18901.0000    18658.1429   136690    1.28%  x(c38_1_c40_1) U   4098   2836     32
   4146  4014    18674.0000    83    18901.0000    18658.5000   138026    1.28%  x(c24_2_c22_2) U   4146   2758     22
   4194  4062    18658.9333    94    18901.0000    18658.8784   139325    1.28%  x(c15_1_c12_1) U   4194   3521     11
Elapsed time = 41.19 sec. (72699.34 ticks, tree = 62.60 MB, solutions = 1)
   4225  4093    18787.6667    56    18901.0000    18659.1333   140819    1.28%   x(c4_1_c15_1) N   4225   3385     29
   4264  4131    18827.3333    49    18901.0000    18659.4000   142553    1.28%  x(c40_1_c22_1) N   4264   3977     25
   4315  4182    18667.6667    74    18901.0000    18659.6875   143927    1.28%  x(c15_2_c18_2) U   4315   2973     20
   4361  4228    18663.5000    63    18901.0000    18660.0000   145329    1.28%  x(c30_3_c26_3) U   4361   3998     22
   4406  4273    18710.5000    89    18901.0000    18660.3333   146590    1.27%  x(c37_1_c36_1) N   4406   3907     32
   4445  4312    18664.9143    94    18901.0000    18660.5833   148116    1.27%    x(c7_2_c6_2) N   4445   3061     34
   4490  4357    18885.0000    28    18901.0000    18660.9079   149605    1.27%   x(c2_2_c36_2) U   4490   3902     36
   4542  4402    18813.4750    55    18901.0000    18661.0000   150767    1.27%  x(c40_1_c41_1) D   4542   4540     47
   4607  4443    18669.3750    61    18901.0000    18661.0000   151230    1.27%  x(c42_2_c45_2) D   4607    489     16
   4650  4486    18664.5357    89    18901.0000    18661.2500   152763    1.27%    x(c5_2_c2_2) U   4650   1582     12
Elapsed time = 45.80 sec. (82373.25 ticks, tree = 72.28 MB, solutions = 1)
   4697  4533    18712.2000    81    18901.0000    18661.5000   154270    1.27%  x(c24_2_c23_2) N   4697   3572     10
   4743  4579    18708.1553    98    18901.0000    18661.8077   156026    1.27%   x(c3_2_c14_2) U   4743   4741     10
   4787  4623    18717.3704    70    18901.0000    18662.0500   157663    1.26%  x(c25_3_c19_3) U   4787   4785     39
   4826  4661    18732.0577    64    18901.0000    18662.3333   159147    1.26%  x(c21_3_c12_3) N   4826   4057     15
   4878  4713    18737.3889    70    18901.0000    18662.6000   160834    1.26%  x(c19_3_c16_3) U   4878   3054     29
   4924  4759    18673.2500    56    18901.0000    18662.8889   162172    1.26%  x(c30_3_c26_3) D   4924   3765     31
   4954  4789    18709.5172   120    18901.0000    18663.1000   164582    1.26%    x(c5_2_c3_2) D   4954   4143     20
   4994  4829    18717.3590    89    18901.0000    18663.4565   165995    1.26%  x(c41_1_c22_1) U   4994   2866     14
   5023  4858    18892.1667    65    18901.0000    18663.6288   167724    1.26%   x(c3_2_c15_2) N   5023     51     43
   5188  5020    18667.5000    72    18901.0000    18664.5000   173634    1.25%  x(c13_2_c39_2) D   5188   3029     26
Elapsed time = 52.48 sec. (95079.00 ticks, tree = 84.98 MB, solutions = 1)
   5353  5183    18866.5333    98    18901.0000    18665.4167   179347    1.25%  x(c35_1_c51_1) N   5353   4638     15
*  5356  5013      integral     0    18834.0000    18665.4187   179506    0.90%
   5530  5176    18687.5781   116    18834.0000    18666.0000   184798    0.89%      x(c2_1_Om) D   5530   5529     18
   5693  5318    18668.7159    69    18834.0000    18666.9000   191271    0.89%  x(c31_2_c36_2) N   5693   5692     44
   5856  5477    18692.7273   121    18834.0000    18667.6889   196955    0.88%  x(c22_2_c40_2) U   5856   5147     17
   6028  5633    18705.6234   112    18834.0000    18668.5000   202137    0.88%    x(c5_2_c3_2) D   6028   3399     13
   6206  5781    18731.0312    85    18834.0000    18669.0000   207021    0.88%   x(c31_2_c5_2) D   6206   6205     82
   6411  5950    18691.4500   104    18834.0000    18669.5000   211553    0.87%    x(c3_2_c2_2) D   6411   5471     16
   6551  6084    18672.4524   109    18834.0000    18670.1795   217897    0.87%  x(c40_1_c22_1) D   6551   4175     30
   6688  6209    18679.0357    85    18834.0000    18670.7500   224547    0.87%  x(c24_2_c22_2) D   6688   4300     10
   6889  6384    18825.5000    40    18834.0000    18671.1875   230009    0.86%  x(c13_3_c39_3) U   6889   6887     41
Elapsed time = 71.38 sec. (133372.71 ticks, tree = 121.02 MB, solutions = 2)
*  6893  6294      integral     0    18824.0000    18671.2500   230102    0.81%
   7045  6435    18709.1111    71    18824.0000    18671.9242   235664    0.81%  x(c38_1_c40_1) U   7045   4761     28
   7226  6580        cutoff          18824.0000    18672.3333   240810    0.81%  x(c36_2_c46_2) U   7226   5960     38
   7416  6756    18749.6667   104    18824.0000    18672.9423   246257    0.80%   x(c36_2_c5_2) N   7416   6425     23
   7575  6896    18701.8889    97    18824.0000    18673.3571   252584    0.80%  x(c22_2_c40_2) U   7575   7573     21
   7734  7038    18742.7904    85    18824.0000    18674.0000   257816    0.80%   x(c4_1_c15_1) U   7734   7120     43
   7884  7175    18689.8810    99    18824.0000    18674.5000   263138    0.79%      x(c2_1_Om) U   7884   6269     17
   8030  7301    18675.1942   119    18824.0000    18674.9400   269082    0.79%  x(c18_2_c24_2) N   8030   8029     32
   8207  7453    18681.4375   101    18824.0000    18675.2500   274357    0.79%  x(c36_2_c39_2) D   8207   5709     15
   8346  7576    18771.0833    80    18824.0000    18675.5000   280796    0.79%   x(c20_2_c2_2) D   8346   8345     56
   8478  7688    18686.2500    74    18824.0000    18675.9500   286589    0.79%  x(c28_3_c30_3) D   8478   4776     38
Elapsed time = 90.79 sec. (171661.63 ticks, tree = 157.54 MB, solutions = 3)
   8607  7797    18690.0000    86    18824.0000    18676.2500   292117    0.78%  x(c24_2_c25_2) D   8607   1158     18
*  8737  7854      integral     0    18818.0000    18676.5000   296330    0.75%
   8762  7879    18679.0529   119    18818.0000    18676.6111   297331    0.75%   x(c12_1_c4_1) D   8762   8761     31
   8905  8004    18682.9000    99    18818.0000    18677.0000   302261    0.75%  x(c15_2_c14_2) N   8905   7770     22
   9104  8177    18690.2302    97    18818.0000    18677.2941   306609    0.75%  x(c30_3_c26_3) U   9104   9102     32
   9284  8324    18677.5792   119    18818.0000    18677.5833   311222    0.75%   x(c3_2_c16_2) D   9284   8438     29
   9426  8450    18746.7778    75    18818.0000    18678.0000   316180    0.74%  x(c12_3_c14_3) N   9426   1702     20
   9585  8584    18716.4286    92    18818.0000    18678.2000   320934    0.74%      x(c2_1_Om) U   9585   8551     23
   9735  8709    18777.6957    73    18818.0000    18678.5747   326581    0.74%   x(c4_1_c15_1) U   9735   6157     42
   9878  8833    18789.0000    78    18818.0000    18678.9524   332332    0.74%  x(c14_3_c18_3) U   9878   9178     14
  10045  8964    18765.7500    68    18818.0000    18679.1295   337328    0.74%   x(c36_2_c5_2) U  10045  10043     21
Elapsed time = 110.03 sec. (209928.42 ticks, tree = 196.74 MB, solutions = 4)
  10175  9079        cutoff          18818.0000    18679.5000   343039    0.74%  x(c15_2_c18_2) U  10175   8746     30
  10300  9176    18690.9388   113    18818.0000    18679.6786   348767    0.74%      x(Op_c2_2) D  10300  10299     19
  10449  9303    18682.0476   100    18818.0000    18680.0000   353798    0.73%  x(c15_3_c14_3) D  10449   9332     13
  10635  9448    18773.8333    93    18818.0000    18680.3000   358470    0.73%  x(c19_3_c16_3) N  10635   7592     27
  10772  9564    18758.2778    81    18818.0000    18680.5385   363784    0.73%  x(c13_2_c39_2) U  10772   7732     21
  10926  9700    18755.8846   142    18818.0000    18680.9375   368667    0.73%  x(c15_3_c14_3) U  10926   8806     22
  11070  9824    18684.1000   131    18818.0000    18681.1718   373355    0.73%  x(c24_2_c22_2) D  11070   2195     15
  11218  9951        cutoff          18818.0000    18681.4000   378992    0.73%  x(c23_2_c22_2) U  11218   8031     34
  11406 10104    18763.0000    72    18818.0000    18681.6000   383456    0.72%   x(c36_2_c5_2) U  11406   6653     26
  11559 10226    18693.1852   110    18818.0000    18682.0000   388276    0.72%  x(c16_1_c40_1) U  11559   4356     20
Elapsed time = 129.01 sec. (248357.19 ticks, tree = 236.86 MB, solutions = 4)
  11713 10363    18707.1515   107    18818.0000    18682.1667   393701    0.72%    x(c3_2_c2_2) U  11713   1672     11
  11886 10514    18729.0000    44    18818.0000    18682.5000   398409    0.72%  x(c39_1_c46_1) U  11886   5993     19
  12021 10619        cutoff          18818.0000    18682.7000   403409    0.72%   x(c26_2_c7_2) U  12021  12019     35
  12171 10730    18684.8235   102    18818.0000    18683.0000   408300    0.72%  x(c35_1_c51_1) D  12171  10524     22
  12343 10851    18753.3333    60    18818.0000    18683.3250   413087    0.72%  x(c21_3_c12_3) U  12343   3913      6
  12470 10955    18702.8571    98    18818.0000    18683.5417   417035    0.71%  x(c26_2_c14_2) D  12470   9660     23
  12631 11095        cutoff          18818.0000    18683.8889   421786    0.71%   x(c3_2_c11_2) U  12631  12313     38
  12771 11207    18729.7333    71    18818.0000    18684.1667   427004    0.71%  x(c16_1_c40_1) U  12771   5322     28
  12931 11342    18685.6429   113    18818.0000    18684.4074   431074    0.71%  x(c39_1_c11_1) D  12931  11488     23
  13085 11480    18765.1250    76    18818.0000    18684.5833   435575    0.71%    x(c9_1_c7_1) U  13085   4642     30
Elapsed time = 148.52 sec. (286651.73 ticks, tree = 277.77 MB, solutions = 4)
  13231 11605    18755.5000   112    18818.0000    18684.8833   439969    0.71%  x(c15_3_c14_3) U  13231   5701     20
  13387 11735    18692.8417   147    18818.0000    18685.0571   444234    0.71%  x(c23_1_c48_1) U  13387   8883     16
  13523 11848    18686.7371    77    18818.0000    18685.3143   448729    0.71%   x(c31_2_c2_2) D  13523  13522     35
  13664 11957    18685.6176   119    18818.0000    18685.6200   453303    0.70%  x(c28_3_c30_3) D  13664  12798     45
  13809 12077    18687.7891   140    18818.0000    18685.9062   458562    0.70%  x(c38_2_c19_2) D  13809  12339     42
  13970 12207    18694.7308    97    18818.0000    18686.0833   462453    0.70%  x(c15_3_c14_3) D  13970   4647     15
  14126 12334    18686.7329   137    18818.0000    18686.3478   467007    0.70%  x(c14_2_c18_2) D  14126   8230     31
  14286 12453    18686.5000    72    18818.0000    18686.5000   471688    0.70%  x(c22_2_c40_2) N  14286   9684     19
  14430 12559    18760.1667   108    18818.0000    18686.6667   476908    0.70%   x(c7_1_c10_1) U  14430  11133     21
  14574 12674    18693.1111   121    18818.0000    18686.8846   481950    0.70%  x(c40_1_c22_1) D  14574   4169     20
Elapsed time = 167.51 sec. (325196.33 ticks, tree = 318.71 MB, solutions = 4)
  14722 12784    18799.3611   109    18818.0000    18687.0478   486413    0.70%  x(c14_3_c18_3) U  14722  12233     34
  14851 12887        cutoff          18818.0000    18687.2812   490996    0.69%   x(c26_2_c7_2) U  14851  14849     43
  14950 12970    18722.8542   105    18818.0000    18687.4242   497244    0.69%   x(c3_2_c14_2) D  14950   6380     15
  15084 13078    18812.8000    92    18818.0000    18687.6154   502153    0.69%  x(c14_2_c18_2) U  15084  14225     22
  15225 13194    18687.9895   136    18818.0000    18687.8718   506576    0.69%    x(c9_1_c7_1) D  15225  13936     22
  15370 13303    18803.0526    88    18818.0000    18688.0000   511221    0.69%  x(c19_3_c16_3) D  15370  15368     33
  15514 13417    18730.1875    88    18818.0000    18688.2308   515696    0.69%  x(c36_2_c38_2) U  15514  15512     35
  15664 13548    18704.0320   115    18818.0000    18688.4167   519966    0.69%      x(Op_c2_2) D  15664  14306     18
  15820 13671    18790.4167   121    18818.0000    18688.5833   524410    0.69%  x(c14_3_c18_3) U  15820  15229     17
  15954 13783    18699.7656   106    18818.0000    18688.8333   529238    0.69%      x(Op_c2_2) D  15954  14638     17
Elapsed time = 186.02 sec. (363645.36 ticks, tree = 357.48 MB, solutions = 4)
  16092 13890    18695.4722   100    18818.0000    18689.0000   533733    0.69%  x(c45_2_c24_2) D  16092  16091     32
  16249 14009    18689.7000    95    18818.0000    18689.1364   537954    0.68%  x(c28_3_c30_3) D  16249   5178     16
  16391 14123    18691.9444    64    18818.0000    18689.3571   542523    0.68%  x(c15_2_c18_2) D  16391  16390     30
  16532 14222        cutoff          18818.0000    18689.5556   546892    0.68%  x(c22_3_c12_3) U  16532  16075     49
  16671 14341    18755.9231   113    18818.0000    18689.7500   551616    0.68%   x(c12_3_c3_3) N  16671  13945     59
  16807 14435    18690.1429    99    18818.0000    18689.9500   556727    0.68%    x(c7_1_c9_1) D  16807  16806     29
  16950 14532    18769.8554   124    18818.0000    18690.0417   561008    0.68%   x(c7_1_c10_1) U  16950   9736     27
  17100 14656    18691.3750    64    18818.0000    18690.2500   565403    0.68%      x(Op_c2_2) D  17100  11110     33
  17253 14777    18702.1250    91    18818.0000    18690.4096   569507    0.68%  x(c15_2_c18_2) D  17253  15343     11
  17399 14885    18697.8500    91    18818.0000    18690.5556   574326    0.68%    x(c5_2_c3_2) D  17399  17398     21
Elapsed time = 204.80 sec. (401915.01 ticks, tree = 397.40 MB, solutions = 4)
  17530 14989    18740.6977    98    18818.0000    18690.7500   578816    0.68%  x(c21_3_c12_3) U  17530   6858     31
  17666 15094        cutoff          18818.0000    18690.9444   583130    0.68%  x(c13_3_c21_3) U  17666   3611     53
  17854 15230        cutoff          18818.0000    18691.0000   587044    0.67%   x(c31_2_c2_2) U  17854  17852     21
  17985 15336    18805.6202   126    18818.0000    18691.2222   592331    0.67%  x(c14_3_c18_3) U  17985  15970     29
  18126 15425    18802.8750   104    18818.0000    18691.3950   596850    0.67%  x(c47_2_c42_2) U  18126  17298     24
  18284 15542        cutoff          18818.0000    18691.5000   601379    0.67%  x(c15_1_c39_1) U  18284  18282     57
  18426 15646    18813.0000    84    18818.0000    18691.6667   605548    0.67%   x(c4_1_c15_1) U  18426  15019     38
  18511 15720    18709.4615   115    18818.0000    18691.8333   611571    0.67%  x(c19_2_c16_2) U  18511   3973     15
  18653 15825    18696.1111    92    18818.0000    18692.0000   615650    0.67%  x(c16_2_c40_2) D  18653  18652     21
  18800 15937    18699.0000    24    18818.0000    18692.2000   619878    0.67%   x(c4_1_c15_1) D  18800   8296     26
Elapsed time = 224.02 sec. (440772.79 ticks, tree = 436.87 MB, solutions = 4)
  18877 15989    18780.0750   117    18818.0000    18692.3333   627024    0.67%  x(c36_2_c46_2) U  18877   7818     21
  19000 16078    18771.4242   103    18818.0000    18692.5000   631877    0.67%  x(c15_2_c18_2) U  19000  17258     27
  19156 16181    18745.9429   121    18818.0000    18692.5583   635556    0.67%  x(c23_1_c48_1) D  19156  15706     23
  19276 16281    18749.6667    78    18818.0000    18692.7500   640379    0.67%  x(c16_1_c40_1) U  19276  16716     37
  19417 16392    18758.0000    73    18818.0000    18692.9432   644734    0.66%  x(c15_2_c18_2) U  19417   5622     18
  19531 16464        cutoff          18818.0000    18693.0000   649019    0.66%  x(c38_2_c19_2) U  19531  17078     33
  19679 16563    18694.2606   113    18818.0000    18693.2353   653491    0.66%  x(c14_3_c18_3) D  19679  11559     21
  19808 16664    18810.4167    98    18818.0000    18693.4167   657818    0.66%   x(c4_1_c15_1) U  19808  18267     28
  19950 16758    18806.5000   107    18818.0000    18693.5667   661757    0.66%  x(c28_3_c30_3) U  19950   6177     59
  20070 16833    18695.3702   127    18818.0000    18693.7656   666015    0.66%  x(c45_2_c24_2) D  20070  20069     46
Elapsed time = 242.88 sec. (479621.88 ticks, tree = 472.31 MB, solutions = 4)
  20196 16919    18769.5294   102    18818.0000    18694.0000   671094    0.66%  x(c41_1_c22_1) N  20196   6620     13
  20346 17021    18699.6688   128    18818.0000    18694.0455   675216    0.66%   x(c19_3_c9_3) D  20346   5453     20
  20471 17120    18794.3750   108    18818.0000    18694.2500   679655    0.66%  x(c47_2_c42_2) U  20471  11618     22
  20590 17194    18757.6389    87    18818.0000    18694.4167   683929    0.66%  x(c23_2_c25_2) N  20590    988     13
  20719 17274        cutoff          18818.0000    18694.5556   687610    0.66%  x(c15_1_c18_1) U  20719  18419     34
  20849 17364    18816.5714    93    18818.0000    18694.7143   691532    0.66%    x(c7_1_c9_1) U  20849  20847     51
  20964 17449    18700.9605   107    18818.0000    18694.8889   695324    0.65%   x(c7_1_c10_1) D  20964   7958     23
  21074 17529        cutoff          18818.0000    18695.0000   699949    0.65%   x(c12_3_c3_3) U  21074  21072     43
  21212 17624    18788.1667    72    18818.0000    18695.0536   703538    0.65%   x(c5_2_c23_2) U  21212  21210     21
  21310 17696    18697.2000    90    18818.0000    18695.1667   708376    0.65%   x(c36_2_c5_2) D  21310  21309     28
Elapsed time = 261.82 sec. (518243.37 ticks, tree = 507.06 MB, solutions = 4)
  21427 17786    18697.9444    80    18818.0000    18695.3429   712195    0.65%  x(c19_3_c16_3) D  21427  21426     42
  21509 17841    18776.5694   111    18818.0000    18695.4615   717373    0.65%    x(c9_1_c7_1) N  21509    354     17
  21644 17936    18696.1600    99    18818.0000    18695.5294   720991    0.65%  x(c16_2_c19_2) N  21644  15090     46
  21742 17995    18696.4444    80    18818.0000    18695.6667   726373    0.65%  x(c15_3_c14_3) D  21742  21741     13
  21835 18062    18779.6667    87    18818.0000    18695.7813   731231    0.65%  x(c19_3_c16_3) U  21835  16884     24
  21961 18159    18782.2500    69    18818.0000    18695.9333   734608    0.65%   x(c12_1_c4_1) U  21961  17963     33
* 22049 10737      integral     0    18750.0000    18696.0000   737554    0.29%
  22070 10741        cutoff          18750.0000    18696.0000   737922    0.29%  x(c51_1_c34_1) D  22070  22068     45
  22191 10774        cutoff          18750.0000    18696.1557   740551    0.29%  x(c14_2_c18_2) U  22191  22189     12
  22327 10801        cutoff          18750.0000    18696.3333   744236    0.29%  x(c25_2_c22_2) U  22327   4816     16
  22455 10845        cutoff          18750.0000    18696.5000   747310    0.29%  x(c19_3_c16_3) U  22455   8603     45
Elapsed time = 281.29 sec. (556577.07 ticks, tree = 314.26 MB, solutions = 5)
  22555 10871    18698.2000    68    18750.0000    18696.5625   750600    0.28%  x(c27_3_c28_3) N  22555  17970     37
  22670 10888    18716.8333    93    18750.0000    18696.7500   752934    0.28%  x(c13_2_c39_2) N  22670   5817     31
  22786 10916        cutoff          18750.0000    18696.9500   755488    0.28%  x(c23_2_c22_2) U  22786  16590     36
  22928 10930    18700.5714   113    18750.0000    18697.0606   758260    0.28%   x(c39_1_c5_1) N  22928  21377     39
  23070 10981    18729.5000    73    18750.0000    18697.2500   760876    0.28%   x(c39_1_c5_1) U  23070  23068     22
  23217 10992    18697.7273   108    18750.0000    18697.4615   763846    0.28%   x(c5_2_c23_2) D  23217  23216     37
  23358 11022    18707.8056    83    18750.0000    18697.6667   766439    0.28%  x(c47_2_c35_2) D  23358   2428     31
  23479 11055        cutoff          18750.0000    18697.8571   769913    0.28%   x(c5_2_c23_2) U  23479  21712     20
  23616 11083        cutoff          18750.0000    18698.0000   772811    0.28%   x(c5_2_c18_2) U  23616  17614     40
  23746 11127    18698.1957   114    18750.0000    18698.1111   776536    0.28%  x(c14_3_c18_3) D  23746  19493     38
Elapsed time = 300.22 sec. (595016.11 ticks, tree = 329.57 MB, solutions = 5)
  23878 11162        cutoff          18750.0000    18698.3051   779571    0.28%  x(c51_1_c25_1) U  23878   7185     33
  24010 11196    18737.4286    81    18750.0000    18698.4250   783017    0.28%   x(c19_1_c9_1) N  24010  19841     34
  24164 11244        cutoff          18750.0000    18698.5686   786056    0.27%   x(c20_2_c2_2) U  24164  19341     38
  24317 11274    18746.9515   135    18750.0000    18698.7576   788643    0.27%  x(c15_2_c14_2) U  24317  20968     17
  24450 11296    18705.5714    85    18750.0000    18698.9667   791693    0.27%  x(c39_3_c37_3) D  24450  24449     33
  24620 11364    18699.5162   134    18750.0000    18699.0000   794392    0.27%  x(c40_1_c22_1) D  24620  24619     26
  24745 11403    18699.9778    96    18750.0000    18699.1667   798936    0.27%   x(c12_1_c4_1) N  24745  15234     28
  24909 11460        cutoff          18750.0000    18699.3056   801558    0.27%  x(c38_2_c19_2) U  24909  16330     33
  25019 11481        cutoff          18750.0000    18699.4583   805476    0.27%   x(c12_1_c4_1) U  25019  15234     28
  25165 11530        cutoff          18750.0000    18699.5000   808394    0.27%   x(c39_1_c5_1) N  25165  25163     28
Elapsed time = 319.20 sec. (633690.71 ticks, tree = 348.54 MB, solutions = 5)
  25240 11542        cutoff          18750.0000    18699.6222   812808    0.27%  x(c15_1_c12_1) U  25240  15072     25
  25394 11586    18734.6154    95    18750.0000    18699.8333   815812    0.27%  x(c26_2_c14_2) D  25394  25392     19
  25545 11632    18735.4000   102    18750.0000    18700.0000   819009    0.27%  x(c15_2_c18_2) N  25545   5087     16
  25696 11672    18703.3333    98    18750.0000    18700.1111   822168    0.27%  x(c39_3_c37_3) D  25696  23506     25
  25830 11697        cutoff          18750.0000    18700.2778   824961    0.27%   x(c20_2_c2_2) U  25830  22955     37
  25949 11727        cutoff          18750.0000    18700.4388   829624    0.26%  x(c29_1_c51_1) U  25949  15132     19
  26124 11794        cutoff          18750.0000    18700.6000   832298    0.26%   x(c7_1_c10_1) U  26124   9996     28
  26273 11817    18742.3750    81    18750.0000    18700.8000   835343    0.26%  x(c38_1_c40_1) U  26273  17292     45
  26392 11824    18703.4038   141    18750.0000    18700.9333   839179    0.26%   x(c19_3_c9_3) D  26392  17155     37
  26545 11853    18704.6324   143    18750.0000    18701.0000   842383    0.26%    x(c5_2_c2_2) D  26545  26544     14
Elapsed time = 339.18 sec. (671976.41 ticks, tree = 365.28 MB, solutions = 5)
  26693 11899    18710.2057   132    18750.0000    18701.1875   845854    0.26%   x(c19_3_c9_3) D  26693  26691     25
  26824 11928    18708.7000   117    18750.0000    18701.3402   849921    0.26%  x(c15_3_c14_3) D  26824   6954     20
  26981 11960    18701.5152   142    18750.0000    18701.5172   852712    0.26%   x(c5_2_c23_2) N  26981  25425     28
  27140 12000    18702.9351   142    18750.0000    18701.6875   855619    0.26%  x(c35_1_c51_1) N  27140  27139     40
* 27200+ 9423                        18737.0000    18701.7500             0.19%
  27268  9436    18710.2000    82    18737.0000    18701.8000   859738    0.19%      x(Op_c2_2) N  27268  14867     13
  27403  9464    18718.6037   160    18737.0000    18702.0000   862809    0.19%  x(c30_3_c26_3) N  27403  14421     29
  27539  9463        cutoff          18737.0000    18702.0833   865280    0.19%  x(c19_3_c16_3) U  27539  18662     24
  27669  9482    18702.4545   131    18737.0000    18702.2560   868307    0.19%  x(c22_2_c40_2) N  27669  26766     22
  27790  9497        cutoff          18737.0000    18702.4378   871638    0.18%  x(c15_1_c12_1) U  27790  26046     26
  27917  9521        cutoff          18737.0000    18702.5500   874608    0.18%  x(c23_2_c22_2) U  27917  17201     37
Elapsed time = 358.12 sec. (710647.05 ticks, tree = 300.55 MB, solutions = 6)
  28057  9549        cutoff          18737.0000    18702.7234   876748    0.18%  x(c14_3_c18_3) U  28057  17261     14
  28230  9583        cutoff          18737.0000    18702.9048   879119    0.18%   x(c4_1_c15_1) U  28230  28228     22
  28384  9592        cutoff          18737.0000    18703.0278   882282    0.18%  x(c19_2_c16_2) U  28384   5675     13
  28529  9617    18703.3056   125    18737.0000    18703.2222   885081    0.18%  x(c18_2_c24_2) D  28529  28136     19
  28702  9636    18720.7300    81    18737.0000    18703.3824   887752    0.18%  x(c39_3_c37_3) N  28702  21525     33
  28806  9662        cutoff          18737.0000    18703.5000   891886    0.18%   x(c12_3_c3_3) U  28806  28804     30
  28949  9664        cutoff          18737.0000    18703.6364   894007    0.18%  x(c15_3_c14_3) U  28949   8359     12
  29100  9681        cutoff          18737.0000    18703.7857   896784    0.18%   x(c4_1_c15_1) U  29100  28778     35
  29253  9710        cutoff          18737.0000    18704.0000   899293    0.18%  x(c38_1_c40_1) U  29253  26734     36
  29413  9751    18712.0000    71    18737.0000    18704.1000   902140    0.18%   x(c22_1_c9_1) N  29413   5858     29
Elapsed time = 376.87 sec. (748958.77 ticks, tree = 312.84 MB, solutions = 6)
  29535  9770    18705.7273    97    18737.0000    18704.2727   905644    0.17%  x(c15_3_c14_3) D  29535   7311     18
  29682  9786    18705.9564   144    18737.0000    18704.4364   908734    0.17%  x(c23_1_c48_1) U  29682  29681     19
  29831  9817        cutoff          18737.0000    18704.5417   912891    0.17%   x(c3_1_c12_1) U  29831   3310     24
  30005  9841        cutoff          18737.0000    18704.7273   915126    0.17%  x(c36_1_c22_1) U  30005   5112     19
  30151  9856    18704.9487   133    18737.0000    18704.9500   917914    0.17%   x(c5_2_c23_2) N  30151  26857     20
  30314  9865        cutoff          18737.0000    18705.0370   921042    0.17%    x(c5_2_c3_2) U  30314  22975     21
  30490  9911    18707.9831   129    18737.0000    18705.2563   923739    0.17%  x(c23_2_c40_2) D  30490  27578     24
  30650  9911        cutoff          18737.0000    18705.5000   926134    0.17%  x(c19_3_c16_3) U  30650  28834     27
  30778  9928    18707.0769    86    18737.0000    18705.6500   929320    0.17%  x(c35_2_c53_2) N  30778  30777     58
  30933  9913        cutoff          18737.0000    18705.8182   931385    0.17%      x(Op_c2_2) N  30933  30931     20
Elapsed time = 396.03 sec. (787580.04 ticks, tree = 323.32 MB, solutions = 6)
  31089  9949        cutoff          18737.0000    18706.0000   933783    0.17%  x(c15_1_c39_1) U  31089   4770     26
  31284  9964        cutoff          18737.0000    18706.1429   936335    0.16%   x(c12_1_c4_1) U  31284   7537     25
  31425  9976        cutoff          18737.0000    18706.3333   939715    0.16%  x(c14_2_c18_2) U  31425  29454     38
  31573  9992    18706.7333   100    18737.0000    18706.4540   942700    0.16%  x(c23_2_c22_2) D  31573  31572     17
  31739 10020        cutoff          18737.0000    18706.6000   945295    0.16%   x(c5_2_c35_2) U  31739  31737     14
  31889 10032    18722.2333    99    18737.0000    18706.7500   948461    0.16%  x(c24_2_c22_2) N  31889  19154     20
  32046 10065    18719.6750   109    18737.0000    18706.9167   950869    0.16%      x(Op_c2_2) N  32046  29669     20
  32194 10049        cutoff          18737.0000    18707.0085   953507    0.16%  x(c23_1_c48_1) D  32194  19877     47
  32358 10081    18708.3333    98    18737.0000    18707.2000   955866    0.16%  x(c37_1_c22_1) D  32358  15433     29
  32523 10091        cutoff          18737.0000    18707.4000   958265    0.16%  x(c15_3_c14_3) U  32523   7376     15
Elapsed time = 414.42 sec. (825849.20 ticks, tree = 334.48 MB, solutions = 6)
  32696 10117    18731.5000    60    18737.0000    18707.5833   960486    0.16%  x(c40_2_c22_2) D  32696   8748     47
  32846 10136        cutoff          18737.0000    18707.7500   962525    0.16%  x(c19_3_c16_3) U  32846  10049     38
  33002 10135    18730.6667    89    18737.0000    18707.9426   964500    0.16%  x(c28_3_c30_3) N  33002  10620     34
  33156 10127        cutoff          18737.0000    18708.0000   966726    0.15%    x(c5_2_c2_2) D  33156  27674     37
  33298 10129        cutoff          18737.0000    18708.1467   968836    0.15%  x(c26_2_c14_2) U  33298  28525     28
  33453 10137        cutoff          18737.0000    18708.3056   970853    0.15%   x(c12_1_c4_1) U  33453  33451     23
  33615 10154        cutoff          18737.0000    18708.4545   973225    0.15%  x(c15_1_c12_1) U  33615  29005     54
  33760 10144        cutoff          18737.0000    18708.5556   976289    0.15%  x(c14_2_c18_2) U  33760  28821     42
  33931 10141    18710.3750   106    18737.0000    18708.7500   978453    0.15%  x(c41_1_c22_1) D  33931  26417     17
  34090 10159    18711.1667    85    18737.0000    18708.9167   981015    0.15%  x(c19_3_c16_3) N  34090   9100     34
Elapsed time = 432.44 sec. (864163.37 ticks, tree = 341.36 MB, solutions = 6)
  34234 10157    18709.4545    95    18737.0000    18709.0000   983518    0.15%  x(c15_3_c14_3) D  34234  33789     19
  34406 10174        cutoff          18737.0000    18709.2000   985818    0.15%   x(c39_1_c5_1) D  34406  29518     33
  34548 10168    18734.9781    91    18737.0000    18709.3571   988769    0.15%  x(c25_3_c19_3) N  34548   6453     47
* 34657  3990      integral     0    18717.0000    18709.5000   990750    0.04%
  34701  3975        cutoff          18717.0000    18709.5000   991133    0.04%   x(c12_1_c4_1) U  34701  33610     25
  34856  3935        cutoff          18717.0000    18709.6522   992766    0.04%  x(c39_3_c37_3) D  34856  34855     23
  35003  3879        cutoff          18717.0000    18709.8125   994383    0.04%      x(Op_c2_2) D  35003  33993     21
  35152  3824    18711.1353   117    18717.0000    18709.9792   995441    0.04%  x(c23_2_c40_2) N  35152  26662     24
  35280  3776    18711.0000    81    18717.0000    18710.0549   998032    0.04%  x(c24_2_c22_2) N  35280  15831     32
  35413  3718    18710.6686   110    18717.0000    18710.2451   999648    0.04%  x(c23_2_c22_2) N  35413  27521     29
  35562  3647        cutoff          18717.0000    18710.4000  1001248    0.04%  x(c29_1_c51_1) U  35562  12686     11
Elapsed time = 450.17 sec. (902469.68 ticks, tree = 130.17 MB, solutions = 7)
  35715  3583        cutoff          18717.0000    18710.5045  1002191    0.03%  x(c46_2_c42_2) D  35715  34364     35
  35855  3552        cutoff          18717.0000    18710.6909  1003112    0.03%  x(c19_3_c16_3) U  35855  34769     27
  35991  3510    18713.7295   124    18717.0000    18710.8393  1004791    0.03%  x(c15_3_c14_3) N  35991  35990     17
  36136  3444        cutoff          18717.0000    18711.0000  1006135    0.03%  x(c36_2_c38_2) U  36136  31111     32
  36282  3379        cutoff          18717.0000    18711.1250  1007940    0.03%  x(c23_1_c48_1) D  36282  24203     26
  36423  3313        cutoff          18717.0000    18711.2500  1009649    0.03%  x(c23_1_c48_1) U  36423  32126     22
  36569  3224        cutoff          18717.0000    18711.4205  1011083    0.03%   x(c7_1_c10_1) U  36569  12650     20
  36711  3163        cutoff          18717.0000    18711.5758  1012218    0.03%      x(Op_c2_2) U  36711  30108     33
  36858  3088        cutoff          18717.0000    18711.7308  1013292    0.03%  x(c39_2_c11_2) D  36858  36686     23
  36997  3022    18712.2235   104    18717.0000    18711.9167  1014186    0.03%  x(c19_3_c16_3) N  36997  33244     25
Elapsed time = 468.21 sec. (941000.40 ticks, tree = 109.62 MB, solutions = 7)
  37107  2951        cutoff          18717.0000    18712.0000  1017127    0.03%  x(c46_2_c42_2) U  37107  35631     43
  37257  2880        cutoff          18717.0000    18712.1719  1018192    0.03%    x(c3_2_c2_2) U  37257  12289     19
  37400  2787        cutoff          18717.0000    18712.3125  1019254    0.03%  x(c37_1_c22_1) U  37400  15363     29
  37545  2710        cutoff          18717.0000    18712.5000  1020138    0.02%  x(c23_2_c20_2) D  37545  35871     58
  37695  2615    18713.1000    82    18717.0000    18712.6250  1021143    0.02%  x(c14_3_c18_3) N  37695  36476     23
  37832  2521        cutoff          18717.0000    18712.7778  1021979    0.02%   x(c12_1_c4_1) U  37832  30088     16
  37973  2440    18715.0000    68    18717.0000    18712.9667  1022787    0.02%  x(c39_1_c11_1) N  37973  20604     14
  38128  2327        cutoff          18717.0000    18713.0357  1023496    0.02%  x(c14_3_c18_3) U  38128  32212     28
  38268  2246        cutoff          18717.0000    18713.2137  1024101    0.02%    x(c9_2_c3_2) U  38268  36207     35
  38412  2164    18714.8500   105    18717.0000    18713.3571  1025087    0.02%  x(c39_1_c46_1) N  38412  33925     28
Elapsed time = 486.05 sec. (979322.67 ticks, tree = 79.54 MB, solutions = 7)
  38564  2048        cutoff          18717.0000    18713.5000  1025898    0.02%    x(c3_2_c2_2) U  38564  34996     20
  38730  1920        cutoff          18717.0000    18713.7143  1026611    0.02%  x(c19_3_c16_3) U  38730  33969     35
  38889  1787    18714.6078    90    18717.0000    18713.8833  1027207    0.02%  x(c47_2_c42_2) N  38889  36442     36
  39045  1662    18714.8571    91    18717.0000    18714.0000  1028518    0.02%  x(c13_3_c39_3) N  39045  20344     28
  39206  1546        cutoff          18717.0000    18714.1667  1029422    0.02%  x(c46_2_c42_2) U  39206  36607     62
  39358  1423    18714.4970   133    18717.0000    18714.3158  1030114    0.01%  x(c19_3_c16_3) N  39358  22039     41
  39502  1308        cutoff          18717.0000    18714.4875  1030676    0.01%  x(c14_3_c18_3) U  39502  34536     16
  39669  1160        cutoff          18717.0000    18714.6000  1031277    0.01%  x(c24_2_c40_2) U  39669  35709     29
  39819  1031        cutoff          18717.0000    18714.7778  1031866    0.01%  x(c30_3_c26_3) D  39819  28222     34
  39973   884        cutoff          18717.0000    18715.0000  1032496    0.01%  x(c14_3_c18_3) U  39973  13508     21
Elapsed time = 503.98 sec. (1017595.01 ticks, tree = 33.40 MB, solutions = 7)
  40121   751        cutoff          18717.0000    18715.0599  1033371    0.01%  x(c37_1_c22_1) U  40121  17066     34

Cover cuts applied:  1
Zero-half cuts applied:  41
Gomory fractional cuts applied:  3
User cuts applied:  4543

Root node processing (before b&c):
  Real time             =    0.52 sec. (1061.03 ticks)
Sequential b&c:
  Real time             =  505.89 sec. (1022423.15 ticks)
                          ------------
Total (root+branch&cut) =  506.41 sec. (1023484.18 ticks)

