Version identifier: 22.1.0.0 | 2022-03-09 | 1a383f8ce
CPXPARAM_Preprocessing_Reduce                    0
CPXPARAM_Threads                                 1
CPXPARAM_Preprocessing_Reformulations            0
CPXPARAM_Emphasis_MIP                            2
CPXPARAM_TimeLimit                               7200
CPXPARAM_MIP_Tolerances_AbsMIPGap                0.98999999999999999
CPXPARAM_MIP_Limits_TreeMemory                   20000
Legacy callback                                  BbLUID
         Disabling repeat represolve because of lazy constraint/incumbent callback.
1 of 1 MIP starts provided solutions.
MIP start 'm1' defined initial solution with objective 5588.0000.
Tried aggregator 0 times.
Reduced MIP has 546 rows, 456 columns, and 2590 nonzeros.
Reduced MIP has 420 binaries, 0 generals, 0 SOSs, and 0 indicators.
Presolve time = 0.00 sec. (0.14 ticks)
Probing time = 0.00 sec. (0.62 ticks)
Clique table members: 216.
MIP emphasis: optimality.
MIP search method: traditional branch-and-cut.
Parallel mode: none, using 1 thread.
Root relaxation solution time = 0.00 sec. (1.01 ticks)

        Nodes                                         Cuts/
   Node  Left     Objective  IInf  Best Integer    Best Bound    ItCnt     Gap         Variable B NodeID Parent  Depth

*     0+    0                         5588.0000        0.0000           100.00%
      0     0     4474.2379    75     5588.0000     4474.2379      110   19.93%
      0     0     5164.0773    76     5588.0000      Cuts: 18      167    7.59%
      0     0     5312.0033    76     5588.0000       Cuts: 9      204    4.94%
      0     0     5328.0000    74     5588.0000       Cuts: 3      217    4.65%
      0     0     5471.0000    74     5588.0000       Cuts: 2      234    2.09%
      0     0     5499.0000    74     5588.0000       Cuts: 2      254    1.59%
      0     0     5499.0000    74     5588.0000     Covers: 1      255    1.59%
      0     0     5499.0000    60     5588.0000   ZeroHalf: 2      261    1.59%
      0     0     5499.0000    60     5588.0000     Covers: 1      264    1.59%
      0     2     5499.0000    60     5588.0000     5499.0000      264    1.59%                        0             0
Elapsed time = 0.06 sec. (108.93 ticks, tree = 0.01 MB, solutions = 1)
    126   100     5512.3352    30     5588.0000     5502.8002     1682    1.52%   x(c14_2_c6_2) U    126    117      6
    346   285     5510.8809    57     5588.0000     5510.2618     5733    1.39%   x(c14_2_c7_2) N    346    273     15
    720   624     5518.2143    53     5588.0000     5513.5766    11175    1.33%    x(c6_2_c4_2) D    720    719     23
   1133   983     5516.2500    77     5588.0000     5515.9930    17044    1.29%    x(c8_2_c4_2) D   1133   1132     30
   1480  1240     5519.0140    50     5588.0000     5518.4092    23220    1.25%    x(c6_2_c7_2) D   1480   1321     12
   1852  1516     5520.5420    46     5588.0000     5520.5816    29013    1.21%   x(c8_2_c11_2) D   1852   1715     12
   2248  1790     5523.5087    82     5588.0000     5522.9500    34924    1.16%    x(c4_2_c6_2) D   2248   2247     25
   2579  1986     5525.0324    58     5588.0000     5524.6638    41709    1.13%  x(c14_1_c13_1) D   2579   2578     13
   3010  2234     5527.8099    30     5588.0000     5527.2486    47108    1.09%   x(c17_3_c4_3) D   3010   3009     11
   4440  2708     5538.5578    30     5588.0000     5535.5578    70178    0.94%   x(c13_1_c4_1) D   4440   4439     16
Elapsed time = 1.89 sec. (3216.30 ticks, tree = 1.29 MB, solutions = 1)
   5776  3189     5560.2500    36     5588.0000     5545.0000    92661    0.77%    x(c6_2_c4_2) U   5776   3750     21
   7083  3544        cutoff           5588.0000     5549.9384   113830    0.68%    x(c7_2_c4_2) U   7083   7081     18
   8540  3852        cutoff           5588.0000     5553.9323   133622    0.61%   x(c8_2_c13_2) N   8540   7645     16
   9898  4047     5579.3480    34     5588.0000     5557.9125   151993    0.54%   x(c17_3_c8_3) U   9898   9540     19
  11206  3999     5562.5334    47     5588.0000     5562.1200   170413    0.46%    x(c6_3_c2_3) N  11206   1748     14
  12634  4059     5568.8462    41     5588.0000     5565.8467   187322    0.40%      x(Op_c7_2) D  12634   9328     22
  14110  3924        cutoff           5588.0000     5569.0157   202688    0.34%     x(c13_3_Om) U  14110   7232     15
  15569  3771        cutoff           5588.0000     5572.1694   216697    0.28%  x(c14_1_c17_1) U  15569  13416     27
  17014  3368     5576.9545    52     5588.0000     5575.1347   229063    0.23%   x(c17_3_c8_3) N  17014  17013     17
  18410  2685     5582.7576    56     5588.0000     5578.0000   239773    0.18%   x(c9_2_c11_2) N  18410   3598     20
Elapsed time = 6.96 sec. (12760.13 ticks, tree = 1.27 MB, solutions = 1)
  19818  1940        cutoff           5588.0000     5581.0000   250023    0.13%   x(c6_2_c11_2) U  19818  17853     20
  21301   899     5584.5145    35     5588.0000     5584.5022   258977    0.06%    x(c8_2_c2_2) N  21301  20085     24

Clique cuts applied:  7
Cover cuts applied:  139
Flow cuts applied:  1
Mixed integer rounding cuts applied:  10
Zero-half cuts applied:  2
User cuts applied:  182

Root node processing (before b&c):
  Real time             =    0.06 sec. (108.95 ticks)
Sequential b&c:
  Real time             =    8.04 sec. (15223.10 ticks)
                          ------------
Total (root+branch&cut) =    8.10 sec. (15332.05 ticks)

