Version identifier: 22.1.0.0 | 2022-03-09 | 1a383f8ce
CPXPARAM_Preprocessing_Reduce                    1
CPXPARAM_Preprocessing_Reformulations            0
CPXPARAM_Emphasis_MIP                            2
CPXPARAM_TimeLimit                               7200
CPXPARAM_MIP_Tolerances_AbsMIPGap                0.98999999999999999
CPXPARAM_MIP_Limits_TreeMemory                   20000
Legacy callback                                  BbD
1 of 1 MIP starts provided solutions.
MIP start 'm1' defined initial solution with objective 11791.0000.
Tried aggregator 1 time.
MIP Presolve modified 876 coefficients.
Reduced MIP has 1260 rows, 1010 columns, and 5062 nonzeros.
Reduced MIP has 942 binaries, 0 generals, 0 SOSs, and 0 indicators.
Presolve time = 0.00 sec. (3.06 ticks)
Probing time = 0.00 sec. (1.88 ticks)
Tried aggregator 1 time.
Reduced MIP has 1260 rows, 1010 columns, and 5062 nonzeros.
Reduced MIP has 942 binaries, 0 generals, 0 SOSs, and 0 indicators.
Presolve time = 0.00 sec. (1.92 ticks)
Probing time = 0.00 sec. (1.93 ticks)
Clique table members: 547.
MIP emphasis: optimality.
MIP search method: traditional branch-and-cut.
Parallel mode: none, using 1 thread.
Root relaxation solution time = 0.00 sec. (2.43 ticks)

        Nodes                                         Cuts/
   Node  Left     Objective  IInf  Best Integer    Best Bound    ItCnt     Gap         Variable B NodeID Parent  Depth

*     0+    0                        11791.0000        0.0000           100.00%
      0     0    10319.0382   143    11791.0000    10319.0382      164   12.48%
      0     0    11555.5080   140    11791.0000      Cuts: 42      255    2.00%
      0     0    11635.0000   142    11791.0000       Cuts: 8      295    1.32%

Repeating presolve.
Tried aggregator 1 time.
MIP Presolve eliminated 0 rows and 461 columns.
Reduced MIP has 1260 rows, 549 columns, and 3679 nonzeros.
Reduced MIP has 481 binaries, 0 generals, 0 SOSs, and 0 indicators.
Presolve time = 0.00 sec. (1.45 ticks)
Probing time = 0.00 sec. (0.69 ticks)
Tried aggregator 1 time.
Reduced MIP has 1260 rows, 549 columns, and 3679 nonzeros.
Reduced MIP has 481 binaries, 0 generals, 0 SOSs, and 0 indicators.
Presolve time = 0.00 sec. (1.30 ticks)
Represolve time = 0.00 sec. (4.24 ticks)
Probing time = 0.00 sec. (0.73 ticks)
Clique table members: 342.
MIP emphasis: optimality.
MIP search method: traditional branch-and-cut.
Parallel mode: none, using 1 thread.
Root relaxation solution time = 0.00 sec. (3.01 ticks)

        Nodes                                         Cuts/
   Node  Left     Objective  IInf  Best Integer    Best Bound    ItCnt     Gap         Variable B NodeID Parent  Depth

*     0+    0                        11791.0000    11635.0000             1.32%
      0     0    11635.0000   142    11791.0000    11635.0000      476    1.32%
      0     0    11635.0000   136    11791.0000     Covers: 1      494    1.32%
      0     0    11635.0197   144    11791.0000       Cuts: 3      505    1.32%
      0     0    11636.5000   138    11791.0000     Covers: 2      517    1.31%
      0     0    11636.5000   138    11791.0000       Cuts: 4      531    1.31%
      0     2    11636.5000   138    11791.0000    11638.0000      531    1.30%                        0             0
Elapsed time = 0.19 sec. (304.32 ticks, tree = 0.01 MB, solutions = 1)
     60    51    11655.6778   136    11791.0000    11654.2879     1352    1.16%  x(c18_4_c14_4) D     60     59      4
    219   125        cutoff          11791.0000    11693.9155     3685    0.82%  x(c18_4_c15_4) U    219    119     10
    415    60    11766.1152    92    11791.0000    11765.8859     5355    0.21%   x(c2_1_c18_1) D    415    406     17

Clique cuts applied:  22
Cover cuts applied:  12
Flow cuts applied:  3
Mixed integer rounding cuts applied:  4
Zero-half cuts applied:  6
Multi commodity flow cuts applied:  1
Gomory fractional cuts applied:  8

Root node processing (before b&c):
  Real time             =    0.19 sec. (304.33 ticks)
Sequential b&c:
  Real time             =    0.39 sec. (894.10 ticks)
                          ------------
Total (root+branch&cut) =    0.58 sec. (1198.44 ticks)

