Version identifier: 22.1.0.0 | 2022-03-09 | 1a383f8ce
CPXPARAM_Preprocessing_Reduce                    1
CPXPARAM_Preprocessing_Reformulations            0
CPXPARAM_Emphasis_MIP                            2
CPXPARAM_TimeLimit                               7200
CPXPARAM_MIP_Tolerances_AbsMIPGap                0.98999999999999999
CPXPARAM_MIP_Limits_TreeMemory                   20000
Legacy callback                                  BbD
1 of 1 MIP starts provided solutions.
MIP start 'm1' defined initial solution with objective 11587.0000.
Tried aggregator 1 time.
MIP Presolve modified 584 coefficients.
Reduced MIP has 874 rows, 694 columns, and 3426 nonzeros.
Reduced MIP has 638 binaries, 0 generals, 0 SOSs, and 0 indicators.
Presolve time = 0.00 sec. (2.23 ticks)
Probing time = 0.00 sec. (1.08 ticks)
Tried aggregator 1 time.
Reduced MIP has 874 rows, 694 columns, and 3426 nonzeros.
Reduced MIP has 638 binaries, 0 generals, 0 SOSs, and 0 indicators.
Presolve time = 0.00 sec. (1.39 ticks)
Probing time = 0.00 sec. (1.12 ticks)
Clique table members: 383.
MIP emphasis: optimality.
MIP search method: traditional branch-and-cut.
Parallel mode: none, using 1 thread.
Root relaxation solution time = 0.00 sec. (1.55 ticks)

        Nodes                                         Cuts/
   Node  Left     Objective  IInf  Best Integer    Best Bound    ItCnt     Gap         Variable B NodeID Parent  Depth

*     0+    0                        11587.0000        0.0000           100.00%
      0     0     9765.0606   120    11587.0000     9765.0606      155   15.72%
      0     0    11376.0000   112    11587.0000      Cuts: 28      205    1.82%
      0     0    11376.5007   116    11587.0000       Cuts: 3      217    1.82%

Repeating presolve.
Tried aggregator 2 times.
MIP Presolve eliminated 0 rows and 246 columns.
Aggregator did 2 substitutions.
Reduced MIP has 872 rows, 446 columns, and 2684 nonzeros.
Reduced MIP has 390 binaries, 0 generals, 0 SOSs, and 0 indicators.
Presolve time = 0.00 sec. (1.28 ticks)
Probing time = 0.00 sec. (0.56 ticks)
Tried aggregator 1 time.
Reduced MIP has 872 rows, 446 columns, and 2684 nonzeros.
Reduced MIP has 390 binaries, 0 generals, 0 SOSs, and 0 indicators.
Presolve time = 0.00 sec. (1.00 ticks)
Represolve time = 0.00 sec. (3.39 ticks)
Probing time = 0.00 sec. (0.60 ticks)
Clique table members: 337.
MIP emphasis: optimality.
MIP search method: traditional branch-and-cut.
Parallel mode: none, using 1 thread.
Root relaxation solution time = 0.00 sec. (1.83 ticks)

        Nodes                                         Cuts/
   Node  Left     Objective  IInf  Best Integer    Best Bound    ItCnt     Gap         Variable B NodeID Parent  Depth

*     0+    0                        11587.0000    11376.5007             1.82%
      0     0    11376.5007   120    11587.0000    11376.5007      345    1.82%
      0     0    11433.0000    84    11587.0000       Cuts: 3      357    1.33%
      0     0    11490.4191   123    11587.0000       Cuts: 5      405    0.83%
      0     0    11492.8199   121    11587.0000     Covers: 1      419    0.81%
      0     0    11506.2500   118    11587.0000       Cuts: 5      427    0.70%
      0     0    11506.2500   121    11587.0000   ZeroHalf: 4      430    0.70%
      0     0    11515.2128   119    11587.0000   ZeroHalf: 3      435    0.62%
      0     0    11523.3778   120    11587.0000       Cuts: 4      454    0.55%
      0     0    11525.5357   123    11587.0000       Cuts: 3      463    0.53%
      0     0    11530.0000   115    11587.0000   ZeroHalf: 6      469    0.49%
      0     0    11534.3750   123    11587.0000   ZeroHalf: 2      476    0.45%
      0     0    11562.0000   116    11587.0000   ZeroHalf: 3      493    0.22%
      0     0    11565.0000   118    11587.0000       Cuts: 7      511    0.19%
      0     0    11565.0000   117    11587.0000   ZeroHalf: 1      534    0.19%
      0     2    11565.0000   116    11587.0000    11565.0000      534    0.19%                        0             0
Elapsed time = 0.14 sec. (214.09 ticks, tree = 0.01 MB, solutions = 1)

Clique cuts applied:  18
Cover cuts applied:  2
Mixed integer rounding cuts applied:  2
Zero-half cuts applied:  7
Multi commodity flow cuts applied:  1
Gomory fractional cuts applied:  4

Root node processing (before b&c):
  Real time             =    0.14 sec. (214.08 ticks)
Sequential b&c:
  Real time             =    0.09 sec. (207.95 ticks)
                          ------------
Total (root+branch&cut) =    0.23 sec. (422.03 ticks)

