Version identifier: 22.1.0.0 | 2022-03-09 | 1a383f8ce
CPXPARAM_Preprocessing_Reduce                    1
CPXPARAM_Threads                                 1
CPXPARAM_Preprocessing_Reformulations            0
CPXPARAM_Emphasis_MIP                            2
CPXPARAM_TimeLimit                               7200
CPXPARAM_MIP_Tolerances_AbsMIPGap                0.90000000000000002
CPXPARAM_MIP_Limits_TreeMemory                   26600
Legacy callback                                  BbLUID
         Disabling repeat represolve because of lazy constraint/incumbent callback.
1 of 1 MIP starts provided solutions.
MIP start 'm1' defined initial solution with objective 1703.0000.
Tried aggregator 1 time.
Reduced MIP has 312 rows, 7958 columns, and 15916 nonzeros.
Reduced MIP has 7958 binaries, 0 generals, 0 SOSs, and 0 indicators.
Presolve time = 0.00 sec. (5.09 ticks)
Probing time = 0.00 sec. (4.14 ticks)
Clique table members: 312.
MIP emphasis: optimality.
MIP search method: traditional branch-and-cut.
Parallel mode: none, using 1 thread.
Root relaxation solution time = 0.00 sec. (3.50 ticks)

        Nodes                                         Cuts/
   Node  Left     Objective  IInf  Best Integer    Best Bound    ItCnt     Gap         Variable B NodeID Parent  Depth

*     0+    0                         1703.0000        0.0000           100.00%
      0     0     1565.5000   148     1703.0000     1300.0000      100   23.66%
      0     0     1626.0000   168     1703.0000      Cuts: 41      213    4.52%
      0     0     1657.0000   236     1703.0000      Cuts: 39      280    2.70%
      0     0     1666.0000   172     1703.0000      Cuts: 23      340    2.17%
      0     0     1676.5000   176     1703.0000      Cuts: 23      357    1.56%
      0     0     1683.0000    68     1703.0000      Cuts: 63      400    1.17%
      0     0     1683.0000   139     1703.0000       Cuts: 8      417    1.17%
      0     0     1683.0000    60     1703.0000       User: 1      433    1.17%
      0     0     1683.0000   126     1703.0000      Cuts: 10      452    1.17%
      0     0     1683.0000   168     1703.0000       User: 1      454    1.17%
      0     0     1683.0000    88     1703.0000       User: 1      454    1.17%
      0     2     1683.0000    88     1703.0000     1683.0000      454    1.17%                        0             0
Elapsed time = 0.27 sec. (532.92 ticks, tree = 0.01 MB, solutions = 1)
     19    21     1687.2941   220     1703.0000     1683.0000      614    1.17%  x(c39_1_c62_1) D     19     18     15
     50    52     1690.2500   196     1703.0000     1683.0000      963    1.17%  x(c64_1_c37_1) D     50     49     41
    103    95     1694.8636   280     1703.0000     1683.5000     1407    1.15%  x(c67_3_c62_3) N    103    102     27
    157   132     1685.0000   224     1703.0000     1685.0000     1923    1.06%  x(c61_3_c40_3) U    157    139      7
    212   186     1686.7826   278     1703.0000     1686.0000     2979    1.00%  x(c50_1_c64_1) N    212    152     13
    262   233     1692.5000   222     1703.0000     1686.0000     3361    1.00%  x(c43_1_c21_1) D    262    261     53
    311   261     1698.8182   215     1703.0000     1686.0000     3468    1.00%  x(c64_1_c10_1) D    311    310    102
    362   306     1690.1000   136     1703.0000     1686.8000     4256    0.95%  x(c66_1_c53_1) N    362    353     15
    425   368     1687.7692   213     1703.0000     1687.0000     5242    0.94%  x(c50_1_c64_1) N    425    205      9
    668   590     1701.0000   209     1703.0000     1687.5000     8604    0.91%  x(c50_1_c37_1) D    668    667     32
Elapsed time = 4.45 sec. (3694.00 ticks, tree = 4.96 MB, solutions = 1)
    892   790     1694.7692   217     1703.0000     1688.0000    12488    0.88%   x(c9_1_c21_1) U    892    513      8
   1080   933     1697.2500   194     1703.0000     1688.0000    14822    0.88%  x(c61_1_c34_1) N   1080    415     25
   1304  1133     1688.5000   157     1703.0000     1688.5000    19085    0.85%   x(c9_1_c34_1) D   1304   1303      7
   1563  1359     1690.6364   169     1703.0000     1688.6944    22667    0.84%  x(c19_1_c57_1) U   1563   1412     16
   1746  1514     1698.0000   147     1703.0000     1689.0000    26699    0.82%   x(c43_3_c9_3) U   1746    799     31
   1936  1660     1695.2500   235     1703.0000     1689.0000    30475    0.82%   x(c9_1_c34_1) U   1936   1133     11
   2123  1831     1689.3333   205     1703.0000     1689.3333    34445    0.80%  x(c40_1_c21_1) D   2123   1586     21
   2305  1985     1692.5000   224     1703.0000     1689.5000    38139    0.79%   x(c32_3_c2_3) U   2305    176      9
   2480  2121     1690.1250   204     1703.0000     1689.6250    41089    0.79%  x(c39_1_c62_1) D   2480   2479     16
   2655  2282     1697.2500   117     1703.0000     1690.0000    45280    0.76%   x(c34_1_c9_1) U   2655   2653     11
Elapsed time = 13.62 sec. (13255.02 ticks, tree = 22.48 MB, solutions = 1)
   2800  2401     1690.5000   207     1703.0000     1690.0000    48736    0.76%  x(c13_1_c23_1) D   2800    228     21
   2987  2560     1690.3770   289     1703.0000     1690.1000    52117    0.76%  x(c51_3_c60_3) D   2987   2529     31
   3147  2706        cutoff           1703.0000     1690.3125    56086    0.75%  x(c57_1_c19_1) U   3147   3145     29
   3293  2823     1695.0000   182     1703.0000     1690.5000    59700    0.73%   x(c50_3_c5_3) N   3293   3291     31
   3477  2971     1692.9000   302     1703.0000     1690.5000    63124    0.73%  x(c43_3_c17_3) U   3477   2601     37
   3643  3096     1695.6000   196     1703.0000     1690.6667    66689    0.72%  x(c34_1_c17_1) U   3643   3059     30
   3807  3229     1691.5588   276     1703.0000     1690.8197    70707    0.72%  x(c30_3_c68_3) D   3807   2196     19
   3957  3349     1701.2500   159     1703.0000     1691.0000    73860    0.70%  x(c31_2_c13_2) D   3957   3956     41
   4115  3474     1697.3750   190     1703.0000     1691.0000    77023    0.70%  x(c53_1_c66_1) U   4115   4113     16
   4274  3586     1701.1111   200     1703.0000     1691.0000    80401    0.70%  x(c62_1_c39_1) D   4274   4272     27
Elapsed time = 21.88 sec. (22867.99 ticks, tree = 38.51 MB, solutions = 1)
   4400  3677     1691.1667   287     1703.0000     1691.0802    83714    0.70%  x(c53_1_c66_1) D   4400   3818     17
   4561  3815     1695.5000   100     1703.0000     1691.2000    86893    0.69%  x(c50_2_c51_2) U   4561   4559     18
   4715  3939        cutoff           1703.0000     1691.3333    90114    0.69%  x(c57_1_c19_1) U   4715   4428     28
   4879  4060     1692.1667   201     1703.0000     1691.3889    93135    0.68%  x(c19_1_c57_1) D   4879   4878     33
   5006  4166     1692.5000    66     1703.0000     1691.5000    96164    0.68%  x(c10_2_c50_2) U   5006   3234     22
   5165  4299     1691.5000   103     1703.0000     1691.5000    99165    0.68%  x(c51_3_c60_3) D   5165   4497     21
   5318  4403     1697.5000   178     1703.0000     1691.5000   102294    0.68%  x(c62_1_c39_1) D   5318   5317     25
   5457  4501     1691.6250   200     1703.0000     1691.6250   105396    0.67%   x(c21_1_c9_1) D   5457   5135     22
   5608  4610     1691.8589   157     1703.0000     1691.7143   108497    0.66%  x(c60_3_c51_3) D   5608   4029     26
   5748  4713     1691.8000   220     1703.0000     1691.8000   111717    0.66%   x(c32_1_c6_1) D   5748   3159     31
Elapsed time = 28.85 sec. (32462.82 ticks, tree = 53.50 MB, solutions = 1)
   5919  4844     1692.3000   170     1703.0000     1691.8750   114579    0.65%  x(c17_1_c34_1) D   5919   4896     34
   6065  4969     1697.5000   230     1703.0000     1692.0000   117546    0.65%  x(c53_1_c66_1) U   6065   1740     22
   6218  5090        cutoff           1703.0000     1692.0000   120544    0.65%  x(c42_3_c43_3) N   6218   6217     38
   6382  5208     1694.3000   142     1703.0000     1692.0000   123153    0.65%  x(c19_1_c57_1) N   6382   5370     21
   6504  5290     1693.7833   259     1703.0000     1692.0000   126275    0.65%  x(c50_1_c58_1) U   6504   6502     20
   6641  5377     1695.8095   238     1703.0000     1692.0000   129425    0.65%  x(c53_1_c66_1) U   6641   6638     18
   6780  5483        cutoff           1703.0000     1692.0932   132198    0.64%   x(c43_1_c9_1) U   6780   5597     23
   6928  5595     1698.2857   208     1703.0000     1692.1667   135222    0.64%  x(c64_1_c58_1) D   6928   6927     26
   7073  5690        cutoff           1703.0000     1692.2500   138163    0.63%  x(c30_3_c68_3) D   7073   1757     32
   7222  5792     1692.5082   291     1703.0000     1692.2619   141028    0.63%  x(c17_3_c68_3) D   7222   1207     14
Elapsed time = 35.13 sec. (42064.42 ticks, tree = 68.41 MB, solutions = 1)
   7384  5917     1692.5000   199     1703.0000     1692.3333   143993    0.63%  x(c52_1_c53_1) D   7384   7383     37
   7553  6041     1693.6250   198     1703.0000     1692.3750   146691    0.62%  x(c62_1_c39_1) U   7553   3871     18
   7720  6175     1701.6000   188     1703.0000     1692.4354   149633    0.62%  x(c17_3_c68_3) N   7720   7719     23
   7843  6270     1700.5000   222     1703.0000     1692.5000   152010    0.62%  x(c24_2_c57_2) D   7843   7842     28
   7976  6362     1694.5000   130     1703.0000     1692.5000   154745    0.62%  x(c19_1_c57_1) U   7976   4899     22
   8116  6453     1696.0000   183     1703.0000     1692.5000   156878    0.62%   x(c61_1_c9_1) D   8116   8114     56
   8263  6548     1695.8500   243     1703.0000     1692.5000   159555    0.62%  x(c50_1_c37_1) U   8263   7116     23
   8393  6643     1693.1667   159     1703.0000     1692.5000   162309    0.62%   x(c40_1_c9_1) U   8393   8392     14
   8540  6748     1692.8750   213     1703.0000     1692.5303   165051    0.61%  x(c19_1_c57_1) D   8540   8539     22
   8664  6846     1698.1250   214     1703.0000     1692.6071   168052    0.61%  x(c62_1_c61_1) U   8664   8662     33
Elapsed time = 41.49 sec. (51641.71 ticks, tree = 83.60 MB, solutions = 1)
   8792  6939     1694.2083   142     1703.0000     1692.6667   170814    0.61%  x(c57_3_c66_3) U   8792   8644     39
   8929  7026     1696.8333   288     1703.0000     1692.6667   172995    0.61%  x(c50_3_c58_3) D   8929   1424     18
   9049  7096        cutoff           1703.0000     1692.7500   175671    0.60%  x(c51_3_c60_3) U   9049   3020     21
   9198  7202     1692.8750   263     1703.0000     1692.7500   178017    0.60%  x(c19_1_c57_1) D   9198   6635     21
   9312  7284     1694.0000   171     1703.0000     1692.8000   180372    0.60%  x(c53_1_c66_1) U   9312   2159     16
   9459  7380     1701.2778   254     1703.0000     1692.8333   183230    0.60%  x(c10_1_c50_1) U   9459   7686     25
   9591  7463     1700.7917   179     1703.0000     1692.8750   185759    0.59%  x(c21_1_c17_1) U   9591   9589     31
   9710  7544     1693.5516   271     1703.0000     1692.9333   188485    0.59%  x(c30_3_c68_3) D   9710   7087     28
   9844  7639     1702.0000   181     1703.0000     1693.0000   191087    0.59%  x(c17_1_c27_1) U   9844    191     11
   9961  7724     1701.0000   127     1703.0000     1693.0000   193549    0.59%  x(c68_3_c41_3) U   9961   7479     42
Elapsed time = 47.73 sec. (61242.91 ticks, tree = 97.01 MB, solutions = 1)
  10078  7805     1698.9444   213     1703.0000     1693.0000   195640    0.59%  x(c34_1_c17_1) U  10078   8787     29
  10231  7908     1700.5000   182     1703.0000     1693.0000   198136    0.59%  x(c67_1_c33_1) D  10231  10230     29
  10364  7999        cutoff           1703.0000     1693.0000   201053    0.59%  x(c57_3_c19_3) D  10364  10361     45
  10508  8077     1698.1000   150     1703.0000     1693.0000   203240    0.59%  x(c61_1_c21_1) D  10508  10506     72
  10627  8151        cutoff           1703.0000     1693.0000   205745    0.59%  x(c34_1_c61_1) U  10627  10625     28
  10761  8255     1698.8333   288     1703.0000     1693.0000   208162    0.59%   x(c2_3_c57_3) U  10761   9238     21
  10879  8330     1693.2368   275     1703.0000     1693.0612   210845    0.58%  x(c17_3_c68_3) D  10879  10878     37
  10992  8414     1693.1176   159     1703.0000     1693.1042   213405    0.58%  x(c51_3_c65_3) D  10992  10991     33
  11101  8485        cutoff           1703.0000     1693.1389   215958    0.58%   x(c9_3_c17_3) U  11101  11099     27
  11235  8585     1696.8017   329     1703.0000     1693.1667   218150    0.58%   x(c43_1_c9_1) U  11235   2854     27
Elapsed time = 53.62 sec. (70808.84 ticks, tree = 110.95 MB, solutions = 1)
  11354  8654     1695.4543   308     1703.0000     1693.2000   220791    0.58%   x(c14_3_c3_3) D  11354  11352     42
  11489  8745     1693.2143   161     1703.0000     1693.2143   222655    0.57%  x(c19_1_c57_1) D  11489   6064     23
  11610  8818        cutoff           1703.0000     1693.2500   225124    0.57%  x(c50_3_c58_3) U  11610  11606     33
  11744  8900     1698.0000   136     1703.0000     1693.2500   227565    0.57%   x(c2_3_c57_3) U  11744   7623     35
  11871  8992     1693.4735   300     1703.0000     1693.2857   230201    0.57%  x(c52_1_c56_1) D  11871  11870     39
  12000  9085     1694.4000   140     1703.0000     1693.3333   232610    0.57%  x(c10_1_c37_1) D  12000  11998     44
  12140  9173     1693.6935   239     1703.0000     1693.3333   234864    0.57%  x(c10_1_c50_1) D  12140  12139     25
  12262  9262        cutoff           1703.0000     1693.3734   237383    0.57%  x(c50_3_c58_3) U  12262  12260     35
  12380  9339     1696.6667   253     1703.0000     1693.4000   239944    0.56%  x(c53_1_c66_1) U  12380   6174     17
  12500  9421     1693.4924   306     1703.0000     1693.4375   242574    0.56%  x(c50_1_c10_1) D  12500  12499     35
Elapsed time = 59.40 sec. (80420.90 ticks, tree = 124.26 MB, solutions = 1)
  12615  9492     1693.4877   264     1703.0000     1693.4884   245209    0.56%  x(c57_1_c19_1) D  12615   8917     23
  12750  9592     1697.7500    90     1703.0000     1693.5000   247359    0.56%  x(c50_2_c51_2) U  12750   9884     19
  12871  9666     1696.0000   100     1703.0000     1693.5000   249605    0.56%  x(c52_2_c50_2) U  12871   8470     34
  12991  9750     1693.8194   105     1703.0000     1693.5000   251717    0.56%   x(c5_2_c52_2) D  12991  12990     30
  13124  9844     1697.5000   203     1703.0000     1693.5000   253686    0.56%  x(c64_1_c58_1) U  13124   8159     39
  13241  9919     1694.5000   206     1703.0000     1693.5000   255960    0.56%  x(c62_1_c39_1) D  13241   1814      6
  13386 10028     1694.5556   262     1703.0000     1693.5000   258174    0.56%  x(c50_1_c37_1) U  13386   9471     33
  13520 10107     1694.1987   254     1703.0000     1693.5000   260641    0.56%   x(c50_3_c5_3) D  13520   8658     41
  13634 10185     1700.3750   248     1703.0000     1693.5200   263065    0.56%  x(c53_1_c66_1) U  13634   8902     33
  14098 10448     1693.7500   296     1703.0000     1693.6389   272425    0.55%  x(c57_1_c19_1) D  14098   8595     25
Elapsed time = 66.69 sec. (92876.71 ticks, tree = 141.14 MB, solutions = 1)
  14625 10763     1693.8056   224     1703.0000     1693.7222   281556    0.54%  x(c17_1_c12_1) D  14625  14624     43
  15089 11039     1695.3000   247     1703.0000     1693.8000   290966    0.54%  x(c19_1_c57_1) D  15089  15088     21
  15609 11337     1693.9091    65     1703.0000     1693.8889   299534    0.54%  x(c52_1_c33_1) D  15609  11304     33
  16094 11610     1695.0000    98     1703.0000     1694.0000   308998    0.53%  x(c50_2_c10_2) D  16094   3924     16
  16590 11953     1695.8000   186     1703.0000     1694.0000   317574    0.53%  x(c19_3_c57_3) U  16590  13054     18
  17064 12219     1697.3500   217     1703.0000     1694.0000   326857    0.53%  x(c66_1_c53_1) U  17064  17062     14
  17511 12469        cutoff           1703.0000     1694.0672   336419    0.52%  x(c53_1_c66_1) U  17511  12321     27
* 17605  8063      integral     0     1699.0000     1694.1000   338675    0.29%
  18000  8150     1694.6633   224     1699.0000     1694.1667   344161    0.28%  x(c52_1_c50_1) D  18000  17411     40
  18512  8256     1694.2500   211     1699.0000     1694.2500   351285    0.28%  x(c51_3_c60_3) D  18512  12748     19
  19047  8401     1695.0000   224     1699.0000     1694.3333   358230    0.27%   x(c61_3_c9_3) D  19047   1905      9
Elapsed time = 88.35 sec. (131109.07 ticks, tree = 120.03 MB, solutions = 2)
  19593  8535        cutoff           1699.0000     1694.4444   365882    0.27%  x(c50_1_c10_1) U  19593   9692     53
  20120  8685     1694.5000   120     1699.0000     1694.5000   373427    0.26%   x(c6_3_c18_3) D  20120    518     10
  20654  8808        cutoff           1699.0000     1694.5000   381826    0.26%  x(c57_1_c19_1) N  20654  18093     24
  21172  8888        cutoff           1699.0000     1694.5833   389538    0.26%  x(c50_1_c65_1) U  21172  17553     25
  21719  9012     1694.6667   185     1699.0000     1694.6667   396561    0.26%  x(c50_1_c10_1) D  21719  12603     25
  22263  9148     1697.1000   146     1699.0000     1694.7500   403840    0.25%   x(c40_1_c9_1) U  22263  22261     52
  22798  9231     1694.8636   305     1699.0000     1694.8137   410968    0.25%  x(c57_1_c19_1) D  22798  13738     27
  23323  9270     1698.0000   138     1699.0000     1694.9063   417849    0.24%  x(c53_1_c66_1) U  23323  23035     25
  23860  9364     1697.3700   137     1699.0000     1695.0000   425134    0.24%  x(c53_2_c50_2) U  23860  23858     58
* 23959  7102      integral     0     1698.0000     1695.0000   427107    0.18%
  24346  7092        cutoff           1698.0000     1695.0000   432554    0.18%  x(c19_3_c57_3) U  24346  11231     16
Elapsed time = 109.04 sec. (169309.99 ticks, tree = 106.12 MB, solutions = 3)
  24876  7085        cutoff           1698.0000     1695.0000   438463    0.18%  x(c52_3_c60_3) U  24876  24874     16
  25410  7058     1696.7500   157     1698.0000     1695.0714   445441    0.17%  x(c57_3_c19_3) U  25410  25409     36
  25971  7091     1695.6667   180     1698.0000     1695.1667   451151    0.17%  x(c51_3_c60_3) D  25971   7269     19
  26509  7101     1696.7500   164     1698.0000     1695.2500   456625    0.16%  x(c52_1_c33_1) N  26509  20331     41
  27040  7055        cutoff           1698.0000     1695.3158   461924    0.16%  x(c50_3_c52_3) U  27040  27038     37
  27579  7004     1695.9583   282     1698.0000     1695.3889   467036    0.15%   x(c43_1_c9_1) D  27579  10256     34
  28107  6964        cutoff           1698.0000     1695.5000   472423    0.15%  x(c44_2_c43_2) D  28107  16205     22
  28619  6861        cutoff           1698.0000     1695.5000   477463    0.15%  x(c34_1_c17_1) U  28619  25969     22
  29138  6728     1697.0000   210     1698.0000     1695.5000   482656    0.15%  x(c30_3_c68_3) D  29138  24563     15
  29669  6655     1695.6667   196     1698.0000     1695.5897   487637    0.14%  x(c50_1_c10_1) D  29669  29668     26
Elapsed time = 127.69 sec. (207493.93 ticks, tree = 102.93 MB, solutions = 3)
  30189  6601        cutoff           1698.0000     1695.6667   492338    0.14%  x(c10_1_c50_1) U  30189  27156     20
  30742  6571     1696.0000    90     1698.0000     1695.7500   496701    0.13%  x(c53_1_c66_1) D  30742  28469     28
  31297  6470        cutoff           1698.0000     1695.7917   501229    0.13%  x(c52_1_c50_1) D  31297  31296     30
  31819  6359     1696.0000   164     1698.0000     1695.8750   505837    0.13%  x(c50_3_c58_3) U  31819  19018      9
  32363  6276        cutoff           1698.0000     1695.9667   509899    0.12%  x(c50_2_c51_2) U  32363  31875     31
  32907  6115        cutoff           1698.0000     1696.0000   514363    0.12%  x(c50_1_c10_1) U  32907  24102     19
  33438  5910        cutoff           1698.0000     1696.0000   518736    0.12%  x(c51_3_c56_3) U  33438  18942     33
  33955  5710        cutoff           1698.0000     1696.0000   522959    0.12%  x(c30_3_c68_3) U  33955  20241     28
  34481  5510        cutoff           1698.0000     1696.0625   527302    0.11%  x(c52_1_c50_1) U  34481  29655     57
  34992  5317        cutoff           1698.0000     1696.1604   531347    0.11%  x(c57_3_c19_3) D  34992  29800     40
Elapsed time = 144.85 sec. (245678.78 ticks, tree = 84.20 MB, solutions = 3)
  35558  5119     1696.2500   200     1698.0000     1696.2381   535030    0.10%   x(c50_3_c5_3) D  35558  34213     25
  36116  4856        cutoff           1698.0000     1696.2780   538647    0.10%  x(c50_3_c58_3) U  36116  28032     27
  36668  4588        cutoff           1698.0000     1696.3709   542012    0.10%  x(c37_1_c50_1) U  36668  34060     45
  37216  4324        cutoff           1698.0000     1696.4667   545534    0.09%  x(c43_3_c17_3) U  37216  37215     49
  37759  3987        cutoff           1698.0000     1696.5000   548665    0.09%  x(c53_2_c58_2) U  37759   7019     31
  38273  3631        cutoff           1698.0000     1696.5000   551775    0.09%  x(c53_1_c66_1) D  38273  36180     37
  38818  3312        cutoff           1698.0000     1696.5556   554940    0.09%  x(c34_1_c17_1) N  38818  34716     34
  39358  2990        cutoff           1698.0000     1696.6667   557683    0.08%  x(c44_2_c43_2) U  39358  32548     24
  39896  2641     1696.7500    69     1698.0000     1696.7500   560171    0.07%  x(c30_2_c27_2) D  39896  37362     37
  40450  2232        cutoff           1698.0000     1696.8000   562398    0.07%  x(c41_3_c17_3) U  40450   9918     58
Elapsed time = 160.56 sec. (283868.00 ticks, tree = 36.24 MB, solutions = 3)
  40991  1818     1696.8806   153     1698.0000     1696.8806   564430    0.07%  x(c51_3_c56_3) D  40991  19827     43
  41496  1390        cutoff           1698.0000     1697.0000   566118    0.06%  x(c43_2_c44_2) D  41496  35002     25
  42010   972        cutoff           1698.0000     1697.0000   568454    0.06%    x(c4_1_c7_1) U  42010  41991     30
  42511   520     1697.0000   188     1698.0000     1697.0000   570172    0.06%  x(c21_1_c17_1) D  42511  10681     28
  43019    80        cutoff           1698.0000     1697.0000   572289    0.06%  x(c57_1_c19_1) U  43019  11760     30

Cover cuts applied:  1
Mixed integer rounding cuts applied:  2
Zero-half cuts applied:  38
User cuts applied:  1468

Root node processing (before b&c):
  Real time             =    0.27 sec. (533.09 ticks)
Sequential b&c:
  Real time             =  167.39 sec. (304144.36 ticks)
                          ------------
Total (root+branch&cut) =  167.66 sec. (304677.45 ticks)

