Version identifier: 22.1.0.0 | 2022-03-09 | 1a383f8ce
CPXPARAM_Preprocessing_Reduce                    0
CPXPARAM_Threads                                 1
CPXPARAM_Preprocessing_Reformulations            0
CPXPARAM_Emphasis_MIP                            2
CPXPARAM_TimeLimit                               7200
CPXPARAM_MIP_Tolerances_AbsMIPGap                0.98999999999999999
CPXPARAM_MIP_Limits_TreeMemory                   20000
Legacy callback                                  BbLUID
         Disabling repeat represolve because of lazy constraint/incumbent callback.
1 of 1 MIP starts provided solutions.
MIP start 'm1' defined initial solution with objective 4270.0000.
Tried aggregator 0 times.
Reduced MIP has 186 rows, 2796 columns, and 11004 nonzeros.
Reduced MIP has 2796 binaries, 0 generals, 0 SOSs, and 0 indicators.
Presolve time = 0.00 sec. (0.57 ticks)
Probing time = 0.00 sec. (2.73 ticks)
Clique table members: 93.
MIP emphasis: optimality.
MIP search method: traditional branch-and-cut.
Parallel mode: none, using 1 thread.
Root relaxation solution time = 0.00 sec. (1.92 ticks)

        Nodes                                         Cuts/
   Node  Left     Objective  IInf  Best Integer    Best Bound    ItCnt     Gap         Variable B NodeID Parent  Depth

*     0+    0                         4270.0000        0.0000           100.00%
      0     0     4108.5000    24     4270.0000     3875.0000      150    9.25%
      0     0     4130.0000    50     4270.0000      Cuts: 10      174    3.28%
      0     0     4147.0000    16     4270.0000       Cuts: 9      183    2.88%
      0     0     4150.0000    62     4270.0000       Cuts: 7      192    2.81%
      0     0     4153.8333    78     4270.0000      Cuts: 15      208    2.72%
      0     0     4159.1714   136     4270.0000      Cuts: 10      226    2.60%
      0     0     4165.5714    99     4270.0000      Cuts: 17      233    2.45%
      0     0     4166.7143    58     4270.0000      Cuts: 12      242    2.42%
      0     0     4167.7500    93     4270.0000       Cuts: 7      249    2.39%
      0     0     4172.0000    81     4270.0000       Cuts: 8      259    2.30%
      0     0     4175.4000    61     4270.0000      Cuts: 11      268    2.22%
      0     0     4177.3333    89     4270.0000      Cuts: 18      286    2.17%
      0     0     4177.8939   117     4270.0000      Cuts: 12      292    2.16%
      0     0     4178.4603   170     4270.0000  ZeroHalf: 10      306    2.14%
      0     0     4181.2143    98     4270.0000  ZeroHalf: 16      327    2.08%
      0     0     4181.5000    95     4270.0000      Cuts: 13      336    2.07%
      0     0     4182.5000    52     4270.0000   ZeroHalf: 2      341    2.05%
      0     0     4182.7500   128     4270.0000       Cuts: 7      353    2.04%
      0     0     4182.7500   127     4270.0000       User: 1      354    2.04%
      0     2     4182.7500   127     4270.0000     4183.2500      354    2.03%                        0             0
Elapsed time = 0.30 sec. (624.22 ticks, tree = 0.01 MB, solutions = 1)
     19    15     4191.2946   137     4270.0000     4187.0909      660    1.94%    x(c5_3_c3_3) D     19     17      4
     67    48     4219.0892   127     4270.0000     4197.5000     1429    1.70%  x(c10_2_c11_2) N     67     56      6
    127   103     4216.6892   116     4270.0000     4207.1892     2655    1.47%   x(c27_1_c2_1) U    127     72      7
    196   154     4214.3559   137     4270.0000     4212.4392     3870    1.35%   x(c9_1_c14_1) D    196    195     16
    252   200     4229.3437    94     4270.0000     4214.2606     4845    1.31%  x(c30_1_c31_1) U    252    229      9
    313   250     4229.5000    46     4270.0000     4216.4184     6181    1.25%    x(c2_3_c3_3) U    313    240     13
    376   308     4249.5500   121     4270.0000     4219.1892     7773    1.19%  x(c11_1_c10_1) U    376    129      7
    444   363     4224.9868   126     4270.0000     4221.2000     9109    1.14%  x(c26_1_c25_1) U    444    301     16
    511   422     4223.4722   106     4270.0000     4223.4267    10508    1.09%   x(c33_3_c5_3) D    511    393     12
    780   614     4232.6892   126     4270.0000     4228.1892    15671    0.98%      x(Op_c2_1) U    780    198     18
Elapsed time = 3.23 sec. (3745.26 ticks, tree = 3.68 MB, solutions = 1)
   1026   804     4238.6286   168     4270.0000     4231.1892    21039    0.91%  x(c22_1_c30_1) D   1026    308     10
   1280   980     4239.1667    71     4270.0000     4233.6667    26332    0.85%    x(c7_2_c5_2) D   1280    936     16
   1533  1175     4258.9615   162     4270.0000     4235.5225    31862    0.81%  x(c11_1_c10_1) D   1533    793     22
   1804  1359        cutoff           4270.0000     4237.2378    36947    0.77%  x(c11_1_c10_1) U   1804   1398     14
   2049  1525     4244.6566   155     4270.0000     4238.5227    41592    0.74%  x(c11_1_c13_1) D   2049    358     16
   2318  1710     4239.7500    59     4270.0000     4239.7500    46344    0.71%   x(c4_1_c13_1) N   2318   1318     16
   2557  1868     4248.9000    54     4270.0000     4240.7500    51350    0.69%  x(c17_3_c27_3) U   2557   1710     19
   2808  2031     4266.6892   125     4270.0000     4241.8036    56123    0.66%  x(c28_1_c24_1) N   2808    619     16
   3046  2178     4248.4583    96     4270.0000     4242.7500    60729    0.64%   x(c7_3_c35_3) N   3046   2405     20
   3306  2326     4249.7557   161     4270.0000     4243.9444    65681    0.61%  x(c11_1_c10_1) U   3306   1940      8
Elapsed time = 10.71 sec. (13324.05 ticks, tree = 20.30 MB, solutions = 1)
   3560  2465     4258.7500    58     4270.0000     4244.7500    70168    0.59%   x(c33_3_c5_3) U   3560   2122     19
*  3624  1548      integral     0     4256.0000     4245.0000    71175    0.26%
   3844  1573        cutoff           4256.0000     4245.6000    73902    0.24%  x(c24_1_c28_1) D   3844   2243     22
   4127  1634     4249.4167   117     4256.0000     4246.3571    77265    0.23%   x(c2_3_c36_3) N   4127   1913     20
   4395  1641        cutoff           4256.0000     4247.0000    80343    0.21%    x(c5_2_c8_2) U   4395   2944     22
*  4672   733      integral     0     4251.0000     4247.6667    83224    0.08%
   4684   727     4247.7500    85     4251.0000     4247.6667    83265    0.08%     x(c31_1_Om) N   4684   2070     27
   5026   511        cutoff           4251.0000     4248.5000    84991    0.06%    x(c7_2_c5_2) D   5026   2970     17
   5366   259        cutoff           4251.0000     4249.3125    86422    0.04%    x(c2_3_c5_3) U   5366   2738     28

Cover cuts applied:  2
Zero-half cuts applied:  56
Gomory fractional cuts applied:  2
User cuts applied:  928

Root node processing (before b&c):
  Real time             =    0.30 sec. (624.73 ticks)
Sequential b&c:
  Real time             =   14.86 sec. (20265.08 ticks)
                          ------------
Total (root+branch&cut) =   15.17 sec. (20889.81 ticks)

