Version identifier: 22.1.0.0 | 2022-03-09 | 1a383f8ce
CPXPARAM_Preprocessing_Reduce                    0
CPXPARAM_Threads                                 1
CPXPARAM_Preprocessing_Reformulations            0
CPXPARAM_Emphasis_MIP                            2
CPXPARAM_TimeLimit                               7200
CPXPARAM_MIP_Tolerances_AbsMIPGap                0.98999999999999999
CPXPARAM_MIP_Limits_TreeMemory                   20000
Legacy callback                                  BbLUID
         Disabling repeat represolve because of lazy constraint/incumbent callback.
1 of 1 MIP starts provided solutions.
MIP start 'm1' defined initial solution with objective 16048.0000.
Tried aggregator 0 times.
Reduced MIP has 116 rows, 616 columns, and 2358 nonzeros.
Reduced MIP has 616 binaries, 0 generals, 0 SOSs, and 0 indicators.
Presolve time = 0.00 sec. (0.13 ticks)
Probing time = 0.00 sec. (0.72 ticks)
Clique table members: 58.
MIP emphasis: optimality.
MIP search method: traditional branch-and-cut.
Parallel mode: none, using 1 thread.
Root relaxation solution time = 0.00 sec. (0.46 ticks)

        Nodes                                         Cuts/
   Node  Left     Objective  IInf  Best Integer    Best Bound    ItCnt     Gap         Variable B NodeID Parent  Depth

*     0+    0                        16048.0000        0.0000           100.00%
      0     0    15974.0000    70    16048.0000    13694.0000       64   14.67%
      0     0    15974.0000    24    16048.0000       User: 1       64    0.46%
      0     0    15974.0000    46    16048.0000       User: 4       68    0.46%
      0     0    15974.0000    22    16048.0000       User: 1       68    0.46%
      0     0    15974.0000    46    16048.0000       User: 2       69    0.46%
      0     0    15974.0000    46    16048.0000       User: 3       76    0.46%
      0     0    15974.0000    92    16048.0000       User: 3       79    0.46%
      0     2    15974.0000    48    16048.0000    15974.0000       79    0.46%                        0             0
Elapsed time = 0.09 sec. (32.61 ticks, tree = 0.01 MB, solutions = 1)

User cuts applied:  67

Root node processing (before b&c):
  Real time             =    0.09 sec. (32.56 ticks)
Sequential b&c:
  Real time             =    0.04 sec. (12.18 ticks)
                          ------------
Total (root+branch&cut) =    0.14 sec. (44.75 ticks)

