Version identifier: 22.1.0.0 | 2022-03-09 | 1a383f8ce
CPXPARAM_Preprocessing_Reduce                    0
CPXPARAM_Threads                                 1
CPXPARAM_Preprocessing_Reformulations            0
CPXPARAM_Emphasis_MIP                            2
CPXPARAM_TimeLimit                               7200
CPXPARAM_MIP_Tolerances_AbsMIPGap                0.98999999999999999
CPXPARAM_MIP_Limits_TreeMemory                   20000
Legacy callback                                  BbLUID
         Disabling repeat represolve because of lazy constraint/incumbent callback.
1 of 1 MIP starts provided solutions.
MIP start 'm1' defined initial solution with objective 9513.0000.
Tried aggregator 0 times.
Reduced MIP has 70 rows, 374 columns, and 1432 nonzeros.
Reduced MIP has 374 binaries, 0 generals, 0 SOSs, and 0 indicators.
Presolve time = 0.00 sec. (0.08 ticks)
Probing time = 0.00 sec. (0.44 ticks)
Clique table members: 35.
MIP emphasis: optimality.
MIP search method: traditional branch-and-cut.
Parallel mode: none, using 1 thread.
Root relaxation solution time = 0.00 sec. (0.28 ticks)

        Nodes                                         Cuts/
   Node  Left     Objective  IInf  Best Integer    Best Bound    ItCnt     Gap         Variable B NodeID Parent  Depth

*     0+    0                         9513.0000        0.0000           100.00%
      0     0     9490.0000    24     9513.0000     8138.0000       36   14.45%
      0     0     9490.0000    24     9513.0000       User: 2       40    0.24%
      0     0     9490.0000    70     9513.0000       Cuts: 6       46    0.24%
      0     0     9490.0000    48     9513.0000   ZeroHalf: 2       47    0.24%
      0     2     9490.0000    48     9513.0000     9490.0000       47    0.24%                        0             0
Elapsed time = 0.04 sec. (23.90 ticks, tree = 0.01 MB, solutions = 1)

Zero-half cuts applied:  2
Gomory fractional cuts applied:  1
User cuts applied:  32

Root node processing (before b&c):
  Real time             =    0.04 sec. (23.90 ticks)
Sequential b&c:
  Real time             =    0.02 sec. (3.73 ticks)
                          ------------
Total (root+branch&cut) =    0.06 sec. (27.63 ticks)

