Version identifier: 22.1.0.0 | 2022-03-09 | 1a383f8ce
CPXPARAM_Preprocessing_Reduce                    0
CPXPARAM_Threads                                 1
CPXPARAM_Preprocessing_Reformulations            0
CPXPARAM_Emphasis_MIP                            2
CPXPARAM_TimeLimit                               7200
CPXPARAM_MIP_Tolerances_AbsMIPGap                0.98999999999999999
CPXPARAM_MIP_Limits_TreeMemory                   20000
Legacy callback                                  BbLUID
         Disabling repeat represolve because of lazy constraint/incumbent callback.
1 of 1 MIP starts provided solutions.
MIP start 'm1' defined initial solution with objective 7328.0000.
Tried aggregator 0 times.
Reduced MIP has 44 rows, 140 columns, and 522 nonzeros.
Reduced MIP has 140 binaries, 0 generals, 0 SOSs, and 0 indicators.
Presolve time = 0.00 sec. (0.03 ticks)
Probing time = 0.00 sec. (0.11 ticks)
Clique table members: 22.
MIP emphasis: optimality.
MIP search method: traditional branch-and-cut.
Parallel mode: none, using 1 thread.
Root relaxation solution time = 0.00 sec. (0.14 ticks)

        Nodes                                         Cuts/
   Node  Left     Objective  IInf  Best Integer    Best Bound    ItCnt     Gap         Variable B NodeID Parent  Depth

*     0+    0                         7328.0000        0.0000           100.00%
      0     0     7308.0000    16     7328.0000     5806.0000       32   20.77%
      0     0     7308.0000    14     7328.0000       User: 1       32    0.27%
      0     2     7308.0000    30     7328.0000     7308.0000       32    0.27%                        0             0
Elapsed time = 0.02 sec. (7.32 ticks, tree = 0.01 MB, solutions = 1)

User cuts applied:  18

Root node processing (before b&c):
  Real time             =    0.02 sec. (7.32 ticks)
Sequential b&c:
  Real time             =    0.01 sec. (1.56 ticks)
                          ------------
Total (root+branch&cut) =    0.03 sec. (8.87 ticks)

