Version identifier: 22.1.0.0 | 2022-03-09 | 1a383f8ce
CPXPARAM_Preprocessing_Reduce                    1
CPXPARAM_Threads                                 1
CPXPARAM_Preprocessing_Reformulations            0
CPXPARAM_Emphasis_MIP                            2
CPXPARAM_TimeLimit                               7200
CPXPARAM_MIP_Tolerances_AbsMIPGap                0.90000000000000002
CPXPARAM_MIP_Limits_TreeMemory                   26600
Legacy callback                                  BbLUID
         Disabling repeat represolve because of lazy constraint/incumbent callback.
1 of 1 MIP starts provided solutions.
MIP start 'm1' defined initial solution with objective 1096.0000.
Tried aggregator 1 time.
Reduced MIP has 252 rows, 5166 columns, and 10332 nonzeros.
Reduced MIP has 5166 binaries, 0 generals, 0 SOSs, and 0 indicators.
Presolve time = 0.00 sec. (3.32 ticks)
Probing time = 0.00 sec. (3.42 ticks)
Clique table members: 252.
MIP emphasis: optimality.
MIP search method: traditional branch-and-cut.
Parallel mode: none, using 1 thread.
Root relaxation solution time = 0.00 sec. (3.06 ticks)

        Nodes                                         Cuts/
   Node  Left     Objective  IInf  Best Integer    Best Bound    ItCnt     Gap         Variable B NodeID Parent  Depth

*     0+    0                         1096.0000        0.0000           100.00%
      0     0     1040.0000    85     1096.0000      940.0000      282   14.23%
      0     0     1051.5000   120     1096.0000      Cuts: 15      319    4.06%
      0     0     1056.0000   112     1096.0000      Cuts: 37      348    3.65%
      0     0     1059.0000    92     1096.0000      Cuts: 18      363    3.38%
      0     0     1063.5000    80     1096.0000      Cuts: 20      374    2.97%
      0     0     1065.0000   102     1096.0000       Cuts: 8      383    2.83%
      0     0     1065.0000   174     1096.0000   ZeroHalf: 7      398    2.83%
      0     0     1065.6667   202     1096.0000       Cuts: 6      424    2.77%
      0     0     1066.6667   165     1096.0000  ZeroHalf: 15      440    2.68%
      0     0     1067.0000   160     1096.0000      Cuts: 11      450    2.65%
      0     0     1067.5000   146     1096.0000      Cuts: 19      466    2.60%
      0     0     1068.0000   110     1096.0000       Cuts: 6      478    2.55%
      0     0     1068.0000   170     1096.0000   ZeroHalf: 3      485    2.55%
      0     0     1068.0000    83     1096.0000       User: 4      490    2.55%
      0     0     1068.0000    78     1096.0000       User: 1      492    2.55%
      0     0     1068.0000    54     1096.0000       User: 1      497    2.55%
      0     0     1068.0000    93     1096.0000       User: 1      505    2.55%
      0     0     1068.0000    48     1096.0000       User: 4      505    2.55%
      0     0     1068.0000    98     1096.0000       User: 1      545    2.55%
      0     2     1068.0000    98     1096.0000     1068.0000      545    2.55%                        0             0
Elapsed time = 0.53 sec. (778.12 ticks, tree = 0.01 MB, solutions = 1)
     22    24     1071.5000   168     1096.0000     1068.0000      737    2.55%  x(c26_3_c76_3) U     22     20     19
     46    48     1080.4857   147     1096.0000     1068.0000     1015    2.55%     x(Op_c63_1) U     46     44     39
     78    80     1078.6429   203     1096.0000     1068.0000     1236    2.55%  x(c44_1_c76_1) D     78     77     70
    120   111     1092.3333   142     1096.0000     1068.0000     1516    2.55%  x(c61_3_c30_3) N    120    119    108
    175   151     1087.8333   134     1096.0000     1068.0000     1829    2.55%  x(c63_3_c68_3) D    175    174     49
    220   180     1071.0000   166     1096.0000     1071.0000     2433    2.28%   x(c3_1_c17_1) U    220     19     19
    276   236     1072.0000   159     1096.0000     1072.0000     3365    2.19%  x(c73_1_c28_1) N    276    262     22
    339   299     1078.0000   180     1096.0000     1072.2500     4440    2.17%  x(c44_1_c17_1) N    339    309     27
    405   363     1075.5000   178     1096.0000     1072.5143     5524    2.14%  x(c51_1_c68_1) U    405    126      6
    640   582     1081.5556   174     1096.0000     1073.0000     8684    2.10%  x(c69_3_c30_3) D    640    639    105
Elapsed time = 3.99 sec. (3934.07 ticks, tree = 3.90 MB, solutions = 1)
    849   776     1077.6667   160     1096.0000     1073.7917    12748    2.03%  x(c63_3_c51_3) N    849    334     13
   1020   922     1082.8333   184     1096.0000     1074.0000    15550    2.01%  x(c19_1_c46_1) N   1020    329     15
   1224  1100     1079.3750   178     1096.0000     1074.1818    18756    1.99%   x(c14_3_c7_3) N   1224    336     11
   1422  1281     1074.3690   190     1096.0000     1074.3750    21465    1.97%  x(c54_1_c57_1) D   1422   1193     16
   1631  1470     1074.5000   175     1096.0000     1074.5000    24515    1.96%  x(c61_3_c69_3) U   1631   1011     15
   1850  1683     1075.3500   201     1096.0000     1074.9140    28647    1.92%   x(c3_3_c51_3) U   1850   1849     20
   2090  1902     1092.5938   185     1096.0000     1075.0000    31980    1.92%   x(c63_3_c3_3) D   2090   2089     85
   2301  2082     1082.8333   145     1096.0000     1075.0000    34552    1.92%   x(c75_1_c4_1) D   2301   2300     58
   2514  2257     1081.6500   160     1096.0000     1075.1500    36976    1.90%  x(c52_1_c57_1) U   2514   1847     16
   2683  2417     1083.1630   192     1096.0000     1075.2500    39847    1.89%  x(c47_3_c60_3) N   2683   2682     96
Elapsed time = 11.84 sec. (13506.63 ticks, tree = 20.47 MB, solutions = 1)
   2834  2543     1076.5000   205     1096.0000     1075.3333    41992    1.89%  x(c75_1_c17_1) D   2834    430     47
   3053  2751     1077.0000   161     1096.0000     1075.5000    45319    1.87%  x(c19_1_c13_1) D   3053    292      4
   3269  2925     1086.0882   146     1096.0000     1075.5000    46433    1.87%  x(c17_1_c48_1) D   3269   3268    198
   3470  3094     1079.9675   222     1096.0000     1075.5000    49538    1.87%  x(c51_1_c76_1) U   3470    847     25
   3625  3243     1086.9167   154     1096.0000     1075.6667    52935    1.86%  x(c51_1_c32_1) D   3625   3624     63
   3800  3398     1094.8750   149     1096.0000     1075.7500    55933    1.85%   x(c29_3_c4_3) D   3800   3799     37
   3959  3555     1076.0000    22     1096.0000     1076.0000    59459    1.82%  x(c66_2_c11_2) D   3959   3958     31
   4068  3647        cutoff           1096.0000     1076.0000    60435    1.82%  x(c34_2_c51_2) N   4068   4066    114
   4200  3748     1081.5833   104     1096.0000     1076.0000    61820    1.82%  x(c48_3_c28_3) D   4200   4199     33
   4386  3888     1093.2000   145     1096.0000     1076.0000    64319    1.82%   x(c76_1_c4_1) D   4386   4384     82
Elapsed time = 18.63 sec. (23092.69 ticks, tree = 36.65 MB, solutions = 1)
   4547  4035     1089.6765   113     1096.0000     1076.0000    67138    1.82%  x(c13_1_c52_1) U   4547   4545     76
   4721  4181     1081.7917   195     1096.0000     1076.0000    69411    1.82%  x(c44_1_c51_1) U   4721   4718     22
   4869  4321     1079.2500   153     1096.0000     1076.1250    72351    1.81%  x(c63_3_c51_3) U   4869    418     29
   5023  4466     1077.1667   196     1096.0000     1076.1875    74911    1.81%   x(c46_3_c7_3) U   5023   5021     47
   5220  4651     1087.2500   161     1096.0000     1076.2500    77207    1.80%  x(c73_1_c75_1) D   5220   5219    151
   5388  4772     1077.0000   161     1096.0000     1076.2500    78940    1.80%  x(c29_3_c30_3) U   5388   5031     18
   5533  4906     1077.6250   150     1096.0000     1076.3438    81917    1.79%  x(c33_1_c51_1) D   5533   5532     32
   5679  5052     1080.5000   115     1096.0000     1076.5000    84828    1.78%   x(c2_3_c68_3) U   5679   5677     26
   5820  5175     1078.3611   214     1096.0000     1076.5000    86835    1.78%   x(c4_3_c30_3) U   5820   3466     39
   5973  5310     1077.0312   221     1096.0000     1076.5000    89451    1.78%  x(c58_3_c38_3) D   5973    687     30
Elapsed time = 25.49 sec. (32676.53 ticks, tree = 55.05 MB, solutions = 1)
   6115  5435     1079.3750   198     1096.0000     1076.5000    91941    1.78%  x(c47_3_c69_3) U   6115   3513     28
   6252  5572     1079.9048   171     1096.0000     1076.6176    94637    1.77%  x(c47_3_c69_3) U   6252   6250     32
   6400  5712     1083.0564   148     1096.0000     1076.6667    97204    1.76%  x(c30_1_c68_1) U   6400   6397     46
   6542  5844     1084.5000   197     1096.0000     1076.7308    99609    1.76%  x(c57_1_c54_1) U   6542   6540     21
   6701  5989     1076.7778   184     1096.0000     1076.7500   102185    1.76%   x(c46_3_c7_3) D   6701   6700     31
   6832  6104     1078.5000   219     1096.0000     1076.8000   104785    1.75%  x(c66_2_c11_2) D   6832   6831     30
   6973  6237     1077.2070   228     1096.0000     1076.8387   107576    1.75%   x(c53_3_c7_3) D   6973   6972     29
   7107  6364     1080.5500   231     1096.0000     1076.9000   110223    1.74%   x(c4_3_c27_3) U   7107   3836     11
   7225  6482     1078.2500   165     1096.0000     1077.0000   112929    1.73%  x(c30_1_c68_1) D   7225   6562     37
   7358  6589     1082.7500   126     1096.0000     1077.0000   115337    1.73%   x(c29_3_c5_3) U   7358   5698     23
Elapsed time = 31.83 sec. (42247.67 ticks, tree = 72.75 MB, solutions = 1)
   7490  6706     1091.4000    88     1096.0000     1077.0000   117584    1.73%  x(c34_1_c52_1) D   7490   7489     44
   7600  6800     1081.2500   151     1096.0000     1077.0000   119820    1.73%  x(c52_1_c15_1) D   7600   7599     26
   7723  6909     1082.2500   161     1096.0000     1077.0000   122070    1.73%  x(c51_3_c63_3) U   7723   7721     32
   7820  6985     1081.6500   217     1096.0000     1077.0000   124123    1.73%   x(c3_1_c50_1) U   7820   6955     47
   7941  7094     1077.1061   193     1096.0000     1077.0328   126691    1.73%   x(c2_3_c68_3) D   7941   7939     33
   8059  7212     1077.5000   158     1096.0000     1077.1111   129058    1.72%  x(c51_1_c68_1) D   8059   6641     30
   8189  7342     1080.0000   121     1096.0000     1077.1667   131700    1.72%   x(c63_3_c6_3) N   8189   8187     27
   8318  7466     1077.2000   160     1096.0000     1077.2000   134026    1.72%   x(c2_3_c68_3) D   8318   6888     22
   8432  7574     1080.2763   190     1096.0000     1077.2308   136222    1.71%  x(c29_3_c30_3) U   8432   7706     51
   8559  7685     1078.0000   212     1096.0000     1077.2500   138450    1.71%  x(c63_3_c51_3) D   8559   4777     23
Elapsed time = 37.91 sec. (51846.16 ticks, tree = 89.05 MB, solutions = 1)
   8678  7787     1079.5000   188     1096.0000     1077.2500   140605    1.71%  x(c66_2_c11_2) U   8678   8676     29
   8799  7889     1077.2857   161     1096.0000     1077.2667   142807    1.71%  x(c51_1_c63_1) D   8799   7357     43
   8901  7991     1081.5000   151     1096.0000     1077.3333   145385    1.70%  x(c51_1_c63_1) N   8901   3968     28
   9042  8124     1078.3000   163     1096.0000     1077.3333   147499    1.70%  x(c30_1_c68_1) D   9042   9041     38
   9148  8219     1077.5417   234     1096.0000     1077.3647   149861    1.70%   x(c2_3_c68_3) D   9148   9147     22
   9260  8331     1077.5300   208     1096.0000     1077.4062   151940    1.70%   x(c73_3_c6_3) D   9260   9259     47
   9355  8426     1080.7500   110     1096.0000     1077.4667   154573    1.69%  x(c51_1_c76_1) U   9355   8087     19
   9476  8538     1079.0000    84     1096.0000     1077.5000   156696    1.69%  x(c51_3_c63_3) U   9476   7015     22
   9594  8640     1077.8125   173     1096.0000     1077.5000   158728    1.69%   x(c63_3_c6_3) D   9594   9593     21
   9705  8739     1090.5536   137     1096.0000     1077.5000   160748    1.69%   x(c4_1_c30_1) N   9705   9703     32
Elapsed time = 43.73 sec. (61440.03 ticks, tree = 105.97 MB, solutions = 1)
   9820  8829     1079.7927   242     1096.0000     1077.5000   162752    1.69%   x(c51_1_c3_1) D   9820   9819     26
   9933  8925     1086.6250   143     1096.0000     1077.5000   164934    1.69%   x(c30_3_c4_3) D   9933   9932     45
  10053  9024     1088.4659   143     1096.0000     1077.5000   166998    1.69%   x(c6_3_c63_3) D  10053  10052     47
  10169  9125     1092.2500   234     1096.0000     1077.5000   169148    1.69%  x(c13_1_c19_1) U  10169   4732      9
  10280  9232     1078.0500   180     1096.0000     1077.5641   171237    1.68%   x(c51_1_c3_1) U  10280   4400     20
  10378  9330     1079.5575   210     1096.0000     1077.6000   173705    1.68%  x(c46_3_c35_3) D  10378  10377     33
  10489  9425     1077.6875   200     1096.0000     1077.6250   175570    1.68%  x(c54_1_c52_1) D  10489  10488     18
  10595  9531     1077.8056   176     1096.0000     1077.6667   177923    1.67%  x(c46_1_c13_1) D  10595   4729     21
  10714  9636     1079.1000   170     1096.0000     1077.6667   179953    1.67%   x(c4_3_c68_3) U  10714    566     39
  10852  9761     1091.5000   101     1096.0000     1077.6667   181669    1.67%  x(c28_3_c43_3) D  10852  10850    136
Elapsed time = 49.04 sec. (71034.92 ticks, tree = 122.58 MB, solutions = 1)
  10963  9856     1086.1591   131     1096.0000     1077.7000   183921    1.67%   x(c46_3_c7_3) U  10963   8394     62
  11060  9953     1080.1250    83     1096.0000     1077.7500   186334    1.67%   x(c4_3_c27_3) U  11060   9007     20
  11172 10055     1082.0000   110     1096.0000     1077.7500   188318    1.67%  x(c63_3_c51_3) U  11172   2466     13
  11282 10156        cutoff           1096.0000     1077.7500   190398    1.67%     x(Op_c28_1) U  11282  11280    121
  11394 10251     1084.1163   189     1096.0000     1077.7692   192596    1.66%  x(c75_1_c51_1) N  11394  11392     34
  11500 10357     1085.6000    97     1096.0000     1077.8000   194555    1.66%  x(c68_1_c30_1) D  11500  11498     40
  11598 10450     1080.7917   167     1096.0000     1077.8333   196935    1.66%   x(c63_3_c6_3) U  11598   8725     51
  11703 10531     1080.7500   189     1096.0000     1077.8333   198286    1.66%  x(c33_1_c51_1) U  11703   4398     20
  11804 10623     1083.7500    99     1096.0000     1077.8750   200398    1.65%  x(c46_3_c27_3) U  11804  11591     23
  11916 10724     1084.4167   198     1096.0000     1077.8929   202404    1.65%  x(c47_3_c69_3) U  11916   6893     28
Elapsed time = 54.94 sec. (80649.35 ticks, tree = 138.62 MB, solutions = 1)
  12000 10808     1081.2174   193     1096.0000     1077.9286   204445    1.65%  x(c33_1_c51_1) U  12000   7969     38
  12086 10894     1078.3333    64     1096.0000     1078.0000   206629    1.64%  x(c52_1_c34_1) N  12086   9375     48
  12173 10969     1078.1667   124     1096.0000     1078.0000   208484    1.64%   x(c4_3_c27_3) D  12173  10551     19
  12281 11066     1091.0000    65     1096.0000     1078.0000   210356    1.64%  x(c51_1_c33_1) D  12281  12279     79
  12382 11147     1093.8750    88     1096.0000     1078.0000   212170    1.64%  x(c21_1_c61_1) U  12382  12380     53
  12475 11225     1080.0833   158     1096.0000     1078.0000   214171    1.64%  x(c46_3_c27_3) U  12475  12473     39
  12583 11318     1079.7500   152     1096.0000     1078.0000   216038    1.64%  x(c30_1_c68_1) D  12583  12582     17
  12695 11419     1078.0000   163     1096.0000     1078.0000   218212    1.64%   x(c2_3_c68_3) D  12695   7419     47
  12800 11520     1086.6000   113     1096.0000     1078.0000   219933    1.64%  x(c40_2_c51_2) D  12800  12799     40
  13214 11863     1083.2000   183     1096.0000     1078.0000   227598    1.64%  x(c51_1_c75_1) U  13214   8109     38
Elapsed time = 62.01 sec. (93104.78 ticks, tree = 158.56 MB, solutions = 1)
  13580 12195     1086.1071    65     1096.0000     1078.0714   235815    1.64%  x(c57_1_c46_1) U  13580  12098     79
  13937 12529     1078.7093   113     1096.0000     1078.1667   244080    1.63%  x(c66_2_c11_2) U  13937  13935     28
  14304 12847     1081.1786   119     1096.0000     1078.2361   251478    1.62%  x(c30_1_c68_1) U  14304  13046     35
  14674 13167     1089.2857   258     1096.0000     1078.2500   259087    1.62%  x(c66_1_c10_1) N  14674    920     18
  15044 13514        cutoff           1096.0000     1078.3333   266365    1.61%  x(c73_1_c68_1) U  15044  15042     37
  15410 13842     1086.3750    59     1096.0000     1078.4000   274354    1.61%  x(c11_2_c10_2) D  15410  15408     47
  15764 14166     1079.1000   126     1096.0000     1078.5000   282191    1.60%  x(c29_3_c48_3) U  15764   5592     38
  16147 14482     1078.5000   113     1096.0000     1078.5000   288521    1.60%  x(c52_1_c57_1) D  16147   9372     11
  16522 14799     1084.8333   176     1096.0000     1078.5000   295549    1.60%   x(c73_3_c6_3) U  16522   5468     23
  16869 15101     1082.5000   143     1096.0000     1078.5000   303022    1.60%   x(c63_3_c3_3) U  16869  10160     18
Elapsed time = 82.67 sec. (131346.52 ticks, tree = 218.29 MB, solutions = 1)
  17195 15422     1081.1481   118     1096.0000     1078.6000   310694    1.59%  x(c68_1_c30_1) U  17195  17193     16
  17540 15739     1081.5750   189     1096.0000     1078.6607   318097    1.58%  x(c52_1_c15_1) U  17540  17538     28
  17893 16046     1079.7034   157     1096.0000     1078.6875   325668    1.58%  x(c34_1_c52_1) U  17893  17052     58
  18237 16369     1080.5769   178     1096.0000     1078.7500   332961    1.57%  x(c11_2_c10_2) D  18237   7209     66
  18594 16679     1081.0000   166     1096.0000     1078.7500   340110    1.57%   x(c3_1_c51_1) D  18594   5107     55
  18949 17008     1084.9333   129     1096.0000     1078.8158   346651    1.57%  x(c46_3_c27_3) U  18949  18801     51
  19296 17328     1086.1275   156     1096.0000     1078.8667   353534    1.56%  x(c47_3_c69_3) U  19296  13714     32
  19618 17631     1086.5000   171     1096.0000     1078.9200   361032    1.56%   x(c4_1_c30_1) U  19618  15526     32
  19958 17957     1079.3333    61     1096.0000     1079.0000   368539    1.55%  x(c11_2_c10_2) D  19958   7231     34
  20305 18262     1079.0000   114     1096.0000     1079.0000   374201    1.55%  x(c76_3_c68_3) D  20305   9815     23
Elapsed time = 102.85 sec. (169562.96 ticks, tree = 281.26 MB, solutions = 1)
  20624 18527     1079.7695   135     1096.0000     1079.0000   380630    1.55%  x(c66_2_c11_2) U  20624  18832     45
  20969 18824     1083.0000   146     1096.0000     1079.0000   387293    1.55%  x(c57_1_c54_1) U  20969  16226     11
  21290 19087     1080.0000    98     1096.0000     1079.0000   393541    1.55%   x(c2_3_c68_3) U  21290    515     22
  21633 19379     1089.3333    73     1096.0000     1079.0000   399966    1.55%  x(c57_1_c46_1) D  21633  21631     70
  21937 19644     1084.7833   218     1096.0000     1079.0513   406839    1.55%  x(c47_3_c69_3) U  21937  13453     31
  22220 19916     1092.2083   105     1096.0000     1079.1000   413762    1.54%  x(c76_3_c27_3) U  22220  22218     43
  22511 20177     1086.9167   203     1096.0000     1079.1409   420282    1.54%  x(c63_3_c51_3) U  22511  15167     19
  22809 20448     1087.3333   155     1096.0000     1079.1667   426411    1.54%  x(c46_1_c19_1) U  22809   7928     27
  23117 20728     1082.0000   126     1096.0000     1079.2000   432914    1.53%   x(c63_3_c6_3) U  23117   6881     26
  23392 20992     1088.6500   119     1096.0000     1079.2500   439597    1.53%  x(c76_3_c51_3) U  23392  23390     45
Elapsed time = 122.62 sec. (207786.59 ticks, tree = 340.72 MB, solutions = 1)
  23707 21248     1082.6667   152     1096.0000     1079.2500   445801    1.53%   x(c73_3_c6_3) U  23707  21293     33
  24000 21508     1080.6167   189     1096.0000     1079.2843   452287    1.53%  x(c66_2_c11_2) U  24000   6548     49
  24263 21756     1080.0000   121     1096.0000     1079.3333   459414    1.52%    x(c2_3_c6_3) D  24263  21027     44
  24581 22038     1079.6667   189     1096.0000     1079.3333   464887    1.52%  x(c57_1_c54_1) D  24581  18028     18
  24847 22275     1080.0000   151     1096.0000     1079.3636   470962    1.52%   x(c4_3_c30_3) U  24847  24845     76
  25144 22535     1083.8846   183     1096.0000     1079.4000   477008    1.51%  x(c33_1_c17_1) U  25144  16524     24
  25420 22795     1079.7799   151     1096.0000     1079.4400   483325    1.51%  x(c30_1_c68_1) D  25420  25419     56
  25679 23038     1081.9286   141     1096.0000     1079.5000   490442    1.51%  x(c10_2_c11_2) D  25679  19289     30
  25984 23303     1083.9286   124     1096.0000     1079.5000   496344    1.51%    x(c3_3_c6_3) N  25984   5039     31
  26312 23576     1079.8333   130     1096.0000     1079.5000   502016    1.51%  x(c47_3_c30_3) D  26312  21968     56
Elapsed time = 142.50 sec. (246138.08 ticks, tree = 400.00 MB, solutions = 1)
  26592 23809     1079.5455   165     1096.0000     1079.5000   507562    1.51%  x(c63_3_c51_3) D  26592   4953     31
  26859 24042     1088.0000     8     1096.0000     1079.5000   513098    1.51%   x(c40_2_c3_2) D  26859  26857     65
  27135 24266     1084.2500   166     1096.0000     1079.5000   518771    1.51%  x(c51_1_c33_1) U  27135  27069     46
  27399 24498     1084.0000   154     1096.0000     1079.5385   525110    1.50%   x(c30_1_c4_1) U  27399  18004     31
  27663 24754     1084.5000    62     1096.0000     1079.5795   531148    1.50%  x(c51_3_c63_3) N  27663  27661     33
  27949 25004     1079.7917   189     1096.0000     1079.6000   537076    1.50%   x(c63_3_c3_3) D  27949   6717     29
  28208 25249     1083.2917   127     1096.0000     1079.6250   543196    1.49%  x(c66_2_c11_2) D  28208  28206     41
  28498 25514     1079.8750   215     1096.0000     1079.6611   549451    1.49%  x(c51_1_c33_1) D  28498  28497     17
  28787 25767     1080.6667   167     1096.0000     1079.6667   555557    1.49%  x(c68_2_c75_2) D  28787  24481     48
  29076 26014     1086.5000   190     1096.0000     1079.6667   561345    1.49%  x(c63_3_c51_3) U  29076  24587     40
Elapsed time = 161.90 sec. (284364.77 ticks, tree = 458.06 MB, solutions = 1)
  29314 26242     1081.6250   120     1096.0000     1079.7143   568134    1.49%  x(c46_3_c27_3) U  29314  25321     40
  29608 26505     1081.7050   257     1096.0000     1079.7400   574098    1.48%  x(c66_2_c11_2) D  29608  24987     23
  29923 26789     1092.6000   114     1096.0000     1079.7500   579494    1.48%   x(c30_3_c4_3) U  29923  29921     21
  30198 27031     1082.2500   204     1096.0000     1079.7500   585029    1.48%  x(c68_1_c51_1) U  30198   8156     35
  30475 27275     1079.8100   135     1096.0000     1079.7692   591024    1.48%  x(c30_3_c68_3) D  30475  30474     64
  30748 27538     1079.8000   155     1096.0000     1079.8000   596963    1.48%   x(c4_1_c30_1) D  30748  18114     30
  30991 27761     1081.5000   116     1096.0000     1079.8333   603362    1.48%   x(c4_3_c27_3) U  30991  22343     32
  31282 28005     1091.0937   173     1096.0000     1079.8333   608970    1.48%   x(c4_1_c30_1) D  31282  31280     45
  31534 28234     1087.9000   234     1096.0000     1079.8636   615342    1.47%  x(c51_1_c33_1) U  31534  21660     32
  31800 28468     1086.8857   206     1096.0000     1079.8815   620995    1.47%  x(c54_1_c34_1) U  31800  31798     36
Elapsed time = 181.43 sec. (322606.96 ticks, tree = 516.84 MB, solutions = 1)
  32059 28704     1080.1250   110     1096.0000     1079.9062   627251    1.47%  x(c33_1_c51_1) D  32059  32058     54
  32313 28945     1080.5000   203     1096.0000     1079.9286   633149    1.47%   x(c63_3_c3_3) D  32313  32311     20
  32573 29185     1084.5500    98     1096.0000     1079.9625   638522    1.46%   x(c2_3_c63_3) U  32573  32571     79
  32832 29423     1081.0000   133     1096.0000     1080.0000   644129    1.46%   x(c51_1_c3_1) D  32832  19414     34
  33134 29681     1080.2000   121     1096.0000     1080.0000   648962    1.46%   x(c4_3_c68_3) D  33134   3047     22
  33387 29889     1082.5000   137     1096.0000     1080.0000   653817    1.46%   x(c4_3_c27_3) D  33387  25895     28
  33652 30110     1088.5417   176     1096.0000     1080.0000   658585    1.46%  x(c30_1_c68_1) U  33652  33650     32
  33916 30332     1081.6986   174     1096.0000     1080.0000   664373    1.46%  x(c66_2_c11_2) D  33916  33915     37
  34180 30565     1094.7197   171     1096.0000     1080.0000   669579    1.46%  x(c46_3_c35_3) D  34180  34179     60
  34436 30769        cutoff           1096.0000     1080.0000   674495    1.46%   x(c6_3_c63_3) U  34436  34434     37
Elapsed time = 200.39 sec. (360845.98 ticks, tree = 574.18 MB, solutions = 1)
  34678 30961     1082.6667   154     1096.0000     1080.0000   679233    1.46%  x(c47_3_c69_3) U  34678   9561     40
  34935 31164     1082.6000   155     1096.0000     1080.0000   684254    1.46%   x(c2_3_c68_3) U  34935  15326     29
  35182 31371     1085.2500   184     1096.0000     1080.0000   689283    1.46%   x(c3_1_c51_1) U  35182  14680     27
  35430 31584     1092.1667   174     1096.0000     1080.0000   694562    1.46%  x(c51_1_c33_1) D  35430  35429     29
  35662 31799     1084.5556   183     1096.0000     1080.0417   700049    1.46%   x(c4_3_c68_3) U  35662   9897     77
  35913 32041     1092.5000   168     1096.0000     1080.0625   705792    1.45%  x(c69_3_c47_3) U  35913  35910     45
  36153 32239     1095.0000   180     1096.0000     1080.0833   711282    1.45%  x(c48_3_c30_3) U  36153  36151     32
  36402 32459     1081.8750   144     1096.0000     1080.1111   716848    1.45%   x(c2_3_c68_3) U  36402  27657     32
  36661 32690        cutoff           1096.0000     1080.1250   722303    1.45%  x(c51_2_c40_2) U  36661  36659     36
  36905 32896     1086.0000   165     1096.0000     1080.1429   727772    1.45%  x(c63_1_c51_1) U  36905  36903     36
Elapsed time = 219.50 sec. (399069.26 ticks, tree = 630.91 MB, solutions = 1)
  37141 33113     1082.2500   111     1096.0000     1080.1667   733276    1.44%   x(c51_1_c3_1) D  37141  13738     19
  37385 33327     1082.5000   204     1096.0000     1080.1667   738450    1.44%   x(c29_3_c4_3) D  37385  37384     36
  37634 33564     1082.0385   138     1096.0000     1080.1944   744371    1.44%  x(c11_2_c10_2) U  37634  12035     58
  37879 33764     1080.2500   162     1096.0000     1080.2083   749362    1.44%  x(c46_3_c26_3) D  37879  30778     30
  38111 33990     1083.8333   209     1096.0000     1080.2312   754955    1.44%  x(c33_1_c51_1) U  38111  30792     28
  38364 34214     1090.5882   102     1096.0000     1080.2500   760025    1.44%   x(c4_3_c68_3) D  38364  38363     46
  38601 34413     1081.2500   166     1096.0000     1080.2500   765330    1.44%   x(c4_3_c27_3) D  38601  18207     20
  38852 34634     1080.2639   225     1096.0000     1080.2500   770602    1.44%  x(c51_1_c68_1) D  38852  27795     28
  39087 34844     1080.3462   181     1096.0000     1080.2778   775920    1.43%  x(c22_1_c73_1) D  39087  35585     42
  39310 35052     1085.5429   175     1096.0000     1080.3000   781611    1.43%   x(c63_3_c3_3) U  39310  20547     23
Elapsed time = 238.96 sec. (437298.57 ticks, tree = 687.45 MB, solutions = 1)
  39552 35279     1080.3276   189     1096.0000     1080.3276   787140    1.43%  x(c63_1_c51_1) D  39552  36114     38
  39795 35477     1086.6250   158     1096.0000     1080.3333   792188    1.43%   x(c3_3_c55_3) U  39795   9461     27
  40061 35693        cutoff           1096.0000     1080.3333   797080    1.43%  x(c63_3_c18_3) N  40061  23917     43
  40290 35887     1088.5000   134     1096.0000     1080.3333   802315    1.43%  x(c63_3_c51_3) N  40290  36334     36
  40546 36114     1085.3125   210     1096.0000     1080.3580   807482    1.43%   x(c3_3_c55_3) U  40546  16356     38
  40785 36327     1093.6250    78     1096.0000     1080.3750   812507    1.43%  x(c27_3_c30_3) D  40785  40784     43
  41013 36537     1085.5000   172     1096.0000     1080.3929   817811    1.42%   x(c3_3_c18_3) D  41013  20909     24
  41230 36744     1082.1000   127     1096.0000     1080.4167   823121    1.42%  x(c30_1_c68_1) U  41230  31566     34
  41486 36953     1082.3333   115     1096.0000     1080.4286   828580    1.42%  x(c68_1_c30_1) U  41486  31454     33
  41696 37143     1086.5000   156     1096.0000     1080.4444   833979    1.42%  x(c48_3_c30_3) D  41696  41694     44
Elapsed time = 258.81 sec. (475594.21 ticks, tree = 743.43 MB, solutions = 1)
  41925 37352     1080.4667   133     1096.0000     1080.4667   839246    1.42%  x(c30_3_c68_3) D  41925  34967     67
  42138 37557     1081.5238   133     1096.0000     1080.5000   844483    1.41%  x(c51_1_c73_1) D  42138  42136     34
  42386 37770     1089.6667    95     1096.0000     1080.5000   848867    1.41%  x(c51_1_c44_1) U  42386  27459     30
  42623 37964     1085.5000   119     1096.0000     1080.5000   853280    1.41%  x(c47_3_c69_3) U  42623   4819     33
  42864 38172        cutoff           1096.0000     1080.5000   858147    1.41%  x(c73_1_c68_1) D  42864  42863     58
  43116 38382     1082.1429   151     1096.0000     1080.5000   862889    1.41%    x(c2_3_c6_3) U  43116   4159     16
  43355 38579     1082.8333   132     1096.0000     1080.5000   867560    1.41%   x(c76_3_c6_3) U  43355  18338     39
  43577 38774     1090.3205   173     1096.0000     1080.5000   872495    1.41%  x(c69_3_c47_3) D  43577  43575     37
  43808 38959     1083.8077   186     1096.0000     1080.5000   877082    1.41%  x(c51_3_c63_3) D  43808  43806     45
  44058 39178     1093.0370   119     1096.0000     1080.5000   881908    1.41%   x(c73_3_c6_3) D  44058  44056     58
Elapsed time = 278.20 sec. (513818.68 ticks, tree = 799.68 MB, solutions = 1)
  44284 39369     1081.0000   187     1096.0000     1080.5000   886953    1.41%   x(c3_3_c51_3) D  44284   5058     12
  44492 39534     1091.9615   197     1096.0000     1080.5000   891433    1.41%   x(c4_3_c27_3) U  44492  44490     27
  44716 39727     1090.5000   139     1096.0000     1080.5053   896294    1.41%  x(c51_1_c75_1) N  44716  44714     52
  44910 39919     1081.0833    80     1096.0000     1080.5333   901811    1.41%  x(c22_1_c73_1) D  44910  44909     96
  45127 40121     1093.3889   189     1096.0000     1080.5500   906957    1.41%  x(c22_3_c61_3) N  45127  45125     40
  45360 40319     1083.4444   215     1096.0000     1080.5700   911703    1.41%  x(c46_3_c26_3) U  45360  37805     30
  45595 40534     1087.5781   182     1096.0000     1080.5833   916912    1.41%  x(c51_1_c33_1) U  45595  21969     56
  45803 40720     1080.7963   113     1096.0000     1080.6000   921737    1.41%  x(c22_1_c56_1) D  45803  31827     29
  46025 40911     1080.7500   121     1096.0000     1080.6029   926209    1.40%  x(c51_1_c56_1) D  46025  46024     36
  46243 41092     1080.6250   129     1096.0000     1080.6208   931036    1.40%  x(c30_3_c76_3) D  46243  39399     85
Elapsed time = 297.72 sec. (552132.15 ticks, tree = 853.76 MB, solutions = 1)
  46490 41298     1085.0000   182     1096.0000     1080.6250   934889    1.40%  x(c68_1_c51_1) U  46490  46488     29
  46711 41470        cutoff           1096.0000     1080.6275   939762    1.40%  x(c63_3_c18_3) U  46711  41636     45
  46919 41660     1082.9559   123     1096.0000     1080.6439   945016    1.40%  x(c48_3_c30_3) U  46919  45426     48
  47119 41856     1089.5000    93     1096.0000     1080.6667   950255    1.40%   x(c3_3_c18_3) D  47119   5880     31
  47352 42060     1081.4667   125     1096.0000     1080.6667   954503    1.40%  x(c46_3_c27_3) U  47352  47351     43
  47580 42242     1093.0000   259     1096.0000     1080.6667   959657    1.40%    x(c3_3_c9_3) D  47580  47579     27
  47804 42420     1093.3194   178     1096.0000     1080.6667   964097    1.40%   x(c46_3_c7_3) D  47804  47803     35
  48005 42600     1080.7341   156     1096.0000     1080.6813   968783    1.40%  x(c51_1_c76_1) D  48005  36429     36
  48218 42799     1080.7706   184     1096.0000     1080.7000   973685    1.40%  x(c51_1_c33_1) D  48218  28087     24
  48426 42987     1082.8182   184     1096.0000     1080.7136   978822    1.39%   x(c29_3_c4_3) D  48426  48425     33
Elapsed time = 317.29 sec. (590375.54 ticks, tree = 907.95 MB, solutions = 1)
  48636 43178     1087.8437   185     1096.0000     1080.7222   983981    1.39%  x(c51_1_c76_1) U  48636  45393     29
  48837 43377     1087.8333    92     1096.0000     1080.7500   989072    1.39%  x(c34_1_c52_1) N  48837  48835     84
  49087 43588     1081.1698   157     1096.0000     1080.7500   993329    1.39%  x(c48_3_c30_3) D  49087  49086     40
  49314 43785     1083.0000   150     1096.0000     1080.7500   997942    1.39%  x(c66_2_c11_2) U  49314  49312     45
  49549 43981     1080.8333   168     1096.0000     1080.7500  1002045    1.39%  x(c15_1_c52_1) D  49549  39023     42
  49766 44174     1089.7000   164     1096.0000     1080.7500  1006860    1.39%  x(c51_1_c76_1) U  49766  49764     37
  49988 44357     1085.6771   243     1096.0000     1080.7526  1011524    1.39%  x(c51_1_c33_1) U  49988  25295     56
  50165 44529     1080.8192   147     1096.0000     1080.7769  1017066    1.39%  x(c30_3_c68_3) D  50165  50164     42
  50376 44729     1087.7500   177     1096.0000     1080.7917  1022173    1.39%  x(c51_1_c33_1) U  50376  30644     28
  50611 44928     1092.5625    96     1096.0000     1080.8000  1027183    1.39%  x(c48_3_c28_3) U  50611  37059    106
Elapsed time = 337.14 sec. (628613.04 ticks, tree = 964.37 MB, solutions = 1)
  50813 45097     1086.4475   176     1096.0000     1080.8083  1031862    1.39%  x(c26_3_c51_3) U  50813  39103     68
  51041 45286     1081.9841   204     1096.0000     1080.8214  1036464    1.38%  x(c76_3_c68_3) U  51041  48474     53
  51259 45479     1088.4905   132     1096.0000     1080.8333  1041372    1.38%  x(c51_2_c68_2) U  51259  51258    101
  51488 45673     1082.1154   192     1096.0000     1080.8333  1045456    1.38%  x(c68_1_c30_1) U  51488  14966     33
  51701 45848     1084.5833   198     1096.0000     1080.8333  1049771    1.38%   x(c3_1_c51_1) D  51701  51699     22
  51896 46018     1090.5526   118     1096.0000     1080.8500  1054822    1.38%  x(c51_1_c63_1) U  51896  51894     37
  52098 46202     1087.3000   161     1096.0000     1080.8600  1059830    1.38%   x(c63_3_c6_3) U  52098  41891     32
  52299 46389     1089.1250    92     1096.0000     1080.8750  1065077    1.38%   x(c46_3_c7_3) D  52299  52298     35
* 52383 35076      integral     0     1089.0000     1080.8750  1066533    0.75%
  52517 35153     1083.9545   235     1089.0000     1080.8750  1069069    0.75%  x(c46_3_c27_3) U  52517  52515     30
  52739 35332     1084.5000   126     1089.0000     1080.8929  1074018    0.74%  x(c68_1_c30_1) U  52739  29893     43
Elapsed time = 356.93 sec. (666868.31 ticks, tree = 770.38 MB, solutions = 2)
  52947 35469        cutoff           1089.0000     1080.9052  1078282    0.74%  x(c51_1_c63_1) U  52947  41638     47
  53172 35618     1082.0833   154     1089.0000     1080.9167  1082486    0.74%  x(c46_3_c27_3) D  53172  53171     27
  53379 35774     1082.4167   146     1089.0000     1080.9375  1087577    0.74%  x(c73_3_c51_3) D  53379  53377     57
  53593 35907     1081.3437   218     1089.0000     1080.9583  1092594    0.74%  x(c66_2_c11_2) D  53593  53592     38
  53782 36035     1083.8028   155     1089.0000     1080.9949  1097804    0.74%   x(c2_3_c69_3) D  53782  53781    155
  54012 36195     1088.0000    72     1089.0000     1081.0000  1102679    0.73%  x(c10_2_c11_2) U  54012  45366     37
  54238 36357        cutoff           1089.0000     1081.0000  1107137    0.73%  x(c73_1_c68_1) U  54238  29713     30
  54476 36522     1082.2500    94     1089.0000     1081.0000  1111539    0.73%  x(c66_2_c11_2) U  54476  54474     25
  54691 36661     1082.1389   174     1089.0000     1081.0000  1115939    0.73%  x(c66_2_c11_2) U  54691  47342     32
  54926 36816     1085.6000   178     1089.0000     1081.0000  1120528    0.73%   x(c4_3_c27_3) U  54926  32392     30
Elapsed time = 377.37 sec. (705074.92 ticks, tree = 817.38 MB, solutions = 2)
  55133 36943     1085.8571   104     1089.0000     1081.0000  1125437    0.73%   x(c52_1_c4_1) D  55133  55132     51
  55340 37067     1081.0000   136     1089.0000     1081.0000  1129519    0.73%  x(c63_3_c51_3) D  55340  39017     20
  55562 37205     1085.1667   138     1089.0000     1081.0000  1133801    0.73%  x(c66_2_c11_2) U  55562  55560     36
  55782 37331     1082.1148   213     1089.0000     1081.0000  1138334    0.73%  x(c52_1_c15_1) D  55782  15662     31
  55997 37454     1081.7391   231     1089.0000     1081.0000  1142228    0.73%  x(c30_1_c68_1) D  55997  17362     27
  56199 37569     1084.5833   184     1089.0000     1081.0000  1146618    0.73%  x(c51_1_c63_1) U  56199  26969     30
* 56200+34341                         1088.0000     1081.0000             0.64%
  56428 34466     1081.7054   252     1088.0000     1081.0000  1151012    0.64%  x(c13_1_c19_1) D  56428   6352     11
  56654 34598     1084.7500   192     1088.0000     1081.0000  1155456    0.64%  x(c13_1_c19_1) U  56654   7512     12
  56878 34735     1086.7750   150     1088.0000     1081.0200  1159869    0.64%  x(c48_3_c30_3) U  56878  53092     59
  57098 34865        cutoff           1088.0000     1081.0417  1164653    0.64%  x(c66_2_c11_2) D  57098  57096     47
Elapsed time = 397.72 sec. (743334.77 ticks, tree = 786.99 MB, solutions = 3)
  57331 35021     1082.3033   161     1088.0000     1081.0625  1169401    0.64%  x(c30_1_c68_1) D  57331  46218     33
  57577 35153     1081.2500   119     1088.0000     1081.0741  1173955    0.64%  x(c46_3_c27_3) D  57577  31668     33
  57801 35281     1085.6716   153     1088.0000     1081.0833  1178373    0.64%  x(c73_1_c68_1) D  57801  57799     39
  58031 35417        cutoff           1088.0000     1081.1000  1182868    0.63%  x(c51_1_c63_1) U  58031  48265     39
  58262 35570     1084.0000   180     1088.0000     1081.1111  1187616    0.63%  x(c44_1_c51_1) D  58262  58260     38
  58497 35722     1081.1875   157     1088.0000     1081.1250  1192441    0.63%  x(c63_3_c51_3) D  58497  13058     58
  58737 35873     1081.8571   155     1088.0000     1081.1364  1196993    0.63%  x(c63_3_c51_3) D  58737   8326     48
  58972 36006     1085.5667   183     1088.0000     1081.1488  1201399    0.63%   x(c4_3_c27_3) U  58972  56825     60
  59210 36164     1081.7273   147     1088.0000     1081.1667  1206041    0.63%  x(c68_1_c51_1) D  59210  23488     40
* 59335 32375      integral     0     1087.0000     1081.1667  1208482    0.54%
  59443 32422     1084.2593   177     1087.0000     1081.1667  1210436    0.54%  x(c51_1_c63_1) D  59443  59442     53
Elapsed time = 417.82 sec. (781580.42 ticks, tree = 744.21 MB, solutions = 4)
  59683 32531        cutoff           1087.0000     1081.1667  1214288    0.54%  x(c13_1_c52_1) U  59683  59681     80
  59904 32636     1083.4630   214     1087.0000     1081.1875  1218635    0.53%   x(c3_1_c51_1) D  59904  59901     29
  60146 32762        cutoff           1087.0000     1081.2000  1222743    0.53%  x(c15_1_c52_1) N  60146  39023     42
  60383 32868        cutoff           1087.0000     1081.2107  1227070    0.53%  x(c76_3_c51_3) U  60383  47967     37
  60632 33002     1081.9000   211     1087.0000     1081.2222  1231227    0.53%  x(c69_3_c60_3) D  60632  60631     30
  60884 33143     1084.7500    84     1087.0000     1081.2500  1235642    0.53%  x(c22_3_c61_3) N  60884  60882     78
  61134 33285        cutoff           1087.0000     1081.2500  1239841    0.53%  x(c10_2_c11_2) U  61134  20183     28
  61384 33424     1081.2500   159     1087.0000     1081.2500  1244158    0.53%  x(c33_1_c17_1) D  61384  12059     44
  61616 33533     1084.5000   112     1087.0000     1081.2500  1248371    0.53%  x(c52_1_c15_1) D  61616  61615     35
  61845 33650     1085.8333   202     1087.0000     1081.2500  1252391    0.53%   x(c3_3_c51_3) U  61845   6326     25
Elapsed time = 437.98 sec. (819792.63 ticks, tree = 783.92 MB, solutions = 4)
  62070 33762     1081.4634   207     1087.0000     1081.2667  1256856    0.53%  x(c44_1_c51_1) D  62070  33573     38
  62334 33903     1081.2861   175     1087.0000     1081.2843  1261278    0.53%  x(c51_1_c75_1) D  62334  53732     37
  62554 34010     1081.4286   132     1087.0000     1081.3000  1265608    0.52%   x(c4_1_c30_1) D  62554  58408     47
  62769 34083     1081.4286   164     1087.0000     1081.3077  1269460    0.52%  x(c63_3_c18_3) D  62769  22161     59
  63008 34189        cutoff           1087.0000     1081.3289  1274175    0.52%  x(c58_2_c11_2) U  63008  23110     37
  63255 34324        cutoff           1087.0000     1081.3333  1278791    0.52%  x(c76_3_c68_3) U  63255  15866     57
  63495 34443        cutoff           1087.0000     1081.3333  1283341    0.52%  x(c54_1_c34_1) U  63495  55861     32
  63729 34536        cutoff           1087.0000     1081.3462  1287625    0.52%   x(c30_3_c6_3) U  63729  53777    152
  63964 34679     1083.1337   173     1087.0000     1081.3611  1292438    0.52%   x(c51_1_c3_1) D  63964  27912     33
  64222 34781     1083.6250   113     1087.0000     1081.3750  1296829    0.52%  x(c10_2_c11_2) U  64222  32530     13
Elapsed time = 457.80 sec. (858068.36 ticks, tree = 820.78 MB, solutions = 4)
  64450 34886     1085.3333   246     1087.0000     1081.3774  1300880    0.52%  x(c46_3_c27_3) U  64450  57459     46
  64707 35035     1082.3892   148     1087.0000     1081.3939  1305161    0.52%  x(c46_3_c35_3) D  64707  59793     58
  64947 35139        cutoff           1087.0000     1081.4000  1309588    0.52%  x(c51_1_c44_1) U  64947   5519     17
  65196 35273     1085.3889   193     1087.0000     1081.4167  1314329    0.51%  x(c46_3_c27_3) D  65196  39301     34
  65462 35386     1085.9286   178     1087.0000     1081.4286  1318587    0.51%   x(c4_3_c68_3) U  65462  65460     41
  65701 35493     1083.2000   139     1087.0000     1081.4444  1323145    0.51%  x(c10_2_c11_2) D  65701  22078     37
  65948 35608        cutoff           1087.0000     1081.4583  1327701    0.51%  x(c30_1_c68_1) U  65948  65946     53
  66204 35727        cutoff           1087.0000     1081.4819  1332138    0.51%  x(c51_1_c63_1) U  66204  46987     39
  66453 35857     1081.8333    74     1087.0000     1081.5000  1336525    0.51%   x(c4_3_c30_3) N  66453  60779     48
  66682 35971        cutoff           1087.0000     1081.5000  1340992    0.51%  x(c66_2_c11_2) U  66682  66680     47
Elapsed time = 476.85 sec. (896298.97 ticks, tree = 858.91 MB, solutions = 4)
  66903 36107     1082.9167   165     1087.0000     1081.5000  1345315    0.51%  x(c46_3_c26_3) U  66903  22334     41
  67139 36228        cutoff           1087.0000     1081.5000  1350004    0.51%  x(c51_1_c33_1) U  67139  66693     22
  67353 36338        cutoff           1087.0000     1081.5000  1354200    0.51%  x(c30_1_c68_1) U  67353  67352     28
  67593 36476     1084.3333    58     1087.0000     1081.5000  1358441    0.51%   x(c26_3_c6_3) D  67593  67591     90
  67838 36578     1084.5937   172     1087.0000     1081.5000  1362365    0.51%    x(c2_3_c6_3) U  67838  52559     25
  68054 36671     1084.5000   127     1087.0000     1081.5000  1366375    0.51%   x(c63_3_c3_3) U  68054  49509     30
  68285 36778        cutoff           1087.0000     1081.5000  1370470    0.51%  x(c19_1_c46_1) U  68285  47036     57
  68514 36909     1085.5000   134     1087.0000     1081.5000  1374751    0.51%  x(c11_2_c58_2) U  68514  26800     38
  68746 36993     1081.7500   198     1087.0000     1081.5000  1378685    0.51%   x(c63_3_c3_3) D  68746  14043     23
  68974 37093     1084.5625   193     1087.0000     1081.5000  1383013    0.51%  x(c51_1_c33_1) U  68974  16792     31
Elapsed time = 496.50 sec. (934521.93 ticks, tree = 897.29 MB, solutions = 4)
  69209 37185        cutoff           1087.0000     1081.5069  1387476    0.51%  x(c13_1_c52_1) U  69209  63720     54
  69478 37329        cutoff           1087.0000     1081.5333  1392224    0.50%  x(c51_1_c33_1) U  69478  50848     17
  69755 37448        cutoff           1087.0000     1081.5500  1396956    0.50%  x(c51_1_c33_1) U  69755  33103     42
  70027 37559        cutoff           1087.0000     1081.5625  1401727    0.50%  x(c30_1_c68_1) N  70027  70026     47
  70288 37665     1083.3616   155     1087.0000     1081.5769  1406370    0.50%    x(c2_3_c6_3) U  70288  23788     48
  70549 37816        cutoff           1087.0000     1081.5833  1410835    0.50%  x(c51_1_c33_1) U  70549  40812     19
  70825 37948     1081.8667   173     1087.0000     1081.6000  1415748    0.50%  x(c32_1_c17_1) D  70825  23421     49
  71090 38070     1084.1786    90     1087.0000     1081.6071  1420126    0.50%   x(c48_3_c5_3) N  71090  68739     41
  71333 38196     1085.8000   118     1087.0000     1081.6250  1424802    0.49%   x(c68_3_c6_3) U  71333  71331     33
  71603 38304        cutoff           1087.0000     1081.6250  1429152    0.49%  x(c33_1_c51_1) U  71603  19817     24
Elapsed time = 516.12 sec. (972794.01 ticks, tree = 936.51 MB, solutions = 4)
  71874 38408     1082.0769   210     1087.0000     1081.6364  1433817    0.49%  x(c52_1_c57_1) D  71874  71873     25
  72145 38540     1081.6500   119     1087.0000     1081.6500  1438458    0.49%   x(c2_3_c68_3) D  72145  42442     29
  72401 38651     1082.9185   161     1087.0000     1081.6667  1442881    0.49%  x(c68_1_c30_1) U  72401  33643     26
  72657 38760     1082.0000   148     1087.0000     1081.6667  1447126    0.49%  x(c46_3_c26_3) D  72657   9689     46
  72914 38875     1082.1667   159     1087.0000     1081.6667  1451337    0.49%   x(c63_3_c6_3) D  72914  65758     46
  73169 38991     1081.8333   205     1087.0000     1081.6667  1455585    0.49%  x(c19_1_c46_1) D  73169  47925     20
  73413 39066     1081.6855   252     1087.0000     1081.6856  1459918    0.49%  x(c63_3_c51_3) D  73413  16728     24
  73675 39198        cutoff           1087.0000     1081.7000  1464396    0.49%  x(c33_1_c68_1) U  73675  73673     41
  73947 39324     1082.6923   130     1087.0000     1081.7083  1469058    0.49%  x(c63_3_c73_3) U  73947  62006     49
  74188 39435     1082.5862   151     1087.0000     1081.7195  1473602    0.49%   x(c4_3_c27_3) D  74188  54863     59
Elapsed time = 535.49 sec. (1011020.67 ticks, tree = 973.89 MB, solutions = 4)
  74439 39565     1081.8485    90     1087.0000     1081.7343  1478532    0.48%  x(c66_2_c11_2) U  74439  74438     69
  74705 39703     1081.7500    93     1087.0000     1081.7500  1483189    0.48%   x(c53_3_c7_3) D  74705  26099     46
  74958 39837     1081.7500   126     1087.0000     1081.7500  1487853    0.48%  x(c51_1_c73_1) D  74958  49171     33
  75199 39957     1082.5200   158     1087.0000     1081.7500  1492221    0.48%  x(c66_2_c11_2) U  75199  67786     33
  75447 40061     1085.2692   210     1087.0000     1081.7500  1496641    0.48%  x(c10_2_c11_2) U  75447  28433     30
  75694 40172        cutoff           1087.0000     1081.7500  1500991    0.48%   x(c4_1_c30_1) U  75694  75691     44
  75949 40262     1081.7655   168     1087.0000     1081.7586  1505500    0.48%  x(c48_3_c30_3) D  75949  65755     55
  76208 40401     1081.9512   210     1087.0000     1081.7727  1510332    0.48%  x(c51_1_c33_1) D  76208  32305     61
  76470 40526     1082.8611   208     1087.0000     1081.7872  1514871    0.48%  x(c69_3_c60_3) U  76470  73040     32
  76721 40613     1084.2500   135     1087.0000     1081.8000  1519544    0.48%  x(c10_2_c11_2) U  76721  23146     34
Elapsed time = 555.18 sec. (1049263.71 ticks, tree = 1013.18 MB, solutions = 4)
  76987 40718     1081.8462   213     1087.0000     1081.8125  1524396    0.48%  x(c51_1_c76_1) D  76987  39937     58
  77262 40833     1084.3333   116     1087.0000     1081.8264  1529044    0.48%   x(c30_3_c4_3) U  77262  77260     33
  77519 40958     1082.1667   127     1087.0000     1081.8333  1533876    0.48%  x(c30_3_c76_3) D  77519  72227     47
  77775 41064     1082.7222   180     1087.0000     1081.8333  1538527    0.48%  x(c69_3_c60_3) D  77775  67797     23
  78053 41193        cutoff           1087.0000     1081.8333  1542844    0.48%   x(c63_3_c3_3) U  78053  31416     30
  78329 41323     1084.0312   197     1087.0000     1081.8500  1547728    0.47%   x(c3_1_c17_1) D  78329  78327     47
  78579 41398        cutoff           1087.0000     1081.8636  1552332    0.47%  x(c26_3_c51_3) U  78579  72111     62
* 78849 34863      integral     0     1086.0000     1081.8750  1557037    0.38%
  78850 34862        cutoff           1086.0000     1081.8750  1557039    0.38%     x(c22_1_Om) D  78850  78848     35
  79113 34951     1081.9444   213     1086.0000     1081.8750  1561120    0.38%   x(c63_3_c3_3) D  79113  73309     19
  79378 35032        cutoff           1086.0000     1081.8929  1565411    0.38%   x(c63_3_c6_3) U  79378  69708     43
Elapsed time = 574.52 sec. (1087509.87 ticks, tree = 884.27 MB, solutions = 5)
  79626 35121     1083.9229   230     1086.0000     1081.9000  1569316    0.38%  x(c66_2_c11_2) U  79626  79624     51
  79894 35211     1083.6842   159     1086.0000     1081.9167  1573328    0.38%  x(c69_3_c60_3) D  79894  69150     16
  80170 35310     1081.9286   142     1086.0000     1081.9286  1577336    0.37%  x(c51_1_c63_1) D  80170  31143     32
  80444 35381     1083.0714   178     1086.0000     1081.9388  1581076    0.37%  x(c68_2_c75_2) D  80444  72041     83
  80716 35449     1084.3500   205     1086.0000     1081.9545  1585195    0.37%   x(c3_3_c51_3) D  80716  40250     41
  80990 35523     1081.9721   202     1086.0000     1081.9721  1589110    0.37%   x(c46_3_c7_3) N  80990  78102     65
  81247 35615        cutoff           1086.0000     1082.0000  1593285    0.37%  x(c76_1_c46_1) N  81247  81245     38
  81492 35703     1084.0000   103     1086.0000     1082.0000  1597502    0.37%  x(c11_2_c58_2) D  81492  32963     30
  81735 35801     1083.4167   149     1086.0000     1082.0000  1601772    0.37%  x(c76_1_c51_1) D  81735  81734     45
  81967 35890     1083.4444   121     1086.0000     1082.0000  1606200    0.37%  x(c48_3_c30_3) U  81967  67100     25
Elapsed time = 594.03 sec. (1125737.34 ticks, tree = 914.22 MB, solutions = 5)
  82201 35960     1082.0000   115     1086.0000     1082.0000  1610399    0.37%  x(c46_3_c27_3) U  82201  67954     44
  82442 36049     1084.2857   202     1086.0000     1082.0000  1614726    0.37%  x(c63_1_c51_1) N  82442  82440     29
  82682 36127     1084.0000   102     1086.0000     1082.0000  1618891    0.37%  x(c66_2_c11_2) D  82682  72651     41
  82914 36204     1083.0000   136     1086.0000     1082.0000  1622745    0.37%  x(c51_1_c33_1) U  82914  82912      8
  83158 36277     1082.5000   129     1086.0000     1082.0000  1626562    0.37%  x(c73_1_c68_1) U  83158  52405     35
  83389 36349        cutoff           1086.0000     1082.0000  1630492    0.37%  x(c51_3_c63_3) U  83389  76011     41
  83659 36434        cutoff           1086.0000     1082.0000  1634635    0.37%   x(c3_3_c55_3) U  83659  43357     53
  83901 36483        cutoff           1086.0000     1082.0000  1638608    0.37%  x(c46_3_c27_3) D  83901  83900     33
  84131 36526        cutoff           1086.0000     1082.0000  1641947    0.37%  x(c51_1_c44_1) U  84131  64265     52
  84353 36561     1082.6481   206     1086.0000     1082.0000  1645668    0.37%   x(c4_3_c27_3) D  84353  76452     24
Elapsed time = 614.24 sec. (1163968.51 ticks, tree = 941.02 MB, solutions = 5)
  84618 36623        cutoff           1086.0000     1082.0000  1649722    0.37%  x(c47_3_c69_3) U  84618  53102     32
  84878 36659        cutoff           1086.0000     1082.0000  1653497    0.37%   x(c3_3_c23_3) U  84878   2505     20
  85125 36676     1082.0833   158     1086.0000     1082.0074  1657737    0.37%   x(c52_1_c4_1) D  85125  77031     66
  85357 36746        cutoff           1086.0000     1082.0268  1661200    0.37%  x(c63_3_c18_3) U  85357  72049     50
  85623 36816        cutoff           1086.0000     1082.0417  1665043    0.36%  x(c29_3_c30_3) U  85623  85621     27
  85883 36882     1083.2500   184     1086.0000     1082.0500  1668953    0.36%   x(c4_3_c27_3) U  85883  85881     25
  86132 36981     1083.1250   245     1086.0000     1082.0625  1673252    0.36%  x(c51_1_c33_1) D  86132  84926     31
  86389 37029        cutoff           1086.0000     1082.0750  1677220    0.36%   x(c30_3_c4_3) U  86389  55667     37
  86635 37120     1082.1337   193     1086.0000     1082.0833  1681093    0.36%  x(c19_1_c52_1) D  86635  86634     52
  86900 37208     1082.3164   102     1086.0000     1082.0909  1685007    0.36%   x(c52_1_c4_1) D  86900  86899     61
Elapsed time = 632.88 sec. (1202213.08 ticks, tree = 964.05 MB, solutions = 5)
  87168 37262     1083.3800   155     1086.0000     1082.1000  1689317    0.36%  x(c66_2_c11_2) U  87168  58971     32
  87432 37332     1082.6250   109     1086.0000     1082.1111  1693065    0.36%  x(c11_2_c10_2) D  87432  51339     33
  87703 37409     1083.1000   122     1086.0000     1082.1250  1697259    0.36%   x(c4_1_c30_1) D  87703  86383     31
  87928 37480        cutoff           1086.0000     1082.1250  1700384    0.36%    x(c2_3_c6_3) U  87928  41239     53
  88179 37543     1084.1521   143     1086.0000     1082.1308  1704217    0.36%  x(c17_1_c75_1) U  88179  88177     92
  88434 37599     1082.1508   158     1086.0000     1082.1424  1708100    0.36%   x(c63_3_c3_3) D  88434  17441     38
  88691 37638        cutoff           1086.0000     1082.1538  1712126    0.35%  x(c30_1_c68_1) U  88691  78913     56
  88945 37708        cutoff           1086.0000     1082.1667  1716017    0.35%  x(c10_2_c11_2) U  88945  25821     29
  89202 37749        cutoff           1086.0000     1082.1667  1719651    0.35%  x(c11_2_c58_2) U  89202  36612     27
  89463 37818     1083.3302   265     1086.0000     1082.1667  1723295    0.35%  x(c51_1_c33_1) N  89463  37300     26
Elapsed time = 651.26 sec. (1240431.02 ticks, tree = 986.45 MB, solutions = 5)
  89751 37923        cutoff           1086.0000     1082.1786  1727174    0.35%   x(c4_3_c27_3) U  89751  87574     43
  90000 37951     1082.4033   130     1086.0000     1082.1905  1730950    0.35%  x(c22_3_c61_3) D  90000  66583    117
  90269 38026     1082.2000   129     1086.0000     1082.2000  1735386    0.35%  x(c33_1_c51_1) D  90269  67845     28
  90530 38090     1083.2400   163     1086.0000     1082.2083  1739325    0.35%  x(c13_1_c52_1) D  90530  83053     48
  90811 38183     1083.2727   165     1086.0000     1082.2187  1743536    0.35%  x(c13_1_c52_1) U  90811  71467     50
  91086 38250     1082.2295   162     1086.0000     1082.2295  1747476    0.35%  x(c63_1_c51_1) D  91086  54059     37
  91338 38311     1083.4000    23     1086.0000     1082.2500  1751033    0.35%  x(c75_1_c51_1) D  91338  91337     55
  91605 38408        cutoff           1086.0000     1082.2500  1755172    0.35%  x(c58_2_c11_2) U  91605  35843     49
  91875 38478        cutoff           1086.0000     1082.2500  1759189    0.35%   x(c76_3_c6_3) U  91875  91873     48
  92138 38531     1082.7500   142     1086.0000     1082.2500  1763302    0.35%  x(c54_1_c57_1) D  92138   8462     14
Elapsed time = 669.47 sec. (1278730.10 ticks, tree = 1011.37 MB, solutions = 5)
  92408 38596        cutoff           1086.0000     1082.2500  1766880    0.35%  x(c51_1_c68_1) U  92408  85465     33
  92663 38649     1082.3000   182     1086.0000     1082.2500  1770730    0.35%  x(c10_2_c11_2) N  92663  51615     30
  92919 38686     1082.6250   227     1086.0000     1082.2510  1774542    0.35%  x(c69_3_c60_3) D  92919  75901     32
  93180 38733     1082.3807   165     1086.0000     1082.2721  1778510    0.34%    x(c2_3_c6_3) D  93180  77261     34
  93452 38806        cutoff           1086.0000     1082.2857  1782295    0.34%  x(c29_3_c30_3) U  93452  76653     36
  93712 38852     1083.4412   117     1086.0000     1082.2941  1786005    0.34%   x(c30_3_c4_3) U  93712  70791     39
  93975 38921     1083.5000   178     1086.0000     1082.3000  1789752    0.34%  x(c59_1_c54_1) D  93975  93973     17
  94232 38985        cutoff           1086.0000     1082.3125  1793569    0.34%   x(c51_1_c3_1) U  94232  53168     15
  94496 39077        cutoff           1086.0000     1082.3304  1797062    0.34%   x(c3_3_c51_3) D  94496  78098     33
  94760 39141        cutoff           1086.0000     1082.3333  1801112    0.34%  x(c48_3_c30_3) U  94760  74738     25
Elapsed time = 687.40 sec. (1316946.28 ticks, tree = 1033.58 MB, solutions = 5)
  95011 39176     1084.3333   153     1086.0000     1082.3333  1805148    0.34%  x(c66_2_c11_2) U  95011  12822     28
  95271 39218        cutoff           1086.0000     1082.3333  1808823    0.34%  x(c19_1_c13_1) U  95271  39094     14
  95532 39246     1082.3466   164     1086.0000     1082.3421  1812454    0.34%  x(c33_1_c68_1) D  95532  95531     63
  95798 39300     1082.8750    79     1086.0000     1082.3571  1816214    0.34%   x(c2_3_c68_3) U  95798  54546     27
  96049 39364     1082.9833   198     1086.0000     1082.3667  1820102    0.33%  x(c47_3_c69_3) N  96049  85543     31
  96320 39418     1084.4643   167     1086.0000     1082.3750  1823787    0.33%   x(c4_3_c30_3) U  96320  83990     32
  96573 39462        cutoff           1086.0000     1082.3750  1827454    0.33%  x(c68_1_c30_1) U  96573  35670     40
  96827 39492     1082.6983   224     1086.0000     1082.3890  1831255    0.33%  x(c69_3_c60_3) U  96827  96825     19
  97109 39567     1084.7500    47     1086.0000     1082.4000  1835354    0.33%   x(c48_3_c5_3) U  97109  97107     50
  97374 39602     1084.2083   206     1086.0000     1082.4091  1839097    0.33%  x(c30_1_c68_1) N  97374  45661     39
Elapsed time = 705.22 sec. (1355182.82 ticks, tree = 1051.26 MB, solutions = 5)
  97646 39666     1082.7500   207     1086.0000     1082.4167  1842982    0.33%  x(c51_1_c33_1) D  97646  90789     20
  97910 39725     1082.4309   183     1086.0000     1082.4276  1846894    0.33%  x(c51_1_c33_1) D  97910  54391     24
  98182 39777        cutoff           1086.0000     1082.4375  1850930    0.33%  x(c54_1_c34_1) U  98182  86578     31
  98444 39830        cutoff           1086.0000     1082.4444  1854829    0.33%  x(c33_1_c51_1) U  98444  64623     44
  98709 39876        cutoff           1086.0000     1082.4545  1858397    0.33%  x(c46_3_c26_3) U  98709  98707     37
  98984 39929        cutoff           1086.0000     1082.4688  1862297    0.33%  x(c63_1_c51_1) U  98984  90756     37
  99263 40002     1084.4737   242     1086.0000     1082.4848  1865686    0.32%  x(c44_1_c51_1) N  99263  57313     59
* 99392 28917      integral     0     1085.0000     1082.5000  1867547    0.23%
  99532 28923     1082.9167   151     1085.0000     1082.5000  1869446    0.23%  x(c22_3_c61_3) D  99532  62796     62
  99765 28890     1084.0000     1     1085.0000     1082.5000  1872214    0.23%     x(c56_1_Om) D  99765  99763     53
* 99771 13426      integral     0     1084.0000     1082.5000  1872217    0.14%
  99996 13299        cutoff           1084.0000     1082.5000  1873953    0.14%  x(c11_2_c10_2) D  99996  16064     39
Elapsed time = 722.78 sec. (1393537.11 ticks, tree = 362.32 MB, solutions = 7)
 100236 13171        cutoff           1084.0000     1082.5000  1875717    0.14%  x(c22_3_c61_3) U 100236  82541     26
 100467 13076     1082.7500    71     1084.0000     1082.5000  1877582    0.14%  x(c66_2_c11_2) N 100467  82137     23
 100702 12956        cutoff           1084.0000     1082.5000  1879294    0.14%  x(c46_3_c27_3) D 100702  60224     52
 100932 12847        cutoff           1084.0000     1082.5000  1881097    0.14%  x(c76_3_c68_3) D 100932  95750     42
 101155 12725        cutoff           1084.0000     1082.5000  1882803    0.14%  x(c30_1_c68_1) U 101155  14968     35
 101393 12601     1083.0000   176     1084.0000     1082.5000  1884473    0.14%   x(c63_3_c3_3) N 101393  71717     20
 101627 12476     1083.0000   165     1084.0000     1082.5000  1886080    0.14%  x(c51_1_c33_1) N 101627  83913     37
 101864 12361        cutoff           1084.0000     1082.5000  1887676    0.14%   x(c63_3_c3_3) U 101864 101862     33
 102093 12255        cutoff           1084.0000     1082.5000  1889294    0.14%   x(c3_1_c51_1) U 102093  23662     24
 102328 12158     1082.6000   182     1084.0000     1082.5000  1890870    0.14%  x(c63_1_c51_1) N 102328  95278     29
Elapsed time = 740.55 sec. (1431757.39 ticks, tree = 334.42 MB, solutions = 7)
 102552 12039     1082.5455   210     1084.0000     1082.5000  1892572    0.14%  x(c63_3_c51_3) N 102552  30369     41
 102778 11919        cutoff           1084.0000     1082.5000  1894219    0.14%  x(c75_1_c51_1) U 102778  53456     44
 103024 11820     1082.9615   148     1084.0000     1082.5208  1895847    0.14%  x(c48_3_c30_3) N 103024 102134     30
 103264 11715     1082.7679   182     1084.0000     1082.5347  1897413    0.14%  x(c51_1_c44_1) N 103264  67517     24
 103510 11627     1082.5705   123     1084.0000     1082.5455  1899146    0.13%  x(c26_3_c46_3) N 103510 103509     70
 103757 11532     1082.6250   132     1084.0000     1082.5556  1900705    0.13%  x(c51_1_c33_1) N 103757  45178     17
 104003 11447     1082.7037   214     1084.0000     1082.5648  1902207    0.13%  x(c54_1_c34_1) N 104003 104002     35
 104252 11328        cutoff           1084.0000     1082.5737  1903769    0.13%  x(c58_2_c11_2) D 104252  49172     51
 104504 11220     1082.8333   145     1084.0000     1082.5833  1905357    0.13%   x(c4_3_c27_3) N 104504 104503     51
 104750 11091        cutoff           1084.0000     1082.5893  1906984    0.13%  x(c73_1_c28_1) D 104750  79921     29
Elapsed time = 757.69 sec. (1469976.67 ticks, tree = 306.68 MB, solutions = 7)
 105003 10976     1082.8000    97     1084.0000     1082.6000  1908520    0.13%   x(c4_1_c30_1) N 105003  97050     53
 105268 10865        cutoff           1084.0000     1082.6068  1910232    0.13%  x(c76_3_c68_3) U 105268 105265     54
 105544 10736        cutoff           1084.0000     1082.6234  1911824    0.13%  x(c13_1_c52_1) D 105544  84838     62
 105832 10586     1082.6250   156     1084.0000     1082.6250  1913436    0.13%   x(c2_3_c28_3) D 105832 103704     85
 106112 10469     1082.9643   190     1084.0000     1082.6333  1915131    0.13%  x(c51_1_c63_1) D 106112  25112     43
 106407 10331        cutoff           1084.0000     1082.6429  1916738    0.13%  x(c63_1_c51_1) U 106407 106399     25
 106699 10198        cutoff           1084.0000     1082.6604  1918215    0.12%   x(c2_3_c68_3) U 106699 104752     44
 106975 10044        cutoff           1084.0000     1082.6667  1919915    0.12%  x(c47_3_c69_3) U 106975  93894     25
 107232  9883     1082.8889   172     1084.0000     1082.6667  1921444    0.12%   x(c3_1_c51_1) N 107232  82225     44
 107499  9727        cutoff           1084.0000     1082.6667  1923040    0.12%  x(c69_3_c60_3) D 107499 107497     36
Elapsed time = 774.81 sec. (1508203.83 ticks, tree = 270.40 MB, solutions = 7)
 107781  9589        cutoff           1084.0000     1082.6780  1924605    0.12%   x(c51_1_c3_1) D 107781 103571     20
 108070  9428        cutoff           1084.0000     1082.6944  1926114    0.12%  x(c58_3_c38_3) D 108070 108069     26
 108334  9273        cutoff           1084.0000     1082.7000  1927577    0.12%  x(c47_3_c69_3) D 108334 105325     35
 108583  9142        cutoff           1084.0000     1082.7143  1929081    0.12%  x(c76_1_c52_1) D 108583  79743     74
 108872  8999        cutoff           1084.0000     1082.7241  1930646    0.12%  x(c51_1_c44_1) U 108872  67517     24
 109161  8824        cutoff           1084.0000     1082.7400  1932208    0.12%  x(c68_1_c30_1) U 109161  77292     27
 109445  8645        cutoff           1084.0000     1082.7500  1933430    0.12%  x(c13_1_c52_1) D 109445  79230     60
 109704  8468        cutoff           1084.0000     1082.7500  1934800    0.12%  x(c46_3_c35_3) D 109704  15572     39
 109958  8297        cutoff           1084.0000     1082.7500  1936152    0.12%  x(c51_3_c63_3) U 109958  60016     30
 110211  8126        cutoff           1084.0000     1082.7500  1937498    0.12%  x(c46_3_c27_3) D 110211  13212     32
Elapsed time = 791.30 sec. (1546446.23 ticks, tree = 226.59 MB, solutions = 7)
 110457  7952        cutoff           1084.0000     1082.7500  1938735    0.12%   x(c4_1_c30_1) D 110457 104856     28
 110707  7768     1082.7619   211     1084.0000     1082.7500  1940116    0.12%  x(c33_1_c51_1) D 110707  97300     44
 110980  7615     1082.7917   100     1084.0000     1082.7684  1941529    0.11%  x(c63_3_c68_3) D 110980  90654     74
 111255  7449        cutoff           1084.0000     1082.7800  1942955    0.11%  x(c76_1_c46_1) U 111255 103497     86
 111536  7284     1082.9000   198     1084.0000     1082.7917  1944352    0.11%   x(c63_3_c3_3) D 111536  15260     31
 111814  7112     1082.9924   220     1084.0000     1082.8000  1945607    0.11%  x(c48_3_c30_3) N 111814  53222     35
 112079  6946        cutoff           1084.0000     1082.8125  1946872    0.11%  x(c68_1_c51_1) U 112079  74969     40
 112342  6769        cutoff           1084.0000     1082.8250  1948013    0.11%   x(c29_3_c5_3) U 112342 107770     37
 112606  6553        cutoff           1084.0000     1082.8333  1949206    0.11%  x(c22_1_c28_1) U 112606  98663     70
 112869  6358        cutoff           1084.0000     1082.8333  1950330    0.11%  x(c51_1_c63_1) D 112869 112868     29
Elapsed time = 807.73 sec. (1584650.09 ticks, tree = 178.20 MB, solutions = 7)
 113142  6159        cutoff           1084.0000     1082.8354  1951439    0.11%  x(c51_3_c76_3) U 113142 105727    142
 113412  5964        cutoff           1084.0000     1082.8542  1952501    0.11%   x(c3_1_c51_1) U 113412  85983     25
 113691  5758        cutoff           1084.0000     1082.8696  1953648    0.10%   x(c73_3_c6_3) U 113691  98816     38
 113963  5530        cutoff           1084.0000     1082.8750  1954685    0.10%  x(c10_2_c11_2) U 113963  60702     53
 114240  5315        cutoff           1084.0000     1082.8889  1955695    0.10%   x(c6_3_c63_3) U 114240 113400     38
 114519  5118        cutoff           1084.0000     1082.9000  1956760    0.10%  x(c22_1_c28_1) D 114519  93822     40
 114794  4900        cutoff           1084.0000     1082.9062  1957874    0.10%  x(c13_1_c52_1) U 114794 114790     65
 115071  4681        cutoff           1084.0000     1082.9167  1958865    0.10%  x(c66_2_c11_2) U 115071 100934     45
 115332  4469        cutoff           1084.0000     1082.9259  1959796    0.10%   x(c63_3_c6_3) D 115332  17435     39
 115615  4238        cutoff           1084.0000     1082.9375  1960721    0.10%  x(c51_1_c33_1) U 115615  81456     27
Elapsed time = 823.46 sec. (1622854.02 ticks, tree = 119.15 MB, solutions = 7)
 115890  4014        cutoff           1084.0000     1082.9517  1961601    0.10%   x(c3_3_c51_3) U 115890  96848     62
 116171  3782        cutoff           1084.0000     1082.9674  1962468    0.10%  x(c46_3_c26_3) D 116171 113310     31
 116442  3542     1083.0000   234     1084.0000     1082.9914  1963174    0.09%  x(c63_3_c18_3) N 116442  37490     50
 116705  3300        cutoff           1084.0000     1083.0000  1964110    0.09%  x(c10_2_c11_2) U 116705  53875     37
 116955  3066        cutoff           1084.0000     1083.0000  1965078    0.09%   x(c2_3_c68_3) D 116955  90139     45
 117218  2823        cutoff           1084.0000     1083.0000  1966090    0.09%  x(c66_2_c11_2) U 117218  59630     48
 117473  2589        cutoff           1084.0000     1083.0000  1967051    0.09%   x(c53_3_c7_3) U 117473 100157     50
 117733  2363        cutoff           1084.0000     1083.0000  1968176    0.09%  x(c11_2_c10_2) D 117733  54660     35
 117985  2148        cutoff           1084.0000     1083.0000  1969199    0.09%   x(c3_3_c51_3) D 117985  25239     13
 118250  1931        cutoff           1084.0000     1083.0000  1970157    0.09%  x(c10_2_c11_2) U 118250  53730     88
Elapsed time = 838.63 sec. (1661069.21 ticks, tree = 55.26 MB, solutions = 7)
 118496  1718     1083.0000   101     1084.0000     1083.0000  1971143    0.09%  x(c51_1_c68_1) N 118496  88686     32
 118750  1488        cutoff           1084.0000     1083.0000  1972140    0.09%  x(c52_1_c15_1) U 118750  19829     29
 119008  1255        cutoff           1084.0000     1083.0000  1973176    0.09%  x(c10_2_c11_2) U 119008  55293     47
 119254  1041        cutoff           1084.0000     1083.0000  1974124    0.09%  x(c46_3_c27_3) D 119254 106642     41
 119508   823        cutoff           1084.0000     1083.0000  1975251    0.09%  x(c46_3_c26_3) U 119508  40288     32
 119763   609        cutoff           1084.0000     1083.0000  1976231    0.09%  x(c51_1_c33_1) D 119763 110493     44
 120028   380        cutoff           1084.0000     1083.0000  1977303    0.09%  x(c46_3_c26_3) U 120028  31213     20
 120284   164     1083.0000   183     1084.0000     1083.0000  1978372    0.09%  x(c66_2_c11_2) N 120284 110739     45

Cover cuts applied:  1
Zero-half cuts applied:  32
User cuts applied:  3294

Root node processing (before b&c):
  Real time             =    0.53 sec. (778.42 ticks)
Sequential b&c:
  Real time             =  851.30 sec. (1695539.77 ticks)
                          ------------
Total (root+branch&cut) =  851.83 sec. (1696318.18 ticks)

