Version identifier: 22.1.0.0 | 2022-03-09 | 1a383f8ce
CPXPARAM_Preprocessing_Reduce                    1
CPXPARAM_Threads                                 1
CPXPARAM_Preprocessing_Reformulations            0
CPXPARAM_Emphasis_MIP                            2
CPXPARAM_TimeLimit                               7200
CPXPARAM_MIP_Tolerances_AbsMIPGap                0.98999999999999999
CPXPARAM_MIP_Limits_TreeMemory                   20000
Legacy callback                                  BbD
1 of 1 MIP starts provided solutions.
MIP start 'm1' defined initial solution with objective 4090.0000.
Tried aggregator 1 time.
MIP Presolve modified 1826 coefficients.
Reduced MIP has 2132 rows, 1976 columns, and 9656 nonzeros.
Reduced MIP has 1900 binaries, 0 generals, 0 SOSs, and 0 indicators.
Presolve time = 0.00 sec. (5.43 ticks)
Probing time = 0.00 sec. (2.68 ticks)
Tried aggregator 1 time.
Reduced MIP has 2132 rows, 1976 columns, and 9656 nonzeros.
Reduced MIP has 1900 binaries, 0 generals, 0 SOSs, and 0 indicators.
Presolve time = 0.00 sec. (3.38 ticks)
Probing time = 0.00 sec. (2.69 ticks)
Clique table members: 1030.
MIP emphasis: optimality.
MIP search method: traditional branch-and-cut.
Parallel mode: none, using 1 thread.
Root relaxation solution time = 0.00 sec. (4.06 ticks)

        Nodes                                         Cuts/
   Node  Left     Objective  IInf  Best Integer    Best Bound    ItCnt     Gap         Variable B NodeID Parent  Depth

*     0+    0                         4090.0000        0.0000           100.00%
      0     0     3777.1347   104     4090.0000     3777.1347      178    7.65%
      0     0     3950.1110    61     4090.0000      Cuts: 17      266    3.42%
      0     0     3967.0426    83     4090.0000       Cuts: 8      352    3.01%

Repeating presolve.
Tried aggregator 1 time.
MIP Presolve eliminated 0 rows and 567 columns.
Reduced MIP has 2132 rows, 1409 columns, and 7955 nonzeros.
Reduced MIP has 1333 binaries, 0 generals, 0 SOSs, and 0 indicators.
Presolve time = 0.00 sec. (3.01 ticks)
Probing time = 0.00 sec. (2.43 ticks)
Tried aggregator 1 time.
Reduced MIP has 2132 rows, 1409 columns, and 7955 nonzeros.
Reduced MIP has 1333 binaries, 0 generals, 0 SOSs, and 0 indicators.
Presolve time = 0.00 sec. (2.83 ticks)
Represolve time = 0.01 sec. (9.96 ticks)
Probing time = 0.00 sec. (2.44 ticks)
Clique table members: 609.
MIP emphasis: optimality.
MIP search method: traditional branch-and-cut.
Parallel mode: none, using 1 thread.
Root relaxation solution time = 0.00 sec. (5.52 ticks)

        Nodes                                         Cuts/
   Node  Left     Objective  IInf  Best Integer    Best Bound    ItCnt     Gap         Variable B NodeID Parent  Depth

*     0+    0                         4090.0000     3967.0426             3.01%
      0     0     3967.0426    87     4090.0000     3967.0426      586    3.01%
      0     0     3967.0426    74     4090.0000       Cuts: 4      591    3.01%
      0     0     3967.5401    69     4090.0000       Cuts: 3      617    2.99%
      0     0     3968.0444    73     4090.0000   ZeroHalf: 3      641    2.98%
      0     0     3969.0401    86     4090.0000       Cuts: 2      661    2.96%
      0     0     3969.4401    89     4090.0000    Cliques: 1      666    2.95%
      0     0     3970.0401    80     4090.0000   ZeroHalf: 4      675    2.93%
      0     0     3970.0453    89     4090.0000       Cuts: 3      720    2.93%
      0     2     3970.0453    87     4090.0000     3970.0517      720    2.93%                        0             0
Elapsed time = 0.27 sec. (600.00 ticks, tree = 0.01 MB, solutions = 1)
      3     5     3970.3328    74     4090.0000     3970.3440      761    2.93%   x(c48_3_c2_3) U      3      2      3
     10    12     4004.0000    27     4090.0000     3970.4401      913    2.92%  x(c45_3_c21_3) D     10      8      8
     30    29     3972.2370    69     4090.0000     3970.4401     1152    2.92%  x(c43_3_c48_3) U     30     29     27
     50    37     3992.1671    64     4090.0000     3970.7093     1475    2.92%  x(c18_3_c13_3) N     50      7      7
     69    49     4065.1395    74     4090.0000     3976.2939     2763    2.78%  x(c13_3_c32_3) U     69     33     31
     88    67     4006.5062    78     4090.0000     3985.1466     3633    2.56%     x(Op_c21_2) U     88     86      9
    136   110     3992.7752    80     4090.0000     3991.6086     4635    2.41%  x(c18_2_c36_2) D    136    135     18
    167   139     3997.6127    29     4090.0000     3993.6080     5489    2.36%  x(c18_1_c46_1) D    167    145     23
    219   187     3997.2167    66     4090.0000     3996.6724     6823    2.28%   x(c12_3_c9_3) U    219    218      7
    538   494     4074.0056    26     4090.0000     4000.3792    12490    2.19%  x(c43_3_c21_3) U    538    493     13
Elapsed time = 1.63 sec. (3958.36 ticks, tree = 0.54 MB, solutions = 1)
    808   729     4082.4783    95     4090.0000     4002.6455    20731    2.14%   x(c34_3_c7_3) U    808    733     35
   1000   903     4004.8701    87     4090.0000     4004.1629    25700    2.10%   x(c19_3_c7_3) D   1000    999     49
   1408  1270     4021.0130    99     4090.0000     4006.0238    34999    2.05%  x(c45_2_c21_2) N   1408    158      8
   1792  1603     4007.6739    25     4090.0000     4007.6744    44241    2.01%  x(c15_2_c36_2) U   1792   1572     19
   2276  2028     4009.1595    33     4090.0000     4008.9261    52174    1.98%   x(c3_2_c29_2) D   2276   2275     51
   2679  2351     4072.1221    84     4090.0000     4009.7019    61123    1.96%   x(c48_3_c9_3) U   2679   1054     16
   3149  2730     4038.5290   103     4090.0000     4010.5560    70759    1.94%    x(c6_3_c9_3) U   3149   2058     16
   3649  3124     4081.0000    22     4090.0000     4011.3333    81494    1.92%  x(c15_2_c19_2) U   3649   3413     62
   3963  3348     4021.3803    66     4090.0000     4012.1202    93809    1.90%  x(c34_2_c29_2) D   3963   2385     18
   4267  3565     4018.8981    58     4090.0000     4013.3244   107598    1.87%  x(c15_2_c17_2) U   4267   4266     25
Elapsed time = 6.03 sec. (13664.37 ticks, tree = 3.69 MB, solutions = 1)
   4610  3800     4014.4611    74     4090.0000     4014.3573   119723    1.85%    x(c7_3_c6_3) D   4610   4609     14
   5034  4139     4072.7670    71     4090.0000     4015.3790   131705    1.82%  x(c48_3_c11_3) U   5034   3177     19
   5440  4433     4061.1668    24     4090.0000     4016.4565   143417    1.80%  x(c17_2_c18_2) U   5440   4833     18
   5800  4682     4017.5374    82     4090.0000     4017.5423   155230    1.77%  x(c35_1_c47_1) D   5800   5067     15
   6136  4927        cutoff           4090.0000     4018.1026   164517    1.76%    x(c4_3_c9_3) U   6136    463     34
   6574  5224     4043.1242    51     4090.0000     4019.3056   176711    1.73%   x(c5_2_c34_2) U   6574   4851     14
*  7000+ 5258                         4082.0000     4020.1830             1.51%
   7000  5260     4021.9067    74     4082.0000     4020.1868   185969    1.51%  x(c45_2_c36_2) D   7000   4692     38
   7521  5654     4040.3566    65     4082.0000     4021.0441   196541    1.49%   x(c3_3_c30_3) U   7521   3645     12
   8000  6015     4022.2971    63     4082.0000     4021.8260   207304    1.47%  x(c18_2_c15_2) D   8000   7999     47
   8410  6287     4022.8733    18     4082.0000     4022.6706   219475    1.45%  x(c18_2_c45_2) D   8410   8409     48
Elapsed time = 10.59 sec. (23697.06 ticks, tree = 6.42 MB, solutions = 2)
   8827  6534     4070.0000    31     4082.0000     4023.8333   231858    1.42%  x(c17_2_c36_2) U   8827   8826     18
   9281  6867     4028.5670   113     4082.0000     4024.9091   244043    1.40%  x(c45_3_c21_3) D   9281   9279     17
   9718  7212     4040.7296    83     4082.0000     4025.8322   256888    1.38%   x(c12_3_c9_3) D   9718   9716     20
  10163  7553     4052.6579    25     4082.0000     4026.8271   269416    1.35%  x(c37_2_c16_2) U  10163   5804     23
  10650  7927     4046.7058    70     4082.0000     4027.6899   281901    1.33%  x(c21_2_c45_2) U  10650  10649     12
  11133  8287     4045.8223    69     4082.0000     4028.4600   293473    1.31%  x(c13_3_c14_3) U  11133   9196     26
  11595  8575        cutoff           4082.0000     4029.0130   305210    1.30%    x(c7_3_c6_3) U  11595    974     24
  12025  8957     4059.1591    31     4082.0000     4029.3490   314133    1.29%  x(c26_3_c48_3) U  12025  12023     18
  12581  9392     4050.4653    57     4082.0000     4029.7932   325026    1.28%     x(c11_2_Om) U  12581  11081     26
  13014  9736     4076.0000    61     4082.0000     4030.0322   334195    1.27%   x(c6_3_c11_3) U  13014   3562     23
Elapsed time = 14.95 sec. (33265.05 ticks, tree = 10.04 MB, solutions = 2)
  13566 10186     4035.6024    93     4082.0000     4030.3838   345595    1.26%   x(c34_3_c4_3) D  13566  11317     17
  14069 10564     4030.6667    27     4082.0000     4030.6667   355618    1.26%     x(c12_2_Om) N  14069  11165     31
  14572 10910     4031.3486    24     4082.0000     4031.0000   367259    1.25%  x(c18_2_c45_2) D  14572  14571     25
  15000 11272     4031.2392    59     4082.0000     4031.0590   375193    1.25%  x(c24_1_c47_1) D  15000  14999     21
  15544 11702        cutoff           4082.0000     4031.3040   386625    1.24%  x(c17_2_c33_2) U  15544  12569     36
  16016 12051     4036.9133    79     4082.0000     4031.5557   398093    1.24%  x(c16_3_c19_3) D  16016   5037     15
  16543 12443     4039.4117    81     4082.0000     4031.7500   408435    1.23%    x(c9_3_c7_3) N  16543   8937     12
  17000 12781     4032.4178    58     4082.0000     4032.0000   417886    1.22%  x(c23_1_c43_1) D  17000  16998     34
  17503 13132     4063.2038    54     4082.0000     4032.1868   429702    1.22%   x(c3_2_c42_2) D  17503  17501     68
  18010 13527     4032.4767    65     4082.0000     4032.3937   440846    1.22%  x(c26_3_c48_3) D  18010  18009     34
Elapsed time = 19.43 sec. (43166.56 ticks, tree = 13.62 MB, solutions = 2)
  18487 13836     4032.7168    33     4082.0000     4032.6822   452626    1.21%    x(c6_1_c5_1) D  18487  18486     25
  18999 14130     4033.0378    58     4082.0000     4033.0000   463950    1.20%   x(c2_3_c12_3) D  18999  18998     28
  19319 14375        cutoff           4082.0000     4033.0401   470728    1.20%  x(c17_1_c35_1) U  19319   2606     98
  19741 14670     4068.1764    72     4082.0000     4033.2593   483126    1.19%  x(c42_2_c45_2) U  19741  11934     28
  20110 14874     4036.9652    74     4082.0000     4033.4543   492200    1.19%  x(c15_2_c36_2) D  20110  20109     30
  20520 15132        cutoff           4082.0000     4033.6551   504443    1.18%  x(c17_1_c35_1) U  20520  20518     53
  21000 15330     4039.0000    35     4082.0000     4034.0000   515999    1.18%  x(c36_2_c17_2) U  21000  11907     12
  21424 15648     4044.9886    34     4082.0000     4034.1975   528480    1.17%  x(c48_3_c11_3) U  21424  20818     26
  21812 15858     4036.8394    44     4082.0000     4034.5243   540665    1.16%  x(c43_3_c21_3) U  21812  11496     10
  22176 16009     4066.7257    52     4082.0000     4034.8269   553649    1.16%  x(c17_2_c15_2) U  22176  18269     16
Elapsed time = 23.82 sec. (52783.27 ticks, tree = 16.04 MB, solutions = 2)
  22546 16172     4076.7050    34     4082.0000     4035.1214   566517    1.15%  x(c21_2_c45_2) U  22546  18385     19
  22932 16297        cutoff           4082.0000     4035.3786   578657    1.14%  x(c47_2_c17_2) U  22932  13885     47
  23148 16384        cutoff           4082.0000     4035.5973   586617    1.14%  x(c45_2_c36_2) U  23148  18583     46
  23531 16528     4036.8811    88     4082.0000     4036.0149   599548    1.13%  x(c16_2_c18_2) U  23531  23529     31
  23928 16767     4044.7613    68     4082.0000     4036.3371   612575    1.12%  x(c15_2_c36_2) D  23928  23927     20
  24167 16910     4037.1133    49     4082.0000     4036.5497   620154    1.11%   x(c43_3_c2_3) U  24167  24166     23
  24558 17148     4041.0581    68     4082.0000     4036.9045   632994    1.10%  x(c17_2_c16_2) D  24558  24556     20
  24970 17413     4040.8886    53     4082.0000     4037.1905   645393    1.10%  x(c37_2_c16_2) D  24970  24968     25
  25351 17635     4042.8917    55     4082.0000     4037.5284   658136    1.09%  x(c16_2_c17_2) U  25351  20706     13
  25779 17849     4054.3333    33     4082.0000     4037.9313   669697    1.08%  x(c11_2_c12_2) D  25779  22793     19
Elapsed time = 28.18 sec. (62330.63 ticks, tree = 18.49 MB, solutions = 2)
  26180 18160     4079.5066    41     4082.0000     4038.1128   682132    1.08%  x(c17_2_c16_2) N  26180  26178     30
  26568 18425     4064.4218    40     4082.0000     4038.4254   694508    1.07%    x(c4_2_c5_2) U  26568  22537     24
  26979 18693     4039.1324    87     4082.0000     4038.7097   706752    1.06%  x(c26_3_c48_3) D  26979  26977     17
  27348 18912     4038.9256    62     4082.0000     4038.8865   715316    1.06%  x(c17_1_c47_1) D  27348  27347     25
  27721 19173     4042.4287    39     4082.0000     4039.1171   727943    1.05%  x(c15_2_c17_2) N  27721   5640     13
  28000 19380     4039.5327    84     4082.0000     4039.2678   735530    1.05%   x(c3_2_c29_2) D  28000  26520     21
  28449 19708     4040.1421    65     4082.0000     4039.4554   747121    1.04%  x(c23_1_c43_1) D  28449  25528     29
  28878 20016        cutoff           4082.0000     4039.6831   759013    1.04%  x(c18_2_c36_2) U  28878  13020     26
  29139 20210     4060.7650    50     4082.0000     4039.8498   766014    1.03%     x(c12_2_Om) U  29139  21335     27
  29558 20501     4042.0011    39     4082.0000     4040.0011   777588    1.03%  x(c15_2_c17_2) D  29558  13046      9
Elapsed time = 32.46 sec. (71945.85 ticks, tree = 21.06 MB, solutions = 2)
  29968 20804     4059.7585    71     4082.0000     4040.1759   789419    1.02%  x(c17_2_c18_2) U  29968  29911     34
  30366 21078     4053.3333    57     4082.0000     4040.3743   801546    1.02%  x(c23_1_c43_1) D  30366  25475     21
  30776 21367     4040.5933    64     4082.0000     4040.5593   813431    1.02%     x(c12_1_Om) N  30776  29269     29
  31089 21590     4063.7033    33     4082.0000     4040.6793   820625    1.01%  x(c18_2_c19_2) U  31089  31087     36
  31588 21940     4046.2470    61     4082.0000     4040.8842   831313    1.01%  x(c23_1_c43_1) U  31588  27746     26
  31980 22183     4050.1151    29     4082.0000     4041.0238   842543    1.00%  x(c26_3_c48_3) D  31980  31979     38
  32356 22399     4058.0034    76     4082.0000     4041.1764   852396    1.00%  x(c16_2_c45_2) U  32356  15597     60
  32827 22728     4079.3153    45     4082.0000     4041.3181   863686    1.00%     x(c12_1_Om) U  32827  12736     42
  33270 23021     4058.0000    34     4082.0000     4041.4636   875045    0.99%  x(c15_3_c18_3) D  33270   9006     33
  33709 23306     4043.4444    40     4082.0000     4041.6119   886546    0.99%   x(c9_3_c32_3) D  33709  27023     17
Elapsed time = 36.70 sec. (81500.25 ticks, tree = 23.81 MB, solutions = 2)
  34000 23499     4041.8392    36     4082.0000     4041.7075   893863    0.99%     x(Op_c11_3) D  34000  33999     36
  34454 23833     4067.7619   103     4082.0000     4041.8634   905017    0.98%  x(c37_2_c16_2) D  34454   9065     14
  34860 24101     4045.3374    42     4082.0000     4042.0041   916644    0.98%  x(c15_2_c17_2) D  34860  34858     16
  35165 24310     4047.6729    27     4082.0000     4042.1225   926077    0.98%    x(c5_2_c4_2) U  35165  16758     31
  35580 24570     4042.6785    54     4082.0000     4042.2582   937569    0.97%  x(c21_3_c45_3) D  35580  35579     50
  36014 24878     4073.4085    74     4082.0000     4042.3704   948835    0.97%  x(c16_2_c36_2) N  36014  36013     25
  36449 25151     4057.5575    53     4082.0000     4042.5045   959963    0.97%  x(c15_2_c36_2) D  36449  36448     19
  36857 25392        cutoff           4082.0000     4042.6551   971678    0.96%  x(c18_1_c46_1) D  36857  22672     45
  37310 25669        cutoff           4082.0000     4042.8126   983057    0.96%   x(c30_1_c5_1) U  37310  35980     24
  39030 26789     4052.0525    46     4082.0000     4043.3014  1027984    0.95%  x(c37_2_c16_2) D  39030   7582     23
Elapsed time = 42.21 sec. (93973.65 ticks, tree = 27.29 MB, solutions = 2)
  40724 27767     4054.7572    76     4082.0000     4043.7917  1072298    0.94%  x(c11_2_c12_2) D  40724  40723     14
  42387 28819     4056.0000    38     4082.0000     4044.2904  1116536    0.92%  x(c16_2_c36_2) D  42387  15622     23
  43647 29494     4064.6817    65     4082.0000     4044.7962  1161519    0.91%  x(c16_2_c45_2) U  43647  28029     18
  44891 30224     4077.4314    39     4082.0000     4045.1885  1207058    0.90%  x(c21_2_c45_2) D  44891  23437     20
  46032 30858     4062.5572    87     4082.0000     4045.6313  1248030    0.89%  x(c16_2_c18_2) U  46032  46030     26
  47288 31517     4080.1100    76     4082.0000     4046.0538  1289765    0.88%     x(c12_2_Om) N  47288  13481     74
  48520 32183     4048.0000    98     4082.0000     4046.4955  1331504    0.87%  x(c16_3_c19_3) D  48520  31420     11
  49893 32915     4052.0415    26     4082.0000     4047.0000  1372740    0.86%  x(c23_1_c43_1) U  49893  44203     18
  51022 33486     4067.8333    25     4082.0000     4047.3726  1414478    0.85%      x(c2_3_Om) D  51022  48199     48
  52418 34310     4058.4737    64     4082.0000     4047.8000  1460348    0.84%   x(c43_1_c3_1) U  52418  51120     24
Elapsed time = 59.13 sec. (132139.75 ticks, tree = 36.36 MB, solutions = 2)
  53701 35083     4070.1975    74     4082.0000     4048.1691  1504405    0.83%     x(Op_c11_2) D  53701    130     28
  55000 35861     4049.4653    74     4082.0000     4048.5333  1547835    0.82%  x(c43_3_c45_3) D  55000  54998     22
  56295 36493        cutoff           4082.0000     4048.9929  1589942    0.81%   x(c26_3_c2_3) U  56295  23342     24
  57399 37111     4066.5543    80     4082.0000     4049.2401  1628919    0.80%   x(c5_2_c34_2) N  57399  57398     24
  58819 37980        cutoff           4082.0000     4049.5837  1671810    0.79%  x(c43_3_c45_3) U  58819  58602     41
  60118 38630     4050.1667    70     4082.0000     4049.9706  1712029    0.78%  x(c23_1_c43_1) D  60118  47861     32
  61350 39359     4070.1724    62     4082.0000     4050.2399  1758162    0.78%  x(c35_1_c47_1) U  61350  15673     29
  62761 40103     4058.4450    69     4082.0000     4050.5676  1800932    0.77%  x(c16_2_c17_2) U  62761  62760     18
  64012 40773     4050.9211    29     4082.0000     4050.8620  1835526    0.76%   x(c26_3_c9_3) N  64012  64011     39
  65377 41541     4079.5046    40     4082.0000     4051.1667  1879487    0.76%    x(c9_3_c7_3) D  65377  39723     27
Elapsed time = 75.75 sec. (170654.28 ticks, tree = 43.77 MB, solutions = 2)
  66627 42224     4051.4248    41     4082.0000     4051.4248  1916101    0.75%  x(c23_1_c43_1) D  66627  56137     48
  67933 42908        cutoff           4082.0000     4051.7391  1955834    0.74%     x(c12_2_Om) U  67933  46513     26
  69098 43547     4053.0000    46     4082.0000     4052.0000  1992097    0.73%  x(c47_1_c24_1) N  69098  61768     17
  70305 44173     4052.2275    55     4082.0000     4052.2276  2036217    0.73%  x(c17_2_c15_2) D  70305  67930     16
  71580 44943     4059.7888    59     4082.0000     4052.4701  2075622    0.72%     x(c11_1_Om) D  71580  24774     49
  72932 45810        cutoff           4082.0000     4052.6783  2115466    0.72%  x(c21_2_c45_2) U  72932  70985     43
  74285 46526     4078.3862    56     4082.0000     4052.9731  2155096    0.71%     x(c12_1_Om) U  74285  74284     34
  75550 47185     4075.0226    47     4082.0000     4053.1848  2197601    0.71%     x(Op_c11_2) U  75550  75549     29
  76840 47875     4053.5000    79     4082.0000     4053.4232  2236988    0.70%   x(c5_2_c31_2) D  76840  73270     22
  78183 48519        cutoff           4082.0000     4053.6667  2279110    0.69%  x(c16_2_c18_2) U  78183  78182     23
Elapsed time = 91.79 sec. (208818.88 ticks, tree = 50.94 MB, solutions = 2)
  79437 49073     4076.7264    56     4082.0000     4053.9113  2317154    0.69%    x(c9_3_c7_3) D  79437  49740     27
  80679 49771     4055.4239    72     4082.0000     4054.0836  2359274    0.68%  x(c15_2_c36_2) D  80679  80678     25
  82000 50364     4058.0629    36     4082.0000     4054.3043  2398930    0.68%  x(c18_2_c33_2) N  82000  46509     47
  83370 51134     4062.0000    87     4082.0000     4054.5003  2440714    0.67%  x(c18_1_c14_1) U  83370  67496     18
  84788 51847     4062.6203    44     4082.0000     4054.7429  2480943    0.67%  x(c16_2_c45_2) D  84788  72751     25
  85999 52429     4062.7193    34     4082.0000     4054.9453  2512210    0.66%     x(c12_1_Om) N  85999  85998     28
  87063 53045     4078.1720    68     4082.0000     4055.0604  2547468    0.66%   x(c3_2_c29_2) U  87063  57342     13
  88350 53660     4055.3248    55     4082.0000     4055.2613  2587266    0.66%   x(c8_2_c36_2) D  88350  88349     34
  89712 54310        cutoff           4082.0000     4055.4864  2626044    0.65%   x(c5_2_c34_2) D  89712  18477     30
  91090 55013     4074.7500    53     4082.0000     4055.6576  2661155    0.65%    x(c6_1_c5_1) D  91090  77164     18
Elapsed time = 107.54 sec. (247126.39 ticks, tree = 57.80 MB, solutions = 2)
  92532 55706        cutoff           4082.0000     4055.8645  2700362    0.64%   x(c6_1_c11_1) D  92532  72302     34
  93932 56365     4061.5000    28     4082.0000     4056.0479  2742030    0.64%  x(c26_3_c48_3) N  93932  44341     26
  95392 57072     4062.3333    43     4082.0000     4056.2738  2783979    0.63%  x(c14_3_c13_3) D  95392  62828     24
  96805 57776     4059.7850    43     4082.0000     4056.5000  2826406    0.62%     x(c12_2_Om) D  96805  96803     26
  98247 58516        cutoff           4082.0000     4056.6715  2867619    0.62%   x(c30_1_c5_1) U  98247  91545     31
  99803 59202     4070.3784    79     4082.0000     4056.9091  2906074    0.61%   x(c12_3_c9_3) N  99803  41095     14
 101207 59915     4057.8983    42     4082.0000     4057.0652  2948425    0.61%   x(c3_2_c29_2) D 101207  94021     20
 102659 60673     4074.5111    76     4082.0000     4057.2614  2988361    0.61%  x(c35_1_c47_1) U 102659  74680     20
 104045 61247     4058.0393    62     4082.0000     4057.4377  3028143    0.60%     x(c12_1_Om) D 104045 104043     28
 105551 61945     4066.2987    82     4082.0000     4057.6053  3068561    0.60%   x(c6_1_c11_1) U 105551  64916     20
Elapsed time = 123.13 sec. (285285.75 ticks, tree = 65.22 MB, solutions = 2)
 107119 62606     4067.5044    74     4082.0000     4057.8043  3106184    0.59%  x(c15_2_c36_2) U 107119 107118     15
 108648 63293     4059.5754    56     4082.0000     4058.0000  3143781    0.59%   x(c43_3_c2_3) U 108648 108646     31
 109979 63987     4071.0000    35     4082.0000     4058.1074  3185500    0.59%      x(c2_3_Om) N 109979  56713     31
 111412 64565     4068.4558    76     4082.0000     4058.3153  3224539    0.58%      x(c2_3_Om) U 111412 111410     21
 112875 65250     4058.5966    40     4082.0000     4058.4872  3263899    0.58%  x(c16_2_c17_2) U 112875  87466     34
 114431 66128     4058.6097    83     4082.0000     4058.6097  3301620    0.57%  x(c18_2_c36_2) D 114431  87964     17
 116014 66883     4065.3235    78     4082.0000     4058.7913  3339641    0.57%  x(c15_2_c36_2) N 116014  98428     27
 117669 67742        cutoff           4082.0000     4058.9434  3374594    0.56%     x(Op_c21_2) U 117669  76144     49
 119084 68425        cutoff           4082.0000     4059.0433  3412367    0.56%     x(Op_c11_2) U 119084 110487     26
 120545 68991     4069.1848    80     4082.0000     4059.1986  3450049    0.56%  x(c21_2_c17_2) U 120545  71569     14
Elapsed time = 138.45 sec. (323452.05 ticks, tree = 75.57 MB, solutions = 2)
 121953 69510        cutoff           4082.0000     4059.3473  3488235    0.55%  x(c17_1_c46_1) U 121953  87523     33
 123492 70091        cutoff           4082.0000     4059.5000  3525311    0.55%  x(c47_1_c24_1) U 123492  74561     30
 124989 70802     4062.0632    61     4082.0000     4059.6348  3562666    0.55%     x(c12_1_Om) D 124989 124987     25
 126508 71433     4063.2324    58     4082.0000     4059.7909  3599755    0.54%   x(c4_3_c30_3) N 126508 126506     33
 128075 72035     4067.0000    28     4082.0000     4059.9677  3636423    0.54%  x(c45_1_c22_1) N 128075 114316     43
 129485 72732     4080.2867    21     4082.0000     4060.0483  3674879    0.54%    x(c3_1_c5_1) U 129485 128377     39
 131001 73325    infeasible           4082.0000     4060.2059  3711120    0.53%  x(c43_2_c44_2) U 131001 104909     33
 132456 73811     4072.8830    61     4082.0000     4060.3356  3747963    0.53%  x(c21_2_c45_2) U 132456  85753     19
 134069 74487     4074.8131    79     4082.0000     4060.4907  3783516    0.53%     x(c12_2_Om) N 134069 124238     25
 135649 75103     4073.7420    63     4082.0000     4060.6021  3819997    0.52%     x(c12_2_Om) U 135649  53365     14
Elapsed time = 153.47 sec. (361615.93 ticks, tree = 82.14 MB, solutions = 2)
 137224 75634     4060.7429    74     4082.0000     4060.7429  3854232    0.52%  x(c18_2_c45_2) N 137224 132892     24
 138785 76201     4070.4977    57     4082.0000     4060.8921  3889894    0.52%  x(c16_2_c17_2) D 138785 138783     18
 140305 76846     4070.0917    39     4082.0000     4061.0046  3925775    0.51%  x(c18_1_c14_1) U 140305  69103     38
 141764 77447        cutoff           4082.0000     4061.1173  3962874    0.51%  x(c45_2_c21_2) U 141764 135974     40
 143319 78035     4066.4000    53     4082.0000     4061.2500  3998632    0.51%  x(c16_2_c17_2) N 143319  91220     43
 144814 78544     4067.8144    31     4082.0000     4061.3678  4033017    0.51%  x(c21_2_c45_2) U 144814 128890     26
 146159 78970     4067.0082    31     4082.0000     4061.5000  4064913    0.50%  x(c42_1_c43_1) U 146159 118279     27
 147696 79592     4079.1581    51     4082.0000     4061.6045  4099483    0.50%  x(c18_1_c14_1) N 147696 128126     33
 149303 80117     4077.0016    70     4082.0000     4061.7496  4133854    0.50%     x(c12_2_Om) N 149303  52832     27
 150893 80655        cutoff           4082.0000     4061.8878  4166620    0.49%   x(c30_1_c5_1) U 150893 114839     40
Elapsed time = 168.23 sec. (399787.65 ticks, tree = 88.22 MB, solutions = 2)
 152215 81132     4069.2859    48     4082.0000     4062.0000  4194520    0.49%    x(c6_1_c5_1) N 152215  60312     21
 153639 81658     4079.4925    52     4082.0000     4062.0741  4229240    0.49%  x(c35_1_c47_1) U 153639  95160     15
 154958 82076        cutoff           4082.0000     4062.1988  4261728    0.49%   x(c30_1_c5_1) U 154958  99802     30
 156277 82477        cutoff           4082.0000     4062.3120  4290792    0.48%     x(c12_1_Om) U 156277  96271     26
 157627 82880     4068.0000    73     4082.0000     4062.4050  4320458    0.48%     x(c12_2_Om) N 157627  46584     34
 159107 83373     4063.7500    44     4082.0000     4062.5026  4353470    0.48%  x(c42_1_c20_1) N 159107 159103     24
 160583 83834     4062.6173    72     4082.0000     4062.6173  4384014    0.47%  x(c17_2_c18_2) D 160583  99773     19
 162174 84330     4063.9898    42     4082.0000     4062.7400  4415271    0.47%  x(c26_3_c48_3) N 162174  90695     25
 163675 84719     4074.6114    69     4082.0000     4062.8615  4446261    0.47%  x(c21_2_c45_2) N 163675 150429     20
 165162 85194     4063.0390    39     4082.0000     4063.0000  4476201    0.47%  x(c21_2_c45_2) N 165162 165161     27
Elapsed time = 182.62 sec. (437954.82 ticks, tree = 93.17 MB, solutions = 2)
 166518 85637     4064.8920    50     4082.0000     4063.0600  4511338    0.46%     x(c12_1_Om) D 166518 135345     35
 167930 85952        cutoff           4082.0000     4063.1821  4542776    0.46%   x(c26_3_c2_3) U 167930 123233     34
 169326 86303     4073.1414    97     4082.0000     4063.3073  4574010    0.46%  x(c45_2_c17_2) D 169326  28081     19
 170766 86692     4072.7382    65     4082.0000     4063.4000  4602812    0.46%  x(c12_1_c11_1) U 170766 170765     27
 172125 87012     4067.0197    32     4082.0000     4063.5000  4632183    0.45%  x(c18_1_c14_1) U 172125 152893     16
 173575 87312     4068.5000    48     4082.0000     4063.6102  4663242    0.45%  x(c18_1_c46_1) N 173575 130838     29
 174898 87655     4063.7222    47     4082.0000     4063.7222  4690141    0.45%      x(Op_c9_3) N 174898 163955     35
 176337 88065     4075.7474    58     4082.0000     4063.8235  4717133    0.45%  x(c34_2_c29_2) N 176337 176336     35
 177861 88407     4064.8620    74     4082.0000     4063.9654  4746379    0.44%  x(c17_2_c18_2) N 177861 167101     25
 179141 88918     4064.1963    18     4082.0000     4064.0000  4773444    0.44%  x(c17_1_c46_1) N 179141 179140     32
Elapsed time = 196.96 sec. (476118.18 ticks, tree = 97.38 MB, solutions = 2)
 180512 89405     4064.7875    25     4082.0000     4064.0652  4802356    0.44%    x(c3_1_c5_1) N 180512 178374     33
 181966 89788        cutoff           4082.0000     4064.1686  4832246    0.44%   x(c3_1_c43_1) U 181966 181964     41
 183296 90122        cutoff           4082.0000     4064.2590  4860404    0.43%  x(c16_2_c17_2) D 183296 173443     23
 184806 90489     4078.8158    91     4082.0000     4064.3510  4890397    0.43%   x(c5_2_c34_2) D 184806  87867     19
 186235 90774     4069.6054    57     4082.0000     4064.4564  4919490    0.43%  x(c27_2_c11_2) N 186235 174375     39
 187709 91133     4064.5554    42     4082.0000     4064.5398  4950073    0.43%  x(c35_1_c47_1) D 187709 134767     30
 189002 91484     4066.6623    89     4082.0000     4064.6300  4974473    0.43%  x(c21_2_c17_2) N 189002  30749     22
 190548 91886     4065.1709    78     4082.0000     4064.7321  5003414    0.42%   x(c5_2_c31_2) D 190548 177785     22
 192000 92241     4068.0147    52     4082.0000     4064.8383  5031787    0.42%    x(c6_1_c5_1) D 192000 143514     20
 193456 92523     4069.6887    70     4082.0000     4064.9558  5060804    0.42%   x(c6_1_c11_1) N 193456  53402     29
Elapsed time = 210.95 sec. (514318.31 ticks, tree = 101.55 MB, solutions = 2)
 194679 92859        cutoff           4082.0000     4065.0000  5091071    0.42%  x(c18_1_c47_1) U 194679  55386     45
 196000 93189     4070.7727    65     4082.0000     4065.0714  5120456    0.41%  x(c17_2_c18_2) N 196000  49240     22
 197426 93411        cutoff           4082.0000     4065.1731  5148808    0.41%  x(c16_2_c17_2) D 197426 154287     25
 198886 93686        cutoff           4082.0000     4065.2857  5177620    0.41%  x(c17_2_c18_2) U 198886  86680     18
 200173 93983     4070.7315    57     4082.0000     4065.3468  5205739    0.41%  x(c26_3_c48_3) N 200173 173916     44
 201638 94274     4065.9324    82     4082.0000     4065.4393  5233872    0.41%    x(c6_1_c5_1) D 201638  26091     26
 203019 94615     4066.2756    72     4082.0000     4065.5079  5264233    0.40%  x(c43_3_c45_3) U 203019 145671     17
 204440 94968     4074.3389    77     4082.0000     4065.5933  5294728    0.40%     x(Op_c11_1) N 204440 186946     21
 205740 95223     4079.1810    81     4082.0000     4065.6667  5319206    0.40%  x(c17_2_c45_2) N 205740 205739     28
 207170 95592     4067.2500    71     4082.0000     4065.7690  5348135    0.40%  x(c23_1_c43_1) D 207170  72223     19
Elapsed time = 225.10 sec. (552899.91 ticks, tree = 105.10 MB, solutions = 2)
 208644 95874     4079.1129    55     4082.0000     4065.8733  5376359    0.40%  x(c15_2_c36_2) U 208644 208643     26
 209859 96139     4072.4682    97     4082.0000     4065.9622  5400704    0.39%  x(c26_3_c48_3) U 209859  25417     21
 211236 96531     4076.3333    48     4082.0000     4066.0000  5431955    0.39%  x(c15_2_c36_2) N 211236 183184     22
 212679 96867     4066.0796    57     4082.0000     4066.0753  5461547    0.39%  x(c12_1_c28_1) D 212679 177989     48
 213937 97019     4069.8228    37     4082.0000     4066.1667  5488117    0.39%  x(c34_2_c29_2) N 213937 169708     33
 215364 97265     4074.7861    65     4082.0000     4066.2582  5515249    0.39%     x(c12_1_Om) U 215364 215363     33
 216735 97442     4066.3692    59     4082.0000     4066.3333  5541056    0.38%  x(c17_2_c18_2) N 216735 184589     17
 218139 97720     4066.4235    74     4082.0000     4066.4235  5570967    0.38%     x(c12_2_Om) N 218139 126362     16
 219596 98078     4075.5000    29     4082.0000     4066.5000  5601241    0.38%  x(c23_1_c43_1) N 219596 206572     22
 221000 98302     4066.5739    73     4082.0000     4066.5739  5627312    0.38%   x(c3_2_c29_2) N 221000 204584     31
Elapsed time = 238.82 sec. (591071.92 ticks, tree = 108.34 MB, solutions = 2)
 222480 98622     4072.6879    82     4082.0000     4066.6652  5654278    0.38%  x(c23_1_c43_1) D 222480  25992     30
 223840 98814        cutoff           4082.0000     4066.7404  5681015    0.37%   x(c30_1_c5_1) U 223840 223839     23
 225251 99011    infeasible           4082.0000     4066.8264  5705329    0.37%  x(c18_2_c37_2) D 225251  82570     37
 226684 99258     4070.6235    94     4082.0000     4066.9049  5728197    0.37%  x(c11_2_c12_2) N 226684  85228     25
 228136 99472     4073.3520    69     4082.0000     4067.0000  5755224    0.37%  x(c17_2_c45_2) N 228136    846     46
 229464 99820     4067.1424    62     4082.0000     4067.0191  5787087    0.37%  x(c15_2_c36_2) U 229464 229463     44
 230901 100117     4067.5361    58     4082.0000     4067.0935  5813432    0.37%  x(c18_2_c33_2) N 230901  57782     27
 232351 100392        cutoff           4082.0000     4067.1715  5839388    0.36%  x(c16_2_c45_2) U 232351 232350     36
 233897 100606        cutoff           4082.0000     4067.2544  5865306    0.36%  x(c35_1_c47_1) U 233897  95276     33
 235304 100833     4067.3881    23     4082.0000     4067.3333  5889615    0.36%  x(c46_1_c20_1) D 235304 214118     44
Elapsed time = 252.29 sec. (629236.05 ticks, tree = 111.41 MB, solutions = 2)
 236706 101115     4079.6437    86     4082.0000     4067.3840  5914885    0.36%  x(c16_2_c17_2) N 236706  40242     34
 238243 101343        cutoff           4082.0000     4067.4681  5940312    0.36%  x(c26_3_c21_3) U 238243 190048     38
 239716 101577     4078.5343    62     4082.0000     4067.5226  5968007    0.35%  x(c15_2_c36_2) N 239716 142356     28
 241170 101852     4067.7692    35     4082.0000     4067.5838  5992359    0.35%     x(Op_c11_2) D 241170 241169     45
 242732 102121     4068.0000    30     4082.0000     4067.6667  6017701    0.35%    x(c4_2_c5_2) D 242732 234603     32
 244214 102301     4076.6935    62     4082.0000     4067.7475  6042291    0.35%     x(c12_1_Om) U 244214 244213     40
 245742 102408     4070.0466    56     4082.0000     4067.8333  6067096    0.35%  x(c23_1_c43_1) N 245742 216545     34
 247161 102478        cutoff           4082.0000     4067.9213  6091395    0.34%  x(c34_2_c29_2) D 247161 121628     35
 248655 102648     4073.3077    36     4082.0000     4068.0000  6117796    0.34%  x(c16_2_c18_2) N 248655 248653     30
 249974 102780     4068.9362    32     4082.0000     4068.0309  6146071    0.34%   x(c26_3_c2_3) D 249974 203991     37
Elapsed time = 265.51 sec. (667400.34 ticks, tree = 113.84 MB, solutions = 2)
 251454 102928        cutoff           4082.0000     4068.1044  6172412    0.34%  x(c16_2_c36_2) U 251454 251095     22
 252924 103055        cutoff           4082.0000     4068.1950  6198496    0.34%   x(c5_2_c34_2) U 252924 214376     22
 254361 103140     4071.4604    60     4082.0000     4068.2840  6225117    0.34%  x(c47_1_c24_1) N 254361 254359     26
 255800 103297        cutoff           4082.0000     4068.3436  6252241    0.33%  x(c35_1_c47_1) U 255800 241171     37
 257291 103443     4075.1637    46     4082.0000     4068.4220  6276783    0.33%   x(c6_1_c30_1) N 257291 129998     35
 258598 103602     4071.0000    30     4082.0000     4068.5000  6300011    0.33%  x(c21_2_c45_2) U 258598 258597     33
 260008 103867     4068.9676    66     4082.0000     4068.5365  6327545    0.33%     x(Op_c21_2) D 260008 260007     35
 261527 104044        cutoff           4082.0000     4068.6110  6352003    0.33%    x(c6_1_c4_1) D 261527 261526     35
 263043 104151        cutoff           4082.0000     4068.6885  6376356    0.33%   x(c6_1_c11_1) D 263043 121091     26
 264585 104257     4078.5000    36     4082.0000     4068.7734  6400581    0.32%   x(c2_3_c12_3) D 264585 264584     29
Elapsed time = 278.67 sec. (705557.43 ticks, tree = 115.78 MB, solutions = 2)
 266041 104361     4068.8432    26     4082.0000     4068.8434  6423149    0.32%     x(c12_1_Om) D 266041 255793     28
 267591 104375     4072.9101    75     4082.0000     4068.9519  6446742    0.32%  x(c43_3_c45_3) N 267591 267589     24
 269000 104543     4070.0000    47     4082.0000     4069.0000  6473054    0.32%  x(c43_3_c48_3) N 269000 110042     47
 270374 104645     4072.1808    38     4082.0000     4069.0430  6501111    0.32%   x(c3_1_c30_1) N 270374 270373     54
 271855 104721    infeasible           4082.0000     4069.1177  6526338    0.32%  x(c18_1_c35_1) D 271855 271854     45
 273328 104784     4078.5147    78     4082.0000     4069.1931  6550039    0.31%  x(c15_2_c36_2) N 273328 143444     12
 274817 104820     4070.8793    97     4082.0000     4069.2740  6573638    0.31%      x(c2_3_Om) U 274817 241810     42
 276136 104806     4069.3333    32     4082.0000     4069.3333  6595514    0.31%  x(c47_3_c16_3) N 276136 204319     13
 277509 104801     4077.5740    74     4082.0000     4069.4018  6618134    0.31%    x(c7_3_c9_3) N 277509 105437     19
 278995 104831     4070.1825    47     4082.0000     4069.4977  6642300    0.31%  x(c38_3_c18_3) D 278995 268174     38
Elapsed time = 291.83 sec. (743992.62 ticks, tree = 116.80 MB, solutions = 2)
 280459 105017        cutoff           4082.0000     4069.5308  6669939    0.31%  x(c15_2_c19_2) D 280459 204706     20
 281879 105030     4069.6373    75     4082.0000     4069.5999  6691846    0.30%    x(c3_3_c4_3) N 281879 281878     21
 283281 105078        cutoff           4082.0000     4069.6667  6714267    0.30%  x(c11_2_c12_2) N 283281 177420     25
 284795 105063     4074.6153    73     4082.0000     4069.7500  6738111    0.30%  x(c23_1_c43_1) D 284795 284793     33
 286270 105124     4076.8226    67     4082.0000     4069.8235  6761713    0.30%  x(c18_1_c46_1) D 286270 286268     35
 287781 105169     4069.9037    71     4082.0000     4069.9038  6786069    0.30%   x(c7_3_c12_3) N 287781 232002     31
 289221 105167     4078.3333    48     4082.0000     4070.0000  6806926    0.29%      x(c2_3_Om) N 289221 152871     29
 290488 105377     4078.7167    53     4082.0000     4070.0000  6834022    0.29%   x(c5_2_c31_2) N 290488 290487     40
 291702 105423     4070.0517    62     4082.0000     4070.0518  6857658    0.29%  x(c35_1_c47_1) N 291702 181467     24
 293108 105422     4077.6677    79     4082.0000     4070.1167  6882076    0.29%   x(c11_3_c7_3) N 293108  57414     15
Elapsed time = 304.81 sec. (782160.30 ticks, tree = 117.82 MB, solutions = 2)
 294517 105507     4070.2117    15     4082.0000     4070.1869  6907091    0.29%  x(c27_2_c45_2) D 294517 291372     27
 295941 105507        cutoff           4082.0000     4070.2582  6932372    0.29%   x(c6_1_c11_1) U 295941  66306     32
 297292 105440     4074.6296    43     4082.0000     4070.3333  6955119    0.29%   x(c3_1_c43_1) N 297292 297291     32
 298534 105499     4078.5000    43     4082.0000     4070.3750  6976027    0.28%     x(c12_1_Om) N 298534 225085     27
 299943 105446     4072.9524    54     4082.0000     4070.4524  6999548    0.28%   x(c34_3_c4_3) D 299943 299942     29
 301140 105406     4073.5000    38     4082.0000     4070.5000  7019393    0.28%   x(c43_3_c9_3) D 301140 301138     23
 302502 105476     4074.2080    89     4082.0000     4070.5544  7041281    0.28%  x(c15_2_c36_2) N 302502 183910     60
 303980 105435     4071.0000    31     4082.0000     4070.6250  7064097    0.28%   x(c12_3_c9_3) N 303980 210649     15
 305469 105481        cutoff           4082.0000     4070.6893  7087927    0.28%     x(c12_1_Om) U 305469 201514     27
 306955 105398        cutoff           4082.0000     4070.7602  7110320    0.28%     x(Op_c11_2) U 306955 260082     25
Elapsed time = 317.57 sec. (820324.11 ticks, tree = 118.25 MB, solutions = 2)
 308313 105383        cutoff           4082.0000     4070.8333  7130568    0.27%  x(c17_2_c15_2) U 308313 153739     29
 309787 105311     4070.9108    55     4082.0000     4070.9108  7153415    0.27%  x(c36_2_c16_2) N 309787 306888     29
 311131 105245        cutoff           4082.0000     4070.9970  7171841    0.27%  x(c11_2_c33_2) U 311131 294584     26
 312439 105166     4071.5867    63     4082.0000     4071.0000  7199761    0.27%   x(c8_2_c36_2) N 312439 300314     24
 313750 105170        cutoff           4082.0000     4071.0513  7224048    0.27%  x(c17_2_c15_2) D 313750 287262     15
 315106 105006    infeasible           4082.0000     4071.1232  7245914    0.27%  x(c43_3_c45_3) U 315106 267881     22
 316550 104766    infeasible           4082.0000     4071.2000  7267629    0.26%  x(c37_2_c16_2) U 316550 224811     35
 317908 104606     4072.8933    71     4082.0000     4071.2708  7289505    0.26%  x(c17_2_c15_2) D 317908 285747     23
 319397 104515     4078.0000    42     4082.0000     4071.3333  7312044    0.26%  x(c21_2_c45_2) N 319397 228660     18
 320886 104345     4071.6171    77     4082.0000     4071.4119  7334388    0.26%  x(c23_1_c43_1) D 320886 320885     22
Elapsed time = 330.20 sec. (858485.98 ticks, tree = 117.47 MB, solutions = 2)
 322288 104164     4071.6646    38     4082.0000     4071.4979  7354847    0.26%   x(c3_2_c42_2) N 322288 216154     30
 323820 104207        cutoff           4082.0000     4071.5196  7379844    0.26%   x(c11_3_c7_3) U 323820  31538     38
 325260 104126        cutoff           4082.0000     4071.5724  7399627    0.26%   x(c6_3_c32_3) U 325260 144690     25
 326772 103891     4078.5000    38     4082.0000     4071.6469  7420744    0.25%  x(c43_3_c21_3) N 326772 322908     33
 328192 103771     4071.8548   102     4082.0000     4071.7090  7442129    0.25%     x(c12_2_Om) N 328192 110516     12
 329670 103541     4071.9702    55     4082.0000     4071.7819  7463359    0.25%     x(c21_2_Om) N 329670 321901     39
 331137 103266     4079.4574    60     4082.0000     4071.8574  7484432    0.25%    x(c6_1_c5_1) D 331137 301877     21
 332658 102908     4071.9522    84     4082.0000     4071.9522  7504572    0.25%  x(c43_1_c11_1) D 332658 325271     31
 334000 102672     4072.5000    36     4082.0000     4072.0000  7523921    0.24%  x(c43_3_c12_3) N 334000 300902     26
 335349 102569        cutoff           4082.0000     4072.0194  7550006    0.24%  x(c18_1_c14_1) U 335349 127905     27
Elapsed time = 342.72 sec. (896804.44 ticks, tree = 115.91 MB, solutions = 2)
 336789 102367     4073.5247    53     4082.0000     4072.0811  7571986    0.24%  x(c18_1_c46_1) N 336789 302855     27
 338267 102154     4072.2039    42     4082.0000     4072.1498  7592989    0.24%    x(c4_1_c5_1) U 338267 338265     47
 339675 101989        cutoff           4082.0000     4072.2184  7613285    0.24%  x(c26_3_c48_3) U 339675 328160     34
 341106 101744     4080.7936    47     4082.0000     4072.2936  7635713    0.24%     x(c12_1_Om) N 341106 282014     22
 342537 101545     4072.4193    28     4082.0000     4072.3489  7656712    0.24%     x(Op_c27_2) D 342537 342536     30
 343838 101375     4075.0000    43     4082.0000     4072.4167  7676246    0.23%      x(c2_3_Om) N 343838 101314     29
 345305 101059        cutoff           4082.0000     4072.5000  7697072    0.23%   x(c3_1_c43_1) U 345305 319621     28
 346776 100813     4072.6082    66     4082.0000     4072.5343  7719668    0.23%  x(c35_1_c47_1) N 346776 346775     23
 348301 100559        cutoff           4082.0000     4072.5976  7739210    0.23%  x(c23_1_c43_1) U 348301 314981     31
 349791 100305        cutoff           4082.0000     4072.6667  7760469    0.23%   x(c30_1_c5_1) U 349791 216486     34
Elapsed time = 355.14 sec. (934967.09 ticks, tree = 113.83 MB, solutions = 2)
 351117 100058     4076.9862    75     4082.0000     4072.7327  7778723    0.23%   x(c3_2_c29_2) D 351117 172952     20
 352584 99766     4074.0263    40     4082.0000     4072.8040  7798901    0.23%  x(c15_2_c19_2) N 352584 246171     26
 354000 99520     4072.9333    60     4082.0000     4072.8667  7816723    0.22%  x(c21_2_c45_2) N 354000 331456     18
 355570 99124     4072.9667    65     4082.0000     4072.9668  7836128    0.22%     x(Op_c11_2) D 355570 305541     50
 357039 98963     4073.5456    52     4082.0000     4073.0000  7858017    0.22%     x(Op_c11_2) D 357039 269177     24
 358348 98800        cutoff           4082.0000     4073.0267  7882581    0.22%  x(c12_1_c11_1) D 358348  56945     36
 359811 98437        cutoff           4082.0000     4073.0892  7902319    0.22%   x(c5_2_c31_2) U 359811 348166     30
 361310 98201     4076.1644    77     4082.0000     4073.1574  7922318    0.22%     x(Op_c11_1) N 361310 120071     47
 362869 97799        cutoff           4082.0000     4073.2308  7942373    0.21%  x(c23_1_c43_1) D 362869 362867     27
 364431 97565        cutoff           4082.0000     4073.2996  7962957    0.21%  x(c36_2_c16_2) D 364431 188196     30
Elapsed time = 367.45 sec. (973190.38 ticks, tree = 111.15 MB, solutions = 2)
 365982 97320     4073.3695    59     4082.0000     4073.3510  7984629    0.21%  x(c24_1_c47_1) D 365982 365981     30
 367484 97114     4074.9974    78     4082.0000     4073.4244  8003830    0.21%  x(c45_2_c36_2) N 367484 367482     26
 369070 96766     4073.5000    30     4082.0000     4073.5000  8023404    0.21%  x(c21_2_c19_2) N 369070 369068     28
 370619 96572        cutoff           4082.0000     4073.5246  8046286    0.21%  x(c34_2_c29_2) D 370619 260428     26
 372141 96274        cutoff           4082.0000     4073.5900  8065110    0.21%  x(c17_2_c36_2) U 372141  71430     23
 373424 96057     4075.1500    47     4082.0000     4073.6500  8081182    0.20%  x(c18_1_c46_1) N 373424 235127     19
 374892 95780     4075.4303    75     4082.0000     4073.7009  8100859    0.20%  x(c16_2_c17_2) N 374892 121964     29
 376333 95517     4075.9057    84     4082.0000     4073.7574  8118848    0.20%  x(c15_2_c17_2) N 376333 297879     23
 377957 95160     4073.8333    50     4082.0000     4073.8333  8138312    0.20%  x(c18_1_c14_1) N 377957 352319     30
 379546 94749     4073.9364    67     4082.0000     4073.9167  8157770    0.20%      x(c6_3_Om) N 379546 291510     37
Elapsed time = 379.55 sec. (1011355.57 ticks, tree = 108.41 MB, solutions = 2)
 381121 94407     4074.5138    46     4082.0000     4074.0000  8178689    0.20%  x(c42_1_c20_1) N 381121 381120     34
 382514 94123        cutoff           4082.0000     4074.0028  8202631    0.20%  x(c19_2_c36_2) U 382514 382513     25
 384046 93799     4074.5638    40     4082.0000     4074.0638  8225109    0.19%   x(c6_1_c30_1) N 384046 324961     34
 385612 93412     4074.1405    40     4082.0000     4074.1356  8245017    0.19%   x(c3_1_c43_1) N 385612 314982     32
 387123 92958     4079.7535    58     4082.0000     4074.2103  8264282    0.19%  x(c17_2_c18_2) N 387123 229361     34
 388766 92607        cutoff           4082.0000     4074.2782  8284290    0.19%  x(c16_2_c36_2) U 388766 387105     23
 390290 92297        cutoff           4082.0000     4074.3333  8305183    0.19%  x(c16_2_c36_2) N 390290 390288     20
 391860 91902     4074.4011    38     4082.0000     4074.4013  8326460    0.19%     x(Op_c11_1) D 391860 246828     34
 393397 91447     4075.1064    48     4082.0000     4074.4816  8344884    0.18%     x(c12_2_Om) N 393397 197314     35
 395039 91146     4074.5020    72     4082.0000     4074.5020  8367709    0.18%    x(c6_1_c5_1) U 395039 371842     21
Elapsed time = 391.75 sec. (1049516.57 ticks, tree = 104.72 MB, solutions = 2)
 396682 90784    infeasible           4082.0000     4074.5657  8387460    0.18%  x(c16_2_c17_2) U 396682 249982     20
 398292 90455     4074.6305    38     4082.0000     4074.6305  8407140    0.18%  x(c23_1_c43_1) N 398292 305144     32
 399878 90047        cutoff           4082.0000     4074.6915  8426733    0.18%   x(c2_3_c12_3) D 399878 309973     38
 401485 89685     4074.9580    57     4082.0000     4074.7595  8447034    0.18%  x(c18_2_c33_2) N 401485 134809     33
 403125 89242     4074.8333    26     4082.0000     4074.8333  8465234    0.18%   x(c5_2_c34_2) D 403125 276009     27
 404804 88800     4074.9115    44     4082.0000     4074.9118  8484375    0.17%  x(c48_3_c12_3) N 404804 314526     24
 406446 88310    infeasible           4082.0000     4075.0000  8503168    0.17%    x(c4_1_c5_1) D 406446 406444     34
 407907 87925     4078.5686    40     4082.0000     4075.0000  8526525    0.17%     x(c12_2_Om) N 407907 344086     26
 409404 87479     4078.3759    45     4082.0000     4075.0453  8547704    0.17%   x(c12_3_c9_3) N 409404  39653     20
 410997 86970     4077.2729    60     4082.0000     4075.1066  8566500    0.17%     x(c12_2_Om) D 410997 207388     24
Elapsed time = 403.79 sec. (1087681.18 ticks, tree = 100.48 MB, solutions = 2)
 412660 86503        cutoff           4082.0000     4075.1727  8585003    0.17%  x(c18_1_c46_1) D 412660 289155     19
 414257 86007    infeasible           4082.0000     4075.2490  8603067    0.17%     x(c12_1_Om) U 414257 396920     30
 415868 85440        cutoff           4082.0000     4075.3210  8621479    0.16%  x(c11_2_c12_2) D 415868 177322     21
 417504 84993     4078.8585    76     4082.0000     4075.3683  8641881    0.16%    x(c6_1_c5_1) N 417504 417502     16
 419103 84372        cutoff           4082.0000     4075.4404  8660139    0.16%     x(c12_1_Om) D 419103 419101     29
 420713 83792        cutoff           4082.0000     4075.5000  8679403    0.16%     x(c12_1_Om) D 420713 138286     26
 422336 83265        cutoff           4082.0000     4075.5483  8699285    0.16%   x(c3_2_c29_2) U 422336 380349     22
 423975 82731     4077.6563    70     4082.0000     4075.6117  8716922    0.16%   x(c3_2_c42_2) U 423975 366076     25
 425608 82147        cutoff           4082.0000     4075.6763  8734839    0.15%     x(c12_2_Om) N 425608 417366     20
 427221 81443     4079.8814    53     4082.0000     4075.7500  8751618    0.15%  x(c23_1_c43_1) N 427221 258846     23
Elapsed time = 415.62 sec. (1125842.86 ticks, tree = 94.69 MB, solutions = 2)
 428811 80847     4077.5714    61     4082.0000     4075.8235  8769601    0.15%  x(c18_1_c47_1) N 428811 428809     28
 430458 80223     4079.0238    74     4082.0000     4075.8953  8787856    0.15%    x(c6_1_c5_1) N 430458 401188     23
 432050 79556     4077.1000    46     4082.0000     4076.0000  8804434    0.15%  x(c18_1_c14_1) N 432050 140421     28
 433538 79020        cutoff           4082.0000     4076.0000  8827577    0.15%  x(c18_1_c14_1) D 433538 363320     30
 435079 78383        cutoff           4082.0000     4076.0428  8847536    0.15%    x(c3_1_c5_1) U 435079 243494     48
 436674 77728     4076.2580    41     4082.0000     4076.1053  8865005    0.14%  x(c15_2_c17_2) N 436674 436673     27
 438286 77004    infeasible           4082.0000     4076.1808  8881151    0.14%  x(c17_2_c15_2) N 438286 385577     26
 439886 76357     4076.2560    63     4082.0000     4076.2542  8897983    0.14%    x(c9_3_c7_3) N 439886 351352     38
 441533 75581    infeasible           4082.0000     4076.3333  8914163    0.14%  x(c38_3_c48_3) U 441533 163284     31
 443126 74928        cutoff           4082.0000     4076.3905  8932416    0.14%   x(c3_2_c29_2) U 443126 315873     23
Elapsed time = 427.44 sec. (1164005.36 ticks, tree = 87.83 MB, solutions = 2)
 444722 74189     4077.5000    61     4082.0000     4076.4707  8949335    0.14%  x(c26_3_c48_3) N 444722 419484     35
 446323 73455        cutoff           4082.0000     4076.5015  8967979    0.13%     x(c12_1_Om) U 446323 446322     28
 447957 72720     4077.6667    63     4082.0000     4076.5714  8985076    0.13%  x(c15_2_c19_2) N 447957 222676     56
 449574 72019        cutoff           4082.0000     4076.6451  9000671    0.13%     x(c12_1_Om) D 449574 449572     24
 451179 71267     4076.8458    77     4082.0000     4076.7056  9017581    0.13%  x(c47_1_c24_1) N 451179 431300     27
 452815 70472     4076.8316    60     4082.0000     4076.7801  9033071    0.13%   x(c6_3_c11_3) N 452815 452814     48
 454451 69748        cutoff           4082.0000     4076.8487  9049564    0.13%    x(c6_1_c5_1) D 454451 389788     19
 456134 68931     4077.5105    80     4082.0000     4076.9391  9065028    0.12%  x(c18_1_c47_1) N 456134 339778     29
 457761 68175     4080.9722    82     4082.0000     4077.0000  9083481    0.12%   x(c6_1_c11_1) N 457761  45026     23
 459326 67449        cutoff           4082.0000     4077.0130  9104701    0.12%  x(c18_1_c47_1) D 459326 408493     28
Elapsed time = 439.07 sec. (1202171.71 ticks, tree = 79.77 MB, solutions = 2)
 460926 66629     4078.0721    41     4082.0000     4077.0721  9121934    0.12%  x(c15_2_c19_2) N 460926 402733     21
 462546 65763    infeasible           4082.0000     4077.1431  9137292    0.12%  x(c19_2_c45_2) D 462546 462545     33
 464211 64808        cutoff           4082.0000     4077.2248  9151973    0.12%   x(c18_2_c8_2) U 464211  30916     39
 465897 63878     4077.6815    35     4082.0000     4077.3018  9166498    0.12%  x(c45_2_c21_2) N 465897 463659     25
 467571 62946        cutoff           4082.0000     4077.3671  9182497    0.11%  x(c37_2_c16_2) U 467571 436486     16
 469231 61966        cutoff           4082.0000     4077.4478  9197651    0.11%     x(c12_1_Om) D 469231 388614     24
 470912 61033        cutoff           4082.0000     4077.5000  9213747    0.11%     x(Op_c11_2) U 470912 228568     25
 472548 60160        cutoff           4082.0000     4077.5612  9229425    0.11%  x(c16_3_c19_3) U 472548 180312     32
 474235 59211    infeasible           4082.0000     4077.6321  9243806    0.11%   x(c4_1_c30_1) D 474235 443210     36
 475917 58237        cutoff           4082.0000     4077.6931  9258075    0.11%  x(c15_2_c19_2) U 475917 168203     22
Elapsed time = 450.53 sec. (1240326.75 ticks, tree = 69.80 MB, solutions = 2)
 477598 57176        cutoff           4082.0000     4077.7738  9272324    0.10%  x(c15_2_c36_2) D 477598 477597     33
 479286 56154     4077.9496    59     4082.0000     4077.8497  9286667    0.10%    x(c6_1_c5_1) D 479286 454855     14
 481013 55042        cutoff           4082.0000     4077.9402  9300266    0.10%  x(c15_2_c17_2) U 481013 403556     36
 482671 54074        cutoff           4082.0000     4078.0000  9317405    0.10%  x(c17_2_c21_2) D 482671 378465     25
 484343 53090        cutoff           4082.0000     4078.0195  9334741    0.10%     x(c12_1_Om) D 484343 459516     26
 486002 52215        cutoff           4082.0000     4078.0735  9349971    0.10%  x(c13_3_c14_3) U 486002 271651     23
 487734 51136    infeasible           4082.0000     4078.1538  9363134    0.09%  x(c17_2_c36_2) D 487734 479183     26
 489417 50081     4079.8439    36     4082.0000     4078.2296  9377084    0.09%     x(c12_2_Om) N 489417 186066     40
 491114 49021     4079.3060    75     4082.0000     4078.3060  9391166    0.09%  x(c17_2_c18_2) N 491114 301755     49
 492838 47972        cutoff           4082.0000     4078.3675  9405236    0.09%    x(c6_3_c4_3) U 492838 164834     32
Elapsed time = 461.83 sec. (1278491.23 ticks, tree = 58.63 MB, solutions = 2)
 494563 46856     4078.4485    74     4082.0000     4078.4485  9418080    0.09%   x(c3_2_c29_2) N 494563 423471     21
 496260 45775     4079.3333    52     4082.0000     4078.5000  9433107    0.09%  x(c24_1_c47_1) N 496260 496258     66
 497966 44760     4078.5896    84     4082.0000     4078.5658  9447516    0.08%  x(c43_3_c21_3) N 497966 173301     32
 499687 43636        cutoff           4082.0000     4078.6417  9460244    0.08%  x(c26_3_c48_3) U 499687 201540     32
 501396 42482        cutoff           4082.0000     4078.7151  9473349    0.08%  x(c21_3_c45_3) D 501396 444305     26
 503166 41203        cutoff           4082.0000     4078.8000  9485490    0.08%   x(c26_3_c2_3) D 503166 294752     33
 504943 39868     4079.2272    49     4082.0000     4078.8853  9497444    0.08%  x(c15_2_c36_2) N 504943 298186     33
 506673 38643        cutoff           4082.0000     4078.9938  9509163    0.07%   x(c3_1_c43_1) D 506673 345552     37
 508394 37569     4080.3333    53     4082.0000     4079.0000  9526262    0.07%   x(c6_1_c30_1) N 508394  74566     26
 510157 36335        cutoff           4082.0000     4079.0558  9539550    0.07%    x(c3_1_c5_1) D 510157 494412     36
Elapsed time = 472.94 sec. (1316653.42 ticks, tree = 45.84 MB, solutions = 2)
 511915 35058        cutoff           4082.0000     4079.1299  9551671    0.07%     x(c11_2_Om) D 511915 339421     23
 513704 33706     4079.8719    45     4082.0000     4079.2214  9562976    0.07%  x(c26_3_c48_3) N 513704 176555     20
 515485 32434        cutoff           4082.0000     4079.3072  9575182    0.07%     x(Op_c11_2) D 515485 467028     21
 517257 31170        cutoff           4082.0000     4079.3686  9587859    0.06%   x(c3_2_c29_2) U 517257 480051     30
 519034 29858        cutoff           4082.0000     4079.4545  9599262    0.06%     x(c12_2_Om) D 519034 373675     26
 520843 28533    infeasible           4082.0000     4079.5040  9612591    0.06%    x(c6_1_c5_1) N 520843 394459     24
 522609 27251     4079.7025    49     4082.0000     4079.5769  9624242    0.06%   x(c31_2_c5_2) N 522609 473475     24
 524406 25870        cutoff           4082.0000     4079.6643  9634826    0.06%    x(c6_1_c5_1) U 524406 464437     21
 526249 24431     4079.9393    55     4082.0000     4079.7417  9645496    0.06%  x(c12_1_c11_1) N 526249 364538     32
 528121 22873        cutoff           4082.0000     4079.8333  9655394    0.05%  x(c17_2_c15_2) D 528121 325217     65
Elapsed time = 483.89 sec. (1354814.97 ticks, tree = 31.01 MB, solutions = 2)
 529964 21377     4079.9400    36     4082.0000     4079.9401  9665402    0.05%  x(c17_2_c45_2) N 529964 519601     29
 531833 19821        cutoff           4082.0000     4080.0000  9677379    0.05%  x(c18_1_c47_1) N 531833 163142     14
 533723 18218        cutoff           4082.0000     4080.0525  9688857    0.05%  x(c15_2_c36_2) U 533723 431512     21
 535616 16649        cutoff           4082.0000     4080.1329  9698246    0.05%  x(c24_1_c47_1) D 535616 291326     47
 537527 15051        cutoff           4082.0000     4080.2333  9707310    0.04%      x(c2_3_Om) U 537527 214572     21
 539464 13446    infeasible           4082.0000     4080.3291  9716934    0.04%  x(c16_2_c36_2) D 539464 533771     53
 541381 11863    infeasible           4082.0000     4080.4000  9727071    0.04%  x(c43_3_c45_3) U 541381 532190     25
 543285 10231        cutoff           4082.0000     4080.5000  9735948    0.04%  x(c43_1_c11_1) D 543285 543283     29
 545170  8629        cutoff           4082.0000     4080.5670  9745795    0.04%   x(c26_3_c2_3) U 545170  79096     24
 547105  6914    infeasible           4082.0000     4080.6667  9753988    0.03%  x(c18_2_c45_2) U 547105 148424     22
Elapsed time = 494.60 sec. (1392972.49 ticks, tree = 13.27 MB, solutions = 2)
 549074  5128     4080.8488    64     4082.0000     4080.7591  9761440    0.03%  x(c26_3_c48_3) U 549074 316349     30
 551041  3293    infeasible           4082.0000     4080.8713  9768697    0.03%   x(c48_3_c9_3) D 551041 529126     23
 553048  1385        cutoff           4082.0000     4081.0000  9776230    0.02%    x(c3_1_c5_1) U 553048 390069     20

Clique cuts applied:  12
Cover cuts applied:  463
Flow cuts applied:  4
Mixed integer rounding cuts applied:  54
Zero-half cuts applied:  8
Lift and project cuts applied:  1
Gomory fractional cuts applied:  6

Root node processing (before b&c):
  Real time             =    0.27 sec. (599.61 ticks)
Sequential b&c:
  Real time             =  498.25 sec. (1411010.36 ticks)
                          ------------
Total (root+branch&cut) =  498.52 sec. (1411609.97 ticks)

