Version identifier: 22.1.0.0 | 2022-03-09 | 1a383f8ce
CPXPARAM_Preprocessing_Reduce                    1
CPXPARAM_Threads                                 1
CPXPARAM_Preprocessing_Reformulations            0
CPXPARAM_Emphasis_MIP                            2
CPXPARAM_TimeLimit                               7200
CPXPARAM_MIP_Tolerances_AbsMIPGap                0.98999999999999999
CPXPARAM_MIP_Limits_TreeMemory                   20000
Legacy callback                                  BbD
1 of 1 MIP starts provided solutions.
MIP start 'm1' defined initial solution with objective 4090.0000.
Tried aggregator 1 time.
MIP Presolve modified 1826 coefficients.
Reduced MIP has 2132 rows, 1976 columns, and 9656 nonzeros.
Reduced MIP has 1900 binaries, 0 generals, 0 SOSs, and 0 indicators.
Presolve time = 0.00 sec. (5.43 ticks)
Probing time = 0.00 sec. (2.68 ticks)
Tried aggregator 1 time.
Reduced MIP has 2132 rows, 1976 columns, and 9656 nonzeros.
Reduced MIP has 1900 binaries, 0 generals, 0 SOSs, and 0 indicators.
Presolve time = 0.00 sec. (3.38 ticks)
Probing time = 0.00 sec. (2.69 ticks)
Clique table members: 1030.
MIP emphasis: optimality.
MIP search method: traditional branch-and-cut.
Parallel mode: none, using 1 thread.
Root relaxation solution time = 0.00 sec. (4.25 ticks)

        Nodes                                         Cuts/
   Node  Left     Objective  IInf  Best Integer    Best Bound    ItCnt     Gap         Variable B NodeID Parent  Depth

*     0+    0                         4090.0000        0.0000           100.00%
      0     0     3777.1347   104     4090.0000     3777.1347      185    7.65%
      0     0     3950.1110    61     4090.0000      Cuts: 17      278    3.42%
      0     0     3967.0770    78     4090.0000       Cuts: 8      376    3.01%

Repeating presolve.
Tried aggregator 1 time.
MIP Presolve eliminated 0 rows and 567 columns.
Reduced MIP has 2132 rows, 1409 columns, and 7955 nonzeros.
Reduced MIP has 1333 binaries, 0 generals, 0 SOSs, and 0 indicators.
Presolve time = 0.00 sec. (3.01 ticks)
Probing time = 0.00 sec. (2.43 ticks)
Tried aggregator 1 time.
Reduced MIP has 2132 rows, 1409 columns, and 7955 nonzeros.
Reduced MIP has 1333 binaries, 0 generals, 0 SOSs, and 0 indicators.
Presolve time = 0.00 sec. (2.82 ticks)
Represolve time = 0.01 sec. (9.99 ticks)
Probing time = 0.00 sec. (2.44 ticks)
Clique table members: 609.
MIP emphasis: optimality.
MIP search method: traditional branch-and-cut.
Parallel mode: none, using 1 thread.
Root relaxation solution time = 0.00 sec. (6.77 ticks)

        Nodes                                         Cuts/
   Node  Left     Objective  IInf  Best Integer    Best Bound    ItCnt     Gap         Variable B NodeID Parent  Depth

*     0+    0                         4090.0000     3967.0770             3.01%
      0     0     3967.0770    78     4090.0000     3967.0770      623    3.01%
      0     0     3967.0770    75     4090.0000       Cuts: 4      631    3.01%
      0     0     3967.0770    77     4090.0000       Cuts: 3      641    3.01%
      0     0     3967.5745    72     4090.0000     Covers: 1      661    2.99%
      0     0     3968.0788    72     4090.0000   ZeroHalf: 3      690    2.98%
      0     0     3969.0745    82     4090.0000       Cuts: 2      708    2.96%
      0     0     3969.4745    85     4090.0000    Cliques: 1      714    2.95%
      0     0     3969.8245    90     4090.0000   ZeroHalf: 5      722    2.94%
      0     0     3970.0865    85     4090.0000   ZeroHalf: 7      769    2.93%
      0     2     3970.0865    77     4090.0000     3970.0894      769    2.93%                        0             0
Elapsed time = 0.31 sec. (675.78 ticks, tree = 0.01 MB, solutions = 1)
      2     4     3970.3023   114     4090.0000     3970.3026      894    2.93%   x(c48_3_c2_3) U      2      1      2
      3     5     3970.4271   115     4090.0000     3970.4283      916    2.92%  x(c26_3_c48_3) D      3      2      3
      9    11     3970.8642   107     4090.0000     3970.6372     1161    2.92%      x(c9_3_Om) D      9      8      8
     22    24     3971.6857   101     4090.0000     3970.6372     1358    2.92%  x(c11_1_c28_1) D     22     21     21
     33    33     3972.2871    82     4090.0000     3970.6372     1446    2.92%  x(c11_3_c12_3) U     33     32     32
     47    43     3973.8660    75     4090.0000     3970.6372     1581    2.92%   x(c33_2_c8_2) U     47     46     46
     68    56     3992.6691    75     4090.0000     3971.2566     2205    2.90%   x(c12_3_c9_3) U     68     67     18
     91    70     4018.2354    86     4090.0000     3975.0865     3456    2.81%   x(c29_2_c4_2) U     91     15     15
    106    83     3985.4406    88     4090.0000     3985.5120     5243    2.55%  x(c18_3_c47_3) D    106    104      5
    237   207     4004.0638    81     4090.0000     4000.0120    11651    2.20%  x(c17_2_c19_2) U    237    149      9
Elapsed time = 1.67 sec. (3942.73 ticks, tree = 0.38 MB, solutions = 1)
    444   411     4037.0419    71     4090.0000     4005.0865    22295    2.08%   x(c6_1_c11_1) U    444    240      9
    615   547     4050.7743    57     4090.0000     4009.5000    34243    1.97%   x(c6_3_c32_3) U    615    365     11
    883   800     4024.9181   109     4090.0000     4012.6435    44176    1.89%     x(Op_c11_2) N    883    881     13
   1027   927     4037.9377    97     4090.0000     4015.3407    53262    1.83%  x(c43_2_c29_2) U   1027    653     15
   1303  1185     4023.6467   110     4090.0000     4019.0022    67004    1.74%  x(c36_2_c16_2) U   1303   1252     38
   1623  1482     4024.0517    95     4090.0000     4021.3820    77805    1.68%  x(c16_2_c17_2) U   1623   1112      9
   1965  1763     4039.3000    80     4090.0000     4022.9351    89882    1.64%   x(c9_3_c12_3) U   1965   1043     16
   2333  2090     4048.1910   103     4090.0000     4023.9380   100884    1.62%   x(c12_3_c7_3) U   2333    245     35
   2612  2320     4041.7141    73     4090.0000     4025.0418   113966    1.59%     x(c11_2_Om) U   2612    336     13
   2995  2660        cutoff           4090.0000     4025.8821   125928    1.57%  x(c15_3_c14_3) U   2995   2164     20
Elapsed time = 6.11 sec. (13523.64 ticks, tree = 2.86 MB, solutions = 1)
   3248  2860     4031.8453    78     4090.0000     4026.4560   134152    1.55%    x(c9_3_c7_3) U   3248   3247     23
   3565  3106        cutoff           4090.0000     4027.2381   147441    1.53%  x(c43_3_c21_3) U   3565   3192     43
   3926  3388     4038.8566    65     4090.0000     4028.0159   159753    1.52%  x(c43_2_c29_2) U   3926   3925     15
   4168  3595     4072.8975    67     4090.0000     4028.5000   167876    1.50%  x(c16_3_c13_3) D   4168   4166     37
   4548  3904     4054.6577    96     4090.0000     4029.1185   180602    1.49%  x(c11_2_c33_2) D   4548   3550     55
   4935  4217     4082.2565    69     4090.0000     4029.6618   192398    1.48%   x(c24_1_c8_1) U   4935   2310     18
   5245  4459     4063.3574    86     4090.0000     4030.2225   205897    1.46%  x(c43_2_c29_2) U   5245   5244     26
   5586  4692     4032.7454    66     4090.0000     4030.7720   218420    1.45%  x(c42_1_c23_1) D   5586   5585     40
   5937  4960     4031.7509    77     4090.0000     4031.2766   230824    1.44%  x(c45_2_c21_2) D   5937   5936     38
   6093  5080     4040.1787   111     4090.0000     4031.5542   238285    1.43%  x(c45_2_c16_2) N   6093   6091     16
Elapsed time = 10.53 sec. (23075.34 ticks, tree = 5.28 MB, solutions = 1)
   6476  5367     4040.0334    68     4090.0000     4032.1071   250565    1.42%  x(c14_1_c35_1) U   6476   4694     14
   6856  5656     4047.2470    52     4090.0000     4032.5144   262812    1.41%  x(c41_2_c21_2) U   6856   5867     41
   7116  5822     4043.7913    98     4090.0000     4032.9483   273924    1.39%   x(c12_3_c7_3) U   7116   2015     16
   7370  5986     4075.0974    82     4090.0000     4033.3673   287764    1.38%  x(c43_3_c21_3) U   7370    891     18
   7671  6179     4050.6068    71     4090.0000     4034.0114   301818    1.37%  x(c45_3_c16_3) U   7671   3920     18
   7950  6374     4086.5960    54     4090.0000     4034.4487   315649    1.36%    x(c4_2_c5_2) U   7950   6554     34
   8264  6597     4053.7703   107     4090.0000     4035.0190   329493    1.34%   x(c3_2_c29_2) U   8264   2535     22
   8556  6830     4062.1335    32     4090.0000     4035.5228   343396    1.33%  x(c19_3_c13_3) U   8556   2817     15
   8876  7050     4048.0484    89     4090.0000     4036.0481   357502    1.32%   x(c4_3_c32_3) D   8876   6627     57
   9207  7303     4041.4172    47     4090.0000     4036.5903   370897    1.31%  x(c12_1_c33_1) D   9207   9206     25
Elapsed time = 15.07 sec. (32638.31 ticks, tree = 7.45 MB, solutions = 1)
   9534  7564     4065.7944    78     4090.0000     4037.0777   384324    1.29%   x(c3_2_c29_2) U   9534   4649     24
   9833  7783     4037.6237    81     4090.0000     4037.5160   397177    1.28%  x(c12_1_c11_1) D   9833   9272     28
  10158  8051     4043.4154    87     4090.0000     4037.9469   409977    1.27%  x(c15_3_c14_3) D  10158   1027     16
  10519  8353     4084.7812    75     4090.0000     4038.4415   423336    1.26%   x(c6_3_c32_3) U  10519   1909     15
  10846  8609     4038.8952    89     4090.0000     4038.8482   436434    1.25%  x(c16_3_c19_3) N  10846   9910     13
  11077  8797     4039.6169    70     4090.0000     4039.1494   445983    1.24%    x(c6_3_c9_3) N  11077  11076     49
  11450  9084     4062.5034    91     4090.0000     4039.5205   458663    1.23%  x(c27_2_c29_2) D  11450   9421     29
  11809  9361     4070.4543    64     4090.0000     4039.9565   471588    1.22%  x(c38_3_c18_3) U  11809  10058     25
  12026  9525     4071.1354    54     4090.0000     4040.1419   478819    1.22%    x(c7_3_c9_3) U  12026   5216     23
  12396  9809     4045.1709   126     4090.0000     4040.5003   491631    1.21%  x(c11_3_c32_3) U  12396  12395     18
Elapsed time = 19.49 sec. (42206.46 ticks, tree = 10.20 MB, solutions = 1)
  12806 10133     4054.8663    66     4090.0000     4040.8470   504261    1.20%  x(c43_3_c21_3) U  12806  12804     16
  13066 10338     4048.8893    76     4090.0000     4041.0614   512977    1.20%   x(c12_3_c7_3) D  13066   6442     18
  13458 10617     4045.6667    62     4090.0000     4041.4102   525944    1.19%  x(c16_2_c45_2) D  13458  13456     22
  13843 10911     4042.5310    79     4090.0000     4041.7561   538676    1.18%   x(c7_3_c11_3) D  13843  11377     31
  14156 11145     4079.2506    57     4090.0000     4042.0000   550474    1.17%   x(c7_3_c11_3) U  14156  12389     21
  14547 11408     4067.6264    79     4090.0000     4042.2792   562777    1.17%     x(c12_1_Om) D  14547   4360     20
  14920 11662     4043.3849    55     4090.0000     4042.5453   575551    1.16%  x(c16_3_c19_3) N  14920   9618     18
  15142 11818     4058.1720    74     4090.0000     4042.7242   582564    1.16%  x(c45_2_c21_2) U  15142  15141     20
  15529 12107     4058.8502    90     4090.0000     4043.0000   595171    1.15%  x(c14_3_c13_3) U  15529    413     13
  15884 12372     4057.3333    61     4090.0000     4043.2222   607817    1.14%  x(c45_2_c21_2) D  15884   7892     15
Elapsed time = 23.89 sec. (51770.95 ticks, tree = 12.63 MB, solutions = 1)
  16134 12552     4052.1240    44     4090.0000     4043.3792   616596    1.14%     x(c12_1_Om) U  16134  16132     23
  16516 12824     4059.1805    75     4090.0000     4043.6242   629538    1.13%    x(c7_3_c9_3) D  16516   6757     15
  16883 13061     4064.2500    57     4090.0000     4043.8913   642528    1.13%  x(c47_3_c18_3) D  16883   3429     25
  17258 13299     4052.8889    71     4090.0000     4044.1224   654925    1.12%   x(c11_3_c7_3) U  17258  10069     16
  17618 13562     4077.4743    93     4090.0000     4044.3333   667447    1.12%  x(c12_3_c32_3) U  17618  17617     22
  17961 13788     4085.3254   100     4090.0000     4044.5567   680235    1.11%     x(Op_c11_2) D  17961   2996     20
  18268 13994     4062.0628    55     4090.0000     4044.7488   691497    1.11%   x(c4_2_c29_2) D  18268   5674     45
  18612 14220     4058.5750    87     4090.0000     4045.0049   704350    1.10%  x(c47_3_c16_3) N  18612  15941     25
  18975 14479     4065.7535    87     4090.0000     4045.2500   716900    1.09%   x(c6_1_c11_1) N  18975  10693     16
  19316 14704     4078.4536    57     4090.0000     4045.4909   729476    1.09%    x(c4_3_c7_3) N  19316  11411     20
Elapsed time = 28.29 sec. (61350.09 ticks, tree = 14.84 MB, solutions = 1)
  19619 14881     4061.7428    72     4090.0000     4045.7422   742531    1.08%  x(c21_2_c19_2) U  19619  16433     30
  19950 15103     4054.1344    70     4090.0000     4046.0011   755614    1.08%     x(Op_c11_1) U  19950  10985     29
  20307 15350     4073.8000    97     4090.0000     4046.2494   767956    1.07%   x(c9_3_c12_3) U  20307   6749     20
  20670 15628     4067.4474    54     4090.0000     4046.4437   780153    1.06%   x(c13_3_c7_3) U  20670   7642     19
  20991 15821     4048.2286   108     4090.0000     4046.6333   792936    1.06%  x(c47_3_c14_3) D  20991  20989     21
  21380 16099     4046.9404    62     4090.0000     4046.8282   805513    1.06%     x(c11_2_Om) D  21380  21379     26
  21714 16325     4049.9750   100     4090.0000     4047.0000   818756    1.05%   x(c9_3_c11_3) D  21714  20492     26
  22000 16508     4048.8774    59     4090.0000     4047.1774   829722    1.05%  x(c41_2_c21_2) U  22000  14275     61
  22355 16756     4052.3831    83     4090.0000     4047.3391   842229    1.04%  x(c14_3_c13_3) N  22355  10399     10
  22695 16982     4048.1045    77     4090.0000     4047.5215   854807    1.04%  x(c47_1_c35_1) N  22695  22693     23
Elapsed time = 32.70 sec. (70997.65 ticks, tree = 17.75 MB, solutions = 1)
  23000 17136     4047.7292    63     4090.0000     4047.7234   865561    1.03%  x(c47_1_c24_1) N  23000  22029     50
  23348 17361     4049.8922    79     4090.0000     4047.8945   878278    1.03%     x(c11_2_Om) D  23348  20131     33
  23753 17660     4082.4043    57     4090.0000     4048.0353   890301    1.03%   x(c8_2_c31_2) N  23753  13257     44
  24013 17824     4048.4881    75     4090.0000     4048.1767   900529    1.02%   x(c31_2_c4_2) D  24013  24012     36
  24355 18027     4077.3069    84     4090.0000     4048.3404   913691    1.02%  x(c27_2_c29_2) U  24355  15721     16
  24693 18274        cutoff           4090.0000     4048.5000   925937    1.01%  x(c16_2_c15_2) D  24693  24692     37
  25109 18559     4059.5357    80     4090.0000     4048.6383   937473    1.01%  x(c18_1_c35_1) D  25109   9628     20
  25477 18809     4064.0027    92     4090.0000     4048.7912   949134    1.01%  x(c18_2_c33_2) U  25477  25476     28
  25867 19039     4049.6798    74     4090.0000     4048.9316   961043    1.00%  x(c18_1_c35_1) D  25867  13095     20
  26101 19206     4086.3445    79     4090.0000     4049.0024   969226    1.00%  x(c36_2_c45_2) U  26101  10223     23
Elapsed time = 37.06 sec. (80650.78 ticks, tree = 19.95 MB, solutions = 1)
  26476 19451     4056.9574    55     4090.0000     4049.1280   981160    1.00%  x(c15_2_c17_2) D  26476  26474     44
  26824 19628     4075.4167    63     4090.0000     4049.3026   993504    1.00%  x(c43_2_c29_2) U  26824  12969     17
  27186 19843     4049.7425    35     4090.0000     4049.5000  1005689    0.99%  x(c15_2_c17_2) N  27186  23602     27
  27603 20105     4070.3000    78     4090.0000     4049.6461  1017219    0.99%   x(c3_2_c29_2) U  27603  20491     17
  27937 20296     4069.5525    71     4090.0000     4049.8000  1029670    0.98%  x(c48_3_c21_3) U  27937  27936     20
  28273 20481     4050.6063    79     4090.0000     4049.9911  1042451    0.98%  x(c16_2_c19_2) D  28273  10140     19
  28558 20667     4057.5000    43     4090.0000     4050.1000  1056099    0.98%     x(Op_c11_1) U  28558  22266     31
  28900 20876     4079.5810   115     4090.0000     4050.2766  1068424    0.97%   x(c3_2_c29_2) U  28900  19283     15
  29203 21061     4069.7137    81     4090.0000     4050.4286  1082013    0.97%  x(c18_2_c33_2) U  29203  29202     17
  30541 21821     4064.9409    94     4090.0000     4051.0559  1132850    0.95%  x(c16_2_c45_2) U  30541  30540     22
Elapsed time = 42.72 sec. (93070.87 ticks, tree = 22.53 MB, solutions = 1)
  31740 22493     4086.5784    60     4090.0000     4051.6653  1181561    0.94%  x(c12_1_c33_1) U  31740  28067     38
  32799 23087        cutoff           4090.0000     4052.1422  1228512    0.93%   x(c33_2_c5_2) U  32799  25854     56
  33961 23718     4083.0403    83     4090.0000     4052.7249  1279771    0.91%     x(c11_2_Om) U  33961  33960     32
  35101 24364     4071.2274    90     4090.0000     4053.2996  1324355    0.90%  x(c21_2_c19_2) U  35101  35092     21
  36434 25174     4070.4437    65     4090.0000     4053.8422  1373668    0.88%  x(c37_2_c16_2) D  36434  25722     26
  37777 25930        cutoff           4090.0000     4054.4064  1422777    0.87%   x(c13_3_c7_3) U  37777  11601     16
  39140 26796     4065.2432    91     4090.0000     4054.9000  1470878    0.86%  x(c48_3_c11_3) U  39140  39139     32
  40429 27526     4086.5414    83     4090.0000     4055.3593  1519383    0.85%  x(c18_2_c33_2) D  40429  37946     39
  41582 28200     4086.3333    86     4090.0000     4055.8000  1563828    0.84%  x(c13_3_c14_3) D  41582  25561     16
  42873 28895     4056.8750    60     4090.0000     4056.2500  1612762    0.83%  x(c18_1_c35_1) D  42873  34427     32
Elapsed time = 59.90 sec. (131250.43 ticks, tree = 29.55 MB, solutions = 1)
  44190 29692     4075.4063    55     4090.0000     4056.6772  1658264    0.81%  x(c14_1_c35_1) U  44190  35668     32
  45293 30310     4067.9703    73     4090.0000     4057.1049  1701538    0.80%  x(c21_2_c19_2) U  45293  23837     33
  46492 30943        cutoff           4090.0000     4057.5003  1745946    0.79%  x(c11_3_c32_3) U  46492  32483     25
  47843 31620     4059.1611    71     4090.0000     4057.9224  1793083    0.78%  x(c26_3_c48_3) D  47843  47842     18
  49093 32213     4072.2271    91     4090.0000     4058.3341  1838728    0.77%  x(c14_1_c35_1) N  49093  47413     18
  50468 32877        cutoff           4090.0000     4058.7500  1883979    0.76%  x(c47_1_c35_1) U  50468  42873     33
  51775 33521     4059.1418    44     4090.0000     4059.1418  1929086    0.75%    x(c6_1_c5_1) N  51775  35909     46
  52995 34047     4059.8119    78     4090.0000     4059.5087  1972765    0.75%  x(c45_3_c16_3) D  52995  52993     21
  54345 34550        cutoff           4090.0000     4059.9841  2021489    0.73%   x(c13_3_c7_3) D  54345  44795     35
  55629 35062     4088.8721    76     4090.0000     4060.3713  2071249    0.72%  x(c16_2_c19_2) D  55629  47893     31
Elapsed time = 76.81 sec. (169417.32 ticks, tree = 37.28 MB, solutions = 1)
  56974 35666     4060.7520    72     4090.0000     4060.7522  2120951    0.72%  x(c16_2_c18_2) D  56974  56972     25
  58227 36203     4068.1111    75     4090.0000     4061.1177  2166004    0.71%   x(c12_3_c9_3) U  58227   6770     44
  59595 36822        cutoff           4090.0000     4061.5007  2214975    0.70%  x(c13_3_c14_3) D  59595  28108     30
  61000 37470     4066.6000    86     4090.0000     4061.8897  2263864    0.69%    x(c7_3_c9_3) D  61000  29110     15
  62359 38119     4086.5342    72     4090.0000     4062.2259  2312619    0.68%  x(c45_2_c16_2) N  62359   6787     32
  63743 38706     4063.5000    57     4090.0000     4062.5833  2360594    0.67%  x(c17_2_c36_2) N  63743  29854     20
  65004 39303     4076.6000    70     4090.0000     4062.8774  2402673    0.66%   x(c11_3_c7_3) U  65004  13080     10
  66344 39961     4077.9298    80     4090.0000     4063.1594  2450754    0.66%  x(c13_3_c14_3) D  66344  32237     21
  67867 40679     4079.0188    51     4090.0000     4063.4863  2496076    0.65%  x(c16_2_c45_2) D  67867   6251     35
  69168 41337     4065.1768    71     4090.0000     4063.7119  2535408    0.64%   x(c48_3_c2_3) D  69168  69166     40
Elapsed time = 93.70 sec. (207945.51 ticks, tree = 43.76 MB, solutions = 1)
  70625 42065     4074.3333    53     4090.0000     4064.0000  2579494    0.64%  x(c17_2_c21_2) N  70625  62711     17
  72000 42739     4075.1959    71     4090.0000     4064.2499  2621717    0.63%  x(c14_1_c35_1) N  72000  71373     31
  73387 43321        cutoff           4090.0000     4064.5000  2665709    0.62%    x(c4_2_c5_2) U  73387  73386     25
  74781 43920     4068.2617    91     4090.0000     4064.7397  2709039    0.62%  x(c16_2_c17_2) U  74781  62962     18
  76040 44458     4080.3477    38     4090.0000     4065.0000  2746952    0.61%  x(c21_2_c19_2) U  76040  65749     23
  77318 45021     4065.1833    90     4090.0000     4065.1833  2790298    0.61%  x(c18_1_c35_1) D  77318  74704     41
  78696 45594     4080.7500    52     4090.0000     4065.3879  2833750    0.60%   x(c48_3_c2_3) U  78696  78694     29
  80031 46104     4067.1968    44     4090.0000     4065.6053  2878215    0.60%   x(c24_1_c8_1) N  80031  21143     20
  81293 46527        cutoff           4090.0000     4065.8321  2917622    0.59%   x(c24_1_c8_1) U  81293  35208     23
  82630 47014     4069.3363    45     4090.0000     4066.0316  2958141    0.59%  x(c37_2_c16_2) N  82630  64347     22
Elapsed time = 109.98 sec. (246186.53 ticks, tree = 49.71 MB, solutions = 1)
  83808 47427     4071.6250    73     4090.0000     4066.2500  2997981    0.58%   x(c11_3_c9_3) D  83808  74744     15
  85160 47868     4086.8429    55     4090.0000     4066.4577  3039457    0.58%    x(c4_2_c5_2) U  85160  73052     29
  86439 48377     4078.2718    95     4090.0000     4066.6195  3076076    0.57%     x(Op_c11_2) U  86439  33045     25
  87800 48792     4081.9483    83     4090.0000     4066.8407  3118371    0.57%  x(c21_2_c17_2) U  87800  87798     33
  88951 49217     4076.5186   106     4090.0000     4067.0000  3156837    0.56%  x(c16_3_c19_3) N  88951  24923     18
  90351 49656     4075.2584    97     4090.0000     4067.2449  3199864    0.56%  x(c16_2_c19_2) U  90351  53086     19
  91603 50091     4067.4035    69     4090.0000     4067.4035  3236236    0.55%  x(c17_2_c18_2) D  91603  91601     17
  92973 50521        cutoff           4090.0000     4067.6151  3279228    0.55%  x(c47_1_c35_1) D  92973  40098     42
  94356 51003     4067.9515    84     4090.0000     4067.8270  3320692    0.54%  x(c48_3_c12_3) D  94356  94355     41
  95563 51352     4082.8333    86     4090.0000     4068.0137  3359232    0.54%  x(c16_2_c19_2) U  95563  95562     20
Elapsed time = 126.12 sec. (284369.50 ticks, tree = 54.35 MB, solutions = 1)
  96906 51724     4070.0277    87     4090.0000     4068.2500  3399965    0.53%  x(c18_2_c33_2) D  96906  49022     28
  98204 52097     4073.8674    83     4090.0000     4068.4399  3437720    0.53%  x(c16_2_c17_2) N  98204  98202     17
  99407 52384     4068.6350    50     4090.0000     4068.6351  3472752    0.52%  x(c12_3_c38_3) U  99407  91920     28
 100794 52714     4069.1347    60     4090.0000     4068.8624  3512827    0.52%  x(c38_3_c48_3) N 100794  98241     57
 102147 53171     4080.0250    73     4090.0000     4069.0253  3553829    0.51%   x(c48_3_c2_3) D 102147  87372     34
 103541 53571        cutoff           4090.0000     4069.2357  3592671    0.51%  x(c16_2_c45_2) D 103541  93403     23
 104859 53941     4069.4107    58     4090.0000     4069.4111  3629234    0.50%  x(c17_2_c18_2) N 104859  81721     28
 106121 54370     4070.7089    75     4090.0000     4069.5727  3665711    0.50%  x(c16_2_c19_2) N 106121 106120     28
 107477 54768     4069.8678    78     4090.0000     4069.7571  3705821    0.49%     x(c11_2_Om) N 107477  46438     25
 108960 55151     4071.1016    59     4090.0000     4069.9932  3743920    0.49%  x(c16_3_c13_3) U 108960 108958     33
Elapsed time = 141.90 sec. (322532.69 ticks, tree = 58.48 MB, solutions = 1)
 110182 55503     4071.3590    88     4090.0000     4070.0898  3781967    0.49%   x(c9_3_c12_3) U 110182  91915     31
 111580 55922     4086.1000   113     4090.0000     4070.2725  3820875    0.48%  x(c14_3_c13_3) D 111580  28438     39
 112870 56253        cutoff           4090.0000     4070.4265  3857426    0.48%   x(c34_3_c4_3) N 112870  65591     20
 114276 56602     4071.5000    59     4090.0000     4070.6000  3896253    0.47%   x(c8_2_c31_2) U 114276 114274     28
 115570 56885     4070.8334    86     4090.0000     4070.7778  3930700    0.47%  x(c18_2_c33_2) D 115570  98554     23
 117000 57225     4071.1595    63     4090.0000     4070.9769  3964265    0.47%  x(c19_3_c13_3) D 117000 116999     43
 118357 57554        cutoff           4090.0000     4071.1000  4003374    0.46%   x(c43_2_c3_2) U 118357 101606     30
 119709 57743     4082.3552    64     4090.0000     4071.3045  4041678    0.46%  x(c16_2_c45_2) N 119709  83939     38
 121041 57922     4071.5788   104     4090.0000     4071.4947  4079053    0.45%  x(c11_3_c32_3) D 121041 121039     23
 122434 58243     4071.9200    48     4090.0000     4071.6627  4116443    0.45%  x(c16_2_c17_2) U 122434 122433     28
Elapsed time = 157.56 sec. (360807.30 ticks, tree = 62.03 MB, solutions = 1)
 123797 58361        cutoff           4090.0000     4071.8709  4153421    0.44%  x(c42_1_c23_1) U 123797  68431     32
 125180 58640     4076.0013    50     4090.0000     4072.0013  4190342    0.44%  x(c15_2_c17_2) U 125180  84388     22
 126521 58953     4072.4423    81     4090.0000     4072.1570  4224397    0.44%  x(c47_1_c35_1) N 126521  97900     30
 127915 59155        cutoff           4090.0000     4072.3409  4261050    0.43%  x(c36_2_c16_2) U 127915 127914     29
 129341 59422     4078.6000    85     4090.0000     4072.5000  4297410    0.43%  x(c16_2_c36_2) D 129341 129339     28
 130564 59578     4073.3481    84     4090.0000     4072.6667  4330494    0.42%  x(c16_3_c15_3) D 130564 118849     29
 131989 59787    infeasible           4090.0000     4072.8419  4366610    0.42%  x(c18_2_c33_2) U 131989 131988     30
 133453 60022        cutoff           4090.0000     4073.0000  4403715    0.42%    x(c7_3_c9_3) D 133453  40800     15
 134889 60340        cutoff           4090.0000     4073.1364  4440187    0.41%   x(c8_2_c31_2) D 134889 117607     25
 136220 60516     4084.0250    39     4090.0000     4073.2978  4470027    0.41%  x(c13_3_c14_3) U 136220 130199     29
Elapsed time = 172.83 sec. (398967.23 ticks, tree = 64.73 MB, solutions = 1)
 137643 60744        cutoff           4090.0000     4073.4514  4505064    0.40%  x(c47_1_c24_1) D 137643 115203     26
 139003 60957        cutoff           4090.0000     4073.5882  4538054    0.40%   x(c11_3_c7_3) U 139003 119719     26
 140515 61137     4074.8941    63     4090.0000     4073.7507  4572914    0.40%  x(c35_1_c47_1) D 140515 140514     51
 141985 61289     4087.8571    79     4090.0000     4073.9275  4607545    0.39%  x(c36_2_c16_2) D 141985  87281     24
 143297 61492    infeasible           4090.0000     4074.0310  4640784    0.39%  x(c13_3_c14_3) U 143297  84803     19
 144806 61737        cutoff           4090.0000     4074.1760  4674685    0.39%  x(c16_3_c19_3) D 144806  85395     23
 146339 61896     4083.6667    70     4090.0000     4074.3333  4708618    0.38%  x(c16_2_c45_2) D 146339  40692     21
 147702 62061     4075.8475    91     4090.0000     4074.4702  4740865    0.38%    x(c7_3_c9_3) U 147702  66101     18
 149075 62181     4076.5600    81     4090.0000     4074.6000  4771707    0.38%  x(c15_2_c17_2) D 149075 139345     30
 150530 62252     4074.9604    96     4090.0000     4074.7519  4805090    0.37%    x(c6_3_c9_3) U 150530  79828     25
Elapsed time = 187.77 sec. (437129.84 ticks, tree = 66.70 MB, solutions = 1)
 151842 62385    infeasible           4090.0000     4074.8923  4834047    0.37%  x(c16_3_c19_3) U 151842 110076     16
 153000 62428     4075.3617    80     4090.0000     4075.0000  4860246    0.37%   x(c6_3_c32_3) N 153000  93534     20
 154419 62626     4078.4149    85     4090.0000     4075.1034  4895852    0.36%  x(c41_2_c21_2) U 154419 128021     16
 155909 62713        cutoff           4090.0000     4075.2507  4929206    0.36%  x(c16_2_c19_2) D 155909 155907     21
 157265 62814        cutoff           4090.0000     4075.3893  4957814    0.36%  x(c16_2_c19_2) U 157265  43361     32
 158706 62951     4079.2051    49     4090.0000     4075.5240  4991820    0.35%     x(c22_1_Om) N 158706 158705     38
 160155 63019     4081.8024    37     4090.0000     4075.6673  5024509    0.35%  x(c43_1_c23_1) N 160155 160153     38
 161630 63029     4088.5000    58     4090.0000     4075.8275  5054918    0.35%      x(c2_3_Om) N 161630 161628     31
 163180 63058     4076.3665    30     4090.0000     4076.0000  5086229    0.34%  x(c43_3_c21_3) D 163180 163179     40
 164560 63121    infeasible           4090.0000     4076.0772  5119465    0.34%     x(Op_c11_2) U 164560  67339     20
Elapsed time = 202.53 sec. (475421.54 ticks, tree = 67.89 MB, solutions = 1)
 165936 63152     4076.1984    41     4090.0000     4076.1986  5149021    0.34%  x(c43_2_c11_2) N 165936 162049     50
 167478 63155        cutoff           4090.0000     4076.3403  5181156    0.33%  x(c26_3_c48_3) U 167478 112841     43
 169011 63188     4076.6054    75     4090.0000     4076.4871  5211973    0.33%     x(c12_3_Om) D 169011 162208     23
 170413 63265     4078.3846    77     4090.0000     4076.5989  5242041    0.33%  x(c18_1_c35_1) N 170413 170411     20
 171862 63342        cutoff           4090.0000     4076.7299  5271301    0.32%   x(c24_1_c8_1) U 171862  29981     13
 173384 63356     4088.0172    91     4090.0000     4076.8748  5302795    0.32%  x(c14_1_c35_1) U 173384 172933     20
 174911 63397     4077.4743    96     4090.0000     4077.0000  5334231    0.32%    x(c7_3_c4_3) N 174911  82358     25
 176389 63475        cutoff           4090.0000     4077.0873  5366467    0.32%     x(c12_3_Om) D 176389 140115     23
 177963 63515        cutoff           4090.0000     4077.2204  5396890    0.31%     x(Op_c41_2) D 177963 161559     45
 179346 63512     4079.1667    79     4090.0000     4077.3333  5425178    0.31%  x(c16_3_c13_3) U 179346 146745     20
Elapsed time = 216.87 sec. (513579.58 ticks, tree = 68.64 MB, solutions = 1)
 180883 63538     4086.0000    34     4090.0000     4077.4726  5456183    0.31%  x(c24_1_c33_1) D 180883 107544     43
 182421 63618        cutoff           4090.0000     4077.5833  5488433    0.30%  x(c17_2_c18_2) U 182421 182420     22
 183931 63564     4078.5395    83     4090.0000     4077.7273  5518992    0.30%     x(c11_2_Om) D 183931 181259     25
 185290 63444     4077.8495    66     4090.0000     4077.8495  5545493    0.30%   x(c24_1_c8_1) D 185290 168366     31
 186910 63384     4088.7267    88     4090.0000     4078.0000  5574288    0.29%  x(c12_1_c33_1) N 186910  82340     28
 188384 63366     4078.0749    44     4090.0000     4078.0749  5604630    0.29%   x(c18_2_c8_2) N 188384 168990     37
 189916 63338     4081.8161    73     4090.0000     4078.2070  5633930    0.29%  x(c16_2_c17_2) N 189916 123756     27
 191415 63307     4085.0000    48     4090.0000     4078.3333  5661177    0.29%  x(c43_1_c23_1) N 191415 128693     38
 192958 63227     4086.7248    51     4090.0000     4078.4455  5690354    0.28%   x(c4_3_c30_3) N 192958 190133     27
 194485 63111     4078.8847    80     4090.0000     4078.5552  5719370    0.28%  x(c33_1_c11_1) D 194485 156575     21
Elapsed time = 230.91 sec. (551756.05 ticks, tree = 68.59 MB, solutions = 1)
 196000 63076     4080.4730    75     4090.0000     4078.6680  5745794    0.28%  x(c47_1_c35_1) N 196000 164127     47
 197586 62889        cutoff           4090.0000     4078.8036  5773694    0.27%  x(c14_1_c35_1) N 197586 177445     20
 199196 62741     4078.9534    91     4090.0000     4078.9535  5801047    0.27%  x(c14_1_c35_1) D 199196 196929     30
 200718 62721     4080.0606    46     4090.0000     4079.0299  5830662    0.27%   x(c2_1_c12_1) D 200718 129107     32
 202242 62579    infeasible           4090.0000     4079.1471  5857784    0.27%   x(c13_3_c7_3) U 202242 154651     20
 203879 62411        cutoff           4090.0000     4079.2764  5884548    0.26%     x(c12_3_Om) U 203879  90622     27
 205324 62248     4079.5402    54     4090.0000     4079.3765  5909893    0.26%  x(c16_3_c13_3) N 205324 205323     40
 206959 62103        cutoff           4090.0000     4079.5000  5938053    0.26%  x(c18_2_c33_2) U 206959  25606     31
 208412 61903     4079.9047    81     4090.0000     4079.6138  5960287    0.25%  x(c26_3_c48_3) N 208412 199955     23
 209837 61710        cutoff           4090.0000     4079.7333  5982295    0.25%   x(c4_3_c30_3) U 209837  87392     18
Elapsed time = 244.62 sec. (589987.58 ticks, tree = 67.49 MB, solutions = 1)
 211529 61448     4087.5000    58     4090.0000     4079.8764  6007353    0.25%     x(c11_2_Om) N 211529 211527     36
 213181 61103     4084.0000    63     4090.0000     4080.0000  6031447    0.24%   x(c9_3_c12_3) N 213181 195923     18
 214717 60876        cutoff           4090.0000     4080.0797  6057451    0.24%  x(c14_1_c35_1) U 214717 184621     26
 216380 60582     4084.8366    58     4090.0000     4080.2118  6083718    0.24%     x(c12_1_Om) N 216380 216378     27
 217879 60288        cutoff           4090.0000     4080.3333  6105946    0.24%  x(c27_2_c29_2) U 217879 127711     19
 219534 59986     4085.9044    61     4090.0000     4080.4534  6131074    0.23%     x(c12_1_Om) U 219534 219532     35
 221000 59739     4086.3873    95     4090.0000     4080.5388  6154109    0.23%  x(c33_1_c11_1) N 221000  73583     32
 222725 59471     4081.4683    73     4090.0000     4080.6684  6179161    0.23%  x(c18_1_c35_1) N 222725 202503     31
 224304 59169     4080.8468    96     4090.0000     4080.8051  6203277    0.22%   x(c3_2_c29_2) N 224304 222930     23
 226018 58797     4082.0450   116     4090.0000     4080.9693  6227815    0.22%   x(c24_1_c8_1) N 226018 162833     24
Elapsed time = 258.07 sec. (628298.69 ticks, tree = 64.65 MB, solutions = 1)
 227312 58566     4083.0270    90     4090.0000     4081.0120  6253420    0.22%  x(c12_1_c11_1) N 227312  34221     21
 228900 58286     4081.2727   112     4090.0000     4081.1167  6278606    0.22%    x(c4_2_c5_2) N 228900 221304     22
 230630 57933     4082.1406    88     4090.0000     4081.2406  6302682    0.21%  x(c18_2_c33_2) U 230630 224147     15
 232415 57631        cutoff           4090.0000     4081.3500  6328445    0.21%  x(c42_2_c45_2) U 232415 214632     15
 234182 57172        cutoff           4090.0000     4081.5000  6352352    0.21%  x(c42_1_c23_1) U 234182  95260     36
 235979 56823     4081.6114    74     4090.0000     4081.6118  6377909    0.21%    x(c6_1_c8_1) N 235979 198715     43
 237735 56345     4082.0739    77     4090.0000     4081.7533  6402275    0.20%   x(c4_3_c30_3) N 237735 202840     19
 239524 55935        cutoff           4090.0000     4081.8971  6425774    0.20%  x(c27_2_c29_2) U 239524  93631     31
 241255 55503     4084.2647    84     4090.0000     4082.0000  6451439    0.20%    x(c3_2_c4_2) N 241255 191519     23
 242910 55100        cutoff           4090.0000     4082.0925  6477979    0.19%  x(c18_1_c47_1) U 242910 239549     36
Elapsed time = 271.38 sec. (666463.68 ticks, tree = 61.07 MB, solutions = 1)
 244695 54691    infeasible           4090.0000     4082.2253  6501667    0.19%   x(c11_3_c9_3) U 244695  27592     20
 246496 54154     4084.9333    89     4090.0000     4082.3460  6524967    0.19%  x(c26_3_c48_3) N 246496 231296     22
 248253 53560     4083.9959    78     4090.0000     4082.4929  6547508    0.18%   x(c24_1_c8_1) N 248253 208245     27
 250045 53020        cutoff           4090.0000     4082.6036  6570872    0.18%  x(c33_1_c11_1) U 250045 219556     28
 251907 52321        cutoff           4090.0000     4082.7500  6591941    0.18%  x(c14_1_c35_1) U 251907 170856     31
 253692 51735        cutoff           4090.0000     4082.8934  6614026    0.17%   x(c9_3_c12_3) N 253692 243422     17
 255433 51248        cutoff           4090.0000     4083.0000  6637860    0.17%  x(c16_2_c36_2) U 255433  90972     19
 257201 50752        cutoff           4090.0000     4083.0982  6661165    0.17%  x(c21_2_c19_2) D 257201 176508     28
 259020 50132     4083.7546    69     4090.0000     4083.2295  6683239    0.17%  x(c47_1_c35_1) N 259020 253615     21
 260846 49326        cutoff           4090.0000     4083.3619  6704396    0.16%     x(Op_c11_1) U 260846 220608     35
Elapsed time = 284.36 sec. (704621.50 ticks, tree = 55.23 MB, solutions = 1)
 262665 48642     4085.0796    40     4090.0000     4083.5000  6725629    0.16%  x(c18_3_c13_3) U 262665  19785     18
 264455 47986     4088.8750    70     4090.0000     4083.6090  6747519    0.16%  x(c48_3_c43_3) N 264455 239674     22
 266352 47249    infeasible           4090.0000     4083.7500  6767913    0.15%  x(c13_3_c14_3) U 266352 216823     35
 268212 46400     4084.1363    82     4090.0000     4083.8945  6786996    0.15%     x(Op_c48_3) N 268212 267061     49
 269968 45748     4084.5193    70     4090.0000     4084.0000  6810835    0.15%  x(c13_3_c14_3) N 269968 199614     23
 271817 44948        cutoff           4090.0000     4084.1114  6831751    0.14%  x(c16_3_c19_3) D 271817 104972     37
 273740 44184     4087.1493    79     4090.0000     4084.2500  6851625    0.14%  x(c45_2_c16_2) N 273740 273739     22
 275605 43286        cutoff           4090.0000     4084.3753  6871134    0.14%     x(c12_1_Om) U 275605 239905     20
 277483 42329     4085.8704    97     4090.0000     4084.5000  6890294    0.13%  x(c33_1_c11_1) N 277483 127464     37
 279356 41362     4084.7277    62     4090.0000     4084.6419  6908888    0.13%  x(c12_3_c19_3) N 279356 174018     35
Elapsed time = 297.07 sec. (742783.93 ticks, tree = 47.06 MB, solutions = 1)
 281154 40402        cutoff           4090.0000     4084.7788  6928354    0.13%  x(c48_3_c26_3) U 281154 190260     40
 283063 39455     4085.0670    63     4090.0000     4084.9448  6945930    0.12%    x(c7_3_c9_3) D 283063 134059     30
 284929 38481     4085.2876    38     4090.0000     4085.0282  6966605    0.12%  x(c43_1_c23_1) N 284929 231675     53
 286759 37546        cutoff           4090.0000     4085.1415  6984099    0.12%  x(c11_2_c33_2) D 286759  90881     28
 288736 36550        cutoff           4090.0000     4085.2828  7000878    0.12%     x(Op_c11_1) U 288736 266311     33
 290628 35473     4085.4228    49     4090.0000     4085.4228  7017757    0.11%  x(c12_3_c38_3) D 290628 222744     36
 292521 34409     4088.0147   113     4090.0000     4085.5500  7036429    0.11%  x(c26_3_c48_3) N 292521 272847     18
 294527 33302     4087.1872    85     4090.0000     4085.7000  7052836    0.11%   x(c11_3_c7_3) N 294527 203537     22
 296507 32054        cutoff           4090.0000     4085.8650  7068211    0.10%  x(c14_1_c35_1) U 296507  87895     20
 298429 30937        cutoff           4090.0000     4086.0000  7084656    0.10%  x(c12_1_c11_1) U 298429 229539     17
Elapsed time = 309.40 sec. (780942.54 ticks, tree = 36.03 MB, solutions = 1)
 300310 29755        cutoff           4090.0000     4086.0960  7101648    0.10%  x(c41_2_c21_2) U 300310  28502     30
 302196 28602     4086.7898    64     4090.0000     4086.2338  7117229    0.09%  x(c18_1_c47_1) N 302196 223337     30
 304165 27377     4086.4197    74     4090.0000     4086.3719  7132899    0.09%  x(c26_3_c48_3) N 304165 297856     28
 306068 26053        cutoff           4090.0000     4086.5033  7147986    0.09%  x(c42_1_c23_1) U 306068 306066     38
 307998 24692     4088.3333    80     4090.0000     4086.6667  7161719    0.08%  x(c14_1_c35_1) N 307998 187229     29
 309959 23292        cutoff           4090.0000     4086.8315  7175252    0.08%  x(c16_2_c17_2) D 309959 167741     22
 311950 21896        cutoff           4090.0000     4087.0000  7189195    0.07%  x(c36_2_c16_2) U 311950 115036     42
 313912 20369    infeasible           4090.0000     4087.1000  7204283    0.07%  x(c18_2_c19_2) U 313912 245003     27
 315915 18836        cutoff           4090.0000     4087.2593  7217547    0.07%  x(c16_3_c19_3) D 315915  51529     26
 317929 17301        cutoff           4090.0000     4087.4216  7230359    0.06%  x(c33_1_c11_1) U 317929 284659     34
Elapsed time = 321.39 sec. (819099.90 ticks, tree = 21.39 MB, solutions = 1)
 319949 15637        cutoff           4090.0000     4087.5752  7243282    0.06%  x(c12_1_c33_1) D 319949 297028     34
 322021 13941        cutoff           4090.0000     4087.7506  7255090    0.05%  x(c42_2_c45_2) D 322021  18575     29
 324071 12225     4088.3012    72     4090.0000     4087.9514  7266432    0.05%  x(c24_1_c33_1) D 324071 310071     29
 326151 10422        cutoff           4090.0000     4088.0641  7280211    0.05%  x(c45_2_c21_2) U 326151 299756     28
 328274  8605     4088.3173    54     4090.0000     4088.2180  7291155    0.04%  x(c24_1_c33_1) N 328274 244587     27
 330439  6674        cutoff           4090.0000     4088.4000  7301506    0.04%  x(c41_2_c21_2) D 330439 286044     38
 332624  4699        cutoff           4090.0000     4088.5769  7310811    0.03%  x(c47_1_c35_1) U 332624  99268     48
 334836  2631        cutoff           4090.0000     4088.7947  7319281    0.03%   x(c12_3_c9_3) U 334836 321844     37
 336902   699        cutoff           4090.0000     4089.0000  7330193    0.02%  x(c15_2_c17_2) D 336902 133133     26

Clique cuts applied:  13
Cover cuts applied:  379
Flow cuts applied:  4
Mixed integer rounding cuts applied:  39
Zero-half cuts applied:  11
Lift and project cuts applied:  1
Gomory fractional cuts applied:  5

Root node processing (before b&c):
  Real time             =    0.31 sec. (675.27 ticks)
Sequential b&c:
  Real time             =  331.72 sec. (856644.90 ticks)
                          ------------
Total (root+branch&cut) =  332.03 sec. (857320.17 ticks)

