Version identifier: 22.1.0.0 | 2022-03-09 | 1a383f8ce
CPXPARAM_Preprocessing_Reduce                    0
CPXPARAM_Threads                                 1
CPXPARAM_Preprocessing_Reformulations            0
CPXPARAM_Emphasis_MIP                            2
CPXPARAM_TimeLimit                               7200
CPXPARAM_MIP_Tolerances_AbsMIPGap                0.98999999999999999
CPXPARAM_MIP_Limits_TreeMemory                   20000
Legacy callback                                  BbLUID
         Disabling repeat represolve because of lazy constraint/incumbent callback.
1 of 1 MIP starts provided solutions.
MIP start 'm1' defined initial solution with objective 5490.0000.
Tried aggregator 0 times.
Reduced MIP has 182 rows, 1576 columns, and 6132 nonzeros.
Reduced MIP has 1576 binaries, 0 generals, 0 SOSs, and 0 indicators.
Presolve time = 0.00 sec. (0.33 ticks)
Probing time = 0.00 sec. (2.33 ticks)
Clique table members: 91.
MIP emphasis: optimality.
MIP search method: traditional branch-and-cut.
Parallel mode: none, using 1 thread.
Root relaxation solution time = 0.00 sec. (1.42 ticks)

        Nodes                                         Cuts/
   Node  Left     Objective  IInf  Best Integer    Best Bound    ItCnt     Gap         Variable B NodeID Parent  Depth

*     0+    0                         5490.0000        0.0000           100.00%
      0     0     4978.5000    22     5490.0000     4608.0000      177   16.07%
      0     0     5126.0000    18     5490.0000      Cuts: 13      203    6.63%
      0     0     5170.0000    32     5490.0000      Cuts: 13      224    5.83%
      0     0     5212.0000    56     5490.0000      Cuts: 11      236    5.06%
      0     0     5222.5000    68     5490.0000      Cuts: 10      248    4.87%
      0     0     5233.0000    44     5490.0000      Cuts: 12      268    4.68%
      0     0     5243.2500    53     5490.0000       Cuts: 7      281    4.49%
      0     0     5245.5000    30     5490.0000       Cuts: 8      289    4.45%
      0     0     5248.5000    26     5490.0000       Cuts: 3      296    4.40%
      0     0     5250.1538    44     5490.0000       Cuts: 3      300    4.37%
      0     0     5254.5000    39     5490.0000       Cuts: 5      312    4.29%
      0     0     5254.7143    43     5490.0000       Cuts: 4      316    4.29%
      0     0     5259.7333    67     5490.0000       Cuts: 3      327    4.19%
      0     0     5262.6364    96     5490.0000      Cuts: 10      339    4.14%
      0     0     5264.7500    78     5490.0000      Cuts: 21      353    4.10%
      0     0     5266.3333    34     5490.0000      Cuts: 10      365    4.07%
      0     0     5269.7000    72     5490.0000       Cuts: 4      370    4.01%
      0     0     5273.6667    57     5490.0000      Cuts: 11      380    3.94%
      0     0     5274.1667    86     5490.0000      Cuts: 14      395    3.93%
      0     0     5279.3810   109     5490.0000       User: 2      408    3.84%
      0     2     5279.3810   109     5490.0000     5279.3810      408    3.84%                        0             0
Elapsed time = 0.43 sec. (805.36 ticks, tree = 0.01 MB, solutions = 1)
     11    13     5354.0625   130     5490.0000     5292.4643      785    3.60%  x(c30_2_c32_2) U     11     10      8
     53    44     5360.0708   175     5490.0000     5297.1143     1644    3.51%  x(c30_4_c32_4) U     53     51      9
    113    92     5327.7481   127     5490.0000     5327.5000     3551    2.96%  x(c23_4_c29_4) U    113     79      3
    176   155     5362.7163   117     5490.0000     5339.9433     5976    2.73%  x(c19_2_c22_2) D    176     92      9
    237   216     5402.1292   143     5490.0000     5347.3333     8403    2.60%  x(c19_5_c10_5) D    237    171      9
    320   298     5356.9167   156     5490.0000     5353.7083    11212    2.48%  x(c30_4_c32_4) U    320    199      7
    390   365     5357.6667   110     5490.0000     5357.2657    13589    2.42%  x(c23_4_c30_4) D    390    289     13
    465   439     5361.6833   141     5490.0000     5360.5000    15939    2.36%  x(c30_2_c31_2) D    465    411     15
    556   530     5372.2647   169     5490.0000     5363.7222    18784    2.30%  x(c18_4_c10_4) D    556    554     12
    868   834     5410.7273   142     5490.0000     5371.9000    29732    2.15%  x(c23_4_c29_4) D    868    584     15
Elapsed time = 3.39 sec. (3941.03 ticks, tree = 1.07 MB, solutions = 1)
   1188  1148     5396.6944   140     5490.0000     5377.4667    40024    2.05%  x(c34_4_c18_4) D   1188   1186     20
   1455  1408     5427.2851   140     5490.0000     5381.4524    50324    1.98%  x(c19_5_c10_5) D   1455   1004     11
   1761  1692     5429.2556   149     5490.0000     5384.8333    60781    1.92%   x(c7_4_c30_4) N   1761   1379     17
   2045  1963     5402.2500   144     5490.0000     5387.6000    70831    1.87%  x(c19_5_c10_5) U   2045    215      5
   2326  2228     5430.5893   124     5490.0000     5389.8750    81678    1.82%  x(c10_2_c13_2) N   2326    416     20
   2584  2476     5453.1719   104     5490.0000     5391.7500    92417    1.79%   x(c7_4_c31_4) U   2584   2013     23
   2875  2745     5398.9167   123     5490.0000     5394.0000   103152    1.75%  x(c32_1_c27_1) D   2875   2874     20
   3115  2980     5421.5278   118     5490.0000     5395.5000   113475    1.72%    x(c3_2_c5_2) N   3115   2467     16
   3398  3255     5417.2500    77     5490.0000     5397.1667   124439    1.69%   x(c18_4_c7_4) N   3398   3397     18
   3663  3511     5407.8739   166     5490.0000     5398.7889   134955    1.66%   x(c8_3_c35_3) D   3663   2288     14
Elapsed time = 10.92 sec. (13515.68 ticks, tree = 3.73 MB, solutions = 1)
   3898  3741     5448.1667   128     5490.0000     5400.3333   145496    1.63%  x(c32_1_c33_1) U   3898    980     18
   4174  4006     5404.3571   118     5490.0000     5401.6613   155256    1.61%  x(c32_4_c31_4) D   4174   2216     20
   4420  4237     5407.9819   166     5490.0000     5402.8750   164739    1.59%   x(c2_3_c31_3) D   4420   2809     17
   4686  4484     5442.3834   143     5490.0000     5404.2000   174499    1.56%  x(c10_2_c13_2) U   4686   4684     23
   4949  4728     5452.6818   153     5490.0000     5405.1250   183944    1.55%   x(c6_4_c10_4) U   4949   3963     18
   5213  4973     5446.2778   145     5490.0000     5406.0000   193542    1.53%   x(c6_4_c10_4) D   5213   5211     20
   5474  5214     5416.4444    71     5490.0000     5407.0000   203407    1.51%   x(c7_5_c30_5) D   5474   3399     19
   5715  5439     5411.3667    98     5490.0000     5407.6667   212058    1.50%  x(c19_5_c10_5) U   5715   3450     13
   5960  5666     5471.8750   103     5490.0000     5408.4412   221742    1.49%   x(c7_4_c31_4) U   5960   3639     19
   6211  5898     5409.3182   155     5490.0000     5409.2353   230898    1.47%  x(c18_4_c34_4) D   6211   5590     19
Elapsed time = 17.43 sec. (23080.62 ticks, tree = 6.21 MB, solutions = 1)
   6464  6133     5423.6491   127     5490.0000     5410.0000   240227    1.46%    x(c3_2_c5_2) D   6464   5191     16
   6708  6346     5410.5333   100     5490.0000     5410.5333   249374    1.45%   x(c5_2_c10_2) D   6708   4561     23
   6966  6565     5454.3750   125     5490.0000     5411.0714   258128    1.44%  x(c30_4_c29_4) N   6966   4875     17
   7205  6784     5516.8750   171     5490.0000     5411.6404   267293    1.43%   x(c7_5_c30_5) N   7205   7203     23
   7460  7026     5420.2667   121     5490.0000     5412.2407   276532    1.42%   x(c2_3_c31_3) U   7460   3244     17
   7661  7205     5422.5000   125     5490.0000     5412.7500   285471    1.41%  x(c32_1_c27_1) D   7661   5276     16
   7903  7426     5479.3333   135     5490.0000     5413.3333   294235    1.40%  x(c19_2_c29_2) U   7903   6967     12
   8138  7637     5421.2500   137     5490.0000     5413.8571   302849    1.39%   x(c7_5_c33_5) U   8138   4851     18
   8351  7828     5474.9286   123     5490.0000     5414.3333   311763    1.38%   x(c7_4_c30_4) U   8351   8349     20
   8628  8064     5448.6136   148     5490.0000     5414.7500   319734    1.37%  x(c10_2_c13_2) U   8628   1225     12
Elapsed time = 23.55 sec. (32645.64 ticks, tree = 8.26 MB, solutions = 1)
   8879  8283     5421.3846   166     5490.0000     5415.1875   327972    1.36%   x(c18_4_c9_4) D   8879   3065     17
   9121  8498     5446.5000    80     5490.0000     5415.6667   336508    1.35%   x(c8_3_c35_3) U   9121   4414     15
   9344  8691     5479.0000    58     5490.0000     5416.0789   344883    1.35%   x(c8_3_c35_3) U   9344   7946     33
   9554  8875     5481.0000   120     5490.0000     5416.5000   353286    1.34%  x(c30_4_c32_4) U   9554   9553     18
   9768  9062     5441.4632   201     5490.0000     5416.9630   361993    1.33%  x(c19_2_c10_2) D   9768   2005     12
   9965  9232     5470.8333    61     5490.0000     5417.3333   370000    1.32%      x(c5_1_Om) D   9965   9964     32
  10162  9411     5462.4167    95     5490.0000     5417.7031   378388    1.32%  x(c13_2_c19_2) N  10162   6761     24
  10390  9607     5434.2500   133     5490.0000     5418.1190   386568    1.31%   x(c7_5_c33_5) N  10390   9318     25
  10605  9800     5434.8425   164     5490.0000     5418.5556   394887    1.30%  x(c31_2_c29_2) U  10605   3338     16
  10808  9977     5465.8182   114     5490.0000     5418.9167   403069    1.29%  x(c24_5_c29_5) U  10808   8314     24
Elapsed time = 29.48 sec. (42219.67 ticks, tree = 10.64 MB, solutions = 1)
  11019 10166     5452.7361   116     5490.0000     5419.2599   411652    1.29%   x(c32_4_c7_4) U  11019  11017     23
  11245 10362     5423.5278   132     5490.0000     5419.5952   419469    1.28%  x(c22_4_c23_4) U  11245   9714     26
  11460 10549     5438.3542   146     5490.0000     5419.8889   427839    1.28%    x(c3_2_c5_2) D  11460   9848     23
  11673 10726     5438.4106   144     5490.0000     5420.2037   435618    1.27%  x(c22_4_c23_4) D  11673   3320     15
  11870 10889     5485.9802   155     5490.0000     5420.5370   443841    1.27%   x(c7_4_c30_4) U  11870  11129     21
  12090 11065        cutoff           5490.0000     5420.8444   451813    1.26%  x(c19_2_c31_2) U  12090  12088     28
  12298 11236     5452.3889   117     5490.0000     5421.1574   459718    1.25%  x(c10_2_c13_2) U  12298   8334     25
  12506 11420     5444.4167    68     5490.0000     5421.5000   467881    1.25%   x(c35_3_c9_3) D  12506  10444     19
  12704 11582     5474.3492   140     5490.0000     5421.7500   475830    1.24%  x(c31_5_c25_5) U  12704   5760     19
  12906 11744     5485.8889   118     5490.0000     5422.0000   483653    1.24%  x(c32_4_c31_4) D  12906  12904     15
Elapsed time = 35.18 sec. (51798.55 ticks, tree = 12.44 MB, solutions = 1)
  13108 11915     5457.8333   116     5490.0000     5422.3333   491578    1.23%   x(c32_1_c5_1) U  13108  11799     21
  13299 12063     5429.5417   142     5490.0000     5422.5441   499494    1.23%  x(c15_2_c19_2) D  13299  13298     20
  13483 12214     5441.5167   185     5490.0000     5422.8333   507571    1.22%  x(c19_2_c10_2) D  13483   8150     11
  13690 12363        cutoff           5490.0000     5423.0833   514920    1.22%   x(c32_4_c8_4) U  13690  11319     25
  13901 12545     5425.5909   143     5490.0000     5423.3333   522266    1.21%  x(c19_5_c10_5) U  13901   6888     13
  14096 12712     5434.4167   135     5490.0000     5423.5392   529151    1.21%    x(c3_2_c5_2) N  14096   5998     16
  14300 12882     5460.6058   124     5490.0000     5423.8500   537207    1.20%   x(c32_1_c5_1) U  14300  14298     28
  14489 13044        cutoff           5490.0000     5424.1083   544732    1.20%  x(c32_4_c31_4) U  14489   9112     21
  14685 13205        cutoff           5490.0000     5424.4062   552644    1.19%  x(c31_5_c36_5) U  14685  10857     20
  14875 13350     5438.2778   128     5490.0000     5424.6250   560081    1.19%  x(c32_3_c36_3) D  14875  11828     20
Elapsed time = 40.59 sec. (61370.50 ticks, tree = 14.16 MB, solutions = 1)
  15064 13507     5477.8333   107     5490.0000     5424.8333   567885    1.19%  x(c33_2_c31_2) D  15064  15062     33
  15269 13659     5425.0833   140     5490.0000     5425.0833   575168    1.18%  x(c19_2_c15_2) D  15269  11209     24
  15459 13821     5438.5833   108     5490.0000     5425.3333   583155    1.18%  x(c22_4_c23_4) D  15459   4146     21
  15655 13987     5459.4635   138     5490.0000     5425.5000   590100    1.17%  x(c30_4_c32_4) N  15655  15654     32
  15856 14134     5430.6389   118     5490.0000     5425.7266   597575    1.17%      x(c5_1_Om) D  15856   8015     26
  16053 14290     5426.2500    63     5490.0000     5426.0000   604427    1.17%   x(c8_4_c30_4) D  16053   6472     16
* 16200+14338                         5488.0000     5426.0909             1.13%
  16241 14378     5428.3106   142     5488.0000     5426.1667   611887    1.13%  x(c23_5_c25_5) D  16241  15095     25
  16440 14533     5463.8542   157     5488.0000     5426.3601   618956    1.12%  x(c18_4_c34_4) U  16440  15385     16
  16620 14674     5459.2308    97     5488.0000     5426.5556   626555    1.12%  x(c32_1_c33_1) U  16620  12086     17
  16806 14812     5471.2500   107     5488.0000     5426.7943   633923    1.12%  x(c30_4_c32_4) U  16806   6378     16
Elapsed time = 46.00 sec. (70936.49 ticks, tree = 15.76 MB, solutions = 2)
  17006 14967     5436.8333   132     5488.0000     5427.0000   641436    1.11%  x(c30_4_c32_4) D  17006   7905     16
  17202 15098     5430.9000   100     5488.0000     5427.1944   648599    1.11%  x(c31_2_c30_2) N  17202   4445     20
  17381 15237     5453.8750   110     5488.0000     5427.3750   656148    1.10%   x(c32_1_c5_1) U  17381  12820     25
  17565 15383     5429.6455   164     5488.0000     5427.5667   663437    1.10%     x(c19_2_Om) D  17565   7059     18
  17751 15537     5440.7778   119     5488.0000     5427.7778   670802    1.10%   x(c35_3_c9_3) D  17751  10074     18
  17922 15669        cutoff           5488.0000     5428.0000   678377    1.09%   x(c7_4_c30_4) U  17922  15388     20
  18106 15811     5432.8841   159     5488.0000     5428.1429   685190    1.09%  x(c32_4_c31_4) U  18106   6640     11
  18290 15958     5481.6250   123     5488.0000     5428.3324   692430    1.09%   x(c32_4_c7_4) U  18290  18288     24
  18475 16100        cutoff           5488.0000     5428.5000   699840    1.08%     x(c31_2_Om) U  18475  18472     34
  18655 16248     5441.0833   120     5488.0000     5428.6667   706360    1.08%   x(c7_4_c30_4) N  18655  10982     13
Elapsed time = 51.29 sec. (80492.13 ticks, tree = 17.36 MB, solutions = 2)
  18834 16378     5477.4514   174     5488.0000     5428.8333   713443    1.08%   x(c7_4_c30_4) U  18834  12392     13
  19002 16506     5456.0000    92     5488.0000     5429.0000   719995    1.08%   x(c8_4_c30_4) U  19002  17432     19
  19171 16629     5513.2000   129     5488.0000     5429.1667   727161    1.07%  x(c30_5_c29_5) U  19171  11163     21
  19363 16784     5458.6000   145     5488.0000     5429.3333   734278    1.07%  x(c20_4_c10_4) D  19363  19361     24
  19542 16917     5446.2037   120     5488.0000     5429.5417   741273    1.07%  x(c29_2_c22_2) U  19542  19540     30
  19743 17061        cutoff           5488.0000     5429.7500   747970    1.06%  x(c22_4_c29_4) U  19743  11781     23
  19926 17211        cutoff           5488.0000     5429.9464   755107    1.06%  x(c19_5_c10_5) D  19926   6352     11
  20118 17370     5477.2500    90     5488.0000     5430.0909   761999    1.06%  x(c19_2_c15_2) U  20118   6493     16
  20316 17528     5484.0000   151     5488.0000     5430.2500   768807    1.05%  x(c32_4_c31_4) U  20316  19302     18
  21060 18120     5436.6042   118     5488.0000     5430.9434   795324    1.04%  x(c10_2_c13_2) D  21060   3676     15
Elapsed time = 58.09 sec. (92928.73 ticks, tree = 20.07 MB, solutions = 2)
  21765 18653     5454.6694   140     5488.0000     5431.5000   822477    1.03%  x(c19_2_c10_2) D  21765   7054     16
  22460 19144     5434.9167   157     5488.0000     5432.0982   849640    1.02%  x(c13_2_c19_2) D  22460   7055     24
  23159 19703     5463.4565   129     5488.0000     5432.7375   875941    1.01%  x(c32_4_c31_4) D  23159  19775     25
  23840 20181     5470.0667   171     5488.0000     5433.2500   902641    1.00%  x(c32_1_c33_1) D  23840  23838     18
  24569 20698     5467.5000    87     5488.0000     5433.8750   928940    0.99%   x(c18_4_c7_4) U  24569  12749     17
  25238 21175     5477.3333   136     5488.0000     5434.3750   953766    0.98%   x(c7_5_c30_5) N  25238  25236     22
  25905 21622     5441.2697   144     5488.0000     5434.8333   978717    0.97%   x(c7_5_c33_5) D  25905  25904     28
  26613 22145     5452.5000    40     5488.0000     5435.3125  1004016    0.96%  x(c32_3_c36_3) U  26613  12668     21
  27267 22613     5484.8571   126     5488.0000     5435.7407  1029204    0.95%   x(c18_4_c7_4) U  27267  21536     30
  27945 23054     5437.9467   143     5488.0000     5436.1860  1053732    0.94%   x(c6_5_c14_5) D  27945  13711     28
Elapsed time = 78.44 sec. (131124.71 ticks, tree = 25.60 MB, solutions = 2)
  28642 23526     5468.6000    77     5488.0000     5436.6250  1078196    0.94%   x(c7_5_c30_5) U  28642  16912     16
  29311 23960     5470.9167   150     5488.0000     5437.0066  1102497    0.93%  x(c11_3_c10_3) D  29311  16837     16
  29986 24437     5483.7500    72     5488.0000     5437.5000  1126733    0.92%  x(c33_2_c32_2) N  29986  29984     19
  30664 24904        cutoff           5488.0000     5437.8750  1150182    0.91%  x(c34_4_c10_4) U  30664   9609     15
  31351 25344     5468.9386   130     5488.0000     5438.2500  1174694    0.91%  x(c22_2_c19_2) D  31351  22009     26
  32034 25819     5460.5357   103     5488.0000     5438.6667  1198956    0.90%  x(c22_4_c23_4) U  32034  32032     31
  32692 26234     5440.0195   161     5488.0000     5439.0595  1223031    0.89%     x(c19_2_Om) D  32692  31065     20
  33315 26643     5485.2500    93     5488.0000     5439.4559  1246059    0.88%  x(c19_5_c10_5) D  33315  21224     13
  33984 27095     5441.8750    94     5488.0000     5439.7500  1269086    0.88%  x(c10_2_c13_2) D  33984  23646     33
  34651 27516     5470.0000   102     5488.0000     5440.1429  1292344    0.87%   x(c32_4_c8_4) U  34651  30168     15
Elapsed time = 98.08 sec. (169300.76 ticks, tree = 30.73 MB, solutions = 2)
  35313 27972     5453.0000    78     5488.0000     5440.5000  1315404    0.87%   x(c35_3_c9_3) D  35313  25153     22
  35975 28412     5469.1000    97     5488.0000     5440.8000  1337286    0.86%  x(c31_2_c22_2) U  35975  12793     36
  36638 28847        cutoff           5488.0000     5441.1250  1360239    0.85%  x(c31_4_c32_4) D  36638  15996     24
  37310 29275     5441.5208   161     5488.0000     5441.5000  1382681    0.85%  x(c19_5_c10_5) U  37310  27080     16
  37960 29696     5445.5469   154     5488.0000     5441.7500  1405373    0.84%  x(c10_2_c13_2) D  37960  33017     16
  38600 30093     5445.1111   161     5488.0000     5442.0476  1427851    0.84%  x(c19_5_c10_5) U  38600  22193     12
  39237 30505     5484.4700   161     5488.0000     5442.3426  1449706    0.83%   x(c8_3_c35_3) U  39237   8348     20
  39874 30891     5453.5726   127     5488.0000     5442.6389  1472292    0.83%   x(c35_3_c9_3) U  39874  29193     21
  40525 31277     5485.9444   117     5488.0000     5442.9222  1495097    0.82%  x(c33_2_c32_2) U  40525  11793     21
  41165 31674     5463.3091   163     5488.0000     5443.1786  1517286    0.82%   x(c8_3_c35_3) D  41165   6110     18
Elapsed time = 117.23 sec. (207508.50 ticks, tree = 35.17 MB, solutions = 2)
  41820 32086     5452.0000    46     5488.0000     5443.5000  1539399    0.81%  x(c22_3_c11_3) D  41820  38801     30
  42453 32448     5446.2639   133     5488.0000     5443.7500  1561004    0.81%   x(c18_4_c7_4) D  42453  20182     22
  43080 32826     5447.3750   122     5488.0000     5444.0000  1583334    0.80%  x(c10_2_c13_2) D  43080  35433     18
  43701 33178     5447.6667    76     5488.0000     5444.3333  1605438    0.80%  x(c32_1_c33_1) N  43701  33386     20
  44356 33590     5478.5476   176     5488.0000     5444.5000  1626075    0.79%   x(c7_4_c30_4) U  44356   5295     17
  44962 33917     5449.6133   138     5488.0000     5444.8083  1646616    0.79%  x(c19_2_c17_2) D  44962  29825     18
  45578 34304     5482.3125   103     5488.0000     5445.0040  1666934    0.78%   x(c32_1_c5_1) U  45578  45576     21
  46202 34651     5479.5268   118     5488.0000     5445.2708  1688306    0.78%  x(c29_2_c22_2) U  46202  29359     20
  46802 35004        cutoff           5488.0000     5445.5000  1709357    0.77%  x(c32_1_c33_1) N  46802  42568     24
  47409 35333     5486.5000   149     5488.0000     5445.7500  1730909    0.77%  x(c31_4_c32_4) D  47409  25538     20
Elapsed time = 135.81 sec. (245716.38 ticks, tree = 40.75 MB, solutions = 2)
  48009 35650     5471.5000    21     5488.0000     5446.0000  1751696    0.77%  x(c14_1_c13_1) U  48009  48007     48
  48630 36017     5449.6667   142     5488.0000     5446.1667  1771752    0.76%  x(c32_4_c31_4) D  48630  48629     17
  49232 36369     5446.5833   117     5488.0000     5446.4000  1791713    0.76%   x(c7_4_c31_4) D  49232  41252     23
  49848 36716     5456.6154   142     5488.0000     5446.6167  1811901    0.75%  x(c31_4_c32_4) N  49848  32219     16
  50461 37007        cutoff           5488.0000     5446.8490  1831703    0.75%  x(c22_4_c29_4) U  50461  44405     25
  51047 37310     5481.7222   121     5488.0000     5447.0000  1850975    0.75%  x(c33_2_c32_2) U  51047  44559     25
  51657 37664     5451.2100   137     5488.0000     5447.2782  1871350    0.74%   x(c3_2_c33_2) D  51657  46872     22
  52238 37955        cutoff           5488.0000     5447.5000  1891900    0.74%   x(c33_1_c5_1) U  52238  52235     32
  52830 38262     5448.2164   132     5488.0000     5447.6833  1911819    0.73%   x(c7_5_c30_5) D  52830  51233     24
  53425 38591     5480.1667    96     5488.0000     5447.9375  1931993    0.73%  x(c10_2_c13_2) U  53425  44188     16
Elapsed time = 154.07 sec. (283905.31 ticks, tree = 44.45 MB, solutions = 2)
  54025 38895     5451.5242   144     5488.0000     5448.1260  1950714    0.73%  x(c33_2_c32_2) D  54025  46638     25
  54603 39200     5469.8333   118     5488.0000     5448.3333  1971215    0.72%  x(c30_4_c29_4) U  54603  35519     20
  55204 39518        cutoff           5488.0000     5448.5556  1990803    0.72%    x(c7_4_c6_4) U  55204  47783     35
  55830 39868     5470.2500   127     5488.0000     5448.7917  2010923    0.71%  x(c11_3_c34_3) D  55830  49183     24
  56442 40206     5484.8022   180     5488.0000     5449.0000  2030743    0.71%  x(c19_2_c13_2) N  56442  22911     18
  57030 40488    infeasible           5488.0000     5449.2222  2050628    0.71%     x(c19_2_Om) U  57030  55198     27
  57623 40795     5467.1867   140     5488.0000     5449.4375  2070940    0.70%   x(c8_4_c30_4) D  57623   8193     25
  58191 41091     5459.5923   161     5488.0000     5449.6000  2088923    0.70%    x(c3_3_c4_3) U  58191  52452     30
  58774 41389     5472.0000   127     5488.0000     5449.8000  2108583    0.70%   x(c32_4_c7_4) U  58774  13207     21
  59359 41696        cutoff           5488.0000     5450.0000  2127769    0.69%  x(c30_2_c22_2) U  59359  59357     28
Elapsed time = 172.06 sec. (322100.45 ticks, tree = 47.97 MB, solutions = 2)
  59957 41967        cutoff           5488.0000     5450.2000  2147498    0.69%  x(c29_4_c32_4) N  59957  51246     15
  60550 42249        cutoff           5488.0000     5450.3889  2165986    0.69%  x(c19_2_c15_2) U  60550  33804     17
  61131 42550        cutoff           5488.0000     5450.5714  2185565    0.68%  x(c32_4_c31_4) D  61131  53735     30
  61718 42844        cutoff           5488.0000     5450.7500  2204079    0.68%   x(c7_4_c32_4) U  61718  61716     22
  62313 43125     5469.2500    60     5488.0000     5450.9545  2222810    0.68%  x(c32_1_c27_1) U  62313  62311     42
  62877 43392     5464.0745   162     5488.0000     5451.0556  2241297    0.67%  x(c33_2_c29_2) U  62877  43364     25
  63472 43673     5456.7500   115     5488.0000     5451.2500  2260546    0.67%  x(c32_1_c33_1) D  63472  39620     19
  64079 43966     5469.6000    82     5488.0000     5451.4583  2280080    0.67%   x(c7_4_c30_4) D  64079  64077     26
  64640 44239        cutoff           5488.0000     5451.5833  2297925    0.66%   x(c18_4_c7_4) U  64640  64638     19
  65251 44516     5453.6250   134     5488.0000     5451.7500  2316753    0.66%  x(c23_4_c34_4) D  65251  57521     16
Elapsed time = 189.95 sec. (360294.27 ticks, tree = 51.36 MB, solutions = 2)
  65869 44800     5465.5000    28     5488.0000     5452.0000  2336097    0.66%  x(c13_1_c14_1) U  65869  65867     25
  66463 45065     5486.0833   111     5488.0000     5452.1154  2354965    0.65%  x(c31_4_c32_4) D  66463  41396     22
  67098 45398        cutoff           5488.0000     5452.3241  2374202    0.65%  x(c32_1_c33_1) U  67098  54825     19
  67693 45658     5477.4444   106     5488.0000     5452.5000  2393658    0.65%  x(c31_5_c36_5) U  67693  46319     22
  68327 45937        cutoff           5488.0000     5452.6667  2412988    0.64%   x(c7_4_c32_4) U  68327  68325     21
  68940 46208     5486.0833    95     5488.0000     5452.8500  2432035    0.64%   x(c7_4_c30_4) U  68940  37781     17
  69513 46454     5482.6667   136     5488.0000     5453.0000  2451122    0.64%   x(c7_5_c33_5) U  69513  64028     24
  70110 46702     5454.1207   148     5488.0000     5453.1897  2470299    0.63%   x(c18_4_c9_4) N  70110  61916     20
  70728 46969     5459.1667   128     5488.0000     5453.3750  2489324    0.63%    x(c3_2_c5_2) U  70728  70726     22
* 71028 29799      integral     0     5471.0000     5453.5000  2498290    0.32%  x(c18_1_c12_1) U  71028  40318     37
Elapsed time = 206.97 sec. (396589.28 ticks, tree = 35.38 MB, solutions = 3)
  71695 29829        cutoff           5471.0000     5453.6667  2512997    0.32%   x(c35_3_c9_3) D  71695  65324     19
  72365 29902     5469.0000     8     5471.0000     5453.8750  2527606    0.31%  x(c18_1_c14_1) U  72365  59225     33
  73019 29946     5466.7857   142     5471.0000     5454.0000  2541832    0.31%   x(c18_4_c9_4) U  73019  48541     21
  73681 29975     5454.2083   143     5471.0000     5454.2115  2556017    0.31%    x(c7_4_c6_4) N  73681  23194     34
  74350 30003     5459.5380   169     5471.0000     5454.3947  2569113    0.30%   x(c8_4_c30_4) N  74350  31929     19
  75034 30024     5464.6667    91     5471.0000     5454.5833  2583165    0.30%   x(c35_3_c9_3) U  75034  45141     17
  75720 30069     5462.7927   115     5471.0000     5454.7812  2596940    0.30%   x(c7_4_c32_4) U  75720  53080     21
  76386 30120     5462.0000    40     5471.0000     5455.0000  2611588    0.29%  x(c19_5_c34_5) N  76386  35303     17
  77008 30110        cutoff           5471.0000     5455.1250  2624075    0.29%  x(c10_2_c15_2) U  77008  28271     20
  77667 30094        cutoff           5471.0000     5455.3000  2636678    0.29%  x(c19_2_c10_2) D  77667  61534     23
Elapsed time = 223.40 sec. (434801.62 ticks, tree = 36.05 MB, solutions = 3)
  78271 30088        cutoff           5471.0000     5455.5000  2649251    0.28%   x(c8_4_c29_4) U  78271  60708     23
  78916 30064     5464.2083   100     5471.0000     5455.6667  2661896    0.28%  x(c19_5_c34_5) N  78916  47619     17
  79545 30055     5455.8611   126     5471.0000     5455.8150  2674102    0.28%   x(c6_4_c10_4) N  79545  38146     27
  80175 30062        cutoff           5471.0000     5456.0000  2687009    0.27%   x(c11_3_c8_3) U  80175  54912     12
  80820 30046     5456.2917   107     5471.0000     5456.1364  2699450    0.27%  x(c30_4_c29_4) D  80820  64721     25
  81460 30025        cutoff           5471.0000     5456.3125  2711094    0.27%  x(c22_4_c29_4) U  81460  81458     25
  82029 30013        cutoff           5471.0000     5456.4722  2722708    0.27%  x(c10_3_c35_3) U  82029  77045     25
  82672 29994     5456.7500   122     5471.0000     5456.6000  2735434    0.26%  x(c19_2_c15_2) D  82672  53167     16
  83306 29928     5460.6444   176     5471.0000     5456.7504  2747763    0.26%  x(c24_5_c25_5) U  83306  52305     20
  83959 29872        cutoff           5471.0000     5456.9574  2759886    0.26%  x(c32_1_c33_1) U  83959  21130     20
Elapsed time = 239.07 sec. (472977.00 ticks, tree = 35.94 MB, solutions = 3)
  84563 29797     5457.5139   177     5471.0000     5457.0633  2771927    0.25%  x(c10_2_c13_2) D  84563  38687     35
  85197 29775        cutoff           5471.0000     5457.2500  2784200    0.25%   x(c32_4_c8_4) U  85197  66438     21
  85845 29703        cutoff           5471.0000     5457.4167  2797070    0.25%   x(c35_3_c9_3) D  85845  71945     20
  86456 29549     5462.6667   136     5471.0000     5457.5417  2808358    0.25%   x(c3_2_c13_2) N  86456  80954     21
  87060 29432     5463.3333   110     5471.0000     5457.7333  2819800    0.24%   x(c3_2_c13_2) N  87060  79601     22
  87630 29398     5466.5844   133     5471.0000     5457.8571  2831006    0.24%  x(c13_2_c19_2) N  87630  61555     34
  88229 29339        cutoff           5471.0000     5458.0000  2842105    0.24%    x(c3_2_c5_2) U  88229  52854     23
  88846 29268        cutoff           5471.0000     5458.1667  2853027    0.23%    x(c3_2_c5_2) U  88846  79584     22
  89523 29151     5460.1036   167     5471.0000     5458.3287  2864475    0.23%   x(c32_4_c8_4) N  89523  82548     26
  90154 29058        cutoff           5471.0000     5458.5000  2875526    0.23%  x(c23_5_c22_5) D  90154   6665     31
Elapsed time = 254.27 sec. (511156.95 ticks, tree = 35.24 MB, solutions = 3)
  90745 28954     5465.0000    80     5471.0000     5458.6250  2886146    0.23%  x(c33_2_c31_2) N  90745  48317     19
  91352 28866     5462.5000   110     5471.0000     5458.7708  2896875    0.22%   x(c8_3_c32_3) N  91352  84388     32
  91936 28755     5463.8036   144     5471.0000     5458.9192  2906750    0.22%   x(c10_4_c9_4) N  91936  68440     23
  92531 28634        cutoff           5471.0000     5459.0208  2917322    0.22%  x(c31_2_c22_2) D  92531  89119     50
  93145 28558     5460.2833   135     5471.0000     5459.2222  2927664    0.22%  x(c17_2_c19_2) N  93145  83272     28
  93785 28429        cutoff           5471.0000     5459.3827  2938368    0.21%  x(c29_2_c22_2) U  93785  93783     26
  94398 28279     5463.0962   144     5471.0000     5459.5000  2948752    0.21%  x(c18_4_c34_4) N  94398  27479     25
  94990 28150     5465.7500   132     5471.0000     5459.6667  2959000    0.21%   x(c32_1_c5_1) N  94990  68031     32
  95628 28070     5462.9167    40     5471.0000     5459.8333  2969572    0.20%  x(c18_1_c14_1) D  95628  94148     49
* 96226 19125      integral     0     5467.0000     5460.0000  2979083    0.13%
  96247 19122        cutoff           5467.0000     5460.0000  2979344    0.13%  x(c27_3_c26_3) D  96247  96245     31
Elapsed time = 269.29 sec. (549336.70 ticks, tree = 24.18 MB, solutions = 4)
  96930 18766     5460.0833    95     5467.0000     5460.0833  2987542    0.13%   x(c7_5_c30_5) N  96930  92527     25
  97602 18425        cutoff           5467.0000     5460.2500  2995830    0.12%   x(c8_3_c35_3) U  97602  78350     31
  98282 18142     5461.2500   125     5467.0000     5460.4286  3003605    0.12%  x(c11_3_c10_3) N  98282  89588     16
  98974 17765        cutoff           5467.0000     5460.5580  3011292    0.12%  x(c19_2_c10_2) D  98974  71680     19
  99658 17426     5461.3333    70     5467.0000     5460.7361  3018793    0.11%   x(c8_3_c32_3) N  99658  94584     38
 100344 17077        cutoff           5467.0000     5460.8988  3026505    0.11%  x(c33_2_c31_2) D 100344  99461     32
 101032 16730     5463.2500    84     5467.0000     5461.0000  3033939    0.11%   x(c6_4_c10_4) N 101032  88396     23
 101717 16408        cutoff           5467.0000     5461.2222  3041555    0.11%   x(c7_4_c29_4) D 101717  95057     31
 102419 16037        cutoff           5467.0000     5461.3750  3048754    0.10%   x(c8_3_c32_3) U 102419  80187     23
*102809     1      integral     0     5462.0000     5461.5000  3052678    0.01%

Cover cuts applied:  1
Zero-half cuts applied:  45
Gomory fractional cuts applied:  1
User cuts applied:  3232

Root node processing (before b&c):
  Real time             =    0.43 sec. (806.13 ticks)
Sequential b&c:
  Real time             =  281.78 sec. (585586.52 ticks)
                          ------------
Total (root+branch&cut) =  282.21 sec. (586392.65 ticks)

