Version identifier: 22.1.0.0 | 2022-03-09 | 1a383f8ce
CPXPARAM_Preprocessing_Reduce                    0
CPXPARAM_Threads                                 1
CPXPARAM_Preprocessing_Reformulations            0
CPXPARAM_Emphasis_MIP                            2
CPXPARAM_TimeLimit                               7200
CPXPARAM_MIP_Tolerances_AbsMIPGap                0.98999999999999999
CPXPARAM_MIP_Limits_TreeMemory                   20000
Legacy callback                                  BbLUID
         Disabling repeat represolve because of lazy constraint/incumbent callback.
1 of 1 MIP starts provided solutions.
MIP start 'm1' defined initial solution with objective 6541.0000.
Tried aggregator 0 times.
Reduced MIP has 252 rows, 3052 columns, and 11966 nonzeros.
Reduced MIP has 3052 binaries, 0 generals, 0 SOSs, and 0 indicators.
Presolve time = 0.00 sec. (0.62 ticks)
Probing time = 0.00 sec. (2.72 ticks)
Clique table members: 126.
MIP emphasis: optimality.
MIP search method: traditional branch-and-cut.
Parallel mode: none, using 1 thread.
Root relaxation solution time = 0.00 sec. (2.62 ticks)

        Nodes                                         Cuts/
   Node  Left     Objective  IInf  Best Integer    Best Bound    ItCnt     Gap         Variable B NodeID Parent  Depth

*     0+    0                         6541.0000        0.0000           100.00%
      0     0     6201.0000    16     6541.0000     6029.0000      257    7.83%
      0     0     6331.6667    38     6541.0000      Cuts: 17      292    3.20%
      0     0     6353.0000    20     6541.0000      Cuts: 21      311    2.87%
      0     0     6370.5000    28     6541.0000       Cuts: 6      320    2.61%
      0     0     6370.5000    24     6541.0000       Cuts: 3      324    2.61%
      0     0     6373.4000    54     6541.0000       Cuts: 5      332    2.56%
      0     0     6378.3000    86     6541.0000      Cuts: 11      343    2.49%
      0     0     6379.3333    93     6541.0000      Cuts: 16      355    2.47%
      0     0     6387.3333    69     6541.0000      Cuts: 14      368    2.35%
      0     0     6390.3000   104     6541.0000      Cuts: 16      395    2.30%
      0     0     6391.7500    75     6541.0000      Cuts: 16      406    2.28%
      0     0     6391.8889   124     6541.0000       Cuts: 7      415    2.28%
      0     0     6392.0000    43     6541.0000      Cuts: 11      423    2.28%
      0     0     6392.5000    68     6541.0000       Cuts: 7      434    2.27%
      0     0     6392.5000    50     6541.0000       User: 1      435    2.27%
      0     0     6392.5357   119     6541.0000       User: 1      453    2.27%
      0     0     6392.5698   123     6541.0000       User: 2      455    2.27%
      0     0     6394.5698   151     6541.0000       User: 2      464    2.24%
      0     0     6395.0698   157     6541.0000       User: 2      469    2.23%
      0     0     6396.9419   177     6541.0000       User: 1      477    2.20%
      0     0     6398.5584   180     6541.0000       User: 2      485    2.18%
      0     0     6400.7385   197     6541.0000       User: 2      500    2.14%
      0     0     6400.7459   201     6541.0000       User: 1      501    2.14%
      0     2     6400.9598   173     6541.0000     6401.1711      501    2.14%                        0             0
Elapsed time = 0.41 sec. (786.85 ticks, tree = 0.01 MB, solutions = 1)
     12    10     6422.1414   222     6541.0000     6422.2596      820    1.82%  x(c11_4_c10_4) N     12      0      1
     32    25     6455.5417   142     6541.0000     6429.3000     1244    1.71%  x(c11_3_c10_3) N     32     30      6
     57    48     6485.9271   193     6541.0000     6448.3205     2011    1.42%    x(c5_2_c3_2) D     57     46      8
     95    83     6457.5795   210     6541.0000     6455.6786     2963    1.30%  x(c23_2_c29_2) N     95     16      4
    126   113     6462.6250   124     6541.0000     6462.4474     4133    1.20%  x(c19_2_c20_2) U    126    102     16
    166   151     6497.3717   187     6541.0000     6468.5000     5330    1.11%  x(c11_5_c10_5) U    166    124      8
    208   188     6494.8413   128     6541.0000     6473.5000     6669    1.03%  x(c10_4_c13_4) N    208     80      8
    264   238     6504.5914   195     6541.0000     6478.8833     8168    0.95%  x(c22_4_c23_4) D    264     85     11
    324   290     6521.1875   161     6541.0000     6483.5833     9626    0.88%  x(c32_3_c31_3) N    324    258     10
*   538   245      integral     0     6505.0000     6492.0000    14174    0.20%
    558   260     6492.2500    14     6505.0000     6492.2500    14343    0.20%   x(c3_5_c13_5) N    558    531     16
Elapsed time = 3.71 sec. (4053.34 ticks, tree = 1.70 MB, solutions = 2)
    785   364        cutoff           6505.0000     6494.6667    19943    0.16%  x(c10_3_c12_3) D    785    644     17
   1054   365        cutoff           6505.0000     6498.2500    25836    0.10%  x(c11_5_c10_5) U   1054    783     20
*  1273   148      integral     0     6503.0000     6500.5000    28864    0.04%
   1374    69        cutoff           6503.0000     6501.5000    29884    0.02%  x(c24_4_c26_4) D   1374   1046     16

Cover cuts applied:  4
Mixed integer rounding cuts applied:  1
Zero-half cuts applied:  41
Gomory fractional cuts applied:  1
User cuts applied:  534

Root node processing (before b&c):
  Real time             =    0.41 sec. (786.76 ticks)
Sequential b&c:
  Real time             =    6.07 sec. (6333.58 ticks)
                          ------------
Total (root+branch&cut) =    6.49 sec. (7120.34 ticks)

