Version identifier: 22.1.0.0 | 2022-03-09 | 1a383f8ce
CPXPARAM_Preprocessing_Reduce                    0
CPXPARAM_Threads                                 1
CPXPARAM_Preprocessing_Reformulations            0
CPXPARAM_Emphasis_MIP                            2
CPXPARAM_TimeLimit                               7200
CPXPARAM_MIP_Tolerances_AbsMIPGap                0.98999999999999999
CPXPARAM_MIP_Limits_TreeMemory                   20000
Legacy callback                                  BbLUID
         Disabling repeat represolve because of lazy constraint/incumbent callback.
1 of 1 MIP starts provided solutions.
MIP start 'm1' defined initial solution with objective 32518.0000.
Tried aggregator 0 times.
Reduced MIP has 118 rows, 638 columns, and 2444 nonzeros.
Reduced MIP has 638 binaries, 0 generals, 0 SOSs, and 0 indicators.
Presolve time = 0.00 sec. (0.13 ticks)
Probing time = 0.00 sec. (0.75 ticks)
Clique table members: 59.
MIP emphasis: optimality.
MIP search method: traditional branch-and-cut.
Parallel mode: none, using 1 thread.
Root relaxation solution time = 0.00 sec. (0.57 ticks)

        Nodes                                         Cuts/
   Node  Left     Objective  IInf  Best Integer    Best Bound    ItCnt     Gap         Variable B NodeID Parent  Depth

*     0+    0                        32518.0000        0.0000           100.00%
      0     0    32028.5000    24    32518.0000    27384.0000       86   15.79%
      0     0    32034.0000    24    32518.0000       Cuts: 3       89    1.49%
      0     0    32034.0000    48    32518.0000       Cuts: 8      105    1.49%
      0     0    32034.0000    72    32518.0000       User: 2      105    1.49%
      0     0    32034.0000    72    32518.0000       User: 1      107    1.49%
      0     0    32034.0000    46    32518.0000       User: 2      107    1.49%
      0     0    32034.0000    94    32518.0000       User: 3      116    1.49%
      0     0    32034.0000   118    32518.0000       User: 2      123    1.49%
      0     2    32034.0000    70    32518.0000    32034.0000      123    1.49%                        0             0
Elapsed time = 0.10 sec. (80.66 ticks, tree = 0.01 MB, solutions = 1)
*   119    10      integral     0    32502.0000    32486.2500     1598    0.05%

Cover cuts applied:  1
Zero-half cuts applied:  1
Gomory fractional cuts applied:  1
User cuts applied:  182

Root node processing (before b&c):
  Real time             =    0.10 sec. (80.68 ticks)
Sequential b&c:
  Real time             =    0.37 sec. (155.29 ticks)
                          ------------
Total (root+branch&cut) =    0.47 sec. (235.97 ticks)

