Version identifier: 22.1.0.0 | 2022-03-09 | 1a383f8ce
CPXPARAM_Preprocessing_Reduce                    0
CPXPARAM_Threads                                 1
CPXPARAM_Preprocessing_Reformulations            0
CPXPARAM_Emphasis_MIP                            2
CPXPARAM_TimeLimit                               7200
CPXPARAM_MIP_Tolerances_AbsMIPGap                0.98999999999999999
CPXPARAM_MIP_Limits_TreeMemory                   20000
Legacy callback                                  BbLUID
         Disabling repeat represolve because of lazy constraint/incumbent callback.
1 of 1 MIP starts provided solutions.
MIP start 'm1' defined initial solution with objective 3373.0000.
Tried aggregator 0 times.
Reduced MIP has 144 rows, 1662 columns, and 6510 nonzeros.
Reduced MIP has 1662 binaries, 0 generals, 0 SOSs, and 0 indicators.
Presolve time = 0.00 sec. (0.34 ticks)
Probing time = 0.00 sec. (2.41 ticks)
Clique table members: 72.
MIP emphasis: optimality.
MIP search method: traditional branch-and-cut.
Parallel mode: none, using 1 thread.
Root relaxation solution time = 0.00 sec. (1.30 ticks)

        Nodes                                         Cuts/
   Node  Left     Objective  IInf  Best Integer    Best Bound    ItCnt     Gap         Variable B NodeID Parent  Depth

*     0+    0                         3373.0000        0.0000           100.00%
      0     0     3108.5000    42     3373.0000     2808.0000      101   16.75%
      0     0     3137.5000    50     3373.0000      Cuts: 12      114    6.98%
      0     0     3167.0000    24     3373.0000      Cuts: 10      123    6.11%
      0     0     3179.0000    32     3373.0000       Cuts: 4      130    5.75%
      0     0     3179.5000    14     3373.0000       Cuts: 4      133    5.74%
      0     0     3179.5000    20     3373.0000       Cuts: 2      134    5.74%
      0     0     3179.5000    10     3373.0000       Cuts: 2      135    5.74%
      0     0     3179.5000    12     3373.0000       Cuts: 4      143    5.74%
      0     0     3191.0000    79     3373.0000       User: 2      163    5.40%
      0     0     3194.5000    44     3373.0000       User: 5      175    5.29%
      0     0     3196.3750    95     3373.0000       User: 1      182    5.24%
      0     2     3199.8571   120     3373.0000     3200.1667      182    5.12%                        0             0
Elapsed time = 0.15 sec. (243.19 ticks, tree = 0.01 MB, solutions = 1)
     40    35     3225.6250    87     3373.0000     3219.8750      830    4.54%   x(c31_2_c3_2) N     40     27      4
     96    87     3326.3529   103     3373.0000     3239.7692     2297    3.95%  x(c30_3_c23_3) N     96     66     14
    180   163     3286.7315   129     3373.0000     3253.9773     4433    3.53%  x(c12_2_c22_2) N    180    161      7
    296   253     3284.4000    73     3373.0000     3261.0882     6534    3.32%   x(c2_1_c34_1) N    296    225     17
    377   325     3265.7500    62     3373.0000     3265.8333     8329    3.18%  x(c28_2_c22_2) D    377    294     24
    480   420     3279.8333    97     3373.0000     3270.8750    10377    3.03%  x(c19_2_c20_2) U    480    262     17
    566   498     3309.3750    74     3373.0000     3274.1250    12291    2.93%  x(c32_1_c21_1) D    566    514     10
    668   592     3324.2384   122     3373.0000     3276.5833    14717    2.86%   x(c34_1_c3_1) N    668    423     14
    775   685     3289.7965   124     3373.0000     3279.0357    16892    2.79%  x(c13_1_c33_1) D    775    598     11
   1217  1066     3294.8333    64     3373.0000     3288.8864    25368    2.49%   x(c10_2_c7_2) D   1217    448     22
Elapsed time = 2.83 sec. (3382.81 ticks, tree = 4.99 MB, solutions = 1)
   1658  1420     3295.1667    68     3373.0000     3293.6667    34291    2.35%   x(c7_2_c10_2) N   1658   1343     16
   2048  1747     3352.5833    58     3373.0000     3296.8333    42788    2.26%   x(c5_3_c31_3) U   2048   1583     15
   2452  2069     3300.8333   107     3373.0000     3299.6923    51259    2.17%  x(c31_2_c29_2) D   2452   2269     17
   2829  2361     3307.1875    95     3373.0000     3302.1875    59150    2.10%  x(c30_3_c23_3) D   2829    691     19
   3183  2614     3339.3333    97     3373.0000     3303.8500    67730    2.05%  x(c33_2_c10_2) U   3183   2939     14
   3522  2864     3309.7603   122     3373.0000     3305.7500    76304    1.99%  x(c19_2_c20_2) D   3522   3521     16
   3856  3121     3356.3333    75     3373.0000     3307.3000    84438    1.95%  x(c30_3_c23_3) N   3856   3727     22
   4195  3381     3360.6044   104     3373.0000     3308.8333    92380    1.90%  x(c23_3_c24_3) U   4195   2843     20
   4560  3630     3316.4843   107     3373.0000     3310.2857   100313    1.86%  x(c19_2_c12_2) D   4560   2826      9
   4920  3895     3337.6029   123     3373.0000     3311.4667   108162    1.82%  x(c29_3_c30_3) D   4920   4183     16
Elapsed time = 9.78 sec. (12937.60 ticks, tree = 24.73 MB, solutions = 1)
   5296  4167     3313.8148   122     3373.0000     3312.7727   115876    1.79%  x(c23_3_c24_3) D   5296   3164     17
   5659  4425     3345.2500    96     3373.0000     3314.0000   123266    1.75%  x(c34_2_c30_2) U   5659   5270     11
   6013  4666     3315.1368   113     3373.0000     3315.0880   130292    1.72%  x(c29_3_c30_3) U   6013   5144     29
   6372  4921     3317.3796    99     3373.0000     3316.0636   137284    1.69%   x(c34_1_c3_1) U   6372   3793     19
   6709  5152     3367.6250    85     3373.0000     3317.0000   144481    1.66%   x(c5_1_c11_1) N   6709   6707     33
   7028  5357     3318.9545   113     3373.0000     3317.7857   150852    1.64%  x(c22_2_c28_2) D   7028   7027     22
   7350  5575     3353.7571    94     3373.0000     3318.5962   157571    1.61%   x(c5_3_c14_3) U   7350   3281     12
   7683  5815     3319.6429   104     3373.0000     3319.2500   164057    1.59%  x(c22_2_c21_2) D   7683   6975     22
   8023  6053     3325.4500    99     3373.0000     3320.0000   170407    1.57%  x(c14_2_c12_2) D   8023   4310     25
   8334  6272        cutoff           3373.0000     3320.6833   177008    1.55%  x(c18_2_c12_2) D   8334   4876     25
Elapsed time = 16.04 sec. (22490.55 ticks, tree = 44.78 MB, solutions = 1)
   8650  6493     3357.8958    88     3373.0000     3321.2641   183138    1.53%    x(c3_3_c5_3) D   8650   7453     24
   8965  6715     3330.9474    99     3373.0000     3321.7500   189589    1.52%  x(c29_1_c26_1) D   8965   6469     17
   9265  6885     3340.6667    77     3373.0000     3322.2500   195725    1.50%   x(c7_2_c10_2) U   9265    865     20
   9580  7087        cutoff           3373.0000     3322.9306   201800    1.48%  x(c26_2_c18_2) U   9580   7632     31
   9873  7280        cutoff           3373.0000     3323.5000   207521    1.47%  x(c34_2_c29_2) U   9873   7363     26
  10178  7476     3338.9286    83     3373.0000     3324.1490   213259    1.45%  x(c29_3_c34_3) U  10178   3545     23
  10487  7687     3338.7558    96     3373.0000     3324.6667   218984    1.43%     x(c13_1_Om) U  10487   2386     21
  10787  7879     3325.2000    81     3373.0000     3325.1868   224561    1.42%  x(c24_2_c12_2) D  10787   2776     29
* 10928  2830      integral     0     3335.0000     3325.4000   227602    0.29%   x(c29_1_c2_1) U  10928  10926     28
  11290  2806        cutoff           3335.0000     3326.0000   231127    0.27%  x(c19_2_c20_2) U  11290   8084     25
Elapsed time = 21.59 sec. (31583.59 ticks, tree = 21.94 MB, solutions = 2)
  11593  2723        cutoff           3335.0000     3326.5833   234423    0.25%    x(c3_3_c5_3) D  11593  11591     27
  11877  2671     3328.7361   115     3335.0000     3327.0000   237114    0.24%   x(c9_2_c19_2) N  11877   1143     11
  12209  2637     3332.9718   113     3335.0000     3327.5000   240332    0.22%  x(c33_2_c10_2) N  12209   5015     26
  12593  2530        cutoff           3335.0000     3328.1250   243509    0.21%   x(c5_3_c33_3) U  12593   8627     24
  12952  2430        cutoff           3335.0000     3328.6667   246471    0.19%  x(c29_1_c26_1) D  12952  11805     17
  13311  2304        cutoff           3335.0000     3329.1742   249050    0.17%  x(c22_2_c20_2) D  13311  12324     26
  13674  2128     3333.3750    70     3335.0000     3329.7159   251714    0.16%  x(c18_2_c12_2) U  13674  13673     21
  14062  1894        cutoff           3335.0000     3330.3333   254113    0.14%   x(c3_3_c31_3) D  14062   2105     17
  14440  1649     3332.6216    97     3335.0000     3330.8467   256447    0.12%    x(c3_3_c5_3) U  14440  14051     25
  14786  1433        cutoff           3335.0000     3331.3455   258527    0.11%  x(c22_2_c20_2) U  14786  13469     26
Elapsed time = 26.36 sec. (41133.37 ticks, tree = 12.10 MB, solutions = 2)
  15140  1175     3332.3889   118     3335.0000     3331.9722   260442    0.09%   x(c5_3_c14_3) D  15140  14917     12
  15538   883        cutoff           3335.0000     3332.5000   262066    0.07%   x(c6_2_c31_2) U  15538  11546     19
  15935   531        cutoff           3335.0000     3333.1875   263350    0.05%  x(c22_2_c28_2) U  15935  15933     30
  16343   142        cutoff           3335.0000     3333.8125   264647    0.04%  x(c18_2_c12_2) U  16343   8917     21

Cover cuts applied:  1
Zero-half cuts applied:  10
Gomory fractional cuts applied:  3
User cuts applied:  882

Root node processing (before b&c):
  Real time             =    0.15 sec. (243.33 ticks)
Sequential b&c:
  Real time             =   27.99 sec. (45117.12 ticks)
                          ------------
Total (root+branch&cut) =   28.13 sec. (45360.45 ticks)

