Version identifier: 22.1.0.0 | 2022-03-09 | 1a383f8ce
CPXPARAM_Preprocessing_Reduce                    1
CPXPARAM_Threads                                 1
CPXPARAM_Preprocessing_Reformulations            0
CPXPARAM_Emphasis_MIP                            2
CPXPARAM_TimeLimit                               7200
CPXPARAM_MIP_Tolerances_AbsMIPGap                0.5
CPXPARAM_MIP_Limits_TreeMemory                   26600
Legacy callback                                  BbLUID
         Disabling repeat represolve because of lazy constraint/incumbent callback.
1 of 1 MIP starts provided solutions.
MIP start 'm1' defined initial solution with objective 61946.0000.
Tried aggregator 1 time.
MIP Presolve modified 25795 coefficients.
Reduced MIP has 561 rows, 25694 columns, and 77078 nonzeros.
Reduced MIP has 25694 binaries, 0 generals, 0 SOSs, and 0 indicators.
Presolve time = 0.04 sec. (88.72 ticks)
Probing time = 0.01 sec. (8.17 ticks)
Clique table members: 558.
MIP emphasis: optimality.
MIP search method: traditional branch-and-cut.
Parallel mode: none, using 1 thread.
Root relaxation solution time = 0.01 sec. (15.92 ticks)

        Nodes                                         Cuts/
   Node  Left     Objective  IInf  Best Integer    Best Bound    ItCnt     Gap         Variable B NodeID Parent  Depth

*     0+    0                        61946.0000        0.0000           100.00%
      0     0    56674.0000   140    61946.0000    48366.0000      214   21.92%
      0     0    59711.0000   398    61946.0000     Cuts: 104      445    3.61%
      0     0    60241.5000   234    61946.0000      Cuts: 49      525    2.75%
      0     0    60627.0000   378    61946.0000     Cuts: 107      608    2.13%
      0     0    60811.0000   441    61946.0000      Cuts: 21      663    1.83%
      0     0    60912.0000   346    61946.0000      Cuts: 67      711    1.67%
      0     0    61023.0000   475    61946.0000      Cuts: 21      761    1.49%
      0     0    61114.0833   536    61946.0000      Cuts: 31      815    1.34%
      0     0    61134.5000   533    61946.0000      Cuts: 48      860    1.31%
      0     0    61164.5000   591    61946.0000  ZeroHalf: 24      890    1.26%
      0     0    61184.6667   562    61946.0000  ZeroHalf: 26      923    1.23%
      0     0    61193.0000   515    61946.0000  ZeroHalf: 30      945    1.22%
      0     0    61194.6250   411    61946.0000      Cuts: 29      978    1.21%
      0     0    61216.0000   552    61946.0000  ZeroHalf: 18      998    1.18%
      0     0    61274.5833   605    61946.0000      Cuts: 23     1061    1.08%
      0     0    61323.4167   498    61946.0000      Cuts: 34     1127    1.01%
      0     0    61331.7500   282    61946.0000      Cuts: 29     1162    0.99%
      0     0    61391.0000   467    61946.0000      Cuts: 23     1209    0.90%
      0     0    61408.7000   627    61946.0000      Cuts: 29     1253    0.87%
      0     0    61438.5000   509    61946.0000      Cuts: 26     1304    0.82%
      0     0    61463.3333   471    61946.0000      Cuts: 32     1351    0.78%
      0     0    61464.0625   602    61946.0000      Cuts: 22     1374    0.78%
      0     0    61470.3958   462    61946.0000  ZeroHalf: 13     1413    0.77%
      0     0    61474.3958   533    61946.0000  ZeroHalf: 47     1449    0.76%
      0     2    61474.3958   468    61946.0000    61478.0208     1449    0.76%                        0             0
Elapsed time = 1.89 sec. (5433.44 ticks, tree = 0.01 MB, solutions = 1)
      2     4    61493.6458   478    61946.0000    61493.6458     1467    0.73%  x(c29_3_c34_3) U      2      1      2
      4     6    61499.3958   485    61946.0000    61493.6458     1483    0.73%  x(c25_3_c85_3) D      4      2      3
      7     9    61535.3958   484    61946.0000    61493.6458     1512    0.73%  x(c81_3_c85_3) N      7      5      5
     12    14    61616.5833   381    61946.0000    61493.6458     1549    0.73%  x(c95_2_c76_2) U     12     10      8
     24    26    61621.5833   432    61946.0000    61493.6458     1595    0.73%  x(c61_3_c87_3) D     24     23     20
     40    32    61919.5833   424    61946.0000    61493.6458     1692    0.73%  x(c20_3_c86_3) D     40     39     33
     58    46    61628.0833   411    61946.0000    61496.8958     1807    0.72%  x(c34_3_c55_3) U     58     56     13
     73    60    61705.5833   405    61946.0000    61496.8958     1861    0.72%   x(c27_3_c9_3) D     73     72     27
     87    68    61810.5833   408    61946.0000    61496.8958     1910    0.72%  x(c85_3_c57_3) N     87     86     41
    140   114    61555.8958   456    61946.0000    61556.4514     2533    0.63%  x(c78_3_c48_3) D    140    123      9
Elapsed time = 4.18 sec. (8708.51 ticks, tree = 2.04 MB, solutions = 1)
    201   173    61575.4722   426    61946.0000    61575.2500     3415    0.60%  x(c48_2_c52_2) D    201    200     11
    263   230    61584.8958   461    61946.0000    61584.3958     4372    0.58%  x(c34_3_c46_3) D    263    179     14
    320   285    61589.7917   424    61946.0000    61589.5250     5218    0.58%  x(c67_2_c61_2) D    320    319     28
    387   350    61597.2292   499    61946.0000    61592.8958     6204    0.57%  x(c51_3_c81_3) N    387    286      8
    440   399    61597.8611   424    61946.0000    61597.2292     7801    0.56%  x(c61_2_c81_2) D    440    439     27
    510   465    61609.4944   557    61946.0000    61601.1667     9597    0.56%  x(c26_2_c97_2) D    510    403     31
    582   533    61791.4889   407    61946.0000    61606.5833    11572    0.55%  x(c54_2_c67_2) N    582    357     44
    670   619    61615.8500   425    61946.0000    61612.7500    13601    0.54%  x(c82_2_c44_2) D    670    217     13
    767   713    61619.0458   493    61946.0000    61616.1111    15240    0.53%  x(c87_3_c85_3) D    767    766     20
    863   809    61839.4583   354    61946.0000    61618.1667    17269    0.53%  x(c36_2_c72_2) N    863    742     55
Elapsed time = 14.66 sec. (18399.10 ticks, tree = 15.86 MB, solutions = 1)
    950   894    61748.3333   370    61946.0000    61620.5667    19712    0.53%   x(c83_2_c7_2) U    950    682     49
   1029   967    61809.6557   415    61946.0000    61622.0833    21926    0.52%  x(c12_2_c83_2) U   1029    955     83
   1121  1053    61813.6917   405    61946.0000    61624.5833    24380    0.52%  x(c57_2_c51_2) N   1121    959     87
   1200  1125    61914.0119   511    61946.0000    61626.7708    27006    0.52%  x(c93_2_c51_2) U   1200    909     70
   1300  1219    61655.2917   319    61946.0000    61628.5208    29172    0.51%     x(Op_c47_2) U   1300   1298     31
   1405  1323    61692.0133   614    61946.0000    61631.1012    32024    0.51%  x(c98_3_c23_3) D   1405   1051     75
   1510  1423    61773.3611   527    61946.0000    61632.9884    33793    0.51%  x(c83_2_c12_2) U   1510   1508     35
   1610  1516    61870.6000   372    61946.0000    61634.5000    36212    0.50%   x(c9_2_c83_2) N   1610   1259    103
   1737  1638    61869.6458   465    61946.0000    61636.1458    38660    0.50%  x(c85_3_c34_3) U   1737   1735     24
   1841  1741    61779.2500   410    61946.0000    61637.5417    41226    0.50%   x(c7_2_c83_2) U   1841   1605     15
Elapsed time = 27.93 sec. (28091.91 ticks, tree = 35.17 MB, solutions = 1)
   1957  1853    61731.5579   521    61946.0000    61639.3958    44123    0.49%  x(c52_2_c48_2) U   1957   1955     77
   2052  1943    61724.5833   480    61946.0000    61641.0833    46833    0.49%   x(c55_3_c7_3) U   2052     48      7
   2142  2029    61697.8333   367    61946.0000    61642.8333    49441    0.49%  x(c87_3_c25_3) U   2142    795     12
   2244  2126    61688.2708   545    61946.0000    61645.1042    51967    0.49%  x(c61_2_c81_2) U   2244   1538     28
   2345  2227    61849.0370   397    61946.0000    61647.0208    54690    0.48%   x(c50_2_c2_2) U   2345   1728     81
   2454  2333    61923.5833   535    61946.0000    61650.1458    57481    0.48%   x(c34_3_c7_3) N   2454     65     20
   2555  2430    61665.3333   395    61946.0000    61653.0833    59579    0.47%  x(c77_2_c20_2) D   2555   2554     26
   2659  2526        cutoff          61946.0000    61655.1667    62098    0.47%  x(c30_3_c48_3) U   2659   2384     17
   2772  2638    61725.0833   386    61946.0000    61657.3333    65323    0.47%  x(c20_2_c77_2) U   2772    489     20
   2878  2742    61727.4533   434    61946.0000    61659.7048    68049    0.46%  x(c20_2_c77_2) U   2878    976      6
Elapsed time = 40.79 sec. (37679.06 ticks, tree = 57.02 MB, solutions = 1)
   2980  2843    61669.0833   434    61946.0000    61661.6905    70834    0.46%  x(c25_2_c69_2) D   2980    803     31
   3079  2937    61685.9234   504    61946.0000    61663.5049    73177    0.46%  x(c20_2_c77_2) D   3079    727     29
   3182  3038    61796.0833   531    61946.0000    61665.5208    76162    0.45%  x(c98_3_c23_3) U   3182   2637     25
   3282  3137    61743.8333   385    61946.0000    61666.3333    78587    0.45%  x(c48_2_c52_2) U   3282   2434     20
   3385  3240    61743.3639   562    61946.0000    61667.6863    81073    0.45%   x(c83_2_c7_2) U   3385   3340     16
   3479  3332    61791.5256   424    61946.0000    61669.0833    83564    0.45%  x(c78_2_c48_2) U   3479   3477     28
   3574  3427    61670.1458   435    61946.0000    61669.9333    85873    0.45%  x(c67_2_c61_2) D   3574    214     20
   3665  3518    61741.3333   316    61946.0000    61671.0556    88211    0.44%  x(c52_2_c48_2) U   3665   3008     26
   3757  3607    61815.1439   574    61946.0000    61672.3333    90657    0.44%  x(c83_2_c12_2) U   3757   3753     34
   3859  3709    61791.1000   385    61946.0000    61673.5333    93167    0.44%  x(c82_2_c44_2) U   3859   3857     10
Elapsed time = 52.69 sec. (47279.01 ticks, tree = 78.82 MB, solutions = 1)
   3958  3803    61742.7500   397    61946.0000    61674.5833    95892    0.44%   x(c83_2_c7_2) U   3958   3956     22
   4041  3885    61675.9896   431    61946.0000    61675.8333    98536    0.44%  x(c48_2_c78_2) D   4041   3386     44
   4134  3976    61753.0833   339    61946.0000    61676.8333   101012    0.43%  x(c77_2_c20_2) U   4134   1548      9
   4241  4068    61680.1713   407    61946.0000    61677.6667   103170    0.43%  x(c77_2_c57_2) D   4241   4240     34
   4348  4175    61694.2000   421    61946.0000    61678.3333   105890    0.43%  x(c78_2_c48_2) D   4348   3040     44
   4442  4265    61695.5833   446    61946.0000    61679.1275   108725    0.43%  x(c13_2_c95_2) D   4442   4441     28
   4548  4369    61680.2793   475    61946.0000    61680.0521   111287    0.43%  x(c52_2_c48_2) D   4548   3395     18
   4643  4461    61701.2619   407    61946.0000    61680.8333   113824    0.43%  x(c25_2_c68_2) D   4643   4642     29
   4744  4559    61692.0833   416    61946.0000    61681.6262   116445    0.43%  x(c82_2_c44_2) D   4744   4743     14
   4839  4650    61682.8583   395    61946.0000    61682.3889   119357    0.43%   x(c34_2_c7_2) D   4839   4406     35
Elapsed time = 64.68 sec. (56850.26 ticks, tree = 100.28 MB, solutions = 1)
   4950  4761    61685.2455   426    61946.0000    61683.0833   121934    0.42%  x(c93_2_c61_2) D   4950   4949     34
   5039  4850    61744.3750   525    61946.0000    61683.7708   124728    0.42%  x(c98_3_c23_3) D   5039    678     17
   5146  4953    61797.4204   451    61946.0000    61684.4167   127420    0.42%  x(c20_2_c77_2) U   5146   4358      8
   5247  5049    61832.2500   381    61946.0000    61685.1250   130021    0.42%  x(c83_2_c12_2) U   5247   4601     41
   5355  5152    61766.9333   489    61946.0000    61685.7083   132418    0.42%  x(c51_2_c25_2) N   5355   5353     44
   5452  5242    61884.8889   329    61946.0000    61686.4083   135058    0.42%  x(c48_2_c78_2) U   5452   3460     81
   5542  5324    61796.3449   536    61946.0000    61687.1389   137712    0.42%  x(c78_2_c48_2) U   5542   3094     19
   5636  5415    61807.8333   401    61946.0000    61687.9583   140464    0.42%  x(c93_2_c61_2) U   5636   4949     34
   5732  5508    61771.2333   437    61946.0000    61688.7500   143038    0.42%  x(c52_2_c48_2) U   5732   3073     21
   5830  5604    61864.7917   348    61946.0000    61689.3333   146024    0.41%   x(c34_2_c9_2) U   5830   4673     19
Elapsed time = 76.44 sec. (66487.74 ticks, tree = 121.94 MB, solutions = 1)
   5940  5703    61795.2917   415    61946.0000    61689.9487   148636    0.41%  x(c78_2_c48_2) U   5940   2578     76
   6037  5796    61691.0728   460    61946.0000    61690.5833   150741    0.41%  x(c82_2_c44_2) D   6037   4025     13
   6146  5903    61691.5833   447    61946.0000    61691.0333   153347    0.41%   x(c7_2_c83_2) D   6146   4117     37
   6244  5993    61743.3991   526    61946.0000    61691.5833   155349    0.41%  x(c32_2_c47_2) U   6244   6242     45
   6334  6080    61774.6512   453    61946.0000    61692.1667   158125    0.41%   x(c83_2_c7_2) U   6334   6248     22
   6431  6169    61695.9375   451    61946.0000    61692.7917   160439    0.41%  x(c48_3_c78_3) D   6431   6430     36
   6525  6257    61885.6528   520    61946.0000    61693.3333   163326    0.41%  x(c35_2_c60_2) U   6525   6001     46
   6625  6352        cutoff          61946.0000    61693.6250   165589    0.41%  x(c13_2_c82_2) U   6625   6623     30
   6726  6449    61854.8333   474    61946.0000    61694.0833   168108    0.41%  x(c48_2_c78_2) U   6726   6724     37
   6810  6528    61868.4690   482    61946.0000    61694.5754   170353    0.41%  x(c59_2_c36_2) N   6810   1034     81
Elapsed time = 88.74 sec. (76077.76 ticks, tree = 142.96 MB, solutions = 1)
   6916  6631    61695.8958   540    61946.0000    61695.0521   173001    0.41%   x(c34_2_c7_2) D   6916   6915     25
   7007  6714    61715.2917   425    61946.0000    61695.5833   175278    0.40%  x(c78_2_c48_2) D   7007   6454     24
   7106  6811    61902.0833   487    61946.0000    61696.0659   177809    0.40%   x(c83_2_c9_2) U   7106   6415     50
   7200  6899    61696.4833   593    61946.0000    61696.4833   180277    0.40%  x(c83_2_c12_2) D   7200   7199     26
   7310  7005    61716.0833   422    61946.0000    61696.8333   182884    0.40%  x(c13_2_c95_2) U   7310   7308     19
   7422  7114    61697.3500   346    61946.0000    61697.3889   185371    0.40%  x(c59_2_c36_2) D   7422   6847     49
   7535  7219    61822.3333   334    61946.0000    61697.8333   188102    0.40%  x(c78_2_c48_2) U   7535   4178     25
   7637  7311    61874.0750   397    61946.0000    61698.2917   190929    0.40%  x(c18_2_c94_2) U   7637   7014     44
   7730  7397    61744.7510   567    61946.0000    61698.8056   193336    0.40%  x(c30_2_c85_2) D   7730   3014    116
   7847  7504    61925.9333   397    61946.0000    61699.1458   195587    0.40%  x(c67_2_c89_2) N   7847   7613     36
Elapsed time = 100.55 sec. (85776.02 ticks, tree = 165.30 MB, solutions = 1)
   7948  7596    61699.5833   431    61946.0000    61699.5833   198271    0.40%   x(c34_2_c7_2) D   7948   7263     32
   8037  7681    61784.0000   456    61946.0000    61699.9048   200495    0.40%  x(c48_2_c52_2) U   8037   8035     14
   8131  7771    61912.4069   532    61946.0000    61700.2957   203127    0.40%  x(c20_3_c60_3) D   8131   8130     62
   8231  7861    61916.8333   331    61946.0000    61700.7778   205799    0.40%   x(c5_2_c13_2) U   8231   8229     55
   8334  7958    61749.5833   394    61946.0000    61701.3333   208371    0.39%  x(c33_2_c13_2) U   8334   8332     20
   8433  8042    61701.8186   403    61946.0000    61701.7976   210518    0.39%  x(c51_2_c81_2) D   8433   7402     51
   8535  8136    61761.2917   358    61946.0000    61702.1667   213578    0.39%  x(c51_2_c25_2) U   8535   8261     30
   8634  8226    61703.6458   439    61946.0000    61702.6458   216150    0.39%  x(c52_2_c48_2) D   8634   1970     17
   8733  8323    61762.3750   534    61946.0000    61703.1146   218694    0.39%  x(c12_2_c83_2) U   8733   8106     30
   9114  8683    61715.0649   635    61946.0000    61705.0030   228861    0.39%  x(c85_3_c48_3) D   9114    400     30
Elapsed time = 115.35 sec. (98214.34 ticks, tree = 192.77 MB, solutions = 1)
   9515  9053    61890.1000   440    61946.0000    61706.4833   238609    0.39%   x(c34_2_c7_2) U   9515   8208     18
   9861  9360    61794.0000   521    61946.0000    61707.9015   248638    0.38%  x(c48_2_c52_2) U   9861   9859     19
  10248  9702    61709.9444   370    61946.0000    61709.2500   257923    0.38%  x(c72_2_c36_2) D  10248   7194     41
  10607 10018    61796.0833   482    61946.0000    61710.6172   268508    0.38%  x(c52_2_c48_2) U  10607  10603     18
  10990 10366    61943.6806   485    61946.0000    61711.8333   278037    0.38%  x(c12_2_c83_2) N  10990   4446     17
  11375 10716    61838.5000   408    61946.0000    61713.0167   287469    0.38%  x(c51_3_c81_3) U  11375   9206     43
  11755 11044    61869.8333   377    61946.0000    61713.9492   296884    0.37%  x(c67_2_c89_2) U  11755   9773    121
  12131 11396    61810.3570   524    61946.0000    61715.1754   306524    0.37%   x(c2_3_c82_3) U  12131  10960     62
  12527 11761    61718.9722   504    61946.0000    61716.0833   315222    0.37%  x(c51_2_c25_2) D  12527   9180     49
  12930 12117    61719.8333   420    61946.0000    61717.0833   324708    0.37%  x(c48_2_c78_2) D  12930   6158     15
Elapsed time = 160.90 sec. (136488.44 ticks, tree = 273.69 MB, solutions = 1)
  13312 12422    61728.7458   551    61946.0000    61717.9312   334351    0.37%  x(c13_2_c33_2) D  13312  13311     33
  13683 12745    61898.0833   403    61946.0000    61718.8713   343677    0.37%  x(c57_2_c77_2) U  13683  12375     47
  14041 13054    61723.7000   534    61946.0000    61719.6833   352636    0.37%  x(c48_2_c78_2) D  14041   9561     48
  14432 13389    61809.0833   545    61946.0000    61720.5655   361670    0.36%  x(c98_3_c23_3) U  14432  10592     44
  14810 13710    61725.0000   413    61946.0000    61721.3333   371055    0.36%  x(c43_2_c34_2) D  14810  14809     32
  15190 14040    61723.3333   382    61946.0000    61722.2262   380944    0.36%  x(c67_2_c61_2) D  15190  15189     33
  15571 14353    61741.5720   466    61946.0000    61722.8889   389932    0.36%  x(c67_2_c61_2) D  15571  15570     45
  15966 14696    61723.6364   535    61946.0000    61723.6441   399559    0.36%  x(c34_2_c55_2) D  15966  13676     33
  16344 15011    61913.8810   399    61946.0000    61724.3333   408068    0.36%  x(c20_3_c57_3) U  16344  16342     60
  16728 15327    61726.6667   414    61946.0000    61725.0000   416943    0.36%  x(c72_2_c84_2) D  16728  16727     35
Elapsed time = 204.26 sec. (174689.81 ticks, tree = 350.70 MB, solutions = 1)
  17090 15610    61914.5000   380    61946.0000    61725.5952   424918    0.36%  x(c85_3_c81_3) U  17090  16147     21
  17488 15939        cutoff          61946.0000    61726.2441   433601    0.35%  x(c58_3_c69_3) U  17488  16018     30
  17863 16237    61729.4957   399    61946.0000    61726.9444   442411    0.35%  x(c72_2_c36_2) D  17863  17861     47
  18237 16560    61932.2619   625    61946.0000    61727.6458   451074    0.35%  x(c25_3_c69_3) U  18237  18166     46
  18627 16891    61812.0500   399    61946.0000    61728.3333   460300    0.35%  x(c20_2_c27_2) D  18627  18626     59
  19000 17184    61742.4667   446    61946.0000    61728.8333   468204    0.35%   x(c34_2_c9_2) D  19000  18999     24
  19395 17501    61732.7451   455    61946.0000    61729.3333   477219    0.35%  x(c48_2_c78_2) D  19395  10527     25
  19824 17845    61812.2780   538    61946.0000    61729.8458   484757    0.35%  x(c51_3_c25_3) U  19824  19822     61
  20207 18179    61812.4167   500    61946.0000    61730.4333   493693    0.35%  x(c43_2_c34_2) U  20207  20205     35
  20600 18503    61788.2083   538    61946.0000    61731.0048   501553    0.35%  x(c98_3_c23_3) U  20600  16433     43
Elapsed time = 247.10 sec. (212957.52 ticks, tree = 429.36 MB, solutions = 1)
  20996 18836    61752.8750   335    61946.0000    61731.5833   510615    0.35%  x(c34_2_c43_2) D  20996  20995     46
  21361 19135    61746.0833   333    61946.0000    61732.0833   518000    0.35%  x(c51_2_c25_2) D  21361  18034     48
  21764 19445        cutoff          61946.0000    61732.5899   526010    0.34%  x(c34_2_c43_2) U  21764  21762     49
  22140 19738    61733.1415   516    61946.0000    61733.1380   534582    0.34%  x(c67_2_c89_2) D  22140  20137     16
  22520 20029    61796.1250   505    61946.0000    61733.6538   543335    0.34%  x(c72_2_c84_2) U  22520  20969     32
  22879 20326    61736.3472   541    61946.0000    61734.1500   552966    0.34%  x(c72_2_c36_2) D  22879  20060     45
  23252 20643    61886.0333   419    61946.0000    61734.6008   561909    0.34%  x(c81_2_c51_2) U  23252  23250     68
  23621 20942    61745.5833   287    61946.0000    61735.0833   570077    0.34%  x(c81_2_c87_2) D  23621  12041     57
  24000 21243    61825.2500   395    61946.0000    61735.5833   579115    0.34%   x(c2_3_c82_3) U  24000  14494     21
  24379 21539    61826.5561   436    61946.0000    61736.0833   587625    0.34%  x(c34_2_c55_2) U  24379  21693     55
Elapsed time = 288.82 sec. (251257.80 ticks, tree = 504.24 MB, solutions = 1)
  24718 21826    61736.5833   408    61946.0000    61736.5833   597550    0.34%  x(c72_2_c84_2) D  24718  21971     29
  25084 22116    61745.5833   391    61946.0000    61737.0833   605845    0.34%  x(c82_2_c50_2) U  25084  10980     27
  25465 22422    61830.8333   271    61946.0000    61737.5119   614118    0.34%  x(c81_2_c51_2) U  25465  25463     49
  25813 22708    61777.5833   399    61946.0000    61737.9167   622553    0.34%  x(c67_2_c61_2) U  25813  25811     41
  26200 23019    61738.8833   404    61946.0000    61738.3333   631260    0.34%  x(c67_2_c89_2) D  26200  26199     27
  26536 23268    61750.8568   406    61946.0000    61738.8333   639623    0.33%  x(c20_2_c12_2) U  26536  26132     65
  26929 23596    61786.6310   539    61946.0000    61739.1333   648405    0.33%  x(c25_3_c69_3) U  26929  26927     21
  27288 23870    61741.5667   506    61946.0000    61739.5458   656494    0.33%  x(c67_2_c89_2) D  27288  27287     60
  27663 24170    61909.7976   417    61946.0000    61739.8333   665076    0.33%  x(c96_2_c39_2) D  27663  27661     42
  28037 24458    61822.7083   452    61946.0000    61740.2500   672925    0.33%  x(c51_2_c81_2) U  28037  20700     39
Elapsed time = 329.77 sec. (289474.51 ticks, tree = 576.51 MB, solutions = 1)
  28391 24725    61741.1833   533    61946.0000    61740.7368   681560    0.33%  x(c72_2_c36_2) D  28391  26108     33
  28765 25022    61750.3617   572    61946.0000    61741.1905   690081    0.33%  x(c50_2_c82_2) D  28765  28764     44
  29113 25307    61742.2500   425    61946.0000    61741.5833   698576    0.33%  x(c83_2_c12_2) D  29113  12414     32
  29487 25597    61869.3750   339    61946.0000    61742.0000   707048    0.33%  x(c72_2_c36_2) U  29487  22761     35
  29854 25896    61742.3750   398    61946.0000    61742.3750   715209    0.33%  x(c12_2_c83_2) D  29854  26121     38
  30203 26188    61743.7500   360    61946.0000    61742.7500   723402    0.33%  x(c72_2_c84_2) D  30203  30202     21
  30564 26478    61825.1275   406    61946.0000    61743.1250   732511    0.33%  x(c52_2_c48_2) U  30564   2189     28
  30946 26793    61914.1583   349    61946.0000    61743.5333   741042    0.33%  x(c51_2_c77_2) U  30946  26402     49
  31312 27091    61749.2374   458    61946.0000    61743.8958   749609    0.33%  x(c72_2_c84_2) D  31312  26332     86
  31671 27382        cutoff          61946.0000    61744.3333   758079    0.33%  x(c13_2_c37_2) U  31671  31669     48
Elapsed time = 371.04 sec. (327675.28 ticks, tree = 649.49 MB, solutions = 1)
  32040 27687    61816.9655   392    61946.0000    61744.7407   766571    0.32%  x(c51_2_c81_2) U  32040  25362     89
  32402 28001    61863.8500   484    61946.0000    61745.1288   774910    0.32%   x(c7_2_c83_2) U  32402  31365     33
  32770 28291    61747.0833   422    61946.0000    61745.5833   783400    0.32%   x(c83_2_c7_2) D  32770  32769     28
  33137 28593    61869.1104   440    61946.0000    61746.0167   791438    0.32%  x(c78_2_c48_2) U  33137  20572     50
  33494 28850    61812.3333   294    61946.0000    61746.4333   799695    0.32%  x(c51_2_c25_2) U  33494  29588     35
  33859 29156    61825.4271   398    61946.0000    61746.8333   808062    0.32%  x(c43_2_c34_2) U  33859   3203     13
  34210 29446    61749.0833   291    61946.0000    61747.3000   816713    0.32%  x(c51_2_c77_2) D  34210  21082     45
  34587 29762    61768.2367   543    61946.0000    61747.6733   824757    0.32%  x(c51_2_c81_2) D  34587  31854    131
  34936 30030    61819.1111   423    61946.0000    61748.0833   833475    0.32%  x(c72_2_c84_2) U  34936  34934     26
  35307 30315    61748.3978   564    61946.0000    61748.3796   841629    0.32%  x(c25_3_c61_3) D  35307  21079    102
Elapsed time = 412.29 sec. (365908.52 ticks, tree = 723.17 MB, solutions = 1)
  35651 30572    61749.9167   542    61946.0000    61748.7958   849807    0.32%  x(c13_2_c82_2) D  35651  35650     35
  36004 30846    61852.6833   395    61946.0000    61749.1333   858170    0.32%  x(c81_2_c51_2) U  36004  34380     32
  36370 31125    61757.9417   429    61946.0000    61749.4833   866603    0.32%  x(c51_3_c58_3) D  36370  34198     30
  36733 31402        cutoff          61946.0000    61749.8333   874689    0.32%   x(c9_2_c34_2) U  36733  29317     45
  37062 31636    61750.3125   421    61946.0000    61750.3125   882926    0.32%  x(c12_2_c83_2) D  37062  22728     60
  37430 31910    61934.0833   550    61946.0000    61750.5833   890559    0.32%  x(c77_3_c20_3) U  37430  37422     21
  37779 32161    61851.6905   383    61946.0000    61751.0000   898694    0.31%  x(c77_2_c20_2) U  37779   3938     17
  38126 32421    61751.4722   476    61946.0000    61751.3889   906343    0.31%   x(c55_3_c7_3) D  38126  33443     30
  38473 32678    61756.3333   360    61946.0000    61751.8333   914952    0.31%  x(c51_2_c25_2) D  38473  27865     37
  38820 32942    61879.4242   482    61946.0000    61752.1667   923455    0.31%  x(c67_2_c89_2) U  38820  36648     45
Elapsed time = 452.28 sec. (404097.80 ticks, tree = 791.00 MB, solutions = 1)
  39164 33201    61791.0278   457    61946.0000    61752.5521   931876    0.31%  x(c58_3_c61_3) D  39164  35859     64
  39494 33456    61764.8333   539    61946.0000    61752.8333   940034    0.31%  x(c77_2_c20_2) D  39494  39493     24
  39834 33695    61892.4333   568    61946.0000    61753.1903   948406    0.31%  x(c67_2_c54_2) U  39834  32899     46
  40183 33965    61842.9861   539    61946.0000    61753.5833   956603    0.31%  x(c20_2_c77_2) U  40183   8614     26
  40540 34242    61754.4583   441    61946.0000    61753.8958   963659    0.31%  x(c51_2_c81_2) D  40540  40539     44
  40895 34514    61754.2500   372    61946.0000    61754.2500   972385    0.31%  x(c96_2_c48_2) D  40895  33356     28
  41239 34771    61768.1288   409    61946.0000    61754.6111   980162    0.31%  x(c81_2_c51_2) D  41239  41238     35
  41607 35054    61757.2917   581    61946.0000    61754.9537   987614    0.31%  x(c37_2_c13_2) D  41607  41606     23
  41972 35353        cutoff          61946.0000    61755.3333   995295    0.31%   x(c34_2_c9_2) U  41972  38937     28
  42312 35617    61756.5265   406    61946.0000    61755.6875  1003678    0.31%  x(c12_2_c83_2) D  42312  12713     50
Elapsed time = 491.86 sec. (442288.44 ticks, tree = 859.32 MB, solutions = 1)
  42660 35894    61758.1250   288    61946.0000    61756.0333  1012233    0.31%   x(c7_2_c83_2) D  42660  42659     32
  43003 36150        cutoff          61946.0000    61756.3333  1020236    0.31%  x(c94_2_c18_2) U  43003  43001     44
  43335 36415    61937.3083   400    61946.0000    61756.7083  1028681    0.31%   x(c34_2_c7_2) N  43335  39294     24
  43658 36670    61823.7083   345    61946.0000    61757.0583  1036565    0.31%  x(c13_2_c95_2) D  43658  26349     35
  44002 36928    61888.5833   443    61946.0000    61757.3958  1044512    0.30%  x(c51_2_c25_2) U  44002  44000     33
  44346 37185    61784.6250   346    61946.0000    61757.8155  1052809    0.30%  x(c13_2_c95_2) U  44346  44344     40
  44697 37437        cutoff          61946.0000    61758.0833  1060490    0.30%  x(c72_2_c84_2) U  44697  44695     28
  45039 37694    61895.5333   560    61946.0000    61758.4133  1068227    0.30%  x(c81_2_c51_2) U  45039  30812     54
  45383 37968    61879.6333   376    61946.0000    61758.8333  1076336    0.30%  x(c35_2_c60_2) U  45383  37959     70
  45723 38239    61862.8333   386    61946.0000    61759.1528  1084383    0.30%  x(c51_3_c58_3) U  45723  44013     31
Elapsed time = 531.44 sec. (480493.33 ticks, tree = 926.62 MB, solutions = 1)
  46036 38479    61825.0833   415    61946.0000    61759.5396  1092971    0.30%  x(c37_2_c13_2) U  46036  38841     30
  46381 38743    61848.2500   541    61946.0000    61759.9048  1101465    0.30%  x(c48_2_c52_2) U  46381   8152     11
  46714 39024    61792.3750   426    61946.0000    61760.3048  1110329    0.30%  x(c67_2_c61_2) U  46714  15412     35
  47060 39283    61902.5000   371    61946.0000    61760.5833  1118172    0.30%  x(c96_2_c30_2) U  47060  47058     36
  47420 39572    61908.3333   301    61946.0000    61760.8958  1126776    0.30%  x(c51_2_c81_2) U  47420  47418     49
  47762 39840        cutoff          61946.0000    61761.2419  1134701    0.30%  x(c51_2_c81_2) U  47762  47760     41
  48089 40023    61910.7396   450    61946.0000    61761.5756  1142326    0.30%  x(c48_2_c78_2) U  48089  33051      9
  48451 40300    61871.2905   459    61946.0000    61761.8333  1149815    0.30%  x(c51_2_c81_2) U  48451  44577     55
  48800 40555    61930.1458   523    61946.0000    61762.1190  1157211    0.30%  x(c94_2_c18_2) U  48800  44194     51
  49145 40815    61763.3269   518    61946.0000    61762.5000  1165849    0.30%  x(c51_2_c81_2) D  49145  49144     49
Elapsed time = 570.46 sec. (518746.92 ticks, tree = 992.93 MB, solutions = 1)
  49500 41065    61847.1042   400    61946.0000    61762.8333  1173664    0.30%  x(c34_2_c43_2) U  49500  49498     26
  49844 41309    61767.4811   431    61946.0000    61763.2083  1182033    0.30%  x(c51_2_c81_2) D  49844  49843     51
  50182 41546    61791.3333   350    61946.0000    61763.5833  1189985    0.29%  x(c96_2_c30_2) D  50182  50181     45
  50529 41785    61811.0833   442    61946.0000    61763.8499  1197532    0.29%  x(c33_2_c13_2) U  50529  37864     26
  50885 42069    61818.6294   532    61946.0000    61764.1667  1205451    0.29%  x(c72_2_c36_2) D  50885  50884     36
  51230 42316    61900.9524   455    61946.0000    61764.4583  1213401    0.29%   x(c7_2_c83_2) U  51230  40135     64
  51573 42586    61862.1458   388    61946.0000    61764.8333  1221322    0.29%  x(c72_2_c84_2) U  51573  26343     28
  51910 42832    61863.7840   465    61946.0000    61765.1583  1229317    0.29%  x(c18_2_c94_2) U  51910  28226     41
  52239 43088    61864.3333   255    61946.0000    61765.5000  1236940    0.29%   x(c7_2_c55_2) U  52239  45280     90
  52546 43296    61824.4306   562    61946.0000    61765.8846  1245433    0.29%  x(c72_2_c84_2) U  52546  49082     39
Elapsed time = 608.86 sec. (556970.95 ticks, tree = 1057.04 MB, solutions = 1)
  52846 43502    61881.9167   369    61946.0000    61766.3333  1254373    0.29%  x(c87_3_c58_3) U  52846  50288     34
  53158 43707        cutoff          61946.0000    61766.7500  1262756    0.29%  x(c51_2_c77_2) U  53158  52066     70
  53467 43922    61866.3333   390    61946.0000    61767.1190  1271114    0.29%  x(c30_2_c96_2) U  53467  49126     47
  53760 44140    61775.1250   421    61946.0000    61767.5833  1279973    0.29%  x(c30_2_c14_2) D  53760  51318     17
  54065 44348    61776.4792   441    61946.0000    61767.8958  1287115    0.29%  x(c48_2_c52_2) D  54065  19940     29
  54361 44520        cutoff          61946.0000    61768.3333  1295267    0.29%   x(c39_2_c5_2) U  54361   4179     25
  54672 44728    61778.1641   442    61946.0000    61768.7909  1303568    0.29%  x(c58_3_c61_3) D  54672  51748     68
  54984 44961    61784.0000   280    61946.0000    61769.1000  1311683    0.29%  x(c30_2_c96_2) D  54984  54983     29
  55280 45158    61927.9167   363    61946.0000    61769.5833  1319905    0.28%  x(c87_2_c61_2) U  55280  13340     59
  55574 45365    61801.3889   377    61946.0000    61770.0833  1328419    0.28%  x(c64_2_c67_2) D  55574  12905     46
Elapsed time = 645.48 sec. (595194.11 ticks, tree = 1111.91 MB, solutions = 1)
  55868 45571    61836.2879   364    61946.0000    61770.5833  1337053    0.28%   x(c2_3_c82_3) U  55868   9949     31
  56154 45775    61934.6333   325    61946.0000    61771.0597  1345727    0.28%  x(c34_2_c12_2) U  56154   4805     31
  56449 45978    61877.9907   530    61946.0000    61771.4259  1354163    0.28%  x(c84_2_c90_2) U  56449  45726     48
  56764 46179        cutoff          61946.0000    61771.8333  1361811    0.28%  x(c83_2_c43_2) D  56764  56763     55
  57052 46356    61892.7619   340    61946.0000    61772.3333  1370644    0.28%  x(c30_2_c96_2) U  57052  49801     46
  57370 46570    61835.4000   442    61946.0000    61772.6333  1378658    0.28%  x(c96_2_c30_2) U  57370  50535     60
  57673 46799    61779.6333   360    61946.0000    61773.0190  1387124    0.28%  x(c72_2_c84_2) D  57673  33902     30
  57989 47010    61783.9792   412    61946.0000    61773.3958  1395038    0.28%  x(c48_2_c52_2) D  57989   3394     19
  58273 47182    61775.0714   461    61946.0000    61773.7083  1403112    0.28%  x(c51_2_c77_2) D  58273  31646     57
  58573 47405    61774.5833   308    61946.0000    61774.0833  1411855    0.28%  x(c34_2_c43_2) D  58573  21310     29
Elapsed time = 682.10 sec. (633409.79 ticks, tree = 1166.24 MB, solutions = 1)
  58900 47641    61786.2821   504    61946.0000    61774.3333  1419780    0.28%  x(c34_2_c55_2) D  58900  58899     64
  59208 47852        cutoff          61946.0000    61774.6558  1427476    0.28%  x(c96_3_c48_3) N  59208   5634     10
  59534 48072    61942.3056   404    61946.0000    61774.9167  1434491    0.28%  x(c87_2_c61_2) U  59534  59530     71
  59847 48316    61936.1591   519    61946.0000    61775.2917  1442731    0.28%  x(c43_2_c34_2) N  59847  59845     47
  60170 48508    61788.9958   527    61946.0000    61775.5833  1450083    0.28%  x(c81_2_c51_2) D  60170  28766     45
  60505 48754    61884.3333   456    61946.0000    61775.8333  1457295    0.27%  x(c91_2_c47_2) D  60505  60503     74
  60813 48948    61781.8056   458    61946.0000    61776.2000  1465437    0.27%  x(c82_2_c13_2) D  60813  52599     26
  61110 49143    61783.6167   440    61946.0000    61776.5278  1473429    0.27%  x(c87_3_c25_3) U  61110  61109     46
  61427 49374    61873.1431   568    61946.0000    61776.8333  1481598    0.27%  x(c20_2_c77_2) U  61427  10176     25
  61754 49602    61892.6667   283    61946.0000    61777.0965  1489409    0.27%  x(c35_2_c60_2) U  61754  29672     46
Elapsed time = 718.70 sec. (671707.69 ticks, tree = 1224.72 MB, solutions = 1)
  62076 49834    61798.7896   556    61946.0000    61777.3411  1496650    0.27%  x(c81_3_c85_3) D  62076  15338     49
  62380 50023    61901.1771   369    61946.0000    61777.6987  1504254    0.27%  x(c51_2_c81_2) U  62380  61772     73
  62703 50272    61780.0500   423    61946.0000    61777.9667  1512282    0.27%  x(c51_2_c25_2) D  62703  55627     37
  63017 50487        cutoff          61946.0000    61778.2167  1519146    0.27%   x(c5_2_c13_2) U  63017  54117     76
  63328 50681    61882.4742   516    61946.0000    61778.4792  1525985    0.27%  x(c77_2_c20_2) U  63328  63326     13
  63630 50872        cutoff          61946.0000    61778.7583  1533385    0.27%  x(c82_2_c13_2) U  63630  48515     53
  63941 51069    61779.8949   369    61946.0000    61779.0079  1540948    0.27%  x(c30_2_c96_2) D  63941  57835     49
  64233 51266        cutoff          61946.0000    61779.2750  1548607    0.27%  x(c85_3_c48_3) U  64233  64231     40
  64555 51492    61780.6458   523    61946.0000    61779.5225  1556171    0.27%   x(c7_2_c55_2) D  64555  57932     39
  64876 51710        cutoff          61946.0000    61779.8000  1563446    0.27%  x(c37_2_c13_2) U  64876  11361     22
Elapsed time = 755.60 sec. (709904.97 ticks, tree = 1282.00 MB, solutions = 1)
  65198 51918    61794.4537   569    61946.0000    61780.0208  1570510    0.27%  x(c30_2_c96_2) D  65198  65197     31
  65483 52116    61868.1333   320    61946.0000    61780.2879  1578106    0.27%  x(c60_2_c35_2) U  65483  63313     44
  65802 52329        cutoff          61946.0000    61780.5119  1585105    0.27%  x(c87_2_c25_2) U  65802  65800     59
  66128 52568        cutoff          61946.0000    61780.8167  1592185    0.27%  x(c51_2_c25_2) U  66128  66125     29
  66445 52775    61785.5667   404    61946.0000    61781.0000  1598779    0.27%  x(c96_2_c30_2) D  66445  66444     37
  66760 52979    61809.2833   349    61946.0000    61781.2833  1605912    0.27%  x(c96_2_c30_2) D  66760  57775     82
  67081 53216    61845.3333   489    61946.0000    61781.5147  1613163    0.27%  x(c96_2_c30_2) U  67081  67079     32
  67400 53433    61847.3958   406    61946.0000    61781.7333  1620929    0.27%  x(c61_2_c81_2) U  67400  67398     40
  67703 53633    61782.0083   434    61946.0000    61781.9667  1628060    0.26%  x(c81_2_c51_2) D  67703  67702     30
  68011 53844    61927.6033   490    61946.0000    61782.1667  1635242    0.26%   x(c92_2_c6_2) D  68011  68010     69
Elapsed time = 792.68 sec. (748133.43 ticks, tree = 1340.15 MB, solutions = 1)
  68323 54038    61783.3194   416    61946.0000    61782.3958  1643273    0.26%  x(c51_2_c81_2) D  68323  58970     35
  68619 54255    61816.1190   400    61946.0000    61782.6526  1651602    0.26%   x(c55_3_c7_3) U  68619  11404     55
  68917 54454    61810.8833   506    61946.0000    61782.8889  1658913    0.26%  x(c30_2_c96_2) D  68917  55175     29
  69211 54665    61783.6333   400    61946.0000    61783.1333  1666848    0.26%  x(c72_2_c84_2) D  69211  69210     28
  69523 54870    61908.0833   479    61946.0000    61783.3333  1674434    0.26%  x(c13_2_c95_2) D  69523  69521     28
  69823 55090    61792.4811   486    61946.0000    61783.5333  1681453    0.26%  x(c96_2_c48_2) D  69823  69822     59
  70134 55292    61850.4773   406    61946.0000    61783.7500  1688430    0.26%   x(c2_3_c82_3) U  70134  51272     44
  70430 55487    61864.5333   316    61946.0000    61784.0000  1696189    0.26%  x(c51_2_c25_2) U  70430  51543     38
  70724 55711    61809.7869   593    61946.0000    61784.2500  1704054    0.26%  x(c96_2_c39_2) D  70724  10487     48
  71023 55928    61822.4000   375    61946.0000    61784.4583  1711621    0.26%  x(c50_2_c82_2) U  71023  10713     36
Elapsed time = 830.40 sec. (786316.51 ticks, tree = 1397.17 MB, solutions = 1)
  71327 56151    61882.0163   462    61946.0000    61784.6667  1719249    0.26%  x(c30_2_c85_2) D  71327  71325     66
  71640 56339    61794.4619   473    61946.0000    61784.8697  1726221    0.26%  x(c77_3_c20_3) D  71640   7630     23
  71948 56547        cutoff          61946.0000    61785.0833  1733869    0.26%  x(c72_2_c84_2) U  71948  71946     36
  72244 56752        cutoff          61946.0000    61785.2917  1741210    0.26%  x(c81_3_c51_3) U  72244  50637     67
  72557 56952    61857.4333   402    61946.0000    61785.5333  1748436    0.26%  x(c51_2_c25_2) U  72557  71725     38
  72862 57177    61854.3833   353    61946.0000    61785.7500  1755786    0.26%  x(c13_2_c95_2) U  72862  11330     25
  73169 57377    61795.9583   421    61946.0000    61786.0000  1763207    0.26%  x(c50_2_c82_2) D  73169  73168     47
  73509 57603        cutoff          61946.0000    61786.1667  1770178    0.26%  x(c13_2_c95_2) U  73509  73507     40
  73800 57747    61904.0833   393    61946.0000    61786.4167  1777710    0.26%  x(c67_2_c89_2) U  73800  65043     33
  74092 57926        cutoff          61946.0000    61786.6333  1785158    0.26%  x(c87_2_c61_2) U  74092  62440     76
Elapsed time = 867.21 sec. (824540.29 ticks, tree = 1451.86 MB, solutions = 1)
  74391 58088        cutoff          61946.0000    61786.8333  1792615    0.26%  x(c58_3_c61_3) U  74391  74388     32
  74690 58298    61794.8833   421    61946.0000    61787.0833  1800088    0.26%  x(c67_2_c54_2) D  74690  10052     36
  74985 58482        cutoff          61946.0000    61787.3069  1807362    0.26%  x(c96_2_c30_2) U  74985  71118     30
  75303 58680    61904.8333   259    61946.0000    61787.4762  1814413    0.26%  x(c61_2_c69_2) U  75303  25070     61
  75603 58882    61806.6833   480    61946.0000    61787.6852  1821471    0.26%  x(c72_2_c36_2) D  75603  48812     38
  75922 59116    61817.7000   372    61946.0000    61787.8667  1828553    0.26%  x(c96_2_c30_2) D  75922  56604     28
  76219 59316    61828.9667   531    61946.0000    61788.0833  1836214    0.25%  x(c61_2_c51_2) D  76219  70415     50
  76512 59518        cutoff          61946.0000    61788.3333  1843207    0.25%  x(c87_2_c81_2) U  76512  76510     61
  76830 59719    61797.0516   537    61946.0000    61788.5417  1850331    0.25%   x(c2_3_c82_3) D  76830  76829     51
  77140 59924    61790.3000   521    61946.0000    61788.7333  1857950    0.25%  x(c51_2_c81_2) D  77140  55170     40
Elapsed time = 904.72 sec. (862746.10 ticks, tree = 1506.37 MB, solutions = 1)
  77452 60124        cutoff          61946.0000    61788.8833  1864754    0.25%  x(c81_3_c85_3) U  77452  56194     34
  77738 60344    61789.6983   372    61946.0000    61789.0972  1872241    0.25%  x(c51_2_c81_2) D  77738  77737     39
  78036 60554    61807.1172   478    61946.0000    61789.2879  1879456    0.25%  x(c96_2_c30_2) D  78036  74533     48
  78357 60761    61789.8333   429    61946.0000    61789.4667  1886401    0.25%  x(c37_2_c13_2) D  78357  64791     29
  78663 60948        cutoff          61946.0000    61789.6333  1893279    0.25%  x(c51_2_c61_2) D  78663  78662     52
  78973 61149    61867.5333   342    61946.0000    61789.8333  1900492    0.25%  x(c87_2_c25_2) U  78973  59180     33
  79269 61332    61921.0857   534    61946.0000    61790.0500  1907508    0.25%  x(c30_2_c96_2) U  79269  67404     20
  79584 61553    61794.8611   385    61946.0000    61790.2333  1914873    0.25%  x(c34_2_c43_2) D  79584  11318     38
  79882 61727    61903.1346   550    61946.0000    61790.4333  1922137    0.25%  x(c67_2_c89_2) U  79882  47059     37
  80178 61955    61834.2222   440    61946.0000    61790.6397  1929658    0.25%  x(c36_2_c59_2) U  80178  31277     63
Elapsed time = 941.55 sec. (900952.12 ticks, tree = 1561.95 MB, solutions = 1)
  80484 62147        cutoff          61946.0000    61790.8333  1937445    0.25%  x(c87_2_c61_2) U  80484  59571     32
  80782 62337    61849.3498   510    61946.0000    61791.0833  1944809    0.25%  x(c83_2_c12_2) U  80782   1497     45
  81067 62510    61868.0619   422    61946.0000    61791.2500  1952100    0.25%  x(c13_2_c95_2) U  81067  81065     22
  81365 62708    61853.1000   451    61946.0000    61791.4380  1959537    0.25%  x(c51_2_c61_2) D  81365  77509     68
  81673 62893    61820.6167   512    61946.0000    61791.5853  1966268    0.25%  x(c30_2_c96_2) U  81673  56640     30
  81980 63097    61816.5000   239    61946.0000    61791.8333  1973385    0.25%  x(c44_2_c82_2) D  81980  81979     38
  82285 63279    61873.6081   463    61946.0000    61791.9667  1980641    0.25%  x(c61_2_c81_2) U  82285  82283     36
  82595 63485    61804.7000   380    61946.0000    61792.1667  1988126    0.25%  x(c61_2_c69_2) D  82595  16585     92
  82904 63688        cutoff          61946.0000    61792.3333  1995461    0.25%  x(c44_2_c82_2) D  82904  82903     37
  83195 63860    61883.9167   504    61946.0000    61792.5000  2002369    0.25%  x(c72_2_c84_2) U  83195  49859     31
Elapsed time = 976.63 sec. (939149.62 ticks, tree = 1614.10 MB, solutions = 1)
  83493 64062    61792.6806   448    61946.0000    61792.6833  2009557    0.25%   x(c34_2_c7_2) D  83493  70389     17
  83780 64258    61880.9833   417    61946.0000    61792.8333  2016857    0.25%  x(c51_2_c25_2) D  83780  83778     43
  84078 64465    61826.1333   329    61946.0000    61793.0333  2023903    0.25%  x(c44_2_c82_2) D  84078  84077     48
  84387 64655    61920.1333   377    61946.0000    61793.1771  2030396    0.25%  x(c44_2_c82_2) U  84387  84385     20
  84694 64851    61900.7833   528    61946.0000    61793.3333  2037426    0.25%  x(c67_2_c89_2) D  84694  84693     35
  85000 65038    61856.0667   517    61946.0000    61793.5565  2044021    0.25%   x(c83_2_c7_2) U  85000  69158     20
  85312 65230    61839.7833   410    61946.0000    61793.7323  2051383    0.25%  x(c52_2_c48_2) U  85312  70705     49
  85619 65423        cutoff          61946.0000    61793.8512  2057560    0.25%  x(c51_2_c81_2) U  85619  82160     46
  85920 65601    61942.2131   582    61946.0000    61794.0476  2064879    0.25%  x(c48_3_c96_3) U  85920  73603     62
  86201 65764        cutoff          61946.0000    61794.2083  2071942    0.25%  x(c67_3_c61_3) U  86201  45306     41
Elapsed time = 1011.62 sec. (977401.22 ticks, tree = 1669.12 MB, solutions = 1)
  86498 65962    61808.9667   429    61946.0000    61794.3833  2078876    0.24%   x(c2_3_c82_3) D  86498  70729     22
  86785 66163    61908.5833   273    61946.0000    61794.5833  2086519    0.24%  x(c55_2_c27_2) U  86785  21891     45
  87078 66366    61795.1583   421    61946.0000    61794.7083  2093251    0.24%  x(c51_2_c25_2) D  87078  69397     26
  87380 66568    61794.9149   428    61946.0000    61794.8889  2099873    0.24%   x(c34_2_c9_2) D  87380  56893     55
  87676 66756    61942.9167   403    61946.0000    61795.0833  2106953    0.24%  x(c55_2_c27_2) U  87676  39953     34
  87994 66940    61832.2190   545    61946.0000    61795.1944  2113188    0.24%  x(c13_2_c95_2) D  87994  29667     44
  88285 67120        cutoff          61946.0000    61795.3708  2119605    0.24%  x(c61_2_c69_2) U  88285   9830     43
  88574 67306        cutoff          61946.0000    61795.5833  2126634    0.24%  x(c81_2_c51_2) U  88574  42029     41
  88870 67482    61796.2315   413    61946.0000    61795.7262  2133559    0.24%   x(c2_3_c82_3) D  88870  88869     43
  89164 67687    61937.6667   337    61946.0000    61795.8833  2140328    0.24%  x(c77_2_c57_2) U  89164  89162     57
Elapsed time = 1046.41 sec. (1015649.41 ticks, tree = 1721.99 MB, solutions = 1)
  89449 67881    61924.1190   494    61946.0000    61796.0833  2147801    0.24%  x(c44_2_c82_2) U  89449  86452     37
  89734 68046    61903.5130   463    61946.0000    61796.2667  2155290    0.24%  x(c67_2_c89_2) U  89734  82280     32
  90025 68235    61865.6333   448    61946.0000    61796.3869  2162004    0.24%  x(c46_3_c34_3) D  90025  90023     27
  90329 68440    61840.0833   454    61946.0000    61796.5833  2168771    0.24%  x(c51_2_c25_2) D  90329  90327     41
  90635 68602    61798.4466   429    61946.0000    61796.7333  2175619    0.24%  x(c87_2_c61_2) D  90635  85528     43
  90951 68780    61796.9944   441    61946.0000    61796.8877  2181770    0.24%  x(c25_3_c69_3) D  90951  90950     32
  91243 68974    61830.0833   399    61946.0000    61797.0569  2189151    0.24%  x(c61_2_c51_2) U  91243  84613     52
  91540 69167    61809.7048   435    61946.0000    61797.2333  2196339    0.24%  x(c96_2_c48_2) D  91540  78870     25
  91828 69347    61927.3038   486    61946.0000    61797.3889  2204264    0.24%   x(c7_2_c55_2) U  91828  79631     76
  92115 69515    61801.8417   403    61946.0000    61797.5833  2211327    0.24%  x(c67_2_c89_2) D  92115  81529     28
Elapsed time = 1080.70 sec. (1053888.78 ticks, tree = 1772.22 MB, solutions = 1)
  92414 69723    61800.2262   403    61946.0000    61797.7333  2218567    0.24%  x(c54_2_c89_2) D  92414  75708     82
  92719 69913    61798.5333   465    61946.0000    61797.9333  2225369    0.24%  x(c37_2_c13_2) D  92719  71936     37
  92998 70094        cutoff          61946.0000    61798.1141  2232782    0.24%   x(c34_2_c9_2) U  92998  60966     32
  93290 70285    61804.1867   527    61946.0000    61798.2917  2239470    0.24%  x(c51_2_c25_2) D  93290  64195     45
  93588 70473    61921.6333   287    61946.0000    61798.4556  2246668    0.24%  x(c81_2_c61_2) U  93588  51904     44
  93864 70640        cutoff          61946.0000    61798.6333  2253560    0.24%  x(c54_2_c67_2) U  93864  93861     44
  94159 70833    61843.3333   266    61946.0000    61798.8333  2259773    0.24%  x(c61_2_c51_2) D  94159  86572     35
  94452 71018        cutoff          61946.0000    61798.9833  2267041    0.24%  x(c67_2_c89_2) U  94452  94449     68
  94739 71184    61822.1333   529    61946.0000    61799.1333  2273655    0.24%  x(c51_3_c58_3) D  94739  72113     22
  95036 71396    61882.5833   357    61946.0000    61799.3059  2281044    0.24%  x(c61_2_c81_2) U  95036  95034     39
Elapsed time = 1115.42 sec. (1092080.60 ticks, tree = 1823.91 MB, solutions = 1)
  95340 71590    61874.3561   423    61946.0000    61799.4833  2288283    0.24%  x(c30_2_c48_2) U  95340  95338     37
  95623 71745        cutoff          61946.0000    61799.6333  2294793    0.24%  x(c30_2_c96_2) U  95623  76987     19
  95921 71939    61799.8333   214    61946.0000    61799.8333  2301788    0.24%   x(c2_1_c82_1) D  95921  79470     58
  96215 72094    61800.2708   527    61946.0000    61799.9524  2308314    0.24%  x(c30_2_c96_2) D  96215  92160     31
  96497 72238        cutoff          61946.0000    61800.1333  2315679    0.24%  x(c67_2_c61_2) U  96497  96495     33
  96794 72419        cutoff          61946.0000    61800.3333  2322896    0.24%  x(c55_2_c27_2) U  96794  24399     71
  97086 72599    61924.8667   335    61946.0000    61800.4833  2329882    0.23%  x(c61_2_c51_2) U  97086  69270     45
  97395 72797    61800.6333   416    61946.0000    61800.6333  2336474    0.23%  x(c72_2_c84_2) D  97395  82823     24
  97690 72975    61812.3333   419    61946.0000    61800.7955  2343876    0.23%  x(c44_2_c82_2) D  97690  93599     52
  97979 73141    61806.5208   387    61946.0000    61800.9656  2350854    0.23%  x(c13_2_c37_2) D  97979   9239     33
Elapsed time = 1149.12 sec. (1130313.86 ticks, tree = 1872.21 MB, solutions = 1)
  98270 73320    61843.3583   417    61946.0000    61801.1667  2357718    0.23%  x(c61_2_c51_2) U  98270  98268     28
  98550 73468    61926.8333   472    61946.0000    61801.3611  2364248    0.23%  x(c72_2_c36_2) U  98550  80809     37
  98836 73617        cutoff          61946.0000    61801.5833  2371551    0.23%   x(c7_2_c55_2) U  98836  98833     48
  99134 73795    61803.3519   427    61946.0000    61801.7833  2378568    0.23%  x(c30_2_c96_2) D  99134  80701     44
  99435 74002    61944.5556   517    61946.0000    61801.9167  2385249    0.23%  x(c44_2_c82_2) U  99435  99433     37
  99720 74178    61803.3333   476    61946.0000    61802.1127  2392585    0.23%  x(c81_3_c51_3) D  99720  84988     30
 100013 74372    61810.0583   333    61946.0000    61802.2708  2399513    0.23%  x(c57_2_c77_2) D 100013   4488     27
 100316 74556    61802.4167   501    61946.0000    61802.4167  2406409    0.23%  x(c81_3_c61_3) D 100316  88963     46
 100586 74706    61943.0476   397    61946.0000    61802.6250  2413453    0.23%  x(c30_2_c96_2) U 100586  88290     16
 100877 74875        cutoff          61946.0000    61802.8000  2420535    0.23%  x(c25_3_c69_3) U 100877  85163     34
Elapsed time = 1182.99 sec. (1168528.86 ticks, tree = 1920.49 MB, solutions = 1)
 101170 75029    61805.8202   558    61946.0000    61802.9286  2426900    0.23%  x(c87_2_c25_2) D 101170  87375     44
 101448 75211    61803.5563   411    61946.0000    61803.1000  2433941    0.23%  x(c82_2_c44_2) D 101448  91020     28
 101757 75409    61918.6111   394    61946.0000    61803.3000  2440854    0.23%   x(c83_2_c7_2) U 101757  94822     23
 102058 75608        cutoff          61946.0000    61803.4444  2447676    0.23%  x(c82_2_c50_2) U 102058  60761     20
 102366 75810    61803.6333   391    61946.0000    61803.6333  2454087    0.23%  x(c72_2_c84_2) D 102366 102365     18
 102666 75994        cutoff          61946.0000    61803.8333  2460683    0.23%  x(c61_2_c87_2) U 102666  56671     56
 102953 76162    61827.9369   562    61946.0000    61804.0000  2468025    0.23%  x(c30_2_c48_2) D 102953 102952     39
 103244 76339        cutoff          61946.0000    61804.1333  2474475    0.23%  x(c43_3_c34_3) U 103244  59257     61
 103538 76497    61884.5000   269    61946.0000    61804.3333  2481259    0.23%  x(c44_2_c82_2) U 103538  95064     68
 103829 76690    61919.8833   393    61946.0000    61804.4833  2488278    0.23%  x(c44_2_c82_2) U 103829 103827     29
Elapsed time = 1217.97 sec. (1206754.29 ticks, tree = 1970.91 MB, solutions = 1)
 104123 76860    61892.0000   320    61946.0000    61804.6333  2495141    0.23%  x(c90_2_c84_2) D 104123 104121     73
 104400 77023    61921.0333   291    61946.0000    61804.8333  2501591    0.23%  x(c44_2_c82_2) U 104400 104398     35
 104692 77164    61807.3194   423    61946.0000    61804.9615  2508478    0.23%  x(c96_2_c48_2) D 104692  90074     70
 104986 77343    61805.6690   405    61946.0000    61805.1333  2515461    0.23%  x(c30_2_c85_2) D 104986 104985     48
 105259 77511    61806.4300   550    61946.0000    61805.2833  2522092    0.23%   x(c55_3_c7_3) D 105259  68028     24
 105563 77690    61838.9704   455    61946.0000    61805.4230  2528890    0.23%  x(c44_2_c82_2) D 105563 105562     97
 105835 77863        cutoff          61946.0000    61805.6111  2535359    0.23%  x(c48_3_c96_3) U 105835  99683     70
 106138 78040    61885.5833   287    61946.0000    61805.7500  2541985    0.23%  x(c72_2_c47_2) U 106138  81846     62
 106431 78202        cutoff          61946.0000    61805.8458  2547203    0.23%  x(c67_2_c89_2) U 106431  94015     69
 106714 78361    61891.0686   405    61946.0000    61806.0694  2554274    0.23%  x(c61_2_c51_2) D 106714  71670     74
Elapsed time = 1252.29 sec. (1244966.75 ticks, tree = 2017.36 MB, solutions = 1)
 107016 78545    61880.7405   453    61946.0000    61806.2000  2560242    0.23%  x(c61_2_c81_2) U 107016  51771     54
 107306 78724    61807.4167   397    61946.0000    61806.3500  2567116    0.23%  x(c67_2_c54_2) D 107306  84131     49
 107590 78888    61873.6833   516    61946.0000    61806.5458  2573631    0.23%  x(c51_2_c25_2) U 107590 100261     53
 107885 79057        cutoff          61946.0000    61806.7000  2580072    0.22%  x(c36_2_c59_2) U 107885  83521     66
 108161 79226    61832.1667   505    61946.0000    61806.8333  2586293    0.22%  x(c30_2_c48_2) U 108161 108158     34
 108440 79416    61835.4885   475    61946.0000    61807.0220  2592948    0.22%  x(c36_2_c59_2) U 108440  36596     32
 108750 79593    61863.8333   409    61946.0000    61807.1333  2599247    0.22%  x(c61_2_c51_2) U 108750 108748     43
 109030 79751    61807.8083   427    61946.0000    61807.3103  2605976    0.22%  x(c72_2_c84_2) D 109030  96953     43
 109315 79914    61850.8333   357    61946.0000    61807.4167  2612201    0.22%  x(c30_2_c48_2) U 109315 109313     44
 109600 80064    61812.2222   437    61946.0000    61807.5833  2618515    0.22%  x(c30_2_c96_2) D 109600  95004     23
Elapsed time = 1291.36 sec. (1283273.67 ticks, tree = 2064.91 MB, solutions = 1)
Nodefile size = 17.68 MB (13.71 MB after compression)
 109894 80236    61812.8000   414    61946.0000    61807.7167  2625073    0.22%  x(c44_2_c82_2) D 109894 102768     16
 110186 80410        cutoff          61946.0000    61807.8333  2631360    0.22%  x(c87_2_c61_2) U 110186 101261     43
 110467 80579    61810.4833   437    61946.0000    61808.0104  2638450    0.22%  x(c87_2_c61_2) D 110467  81727     35
 110758 80751    61917.6686   455    61946.0000    61808.1667  2645287    0.22%  x(c30_3_c48_3) D 110758 110757     32
 111039 80890        cutoff          61946.0000    61808.3333  2651602    0.22%  x(c44_2_c82_2) D 111039 111038     60
 111330 81071    61808.4833   447    61946.0000    61808.4847  2658287    0.22%  x(c87_2_c61_2) D 111330  91650     33
 111637 81267        cutoff          61946.0000    61808.6333  2664405    0.22%  x(c67_2_c81_2) U 111637  83501     32
 111934 81432        cutoff          61946.0000    61808.7722  2670841    0.22%  x(c96_2_c48_2) U 111934  94077     34
 112235 81615        cutoff          61946.0000    61808.8833  2676758    0.22%  x(c30_2_c85_2) U 112235  73416     16
 112518 81802    61810.3194   425    61946.0000    61809.0778  2683655    0.22%  x(c78_2_c48_2) D 112518  72645     18
Elapsed time = 1325.93 sec. (1321500.71 ticks, tree = 2113.37 MB, solutions = 1)
Nodefile size = 65.72 MB (50.97 MB after compression)
 112830 81992    61825.8802   485    61946.0000    61809.1979  2690221    0.22%  x(c44_2_c82_2) D 112830 112829     96
 113111 82169    61898.8333   358    61946.0000    61809.3333  2697063    0.22%  x(c81_2_c51_2) U 113111 113109     44
 113388 82334    61821.3095   582    61946.0000    61809.5000  2704167    0.22%  x(c13_2_c95_2) D 113388 113387     24
 113692 82483        cutoff          61946.0000    61809.6333  2710592    0.22%  x(c58_3_c61_3) D 113692 113691     22
 113981 82617        cutoff          61946.0000    61809.7917  2717117    0.22%  x(c51_2_c81_2) U 113981 113979     28
 114272 82780        cutoff          61946.0000    61809.9111  2724034    0.22%  x(c30_2_c85_2) U 114272  73164     27
 114572 82942    61851.3833   445    61946.0000    61810.0741  2730530    0.22%  x(c61_2_c51_2) U 114572 114570     42
 114857 83109    61844.6833   371    61946.0000    61810.1833  2736770    0.22%  x(c44_2_c82_2) D 114857  99593     79
 115146 83260    61882.8833   425    61946.0000    61810.3333  2743366    0.22%  x(c51_2_c25_2) U 115146  44476     39
 115422 83418    61821.7833   479    61946.0000    61810.5000  2749646    0.22%   x(c2_3_c82_3) D 115422  55566     23
Elapsed time = 1359.64 sec. (1359719.28 ticks, tree = 2158.55 MB, solutions = 1)
Nodefile size = 110.95 MB (86.04 MB after compression)
 115739 83583        cutoff          61946.0000    61810.6333  2755196    0.22%   x(c34_2_c7_2) U 115739  99650     28
 116023 83764    61811.1636   535    61946.0000    61810.7939  2761737    0.22%  x(c81_3_c85_3) D 116023 116022     47
 116326 83946    61844.5625   484    61946.0000    61810.8958  2768437    0.22%  x(c48_2_c52_2) D 116326  41572     19
 116620 84131    61841.9583   382    61946.0000    61811.0556  2775046    0.22%  x(c61_2_c51_2) U 116620 105990     32
 116920 84324    61930.4167   421    61946.0000    61811.1667  2781483    0.22%  x(c36_2_c59_2) U 116920  33571     37
 117206 84479        cutoff          61946.0000    61811.3333  2787998    0.22%  x(c67_2_c54_2) U 117206   4251     43
 117518 84644        cutoff          61946.0000    61811.4458  2794284    0.22%  x(c67_2_c89_2) U 117518  63308     53
 117790 84793    61874.4667   521    61946.0000    61811.6000  2800739    0.22%  x(c52_2_c48_2) U 117790   2103      8
 118078 84970    61820.9583   290    61946.0000    61811.7500  2807049    0.22%  x(c61_2_c87_2) D 118078  28837     33
 118373 85121    61813.1333   446    61946.0000    61811.8667  2813211    0.22%   x(c55_2_c7_2) D 118373 118372     25
Elapsed time = 1393.57 sec. (1397949.97 ticks, tree = 2205.97 MB, solutions = 1)
Nodefile size = 158.30 MB (122.78 MB after compression)
 118650 85271        cutoff          61946.0000    61812.0417  2820012    0.22%  x(c82_2_c50_2) U 118650 106098     44
 118949 85436        cutoff          61946.0000    61812.1711  2826509    0.22%  x(c51_3_c81_3) U 118949  77756     21
 119220 85586    61914.0083   545    61946.0000    61812.3333  2832959    0.22%  x(c72_2_c36_2) D 119220 119218     53
 119520 85753    61847.9833   455    61946.0000    61812.4583  2839185    0.22%  x(c61_2_c51_2) D 119520 119519     51
 119804 85906    61858.5083   316    61946.0000    61812.6333  2846203    0.22%  x(c20_3_c57_3) U 119804  54172     64
 120100 86055    61840.7333   377    61946.0000    61812.7333  2852488    0.22%  x(c30_2_c96_2) D 120100  58309     31
 120400 86227    61813.4333   518    61946.0000    61812.8333  2858500    0.21%  x(c30_2_c96_2) D 120400  58966     26
 120693 86406    61893.5333   404    61946.0000    61813.0333  2865167    0.21%   x(c2_3_c82_3) U 120693 120691     20
 120992 86570    61816.2154   574    61946.0000    61813.1623  2871522    0.21%  x(c30_2_c48_2) D 120992  94035     43
 121274 86745    61896.3333   261    61946.0000    61813.3333  2878439    0.21%  x(c30_2_c48_2) D 121274 110099     62
Elapsed time = 1427.51 sec. (1436193.80 ticks, tree = 2251.33 MB, solutions = 1)
Nodefile size = 203.74 MB (158.03 MB after compression)
 121562 86899    61814.7333   524    61946.0000    61813.4444  2884466    0.21%   x(c7_2_c55_2) D 121562  82181    105
 121843 87063    61815.4397   534    61946.0000    61813.5926  2890667    0.21%  x(c13_2_c82_2) D 121843  27250     42
 122133 87218        cutoff          61946.0000    61813.7083  2896734    0.21%  x(c61_2_c51_2) U 122133 114387     36
 122410 87367    61842.7333   520    61946.0000    61813.8333  2902885    0.21%  x(c36_2_c59_2) D 122410  42147     34
 122703 87537        cutoff          61946.0000    61813.9833  2909924    0.21%  x(c87_3_c58_3) U 122703  67992     54
 122985 87691    61815.7000   392    61946.0000    61814.1333  2916486    0.21%  x(c82_2_c44_2) D 122985 112292     29
 123270 87863    61820.5833   470    61946.0000    61814.2646  2922984    0.21%  x(c96_2_c30_2) D 123270  74374     40
 123556 88020    61913.3833   364    61946.0000    61814.3833  2929183    0.21%  x(c81_2_c51_2) U 123556 123554     44
 123851 88178        cutoff          61946.0000    61814.5133  2935389    0.21%  x(c30_2_c48_2) U 123851 123063     70
 124143 88347    61874.2013   520    61946.0000    61814.6333  2941674    0.21%  x(c30_2_c96_2) U 124143  65698     29
Elapsed time = 1461.16 sec. (1474419.97 ticks, tree = 2296.16 MB, solutions = 1)
Nodefile size = 248.28 MB (192.60 MB after compression)
 124435 88503        cutoff          61946.0000    61814.7583  2947999    0.21%  x(c30_2_c96_2) U 124435  94504     31
 124714 88658    61915.5333   391    61946.0000    61814.8833  2954414    0.21%  x(c94_2_c18_2) U 124714 112296     60
 124996 88813    61934.2083   496    61946.0000    61815.0333  2961075    0.21%  x(c96_2_c30_2) D 124996 124994     62
 125282 88962    61909.1667   448    61946.0000    61815.1418  2967400    0.21%  x(c61_3_c87_3) U 125282   6043     18
 125574 89142    61823.9667   429    61946.0000    61815.2778  2973702    0.21%  x(c48_3_c96_3) D 125574  84579     26
 125863 89307    61826.0564   557    61946.0000    61815.4048  2980052    0.21%  x(c44_2_c82_2) D 125863 114450     43
 126167 89468        cutoff          61946.0000    61815.5333  2985953    0.21%  x(c82_2_c44_2) U 126167  91009     26
 126462 89612    61820.3000   481    61946.0000    61815.6333  2991249    0.21%  x(c48_2_c52_2) D 126462 110214     20
 126741 89755    61820.9111   440    61946.0000    61815.7833  2997432    0.21%   x(c2_3_c82_3) D 126741 126740     27
 127040 89932    61881.8833   414    61946.0000    61815.8833  3003617    0.21%  x(c51_3_c25_3) U 127040  55052     28
Elapsed time = 1495.27 sec. (1512633.39 ticks, tree = 2340.77 MB, solutions = 1)
Nodefile size = 293.70 MB (227.88 MB after compression)
 127313 90098        cutoff          61946.0000    61816.0083  3009545    0.21%  x(c81_2_c51_2) U 127313  77769     90
 127601 90249        cutoff          61946.0000    61816.1333  3015551    0.21%  x(c72_2_c84_2) U 127601 127598     41
 127883 90398    61834.0833   392    61946.0000    61816.2500  3021746    0.21%  x(c44_2_c82_2) D 127883 118019     18
 128167 90532    61878.9189   404    61946.0000    61816.3333  3027924    0.21%   x(c82_3_c2_3) D 128167 128166     53
 128449 90675    61912.0000   382    61946.0000    61816.5000  3034206    0.21%  x(c72_2_c84_2) U 128449  32843     23
 128734 90826        cutoff          61946.0000    61816.6333  3040545    0.21%  x(c81_2_c87_2) U 128734 108427     64
 129013 90983    61816.8333   410    61946.0000    61816.7667  3046640    0.21%  x(c81_2_c51_2) D 129013 119551     46
 129295 91149    61816.8476   516    61946.0000    61816.8552  3052951    0.21%  x(c67_3_c61_3) D 129295  65718     71
 129575 91311        cutoff          61946.0000    61816.9851  3058854    0.21%  x(c81_3_c61_3) U 129575 129573     23
*129600+34016                        61835.0000    61817.0000             0.03%
 129780 33956        cutoff          61835.0000    61817.0833  3061009    0.03%   x(c34_2_c9_2) U 129780 110575     27
Elapsed time = 1527.71 sec. (1550815.25 ticks, tree = 892.43 MB, solutions = 2)
Nodefile size = 332.23 MB (257.84 MB after compression)
 130077 33869        cutoff          61835.0000    61817.2222  3063663    0.03%  x(c72_2_c84_2) U 130077  36351     25
 130376 33792    61817.3833   426    61835.0000    61817.3833  3066055    0.03%  x(c30_2_c96_2) D 130376  93027     31
 130684 33681        cutoff          61835.0000    61817.5833  3068763    0.03%  x(c87_2_c61_2) U 130684  96718     57
 130998 33553    61822.1667   423    61835.0000    61817.7444  3071292    0.03%  x(c67_2_c89_2) D 130998 106370     28
 131309 33437    61831.2083   546    61835.0000    61817.9000  3073737    0.03%  x(c96_3_c48_3) D 131309  44731     60
 131616 33357        cutoff          61835.0000    61818.0833  3076314    0.03%  x(c61_2_c51_2) U 131616 131614     37
 131930 33264        cutoff          61835.0000    61818.2333  3079119    0.03%  x(c72_2_c84_2) U 131930  82934     24
 132241 33163        cutoff          61835.0000    61818.3796  3081515    0.03%  x(c44_2_c82_2) U 132241 132239     55
 132556 33057    61819.5476   519    61835.0000    61818.5476  3084096    0.03%  x(c30_2_c85_2) D 132556  94951     51
 132867 32962        cutoff          61835.0000    61818.7083  3086779    0.03%  x(c55_2_c34_2) U 132867  19631     56
Elapsed time = 1554.57 sec. (1589035.30 ticks, tree = 867.78 MB, solutions = 2)
Nodefile size = 332.23 MB (257.84 MB after compression)
 133193 32886    61819.3333   380    61835.0000    61818.8333  3089189    0.03%  x(c34_2_c43_2) D 133193 111157     29
 133501 32798        cutoff          61835.0000    61819.0000  3091790    0.03%  x(c81_2_c51_2) U 133501 133499     32
 133815 32705    61833.3333   473    61835.0000    61819.1333  3094280    0.03%  x(c81_2_c51_2) D 133815 109787     30
 134134 32612        cutoff          61835.0000    61819.3229  3096966    0.03%  x(c51_3_c58_3) U 134134  38778     39
 134452 32515        cutoff          61835.0000    61819.4583  3099566    0.03%  x(c72_2_c36_2) U 134452 110800     39
 134767 32383        cutoff          61835.0000    61819.6333  3101935    0.02%  x(c51_2_c81_2) U 134767 115314     53
 135090 32284        cutoff          61835.0000    61819.7500  3104188    0.02%  x(c51_2_c81_2) D 135090 135088     24
 135410 32162        cutoff          61835.0000    61819.8833  3106537    0.02%   x(c34_2_c7_2) U 135410 124731     44
 135714 32060    61825.6083   469    61835.0000    61820.0833  3108977    0.02%  x(c87_2_c61_2) D 135714  30094     48
 136022 31949        cutoff          61835.0000    61820.2000  3111305    0.02%  x(c51_2_c25_2) U 136022 119240     31
Elapsed time = 1581.72 sec. (1627249.25 ticks, tree = 842.43 MB, solutions = 2)
Nodefile size = 332.23 MB (257.84 MB after compression)
 136337 31844        cutoff          61835.0000    61820.3428  3113852    0.02%   x(c2_3_c82_3) U 136337 109949     46
 136655 31729        cutoff          61835.0000    61820.5208  3116308    0.02%  x(c61_2_c87_2) U 136655  27467     40
 136969 31599        cutoff          61835.0000    61820.6615  3118485    0.02%  x(c51_2_c25_2) U 136969 135792     33
 137298 31502        cutoff          61835.0000    61820.8333  3120699    0.02%  x(c30_2_c48_2) D 137298 129410     67
 137612 31386        cutoff          61835.0000    61820.9689  3123143    0.02%  x(c81_2_c51_2) U 137612 135936     42
 137941 31286        cutoff          61835.0000    61821.1333  3125567    0.02%   x(c2_3_c82_3) U 137941  96977     43
 138262 31195    61824.9844   469    61835.0000    61821.2976  3127867    0.02%  x(c30_2_c96_2) D 138262 135928     39
 138580 31065        cutoff          61835.0000    61821.4118  3130186    0.02%  x(c34_2_c12_2) U 138580  26965     49
 138902 30954        cutoff          61835.0000    61821.5833  3132685    0.02%   x(c55_3_c7_3) D 138902   9696     49
 139230 30826        cutoff          61835.0000    61821.7188  3135113    0.02%  x(c96_2_c30_2) D 139230 102311     54
Elapsed time = 1609.87 sec. (1665483.32 ticks, tree = 814.01 MB, solutions = 2)
Nodefile size = 332.23 MB (257.84 MB after compression)
 139556 30709        cutoff          61835.0000    61821.8333  3137172    0.02%  x(c44_2_c82_2) U 139556  94258     59
 139879 30596        cutoff          61835.0000    61822.0000  3139575    0.02%  x(c77_1_c20_1) U 139879 114785     43
 140204 30462        cutoff          61835.0000    61822.1333  3141946    0.02%  x(c82_2_c50_2) U 140204 128465     34
 140538 30355        cutoff          61835.0000    61822.2879  3144380    0.02%  x(c36_2_c59_2) U 140538  46083     17
 140856 30220        cutoff          61835.0000    61822.4167  3146659    0.02%  x(c67_2_c54_2) U 140856  99614     31
 141189 30108    61827.6667   414    61835.0000    61822.5833  3148784    0.02%  x(c48_2_c78_2) D 141189  63929     14
 141520 29963        cutoff          61835.0000    61822.7083  3150999    0.02%  x(c72_2_c84_2) D 141520  46070     38
 141845 29828        cutoff          61835.0000    61822.8333  3153081    0.02%  x(c61_2_c81_2) U 141845  77252     58
 142168 29696        cutoff          61835.0000    61822.9861  3155352    0.02%  x(c81_2_c61_2) U 142168 127408     54
 142489 29547        cutoff          61835.0000    61823.1333  3157405    0.02%  x(c30_2_c96_2) D 142489 130672     30
Elapsed time = 1636.80 sec. (1703701.28 ticks, tree = 781.17 MB, solutions = 2)
Nodefile size = 332.23 MB (257.84 MB after compression)
 142816 29407        cutoff          61835.0000    61823.2583  3159607    0.02%  x(c30_2_c48_2) D 142816 132649     41
 143139 29254    61823.5111   575    61835.0000    61823.3958  3161627    0.02%   x(c34_2_c7_2) D 143139 143138     26
 143463 29124    61827.0476   376    61835.0000    61823.5476  3163830    0.02%  x(c55_2_c43_2) D 143463 140919     60
 143779 28969        cutoff          61835.0000    61823.6556  3165907    0.02%  x(c67_2_c89_2) U 143779 137704     25
 144104 28822        cutoff          61835.0000    61823.8333  3167951    0.02%   x(c82_1_c2_1) U 144104 144102     21
 144427 28665    61823.9167   355    61835.0000    61823.9167  3169995    0.02%  x(c30_2_c85_2) D 144427 143442     31
 144751 28512        cutoff          61835.0000    61824.0833  3172034    0.02%  x(c32_2_c47_2) U 144751   4985     47
 145071 28352    61824.2324   552    61835.0000    61824.1944  3173987    0.02%  x(c67_2_c89_2) D 145071 142692     52
 145386 28187        cutoff          61835.0000    61824.3333  3175966    0.02%  x(c43_2_c55_2) U 145386 108756     51
 145704 28015        cutoff          61835.0000    61824.5000  3177957    0.02%  x(c85_3_c81_3) U 145704 137539     25
Elapsed time = 1662.57 sec. (1741919.68 ticks, tree = 741.37 MB, solutions = 2)
Nodefile size = 332.23 MB (257.84 MB after compression)
 146028 27872        cutoff          61835.0000    61824.6333  3180053    0.02%  x(c30_2_c48_2) D 146028 146026     30
 146350 27732        cutoff          61835.0000    61824.7833  3182064    0.02%  x(c72_2_c84_2) U 146350 106415     33
 146671 27562        cutoff          61835.0000    61824.8833  3183924    0.02%  x(c30_2_c48_2) D 146671 137375     35
 146996 27424        cutoff          61835.0000    61825.0333  3185914    0.02%  x(c61_2_c51_2) U 146996 146995     36
 147320 27257        cutoff          61835.0000    61825.1333  3187844    0.02%  x(c30_2_c48_2) D 147320 105834     32
 147647 27094        cutoff          61835.0000    61825.2917  3189765    0.02%   x(c7_2_c55_2) U 147647  49961     44
 147977 26931        cutoff          61835.0000    61825.3958  3191596    0.02%  x(c13_3_c82_3) D 147977   6980     13
 148296 26766        cutoff          61835.0000    61825.5476  3193602    0.02%  x(c51_2_c25_2) U 148296 148294     17
 148627 26605        cutoff          61835.0000    61825.6588  3195355    0.02%  x(c67_2_c89_2) U 148627 137061     70
 148954 26440    61825.9167   420    61835.0000    61825.8205  3197160    0.01%  x(c87_2_c61_2) D 148954 142068     41
Elapsed time = 1688.36 sec. (1780151.70 ticks, tree = 700.25 MB, solutions = 2)
Nodefile size = 332.23 MB (257.84 MB after compression)
 149268 26251        cutoff          61835.0000    61825.9146  3198790    0.01%  x(c30_2_c48_2) U 149268 132723     27
 149585 26082        cutoff          61835.0000    61826.0833  3200508    0.01%  x(c61_2_c51_2) U 149585 149583     30
 149914 25923        cutoff          61835.0000    61826.1722  3202198    0.01%  x(c81_2_c51_2) U 149914 149912     42
 150233 25730        cutoff          61835.0000    61826.3333  3203920    0.01%  x(c51_2_c81_2) U 150233 122594     21
 150560 25551        cutoff          61835.0000    61826.4833  3205687    0.01%  x(c77_2_c20_2) D 150560 150559     13
 150869 25343        cutoff          61835.0000    61826.6190  3207387    0.01%  x(c83_2_c12_2) U 150869 140137     49
 151191 25143        cutoff          61835.0000    61826.7500  3208979    0.01%   x(c83_2_c7_2) U 151191 115895     37
 151509 24940        cutoff          61835.0000    61826.8571  3210579    0.01%  x(c30_2_c96_2) U 151509 101457     64
 151838 24759        cutoff          61835.0000    61827.0000  3212409    0.01%  x(c81_1_c69_1) U 151838 151836     77
 152169 24594        cutoff          61835.0000    61827.1333  3214107    0.01%  x(c67_2_c61_2) U 152169 152167     25
Elapsed time = 1712.53 sec. (1818388.92 ticks, tree = 651.79 MB, solutions = 2)
Nodefile size = 332.23 MB (257.84 MB after compression)
 152496 24422    61831.7222   489    61835.0000    61827.2778  3215757    0.01%   x(c20_2_c7_2) D 152496 152495     57
 152817 24214        cutoff          61835.0000    61827.3958  3217245    0.01%  x(c24_2_c79_2) D 152817  16988     40
 153135 24020        cutoff          61835.0000    61827.5357  3218890    0.01%  x(c51_2_c25_2) U 153135  66317     18
 153452 23809        cutoff          61835.0000    61827.6667  3220367    0.01%  x(c61_2_c51_2) U 153452 126695     38
 153781 23643        cutoff          61835.0000    61827.8333  3222067    0.01%  x(c72_2_c36_2) D 153781 116532     37
 154101 23448        cutoff          61835.0000    61827.9583  3223635    0.01%  x(c98_3_c77_3) U 154101  13659     29
 154415 23229        cutoff          61835.0000    61828.0871  3225160    0.01%  x(c96_2_c30_2) U 154415 142920     66
 154739 23028        cutoff          61835.0000    61828.2333  3226684    0.01%  x(c61_2_c51_2) U 154739 131339     41
 155062 22836    61829.3889   516    61835.0000    61828.3579  3228172    0.01%  x(c25_3_c69_3) D 155062 150884     30
 155377 22629    61830.7579   460    61835.0000    61828.5208  3229741    0.01%  x(c67_2_c89_2) D 155377 142112     52
Elapsed time = 1736.41 sec. (1856593.48 ticks, tree = 599.97 MB, solutions = 2)
Nodefile size = 332.23 MB (257.84 MB after compression)
 155697 22401        cutoff          61835.0000    61828.6333  3231205    0.01%   x(c3_3_c34_3) U 155697 150991     38

Cover cuts applied:  1
Zero-half cuts applied:  143
Gomory fractional cuts applied:  5
User cuts applied:  1590

Root node processing (before b&c):
  Real time             =    1.88 sec. (5421.86 ticks)
Sequential b&c:
  Real time             = 1739.12 sec. (1870897.91 ticks)
                          ------------
Total (root+branch&cut) = 1741.00 sec. (1876319.76 ticks)

