Version identifier: 22.1.0.0 | 2022-03-09 | 1a383f8ce
CPXPARAM_Preprocessing_Reduce                    1
CPXPARAM_Threads                                 1
CPXPARAM_Preprocessing_Reformulations            0
CPXPARAM_Emphasis_MIP                            2
CPXPARAM_TimeLimit                               7200
CPXPARAM_MIP_Tolerances_AbsMIPGap                0.5
CPXPARAM_MIP_Limits_TreeMemory                   26600
Legacy callback                                  BbLUID
         Disabling repeat represolve because of lazy constraint/incumbent callback.
1 of 1 MIP starts provided solutions.
MIP start 'm1' defined initial solution with objective 54533.0000.
Tried aggregator 1 time.
MIP Presolve modified 14163 coefficients.
Reduced MIP has 417 rows, 14100 columns, and 42296 nonzeros.
Reduced MIP has 14100 binaries, 0 generals, 0 SOSs, and 0 indicators.
Presolve time = 0.02 sec. (43.73 ticks)
Probing time = 0.00 sec. (5.47 ticks)
Clique table members: 414.
MIP emphasis: optimality.
MIP search method: traditional branch-and-cut.
Parallel mode: none, using 1 thread.
Root relaxation solution time = 0.00 sec. (8.44 ticks)

        Nodes                                         Cuts/
   Node  Left     Objective  IInf  Best Integer    Best Bound    ItCnt     Gap         Variable B NodeID Parent  Depth

*     0+    0                        54533.0000        0.0000           100.00%
      0     0    50151.5000   130    54533.0000    41373.0000      205   24.13%
      0     0    52828.7500   273    54533.0000      Cuts: 94      318    3.13%
      0     0    53442.5000   226    54533.0000     Cuts: 101      395    2.00%
      0     0    53601.5000   244    54533.0000      Cuts: 46      443    1.71%
      0     0    53634.7500   271    54533.0000      Cuts: 23      472    1.65%
      0     0    53672.8333   432    54533.0000      Cuts: 19      493    1.58%
      0     0    53741.0833   392    54533.0000      Cuts: 28      527    1.45%
      0     0    53779.8333   258    54533.0000      Cuts: 46      565    1.38%
      0     0    53789.3333   337    54533.0000      Cuts: 18      583    1.36%
      0     0    53800.6667   462    54533.0000      Cuts: 30      603    1.34%
      0     0    53825.8333   440    54533.0000  ZeroHalf: 24      637    1.30%
      0     0    53897.0000   364    54533.0000  ZeroHalf: 26      687    1.17%
      0     0    53926.0833   280    54533.0000      Cuts: 20      733    1.11%
      0     0    53936.0833   452    54533.0000      Cuts: 18      768    1.09%
      0     0    53967.8333   387    54533.0000      Cuts: 32      809    1.04%
      0     0    53995.0000   341    54533.0000      Cuts: 40      837    0.99%
      0     0    53996.0000   418    54533.0000      Cuts: 19      853    0.98%
      0     0    54003.1667   401    54533.0000  ZeroHalf: 10      871    0.97%
      0     0    54008.8750   355    54533.0000  ZeroHalf: 26      895    0.96%
      0     0    54013.1667   240    54533.0000  ZeroHalf: 14      915    0.95%
      0     0    54020.2292   448    54533.0000      Cuts: 22      948    0.94%
      0     0    54022.0625   385    54533.0000       User: 1      951    0.94%
      0     2    54022.0625   385    54533.0000    54022.0625      951    0.94%                        0             0
Elapsed time = 1.05 sec. (2391.56 ticks, tree = 0.01 MB, solutions = 1)
      3     5    54047.5208   352    54533.0000    54022.0625      974    0.94%  x(c49_1_c63_1) D      3      2      3
     12    14    54084.9792   378    54533.0000    54022.0625     1026    0.94%  x(c47_2_c93_2) U     12     11     12
     22    24    54143.0170   385    54533.0000    54022.0625     1168    0.94%   x(c7_1_c86_1) D     22     21     19
     41    43    54293.8125   266    54533.0000    54022.0625     1304    0.94%   x(c9_2_c20_2) D     41     40     34
     61    55    54489.2625   297    54533.0000    54022.0625     1414    0.94%  x(c63_1_c72_1) N     61     60     53
    103    92    54229.5333   217    54533.0000    54022.5208     1721    0.94%  x(c99_1_c72_1) D    103    102     33
    122   106    54265.7619   225    54533.0000    54022.5208     1843    0.94%  x(c72_1_c15_1) D    122    121     51
    138   114    54337.7333   226    54533.0000    54022.5208     1948    0.94%  x(c49_2_c79_2) N    138    137     67
    152   120    54383.5833   319    54533.0000    54022.5208     1990    0.94%  x(c92_2_c97_2) N    152    151     81
    215   163    54117.4048   314    54533.0000    54071.5208     2886    0.85%     x(c63_1_Om) U    215    213     11
Elapsed time = 3.31 sec. (5620.37 ticks, tree = 1.94 MB, solutions = 1)
    320   267    54334.2798   307    54533.0000    54105.0714     5012    0.78%  x(c63_1_c92_1) U    320     85     17
    457   403    54139.7143   313    54533.0000    54129.1964     7486    0.74%  x(c57_1_c86_1) D    457    456     12
    547   491    54197.9762   331    54533.0000    54138.7292     8915    0.72%  x(c77_1_c87_1) U    547    436     14
    633   569    54445.6000   104    54533.0000    54144.0167    11069    0.71%  x(c19_1_c56_1) U    633    534     42
    732   665    54271.4167    77    54533.0000    54150.8929    13323    0.70%  x(c77_3_c57_3) N    732    730     29
    839   768    54323.2315   266    54533.0000    54157.7423    15974    0.69%  x(c85_3_c34_3) U    839    688     49
    965   892    54314.1964   308    54533.0000    54162.4714    18037    0.68%  x(c67_1_c69_1) N    965    304     17
   1083  1005    54289.8214   279    54533.0000    54165.1667    20117    0.67%  x(c87_2_c58_2) N   1083    940     21
   1210  1129    54416.5833   128    54533.0000    54168.3333    23470    0.67%  x(c70_1_c53_1) U   1210   1208     59
   1340  1256    54311.2500   100    54533.0000    54172.0000    26319    0.66%  x(c70_1_c88_1) U   1340   1245     78
Elapsed time = 15.03 sec. (15264.75 ticks, tree = 17.38 MB, solutions = 1)
   1459  1372    54224.0000   265    54533.0000    54176.2548    29029    0.65%  x(c30_3_c14_3) U   1459   1235     44
   1575  1487    54363.0714   301    54533.0000    54182.4048    31554    0.64%  x(c67_1_c69_1) N   1575    411     16
   1700  1610    54253.4351   309    54533.0000    54187.1964    34067    0.63%   x(c6_1_c63_1) N   1700   1698     15
   1836  1745    54253.3714   292    54533.0000    54191.0714    36445    0.63%  x(c28_2_c47_2) N   1836   1241      9
   1962  1866    54274.9964   374    54533.0000    54195.6964    38981    0.62%  x(c63_1_c49_1) U   1962   1633     12
   2080  1975    54204.0000    44    54533.0000    54198.5000    40870    0.61%  x(c91_3_c11_3) D   2080   2079     25
   2172  2053    54241.7000    94    54533.0000    54199.8889    43013    0.61%  x(c91_3_c32_3) U   2172   1911     11
   2273  2152    54201.7214   377    54533.0000    54201.7214    45600    0.61%  x(c57_3_c87_3) D   2273   2267     18
   2385  2258    54320.2500    68    54533.0000    54204.0298    48442    0.60%  x(c44_3_c64_3) U   2385   2374     21
   2520  2385    54284.9881   290    54533.0000    54206.5714    51182    0.60%  x(c15_2_c45_2) U   2520    866     30
Elapsed time = 27.34 sec. (24889.31 ticks, tree = 34.96 MB, solutions = 1)
   2660  2514    54240.7000   177    54533.0000    54208.5714    53915    0.59%  x(c20_3_c86_3) N   2660   2656     15
   2800  2640        cutoff          54533.0000    54210.5885    56682    0.59%  x(c67_1_c81_1) U   2800   2202     17
   2934  2765    54288.0714   169    54533.0000    54212.3714    59718    0.59%   x(c12_2_c7_2) U   2934   1632     10
   3065  2887    54420.0000    52    54533.0000    54214.0000    62281    0.58%  x(c12_3_c34_3) U   3065   3063     29
   3177  2993    54221.1852   310    54533.0000    54215.4048    64942    0.58%  x(c20_3_c57_3) D   3177   3176     25
   3282  3079    54216.5392   283    54533.0000    54216.5667    67706    0.58%  x(c34_3_c57_3) D   3282   2321     22
   3400  3193    54242.0000    92    54533.0000    54217.7917    70904    0.58%  x(c61_3_c67_3) D   3400   3074     14
   3522  3300    54223.6866   175    54533.0000    54219.1714    73368    0.58%  x(c34_3_c57_3) D   3522   3521     17
   3623  3392    54268.8571    77    54533.0000    54220.0000    75669    0.57%  x(c57_3_c87_3) U   3623   3582     18
   3745  3495        cutoff          54533.0000    54221.0625    78383    0.57%  x(c63_1_c72_1) U   3745   1374     62
Elapsed time = 37.76 sec. (34526.31 ticks, tree = 52.70 MB, solutions = 1)
   3860  3582    54277.0000    42    54533.0000    54221.7778    81176    0.57%  x(c61_3_c67_3) U   3860   3708     41
   3981  3680        cutoff          54533.0000    54222.7333    84162    0.57%  x(c63_1_c72_1) U   3981   2583     23
   4099  3796    54226.2069   103    54533.0000    54223.5000    86683    0.57%  x(c61_3_c57_3) D   4099   4098     15
   4220  3908    54226.7581   214    54533.0000    54224.3750    89699    0.57%  x(c51_3_c57_3) D   4220   3715     48
   4327  4010    54225.1667    65    54533.0000    54225.1667    92503    0.56%  x(c56_1_c19_1) D   4327   3674     38
   4429  4104    54323.9643   313    54533.0000    54225.7381    95235    0.56%  x(c86_1_c57_1) U   4429   1397     23
   4544  4203    54310.3333   158    54533.0000    54226.6385    98034    0.56%  x(c60_3_c23_3) U   4544   4542     49
   4653  4299    54230.4500   337    54533.0000    54227.3333   101112    0.56%  x(c77_3_c57_3) D   4653   4652     29
   4754  4390    54231.3333    86    54533.0000    54228.0000   104386    0.56%  x(c12_3_c34_3) D   4754   4753     30
   4850  4473    54329.5000   193    54533.0000    54228.5714   107263    0.56%  x(c20_3_c57_3) U   4850   4848     17
Elapsed time = 46.00 sec. (44107.51 ticks, tree = 68.63 MB, solutions = 1)
   4960  4577    54268.2273   184    54533.0000    54229.1000   110156    0.56%  x(c57_3_c87_3) U   4960   4346     44
   5070  4677    54310.8095   311    54533.0000    54230.0714   113051    0.56%  x(c90_1_c79_1) U   5070   2573     22
   5186  4777    54234.7333    99    54533.0000    54231.0000   116026    0.55%  x(c61_3_c77_3) D   5186   5185     25
   5284  4868    54346.8779   320    54533.0000    54231.4466   118414    0.55%  x(c61_3_c67_3) U   5284   5161     16
   5394  4968    54236.6825   320    54533.0000    54232.0833   121473    0.55%  x(c81_1_c69_1) D   5394   5393     32
   5500  5056    54294.6131   397    54533.0000    54232.7000   124171    0.55%  x(c81_1_c69_1) U   5500   3430     22
   5604  5148    54270.4722   166    54533.0000    54233.2000   126969    0.55%  x(c57_3_c87_3) U   5604   5600     25
   5700  5230    54244.2937   344    54533.0000    54233.8381   129905    0.55%  x(c63_1_c49_1) D   5700   3967     30
   5800  5314    54235.5370   179    54533.0000    54234.5500   132644    0.55%  x(c20_3_c77_3) D   5800   5799     36
   5902  5406    54325.9385   345    54533.0000    54235.2222   135547    0.55%  x(c77_3_c61_3) U   5902   5496     27
Elapsed time = 53.63 sec. (53700.94 ticks, tree = 84.00 MB, solutions = 1)
   6007  5505    54457.0833   224    54533.0000    54235.8810   138090    0.54%  x(c27_1_c34_1) U   6007   3374     33
   6110  5588    54417.5000    52    54533.0000    54236.5000   141215    0.54%  x(c55_3_c29_3) U   6110   5065     19
   6240  5702    54326.2917   260    54533.0000    54236.8631   143817    0.54%  x(c60_3_c23_3) U   6240   6238     51
   6335  5785    54421.7500   219    54533.0000    54237.3750   146689    0.54%  x(c77_3_c57_3) N   6335   6144     31
   6427  5869    54335.7500   173    54533.0000    54238.0000   149074    0.54%  x(c20_3_c57_3) U   6427   6222     17
   6536  5960        cutoff          54533.0000    54238.5926   152356    0.54%   x(c4_1_c56_1) U   6536   2228     18
   6634  6051    54239.2000   228    54533.0000    54239.0714   155273    0.54%  x(c20_3_c57_3) D   6634   6633     15
   6748  6147    54276.9722   233    54533.0000    54239.5714   158162    0.54%  x(c57_3_c87_3) N   6748   6742     28
   6854  6237    54327.9583   269    54533.0000    54240.0714   161216    0.54%  x(c60_3_c23_3) U   6854   6785     60
   6958  6334    54263.5714   337    54533.0000    54240.5714   163931    0.54%  x(c90_1_c63_1) D   6958   6957     16
Elapsed time = 61.92 sec. (63348.96 ticks, tree = 99.56 MB, solutions = 1)
   7064  6434    54320.3636   283    54533.0000    54240.9615   166681    0.54%  x(c20_3_c62_3) U   7064   7062     29
   7174  6531    54324.5347   180    54533.0000    54241.3000   169522    0.53%  x(c44_3_c64_3) U   7174   6679     36
   7270  6623    54283.0417   229    54533.0000    54241.8000   172311    0.53%  x(c63_1_c49_1) U   7270   4364     41
   7387  6726        cutoff          54533.0000    54242.3701   175178    0.53%  x(c87_3_c77_3) U   7387   5525     37
   7497  6824        cutoff          54533.0000    54243.0000   178098    0.53%  x(c51_3_c77_3) U   7497   7449     29
   7602  6919    54496.3333    46    54533.0000    54243.5000   180880    0.53%  x(c34_3_c12_3) U   7602   7071     37
   7708  7013    54265.5714   351    54533.0000    54243.8750   183698    0.53%  x(c51_2_c85_2) D   7708   1330     14
   7814  7099    54256.9256   358    54533.0000    54244.2857   186966    0.53%  x(c63_1_c92_1) D   7814   2240      7
   7920  7194    54375.0000   140    54533.0000    54244.7727   190212    0.53%  x(c51_3_c57_3) U   7920   7918     35
   8035  7295        cutoff          54533.0000    54245.0750   193086    0.53%  x(c63_1_c93_1) U   8035   7662     28
Elapsed time = 69.67 sec. (72942.04 ticks, tree = 115.79 MB, solutions = 1)
   8131  7385    54320.0000    50    54533.0000    54245.5667   196201    0.53%  x(c61_3_c67_3) D   8131   5059     59
   8240  7484    54259.5366   315    54533.0000    54245.9722   199178    0.53%  x(c34_2_c46_2) U   8240   8233     23
   8348  7580    54270.8472   324    54533.0000    54246.3333   202109    0.53%  x(c27_1_c55_1) U   8348   7838     29
   8441  7665    54511.9368   391    54533.0000    54246.7250   204934    0.52%  x(c27_1_c77_1) N   8441   8439     69
   8536  7737    54248.9306   204    54533.0000    54247.0278   207865    0.52%  x(c51_3_c77_3) D   8536   8535     22
   8634  7827    54459.0000    52    54533.0000    54247.5000   211042    0.52%  x(c12_3_c34_3) U   8634   8310     35
   8750  7924    54448.0000    93    54533.0000    54247.9291   213509    0.52%  x(c46_3_c55_3) U   8750   8019     18
*  8752  4581      integral     0    54330.0000    54247.9318   213602    0.15%
   8869  4606    54304.0000    88    54330.0000    54248.5000   215857    0.15%  x(c20_3_c27_3) U   8869   8867     48
   9005  4636    54307.0909    76    54330.0000    54249.1061   217983    0.15%  x(c53_3_c22_3) U   9005   6873     42
   9133  4657        cutoff          54330.0000    54249.6333   220196    0.15%  x(c44_3_c64_3) U   9133   8247     23
Elapsed time = 77.41 sec. (82564.28 ticks, tree = 74.75 MB, solutions = 2)
   9258  4677        cutoff          54330.0000    54250.2381   222574    0.15%  x(c51_3_c57_3) U   9258   9256     17
   9389  4700    54251.7750   171    54330.0000    54250.7846   224573    0.15%  x(c57_3_c51_3) D   9389   9388     34
   9501  4731    54251.7800   172    54330.0000    54251.2250   226870    0.14%  x(c61_3_c77_3) D   9501   8958     32
   9639  4775    54258.5000    78    54330.0000    54251.7500   229124    0.14%  x(c77_3_c61_3) U   9639   6122     33
   9788  4808    54252.3667   204    54330.0000    54252.2455   231167    0.14%  x(c51_3_c77_3) D   9788   9787     24
   9904  4843    54252.7000    77    54330.0000    54252.7000   233404    0.14%  x(c55_3_c29_3) N   9904   7880     29
  10055  4882    54256.4000   166    54330.0000    54253.2500   235675    0.14%  x(c31_2_c75_2) D  10055   4218     24
  10190  4933    54298.8367   294    54330.0000    54253.7381   237904    0.14%  x(c63_1_c49_1) U  10190  10188     37
  10330  4981    54272.2500   146    54330.0000    54254.1384   240107    0.14%  x(c20_3_c57_3) U  10330  10328     35
  10871  5102    54284.8167   176    54330.0000    54256.2381   248755    0.14%  x(c63_1_c49_1) U  10871   6380     59
Elapsed time = 87.45 sec. (94995.11 ticks, tree = 82.65 MB, solutions = 2)
  11430  5229    54270.1316   174    54330.0000    54258.0000   256823    0.13%  x(c20_3_c86_3) U  11430  11428     54
  12000  5364    54274.2778   198    54330.0000    54260.0000   265904    0.13%  x(c64_3_c44_3) D  12000  11999     51
  12607  5520    54275.1964   308    54330.0000    54261.6964   274956    0.13%   x(c56_1_c4_1) D  12607   3528     15
  13230  5674    54325.2308   139    54330.0000    54263.4038   284538    0.12%  x(c61_3_c87_3) U  13230   9991     49
  13850  5839        cutoff          54330.0000    54264.9630   294107    0.12%  x(c34_3_c57_3) U  13850   4251     21
  14437  5953        cutoff          54330.0000    54266.5278   303120    0.12%  x(c57_3_c34_3) U  14437  14435     35
  15011  6054        cutoff          54330.0000    54268.0000   311852    0.11%  x(c51_3_c57_3) U  15011  13233     27
  15599  6133        cutoff          54330.0000    54269.3849   321371    0.11%  x(c20_3_c57_3) U  15599  15597     27
  16189  6269    54270.6429   322    54330.0000    54270.6429   330799    0.11%     x(c67_1_Om) D  16189  14545     30
  16745  6390    54328.0000     1    54330.0000    54271.7500   339488    0.11%  x(c35_2_c20_2) D  16745  13713     45
Elapsed time = 117.08 sec. (133255.48 ticks, tree = 105.28 MB, solutions = 2)
  17301  6468    54302.0714   251    54330.0000    54273.0714   347949    0.10%     x(c49_1_Om) D  17301   5254      8
  17875  6543        cutoff          54330.0000    54274.3294   357133    0.10%  x(c90_1_c53_1) U  17875  13791     29
  18444  6599        cutoff          54330.0000    54275.5833   365265    0.10%  x(c46_3_c55_3) U  18444  15621     34
  19027  6674        cutoff          54330.0000    54276.7976   373409    0.10%  x(c81_2_c58_2) U  19027  16914     34
  19599  6737        cutoff          54330.0000    54277.8920   381115    0.10%  x(c51_3_c57_3) U  19599  17337     15
  20151  6779        cutoff          54330.0000    54279.0000   388742    0.09%  x(c20_3_c27_3) U  20151  14207     16
  20708  6823    54281.5357   194    54330.0000    54280.0926   396547    0.09%  x(c61_3_c87_3) D  20708  20707     24
  21253  6871    54318.1024   195    54330.0000    54281.2609   404065    0.09%  x(c61_3_c67_3) D  21253   3975     56
  21793  6949        cutoff          54330.0000    54282.3500   411579    0.09%  x(c19_1_c79_1) U  21793  21791     36
  22346  6958    54284.1014   418    54330.0000    54283.4773   419452    0.09%  x(c81_2_c58_2) D  22346  17856     65
Elapsed time = 142.19 sec. (171434.00 ticks, tree = 115.63 MB, solutions = 2)
  22890  6987        cutoff          54330.0000    54284.4667   426492    0.08%  x(c61_3_c67_3) U  22890  19058     22
  23447  7049    54304.9357   256    54330.0000    54285.3611   433657    0.08%  x(c61_3_c67_3) U  23447  22992     37
  24000  7061    54286.5714   178    54330.0000    54286.5714   440592    0.08%  x(c61_3_c67_3) D  24000  15035     13
  24544  7092    54305.6833   367    54330.0000    54287.6364   447947    0.08%  x(c20_3_c57_3) U  24544  24542     33
  25085  7080        cutoff          54330.0000    54288.7381   455061    0.08%  x(c55_1_c29_1) D  25085  25084     32
  25613  7086        cutoff          54330.0000    54289.7381   462219    0.07%  x(c61_3_c67_3) U  25613   5779     59
  26164  7124    54319.2500    94    54330.0000    54290.7083   468970    0.07%  x(c61_3_c57_3) D  26164  13254     35
  26703  7132    54294.5714   290    54330.0000    54291.5714   475262    0.07%     x(c63_1_Om) D  26703    425     12
  27200  7124    54298.9000   203    54330.0000    54292.5714   481464    0.07%  x(c57_3_c34_3) D  27200  22428     39
  27704  7126    54321.7500    39    54330.0000    54293.5000   487742    0.07%  x(c60_3_c23_3) D  27704  23495     37
Elapsed time = 166.11 sec. (209687.00 ticks, tree = 119.43 MB, solutions = 2)
  28219  7095    54295.1333   209    54330.0000    54294.3478   493727    0.07%  x(c58_2_c81_2) D  28219  27756     62
  28754  7101    54298.5167   241    54330.0000    54295.3559   499957    0.06%  x(c77_3_c23_3) D  28754  28384     47
  29268  7061        cutoff          54330.0000    54296.2727   506509    0.06%   x(c6_1_c92_1) U  29268  21005     37
  29779  7061    54299.1111   193    54330.0000    54297.2357   512908    0.06%  x(c57_3_c77_3) D  29779  28533     63
  30289  7007        cutoff          54330.0000    54298.0670   518354    0.06%  x(c85_3_c87_3) D  30289  27370     36
  30803  6950        cutoff          54330.0000    54299.0000   524119    0.06%  x(c20_3_c62_3) D  30803  30801     40
  31330  6901    54326.4265   196    54330.0000    54299.9286   529709    0.06%  x(c83_2_c12_2) D  31330  31142     22
  31842  6844        cutoff          54330.0000    54300.7381   534953    0.05%  x(c34_2_c46_2) D  31842   9942     30
  32335  6828    54304.5909   186    54330.0000    54301.5714   540045    0.05%  x(c57_3_c87_3) D  32335   6861     37
  32855  6780    54302.8079   293    54330.0000    54302.4500   545200    0.05%  x(c31_2_c75_2) D  32855  32504     30
Elapsed time = 188.20 sec. (247862.84 ticks, tree = 114.74 MB, solutions = 2)
  33385  6715        cutoff          54330.0000    54303.3333   550304    0.05%  x(c61_3_c87_3) U  33385  29655     37
  33880  6689        cutoff          54330.0000    54304.1341   555303    0.05%  x(c61_3_c57_3) U  33880  33878     23
  34393  6632        cutoff          54330.0000    54305.0714   560439    0.05%  x(c57_3_c87_3) U  34393  27473     33
  34926  6549    54321.1071   186    54330.0000    54306.0000   565436    0.04%  x(c60_3_c23_3) D  34926  21599     20
  35427  6478    54308.9659   311    54330.0000    54306.9306   570010    0.04%  x(c31_2_c75_2) D  35427  35426     44
  35955  6394    54314.2812   263    54330.0000    54307.7500   574865    0.04%  x(c51_3_c57_3) D  35955  35954     23
  36482  6300    54308.5556   196    54330.0000    54308.5556   579440    0.04%     x(c92_2_Om) D  36482  35743     60
  37000  6202    54309.7000   171    54330.0000    54309.3214   584300    0.04%  x(c61_3_c57_3) D  37000  34089     35
  37520  6108    54310.5714   359    54330.0000    54310.0714   588472    0.04%  x(c68_1_c69_1) D  37520  27833     20
  38030  5988    54315.2500    96    54330.0000    54310.8750   592781    0.04%  x(c34_1_c55_1) D  38030  35311     35
Elapsed time = 209.34 sec. (286058.58 ticks, tree = 102.23 MB, solutions = 2)
  38524  5833        cutoff          54330.0000    54311.6250   596792    0.03%  x(c61_3_c67_3) U  38524  26838     19
  39042  5704        cutoff          54330.0000    54312.4048   601029    0.03%  x(c34_2_c43_2) U  39042   7049     25
  39569  5513    54315.1806   284    54330.0000    54313.2917   604852    0.03%  x(c51_3_c77_3) D  39569  36995     27
  40092  5314        cutoff          54330.0000    54314.1000   608776    0.03%  x(c44_3_c64_3) U  40092  23645     49
  40630  5120        cutoff          54330.0000    54315.0000   612642    0.03%  x(c75_2_c97_2) D  40630  40628     27
  41188  4948    54317.4500   199    54330.0000    54315.8571   617100    0.03%  x(c12_3_c34_3) D  41188  41187     44
  41735  4757    54316.6714   233    54330.0000    54316.6714   620929    0.02%  x(c57_1_c86_1) D  41735  17800     16
  42277  4541        cutoff          54330.0000    54317.5000   624658    0.02%  x(c20_3_c27_3) D  42277  35859     31
  42826  4294        cutoff          54330.0000    54318.2500   628110    0.02%  x(c64_3_c44_3) U  42826  40961     31
  43370  4062    54324.5284   305    54330.0000    54319.0903   631522    0.02%  x(c81_1_c69_1) D  43370  37961     25
Elapsed time = 228.99 sec. (324227.40 ticks, tree = 69.94 MB, solutions = 2)
  43918  3801        cutoff          54330.0000    54320.0267   634773    0.02%     x(Op_c93_2) U  43918  16591     14
  44452  3510        cutoff          54330.0000    54320.9054   638392    0.02%  x(c61_3_c67_3) U  44452  43068     53
  44983  3192        cutoff          54330.0000    54321.8333   641338    0.02%  x(c85_3_c51_3) U  44983  28403     27
  45513  2825    54328.5833   171    54330.0000    54322.8333   644222    0.01%  x(c12_3_c57_3) D  45513  37299     38
  46055  2497    54325.8661   409    54330.0000    54323.7273   646832    0.01%  x(c58_2_c81_2) D  46055  45047     40

Mixed integer rounding cuts applied:  1
Zero-half cuts applied:  136
Gomory fractional cuts applied:  11
User cuts applied:  1012

Root node processing (before b&c):
  Real time             =    1.05 sec. (2394.58 ticks)
Sequential b&c:
  Real time             =  238.30 sec. (346455.97 ticks)
                          ------------
Total (root+branch&cut) =  239.34 sec. (348850.56 ticks)

