Version identifier: 22.1.0.0 | 2022-03-09 | 1a383f8ce
CPXPARAM_Preprocessing_Reduce                    1
CPXPARAM_Threads                                 1
CPXPARAM_Preprocessing_Reformulations            0
CPXPARAM_Emphasis_MIP                            2
CPXPARAM_TimeLimit                               7200
CPXPARAM_MIP_Tolerances_AbsMIPGap                0.5
CPXPARAM_MIP_Limits_TreeMemory                   26600
Legacy callback                                  BbLUID
         Disabling repeat represolve because of lazy constraint/incumbent callback.
1 of 1 MIP starts provided solutions.
MIP start 'm1' defined initial solution with objective 54533.0000.
Tried aggregator 1 time.
MIP Presolve modified 14163 coefficients.
Reduced MIP has 417 rows, 14100 columns, and 42296 nonzeros.
Reduced MIP has 14100 binaries, 0 generals, 0 SOSs, and 0 indicators.
Presolve time = 0.02 sec. (43.73 ticks)
Probing time = 0.00 sec. (5.47 ticks)
Clique table members: 414.
MIP emphasis: optimality.
MIP search method: traditional branch-and-cut.
Parallel mode: none, using 1 thread.
Root relaxation solution time = 0.00 sec. (8.44 ticks)

        Nodes                                         Cuts/
   Node  Left     Objective  IInf  Best Integer    Best Bound    ItCnt     Gap         Variable B NodeID Parent  Depth

*     0+    0                        54533.0000        0.0000           100.00%
      0     0    50151.5000   130    54533.0000    41373.0000      205   24.13%
      0     0    52828.7500   273    54533.0000      Cuts: 94      318    3.13%
      0     0    53442.5000   226    54533.0000     Cuts: 101      395    2.00%
      0     0    53601.5000   244    54533.0000      Cuts: 46      443    1.71%
      0     0    53634.7500   271    54533.0000      Cuts: 23      472    1.65%
      0     0    53672.8333   432    54533.0000      Cuts: 19      493    1.58%
      0     0    53741.0833   392    54533.0000      Cuts: 28      527    1.45%
      0     0    53779.8333   258    54533.0000      Cuts: 46      565    1.38%
      0     0    53789.3333   337    54533.0000      Cuts: 18      583    1.36%
      0     0    53800.6667   462    54533.0000      Cuts: 30      603    1.34%
      0     0    53825.8333   440    54533.0000  ZeroHalf: 24      637    1.30%
      0     0    53897.0000   364    54533.0000  ZeroHalf: 26      687    1.17%
      0     0    53926.0833   280    54533.0000      Cuts: 20      733    1.11%
      0     0    53936.0833   452    54533.0000      Cuts: 18      768    1.09%
      0     0    53967.8333   387    54533.0000      Cuts: 32      809    1.04%
      0     0    53995.0000   341    54533.0000      Cuts: 40      837    0.99%
      0     0    53996.0000   418    54533.0000      Cuts: 19      853    0.98%
      0     0    54003.1667   401    54533.0000  ZeroHalf: 10      871    0.97%
      0     0    54008.8750   355    54533.0000  ZeroHalf: 26      895    0.96%
      0     0    54013.1667   240    54533.0000  ZeroHalf: 14      915    0.95%
      0     0    54020.2292   448    54533.0000      Cuts: 22      948    0.94%
      0     0    54022.0625   385    54533.0000       User: 1      951    0.94%
      0     2    54022.0625   385    54533.0000    54022.0625      951    0.94%                        0             0
Elapsed time = 0.98 sec. (2391.56 ticks, tree = 0.01 MB, solutions = 1)
      3     5    54047.5208   352    54533.0000    54022.0625      974    0.94%  x(c49_1_c63_1) D      3      2      3
     12    14    54084.9792   378    54533.0000    54022.0625     1026    0.94%  x(c47_2_c93_2) U     12     11     12
     21    23    54258.8125   248    54533.0000    54022.0625     1200    0.94%  x(c36_1_c72_1) N     21     19     18
     34    33    54301.3125   311    54533.0000    54022.0625     1335    0.94%   x(c9_1_c77_1) D     34     33     30
     50    39    54413.1875   428    54533.0000    54022.0625     1468    0.94%      x(c6_2_Om) U     50     49     45
     81    63    54130.7500   245    54533.0000    54022.5208     1707    0.94%  x(c90_1_c99_1) D     81     80     19
    103    76    54058.5298   342    54533.0000    54024.8333     1887    0.93%   x(c6_1_c63_1) N    103      1      2
    121    94    54090.3214   229    54533.0000    54058.5000     2328    0.87%     x(c63_1_Om) U    121    119      9
    149   122    54129.8929   302    54533.0000    54082.0000     2855    0.83%     x(Op_c47_2) N    149     68     10
    246   214    54280.0714   262    54533.0000    54112.5714     4803    0.77%  x(c55_1_c29_1) N    246    153     13
Elapsed time = 3.39 sec. (5665.58 ticks, tree = 2.61 MB, solutions = 1)
    366   322    54440.5260   329    54533.0000    54138.3929     6944    0.72%  x(c90_1_c18_1) N    366     79     18
    488   439    54154.4048   384    54533.0000    54149.1048     9360    0.70%  x(c87_2_c81_2) D    488    441     22
    630   575    54244.9464   300    54533.0000    54158.2381    12358    0.69%  x(c60_1_c27_1) U    630    512     14
    772   711    54409.4714   268    54533.0000    54167.4881    14922    0.67%  x(c67_1_c69_1) N    772    770     28
    913   846    54207.9603   253    54533.0000    54177.6964    18000    0.65%  x(c28_2_c58_2) N    913    342      6
   1042   974    54335.7381   268    54533.0000    54185.6548    20682    0.64%  x(c67_1_c69_1) U   1042    428     18
   1200  1127    54297.9048   310    54533.0000    54195.5714    24044    0.62%  x(c60_1_c27_1) U   1200   1165     26
   1340  1249    54237.1964   286    54533.0000    54201.7143    27380    0.61%  x(c63_1_c49_1) D   1340   1339     44
   1482  1381    54237.4603   276    54533.0000    54207.4048    30108    0.60%  x(c28_2_c58_2) D   1482    343      6
   1642  1530    54308.1964   281    54533.0000    54211.9881    33043    0.59%  x(c69_1_c54_1) U   1642    801     13
Elapsed time = 13.34 sec. (15296.40 ticks, tree = 21.05 MB, solutions = 1)
   1764  1645    54243.3839   376    54533.0000    54214.8611    35110    0.58%     x(c49_2_Om) U   1764   1300     34
   1891  1760    54217.0714   265    54533.0000    54217.0714    37469    0.58%  x(c49_1_c92_1) D   1891    686      8
   2002  1863    54227.0714   225    54533.0000    54219.3214    39675    0.58%  x(c87_2_c81_2) D   2002   1187      9
   2135  1981    54255.7381   321    54533.0000    54221.5714    42591    0.57%  x(c67_1_c25_1) U   2135    250      6
   2300  2139    54229.3214   193    54533.0000    54225.1905    45551    0.56%  x(c69_1_c54_1) U   2300   2299     13
   2451  2282    54289.3214   191    54533.0000    54227.8214    48264    0.56%   x(c55_1_c9_1) U   2451   2298     12
   2590  2411    54235.6548   322    54533.0000    54230.4048    50817    0.55%  x(c49_1_c63_1) D   2590   1378      7
   2751  2551    54455.6214   285    54533.0000    54233.4048    53995    0.55%  x(c77_1_c57_1) U   2751   2009     28
   2909  2702    54408.0429   348    54533.0000    54236.2381    56726    0.54%  x(c36_2_c84_2) U   2909   2620     20
   3075  2849    54300.8214   214    54533.0000    54238.3214    59685    0.54%  x(c58_2_c87_2) U   3075   3073     19
Elapsed time = 23.31 sec. (24863.74 ticks, tree = 41.29 MB, solutions = 1)
   3230  2988    54240.9048   185    54533.0000    54240.9048    62451    0.54%   x(c9_1_c27_1) D   3230   2562     16
   3382  3121    54486.5714   342    54533.0000    54242.6214    65751    0.53%     x(c63_1_Om) U   3382   1977     23
   3518  3248    54264.2214   195    54533.0000    54244.1825    68621    0.53%  x(c69_1_c54_1) U   3518   3517     11
*  3600+ 2784                        54403.0000    54245.0714             0.29%
   3640  2811    54324.7381   287    54403.0000    54245.5714    70759    0.29%  x(c69_1_c25_1) U   3640   3110     20
   3780  2923    54247.4603   353    54403.0000    54247.5000    72942    0.29%  x(c57_1_c77_1) D   3780   2321     15
   3923  3023    54281.0714   218    54403.0000    54249.4048    75417    0.28%     x(c92_2_Om) D   3923   2154     14
   4060  3122    54266.2381   343    54403.0000    54251.2381    77499    0.28%  x(c90_1_c84_1) D   4060   2628     34
   4217  3219    54253.2000   187    54403.0000    54253.1964    79851    0.28%  x(c51_3_c77_3) D   4217   2787     27
   4375  3329    54379.8333    34    54403.0000    54255.0000    82289    0.27%  x(c87_3_c85_3) N   4375   4374     48
   4511  3436    54256.8889    94    54403.0000    54256.5048    84743    0.27%  x(c77_3_c61_3) D   4511   4372     52
Elapsed time = 32.39 sec. (34453.21 ticks, tree = 51.53 MB, solutions = 2)
   4649  3520    54358.0000    84    54403.0000    54257.7857    87242    0.27%  x(c51_3_c77_3) U   4649   2297     13
   4789  3613    54259.1114   322    54403.0000    54259.0714    89855    0.26%  x(c49_1_c92_1) D   4789   1415     10
   4919  3691    54333.5714   313    54403.0000    54260.5714    92239    0.26%  x(c81_2_c58_2) U   4919   3378      7
   5057  3789    54325.4048   179    54403.0000    54262.0714    94619    0.26%     x(Op_c93_2) U   5057   3553     16
   5196  3874        cutoff          54403.0000    54263.6071    97059    0.26%  x(c77_3_c87_3) U   5196   5072     63
   5343  3967    54267.6825   322    54403.0000    54265.0000    99521    0.25%  x(c86_1_c55_1) D   5343   1250     21
   5492  4047    54315.5032   360    54403.0000    54266.3839   102229    0.25%  x(c36_1_c72_1) D   5492   1576     33
   5644  4158        cutoff          54403.0000    54267.9167   104805    0.25%  x(c92_1_c63_1) U   5644   5642     27
   5784  4247    54337.6548   287    54403.0000    54269.3214   107326    0.25%   x(c87_1_c9_1) U   5784   5357     53
   5942  4347    54310.4786   311    54403.0000    54270.6795   110004    0.24%  x(c60_3_c23_3) U   5942   4950     59
Elapsed time = 40.93 sec. (44041.00 ticks, tree = 66.66 MB, solutions = 2)
   6100  4432    54272.2381   230    54403.0000    54271.7500   112307    0.24%     x(c92_1_Om) D   6100   5321     28
   6227  4502    54278.1227   280    54403.0000    54272.8714   114877    0.24%  x(c51_2_c81_2) D   6227   5161     26
   6389  4581    54274.4000    83    54403.0000    54273.7000   117288    0.24%  x(c57_3_c87_3) D   6389   6388     25
   6534  4668        cutoff          54403.0000    54275.0000   119583    0.24%  x(c55_3_c46_3) U   6534   5829     25
   6687  4755        cutoff          54403.0000    54276.0714   122233    0.23%     x(c63_1_Om) D   6687   6685     16
   6838  4841        cutoff          54403.0000    54277.2714   124808    0.23%  x(c77_3_c98_3) U   6838   5966     49
   6995  4895    54279.6000   172    54403.0000    54278.4714   127299    0.23%   x(c87_1_c9_1) U   6995   6810     43
   7140  4969    54368.0714   191    54403.0000    54279.5714   129780    0.23%  x(c83_2_c12_2) U   7140   4918     13
   7289  5048    54280.6071    81    54403.0000    54280.6250   132239    0.22%  x(c98_3_c45_3) D   7289   7114     35
   7430  5110    54290.0714   191    54403.0000    54281.7532   134708    0.22%     x(c92_1_Om) D   7430   7429     30
Elapsed time = 49.22 sec. (53620.21 ticks, tree = 79.57 MB, solutions = 2)
   7579  5182    54282.7381   237    54403.0000    54282.7500   137121    0.22%  x(c87_1_c81_1) D   7579   5985     50
   7714  5246    54284.1339   245    54403.0000    54283.5714   139533    0.22%  x(c57_1_c77_1) D   7714   4574     15
   7850  5317    54347.4375   176    54403.0000    54284.0714   141653    0.22%  x(c85_3_c87_3) D   7850   7849     40
   7985  5380    54296.3214   268    54403.0000    54284.8300   144126    0.22%     x(c93_2_Om) U   7985    451     28
   8122  5442    54285.6964   371    54403.0000    54285.6964   146510    0.22%  x(c93_2_c58_2) D   8122   8121     15
   8270  5497    54286.8000   172    54403.0000    54286.8125   149073    0.21%  x(c23_3_c45_3) D   8270   7797     17
   8413  5577        cutoff          54403.0000    54287.6548   151666    0.21%  x(c55_1_c43_1) U   8413   8411     19
   8560  5645    54291.1190   236    54403.0000    54288.3214   154274    0.21%  x(c57_3_c87_3) U   8560   8400     29
   8705  5713        cutoff          54403.0000    54288.8714   156602    0.21%  x(c55_1_c57_1) N   8705   5658     19
   8826  5765    54289.9667   175    54403.0000    54289.5464   158842    0.21%  x(c87_2_c57_2) D   8826   8219     58
Elapsed time = 57.12 sec. (63199.24 ticks, tree = 91.04 MB, solutions = 2)
   8961  5814    54290.2000   189    54403.0000    54290.1458   161387    0.21%  x(c51_3_c77_3) D   8961   3839     21
   9094  5871    54390.0000    85    54403.0000    54290.8353   163652    0.21%  x(c51_3_c77_3) U   9094   8859     26
   9253  5929        cutoff          54403.0000    54291.4048   166004    0.21%     x(c63_1_Om) U   9253   1961     23
   9397  5967    54376.0714   219    54403.0000    54292.0714   168686    0.20%  x(c51_2_c81_2) U   9397   9395     23
   9549  6039    54381.5000    50    54403.0000    54292.7206   170859    0.20%  x(c61_3_c87_3) U   9549   9547     43
   9683  6101        cutoff          54403.0000    54293.3068   173443    0.20%  x(c55_1_c46_1) U   9683   9681     23
   9830  6156        cutoff          54403.0000    54294.0000   176066    0.20%  x(c51_2_c85_2) U   9830   7421     16
   9991  6248    54365.5714   185    54403.0000    54294.5714   178467    0.20%   x(c87_1_c9_1) N   9991   7740     18
  10120  6293        cutoff          54403.0000    54295.0714   180692    0.20%  x(c34_2_c46_2) U  10120  10118     17
  10270  6352    54368.3214   318    54403.0000    54295.8214   183853    0.20%  x(c51_2_c81_2) U  10270   4684     43
Elapsed time = 64.70 sec. (72827.06 ticks, tree = 101.62 MB, solutions = 2)
  10443  6425        cutoff          54403.0000    54296.5625   186583    0.20%  x(c55_3_c43_3) U  10443  10441     79
  10606  6490    54305.6548   313    54403.0000    54297.1667   189371    0.19%  x(c81_1_c69_1) D  10606   5941     23
  10776  6549        cutoff          54403.0000    54297.9742   192175    0.19%  x(c57_3_c51_3) U  10776  10774     27
  10930  6617    54301.5000   195    54403.0000    54298.6316   195147    0.19%  x(c98_3_c77_3) D  10930  10929     26
  11088  6665    54299.5000    90    54403.0000    54299.5000   197798    0.19%  x(c46_3_c55_3) D  11088  10405     69
  11263  6723    54304.6667   158    54403.0000    54300.1250   200463    0.19%  x(c91_3_c23_3) D  11263  10277     64
  11417  6787    54303.9048   226    54403.0000    54300.8214   202940    0.19%   x(c27_1_c9_1) D  11417   7171     57
  11597  6862    54305.8214   216    54403.0000    54301.3214   205568    0.19%  x(c69_1_c25_1) U  11597   4020     33
  11756  6920    54306.5000   196    54403.0000    54302.0000   208229    0.19%  x(c50_1_c39_1) D  11756  10367     18
  11908  6984        cutoff          54403.0000    54302.5000   210800    0.18%  x(c47_2_c93_2) U  11908  10106     25
Elapsed time = 72.78 sec. (82387.41 ticks, tree = 112.88 MB, solutions = 2)
  12049  7041    54390.4976   318    54403.0000    54303.0714   213408    0.18%  x(c51_2_c81_2) U  12049   5365     17
  12200  7095        cutoff          54403.0000    54303.6868   216448    0.18%  x(c77_3_c98_3) U  12200   9392     18
  12356  7141    54357.7857    98    54403.0000    54304.2314   219418    0.18%  x(c67_3_c61_3) U  12356  12354     26
  12511  7191        cutoff          54403.0000    54304.9318   222338    0.18%  x(c57_3_c51_3) U  12511  12509     35
  12674  7256    54305.4732   186    54403.0000    54305.4744   224943    0.18%  x(c77_3_c98_3) D  12674   6929     40
  12827  7304        cutoff          54403.0000    54306.0714   227514    0.18%  x(c87_1_c81_1) U  12827   7592     20
  12995  7370        cutoff          54403.0000    54306.5000   230278    0.18%  x(c51_3_c57_3) U  12995  12991     20
  13134  7396    54310.0000   167    54403.0000    54307.0714   232989    0.18%  x(c98_3_c77_3) D  13134  13133     18
  13293  7455    54370.7917   201    54403.0000    54307.5455   235713    0.18%  x(c77_3_c23_3) U  13293  10490     70
  13903  7666    54332.9048   242    54403.0000    54309.5714   245454    0.17%  x(c51_2_c81_2) U  13903   4783     11
Elapsed time = 82.96 sec. (94817.82 ticks, tree = 125.25 MB, solutions = 2)
  14454  7842    54311.5000   232    54403.0000    54311.1324   255235    0.17%   x(c87_1_c9_1) D  14454   8168     62
* 14823  2659      integral     0    54332.0000    54312.3182   262337    0.04%
  15074  2618        cutoff          54332.0000    54313.1639   264258    0.03%  x(c60_3_c98_3) U  15074  15072     31
  15733  2419        cutoff          54332.0000    54315.3750   269173    0.03%     x(Op_c92_1) U  15733  12595     28
  16374  2202    54317.7143   172    54332.0000    54317.7000   273451    0.03%  x(c87_2_c57_2) D  16374  16373     41
  17023  1970        cutoff          54332.0000    54320.0714   277829    0.02%  x(c34_2_c46_2) D  17023  13146     22
  17684  1617    54322.8750   185    54332.0000    54322.5159   281544    0.02%  x(c92_1_c93_1) D  17684   9367     49
  18339  1263        cutoff          54332.0000    54325.0714   285174    0.01%  x(c58_2_c87_2) D  18339   3675     14
  18621  1106    54326.0000     1    54332.0000    54326.0000   286277    0.01%  x(c39_1_c82_1) U  18621  18620     50
  18695  1116    54326.0000     1    54332.0000    54326.0000   286316    0.01%   x(c19_3_c4_3) D  18695  18693     92
* 18704     1      integral     0    54326.0000    54326.0000   286323    0.00%

Mixed integer rounding cuts applied:  1
Zero-half cuts applied:  131
Gomory fractional cuts applied:  11
User cuts applied:  974

Root node processing (before b&c):
  Real time             =    0.98 sec. (2393.99 ticks)
Sequential b&c:
  Real time             =  101.05 sec. (128071.06 ticks)
                          ------------
Total (root+branch&cut) =  102.03 sec. (130465.05 ticks)

