Version identifier: 22.1.0.0 | 2022-03-09 | 1a383f8ce
CPXPARAM_Preprocessing_Reduce                    1
CPXPARAM_Threads                                 1
CPXPARAM_Preprocessing_Reformulations            0
CPXPARAM_Emphasis_MIP                            2
CPXPARAM_TimeLimit                               7200
CPXPARAM_MIP_Tolerances_AbsMIPGap                0.5
CPXPARAM_MIP_Limits_TreeMemory                   26600
Legacy callback                                  BbLUID
         Disabling repeat represolve because of lazy constraint/incumbent callback.
1 of 1 MIP starts provided solutions.
MIP start 'm1' defined initial solution with objective 50493.0000.
Tried aggregator 1 time.
MIP Presolve modified 8759 coefficients.
Reduced MIP has 428 rows, 8968 columns, and 17936 nonzeros.
Reduced MIP has 8968 binaries, 0 generals, 0 SOSs, and 0 indicators.
Presolve time = 0.00 sec. (10.40 ticks)
Probing time = 0.00 sec. (4.17 ticks)
Clique table members: 428.
MIP emphasis: optimality.
MIP search method: traditional branch-and-cut.
Parallel mode: none, using 1 thread.
Root relaxation solution time = 0.00 sec. (4.28 ticks)

        Nodes                                         Cuts/
   Node  Left     Objective  IInf  Best Integer    Best Bound    ItCnt     Gap         Variable B NodeID Parent  Depth

*     0+    0                        50493.0000        0.0000           100.00%
      0     0    46443.5000   208    50493.0000    39092.0000      146   22.58%
      0     0    47629.5000   236    50493.0000      Cuts: 99      262    5.67%
      0     0    48447.0556   231    50493.0000      Cuts: 75      345    4.05%
      0     0    48755.5000   164    50493.0000      Cuts: 42      391    3.44%
      0     0    49427.5000    80    50493.0000      Cuts: 63      439    2.11%
      0     0    49658.3333    33    50493.0000      Cuts: 48      480    1.65%
      0     0    49887.8333    81    50493.0000      Cuts: 12      505    1.20%
      0     0    49908.5000    88    50493.0000       Cuts: 9      511    1.16%
      0     0    49912.1667   152    50493.0000       Cuts: 4      523    1.15%
      0     0    49912.1667   309    50493.0000      Cuts: 31      553    1.15%
      0     0    49912.1667   242    50493.0000       User: 4      553    1.15%
      0     0    49912.1667   318    50493.0000      User: 12      575    1.15%
      0     0    49912.1667   273    50493.0000      User: 15      622    1.15%
      0     2    49912.1667   273    50493.0000    49912.1667      622    1.15%                        0             0
Elapsed time = 0.48 sec. (925.46 ticks, tree = 0.01 MB, solutions = 1)
      8    10    50028.0000   354    50493.0000    49912.9167      743    1.15%  x(c34_4_c41_4) N      8      7      6
     17    19    50192.8333   313    50493.0000    49912.9167      900    1.15%  x(c16_4_c41_4) N     17     15     11
     40    38    50396.1667   288    50493.0000    49912.9167     1180    1.15%   x(c5_4_c48_4) D     40     39     28
     63    51    50110.1255   371    50493.0000    49915.1667     1413    1.14%  x(c24_1_c26_1) D     63     62     13
     90    66    50401.6667   331    50493.0000    49915.1667     1566    1.14%  x(c24_3_c26_3) D     90     89     39
    110    78    49980.5000   265    50493.0000    49936.5000     1922    1.10%  x(c41_1_c34_1) N    110    103      5
    141   109    49985.1667   373    50493.0000    49969.1667     2474    1.04%  x(c32_1_c21_1) D    141    114      6
    160   128    50098.0667   311    50493.0000    49983.6333     2927    1.01%  x(c32_4_c24_4) U    160    135      9
    201   169    50016.9167   395    50493.0000    49997.4167     3704    0.98%   x(c2_1_c26_1) U    201    117      5
    311   279    50026.8788   443    50493.0000    50020.6667     5757    0.94%  x(c48_1_c39_1) D    311    191      9
Elapsed time = 3.63 sec. (4125.29 ticks, tree = 3.54 MB, solutions = 1)
    415   383    50086.0000   249    50493.0000    50030.7778     7991    0.92%  x(c46_5_c31_5) N    415    408      8
    504   471    50183.1667   356    50493.0000    50039.4286    10113    0.90%   x(c34_4_c5_4) U    504     10      8
    600   565    50089.1667   446    50493.0000    50046.7500    12056    0.88%   x(c2_1_c42_1) D    600    369     11
    703   667    50137.0833   235    50493.0000    50052.6667    14284    0.87%     x(c40_2_Om) U    703    564     14
    772   735    50187.6667   189    50493.0000    50058.6667    16452    0.86%   x(c8_2_c22_2) U    772    629     16
    860   821    50165.0000   220    50493.0000    50067.4167    19214    0.84%  x(c34_5_c29_5) U    860    434     16
    951   910    50099.6439   246    50493.0000    50074.7005    21994    0.83%  x(c26_3_c35_3) D    951    950     37
   1052  1008    50131.6667   348    50493.0000    50081.5000    24301    0.81%  x(c24_1_c35_1) D   1052    573      7
   1159  1113    50289.6667   232    50493.0000    50088.2679    26912    0.80%  x(c25_4_c34_4) U   1159    553     23
   1256  1210    50257.0399   335    50493.0000    50093.2500    29872    0.79%  x(c26_3_c35_3) U   1256   1254     24
Elapsed time = 12.61 sec. (13751.60 ticks, tree = 20.01 MB, solutions = 1)
   1349  1302    50137.8167   361    50493.0000    50097.9167    32503    0.78%  x(c26_3_c35_3) D   1349   1000     13
   1436  1388    50103.2292   349    50493.0000    50101.9259    35519    0.77%   x(c2_1_c42_1) D   1436   1240      9
   1517  1468    50143.6648   357    50493.0000    50105.1667    38035    0.77%   x(c4_3_c35_3) U   1517   1086     13
   1610  1561    50126.9592   369    50493.0000    50109.1250    40845    0.76%   x(c4_3_c35_3) U   1610    879     13
   1714  1663    50203.9363   450    50493.0000    50112.4722    43457    0.75%  x(c24_1_c42_1) U   1714   1712     13
   1800  1744    50149.6667   387    50493.0000    50115.0370    45939    0.75%  x(c32_4_c24_4) D   1800   1463     11
   1882  1824    50201.1667   381    50493.0000    50118.3841    49255    0.74%  x(c16_1_c22_1) U   1882   1178     13
   1976  1916    50244.5833   287    50493.0000    50121.1667    52388    0.74%  x(c26_3_c45_3) U   1976   1974     27
   2060  1990    50251.5417   155    50493.0000    50121.8312    53270    0.74%     x(c40_3_Om) D   2060   2059     76
   2138  2043    50139.3639   381    50493.0000    50122.9074    54317    0.73%   x(c4_3_c35_3) D   2138    974     11
Elapsed time = 19.37 sec. (23344.24 ticks, tree = 36.55 MB, solutions = 1)
   2222  2125    50152.3075   429    50493.0000    50124.8062    56875    0.73%  x(c16_1_c41_1) D   2222    389      8
   2312  2213    50187.6667   356    50493.0000    50126.9167    59470    0.73%  x(c39_4_c24_4) D   2312   1042      8
   2390  2289    50321.3333   372    50493.0000    50129.3667    62319    0.72%   x(c2_1_c42_1) U   2390   1381     11
   2479  2374    50144.5000   307    50493.0000    50131.6897    65051    0.72%  x(c41_1_c16_1) U   2479   1052      8
   2569  2463    50308.5625   333    50493.0000    50134.5000    67610    0.71%   x(c4_3_c35_3) U   2569   1119     16
   2658  2551    50199.1547   421    50493.0000    50136.6667    70136    0.71%   x(c16_5_c8_5) U   2658    435     13
   2740  2633    50203.0714   318    50493.0000    50138.3333    72578    0.70%  x(c24_1_c42_1) U   2740   1794     22
   2826  2718    50230.8261   354    50493.0000    50140.6667    74816    0.70%  x(c26_3_c45_3) U   2826   2298     18
   2917  2807    50177.1111   297    50493.0000    50142.4167    77297    0.69%  x(c24_1_c42_1) U   2917   2698     19
   3009  2893    50341.1152   422    50493.0000    50144.7500    79681    0.69%  x(c29_4_c41_4) U   3009   1993     14
Elapsed time = 26.55 sec. (32969.61 ticks, tree = 55.26 MB, solutions = 1)
   3107  2990    50150.9407   418    50493.0000    50147.1667    82154    0.68%  x(c26_3_c45_3) D   3107   3106     24
   3180  3061    50149.1979   239    50493.0000    50149.0062    84837    0.68%  x(c29_3_c41_3) D   3180   2482     17
   3260  3137    50363.4539   415    50493.0000    50150.9524    86831    0.68%  x(c26_3_c45_3) U   3260   2489     26
   3354  3230    50161.6682   373    50493.0000    50152.5213    89344    0.67%   x(c4_3_c35_3) D   3354   3353     10
   3442  3318    50192.5420   433    50493.0000    50154.3750    91771    0.67%  x(c24_1_c48_1) D   3442   1325     12
   3533  3407    50284.2714   447    50493.0000    50155.8750    94167    0.67%  x(c24_3_c45_3) U   3533   3338     21
   3625  3495    50169.2872   424    50493.0000    50157.4866    96495    0.66%  x(c29_4_c41_4) D   3625   2286     14
   3719  3585    50161.4750   402    50493.0000    50159.5000    98823    0.66%  x(c41_3_c29_3) D   3719   2505     18
   3812  3673    50179.6250   246    50493.0000    50161.6250   101130    0.66%   x(c4_3_c35_3) D   3812   3453     13
   3910  3769    50305.1167   358    50493.0000    50163.0711   103314    0.65%  x(c22_4_c16_4) D   3910   3909     21
Elapsed time = 33.53 sec. (42559.40 ticks, tree = 75.13 MB, solutions = 1)
   4001  3853    50187.3902   345    50493.0000    50164.3333   105380    0.65%   x(c41_3_c5_3) D   4001   4000     27
   4092  3939    50263.0000   358    50493.0000    50166.2833   107862    0.65%  x(c22_4_c41_4) U   4092   1293     11
   4190  4034    50297.7938   433    50493.0000    50167.6667   110219    0.64%  x(c45_3_c24_3) U   4190   4188     20
   4274  4117    50294.0000   261    50493.0000    50169.0333   112813    0.64%  x(c41_3_c29_3) U   4274   1951     15
   4357  4196    50180.4118   245    50493.0000    50170.4018   114746    0.64%   x(c5_3_c32_3) D   4357   4356     22
   4443  4274    50179.1667   243    50493.0000    50171.6667   116962    0.64%  x(c45_3_c24_3) D   4443   4442     21
   4525  4354    50300.9129   447    50493.0000    50173.1111   119507    0.63%  x(c35_1_c24_1) U   4525   3719     19
   4608  4433    50174.9647   293    50493.0000    50174.2500   122007    0.63%      x(Op_c3_3) D   4608   4315     26
   4689  4510    50390.9306   373    50493.0000    50175.4417   124147    0.63%   x(c5_4_c34_4) N   4689   4577     13
   4772  4587    50252.7187   376    50493.0000    50176.8197   126255    0.63%  x(c48_1_c39_1) U   4772   3852     16
Elapsed time = 40.51 sec. (52165.35 ticks, tree = 94.89 MB, solutions = 1)
   4851  4663    50427.4333   330    50493.0000    50178.0000   128480    0.62%  x(c48_2_c32_2) N   4851    692     18
   4947  4759    50180.0200   373    50493.0000    50179.0238   130567    0.62%  x(c47_1_c21_1) U   4947   4345     31
   5023  4833    50413.8056   353    50493.0000    50180.1667   132828    0.62%  x(c24_3_c35_3) U   5023   5021     39
   5108  4917    50189.6653   427    50493.0000    50181.5000   135166    0.62%   x(c4_3_c35_3) D   5108   1082     14
   5195  4998    50183.8333   252    50493.0000    50182.6667   137195    0.61%  x(c40_3_c38_3) D   5195   4706     22
   5270  5069    50408.4412   318    50493.0000    50183.5833   139648    0.61%  x(c35_3_c24_3) U   5270   2424     36
   5350  5145    50216.0000   309    50493.0000    50184.3472   141912    0.61%   x(c4_3_c35_3) U   5350   1908      8
   5430  5222    50187.1667   413    50493.0000    50185.2647   144257    0.61%  x(c39_4_c24_4) D   5430   4097     19
   5509  5294    50280.6667   343    50493.0000    50186.3333   146552    0.61%  x(c41_3_c29_3) U   5509   2486     10
   5588  5373    50253.6333   393    50493.0000    50187.5000   148825    0.61%  x(c11_1_c47_1) U   5588   4040     31
Elapsed time = 47.25 sec. (61785.60 ticks, tree = 114.40 MB, solutions = 1)
   5673  5455    50220.3889   279    50493.0000    50188.3333   150836    0.60%  x(c24_1_c42_1) D   5673   2179      7
   5748  5526    50341.1111   344    50493.0000    50189.3667   153209    0.60%   x(c2_1_c42_1) U   5748   4655     14
   5844  5616    50286.8333   342    50493.0000    50190.2667   155114    0.60%   x(c29_4_c5_4) U   5844   2521     18
   5923  5690    50193.4167   293    50493.0000    50191.1667   157178    0.60%  x(c26_3_c35_3) D   5923   4501     12
   6000  5760    50324.7857   341    50493.0000    50192.0000   159292    0.60%   x(c4_3_c45_3) U   6000   4697     15
   6080  5839    50248.5618   374    50493.0000    50192.7000   161365    0.59%  x(c24_1_c42_1) D   6080   2342     20
   6168  5926    50276.5357   346    50493.0000    50193.5905   163652    0.59%  x(c47_3_c11_3) U   6168   4216     14
   6247  6002    50200.4583   298    50493.0000    50194.5370   165720    0.59%  x(c26_3_c35_3) D   6247   2384     14
   6333  6084    50195.2549   413    50493.0000    50195.2564   167832    0.59%  x(c24_3_c35_3) D   6333   5835     31
   6411  6155    50198.0253   338    50493.0000    50195.8503   169748    0.59%  x(c15_3_c36_3) D   6411   5739     29
Elapsed time = 54.04 sec. (71423.10 ticks, tree = 134.27 MB, solutions = 1)
   6502  6240    50196.5833   199    50493.0000    50196.5833   171994    0.59%  x(c15_3_c36_3) D   6502   5642     18
   6582  6313    50210.1049   355    50493.0000    50197.2917   174378    0.59%  x(c41_3_c29_3) D   6582   3640     16
   6660  6387    50319.1667   346    50493.0000    50198.1667   176686    0.58%  x(c35_1_c24_1) U   6660   4744     17
   6743  6464    50379.0298   369    50493.0000    50199.1190   178709    0.58%   x(c34_4_c5_4) U   6743   4847     18
   6819  6534    50202.0000   262    50493.0000    50199.8056   180837    0.58%  x(c23_1_c40_1) D   6819   5134     16
   6904  6619    50298.4323   361    50493.0000    50200.4487   183050    0.58%  x(c48_1_c39_1) U   6904   6902     20
   6991  6695        cutoff          50493.0000    50201.3000   184989    0.58%  x(c35_3_c24_3) U   6991   6989     34
   7071  6767    50233.0812   456    50493.0000    50201.9530   186917    0.58%   x(c4_3_c35_3) U   7071   3801      7
   7150  6840    50293.1726   267    50493.0000    50202.6667   189244    0.57%  x(c41_3_c29_3) U   7150   2864     15
   7238  6924    50204.3316   362    50493.0000    50203.3476   191417    0.57%   x(c29_4_c5_4) D   7238   5524     24
Elapsed time = 60.62 sec. (81034.13 ticks, tree = 154.08 MB, solutions = 1)
   7320  7006    50303.3333   351    50493.0000    50204.0000   193864    0.57%  x(c29_3_c41_3) U   7320   2418     34
   7405  7086    50253.4208   316    50493.0000    50204.7361   196064    0.57%  x(c42_1_c39_1) D   7405   2223     16
   7485  7154    50443.6563   333    50493.0000    50205.2431   198392    0.57%  x(c24_1_c48_1) U   7485   3483     24
   7562  7225    50232.3333   310    50493.0000    50205.7917   200489    0.57%  x(c34_4_c41_4) U   7562   3192     12
   7634  7292    50311.7619   328    50493.0000    50206.5000   202632    0.57%  x(c41_3_c29_3) U   7634   5153     18
   7726  7379    50366.3542   274    50493.0000    50207.1667   204757    0.57%   x(c34_4_c5_4) U   7726   7724      9
   7801  7451    50218.1053   473    50493.0000    50207.6667   207035    0.57%  x(c41_3_c29_3) D   7801   1828     18
   7888  7534    50330.3974   382    50493.0000    50208.2593   209137    0.56%   x(c29_4_c5_4) U   7888   7886     24
   7977  7621    50228.4575   355    50493.0000    50208.7917   211247    0.56%   x(c5_1_c24_1) D   7977   6172     23
   8306  7923    50281.0427   387    50493.0000    50211.1250   219916    0.56%  x(c24_1_c42_1) D   8306   5089     22
Elapsed time = 69.11 sec. (93510.51 ticks, tree = 180.18 MB, solutions = 1)
   8633  8217    50426.8611   376    50493.0000    50213.4167   227623    0.55%   x(c5_4_c34_4) U   8633   5371     13
   8960  8516    50223.2803   344    50493.0000    50215.8000   235608    0.55%   x(c2_1_c42_1) D   8960   6946     25
   9282  8797    50349.2853   387    50493.0000    50217.9608   243367    0.54%  x(c32_1_c24_1) U   9282   8097     25
   9607  9077    50284.8030   316    50493.0000    50219.9455   250754    0.54%  x(c48_1_c42_1) U   9607   6226     29
   9922  9351    50227.9000   383    50493.0000    50221.6618   258495    0.54%  x(c24_1_c32_1) D   9922   9349     22
  10203  9596        cutoff          50493.0000    50223.4000   266028    0.53%  x(c48_1_c24_1) U  10203  10201     16
  10500  9856    50360.6667    91    50493.0000    50225.1667   273635    0.53%  x(c23_3_c47_3) N  10500   2040     57
  10805 10119    50283.5208   329    50493.0000    50226.5959   280773    0.53%  x(c24_1_c42_1) U  10805   3596     17
  11086 10359    50382.3801   430    50493.0000    50228.2500   287826    0.52%  x(c41_1_c16_1) D  11086    640     22
  11363 10601    50388.1667   202    50493.0000    50229.6667   294992    0.52%  x(c21_3_c11_3) U  11363  11361     19
Elapsed time = 95.62 sec. (131753.32 ticks, tree = 254.79 MB, solutions = 1)
  11658 10861    50231.3000   263    50493.0000    50231.1667   302060    0.52%   x(c39_3_c5_3) D  11658   9298     16
  11916 11081    50353.5667   324    50493.0000    50232.4167   308615    0.52%  x(c24_1_c48_1) U  11916   2794     16
  12171 11297    50409.6200   442    50493.0000    50233.7708   315289    0.51%  x(c40_5_c31_5) U  12171   5672     18
  12436 11525    50279.0000   264    50493.0000    50235.0833   322006    0.51%   x(c4_3_c35_3) D  12436   2370      9
  12681 11738    50340.0119   381    50493.0000    50236.2381   328471    0.51%  x(c29_4_c34_4) U  12681  12679     25
  12938 11974    50399.9345   338    50493.0000    50237.3333   335082    0.51%   x(c34_4_c5_4) U  12938   8116     23
  13194 12183    50454.6667   374    50493.0000    50238.4286   341065    0.50%  x(c42_1_c39_1) U  13194   5590     16
  13447 12385    50287.5000   220    50493.0000    50239.5000   347451    0.50%  x(c23_1_c40_1) D  13447   9113     14
  13702 12599    50256.0238   269    50493.0000    50240.6667   353898    0.50%  x(c23_1_c11_1) U  13702   9030     16
  13940 12791    50242.1667   240    50493.0000    50241.6667   360412    0.50%   x(c39_3_c5_3) D  13940   5246     20
Elapsed time = 121.82 sec. (170027.70 ticks, tree = 322.20 MB, solutions = 1)
  14185 12996    50366.0167   312    50493.0000    50242.6667   366745    0.50%  x(c34_1_c14_1) U  14185  14183     27
  14444 13224    50296.9167   309    50493.0000    50243.9167   373426    0.49%   x(c38_1_c8_1) U  14444  14442     23
  14698 13445    50391.4167   307    50493.0000    50244.9167   380418    0.49%  x(c11_1_c47_1) U  14698  13682     20
  14947 13646    50251.5719   320    50493.0000    50246.0455   387162    0.49%   x(c4_3_c45_3) D  14947  11655     23
  15209 13864    50322.3854   411    50493.0000    50247.1042   393451    0.49%   x(c41_3_c5_3) U  15209  15207     20
  15468 14082    50479.5000   270    50493.0000    50248.1111   400321    0.48%  x(c38_1_c31_1) D  15468  15467     46
  15704 14259    50486.5000   385    50493.0000    50249.0833   406800    0.48%  x(c35_1_c42_1) U  15704   3398     21
  15952 14458    50295.4206   402    50493.0000    50250.0972   413501    0.48%  x(c35_1_c42_1) D  15952   8883     11
  16210 14674    50310.2917   414    50493.0000    50251.0463   419872    0.48%  x(c29_4_c34_4) D  16210  14305     19
  16436 14860    50271.6250   238    50493.0000    50252.1667   425876    0.48%  x(c14_2_c34_2) D  16436  10344     22
Elapsed time = 146.25 sec. (208292.76 ticks, tree = 388.39 MB, solutions = 1)
  16699 15082    50369.7500   385    50493.0000    50253.1599   432584    0.47%    x(c5_3_c2_3) U  16699  12298     18
  16974 15304    50374.3125   260    50493.0000    50254.1472   438963    0.47%  x(c14_1_c13_1) N  16974  16972     28
  17225 15494    50476.0222   310    50493.0000    50255.0500   445328    0.47%  x(c24_1_c35_1) U  17225  12163     20
  17491 15715        cutoff          50493.0000    50255.9824   451835    0.47%   x(c4_3_c45_3) U  17491  17489     18
  17750 15927    50457.4167   326    50493.0000    50256.9667   458792    0.47%  x(c35_1_c24_1) U  17750  12269     32
  18000 16127    50379.6667   333    50493.0000    50257.8333   465336    0.47%   x(c2_1_c42_1) U  18000  11707     10
  18266 16343    50384.0370   392    50493.0000    50258.6667   472121    0.46%  x(c26_3_c35_3) U  18266  13707     21
  18527 16533    50448.2222   335    50493.0000    50259.5714   478576    0.46%   x(c2_1_c42_1) U  18527   9535     20
  18792 16737        cutoff          50493.0000    50260.4583   484885    0.46%  x(c48_1_c24_1) U  18792   6935     22
  19050 16940    50261.9375   272    50493.0000    50261.3214   490900    0.46%  x(c12_1_c47_1) D  19050  10459     19
Elapsed time = 170.70 sec. (246500.50 ticks, tree = 456.25 MB, solutions = 1)
  19321 17173    50285.6389   338    50493.0000    50262.0490   497333    0.46%   x(c29_4_c5_4) D  19321  19320     17
  19587 17390    50268.0469   332    50493.0000    50262.6429   503411    0.46%  x(c23_3_c47_3) N  19587  17030     69
  19844 17602    50473.4167   401    50493.0000    50263.2847   509622    0.45%   x(c24_1_c5_1) U  19844   5611     17
  20116 17817        cutoff          50493.0000    50264.0000   516056    0.45%  x(c24_1_c35_1) U  20116  18117     25
  20357 18001        cutoff          50493.0000    50264.6667   522516    0.45%  x(c45_3_c24_3) U  20357  20355     23
  20602 18191    50435.8811   338    50493.0000    50265.5595   528441    0.45%   x(c34_4_c5_4) U  20602  18940     23
  20864 18403    50322.0585   378    50493.0000    50266.2817   534540    0.45%  x(c48_4_c24_4) D  20864   1283     30
  21111 18580    50276.2352   322    50493.0000    50266.9688   540773    0.45%  x(c35_1_c24_1) D  21111  21110     28
  21352 18759    50276.5253   371    50493.0000    50267.6111   546604    0.45%   x(c5_1_c48_1) D  21352  21351     39
  21603 18937    50376.1111   330    50493.0000    50268.2500   553356    0.45%  x(c46_5_c31_5) U  21603   6553     18
Elapsed time = 194.76 sec. (284750.29 ticks, tree = 522.51 MB, solutions = 1)
  21873 19160    50397.5000   218    50493.0000    50268.9722   559281    0.44%  x(c25_3_c21_3) U  21873  21871     21
  22130 19369    50365.6157   344    50493.0000    50269.5682   565178    0.44%  x(c32_4_c24_4) U  22130  19327     16
  22385 19549    50427.5556   359    50493.0000    50270.2292   571464    0.44%   x(c34_4_c5_4) U  22385   8019     14
  22644 19745    50279.4479   243    50493.0000    50270.9167   577823    0.44%   x(c39_3_c5_3) D  22644  21408     26
  22897 19942    50409.5333   315    50493.0000    50271.6000   584490    0.44%  x(c11_1_c13_1) N  22897  22895     31
  23150 20110    50301.5417   285    50493.0000    50272.2292   590655    0.44%  x(c47_1_c21_1) D  23150  23149     27
  23404 20309    50491.3162   458    50493.0000    50272.8202   596888    0.44%  x(c24_3_c35_3) U  23404  11973     25
  23652 20503    50338.6667   135    50493.0000    50273.4226   602985    0.43%  x(c25_3_c21_3) U  23652  23650     18
  23924 20714    50345.5833   297    50493.0000    50274.0964   609101    0.43%  x(c47_3_c11_3) U  23924  19402     34
  24170 20893    50274.6667   328    50493.0000    50274.6667   615334    0.43%   x(c4_3_c45_3) D  24170   2957     17
Elapsed time = 218.70 sec. (323007.29 ticks, tree = 587.75 MB, solutions = 1)
  24427 21090    50285.6250   283    50493.0000    50275.2778   621579    0.43%  x(c35_1_c24_1) D  24427   5531     19
  24675 21284    50408.1222   311    50493.0000    50275.8750   627779    0.43%  x(c16_1_c22_1) U  24675  21486     28
  24923 21476        cutoff          50493.0000    50276.4167   634235    0.43%   x(c34_4_c5_4) U  24923  24920     30
  25177 21669    50279.4655   250    50493.0000    50276.8889   640145    0.43%  x(c33_5_c40_5) D  25177  25176     64
  25421 21835    50435.9125   422    50493.0000    50277.4338   646130    0.43%  x(c41_4_c22_4) D  25421   5391     25
  25695 22029    50305.5556   351    50493.0000    50277.8854   651688    0.43%  x(c41_1_c16_1) U  25695   4875     18
  25945 22210    50299.6092   306    50493.0000    50278.4464   657898    0.42%  x(c11_3_c47_3) D  25945  24127     38
  26187 22388    50306.7679   377    50493.0000    50279.0417   663862    0.42%  x(c24_1_c42_1) D  26187   1718     17
  26450 22592    50299.6500   305    50493.0000    50279.5521   669997    0.42%   x(c4_3_c35_3) D  26450   9130     16
  26701 22793    50366.7250   376    50493.0000    50280.0952   676234    0.42%   x(c29_4_c5_4) U  26701  23154     19
Elapsed time = 242.71 sec. (361270.95 ticks, tree = 652.88 MB, solutions = 1)
  26940 22940    50423.0833   312    50493.0000    50280.4991   681740    0.42%  x(c42_1_c39_1) U  26940   7106     16
  27181 23116    50401.6032   349    50493.0000    50281.0000   687939    0.42%   x(c23_2_c3_2) U  27181  26731     49
  27409 23295    50328.1548   377    50493.0000    50281.4167   693650    0.42%  x(c34_4_c41_4) U  27409   6144     14
  27653 23480        cutoff          50493.0000    50281.8167   699723    0.42%  x(c48_1_c42_1) U  27653   7361     17
  27888 23650    50416.3542   422    50493.0000    50282.2677   705511    0.42%  x(c41_3_c29_3) U  27888  23920     18
  28121 23811        cutoff          50493.0000    50282.6667   711447    0.42%  x(c29_4_c41_4) U  28121   8966     16
  28365 23991    50303.4000   241    50493.0000    50283.1667   717195    0.42%  x(c11_3_c40_3) D  28365  28363     25
  28608 24155    50298.1304   452    50493.0000    50283.6250   723081    0.41%  x(c29_3_c41_3) D  28608  28607     18
  28847 24338    50376.2989   293    50493.0000    50284.0625   729211    0.41%   x(c24_3_c5_3) D  28847   3479     14
  29100 24521    50381.1558   425    50493.0000    50284.5000   734869    0.41%     x(Op_c16_5) U  29100  24508     20
Elapsed time = 266.77 sec. (399551.80 ticks, tree = 714.33 MB, solutions = 1)
  29341 24694    50317.6894   303    50493.0000    50284.8714   740658    0.41%  x(c29_4_c34_4) U  29341  27314     20
  29589 24842    50302.0000   220    50493.0000    50285.2500   745862    0.41%  x(c24_1_c42_1) U  29589   5309     16
  29828 24996    50294.2083   271    50493.0000    50285.6458   751648    0.41%  x(c11_2_c47_2) D  29828  19187     44
  30078 25169    50378.1729   243    50493.0000    50286.0769   757096    0.41%   x(c23_2_c3_2) U  30078  21296     37
  30305 25317        cutoff          50493.0000    50286.5000   762892    0.41%  x(c45_3_c24_3) U  30305  30303     29
  30539 25468    50453.6042   355    50493.0000    50286.9722   768035    0.41%  x(c23_1_c47_1) U  30539  27424     89
  30762 25608    50291.0974   316    50493.0000    50287.3333   773956    0.41%   x(c16_5_c8_5) D  30762  29260     21
  31010 25793    50325.8952   461    50493.0000    50287.7396   779294    0.41%   x(c4_3_c35_3) D  31010   8278     15
  31239 25926    50337.9020   388    50493.0000    50288.1143   785188    0.41%  x(c47_1_c21_1) U  31239   8286     25
  31476 26086    50373.8229   278    50493.0000    50288.5000   790788    0.41%  x(c34_1_c14_1) D  31476  31475     71
Elapsed time = 290.53 sec. (437774.31 ticks, tree = 771.84 MB, solutions = 1)
  31715 26255    50310.4298   442    50493.0000    50288.8333   796158    0.40%  x(c35_1_c24_1) D  31715  13883     33
  31943 26387        cutoff          50493.0000    50289.1797   801780    0.40%  x(c24_3_c35_3) U  31943  19792     26
  32148 26528        cutoff          50493.0000    50289.6548   807616    0.40%   x(c34_1_c5_1) U  32148  21166     35
  32380 26690    50290.9429   235    50493.0000    50290.0571   813348    0.40%  x(c22_4_c34_4) D  32380  29250     55
  32598 26827    50430.0095   385    50493.0000    50290.4444   818811    0.40%   x(c34_4_c2_4) U  32598   6594     18
  32826 26979    50297.1845   438    50493.0000    50290.7813   824082    0.40%  x(c29_4_c34_4) D  32826  15271     25
  33050 27134    50382.6639   425    50493.0000    50291.1250   829212    0.40%  x(c41_3_c29_3) U  33050   3285     27
  33269 27275    50325.1667   332    50493.0000    50291.4907   834917    0.40%   x(c5_1_c48_1) U  33269  29025     34
  33496 27437    50334.5417   266    50493.0000    50291.9167   840533    0.40%     x(Op_c40_3) U  33496  27537     17
  33720 27583    50423.4056   347    50493.0000    50292.2500   846114    0.40%  x(c24_1_c48_1) U  33720  22326     18
Elapsed time = 314.45 sec. (476034.29 ticks, tree = 828.17 MB, solutions = 1)
  33927 27713    50389.4271   264    50493.0000    50292.5833   851722    0.40%     x(Op_c40_5) U  33927  25117     22
  34158 27853    50293.6667   231    50493.0000    50292.9167   856688    0.40%  x(c12_4_c23_4) D  34158  30968     20
  34379 28009        cutoff          50493.0000    50293.2235   861995    0.40%  x(c32_1_c25_1) U  34379  21352     40
  34608 28167    50294.1042   305    50493.0000    50293.6111   867273    0.39%  x(c29_4_c34_4) D  34608  30086     22
  34820 28299    50300.5682   330    50493.0000    50293.9524   872509    0.39%   x(c5_1_c48_1) D  34820  29084     27
  35044 28444    50336.9429   245    50493.0000    50294.3095   877954    0.39%   x(c40_5_c3_5) U  35044  35042     29
  35254 28586    50409.6667   276    50493.0000    50294.6667   883197    0.39%   x(c41_3_c5_3) U  35254  35251     14
  35494 28757        cutoff          50493.0000    50294.9722   888525    0.39%   x(c15_3_c9_3) U  35494  28999     56
  35721 28920        cutoff          50493.0000    50295.2500   893571    0.39%   x(c5_4_c34_4) U  35721  32289     18
  35939 29068    50295.5750   300    50493.0000    50295.5789   899224    0.39%  x(c26_3_c45_3) D  35939  34532     25
Elapsed time = 338.19 sec. (514271.26 ticks, tree = 885.08 MB, solutions = 1)
  36160 29185        cutoff          50493.0000    50295.8750   904294    0.39%  x(c24_1_c42_1) D  36160   2519     14
  36387 29327        cutoff          50493.0000    50296.2278   909504    0.39%   x(c4_3_c35_3) U  36387  36385     73
  36611 29483    50371.6250   296    50493.0000    50296.5333   914963    0.39%  x(c20_3_c12_3) N  36611  34441     38
  36822 29625    50365.1250   147    50493.0000    50296.8526   920011    0.39%  x(c20_3_c12_3) U  36822  36820     39
  37042 29772        cutoff          50493.0000    50297.2500   925049    0.39%  x(c35_1_c42_1) U  37042  28660     37
  37264 29910    50462.2626   328    50493.0000    50297.6333   930450    0.39%  x(c23_1_c11_1) U  37264  34199     34
  37486 30055    50352.1005   439    50493.0000    50297.9000   935568    0.39%    x(c2_3_c5_3) U  37486  29364     21
  37699 30217    50479.7643   356    50493.0000    50298.2083   940876    0.39%  x(c29_4_c41_4) U  37699   7137     26
  37902 30355    50317.9319   278    50493.0000    50298.5250   946218    0.39%  x(c38_1_c31_1) U  37902  35370     58
  38114 30487    50410.3503   333    50493.0000    50298.8333   951304    0.38%  x(c16_1_c22_1) U  38114  24636     30
Elapsed time = 361.85 sec. (552574.88 ticks, tree = 940.85 MB, solutions = 1)
  38320 30626    50410.1310   248    50493.0000    50299.1667   956625    0.38%     x(Op_c40_3) U  38320  34449     33
  38536 30770    50299.4667   298    50493.0000    50299.4667   961457    0.38%  x(c47_1_c21_1) D  38536  35312     27
  38744 30906        cutoff          50493.0000    50299.7500   966667    0.38%  x(c36_3_c15_3) U  38744  33415     18
  38944 31039    50487.9722   465    50493.0000    50299.9965   971681    0.38%  x(c38_1_c31_1) U  38944  38942     22
  39130 31168    50363.4911   337    50493.0000    50300.2778   976498    0.38%  x(c24_1_c42_1) D  39130   5073     18
  39339 31307    50378.7500   243    50493.0000    50300.5312   981131    0.38%  x(c47_3_c11_3) U  39339  22138     17
  39550 31441    50301.1667   307    50493.0000    50300.8333   986293    0.38%   x(c5_4_c34_4) D  39550  39549     25
  39755 31581    50487.9302   289    50493.0000    50301.0625   991007    0.38%  x(c38_1_c31_1) D  39755  39753     46
  39965 31716    50438.3500   223    50493.0000    50301.3500   996061    0.38%   x(c29_4_c5_4) U  39965  25259     34
  40179 31875    50336.5648   243    50493.0000    50301.6296  1000834    0.38%   x(c9_5_c40_5) U  40179  36666     62
Elapsed time = 385.56 sec. (590886.53 ticks, tree = 996.51 MB, solutions = 1)
  40395 32021        cutoff          50493.0000    50301.8704  1005596    0.38%  x(c29_3_c41_3) U  40395  35439     24
  40605 32166        cutoff          50493.0000    50302.1520  1010660    0.38%  x(c29_4_c34_4) U  40605  18815     42
  40816 32311    50302.9116   246    50493.0000    50302.4167  1015457    0.38%     x(Op_c22_1) D  40816  31381     34
  41018 32429    50304.1667   243    50493.0000    50302.6667  1020378    0.38%  x(c38_1_c31_1) D  41018  24309     35
  41259 32595    50400.8194   334    50493.0000    50302.8750  1024799    0.38%  x(c35_1_c24_1) U  41259  16737     15
  41468 32742    50356.5000   128    50493.0000    50303.1667  1029623    0.38%  x(c12_5_c40_5) U  41468  35775     40
  41672 32872    50363.5042   288    50493.0000    50303.4375  1034614    0.38%  x(c23_1_c40_1) D  41672  20441     19
  41874 32988    50305.6372   369    50493.0000    50303.7259  1039599    0.37%   x(c5_4_c34_4) D  41874  24364     37
  42087 33140        cutoff          50493.0000    50303.9762  1044825    0.37%  x(c35_1_c42_1) U  42087  17904     20
  42307 33285    50356.1667   188    50493.0000    50304.1667  1049445    0.37%  x(c25_3_c32_3) D  42307  13294     25
Elapsed time = 408.79 sec. (629145.77 ticks, tree = 1054.66 MB, solutions = 1)
  42503 33400    50311.2701   423    50493.0000    50304.4409  1054335    0.37%  x(c32_1_c24_1) D  42503  42502     26
  42716 33513        cutoff          50493.0000    50304.6667  1059141    0.37%  x(c24_3_c35_3) U  42716  42714     29
  42922 33655    50311.6667   294    50493.0000    50304.9167  1064311    0.37%  x(c40_1_c33_1) D  42922   1094     15
  43115 33775    50305.1852   368    50493.0000    50305.1250  1069113    0.37%  x(c29_3_c41_3) D  43115  39891     22
  43320 33913    50411.0667   176    50493.0000    50305.3351  1074073    0.37%  x(c12_1_c47_1) U  43320  39496     42
  43510 34020    50318.8542   332    50493.0000    50305.6667  1078911    0.37%  x(c11_1_c47_1) D  43510  33582     27
  43706 34161    50309.1520   365    50493.0000    50305.9167  1083391    0.37%  x(c41_3_c29_3) D  43706  15229      9
  43897 34273    50449.3889   384    50493.0000    50306.1847  1088195    0.37%   x(c2_1_c42_1) U  43897  13230     19
  44078 34381        cutoff          50493.0000    50306.4667  1092933    0.37%   x(c5_4_c34_4) U  44078  32370     28
  44289 34491    50306.8714   339    50493.0000    50306.7619  1097653    0.37%  x(c35_3_c24_3) D  44289  34249     24
Elapsed time = 432.02 sec. (667411.86 ticks, tree = 1104.91 MB, solutions = 1)
  44486 34610    50363.0417   410    50493.0000    50307.0000  1102569    0.37%  x(c48_1_c24_1) D  44486   7364     20
  44679 34744    50308.5000   306    50493.0000    50307.3333  1107222    0.37%  x(c29_4_c34_4) D  44679  32157     22
  44868 34844    50445.9861   428    50493.0000    50307.6167  1112326    0.37%  x(c41_1_c16_1) D  44868  20256     16
  45070 34970    50322.5000   254    50493.0000    50307.8750  1117189    0.37%  x(c15_3_c36_3) D  45070  45069     24
  45266 35074    50447.6042   193    50493.0000    50308.1042  1121856    0.37%   x(c3_3_c23_3) U  45266  41223     30
  45460 35183    50454.8056   406    50493.0000    50308.3542  1126669    0.37%  x(c24_1_c35_1) D  45460  45458     26
  45652 35288        cutoff          50493.0000    50308.5714  1132012    0.37%   x(c3_3_c23_3) U  45652  43796     48
  45847 35415        cutoff          50493.0000    50308.8497  1136682    0.36%  x(c29_3_c41_3) U  45847  39253     21
  46041 35542    50455.2083   316    50493.0000    50309.0833  1141887    0.36%  x(c42_1_c39_1) U  46041  31632     21
  46243 35675    50317.0965   361    50493.0000    50309.3177  1146455    0.36%    x(c2_3_c5_3) D  46243  30107     22
Elapsed time = 455.54 sec. (705652.24 ticks, tree = 1155.12 MB, solutions = 1)
  46440 35791    50420.8438   305    50493.0000    50309.5714  1150952    0.36%  x(c34_4_c14_4) U  46440  46438     42
  46646 35932        cutoff          50493.0000    50309.8095  1155766    0.36%  x(c48_1_c39_1) U  46646  39873     22
  46844 36066    50426.9298   365    50493.0000    50310.0500  1160507    0.36%  x(c38_1_c31_1) D  46844  34983     29
  47040 36176    50311.2377   385    50493.0000    50310.3333  1165064    0.36%  x(c25_3_c47_3) D  47040  23761     50
  47245 36288    50332.5238   296    50493.0000    50310.5000  1169960    0.36%  x(c35_1_c42_1) D  47245  30308     18
  47432 36402    50386.1159   445    50493.0000    50310.8125  1174823    0.36%    x(c2_3_c5_3) U  47432   5791     21
  47615 36522    50340.4074   447    50493.0000    50311.0694  1179897    0.36%   x(c4_3_c35_3) N  47615    829     11
  47810 36659    50330.2941   225    50493.0000    50311.3167  1184998    0.36%   x(c5_3_c24_3) U  47810  46675     50
  48002 36779    50311.5421   385    50493.0000    50311.5423  1189603    0.36%  x(c29_4_c41_4) D  48002  42993     21
  48200 36892    50415.5625   302    50493.0000    50311.8333  1194390    0.36%   x(c9_3_c40_3) U  48200  48198     24
Elapsed time = 479.12 sec. (743987.51 ticks, tree = 1206.87 MB, solutions = 1)
  48395 37006    50387.9752   437    50493.0000    50312.0391  1199176    0.36%     x(Op_c16_5) U  48395  39093     44
  48578 37115        cutoff          50493.0000    50312.3526  1203947    0.36%  x(c24_3_c45_3) U  48578  42798     30
  48769 37235        cutoff          50493.0000    50312.5750  1208663    0.36%  x(c35_1_c42_1) U  48769  14524     20
  48968 37339    50402.3333   182    50493.0000    50312.8333  1213281    0.36%  x(c23_3_c40_3) U  48968  48966     21
  49147 37422    50313.2381   245    50493.0000    50313.0952  1217908    0.36%   x(c3_3_c23_3) U  49147  47154     27
  49338 37562        cutoff          50493.0000    50313.3600  1223022    0.36%   x(c14_2_c5_2) U  49338  40725     59
  49535 37690        cutoff          50493.0000    50313.6250  1228263    0.36%   x(c34_4_c5_4) U  49535  32132     36
  49727 37791    50319.8602   241    50493.0000    50313.8333  1232858    0.35%     x(Op_c40_3) D  49727  47728     29
  49910 37884        cutoff          50493.0000    50314.1212  1237385    0.35%   x(c2_1_c42_1) U  49910  25725     18
  50103 38015    50319.6250   382    50493.0000    50314.3333  1242095    0.35%   x(c39_3_c5_3) D  50103  39172     20
Elapsed time = 502.70 sec. (782237.45 ticks, tree = 1255.47 MB, solutions = 1)
  50278 38102    50405.5253   337    50493.0000    50314.6042  1246903    0.35%  x(c24_3_c45_3) U  50278  44538     41
  50470 38209    50340.0833   156    50493.0000    50314.8333  1251314    0.35%  x(c25_3_c39_3) U  50470  26836     31
  50660 38317    50331.5000   180    50493.0000    50315.0625  1256057    0.35%  x(c23_1_c11_1) U  50660  28439     24
  50841 38441    50318.2917   369    50493.0000    50315.2500  1260441    0.35%  x(c35_1_c24_1) D  50841  25016     12
  51013 38546    50348.5000   313    50493.0000    50315.5000  1265310    0.35%  x(c41_3_c29_3) D  51013  19917     17
  51205 38643        cutoff          50493.0000    50315.7196  1269257    0.35%   x(c3_3_c23_3) U  51205  51203     24
  51385 38745    50342.6632   428    50493.0000    50315.9484  1274029    0.35%  x(c41_3_c29_3) D  51385   6285     22
  51567 38862    50483.2333   379    50493.0000    50316.1667  1278855    0.35%  x(c11_1_c47_1) U  51567  51565     31
  51751 38964        cutoff          50493.0000    50316.4394  1283655    0.35%  x(c48_1_c39_1) U  51751  48071     40
  51941 39064    50316.6250   187    50493.0000    50316.6250  1288337    0.35%     x(c40_2_Om) D  51941  46758     59
Elapsed time = 526.12 sec. (820470.95 ticks, tree = 1301.98 MB, solutions = 1)
  52125 39159        cutoff          50493.0000    50316.8600  1292958    0.35%  x(c41_3_c29_3) U  52125  45772     24
  52301 39262    50317.6667   232    50493.0000    50317.1250  1297729    0.35%  x(c29_4_c34_4) D  52301  48278     14
  52484 39358    50317.4167   261    50493.0000    50317.3611  1302381    0.35%  x(c24_1_c35_1) D  52484  49258     30
  52669 39438    50401.9000   299    50493.0000    50317.6548  1306722    0.35%  x(c10_1_c42_1) U  52669  47722     20
  52873 39555    50317.9758   334    50493.0000    50317.8095  1310748    0.35%  x(c41_3_c29_3) D  52873  25135     29
  53054 39669    50352.8750   260    50493.0000    50318.0000  1315445    0.35%  x(c38_1_c31_1) D  53054  48807     20
  53238 39774    50319.8333   377    50493.0000    50318.2345  1319802    0.35%  x(c41_3_c29_3) D  53238  22576     22
  53414 39874    50320.2315   225    50493.0000    50318.4968  1324496    0.35%   x(c39_3_c5_3) D  53414  53413     22
  53604 39983        cutoff          50493.0000    50318.6667  1329190    0.35%    x(c5_3_c2_3) U  53604  53602     20
  53799 40084    50422.0417   418    50493.0000    50318.9025  1333807    0.34%   x(c4_3_c45_3) U  53799  40447     20
Elapsed time = 549.68 sec. (858688.76 ticks, tree = 1347.96 MB, solutions = 1)
  53986 40202    50486.3229   337    50493.0000    50319.1667  1338563    0.34%  x(c48_1_c39_1) U  53986   7660     16
  54175 40313    50477.5000   373    50493.0000    50319.3848  1343328    0.34%  x(c35_1_c42_1) U  54175  12483     13
  54361 40408        cutoff          50493.0000    50319.6147  1347947    0.34%   x(c34_4_c5_4) U  54361  39806     19
  54540 40514    50356.9267   444    50493.0000    50319.8657  1352603    0.34%  x(c38_1_c31_1) D  54540  34793     25
  54729 40610    50322.1500   233    50493.0000    50320.0833  1357129    0.34%  x(c24_1_c42_1) D  54729  27479     31
  54916 40715    50323.6458   418    50493.0000    50320.3000  1361748    0.34%  x(c29_3_c41_3) D  54916  53215     19
  55097 40797    50433.6624   422    50493.0000    50320.5000  1366149    0.34%  x(c48_1_c39_1) U  55097  40972     21
  55285 40903    50321.7438   458    50493.0000    50320.6675  1370706    0.34%   x(c34_1_c5_1) D  55285  34135     21
  55473 41000    50485.2500   343    50493.0000    50320.9167  1375299    0.34%   x(c29_4_c5_4) U  55473   9991     17
  55656 41110        cutoff          50493.0000    50321.1528  1379911    0.34%   x(c25_1_c5_1) U  55656  34281     19
Elapsed time = 572.92 sec. (896938.26 ticks, tree = 1394.00 MB, solutions = 1)
  55852 41204    50324.8339   335    50493.0000    50321.3542  1384209    0.34%   x(c2_1_c42_1) U  55852  51325     28
  56036 41324    50333.9938   403    50493.0000    50321.5873  1388777    0.34%  x(c32_1_c21_1) D  56036  39412     21
  56214 41422    50360.5000   195    50493.0000    50321.7500  1393607    0.34%   x(c3_5_c40_5) U  56214  37188     20
  56384 41508        cutoff          50493.0000    50322.0000  1398241    0.34%  x(c26_3_c45_3) U  56384  29357     38
  56580 41615        cutoff          50493.0000    50322.1920  1402461    0.34%  x(c24_3_c35_3) U  56580  56578     25
  56759 41704        cutoff          50493.0000    50322.4444  1406910    0.34%  x(c38_3_c40_3) U  56759  15827     32
  56935 41804    50347.0833   350    50493.0000    50322.6886  1411379    0.34%  x(c41_3_c29_3) D  56935   2460     23
  57115 41903    50394.6435   376    50493.0000    50322.9167  1416124    0.34%   x(c3_3_c23_3) U  57115  57113     38
  57313 42035        cutoff          50493.0000    50323.1555  1420456    0.34%  x(c32_1_c21_1) U  57313  30376     37
  57510 42138    50324.5468   395    50493.0000    50323.3800  1424703    0.34%  x(c35_1_c24_1) D  57510  52238     28
Elapsed time = 596.00 sec. (935230.93 ticks, tree = 1440.34 MB, solutions = 1)
  57709 42254    50325.7510   432    50493.0000    50323.6042  1429323    0.34%  x(c16_4_c34_4) D  57709  57708     45
  57888 42352    50381.0000   229    50493.0000    50323.8333  1433797    0.34%   x(c40_5_c3_5) U  57888  31900     36
  58081 42470    50327.6667   262    50493.0000    50324.0417  1438652    0.33%    x(c5_3_c2_3) U  58081   6308     18
  58268 42562        cutoff          50493.0000    50324.2500  1443618    0.33%  x(c29_4_c34_4) U  58268  17077     19
  58448 42657    50452.0833   337    50493.0000    50324.4630  1448076    0.33%  x(c38_1_c31_1) D  58448  49336     38
  58634 42765        cutoff          50493.0000    50324.6500  1452804    0.33%   x(c41_1_c2_1) U  58634  58632     31
  58832 42872        cutoff          50493.0000    50324.7998  1456950    0.33%  x(c24_1_c48_1) U  58832  50840     22
  59018 42968    50329.1667   324    50493.0000    50325.0000  1461354    0.33%   x(c2_1_c42_1) D  59018  59017     26
  59203 43080        cutoff          50493.0000    50325.2083  1465906    0.33%  x(c35_1_c42_1) U  59203  44047     25
  59380 43148        cutoff          50493.0000    50325.4667  1470351    0.33%  x(c29_4_c34_4) U  59380  56564     31
Elapsed time = 618.90 sec. (973460.29 ticks, tree = 1485.54 MB, solutions = 1)
  59579 43253    50325.6667   244    50493.0000    50325.6667  1474805    0.33%   x(c3_5_c40_5) D  59579  47307     19
  59773 43347    50334.8395   402    50493.0000    50325.8490  1479089    0.33%  x(c48_1_c24_1) D  59773  55175     24
  59972 43468    50335.6275   388    50493.0000    50326.0600  1483501    0.33%  x(c29_4_c41_4) D  59972  40534     20
  60168 43566    50326.5035   352    50493.0000    50326.2639  1487869    0.33%  x(c41_1_c29_1) D  60168  44853     38
  60353 43682    50407.0000   257    50493.0000    50326.5000  1492496    0.33%  x(c46_5_c31_5) U  60353  54624     21
  60545 43774    50448.9391   364    50493.0000    50326.6667  1496938    0.33%   x(c9_3_c40_3) U  60545  60543     47
  60732 43885        cutoff          50493.0000    50326.8667  1501595    0.33%   x(c39_3_c5_3) U  60732  56934     43
  60921 43991    50365.1087   399    50493.0000    50327.0417  1505914    0.33%  x(c38_1_c31_1) D  60921  60920     24
  61098 44089    50419.7376   412    50493.0000    50327.2917  1510781    0.33%     x(Op_c16_5) U  61098  53270     36
  61283 44192        cutoff          50493.0000    50327.5000  1515289    0.33%  x(c45_3_c24_3) U  61283  26080     27
Elapsed time = 641.93 sec. (1011684.86 ticks, tree = 1532.27 MB, solutions = 1)
  61483 44322    50374.0000   227    50493.0000    50327.6667  1519986    0.33%  x(c40_1_c22_1) D  61483  25009     41
  61671 44428    50328.3583   304    50493.0000    50327.8750  1524612    0.33%   x(c2_4_c41_4) D  61671  15721     22
  61860 44535    50437.8792   306    50493.0000    50328.1250  1529174    0.33%   x(c9_5_c40_5) U  61860  56645     34
  62050 44632    50345.0000   241    50493.0000    50328.3333  1533828    0.33%  x(c39_3_c25_3) D  62050  62049     24
  62239 44754    50492.0000   262    50493.0000    50328.5000  1538364    0.33%   x(c3_3_c23_3) U  62239  62237     20
  62431 44859    50376.7419   266    50493.0000    50328.7143  1542780    0.33%   x(c40_5_c3_5) U  62431  62429     38
  62629 44972    50425.8667   232    50493.0000    50328.9167  1547189    0.32%   x(c3_3_c23_3) U  62629  62627     17
  62833 45077        cutoff          50493.0000    50329.0746  1551452    0.32%  x(c24_1_c35_1) U  62833  41424     20
  63041 45196    50339.5556   347    50493.0000    50329.2500  1555807    0.32%  x(c35_1_c24_1) D  63041   3838     12
  63240 45303    50330.9575   369    50493.0000    50329.4906  1560292    0.32%  x(c32_1_c24_1) D  63240  63239     35
Elapsed time = 664.71 sec. (1049965.16 ticks, tree = 1581.55 MB, solutions = 1)
  63430 45418    50427.6843   359    50493.0000    50329.6667  1565409    0.32%  x(c47_3_c11_3) U  63430  29853     30
  63618 45520    50380.8889   299    50493.0000    50329.8500  1569936    0.32%  x(c29_4_c34_4) U  63618  63617     27
  63818 45635    50339.9635   391    50493.0000    50330.0185  1574357    0.32%  x(c35_1_c42_1) D  63818  32611     21
  64000 45735    50335.7451   285    50493.0000    50330.1821  1579281    0.32%   x(c25_4_c5_4) D  64000  63999     33
  64179 45818    50490.1667   229    50493.0000    50330.4167  1583667    0.32%  x(c25_3_c21_3) U  64179  54397     25
  64378 45917    50331.1675   431    50493.0000    50330.6429  1587816    0.32%  x(c32_1_c48_1) D  64378  64377     39
  64581 46051    50333.9206   327    50493.0000    50330.8095  1592201    0.32%  x(c29_4_c34_4) D  64581  47538     20
  64780 46169    50368.8000   237    50493.0000    50331.0000  1596598    0.32%   x(c3_5_c40_5) U  64780  32861     22
  64976 46260    50348.4167   328    50493.0000    50331.1667  1601092    0.32%   x(c2_1_c42_1) D  64976  55326     19
  65176 46357    50416.9187   311    50493.0000    50331.3429  1605518    0.32%  x(c11_1_c47_1) U  65176  65174     30
Elapsed time = 687.42 sec. (1088244.62 ticks, tree = 1628.71 MB, solutions = 1)
  65359 46438        cutoff          50493.0000    50331.5047  1609992    0.32%  x(c24_1_c48_1) U  65359  43975     17
  65552 46536    50442.6111   228    50493.0000    50331.7222  1614440    0.32%  x(c20_3_c15_3) U  65552  38767     58
  65745 46641    50352.9634   346    50493.0000    50331.9000  1618938    0.32%  x(c34_4_c14_4) D  65745  36894     42
  65940 46746    50341.7500   286    50493.0000    50332.0667  1623355    0.32%  x(c23_3_c40_3) D  65940  59669     17
  66130 46826        cutoff          50493.0000    50332.2272  1627856    0.32%  x(c38_1_c31_1) U  66130  52248     31
  66317 46927    50342.9468   442    50493.0000    50332.4545  1632329    0.32%  x(c10_1_c42_1) D  66317  44930     19
  66498 47015    50339.5417   275    50493.0000    50332.6667  1636540    0.32%  x(c14_2_c39_2) N  66498  62434     22
  66680 47103    50402.8333   383    50493.0000    50332.8500  1640801    0.32%  x(c32_4_c24_4) U  66680  25927     16
  66871 47215    50354.9405   345    50493.0000    50333.0000  1645066    0.32%  x(c38_1_c31_1) D  66871  66870     26
  67065 47300    50391.8399   419    50493.0000    50333.2500  1649576    0.32%     x(Op_c22_1) D  67065  35632     36
Elapsed time = 710.13 sec. (1126493.93 ticks, tree = 1671.65 MB, solutions = 1)
  67269 47390    50374.4194   276    50493.0000    50333.4323  1653800    0.32%  x(c23_1_c11_1) D  67269  23911     29
  67460 47505        cutoff          50493.0000    50333.6369  1658464    0.32%   x(c2_1_c42_1) U  67460  39841     22
  67657 47607        cutoff          50493.0000    50333.7692  1662788    0.32%   x(c3_3_c23_3) U  67657  54040     23
  67843 47701        cutoff          50493.0000    50333.9798  1667308    0.31%   x(c34_4_c5_4) U  67843   6505     11
  68024 47822    50461.1667   288    50493.0000    50334.1667  1672136    0.31%  x(c39_3_c25_3) U  68024  40886     27
  68218 47917    50421.9167   413    50493.0000    50334.3333  1676191    0.31%  x(c29_4_c34_4) D  68218  30929     17
  68411 48026    50335.1111   360    50493.0000    50334.5091  1680517    0.31%  x(c24_3_c45_3) D  68411  40539     22
  68603 48123        cutoff          50493.0000    50334.6708  1684771    0.31%  x(c29_4_c34_4) U  68603  54295     26
  68790 48228    50426.6250   414    50493.0000    50334.8805  1689681    0.31%   x(c3_3_c23_3) U  68790  59845     39
  68975 48312    50407.6528   278    50493.0000    50335.0539  1694414    0.31%  x(c12_1_c47_1) U  68975  17562     22
Elapsed time = 732.78 sec. (1164790.27 ticks, tree = 1717.53 MB, solutions = 1)
  69153 48400    50335.4118   282    50493.0000    50335.2593  1698941    0.31%  x(c35_1_c24_1) D  69153  67386     43
  69336 48484        cutoff          50493.0000    50335.4667  1703269    0.31%   x(c5_4_c34_4) U  69336  22750     36
  69514 48588    50337.1078   352    50493.0000    50335.6641  1707917    0.31%  x(c14_4_c34_4) D  69514  39569     36
  69687 48702    50407.3333   248    50493.0000    50335.8333  1711877    0.31%  x(c47_3_c11_3) U  69687  33382     14
  69876 48812        cutoff          50493.0000    50336.0000  1716126    0.31%  x(c47_3_c23_3) U  69876  69873     33
  70062 48923    50337.6667   281    50493.0000    50336.1667  1719970    0.31%   x(c5_4_c34_4) D  70062  53958     25
  70251 49025    50404.0774   449    50493.0000    50336.3500  1724216    0.31%     x(Op_c16_5) U  70251  70249     31
  70430 49106    50375.4889   255    50493.0000    50336.5500  1728756    0.31%   x(c3_3_c23_3) U  70430  44874     29
  70616 49203    50444.7551   290    50493.0000    50336.7000  1733003    0.31%   x(c29_4_c5_4) U  70616  57802     33
  70800 49299    50337.4012   462    50493.0000    50336.8611  1736867    0.31%  x(c48_1_c42_1) D  70800  62107     38
Elapsed time = 755.72 sec. (1203150.22 ticks, tree = 1762.94 MB, solutions = 1)
  70995 49398    50373.3981   421    50493.0000    50337.0667  1741258    0.31%  x(c35_1_c24_1) D  70995  22740     17
  71176 49498    50382.2414   291    50493.0000    50337.2604  1745169    0.31%   x(c3_3_c23_3) U  71176  71174     31
  71360 49592    50339.7751   396    50493.0000    50337.4822  1748949    0.31%  x(c48_1_c42_1) D  71360  71359     50
  71560 49725    50363.4167   275    50493.0000    50337.6111  1752976    0.31%   x(c3_3_c23_3) U  71560  64153     30
  71744 49819    50449.5833   420    50493.0000    50337.7500  1756953    0.31%  x(c29_3_c41_3) U  71744  30498     25
  71931 49904        cutoff          50493.0000    50337.9473  1761023    0.31%  x(c10_1_c42_1) U  71931  50265     30
  72080 49975    50457.8397   445    50493.0000    50338.0417  1764440    0.31%  x(c41_3_c29_3) U  72080  40470     17
  72264 50070    50361.8750   133    50493.0000    50338.2000  1768255    0.31%   x(c3_3_c23_3) D  72264  72263     25
  72449 50160        cutoff          50493.0000    50338.3437  1772268    0.31%  x(c24_1_c39_1) U  72449  67751     20
  72643 50282    50351.9048   394    50493.0000    50338.5000  1776482    0.31%  x(c26_3_c45_3) D  72643  18966     20
Elapsed time = 777.95 sec. (1241386.24 ticks, tree = 1808.52 MB, solutions = 1)
  72828 50381    50345.8364   411    50493.0000    50338.6667  1780775    0.31%   x(c5_4_c34_4) D  72828  46509     25
  73013 50485        cutoff          50493.0000    50338.8333  1785251    0.31%   x(c34_4_c2_4) U  73013   9781     22
  73196 50562    50341.3333   232    50493.0000    50339.0000  1789477    0.30%  x(c11_1_c40_1) U  73196  31504     25
  73371 50649        cutoff          50493.0000    50339.1667  1793667    0.30%  x(c48_1_c24_1) U  73371  64416     15
  73556 50757    50444.0833   378    50493.0000    50339.3333  1797603    0.30%  x(c24_3_c45_3) U  73556  29760     22
  73745 50846        cutoff          50493.0000    50339.5119  1801655    0.30%   x(c3_3_c23_3) U  73745  65516     41
  73934 50936    50343.1042   301    50493.0000    50339.6667  1806079    0.30%  x(c41_3_c29_3) D  73934   9509     22
  74118 51038        cutoff          50493.0000    50339.8333  1810508    0.30%   x(c29_4_c5_4) U  74118  45866     25
  74316 51155    50475.5000   290    50493.0000    50340.0000  1814769    0.30%  x(c15_3_c36_3) D  74316  74315     40
  74502 51257        cutoff          50493.0000    50340.1607  1818843    0.30%  x(c41_1_c29_1) U  74502  34471     41
Elapsed time = 799.73 sec. (1279632.30 ticks, tree = 1853.56 MB, solutions = 1)
  74699 51376    50361.1667   398    50493.0000    50340.3333  1822996    0.30%   x(c5_4_c34_4) D  74699  40219     17
  74893 51473    50341.5000   162    50493.0000    50340.5000  1827156    0.30%     x(Op_c40_5) D  74893  20745     34
  75095 51571    50386.6667   291    50493.0000    50340.6333  1831098    0.30%   x(c2_1_c42_1) U  75095  53886     20
  75274 51651    50344.1667   223    50493.0000    50340.7917  1835591    0.30%  x(c20_3_c12_3) D  75274  60153     21
  75458 51768        cutoff          50493.0000    50340.9583  1839855    0.30%  x(c45_3_c24_3) U  75458  55258     23
  75654 51855    50346.2176   303    50493.0000    50341.1105  1843898    0.30%     x(Op_c40_3) D  75654  75653     26
  75860 51963        cutoff          50493.0000    50341.2500  1847874    0.30%  x(c36_3_c15_3) U  75860   9059     15
  76043 52079    50341.4167   298    50493.0000    50341.4167  1851755    0.30%  x(c32_1_c21_1) D  76043  46381     17
  76233 52194        cutoff          50493.0000    50341.5833  1856047    0.30%  x(c41_1_c16_1) D  76233  76231     37
  76425 52273        cutoff          50493.0000    50341.7279  1859790    0.30%  x(c41_1_c16_1) D  76425  74158     30
Elapsed time = 821.21 sec. (1317886.69 ticks, tree = 1900.05 MB, solutions = 1)
  76610 52367    50449.2786   316    50493.0000    50341.9167  1864353    0.30%   x(c29_4_c5_4) U  76610  63325     25
  76794 52447    50414.8889   205    50493.0000    50342.0463  1868686    0.30%     x(Op_c40_3) U  76794  69128     24
  76993 52550        cutoff          50493.0000    50342.1667  1872588    0.30%  x(c35_3_c24_3) D  76993  51211     33
  77180 52621    50343.5500   234    50493.0000    50342.3690  1876538    0.30%  x(c23_1_c11_1) D  77180  77179     22
  77364 52692    50456.0833   243    50493.0000    50342.5556  1880417    0.30%   x(c16_5_c8_5) U  77364  73780     19
  77564 52807        cutoff          50493.0000    50342.7143  1884391    0.30%  x(c32_1_c21_1) U  77564  71375     23
  77741 52877        cutoff          50493.0000    50342.8333  1887946    0.30%   x(c2_1_c42_1) U  77741  16099     27
  77916 52971    50429.3333   210    50493.0000    50343.0000  1892160    0.30%  x(c20_3_c12_3) U  77916  71994     25
  78104 53058    50395.6250   278    50493.0000    50343.1667  1896655    0.30%  x(c25_3_c39_3) U  78104  10547     22
  78301 53151    50401.7778   349    50493.0000    50343.2823  1900485    0.30%  x(c42_1_c39_1) D  78301  58953     23
Elapsed time = 842.98 sec. (1356162.75 ticks, tree = 1941.19 MB, solutions = 1)
  78496 53241        cutoff          50493.0000    50343.4583  1904521    0.30%  x(c29_3_c41_3) U  78496  13536     19
  78677 53335    50372.4276   423    50493.0000    50343.6250  1909128    0.30%  x(c29_4_c34_4) D  78677  37044     16
  78870 53436    50363.2365   251    50493.0000    50343.7500  1913173    0.30%     x(Op_c16_5) U  78870  47944     29
  79067 53539    50478.1400   271    50493.0000    50343.8854  1917431    0.30%  x(c11_1_c47_1) U  79067  79065     43
  79253 53641    50369.7348   351    50493.0000    50344.0083  1921630    0.30%  x(c47_3_c23_3) D  79253  79252     40
  79442 53738        cutoff          50493.0000    50344.1667  1925649    0.29%  x(c41_3_c29_3) U  79442   7471     19
  79625 53830    50459.2083   312    50493.0000    50344.3333  1930129    0.29%  x(c41_3_c29_3) U  79625  71009     23
  79810 53905    50349.9000   212    50493.0000    50344.5000  1934112    0.29%    x(c5_3_c2_3) D  79810  63756     42
  79992 53989    50363.7222   278    50493.0000    50344.6667  1938148    0.29%  x(c48_1_c39_1) U  79992  41916     38
  80197 54078    50344.7778   286    50493.0000    50344.7833  1942190    0.29%   x(c3_3_c23_3) D  80197  65119     33
Elapsed time = 864.50 sec. (1394476.53 ticks, tree = 1984.33 MB, solutions = 1)
  80379 54173        cutoff          50493.0000    50344.9885  1946517    0.29%   x(c34_1_c5_1) U  80379  30278     21
  80570 54269    50465.5343   459    50493.0000    50345.1091  1950736    0.29%  x(c29_3_c41_3) U  80570  58514     30
  80764 54381    50395.2738   236    50493.0000    50345.2500  1954514    0.29%     x(Op_c16_5) U  80764  17335     20
  80958 54480        cutoff          50493.0000    50345.4167  1958410    0.29%  x(c38_1_c31_1) U  80958  80956     35
  81143 54552    50367.0060   340    50493.0000    50345.5833  1962560    0.29%  x(c38_1_c31_1) D  81143  23924     35
  81339 54659    50371.6667   292    50493.0000    50345.7500  1966716    0.29%  x(c23_4_c34_4) U  81339  71333     28
  81540 54741    50429.9687   247    50493.0000    50345.9041  1970818    0.29%  x(c47_3_c23_3) U  81540  72988     33
  81732 54836    50350.7778   299    50493.0000    50346.0714  1975157    0.29%   x(c5_1_c48_1) D  81732  58395     42
  81936 54927    50405.4167   365    50493.0000    50346.2219  1979254    0.29%   x(c3_3_c23_3) U  81936  52584     30
  82126 55036        cutoff          50493.0000    50346.4118  1983363    0.29%  x(c29_4_c41_4) U  82126  47725     34
Elapsed time = 886.35 sec. (1432712.75 ticks, tree = 2029.44 MB, solutions = 1)
* 82264 50004      integral     0    50470.0000    50346.5000  1986354    0.24%
  82322 50026        cutoff          50470.0000    50346.5134  1987485    0.24%   x(c2_4_c41_4) U  82322  82320     33
  82513 50134    50465.5952   316    50470.0000    50346.6667  1991720    0.24%  x(c32_1_c24_1) U  82513  82511     34
  82710 50219    50373.9000   236    50470.0000    50346.8250  1995492    0.24%  x(c39_3_c25_3) N  82710  60653     30
  82900 50285    50353.2105   143    50470.0000    50347.0000  1999078    0.24%  x(c11_5_c40_5) D  82900  58476     38
  83113 50386        cutoff          50470.0000    50347.1250  2003029    0.24%  x(c45_3_c24_3) U  83113  67163     20
  83320 50481    50349.7292   176    50470.0000    50347.2667  2007058    0.24%     x(Op_c40_5) D  83320  30353     21
  83518 50545        cutoff          50470.0000    50347.4298  2010916    0.24%  x(c35_1_c24_1) U  83518  32030     26
  83712 50608    50442.7364   354    50470.0000    50347.6071  2015107    0.24%   x(c29_4_c5_4) U  83712  48303     23
  83915 50699        cutoff          50470.0000    50347.7500  2019030    0.24%  x(c35_1_c42_1) U  83915  83913     26
  84119 50783    50349.2500   392    50470.0000    50347.9035  2022985    0.24%  x(c29_3_c41_3) D  84119  67542     36
Elapsed time = 908.80 sec. (1470956.83 ticks, tree = 1882.18 MB, solutions = 2)
  84249 50834    50348.0000     1    50470.0000    50348.0000  2025424    0.24%     x(Op_c38_1) D  84249  84247     34
  84270 50843    50348.0000     1    50470.0000    50348.0000  2025536    0.24%      x(Op_c8_4) D  84270  84268     46
  84290 50847    50348.0000     1    50470.0000    50348.0000  2025561    0.24%   x(c5_1_c42_1) D  84290  84288     57
* 84295 50601      integral     0    50469.0000    50348.0000  2025570    0.24%   x(c6_1_c18_1) U  84295  84294     60
* 84297 43469      integral     0    50443.0000    50348.0000  2025577    0.19%
  84312 43476    50348.0000     1    50443.0000    50348.0000  2025594    0.19%  x(c12_1_c33_1) U  84312  84311     71
  84331 43481    50348.0000     1    50443.0000    50348.0000  2025614    0.19%   x(c19_1_c6_1) D  84331  84329     81
  84351 43485    50348.0000     1    50443.0000    50348.0000  2025634    0.19%  x(c30_1_c17_1) D  84351  84349     93
* 84361 22249      integral     0    50384.0000    50348.0000  2025639    0.07%
  84369 22253    50348.0000     1    50384.0000    50348.0000  2025640    0.07%   x(c4_2_c35_2) U  84369  84368    105
  84388 22258    50348.0000     1    50384.0000    50348.0000  2025649    0.07%  x(c12_2_c20_2) U  84388  84387    117
  84409 22261    50348.0000     1    50384.0000    50348.0000  2025656    0.07%   x(c26_2_c2_2) D  84409  84407    129
Elapsed time = 925.42 sec. (1507818.53 ticks, tree = 838.93 MB, solutions = 5)
  84429 22265        cutoff          50384.0000    50348.0000  2025664    0.07%   x(c5_3_c25_3) U  84429  84428    142
  84446 22272    50348.0000     1    50384.0000    50348.0000  2025670    0.07%   x(c2_4_c26_4) U  84446  84445    153
  84465 22277    50348.0000     1    50384.0000    50348.0000  2025682    0.07%  x(c13_4_c23_4) D  84465  84463    165
  84483 22285    50348.0000     1    50384.0000    50348.0000  2025698    0.07%   x(c26_4_c4_4) U  84483  84482    178
  84502 22290    50348.0000     1    50384.0000    50348.0000  2025712    0.07%   x(c5_5_c25_5) D  84502  84500    190
  84522 22294    50348.0000     1    50384.0000    50348.0000  2025778    0.07%  x(c11_5_c13_5) D  84522  84520    202
* 84537     0      integral     0    50348.0000    50348.0000  2025823    0.00%

Zero-half cuts applied:  28
User cuts applied:  4506

Root node processing (before b&c):
  Real time             =    0.49 sec. (925.89 ticks)
Sequential b&c:
  Real time             =  935.78 sec. (1534850.84 ticks)
                          ------------
Total (root+branch&cut) =  936.26 sec. (1535776.74 ticks)

