Version identifier: 22.1.0.0 | 2022-03-09 | 1a383f8ce
CPXPARAM_Preprocessing_Reduce                    1
CPXPARAM_Threads                                 1
CPXPARAM_Preprocessing_Reformulations            0
CPXPARAM_Emphasis_MIP                            2
CPXPARAM_TimeLimit                               7200
CPXPARAM_MIP_Tolerances_AbsMIPGap                0.5
CPXPARAM_MIP_Limits_TreeMemory                   26600
Legacy callback                                  BbLUID
         Disabling repeat represolve because of lazy constraint/incumbent callback.
1 of 1 MIP starts provided solutions.
MIP start 'm1' defined initial solution with objective 26486.0000.
Tried aggregator 1 time.
MIP Presolve modified 3090 coefficients.
Reduced MIP has 198 rows, 3186 columns, and 6372 nonzeros.
Reduced MIP has 3186 binaries, 0 generals, 0 SOSs, and 0 indicators.
Presolve time = 0.00 sec. (3.78 ticks)
Probing time = 0.00 sec. (2.82 ticks)
Clique table members: 198.
MIP emphasis: optimality.
MIP search method: traditional branch-and-cut.
Parallel mode: none, using 1 thread.
Root relaxation solution time = 0.00 sec. (1.61 ticks)

        Nodes                                         Cuts/
   Node  Left     Objective  IInf  Best Integer    Best Bound    ItCnt     Gap         Variable B NodeID Parent  Depth

*     0+    0                        26486.0000        0.0000           100.00%
      0     0    24224.0000    58    26486.0000    21419.0000       87   19.13%
      0     0    24526.5000   104    26486.0000      Cuts: 29      124    7.40%
      0     0    25212.2500    53    26486.0000      Cuts: 28      193    4.81%
      0     0    25525.5000    44    26486.0000      Cuts: 14      230    3.63%
      0     0    25550.5000    72    26486.0000       Cuts: 8      240    3.53%
      0     0    25749.5000    14    26486.0000      Cuts: 12      248    2.78%
      0     0    25859.5000    50    26486.0000      Cuts: 10      261    2.37%
      0     0    25859.5000   150    26486.0000      Cuts: 10      274    2.37%
      0     0    25880.0000   125    26486.0000   ZeroHalf: 6      292    2.29%
      0     0    25883.0000    66    26486.0000   ZeroHalf: 8      295    2.28%
      0     0    25883.0000   138    26486.0000      Cuts: 12      297    2.28%
      0     2    25883.0000   198    26486.0000    25883.0000      297    2.28%                        0             0
Elapsed time = 0.26 sec. (518.84 ticks, tree = 0.01 MB, solutions = 1)
     38    32    25946.2500    74    26486.0000    25885.0000      777    2.27%  x(c13_1_c11_1) D     38     37     11
    100    89    25920.5000   138    26486.0000    25917.8333     1794    2.15%  x(c31_2_c38_2) D    100     98      8
    165   152    25958.5000    53    26486.0000    25945.0000     3101    2.04%  x(c20_2_c33_2) D    165    164     11
    221   208    26037.1250   130    26486.0000    25960.0000     4993    1.99%  x(c20_2_c33_2) U    221    127      8
    284   270    26072.5000   134    26486.0000    25972.3333     6584    1.94%   x(c8_3_c22_3) N    284    178      7
    339   325    26053.3125   125    26486.0000    25981.0000     8507    1.91%  x(c11_1_c13_1) N    339    229     16
    409   395    26002.6000    70    26486.0000    25990.0000    10111    1.87%   x(c31_1_c9_1) D    409    408     13
    468   453    26000.2564   120    26486.0000    25996.5000    11699    1.85%     x(c23_3_Om) D    468    467     28
    524   509    26207.0000    40    26486.0000    26002.8333    13185    1.82%     x(c15_1_Om) U    524    523     15
    780   764    26066.5000    84    26486.0000    26025.0000    19016    1.74%  x(c20_1_c43_1) D    780    271     10
Elapsed time = 3.12 sec. (3645.76 ticks, tree = 4.85 MB, solutions = 1)
   1010   991    26091.5769    76    26486.0000    26038.5000    25050    1.69%   x(c3_1_c41_1) N   1010    613     22
   1270  1243    26205.1471   103    26486.0000    26047.8000    30182    1.65%  x(c25_3_c48_3) N   1270   1076     16
   1480  1451    26055.1250    57    26486.0000    26054.5000    35164    1.63%  x(c25_1_c13_1) D   1480    933     14
   1696  1666    26095.2500   102    26486.0000    26060.3333    40378    1.61%  x(c14_1_c23_1) D   1696    339     17
   1910  1878    26075.1250    76    26486.0000    26067.3333    45097    1.58%  x(c23_3_c47_3) N   1910   1509     15
   2092  2045    26340.9444   165    26486.0000    26069.7500    48878    1.57%  x(c38_3_c12_3) D   2092   2091     59
   2278  2217    26090.8750   107    26486.0000    26073.7681    53671    1.56%   x(c3_1_c41_1) D   2278    975     14
   2486  2425    26199.7250   173    26486.0000    26078.1429    57926    1.54%  x(c47_2_c12_2) U   2486   1325     10
   2687  2621    26332.5000   164    26486.0000    26081.5357    62868    1.53%   x(c16_2_c8_2) N   2687   2337     34
   2886  2819    26201.5714    77    26486.0000    26084.6875    67498    1.52%  x(c48_1_c24_1) U   2886   2462     18
Elapsed time = 9.76 sec. (13234.59 ticks, tree = 23.25 MB, solutions = 1)
   3074  3005    26380.3125   115    26486.0000    26088.0000    72238    1.50%  x(c11_1_c47_1) U   3074   3072     28
   3260  3184    26099.7500   161    26486.0000    26090.6667    76893    1.49%  x(c44_2_c38_2) D   3260    171      9
   3433  3353    26178.7778   163    26486.0000    26093.0000    81162    1.48%     x(Op_c22_3) N   3433   1928     15
   3607  3525    26108.8000    69    26486.0000    26095.8333    85636    1.47%  x(c47_2_c12_2) U   3607   2638     17
   3770  3688    26102.2500    90    26486.0000    26098.6667    89373    1.46%   x(c11_1_c3_1) D   3770   2738     17
   3935  3849    26112.5000   120    26486.0000    26100.8333    93344    1.45%  x(c23_3_c12_3) D   3935   3041     16
   4105  4009    26134.6667    85    26486.0000    26102.7092    97224    1.45%  x(c46_1_c12_1) D   4105   2531     18
   4271  4174    26145.7500    76    26486.0000    26105.0000   101306    1.44%  x(c11_1_c47_1) D   4271   1381     21
   4434  4331    26124.2231    97    26486.0000    26107.3571   105435    1.43%  x(c23_3_c47_3) D   4434   2122     16
   4587  4480    26124.6667    76    26486.0000    26109.5000   109329    1.42%  x(c13_1_c23_1) U   4587   4585     32
Elapsed time = 15.86 sec. (22805.28 ticks, tree = 41.42 MB, solutions = 1)
   4738  4624    26193.1000   114    26486.0000    26111.3500   113490    1.41%  x(c14_1_c23_1) D   4738   3372     16
   4898  4780    26151.6667   158    26486.0000    26113.0000   117114    1.41%  x(c20_1_c43_1) U   4898   4481     12
   5041  4916    26364.5000    88    26486.0000    26114.5000   121478    1.40%  x(c48_3_c25_3) U   5041   2853     24
   5165  5036    26321.6111    92    26486.0000    26116.0000   126504    1.40%  x(c13_1_c25_1) U   5165   3607     18
   5323  5190    26224.3500    86    26486.0000    26118.0000   130467    1.39%  x(c23_3_c47_3) U   5323   1564     15
   5476  5339    26163.8333   120    26486.0000    26119.8393   134703    1.38%  x(c23_3_c12_3) U   5476   4602     19
   5653  5515    26212.1250   144    26486.0000    26121.7368   138190    1.38%  x(c14_1_c23_1) U   5653   5651     25
   5785  5643    26242.6000   109    26486.0000    26123.0000   142461    1.37%  x(c23_3_c47_3) U   5785   2241     14
   5945  5794    26189.4342   121    26486.0000    26124.0000   145957    1.37%  x(c38_3_c22_3) D   5945   5944     45
   6126  5944    26124.7692   141    26486.0000    26124.8125   149092    1.36%  x(c32_3_c25_3) D   6126   5070     19
Elapsed time = 21.33 sec. (32389.93 ticks, tree = 58.77 MB, solutions = 1)
   6250  6059    26149.0000    96    26486.0000    26126.0000   153377    1.36%  x(c32_3_c25_3) D   6250   4655     14
   6396  6203    26218.0000   148    26486.0000    26127.3421   157017    1.35%   x(c29_2_c2_2) U   6396   6395      8
   6541  6342    26381.3333   164    26486.0000    26128.6667   160788    1.35%  x(c32_3_c48_3) U   6541   2046     19
*  6600+ 6108                        26390.0000    26129.0250             0.99%
   6712  6217    26135.2143   152    26390.0000    26129.9630   164231    0.99%  x(c47_2_c32_2) D   6712   4885     41
   6875  6357        cutoff          26390.0000    26131.0000   168046    0.98%  x(c47_2_c40_2) U   6875   4823     25
   7062  6519    26221.5000   130    26390.0000    26132.0000   171238    0.98%  x(c44_2_c38_2) U   7062    242      7
   7235  6673    26140.5811   142    26390.0000    26133.0735   174677    0.97%  x(c25_3_c48_3) D   7235   5676     20
   7417  6817    26358.4167   124    26390.0000    26134.0000   177835    0.97%  x(c44_2_c30_2) D   7417   7416     64
   7601  6965    26144.6949   168    26390.0000    26135.0769   181228    0.97%  x(c20_1_c43_1) U   7601   7599     19
   7752  7081    26170.0000    89    26390.0000    26136.0000   185212    0.96%  x(c47_2_c12_2) D   7752   2785     18
Elapsed time = 26.71 sec. (41958.52 ticks, tree = 73.77 MB, solutions = 2)
   7951  7239    26379.0000    36    26390.0000    26136.9835   188684    0.96%  x(c48_3_c25_3) U   7951   5505     28
   8110  7355    26157.5000    76    26390.0000    26137.5000   192199    0.96%  x(c11_1_c47_1) U   8110   6740     26
   8263  7471    26229.8627   136    26390.0000    26138.0000   195088    0.95%  x(c15_1_c47_1) U   8263    561     17
   8465  7644        cutoff          26390.0000    26138.7500   198560    0.95%  x(c14_3_c32_3) U   8465   7838     32
   8631  7772    26293.3359   166    26390.0000    26139.7500   202431    0.95%      x(c3_1_Om) U   8631   8573     33
   8800  7893    26140.6667   111    26390.0000    26140.6500   206049    0.94%     x(Op_c38_3) D   8800   7584     18
   8989  8037        cutoff          26390.0000    26141.5000   209126    0.94%  x(c32_3_c48_3) U   8989   1608     17
   9181  8186    26245.6500    94    26390.0000    26142.6000   212283    0.94%  x(c48_3_c25_3) U   9181   7304     24
   9354  8320    26240.5000   118    26390.0000    26143.5000   215733    0.93%  x(c20_1_c12_1) N   9354   3025     29
   9541  8462    26170.0000    40    26390.0000    26144.3000   218779    0.93%   x(c46_1_c9_1) U   9541   8149     51
Elapsed time = 32.14 sec. (51619.08 ticks, tree = 92.12 MB, solutions = 2)
   9697  8583        cutoff          26390.0000    26145.2000   222321    0.93%   x(c42_2_c2_2) U   9697   9695     18
   9865  8716        cutoff          26390.0000    26146.0000   225721    0.92%  x(c12_2_c40_2) U   9865   9863     31
  10025  8833    26258.7500   109    26390.0000    26146.9167   229039    0.92%  x(c23_3_c12_3) U  10025   9389     34
  10198  8976    26158.0417   109    26390.0000    26147.7760   232134    0.92%  x(c44_2_c38_2) D  10198  10197     14
  10337  9098    26264.2750   111    26390.0000    26148.2500   235929    0.92%  x(c23_3_c47_3) U  10337   9979     14
  10489  9217    26253.0000    78    26390.0000    26149.0000   239320    0.91%   x(c31_1_c9_1) U  10489   9428     28
  10656  9340    26256.7955   192    26390.0000    26149.5333   242521    0.91%     x(Op_c38_2) U  10656    693     17
  10809  9462    26290.3462   147    26390.0000    26150.1667   245747    0.91%  x(c47_2_c20_2) U  10809   4701     25
  10981  9594    26245.6111    97    26390.0000    26151.0000   248796    0.91%  x(c33_2_c20_2) N  10981  10124     52
  11146  9723        cutoff          26390.0000    26151.8421   252001    0.90%  x(c13_1_c25_1) N  11146  11141     41
Elapsed time = 37.36 sec. (61187.28 ticks, tree = 109.37 MB, solutions = 2)
  11314  9865    26275.1250    69    26390.0000    26152.5000   255042    0.90%   x(c48_2_c2_2) U  11314   9295     13
  11496 10008        cutoff          26390.0000    26153.0000   257991    0.90%   x(c9_1_c31_1) U  11496  11494     17
  11659 10121    26155.0833   130    26390.0000    26153.8796   261403    0.89%  x(c47_1_c11_1) D  11659   9585     18
  11823 10249    26155.0000    80    26390.0000    26154.5000   264743    0.89%   x(c10_2_c2_2) D  11823   7626     19
  11982 10368    26208.0833    80    26390.0000    26155.2500   267500    0.89%     x(Op_c40_1) U  11982   5288     19
  12118 10471    26179.8714   170    26390.0000    26155.8750   270794    0.89%  x(c20_1_c36_1) D  12118   8228     12
  12284 10588    26261.8333   145    26390.0000    26156.4227   273865    0.89%  x(c20_1_c36_1) U  12284  12282     17
  12445 10702    26291.0000   107    26390.0000    26157.0000   277151    0.88%  x(c23_3_c12_3) U  12445  12443     26
  12600 10803    26274.0000    86    26390.0000    26157.6250   280295    0.88%   x(c31_1_c9_1) U  12600  12598     25
  12757 10931    26219.0000    38    26390.0000    26158.3333   283516    0.88%  x(c25_3_c21_3) U  12757  10130     27
Elapsed time = 42.53 sec. (70836.70 ticks, tree = 126.60 MB, solutions = 2)
  12915 11055        cutoff          26390.0000    26159.0000   286716    0.88%  x(c21_3_c12_3) U  12915   3414     21
  13088 11183    26202.3077   153    26390.0000    26159.5000   289779    0.87%  x(c13_1_c25_1) D  13088   8649     29
  13240 11295    26161.1667   125    26390.0000    26160.2444   292804    0.87%  x(c15_3_c22_3) D  13240   8260     21
  13396 11411    26359.5000    88    26390.0000    26160.8000   296140    0.87%  x(c25_3_c47_3) U  13396   9777     22
  13565 11540    26249.3889    70    26390.0000    26161.2500   298861    0.87%  x(c23_1_c47_1) D  13565  13563     54
  13724 11652    26258.4000    78    26390.0000    26161.7708   301713    0.86%  x(c48_3_c25_3) U  13724   4681     38
  13882 11772    26162.8000    82    26390.0000    26162.3261   304651    0.86%  x(c25_3_c47_3) D  13882  13141     23
  14040 11888    26175.5000    50    26390.0000    26162.8039   307491    0.86%  x(c12_2_c40_2) D  14040   2612     37
  14190 11988    26163.4737   147    26390.0000    26163.5000   310562    0.86%  x(c32_3_c25_3) D  14190  13013     17
  14344 12108    26318.7000    99    26390.0000    26164.0000   313692    0.86%  x(c20_1_c43_1) D  14344  14342     13
Elapsed time = 47.68 sec. (80403.83 ticks, tree = 143.80 MB, solutions = 2)
  14482 12196    26166.6474   158    26390.0000    26164.6250   316790    0.85%  x(c23_3_c12_3) D  14482  12999     18
  14636 12310        cutoff          26390.0000    26165.0000   319772    0.85%  x(c48_3_c25_3) U  14636   6865     20
  14802 12422        cutoff          26390.0000    26165.5882   322372    0.85%   x(c48_2_c2_2) U  14802  14800     20
  14937 12525        cutoff          26390.0000    26166.0000   325522    0.85%  x(c32_3_c25_3) U  14937  14935     32
  15098 12656    26231.5000    52    26390.0000    26166.5000   328381    0.85%  x(c13_1_c11_1) U  15098   4596     24
  15236 12753    26167.0000    95    26390.0000    26167.0000   331303    0.85%   x(c14_2_c3_2) D  15236   6080     19
  15380 12852    26204.2500   111    26390.0000    26167.5000   334213    0.84%  x(c29_2_c34_2) U  15380  13619     34
  15545 12969    26234.5000    50    26390.0000    26168.1000   337476    0.84%  x(c12_2_c40_2) U  15545  14003     36
  15698 13087    26293.3333   172    26390.0000    26168.5000   340819    0.84%   x(c29_2_c2_2) U  15698   1770      8
  16320 13534    26350.3889   115    26390.0000    26170.5000   352102    0.83%  x(c25_3_c48_3) N  16320  16318     17
Elapsed time = 54.24 sec. (92841.93 ticks, tree = 165.11 MB, solutions = 2)
  16926 13932    26388.7500    73    26390.0000    26172.0000   363059    0.83%  x(c25_3_c48_3) D  16926  16925     48
  17524 14360    26179.7500    49    26390.0000    26173.8333   374443    0.82%  x(c12_1_c40_1) D  17524  14912     34
  18096 14728        cutoff          26390.0000    26175.5000   385337    0.81%  x(c20_2_c13_2) U  18096  12162     21
  18660 15098        cutoff          26390.0000    26177.2500   396708    0.81%   x(c22_3_c8_3) U  18660  16093     36
  19253 15521    26198.8250   179    26390.0000    26178.7875   407439    0.80%  x(c20_1_c43_1) D  19253  10849     11
  19852 15912    26227.5000    30    26390.0000    26180.2917   418430    0.79%  x(c25_1_c13_1) U  19852  18190     33
  20393 16257    26183.0000    37    26390.0000    26182.0000   429393    0.79%  x(c25_3_c47_3) D  20393  16773     32
  20991 16669        cutoff          26390.0000    26183.3333   439690    0.78%  x(c25_3_c48_3) U  20991  20989     21
  21531 17025    26186.7031   163    26390.0000    26184.8143   450267    0.78%  x(c38_3_c22_3) D  21531  19500     35
* 21824 14281      integral     0    26332.0000    26185.5000   455275    0.56%
  22095 14391    26186.3750    90    26332.0000    26186.3750   459987    0.55%  x(c48_3_c32_3) N  22095  21074     16
Elapsed time = 73.89 sec. (131025.52 ticks, tree = 188.19 MB, solutions = 3)
  22641 14670    26203.7500    86    26332.0000    26187.6250   470215    0.55%  x(c11_1_c25_1) D  22641  17835     25
  23244 14954    26189.2500    81    26332.0000    26189.0000   479285    0.54%  x(c46_1_c12_1) D  23244  23243     42
  23830 15264    26190.5600   111    26332.0000    26190.3333   488637    0.54%   x(c8_3_c22_3) D  23830  21932     18
  24403 15524        cutoff          26332.0000    26191.6667   498540    0.53%   x(c9_1_c44_1) U  24403  21567     26
  24983 15769    26192.9333   193    26332.0000    26192.9375   507555    0.53%     x(Op_c40_1) D  24983  18737     29
  25561 15990        cutoff          26332.0000    26194.2949   516513    0.52%  x(c12_3_c22_3) U  25561  19151     15
  26138 16254    26326.8750   116    26332.0000    26195.5000   525482    0.52%  x(c14_1_c23_1) D  26138  26136     33
  26720 16532    26204.7105   142    26332.0000    26196.6667   534682    0.51%  x(c21_3_c20_3) D  26720   2961     15
  27300 16807        cutoff          26332.0000    26197.8301   544142    0.51%   x(c8_2_c38_2) U  27300  23142     18
  27899 17070    26271.2500    84    26332.0000    26199.0000   553189    0.51%  x(c25_2_c32_2) D  27899  24496     27
Elapsed time = 92.94 sec. (169214.73 ticks, tree = 234.22 MB, solutions = 3)
  28446 17318    26213.0000    42    26332.0000    26200.0000   563418    0.50%  x(c12_2_c40_2) D  28446   5203     26
  29068 17564    26245.0000    48    26332.0000    26201.2333   573119    0.50%  x(c25_1_c13_1) U  29068  25237     23
  29668 17770        cutoff          26332.0000    26202.4231   582742    0.49%  x(c47_1_c11_1) U  29668  25600     31
  30316 18056    26204.3333    92    26332.0000    26203.7051   591864    0.49%   x(c10_2_c2_2) D  30316  30315     28
  30961 18313    26204.8667   135    26332.0000    26204.8750   600478    0.48%  x(c21_3_c20_3) D  30961   2855     15
  31555 18568        cutoff          26332.0000    26205.9167   610212    0.48%  x(c25_3_c48_3) U  31555  24359     14
  32150 18802    26216.0000    34    26332.0000    26207.0000   619220    0.47%   x(c3_1_c13_1) D  32150  32148     35
  32760 19066        cutoff          26332.0000    26207.9333   628486    0.47%  x(c42_2_c48_2) U  32760  32280     23
  33356 19298    26217.5804   148    26332.0000    26208.8542   637563    0.47%  x(c12_2_c47_2) D  33356  31841     44
  33968 19503    26219.0000    62    26332.0000    26209.8750   645662    0.46%  x(c25_3_c47_3) D  33968  33967     24
Elapsed time = 112.05 sec. (207401.03 ticks, tree = 277.40 MB, solutions = 3)
  34533 19729    26221.8625   135    26332.0000    26211.0000   655043    0.46%  x(c14_1_c39_1) D  34533  34532     23
  35140 19905        cutoff          26332.0000    26212.0000   663885    0.46%  x(c25_3_c47_3) U  35140  17379     26
  35722 20123    26216.2843   131    26332.0000    26213.0000   672541    0.45%  x(c25_3_c32_3) D  35722  30641     13
  36358 20364    26213.9412   116    26332.0000    26213.9487   681776    0.45%  x(c29_3_c25_3) D  36358  16155     48
  36962 20621    26320.5000    64    26332.0000    26215.0000   689938    0.44%  x(c25_3_c32_3) U  36962   5752     19
  37546 20833    26296.3333   124    26332.0000    26215.8333   698099    0.44%  x(c12_1_c40_1) U  37546   8548     25
  38050 20975        cutoff          26332.0000    26216.5455   706302    0.44%  x(c38_3_c22_3) U  38050  17188     15
  38536 21131    26307.5000    60    26332.0000    26217.5000   715225    0.43%  x(c12_1_c46_1) U  38536  32125     28
  39074 21319    26304.0000    70    26332.0000    26218.2500   723350    0.43%  x(c29_2_c34_2) U  39074  39072     25
  39618 21526    26295.3333    95    26332.0000    26219.0909   731453    0.43%  x(c25_3_c48_3) U  39618  31545     20
Elapsed time = 130.66 sec. (245587.99 ticks, tree = 315.57 MB, solutions = 3)
  40187 21728    26232.5000   114    26332.0000    26220.0000   738691    0.43%  x(c48_3_c25_3) D  40187   7445     27
  40746 21940    26242.1905   117    26332.0000    26220.8594   746424    0.42%  x(c22_3_c15_3) D  40746  19963     23
  41312 22154    26232.5625   158    26332.0000    26221.7083   753791    0.42%  x(c48_2_c25_2) D  41312  39993     47
  41864 22341    26224.0000   110    26332.0000    26222.5000   761239    0.42%  x(c25_3_c47_3) D  41864  40548     27
  42417 22539    26231.6667    71    26332.0000    26223.2273   769067    0.41%  x(c33_2_c20_2) D  42417  38139     26
  42980 22708    26234.7000    74    26332.0000    26224.0000   776127    0.41%   x(c14_1_c3_1) D  42980  22348     39
  43523 22861        cutoff          26332.0000    26224.8750   783562    0.41%  x(c15_3_c22_3) U  43523  43520     63
  44035 23032    26320.0095   143    26332.0000    26225.5417   790803    0.40%  x(c25_3_c48_3) U  44035  18478     17
  44553 23190    26308.7000    74    26332.0000    26226.3333   797656    0.40%  x(c23_3_c12_3) U  44553   4477     28
  45057 23304    26284.5000    48    26332.0000    26227.0000   805267    0.40%  x(c48_2_c25_2) N  45057  45055     34
Elapsed time = 148.91 sec. (283783.27 ticks, tree = 350.97 MB, solutions = 3)
  45574 23479        cutoff          26332.0000    26227.6667   813167    0.40%  x(c22_3_c15_3) U  45574  25989     24
  46084 23609        cutoff          26332.0000    26228.4565   820447    0.39%  x(c15_3_c22_3) U  46084  36000     30
  46619 23773    26260.9375   128    26332.0000    26229.0000   827646    0.39%  x(c23_1_c25_1) D  46619  42730     27
  47150 23965    26240.5000   109    26332.0000    26229.6667   835198    0.39%  x(c25_2_c32_2) D  47150  47148     29
  47707 24136    26231.3395   109    26332.0000    26230.3889   842479    0.39%  x(c11_1_c13_1) D  47707  47706     28
  48190 24260    26253.5000    52    26332.0000    26231.0000   850229    0.38%  x(c12_1_c20_1) D  48190  43259     43
  48732 24402        cutoff          26332.0000    26231.5000   856644    0.38%  x(c21_3_c25_3) U  48732  36838     27
  49255 24522        cutoff          26332.0000    26232.2500   863313    0.38%     x(Op_c40_1) U  49255  45555     21
  49770 24649        cutoff          26332.0000    26233.0000   870341    0.38%  x(c47_1_c23_1) U  49770  35006     24
  50314 24789    26327.3750   117    26332.0000    26233.5000   876837    0.37%   x(c48_2_c2_2) U  50314  30609     24
Elapsed time = 166.91 sec. (321955.30 ticks, tree = 382.21 MB, solutions = 3)
  50864 24969    26234.1111   116    26332.0000    26234.1111   883463    0.37%  x(c47_2_c32_2) D  50864  48780     24
  51370 25106    26321.8462    88    26332.0000    26234.8333   889961    0.37%  x(c21_3_c25_3) U  51370  21595     22
  51884 25232    26280.0093    92    26332.0000    26235.5000   896979    0.37%   x(c42_2_c2_2) D  51884  25190     20
  52412 25358    26236.2857   113    26332.0000    26236.0625   903259    0.36%  x(c48_2_c24_2) D  52412  17523     16
  52911 25493    26244.2500   107    26332.0000    26236.7188   909738    0.36%  x(c20_1_c11_1) D  52911  52910     41
  53436 25587    26255.0172   134    26332.0000    26237.2857   916314    0.36%  x(c39_1_c47_1) D  53436  53435     49
  53986 25730        cutoff          26332.0000    26237.7500   922716    0.36%  x(c38_3_c22_3) U  53986  33006     32
  54485 25830    26279.6979   139    26332.0000    26238.3333   929069    0.36%  x(c12_1_c20_1) U  54485  44853     20
  54957 25943        cutoff          26332.0000    26238.8333   936459    0.35%  x(c12_1_c20_1) U  54957  40170     57
  55446 26063        cutoff          26332.0000    26239.4583   943460    0.35%  x(c22_3_c15_3) U  55446  49433     32
Elapsed time = 184.52 sec. (360167.81 ticks, tree = 410.44 MB, solutions = 3)
  55955 26167        cutoff          26332.0000    26240.0000   949731    0.35%  x(c12_2_c40_2) D  55955   2298     19
  56448 26298    26271.8762   143    26332.0000    26240.5000   956576    0.35%  x(c47_1_c11_1) U  56448  56446     32
  56899 26426        cutoff          26332.0000    26241.0000   964339    0.35%  x(c25_3_c34_3) U  56899  51711     40
  57376 26523    26241.5500    99    26332.0000    26241.5526   970912    0.34%  x(c48_2_c24_2) D  57376  54079     27
  57871 26587    26258.8000   124    26332.0000    26242.0714   977267    0.34%   x(c31_1_c9_1) D  57871  57870     33
  58340 26678        cutoff          26332.0000    26242.7000   983854    0.34%  x(c23_1_c40_1) U  58340  56983     37
  58820 26763    26243.5000    79    26332.0000    26243.2500   990515    0.34%  x(c25_3_c48_3) D  58820  56114     24
  59312 26870    26255.5714   129    26332.0000    26243.8554   997133    0.33%  x(c12_1_c20_1) D  59312  29358     18
  59814 26960    26244.3750   131    26332.0000    26244.3750  1002812    0.33%  x(c47_2_c32_2) N  59814  50874     34
  60316 27062        cutoff          26332.0000    26244.9500  1008627    0.33%  x(c32_3_c25_3) U  60316  49115     24
Elapsed time = 202.05 sec. (398364.94 ticks, tree = 434.04 MB, solutions = 3)
  60810 27176    26245.9375    88    26332.0000    26245.4653  1014882    0.33%  x(c47_2_c20_2) D  60810  59395     32
  61250 27233    26247.3333   103    26332.0000    26246.0000  1020852    0.33%  x(c25_1_c13_1) D  61250  61249     35
  61722 27326        cutoff          26332.0000    26246.5000  1026928    0.32%  x(c12_1_c47_1) U  61722  24777     33
  62224 27431    26296.1667   121    26332.0000    26247.0000  1033154    0.32%  x(c11_1_c47_1) U  62224  45247     24
  62729 27526        cutoff          26332.0000    26247.5000  1038843    0.32%  x(c31_2_c38_2) D  62729  55636     14
  63208 27618    26312.5000    77    26332.0000    26248.0282  1044755    0.32%  x(c38_2_c40_2) N  63208  45506     39
  63704 27717    26261.3252   167    26332.0000    26248.6667  1050693    0.32%  x(c47_2_c32_2) D  63704  52029     41
  64182 27809    26313.1667    90    26332.0000    26249.1667  1056548    0.31%  x(c25_3_c48_3) U  64182  51784     33
  64699 27879    26253.9825   140    26332.0000    26249.7152  1062324    0.31%  x(c14_1_c23_1) D  64699  60487     42
  65160 27950        cutoff          26332.0000    26250.1250  1068683    0.31%  x(c20_2_c33_2) U  65160  55369     25
Elapsed time = 219.63 sec. (436570.75 ticks, tree = 456.16 MB, solutions = 3)
  65634 28063        cutoff          26332.0000    26250.6250  1074958    0.31%  x(c47_2_c32_2) U  65634  17224     30
  66150 28115    26253.1667    97    26332.0000    26251.1667  1080502    0.31%  x(c21_3_c25_3) D  66150  46618     31
  66621 28183    26251.6667    87    26332.0000    26251.6667  1086294    0.31%  x(c48_3_c32_3) D  66621  59298     33
  67104 28269    26254.0833    57    26332.0000    26252.0667  1091622    0.30%  x(c12_1_c46_1) D  67104  67103     47
  67584 28351    26255.6500   102    26332.0000    26252.5833  1097113    0.30%  x(c12_2_c40_2) D  67584  52201     29
  68061 28453    26264.0000   118    26332.0000    26253.0000  1102680    0.30%  x(c13_1_c11_1) N  68061  65340     35
  68495 28521        cutoff          26332.0000    26253.5000  1108600    0.30%  x(c12_2_c13_2) U  68495  42837     19
  68955 28587        cutoff          26332.0000    26254.0000  1114409    0.30%  x(c14_1_c11_1) U  68955  34165     35
  69400 28636    26281.8750    63    26332.0000    26254.4375  1120355    0.29%  x(c12_1_c47_1) D  69400  15888     20
  69878 28717    26257.7500    88    26332.0000    26254.9062  1126031    0.29%  x(c12_2_c40_2) D  69878  65784     26
Elapsed time = 236.88 sec. (474830.89 ticks, tree = 476.30 MB, solutions = 3)
  70376 28801    26255.3333    56    26332.0000    26255.3333  1130930    0.29%  x(c13_1_c25_1) N  70376  70375     30
  70824 28849        cutoff          26332.0000    26255.7500  1136295    0.29%   x(c9_1_c31_1) D  70824  70823     15
  71271 28887    26274.8372   146    26332.0000    26256.1500  1141832    0.29%  x(c23_1_c25_1) D  71271  14865     21
  71735 28973    26257.8333   140    26332.0000    26256.5357  1147614    0.29%  x(c39_1_c13_1) D  71735  67845     36
  72195 29030    26259.2500    44    26332.0000    26257.0000  1152845    0.28%  x(c23_3_c12_3) D  72195  24741     32
  72628 29093    26269.8429    84    26332.0000    26257.4500  1158447    0.28%  x(c12_1_c20_1) D  72628  56298     55
  73086 29161    26309.3333    70    26332.0000    26257.8333  1163435    0.28%  x(c27_3_c20_3) D  73086  73085     61
  73505 29191    26262.5135   129    26332.0000    26258.1818  1169396    0.28%  x(c14_1_c48_1) D  73505  73504     53
  73921 29224        cutoff          26332.0000    26258.5833  1174970    0.28%   x(c42_2_c2_2) D  73921  19868     17
  74411 29276        cutoff          26332.0000    26259.0000  1179906    0.28%   x(c10_2_c2_2) U  74411  35690     27
Elapsed time = 253.78 sec. (513000.12 ticks, tree = 492.50 MB, solutions = 3)
  74866 29358        cutoff          26332.0000    26259.5000  1185083    0.28%  x(c48_2_c14_2) U  74866  73733     25
  75318 29387        cutoff          26332.0000    26259.8750  1190772    0.27%  x(c13_1_c25_1) D  75318  61594     31
  75752 29401    26260.5000    52    26332.0000    26260.3000  1195658    0.27%  x(c46_1_c40_1) D  75752  60329     36
  76168 29432    26272.0000    76    26332.0000    26260.6154  1201204    0.27%   x(c31_1_c9_1) D  76168  29149     31
  76607 29471        cutoff          26332.0000    26261.0000  1206472    0.27%  x(c12_2_c40_2) U  76607  72875     23
  77021 29535        cutoff          26332.0000    26261.4500  1211849    0.27%  x(c13_1_c25_1) D  77021  24001     24
  77464 29564        cutoff          26332.0000    26261.8158  1216791    0.27%   x(c14_2_c3_2) U  77464  68637     47
  77906 29596    26272.7857   109    26332.0000    26262.1667  1221527    0.27%   x(c31_1_c9_1) D  77906  28340     50
  78340 29615    26307.3851   123    26332.0000    26262.5556  1226807    0.26%  x(c25_3_c32_3) D  78340  12246     14
  78783 29648    26283.1875   187    26332.0000    26263.0000  1231802    0.26%  x(c21_3_c25_3) D  78783  12576     14
Elapsed time = 270.47 sec. (551210.27 ticks, tree = 505.73 MB, solutions = 3)
  79213 29664    26264.5000    74    26332.0000    26263.3750  1236333    0.26%  x(c23_3_c47_3) D  79213  15798     23
  79645 29702        cutoff          26332.0000    26263.7500  1241618    0.26%  x(c47_3_c32_3) U  79645  27359     19
  80049 29723        cutoff          26332.0000    26264.0000  1247332    0.26%  x(c48_2_c24_2) U  80049  79341     32
  80492 29760    26272.3333    67    26332.0000    26264.5000  1252494    0.26%  x(c47_2_c32_2) D  80492  71432     29
  80934 29808    26266.0000   113    26332.0000    26264.8889  1257736    0.25%  x(c38_2_c40_2) U  80934  50906     32
  81354 29818    26265.2000    93    26332.0000    26265.2000  1263411    0.25%  x(c39_1_c14_1) N  81354  45599     32
  81762 29828        cutoff          26332.0000    26265.5789  1268751    0.25%   x(c10_2_c2_2) U  81762  63675     21
  82189 29847    26313.2500    76    26332.0000    26266.0000  1273667    0.25%  x(c34_2_c25_2) D  82189  11773     41
  82618 29867    26266.5083   139    26332.0000    26266.3667  1278435    0.25%  x(c48_2_c24_2) D  82618  79835     36
  83061 29884    26271.7727   144    26332.0000    26266.7073  1283071    0.25%  x(c32_3_c25_3) D  83061  79694     18
Elapsed time = 287.42 sec. (589413.19 ticks, tree = 516.78 MB, solutions = 3)
  83507 29905        cutoff          26332.0000    26267.0167  1287503    0.25%  x(c48_3_c25_3) U  83507  63676     22
  83912 29888    26293.8333    59    26332.0000    26267.5000  1291914    0.24%  x(c12_3_c23_3) D  83912  83910     45
  84346 29913    26291.5172    84    26332.0000    26267.8571  1296205    0.24%  x(c46_1_c12_1) D  84346  17175     19
  84770 29921    26274.5833    73    26332.0000    26268.2031  1300898    0.24%  x(c42_2_c48_2) D  84770   8486     27
  85194 29937    infeasible          26332.0000    26268.5625  1305212    0.24%   x(c3_1_c41_1) U  85194  79222     30
  85624 29961        cutoff          26332.0000    26269.0000  1310323    0.24%   x(c3_2_c14_2) U  85624  50732     30
  86037 29970        cutoff          26332.0000    26269.2969  1315082    0.24%  x(c47_2_c12_2) U  86037  55899     33
  86439 29940        cutoff          26332.0000    26269.6667  1319454    0.24%   x(c2_2_c45_2) D  86439  24755     18
  86835 29959        cutoff          26332.0000    26270.0000  1325034    0.24%  x(c23_1_c47_1) D  86835  86834     31
  87270 29929    26270.4561   119    26332.0000    26270.3333  1329401    0.23%  x(c20_1_c40_1) D  87270  87269     68
Elapsed time = 304.40 sec. (627615.84 ticks, tree = 524.09 MB, solutions = 3)
  87686 29918    26288.0000   124    26332.0000    26270.6667  1334332    0.23%  x(c12_2_c40_2) D  87686  59268     41
  88108 29917    26325.5000    63    26332.0000    26271.0000  1338537    0.23%  x(c23_3_c12_3) U  88108  25727     23
  88534 29923    26272.6950   136    26332.0000    26271.3967  1342968    0.23%  x(c48_2_c42_2) D  88534  68834     40
  88942 29909        cutoff          26332.0000    26271.7500  1347514    0.23%  x(c29_3_c42_3) U  88942  81898     25
  89345 29925        cutoff          26332.0000    26272.0000  1352146    0.23%  x(c33_2_c47_2) U  89345  65062     26
  89749 29920        cutoff          26332.0000    26272.4583  1357079    0.23%  x(c47_2_c32_2) U  89749  39551     23
  90132 29900    26277.2500    64    26332.0000    26272.7500  1362048    0.23%   x(c14_1_c3_1) D  90132  48644     35
  90548 29905    26306.8491   152    26332.0000    26273.0351  1366030    0.22%  x(c47_1_c12_1) D  90548  90547     42
  90978 29914    26284.0000    57    26332.0000    26273.5000  1370059    0.22%  x(c12_1_c13_1) D  90978  66474     44
  91405 29942        cutoff          26332.0000    26273.8333  1374475    0.22%  x(c11_1_c47_1) U  91405  85813     44
Elapsed time = 321.07 sec. (665817.19 ticks, tree = 530.45 MB, solutions = 3)
  91826 29918    26288.2500    60    26332.0000    26274.1667  1378942    0.22%  x(c48_2_c25_2) D  91826  80647     24
  92254 29915    26298.5000   114    26332.0000    26274.5000  1382793    0.22%  x(c13_1_c23_1) D  92254  78646     43
  92680 29912    26290.0000    89    26332.0000    26274.9940  1388031    0.22%   x(c31_1_c9_1) D  92680   4352     24
  93107 29885        cutoff          26332.0000    26275.2500  1392124    0.22%   x(c31_2_c8_2) D  93107  93106     39
  93516 29878    26275.6250    93    26332.0000    26275.6250  1397093    0.21%     x(c23_3_Om) D  93516   7630     12
  93913 29830    26316.9614   135    26332.0000    26276.0000  1401614    0.21%  x(c29_2_c34_2) U  93913  83415     31
  94305 29800    26281.0000   182    26332.0000    26276.2545  1406300    0.21%  x(c38_3_c22_3) D  94305   6515     13
  94697 29766        cutoff          26332.0000    26276.5833  1411041    0.21%   x(c31_1_c9_1) U  94697  27809     24
  95110 29723    26323.6667   101    26332.0000    26277.0000  1415359    0.21%  x(c40_1_c15_1) U  95110  95108     32
  95522 29693        cutoff          26332.0000    26277.3254  1419428    0.21%  x(c40_2_c38_2) U  95522  95520     22
Elapsed time = 337.40 sec. (704054.06 ticks, tree = 531.57 MB, solutions = 3)
  95929 29672        cutoff          26332.0000    26277.6667  1423492    0.21%  x(c33_3_c22_3) U  95929  47974     42
  96349 29671    26279.0000    55    26332.0000    26278.0000  1427841    0.21%  x(c23_3_c47_3) D  96349  89483     38
  96733 29644    infeasible          26332.0000    26278.2500  1432702    0.20%  x(c42_2_c48_2) U  96733  57993     22
  97142 29613        cutoff          26332.0000    26278.5185  1437352    0.20%  x(c21_3_c20_3) U  97142  11993     13
  97515 29614    26283.8500   126    26332.0000    26278.9000  1443040    0.20%   x(c46_1_c9_1) D  97515  89931     51
  97920 29545    26298.5000    83    26332.0000    26279.2000  1447402    0.20%  x(c48_2_c34_2) D  97920  94033     29
  98310 29509    26327.6429   101    26332.0000    26279.5000  1452627    0.20%  x(c47_1_c11_1) D  98310   5884     23
  98731 29497        cutoff          26332.0000    26279.8333  1457021    0.20%  x(c29_2_c34_2) U  98731  89946     36
  99136 29429        cutoff          26332.0000    26280.1250  1461063    0.20%  x(c15_1_c11_1) U  99136  18568     35
  99557 29404        cutoff          26332.0000    26280.5000  1465053    0.20%  x(c15_1_c20_1) U  99557  36898     31
Elapsed time = 353.87 sec. (742317.78 ticks, tree = 531.74 MB, solutions = 3)
  99961 29370        cutoff          26332.0000    26280.8333  1469226    0.19%  x(c39_1_c14_1) U  99961  32581     37
 100374 29309        cutoff          26332.0000    26281.1250  1473427    0.19%  x(c12_3_c22_3) U 100374 100372     26
 100779 29312    26305.0000    72    26332.0000    26281.5000  1477760    0.19%   x(c31_1_c9_1) D 100779  90953     28
 101176 29276    26303.7500   127    26332.0000    26281.7500  1482557    0.19%  x(c21_3_c25_3) D 101176  69642     24
 101582 29190        cutoff          26332.0000    26282.0000  1486532    0.19%   x(c31_2_c8_2) U 101582  22948     20
 101987 29122        cutoff          26332.0000    26282.3889  1490380    0.19%   x(c2_1_c41_1) U 101987  71008     32
 102385 29073        cutoff          26332.0000    26282.6667  1494030    0.19%  x(c47_2_c32_2) U 102385  53293     21
 102809 29061    26283.2222    58    26332.0000    26283.0000  1497904    0.19%  x(c48_3_c25_3) D 102809  14881     17
 103231 28992        cutoff          26332.0000    26283.3333  1501923    0.18%  x(c20_3_c33_3) U 103231 101575     44
 103650 28941    26284.5714   163    26332.0000    26283.6250  1506014    0.18%   x(c48_2_c2_2) D 103650 101739     23
Elapsed time = 369.60 sec. (780511.66 ticks, tree = 528.33 MB, solutions = 3)
 104057 28914    26300.0000    46    26332.0000    26284.0000  1510122    0.18%  x(c29_3_c25_3) N 104057  17989     34
 104461 28881    26286.0000    84    26332.0000    26284.2500  1513349    0.18%  x(c47_2_c32_2) D 104461  12422     14
 104886 28820        cutoff          26332.0000    26284.5769  1516954    0.18%  x(c11_1_c13_1) U 104886 100582     39
 105302 28799    26320.5000    28    26332.0000    26285.0000  1520534    0.18%   x(c3_1_c13_1) D 105302  90160     47
 105702 28753        cutoff          26332.0000    26285.2500  1524949    0.18%  x(c15_3_c22_3) U 105702 105700     22
 106103 28686        cutoff          26332.0000    26285.5000  1528627    0.18%  x(c45_2_c32_2) U 106103    146     12
 106479 28678        cutoff          26332.0000    26285.8333  1532763    0.18%   x(c3_2_c14_2) D 106479 106478     41
 106859 28575    26287.2917    76    26332.0000    26286.0455  1536381    0.17%   x(c5_3_c42_3) D 106859  90217     38
 107269 28541        cutoff          26332.0000    26286.4762  1540482    0.17%  x(c39_1_c14_1) U 107269 102052     19
 107692 28469    26324.1111    63    26332.0000    26286.7500  1543839    0.17%  x(c34_2_c14_2) D 107692 100700     34
Elapsed time = 385.45 sec. (818704.18 ticks, tree = 524.33 MB, solutions = 3)
 108110 28422        cutoff          26332.0000    26287.0000  1547544    0.17%  x(c48_2_c14_2) U 108110  21227     42
 108513 28401        cutoff          26332.0000    26287.3889  1551319    0.17%   x(c3_2_c14_2) U 108513  73539     35
 108919 28341        cutoff          26332.0000    26287.6667  1554810    0.17%  x(c25_3_c32_3) U 108919  14904     24
 109342 28308        cutoff          26332.0000    26288.0000  1558848    0.17%  x(c48_3_c25_3) U 109342  55831     27
 109723 28242        cutoff          26332.0000    26288.2500  1563222    0.17%  x(c39_1_c13_1) D 109723  67623     19
 110120 28177    26320.3333   103    26332.0000    26288.5000  1567242    0.17%  x(c15_3_c22_3) D 110120  35511     28
 110525 28133        cutoff          26332.0000    26288.9500  1571068    0.16%  x(c48_3_c25_3) U 110525 102544     23
 110918 28031        cutoff          26332.0000    26289.2500  1574968    0.16%  x(c43_1_c47_1) U 110918  12241     37
 111304 27933        cutoff          26332.0000    26289.5000  1578443    0.16%   x(c3_2_c14_2) U 111304 103523     42
 111686 27856    26291.0000    72    26332.0000    26289.8571  1582433    0.16%  x(c47_2_c25_2) D 111686 109620     40
Elapsed time = 401.10 sec. (856902.89 ticks, tree = 517.23 MB, solutions = 3)
 112082 27763        cutoff          26332.0000    26290.0804  1586996    0.16%   x(c15_1_c9_1) D 112082 107182     51
 112480 27689    26328.0000    57    26332.0000    26290.5000  1591241    0.16%  x(c47_2_c20_2) D 112480 112478     29
 112880 27601        cutoff          26332.0000    26290.7500  1595765    0.16%   x(c31_1_c9_1) U 112880  82443     16
 113295 27481    26293.5000    94    26332.0000    26291.0000  1599656    0.16%  x(c25_3_c32_3) D 113295  15857     43
 113715 27436    26295.8750   106    26332.0000    26291.3750  1603084    0.15%     x(Op_c40_1) D 113715  71744     40
 114144 27343    26292.3333    72    26332.0000    26291.7083  1606367    0.15%  x(c14_3_c32_3) N 114144 114143     33
 114521 27209        cutoff          26332.0000    26292.0000  1610206    0.15%  x(c48_3_c25_3) U 114521  21807     20
 114955 27132    26315.1786   117    26332.0000    26292.2667  1613380    0.15%  x(c20_2_c33_2) D 114955 108172     25
 115356 27026    26292.6167   106    26332.0000    26292.5769  1617230    0.15%  x(c48_2_c24_2) D 115356  56682     42
 115780 26939    26307.0000    30    26332.0000    26293.0000  1621040    0.15%  x(c34_2_c14_2) U 115780 106016     29
Elapsed time = 416.65 sec. (895097.10 ticks, tree = 504.15 MB, solutions = 3)
 116208 26847    26309.7500    59    26332.0000    26293.2500  1624637    0.15%  x(c12_1_c20_1) D 116208  76532     24
 116657 26738        cutoff          26332.0000    26293.5417  1628126    0.15%  x(c47_2_c13_2) D 116657 116655     25
 117091 26643        cutoff          26332.0000    26294.0000  1632253    0.14%  x(c14_1_c11_1) U 117091  42947     19
 117517 26515        cutoff          26332.0000    26294.2500  1636366    0.14%  x(c47_1_c12_1) U 117517   9346     51
 117963 26408    26308.2500   121    26332.0000    26294.5000  1639487    0.14%   x(c35_2_c2_2) D 117963  59061     37
 118401 26344    26317.5000   109    26332.0000    26294.9130  1642894    0.14%  x(c13_1_c25_1) N 118401 112567     34
 118833 26211        cutoff          26332.0000    26295.1667  1646645    0.14%  x(c48_2_c25_2) D 118833 118832     28
 119262 26072        cutoff          26332.0000    26295.5000  1649800    0.14%  x(c25_3_c48_3) U 119262  82428     29
 119667 25988        cutoff          26332.0000    26295.8333  1654163    0.14%  x(c24_3_c21_3) D 119667   2246     17
 120069 25870        cutoff          26332.0000    26296.0556  1658301    0.14%  x(c46_1_c47_1) U 120069   6999     75
Elapsed time = 432.50 sec. (933292.71 ticks, tree = 487.96 MB, solutions = 3)
 120505 25793    26296.5000    34    26332.0000    26296.5000  1661623    0.13%  x(c39_1_c24_1) D 120505  83266     35
 120912 25687    26299.8000    92    26332.0000    26296.7500  1665471    0.13%  x(c13_1_c25_1) D 120912 118376     28
 121327 25571        cutoff          26332.0000    26297.0000  1669553    0.13%  x(c48_3_c25_3) U 121327  74395     22
 121736 25452        cutoff          26332.0000    26297.4000  1673094    0.13%  x(c14_1_c11_1) U 121736 113563     37
 122141 25288        cutoff          26332.0000    26297.6667  1676441    0.13%  x(c20_1_c44_1) U 122141 103167     53
 122563 25165    26302.0000    69    26332.0000    26298.0000  1679597    0.13%  x(c48_2_c42_2) N 122563 111686     41
 122994 25037    26299.2222   115    26332.0000    26298.2500  1683011    0.13%  x(c23_3_c47_3) D 122994  35348     25
 123419 24888        cutoff          26332.0000    26298.5417  1686411    0.13%   x(c48_2_c2_2) U 123419 100074     38
 123825 24804        cutoff          26332.0000    26298.9444  1690492    0.13%  x(c48_2_c14_2) U 123825  97942     32
 124202 24643        cutoff          26332.0000    26299.1250  1694217    0.12%   x(c10_2_c2_2) U 124202 117037     38
Elapsed time = 448.14 sec. (971565.28 ticks, tree = 468.55 MB, solutions = 3)
 124603 24516    26300.2000    40    26332.0000    26299.5000  1697459    0.12%   x(c42_2_c2_2) D 124603  27903     17
 125043 24381    26329.1667   102    26332.0000    26299.8000  1700257    0.12%  x(c48_2_c34_2) D 125043  86726     28
 125456 24227    26303.0000   134    26332.0000    26300.0000  1703383    0.12%   x(c42_2_c2_2) U 125456  65539     13
 125860 24148    26324.8571    48    26332.0000    26300.4571  1706949    0.12%  x(c13_1_c25_1) U 125860 125858     54
 126264 24021        cutoff          26332.0000    26300.6667  1709994    0.12%   x(c10_2_c2_2) U 126264 102668     40
 126655 23889        cutoff          26332.0000    26301.0000  1713235    0.12%  x(c39_1_c24_1) U 126655 115304     31
 127063 23719        cutoff          26332.0000    26301.2976  1716494    0.12%  x(c13_1_c23_1) U 127063 108428     35
 127470 23588        cutoff          26332.0000    26301.5694  1719316    0.12%   x(c11_1_c3_1) U 127470 113443     39
 127869 23466    26305.8500   123    26332.0000    26301.9583  1722455    0.11%  x(c20_1_c12_1) D 127869 115349     18
 128258 23280        cutoff          26332.0000    26302.1429  1725297    0.11%   x(c22_3_c8_3) U 128258  91420     33
Elapsed time = 463.83 sec. (1009758.49 ticks, tree = 446.21 MB, solutions = 3)
 128661 23124    26315.5833   107    26332.0000    26302.5000  1728326    0.11%  x(c34_3_c23_3) N 128661 120526     45
 129059 22954        cutoff          26332.0000    26302.7778  1731224    0.11%  x(c20_1_c12_1) U 129059  28863     16
 129459 22765        cutoff          26332.0000    26303.0000  1733754    0.11%   x(c3_1_c41_1) U 129459  49710     50
 129830 22637    26318.5000    88    26332.0000    26303.4000  1737407    0.11%  x(c25_2_c32_2) D 129830  14273     28
 130207 22470        cutoff          26332.0000    26303.6667  1740249    0.11%  x(c25_1_c13_1) U 130207  98707     36
 130618 22329        cutoff          26332.0000    26304.0000  1743397    0.11%  x(c22_3_c14_3) U 130618  89251     29
 131025 22161        cutoff          26332.0000    26304.2500  1746304    0.11%  x(c47_2_c32_2) U 131025  64489     25
 131427 21981    26311.1667   107    26332.0000    26304.5000  1748951    0.10%   x(c31_1_c9_1) D 131427 126459     13
 131818 21835    26304.8333    94    26332.0000    26304.8333  1752496    0.10%   x(c31_1_c9_1) D 131818  68568     22
 132212 21650        cutoff          26332.0000    26305.0417  1755813    0.10%  x(c23_3_c15_3) U 132212 132210     35
Elapsed time = 479.25 sec. (1047974.75 ticks, tree = 417.86 MB, solutions = 3)
 132598 21510        cutoff          26332.0000    26305.5000  1758266    0.10%  x(c20_3_c36_3) U 132598 106020     26
 132976 21320        cutoff          26332.0000    26305.7500  1761075    0.10%  x(c48_2_c25_2) U 132976 128416     34
 133372 21148        cutoff          26332.0000    26306.0000  1763652    0.10%  x(c46_1_c40_1) U 133372  62489     30
 133754 20991        cutoff          26332.0000    26306.3125  1766408    0.10%  x(c23_3_c33_3) U 133754   8329     67
 134160 20840    26314.7143   122    26332.0000    26306.5556  1769135    0.10%  x(c13_1_c25_1) N 134160 133021     34
 134565 20656    26322.5625    68    26332.0000    26306.9625  1771710    0.10%  x(c39_1_c47_1) D 134565 134564     24
 134925 20456        cutoff          26332.0000    26307.1500  1774302    0.09%  x(c14_1_c23_1) U 134925  73949     29
 135301 20302        cutoff          26332.0000    26307.5000  1777094    0.09%  x(c12_1_c40_1) U 135301 121814     39
 135673 20122    26309.4000    59    26332.0000    26307.7500  1780365    0.09%   x(c42_2_c2_2) N 135673   9788     18
 136055 19926        cutoff          26332.0000    26308.0000  1783488    0.09%   x(c15_1_c9_1) D 136055 136054     33
Elapsed time = 494.62 sec. (1086171.80 ticks, tree = 387.59 MB, solutions = 3)
 136399 19751        cutoff          26332.0000    26308.2619  1786609    0.09%  x(c47_2_c12_2) D 136399 109338     27
 136778 19553    26317.2500    31    26332.0000    26308.5079  1789091    0.09%  x(c25_1_c13_1) N 136778  47506     46
 137163 19386    26308.9000    31    26332.0000    26308.9000  1791921    0.09%  x(c25_2_c32_2) D 137163  74777     38
 137527 19170        cutoff          26332.0000    26309.0833  1794424    0.09%  x(c38_3_c22_3) D 137527  36453     26
*137846 10806      integral     0    26321.0000    26309.4000  1796659    0.04%
 137903 10767        cutoff          26321.0000    26309.5000  1797079    0.04%  x(c46_1_c40_1) U 137903  39676     26
 138277 10506    26309.7500    38    26321.0000    26309.7500  1798777    0.04%  x(c13_1_c25_1) D 138277 120074     17
 138653 10256        cutoff          26321.0000    26310.0000  1800890    0.04%  x(c29_3_c25_3) U 138653  40573     33
 139016  9994        cutoff          26321.0000    26310.3333  1802995    0.04%  x(c40_1_c11_1) U 139016 139014     42
 139393  9715        cutoff          26321.0000    26310.6042  1804638    0.04%  x(c47_1_c11_1) D 139393  35905     38
 139738  9485        cutoff          26321.0000    26311.0000  1806320    0.04%  x(c25_1_c13_1) U 139738  31038     34
Elapsed time = 509.70 sec. (1124363.46 ticks, tree = 187.76 MB, solutions = 4)
 140108  9214    26314.7333   136    26321.0000    26311.2361  1808029    0.04%  x(c14_1_c23_1) N 140108 113762     29
 140465  8968        cutoff          26321.0000    26311.5000  1809584    0.04%   x(c31_1_c9_1) U 140465  22627     30
 140828  8698        cutoff          26321.0000    26311.7619  1811471    0.04%    x(c9_1_c3_1) U 140828 139360     43
 141179  8439        cutoff          26321.0000    26312.0000  1813486    0.03%  x(c29_2_c34_2) U 141179 141178     25
 141531  8180        cutoff          26321.0000    26312.3333  1815048    0.03%  x(c33_2_c47_2) U 141531 111532     50
 141877  7901        cutoff          26321.0000    26312.5000  1816641    0.03%  x(c22_3_c15_3) U 141877 132290     36
 142233  7606    26318.7727   143    26321.0000    26312.9857  1818474    0.03%  x(c48_3_c32_3) N 142233 136969     28
 142612  7290        cutoff          26321.0000    26313.1667  1820016    0.03%  x(c33_2_c20_2) U 142612 130344     30
 142975  6981        cutoff          26321.0000    26313.5000  1821506    0.03%  x(c20_3_c33_3) U 142975 108045     51
 143305  6701        cutoff          26321.0000    26313.7500  1823295    0.03%     x(Op_c38_2) D 143305  58848     21
Elapsed time = 524.51 sec. (1162596.55 ticks, tree = 133.79 MB, solutions = 4)
*143496     0      integral     0    26314.0000    26314.0000  1824396    0.00%

Mixed integer rounding cuts applied:  1
Zero-half cuts applied:  27
User cuts applied:  2383

Root node processing (before b&c):
  Real time             =    0.28 sec. (518.72 ticks)
Sequential b&c:
  Real time             =  525.08 sec. (1165700.39 ticks)
                          ------------
Total (root+branch&cut) =  525.36 sec. (1166219.11 ticks)

