- Starting heuristic -

Exact TSP
x  TSP Iteration:       0  13579  39181
* 2OPT Iteration:       0  13548  38670
* BPER Iteration:       0  13548  38497
------ Iteration:       0  13548  38497
* 2OPT Iteration:      75  13048  38441
* APER Iteration:      75  13048  38089
* APER Iteration:      75  13048  37830
* 2OPT Iteration:     100  12983  37631
* BPER Iteration:     100  12983  37440
* APER Iteration:     100  12880  37337
------ Iteration:     100  12880  37337
* APER Iteration:     125  12797  37254
* APER Iteration:     150  12736  37193
* APER Iteration:     175  12864  37178
* APER Iteration:     200  12736  37007
------ Iteration:     200  12736  37007
------ Iteration:     300  12736  37007
------ Iteration:     400  12736  37007

Exact Precedences TSP
* 2OPT Iteration:       0  13436  37915
* BPER Iteration:       0  13161  37640
* 2OPT Iteration:       1  13254  38043
* BPER Iteration:       1  13249  38038
* 2OPT Iteration:       2  12893  37728
* BPER Iteration:       2  12878  37559
Feasible solution found

