Version identifier: 22.1.0.0 | 2022-03-09 | 1a383f8ce
CPXPARAM_Preprocessing_Reduce                    1
CPXPARAM_Preprocessing_Reformulations            0
CPXPARAM_Emphasis_MIP                            2
CPXPARAM_TimeLimit                               7200
CPXPARAM_MIP_Tolerances_AbsMIPGap                0.98999999999999999
CPXPARAM_MIP_Limits_TreeMemory                   20000
Legacy callback                                  BbD
1 of 1 MIP starts provided solutions.
MIP start 'm1' defined initial solution with objective 195.0000.
Tried aggregator 1 time.
MIP Presolve modified 305 coefficients.
Reduced MIP has 500 rows, 385 columns, and 1856 nonzeros.
Reduced MIP has 344 binaries, 0 generals, 0 SOSs, and 0 indicators.
Presolve time = 0.00 sec. (1.23 ticks)
Probing time = 0.00 sec. (0.53 ticks)
Tried aggregator 1 time.
Reduced MIP has 500 rows, 385 columns, and 1856 nonzeros.
Reduced MIP has 344 binaries, 0 generals, 0 SOSs, and 0 indicators.
Presolve time = 0.00 sec. (0.73 ticks)
Probing time = 0.00 sec. (0.55 ticks)
Clique table members: 207.
MIP emphasis: optimality.
MIP search method: traditional branch-and-cut.
Parallel mode: none, using 1 thread.
Root relaxation solution time = 0.00 sec. (0.90 ticks)

        Nodes                                         Cuts/
   Node  Left     Objective  IInf  Best Integer    Best Bound    ItCnt     Gap         Variable B NodeID Parent  Depth

*     0+    0                          195.0000        0.0000           100.00%
      0     0      124.4703    66      195.0000      124.4703      125   36.17%
      0     0      147.0000    58      195.0000       Cuts: 5      139   24.62%
      0     0      147.1539    71      195.0000       Cuts: 5      181   24.54%
      0     0      147.1539    75      195.0000   ZeroHalf: 1      185   24.54%
      0     0      147.1539    70      195.0000       Cuts: 2      192   24.54%
      0     0      147.1539    70      195.0000   ZeroHalf: 3      193   24.54%
      0     2      147.1539    63      195.0000      147.1805      193   24.52%                        0             0
Elapsed time = 0.04 sec. (40.74 ticks, tree = 0.01 MB, solutions = 1)
    719   609      180.0665    53      195.0000      172.5000     6330   11.54%  x(c16_4_c17_4) U    719    718     10
   1594  1355    infeasible            195.0000      174.1758    15243   10.68%    x(c6_2_c8_2) U   1594    253     11
   2422  1924      181.6223    56      195.0000      175.5000    24765   10.00%   x(c16_4_c2_4) D   2422   2421     15
   3335  2550      181.0380    54      195.0000      176.2755    34486    9.60%    x(c6_1_c5_1) U   3335   3334     17
   4270  3193      179.0048    51      195.0000      177.1140    43556    9.17%   x(c16_4_c2_4) D   4270   4269     16
   4996  3631      178.0618    52      195.0000      178.0618    54287    8.69%    x(c8_2_c4_2) D   4996   3057     13
   5787  4210      181.2494    59      195.0000      178.3967    63537    8.51%      x(c8_2_Om) U   5787   5778     18
   6640  4779      179.1235    50      195.0000      179.0000    70793    8.21%   x(c17_1_c8_1) D   6640   4525     14
   7490  5367      181.0000    42      195.0000      179.0760    78549    8.17%   x(c17_1_c8_1) D   7490   7488     17
  10495  7471      192.2625    56      195.0000      180.0024   110597    7.69%    x(c6_1_c5_1) D  10495   4958     15
Elapsed time = 1.67 sec. (3142.82 ticks, tree = 2.98 MB, solutions = 1)
  13143  8996      181.1235    42      195.0000      181.0000   148070    7.18%      x(Op_c3_1) U  13143  11971     26
  15978 10983      181.3800    27      195.0000      181.1520   183041    7.10%      x(c8_5_Om) U  15978  15977     19
  18939 13281      186.3581    56      195.0000      181.4301   215438    6.96%   x(c17_1_c6_1) D  18939  18937     22
  21944 15361      191.5534    40      195.0000      181.7482   245198    6.80%   x(c10_1_c3_1) U  21944  16502     29
  25610 18011      182.0285    28      195.0000      182.0000   267177    6.67%   x(c11_5_c7_5) D  25610  25609     31
  28884 20629      182.0285    38      195.0000      182.0000   294542    6.67%      x(c3_2_Om) U  28884  28882     29
  31342 22289      182.1425    18      195.0000      182.1425   324726    6.59%   x(c11_5_c8_5) D  31342  24792     39
  33838 23711      186.1306    44      195.0000      182.3806   354843    6.47%    x(c9_5_c7_5) U  33838  32645     16
  36262 25168      183.8074    59      195.0000      182.6793   384089    6.32%      x(Op_c9_5) N  36262  22202     20
  38867 26853      183.0665    40      195.0000      183.0000   411688    6.15%  x(c15_2_c12_2) D  38867  38866     31
Elapsed time = 6.37 sec. (12681.63 ticks, tree = 11.39 MB, solutions = 1)
  41373 28822      183.0629    41      195.0000      183.0333   444568    6.14%     x(Op_c15_2) D  41373  41372     28
  43585 30145      184.5023    60      195.0000      183.2189   477264    6.04%    x(c7_5_c8_5) D  43585  10729     19
  45740 31446      184.6000    39      195.0000      183.4290   508417    5.93%   x(c14_5_c2_5) U  45740  16082     34
  47925 32772      188.3379    52      195.0000      183.6789   538316    5.81%     x(Op_c15_2) D  47925  22807     26
  50357 34248      186.5000    22      195.0000      184.0000   565636    5.64%  x(c15_3_c16_3) U  50357  50356     33
  52714 35968      184.7727    32      195.0000      184.0000   594662    5.64%    x(c9_5_c2_5) U  52714  25015     28
  54718 37320      193.3333    36      195.0000      184.0143   629492    5.63%    x(c9_5_c7_5) U  54718  25361     33
  56887 38462      184.1540    40      195.0000      184.1360   660224    5.57%     x(Op_c16_3) D  56887  56886     32
  58965 39832      184.2654    48      195.0000      184.2658   689882    5.50%  x(c12_1_c17_1) D  58965  58964     30
  61164 41256        cutoff            195.0000      184.4424   717533    5.41%      x(Op_c6_2) U  61164  61158     23
Elapsed time = 10.97 sec. (22220.06 ticks, tree = 18.52 MB, solutions = 1)
  63330 42532      191.0000    31      195.0000      184.6250   745039    5.32%   x(c15_3_c8_3) D  63330  37991     28
  65726 43876      186.7473    58      195.0000      184.7984   768524    5.23%    x(c7_5_c8_5) U  65726  65724     22
  68235 45401      186.3207    33      195.0000      184.9854   790053    5.14%  x(c15_3_c16_3) D  68235  42385     25
  70399 46864      186.2500    35      195.0000      185.0000   818468    5.13%  x(c15_3_c16_3) U  70399  46424     29
  72516 48195    infeasible            195.0000      185.0285   848002    5.11%   x(c10_1_c3_1) D  72516  41433     28
  74844 49496      185.8269    57      195.0000      185.1382   872500    5.06%   x(c3_2_c11_2) U  74844  53609     22
  77136 50928      189.2500    46      195.0000      185.2500   896342    5.00%  x(c15_3_c16_3) D  77136  43881     32
  79242 52212      187.3878    55      195.0000      185.3355   922027    4.96%    x(c8_1_c5_1) D  79242  58586     15
  81650 53694      185.4578    71      195.0000      185.4083   943806    4.92%    x(c5_3_c8_3) D  81650  65746     28
  83819 54934      185.5178    49      195.0000      185.5178   968410    4.86%      x(Op_c3_1) D  83819  83818     33
Elapsed time = 15.42 sec. (31758.75 ticks, tree = 24.07 MB, solutions = 1)
  86027 56145      185.6417    41      195.0000      185.6417   991836    4.80%   x(c14_5_c2_5) D  86027  46243     24
  88181 57301      186.1667    37      195.0000      185.7500  1014972    4.74%    x(c8_3_c5_3) D  88181  88180     32
  90316 58470      186.6500    69      195.0000      185.8763  1036530    4.68%    x(c8_3_c5_3) D  90316  66819     21
  92456 59528      187.7000    31      195.0000      186.0000  1059051    4.62%    x(c7_3_c2_3) N  92456  92454     46
  94450 60548      188.2043    50      195.0000      186.0113  1087063    4.61%   x(c10_1_c3_1) D  94450  94225     28
  96535 61455      186.6778    38      195.0000      186.0944  1114056    4.57%  x(c15_1_c17_1) D  96535  81311     23
  98744 62591      186.8662    41      195.0000      186.1995  1140497    4.51%    x(c8_3_c5_3) D  98744  75945     25
 101005 63562      188.7595    52      195.0000      186.2597  1166374    4.48%    x(c8_3_c5_3) D 101005 101004     24
 103264 64867      186.3333    29      195.0000      186.3333  1189325    4.44%  x(c15_3_c16_3) D 103264  52794     26
 105398 65854    infeasible            195.0000      186.3804  1212419    4.42%    x(c8_5_c4_5) U 105398  85777     21
Elapsed time = 19.78 sec. (41297.80 ticks, tree = 31.42 MB, solutions = 1)
 107701 66799      191.0285    43      195.0000      186.4869  1236104    4.37%   x(c17_1_c8_1) N 107701  23534     28
*108010 62403      integral     0      194.0000      186.5000  1239487    3.87%
 109930 63232      191.2067    34      194.0000      186.5400  1260238    3.85%    x(c8_3_c5_3) U 109930 109928     27
 112245 63828      187.4584    64      194.0000      186.6496  1282654    3.79%    x(c6_1_c5_1) U 112245  80944     21
 114568 64550      186.7393    52      194.0000      186.7393  1304659    3.74%    x(c7_5_c8_5) D 114568  64166     22
 117006 65280      186.8207    44      194.0000      186.8207  1325369    3.70%  x(c11_2_c12_2) D 117006 117005     30
 119405 66211      187.2000    27      194.0000      186.9375  1346174    3.64%   x(c16_3_c8_3) D 119405 109903     46
 121887 66901      187.0000    27      194.0000      187.0000  1367172    3.61%     x(c16_3_Om) D 121887 121885     30
 124229 67661      191.3563    41      194.0000      187.0000  1392981    3.61%    x(c8_3_c5_3) U 124229 124227     20
 126472 68602      188.9265    60      194.0000      187.0190  1418789    3.60%   x(c7_5_c11_5) N 126472  33499     19
 128882 69192      189.7584    64      194.0000      187.0833  1441508    3.57%    x(c5_1_c8_1) U 128882  85031     19
Elapsed time = 24.03 sec. (50838.23 ticks, tree = 32.95 MB, solutions = 2)
 131159 69871      187.1856    60      194.0000      187.1520  1463887    3.53%      x(c8_2_Om) D 131159  63324     35
 133640 70611        cutoff            194.0000      187.2067  1483824    3.50%   x(c8_3_c16_3) U 133640 133638     28
 135948 71300      191.9988    49      194.0000      187.2555  1506248    3.48%    x(c4_5_c7_5) D 135948  23329     35
 138267 72081      192.0760    39      194.0000      187.3333  1526927    3.44%    x(c8_3_c5_3) U 138267 138265     24
 140627 73150      188.1889    59      194.0000      187.3800  1547553    3.41%  x(c10_1_c15_1) U 140627  99434     39
 143130 73747        cutoff            194.0000      187.4555  1567039    3.37%     x(Op_c14_4) U 143130 114139     38
 145325 74458      187.5000    47      194.0000      187.5000  1588361    3.35%    x(c7_5_c8_5) D 145325 110805     26
 147548 75126      189.1829    54      194.0000      187.5831  1609017    3.31%   x(c12_2_c6_2) D 147548  34538     23
 149805 75715      187.6651    64      194.0000      187.6651  1629271    3.27%    x(c8_3_c5_3) D 149805 142530     19
 152787 75925      187.6667    40      194.0000      187.6667  1644329    3.26%     x(c16_3_Om) D 152787 152786     29
Elapsed time = 28.16 sec. (60377.33 ticks, tree = 35.85 MB, solutions = 2)
 155103 76673      188.0475    48      194.0000      187.7142  1663461    3.24%      x(Op_c7_5) D 155103 110053     38
 157316 77294      191.8895    51      194.0000      187.7827  1683033    3.20%    x(c8_3_c5_3) U 157316  62335     30
 159711 77984      187.8835    51      194.0000      187.8507  1701437    3.17%    x(c5_3_c8_3) D 159711 113088     32
 162156 78589        cutoff            194.0000      187.9272  1719192    3.13%    x(c4_2_c8_2) U 162156  86821     31
 164495 78969        cutoff            194.0000      188.0000  1737325    3.09%    x(c8_3_c5_3) U 164495 164491     35
 166621 79566      189.1250    43      194.0000      188.0000  1760121    3.09%  x(c15_3_c16_3) D 166621 166620     34
 168714 79936      191.6250    50      194.0000      188.0285  1783119    3.08%  x(c15_3_c12_3) U 168714  23884     27
 170937 80215        cutoff            194.0000      188.0986  1802853    3.04%      x(c6_2_Om) U 170937 118887     20
 173098 80473      189.5770    56      194.0000      188.1605  1823171    3.01%  x(c15_3_c16_3) D 173098 173097     25
 175344 81006      188.7138    37      194.0000      188.2138  1842016    2.98%      x(Op_c9_5) U 175344 146746     23
Elapsed time = 32.33 sec. (69916.58 ticks, tree = 38.08 MB, solutions = 2)
 177543 81291      188.2597    44      194.0000      188.2597  1861831    2.96%   x(c11_5_c9_5) D 177543 177541     33
 179823 81557      188.5000    31      194.0000      188.3333  1878963    2.92%    x(c8_3_c5_3) N 179823 124015     31
 182116 82061      188.3750    16      194.0000      188.3750  1897905    2.90%     x(Op_c14_4) U 182116 127537     39
 184289 82400      192.5665    45      194.0000      188.4219  1918428    2.88%  x(c17_1_c15_1) D 184289 169359     40
 186526 82358        cutoff            194.0000      188.5000  1935529    2.84%    x(c7_3_c2_3) U 186526 186525     33
 188674 82668        cutoff            194.0000      188.5083  1956092    2.83%    x(c8_3_c5_3) U 188674 157966     35
 190739 82784      189.3872    51      194.0000      188.5876  1973590    2.79%   x(c3_1_c10_1) D 190739 110888     24
 192851 82742      189.6667    23      194.0000      188.6667  1990517    2.75%   x(c16_3_c2_3) D 192851 192849     39
 195210 83361        cutoff            194.0000      188.6679  2007090    2.75%  x(c10_1_c17_1) U 195210  48761     33
 197354 83588    infeasible            194.0000      188.7473  2023559    2.71%      x(Op_c3_2) U 197354  86042     24
Elapsed time = 36.40 sec. (79456.67 ticks, tree = 39.31 MB, solutions = 2)
 199426 83556      189.3044    44      194.0000      188.8044  2040264    2.68%      x(Op_c9_5) U 199426 158225     23
 201594 83853    infeasible            194.0000      188.8741  2055666    2.64%      x(Op_c9_5) U 201594 179395     28
 203820 83958    infeasible            194.0000      188.9656  2071279    2.60%      x(c8_2_Om) D 203820 160026     20
 205829 83877      192.0000    18      194.0000      189.0000  2088790    2.58%  x(c15_3_c16_3) U 205829  99764     25
 207730 84050      193.0000    34      194.0000      189.0000  2110934    2.58%    x(c5_3_c8_3) U 207730  53960     29
 209601 84145        cutoff            194.0000      189.0000  2134284    2.58%   x(c8_5_c13_5) U 209601  57818     26
 211585 84056    infeasible            194.0000      189.0214  2154635    2.57%   x(c10_1_c3_1) D 211585 211584     28
 213619 83760      191.1749    41      194.0000      189.0641  2172503    2.54%     x(Op_c14_4) U 213619 128239     26
 215666 83737      193.0000    30      194.0000      189.1235  2190681    2.51%   x(c8_3_c16_3) D 215666  40429     28
 223798 83217      189.5542    39      194.0000      189.3044  2256379    2.42%     x(c11_2_Om) D 223798 223796     37
Elapsed time = 41.70 sec. (91856.79 ticks, tree = 39.37 MB, solutions = 2)
 232663 82263      190.5238    39      194.0000      189.5000  2317848    2.32%    x(c8_3_c5_3) D 232663 100155     28
 241277 82154        cutoff            194.0000      189.6821  2381020    2.23%    x(c8_3_c5_3) D 241277 191941     34
 250050 81978      189.9272    53      194.0000      189.8998  2436429    2.11%   x(c3_1_c10_1) U 250050 189357     31
 258424 81096        cutoff            194.0000      190.0071  2506146    2.06%   x(c15_3_c8_3) U 258424 100970     32
 266980 80321        cutoff            194.0000      190.1473  2573599    1.99%    x(c4_5_c7_5) U 266980 222057     21
 275764 79154        cutoff            194.0000      190.3234  2631581    1.90%  x(c16_3_c12_3) U 275764 181405     30
 284741 77253      190.9822    43      194.0000      190.5000  2685929    1.80%      x(Op_c3_1) D 284741 117310     29
 293735 75485        cutoff            194.0000      190.6667  2744369    1.72%   x(c8_3_c16_3) U 293735 239578     32
 302782 73837      190.8523    43      194.0000      190.8333  2797865    1.63%      x(c3_2_Om) D 302782 302781     31
 311592 71824      193.0000    35      194.0000      191.0000  2864595    1.55%     x(Op_c16_3) D 311592  92842     28
Elapsed time = 57.46 sec. (130006.56 ticks, tree = 35.19 MB, solutions = 2)
 319811 70412      191.5570    65      194.0000      191.0570  2933541    1.52%  x(c12_2_c11_2) U 319811 158319     31
 329748 67944      191.3325    45      194.0000      191.1659  2991443    1.46%   x(c15_3_c8_3) D 329748 202750     25
 339935 62855      191.5471    53      194.0000      191.3333  3038618    1.37%    x(c8_1_c5_1) U 339935 104098     23
 350663 56999        cutoff            194.0000      191.5329  3082069    1.27%      x(Op_c7_5) U 350663 350662     34
 361192 50827        cutoff            194.0000      191.7639  3126298    1.15%   x(c11_2_c6_2) D 361192 281099     15
 371812 44427        cutoff            194.0000      192.0000  3182392    1.03%      x(Op_c7_5) U 371812  84038     34
 383737 36344      192.1437    43      194.0000      192.1378  3234368    0.96%    x(c2_5_c9_5) N 383737 365716     38
 396216 27299      192.5952    55      194.0000      192.3929  3274959    0.83%    x(c4_5_c7_5) U 396216 396214     25
 407461 19162        cutoff            194.0000      192.6544  3312954    0.69%  x(c15_2_c11_2) U 407461   8353     26
 421136  9098      193.0000    21      194.0000      193.0000  3350031    0.52%    x(c2_5_c7_5) D 421136 421135     36
Elapsed time = 73.04 sec. (168155.56 ticks, tree = 9.38 MB, solutions = 2)
 437003  3731      193.0000    22      194.0000      193.0000  3417152    0.52%   x(c15_3_c5_3) U 437003 262922     31

Clique cuts applied:  4
Cover cuts applied:  344
Flow cuts applied:  1
Mixed integer rounding cuts applied:  26
Zero-half cuts applied:  4
Gomory fractional cuts applied:  5

Root node processing (before b&c):
  Real time             =    0.04 sec. (40.85 ticks)
Sequential b&c:
  Real time             =   75.53 sec. (175076.23 ticks)
                          ------------
Total (root+branch&cut) =   75.57 sec. (175117.08 ticks)

