Version identifier: 22.1.0.0 | 2022-03-09 | 1a383f8ce
CPXPARAM_Preprocessing_Reduce                    1
CPXPARAM_Preprocessing_Reformulations            0
CPXPARAM_Emphasis_MIP                            2
CPXPARAM_TimeLimit                               7200
CPXPARAM_MIP_Tolerances_AbsMIPGap                0.98999999999999999
CPXPARAM_MIP_Limits_TreeMemory                   20000
Legacy callback                                  BbD
1 of 1 MIP starts provided solutions.
MIP start 'm1' defined initial solution with objective 195.0000.
Tried aggregator 1 time.
MIP Presolve modified 305 coefficients.
Reduced MIP has 500 rows, 385 columns, and 1856 nonzeros.
Reduced MIP has 344 binaries, 0 generals, 0 SOSs, and 0 indicators.
Presolve time = 0.00 sec. (1.23 ticks)
Probing time = 0.00 sec. (0.53 ticks)
Tried aggregator 1 time.
Reduced MIP has 500 rows, 385 columns, and 1856 nonzeros.
Reduced MIP has 344 binaries, 0 generals, 0 SOSs, and 0 indicators.
Presolve time = 0.00 sec. (0.73 ticks)
Probing time = 0.00 sec. (0.55 ticks)
Clique table members: 207.
MIP emphasis: optimality.
MIP search method: traditional branch-and-cut.
Parallel mode: none, using 1 thread.
Root relaxation solution time = 0.00 sec. (0.92 ticks)

        Nodes                                         Cuts/
   Node  Left     Objective  IInf  Best Integer    Best Bound    ItCnt     Gap         Variable B NodeID Parent  Depth

*     0+    0                          195.0000        0.0000           100.00%
      0     0      124.4703    66      195.0000      124.4703      127   36.17%
      0     0      147.0000    58      195.0000       Cuts: 5      154   24.62%
      0     0      147.0285    64      195.0000       Cuts: 3      174   24.60%
      0     0      147.0285    64      195.0000     Covers: 1      175   24.60%
      0     0      147.0285    55      195.0000   ZeroHalf: 1      176   24.60%
      0     0      149.0000    55      195.0000       Cuts: 3      187   23.59%
      0     0      149.0000    55      195.0000       Cuts: 3      192   23.59%
      0     2      149.0000    52      195.0000      150.0000      192   23.08%                        0             0
Elapsed time = 0.03 sec. (47.26 ticks, tree = 0.01 MB, solutions = 1)
    593   473      173.1425    49      195.0000      167.0285     6768   14.34%   x(c15_1_c5_1) D    593    143      7
   1439  1154      179.0697    59      195.0000      173.6667    15997   10.94%    x(c6_4_c5_4) U   1439   1438     12
   2310  1844      175.2268    56      195.0000      175.1960    24768   10.16%   x(c11_2_c6_2) D   2310   2309     16
   3145  2392      180.0428    40      195.0000      176.1520    33461    9.67%  x(c16_4_c11_4) D   3145   3144     15
   3996  2912      189.1105    43      195.0000      177.0000    42353    9.23%     x(c14_5_Om) D   3996   3995     22
   4819  3500      189.6461    55      195.0000      177.4442    51431    9.00%   x(c11_2_c6_2) U   4819   4817     19
   5465  3917      181.0000    44      195.0000      178.0887    61406    8.67%     x(c16_4_Om) U   5465   1322     10
   6144  4319        cutoff            195.0000      178.4133    71179    8.51%     x(c15_1_Om) U   6144    553     12
   6800  4620      184.5154    46      195.0000      179.0570    80689    8.18%   x(c8_2_c15_2) U   6800   2106     13
   9664  6504      187.3919    40      195.0000      180.1663   114646    7.61%   x(c10_1_c8_1) U   9664   9662     22
Elapsed time = 1.70 sec. (3149.83 ticks, tree = 2.63 MB, solutions = 1)
  12548  8091      181.2067    35      195.0000      181.0000   144569    7.18%    x(c8_3_c5_3) D  12548  12547     23
  15210 10067      182.6081    52      195.0000      181.1045   178577    7.13%  x(c11_2_c15_2) U  15210  11331     19
  17671 11822      183.0178    46      195.0000      181.3682   213472    6.99%    x(c4_5_c7_5) U  17671  16632     22
  20019 13287      187.7743    47      195.0000      181.7743   249579    6.78%    x(c4_5_c7_5) U  20019  20018     23
  22731 15467      189.0000    32      195.0000      182.0000   284962    6.67%   x(c2_4_c14_4) N  22731  22730     19
  24834 16815      182.3990    45      195.0000      182.2352   320664    6.55%   x(c11_2_c3_2) U  24834  24832     21
  26730 17795      183.8682    36      195.0000      182.7015   357220    6.31%     x(c16_4_Om) D  26730  17618     16
  28553 18837      184.8048    36      195.0000      183.0036   393631    6.15%   x(c15_3_c7_3) D  28553  28551     28
  30390 20001      192.4727    41      195.0000      183.2375   428956    6.03%   x(c10_1_c6_1) U  30390  30388     26
  32290 21110      186.0459    64      195.0000      183.5986   462434    5.85%    x(c8_2_c6_2) U  32290  14720     14
Elapsed time = 6.57 sec. (12689.77 ticks, tree = 9.28 MB, solutions = 1)
  34165 22255      191.1093    28      195.0000      184.0000   494148    5.64%    x(c8_1_c5_1) D  34165  34164     16
  36337 23681      191.2352    32      195.0000      184.0998   527259    5.59%      x(c7_3_Om) U  36337  23595     28
  38422 25058      186.3919    43      195.0000      184.3064   556574    5.48%     x(Op_c14_4) U  38422  38420     22
  40436 26203      191.0487    42      195.0000      184.5273   585495    5.37%    x(c8_3_c7_3) U  40436  40435     21
  42466 27433      184.8095    66      195.0000      184.8100   612986    5.23%    x(c8_3_c5_3) D  42466  32956     19
  44460 28485      188.0748    53      195.0000      185.0190   642341    5.12%     x(Op_c17_4) D  44460  44459     31
  46421 29507      192.0071    44      195.0000      185.2076   672477    5.02%    x(c5_3_c8_3) D  46421  35173     30
  48390 30540      185.4074    51      195.0000      185.4050   701275    4.92%   x(c15_3_c8_3) D  48390  48389     23
  50335 31534      188.1223    51      195.0000      185.6223   728978    4.81%    x(c8_3_c5_3) D  50335  42042     21
  52321 32558      186.3224    67      195.0000      185.8735   754421    4.68%    x(c5_3_c8_3) D  52321  40762     24
Elapsed time = 11.25 sec. (22229.95 ticks, tree = 13.83 MB, solutions = 1)
  54221 33630      186.0040    74      195.0000      186.0044   783776    4.61%    x(c8_3_c5_3) D  54221  47615     20
  56152 34505      193.3919    36      195.0000      186.1419   812039    4.54%   x(c15_3_c2_3) U  56152  56151     29
  58289 35344      186.3333    33      195.0000      186.3333   840334    4.44%    x(c5_3_c7_3) D  58289  53250     30
  60386 36236      190.1093    36      195.0000      186.5000   869646    4.36%   x(c15_3_c8_3) D  60386  14671     18
  62557 37205      191.1093    39      195.0000      186.6667   898316    4.27%    x(c7_3_c8_3) U  62557  50713     26
  64850 38105      187.2048    54      195.0000      186.8050   925508    4.20%    x(c8_3_c7_3) D  64850  64848     26
  67178 39021      187.0000    35      195.0000      187.0000   951783    4.10%     x(Op_c17_4) D  67178  53265     25
  69269 39717      192.3960    46      195.0000      187.0713   983103    4.07%    x(c7_3_c8_3) U  69269  47132     16
  71548 40483      188.7352    47      195.0000      187.2352  1011209    3.98%   x(c16_3_c8_3) D  71548  58480     29
  73661 41127        cutoff            195.0000      187.3967  1040293    3.90%    x(c8_3_c7_3) U  73661  36964     27
Elapsed time = 15.83 sec. (31770.00 ticks, tree = 18.71 MB, solutions = 1)
  75757 42019      193.3587    34      195.0000      187.5071  1069302    3.84%    x(c7_3_c2_3) U  75757  75756     26
  77917 42781      190.6667    31      195.0000      187.6667  1096435    3.76%    x(c8_5_c7_5) U  77917  33976     24
  80092 43374      188.2500    43      195.0000      187.8333  1123290    3.68%      x(c3_2_Om) D  80092  23038     13
  82158 44012      189.2500    45      195.0000      188.0000  1151928    3.59%     x(Op_c17_4) D  82158  18105     19
  84192 44507      193.3601    41      195.0000      188.0713  1182197    3.55%   x(c12_3_c7_3) N  84192  23655     27
  86231 44966        cutoff            195.0000      188.2280  1209295    3.47%      x(Op_c6_2) U  86231  47757     24
  88346 45419      189.1330    39      195.0000      188.3831  1235750    3.39%   x(c5_4_c16_4) D  88346  88345     23
  90513 45905        cutoff            195.0000      188.5000  1262685    3.33%     x(c16_4_Om) U  90513  34107     33
  92637 46309      188.6496    51      195.0000      188.6496  1287834    3.26%   x(c16_3_c8_3) D  92637  45793     18
  94867 46681        cutoff            195.0000      188.7981  1312237    3.18%      x(c8_2_Om) U  94867   8314     41
Elapsed time = 20.34 sec. (41311.23 ticks, tree = 21.04 MB, solutions = 1)
  97179 47090      192.0950    29      195.0000      189.0000  1334847    3.08%  x(c17_4_c13_4) U  97179  97177     26
  99134 47779      189.5095    61      195.0000      189.0000  1366546    3.08%    x(c8_5_c7_5) D  99134  99132     18
 101108 48119      189.2767    51      195.0000      189.0819  1396348    3.03%  x(c10_1_c17_1) U 101108 101107     36
 103953 50017      193.0000    26      195.0000      189.1021  1420307    3.02%     x(Op_c15_3) D 103953 103952     33
 106112 50484    infeasible            195.0000      189.1805  1446021    2.98%   x(c8_3_c15_3) U 106112 106111     41
 108309 50855      189.2969    54      195.0000      189.2969  1470645    2.92%      x(c3_2_Om) U 108309 107189     28
 110481 50950      189.7245    58      195.0000      189.3854  1494246    2.88%   x(c15_3_c8_3) D 110481  92361     42
 112706 51142      193.0000    40      195.0000      189.5000  1515326    2.82%   x(c15_3_c7_3) D 112706  81808     28
 114823 51434      189.8100    60      195.0000      189.5677  1537745    2.79%  x(c12_1_c17_1) D 114823 114822     32
 116975 51593      193.4124    33      195.0000      189.6888  1559717    2.72%   x(c2_4_c14_4) U 116975  80989     25
Elapsed time = 24.71 sec. (50850.68 ticks, tree = 23.17 MB, solutions = 1)
 119143 51596      192.1929    69      195.0000      189.8266  1580045    2.65%      x(Op_c9_5) D 119143  60106     30
 121293 51556      190.0998    35      195.0000      190.0000  1600813    2.56%   x(c15_3_c7_3) U 121293  67226     32
 123235 52044      192.1694    57      195.0000      190.0000  1629685    2.56%    x(c5_4_c6_4) U 123235   9344     12
 125260 52343      190.0661    50      195.0000      190.0665  1654499    2.53%    x(c5_3_c7_3) D 125260  96004     35
 127453 52908      190.4347    62      195.0000      190.1250  1677003    2.50%    x(c8_1_c5_1) D 127453 123279     28
 129546 52803      190.2126    47      195.0000      190.2126  1698744    2.46%     x(c16_3_Om) D 129546 115694     23
 131606 52621        cutoff            195.0000      190.3088  1720615    2.41%     x(Op_c17_4) U 131606 117282     22
 133686 52644      191.6912    62      195.0000      190.3880  1741615    2.37%   x(c15_1_c5_1) U 133686 130683     17
 135857 52586    infeasible            195.0000      190.4846  1762053    2.32%      x(Op_c8_1) D 135857 135856     25
 137981 52601      191.0285    56      195.0000      190.5285  1783133    2.29%    x(c4_5_c8_5) D 137981 137980     23
Elapsed time = 29.03 sec. (60390.56 ticks, tree = 23.73 MB, solutions = 1)
 140225 52929      190.9869    30      195.0000      190.5950  1803039    2.26%     x(Op_c15_1) U 140225 140221     33
 142375 52923      190.6809    47      195.0000      190.6809  1822995    2.21%  x(c17_4_c13_4) D 142375 142373     34
 144525 52640      191.2886    49      195.0000      190.7886  1841949    2.16%    x(c8_5_c7_5) D 144525 124995     21
 146728 52516      190.9086    49      195.0000      190.9086  1859914    2.10%    x(c5_3_c7_3) D 146728 109589     20
 148913 53075      191.0456    17      195.0000      191.0000  1878732    2.05%   x(c6_4_c13_4) N 148913 148912     34
 151263 54710      193.0000    28      195.0000      191.0000  1902528    2.05%    x(c4_5_c8_5) U 151263 151262     25
 153447 55828      191.2280    29      195.0000      191.0000  1928457    2.05%   x(c15_3_c2_3) U 153447 153446     29
 155284 55970      191.6667    34      195.0000      191.0036  1955172    2.05%   x(c16_3_c8_3) D 155284 102702     23
 157583 57281      191.0107    25      195.0000      191.0086  1980949    2.05%     x(Op_c17_4) N 157583 157582     24
 159875 58098      191.4181    72      195.0000      191.0174  2006460    2.04%  x(c16_4_c17_4) U 159875 110782     17
Elapsed time = 33.24 sec. (69930.53 ticks, tree = 26.27 MB, solutions = 1)
 161968 57565        cutoff            195.0000      191.0891  2026647    2.01%   x(c6_1_c10_1) U 161968  77209     16
 163751 58258        cutoff            195.0000      191.1021  2054134    2.00%    x(c8_3_c7_3) U 163751  65363     19
 165777 58647      192.3563    37      195.0000      191.1354  2077059    1.98%     x(Op_c15_3) U 165777 107168     27
 167826 58667      193.9781    64      195.0000      191.1781  2098007    1.96%    x(c5_3_c7_3) D 167826 123554     22
 170084 58578    infeasible            195.0000      191.2138  2114020    1.94%      x(c3_2_Om) D 170084  55407     23
 172235 58183        cutoff            195.0000      191.2637  2132209    1.92%    x(c4_5_c7_5) U 172235 172234     38
 174353 57473        cutoff            195.0000      191.3409  2149701    1.88%   x(c15_1_c5_1) U 174353 107381     37
 176591 56957      191.3919    34      195.0000      191.3919  2168119    1.85%     x(c16_3_Om) D 176591 112224     26
 178740 56516      191.4640    67      195.0000      191.4640  2186027    1.81%    x(c2_4_c6_4) U 178740 175907     25
 180808 56315      191.5839    58      195.0000      191.5043  2204623    1.79%  x(c17_4_c16_4) D 180808 108798     23
Elapsed time = 37.38 sec. (79470.84 ticks, tree = 25.77 MB, solutions = 1)
 182856 56440    infeasible            195.0000      191.5321  2225982    1.78%    x(c7_3_c8_3) U 182856 138034     22
 184950 56061      194.0000    16      195.0000      191.6086  2242627    1.74%     x(Op_c17_4) D 184950 158559     35
 187009 56018        cutoff            195.0000      191.6667  2259785    1.71%   x(c15_1_c5_1) U 187009  98467     18
 189162 55490      191.8979    59      195.0000      191.7553  2275685    1.66%   x(c8_3_c15_3) D 189162  58395     27
 191359 55034        cutoff            195.0000      191.8582  2291205    1.61%    x(c6_4_c2_4) U 191359 191358     37
 193482 54660        cutoff            195.0000      191.9715  2305958    1.55%   x(c6_1_c12_1) U 193482 144386     35
 195632 55372      192.0000    27      195.0000      192.0000  2328156    1.54%   x(c7_3_c12_3) D 195632 195631     43
 197677 55519        cutoff            195.0000      192.0000  2350492    1.54%  x(c12_3_c15_3) U 197677 127471     25
 199680 55404      194.0000    22      195.0000      192.0071  2373570    1.53%     x(Op_c17_4) D 199680 158711     32
 208650 53072      193.1914    34      195.0000      192.1914  2443843    1.44%   x(c6_4_c11_4) U 208650 187543     27
Elapsed time = 42.69 sec. (91871.52 ticks, tree = 24.76 MB, solutions = 1)
 218018 49296      192.4727    26      195.0000      192.4727  2506910    1.30%    x(c5_3_c7_3) U 218018 211016     24
 226925 47864        cutoff            195.0000      192.6425  2574423    1.21%   x(c11_2_c3_2) D 226925  92685     34
 237022 43224      193.0125    19      195.0000      193.0000  2633343    1.03%   x(c11_5_c2_5) D 237022 237018     38
 248030 42481      193.0000    16      195.0000      193.0000  2731993    1.03%   x(c15_3_c2_3) U 248030 199689     28
 258573 41043      193.0000    29      195.0000      193.0000  2821268    1.03%   x(c5_3_c16_3) U 258573 209281     27
 268713 38354        cutoff            195.0000      193.0214  2902622    1.01%    x(c8_5_c7_5) U 268713  61191     22
 281571 30410        cutoff            195.0000      193.1758  2959848    0.94%    x(c5_3_c7_3) D 281571 106004     23
 294076 22036      193.3682    24      195.0000      193.3682  3012727    0.84%   x(c2_4_c11_4) U 294076 294072     31
 305685 13584    infeasible            195.0000      193.6366  3061143    0.70%      x(Op_c3_2) D 305685 273847     32
 319058  3725    infeasible            195.0000      194.0000  3110326    0.51%    x(c4_5_c8_5) U 319058 252991     35
Elapsed time = 58.54 sec. (130021.49 ticks, tree = 4.27 MB, solutions = 1)

Clique cuts applied:  4
Cover cuts applied:  335
Mixed integer rounding cuts applied:  32
Zero-half cuts applied:  5
Gomory fractional cuts applied:  3

Root node processing (before b&c):
  Real time             =    0.03 sec. (47.34 ticks)
Sequential b&c:
  Real time             =   59.43 sec. (132727.51 ticks)
                          ------------
Total (root+branch&cut) =   59.46 sec. (132774.84 ticks)

