Version identifier: 22.1.0.0 | 2022-03-09 | 1a383f8ce
CPXPARAM_Preprocessing_Reduce                    1
CPXPARAM_Preprocessing_Reformulations            0
CPXPARAM_Emphasis_MIP                            2
CPXPARAM_TimeLimit                               7200
CPXPARAM_MIP_Tolerances_AbsMIPGap                0.98999999999999999
CPXPARAM_MIP_Limits_TreeMemory                   20000
Legacy callback                                  BbD
1 of 1 MIP starts provided solutions.
MIP start 'm1' defined initial solution with objective 117.0000.
Tried aggregator 1 time.
MIP Presolve modified 388 coefficients.
Reduced MIP has 546 rows, 458 columns, and 2210 nonzeros.
Reduced MIP has 422 binaries, 0 generals, 0 SOSs, and 0 indicators.
Presolve time = 0.00 sec. (1.52 ticks)
Probing time = 0.00 sec. (0.74 ticks)
Tried aggregator 1 time.
Reduced MIP has 546 rows, 458 columns, and 2210 nonzeros.
Reduced MIP has 422 binaries, 0 generals, 0 SOSs, and 0 indicators.
Presolve time = 0.00 sec. (0.95 ticks)
Probing time = 0.00 sec. (0.76 ticks)
Clique table members: 229.
MIP emphasis: optimality.
MIP search method: traditional branch-and-cut.
Parallel mode: none, using 1 thread.
Root relaxation solution time = 0.00 sec. (0.81 ticks)

        Nodes                                         Cuts/
   Node  Left     Objective  IInf  Best Integer    Best Bound    ItCnt     Gap         Variable B NodeID Parent  Depth

*     0+    0                          117.0000        0.0000           100.00%
      0     0       36.0000    29      117.0000       36.0000       71   69.23%
      0     0       36.0000    27      117.0000       Cuts: 2       74   69.23%
      0     0       36.0912    31      117.0000       Cuts: 7       95   69.15%
      0     0       36.0912    35      117.0000   ZeroHalf: 1      103   69.15%
      0     0       42.0000    26      117.0000    MIRcuts: 1      110   64.10%
      0     0       43.0000    28      117.0000       Cuts: 4      120   63.25%
      0     0       43.0000    32      117.0000   ZeroHalf: 4      133   63.25%
      0     2       43.0000    26      117.0000       48.0000      133   58.97%                        0             0
Elapsed time = 0.03 sec. (43.96 ticks, tree = 0.01 MB, solutions = 1)
    561   516       53.0475    20      117.0000       53.0000     4254   54.70%     x(c11_3_Om) D    561    560     15
   1476  1391       63.6057    26      117.0000       53.4276    11581   54.34%    x(c8_1_c2_1) D   1476   1475     32
   2525  2393       54.0428    23      117.0000       54.0000    17417   53.85%   x(c2_3_c10_3) U   2525   2524     11
*  3000+ 2467                           78.0000       54.0000            30.77%
   3470  2917       59.0000    17       78.0000       54.0412    24329   30.72%   x(c16_3_c7_3) D   3470   3469     14
   4250  3581    infeasible             78.0000       54.7237    32945   29.84%  x(c12_1_c17_1) U   4250   1035     20
   5063  4291       59.3444    25       78.0000       55.0000    41176   29.49%    x(c7_1_c8_1) D   5063   5062     17
   5803  4951        cutoff             78.0000       55.3420    49809   29.05%    x(c8_1_c2_1) U   5803    690     41
   6640  5711       55.8470    48       78.0000       55.7770    56204   28.49%    x(c2_1_c8_1) D   6640   6639     20
   7457  6439       60.3302    35       78.0000       56.0000    63463   28.21%   x(c4_1_c17_1) U   7457   7456     14
  10545  9198       63.2209    22       78.0000       57.0000    90903   26.92%    x(c9_1_c8_1) U  10545  10544     18
Elapsed time = 1.48 sec. (3144.96 ticks, tree = 4.14 MB, solutions = 2)
* 10555  8464      integral     0       72.0000       57.0000    91015   20.83%
  13866 11379       60.0000    26       72.0000       57.2637   120912   20.47%      x(c6_1_Om) U  13866  10758     22
  17218 14176       60.7059    30       72.0000       57.7067   150120   19.85%   x(c7_1_c12_1) U  17218  14609     13
  20471 16887       58.6176    32       72.0000       58.0000   178822   19.44%    x(c6_1_c9_1) U  20471  10754     18
  23743 19314       61.0000    25       72.0000       58.2494   206465   19.10%      x(c6_1_Om) U  23743  18976     19
  26833 21556       65.0000    20       72.0000       58.6667   231942   18.52%    x(c2_3_c9_3) D  26833  26832     25
  29601 23565       63.0000    18       72.0000       59.0000   258952   18.06%   x(c5_3_c16_3) U  29601  29599     33
  32283 25761       69.0000    31       72.0000       59.0000   286988   18.06%   x(c16_3_c6_3) U  32283  32282     21
  35022 28062       59.4228    29       72.0000       59.0000   312809   18.06%    x(c9_1_c8_1) U  35022  35020     20
  37802 30339       59.2494    37       72.0000       59.0251   340834   18.02%    x(c7_1_c6_1) D  37802  37801     20
  40231 31864       59.1318    21       72.0000       59.1318   368835   17.87%   x(c5_3_c15_3) U  40231  31416     16
Elapsed time = 5.86 sec. (12683.29 ticks, tree = 13.83 MB, solutions = 3)
  42819 33608       62.7326    28       72.0000       59.2375   394755   17.73%      x(Op_c7_1) D  42819   7789     20
  45394 35332       70.0214    21       72.0000       59.3333   420973   17.59%    x(c2_3_c6_3) U  45394  45393     15
  48054 36995        cutoff             72.0000       59.4941   445326   17.37%      x(c3_1_Om) D  48054   4721     17
  50770 39065       61.0000    33       72.0000       59.5368   468655   17.31%      x(c7_1_Om) U  50770  21859     14
  53219 40619       63.2000    20       72.0000       59.7197   493234   17.06%   x(c16_3_c6_3) U  53219  53218     16
  55650 42039       65.5986    35       72.0000       59.9582   515839   16.72%   x(c9_1_c12_1) D  55650  55649     41
  57994 43648        cutoff             72.0000       60.0000   541869   16.67%   x(c6_3_c11_3) U  57994  57993     18
  60432 45404       63.1667    22       72.0000       60.0000   566119   16.67%    x(c7_3_c5_3) U  60432  60428     16
  62886 47243       66.5000    18       72.0000       60.0000   590498   16.67%  x(c16_3_c11_3) D  62886  62885     28
  65355 49071       66.0000    29       72.0000       60.0000   614044   16.67%   x(c7_3_c16_3) U  65355  65353     11
Elapsed time = 10.07 sec. (22222.16 ticks, tree = 22.27 MB, solutions = 3)
  67816 50935       63.0000    26       72.0000       60.0000   639060   16.67%   x(c5_3_c15_3) D  67816  50000     22
  69974 52397       63.0713    34       72.0000       60.0713   664818   16.57%    x(c5_3_c6_3) U  69974  69972      9
  72119 53649       60.2249    38       72.0000       60.1318   688690   16.48%    x(c6_1_c7_1) D  72119  72118     23
  74342 54969       61.5000    16       72.0000       60.2000   712403   16.39%  x(c10_3_c11_3) U  74342  74341     17
  76566 56422       65.2637    25       72.0000       60.2637   735822   16.30%   x(c15_2_c6_2) U  76566  76565     24
  78728 57755       60.3017    31       72.0000       60.3017   759410   16.25%    x(c7_3_c5_3) D  78728  44704     16
  80865 58940       67.4489    28       72.0000       60.3967   782522   16.12%   x(c6_3_c10_3) D  80865  80864     22
  83061 60305    infeasible             72.0000       60.4394   805245   16.06%   x(c5_2_c15_2) D  83061  83060     24
  85294 61743       65.0903    24       72.0000       60.5083   827162   15.96%   x(c8_1_c12_1) D  85294  15318     20
  87474 62917       61.5000    17       72.0000       60.6667   847831   15.74%    x(c2_3_c6_3) D  87474  87473     24
Elapsed time = 14.14 sec. (31760.33 ticks, tree = 28.05 MB, solutions = 3)
  89658 64244       66.7862    43       72.0000       60.7933   868436   15.56%   x(c4_1_c17_1) U  89658  20403     17
  91890 65386       63.4000    15       72.0000       61.0000   888291   15.28%   x(c7_3_c15_3) D  91890  23355     20
  93775 66625       65.6667    11       72.0000       61.0000   910995   15.28%    x(c9_3_c5_3) D  93775  93773     19
  95784 67929       62.0000    26       72.0000       61.0000   934889   15.28%   x(c7_3_c16_3) N  95784  95773     18
  97823 69391       64.3844    45       72.0000       61.0000   958608   15.28%   x(c5_3_c17_3) D  97823  97822     24
  99884 70787       64.2500    27       72.0000       61.0000   982351   15.28%    x(c9_3_c5_3) D  99884  99882     19
 102011 72237       68.3333    21       72.0000       61.0000  1004006   15.28%   x(c9_3_c11_3) D 102011 102010     42
 104227 73687       63.0000    28       72.0000       61.0000  1027091   15.28%   x(c2_3_c10_3) D 104227  81446     21
 106390 75068       63.4000    18       72.0000       61.0232  1049340   15.25%   x(c5_3_c17_3) D 106390 106389     21
 108348 75983       63.4713    36       72.0000       61.0713  1072611   15.18%  x(c16_3_c11_3) D 108348 108347     23
Elapsed time = 18.14 sec. (41300.70 ticks, tree = 36.42 MB, solutions = 3)
 110400 77072       66.3529    30       72.0000       61.1034  1094128   15.13%    x(c7_1_c6_1) D 110400 110399     23
 112318 77921       65.6667    21       72.0000       61.1667  1116270   15.05%   x(c6_3_c11_3) D 112318 112316     21
 114292 78871       64.1473    24       72.0000       61.2209  1137822   14.97%     x(Op_c12_3) D 114292  51649     17
 116325 79752        cutoff             72.0000       61.2857  1161019   14.88%   x(c15_2_c4_2) U 116325  98278     23
 118464 80865       61.3365    31       72.0000       61.3365  1184812   14.81%    x(c7_3_c5_3) D 118464 118462     20
 120686 81979       61.4157    26       72.0000       61.4157  1204099   14.70%   x(c7_3_c16_3) D 120686 120684     21
 122936 83057       63.0261    30       72.0000       61.5000  1226760   14.58%    x(c2_1_c7_1) D 122936  34989     20
 124980 84216       62.8000    27       72.0000       61.5556  1246169   14.51%    x(c7_1_c8_1) D 124980  63376     26
 127022 85212        cutoff             72.0000       61.6387  1263699   14.39%   x(c16_3_c9_3) U 127022 127020     29
 129104 86249       65.0000    27       72.0000       61.7178  1282533   14.28%   x(c8_1_c12_1) U 129104   9418     18
Elapsed time = 22.13 sec. (50843.20 ticks, tree = 40.79 MB, solutions = 3)
 131273 87244       62.6330    30       72.0000       61.8000  1301767   14.17%   x(c7_3_c12_3) D 131273 131272     26
 133558 88134       62.1196    41       72.0000       61.9287  1321458   13.99%    x(c6_2_c4_2) D 133558 110860     31
 135485 89133       68.0000    16       72.0000       62.0000  1344289   13.89%    x(c5_3_c6_3) U 135485 134602     26
 137301 90195       66.0000    22       72.0000       62.0000  1367928   13.89%   x(c7_3_c16_3) U 137301  44253     18
 139044 91273       66.0000    18       72.0000       62.0000  1390498   13.89%   x(c5_3_c15_3) N 139044 138834     20
 140789 92401       65.5000    22       72.0000       62.0000  1412562   13.89%    x(c7_3_c5_3) U 140789  84391     19
 142574 93556       68.0000    16       72.0000       62.0000  1433915   13.89%   x(c5_3_c15_3) U 142574 142572     21
 144313 94645       65.0119    20       72.0000       62.0000  1456822   13.89%    x(c5_3_c6_3) D 144313 144312     23
 146096 95856       62.0000    26       72.0000       62.0000  1478746   13.89%   x(c5_3_c15_3) D 146096 146095     15
 147830 96910       63.4822    33       72.0000       62.0000  1500095   13.89%   x(c2_1_c17_1) U 147830 147821     24
Elapsed time = 26.11 sec. (60384.12 ticks, tree = 45.38 MB, solutions = 3)
 149676 98021       63.2732    40       72.0000       62.0000  1522284   13.89%   x(c2_1_c17_1) U 149676 149665     21
 151593 99186       64.4000    30       72.0000       62.0000  1543918   13.89%   x(c5_3_c15_3) U 151593  65643     16
 153480 100335       67.0000    24       72.0000       62.0000  1565200   13.89%   x(c5_3_c15_3) D 153480 153479     17
 155447 101509       63.6667    26       72.0000       62.0000  1586735   13.89%    x(c5_3_c9_3) D 155447 155446     29
 157350 102592       66.3452    31       72.0000       62.0119  1608612   13.87%   x(c15_2_c5_2) D 157350 157349     22
 159170 103545       64.4356    25       72.0000       62.0356  1630259   13.84%   x(c16_3_c7_3) U 159170  33499     19
 160907 104283       67.7500    28       72.0000       62.0665  1651475   13.80%   x(c7_3_c16_3) U 160907 160906     18
 162680 105165       65.3333    33       72.0000       62.0831  1673542   13.77%   x(c8_1_c10_1) U 162680  36703     28
 164715 105799       63.5079    34       72.0000       62.1330  1694970   13.70%    x(c3_3_c2_3) U 164715 126342     17
 166839 106522       70.0000    29       72.0000       62.1900  1715888   13.62%    x(c7_3_c5_3) U 166839 166838     17
Elapsed time = 30.04 sec. (69924.59 ticks, tree = 49.54 MB, solutions = 3)
 168992 107286       65.2209    32       72.0000       62.2209  1736807   13.58%     x(Op_c12_3) U 168992  53397     17
 170998 108048       63.5637    27       72.0000       62.2637  1758947   13.52%   x(c15_2_c4_2) D 170998 170997     22
 173097 109026       62.3529    36       72.0000       62.3270  1778410   13.43%   x(c7_1_c10_1) D 173097 156095     20
 175239 109894        cutoff             72.0000       62.3468  1799184   13.41%   x(c5_3_c17_3) U 175239 175237     25
 177525 110899       62.5000    28       72.0000       62.4000  1817214   13.33%   x(c7_3_c17_3) N 177525 145226     24
 179770 111873        cutoff             72.0000       62.4444  1835849   13.27%    x(c7_1_c9_1) U 179770 133715     31
 182030 112661        cutoff             72.0000       62.5000  1854228   13.19%   x(c5_3_c17_3) U 182030 182028     26
 184123 113723       65.1200    41       72.0000       62.5000  1874951   13.19%   x(c5_3_c15_3) D 184123 184122     25
 186352 114964       66.8282    24       72.0000       62.5083  1895501   13.18%    x(c5_3_c6_3) U 186352 141922     17
 188464 115761       63.3433    37       72.0000       62.5717  1915039   13.09%   x(c7_3_c16_3) D 188464 170678     24
Elapsed time = 33.92 sec. (79466.10 ticks, tree = 53.52 MB, solutions = 3)
 190672 116728       64.0000    24       72.0000       62.6239  1932840   13.02%   x(c16_3_c2_3) D 190672 190671     35
 192800 117640       63.7143    36       72.0000       62.6667  1951684   12.96%    x(c5_3_c9_3) D 192800 192799     23
 194951 118293        cutoff             72.0000       62.7277  1969471   12.88%  x(c16_3_c11_3) U 194951 194949     39
 197080 119090       63.3333    22       72.0000       62.7778  1986029   12.81%   x(c5_3_c17_3) D 197080 197079     27
 199189 119757       67.0000    18       72.0000       62.8333  2004167   12.73%   x(c5_3_c15_3) D 199189 199188     20
 201343 120493        cutoff             72.0000       62.9071  2021765   12.63%    x(c9_3_c5_3) U 201343  26738     25
 203323 121121       69.0000    16       72.0000       63.0000  2041513   12.50%   x(c7_3_c16_3) U 203323  64141     22
 205049 122102       64.0000    16       72.0000       63.0000  2066228   12.50%   x(c16_3_c9_3) N 205049 205048     27
 206735 122983       69.0000    21       72.0000       63.0000  2089858   12.50%   x(c15_2_c4_2) D 206735 206734     25
 214086 126777       68.5000    18       72.0000       63.0000  2181820   12.50%   x(c11_3_c7_3) D 214086 214085     23
Elapsed time = 39.04 sec. (91867.34 ticks, tree = 58.35 MB, solutions = 3)
 221016 130514       68.5000    22       72.0000       63.0000  2262434   12.50%    x(c7_3_c5_3) U 221016 221014     20
 228149 134576        cutoff             72.0000       63.0000  2341196   12.50%   x(c15_3_c5_3) U 228149 228148     38
 235436 137692       64.3927    29       72.0000       63.0784  2424330   12.39%   x(c12_1_c7_1) U 235436  15981     21
 243567 140642       67.5000    16       72.0000       63.2019  2496856   12.22%    x(c5_3_c6_3) U 243567 240341     31
 251537 143534       64.3000    26       72.0000       63.3333  2569814   12.04%   x(c2_3_c10_3) D 251537 200178     31
 259994 146909       63.4162    34       72.0000       63.4162  2635452   11.92%   x(c11_3_c6_3) D 259994 161337     37
 268039 149824       65.6667    31       72.0000       63.5000  2700873   11.81%    x(c3_3_c2_3) U 268039 148358     27
 276254 152707       65.8318    39       72.0000       63.6318  2767270   11.62%   x(c5_3_c15_3) U 276254 270661     24
 284331 155073       64.3684    40       72.0000       63.7500  2833707   11.46%    x(c5_3_c9_3) D 284331 284330     25
 292450 157535       65.1429    27       72.0000       63.9091  2894943   11.24%    x(c6_2_c4_2) D 292450 292449     24
Elapsed time = 54.38 sec. (130017.33 ticks, tree = 76.55 MB, solutions = 3)
 299423 159824       64.0000    19       72.0000       64.0000  2979941   11.11%   x(c17_1_c9_1) D 299423  14357     21
 306516 162515        cutoff             72.0000       64.0000  3066547   11.11%   x(c5_3_c15_3) U 306516 306512     18
 313989 165047       64.0000    27       72.0000       64.0000  3146275   11.11%    x(c5_3_c6_3) D 313989 313988     18
 321123 167138       70.3333    28       72.0000       64.0523  3225750   11.04%    x(c2_3_c7_3) D 321123 321122     23
 328459 168758        cutoff             72.0000       64.1667  3300030   10.88%   x(c5_3_c16_3) U 328459 328457     32
 335922 170840       66.0000    18       72.0000       64.2500  3368734   10.76%   x(c11_3_c6_3) D 335922 335921     31
 343621 172903        cutoff             72.0000       64.3333  3435134   10.65%   x(c5_3_c17_3) U 343621 343619     27
 351255 174892       68.5091    29       72.0000       64.4394  3498619   10.50%   x(c5_3_c17_3) D 351255 351254     28
 358560 176960       68.1425    37       72.0000       64.5000  3561862   10.42%   x(c6_3_c16_3) D 358560 358559     26
 366020 179128       64.6112    30       72.0000       64.6112  3622927   10.26%     x(Op_c17_1) D 366020 256057     30
Elapsed time = 69.61 sec. (168167.04 ticks, tree = 86.30 MB, solutions = 3)
 373578 181206       66.0000    36       72.0000       64.7143  3681234   10.12%    x(c9_3_c5_3) D 373578 373577     32
 380928 182507       70.8165    42       72.0000       64.8285  3737238    9.96%   x(c5_3_c17_3) D 380928 380927     27
 387829 183071       65.0000    19       72.0000       65.0000  3796598    9.72%   x(c5_3_c17_3) D 387829 159369     23
 394071 183787        cutoff             72.0000       65.0000  3861925    9.72%    x(c9_3_c5_3) U 394071 198977     35
 400662 184790        cutoff             72.0000       65.0000  3934453    9.72%   x(c5_3_c17_3) U 400662 400660     22
 407282 185994       65.2209    28       72.0000       65.0000  4004998    9.72%    x(c9_1_c8_1) U 407282  71678     27
 414134 187822    infeasible             72.0000       65.0000  4078888    9.72%   x(c5_3_c16_3) D 414134 414133     23
 420638 188185        cutoff             72.0000       65.0570  4146885    9.64%    x(c6_2_c4_2) U 420638  18972     24
 427296 188039        cutoff             72.0000       65.1568  4208584    9.50%   x(c7_3_c16_3) U 427296 427294     24
 434360 188319       69.3369    29       72.0000       65.2280  4264789    9.41%   x(c6_3_c11_3) D 434360 434359     26
Elapsed time = 84.36 sec. (206317.16 ticks, tree = 90.80 MB, solutions = 3)
 441128 188846       67.4505    20       72.0000       65.3135  4320668    9.29%   x(c17_3_c9_3) U 441128 441127     23
 448192 189472       65.9988    32       72.0000       65.3990  4376432    9.17%   x(c15_2_c5_2) N 448192 383645     27
 454500 189035       71.0000    27       72.0000       65.5000  4430617    9.03%   x(c7_3_c16_3) U 454500 370048     26
 460759 189204        cutoff             72.0000       65.5856  4486849    8.91%    x(c5_3_c9_3) U 460759 259267     26
 467221 189120        cutoff             72.0000       65.6667  4539105    8.80%   x(c2_1_c10_1) U 467221 380149     27
 473573 188623        cutoff             72.0000       65.8000  4590780    8.61%   x(c15_2_c5_2) U 473573 473571     21
 479783 187665       66.0000    16       72.0000       66.0000  4642503    8.33%   x(c12_3_c7_3) D 479783 277327     16
 485920 186358       70.0000    17       72.0000       66.0000  4699007    8.33%   x(c6_3_c10_3) N 485920 485919     36
 492068 185418        cutoff             72.0000       66.0000  4756727    8.33%      x(c7_1_Om) U 492068 354961     29
 498481 185156        cutoff             72.0000       66.0000  4817365    8.33%   x(c5_3_c17_3) U 498481 498479     24
Elapsed time = 98.96 sec. (244468.64 ticks, tree = 92.00 MB, solutions = 3)
 504962 183668        cutoff             72.0000       66.0760  4877325    8.23%    x(c6_2_c4_2) U 504962 478737     21
 511523 182623        cutoff             72.0000       66.1995  4928605    8.06%    x(c9_3_c5_3) U 511523 290694     23
 517904 182108        cutoff             72.0000       66.2637  4973981    7.97%  x(c12_3_c16_3) U 517904 517903     28
 524468 181345       66.3333    35       72.0000       66.3333  5020940    7.87%   x(c8_1_c10_1) U 524468 198133     21
 530904 180272        cutoff             72.0000       66.4545  5067508    7.70%    x(c5_3_c6_3) U 530904 530902     33
 537265 180029        cutoff             72.0000       66.5000  5115104    7.64%   x(c7_3_c16_3) U 537265 446623     29
 543685 179511       67.3486    35       72.0000       66.6000  5163024    7.50%    x(c8_1_c6_1) U 543685  10011     22
 550261 179026       66.6667    33       72.0000       66.6667  5206654    7.41%   x(c6_2_c15_2) U 550261 377608     25
 556896 178202        cutoff             72.0000       66.7857  5252850    7.24%   x(c6_3_c16_3) U 556896 556894     24
 563454 176709       66.9658    32       72.0000       66.9658  5296228    6.99%    x(c9_3_c5_3) D 563454 541876     39
Elapsed time = 113.29 sec. (282618.66 ticks, tree = 88.86 MB, solutions = 3)
 570224 174381       67.0000    20       72.0000       67.0000  5345284    6.94%   x(c5_3_c15_3) D 570224 570223     22
 576987 172528        cutoff             72.0000       67.0000  5397858    6.94%    x(c7_1_c2_1) U 576987 355264     25
 583878 171145        cutoff             72.0000       67.0000  5451872    6.94%   x(c12_3_c9_3) U 583878 370451     35
 590450 170251       67.0036    24       72.0000       67.0036  5508618    6.94%    x(c5_3_c6_3) D 590450 155849     17
 597573 167415       67.1105    26       72.0000       67.1105  5558624    6.79%    x(c9_3_c5_3) D 597573 544225     22
 604468 165688       69.5000    35       72.0000       67.2143  5604246    6.65%   x(c16_3_c6_3) U 604468 441323     23
 611485 163771        cutoff             72.0000       67.3333  5647729    6.48%   x(c6_3_c10_3) U 611485 560322     23
 618547 162773       67.8210    38       72.0000       67.3448  5689797    6.47%   x(c9_3_c16_3) N 618547 618546     24
 625428 160870       69.5000    18       72.0000       67.5000  5732471    6.25%    x(c3_3_c2_3) U 625428  29406     15
 632280 160389       68.0000    27       72.0000       67.5000  5774053    6.25%   x(c17_1_c6_1) D 632280 632278     28
Elapsed time = 127.22 sec. (320771.07 ticks, tree = 82.20 MB, solutions = 3)
 638805 159089        cutoff             72.0000       67.5825  5817722    6.14%   x(c4_2_c15_2) U 638805 117432     19
 645642 157500       71.0000    24       72.0000       67.6667  5856573    6.02%   x(c15_3_c5_3) D 645642 645640     21
 652769 156167       69.5000    27       72.0000       67.7778  5899342    5.86%      x(c7_1_Om) D 652769 652768     36
 659638 153563        cutoff             72.0000       68.0000  5938141    5.56%    x(c5_3_c9_3) U 659638 438095     24
 666584 151397        cutoff             72.0000       68.0000  5976708    5.56%  x(c12_3_c16_3) U 666584 666582     36
 673669 149263       68.0000    22       72.0000       68.0000  6017279    5.56%      x(c9_1_Om) U 673669  20740     22
 680783 146935        cutoff             72.0000       68.0000  6060875    5.56%    x(c2_3_c7_3) U 680783 534042     33
 687851 145052       68.0000    18       72.0000       68.0000  6106849    5.56%   x(c7_3_c15_3) U 687851 687847     36
 694974 143214        cutoff             72.0000       68.0018  6157027    5.55%   x(c15_2_c4_2) U 694974  41857     17
 702038 139872    infeasible             72.0000       68.1140  6197126    5.40%      x(c9_1_Om) U 702038 652823     25
Elapsed time = 141.00 sec. (358921.92 ticks, tree = 73.61 MB, solutions = 3)
 708512 137186    infeasible             72.0000       68.2280  6231085    5.24%   x(c7_3_c16_3) U 708512 408221     26
 714524 134637       69.0784    21       72.0000       68.3284  6261585    5.10%     x(Op_c16_3) D 714524 629530     31
 719651 132387       71.0000    23       72.0000       68.3333  6286710    5.09%   x(c9_1_c12_1) N 719651 320972     17
 725338 129662       68.5000    17       72.0000       68.5000  6315662    4.86%      x(c9_1_Om) N 725338 625380     25
 730262 128095       68.5000    18       72.0000       68.5000  6340326    4.86%   x(c2_3_c10_3) D 730262 730260     30
 735416 126802        cutoff             72.0000       68.5000  6367875    4.86%   x(c17_3_c5_3) U 735416 735414     25
 742155 124401        cutoff             72.0000       68.5867  6404912    4.74%   x(c5_3_c17_3) U 742155 240378     43
 748307 121337        cutoff             72.0000       68.6667  6434081    4.63%    x(c9_3_c7_3) U 748307 255734     47
 754825 118597        cutoff             72.0000       68.8000  6464667    4.44%    x(c9_3_c2_3) U 754825 614847     29
 760957 115422        cutoff             72.0000       69.0000  6491591    4.17%   x(c12_3_c3_3) N 760957 760956     26
Elapsed time = 154.79 sec. (397072.71 ticks, tree = 63.12 MB, solutions = 3)
 766346 112682        cutoff             72.0000       69.0000  6517119    4.17%   x(c6_3_c10_3) U 766346 766345     33
 771790 109842        cutoff             72.0000       69.0000  6543395    4.17%   x(c15_3_c5_3) U 771790 771779     24
 777783 107040       69.0784    18       72.0000       69.0000  6572834    4.17%   x(c7_3_c12_3) N 777783 626289     25
 784685 103807       71.0000    26       72.0000       69.0000  6608059    4.17%    x(c7_3_c5_3) N 784685 641014     21
 791781 100753       70.0000    12       72.0000       69.0000  6647498    4.17%   x(c2_3_c10_3) U 791781 791779     33
 798215 96802        cutoff             72.0000       69.1105  6677505    4.01%   x(c10_3_c9_3) U 798215 701738     42
 804212 92868        cutoff             72.0000       69.2500  6703559    3.82%   x(c5_3_c17_3) U 804212 456174     20
 810408 88968       69.3333    23       72.0000       69.3333  6728605    3.70%   x(c16_3_c7_3) N 810408 680051     28
 815963 85308        cutoff             72.0000       69.5000  6751959    3.47%  x(c16_3_c12_3) U 815963 727405     34
 821420 82405        cutoff             72.0000       69.5000  6775564    3.47%   x(c12_3_c9_3) U 821420 575383     32
Elapsed time = 168.32 sec. (435224.32 ticks, tree = 48.71 MB, solutions = 3)
 826701 80052       71.0000    29       72.0000       69.5000  6799715    3.47%  x(c11_3_c15_3) N 826701 826700     29
 832132 76754       69.6000    29       72.0000       69.6000  6824531    3.33%    x(c7_3_c5_3) N 832132 391587     35
 837883 72821        cutoff             72.0000       69.7355  6847355    3.15%     x(Op_c17_1) N 837883 589610     45
 843691 68617       69.9970    35       72.0000       69.9970  6868317    2.78%   x(c2_3_c16_3) D 843691 803871     33
 849432 65002        cutoff             72.0000       70.0000  6896699    2.78%   x(c16_3_c6_3) U 849432 849425     27
 855232 61220       70.0000    19       72.0000       70.0000  6923232    2.78%    x(c9_1_c6_1) N 855232 754157     22
 861054 57518        cutoff             72.0000       70.0000  6949041    2.78%  x(c12_3_c17_3) N 861054 313218     24
 866826 53789        cutoff             72.0000       70.0000  6975229    2.78%   x(c12_3_c9_3) N 866826 516164     27
 872735 49992        cutoff             72.0000       70.0000  7002778    2.78%   x(c16_3_c6_3) D 872735 872734     27
 878818 45792    infeasible             72.0000       70.0594  7029213    2.70%    x(c5_3_c7_3) D 878818 878817     29
Elapsed time = 181.77 sec. (473376.04 ticks, tree = 32.57 MB, solutions = 3)
 885193 41020        cutoff             72.0000       70.2000  7052190    2.50%   x(c15_3_c5_3) U 885193 623036     27
 891658 35751        cutoff             72.0000       70.3333  7072707    2.31%    x(c7_1_c9_1) U 891658 516734     36
 898074 30452    infeasible             72.0000       70.5000  7092909    2.08%    x(c2_3_c9_3) D 898074 898073     34
 904225 25739        cutoff             72.0000       70.5714  7114208    1.98%    x(c5_3_c9_3) U 904225 145668     28
 910874 20012        cutoff             72.0000       70.8000  7131901    1.67%    x(c9_1_c6_1) U 910874 722220     21
 917860 14115        cutoff             72.0000       71.0000  7153822    1.39%   x(c16_3_c6_3) D 917860 917858     34
 924732  8391    infeasible             72.0000       71.0000  7176228    1.39%   x(c17_3_c5_3) U 924732 601782     26
 931496  2977    infeasible             72.0000       71.0000  7199958    1.39%    x(c7_3_c5_3) D 931496 931494     24

Clique cuts applied:  3
Cover cuts applied:  400
Flow cuts applied:  2
Mixed integer rounding cuts applied:  64
Zero-half cuts applied:  4
Gomory fractional cuts applied:  2

Root node processing (before b&c):
  Real time             =    0.03 sec. (44.19 ticks)
Sequential b&c:
  Real time             =  192.96 sec. (507723.94 ticks)
                          ------------
Total (root+branch&cut) =  192.98 sec. (507768.13 ticks)

