Version identifier: 22.1.0.0 | 2022-03-09 | 1a383f8ce
CPXPARAM_Preprocessing_Reduce                    1
CPXPARAM_Preprocessing_Reformulations            0
CPXPARAM_Emphasis_MIP                            2
CPXPARAM_TimeLimit                               7200
CPXPARAM_MIP_Tolerances_AbsMIPGap                0.98999999999999999
CPXPARAM_MIP_Limits_TreeMemory                   20000
Legacy callback                                  BbD
1 of 1 MIP starts provided solutions.
MIP start 'm1' defined initial solution with objective 195.0000.
Tried aggregator 1 time.
MIP Presolve modified 872 coefficients.
Reduced MIP has 1296 rows, 1006 columns, and 5122 nonzeros.
Reduced MIP has 938 binaries, 0 generals, 0 SOSs, and 0 indicators.
Presolve time = 0.00 sec. (3.08 ticks)
Probing time = 0.00 sec. (1.85 ticks)
Tried aggregator 1 time.
Reduced MIP has 1296 rows, 1006 columns, and 5122 nonzeros.
Reduced MIP has 938 binaries, 0 generals, 0 SOSs, and 0 indicators.
Presolve time = 0.00 sec. (1.93 ticks)
Probing time = 0.00 sec. (1.90 ticks)
Clique table members: 487.
MIP emphasis: optimality.
MIP search method: traditional branch-and-cut.
Parallel mode: none, using 1 thread.
Root relaxation solution time = 0.00 sec. (2.06 ticks)

        Nodes                                         Cuts/
   Node  Left     Objective  IInf  Best Integer    Best Bound    ItCnt     Gap         Variable B NodeID Parent  Depth

*     0+    0                          195.0000        0.0000           100.00%
      0     0       46.0000    39      195.0000       46.0000      148   76.41%
      0     0       46.0000    19      195.0000    Cliques: 2      156   76.41%
      0     0       46.0000    21      195.0000       Cuts: 5      163   76.41%
      0     0       46.0000    16      195.0000       Cuts: 2      168   76.41%
      0     0       46.0000    19      195.0000   ZeroHalf: 2      172   76.41%
*     0+    0                           97.0000       46.0000            52.58%
      0     0  -1.00000e+75     0       97.0000       46.0000      172   52.58%
      0     2       46.0000    12       97.0000       46.0000      172   52.58%                        0             0
Elapsed time = 0.09 sec. (127.13 ticks, tree = 0.01 MB, solutions = 2)
    140   105       46.0000    16       97.0000       46.0000      869   52.58%    x(c4_1_c7_1) N    140      1      2
    515   471       46.1235    45       97.0000       46.0000     3003   52.58%  x(c16_1_c15_1) U    515    475     15
*  1000+  913                           89.0000       46.0000            48.31%
   1000   915       46.2138    45       89.0000       46.0000     5550   48.31%   x(c8_1_c15_1) D   1000    999     15
   1560  1448       46.2280    29       89.0000       46.0000     8676   48.31%   x(c13_1_c7_1) D   1560   1559     23
*  2000+ 1725                           78.0000       46.0000            41.03%
   2000  1727       59.0000    20       78.0000       46.0000    11055   41.03%   x(c17_1_c4_1) U   2000   1998     15
   2629  2331       56.0000    28       78.0000       46.0684    14692   40.94%     x(c16_5_Om) D   2629   2628     16
   3200  2850       46.2280    26       78.0000       46.2280    18167   40.73%    x(c7_2_c6_2) U   3200    383     11
   3822  3394       46.5986    41       78.0000       46.5131    20934   40.37%   x(c11_1_c7_1) D   3822   3821     20
   4388  3865       46.7838    58       78.0000       46.5558    23240   40.31%    x(c9_4_c4_4) D   4388   4387     27
   6249  5420       58.0000    29       78.0000       52.0000    41106   33.33%    x(c9_1_c4_1) U   6249   2711     15
Elapsed time = 1.41 sec. (3317.36 ticks, tree = 3.82 MB, solutions = 4)
   7966  6860       59.0855    39       78.0000       54.0000    63011   30.77%  x(c13_1_c15_1) U   7966   1156     18
   9692  8259       61.1853    30       78.0000       54.0000    88819   30.77%    x(c9_1_c6_1) U   9692   4337     42
  11791  9974       56.2993    38       78.0000       56.0000   113182   28.21%   x(c11_1_c6_1) D  11791  11790     25
  14190 12141       69.0000    30       78.0000       56.0000   135246   28.21%    x(c6_4_c4_4) U  14190  14189     40
  16455 14185       56.1354    33       78.0000       56.0713   155756   28.11%   x(c11_5_c7_5) D  16455  16454     30
  18955 16332       56.1781    31       78.0000       56.1354   176277   28.03%   x(c7_2_c15_2) U  18955  16739     39
  21104 18167       56.3705    50       78.0000       56.1710   194386   27.99%  x(c12_4_c16_4) D  21104  21103     20
  23219 19820       72.1425    45       78.0000       56.2280   216279   27.91%   x(c7_5_c15_5) D  23219  13354     20
  25423 21518       56.3705    44       78.0000       56.3135   236437   27.80%   x(c7_5_c16_5) U  25423  25422     12
  27544 23042       56.5131    60       78.0000       56.3919   253209   27.70%   x(c5_3_c16_3) D  27544  27543     17
Elapsed time = 5.43 sec. (12856.70 ticks, tree = 16.42 MB, solutions = 4)
  30000 24884       56.5131    53       78.0000       56.5131   270312   27.55%    x(c9_4_c4_4) D  30000  24089     24
  32477 26646       56.6698    38       78.0000       56.6698   285568   27.35%  x(c10_4_c15_4) D  32477  32476     41
  34804 28205       72.6770    67       78.0000       56.9762   300075   26.95%   x(c13_1_c7_1) N  34804  34655     56
  36531 29187       70.6176    40       78.0000       57.1853   325830   26.69%    x(c8_1_c7_1) U  36531  36529     20
  38248 30207       74.7601    42       78.0000       58.0000   349712   25.64%  x(c15_1_c11_1) D  38248  38247     72
  40000 31552       58.5558    57       78.0000       58.0214   374868   25.61%    x(c6_4_c4_4) U  40000  39999     22
  41552 32719       72.0428    40       78.0000       58.1330   402083   25.47%   x(c9_1_c16_1) U  41552  12695     25
  43120 33806       72.1995    55       78.0000       58.1710   431553   25.42%    x(c4_4_c7_4) U  43120  43119     15
  44774 34884       68.6770    58       78.0000       58.2993   457167   25.26%   x(c6_1_c13_1) D  44774  44773     34
  46320 35727       60.6849    56       78.0000       58.4347   479273   25.08%    x(c8_4_c7_4) D  46320  46318     25
Elapsed time = 9.50 sec. (22485.69 ticks, tree = 26.27 MB, solutions = 4)
  48000 36943       64.6603    50       78.0000       58.5416   500623   24.95%   x(c8_4_c12_4) D  48000  47999     15
  49820 37869       62.4846    52       78.0000       58.6556   523027   24.80%    x(c4_4_c6_4) U  49820  46991     24
  51641 38829    infeasible             78.0000       58.9121   541396   24.47%    x(c4_5_c7_5) U  51641  51640     48
  53280 40054       73.0000    36       78.0000       59.0000   565436   24.36%     x(c16_1_Om) D  53280  53279     24
  55088 41588       59.1995    28       78.0000       59.0000   590407   24.36%   x(c15_4_c7_4) U  55088  55060     18
  56647 42778       59.0000    22       78.0000       59.0000   617060   24.36%    x(c4_4_c7_4) U  56647  56630     22
  58315 44137       73.4656    59       78.0000       59.0000   642876   24.36%    x(c6_1_c9_1) U  58315  58313     34
  60169 45662       59.3848    44       78.0000       59.0000   669782   24.36%    x(c4_4_c8_4) D  60169  60168     22
  61842 46991       59.0713    31       78.0000       59.0000   695013   24.36%    x(c4_4_c6_4) D  61842  61841     14
  63518 48364       75.0000    50       78.0000       59.0000   719864   24.36%    x(c8_4_c6_4) D  63518  63517     17
Elapsed time = 13.51 sec. (32032.86 ticks, tree = 34.75 MB, solutions = 4)
  65000 49548       59.0998    31       78.0000       59.0000   744300   24.36%    x(c4_4_c9_4) D  65000  64999     18
  66676 50866       62.0000    48       78.0000       59.0000   770705   24.36%    x(c4_1_c9_1) U  66676  10775     18
  68339 52219       59.1140    32       78.0000       59.0000   793480   24.36%    x(c6_3_c4_3) D  68339  68338     53
  70000 53569       60.6667    50       78.0000       59.0000   816292   24.36%   x(c7_5_c16_5) D  70000  69999     10
  71489 54752       61.9568    48       78.0000       59.0000   840522   24.36%    x(c6_4_c4_4) U  71489  71482     16
  72891 55860       62.5000    27       78.0000       59.0342   865508   24.32%    x(c6_4_c4_4) U  72891  64773     15
  74528 57185       71.3705    34       78.0000       59.0534   888078   24.29%   x(c5_3_c16_3) U  74528  68311     26
  75845 58081       64.5273    51       78.0000       59.0713   908441   24.27%    x(c4_1_c7_1) U  75845   9350     25
  77198 59017       75.7807    34       78.0000       59.0855   931892   24.25%    x(c4_5_c7_5) U  77198  52997     24
  78433 59758       62.0143    74       78.0000       59.0926   958931   24.24%  x(c10_1_c16_1) D  78433  20753     30
Elapsed time = 17.60 sec. (41576.95 ticks, tree = 42.46 MB, solutions = 4)
  79755 60495       75.4133    62       78.0000       59.1354   983245   24.19%   x(c6_3_c17_3) U  79755  13892     24
  81380 61641       63.1995    78       78.0000       59.1425  1005804   24.18%    x(c8_4_c6_4) D  81380  81379     36
  82761 62385       71.1140    42       78.0000       59.1710  1028486   24.14%    x(c4_4_c9_4) U  82761  55216     12
  84107 63149       73.2494    55       78.0000       59.1853  1051189   24.12%    x(c8_4_c4_4) U  84107  84106     26
  85543 64000       59.3515    36       78.0000       59.1995  1071625   24.10%   x(c6_4_c12_4) D  85543  85542     68
  87068 64974        cutoff             78.0000       59.2209  1090542   24.08%   x(c6_1_c13_1) U  87068  19242     34
  88619 65744       75.1853    47       78.0000       59.2470  1109979   24.04%   x(c12_4_c6_4) U  88619  84417     47
  90178 66474       75.0285    49       78.0000       59.2993  1130653   23.98%     x(c15_1_Om) D  90178  57685     20
  91759 67219       59.3563    53       78.0000       59.3563  1149281   23.90%    x(c8_4_c7_4) D  91759  91758     29
  93413 67945       63.9897    47       78.0000       59.4133  1168240   23.83%     x(c16_1_Om) N  93413  60169     23
Elapsed time = 21.58 sec. (51119.80 ticks, tree = 50.93 MB, solutions = 4)
  95031 68777       67.1568    53       78.0000       59.4917  1184583   23.73%    x(c6_4_c4_4) U  95031  72950     24
  96767 69417       75.3420    53       78.0000       59.5986  1204184   23.59%     x(Op_c15_4) U  96767  96725     27
  98663 69981       67.2280    59       78.0000       59.7379  1221573   23.41%    x(c6_4_c4_4) U  98663  71211     21
 100615 70643       60.0000    43       78.0000       60.0000  1238679   23.08%    x(c7_4_c4_4) D 100615 100614     20
 101845 71476        cutoff             78.0000       60.0000  1269635   23.08%    x(c4_1_c9_1) D 101845 101844     29
 103135 72365       64.0896    80       78.0000       60.0000  1296620   23.08%   x(c4_4_c16_4) U 103135 103125     28
 104106 72953       76.0570    55       78.0000       60.0713  1321686   22.99%    x(c7_2_c6_2) D 104106 104105     27
 105048 73229        cutoff             78.0000       60.1259  1344961   22.92%  x(c10_4_c16_4) U 105048  36071     54
 106239 73647       60.3254    52       78.0000       60.1710  1374054   22.86%    x(c7_2_c6_2) D 106239 106238     24
 107562 74311       71.1473    45       78.0000       60.1995  1400497   22.82%   x(c17_5_c7_5) U 107562  19565     32
Elapsed time = 25.65 sec. (60661.59 ticks, tree = 55.34 MB, solutions = 4)
 109118 75058       72.0950    66       78.0000       60.3325  1423804   22.65%    x(c4_1_c6_1) N 109118   8604     31
 110547 75665       61.5511    64       78.0000       60.4917  1445844   22.45%    x(c6_4_c4_4) D 110547 110546     34
 112000 76267       60.7316    61       78.0000       60.6093  1469852   22.30%   x(c2_4_c16_4) D 112000 111999     41
 113338 76710       69.0000    59       78.0000       60.8337  1488392   22.01%      x(Op_c7_1) U 113338 113337     25
 114483 77281       65.7522    42       78.0000       61.0000  1514566   21.79%    x(c4_4_c7_4) D 114483 114482     19
 115600 77790       61.5713    47       78.0000       61.0713  1542421   21.70%    x(c6_4_c4_4) D 115600 114314     18
 116836 78094       68.0000    50       78.0000       61.0998  1569782   21.67%    x(c4_4_c6_4) U 116836 114588     14
 117992 78444       62.0000    54       78.0000       61.1690  1595972   21.58%    x(c9_4_c4_4) D 117992  60760     15
 119246 78705       76.0713    50       78.0000       61.2423  1620722   21.48%    x(c9_1_c4_1) U 119246  80594     28
 120619 78949       75.1853    29       78.0000       61.3848  1641720   21.30%      x(Op_c6_4) U 120619  51949     37
Elapsed time = 29.76 sec. (70231.41 ticks, tree = 58.61 MB, solutions = 4)
 122068 79260       71.1140    37       78.0000       61.5582  1664487   21.08%    x(c4_4_c8_4) U 122068  55548     21
 123537 79532       71.1140    38       78.0000       61.9342  1685132   20.60%    x(c9_4_c4_4) U 123537  70914     23
 124728 80201       63.0909    46       78.0000       62.0000  1714996   20.51%    x(c4_4_c6_4) D 124728 110991     20
 125995 80992       62.0238    49       78.0000       62.0000  1743410   20.51%    x(c4_4_c6_4) N 125995 125993     19
 127226 81757       74.4133    68       78.0000       62.0000  1770682   20.51%    x(c4_4_c9_4) U 127226 127225     41
 128467 82468       73.4000    77       78.0000       62.0404  1795664   20.46%    x(c6_4_c4_4) D 128467  77114     35
 129553 82831       75.0000    52       78.0000       62.0926  1821134   20.39%   x(c6_3_c10_3) N 129553  64745     35
 130779 83136       74.1924    59       78.0000       62.1425  1846577   20.33%    x(c4_4_c6_4) U 130779  42715     17
 131960 83670        cutoff             78.0000       62.1710  1869409   20.29%     x(Op_c16_1) U 131960  54084     24
 133289 84059       75.0000    54       78.0000       62.2280  1894726   20.22%   x(c4_4_c16_4) D 133289   9806     34
Elapsed time = 33.78 sec. (79776.98 ticks, tree = 62.19 MB, solutions = 4)
 134638 84518       74.5772    55       78.0000       62.3135  1919246   20.11%   x(c4_3_c16_3) U 134638  43598     20
 136037 85100       68.4418    54       78.0000       62.3705  1939563   20.04%    x(c7_4_c4_4) U 136037 136013     27
 137594 85540    infeasible             78.0000       62.4759  1961241   19.90%    x(c9_4_c4_4) U 137594 137593     19
 138968 86166        cutoff             78.0000       62.5273  1981326   19.84%    x(c6_3_c5_3) U 138968 138967     18
 140492 86408       67.0119    64       78.0000       62.6413  1998495   19.69%  x(c17_1_c16_1) D 140492 140491     37
 142044 86685       72.6841    44       78.0000       62.8266  2017404   19.45%   x(c6_1_c11_1) D 142044 142043     44
 143286 87186       73.0000    28       78.0000       63.0000  2034514   19.23%    x(c4_4_c8_4) N 143286  68201     22
 144470 87798       76.5843    45       78.0000       63.0273  2054608   19.20%    x(c7_4_c6_4) U 144470 144469     17
 145697 88337       74.4276    56       78.0000       63.0792  2078171   19.13%    x(c8_4_c4_4) U 145697 145695     34
 151243 89721       65.5558    48       78.0000       63.4561  2159441   18.65%    x(c4_4_c8_4) D 151243 141731     51
Elapsed time = 38.93 sec. (92181.66 ticks, tree = 66.21 MB, solutions = 4)
 157085 91487        cutoff             78.0000       64.0000  2233959   17.95%    x(c7_4_c4_4) U 157085 138273     25
 161958 92971       72.1354    60       78.0000       64.2423  2325180   17.64%    x(c6_4_c4_4) U 161958 127033     21
 167387 93796    infeasible             78.0000       64.8257  2400408   16.89%    x(c4_4_c8_4) U 167387 167386     26
 172330 95570       74.8931    55       78.0000       65.1069  2485373   16.53%     x(c16_1_Om) D 172330 172329     25
 177903 97335       75.1250    48       78.0000       65.3563  2555666   16.21%   x(c8_1_c11_1) N 177903  42552     21
 183542 98567       67.8926    62       78.0000       65.9335  2621153   15.47%  x(c15_1_c16_1) D 183542 150218     30
 188404 100676       71.9976    36       78.0000       66.0356  2704718   15.34%    x(c6_4_c7_4) D 188404 188403     19
 193756 101531       66.3705    75       78.0000       66.2993  2777074   15.00%    x(c4_4_c6_4) D 193756 138921     12
 199530 102491       67.0000    42       78.0000       66.6667  2839704   14.53%    x(c4_4_c9_4) D 199530 186348     26
 204302 103460       72.6841    76       78.0000       67.0261  2910771   14.07%   x(c16_3_c6_3) D 204302 182120     26
Elapsed time = 54.62 sec. (130338.61 ticks, tree = 76.08 MB, solutions = 4)
 209818 104317       75.0926    30       78.0000       67.2067  2980356   13.84%   x(c9_4_c16_4) U 209818  90787     38
 215084 104235       69.5748    62       78.0000       67.8329  3041687   13.03%    x(c4_4_c9_4) D 215084 130787     21
 219641 105210       74.0143    63       78.0000       68.0713  3123620   12.73%   x(c16_5_c5_5) U 219641  11675     43
 224552 104937       76.3824    61       78.0000       68.2581  3196465   12.49%   x(c11_4_c6_4) U 224552 224551     31
 230017 104473       75.3634    45       78.0000       68.5629  3256280   12.10%    x(c6_4_c4_4) U 230017 229943     47
 235333 104334       75.1568    57       78.0000       69.0000  3322431   11.54%    x(c4_4_c6_4) U 235333 235326     32
 240099 105684       69.0000    52       78.0000       69.0000  3395619   11.54%    x(c7_2_c6_2) U 240099 240092     29
 244948 105510       76.2138    37       78.0000       69.1496  3462912   11.35%   x(c6_1_c15_1) D 244948 244947     26
 251138 103771        cutoff             78.0000       69.3848  3511013   11.05%    x(c9_1_c4_1) U 251138  75165     20
 256785 102819       70.6295    53       78.0000       70.0000  3567407   10.26%    x(c8_1_c4_1) U 256785  17473     27
Elapsed time = 69.51 sec. (168491.63 ticks, tree = 76.18 MB, solutions = 4)
 261107 103025       72.1568    44       78.0000       70.0000  3649002   10.26%   x(c10_4_c6_4) D 261107 261105     45
 266007 103083        cutoff             78.0000       70.1055  3720201   10.12%    x(c8_1_c4_1) U 266007 161484     26
 271279 102291       76.1568    63       78.0000       70.2565  3777573    9.93%    x(c4_1_c9_1) D 271279 271277     26
 277051 101731       75.0000    40       78.0000       70.5000  3826219    9.62%     x(c16_5_Om) U 277051 218468     22
 282996 101347        cutoff             78.0000       70.9406  3875089    9.05%    x(c8_4_c4_4) D 282996 123623     58
 287568 101401        cutoff             78.0000       71.0143  3946705    8.96%   x(c16_3_c6_3) U 287568 287566     40
 292831 100416       76.1900    61       78.0000       71.2245  4002600    8.69%    x(c7_4_c6_4) U 292831 218784     33
 298905 98845        cutoff             78.0000       71.5143  4048978    8.32%    x(c7_4_c4_4) U 298905 277087     26
 304976 98067       74.3135    47       78.0000       72.0000  4086211    7.69%   x(c16_5_c8_5) U 304976  41478     23
 309957 97104       73.2375    43       78.0000       72.0143  4150458    7.67%   x(c6_4_c16_4) D 309957 309956     30
Elapsed time = 83.78 sec. (206642.74 ticks, tree = 72.84 MB, solutions = 4)
 315550 95561    infeasible             78.0000       72.1425  4196349    7.51%     x(c15_1_Om) U 315550 230813     12
 321746 92652       75.6162    54       78.0000       72.3278  4236780    7.27%     x(c16_5_Om) U 321746 232474     24
 327679 90469        cutoff             78.0000       72.5416  4276740    7.00%    x(c4_4_c6_4) U 327679 327677     67
 334319 87776    infeasible             78.0000       73.0000  4313811    6.41%   x(c15_4_c7_4) U 334319 334317     30
 340227 86066    infeasible             78.0000       73.0000  4369161    6.41%    x(c9_4_c4_4) D 340227 340226     29
 346344 84428       73.0000    28       78.0000       73.0000  4424934    6.41%     x(c16_1_Om) U 346344  56900     18
 352362 83010    infeasible             78.0000       73.0000  4480882    6.41%    x(c9_4_c6_4) U 352362 352354     25
 358619 81572    infeasible             78.0000       73.0000  4532848    6.41%   x(c9_4_c15_4) U 358619 357797     23
 364679 80421        cutoff             78.0000       73.0000  4586641    6.41%   x(c6_4_c16_4) U 364679 364677     19
 370724 79353       73.0000    26       78.0000       73.0000  4639467    6.41%     x(c16_1_Om) U 370724 370718     23
Elapsed time = 97.21 sec. (244795.03 ticks, tree = 61.02 MB, solutions = 4)
 376050 78897       73.0000    52       78.0000       73.0000  4689136    6.41%    x(c4_4_c8_4) D 376050 287706     31
 380923 78020       73.0855    47       78.0000       73.0641  4738293    6.33%     x(Op_c16_5) D 380923 380922     17
 386655 76466       73.3088    30       78.0000       73.1615  4779230    6.20%    x(c6_4_c4_4) D 386655 344224     28
 393011 75855       73.2375    29       78.0000       73.2375  4810270    6.11%  x(c12_4_c15_4) D 393011 393010     29
 400170 75239       73.2375    45       78.0000       73.2375  4831838    6.11%    x(c2_4_c7_4) D 400170 400169     25
 406586 74130       73.3088    45       78.0000       73.3088  4857003    6.01%      x(Op_c8_1) D 406586 401150     23
 412924 72407       73.4157    48       78.0000       73.4157  4883149    5.88%   x(c11_4_c7_4) D 412924 412923     22
 419086 70968        cutoff             78.0000       73.5986  4914643    5.64%  x(c15_1_c11_1) D 419086  37370     26
 425528 68770        cutoff             78.0000       73.8907  4940772    5.27%    x(c2_4_c7_4) U 425528 425520     37
 430495 68161       77.0000    44       78.0000       74.0000  4985066    5.13%      x(Op_c6_1) N 430495 430494     30
Elapsed time = 110.67 sec. (282948.72 ticks, tree = 53.50 MB, solutions = 4)
 435133 67672       74.1900    42       78.0000       74.0000  5031547    5.13%    x(c8_1_c4_1) D 435133 179443     25
 439995 66723        cutoff             78.0000       74.0855  5072975    5.02%    x(c8_4_c4_4) U 439995 236625     24
 445220 66231    infeasible             78.0000       74.1710  5109049    4.91%    x(c4_4_c9_4) D 445220 165649     25
 450585 64068       74.2000    66       78.0000       74.2000  5144283    4.87%    x(c7_1_c4_1) U 450585 298773     24
 456772 61997       74.4323    48       78.0000       74.3610  5176996    4.67%   x(c9_4_c15_4) D 456772 447365     30
 462977 59793       74.5665    58       78.0000       74.5665  5209508    4.40%    x(c9_4_c4_4) D 462977 374888     29
 470368 58308       74.6651    52       78.0000       74.6651  5238381    4.28%   x(c8_4_c15_4) D 470368 470367     37
 476818 55334    infeasible             78.0000       75.0000  5260629    3.85%    x(c4_4_c7_4) U 476818 172830     18
 482468 52014    infeasible             78.0000       75.0143  5297569    3.83%    x(c4_4_c8_4) D 482468 233626     23
 489371 49253       75.0855    64       78.0000       75.0855  5325878    3.74%    x(c9_4_c4_4) D 489371 440097     32
Elapsed time = 123.82 sec. (321101.83 ticks, tree = 40.48 MB, solutions = 4)
 495802 46019        cutoff             78.0000       75.1568  5353193    3.65%   x(c4_1_c17_1) U 495802 114663     15
 502487 42270       76.2375    49       78.0000       75.2375  5378542    3.54%    x(c7_4_c4_4) D 502487 256561     29
 509207 38982        cutoff             78.0000       75.3705  5403394    3.37%  x(c17_1_c16_1) U 509207  40889     25
 515633 35210        cutoff             78.0000       75.6128  5426438    3.06%    x(c4_4_c6_4) U 515633 282718     57
 521273 31920       76.0000    44       78.0000       76.0000  5453457    2.56%    x(c9_4_c7_4) D 521273 521272     19
 526665 29662    infeasible             78.0000       76.0000  5497306    2.56%   x(c16_4_c8_4) U 526665 526663     34
 532200 27294       76.7601    42       78.0000       76.0000  5540414    2.56%   x(c9_4_c16_4) U 532200 532196     33
 537897 24932       76.0000    46       78.0000       76.0000  5581630    2.56%    x(c4_1_c9_1) U 537897 380173     21
 543696 22726        cutoff             78.0000       76.0000  5622898    2.56%    x(c4_4_c7_4) U 543696 188847     35
 550324 17740        cutoff             78.0000       76.1283  5646290    2.40%   x(c15_4_c4_4) D 550324 384544     22
Elapsed time = 136.94 sec. (359251.98 ticks, tree = 18.20 MB, solutions = 4)
 557083 13802       76.3112    61       78.0000       76.2732  5672769    2.21%   x(c11_4_c6_4) U 557083 557082     34
 564151  9100        cutoff             78.0000       76.4616  5696979    1.97%    x(c7_1_c4_1) D 564151 223600     24
 570738  4720       76.7031    47       78.0000       76.7031  5721476    1.66%   x(c14_1_c3_1) N 570738 556945     54
 576931   796        cutoff             78.0000       77.0000  5741025    1.28%    x(c4_1_c6_1) U 576931 312439     21

Clique cuts applied:  2
Cover cuts applied:  368
Mixed integer rounding cuts applied:  14
Zero-half cuts applied:  1
Multi commodity flow cuts applied:  1
Gomory fractional cuts applied:  2

Root node processing (before b&c):
  Real time             =    0.09 sec. (127.29 ticks)
Sequential b&c:
  Real time             =  142.34 sec. (377378.02 ticks)
                          ------------
Total (root+branch&cut) =  142.43 sec. (377505.31 ticks)

