Version identifier: 22.1.0.0 | 2022-03-09 | 1a383f8ce
CPXPARAM_Preprocessing_Reduce                    1
CPXPARAM_Preprocessing_Reformulations            0
CPXPARAM_Emphasis_MIP                            2
CPXPARAM_TimeLimit                               7200
CPXPARAM_MIP_Tolerances_AbsMIPGap                0.98999999999999999
CPXPARAM_MIP_Limits_TreeMemory                   20000
Legacy callback                                  BbD
1 of 1 MIP starts provided solutions.
MIP start 'm1' defined initial solution with objective 195.0000.
Tried aggregator 1 time.
MIP Presolve modified 305 coefficients.
Reduced MIP has 500 rows, 385 columns, and 1856 nonzeros.
Reduced MIP has 344 binaries, 0 generals, 0 SOSs, and 0 indicators.
Presolve time = 0.00 sec. (1.23 ticks)
Probing time = 0.00 sec. (0.53 ticks)
Tried aggregator 1 time.
Reduced MIP has 500 rows, 385 columns, and 1856 nonzeros.
Reduced MIP has 344 binaries, 0 generals, 0 SOSs, and 0 indicators.
Presolve time = 0.00 sec. (0.73 ticks)
Probing time = 0.00 sec. (0.55 ticks)
Clique table members: 207.
MIP emphasis: optimality.
MIP search method: traditional branch-and-cut.
Parallel mode: none, using 1 thread.
Root relaxation solution time = 0.00 sec. (0.90 ticks)

        Nodes                                         Cuts/
   Node  Left     Objective  IInf  Best Integer    Best Bound    ItCnt     Gap         Variable B NodeID Parent  Depth

*     0+    0                          195.0000        0.0000           100.00%
      0     0      124.4703    66      195.0000      124.4703      125   36.17%
      0     0      147.0000    58      195.0000       Cuts: 5      138   24.62%
      0     0      147.1539    75      195.0000       Cuts: 6      181   24.54%
      0     0      147.1539    79      195.0000   ZeroHalf: 1      184   24.54%
      0     0      147.1539    55      195.0000     Covers: 1      186   24.54%
      0     0      147.1539    61      195.0000       Cuts: 4      193   24.54%
      0     2      147.1539    55      195.0000      147.1805      193   24.52%                        0             0
Elapsed time = 0.02 sec. (40.96 ticks, tree = 0.01 MB, solutions = 1)
    620   532      185.0206    55      195.0000      175.0000     5967   10.26%   x(c6_2_c11_2) U    620    264     10
   1453  1184      178.0713    50      195.0000      177.0618    14763    9.20%  x(c15_2_c11_2) U   1453    582     10
   2145  1772      183.2090    51      195.0000      178.0570    23994    8.69%   x(c10_1_c8_1) U   2145   2143     16
   2930  2362      184.0000    40      195.0000      178.5000    32295    8.46%   x(c17_1_c5_1) U   2930    892     10
   3862  3074      179.0392    45      195.0000      179.0000    38270    8.21%    x(c8_5_c7_5) D   3862   3861     19
   4940  3980      179.0570    42      195.0000      179.0000    43341    8.21%     x(Op_c17_1) D   4940   4939     30
   6010  4872      179.1346    44      195.0000      179.0000    48250    8.21%     x(Op_c11_2) D   6010   6009     17
   6991  5708      188.3919    64      195.0000      179.0000    54374    8.21%   x(c17_1_c5_1) D   6991   6989     15
   7839  6376      182.0000    38      195.0000      179.0071    61067    8.20%     x(Op_c11_2) U   7839   5802     24
  10846  8724      179.3824    57      195.0000      179.2304    88601    8.09%      x(c6_1_Om) U  10846  10845     26
Elapsed time = 1.59 sec. (3143.36 ticks, tree = 3.82 MB, solutions = 1)
  13640 10566      184.1075    47      195.0000      179.6306   114815    7.88%    x(c8_1_c6_1) U  13640   6120     15
  16633 12743        cutoff            195.0000      180.1948   145220    7.59%   x(c12_1_c8_1) U  16633  15013     25
  19771 14936      190.1306    47      195.0000      180.6247   172524    7.37%  x(c13_5_c14_5) D  19771  13156     20
  23320 17473      181.0071    40      195.0000      181.0000   197626    7.18%     x(Op_c10_1) D  23320  23319     19
  26883 20234      187.1140    32      195.0000      181.0143   223256    7.17%      x(c8_1_Om) U  26883   3875     20
  29844 22231      184.0253    43      195.0000      181.1247   250456    7.12%     x(Op_c17_1) D  29844  29843     27
  32900 24341      181.2375    50      195.0000      181.2375   276684    7.06%     x(c15_1_Om) D  32900  18918     14
  35829 26389      181.5653    46      195.0000      181.4038   303579    6.97%   x(c6_4_c17_4) N  35829  35828     25
  38618 28080      182.6176    49      195.0000      181.6413   330262    6.85%   x(c8_1_c15_1) D  38618  29184     21
  41752 29962      182.2458    44      195.0000      182.0000   353198    6.67%   x(c3_1_c12_1) U  41752  25724     23
Elapsed time = 6.18 sec. (12683.48 ticks, tree = 12.52 MB, solutions = 1)
  45032 32157      185.0000    40      195.0000      182.0000   378101    6.67%   x(c14_5_c2_5) U  45032  45020     22
  48404 34871      182.0333    45      195.0000      182.0000   402425    6.67%   x(c7_5_c11_5) D  48404  48403     25
  51798 37648      182.0095    39      195.0000      182.0000   427143    6.67%   x(c14_5_c2_5) U  51798  51796     20
  54940 39978      182.0451    36      195.0000      182.0143   452593    6.66%   x(c3_2_c11_2) U  54940  54939     28
  57608 41596      183.1781    50      195.0000      182.0665   480749    6.63%   x(c3_1_c12_1) D  57608  57607     15
  60282 43529      182.3088    38      195.0000      182.1235   507186    6.60%  x(c16_4_c17_4) D  60282  60281     22
  62956 45374      182.5067    63      195.0000      182.1734   533280    6.58%    x(c9_5_c4_5) D  62956  53886     14
  65589 46939      182.4394    40      195.0000      182.2637   559233    6.53%   x(c3_2_c11_2) U  65589  41604     19
  68268 48720      182.5986    55      195.0000      182.3088   584800    6.51%   x(c17_1_c6_1) U  68268  68267     20
  70882 50197      182.6000    40      195.0000      182.3750   611337    6.47%      x(Op_c7_5) U  70882  70880     20
Elapsed time = 10.66 sec. (22221.34 ticks, tree = 21.78 MB, solutions = 1)
  73546 51826      183.8141    40      195.0000      182.4572   635924    6.43%   x(c14_5_c2_5) U  73546  73544     31
  76000 53433      193.1496    53      195.0000      182.5226   661388    6.40%    x(c5_1_c8_1) U  76000  39825     16
  78589 54974      185.0000    32      195.0000      182.6086   686052    6.35%    x(c2_5_c8_5) U  78589  41705     21
  81140 56363      182.7500    49      195.0000      182.7500   709532    6.28%   x(c13_5_c9_5) D  81140  71545     20
  83719 57688      183.0401    45      195.0000      182.9988   730291    6.15%    x(c4_5_c8_5) U  83719  83717     21
  86294 59803      188.1686    47      195.0000      183.0000   756345    6.15%   x(c7_5_c13_5) U  86294  86292     26
  88727 61810      183.0214    42      195.0000      183.0048   784496    6.15%   x(c11_2_c3_2) U  88727  88726     27
  91072 63485      185.2969    44      195.0000      183.0469   812911    6.13%    x(c2_5_c9_5) U  91072  91071     22
  93339 65105      185.0059    43      195.0000      183.1093   842547    6.10%      x(Op_c8_2) U  93339  59482     16
  95792 66846      186.4561    64      195.0000      183.1568   869866    6.07%   x(c17_1_c6_1) U  95792  95147     21
Elapsed time = 15.13 sec. (31762.41 ticks, tree = 31.16 MB, solutions = 1)
  98167 68560      186.0000    49      195.0000      183.2209   895450    6.04%      x(c3_2_Om) U  98167  88100     20
 100730 70327      193.0000    35      195.0000      183.2850   919434    6.01%   x(c13_5_c9_5) U 100730 100728     17
 103200 71914      185.0000    24      195.0000      183.3750   944361    5.96%   x(c9_5_c13_5) U 103200  86840     19
 105794 73447      186.4011    48      195.0000      183.4923   966690    5.90%     x(c10_1_Om) U 105794 105792     21
 108401 75341      185.2280    34      195.0000      183.5618   989712    5.87%      x(Op_c8_5) D 108401 108399     21
 110997 76968      184.6912    46      195.0000      183.6998  1010850    5.79%    x(c9_5_c2_5) D 110997 110995     24
 113616 78728      185.3658    47      195.0000      183.8658  1030636    5.71%      x(Op_c2_5) U 113616  82747     22
 116205 80447      185.2143    36      195.0000      184.0000  1051233    5.64%  x(c15_3_c16_3) D 116205  77900     25
 118872 82569      186.0000    27      195.0000      184.0000  1074510    5.64%   x(c5_3_c16_3) U 118872  80197     21
 121467 84521      185.3333    35      195.0000      184.0000  1098677    5.64%  x(c15_3_c16_3) N 121467 121465     21
Elapsed time = 19.47 sec. (41302.50 ticks, tree = 38.19 MB, solutions = 1)
 123859 86261      184.5911    44      195.0000      184.0000  1125674    5.64%      x(c3_1_Om) U 123859  12134     30
 126236 87837      184.0000    32      195.0000      184.0000  1153793    5.64%     x(c10_1_Om) U 126236  23274     24
 128620 89334      184.1306    44      195.0000      184.0000  1182395    5.64%   x(c3_1_c10_1) U 128620 128619     17
 130989 90864      184.5000    41      195.0000      184.0000  1210377    5.64%     x(Op_c14_5) U 130989  13570     22
 133443 92755      184.0000    49      195.0000      184.0000  1237364    5.64%   x(c3_1_c10_1) U 133443 133439     15
 135956 94809      187.0000    27      195.0000      184.0000  1263056    5.64%  x(c13_5_c14_5) D 135956 135955     21
 138407 96671        cutoff            195.0000      184.0087  1288233    5.64%    x(c6_2_c4_2) D 138407 138405     23
 140664 98075      186.0226    28      195.0000      184.0226  1314225    5.63%   x(c5_3_c15_3) U 140664  85556     26
 143059 99578        cutoff            195.0000      184.0451  1338163    5.62%    x(c8_3_c5_3) U 143059 143057     25
 145453 101101      184.3765    44      195.0000      184.0831  1361787    5.60%     x(Op_c10_1) D 145453  82214     29
Elapsed time = 23.85 sec. (50841.90 ticks, tree = 44.81 MB, solutions = 1)
 147853 102612      184.2969    47      195.0000      184.1188  1385388    5.58%  x(c17_1_c10_1) D 147853 147852     29
 150245 104248      184.1283    51      195.0000      184.1283  1408771    5.58%   x(c10_1_c8_1) D 150245 136921     20
 152733 105769        cutoff            195.0000      184.1425  1430748    5.57%   x(c12_1_c8_1) U 152733 152731     25
 155171 107487      189.0000    49      195.0000      184.1639  1452427    5.56%    x(c8_3_c5_3) D 155171  95160     23
 157600 109115      185.6781    42      195.0000      184.1781  1474146    5.55%  x(c13_5_c14_5) U 157600 157598     20
 159991 110467      186.5249    53      195.0000      184.2019  1496284    5.54%      x(c3_1_Om) D 159991 159989     27
 162347 111725      187.0048    43      195.0000      184.2308  1518814    5.52%   x(c3_1_c10_1) D 162347 121847     23
 164645 113145      189.0000    36      195.0000      184.2613  1540900    5.51%   x(c11_2_c3_2) U 164645 122172     26
 166958 114361      184.2732    47      195.0000      184.2732  1563602    5.50%      x(c3_1_Om) D 166958 166947     22
 169370 115815        cutoff            195.0000      184.2922  1585969    5.49%   x(c15_2_c6_2) D 169370  55093     35
Elapsed time = 28.11 sec. (60382.35 ticks, tree = 50.71 MB, solutions = 1)
 171685 116940      189.0000    38      195.0000      184.3207  1607223    5.48%  x(c10_1_c12_1) U 171685 171680     29
 174121 118305      184.6888    41      195.0000      184.3444  1627076    5.46%  x(c10_1_c12_1) D 174121 174120     26
 176516 119396      184.5385    37      195.0000      184.3846  1646831    5.44%      x(c3_1_Om) D 176516 164728     22
 178929 120446      185.4209    41      195.0000      184.4209  1667441    5.43%   x(c15_3_c8_3) D 178929 140514     25
 181465 121436      185.1841    47      195.0000      184.4727  1688858    5.40%  x(c17_1_c10_1) D 181465 181464     25
 184133 122917        cutoff            195.0000      184.5012  1708010    5.38%   x(c10_1_c8_1) D 184133  37829     28
 186656 123764      184.5534    55      195.0000      184.5534  1727638    5.36%      x(Op_c3_2) U 186656 173755     22
 189297 124968      185.6667    46      195.0000      184.6000  1746825    5.33%      x(c8_5_Om) U 189297 189296     25
 191883 125755      184.9660    39      195.0000      184.6584  1765877    5.30%   x(c3_1_c10_1) U 191883 121509     27
 194401 126952      186.4282    40      195.0000      184.7245  1784785    5.27%   x(c11_2_c8_2) U 194401  97939     18
Elapsed time = 32.27 sec. (69920.41 ticks, tree = 55.23 MB, solutions = 1)
 197083 128196      184.8000    31      195.0000      184.8000  1802776    5.23%   x(c8_3_c15_3) D 197083 118741     24
 199646 129637      192.2070    46      195.0000      184.8737  1819718    5.19%   x(c3_1_c10_1) U 199646 190539     28
 202259 130486      185.3302    40      195.0000      184.9976  1836901    5.13%   x(c8_2_c15_2) D 202259 178345     26
 204449 132019      186.2857    33      195.0000      185.0000  1858414    5.13%  x(c15_3_c16_3) D 204449 204448     22
 206673 133500      188.5000    27      195.0000      185.0000  1877972    5.13%   x(c5_3_c16_3) U 206673  86203     22
 208837 134926      185.0000    25      195.0000      185.0000  1898664    5.13%      x(c2_5_Om) U 208837  48178     19
 211001 136510      189.1140    28      195.0000      185.0000  1920229    5.13%    x(c8_3_c5_3) U 211001 123794     21
 213156 137993      185.0000    26      195.0000      185.0000  1943620    5.13%   x(c8_5_c13_5) U 213156  51158     22
 215215 139279      185.9869    44      195.0000      185.0000  1966916    5.13%      x(Op_c3_1) U 215215 215214     20
 217332 140671      185.0000    44      195.0000      185.0000  1989983    5.13%      x(Op_c3_1) U 217332 103291     20
Elapsed time = 36.39 sec. (79459.48 ticks, tree = 63.87 MB, solutions = 1)
 219457 142238      186.2375    51      195.0000      185.0000  2013000    5.13%  x(c10_1_c15_1) U 219457 219456     23
 221565 143672      192.0380    32      195.0000      185.0095  2034232    5.12%   x(c8_3_c15_3) U 221565 138719     26
 223619 144504      192.0030    35      195.0000      185.0285  2056166    5.11%   x(c9_5_c13_5) U 223619  42628     25
 225751 145517      185.1500    60      195.0000      185.0661  2076314    5.09%    x(c6_1_c8_1) D 225751 225750     18
 227804 146633      187.2067    49      195.0000      185.0926  2098173    5.08%   x(c3_2_c11_2) U 227804  14948     21
 229820 147747      186.9545    23      195.0000      185.1211  2118548    5.07%  x(c15_3_c16_3) U 229820 204906     22
 231881 149012      187.0143    42      195.0000      185.1330  2139410    5.06%      x(Op_c8_1) U 231881  55367     22
 233825 149942      186.5476    51      195.0000      185.1476  2158823    5.05%  x(c15_3_c16_3) D 233825 233823     24
 235988 151102      187.0285    54      195.0000      185.1663  2177907    5.04%     x(Op_c17_1) U 235988 149761     22
 245068 156442      189.3753    46      195.0000      185.2375  2249125    5.01%  x(c10_1_c12_1) U 245068 147651     26
Elapsed time = 41.81 sec. (91860.32 ticks, tree = 70.36 MB, solutions = 1)
 253905 160734      186.6871    39      195.0000      185.3539  2329604    4.95%  x(c15_3_c16_3) D 253905 210690     27
 263419 165392      185.6235    47      195.0000      185.5000  2406691    4.87%   x(c3_1_c10_1) D 263419 263418     25
 272331 169886      185.7061    50      195.0000      185.6568  2474884    4.79%   x(c8_2_c15_2) D 272331 272330     29
 281530 175784      187.5239    58      195.0000      185.7613  2538341    4.74%    x(c8_5_c2_5) U 281530 247021     23
 290535 180646      186.7850    44      195.0000      185.9517  2602230    4.64%   x(c13_5_c8_5) N 290535 290533     30
 298269 184605      186.1211    44      195.0000      186.0000  2694446    4.62%   x(c11_2_c3_2) D 298269 298268     24
 305786 188916      189.0202    44      195.0000      186.0000  2793549    4.62%      x(c7_5_Om) D 305786 217026     21
 313909 192809      188.0475    45      195.0000      186.0380  2888564    4.60%      x(c3_2_Om) D 313909 134627     21
 322243 196958      187.9306    39      195.0000      186.1306  2977826    4.55%    x(c8_3_c7_3) D 322243 322242     30
 330131 201295      186.1781    48      195.0000      186.1781  3057398    4.52%   x(c9_5_c13_5) D 330131 287256     23
Elapsed time = 58.17 sec. (130010.34 ticks, tree = 92.95 MB, solutions = 1)
 339084 205928      187.0000    26      195.0000      186.2000  3124945    4.51%   x(c5_3_c15_3) D 339084 339083     24
 347970 210155      186.6797    49      195.0000      186.2522  3202843    4.49%      x(c3_1_Om) D 347970 262419     21
 356195 213741      186.3325    57      195.0000      186.3325  3287583    4.44%   x(c17_4_c6_4) U 356195 252236     28
 364816 217374      191.2090    60      195.0000      186.4375  3366518    4.39%   x(c8_1_c10_1) U 364816 169317     26
 373318 220886        cutoff            195.0000      186.5392  3443405    4.34%   x(c10_1_c8_1) U 373318 104339     31
 382427 223792      188.0000    21      195.0000      186.6667  3509175    4.27%      x(Op_c7_3) D 382427 382425     32
 392428 227272        cutoff            195.0000      186.7500  3567990    4.23%    x(c8_3_c7_3) U 392428 392426     26
 401793 231774        cutoff            195.0000      186.8697  3632829    4.17%      x(Op_c8_1) U 401793 380394     21
 410045 234525      187.2500    30      195.0000      187.0000  3713648    4.10%    x(c8_3_c7_3) D 410045 213955     20
 417772 236885      187.0000    45      195.0000      187.0000  3810997    4.10%      x(Op_c2_5) N 417772  62651     23
Elapsed time = 74.14 sec. (168160.70 ticks, tree = 110.75 MB, solutions = 1)
 425457 240875      187.1188    58      195.0000      187.0000  3908117    4.10%   x(c10_1_c8_1) U 425457 425456     16
 432966 243674      187.0713    44      195.0000      187.0285  3997476    4.09%      x(c3_2_Om) D 432966 271084     25
 441065 246357      190.0742    50      195.0000      187.1128  4080426    4.04%   x(c3_1_c10_1) D 441065 441063     18
 449048 248707      187.1667    36      195.0000      187.1667  4163576    4.02%    x(c8_3_c5_3) D 449048 301443     26
 459278 251410        cutoff            195.0000      187.2000  4227617    4.00%   x(c15_3_c2_3) U 459278 459276     32
 468690 254281    infeasible            195.0000      187.2500  4295576    3.97%     x(c14_4_Om) D 468690 468689     36
 477311 257674      187.2969    33      195.0000      187.2969  4366054    3.95%  x(c15_1_c17_1) D 477311 159155     24
 485731 259664      192.5249    42      195.0000      187.3824  4436577    3.91%    x(c7_3_c8_3) D 485731 253718     23
 494276 262217      187.5471    53      195.0000      187.4394  4501852    3.88%   x(c10_1_c3_1) U 494276 258403     25
 502580 264591      189.2565    47      195.0000      187.5065  4568240    3.84%  x(c15_3_c16_3) U 502580 471990     27
Elapsed time = 89.86 sec. (206310.13 ticks, tree = 122.98 MB, solutions = 1)
 511042 267049      191.5000    48      195.0000      187.5891  4634763    3.80%   x(c8_1_c12_1) U 511042  10144     21
 519984 268695      191.0618    26      195.0000      187.6667  4692230    3.76%    x(c8_3_c5_3) U 519984 335072     29
 528629 270371      188.9418    47      195.0000      187.7418  4753402    3.72%   x(c5_3_c15_3) D 528629 528628     29
 537634 272792        cutoff            195.0000      187.8000  4811957    3.69%    x(c7_3_c8_3) U 537634 294449     24
 546207 273858      190.2189    50      195.0000      187.9062  4866290    3.64%    x(c5_1_c8_1) U 546207 546205     23
 554216 274791      188.2352    34      195.0000      188.0000  4928334    3.59%      x(c3_2_Om) U 554216 298604     26
*555405 242759      integral     0      194.0000      188.0000  4943933    3.09%
 561208 243307      188.2209    47      194.0000      188.0000  5011903    3.09%  x(c10_1_c15_1) U 561208 319601     20
 568530 244926        cutoff            194.0000      188.0119  5092761    3.09%  x(c15_3_c16_3) U 568530 568528     20
 576144 245235      190.2857    53      194.0000      188.0784  5155684    3.05%  x(c15_3_c16_3) N 576144 246696     25
 583866 246066      188.4685    34      194.0000      188.1591  5220127    3.01%    x(c7_3_c8_3) D 583866 320302     28
Elapsed time = 105.33 sec. (244460.53 ticks, tree = 118.94 MB, solutions = 2)
 593000 246803      188.2000    37      194.0000      188.2000  5272254    2.99%  x(c15_3_c12_3) D 593000 469791     23
 601582 247353      190.4733    51      194.0000      188.2500  5324520    2.96%   x(c8_2_c15_2) D 601582 601581     28
 609654 247525        cutoff            194.0000      188.3165  5377537    2.93%    x(c7_3_c8_3) D 609654 504179     28
 617635 247783      188.4240    69      194.0000      188.3853  5433928    2.89%    x(c6_4_c5_4) D 617635 617631     18
 626051 248956        cutoff            194.0000      188.4505  5474848    2.86%    x(c5_3_c8_3) U 626051 560947     21
 634008 249506      189.0000    37      194.0000      188.5000  5529841    2.84%  x(c15_2_c11_2) U 634008 634007     23
 641675 249978      189.3758    50      194.0000      188.5710  5576622    2.80%  x(c15_3_c16_3) D 641675 498689     24
 649383 249983      188.6639    34      194.0000      188.6639  5621323    2.75%    x(c5_3_c8_3) N 649383 447806     22
 656958 249130        cutoff            194.0000      188.7293  5667606    2.72%    x(c7_3_c8_3) U 656958 300754     24
 664965 248885    infeasible            194.0000      188.7997  5707872    2.68%   x(c3_2_c11_2) U 664965 605079     26
Elapsed time = 120.12 sec. (282611.44 ticks, tree = 120.64 MB, solutions = 2)
 672880 247246        cutoff            194.0000      188.8688  5745623    2.64%    x(c7_3_c8_3) U 672880 616376     32
 680914 246052      189.3995    43      194.0000      188.9995  5779253    2.58%   x(c8_3_c16_3) D 680914 680913     28
 687984 243846    infeasible            194.0000      189.0000  5851797    2.58%     x(c11_2_Om) D 687984 148103     27
 694913 243130    infeasible            194.0000      189.0000  5928162    2.58%   x(c11_2_c8_2) U 694913 694911     22
 701430 243611      190.2857    47      194.0000      189.0000  6002554    2.58%  x(c15_3_c16_3) D 701430 701429     28
 708497 244367      192.1667    59      194.0000      189.0086  6074530    2.57%  x(c15_1_c10_1) N 708497 708496     21
 716322 241845      189.0523    35      194.0000      189.0523  6126064    2.55%   x(c17_1_c6_1) U 716322 141085     28
 725204 239111    infeasible            194.0000      189.1188  6179707    2.52%  x(c17_1_c15_1) U 725204  32641     23
 733963 236435      189.1742    48      194.0000      189.1742  6234463    2.49%   x(c6_2_c12_2) D 733963 354598     27
 743192 234687        cutoff            194.0000      189.2222  6280511    2.46%    x(c5_3_c8_3) U 743192 743190     24
Elapsed time = 135.06 sec. (320761.49 ticks, tree = 115.41 MB, solutions = 2)
 752240 232019      189.2747    40      194.0000      189.2749  6324190    2.44%   x(c6_2_c11_2) D 752240 429518     24
 761399 229769      193.0000    22      194.0000      189.3333  6370497    2.41%    x(c8_3_c5_3) U 761399 517327     25
 770808 227849      192.0633    63      194.0000      189.3563  6412579    2.39%    x(c8_1_c5_1) D 770808 473440     21
 779729 225622      191.4104    55      194.0000      189.4355  6454367    2.35%   x(c3_1_c10_1) D 779729 447448     19
 788439 223568    infeasible            194.0000      189.5015  6500339    2.32%    x(c5_3_c8_3) U 788439 788438     27
 796909 220924        cutoff            194.0000      189.6063  6542189    2.26%    x(c7_3_c8_3) D 796909 539329     22
 805232 218490        cutoff            194.0000      189.6971  6585837    2.22%  x(c15_3_c16_3) U 805232 595183     24
 813393 216951      190.2308    42      194.0000      189.8000  6628453    2.16%    x(c5_3_c8_3) N 813393 693783     26
 821702 214402        cutoff            194.0000      189.8855  6665942    2.12%    x(c5_3_c8_3) D 821702 740262     23
 830034 211414        cutoff            194.0000      190.0000  6704599    2.06%  x(c15_3_c12_3) U 830034 589781     35
Elapsed time = 149.48 sec. (358911.66 ticks, tree = 106.07 MB, solutions = 2)
 838249 207040    infeasible            194.0000      190.0000  6761066    2.06%      x(Op_c3_2) U 838249 232576     23
 847234 204236      190.0119    28      194.0000      190.0071  6828590    2.06%  x(c15_1_c10_1) U 847234 847233     30
 856234 201044      192.1247    20      194.0000      190.0570  6873290    2.03%     x(Op_c15_3) U 856234 856232     30
 865759 196812        cutoff            194.0000      190.1429  6920167    1.99%    x(c7_3_c8_3) U 865759 415057     27
 875249 192826        cutoff            194.0000      190.2162  6961889    1.95%    x(c7_3_c8_3) U 875249 340644     25
 884269 188863      190.2952    47      194.0000      190.2857  7003115    1.91%      x(c3_1_Om) D 884269 703604     19
 894402 185485      190.3333    39      194.0000      190.3333  7043490    1.89%  x(c15_1_c17_1) D 894402 698274     33
 903320 181880        cutoff            194.0000      190.4204  7081667    1.85%   x(c8_3_c16_3) U 903320 492595     30
 912392 178517    infeasible            194.0000      190.5000  7120883    1.80%  x(c17_1_c10_1) U 912392 429758     24
 921366 174638        cutoff            194.0000      190.6065  7158846    1.75%   x(c16_3_c8_3) U 921366 921365     27
Elapsed time = 164.07 sec. (397060.83 ticks, tree = 91.05 MB, solutions = 2)
 930060 170608        cutoff            194.0000      190.7377  7196397    1.68%   x(c16_3_c8_3) U 930060 751237     30
 938718 167289    infeasible            194.0000      190.8141  7232797    1.64%     x(Op_c15_2) U 938718 938716     23
 947230 163424      190.9988    37      194.0000      190.9988  7266237    1.55%    x(c7_3_c8_3) D 947230 610638     28
 955479 159235    infeasible            194.0000      191.0000  7327067    1.55%   x(c3_1_c10_1) U 955479 500850     26
 965177 153802        cutoff            194.0000      191.0048  7390980    1.54%    x(c8_3_c7_3) U 965177 281275     18
 973349 149302      191.1108    39      194.0000      191.0455  7432738    1.52%  x(c17_1_c15_1) N 973349 925311     34
 982033 146849      191.8409    54      194.0000      191.0909  7481952    1.50%   x(c5_3_c15_3) D 982033 877624     26
 992469 140070        cutoff            194.0000      191.1686  7517304    1.46%    x(c5_3_c8_3) U 992469 571542     30
 1002135 133975        cutoff            194.0000      191.2452  7548702    1.42%   x(c2_3_c16_3) D 1002135 941108     30
 1011627 128023        cutoff            194.0000      191.3253  7580643    1.38%    x(c7_3_c8_3) U 1011627 715620     35
Elapsed time = 178.65 sec. (435210.66 ticks, tree = 71.89 MB, solutions = 2)
 1020898 122219      192.1221    48      194.0000      191.4000  7609934    1.34%  x(c15_2_c11_2) U 1020898 377353     29
 1030357 116158        cutoff            194.0000      191.5048  7642824    1.29%  x(c15_3_c16_3) U 1030357 818607     24
 1039064 110089        cutoff            194.0000      191.6532  7672175    1.21%    x(c5_3_c8_3) U 1039064 628969     27
 1047706 103608      192.3142    43      194.0000      191.7857  7703078    1.14%      x(Op_c3_2) N 1047706 1047705     31
 1056244 97331    infeasible            194.0000      192.0000  7731175    1.03%    x(c7_3_c8_3) U 1056244 291561     28
 1065981 96564      192.0000     9      194.0000      192.0000  7795755    1.03%   x(c5_3_c16_3) U 1065981 1065977     29
 1074662 94588      192.0808    35      194.0000      192.0000  7860266    1.03%    x(c8_3_c7_3) N 1074662 261535     21
 1084733 88351      192.2257    51      194.0000      192.0000  7915561    1.03%      x(c3_1_Om) U 1084733 475690     20
 1095038 82056      192.0309    34      194.0000      192.0309  7953722    1.02%   x(c12_1_c8_1) D 1095038 791142     29
 1104794 75455        cutoff            194.0000      192.0784  7984714    0.99%   x(c3_1_c10_1) U 1104794 1073488     27
Elapsed time = 193.12 sec. (473361.32 ticks, tree = 49.93 MB, solutions = 2)
 1115007 68954        cutoff            194.0000      192.1378  8017091    0.96%   x(c15_3_c8_3) U 1115007 444984     22
 1124647 62395        cutoff            194.0000      192.1995  8047587    0.93%    x(c7_3_c8_3) U 1124647 749691     25
 1133924 55650        cutoff            194.0000      192.2724  8076802    0.89%   x(c3_1_c10_1) U 1133924 526370     26
 1143123 48732      192.4656    46      194.0000      192.3563  8105146    0.85%   x(c11_2_c8_2) N 1143123 504929     26
 1152771 41129    infeasible            194.0000      192.5000  8131827    0.77%     x(c11_2_Om) U 1152771 463607     25
 1162085 33481      192.6582    40      194.0000      192.6583  8158220    0.69%   x(c16_3_c8_3) N 1162085 1146379     29
 1171417 25442        cutoff            194.0000      192.8029  8183510    0.62%   x(c6_2_c11_2) U 1171417 414618     29
 1182600 18381        cutoff            194.0000      193.0000  8216468    0.52%    x(c7_3_c2_3) U 1182600 760254     30
 1194615 15472        cutoff            194.0000      193.0000  8275644    0.52%   x(c16_3_c8_3) D 1194615 1065932     33
 1205987 12801      193.0000    12      194.0000      193.0000  8335570    0.52%  x(c14_5_c13_5) U 1205987 1205985     29
Elapsed time = 207.26 sec. (511510.79 ticks, tree = 23.06 MB, solutions = 2)
 1217649 10526      193.0000    21      194.0000      193.0000  8395838    0.52%  x(c14_4_c11_4) D 1217649 1217648     32
 1228943  8610      193.0000    19      194.0000      193.0000  8454374    0.52%   x(c14_5_c2_5) U 1228943 1228942     23
 1239370  6746      193.0000    22      194.0000      193.0000  8508837    0.52%   x(c11_5_c7_5) D 1239370 1239369     27
 1250365  4770      193.0000    30      194.0000      193.0000  8563922    0.52%      x(Op_c3_1) D 1250365 369800     24

Clique cuts applied:  4
Cover cuts applied:  437
Flow cuts applied:  1
Mixed integer rounding cuts applied:  18
Zero-half cuts applied:  3
Gomory fractional cuts applied:  5

Root node processing (before b&c):
  Real time             =    0.02 sec. (41.26 ticks)
Sequential b&c:
  Real time             =  214.28 sec. (532614.93 ticks)
                          ------------
Total (root+branch&cut) =  214.30 sec. (532656.19 ticks)

