Version identifier: 22.1.0.0 | 2022-03-09 | 1a383f8ce
CPXPARAM_Preprocessing_Reduce                    1
CPXPARAM_Preprocessing_Reformulations            0
CPXPARAM_Emphasis_MIP                            2
CPXPARAM_TimeLimit                               7200
CPXPARAM_MIP_Tolerances_AbsMIPGap                0.98999999999999999
CPXPARAM_MIP_Limits_TreeMemory                   20000
Legacy callback                                  BbD
1 of 1 MIP starts provided solutions.
MIP start 'm1' defined initial solution with objective 117.0000.
Tried aggregator 1 time.
MIP Presolve modified 177 coefficients.
Reduced MIP has 282 rows, 225 columns, and 1060 nonzeros.
Reduced MIP has 200 binaries, 0 generals, 0 SOSs, and 0 indicators.
Presolve time = 0.00 sec. (0.72 ticks)
Probing time = 0.00 sec. (0.30 ticks)
Tried aggregator 1 time.
Reduced MIP has 282 rows, 225 columns, and 1060 nonzeros.
Reduced MIP has 200 binaries, 0 generals, 0 SOSs, and 0 indicators.
Presolve time = 0.00 sec. (0.41 ticks)
Probing time = 0.00 sec. (0.32 ticks)
Clique table members: 123.
MIP emphasis: optimality.
MIP search method: traditional branch-and-cut.
Parallel mode: none, using 1 thread.
Root relaxation solution time = 0.00 sec. (0.52 ticks)

        Nodes                                         Cuts/
   Node  Left     Objective  IInf  Best Integer    Best Bound    ItCnt     Gap         Variable B NodeID Parent  Depth

*     0+    0                          117.0000        0.0000           100.00%
      0     0       74.1283    42      117.0000       74.1283       71   36.64%
      0     0       83.0285    49      117.0000       Cuts: 5       92   29.04%
      0     0       85.0000    46      117.0000     Covers: 1       95   27.35%
      0     0       85.0000    46      117.0000   ZeroHalf: 2       98   27.35%
      0     0       86.5000    34      117.0000   ZeroHalf: 3      101   26.07%
      0     0       88.1824    48      117.0000       Cuts: 3      120   24.63%
      0     0       90.0684    48      117.0000       Cuts: 2      125   23.02%
      0     2       90.0684    48      117.0000       90.1140      125   22.98%                        0             0
Elapsed time = 0.01 sec. (19.41 ticks, tree = 0.01 MB, solutions = 1)
   1403   985      113.5000    24      117.0000      105.8234     8281    9.55%   x(c8_3_c15_3) U   1403   1402     12
   2800  1847      108.1568    30      117.0000      108.1283    18765    7.58%      x(Op_c7_3) D   2800   2799     15
   4196  2568      111.1667    32      117.0000      110.0000    28203    5.98%   x(c7_3_c15_3) D   4196   4194     12
   5648  2823      113.2138    14      117.0000      111.3278    36915    4.85%    x(c6_2_c4_2) D   5648   2682      9
   7129  2698    infeasible            117.0000      112.3563    44919    3.97%   x(c8_3_c16_3) D   7129   5943     19
   8484  2557      113.3705    22      117.0000      113.3705    52859    3.10%   x(c12_1_c8_1) D   8484   8482     22
*  9149  1316      integral     0      116.0000      114.0000    56488    1.72%
   9649  1094      114.0166    21      116.0000      114.0166    58694    1.71%   x(c15_3_c2_3) U   9649   9644     18
  10990   228      115.0000    16      116.0000      115.0000    62876    0.86%    x(c5_3_c8_3) N  10990   1500     20

Clique cuts applied:  5
Cover cuts applied:  81
Mixed integer rounding cuts applied:  7
Zero-half cuts applied:  4

Root node processing (before b&c):
  Real time             =    0.01 sec. (19.42 ticks)
Sequential b&c:
  Real time             =    1.08 sec. (1970.62 ticks)
                          ------------
Total (root+branch&cut) =    1.10 sec. (1990.04 ticks)

