Version identifier: 22.1.0.0 | 2022-03-09 | 1a383f8ce
CPXPARAM_Preprocessing_Reduce                    1
CPXPARAM_Preprocessing_Reformulations            0
CPXPARAM_Emphasis_MIP                            2
CPXPARAM_TimeLimit                               7200
CPXPARAM_MIP_Tolerances_AbsMIPGap                0.98999999999999999
CPXPARAM_MIP_Limits_TreeMemory                   20000
Legacy callback                                  BbD
1 of 1 MIP starts provided solutions.
MIP start 'm1' defined initial solution with objective 117.0000.
Tried aggregator 1 time.
MIP Presolve modified 507 coefficients.
Reduced MIP has 694 rows, 587 columns, and 2858 nonzeros.
Reduced MIP has 546 binaries, 0 generals, 0 SOSs, and 0 indicators.
Presolve time = 0.00 sec. (1.92 ticks)
Probing time = 0.00 sec. (1.06 ticks)
Tried aggregator 1 time.
Reduced MIP has 694 rows, 587 columns, and 2858 nonzeros.
Reduced MIP has 546 binaries, 0 generals, 0 SOSs, and 0 indicators.
Presolve time = 0.00 sec. (1.19 ticks)
Probing time = 0.00 sec. (1.09 ticks)
Clique table members: 285.
MIP emphasis: optimality.
MIP search method: traditional branch-and-cut.
Parallel mode: none, using 1 thread.
Root relaxation solution time = 0.00 sec. (1.02 ticks)

        Nodes                                         Cuts/
   Node  Left     Objective  IInf  Best Integer    Best Bound    ItCnt     Gap         Variable B NodeID Parent  Depth

*     0+    0                          117.0000        0.0000           100.00%
      0     0       28.0000    24      117.0000       28.0000       83   76.07%
      0     0       28.0000     6      117.0000    Cliques: 1       85   76.07%
      0     0       28.0000     6      117.0000     Covers: 1       87   76.07%
      0     0       28.0000    10      117.0000   ZeroHalf: 1       89   76.07%
*     0+    0                           49.0000       28.0000            42.86%
      0     0  -1.00000e+75     0       49.0000       28.0000       89   42.86%
      0     2       28.0000     4       49.0000       28.0000       89   42.86%                        0             0
Elapsed time = 0.04 sec. (46.03 ticks, tree = 0.01 MB, solutions = 2)
*    30+   22                           46.0000       28.0000            39.13%
*    39    22      integral     0       38.0000       28.0000      197   26.32%

Clique cuts applied:  1
Cover cuts applied:  3

Root node processing (before b&c):
  Real time             =    0.04 sec. (46.05 ticks)
Sequential b&c:
  Real time             =    0.08 sec. (213.05 ticks)
                          ------------
Total (root+branch&cut) =    0.12 sec. (259.10 ticks)

