Version identifier: 22.1.0.0 | 2022-03-09 | 1a383f8ce
CPXPARAM_Preprocessing_Reduce                    1
CPXPARAM_Threads                                 1
CPXPARAM_Preprocessing_Reformulations            0
CPXPARAM_Emphasis_MIP                            2
CPXPARAM_TimeLimit                               7200
CPXPARAM_MIP_Tolerances_AbsMIPGap                0.5
CPXPARAM_MIP_Limits_TreeMemory                   26600
Legacy callback                                  BbLUID
         Disabling repeat represolve because of lazy constraint/incumbent callback.
1 of 1 MIP starts provided solutions.
MIP start 'm1' defined initial solution with objective 122956.0000.
Tried aggregator 1 time.
MIP Presolve modified 13692 coefficients.
Reduced MIP has 537 rows, 13948 columns, and 41844 nonzeros.
Reduced MIP has 13948 binaries, 0 generals, 0 SOSs, and 0 indicators.
Presolve time = 0.02 sec. (39.73 ticks)
Probing time = 0.00 sec. (5.20 ticks)
Clique table members: 532.
MIP emphasis: optimality.
MIP search method: traditional branch-and-cut.
Parallel mode: none, using 1 thread.
Root relaxation solution time = 0.00 sec. (8.83 ticks)

        Nodes                                         Cuts/
   Node  Left     Objective  IInf  Best Integer    Best Bound    ItCnt     Gap         Variable B NodeID Parent  Depth

*     0+    0                       122956.0000        0.0000           100.00%
      0     0   101939.0000   154   122956.0000    81579.0000      229   33.65%
      0     0   113599.0000   146   122956.0000      Cuts: 92      403    7.61%
      0     0   117244.5000    86   122956.0000     Cuts: 114      500    4.65%
      0     0   121267.5000    10   122956.0000      Cuts: 22      585    1.37%
      0     0   122570.0000   168   122956.0000      Cuts: 16      646    0.31%
      0     0   122643.5000   108   122956.0000      Cuts: 19      666    0.25%
      0     0   122731.5000   114   122956.0000       Cuts: 7      679    0.18%
      0     0   122731.5000   200   122956.0000       Cuts: 7      687    0.18%
      0     0   122731.5000   214   122956.0000      Cuts: 11      705    0.18%
      0     0   122731.5000   304   122956.0000      User: 17      738    0.18%
      0     0   122731.5000   404   122956.0000       User: 6      749    0.18%
      0     0   122731.5000   208   122956.0000       User: 6      761    0.18%
      0     0   122731.5000   317   122956.0000      User: 13      763    0.18%
      0     0   122731.5000   208   122956.0000       User: 6      785    0.18%
      0     0   122731.5000   208   122956.0000       User: 5      802    0.18%
      0     0   122731.5000   326   122956.0000       User: 5      840    0.18%
      0     2   122731.5000   326   122956.0000   122779.5000      840    0.14%                        0             0
Elapsed time = 0.93 sec. (1806.89 ticks, tree = 0.01 MB, solutions = 1)
      2     4   122796.5000   382   122956.0000   122785.5000      908    0.14%  x(c50_4_c53_4) N      2      1      2
      7     6   122826.0000   220   122956.0000   122785.5000     1020    0.14%  x(c27_4_c12_4) D      7      6      3
     14     7        cutoff         122956.0000   122807.5000     1207    0.12%  x(c39_5_c16_5) N     14     13      8
     25    12   122892.5000   244   122956.0000   122825.5000     1459    0.11%  x(c44_4_c24_4) D     25     24      3
     46    19   122871.1000   334   122956.0000   122859.2500     1824    0.08%  x(c41_5_c35_5) D     46     45      7
     74    29   122894.6111   236   122956.0000   122891.4167     2208    0.05%     x(Op_c30_3) D     74     65      9
    111    30   122931.5000   234   122956.0000   122922.0000     2634    0.03%   x(c3_5_c21_5) D    111    101     11
*   113     0      integral     0   122923.0000   122923.0000     2640    0.00%

Zero-half cuts applied:  19
Gomory fractional cuts applied:  11
User cuts applied:  576

Root node processing (before b&c):
  Real time             =    0.93 sec. (1807.75 ticks)
Sequential b&c:
  Real time             =    1.49 sec. (1769.04 ticks)
                          ------------
Total (root+branch&cut) =    2.41 sec. (3576.78 ticks)

