Version identifier: 22.1.0.0 | 2022-03-09 | 1a383f8ce
CPXPARAM_Preprocessing_Reduce                    1
CPXPARAM_Threads                                 1
CPXPARAM_Preprocessing_Reformulations            0
CPXPARAM_Emphasis_MIP                            2
CPXPARAM_TimeLimit                               7200
CPXPARAM_MIP_Tolerances_AbsMIPGap                0.5
CPXPARAM_MIP_Limits_TreeMemory                   26600
Legacy callback                                  BbLUID
         Disabling repeat represolve because of lazy constraint/incumbent callback.
1 of 1 MIP starts provided solutions.
MIP start 'm1' defined initial solution with objective 72300.0000.
Tried aggregator 1 time.
MIP Presolve modified 7529 coefficients.
Reduced MIP has 309 rows, 7676 columns, and 23028 nonzeros.
Reduced MIP has 7676 binaries, 0 generals, 0 SOSs, and 0 indicators.
Presolve time = 0.01 sec. (21.76 ticks)
Probing time = 0.00 sec. (3.91 ticks)
Clique table members: 306.
MIP emphasis: optimality.
MIP search method: traditional branch-and-cut.
Parallel mode: none, using 1 thread.
Root relaxation solution time = 0.00 sec. (4.22 ticks)

        Nodes                                         Cuts/
   Node  Left     Objective  IInf  Best Integer    Best Bound    ItCnt     Gap         Variable B NodeID Parent  Depth

*     0+    0                        72300.0000        0.0000           100.00%
      0     0    60964.0000   102    72300.0000    48102.0000      103   33.47%
      0     0    67560.5000    88    72300.0000      Cuts: 67      222    6.56%
      0     0    69507.0000   140    72300.0000      Cuts: 65      276    3.86%
      0     0    71170.5000    60    72300.0000      Cuts: 22      316    1.56%
      0     0    72107.5000   152    72300.0000       Cuts: 6      365    0.27%
      0     0    72163.5000   108    72300.0000       Cuts: 9      377    0.19%
      0     0    72174.5000   198    72300.0000       Cuts: 6      390    0.17%
      0     0    72177.0000   110    72300.0000  ZeroHalf: 12      396    0.17%
      0     0    72177.0000   225    72300.0000       Cuts: 8      403    0.17%
      0     0    72189.0000   199    72300.0000   ZeroHalf: 1      421    0.15%
      0     0    72189.0000   300    72300.0000  ZeroHalf: 24      437    0.15%
*     0+    0                        72298.0000    72189.0000             0.15%
      0     2    72189.0000   231    72298.0000    72189.0000      437    0.15%                        0             0
Elapsed time = 0.33 sec. (798.07 ticks, tree = 0.01 MB, solutions = 2)
*     8     1      integral     0    72267.0000    72263.0000      480    0.01%

Zero-half cuts applied:  16
Gomory fractional cuts applied:  5
User cuts applied:  220

Root node processing (before b&c):
  Real time             =    0.33 sec. (798.12 ticks)
Sequential b&c:
  Real time             =    0.13 sec. (146.54 ticks)
                          ------------
Total (root+branch&cut) =    0.46 sec. (944.66 ticks)

