Version identifier: 22.1.0.0 | 2022-03-09 | 1a383f8ce
CPXPARAM_Preprocessing_Reduce                    0
CPXPARAM_Threads                                 1
CPXPARAM_Preprocessing_Reformulations            0
CPXPARAM_Emphasis_MIP                            2
CPXPARAM_TimeLimit                               7200
CPXPARAM_MIP_Tolerances_AbsMIPGap                0.98999999999999999
CPXPARAM_MIP_Limits_TreeMemory                   20000
Legacy callback                                  BbLUID
         Disabling repeat represolve because of lazy constraint/incumbent callback.
1 of 1 MIP starts provided solutions.
MIP start 'm1' defined initial solution with objective 20718.0000.
Tried aggregator 0 times.
Reduced MIP has 114 rows, 1028 columns, and 4004 nonzeros.
Reduced MIP has 1028 binaries, 0 generals, 0 SOSs, and 0 indicators.
Presolve time = 0.00 sec. (0.21 ticks)
Probing time = 0.00 sec. (1.89 ticks)
Clique table members: 57.
MIP emphasis: optimality.
MIP search method: traditional branch-and-cut.
Parallel mode: none, using 1 thread.
Root relaxation solution time = 0.00 sec. (0.62 ticks)

        Nodes                                         Cuts/
   Node  Left     Objective  IInf  Best Integer    Best Bound    ItCnt     Gap         Variable B NodeID Parent  Depth

*     0+    0                        20718.0000        0.0000           100.00%
      0     0    19310.5000    36    20718.0000    15424.0000       87   25.55%
      0     0    20657.0000    78    20718.0000      Cuts: 12      116    0.29%
      0     0    20657.0000   114    20718.0000       Cuts: 9      118    0.29%
      0     0    20657.0000   114    20718.0000  ZeroHalf: 10      119    0.29%
      0     0    20657.0000    78    20718.0000       User: 2      136    0.29%
      0     0    20657.0000   114    20718.0000   ZeroHalf: 7      138    0.29%
      0     0    20657.0000   114    20718.0000       Cuts: 7      140    0.29%
      0     2    20657.0000   114    20718.0000    20657.0000      140    0.29%                        0             0
Elapsed time = 0.07 sec. (70.14 ticks, tree = 0.01 MB, solutions = 1)

Cover cuts applied:  1
Zero-half cuts applied:  7
Gomory fractional cuts applied:  3
User cuts applied:  88

Root node processing (before b&c):
  Real time             =    0.07 sec. (70.16 ticks)
Sequential b&c:
  Real time             =    0.23 sec. (105.86 ticks)
                          ------------
Total (root+branch&cut) =    0.31 sec. (176.01 ticks)

