Version identifier: 22.1.0.0 | 2022-03-09 | 1a383f8ce
CPXPARAM_Preprocessing_Reduce                    1
CPXPARAM_Threads                                 1
CPXPARAM_Preprocessing_Reformulations            0
CPXPARAM_Emphasis_MIP                            2
CPXPARAM_TimeLimit                               7200
CPXPARAM_MIP_Tolerances_AbsMIPGap                0.5
CPXPARAM_MIP_Limits_TreeMemory                   26600
Legacy callback                                  BbLUID
         Disabling repeat represolve because of lazy constraint/incumbent callback.
1 of 1 MIP starts provided solutions.
MIP start 'm1' defined initial solution with objective 14365.0000.
Tried aggregator 1 time.
MIP Presolve modified 5816 coefficients.
Reduced MIP has 270 rows, 5948 columns, and 11896 nonzeros.
Reduced MIP has 5948 binaries, 0 generals, 0 SOSs, and 0 indicators.
Presolve time = 0.00 sec. (6.93 ticks)
Probing time = 0.00 sec. (3.60 ticks)
Clique table members: 270.
MIP emphasis: optimality.
MIP search method: traditional branch-and-cut.
Parallel mode: none, using 1 thread.
Root relaxation solution time = 0.00 sec. (3.11 ticks)

        Nodes                                         Cuts/
   Node  Left     Objective  IInf  Best Integer    Best Bound    ItCnt     Gap         Variable B NodeID Parent  Depth

*     0+    0                        14365.0000        0.0000           100.00%
      0     0    13527.0000   114    14365.0000    11629.0000      128   19.05%
      0     0    13854.0000    10    14365.0000      Cuts: 73      206    3.56%
      0     0    13969.5000   124    14365.0000      Cuts: 16      246    2.75%
      0     0    14056.5000    78    14365.0000      Cuts: 41      278    2.15%
      0     0    14083.0000   145    14365.0000       Cuts: 9      305    1.96%
      0     0    14091.0000   269    14365.0000  ZeroHalf: 11      319    1.91%
      0     0    14106.7500   181    14365.0000      Cuts: 21      349    1.80%
      0     0    14107.0000   194    14365.0000  ZeroHalf: 13      368    1.80%
      0     0    14128.2500   106    14365.0000   ZeroHalf: 6      406    1.65%
      0     0    14137.0000   115    14365.0000  ZeroHalf: 12      419    1.59%
      0     0    14139.8333   194    14365.0000       Cuts: 8      437    1.57%
      0     0    14163.5000   190    14365.0000   ZeroHalf: 9      456    1.40%
      0     0    14168.0333   122    14365.0000       Cuts: 7      474    1.37%
      0     0    14179.5000   157    14365.0000       Cuts: 8      500    1.29%
      0     0    14183.0625   202    14365.0000  ZeroHalf: 17      521    1.27%
      0     0    14185.2500   187    14365.0000  ZeroHalf: 12      535    1.25%
      0     0    14185.5833   208    14365.0000  ZeroHalf: 16      546    1.25%
      0     0    14185.5833   155    14365.0000       User: 4      552    1.25%
      0     2    14185.5833   155    14365.0000    14185.5833      552    1.25%                        0             0
Elapsed time = 0.27 sec. (512.10 ticks, tree = 0.01 MB, solutions = 1)
     10    12    14262.8333   140    14365.0000    14185.5833      672    1.25%   x(c2_2_c40_2) N     10      7      6
     68    57        cutoff          14365.0000    14185.5833      942    1.25%  x(c35_1_c20_1) N     68     67     59
    142   118    14192.2000   144    14365.0000    14190.5333     1392    1.21%  x(c16_1_c36_1) D    142      4      4
    193   169    14250.1250   223    14365.0000    14198.6786     2134    1.16%  x(c43_2_c23_2) U    193    177     17
    256   231    14209.1333   231    14365.0000    14205.8333     3203    1.11%  x(c18_1_c34_1) D    256    213     12
    318   293    14240.3333   198    14365.0000    14209.8333     4130    1.08%   x(c23_2_c3_2) U    318    266     18
    394   368    14239.2500   160    14365.0000    14213.8333     5177    1.05%   x(c26_1_c8_1) U    394    376     10
    457   429    14273.3333   250    14365.0000    14217.5000     5964    1.03%   x(c43_2_c2_2) U    457     78     11
    539   510    14285.8333   198    14365.0000    14220.8333     6842    1.00%   x(c38_2_c2_2) U    539    243     10
    807   771    14232.9286   225    14365.0000    14231.1000    10585    0.93%   x(c2_2_c37_2) D    807    806     36
Elapsed time = 3.67 sec. (3640.22 ticks, tree = 6.17 MB, solutions = 1)
   1093  1055    14240.2905   229    14365.0000    14236.5000    14831    0.89%   x(c20_2_c2_2) D   1093    988     18
   1314  1271    14275.5000   150    14365.0000    14239.5833    18826    0.87%  x(c25_2_c19_2) U   1314    200     13
   1518  1472    14278.0500   219    14365.0000    14242.5000    24042    0.85%   x(c11_2_c6_2) D   1518   1516     20
   1710  1652    14274.1905   187    14365.0000    14245.6875    28474    0.83%   x(c14_3_c9_3) D   1710   1709      8
   1896  1831    14309.7500   230    14365.0000    14250.0000    33766    0.80%  x(c20_2_c42_2) U   1896    891     11
   2064  1994    14254.8333   162    14365.0000    14253.3750    38789    0.78%  x(c11_2_c14_2) D   2064    578     32
   2247  2171    14294.5833   152    14365.0000    14257.0833    43889    0.75%   x(c14_3_c9_3) U   2247   2013     12
   2449  2362    14297.0238   219    14365.0000    14260.3333    48886    0.73%   x(c14_3_c9_3) U   2449   2447      7
*  2570+ 2432                        14348.0000    14262.0000             0.60%
   2630  2491    14266.5298   300    14348.0000    14262.8056    53429    0.59%   x(c6_2_c11_2) D   2630   1605     13
   2809  2638    14293.1333   204    14348.0000    14264.9583    57997    0.58%   x(c14_3_c9_3) U   2809   1756     11
Elapsed time = 13.19 sec. (13210.55 ticks, tree = 26.84 MB, solutions = 2)
   3003  2803    14321.1875   216    14348.0000    14267.1905    62681    0.56%  x(c22_2_c26_2) U   3003   1116     15
   3188  2956    14283.5000   170    14348.0000    14269.0375    67360    0.55%      x(Op_c7_1) U   3188   1130     15
   3375  3126    14280.8333   151    14348.0000    14270.8333    71965    0.54%   x(c14_3_c9_3) U   3375   3373     12
   3549  3266        cutoff          14348.0000    14272.0417    75899    0.53%   x(c2_2_c40_2) U   3549   2103     37
   3739  3433    14322.2500   190    14348.0000    14273.3750    80027    0.52%   x(c11_2_c6_2) U   3739   3737     18
   3921  3598    14274.5000   172    14348.0000    14274.5000    84317    0.51%  x(c16_2_c26_2) D   3921    373     22
   4115  3755        cutoff          14348.0000    14275.5833    88506    0.50%   x(c16_2_c6_2) U   4115   2021     47
   4308  3901    14280.1250    97    14348.0000    14276.5000    92553    0.50%  x(c22_2_c26_2) D   4308   3115     15
   4498  4045    14281.0000   155    14348.0000    14277.4167    96315    0.49%    x(c6_3_c9_3) D   4498   4497     20
   4680  4181    14305.6833   258    14348.0000    14278.0644   100090    0.49%   x(c8_2_c26_2) D   4680   4146     11
Elapsed time = 20.39 sec. (22781.08 ticks, tree = 47.05 MB, solutions = 2)
   4869  4317    14312.2163   220    14348.0000    14278.8333   104051    0.48%  x(c44_1_c28_1) U   4869   4868     19
   5061  4462    14294.8333   233    14348.0000    14279.5833   107654    0.48%   x(c14_3_c9_3) U   5061   2561     25
   5250  4608    14280.5893   241    14348.0000    14280.2250   111436    0.47%   x(c3_2_c43_2) D   5250   5249     25
   5441  4733    14314.5000   250    14348.0000    14280.8333   114940    0.47%     x(Op_c28_2) N   5441   5440     20
   5627  4870    14287.8611   219    14348.0000    14281.4000   118635    0.46%   x(c14_3_c9_3) D   5627   2004     36
   5819  4998    14282.1500   115    14348.0000    14282.0000   121964    0.46%   x(c2_2_c40_2) D   5819   5028     14
   6000  5123    14319.2619   163    14348.0000    14282.6667   125714    0.46%   x(c14_3_c9_3) D   6000   5483     14
   6188  5270    14284.1111   202    14348.0000    14283.3333   129320    0.45%   x(c27_3_c5_3) D   6188   4053     13
   6383  5394    14338.3125   246    14348.0000    14283.9119   132915    0.45%   x(c38_2_c2_2) U   6383   2468     19
   6561  5530    14315.0000    62    14348.0000    14284.5000   136272    0.44%  x(c22_2_c26_2) U   6561   1876     13
Elapsed time = 27.43 sec. (32360.91 ticks, tree = 66.03 MB, solutions = 2)
   6766  5674    14286.0417   253    14348.0000    14284.9444   139467    0.44%  x(c40_2_c24_2) D   6766   5501     33
   6959  5805    14289.1250   221    14348.0000    14285.4737   142618    0.44%  x(c22_2_c26_2) D   6959   2512     25
   7134  5927    14305.5833   253    14348.0000    14286.0000   145681    0.43%   x(c14_3_c9_3) U   7134   6417     34
*  7136  4693      integral     0    14325.0000    14286.0000   145731    0.27%
   7317  4785    14292.6250   192    14325.0000    14286.5000   148832    0.27%   x(c2_2_c42_2) D   7317   6389     48
   7507  4845    14293.6667   156    14325.0000    14287.0000   151679    0.27%   x(c36_1_c6_1) U   7507   7505     16
   7691  4894        cutoff          14325.0000    14287.5000   154386    0.26%  x(c42_2_c35_2) U   7691   2100     23
   7875  4947    14317.7500   101    14325.0000    14288.0000   156965    0.26%   x(c14_3_c9_3) D   7875   1509     21
   8049  4996        cutoff          14325.0000    14288.5000   159719    0.25%  x(c47_1_c26_1) U   8049   6652     24
   8241  5043        cutoff          14325.0000    14289.0000   162305    0.25%   x(c2_2_c40_2) U   8241   5435     37
   8422  5099    14289.3472   231    14325.0000    14289.3542   164901    0.25%   x(c48_2_c6_2) D   8422   5531     27
Elapsed time = 34.03 sec. (41932.92 ticks, tree = 63.38 MB, solutions = 3)
   8624  5169        cutoff          14325.0000    14289.7167   167683    0.25%  x(c34_2_c43_2) U   8624   7575     30
   8800  5207    14291.6667   190    14325.0000    14290.1667   170442    0.24%  x(c14_3_c36_3) D   8800   7197     14
   8996  5264    14315.4167   157    14325.0000    14290.5310   173112    0.24%   x(c11_2_c6_2) U   8996   3564     17
   9196  5319    14291.7500   194    14325.0000    14291.0000   175646    0.24%   x(c29_2_c6_2) D   9196   4303     40
   9396  5365        cutoff          14325.0000    14291.5000   178374    0.23%   x(c43_2_c2_2) U   9396   9394     35
   9600  5417    14292.5409   268    14325.0000    14291.8889   181223    0.23%   x(c6_2_c11_2) D   9600   8741     23
   9797  5469    14312.0913   281    14325.0000    14292.3008   184241    0.23%   x(c14_3_c9_3) U   9797   6498     22
  10002  5558    14293.3750   175    14325.0000    14292.7500   187095    0.23%   x(c36_1_c6_1) N  10002   5598     17
  10202  5618    14317.1875   191    14325.0000    14293.2500   190003    0.22%   x(c14_3_c9_3) U  10202   8203     21
  10407  5673    14307.3899   264    14325.0000    14293.6667   192718    0.22%  x(c36_1_c11_1) U  10407   6109     31
Elapsed time = 40.17 sec. (51512.97 ticks, tree = 72.80 MB, solutions = 3)
  10607  5692        cutoff          14325.0000    14294.0500   195391    0.22%   x(c8_2_c26_2) U  10607   3533     15
  10803  5735    14308.5833   172    14325.0000    14294.4375   197958    0.21%  x(c45_2_c43_2) U  10803  10801     28
  11000  5766        cutoff          14325.0000    14294.8333   200820    0.21%  x(c14_1_c36_1) U  11000   9184     24
  11185  5776    14297.8269   300    14325.0000    14295.2000   203484    0.21%   x(c5_1_c32_1) D  11185   2413     10
  11375  5809        cutoff          14325.0000    14295.5000   205866    0.21%   x(c26_2_c6_2) U  11375  11373     13
  11547  5828    14296.2822   236    14325.0000    14295.9583   208200    0.20%  x(c45_2_c38_2) D  11547  10917     20
  11720  5842        cutoff          14325.0000    14296.3143   210433    0.20%   x(c16_2_c6_2) U  11720   7169     23
  11914  5876    14312.9875   247    14325.0000    14296.5682   212877    0.20%   x(c3_2_c43_2) U  11914   5557     19
  12100  5911    14297.5783   272    14325.0000    14297.0000   214952    0.20%  x(c14_1_c36_1) D  12100  11526     25
  12285  5927        cutoff          14325.0000    14297.3070   217272    0.19%  x(c14_2_c11_2) U  12285   5323     18
Elapsed time = 45.93 sec. (61079.78 ticks, tree = 78.09 MB, solutions = 3)
  12465  5921        cutoff          14325.0000    14297.6250   219560    0.19%  x(c36_1_c14_1) U  12465  10559     24
  12644  5936    14312.0000   128    14325.0000    14298.0000   221711    0.19%   x(c36_1_c6_1) D  12644  10575     17
  12827  5969        cutoff          14325.0000    14298.3333   224140    0.19%   x(c36_3_c9_3) U  12827  12825     26
  13005  6000    14298.6250   153    14325.0000    14298.6250   226451    0.18%  x(c18_1_c28_1) D  13005   9079     21
  13181  6051    14316.5882   254    14325.0000    14298.9405   228554    0.18%   x(c26_2_c6_2) D  13181  13179     20
  13367  6049    14302.5000   181    14325.0000    14299.2500   230801    0.18%  x(c36_1_c11_1) U  13367   8101     23
  13536  6051        cutoff          14325.0000    14299.5625   233000    0.18%  x(c47_1_c26_1) U  13536   2998     13
  13718  6084        cutoff          14325.0000    14299.8864   235478    0.18%   x(c6_2_c11_2) U  13718   6944     29
  13910  6100    14300.2879   170    14325.0000    14300.2424   237667    0.17%  x(c16_1_c36_1) D  13910   5506     36
  14090  6096        cutoff          14325.0000    14300.5000   239924    0.17%   x(c26_2_c6_2) U  14090  14089     13
Elapsed time = 51.27 sec. (70653.86 ticks, tree = 82.26 MB, solutions = 3)
  14275  6118    14301.5175   268    14325.0000    14300.8542   242182    0.17%  x(c43_2_c23_2) D  14275  12213     27
  14443  6134    14309.3056   191    14325.0000    14301.1000   244453    0.17%   x(c11_2_c6_2) U  14443   5979     26
  14622  6141        cutoff          14325.0000    14301.5000   246594    0.16%  x(c21_3_c14_3) U  14622  12118     37
  14790  6135    14304.4537   238    14325.0000    14301.7500   248784    0.16%   x(c6_2_c11_2) D  14790  14789     30
  14983  6154        cutoff          14325.0000    14302.0000   251093    0.16%   x(c14_3_c9_3) D  14983   2226     29
  15170  6155    14306.1799   217    14325.0000    14302.3333   253156    0.16%   x(c26_2_c6_2) U  15170  13599     12
  15348  6129    14306.6111   223    14325.0000    14302.6111   255297    0.16%  x(c30_2_c45_2) D  15348  13387     26
  15531  6138    14321.8472   251    14325.0000    14302.9583   257197    0.15%   x(c2_2_c40_2) D  15531  10227     20
  15717  6140    14316.7167   239    14325.0000    14303.2188   259193    0.15%  x(c40_2_c24_2) D  15717   1050     35
  15898  6167        cutoff          14325.0000    14303.5000   261436    0.15%   x(c37_2_c2_2) U  15898  12960     27
Elapsed time = 56.52 sec. (80224.95 ticks, tree = 84.85 MB, solutions = 3)
  16072  6155        cutoff          14325.0000    14303.8125   263152    0.15%   x(c8_2_c26_2) U  16072   8788     14
  16250  6138    14305.0399   225    14325.0000    14304.0833   265078    0.15%  x(c14_2_c11_2) D  16250  12164     29
  16429  6126    14317.7460   202    14325.0000    14304.4000   267083    0.14%  x(c36_1_c14_1) U  16429  16427     23
  16620  6113    14308.0000   222    14325.0000    14304.6875   268878    0.14%  x(c45_2_c43_2) U  16620  15094     26
  16798  6111    14306.2500   141    14325.0000    14305.0000   271104    0.14%   x(c26_2_c8_2) D  16798  16309     28
  16975  6102        cutoff          14325.0000    14305.2500   273206    0.14%   x(c14_3_c9_3) U  16975   9759     16
  17158  6095        cutoff          14325.0000    14305.5000   275039    0.14%   x(c11_2_c6_2) U  17158  17156     29
  17339  6096    14307.8333   163    14325.0000    14305.8333   276982    0.13%   x(c36_1_c6_1) U  17339   9288     21
  17523  6070        cutoff          14325.0000    14306.1000   278874    0.13%   x(c48_2_c6_2) U  17523  12362     14
  18270  5955        cutoff          14325.0000    14307.2500   286365    0.12%  x(c42_2_c35_2) D  18270  10114     23
Elapsed time = 63.00 sec. (92633.51 ticks, tree = 83.62 MB, solutions = 3)
  18993  5851        cutoff          14325.0000    14308.2500   293970    0.12%   x(c11_2_c6_2) U  18993  18991     16
  19727  5715        cutoff          14325.0000    14309.2500   301182    0.11%   x(c48_2_c6_2) U  19727  10836     24
  20474  5567    14321.5139   194    14325.0000    14310.3333   307953    0.10%   x(c6_3_c36_3) D  20474  13629     15
  21176  5373        cutoff          14325.0000    14311.3375   314322    0.10%  x(c45_2_c35_2) D  21176   8621     25
  21906  5140        cutoff          14325.0000    14312.4000   320230    0.09%  x(c14_1_c36_1) U  21906  21371     28
  22605  4901        cutoff          14325.0000    14313.4960   326512    0.08%   x(c2_2_c40_2) D  22605   2686     16
  23350  4645        cutoff          14325.0000    14314.3333   331847    0.07%   x(c11_2_c6_2) U  23350   4466     18
  24089  4316        cutoff          14325.0000    14315.3333   337148    0.07%   x(c36_1_c6_1) D  24089  24088     35
  24856  3962        cutoff          14325.0000    14316.3750   342279    0.06%   x(c6_1_c14_1) D  24856  19808     27
  25605  3541        cutoff          14325.0000    14317.4520   347208    0.05%   x(c2_2_c37_2) D  25605  20841     31
Elapsed time = 81.51 sec. (130815.07 ticks, tree = 52.27 MB, solutions = 3)
  26350  3096        cutoff          14325.0000    14318.5000   351503    0.05%   x(c6_3_c36_3) U  26350  20188     21
  27079  2604        cutoff          14325.0000    14319.5000   355479    0.04%   x(c5_1_c32_1) U  27079  12124     16
  27800  2059        cutoff          14325.0000    14320.5000   359057    0.03%  x(c44_1_c28_1) U  27800  11749     30
  28526  1472        cutoff          14325.0000    14321.5833   362089    0.02%  x(c35_2_c38_2) U  28526   2488     36
  29272   835        cutoff          14325.0000    14322.7500   364504    0.02%   x(c14_3_c9_3) D  29272   1804     34

Zero-half cuts applied:  56
User cuts applied:  1429

Root node processing (before b&c):
  Real time             =    0.27 sec. (512.21 ticks)
Sequential b&c:
  Real time             =   90.53 sec. (152989.83 ticks)
                          ------------
Total (root+branch&cut) =   90.80 sec. (153502.04 ticks)

