Version identifier: 22.1.0.0 | 2022-03-09 | 1a383f8ce
CPXPARAM_Preprocessing_Reduce                    1
CPXPARAM_Threads                                 1
CPXPARAM_Preprocessing_Reformulations            0
CPXPARAM_Emphasis_MIP                            2
CPXPARAM_TimeLimit                               7200
CPXPARAM_MIP_Tolerances_AbsMIPGap                0.5
CPXPARAM_MIP_Limits_TreeMemory                   26600
Legacy callback                                  BbLUID
         Disabling repeat represolve because of lazy constraint/incumbent callback.
1 of 1 MIP starts provided solutions.
MIP start 'm1' defined initial solution with objective 11876.0000.
Tried aggregator 1 time.
MIP Presolve modified 1587 coefficients.
Reduced MIP has 144 rows, 1656 columns, and 3312 nonzeros.
Reduced MIP has 1656 binaries, 0 generals, 0 SOSs, and 0 indicators.
Presolve time = 0.00 sec. (2.03 ticks)
Probing time = 0.00 sec. (2.39 ticks)
Clique table members: 144.
MIP emphasis: optimality.
MIP search method: traditional branch-and-cut.
Parallel mode: none, using 1 thread.
Root relaxation solution time = 0.00 sec. (0.93 ticks)

        Nodes                                         Cuts/
   Node  Left     Objective  IInf  Best Integer    Best Bound    ItCnt     Gap         Variable B NodeID Parent  Depth

*     0+    0                        11876.0000        0.0000           100.00%
      0     0    11072.0000    60    11876.0000    10019.0000      123   15.64%
      0     0    11436.0000    78    11876.0000      Cuts: 39      157    3.70%
      0     0    11645.5000    32    11876.0000      Cuts: 28      185    1.94%
      0     0    11742.5000    52    11876.0000      Cuts: 13      201    1.12%
      0     0    11753.0000    48    11876.0000       Cuts: 9      208    1.04%
      0     0    11759.0000    42    11876.0000       Cuts: 3      213    0.99%
      0     0    11759.0000   138    11876.0000  ZeroHalf: 14      217    0.99%
      0     0    11759.0000    88    11876.0000      User: 10      226    0.99%
      0     0    11759.0000    50    11876.0000  ZeroHalf: 13      229    0.99%
      0     0    11759.0000   132    11876.0000   ZeroHalf: 9      237    0.99%
      0     0    11759.0000    90    11876.0000       User: 8      245    0.99%
      0     2    11759.0000    90    11876.0000    11759.0000      245    0.99%                        0             0
Elapsed time = 0.13 sec. (205.04 ticks, tree = 0.01 MB, solutions = 1)
    142    73    11862.7500    44    11876.0000    11803.5000     1559    0.61%  x(c47_2_c24_2) N    142    140      5
    358   161    11830.2500    60    11876.0000    11830.1364     3090    0.39%   x(c2_2_c43_2) D    358    289     10
    597   226        cutoff          11876.0000    11847.2727     4815    0.24%  x(c40_3_c24_3) N    597    552     30
    841   168    11873.0000    49    11876.0000    11862.0000     6261    0.12%  x(c34_2_c18_2) N    841     60      5

Cover cuts applied:  4
Zero-half cuts applied:  14
User cuts applied:  398

Root node processing (before b&c):
  Real time             =    0.13 sec. (205.01 ticks)
Sequential b&c:
  Real time             =    1.06 sec. (1189.37 ticks)
                          ------------
Total (root+branch&cut) =    1.20 sec. (1394.38 ticks)

