Version identifier: 22.1.0.0 | 2022-03-09 | 1a383f8ce
CPXPARAM_Preprocessing_Reduce                    1
CPXPARAM_Threads                                 1
CPXPARAM_Preprocessing_Reformulations            0
CPXPARAM_Emphasis_MIP                            2
CPXPARAM_TimeLimit                               7200
CPXPARAM_MIP_Tolerances_AbsMIPGap                0.90000000000000002
CPXPARAM_MIP_Limits_TreeMemory                   26600
Legacy callback                                  BbLUID
         Disabling repeat represolve because of lazy constraint/incumbent callback.
1 of 1 MIP starts provided solutions.
MIP start 'm1' defined initial solution with objective 1703.0000.
Tried aggregator 1 time.
Reduced MIP has 312 rows, 7958 columns, and 15916 nonzeros.
Reduced MIP has 7958 binaries, 0 generals, 0 SOSs, and 0 indicators.
Presolve time = 0.00 sec. (5.09 ticks)
Probing time = 0.00 sec. (4.14 ticks)
Clique table members: 312.
MIP emphasis: optimality.
MIP search method: traditional branch-and-cut.
Parallel mode: none, using 1 thread.
Root relaxation solution time = 0.00 sec. (3.50 ticks)

        Nodes                                         Cuts/
   Node  Left     Objective  IInf  Best Integer    Best Bound    ItCnt     Gap         Variable B NodeID Parent  Depth

*     0+    0                         1703.0000        0.0000           100.00%
      0     0     1565.5000   148     1703.0000     1300.0000      100   23.66%
      0     0     1626.0000   168     1703.0000      Cuts: 41      213    4.52%
      0     0     1657.0000   236     1703.0000      Cuts: 39      280    2.70%
      0     0     1666.0000   172     1703.0000      Cuts: 23      340    2.17%
      0     0     1676.5000   176     1703.0000      Cuts: 23      357    1.56%
      0     0     1683.0000    68     1703.0000      Cuts: 63      400    1.17%
      0     0     1683.0000   139     1703.0000       Cuts: 8      417    1.17%
      0     0     1683.0000    60     1703.0000       User: 1      433    1.17%
      0     0     1683.0000   126     1703.0000      Cuts: 10      452    1.17%
      0     0     1683.0000   168     1703.0000       User: 1      454    1.17%
      0     0     1683.0000    88     1703.0000       User: 1      454    1.17%
      0     2     1683.0000    88     1703.0000     1683.0000      454    1.17%                        0             0
Elapsed time = 0.27 sec. (532.92 ticks, tree = 0.01 MB, solutions = 1)
     19    21     1687.2941   220     1703.0000     1683.0000      614    1.17%  x(c39_1_c62_1) D     19     18     15
     52    49     1688.5000   140     1703.0000     1683.5000      891    1.15%   x(c34_3_c9_3) D     52     51      5
    108    92     1691.4000   280     1703.0000     1685.0000     1406    1.06%  x(c43_3_c68_3) N    108      5      4
    160   144     1686.0000   198     1703.0000     1685.5000     2084    1.03%  x(c13_3_c23_3) U    160    159     10
    217   201     1687.5000   212     1703.0000     1686.0000     2992    1.00%  x(c66_3_c57_3) U    217    216     13
    280   264     1686.5000   182     1703.0000     1686.5000     3853    0.97%   x(c9_1_c34_1) D    280    121     11
    351   323     1701.0000   212     1703.0000     1686.5000     4568    0.97%  x(c53_3_c47_3) D    351    350     54
    422   387     1688.0000   181     1703.0000     1687.0000     5561    0.94%   x(c9_1_c21_1) N    422    421     22
    489   442     1687.1000   181     1703.0000     1687.0000     6467    0.94%  x(c64_1_c56_1) D    489    488     34
    730   656     1687.5000   172     1703.0000     1687.5000     9925    0.91%   x(c9_1_c34_1) D    730    301      9
Elapsed time = 4.36 sec. (3667.69 ticks, tree = 5.53 MB, solutions = 1)
    990   903     1687.8333   277     1703.0000     1687.8333    13903    0.89%   x(c21_1_c9_1) D    990    641     13
   1210  1092     1698.8333   216     1703.0000     1688.0000    17810    0.88%   x(c61_3_c9_3) U   1210   1209     56
   1438  1296     1688.5455   231     1703.0000     1688.3333    22430    0.86%  x(c60_3_c51_3) N   1438   1358     12
   1636  1466     1688.5000   212     1703.0000     1688.5000    25818    0.85%   x(c34_1_c9_1) D   1636   1261     17
   1837  1650     1693.5000   196     1703.0000     1688.8889    30196    0.83%  x(c62_1_c39_1) U   1837   1836     26
   2048  1832     1696.0000   171     1703.0000     1689.0000    34204    0.82%   x(c9_1_c21_1) U   2048    828     16
   2236  1968     1695.1111   219     1703.0000     1689.0000    38798    0.82%   x(c9_1_c34_1) U   2236    929     18
   2442  2146     1695.3000   103     1703.0000     1689.2500    43107    0.81%   x(c17_3_c9_3) N   2442   1351     19
   2644  2327     1689.5000   166     1703.0000     1689.5000    47148    0.79%  x(c40_1_c34_1) D   2644   1414     22
   2864  2489     1696.4375   225     1703.0000     1689.5000    50368    0.79%  x(c68_3_c41_3) D   2864   2862     17
Elapsed time = 13.36 sec. (13235.72 ticks, tree = 24.45 MB, solutions = 1)
   3082  2678     1695.6667   215     1703.0000     1689.7500    54441    0.78%  x(c62_1_c39_1) U   3082   3080     26
   3287  2849     1691.5000    89     1703.0000     1690.0000    58431    0.76%  x(c10_2_c53_2) N   3287    944     30
   3455  2982     1690.0000   172     1703.0000     1690.0000    61158    0.76%   x(c9_1_c43_1) D   3455   2713     25
   3647  3119     1692.2500   177     1703.0000     1690.0000    64390    0.76%  x(c62_1_c39_1) U   3647   3056     31
   3855  3285        cutoff           1703.0000     1690.2500    68219    0.75%  x(c53_3_c50_3) U   3855   3853     58
   4062  3459     1700.1250   157     1703.0000     1690.4000    71788    0.74%   x(c50_1_c5_1) U   4062   3754     29
   4248  3615     1690.5714   217     1703.0000     1690.5000    75400    0.73%  x(c68_3_c43_3) D   4248   3718     19
   4435  3769     1690.5714   287     1703.0000     1690.5662    79185    0.73%  x(c39_1_c62_1) D   4435   3439     16
   4606  3897     1693.3587   219     1703.0000     1690.7500    82574    0.72%  x(c57_1_c19_1) U   4606   4604     25
   4787  4037     1695.2045   256     1703.0000     1690.7909    85532    0.72%  x(c58_3_c50_3) U   4787   4438     20
Elapsed time = 21.80 sec. (22826.09 ticks, tree = 43.02 MB, solutions = 1)
   4967  4193     1702.0000   202     1703.0000     1690.9000    89029    0.71%  x(c52_1_c56_1) U   4967   4605     26
   5119  4321     1691.2143   129     1703.0000     1691.0000    92494    0.70%  x(c39_1_c62_1) D   5119   3347     14
   5284  4452     1698.1111   191     1703.0000     1691.0000    95320    0.70%  x(c43_2_c21_2) D   5284   5282     75
   5454  4583     1698.7500   183     1703.0000     1691.0000    98525    0.70%   x(c61_3_c9_3) U   5454   3105     23
   5622  4714     1693.8056   277     1703.0000     1691.0000   102189    0.70%  x(c19_1_c57_1) D   5622   5620     27
   5788  4846     1691.2669   319     1703.0000     1691.1250   105653    0.70%  x(c50_1_c52_1) D   5788   5787     25
   5941  4981     1698.0000   233     1703.0000     1691.2500   109444    0.69%  x(c68_3_c43_3) U   5941   5321     21
   6113  5120     1694.5000   187     1703.0000     1691.3654   112818    0.68%  x(c50_1_c52_1) U   6113   6096     21
   6281  5258     1691.5000    72     1703.0000     1691.5000   116122    0.68%  x(c41_3_c17_3) D   6281    431      5
   6453  5397     1694.1667   212     1703.0000     1691.5000   119172    0.68%   x(c43_1_c9_1) U   6453   5389     26
Elapsed time = 29.06 sec. (32406.55 ticks, tree = 61.14 MB, solutions = 1)
   6633  5525     1699.2250   244     1703.0000     1691.5000   122538    0.68%   x(c43_1_c9_1) D   6633   6632     42
   6781  5643     1698.2857   151     1703.0000     1691.6250   125988    0.67%   x(c34_1_c9_1) N   6781   6779     26
   6950  5780     1694.2500   275     1703.0000     1691.7222   129799    0.66%  x(c41_3_c43_3) U   6950   6230     36
   7123  5917     1695.5312   194     1703.0000     1691.7778   133267    0.66%  x(c27_1_c40_1) U   7123    977     29
   7308  6062        cutoff           1703.0000     1691.8382   136668    0.66%   x(c21_1_c9_1) U   7308   6958     22
   7475  6198     1696.1875   135     1703.0000     1691.9375   140350    0.65%   x(c68_1_c9_1) U   7475   4196     18
   7630  6311     1692.2500   147     1703.0000     1692.0000   143340    0.65%  x(c44_2_c27_2) D   7630   5225     22
   7808  6434     1698.1250   166     1703.0000     1692.0000   146477    0.65%   x(c9_1_c34_1) U   7808   2619      5
   7975  6546     1692.2500   118     1703.0000     1692.0000   149793    0.65%  x(c61_1_c62_1) D   7975   7333     25
   8144  6662     1698.2386   301     1703.0000     1692.0833   153186    0.64%   x(c9_1_c43_1) U   8144   3042     23
Elapsed time = 35.83 sec. (41991.73 ticks, tree = 78.59 MB, solutions = 1)
   8303  6781     1700.2500   246     1703.0000     1692.1799   156881    0.64%   x(c34_1_c9_1) U   8303   8301     17
   8472  6903     1700.6667   178     1703.0000     1692.2500   160038    0.63%  x(c51_3_c60_3) U   8472   5206     19
   8648  7032     1694.0000   265     1703.0000     1692.2813   163206    0.63%  x(c56_1_c64_1) U   8648   8124     39
   8826  7169     1699.3077   316     1703.0000     1692.3333   166595    0.63%   x(c68_1_c9_1) U   8826   8814     30
   8981  7282     1693.6667   141     1703.0000     1692.4167   170127    0.62%  x(c41_3_c43_3) D   8981   8980     29
   9124  7390     1699.4167   156     1703.0000     1692.5000   173171    0.62%  x(c30_2_c27_2) U   9124   5111     17
   9289  7521     1693.2500   152     1703.0000     1692.5000   176178    0.62%  x(c44_2_c27_2) D   9289   9288     18
   9456  7651     1692.5000   227     1703.0000     1692.5000   179244    0.62%  x(c56_1_c64_1) D   9456   8864     25
   9621  7779     1698.0000    43     1703.0000     1692.5000   182078    0.62%  x(c32_3_c42_3) N   9621   9618     40
   9770  7890     1696.3646   302     1703.0000     1692.6051   185345    0.61%  x(c44_2_c27_2) U   9770   9768     24
Elapsed time = 42.49 sec. (51547.80 ticks, tree = 95.94 MB, solutions = 1)
   9930  8018     1702.0000    94     1703.0000     1692.6667   188640    0.61%  x(c54_1_c33_1) U   9930   9928     40
  10080  8117     1693.0000    63     1703.0000     1692.7500   191831    0.60%  x(c44_2_c43_2) D  10080  10079     33
  10242  8237     1694.0000   284     1703.0000     1692.7500   195090    0.60%   x(c34_1_c9_1) D  10242  10241     16
  10393  8355     1693.0683   227     1703.0000     1692.8333   198532    0.60%  x(c52_1_c56_1) D  10393   1774     49
  10549  8459     1693.0167   119     1703.0000     1692.8939   201579    0.59%   x(c9_1_c27_1) D  10549  10548     30
  10704  8578     1695.8148   190     1703.0000     1692.9878   204778    0.59%  x(c57_3_c19_3) D  10704   9041     33
  10847  8690     1700.8571    60     1703.0000     1693.0000   207554    0.59%  x(c50_3_c52_3) N  10847  10846     51
  10995  8794     1695.5000   192     1703.0000     1693.0000   210544    0.59%  x(c62_1_c39_1) D  10995   1368     27
  11147  8893     1701.5000   223     1703.0000     1693.0000   213612    0.59%  x(c57_1_c19_1) D  11147  11145     42
  11292  8982        cutoff           1703.0000     1693.0000   216613    0.59%  x(c17_3_c68_3) U  11292  11290     38
Elapsed time = 49.04 sec. (61122.38 ticks, tree = 112.50 MB, solutions = 1)
  11445  9096     1698.9062   272     1703.0000     1693.0000   219806    0.59%   x(c46_1_c9_1) D  11445  11443     62
  11594  9189     1693.8571   315     1703.0000     1693.0566   222747    0.58%  x(c44_2_c27_2) D  11594   9784     36
  11729  9283     1694.0917    90     1703.0000     1693.1250   225684    0.58%  x(c44_2_c27_2) U  11729  11096     27
  11885  9381     1696.0667   256     1703.0000     1693.1667   228633    0.58%   x(c9_3_c17_3) U  11885   5343     18
  12024  9485     1697.5000   122     1703.0000     1693.2500   231536    0.57%  x(c61_1_c62_1) U  12024   7653     32
  12172  9570     1694.4167   217     1703.0000     1693.2500   234321    0.57%  x(c52_3_c60_3) D  12172  10674     25
  12320  9669     1700.8000   143     1703.0000     1693.3000   237571    0.57%  x(c27_2_c30_2) U  12320  10687     58
  12480  9786     1700.0000   166     1703.0000     1693.3333   240395    0.57%  x(c50_1_c52_1) D  12480  12479     27
  12635  9885        cutoff           1703.0000     1693.3750   243202    0.57%   x(c9_1_c21_1) U  12635  12633     17
  12775  9998     1698.2500   133     1703.0000     1693.4615   246432    0.56%   x(c53_3_c6_3) U  12775   4925     41
Elapsed time = 55.52 sec. (70697.06 ticks, tree = 128.14 MB, solutions = 1)
  12920 10102     1698.0000   136     1703.0000     1693.5000   249340    0.56%  x(c52_1_c56_1) D  12920  12919     29
  13075 10204     1695.1667   174     1703.0000     1693.5000   252046    0.56%  x(c65_1_c50_1) U  13075   4034     42
  13224 10303     1694.0000   244     1703.0000     1693.5000   254973    0.56%   x(c9_1_c46_1) D  13224   6447     28
  13375 10392     1697.7500   226     1703.0000     1693.5000   257876    0.56%  x(c51_3_c60_3) U  13375   9518     19
  13533 10508     1694.0000   256     1703.0000     1693.5000   260777    0.56%  x(c60_3_c51_3) D  13533  13532     20
  13680 10601     1699.1667   322     1703.0000     1693.5385   263827    0.56%   x(c9_1_c34_1) U  13680   6664     16
  13810 10681     1700.8846   293     1703.0000     1693.6000   266826    0.55%  x(c30_2_c27_2) U  13810   9394     26
  13954 10771     1696.4091   262     1703.0000     1693.6667   269629    0.55%  x(c57_3_c19_3) U  13954   6080     21
  14096 10854     1697.1000   311     1703.0000     1693.6719   272421    0.55%  x(c39_1_c62_1) U  14096   8307     20
  14238 10930     1696.5000   213     1703.0000     1693.7500   275147    0.54%  x(c44_2_c43_2) N  14238  12871     21
Elapsed time = 61.96 sec. (80294.87 ticks, tree = 142.98 MB, solutions = 1)
  14368 11016     1694.4583   234     1703.0000     1693.7500   278027    0.54%  x(c66_1_c53_1) D  14368  10661     30
  14510 11098     1695.5167   208     1703.0000     1693.7692   280723    0.54%  x(c61_3_c45_3) D  14510  12566     60
  14648 11184     1697.2143   194     1703.0000     1693.8333   283520    0.54%  x(c52_3_c50_3) U  14648  12761     44
  14802 11281     1695.2500   195     1703.0000     1693.8571   286281    0.54%  x(c62_1_c39_1) D  14802  14801     16
  14953 11378     1694.2308   194     1703.0000     1693.9091   289237    0.53%  x(c53_3_c66_3) D  14953  13683     27
  15099 11462     1700.5000   168     1703.0000     1693.9702   292252    0.53%  x(c58_1_c64_1) U  15099  15097     36
  15208 11526     1699.2768   262     1703.0000     1694.0000   294863    0.53%  x(c44_2_c27_2) U  15208  10761     23
  15343 11618        cutoff           1703.0000     1694.0000   297380    0.53%   x(c4_3_c19_3) U  15343   4524     19
  15477 11693     1698.5222   269     1703.0000     1694.0000   300137    0.53%  x(c57_3_c19_3) U  15477  11072     12
  16002 12019        cutoff           1703.0000     1694.0000   311045    0.53%   x(c34_1_c9_1) U  16002  15998     24
Elapsed time = 69.98 sec. (92740.10 ticks, tree = 160.98 MB, solutions = 1)
  16513 12305     1694.3333   178     1703.0000     1694.1250   322040    0.52%   x(c53_3_c6_3) D  16513  11112     23
  17038 12634     1698.6667   239     1703.0000     1694.2500   332756    0.51%  x(c44_2_c27_2) U  17038  17036     23
  17561 12944     1701.9167   200     1703.0000     1694.3333   343542    0.51%  x(c39_1_c62_1) U  17561  16184     23
  18093 13244        cutoff           1703.0000     1694.4537   353587    0.50%  x(c37_1_c64_1) U  18093  17388     27
  18610 13539     1696.6875   243     1703.0000     1694.5000   364132    0.50%  x(c41_1_c17_1) U  18610  18608     34
  19159 13810     1700.5000   124     1703.0000     1694.5000   374084    0.50%   x(c57_3_c2_3) U  19159  11422     17
  19675 14085     1696.3906   333     1703.0000     1694.6250   383897    0.49%   x(c9_1_c43_1) D  19675  19674     40
  20179 14396     1695.3333    40     1703.0000     1694.7333   393952    0.49%  x(c67_2_c33_2) D  20179  20178     52
  20706 14661        cutoff           1703.0000     1694.7857   403545    0.48%  x(c52_1_c65_1) U  20706   8721     24
  21217 14917     1699.8684   193     1703.0000     1694.8889   413506    0.48%  x(c44_2_c27_2) U  21217  15187     16
Elapsed time = 93.34 sec. (130941.41 ticks, tree = 210.88 MB, solutions = 1)
  21753 15222        cutoff           1703.0000     1695.0000   422798    0.47%  x(c52_1_c56_1) U  21753  15387     41
  22236 15451        cutoff           1703.0000     1695.0000   432508    0.47%   x(c61_3_c9_3) U  22236   9889     34
  22749 15701     1695.1538   242     1703.0000     1695.0000   442155    0.47%   x(c9_1_c17_1) D  22749  13452     16
  23248 15940     1695.5278   218     1703.0000     1695.0652   451649    0.47%  x(c30_2_c27_2) D  23248  16322     57
  23763 16224        cutoff           1703.0000     1695.1667   461154    0.46%  x(c46_2_c30_2) U  23763  23760     43
  24271 16488        cutoff           1703.0000     1695.2500   471192    0.46%  x(c45_3_c25_3) D  24271  24269     45
  24793 16752        cutoff           1703.0000     1695.3000   480642    0.45%  x(c60_3_c56_3) U  24793   9194     27
  25297 17005     1695.6905    80     1703.0000     1695.3750   489623    0.45%  x(c62_1_c39_1) D  25297  21602     27
  25810 17257     1697.5217   257     1703.0000     1695.4375   498451    0.44%  x(c52_3_c60_3) U  25810  25808     17
  26368 17557     1696.2778   169     1703.0000     1695.5000   507864    0.44%  x(c57_3_c19_3) D  26368   7603     28
Elapsed time = 116.01 sec. (169123.39 ticks, tree = 259.27 MB, solutions = 1)
  26885 17786     1696.6848   298     1703.0000     1695.5000   516890    0.44%  x(c52_3_c60_3) D  26885  26884     21
  27391 17999        cutoff           1703.0000     1695.5000   525787    0.44%   x(c9_1_c44_1) U  27391  27389     47
  27918 18221     1695.7308   243     1703.0000     1695.5700   535961    0.44%  x(c57_3_c19_3) D  27918  27917     25
  28416 18435        cutoff           1703.0000     1695.6250   545362    0.43%  x(c60_3_c51_3) U  28416  23961     28
  28927 18683     1698.2000   205     1703.0000     1695.7000   554902    0.43%  x(c37_1_c64_1) U  28927  20387     30
  29445 18910     1700.5000   159     1703.0000     1695.7500   564030    0.43%  x(c67_1_c33_1) U  29445  26995     19
  29958 19151        cutoff           1703.0000     1695.8000   573706    0.42%   x(c39_3_c9_3) U  29958  24829     28
  30476 19383     1697.6562   137     1703.0000     1695.8571   582702    0.42%   x(c58_3_c5_3) N  30476  30475     54
  30988 19627     1696.2273   291     1703.0000     1695.9167   591668    0.42%  x(c57_3_c19_3) D  30988  17186     24
  31516 19857        cutoff           1703.0000     1696.0000   600628    0.41%  x(c67_1_c33_1) U  31516  31514     58
Elapsed time = 138.80 sec. (207294.34 ticks, tree = 303.58 MB, solutions = 1)
  32019 20093     1697.3333   203     1703.0000     1696.0000   609766    0.41%  x(c58_1_c64_1) D  32019  32018     30
  32465 20260     1697.0000   170     1703.0000     1696.0000   619262    0.41%  x(c53_3_c66_3) D  32465  22422     29
* 32815 18197      integral     0     1702.0000     1696.0000   626108    0.35%
  32932 18221     1699.5179   315     1702.0000     1696.0000   628281    0.35%  x(c57_3_c19_3) U  32932  11999     28
  33420 18372     1696.0250    95     1702.0000     1696.0250   636771    0.35%   x(c32_3_c2_3) D  33420  28876     31
  33907 18545     1700.0556   131     1702.0000     1696.1000   644662    0.35%  x(c33_1_c54_1) U  33907  29694     26
  34402 18731     1700.0556   270     1702.0000     1696.1667   652650    0.34%  x(c44_2_c27_2) U  34402  28649     35
  34923 18888     1696.2125   324     1702.0000     1696.2125   660640    0.34%  x(c37_1_c64_1) D  34923  25072     43
  35455 19091     1697.0000   199     1702.0000     1696.2500   668770    0.34%  x(c44_2_c27_2) D  35455  15577     23
  35952 19222        cutoff           1702.0000     1696.2917   676838    0.34%  x(c50_1_c65_1) U  35952   8739     39
  36458 19416        cutoff           1702.0000     1696.3333   684158    0.33%  x(c37_1_c64_1) U  36458  30433     37
Elapsed time = 160.70 sec. (245481.51 ticks, tree = 306.08 MB, solutions = 2)
  36950 19570     1697.3333   169     1702.0000     1696.3833   692364    0.33%  x(c65_1_c64_1) D  36950  14507     37
* 37349 16772      integral     0     1701.0000     1696.4444   699076    0.27%
  37407 16790     1696.5729   320     1701.0000     1696.4535   699818    0.27%  x(c51_3_c60_3) D  37407  25844     15
  37917 16915     1699.6765    84     1701.0000     1696.5000   706796    0.26%  x(c30_2_c27_2) D  37917  37916     23
  38395 16949        cutoff           1701.0000     1696.5000   713821    0.26%  x(c67_3_c48_3) U  38395  38393     18
  38880 16996     1697.2500   227     1701.0000     1696.5000   720685    0.26%   x(c68_1_c9_1) D  38880  38879     28
  39382 17075     1696.9306   315     1701.0000     1696.5000   727467    0.26%  x(c57_3_c19_3) D  39382  29465     26
  39875 17185        cutoff           1701.0000     1696.5833   735360    0.26%  x(c30_2_c27_2) U  39875  39872     32
  40376 17270     1696.8500   280     1701.0000     1696.6263   741577    0.26%  x(c60_3_c51_3) D  40376  40375     21
  40870 17361     1696.6667   257     1701.0000     1696.6667   748343    0.25%   x(c9_1_c21_1) D  40870  30333     15
  41357 17404     1696.8462   158     1701.0000     1696.7487   755432    0.25%  x(c50_3_c52_3) D  41357  41112     18
Elapsed time = 181.23 sec. (283671.65 ticks, tree = 281.50 MB, solutions = 3)
  41857 17466        cutoff           1701.0000     1696.7500   761983    0.25%  x(c57_3_c19_3) D  41857  41856     30
  42350 17561     1696.9000   151     1701.0000     1696.8000   768570    0.25%  x(c44_2_c43_2) U  42350  34748     37
  42879 17679     1699.4583   260     1701.0000     1696.8333   775554    0.24%  x(c17_1_c34_1) U  42879   1312     14
  43386 17767        cutoff           1701.0000     1696.8926   782171    0.24%  x(c67_1_c64_1) U  43386   2527     25
  43919 17903     1698.0000   164     1701.0000     1696.9500   789177    0.24%  x(c57_3_c19_3) U  43919  35337     25
  44440 17954     1697.0000    78     1701.0000     1697.0000   795251    0.24%   x(c2_3_c32_3) D  44440  37803     33
  44911 17984        cutoff           1701.0000     1697.0000   802349    0.24%  x(c57_3_c19_3) U  44911  42186     28
  45374 17981     1697.2250   185     1701.0000     1697.0000   808957    0.24%  x(c44_2_c27_2) U  45374  43981     46
  45868 17972     1697.0000   231     1701.0000     1697.0000   815490    0.24%  x(c57_1_c19_1) D  45868  14769     32
  46332 17984        cutoff           1701.0000     1697.0075   822074    0.23%  x(c27_2_c30_2) U  46332  24471     47
Elapsed time = 201.20 sec. (321860.31 ticks, tree = 296.81 MB, solutions = 3)
  46843 18050        cutoff           1701.0000     1697.0833   828565    0.23%  x(c44_2_c27_2) U  46843  41752     32
  47371 18107        cutoff           1701.0000     1697.1250   835013    0.23%  x(c50_1_c52_1) U  47371  34454     22
  47859 18183        cutoff           1701.0000     1697.1667   841802    0.23%   x(c58_3_c5_3) U  47859   3391     44
  48366 18222        cutoff           1701.0000     1697.2143   848256    0.22%   x(c68_1_c9_1) U  48366  36038     22
  48891 18301        cutoff           1701.0000     1697.2500   854888    0.22%  x(c52_3_c60_3) U  48891  32094     24
  49381 18299     1698.4000   286     1701.0000     1697.2500   860912    0.22%  x(c57_3_c19_3) U  49381  49379     19
  49885 18328     1697.3472   134     1701.0000     1697.3182   867182    0.22%  x(c62_1_c39_1) D  49885  47240     25
  50398 18416        cutoff           1701.0000     1697.3500   873675    0.21%  x(c52_3_c60_3) U  50398  50396     32
  50930 18487     1697.5000    41     1701.0000     1697.4000   879852    0.21%  x(c39_1_c62_1) U  50930  44462     38
  51438 18504        cutoff           1701.0000     1697.4417   885691    0.21%  x(c51_3_c60_3) U  51438   9653     26
Elapsed time = 221.06 sec. (360063.24 ticks, tree = 310.26 MB, solutions = 3)
  51957 18540     1698.0000    52     1701.0000     1697.5000   891687    0.21%  x(c17_1_c40_1) D  51957  37718     28
  52465 18502        cutoff           1701.0000     1697.5000   896965    0.21%  x(c30_2_c27_2) U  52465  42655     30
  52959 18492     1698.2500   159     1701.0000     1697.5000   903240    0.21%  x(c44_2_c27_2) D  52959  52958     28
  53423 18443        cutoff           1701.0000     1697.5000   909162    0.21%  x(c52_1_c56_1) U  53423  48112     36
  53908 18419     1698.4600   308     1701.0000     1697.5000   915054    0.21%   x(c9_1_c68_1) D  53908   2830     24
  54411 18444        cutoff           1701.0000     1697.5690   920948    0.20%  x(c30_2_c27_2) U  54411  33641     32
  54933 18474     1697.7727   226     1701.0000     1697.6053   926627    0.20%  x(c52_3_c60_3) D  54933  19169     29
  55463 18452        cutoff           1701.0000     1697.6437   932296    0.20%   x(c9_1_c68_1) U  55463  46492     25
  55963 18426        cutoff           1701.0000     1697.6667   938240    0.20%  x(c62_3_c67_3) U  55963  20966     39
  56468 18420        cutoff           1701.0000     1697.7222   943929    0.19%  x(c19_1_c57_1) U  56468  11161     31
Elapsed time = 239.97 sec. (398239.50 ticks, tree = 313.62 MB, solutions = 3)
  56985 18390        cutoff           1701.0000     1697.7500   949804    0.19%  x(c30_2_c27_2) U  56985  35386     26
  57487 18368        cutoff           1701.0000     1697.7542   955388    0.19%  x(c68_3_c17_3) U  57487  43856     26
  58002 18361        cutoff           1701.0000     1697.8125   960968    0.19%  x(c50_1_c52_1) U  58002  25158     32
  58496 18348        cutoff           1701.0000     1697.8387   966881    0.19%  x(c50_1_c64_1) U  58496  58495     17
  59007 18352        cutoff           1701.0000     1697.8750   972245    0.18%  x(c51_3_c60_3) U  59007  43870     29
  59519 18339        cutoff           1701.0000     1697.9231   977650    0.18%  x(c57_3_c19_3) D  59519  50196     59
  60029 18345        cutoff           1701.0000     1697.9750   983400    0.18%  x(c33_1_c54_1) U  60029  50590     36
  60586 18304        cutoff           1701.0000     1698.0000   988407    0.18%  x(c41_1_c17_1) U  60586  23988     39
  61101 18238        cutoff           1701.0000     1698.0000   994253    0.18%  x(c44_2_c27_2) U  61101  44695     20
  61566 18183        cutoff           1701.0000     1698.0000   999816    0.18%  x(c30_2_c27_2) U  61566  38281     35
Elapsed time = 258.68 sec. (436432.92 ticks, tree = 313.82 MB, solutions = 3)
  62051 18079     1698.3689   286     1701.0000     1698.0000  1005200    0.18%  x(c52_1_c56_1) D  62051   5523     30
  62539 17988        cutoff           1701.0000     1698.0000  1010546    0.18%  x(c61_3_c34_3) U  62539  17868     30
  63023 17876        cutoff           1701.0000     1698.0000  1015695    0.18%  x(c51_3_c60_3) U  63023  39912     32
  63503 17843        cutoff           1701.0000     1698.0637  1020967    0.17%  x(c62_1_c45_1) U  63503   2676     52
  64024 17831        cutoff           1701.0000     1698.1000  1025940    0.17%   x(c57_3_c4_3) U  64024  15897     22
  64538 17786        cutoff           1701.0000     1698.1250  1031014    0.17%  x(c43_3_c68_3) U  64538  61815     21
  65031 17787     1698.2500   149     1701.0000     1698.1667  1036041    0.17%  x(c51_3_c60_3) D  65031  47782     14
  65547 17728        cutoff           1701.0000     1698.2000  1041364    0.16%   x(c50_3_c5_3) U  65547   8101     68
  66067 17707        cutoff           1701.0000     1698.2500  1046656    0.16%   x(c9_1_c44_1) U  66067  26516     29
  66571 17636        cutoff           1701.0000     1698.2500  1051426    0.16%  x(c52_3_c60_3) U  66571  43649     32
Elapsed time = 277.04 sec. (474640.40 ticks, tree = 308.04 MB, solutions = 3)
  67065 17566        cutoff           1701.0000     1698.2531  1056406    0.16%  x(c43_2_c53_2) U  67065  67063     36
  67570 17504     1698.5135   329     1701.0000     1698.3081  1061442    0.16%  x(c52_1_c65_1) D  67570  59975     33
  68081 17444        cutoff           1701.0000     1698.3333  1066288    0.16%  x(c68_3_c43_3) U  68081   4757     14
  68586 17362        cutoff           1701.0000     1698.3750  1071098    0.15%  x(c58_3_c50_3) D  68586  49303     31
  69082 17269        cutoff           1701.0000     1698.4062  1075878    0.15%  x(c30_2_c27_2) U  69082  48087     27
  69598 17212        cutoff           1701.0000     1698.4444  1081185    0.15%   x(c50_1_c5_1) U  69598  54981     63
  70138 17156     1698.5000    40     1701.0000     1698.5000  1085542    0.15%   x(c9_1_c27_1) U  70138  35291     23
  70694 17005     1699.2500   121     1701.0000     1698.5000  1089558    0.15%  x(c44_2_c27_2) D  70694  52923     29
  71173 16859        cutoff           1701.0000     1698.5000  1094558    0.15%  x(c67_3_c48_3) U  71173  56951     30
  71650 16721     1699.0000   224     1701.0000     1698.5000  1099645    0.15%  x(c68_3_c43_3) N  71650  30684     15
Elapsed time = 294.81 sec. (512849.01 ticks, tree = 295.05 MB, solutions = 3)
  72150 16584     1698.5000   226     1701.0000     1698.5000  1104185    0.15%  x(c57_1_c19_1) D  72150  66922     20
  72659 16440     1698.8214   269     1701.0000     1698.5000  1108959    0.15%  x(c17_3_c68_3) D  72659  63838     44
  73166 16371     1698.5570   297     1701.0000     1698.5439  1113571    0.14%  x(c34_3_c60_3) D  73166  63908     35
  73670 16301     1699.5909   200     1701.0000     1698.5833  1118094    0.14%  x(c57_3_c19_3) U  73670  73669     24
  74203 16155        cutoff           1701.0000     1698.6250  1122327    0.14%   x(c4_3_c57_3) U  74203  29421     36
  74716 16028        cutoff           1701.0000     1698.6585  1126622    0.14%  x(c67_3_c48_3) D  74716  48101     31
  75244 15898     1698.8048   274     1701.0000     1698.6667  1131269    0.14%  x(c52_3_c50_3) D  75244  75242     20
  75776 15758     1699.4667   186     1701.0000     1698.7167  1136095    0.13%  x(c44_2_c27_2) D  75776  75453     39
  76312 15601     1699.4444   192     1701.0000     1698.7500  1140531    0.13%  x(c43_3_c68_3) N  76312  30421     16
  76848 15422     1699.3750   264     1701.0000     1698.7500  1144886    0.13%   x(c9_1_c62_1) D  76848  19702     29
Elapsed time = 312.70 sec. (551058.93 ticks, tree = 274.64 MB, solutions = 3)
  77382 15297        cutoff           1701.0000     1698.7917  1149478    0.13%  x(c39_1_c62_1) U  77382  50453     23
  77905 15150        cutoff           1701.0000     1698.8333  1153903    0.13%  x(c19_1_c57_1) U  77905   5462     24
  78429 14984        cutoff           1701.0000     1698.8542  1158236    0.13%   x(c57_3_c4_3) U  78429  12885     30
  78985 14840        cutoff           1701.0000     1698.8889  1162453    0.12%   x(c68_1_c9_1) U  78985  78983     23
  79516 14634        cutoff           1701.0000     1698.9236  1166610    0.12%  x(c43_3_c68_3) U  79516  68678     22
  80064 14453     1699.0000    16     1701.0000     1699.0000  1170701    0.12%  x(c34_1_c17_1) D  80064  60398     31
  80620 14163        cutoff           1701.0000     1699.0000  1173997    0.12%  x(c41_3_c43_3) D  80620  80618     35
  81135 13903        cutoff           1701.0000     1699.0000  1178282    0.12%  x(c30_2_c27_2) D  81135  81134     43
  81649 13647     1699.7000    67     1701.0000     1699.0000  1182411    0.12%  x(c44_2_c27_2) D  81649  81648     36
  82156 13410        cutoff           1701.0000     1699.0000  1186468    0.12%  x(c39_1_c62_1) D  82156   2248     15
Elapsed time = 329.99 sec. (589250.95 ticks, tree = 240.70 MB, solutions = 3)
  82656 13167        cutoff           1701.0000     1699.0000  1190346    0.12%  x(c30_2_c27_2) U  82656  53369     30
  83162 12917     1699.1667   245     1701.0000     1699.0000  1194337    0.12%  x(c57_3_c19_3) D  83162  51699     17
  83661 12696        cutoff           1701.0000     1699.0389  1198370    0.12%  x(c52_3_c60_3) U  83661  72700     25
  84184 12470        cutoff           1701.0000     1699.0833  1201880    0.11%  x(c68_3_c43_3) U  84184  15183     23
  84720 12251     1699.1250    77     1701.0000     1699.1250  1205573    0.11%  x(c45_3_c39_3) D  84720  33814     38
  85260 11993     1699.4545   179     1701.0000     1699.1538  1209019    0.11%  x(c52_3_c60_3) U  85260  61312     24
  85801 11704        cutoff           1701.0000     1699.1667  1212245    0.11%  x(c57_3_c19_3) U  85801  72751     26
  86333 11451        cutoff           1701.0000     1699.2143  1215741    0.10%  x(c39_1_c62_1) U  86333  40367     25
  86862 11146        cutoff           1701.0000     1699.2500  1218821    0.10%  x(c30_2_c27_2) U  86862  72527     36
  87385 10843        cutoff           1701.0000     1699.2500  1222056    0.10%  x(c44_2_c27_2) D  87385  87384     30
Elapsed time = 346.70 sec. (627436.61 ticks, tree = 196.04 MB, solutions = 3)
  87913 10594     1700.0000    30     1701.0000     1699.2917  1225346    0.10%  x(c52_1_c56_1) U  87913  73399     32
  88445 10320     1699.5000   127     1701.0000     1699.3333  1228337    0.10%  x(c52_3_c50_3) D  88445  61372     23
  88951 10017        cutoff           1701.0000     1699.3571  1231421    0.10%   x(c9_1_c68_1) D  88951  44852     42
  89455  9693        cutoff           1701.0000     1699.4000  1234511    0.09%   x(c53_3_c6_3) D  89455  10903     38
  89976  9370        cutoff           1701.0000     1699.4375  1237444    0.09%  x(c54_1_c33_1) U  89976  89974     22
  90516  9026        cutoff           1701.0000     1699.5000  1240174    0.09%  x(c17_1_c41_1) U  90516  85333     20
  91029  8656        cutoff           1701.0000     1699.5000  1242373    0.09%  x(c30_2_c27_2) D  91029  70549     27
  91512  8324        cutoff           1701.0000     1699.5000  1244923    0.09%  x(c52_3_c60_3) U  91512  19809     28
  91981  8008        cutoff           1701.0000     1699.5000  1247372    0.09%  x(c44_1_c27_1) D  91981  91980     44
  92482  7668        cutoff           1701.0000     1699.5000  1250038    0.09%  x(c34_1_c17_1) D  92482  53190     45
Elapsed time = 362.49 sec. (665634.25 ticks, tree = 139.48 MB, solutions = 3)
  92975  7334        cutoff           1701.0000     1699.5000  1252808    0.09%  x(c62_1_c39_1) D  92975  76002     42
  93463  6998        cutoff           1701.0000     1699.5000  1255467    0.09%  x(c52_3_c60_3) D  93463  93462     22
  93960  6676        cutoff           1701.0000     1699.5714  1258006    0.08%  x(c58_1_c64_1) U  93960  93958     23
  94461  6330        cutoff           1701.0000     1699.6042  1260355    0.08%  x(c46_2_c30_2) U  94461  93501     29
  94976  5968        cutoff           1701.0000     1699.6500  1262602    0.08%  x(c19_1_c57_1) U  94976  86022     30
  95480  5567        cutoff           1701.0000     1699.6667  1264811    0.08%  x(c43_3_c68_3) U  95480  55338     54
  95979  5173     1699.7639   298     1701.0000     1699.7292  1267004    0.07%  x(c52_3_c50_3) D  95979  23431     24
  96464  4769     1699.7500   170     1701.0000     1699.7500  1268949    0.07%  x(c57_3_c19_3) U  96464  28494     19
  96959  4382        cutoff           1701.0000     1699.7500  1270953    0.07%   x(c9_1_c68_1) U  96959  96955     20
  97473  3991        cutoff           1701.0000     1699.8177  1272911    0.07%  x(c30_2_c27_2) U  97473  75307     41
Elapsed time = 377.92 sec. (703838.46 ticks, tree = 73.42 MB, solutions = 3)
  97971  3581        cutoff           1701.0000     1699.8421  1274696    0.07%  x(c33_1_c54_1) U  97971  88818     43
  98461  3183        cutoff           1701.0000     1699.8889  1276278    0.07%  x(c58_3_c50_3) D  98461   9382     31
  98955  2754        cutoff           1701.0000     1699.9405  1277928    0.06%  x(c53_3_c22_3) D  98955  75262     34
  99475  2289        cutoff           1701.0000     1700.0000  1279366    0.06%  x(c33_1_c54_1) U  99475  89486     20
  99969  1852     1700.0000   123     1701.0000     1700.0000  1281003    0.06%  x(c37_1_c64_1) N  99969  10748     16
 100451  1419        cutoff           1701.0000     1700.0000  1282824    0.06%   x(c9_1_c27_1) U 100451  67863     37
 100926   990        cutoff           1701.0000     1700.0000  1284424    0.06%  x(c52_3_c60_3) D 100926  92687     19
 101399   569        cutoff           1701.0000     1700.0000  1286055    0.06%   x(c21_1_c9_1) U 101399  74634     28
 101854   168        cutoff           1701.0000     1700.0000  1287624    0.06%  x(c67_3_c48_3) D 101854  46909     20

Cover cuts applied:  2
Zero-half cuts applied:  36
User cuts applied:  1771

Root node processing (before b&c):
  Real time             =    0.27 sec. (533.10 ticks)
Sequential b&c:
  Real time             =  391.04 sec. (741776.63 ticks)
                          ------------
Total (root+branch&cut) =  391.31 sec. (742309.73 ticks)

