Version identifier: 22.1.0.0 | 2022-03-09 | 1a383f8ce
CPXPARAM_Preprocessing_Reduce                    1
CPXPARAM_Threads                                 1
CPXPARAM_Preprocessing_Reformulations            0
CPXPARAM_Emphasis_MIP                            2
CPXPARAM_TimeLimit                               7200
CPXPARAM_MIP_Tolerances_AbsMIPGap                0.90000000000000002
CPXPARAM_MIP_Limits_TreeMemory                   26600
Legacy callback                                  BbLUID
         Disabling repeat represolve because of lazy constraint/incumbent callback.
1 of 1 MIP starts provided solutions.
MIP start 'm1' defined initial solution with objective 1498.0000.
Tried aggregator 1 time.
Reduced MIP has 226 rows, 4144 columns, and 8288 nonzeros.
Reduced MIP has 4144 binaries, 0 generals, 0 SOSs, and 0 indicators.
Presolve time = 0.00 sec. (2.67 ticks)
Probing time = 0.00 sec. (3.12 ticks)
Clique table members: 226.
MIP emphasis: optimality.
MIP search method: traditional branch-and-cut.
Parallel mode: none, using 1 thread.
Root relaxation solution time = 0.00 sec. (2.07 ticks)

        Nodes                                         Cuts/
   Node  Left     Objective  IInf  Best Integer    Best Bound    ItCnt     Gap         Variable B NodeID Parent  Depth

*     0+    0                         1498.0000        0.0000           100.00%
      0     0     1345.0000    38     1498.0000     1130.0000      187   24.57%
      0     0     1408.0000   120     1498.0000      Cuts: 25      253    6.01%
      0     0     1424.0000    90     1498.0000      Cuts: 16      286    4.94%
      0     0     1452.5000   105     1498.0000      Cuts: 13      314    3.04%
      0     0     1468.0000   172     1498.0000      Cuts: 31      335    2.00%
      0     0     1480.0000   160     1498.0000      Cuts: 29      361    1.20%
      0     0     1485.0000   146     1498.0000      Cuts: 29      383    0.87%
      0     0     1485.0000    76     1498.0000  ZeroHalf: 11      399    0.87%
      0     0     1485.0000   155     1498.0000  ZeroHalf: 10      404    0.87%
      0     0     1485.0000    68     1498.0000   ZeroHalf: 5      407    0.87%
      0     0     1485.0000   114     1498.0000   ZeroHalf: 6      424    0.87%
      0     0     1485.0000    68     1498.0000       User: 1      425    0.87%
      0     2     1485.0000    68     1498.0000     1485.0000      425    0.87%                        0             0
Elapsed time = 0.23 sec. (540.77 ticks, tree = 0.01 MB, solutions = 1)
*    30+    5                         1493.0000     1490.5000             0.17%

Zero-half cuts applied:  22
User cuts applied:  151

Root node processing (before b&c):
  Real time             =    0.23 sec. (540.83 ticks)
Sequential b&c:
  Real time             =    0.14 sec. (147.75 ticks)
                          ------------
Total (root+branch&cut) =    0.37 sec. (688.58 ticks)

