Version identifier: 22.1.0.0 | 2022-03-09 | 1a383f8ce
CPXPARAM_Preprocessing_Reduce                    1
CPXPARAM_Threads                                 1
CPXPARAM_Preprocessing_Reformulations            0
CPXPARAM_Emphasis_MIP                            2
CPXPARAM_TimeLimit                               7200
CPXPARAM_MIP_Tolerances_AbsMIPGap                0.90000000000000002
CPXPARAM_MIP_Limits_TreeMemory                   26600
Legacy callback                                  BbLUID
         Disabling repeat represolve because of lazy constraint/incumbent callback.
1 of 1 MIP starts provided solutions.
MIP start 'm1' defined initial solution with objective 2411.0000.
Tried aggregator 1 time.
Reduced MIP has 346 rows, 5826 columns, and 11652 nonzeros.
Reduced MIP has 5826 binaries, 0 generals, 0 SOSs, and 0 indicators.
Presolve time = 0.00 sec. (3.77 ticks)
Probing time = 0.00 sec. (3.40 ticks)
Clique table members: 346.
MIP emphasis: optimality.
MIP search method: traditional branch-and-cut.
Parallel mode: none, using 1 thread.
Root relaxation solution time = 0.00 sec. (2.78 ticks)

        Nodes                                         Cuts/
   Node  Left     Objective  IInf  Best Integer    Best Bound    ItCnt     Gap         Variable B NodeID Parent  Depth

*     0+    0                         2411.0000        0.0000           100.00%
      0     0     2165.0000    66     2411.0000     1827.0000      138   24.22%
      0     0     2297.0000   108     2411.0000      Cuts: 60      274    4.73%
      0     0     2333.5000    74     2411.0000      Cuts: 42      338    3.21%
      0     0     2354.5000   131     2411.0000       Cuts: 6      355    2.34%
      0     0     2367.2500   134     2411.0000      Cuts: 26      370    1.81%
      0     0     2370.5000    62     2411.0000      Cuts: 46      390    1.68%
      0     0     2372.2500   138     2411.0000       Cuts: 8      399    1.61%
      0     0     2374.7500    83     2411.0000       Cuts: 8      408    1.50%
      0     0     2375.6500   101     2411.0000      Cuts: 11      417    1.47%
      0     0     2378.2500    51     2411.0000      Cuts: 15      425    1.36%
      0     0     2379.0000   145     2411.0000      Cuts: 11      435    1.33%
      0     0     2379.0000   148     2411.0000  ZeroHalf: 15      441    1.33%
      0     2     2379.0000    55     2411.0000     2379.0000      441    1.33%                        0             0
Elapsed time = 0.38 sec. (723.17 ticks, tree = 0.01 MB, solutions = 1)
      9    11     2382.5000   364     2411.0000     2379.2500      573    1.32%  x(c54_2_c56_2) N      9      7      5
     32    30     2417.5000   202     2411.0000     2379.2500      793    1.32%   x(c22_3_c5_3) N     32     31     23
    101    99     2385.6667   146     2411.0000     2379.2500      998    1.32%   x(c41_3_c5_3) D    101    100     69
    159   140     2388.4545   146     2411.0000     2379.2500     1117    1.32%  x(c30_3_c19_3) D    159    158    127
    192   167     2383.4167   357     2411.0000     2380.2500     1754    1.28%  x(c35_3_c59_3) N    192      5      4
    249   224     2390.5000   196     2411.0000     2382.0476     2712    1.20%   x(c5_3_c51_3) N    249    247     10
    306   281     2391.3333   192     2411.0000     2382.8889     3793    1.17%   x(c66_3_c5_3) U    306    182      9
    363   337     2392.6667   190     2411.0000     2383.4312     4819    1.14%   x(c66_3_c5_3) U    363    192      5
    424   397     2387.5000   203     2411.0000     2384.0533     6111    1.12%   x(c19_3_c7_3) U    424    422     21
    670   618     2386.9091   136     2411.0000     2385.2500    10036    1.07%   x(c28_3_c7_3) U    670    668     46
Elapsed time = 3.69 sec. (3946.17 ticks, tree = 4.97 MB, solutions = 1)
    931   865     2386.1667   257     2411.0000     2386.0000    13703    1.04%  x(c41_3_c14_3) D    931    930     14
   1150  1057     2387.3627   205     2411.0000     2386.5000    17822    1.02%   x(c24_3_c7_3) D   1150   1149     40
   1370  1262     2440.5000   185     2411.0000     2387.0000    21877    1.00%  x(c44_2_c32_2) D   1370   1369     49
*  1385   829      integral     0     2395.0000     2387.0000    22045    0.33%
   1728   921        cutoff           2395.0000     2387.5417    26412    0.31%  x(c43_3_c14_3) U   1728   1726     21
   2038  1047     2393.8250   215     2395.0000     2388.0000    30470    0.29%  x(c14_3_c30_3) D   2038   2036     15
   2396  1143        cutoff           2395.0000     2388.5500    34617    0.27%  x(c57_3_c35_3) U   2396   1862     20
   2732  1247     2391.5000   128     2395.0000     2389.0000    38531    0.25%  x(c64_4_c65_4) U   2732    409     28
   3073  1311     2390.1571   357     2395.0000     2389.3750    42643    0.23%  x(c12_3_c17_3) D   3073   2943     22
   3424  1398     2390.7857   235     2395.0000     2389.7500    46290    0.22%  x(c14_3_c30_3) U   3424   3008     17
   3777  1509        cutoff           2395.0000     2390.0000    50068    0.21%  x(c43_3_c12_3) U   3777   2829     22
Elapsed time = 11.90 sec. (13495.06 ticks, tree = 14.83 MB, solutions = 2)
   4137  1578        cutoff           2395.0000     2390.3289    53644    0.20%  x(c30_3_c28_3) U   4137   4135     18
   4475  1607     2390.6000   255     2395.0000     2390.6000    57227    0.18%  x(c17_3_c12_3) D   4475   3596     14
*  4797   164      integral     0     2392.0000     2391.0000    60363    0.04%
   4804   157        cutoff           2392.0000     2391.0000    60394    0.04%  x(c46_2_c30_2) D   4804   4293     15

Cover cuts applied:  1
Zero-half cuts applied:  48
User cuts applied:  672

Root node processing (before b&c):
  Real time             =    0.38 sec. (722.82 ticks)
Sequential b&c:
  Real time             =   13.86 sec. (16178.33 ticks)
                          ------------
Total (root+branch&cut) =   14.24 sec. (16901.15 ticks)

