Version identifier: 22.1.0.0 | 2022-03-09 | 1a383f8ce
CPXPARAM_Preprocessing_Reduce                    0
CPXPARAM_Threads                                 1
CPXPARAM_Preprocessing_Reformulations            0
CPXPARAM_Emphasis_MIP                            2
CPXPARAM_TimeLimit                               7200
CPXPARAM_MIP_Tolerances_AbsMIPGap                0.98999999999999999
CPXPARAM_MIP_Limits_TreeMemory                   20000
Legacy callback                                  BbLUID
         Disabling repeat represolve because of lazy constraint/incumbent callback.
1 of 1 MIP starts provided solutions.
MIP start 'm1' defined initial solution with objective 19230.0000.
Tried aggregator 0 times.
Reduced MIP has 3282 rows, 2926 columns, and 17196 nonzeros.
Reduced MIP has 2808 binaries, 0 generals, 0 SOSs, and 0 indicators.
Presolve time = 0.00 sec. (0.93 ticks)
Probing time = 0.00 sec. (2.87 ticks)
Clique table members: 1414.
MIP emphasis: optimality.
MIP search method: traditional branch-and-cut.
Parallel mode: none, using 1 thread.
Root relaxation solution time = 0.00 sec. (5.85 ticks)

        Nodes                                         Cuts/
   Node  Left     Objective  IInf  Best Integer    Best Bound    ItCnt     Gap         Variable B NodeID Parent  Depth

*     0+    0                        19230.0000        0.0000           100.00%
      0     0    15966.9077   241    19230.0000    15966.9077      345   16.97%
      0     0    18273.7541   232    19230.0000      Cuts: 69      516    4.97%
      0     0    18919.1900   246    19230.0000      Cuts: 23      610    1.62%
      0     0    19023.5000   250    19230.0000      Cuts: 10      666    1.07%
      0     0    19061.5000   249    19230.0000       Cuts: 6      696    0.88%
      0     0    19103.0454   248    19230.0000      Cuts: 25      726    0.66%
      0     0    19109.0000   246    19230.0000       Cuts: 2      728    0.63%
      0     2    19109.0000   246    19230.0000    19109.0000      728    0.63%                        0             0
Elapsed time = 0.54 sec. (1207.60 ticks, tree = 0.01 MB, solutions = 1)
      2     4    19109.0000   198    19230.0000    19109.0000      803    0.63%  x(c17_4_c14_4) D      2      1      2
      4     6    19109.0880   223    19230.0000    19109.0000      945    0.63%   x(c4_2_c38_2) N      4      2      3
      8     9    19109.0396   128    19230.0000    19109.0000     1030    0.63%   x(c43_2_c4_2) D      8      7      7
     10    11    19109.0859   184    19230.0000    19109.0000     1095    0.63%  x(c41_3_c18_3) D     10      9      9
     22    21    19109.2034   148    19230.0000    19109.0000     1214    0.63%  x(c20_3_c45_3) D     22     21     21
     40    36    19109.3538   144    19230.0000    19109.0000     1342    0.63%  x(c18_2_c29_2) D     40     39     39
     54    43    19133.0038   141    19230.0000    19109.0000     1913    0.63%  x(c41_3_c18_3) N     54     53      5
     75    62    19201.0476   204    19230.0000    19109.0000     2695    0.63%  x(c43_4_c45_4) D     75     73     23
    101    83    19110.1779   216    19230.0000    19109.0000     3114    0.63%  x(c43_2_c39_2) N    101    100     20
    168   134    19109.0700   130    19230.0000    19109.0000     3794    0.63%  x(c13_5_c14_5) D    168    167     44
Elapsed time = 2.12 sec. (4650.08 ticks, tree = 0.20 MB, solutions = 1)
    355   287    19109.3126   250    19230.0000    19109.0000     5062    0.63%  x(c35_4_c40_4) D    355    354     16
    516   425        cutoff          19230.0000    19109.9526     8068    0.62%  x(c42_5_c38_5) U    516    321     37
    645   536    19112.4680   201    19230.0000    19112.0000    12356    0.61%    x(c8_4_c6_4) D    645    644     33
   1028   883    19121.0059   113    19230.0000    19112.0053    15122    0.61%  x(c21_2_c32_2) U   1028    833     15
   1245  1044    19115.2630   124    19230.0000    19113.5060    21842    0.61%  x(c12_4_c24_4) D   1245   1244     44
   1519  1284    19115.0360   151    19230.0000    19115.0083    29889    0.60%  x(c23_5_c47_5) D   1519   1518     25
   1844  1545    19151.6291   166    19230.0000    19116.8612    37234    0.59%    x(c2_2_c4_2) D   1844   1711     31
   2226  1883    19127.0368    58    19230.0000    19117.0330    40502    0.59%   x(c9_3_c32_3) U   2226   1859     14
   2382  1961    19210.7955   122    19230.0000    19118.6957    50095    0.58%  x(c33_2_c31_2) U   2382   1100     29
   2620  2160    19131.4000    88    19230.0000    19120.0000    57887    0.57%  x(c33_3_c32_3) U   2620   2450      9
Elapsed time = 7.23 sec. (14222.46 ticks, tree = 3.61 MB, solutions = 1)
   2921  2422    19145.5429   136    19230.0000    19120.8659    66414    0.57%  x(c47_3_c26_3) U   2921   2694     11
   3373  2819    19121.6839   128    19230.0000    19121.5646    73658    0.56%   x(c40_3_c2_3) D   3373   2768     36
   3706  3065    19160.0369   145    19230.0000    19122.5406    81769    0.56%  x(c41_5_c25_5) U   3706   3111     23
   3959  3259    19124.4298   161    19230.0000    19123.4172    88719    0.55%   x(c47_2_c2_2) D   3959   3958     63
   4322  3561    19191.0938   129    19230.0000    19124.3382    96737    0.55%   x(c2_2_c37_2) N   4322   3044     38
   4505  3649    19214.0285   196    19230.0000    19125.0000   106610    0.55%  x(c24_2_c47_2) U   4505   3752     15
   4703  3771    19142.8026   218    19230.0000    19126.0833   115441    0.54%  x(c12_3_c15_3) D   4703   4702      8
   4949  3956    19149.4000    85    19230.0000    19127.0000   124204    0.54%  x(c33_3_c27_3) U   4949   2455     14
   5209  4101    19145.1142   155    19230.0000    19128.9242   133476    0.53%  x(c12_4_c24_4) U   5209   5208     31
   5583  4387    19142.9129   108    19230.0000    19129.6735   140579    0.52%  x(c33_3_c27_3) U   5583   2282     16
Elapsed time = 12.81 sec. (23803.43 ticks, tree = 7.44 MB, solutions = 1)
   5826  4596    19131.1747   118    19230.0000    19130.3333   148284    0.52%   x(c3_3_c47_3) D   5826   5825     21
   6000  4735    19133.4548   109    19230.0000    19130.8338   152898    0.52%  x(c15_4_c24_4) D   6000   5998     26
   6304  4935    19132.0860   174    19230.0000    19131.9017   161031    0.51%  x(c20_4_c40_4) D   6304   6303     25
   6611  5132    19180.0203   110    19230.0000    19133.0000   168856    0.50%  x(c39_2_c20_2) N   6611    142     19
   6790  5145        cutoff          19230.0000    19133.0000   178871    0.50%  x(c28_5_c47_5) U   6790   2941     26
   7022  5280    19144.2556   195    19230.0000    19133.3473   188101    0.50%  x(c26_3_c47_3) N   7022   1734     26
   7290  5474    19134.2135   158    19230.0000    19134.1519   196643    0.50%  x(c24_2_c39_2) D   7290   4533     10
   7578  5649    19210.9261   155    19230.0000    19134.9775   204813    0.49%  x(c30_4_c43_4) U   7578   2501     31
   7853  5840    19136.4053   195    19230.0000    19135.5372   213046    0.49%   x(c21_2_c5_2) D   7853   7852     37
   8000  5955    19136.6841   120    19230.0000    19135.9628   216981    0.49%   x(c3_3_c47_3) D   8000   7999     41
Elapsed time = 19.55 sec. (36707.60 ticks, tree = 10.06 MB, solutions = 1)
   8312  6198    19206.7052   100    19230.0000    19136.3350   224742    0.49%   x(c32_2_c5_2) U   8312   5695     22
   8551  6342        cutoff          19230.0000    19137.1222   232353    0.48%  x(c39_2_c20_2) U   8551   5763     38
   8802  6496    19155.4885   174    19230.0000    19138.0126   241153    0.48%  x(c24_2_c39_2) D   8802   7966     15
   8960  6566    19223.7093    98    19230.0000    19138.5000   250885    0.48%  x(c45_3_c47_3) U   8960   2679     23
   9070  6577    19205.2940   176    19230.0000    19138.5558   261033    0.48%   x(c2_2_c37_2) U   9070   7601     41
   9230  6654    19220.0000   105    19230.0000    19139.0000   270537    0.47%  x(c47_2_c39_2) U   9230   4136     42
   9390  6744    19220.4937   241    19230.0000    19139.0000   280494    0.47%  x(c15_3_c47_3) U   9390   9389     27
   9584  6822    19141.8973   181    19230.0000    19139.5589   289891    0.47%   x(c40_3_c2_3) D   9584   9583     45
   9830  6934    19141.0007   162    19230.0000    19140.2313   298441    0.47%  x(c47_3_c45_3) D   9830   9829     39
  10071  6975    19206.7859   121    19230.0000    19141.0191   307209    0.46%  x(c33_2_c31_2) U  10071   5133     20
Elapsed time = 24.98 sec. (46300.40 ticks, tree = 12.53 MB, solutions = 1)
  10290  7083    19146.8320   219    19230.0000    19142.0053   316202    0.46%  x(c20_2_c39_2) D  10290   1507     10
  10508  7170        cutoff          19230.0000    19143.0000   325382    0.45%   x(c21_2_c5_2) U  10508   6434     38
  10748  7195    19175.4540   148    19230.0000    19143.7039   334172    0.45%  x(c47_2_c37_2) D  10748  10747     20
  10967  7312    19144.7998   114    19230.0000    19144.5041   342886    0.44%  x(c33_3_c24_3) D  10967  10966     34
  11215  7462    19223.9209   169    19230.0000    19145.1806   351369    0.44%  x(c39_2_c47_2) U  11215  10448     10
  11432  7544    19211.9844   138    19230.0000    19146.0000   360864    0.44%  x(c13_5_c28_5) N  11432    956     62
  11632  7628    19147.4325   148    19230.0000    19146.5693   369383    0.43%  x(c39_2_c20_2) D  11632  11173     12
  11980  7867    19147.1485   118    19230.0000    19147.0257   376939    0.43%  x(c46_2_c47_2) D  11980  11979     25
  12272  8051    19152.7948    79    19230.0000    19147.5193   384411    0.43%  x(c41_4_c34_4) N  12272  10482     18
  12569  8195    19170.0128   101    19230.0000    19148.0123   393220    0.43%  x(c33_3_c17_3) U  12569   9233     15
Elapsed time = 30.38 sec. (55897.71 ticks, tree = 14.73 MB, solutions = 1)
  12824  8345    19148.8601   136    19230.0000    19148.6041   401501    0.42%   x(c3_3_c47_3) D  12824  12823     33
  13036  8489    19186.7509   202    19230.0000    19149.1423   410697    0.42%  x(c43_2_c47_2) U  13036  12678     23
  13278  8635    19150.6167   134    19230.0000    19149.7301   419603    0.42%  x(c47_5_c30_5) D  13278  13277     33
  13544  8797    19150.2300   103    19230.0000    19150.0268   427605    0.42%  x(c30_4_c20_4) D  13544  13543     26
  13835  8959        cutoff          19230.0000    19150.4957   435899    0.41%  x(c24_2_c33_2) U  13835  11162     65
  14046  9059    19151.4289   190    19230.0000    19151.0000   443947    0.41%  x(c47_5_c15_5) D  14046  14045     14
  14324  9235        cutoff          19230.0000    19151.3333   452199    0.41%   x(c32_2_c5_2) U  14324   5994     22
  14535  9349        cutoff          19230.0000    19151.9382   461238    0.41%  x(c33_4_c27_4) U  14535  14533     29
  14771  9460    19183.0180    81    19230.0000    19152.4175   470182    0.40%   x(c2_3_c40_3) N  14771  14180     16
  14987  9573    19153.0139   112    19230.0000    19153.0140   478908    0.40%  x(c47_3_c45_3) D  14987  13185     24
Elapsed time = 35.73 sec. (65447.60 ticks, tree = 16.91 MB, solutions = 1)
  15000  9582    19153.0230   104    19230.0000    19153.0140   478976    0.40%  x(c45_3_c47_3) D  15000  14999     22
  15258  9721        cutoff          19230.0000    19153.5842   487782    0.40%  x(c28_5_c13_5) U  15258   4242     45
  15506  9839    19154.2107   111    19230.0000    19154.1076   496624    0.39%  x(c24_3_c47_3) D  15506  15505     21
  15752  9997    19173.5740   123    19230.0000    19154.5000   505403    0.39%  x(c47_3_c26_3) U  15752  10520     10
  16066 10166    19205.3846   125    19230.0000    19155.0832   513254    0.39%     x(Op_c11_2) N  16066  14581     49
  16300 10288    19162.5897   159    19230.0000    19155.6713   522169    0.39%  x(c47_5_c15_5) U  16300  16299     14
  16563 10381    19159.4970   220    19230.0000    19156.1667   530842    0.38%  x(c21_2_c22_2) D  16563   9941     18
  16786 10494    19156.7314   181    19230.0000    19156.6265   539486    0.38%  x(c14_2_c17_2) D  16786  16291     23
  17003 10635    19208.8332   117    19230.0000    19157.0123   548922    0.38%     x(c41_4_Om) N  17003  15877     56
  17311 10816    19196.4971    82    19230.0000    19157.4651   556797    0.38%  x(c41_5_c25_5) U  17311  17247     26
Elapsed time = 41.31 sec. (75824.94 ticks, tree = 18.91 MB, solutions = 1)
  17607 10980    19166.9618   212    19230.0000    19157.9793   565125    0.37%  x(c47_3_c26_3) D  17607  10672     12
  17903 11172    19158.8178   163    19230.0000    19158.3704   573224    0.37%  x(c31_2_c39_2) D  17903  17902     21
  18131 11291    19161.0566   163    19230.0000    19158.9539   581896    0.37%  x(c26_3_c47_3) D  18131  18130     24
  18402 11413    19159.7178   133    19230.0000    19159.4307   590390    0.37%  x(c47_3_c24_3) D  18402  18401     27
  18616 11504    19201.0123    52    19230.0000    19160.0000   599548    0.36%  x(c24_4_c39_4) N  18616  13435     26
  18827 11586    19168.1796    80    19230.0000    19160.0000   608318    0.36%  x(c25_5_c41_5) D  18827  18826     39
  19039 11449    19191.9047   104    19230.0000    19160.0157   616882    0.36%  x(c33_3_c27_3) N  19039  13429     20
  19325 11614    19217.5909    78    19230.0000    19160.5324   625432    0.36%     x(Op_c18_2) U  19325  17077     38
  19592 11735        cutoff          19230.0000    19161.1203   634674    0.36%  x(c37_2_c31_2) U  19592  18413     31
  19853 11909    19172.7500   150    19230.0000    19161.5440   643432    0.36%   x(c3_3_c18_3) N  19853   9565     13
Elapsed time = 46.62 sec. (85385.08 ticks, tree = 20.62 MB, solutions = 1)
  20112 11988    19214.9119   194    19230.0000    19162.1064   652641    0.35%  x(c15_3_c12_3) U  20112  10725     26
  20401 12142    19172.7217   123    19230.0000    19162.4151   660967    0.35%  x(c32_2_c21_2) N  20401  20400     36
  20681 12266    19178.0000    95    19230.0000    19163.0000   669193    0.35%  x(c41_4_c34_4) D  20681  20679     22
  20952 12388    19202.0000   104    19230.0000    19163.4622   677982    0.35%   x(c41_4_c7_4) U  20952  20951     17
  21239 12495    19164.6185   150    19230.0000    19163.9632   686355    0.34%  x(c47_5_c23_5) D  21239  21237     19
  21600 12683    19164.4221   170    19230.0000    19164.4228   694013    0.34%  x(c47_3_c24_3) D  21600  19811     26
  21893 12837    19166.3333    72    19230.0000    19164.8247   702728    0.34%  x(c46_2_c18_2) U  21893  14700     19
  22206 13034    19165.2560   102    19230.0000    19165.0981   711243    0.34%  x(c46_2_c18_2) D  22206  22205     31
  22495 13125    19218.7135   114    19230.0000    19165.5031   720121    0.34%  x(c27_4_c14_4) U  22495  16409     23
  23551 13559        cutoff          19230.0000    19167.0000   756047    0.33%  x(c12_4_c24_4) D  23551  15321     14
Elapsed time = 53.65 sec. (97833.54 ticks, tree = 23.34 MB, solutions = 1)
  24725 14126    19176.2720   140    19230.0000    19168.3168   789315    0.32%     x(Op_c41_4) D  24725   9383     18
  25802 14564    19169.5930   111    19230.0000    19169.4660   824617    0.31%  x(c47_3_c45_3) D  25802  25801     28
  26912 15107    19170.7025   184    19230.0000    19170.7100   859775    0.31%   x(c12_4_c8_4) D  26912  15270     18
  28133 15802    19180.6667   107    19230.0000    19171.5000   892948    0.30%  x(c47_2_c34_2) U  28133  28131     18
  29034 15715    19172.0000   135    19230.0000    19172.0000   927928    0.30%  x(c15_5_c42_5) N  29034   4700     19
  30081 16055    19199.7067   170    19230.0000    19172.6482   962205    0.30%   x(c43_2_c2_2) D  30081  30079     17
  31272 16508    19191.5168    91    19230.0000    19173.5000   993356    0.29%  x(c12_3_c15_3) U  31272  26706     15
  32365 17042    19210.4333    81    19230.0000    19174.0667  1026644    0.29%   x(c2_2_c37_2) U  32365  27216     34
  33311 17287    19228.0000   110    19230.0000    19175.0000  1060526    0.29%   x(c7_4_c48_4) U  33311  33309     26
  34471 17717    19206.5035    73    19230.0000    19175.7377  1092516    0.28%   x(c2_3_c40_3) U  34471  34226     35
Elapsed time = 74.33 sec. (135997.24 ticks, tree = 31.09 MB, solutions = 1)
  35582 18072    19203.5000   108    19230.0000    19176.5765  1124513    0.28%   x(c3_3_c18_3) N  35582  17346     15
  36510 18360        cutoff          19230.0000    19177.0622  1158892    0.28%   x(c4_3_c20_3) U  36510  28002     38
  37624 18660    19178.1546    52    19230.0000    19178.0000  1190205    0.27%  x(c39_2_c20_2) D  37624  37623     23
  38831 19108    19182.9798   175    19230.0000    19178.6298  1221109    0.27%  x(c47_3_c26_3) D  38831  11368     14
  39258 19056    19217.0945   104    19230.0000    19179.0000  1237521    0.27%  x(c47_3_c24_3) N  39258  16636     21
  39962 18751        cutoff          19230.0000    19179.0000  1273955    0.27%  x(c47_3_c24_3) U  39962  11560     18
  40843 18848    19189.1096    88    19230.0000    19179.4601  1307683    0.26%  x(c39_2_c47_2) N  40843  38186     32
  41829 19129    19206.0994    67    19230.0000    19180.0935  1340220    0.26%   x(c40_3_c2_3) U  41829  31767     26
  42857 19310    19191.0087    74    19230.0000    19181.0092  1372613    0.25%  x(c47_2_c34_2) N  42857  33044     30
  43852 19583    19209.8227    69    19230.0000    19181.9732  1405115    0.25%   x(c2_3_c40_3) N  43852  43528     39
Elapsed time = 94.49 sec. (174178.69 ticks, tree = 34.41 MB, solutions = 1)
  44905 19884        cutoff          19230.0000    19182.8052  1436559    0.25%  x(c47_3_c24_3) U  44905  34930     20
  45929 20044        cutoff          19230.0000    19183.6667  1468995    0.24%   x(c9_3_c33_3) U  45929   8440     35
  46926 20117    19197.1132    86    19230.0000    19184.4447  1501131    0.24%     x(Op_c46_2) U  46926  38542     27
  47909 20262        cutoff          19230.0000    19185.5471  1533983    0.23%  x(c47_2_c37_2) U  47909  47695     36
  48886 20281        cutoff          19230.0000    19186.4424  1565446    0.23%  x(c20_2_c39_2) U  48886  42085     22
  49947 20200        cutoff          19230.0000    19187.4664  1596119    0.22%  x(c47_2_c37_2) D  49947  28853     18
  50966 20208        cutoff          19230.0000    19188.7674  1628023    0.21%   x(c38_2_c2_2) U  50966   6642     29
* 51000+14575                        19216.0000    19188.8333             0.14%
  51964 14343        cutoff          19216.0000    19189.7448  1651938    0.14%   x(c24_2_c2_2) D  51964  21298     28
  53000 14136    19191.2688    84    19216.0000    19190.9308  1674426    0.13%  x(c47_2_c39_2) N  53000  52999     41
  53974 13838    19204.5046    84    19216.0000    19191.5000  1703163    0.13%  x(c47_2_c39_2) D  53974  34756     24
Elapsed time = 113.99 sec. (212466.32 ticks, tree = 24.69 MB, solutions = 2)
  54409 13706    19192.0110   179    19216.0000    19192.0000  1712876    0.12%   x(c20_3_c4_3) N  54409  45554     20
  55000 13526    19194.5142   158    19216.0000    19192.6029  1723751    0.12%  x(c20_5_c47_5) N  55000  54660     17
  56258 13423        cutoff          19216.0000    19193.7577  1747709    0.12%   x(c24_2_c5_2) U  56258  25931     29
  57439 13048        cutoff          19216.0000    19194.6250  1772226    0.11%  x(c47_3_c26_3) U  57439  57438     10
  58659 12739        cutoff          19216.0000    19196.0000  1796246    0.10%  x(c15_3_c12_3) U  58659  13849     17
  59960 12556    19201.0098    37    19216.0000    19197.0000  1816870    0.10%  x(c41_1_c46_1) U  59960  59958     37
  61157 12349        cutoff          19216.0000    19197.8634  1838146    0.09%  x(c33_2_c31_2) U  61157  46475     17
  62438 11956    19199.2330   140    19216.0000    19198.9430  1859188    0.09%  x(c24_2_c47_2) N  62438  62437     20
  63755 11671    19204.3873   138    19216.0000    19199.8510  1880725    0.08%  x(c27_4_c14_4) N  63755  31387     16
  65069 11319    19201.1389   193    19216.0000    19200.8926  1900927    0.08%  x(c33_2_c31_2) N  65069   5467     22
Elapsed time = 132.22 sec. (250695.72 ticks, tree = 20.55 MB, solutions = 2)
  66378 10876    19212.0380   188    19216.0000    19201.9876  1920945    0.07%  x(c47_3_c26_3) N  66378  52449     22
  67730 10224    infeasible          19216.0000    19202.4971  1941351    0.07%  x(c33_3_c17_3) N  67730  67729     33
  69116  9700    19203.3980    70    19216.0000    19203.3742  1959286    0.07%  x(c43_2_c47_2) N  69116  69115     36
  70518  9133        cutoff          19216.0000    19204.2898  1977203    0.06%  x(c47_2_c34_2) U  70518  59053     21
  71922  8522        cutoff          19216.0000    19205.1780  1996155    0.06%   x(c20_3_c4_3) U  71922  50959     32
  73318  8041    19207.2397    58    19216.0000    19206.1109  2011993    0.05%  x(c46_2_c18_2) N  73318  73317     29
  74706  7518        cutoff          19216.0000    19207.0084  2028368    0.05%   x(c2_3_c40_3) U  74706  69059     28
  76175  6738    19208.0739    74    19216.0000    19208.0739  2043222    0.04%  x(c46_2_c18_2) N  76175  50938     31
  77573  5943        cutoff          19216.0000    19209.0000  2060378    0.04%  x(c43_2_c39_2) U  77573   8181     31
  78952  5243    19209.5000   101    19216.0000    19209.5000  2077283    0.03%  x(c15_3_c12_3) N  78952  25995     17
Elapsed time = 149.99 sec. (288866.65 ticks, tree = 10.43 MB, solutions = 2)
  80461  4374    19211.0477   138    19216.0000    19210.3990  2091066    0.03%  x(c21_2_c22_2) N  80461  79480     18
  81957  3381    infeasible          19216.0000    19211.5446  2104727    0.02%  x(c32_2_c21_2) D  81957  81643     23
  83497  2413        cutoff          19216.0000    19212.5501  2116431    0.02%     x(Op_c41_4) U  83497  50231     19
  85101  1166        cutoff          19216.0000    19213.8588  2127042    0.01%  x(c47_2_c37_2) D  85101  14681     18

Clique cuts applied:  36
Cover cuts applied:  112
Flow cuts applied:  3
Mixed integer rounding cuts applied:  18
Zero-half cuts applied:  10
Gomory fractional cuts applied:  8
User cuts applied:  454

Root node processing (before b&c):
  Real time             =    0.54 sec. (1207.80 ticks)
Sequential b&c:
  Real time             =  156.37 sec. (304696.05 ticks)
                          ------------
Total (root+branch&cut) =  156.91 sec. (305903.86 ticks)

