Version identifier: 22.1.0.0 | 2022-03-09 | 1a383f8ce
CPXPARAM_Preprocessing_Reduce                    1
CPXPARAM_Threads                                 1
CPXPARAM_Preprocessing_Reformulations            0
CPXPARAM_Emphasis_MIP                            2
CPXPARAM_TimeLimit                               7200
CPXPARAM_MIP_Tolerances_AbsMIPGap                0.98999999999999999
CPXPARAM_MIP_Limits_TreeMemory                   20000
Legacy callback                                  BbD
1 of 1 MIP starts provided solutions.
MIP start 'm1' defined initial solution with objective 3880.0000.
Tried aggregator 1 time.
MIP Presolve modified 1777 coefficients.
Reduced MIP has 2108 rows, 1925 columns, and 9462 nonzeros.
Reduced MIP has 1850 binaries, 0 generals, 0 SOSs, and 0 indicators.
Presolve time = 0.00 sec. (5.32 ticks)
Probing time = 0.00 sec. (2.66 ticks)
Tried aggregator 1 time.
Reduced MIP has 2108 rows, 1925 columns, and 9462 nonzeros.
Reduced MIP has 1850 binaries, 0 generals, 0 SOSs, and 0 indicators.
Presolve time = 0.00 sec. (3.32 ticks)
Probing time = 0.00 sec. (2.67 ticks)
Clique table members: 1004.
MIP emphasis: optimality.
MIP search method: traditional branch-and-cut.
Parallel mode: none, using 1 thread.
Root relaxation solution time = 0.00 sec. (4.54 ticks)

        Nodes                                         Cuts/
   Node  Left     Objective  IInf  Best Integer    Best Bound    ItCnt     Gap         Variable B NodeID Parent  Depth

*     0+    0                         3880.0000        0.0000           100.00%
      0     0     3546.4442    78     3880.0000     3546.4442      192    8.60%
      0     0     3632.2913    75     3880.0000      Cuts: 20      276    6.38%
      0     0     3639.3401    95     3880.0000       Cuts: 4      308    6.20%
      0     0     3639.4229    98     3880.0000     Covers: 1      313    6.20%
      0     0     3644.8401    97     3880.0000     Covers: 1      316    6.06%
      0     0     3645.8379    92     3880.0000   ZeroHalf: 1      322    6.04%
      0     0     3646.3445    78     3880.0000   ZeroHalf: 2      337    6.02%
      0     0     3646.8246    78     3880.0000     Covers: 1      347    6.01%
      0     2     3646.8246    78     3880.0000     3646.9913      347    6.01%                        0             0
Elapsed time = 0.15 sec. (365.10 ticks, tree = 0.01 MB, solutions = 1)
      2     4     3647.3246    94     3880.0000     3647.3246      427    6.00%  x(c16_2_c17_2) U      2      0      1
      7     8     3647.8602    98     3880.0000     3647.3267      522    6.00%  x(c32_3_c31_3) U      7      6      6
     21    20     3651.1632    54     3880.0000     3647.3267      669    6.00%  x(c29_3_c27_3) D     21     20     20
     53    42     3788.0831    85     3880.0000     3647.3267     1064    6.00%   x(c33_2_c5_2) D     53     52     50
     87    64     3670.9842    80     3880.0000     3647.9362     1435    5.98%  x(c31_3_c23_3) D     87     86     13
    120    97     3672.4291    78     3880.0000     3647.9362     1633    5.98%  x(c22_3_c31_3) D    120    119     46
    148   121     3674.0493    91     3880.0000     3647.9362     1752    5.98%   x(c3_3_c31_3) D    148    147     74
    174   140     3745.3465    75     3880.0000     3665.7412     3066    5.52%  x(c23_2_c29_2) N    174     13     13
    205   162     3686.0821    72     3880.0000     3685.9796     4741    5.00%  x(c31_3_c28_3) U    205    190      8
    457   397     3715.0093    89     3880.0000     3695.7238    10238    4.75%  x(c20_3_c23_3) D    457    308     20
Elapsed time = 1.39 sec. (3557.58 ticks, tree = 0.53 MB, solutions = 1)
    590   519     3706.4904    72     3880.0000     3705.1818    17333    4.51%  x(c29_3_c32_3) D    590    589     19
    778   676     3817.0793    63     3880.0000     3709.8246    27693    4.39%  x(c15_3_c24_3) U    778    408     55
    986   854     3718.2837    75     3880.0000     3717.3418    38723    4.19%  x(c30_3_c15_3) D    986    985     28
   1120   983     3742.0168    59     3880.0000     3718.0267    40411    4.17%  x(c24_3_c22_3) U   1120    969     12
   1376  1191     3818.8586   108     3880.0000     3727.1074    53231    3.94%   x(c7_3_c31_3) U   1376   1097     49
   1715  1499        cutoff           3880.0000     3729.4977    64541    3.88%  x(c30_3_c15_3) U   1715   1453     38
   1975  1724     3734.0691   107     3880.0000     3731.7799    76954    3.82%  x(c27_3_c26_3) U   1975    787     17
   2309  2030     3826.3062    77     3880.0000     3733.6167    86524    3.77%  x(c22_3_c20_3) U   2309   2135     15
   2836  2534     3780.7554    60     3880.0000     3734.7346    97094    3.74%  x(c26_3_c28_3) U   2836   2771     13
   3160  2812     3740.5519    94     3880.0000     3735.5793   108660    3.72%  x(c20_3_c19_3) D   3160   2381     57
Elapsed time = 5.57 sec. (13131.19 ticks, tree = 3.60 MB, solutions = 1)
   3487  3089     3796.1615    82     3880.0000     3736.2762   119434    3.70%  x(c20_3_c11_3) U   3487   2032     38
   3755  3262     3822.7885    68     3880.0000     3736.9661   130991    3.69%  x(c27_3_c31_3) U   3755   2757     24
   4000  3465     3738.9039    47     3880.0000     3737.5740   140088    3.67%  x(c29_3_c31_3) D   4000   3999     17
   4214  3585     3850.6401    95     3880.0000     3738.5689   152675    3.65%  x(c20_2_c34_2) U   4214   1966     54
   4445  3739     3867.3051    79     3880.0000     3739.8993   165980    3.61%  x(c29_3_c31_3) U   4445   2508     27
   4765  3962     3871.5471    61     3880.0000     3741.1268   177851    3.58%  x(c34_3_c23_3) U   4765   3346     46
   5037  4151     3868.3478    77     3880.0000     3742.3248   188552    3.55%     x(c18_3_Om) U   5037   3554    121
   5359  4400        cutoff           3880.0000     3743.7808   200969    3.51%  x(c29_3_c27_3) U   5359   4576     41
   5705  4680    infeasible           3880.0000     3745.0320   212010    3.48%  x(c27_3_c31_3) U   5705   2157     37
*  6000+ 4724                         3873.0000     3746.2204             3.27%
*  6000+ 4308                         3855.0000     3746.2204             2.82%
   6000  4310     3746.9140    76     3855.0000     3746.2204   223786    2.82%  x(c27_3_c26_3) U   6000   5999     68
Elapsed time = 10.28 sec. (23674.39 ticks, tree = 5.44 MB, solutions = 3)
   6356  4556     3747.4464    94     3855.0000     3747.4356   234144    2.79%  x(c22_3_c31_3) D   6356   6066     45
   6690  4787     3748.4140   104     3855.0000     3748.3669   244538    2.77%  x(c22_2_c23_2) U   6690   6689     12
   6982  4895     3814.0854    90     3855.0000     3749.3050   255635    2.74%  x(c11_2_c19_2) U   6982   2410     47
   7206  5002        cutoff           3855.0000     3750.3933   267980    2.71%  x(c19_3_c10_3) U   7206   6888    111
   7488  5132     3822.6261   105     3855.0000     3751.5246   280041    2.68%  x(c23_3_c28_3) U   7488   6816     11
   7797  5349     3809.8699    62     3855.0000     3752.6892   292287    2.65%   x(c3_3_c31_3) U   7797   7654     39
   8134  5606     3775.1401    93     3855.0000     3753.3279   303340    2.64%  x(c18_3_c20_3) D   8134    680     13
   8400  5776     3761.6200    39     3855.0000     3754.0430   314879    2.62%    x(c7_3_c5_3) D   8400   8399     15
   8690  5960     3783.1343    60     3855.0000     3754.7727   327333    2.60%  x(c34_3_c18_3) U   8690   6163     20
   9000  6104     3756.0978    53     3855.0000     3755.5052   338087    2.58%  x(c31_3_c10_3) D   9000   8999     46
Elapsed time = 14.78 sec. (33521.10 ticks, tree = 7.48 MB, solutions = 3)
   9356  6362     3812.3841    99     3855.0000     3756.3108   349627    2.56%  x(c30_3_c27_3) U   9356   9170     23
   9648  6552     3822.5503    67     3855.0000     3757.1123   362085    2.54%  x(c23_3_c31_3) U   9648   9287     19
  10000  6814     3797.5254    55     3855.0000     3757.7758   372997    2.52%  x(c20_3_c19_3) U  10000   7677     31
  10340  7068     3816.5000    52     3855.0000     3758.3664   384966    2.51%  x(c29_3_c31_3) U  10340   7291     16
  10648  7273     3841.6515    71     3855.0000     3758.8089   396733    2.50%  x(c24_3_c31_3) U  10648   9385     24
  11000  7488     3759.8927    78     3855.0000     3759.3501   408482    2.48%  x(c28_3_c23_3) D  11000  10999     50
  11317  7679     3834.6545    66     3855.0000     3759.8568   419609    2.47%  x(c28_3_c22_3) U  11317   2621     48
  11612  7861        cutoff           3855.0000     3760.3918   431394    2.45%   x(c30_3_c5_3) U  11612  10564     32
  11971  8081        cutoff           3855.0000     3760.8482   442940    2.44%   x(c11_2_c8_2) U  11971   9646     55
  12000  8087     3797.3142    65     3855.0000     3760.9254   444286    2.44%   x(c8_2_c33_2) U  12000  10162     25
Elapsed time = 19.44 sec. (43914.54 ticks, tree = 9.65 MB, solutions = 3)
  12338  8303     3784.0534    61     3855.0000     3761.5093   456281    2.43%  x(c16_2_c11_2) U  12338  12337     33
  12672  8530     3801.3199    84     3855.0000     3761.8793   466772    2.42%  x(c31_3_c24_3) U  12672  11171     22
  13016  8723     3766.8029    77     3855.0000     3762.4328   478819    2.40%  x(c19_3_c18_3) D  13016  11125      9
  13488  9092     3762.8532    48     3855.0000     3762.7200   488267    2.39%   x(c6_3_c10_3) U  13488  13487     23
  13891  9343     3833.5663    88     3855.0000     3763.1337   499236    2.38%  x(c18_3_c13_3) U  13891  12659     91
  14137  9458     3801.7886    81     3855.0000     3763.5389   511587    2.37%  x(c27_3_c26_3) D  14137   9964    114
  14334  9494     3823.8104   115     3855.0000     3763.8324   523805    2.36%  x(c34_2_c20_2) U  14334  11765     22
  14597  9639     3830.8902   101     3855.0000     3764.1798   535906    2.36%  x(c23_3_c20_3) U  14597  14467     55
  14791  9681        cutoff           3855.0000     3764.6335   548796    2.34%   x(c9_2_c19_2) U  14791  13234     60
  15000  9778     3764.8817    92     3855.0000     3764.8862   557351    2.34%  x(c20_3_c19_3) D  15000  14063     25
Elapsed time = 23.96 sec. (53891.06 ticks, tree = 11.89 MB, solutions = 3)
  15251  9882     3823.1839   116     3855.0000     3765.2558   568955    2.33%  x(c34_2_c20_2) N  15251  12216     11
  15499  9987     3770.0274   128     3855.0000     3765.7750   581354    2.31%  x(c30_3_c12_3) D  15499   5581     30
  15759 10126     3844.3189    96     3855.0000     3766.1537   593112    2.30%  x(c22_3_c18_3) U  15759  15017     43
  16008 10223        cutoff           3855.0000     3766.6447   605290    2.29%  x(c11_3_c18_3) U  16008  14909     76
  16281 10337     3814.1207    88     3855.0000     3767.1406   617435    2.28%  x(c26_3_c24_3) U  16281   9614     16
  16581 10476     3792.6779    81     3855.0000     3767.5496   629159    2.27%    x(c3_3_c5_3) U  16581   9780     41
  16915 10645     3824.4328   101     3855.0000     3767.9911   640767    2.26%  x(c27_3_c28_3) D  16915  12792     32
  17000 10701     3768.8157    97     3855.0000     3768.0909   643489    2.25%   x(c30_3_c5_3) D  17000  16999     77
  17324 10898     3827.0555    69     3855.0000     3768.4167   653999    2.25%  x(c22_2_c23_2) D  17324  17228     29
  17658 11123     3769.0697    92     3855.0000     3768.7181   665356    2.24%  x(c22_3_c20_3) D  17658  17657     20
Elapsed time = 28.34 sec. (63474.61 ticks, tree = 13.49 MB, solutions = 3)
  17980 11248     3770.1356    89     3855.0000     3769.0954   676814    2.23%  x(c34_3_c23_3) D  17980  17979     53
  18000 11258     3770.0119    90     3855.0000     3769.1173   677878    2.23%  x(c23_3_c20_3) D  18000  17999     39
  18464 11626     3769.3582    97     3855.0000     3769.3049   686979    2.22%  x(c20_2_c19_2) D  18464  18463     30
  18981 12077     3797.9115    45     3855.0000     3769.4522   696577    2.22%     x(c12_3_Om) U  18981  18672     27
  19290 12301        cutoff           3855.0000     3769.5805   704538    2.22%      x(c5_3_Om) U  19290  18111     44
  19618 12491        cutoff           3855.0000     3769.8180   716072    2.21%  x(c18_3_c15_3) U  19618  19446     69
  19926 12635     3839.8384    81     3855.0000     3770.0469   727931    2.20%  x(c28_2_c23_2) U  19926  12810     10
  20490 13109     3770.3392   100     3855.0000     3770.1413   736556    2.20%   x(c6_3_c10_3) U  20490  20489     20
  21062 13606     3819.9230    73     3855.0000     3770.2187   745567    2.20%  x(c11_2_c19_2) U  21062  17450     14
  21440 13846     3770.7806   103     3855.0000     3770.3784   756767    2.20%   x(c7_3_c31_3) D  21440  21439     71
Elapsed time = 32.62 sec. (73207.81 ticks, tree = 16.51 MB, solutions = 3)
  21736 13973     3773.5102    97     3855.0000     3770.5521   768671    2.19%  x(c22_3_c31_3) D  21736  19405     37
  21972 14022     3824.6525    52     3855.0000     3770.7975   781294    2.18%  x(c29_3_c32_3) U  21972  20923     91
  22063 14063     3785.3614    37     3855.0000     3770.8911   786745    2.18%    x(c5_3_c3_3) U  22063  20078     28
  22323 14160     3788.6128    64     3855.0000     3771.0822   799126    2.18%  x(c26_3_c34_3) U  22323  22321    103
  22697 14389        cutoff           3855.0000     3771.2103   810135    2.17%  x(c30_3_c28_3) U  22697  10726     24
  22967 14524     3824.7517    52     3855.0000     3771.3704   822200    2.17%  x(c11_2_c19_2) U  22967  18293     21
  23062 14586     3817.2586    64     3855.0000     3771.4137   826093    2.17%  x(c22_3_c24_3) U  23062  19046     93
  23318 14647     3820.6638    81     3855.0000     3771.6030   837491    2.16%  x(c26_3_c31_3) U  23318  22920     96
  23607 14796     3839.1278    65     3855.0000     3771.8426   849645    2.16%  x(c23_3_c32_3) U  23607  23112    103
  23863 14873     3814.9330    74     3855.0000     3772.0765   861337    2.15%  x(c11_3_c34_3) U  23863   9608     33
Elapsed time = 36.98 sec. (82773.37 ticks, tree = 17.72 MB, solutions = 3)
  24120 14968     3800.9805    81     3855.0000     3772.2900   873669    2.15%  x(c19_3_c18_3) U  24120  17047     38
  24378 15070     3829.9115    96     3855.0000     3772.5013   886005    2.14%  x(c31_3_c26_3) U  24378  19178     57
  24615 15114        cutoff           3855.0000     3772.7633   898447    2.13%   x(c30_3_c4_3) U  24615  19150     78
  24865 15150     3778.5094    91     3855.0000     3773.0000   911013    2.13%  x(c28_2_c23_2) D  24865   9865      9
  25110 15250     3812.6318    49     3855.0000     3773.2508   924155    2.12%   x(c9_2_c11_2) U  25110  22548     66
  25409 15416     3833.7097    64     3855.0000     3773.4913   936882    2.11%  x(c15_3_c26_3) U  25409  13715     64
  25654 15523     3833.3066   101     3855.0000     3773.7308   949845    2.11%  x(c18_3_c22_3) U  25654  14401     19
  25979 15684        cutoff           3855.0000     3773.9556   962478    2.10%  x(c31_3_c18_3) U  25979  25680     48
  26310 15829     3846.5346    62     3855.0000     3774.1902   974834    2.10%  x(c23_3_c20_3) U  26310  22267     47
  27597 16637        cutoff           3855.0000     3774.8249  1015540    2.08%  x(c31_3_c11_3) U  27597    431     63
Elapsed time = 42.72 sec. (95202.54 ticks, tree = 20.40 MB, solutions = 3)
  28478 17049     3776.2135    67     3855.0000     3775.3497  1051821    2.07%  x(c18_3_c13_3) D  28478  28477     53
  29514 17496        cutoff           3855.0000     3776.0385  1094236    2.05%  x(c23_3_c24_3) D  29514  29512     68
  30763 18074     3776.7683    63     3855.0000     3776.7308  1142509    2.03%  x(c22_3_c31_3) D  30763  30762     82
  32072 18817     3844.4082    49     3855.0000     3777.3598  1189990    2.01%  x(c15_3_c26_3) U  32072  32070     40
  33120 19154     3779.0225    85     3855.0000     3778.1041  1240210    1.99%  x(c19_3_c10_3) D  33120  28203     22
  34527 19969     3783.0800    75     3855.0000     3778.7101  1285574    1.98%  x(c19_2_c22_2) D  34527  27080     64
  35801 20753     3836.5972    85     3855.0000     3779.2546  1330754    1.96%  x(c30_3_c28_3) U  35801  29768     22
* 36000+19493                         3847.0000     3779.2939             1.76%
  37158 20171     3822.5203    63     3847.0000     3779.6561  1369793    1.75%  x(c18_3_c10_3) U  37158  31679     41
  38149 20590     3786.2767    63     3847.0000     3780.2075  1417025    1.74%  x(c12_3_c13_3) U  38149  33662     22
  39192 20938     3816.7350    75     3847.0000     3780.8091  1465342    1.72%  x(c20_3_c18_3) U  39192  35921     45
Elapsed time = 60.31 sec. (133379.58 ticks, tree = 25.23 MB, solutions = 4)
  40490 21653     3806.8587   117     3847.0000     3781.2779  1511332    1.71%  x(c26_3_c22_3) U  40490  40488     19
  41767 22247     3820.5775   117     3847.0000     3781.7736  1557184    1.70%  x(c11_2_c22_2) U  41767  17454     18
  42959 22642     3796.7510    73     3847.0000     3782.4068  1602557    1.68%   x(c9_2_c11_2) U  42959  23711     13
  44093 23087     3783.4654    88     3847.0000     3783.0440  1648906    1.66%  x(c23_2_c26_2) D  44093  44092     25
  45295 23553     3814.0481    63     3847.0000     3783.6047  1694869    1.65%     x(c12_3_Om) U  45295  14749     25
  46529 24102     3788.9435    98     3847.0000     3784.1841  1741125    1.63%  x(c34_2_c20_2) D  46529  10758     24
  47585 24559     3786.8308    75     3847.0000     3784.7450  1787625    1.62%  x(c12_3_c13_3) D  47585  39266     34
  48731 24949        cutoff           3847.0000     3785.2937  1833836    1.60%    x(c7_3_c3_3) U  48731  43687     89
  49832 25449     3801.6015    74     3847.0000     3785.8968  1879791    1.59%  x(c28_1_c31_1) U  49832  47925     16
  51001 25894     3840.0928    93     3847.0000     3786.4165  1925279    1.57%   x(c16_2_c4_2) U  51001  47630     80
Elapsed time = 77.83 sec. (171561.86 ticks, tree = 30.87 MB, solutions = 4)
  52290 26482     3787.3775    75     3847.0000     3786.9528  1969288    1.56%   x(c6_3_c15_3) D  52290  52289     46
  53516 27019     3795.8930    91     3847.0000     3787.4914  2014745    1.55%  x(c19_3_c18_3) N  53516  11379     14
  54864 27712     3821.6313    38     3847.0000     3787.9307  2058768    1.54%   x(c4_3_c12_3) U  54864  36527     47
  56182 28578     3791.5879    45     3847.0000     3788.2194  2102990    1.53%  x(c16_1_c14_1) D  56182  56181     52
  57331 29203        cutoff           3847.0000     3788.5998  2147366    1.52%  x(c20_2_c19_2) U  57331  52929     44
  58540 29696     3788.9883   100     3847.0000     3788.9881  2192439    1.51%  x(c34_3_c20_3) D  58540  56479     60
* 59000+29589                         3846.0000     3789.1360             1.48%
  59605 29878     3789.4598   105     3846.0000     3789.3108  2236065    1.47%  x(c22_2_c23_2) U  59605  56751     14
  60800 30400     3789.7854    98     3846.0000     3789.7245  2279986    1.46%   x(c31_3_c3_3) D  60800  60799     43
  61804 30786        cutoff           3846.0000     3790.0961  2319059    1.45%  x(c22_3_c19_3) U  61804   3941     62
  62687 31103        cutoff           3846.0000     3790.4018  2357055    1.45%  x(c29_3_c23_3) U  62687  38982     31
Elapsed time = 94.99 sec. (209724.12 ticks, tree = 36.74 MB, solutions = 5)
  63907 31628     3833.3283    95     3846.0000     3790.7983  2401589    1.44%  x(c22_3_c20_3) U  63907  63905     24
  64899 32002     3795.0519    85     3846.0000     3791.1800  2440527    1.43%  x(c34_2_c20_2) D  64899  31213     18
  66091 32542     3830.2040    77     3846.0000     3791.5299  2484678    1.42%  x(c18_3_c19_3) U  66091  21456     32
  67300 33060     3815.5992   100     3846.0000     3791.9597  2529427    1.41%  x(c11_2_c19_2) D  67300  15297     18
  68506 33487     3792.3685    71     3846.0000     3792.3571  2573531    1.39%  x(c11_2_c13_2) D  68506  68505     31
  69789 34033     3817.4490    70     3846.0000     3792.7962  2617471    1.38%   x(c4_3_c31_3) D  69789  37535     26
  71014 34565     3793.4343    73     3846.0000     3793.1870  2660837    1.37%  x(c22_3_c20_3) D  71014  71013     33
  72062 35101     3795.3016    90     3846.0000     3793.5000  2695437    1.37%  x(c19_3_c18_3) U  72062  24789     22
  73234 35615        cutoff           3846.0000     3793.8323  2735860    1.36%  x(c29_3_c31_3) U  73234  67519     30
  74490 36156     3824.1949    46     3846.0000     3794.1868  2778326    1.35%  x(c20_3_c18_3) N  74490  55536     33
Elapsed time = 111.93 sec. (247901.50 ticks, tree = 44.00 MB, solutions = 5)
  75786 36767     3838.7039    97     3846.0000     3794.5216  2819935    1.34%  x(c19_3_c11_3) D  75786  20676     44
* 76000+33687                         3840.0000     3794.5654             1.18%
* 76000+23360                         3822.0000     3794.5654             0.72%
  76898 23411        cutoff           3822.0000     3794.8431  2850011    0.71%      x(c4_3_Om) U  76898  39040     70
  78000 23535     3814.2691    72     3822.0000     3795.1786  2877242    0.70%    x(c9_2_c6_2) N  78000  58002     75
  79343 23680        cutoff           3822.0000     3795.5589  2908890    0.69%   x(c11_2_c9_2) U  79343   2810     58
  80801 23830     3811.9427   104     3822.0000     3795.9773  2940461    0.68%  x(c24_3_c26_3) U  80801  60444     40
  82216 24064        cutoff           3822.0000     3796.3648  2974752    0.67%  x(c11_2_c14_2) U  82216  62727     75
  83495 24315     3796.7554    90     3822.0000     3796.6647  3001722    0.66%  x(c23_3_c26_3) N  83495  83494     36
  85052 24501     3820.6229    55     3822.0000     3797.0914  3037320    0.65%  x(c16_2_c14_2) U  85052  52963     31
  86470 24784     3820.3960    55     3822.0000     3797.4318  3071662    0.64%   x(c9_2_c11_2) U  86470  84744     35
  87909 24930     3817.1519    48     3822.0000     3797.8558  3104698    0.63%  x(c12_3_c13_3) U  87909  71813     32
Elapsed time = 128.35 sec. (286351.60 ticks, tree = 31.34 MB, solutions = 7)
  89100 25047     3812.2929    81     3822.0000     3798.1945  3131605    0.62%  x(c20_2_c19_2) U  89100  89056     38
  90513 25127        cutoff           3822.0000     3798.6034  3166300    0.61%  x(c22_2_c19_2) U  90513  79236     40
  91980 25143     3817.3659   104     3822.0000     3799.0787  3199417    0.60%  x(c31_3_c24_3) N  91980  38037     22
  93507 25214        cutoff           3822.0000     3799.5081  3234948    0.59%  x(c18_3_c19_3) U  93507  93506     31
  95054 25331     3808.4829    68     3822.0000     3799.9478  3268216    0.58%     x(c17_2_Om) U  95054  90897     48
  96410 25420     3801.0740   104     3822.0000     3800.3425  3300658    0.57%  x(c34_3_c18_3) D  96410  84103     16
  97908 25555        cutoff           3822.0000     3800.7245  3331050    0.56%  x(c24_3_c23_3) U  97908  95808     35
  99371 25731     3801.1073    88     3822.0000     3801.1012  3364089    0.55%  x(c18_3_c19_3) D  99371  99370     29
 101000 25896     3801.4858    99     3822.0000     3801.4858  3397028    0.54%  x(c20_3_c19_3) D 101000  98705     36
 102530 25984    infeasible           3822.0000     3801.9046  3430297    0.53%  x(c18_3_c19_3) D 102530 101324     28
Elapsed time = 144.24 sec. (325016.71 ticks, tree = 32.74 MB, solutions = 7)
 103920 26004     3802.4472    94     3822.0000     3802.2677  3461132    0.52%    x(c6_3_c7_3) D 103920 103919     36
 105351 26093     3815.4100   104     3822.0000     3802.6183  3492752    0.51%  x(c19_3_c18_3) N 105351  13755     11
 106660 25972     3803.1268    96     3822.0000     3803.0255  3521566    0.50%  x(c18_3_c13_3) N 106660  67110     66
 108102 25888        cutoff           3822.0000     3803.4370  3553591    0.49%  x(c19_3_c18_3) D 108102  92909     14
 109577 25782        cutoff           3822.0000     3803.9087  3585547    0.47%   x(c2_1_c27_1) U 109577  97928     30
 110948 25681        cutoff           3822.0000     3804.3023  3616403    0.46%  x(c20_3_c19_3) U 110948 103491     38
 112351 25612        cutoff           3822.0000     3804.7277  3645904    0.45%   x(c16_2_c4_2) U 112351  46360     23
 113782 25445        cutoff           3822.0000     3805.1776  3677279    0.44%  x(c11_1_c16_1) U 113782  86965     98
 115272 25291        cutoff           3822.0000     3805.6266  3706869    0.43%   x(c7_3_c31_3) U 115272  93659     71
 116662 25257     3806.0862    75     3822.0000     3806.0095  3735596    0.42%  x(c32_2_c31_2) N 116662 116661     41
Elapsed time = 159.63 sec. (363183.72 ticks, tree = 32.14 MB, solutions = 7)
 117882 25188     3812.4598   130     3822.0000     3806.3285  3760576    0.41%  x(c30_3_c24_3) N 117882 109070     28
 119441 25137     3810.6123    81     3822.0000     3806.7056  3789788    0.40%   x(c9_2_c11_2) N 119441 112762     27
 120890 24996        cutoff           3822.0000     3807.0556  3817151    0.39%     x(c31_3_Om) U 120890 102835     26
 122350 24860     3809.7314    59     3822.0000     3807.3890  3842594    0.38%  x(c17_1_c27_1) N 122350 111394     95
 123869 24702        cutoff           3822.0000     3807.7668  3870527    0.37%    x(c3_2_c5_2) U 123869 123314     35
 125185 24546        cutoff           3822.0000     3808.0833  3893294    0.36%  x(c20_3_c18_3) U 125185 123879     41
 126754 24419     3820.4895    66     3822.0000     3808.4140  3920832    0.36%   x(c9_2_c11_2) U 126754 119518     18
 128236 24241        cutoff           3822.0000     3808.8074  3945418    0.35%    x(c8_2_c5_2) U 128236 126054     45
 129718 24004     3809.6258    82     3822.0000     3809.1559  3971052    0.34%  x(c20_2_c19_2) N 129718  52492     66
 131177 23666        cutoff           3822.0000     3809.5154  3996606    0.33%  x(c19_3_c18_3) D 131177  57314     20
Elapsed time = 174.57 sec. (401353.42 ticks, tree = 30.52 MB, solutions = 7)
 132721 23352        cutoff           3822.0000     3809.9259  4020516    0.32%  x(c28_3_c15_3) U 132721  17600     70
 134271 23129     3810.3391    35     3822.0000     3810.2713  4045560    0.31%   x(c31_1_c2_1) D 134271 134269     50
 135660 23017    infeasible           3822.0000     3810.5876  4068469    0.30%  x(c27_3_c31_3) D 135660 128451     31
 137038 22754     3811.9119    50     3822.0000     3810.9235  4089572    0.29%  x(c34_3_c22_3) N 137038 137037     69
 138677 22596     3811.3058    49     3822.0000     3811.2220  4114243    0.28%   x(c9_2_c11_2) N 138677 137554     33
 140294 22305        cutoff           3822.0000     3811.5569  4139628    0.27%    x(c5_3_c4_3) U 140294 104494     28
 141921 21958     3812.2029    77     3822.0000     3811.9371  4162098    0.26%  x(c18_3_c20_3) N 141921 141377     32
 143474 21690        cutoff           3822.0000     3812.2068  4184466    0.26%  x(c26_3_c22_3) U 143474 106146     28
 145000 21436     3812.5721    93     3822.0000     3812.5000  4206783    0.25%     x(Op_c27_3) N 145000 141134     26
 146681 21004     3812.8750    64     3822.0000     3812.8333  4228086    0.24%  x(c19_3_c10_3) N 146681 138830     30
Elapsed time = 189.02 sec. (439810.19 ticks, tree = 27.67 MB, solutions = 7)
 148368 20651     3816.2344   121     3822.0000     3813.1535  4249359    0.23%  x(c18_3_c19_3) D 148368  94282     16
 150147 20212     3814.5638    30     3822.0000     3813.4626  4271570    0.22%     x(Op_c13_3) N 150147 139486     47
 151862 19620        cutoff           3822.0000     3813.8040  4291695    0.21%  x(c20_3_c23_3) U 151862  37700     39
 153522 19092        cutoff           3822.0000     3814.1379  4314099    0.21%  x(c35_1_c16_1) U 153522 106292     40
 155229 18440    infeasible           3822.0000     3814.4948  4334894    0.20%  x(c32_2_c31_2) D 155229  94605     51
 156930 17741     3816.1649    89     3822.0000     3814.8435  4356155    0.19%  x(c28_3_c31_3) N 156930 149803     16
 158632 17110     3815.2496    77     3822.0000     3815.1667  4377061    0.18%   x(c5_2_c33_2) N 158632 145925     52
 160388 16343        cutoff           3822.0000     3815.5146  4396683    0.17%  x(c11_2_c22_2) U 160388 134540     17
 162155 15509     3818.1727    95     3822.0000     3815.8971  4416120    0.16%  x(c34_3_c18_3) N 162155  43101     19
 163973 14587     3816.5190    65     3822.0000     3816.2662  4434526    0.15%  x(c22_3_c20_3) N 163973 163586     30
Elapsed time = 202.83 sec. (477977.74 ticks, tree = 20.24 MB, solutions = 7)
 165764 13726        cutoff           3822.0000     3816.6262  4452913    0.14%   x(c8_3_c31_3) U 165764 162098     51
 167603 12711     3817.0364   111     3822.0000     3817.0103  4470287    0.13%  x(c23_3_c22_3) N 167603 165760     21
 169449 11861     3818.0562    95     3822.0000     3817.3474  4487826    0.12%  x(c26_3_c22_3) N 169449 143525     19
 171283 10876        cutoff           3822.0000     3817.7337  4504977    0.11%  x(c18_3_c19_3) U 171283  91546     19
 173144  9893     3819.9581    43     3822.0000     3818.0790  4522211    0.10%  x(c14_1_c27_1) N 173144 171406     56
 174995  8757        cutoff           3822.0000     3818.4743  4540034    0.09%  x(c12_3_c13_3) D 174995 173601     44
 176855  7537        cutoff           3822.0000     3818.8719  4556186    0.08%  x(c34_3_c20_3) U 176855  89042     23
 178875  6095     3820.6213    90     3822.0000     3819.2906  4569864    0.07%  x(c29_3_c32_3) N 178875  64992     66
 180852  4642        cutoff           3822.0000     3819.7392  4584352    0.06%  x(c28_3_c23_3) U 180852 168229     31
 182919  2959        cutoff           3822.0000     3820.2011  4596186    0.05%  x(c26_3_c22_3) D 182919 137544     22
Elapsed time = 215.93 sec. (516132.51 ticks, tree = 6.30 MB, solutions = 7)
 185035  1109     3820.8068    92     3822.0000     3820.7099  4606327    0.03%  x(c31_3_c28_3) N 185035 180340     23

Clique cuts applied:  12
Cover cuts applied:  243
Flow cuts applied:  2
Mixed integer rounding cuts applied:  30
Zero-half cuts applied:  2
Gomory fractional cuts applied:  3

Root node processing (before b&c):
  Real time             =    0.15 sec. (365.35 ticks)
Sequential b&c:
  Real time             =  217.59 sec. (523072.52 ticks)
                          ------------
Total (root+branch&cut) =  217.74 sec. (523437.87 ticks)

