Version identifier: 22.1.0.0 | 2022-03-09 | 1a383f8ce
CPXPARAM_Preprocessing_Reduce                    1
CPXPARAM_Threads                                 1
CPXPARAM_Preprocessing_Reformulations            0
CPXPARAM_Emphasis_MIP                            2
CPXPARAM_TimeLimit                               7200
CPXPARAM_MIP_Tolerances_AbsMIPGap                0.5
CPXPARAM_MIP_Limits_TreeMemory                   26600
Legacy callback                                  BbLUID
         Disabling repeat represolve because of lazy constraint/incumbent callback.
1 of 1 MIP starts provided solutions.
MIP start 'm1' defined initial solution with objective 48476.0000.
Tried aggregator 1 time.
MIP Presolve modified 2884 coefficients.
Reduced MIP has 250 rows, 3004 columns, and 6008 nonzeros.
Reduced MIP has 3004 binaries, 0 generals, 0 SOSs, and 0 indicators.
Presolve time = 0.00 sec. (3.59 ticks)
Probing time = 0.00 sec. (2.66 ticks)
Clique table members: 250.
MIP emphasis: optimality.
MIP search method: traditional branch-and-cut.
Parallel mode: none, using 1 thread.
Root relaxation solution time = 0.00 sec. (1.50 ticks)

        Nodes                                         Cuts/
   Node  Left     Objective  IInf  Best Integer    Best Bound    ItCnt     Gap         Variable B NodeID Parent  Depth

*     0+    0                        48476.0000        0.0000           100.00%
      0     0    43081.7500    34    48476.0000    40106.0000       92   17.27%
      0     0    44502.0000    50    48476.0000      Cuts: 37      166    8.20%
      0     0    45601.8333    70    48476.0000      Cuts: 37      236    5.93%
      0     0    46736.0000    26    48476.0000      Cuts: 27      312    3.59%
      0     0    46839.3333    96    48476.0000      Cuts: 13      328    3.38%
      0     0    47068.3333   143    48476.0000      Cuts: 26      360    2.90%
      0     0    47193.5000   106    48476.0000      Cuts: 24      393    2.65%
      0     0    47293.7727   139    48476.0000      Cuts: 22      424    2.44%
      0     0    47331.0421   167    48476.0000       Cuts: 8      442    2.36%
      0     0    47335.8000    62    48476.0000      Cuts: 14      446    2.35%
      0     0    47341.7381   112    48476.0000       Cuts: 9      454    2.34%
      0     0    47388.3571   219    48476.0000      Cuts: 15      490    2.24%
      0     0    47404.3667   132    48476.0000      Cuts: 26      506    2.21%
      0     0    47420.8913   117    48476.0000       Cuts: 7      519    2.18%
      0     0    47438.9091   115    48476.0000       Cuts: 9      540    2.14%
      0     0    47454.8333   122    48476.0000      Cuts: 18      555    2.11%
      0     0    47464.5417   198    48476.0000   ZeroHalf: 6      576    2.09%
      0     0    47498.3269   178    48476.0000  ZeroHalf: 11      611    2.02%
      0     0    47516.1667    93    48476.0000  ZeroHalf: 12      630    1.98%
      0     0    47525.4346   274    48476.0000      Cuts: 13      650    1.96%
      0     0    47537.2473   222    48476.0000   ZeroHalf: 7      673    1.94%
      0     0    47538.6243   224    48476.0000   ZeroHalf: 2      681    1.93%
      0     0    47540.9984   288    48476.0000   ZeroHalf: 3      697    1.93%
      0     0    47541.4937   280    48476.0000       User: 2      700    1.93%
      0     0    47541.6538   281    48476.0000       User: 1      706    1.93%
      0     2    47542.5824   283    48476.0000    47542.9931      706    1.92%                        0             0
Elapsed time = 0.45 sec. (893.99 ticks, tree = 0.01 MB, solutions = 1)
      2     4    47563.2024   237    48476.0000    47555.7500      759    1.90%   x(c38_3_c8_3) D      2      1      2
      5     7    47621.0944   222    48476.0000    47576.7980      927    1.85%   x(c38_1_c7_1) N      5      2      3
     16    18    47915.1489   222    48476.0000    47576.7980     1147    1.85%  x(c48_4_c42_4) N     16     15     10
     35    31    48138.3235   109    48476.0000    47583.1570     1645    1.84%  x(c26_3_c24_3) N     35     34     10
     51    38    47610.2346   264    48476.0000    47601.6667     2016    1.80%   x(c4_4_c45_4) N     51     49      2
     71    58    48030.0730   285    48476.0000    47712.8750     3072    1.57%  x(c42_4_c45_4) U     71     52      3
     99    86    47836.5479   256    48476.0000    47773.7556     4289    1.45%  x(c45_4_c24_4) D     99     53      4
    129   115    47902.9194   252    48476.0000    47796.8333     5419    1.40%  x(c39_2_c24_2) N    129     63      6
    161   144    48386.1336   259    48476.0000    47820.5139     6705    1.35%  x(c14_2_c24_2) N    161    125      9
    336   312    48131.3375   192    48476.0000    47911.9000    12857    1.16%  x(c39_2_c24_2) U    336    139      8
Elapsed time = 2.34 sec. (4194.09 ticks, tree = 2.17 MB, solutions = 1)
    526   491    48152.8658   279    48476.0000    47956.7500    19482    1.07%   x(c22_5_c8_5) U    526    400      9
    721   662    48049.7361   216    48476.0000    47996.7500    26421    0.99%   x(c5_5_c42_5) D    721    510     14
    965   862    48231.7000   131    48476.0000    48026.5000    33910    0.93%   x(c2_2_c14_2) U    965    605     14
   1184  1042    48266.6406   223    48476.0000    48047.2697    40670    0.88%  x(c26_3_c24_3) U   1184    749     10
   1405  1204    48115.7701   244    48476.0000    48066.6042    47733    0.84%  x(c34_4_c48_4) U   1405    415     17
   1651  1409    48294.7500   136    48476.0000    48084.2639    54714    0.81%   x(c2_3_c34_3) D   1651   1649     34
   1900  1592    48153.1000    90    48476.0000    48098.7404    61514    0.78%    x(c3_3_c8_3) D   1900   1899     34
   2126  1756    48244.5376   245    48476.0000    48110.1875    68558    0.75%  x(c48_4_c32_4) U   2126    113     10
   2359  1921    48402.1898   226    48476.0000    48120.7500    75446    0.73%   x(c10_2_c4_2) D   2359   2008      9
   2579  2072    48178.4861   146    48476.0000    48130.1667    82561    0.71%  x(c47_2_c20_2) D   2579   2187     21
Elapsed time = 9.21 sec. (13772.77 ticks, tree = 18.05 MB, solutions = 1)
   2798  2236        cutoff          48476.0000    48139.2721    89406    0.69%   x(c2_3_c34_3) U   2798   2061     19
   3006  2389    48198.0063   112    48476.0000    48148.0476    96732    0.68%   x(c2_3_c34_3) U   3006    703     12
   3220  2530    48155.5625   166    48476.0000    48155.3944   103565    0.66%  x(c20_5_c47_5) D   3220   1779     17
   3431  2689    48169.7847   229    48476.0000    48163.3625   110616    0.64%   x(c2_5_c10_5) D   3431   2687     18
   3619  2819    48300.8722   197    48476.0000    48169.4825   117234    0.63%   x(c5_2_c14_2) U   3619   2549     10
   3822  2953    48216.3018   211    48476.0000    48175.6771   123743    0.62%  x(c10_5_c26_5) U   3822   3009     18
   4006  3074    48190.1333   216    48476.0000    48181.7933   129982    0.61%   x(c10_2_c4_2) D   4006   3757     21
*  4133    32      integral     0    48188.0000    48185.7467   133961    0.00%

Cover cuts applied:  3
Zero-half cuts applied:  81
User cuts applied:  876

Root node processing (before b&c):
  Real time             =    0.45 sec. (893.99 ticks)
Sequential b&c:
  Real time             =   13.78 sec. (20249.22 ticks)
                          ------------
Total (root+branch&cut) =   14.23 sec. (21143.21 ticks)

