Version identifier: 22.1.0.0 | 2022-03-09 | 1a383f8ce
CPXPARAM_Preprocessing_Reduce                    1
CPXPARAM_Threads                                 1
CPXPARAM_Preprocessing_Reformulations            0
CPXPARAM_Emphasis_MIP                            2
CPXPARAM_TimeLimit                               7200
CPXPARAM_MIP_Tolerances_AbsMIPGap                0.5
CPXPARAM_MIP_Limits_TreeMemory                   26600
Legacy callback                                  BbLUID
         Disabling repeat represolve because of lazy constraint/incumbent callback.
1 of 1 MIP starts provided solutions.
MIP start 'm1' defined initial solution with objective 41805.0000.
Tried aggregator 1 time.
MIP Presolve modified 5571 coefficients.
Reduced MIP has 264 rows, 5700 columns, and 11400 nonzeros.
Reduced MIP has 5700 binaries, 0 generals, 0 SOSs, and 0 indicators.
Presolve time = 0.00 sec. (6.64 ticks)
Probing time = 0.00 sec. (3.50 ticks)
Clique table members: 264.
MIP emphasis: optimality.
MIP search method: traditional branch-and-cut.
Parallel mode: none, using 1 thread.
Root relaxation solution time = 0.00 sec. (2.83 ticks)

        Nodes                                         Cuts/
   Node  Left     Objective  IInf  Best Integer    Best Bound    ItCnt     Gap         Variable B NodeID Parent  Depth

*     0+    0                        41805.0000        0.0000           100.00%
      0     0    39211.0000   120    41805.0000    36161.0000      122   13.50%
      0     0    40237.7917   175    41805.0000      Cuts: 73      246    3.75%
      0     0    40715.5000    40    41805.0000      Cuts: 36      321    2.61%
      0     0    40951.8333   156    41805.0000      Cuts: 13      366    2.04%
      0     0    41197.3500   140    41805.0000      Cuts: 34      431    1.45%
      0     0    41263.7500   195    41805.0000      Cuts: 22      477    1.29%
      0     0    41329.7875   284    41805.0000      Cuts: 36      540    1.14%
      0     0    41406.0833   214    41805.0000      Cuts: 31      599    0.95%
      0     0    41426.0333   212    41805.0000      Cuts: 32      657    0.91%
      0     0    41434.9803   260    41805.0000      Cuts: 18      683    0.89%
      0     0    41471.0201   310    41805.0000      Cuts: 18      729    0.80%
      0     0    41489.6163   305    41805.0000      Cuts: 14      782    0.75%
      0     0    41499.0852   262    41805.0000      Cuts: 16      823    0.73%
      0     0    41504.4764   321    41805.0000      Cuts: 18      857    0.72%
      0     0    41522.9000   251    41805.0000      Cuts: 19      914    0.67%
      0     0    41532.1596   299    41805.0000      Cuts: 12      957    0.65%
      0     0    41538.4586   274    41805.0000       Cuts: 8      993    0.64%
      0     0    41543.3408   237    41805.0000  ZeroHalf: 23     1029    0.63%
      0     0    41546.6255   247    41805.0000      Cuts: 16     1053    0.62%
      0     0    41546.8619   259    41805.0000       User: 1     1059    0.62%
      0     2    41546.8619   259    41805.0000    41547.0494     1059    0.62%                        0             0
Elapsed time = 0.32 sec. (650.83 ticks, tree = 0.01 MB, solutions = 1)
      2     4    41577.9291   343    41805.0000    41578.8647     1126    0.54%     x(Op_c16_2) N      2      1      2
      6     8    41657.4661   245    41805.0000    41582.2994     1209    0.53%  x(c34_2_c48_2) U      6      4      5
     11    12    41623.4646   274    41805.0000    41582.2994     1252    0.53%     x(c16_2_Om) D     11     10      9
     40    25    41958.3187   286    41805.0000    41627.6255     1851    0.42%     x(c16_2_Om) N     40     10      9
     70    49    41665.8267   295    41805.0000    41657.7703     2949    0.35%     x(Op_c16_3) D     70      6      6
    111    77    41761.6741   312    41805.0000    41672.8588     4182    0.32%     x(Op_c22_2) U    111      5      6
    155   104    41727.2424   272    41805.0000    41689.6762     5289    0.28%      x(Op_c9_1) N    155    109     14
    199   132    41748.9583   280    41805.0000    41700.4444     6595    0.25%  x(c13_2_c25_2) N    199    142     20
    241   150    41759.6575   294    41805.0000    41705.8636     7466    0.24%  x(c15_1_c36_1) D    241    240     12
*   359   113      integral     0    41758.0000    41720.0000    10909    0.09%
    432   112    41732.4778   259    41758.0000    41730.4667    11805    0.07%  x(c10_2_c45_2) U    432    276     19
Elapsed time = 3.40 sec. (3833.15 ticks, tree = 0.88 MB, solutions = 2)
    558   109    41737.0000     1    41758.0000    41737.0000    13020    0.05%  x(c13_1_c32_1) U    558    557     48
*   587     1      integral     0    41737.0000    41737.0000    13043    0.00%

Zero-half cuts applied:  97
User cuts applied:  406

Root node processing (before b&c):
  Real time             =    0.32 sec. (650.94 ticks)
Sequential b&c:
  Real time             =    3.63 sec. (4574.07 ticks)
                          ------------
Total (root+branch&cut) =    3.95 sec. (5225.00 ticks)

