Version identifier: 22.1.0.0 | 2022-03-09 | 1a383f8ce
CPXPARAM_Preprocessing_Reduce                    1
CPXPARAM_Threads                                 1
CPXPARAM_Preprocessing_Reformulations            0
CPXPARAM_Emphasis_MIP                            2
CPXPARAM_TimeLimit                               7200
CPXPARAM_MIP_Tolerances_AbsMIPGap                0.5
CPXPARAM_MIP_Limits_TreeMemory                   26600
Legacy callback                                  BbLUID
         Disabling repeat represolve because of lazy constraint/incumbent callback.
1 of 1 MIP starts provided solutions.
MIP start 'm1' defined initial solution with objective 28674.0000.
Tried aggregator 1 time.
MIP Presolve modified 1730 coefficients.
Reduced MIP has 150 rows, 1802 columns, and 3604 nonzeros.
Reduced MIP has 1802 binaries, 0 generals, 0 SOSs, and 0 indicators.
Presolve time = 0.00 sec. (2.19 ticks)
Probing time = 0.00 sec. (2.43 ticks)
Clique table members: 150.
MIP emphasis: optimality.
MIP search method: traditional branch-and-cut.
Parallel mode: none, using 1 thread.
Root relaxation solution time = 0.00 sec. (0.96 ticks)

        Nodes                                         Cuts/
   Node  Left     Objective  IInf  Best Integer    Best Bound    ItCnt     Gap         Variable B NodeID Parent  Depth

*     0+    0                        28674.0000        0.0000           100.00%
      0     0    25248.7500    34    28674.0000    23676.0000       64   17.43%
      0     0    27518.5000     8    28674.0000      Cuts: 12       98    4.03%
      0     0    28033.5000    56    28674.0000      Cuts: 24      126    2.23%
      0     0    28125.6667   105    28674.0000      Cuts: 11      151    1.91%
      0     0    28147.0000    46    28674.0000      Cuts: 15      158    1.84%
      0     0    28169.7778    65    28674.0000      Cuts: 14      179    1.76%
      0     0    28202.2500   124    28674.0000      Cuts: 10      196    1.65%
      0     0    28219.8571    75    28674.0000      Cuts: 14      207    1.58%
      0     0    28229.0000   102    28674.0000      Cuts: 15      209    1.55%
      0     0    28233.2593   131    28674.0000      Cuts: 41      225    1.54%
      0     0    28235.5333   101    28674.0000       Cuts: 8      241    1.53%
      0     0    28239.0500    87    28674.0000   ZeroHalf: 6      252    1.52%
      0     0    28242.0909   139    28674.0000  ZeroHalf: 14      270    1.51%
      0     0    28246.8684   165    28674.0000  ZeroHalf: 11      285    1.49%
      0     0    28251.6818   101    28674.0000      Cuts: 38      298    1.47%
      0     0    28253.9462   152    28674.0000  ZeroHalf: 13      316    1.46%
      0     0    28253.9677   124    28674.0000       User: 1      317    1.46%
      0     2    28253.9677   124    28674.0000    28255.0000      317    1.46%                        0             0
Elapsed time = 0.19 sec. (338.03 ticks, tree = 0.01 MB, solutions = 1)
     30    17    28486.0000   141    28674.0000    28316.2000      787    1.25%   x(c2_1_c29_1) D     30     16      5
    110    73    28447.2500   103    28674.0000    28441.1667     2079    0.81%  x(c39_2_c32_2) N    110     61      9
    218   143    28496.1667    37    28674.0000    28493.0000     3853    0.63%  x(c12_1_c15_1) U    218    216     21
    326   185        cutoff          28674.0000    28525.5000     6162    0.52%  x(c24_3_c26_3) U    326    324     11
*   378    25      integral     0    28551.0000    28540.2500     7010    0.04%

Cover cuts applied:  1
Zero-half cuts applied:  74
User cuts applied:  246

Root node processing (before b&c):
  Real time             =    0.19 sec. (338.02 ticks)
Sequential b&c:
  Real time             =    0.90 sec. (1112.55 ticks)
                          ------------
Total (root+branch&cut) =    1.10 sec. (1450.57 ticks)

