Version identifier: 22.1.0.0 | 2022-03-09 | 1a383f8ce
CPXPARAM_Preprocessing_Reduce                    1
CPXPARAM_Threads                                 1
CPXPARAM_Preprocessing_Reformulations            0
CPXPARAM_Emphasis_MIP                            2
CPXPARAM_TimeLimit                               7200
CPXPARAM_MIP_Tolerances_AbsMIPGap                0.5
CPXPARAM_MIP_Limits_TreeMemory                   26600
Legacy callback                                  BbLUID
         Disabling repeat represolve because of lazy constraint/incumbent callback.
1 of 1 MIP starts provided solutions.
MIP start 'm1' defined initial solution with objective 41805.0000.
Tried aggregator 1 time.
MIP Presolve modified 5571 coefficients.
Reduced MIP has 264 rows, 5700 columns, and 11400 nonzeros.
Reduced MIP has 5700 binaries, 0 generals, 0 SOSs, and 0 indicators.
Presolve time = 0.00 sec. (6.64 ticks)
Probing time = 0.00 sec. (3.50 ticks)
Clique table members: 264.
MIP emphasis: optimality.
MIP search method: traditional branch-and-cut.
Parallel mode: none, using 1 thread.
Root relaxation solution time = 0.00 sec. (2.83 ticks)

        Nodes                                         Cuts/
   Node  Left     Objective  IInf  Best Integer    Best Bound    ItCnt     Gap         Variable B NodeID Parent  Depth

*     0+    0                        41805.0000        0.0000           100.00%
      0     0    39211.0000   120    41805.0000    36161.0000      122   13.50%
      0     0    40237.7917   175    41805.0000      Cuts: 73      246    3.75%
      0     0    40715.5000    40    41805.0000      Cuts: 36      321    2.61%
      0     0    40951.8333   156    41805.0000      Cuts: 13      366    2.04%
      0     0    41197.3500   140    41805.0000      Cuts: 34      431    1.45%
      0     0    41263.7500   195    41805.0000      Cuts: 22      477    1.29%
      0     0    41329.7875   284    41805.0000      Cuts: 36      540    1.14%
      0     0    41406.0833   214    41805.0000      Cuts: 31      599    0.95%
      0     0    41426.0333   212    41805.0000      Cuts: 32      657    0.91%
      0     0    41434.9803   260    41805.0000      Cuts: 18      683    0.89%
      0     0    41471.0201   310    41805.0000      Cuts: 18      729    0.80%
      0     0    41489.6163   305    41805.0000      Cuts: 14      782    0.75%
      0     0    41499.0852   262    41805.0000      Cuts: 16      823    0.73%
      0     0    41504.4764   321    41805.0000      Cuts: 18      857    0.72%
      0     0    41522.9000   251    41805.0000      Cuts: 19      914    0.67%
      0     0    41532.1596   299    41805.0000      Cuts: 12      957    0.65%
      0     0    41538.4586   274    41805.0000       Cuts: 8      993    0.64%
      0     0    41543.3408   237    41805.0000  ZeroHalf: 23     1029    0.63%
      0     0    41546.6255   247    41805.0000      Cuts: 16     1053    0.62%
      0     0    41546.8619   259    41805.0000       User: 1     1059    0.62%
      0     2    41546.8619   259    41805.0000    41547.0494     1059    0.62%                        0             0
Elapsed time = 0.33 sec. (650.83 ticks, tree = 0.01 MB, solutions = 1)
      3     5    41589.6840   236    41805.0000    41582.2994     1119    0.53%  x(c20_2_c21_2) D      3      2      3
      8     9    41689.7372   194    41805.0000    41582.2994     1305    0.53%      x(Op_c9_1) N      8      6      6
     30    17    41769.2037   231    41805.0000    41596.6327     1472    0.50%  x(c44_1_c36_1) N     30     29     14
     68    42    41642.9766   256    41805.0000    41642.5205     2252    0.39%   x(c5_1_c34_1) D     68     59     11
     99    63    41726.2151   177    41805.0000    41666.5362     3077    0.33%  x(c12_1_c21_1) N     99     86     10
    134    86    41756.8199   240    41805.0000    41675.9035     3775    0.31%   x(c41_2_c2_2) N    134     57     10
    185   123        cutoff          41805.0000    41692.0517     5001    0.27%   x(c8_1_c38_1) U    185    125     13
*   196   107      integral     0    41750.0000    41694.7368     5251    0.13%
    227   122        cutoff          41750.0000    41700.0705     5844    0.12%  x(c34_2_c48_2) U    227    158      6
    284   141        cutoff          41750.0000    41710.9868     6930    0.09%   x(c40_1_c9_1) U    284     64      7
*   481     0      integral     0    41729.0000    41729.0000     9598    0.00%

Zero-half cuts applied:  94
User cuts applied:  363

Root node processing (before b&c):
  Real time             =    0.33 sec. (650.94 ticks)
Sequential b&c:
  Real time             =    2.53 sec. (2836.40 ticks)
                          ------------
Total (root+branch&cut) =    2.86 sec. (3487.34 ticks)

