Version identifier: 22.1.0.0 | 2022-03-09 | 1a383f8ce
CPXPARAM_Preprocessing_Reduce                    1
CPXPARAM_Threads                                 1
CPXPARAM_Preprocessing_Reformulations            0
CPXPARAM_Emphasis_MIP                            2
CPXPARAM_TimeLimit                               7200
CPXPARAM_MIP_Tolerances_AbsMIPGap                0.5
CPXPARAM_MIP_Limits_TreeMemory                   26600
Legacy callback                                  BbLUID
         Disabling repeat represolve because of lazy constraint/incumbent callback.
1 of 1 MIP starts provided solutions.
MIP start 'm1' defined initial solution with objective 62256.0000.
Tried aggregator 1 time.
MIP Presolve modified 5993 coefficients.
Reduced MIP has 356 rows, 6166 columns, and 12332 nonzeros.
Reduced MIP has 6166 binaries, 0 generals, 0 SOSs, and 0 indicators.
Presolve time = 0.00 sec. (7.21 ticks)
Probing time = 0.00 sec. (3.49 ticks)
Clique table members: 356.
MIP emphasis: optimality.
MIP search method: traditional branch-and-cut.
Parallel mode: none, using 1 thread.
Root relaxation solution time = 0.00 sec. (3.12 ticks)

        Nodes                                         Cuts/
   Node  Left     Objective  IInf  Best Integer    Best Bound    ItCnt     Gap         Variable B NodeID Parent  Depth

*     0+    0                        62256.0000        0.0000           100.00%
      0     0    56444.8333    28    62256.0000    52567.0000      189   15.56%
      0     0    58017.5000   132    62256.0000      Cuts: 35      276    6.81%
      0     0    59194.8333   203    62256.0000      Cuts: 58      361    4.92%
      0     0    60030.6000   207    62256.0000      Cuts: 60      463    3.57%
      0     0    60305.2833   110    62256.0000      Cuts: 29      517    3.13%
      0     0    60439.3591   165    62256.0000      Cuts: 15      561    2.92%
      0     0    60491.9000   168    62256.0000      Cuts: 15      583    2.83%
      0     0    60561.5772   196    62256.0000      Cuts: 13      609    2.72%
      0     0    60617.1866   243    62256.0000       Cuts: 6      632    2.63%
      0     0    60639.4444   242    62256.0000       Cuts: 9      661    2.60%
      0     0    60658.6667   245    62256.0000       Cuts: 5      674    2.57%
      0     0    60666.8667   184    62256.0000      Cuts: 10      678    2.55%
      0     0    60684.7467   307    62256.0000      User: 18      694    2.52%
      0     0    60692.1467   272    62256.0000   ZeroHalf: 2      701    2.51%
      0     0    60695.1695   333    62256.0000   ZeroHalf: 5      709    2.51%
      0     0    60697.8816   331    62256.0000       Cuts: 2      716    2.50%
      0     0    60697.9217   324    62256.0000       User: 1      717    2.50%
      0     2    60697.9217   324    62256.0000    60699.3883      717    2.50%                        0             0
Elapsed time = 0.46 sec. (685.69 ticks, tree = 0.01 MB, solutions = 1)
      4     6    60741.0553   280    62256.0000    60741.5553      768    2.43%  x(c46_1_c38_1) D      4      2      3
      8    10    60767.0222   257    62256.0000    60744.0553      798    2.43%  x(c40_3_c22_3) D      8      7      6
     11    13    60778.6133   274    62256.0000    60744.0553      872    2.43%   x(c38_1_c8_1) D     11      9      8
     18    20    60916.8000   187    62256.0000    60744.0553     1014    2.43%  x(c46_4_c38_4) N     18     17     12
     32    34    61274.3799   274    62256.0000    60744.0553     1303    2.43%  x(c21_4_c25_4) N     32     30     20
     50    52    61473.5292   239    62256.0000    60744.0553     1570    2.43%  x(c32_4_c48_4) D     50     49     32
     69    63    60871.1997   300    62256.0000    60750.3883     1962    2.42%     x(c22_4_Om) N     69      5      5
     81    75    61305.5333   299    62256.0000    60750.3883     2202    2.42%   x(c3_1_c25_1) N     81     78     13
    110   104    61978.4740   331    62256.0000    60750.3883     2594    2.42%   x(c29_1_c4_1) N    110    109     34
    193   182    61174.5081   275    62256.0000    60904.2499     4942    2.17%  x(c16_4_c41_4) U    193    191     14
Elapsed time = 2.90 sec. (4102.26 ticks, tree = 1.61 MB, solutions = 1)
    300   289    61150.4639   325    62256.0000    60940.5995     8107    2.11%   x(c8_1_c16_1) U    300    250      9
    410   399    61075.8218   271    62256.0000    60967.6111    11455    2.07%  x(c31_5_c38_5) D    410    408     25
    494   483    61064.7319   329    62256.0000    60980.2778    14241    2.05%  x(c41_3_c29_3) D    494    180     11
    585   574    61236.9944   199    62256.0000    60996.4581    17754    2.02%  x(c38_4_c33_4) N    585    561     20
    670   659    61234.0646   309    62256.0000    61009.4916    21006    2.00%   x(c8_1_c16_1) U    670    619     10
    780   769    61031.9833   296    62256.0000    61019.5194    24516    1.99%     x(Op_c22_4) D    780    280     16
    874   863    61133.2968   353    62256.0000    61029.8810    27863    1.97%     x(c40_4_Om) U    874    295      9
    966   955    61120.8889   328    62256.0000    61036.8143    30967    1.96%      x(Op_c8_3) U    966    964     25
   1059  1048    61109.0927   334    62256.0000    61044.4506    34502    1.95%  x(c29_3_c41_3) N   1059    777     15
   1150  1139    61056.7269   214    62256.0000    61052.4028    37751    1.93%   x(c5_5_c10_5) D   1150    929     33
Elapsed time = 9.56 sec. (13701.91 ticks, tree = 11.95 MB, solutions = 1)
   1239  1228    61347.2778   291    62256.0000    61058.2736    40982    1.92%  x(c41_3_c29_3) U   1239   1237     15
   1330  1319    61065.3294   271    62256.0000    61064.0175    44239    1.91%     x(c40_4_Om) D   1330    965     26
   1426  1415    61074.0616   343    62256.0000    61069.7214    47490    1.91%  x(c22_4_c34_4) D   1426    573     13
   1521  1510    61098.1111   185    62256.0000    61076.4141    51025    1.89%  x(c15_4_c46_4) D   1521   1156     30
   1604  1593    61112.3336   393    62256.0000    61081.8455    54438    1.89%  x(c31_5_c38_5) U   1604   1193     12
   1693  1682    61193.2630   238    62256.0000    61086.8439    58268    1.88%  x(c29_3_c41_3) N   1693   1691      9
   1775  1764    61115.9980   295    62256.0000    61092.3201    61907    1.87%  x(c33_3_c18_3) D   1775    330     15
   1861  1850    61243.7492   357    62256.0000    61096.8936    65645    1.86%  x(c48_1_c24_1) U   1861    672     10
   1955  1944    61110.4008   368    62256.0000    61100.6241    69323    1.86%   x(c14_3_c5_3) D   1955   1954     19
   2043  2032    61411.2111   236    62256.0000    61105.2285    72976    1.85%  x(c41_4_c34_4) U   2043    949     21
Elapsed time = 15.31 sec. (23294.91 ticks, tree = 22.75 MB, solutions = 1)
   2132  2121    61424.9204   380    62256.0000    61108.8559    76474    1.84%  x(c34_4_c41_4) N   2132   2130     25
   2219  2208    61193.0758   295    62256.0000    61113.1000    80328    1.84%  x(c29_3_c41_3) U   2219   1296     10
   2301  2290    61174.4353   309    62256.0000    61115.9854    84029    1.83%  x(c14_4_c23_4) D   2301    915     30
   2383  2372    61134.7965   363    62256.0000    61119.0319    87620    1.83%   x(c41_4_c2_4) D   2383   1931     20
   2492  2467    61154.7396   316    62256.0000    61120.8811    90935    1.82%  x(c41_4_c34_4) D   2492   1856     14
   2583  2558    61132.0867   301    62256.0000    61124.2118    94503    1.82%  x(c35_3_c24_3) D   2583   2048     15
   2661  2636    61462.8537   328    62256.0000    61126.1478    97991    1.81%   x(c41_4_c2_4) N   2661   1966     32
   2749  2724    61317.0573   317    62256.0000    61128.5841   101431    1.81%  x(c25_5_c32_5) N   2749   1767     23
   2831  2806    61144.7822   312    62256.0000    61131.1636   104831    1.81%   x(c2_4_c26_4) U   2831   2830     20
   2929  2904    61259.1528   339    62256.0000    61134.1046   108468    1.80%    x(c7_3_c6_3) U   2929   2790     19
Elapsed time = 21.05 sec. (32906.76 ticks, tree = 33.95 MB, solutions = 1)
   3012  2987    61496.5111   314    62256.0000    61136.8487   111804    1.80%  x(c35_3_c24_3) U   3012   2144     20
   3091  3066    61162.2412   324    62256.0000    61138.9807   114843    1.79%  x(c41_3_c29_3) D   3091   1524     13
   3178  3153    61293.7040   239    62256.0000    61141.2085   118516    1.79%  x(c23_1_c11_1) U   3178   3176     35
   3246  3221    61254.1683   278    62256.0000    61143.6512   122017    1.79%  x(c25_5_c39_5) U   3246   2115     11
   3319  3294    61399.5944   288    62256.0000    61145.7035   125690    1.78%  x(c41_4_c34_4) U   3319   1892     22
   3400  3375    61158.0676   364    62256.0000    61148.1254   129172    1.78%  x(c25_5_c39_5) D   3400   2663     16
   3477  3452    61177.6231   280    62256.0000    61150.1922   132568    1.78%  x(c22_4_c16_4) U   3477    641     15
   3559  3534    61159.2556   256    62256.0000    61151.9444   135976    1.77%  x(c41_3_c29_3) D   3559   2788     10
   3626  3601    61350.7000   108    62256.0000    61153.8048   139257    1.77%  x(c46_5_c31_5) N   3626   2541     26
   3697  3672    61320.1714   334    62256.0000    61155.1688   142452    1.77%  x(c34_4_c41_4) D   3697   1484     21
Elapsed time = 27.04 sec. (42505.98 ticks, tree = 44.48 MB, solutions = 1)
   3763  3738    61374.1720   269    62256.0000    61156.7320   145863    1.77%  x(c41_3_c29_3) U   3763   2469     12
   3832  3807    61495.0514   331    62256.0000    61158.3205   149214    1.76%  x(c41_4_c34_4) U   3832   3830     10
   3902  3877    61356.7032   292    62256.0000    61159.6239   152698    1.76%  x(c46_4_c47_4) U   3902   1761     10
   3986  3961    61268.2650   274    62256.0000    61161.2000   155907    1.76%  x(c31_5_c38_5) D   3986    817     14
   4055  4030    61364.5787   321    62256.0000    61162.8236   158993    1.76%  x(c10_1_c24_1) U   4055   3418     14
   4128  4103    61387.2306   317    62256.0000    61164.1516   162303    1.75%   x(c41_4_c2_4) U   4128   2322     17
   4206  4181    61338.3226   359    62256.0000    61165.4963   165332    1.75%  x(c48_4_c32_4) U   4206   3049     15
   4282  4257    61290.6127   277    62256.0000    61166.7455   168543    1.75%    x(c7_3_c6_3) U   4282   3084     22
   4352  4327    61446.9343   287    62256.0000    61167.8797   171902    1.75%   x(c41_4_c2_4) U   4352   3030     23
   4414  4389    61484.5052   355    62256.0000    61168.9861   174644    1.75%  x(c41_4_c34_4) U   4414   2893     14
Elapsed time = 32.35 sec. (52160.93 ticks, tree = 55.07 MB, solutions = 1)
   4488  4463    61356.0333    92    62256.0000    61170.5493   177934    1.74%  x(c46_5_c31_5) U   4488   3504     24
   4569  4544    61177.8742   297    62256.0000    61171.8875   180803    1.74%   x(c41_4_c2_4) D   4569   3858     10
   4659  4619    61570.3939   334    62256.0000    61172.5531   183369    1.74%   x(c41_4_c2_4) U   4659   3637     23
   4733  4693    61471.1190   334    62256.0000    61173.6111   186567    1.74%  x(c34_4_c41_4) D   4733   3252     32
   4798  4758    61441.4994   350    62256.0000    61175.0909   189743    1.74%   x(c41_4_c2_4) U   4798   1424     15
   4877  4837    61211.9333   233    62256.0000    61176.7323   192706    1.73%  x(c14_4_c23_4) U   4877   4876     20
   4953  4913    61228.4798   298    62256.0000    61177.9522   195805    1.73%  x(c12_3_c47_3) D   4953   3831     11
   5029  4989    61218.2231   328    62256.0000    61179.1547   199007    1.73%   x(c22_4_c8_4) U   5029   3528     30
   5099  5059    61252.8765   279    62256.0000    61180.1984   202143    1.73%  x(c25_5_c39_5) U   5099   3384     12
   5176  5136    61283.2371   364    62256.0000    61181.2556   205343    1.73%  x(c31_5_c38_5) D   5176   1956     21
Elapsed time = 37.75 sec. (61784.56 ticks, tree = 66.18 MB, solutions = 1)
   5250  5210    61192.2338   361    62256.0000    61182.1858   208165    1.72%  x(c48_1_c32_1) D   5250   5249     24
   5321  5281    61184.0651   292    62256.0000    61183.1111   211024    1.72%   x(c41_4_c5_4) D   5321   4117     23
   5400  5360    61195.8919   290    62256.0000    61183.9707   214046    1.72%  x(c25_5_c39_5) D   5400   2961     16
   5476  5436    61314.5947   291    62256.0000    61184.6977   217342    1.72%  x(c39_1_c48_1) U   5476   5474     24
   5548  5508    61252.6998   271    62256.0000    61185.6911   220500    1.72%      x(Op_c8_3) D   5548   5547     26
   5614  5574    61301.7324   283    62256.0000    61186.7107   223425    1.72%   x(c42_4_c2_4) U   5614     85     18
   5686  5646    61256.2923   270    62256.0000    61187.9899   226747    1.72%  x(c10_5_c45_5) U   5686   1619     26
   5758  5718    61201.0707   319    62256.0000    61189.0239   229889    1.71%  x(c14_4_c23_4) U   5758   3081     35
   5841  5801    61329.3158   321    62256.0000    61189.8560   232800    1.71%  x(c12_3_c47_3) D   5841   3966     28
   5911  5871    61234.3517   316    62256.0000    61190.8113   235925    1.71%  x(c48_4_c32_4) D   5911   3630     15
Elapsed time = 43.08 sec. (71422.26 ticks, tree = 77.45 MB, solutions = 1)
   5978  5938    61196.4197   334    62256.0000    61191.5715   238981    1.71%  x(c35_3_c45_3) D   5978   4821     25
   6038  5998    61502.1271   326    62256.0000    61192.1363   241733    1.71%   x(c41_4_c2_4) U   6038   2695     12
   6116  6076    61230.8999   381    62256.0000    61193.0283   244743    1.71%      x(Op_c8_3) U   6116   4737     33
   6186  6146    61234.8585   258    62256.0000    61193.8369   247888    1.71%  x(c48_4_c10_4) D   6186   4335     25
   6259  6219    61215.7833   114    62256.0000    61194.7208   250966    1.70%   x(c8_5_c16_5) D   6259   5243     24
   6336  6296    61559.4857   302    62256.0000    61195.7778   254002    1.70%      x(Op_c8_3) D   6336   6334     23
   6406  6366    61274.4200   287    62256.0000    61196.4833   256894    1.70%   x(c45_5_c4_5) U   6406   3126     16
   6478  6438    61382.9500   226    62256.0000    61197.5070   259952    1.70%  x(c25_5_c39_5) U   6478   3560     12
   6546  6506    61328.0921   258    62256.0000    61198.3783   263022    1.70%  x(c12_3_c47_3) D   6546   4028     16
   6613  6573    61202.6643   307    62256.0000    61199.0019   266044    1.70%  x(c48_4_c32_4) D   6613   3770     25
Elapsed time = 48.48 sec. (81043.65 ticks, tree = 88.36 MB, solutions = 1)
   6682  6642    61370.5663   292    62256.0000    61199.9500   269036    1.70%  x(c48_4_c32_4) U   6682   4146     18
   6754  6714    61238.8665   327    62256.0000    61200.8917   271778    1.69%      x(Op_c8_4) D   6754   1972     12
   6825  6785    61532.6506   337    62256.0000    61201.9837   274551    1.69%   x(c41_4_c5_4) U   6825   4213     18
   6902  6862    61589.1444   241    62256.0000    61202.7697   277490    1.69%  x(c35_3_c24_3) U   6902   6363     15
   6987  6933    61209.0364   262    62256.0000    61202.8944   279372    1.69%  x(c34_5_c29_5) D   6987   5837     31
   7059  7005    61224.5314   326    62256.0000    61203.7278   282029    1.69%  x(c12_3_c47_3) U   7059   5480     13
   7134  7080    61242.4453   362    62256.0000    61204.3972   284706    1.69%   x(c22_4_c8_4) U   7134   3874     31
   7201  7147    61223.7652   356    62256.0000    61205.1277   287444    1.69%  x(c38_5_c31_5) D   7201   6082     18
   7276  7222    61434.8667   215    62256.0000    61205.7911   290361    1.69%   x(c41_4_c2_4) U   7276   4515     21
   7547  7493    61495.8515   303    62256.0000    61208.4886   301313    1.68%  x(c41_4_c34_4) U   7547   7545     18
Elapsed time = 55.50 sec. (93516.45 ticks, tree = 103.12 MB, solutions = 1)
   7831  7777    61553.1333   315    62256.0000    61211.4227   312232    1.68%   x(c41_4_c2_4) U   7831   7829     11
   8093  8039    61656.8569   293    62256.0000    61214.0381   322869    1.67%  x(c41_3_c29_3) N   8093   5567     45
   8363  8309    61249.9766   278    62256.0000    61216.7833   333746    1.67%  x(c39_1_c32_1) U   8363   8362     14
   8649  8595    61612.5292   310    62256.0000    61219.3718   344719    1.67%   x(c41_4_c5_4) U   8649   6002     23
   8921  8867    61433.5199   291    62256.0000    61221.9778   355694    1.66%  x(c46_5_c31_5) U   8921   8919     20
   9190  9136    61494.6701   324    62256.0000    61224.4232   366534    1.66%  x(c26_5_c39_5) U   9190   7378     22
   9471  9405    61300.8602   296    62256.0000    61226.5657   376631    1.65%      x(Op_c8_3) U   9471   7648     24
   9721  9655    61348.4213   317    62256.0000    61228.7093   386810    1.65%  x(c48_1_c24_1) U   9721   8494     23
   9986  9920    61289.1725   324    62256.0000    61230.7844   396869    1.65%  x(c46_4_c47_4) D   9986   9985     15
* 10200+10123                        62214.0000    61232.5382             1.58%
  10249 10174    61234.3401   293    62214.0000    61232.7024   407088    1.58%   x(c41_3_c5_3) D  10249   5666     10
Elapsed time = 76.47 sec. (131740.81 ticks, tree = 149.04 MB, solutions = 2)
  10515 10440    61345.6420   225    62214.0000    61234.6587   417419    1.57%  x(c15_2_c23_2) U  10515  10513     37
* 10734  3714      integral     0    61279.0000    61236.3750   425688    0.07%
  10804  3707    61262.4500   282    61279.0000    61237.0646   426899    0.07%   x(c41_4_c2_4) D  10804   3751     10
  11245  3673        cutoff          61279.0000    61240.7936   434229    0.06%  x(c41_3_c29_3) U  11245   9455     40
  11721  3628    61245.6048   334    61279.0000    61244.0401   441180    0.06%  x(c46_5_c31_5) D  11721   5340     13
  12206  3568    61250.5103   190    61279.0000    61247.2714   447972    0.05%  x(c46_5_c31_5) D  12206  10321     15
  12729  3480        cutoff          61279.0000    61250.2793   454634    0.05%     x(Op_c16_1) D  12729   1755      8
  13272  3327        cutoff          61279.0000    61253.1857   461234    0.04%  x(c34_4_c41_4) U  13272   1660      9
  13825  3158    61263.0333   199    61279.0000    61255.8750   467501    0.04%  x(c25_5_c39_5) D  13825   3673     17
  14402  2940        cutoff          61279.0000    61258.6877   473269    0.03%   x(c41_4_c2_4) U  14402   5279     23
  14998  2669    61277.7833   227    61279.0000    61261.6481   478692    0.03%   x(c41_4_c2_4) D  14998  14002     18
Elapsed time = 96.98 sec. (169947.83 ticks, tree = 42.66 MB, solutions = 3)
  15570  2357        cutoff          61279.0000    61264.1686   483346    0.02%  x(c25_5_c39_5) U  15570   7175     18
  16151  1983    61267.0998   284    61279.0000    61267.0000   487650    0.02%  x(c26_5_c39_5) D  16151   9900     35
  16767  1524        cutoff          61279.0000    61269.7833   491315    0.02%  x(c46_5_c31_5) D  16767  10880     27
  17392  1011        cutoff          61279.0000    61272.6902   494213    0.01%      x(Op_c8_3) D  17392  16389     24

Cover cuts applied:  3
Mixed integer rounding cuts applied:  1
Zero-half cuts applied:  61
User cuts applied:  1410

Root node processing (before b&c):
  Real time             =    0.46 sec. (685.80 ticks)
Sequential b&c:
  Real time             =  103.40 sec. (185189.34 ticks)
                          ------------
Total (root+branch&cut) =  103.87 sec. (185875.14 ticks)

