Version identifier: 22.1.0.0 | 2022-03-09 | 1a383f8ce
CPXPARAM_Preprocessing_Reduce                    0
CPXPARAM_Threads                                 1
CPXPARAM_Preprocessing_Reformulations            0
CPXPARAM_Emphasis_MIP                            2
CPXPARAM_TimeLimit                               7200
CPXPARAM_MIP_Tolerances_AbsMIPGap                0.98999999999999999
CPXPARAM_MIP_Limits_TreeMemory                   20000
Legacy callback                                  BbLUID
         Disabling repeat represolve because of lazy constraint/incumbent callback.
1 of 1 MIP starts provided solutions.
MIP start 'm1' defined initial solution with objective 22167.0000.
Tried aggregator 0 times.
Reduced MIP has 21334 rows, 20672 columns, and 123122 nonzeros.
Reduced MIP has 20424 binaries, 0 generals, 0 SOSs, and 0 indicators.
Presolve time = 0.00 sec. (6.48 ticks)
Probing time = 0.01 sec. (7.86 ticks)
Clique table members: 3577.
MIP emphasis: optimality.
MIP search method: traditional branch-and-cut.
Parallel mode: none, using 1 thread.
Root relaxation solution time = 0.02 sec. (49.56 ticks)

        Nodes                                         Cuts/
   Node  Left     Objective  IInf  Best Integer    Best Bound    ItCnt     Gap         Variable B NodeID Parent  Depth

*     0+    0                        22167.0000        0.0000           100.00%
      0     0    17905.4786   520    22167.0000    17905.4786      860   19.22%
      0     0    21060.9303   529    22167.0000     Cuts: 152     1358    4.99%
      0     0    21474.0482   505    22167.0000      Cuts: 55     1572    3.13%
      0     0    21669.5077   494    22167.0000      Cuts: 16     1763    2.24%
      0     0    21769.0200   509    22167.0000      Cuts: 11     1922    1.80%
      0     0    21833.1667   510    22167.0000      Cuts: 99     2063    1.51%
      0     0    21866.4167   521    22167.0000      Cuts: 18     2168    1.36%
      0     0    21886.0000   535    22167.0000      Cuts: 16     2233    1.27%
      0     0    21889.7617   524    22167.0000       Cuts: 2     2307    1.25%
      0     0    21896.0000   520    22167.0000      Cuts: 54     2365    1.22%
      0     0    21896.0000   524    22167.0000   ZeroHalf: 1     2375    1.22%
      0     2    21896.0000   314    22167.0000    21896.0000     2375    1.22%                        0             0
Elapsed time = 3.53 sec. (7660.45 ticks, tree = 0.01 MB, solutions = 1)
      1     3    21896.0000   439    22167.0000    21896.0000     2416    1.22%  x(c66_2_c16_2) D      1      0      1
      2     4    21936.7500   515    22167.0000    21896.0000     3153    1.22%  x(c66_2_c16_2) N      2      0      1
      3     5    21937.6250   516    22167.0000    21896.0000     3186    1.22%     x(Op_c18_2) D      3      2      2
      4     6    21941.0833   517    22167.0000    21896.0000     3218    1.22%  x(c83_2_c90_2) N      4      3      3
      5     7    21951.2500   397    22167.0000    21896.0000     3351    1.22%  x(c83_2_c90_2) U      5      3      3
      6     8    21953.7500   348    22167.0000    21896.0000     3479    1.22%  x(c90_2_c65_2) N      6      5      4
      7     9    21953.7500   346    22167.0000    21896.0000     3487    1.22%  x(c31_3_c98_3) D      7      6      5
      8    10    21955.7500   352    22167.0000    21896.0000     3599    1.22%  x(c98_3_c31_3) N      8      7      6
     10    12    21959.7500   351    22167.0000    21896.0000     3614    1.22%  x(c98_3_c95_3) D     10      9      8
     14    16    22003.5000   307    22167.0000    21896.0000     4167    1.22%  x(c81_1_c48_1) N     14     12     11
Elapsed time = 10.74 sec. (19666.30 ticks, tree = 0.64 MB, solutions = 1)
     18    20    21993.0000   347    22167.0000    21896.0000     4327    1.22%   x(c5_3_c81_3) N     18     17     15
     19    21    21993.0000   273    22167.0000    21896.0000     4557    1.22%   x(c22_3_c5_3) D     19     18     16
     20    22    21993.0187   470    22167.0000    21896.0000     4855    1.22%   x(c22_3_c5_3) N     20     18     16
     28    30    22010.9167   355    22167.0000    21896.0000     5082    1.22%   x(c26_3_c4_3) N     28     27     24
     32    34    22009.5099   477    22167.0000    21896.0000     5196    1.22%   x(c30_3_c5_3) D     32     31     27
     40    42    22075.2500   324    22167.0000    21896.0000     5600    1.22%  x(c88_3_c98_3) N     40     38     34
     50    52    22022.5000   356    22167.0000    21896.0000     5922    1.22%   x(c5_3_c41_3) D     50     49     43
     61    63    22044.0000   320    22167.0000    21896.0000     6266    1.22%  x(c22_3_c81_3) D     61     60     53
     67    69    22052.5000   322    22167.0000    21896.0000     6466    1.22%  x(c22_3_c48_3) N     67     66     58
     72    74    22056.0000   347    22167.0000    21896.0000     6760    1.22%  x(c94_3_c59_3) N     72     71     62
Elapsed time = 18.62 sec. (34362.95 ticks, tree = 1.39 MB, solutions = 1)
     81    81    22099.8333   339    22167.0000    21896.0000     7375    1.22%  x(c88_3_c58_3) U     81     79     69
     88    87    22087.6000   336    22167.0000    21896.0000     8314    1.22%  x(c87_3_c15_3) N     88     86     75
     95    94    22096.8502   435    22167.0000    21896.0000     8718    1.22%  x(c26_3_c75_3) D     95     94     81
    101    98    22100.6835   523    22167.0000    21896.0000     9254    1.22%  x(c74_3_c12_3) N    101    100     87
    109   106    22103.1836   525    22167.0000    21896.0000     9899    1.22%  x(c71_3_c60_3) D    109    108     95
    115   108    22103.2295   510    22167.0000    21896.0000    10320    1.22%  x(c60_2_c71_2) D    115    114     99
    119   112    22115.2450   488    22167.0000    21896.0000    10623    1.22%  x(c84_2_c23_2) N    119    117    102
    126   119    22103.3032   431    22167.0000    21896.0000    10947    1.22%  x(c86_3_c21_3) N    126    125    108
    134   126    22117.4047   377    22167.0000    21896.0000    11299    1.22%   x(c3_2_c20_2) U    134    133    115
    143   134    22117.6078   386    22167.0000    21896.0000    11465    1.22%   x(c7_2_c43_2) D    143    142    123
Elapsed time = 24.77 sec. (45374.72 ticks, tree = 2.34 MB, solutions = 1)
    152   142    22117.7739   379    22167.0000    21896.0000    11837    1.22%  x(c99_2_c79_2) N    152    150    131
    161   148    22118.0246   375    22167.0000    21896.0000    12440    1.22%  x(c42_2_c25_2) D    161    160    138
    174   156    22118.4360   349    22167.0000    21896.0000    12552    1.22%  x(c76_2_c93_2) D    174    173    150
    180   159    22119.2312   293    22167.0000    21896.0000    12636    1.22%   x(c99_2_c6_2) D    180    179    156
    190   162    21896.0000   406    22167.0000    21896.0000    12945    1.22%  x(c22_2_c61_2) U    190      1      2
    200   172    21978.0000   380    22167.0000    21896.0000    13447    1.22%  x(c90_2_c69_2) D    200    199      9
    213   185    22114.7500   401    22167.0000    21896.0000    14055    1.22%  x(c90_2_c60_2) U    213    211     20
    223   195    22063.7500   377    22167.0000    21896.0000    14521    1.22%  x(c66_2_c59_2) N    223    222     29
    230   200    22161.7500   331    22167.0000    21896.0000    15258    1.22%  x(c60_2_c18_2) D    230    229     35
    255   220    21940.2500   360    22167.0000    21911.2500    16237    1.15%   x(c5_3_c81_3) U    255    247      8
Elapsed time = 30.22 sec. (55487.24 ticks, tree = 3.19 MB, solutions = 1)
    268   233    21934.2500   380    22167.0000    21920.2500    17318    1.11%  x(c80_2_c91_2) N    268    241      5
    282   247    21927.7500   351    22167.0000    21924.2500    18336    1.10%  x(c16_2_c94_2) D    282    271     14
    293   258    21971.7500   324    22167.0000    21926.2500    19684    1.09%  x(c98_3_c31_3) U    293    280     11
    323   288    21960.2511   463    22167.0000    21933.2500    21371    1.05%  x(c48_1_c81_1) U    323    302      8
    345   310    21937.2500   335    22167.0000    21935.7500    22440    1.04%  x(c16_2_c94_2) D    345    344     13
    359   324    21970.2500   327    22167.0000    21937.7500    24129    1.03%  x(c66_2_c59_2) U    359    320     12
    378   343    21942.2500   364    22167.0000    21939.2500    25485    1.03%  x(c91_2_c80_2) D    378    328     15
    399   364    21972.7570   373    22167.0000    21940.2500    27992    1.02%   x(c5_3_c81_3) U    399    315     14
    420   385    21961.2500   403    22167.0000    21942.7500    29656    1.01%     x(c18_2_Om) U    420      4      4
    440   405    21947.2500   386    22167.0000    21943.7500    31241    1.01%  x(c37_2_c28_2) U    440    439     17
Elapsed time = 36.33 sec. (65947.25 ticks, tree = 5.10 MB, solutions = 1)
    460   425    21950.1500   406    22167.0000    21946.2500    32632    1.00%  x(c71_2_c60_2) D    460    418     18
    474   439    22012.0000   420    22167.0000    21947.2500    34397    0.99%  x(c91_2_c80_2) U    474    346     15
    497   462    21971.7500   360    22167.0000    21948.2500    36503    0.99%  x(c80_2_c30_2) U    497    489     19
    516   481    21953.0000   450    22167.0000    21948.7500    38128    0.98%  x(c59_2_c94_2) D    516    515     18
    538   503    21965.2500   355    22167.0000    21950.2500    40352    0.98%  x(c60_2_c71_2) U    538    432     19
    560   525    21951.7595   408    22167.0000    21951.0000    41977    0.97%  x(c80_2_c91_2) D    560    468     14
    579   544    21982.0017   405    22167.0000    21952.2500    44010    0.97%  x(c48_1_c81_1) U    579    263      6
    597   562    22024.8214   479    22167.0000    21953.4167    46347    0.96%  x(c71_2_c60_2) U    597    536     20
    611   576    22071.4167   426    22167.0000    21954.2500    47758    0.96%   x(c7_2_c22_2) N    611    609     22
    640   605    21968.2500   348    22167.0000    21954.7500    50246    0.96%  x(c71_2_c60_2) U    640    636     21
Elapsed time = 42.31 sec. (75927.09 ticks, tree = 7.65 MB, solutions = 1)
    666   631    22048.2500   381    22167.0000    21955.2500    52663    0.96%  x(c91_2_c83_2) U    666    664     26
    684   649    21999.2500   334    22167.0000    21955.7500    54869    0.95%  x(c98_3_c31_3) U    684      7      6
    697   662    22002.2500   366    22167.0000    21956.2500    56931    0.95%  x(c90_2_c69_2) U    697    382     11
    713   678    22023.4167   461    22167.0000    21956.7500    59293    0.95%  x(c91_2_c80_2) U    713    573      8
    739   704    21964.2508   364    22167.0000    21957.5000    61755    0.95%  x(c22_3_c61_3) U    739    737     17
    764   729    22036.7500   471    22167.0000    21958.2500    63812    0.94%  x(c71_2_c60_2) U    764    762     25
    779   744    21981.7614   329    22167.0000    21958.7500    66067    0.94%  x(c80_2_c30_2) U    779    443      9
    800   765    22049.7500   424    22167.0000    21959.0014    68248    0.94%  x(c80_2_c91_2) U    800    486      7
    825   790    21980.7500   357    22167.0000    21959.7500    70848    0.93%  x(c80_2_c30_2) U    825    542     17
    849   814    22004.2500   363    22167.0000    21960.2511    72883    0.93%  x(c90_2_c80_2) U    849    847     23
Elapsed time = 48.39 sec. (86003.32 ticks, tree = 10.11 MB, solutions = 1)
    864   829    22029.2500   426    22167.0000    21960.5833    74635    0.93%  x(c91_2_c80_2) U    864    862     19
    880   845    22027.7500   342    22167.0000    21960.7500    75592    0.93%  x(c59_3_c98_3) U    880     10      9
    903   868    21982.7500   352    22167.0000    21961.7500    77897    0.93%  x(c80_2_c30_2) U    903    361     17
    929   894    22059.2500   384    22167.0000    21962.0833    80809    0.92%  x(c80_2_c91_2) N    929    771     20
    949   914    21966.2500   307    22167.0000    21962.7500    82648    0.92%  x(c90_2_c65_2) D    949    947     21
    966   931    22007.7500   426    22167.0000    21962.7582    84908    0.92%  x(c18_2_c71_2) U    966    964      8
    990   955    21979.2500   397    22167.0000    21963.2500    87304    0.92%  x(c83_2_c65_2) N    990    420      5
   1000   965    21965.7500   327    22167.0000    21963.7500    88127    0.92%  x(c98_3_c31_3) D   1000    999     27
   1021   986    22060.7500   323    22167.0000    21964.2500    90535    0.91%  x(c91_2_c80_2) U   1021    690     15
   1042  1007    22034.3929   344    22167.0000    21964.7500    92898    0.91%  x(c71_2_c60_2) U   1042    759     19
Elapsed time = 56.19 sec. (99477.59 ticks, tree = 13.07 MB, solutions = 1)
   1056  1021    22017.2500   350    22167.0000    21965.2500    95783    0.91%  x(c90_2_c69_2) U   1056    538     20
   1076  1041    22045.2500   447    22167.0000    21965.7500    98035    0.91%  x(c91_2_c80_2) U   1076    790     18
   1095  1060    22091.5000   360    22167.0000    21966.0000   100713    0.91%  x(c48_2_c91_2) U   1095   1093     23
   1111  1076    22081.7500   353    22167.0000    21966.2500   102823    0.91%  x(c83_2_c91_2) U   1111    817     24
   1136  1101    22029.2500   333    22167.0000    21966.7500   105118    0.90%  x(c60_2_c71_2) D   1136   1135     19
   1152  1117    21968.5300   377    22167.0000    21967.2500   107736    0.90%  x(c71_2_c18_2) D   1152    934     24
   1173  1138    22007.2500   383    22167.0000    21967.7500   109980    0.90%   x(c7_2_c22_2) U   1173    717     12
   1201  1166    21971.7500   357    22167.0000    21968.2500   112509    0.90%  x(c76_2_c58_2) D   1201   1067     15
   1221  1186    21977.9167   308    22167.0000    21968.6884   114984    0.89%  x(c90_2_c69_2) D   1221    562     16
   1242  1207    22089.2500   504    22167.0000    21969.2500   117359    0.89%  x(c65_2_c83_2) N   1242   1068     12
Elapsed time = 62.68 sec. (109450.74 ticks, tree = 14.81 MB, solutions = 1)
   1269  1234    22053.2500   327    22167.0000    21969.7500   119316    0.89%  x(c98_3_c59_3) U   1269   1267     31
   1281  1246    22028.7500   414    22167.0000    21969.7537   121071    0.89%  x(c69_2_c18_2) U   1281   1279     18
   1300  1265    22002.2521   378    22167.0000    21970.5000   123267    0.89%  x(c22_3_c30_3) U   1300    590      5
   1325  1290    22027.7500   314    22167.0000    21971.0833   125691    0.88%  x(c17_3_c20_3) N   1325   1323     20
   1352  1317    21985.2500   353    22167.0000    21971.4722   128025    0.88%  x(c94_2_c16_2) U   1352   1350     24
   1367  1332    22013.2500   357    22167.0000    21971.7500   129458    0.88%  x(c90_2_c80_2) U   1367    961     22
   1381  1344    22063.7500   352    22167.0000    21972.0000   131962    0.88%  x(c91_2_c83_2) U   1381    266      9
   1404  1367    22023.3500   442    22167.0000    21972.7500   134469    0.88%  x(c90_2_c69_2) U   1404    634     21
   1431  1394    22090.7500   401    22167.0000    21973.0000   137076    0.88%  x(c83_2_c91_2) U   1431   1429     20
   1497  1460    21995.7648   421    22167.0000    21974.2500   144715    0.87%   x(c81_3_c5_3) D   1497   1496     23
Elapsed time = 70.72 sec. (122432.16 ticks, tree = 18.23 MB, solutions = 1)
   1573  1536    22002.2500   357    22167.0000    21975.2500   153468    0.87%  x(c90_2_c65_2) U   1573   1572     18
   1635  1598    22018.2500   350    22167.0000    21976.2500   160901    0.86%  x(c90_2_c80_2) U   1635   1122     19
   1713  1668    21988.2500   266    22167.0000    21977.2500   169709    0.86%  x(c71_2_c60_2) U   1713   1418     22
   1786  1741    21979.7500   252    22167.0000    21978.2500   178608    0.85%  x(c83_2_c91_2) D   1786   1527     19
   1858  1811    22069.7500   332    22167.0000    21978.7500   186434    0.85%  x(c31_3_c98_3) D   1858   1856     32
   1953  1896    22036.7500   411    22167.0000    21979.7500   193411    0.84%  x(c76_2_c58_2) U   1953    686     17
   2033  1976    21991.5192   409    22167.0000    21980.7500   202494    0.84%  x(c37_2_c28_2) D   2033    671     23
   2120  2063    22067.6808   300    22167.0000    21981.2500   209214    0.84%    x(c4_3_c3_3) N   2120   2118     49
   2200  2137    22096.6071   349    22167.0000    21982.2500   217247    0.83%  x(c83_2_c91_2) U   2200   2198     24
   2293  2229    21984.3500   409    22167.0000    21983.2500   225116    0.83%  x(c83_2_c91_2) D   2293   2292     27
Elapsed time = 93.58 sec. (161404.78 ticks, tree = 25.62 MB, solutions = 1)
   2378  2309    22065.0000   307    22167.0000    21984.1481   233936    0.82%  x(c22_3_c81_3) U   2378   1630     20
   2450  2381    22008.7500   393    22167.0000    21984.7500   243111    0.82%  x(c90_2_c65_2) U   2450   1673     16
   2582  2503    22045.0000   341    22167.0000    21985.2500   250525    0.82%   x(c6_2_c27_2) D   2582   2581     39
   2684  2598    21997.7500   355    22167.0000    21986.2500   258556    0.82%  x(c83_2_c48_2) D   2684    902     16
   2780  2684    22051.2558   335    22167.0000    21987.2500   267740    0.81%   x(c81_3_c5_3) U   2780   1438     25
   2861  2764    22040.0000   246    22167.0000    21988.2500   277059    0.81%  x(c81_1_c48_1) D   2861   2860     26
   2938  2831    22147.5106   302    22167.0000    21988.2500   281415    0.81%  x(c88_2_c84_2) U   2938   2936     90
*  3000+ 2872                        22155.0000    21988.7500             0.75%
   3000  2874    21999.0000   377    22155.0000    21988.7500   286591    0.75%  x(c83_2_c80_2) D   3000   1906     27
   3115  2977    22001.7500   347    22155.0000    21989.2500   295113    0.75%  x(c91_2_c80_2) D   3115   1741     15
   3214  3070    22027.7500   365    22155.0000    21989.8260   304441    0.75%  x(c80_3_c65_3) U   3214    734     19
Elapsed time = 116.65 sec. (200225.84 ticks, tree = 34.86 MB, solutions = 2)
   3315  3165    21996.2500   368    22155.0000    21990.5000   313615    0.74%  x(c90_2_c80_2) D   3315   2735     24
   3405  3247    22036.4167   377    22155.0000    21991.0000   323026    0.74%  x(c60_2_c62_2) U   3405    326     17
   3517  3348    22055.7591   339    22155.0000    21991.7500   331774    0.74%  x(c83_2_c80_2) U   3517   1729     14
   3632  3452    22116.7500   290    22155.0000    21991.9167   339881    0.74%  x(c65_2_c83_2) U   3632   1519     21
   3729  3545    22020.0000   358    22155.0000    21992.5000   349234    0.73%  x(c81_1_c48_1) U   3729   2307     16
   3849  3657    22076.0159   297    22155.0000    21993.0500   357929    0.73%  x(c31_3_c98_3) U   3849   2311     32
   3951  3747    22003.3750   336    22155.0000    21993.7500   366641    0.73%  x(c69_3_c15_3) D   3951     20     17
*  4000+ 3443                        22108.0000    21993.7500             0.52%
   4000  3442    22108.0000     0    22108.0000    21993.7500   372516    0.52%   x(c64_3_c3_3) D   4000   3999     31
   4116  3542    22022.0032   363    22108.0000    21994.5000   382381    0.51%  x(c81_1_c48_1) U   4116   2532     24
   4214  3628    22033.7500   354    22108.0000    21995.2500   391484    0.51%  x(c80_2_c90_2) U   4214    882     16
Elapsed time = 155.29 sec. (270566.67 ticks, tree = 39.87 MB, solutions = 3)
   4329  3724    21998.0000   397    22108.0000    21995.7500   400288    0.51%  x(c76_2_c58_2) U   4329   1240      7
   4429  3822    22049.2500   245    22108.0000    21996.7500   409308    0.50%  x(c20_2_c27_2) U   4429   3857     23
   4548  3922    22048.2000   274    22108.0000    21997.2500   419280    0.50%  x(c95_3_c98_3) D   4548   4547     42
   4660  4012    22103.2500   369    22108.0000    21997.9038   428885    0.50%   x(c22_2_c7_2) U   4660   4335     25
   4737  4089    22063.0000   349    22108.0000    21998.5000   437177    0.50%  x(c98_3_c95_3) U   4737   4735     28
   4825  4153    22026.5000   333    22108.0000    21999.0000   446597    0.49%  x(c81_1_c48_1) U   4825   3545     26
   4947  4266    21999.5000   189    22108.0000    21999.5000   455751    0.49%  x(c59_3_c98_3) D   4947   4239     25
   5056  4361    22094.0000   380    22108.0000    22000.0000   465256    0.49%  x(c60_2_c71_2) U   5056   5054     26
   5163  4451    22005.7500   479    22108.0000    22000.5008   474443    0.49%   x(c7_2_c22_2) D   5163   5162     12
   5277  4557    22046.5039   286    22108.0000    22001.0039   483336    0.48%  x(c98_3_c31_3) U   5277   3620     12
Elapsed time = 177.81 sec. (308962.51 ticks, tree = 49.14 MB, solutions = 3)
   5384  4653    22064.5000   379    22108.0000    22001.5304   492194    0.48%  x(c71_2_c18_2) U   5384   2313     16
   5527  4771    22086.5000   325    22108.0000    22002.0000   501209    0.48%  x(c58_3_c88_3) D   5527   5526     54
   5623  4854    22002.5000   288    22108.0000    22002.5000   509665    0.48%  x(c98_3_c31_3) D   5623   4561     21
   5760  4985    22074.7000   375    22108.0000    22003.0000   519484    0.47%  x(c93_2_c59_2) U   5760   5757     47
   5848  5064    22063.7500   282    22108.0000    22003.4682   528973    0.47%  x(c31_3_c45_3) U   5848   5846     21
   5918  5127    22101.2500   393    22108.0000    22003.7500   538537    0.47%  x(c91_2_c83_2) U   5918   2843     21
   6000  5199    22092.7612   239    22108.0000    22003.7500   542348    0.47%  x(c31_2_c98_2) D   6000   5998     79
   6099  5290    22085.5026   356    22108.0000    22004.0474   553073    0.47%  x(c98_3_c59_3) U   6099   5083     22
   6202  5380    22009.5000   383    22108.0000    22004.5000   563408    0.47%  x(c81_1_c48_1) D   6202   4217     27
   6332  5491    22036.5241   516    22108.0000    22005.0000   573354    0.47%  x(c23_3_c31_3) U   6332   5847     22
Elapsed time = 206.66 sec. (357461.92 ticks, tree = 58.67 MB, solutions = 3)
   6443  5590    22051.5021   233    22108.0000    22005.5000   582836    0.46%  x(c95_3_c94_3) U   6443   3837     34
   6550  5686    22018.2500   375    22108.0000    22005.7500   592445    0.46%  x(c90_2_c80_2) D   6550   4146     25
   6690  5807    22021.0060   349    22108.0000    22006.0141   603423    0.46%  x(c60_2_c69_2) U   6690   4187     28
   6785  5890    22040.7500   340    22108.0000    22006.5000   613711    0.46%  x(c90_2_c80_2) U   6785   5273     20
   6886  5975    22075.0038   282    22108.0000    22007.0039   623931    0.46%  x(c98_3_c59_3) U   6886   5783     16
   6990  6069    22030.5000   396    22108.0000    22007.5000   633744    0.45%  x(c18_2_c69_2) D   6990   6989     35
   7120  6171    22035.5000   283    22108.0000    22008.0000   644510    0.45%  x(c81_1_c48_1) U   7120   3663     24
   7232  6261    22048.5000   268    22108.0000    22008.5000   653970    0.45%  x(c88_3_c58_3) U   7232   5086     36
   7336  6350    22104.8497   319    22108.0000    22008.7500   664633    0.45%  x(c76_2_c58_2) U   7336   7334     37
   7448  6445    22033.5000   363    22108.0000    22009.0000   672685    0.45%  x(c90_2_c64_2) D   7448   7447     26
Elapsed time = 230.58 sec. (395911.34 ticks, tree = 68.37 MB, solutions = 3)
   7535  6524    22034.7698   348    22108.0000    22009.2727   683302    0.45%  x(c90_2_c48_2) U   7535   1526     14
   7642  6625    22048.2500   330    22108.0000    22009.7500   693649    0.44%  x(c90_2_c80_2) U   7642   3861     20
   7781  6742    22095.2532   353    22108.0000    22010.0000   703331    0.44%  x(c20_2_c27_2) D   7781   7780     57
   7900  6839    22078.5000   363    22108.0000    22010.5000   713356    0.44%  x(c59_3_c98_3) U   7900   6782     30
*  8000+ 4341                        22055.0000    22011.0000             0.20%
   8000  4341    22055.0000     0    22055.0000    22011.0000   721874    0.20%  x(c88_3_c98_3) U   8000   6965     35
   8150  4388        cutoff          22055.0000    22011.5000   730263    0.20%  x(c59_3_c98_3) U   8150   6620     35
   8316  4457    22049.6667   315    22055.0000    22012.0000   738780    0.19%  x(c71_2_c18_2) D   8316   8315     34
   8487  4508        cutoff          22055.0000    22012.5000   747769    0.19%   x(c81_3_c5_3) U   8487   5711     29
   8635  4550    22040.5000   317    22055.0000    22013.0000   757087    0.19%  x(c81_1_c48_1) U   8635   4608     19
   8800  4607    22013.5603   274    22055.0000    22013.5000   766347    0.19%  x(c94_3_c59_3) D   8800   8799     36
Elapsed time = 269.30 sec. (458890.12 ticks, tree = 48.35 MB, solutions = 4)
   8969  4724    22013.5206   217    22055.0000    22013.5012   770335    0.19%  x(c56_3_c50_3) D   8969   8968    105
   9104  4812        cutoff          22055.0000    22013.6250   775758    0.19%  x(c88_3_c58_3) U   9104   8889     27
   9206  4854    22038.8011   259    22055.0000    22013.8744   783630    0.19%  x(c43_3_c42_3) N   9206   9072     74
   9347  4880    22027.5051   151    22055.0000    22014.0338   791744    0.19%  x(c59_2_c93_2) U   9347   8917     54
   9468  4911    22019.3333   367    22055.0000    22014.3333   799098    0.18%  x(c81_1_c48_1) D   9468   7386     27
   9636  4973    22014.5561   208    22055.0000    22014.5545   807648    0.18%  x(c16_2_c66_2) U   9636   9635     80
   9745  5034        cutoff          22055.0000    22014.7500   813520    0.18%  x(c52_3_c44_3) U   9745   8639     32
   9871  5047    22030.0000   340    22055.0000    22015.0000   822240    0.18%  x(c68_2_c65_2) D   9871   7570     27
   9970  5073        cutoff          22055.0000    22015.2500   828942    0.18%  x(c58_3_c59_3) U   9970   9630     75
  10132  5126    22040.0546   254    22055.0000    22015.5000   837626    0.18%  x(c69_3_c15_3) D  10132  10131     25
Elapsed time = 291.67 sec. (497506.50 ticks, tree = 53.30 MB, solutions = 4)
* 10200+ 3950                        22042.0000    22015.5021             0.12%
  10250  3982    22015.5332   137    22042.0000    22015.5119   840536    0.12%   x(c81_1_c5_1) D  10250  10249     55
  10322  4035    22038.5399   135    22042.0000    22015.5374   843543    0.12%  x(c70_2_c73_2) N  10322  10261     67
  10446  4078    22036.5000   380    22042.0000    22015.7500   849425    0.12%  x(c80_2_c90_2) D  10446   3160     14
  10583  4070    22026.2500   384    22042.0000    22016.0000   856535    0.12%  x(c81_1_c90_1) D  10583   2692      9
  10759  4080        cutoff          22042.0000    22016.2500   862707    0.12%  x(c32_2_c12_2) U  10759   7197     17
  10924  4125    22016.7500   332    22042.0000    22016.5366   870597    0.12%  x(c91_2_c83_2) D  10924   7282     20
  11082  4166        cutoff          22042.0000    22016.8977   877403    0.11%  x(c80_2_c30_2) U  11082   8210     23
  11248  4166        cutoff          22042.0000    22017.2500   885134    0.11%  x(c68_2_c65_2) U  11248  11246     20
  11375  4225    22023.9500   373    22042.0000    22017.4545   890431    0.11%  x(c65_2_c48_2) U  11375  11373     20
  11553  4284    22038.6001   384    22042.0000    22017.5555   895773    0.11%  x(c14_3_c85_3) N  11553  11315     92
Elapsed time = 312.84 sec. (536066.60 ticks, tree = 44.59 MB, solutions = 5)
  11671  4305    22023.7500   377    22042.0000    22017.7500   902801    0.11%  x(c83_2_c80_2) D  11671  11669     20
  11793  4299        cutoff          22042.0000    22018.0000   908958    0.11%  x(c76_3_c98_3) U  11793  11792     36
  11947  4316    22038.3523   174    22042.0000    22018.0398   915925    0.11%  x(c16_2_c94_2) U  11947  11295     72
  12082  4318        cutoff          22042.0000    22018.4167   922563    0.11%  x(c32_2_c12_2) U  12082   7818     21
  12302  4420    22032.5382   137    22042.0000    22018.5381   928470    0.11%  x(c59_2_c93_2) U  12302  12280     65
  12406  4421        cutoff          22042.0000    22018.7500   934749    0.11%  x(c83_2_c48_2) U  12406   3428     20
  12554  4419    22026.0000   355    22042.0000    22019.0000   941729    0.10%  x(c33_2_c20_2) D  12554  12552     35
  12703  4417    22019.2971   153    22042.0000    22019.2971   947603    0.10%  x(c69_3_c13_3) D  12703  12472    104
  12897  4475    infeasible          22042.0000    22019.5228   953060    0.10%  x(c98_3_c88_3) D  12897  12896    112
  13044  4469    22019.7500   331    22042.0000    22019.7591   958562    0.10%  x(c80_2_c90_2) D  13044  13043     14
Elapsed time = 334.50 sec. (574427.23 ticks, tree = 46.48 MB, solutions = 5)
  13198  4469    22031.0000   374    22042.0000    22020.0000   964806    0.10%  x(c90_2_c65_2) N  13198   9301     30
  13318  4455    22034.2500   404    22042.0000    22020.2500   971386    0.10%  x(c32_2_c12_2) D  13318   7941     22
  13499  4453        cutoff          22042.0000    22020.5342   977856    0.10%  x(c98_3_c88_3) U  13499  12853     27
  13657  4482        cutoff          22042.0000    22020.7500   984512    0.10%  x(c83_2_c80_2) D  13657  13656     13
  13812  4499        cutoff          22042.0000    22021.0000   990782    0.10%  x(c16_2_c98_2) U  13812  13811     27
  13970  4526    22033.2642   352    22042.0000    22021.2305   996835    0.09%  x(c94_3_c16_3) N  13970   1621     25
  14126  4539        cutoff          22042.0000    22021.5000  1002788    0.09%  x(c76_3_c98_3) U  14126  14124     35
  14309  4583    22022.1605   213    22042.0000    22021.5886  1007574    0.09%  x(c16_1_c52_1) N  14309  14308     81
  14447  4601        cutoff          22042.0000    22021.7500  1012210    0.09%  x(c83_2_c48_2) U  14447   2820     20
  14620  4591        cutoff          22042.0000    22022.0090  1018783    0.09%  x(c57_3_c99_3) U  14620  10400     60
Elapsed time = 354.39 sec. (612742.93 ticks, tree = 47.76 MB, solutions = 5)
  14757  4588        cutoff          22042.0000    22022.2500  1024872    0.09%  x(c32_2_c12_2) U  14757   2975     14
  14924  4593    22040.5114   117    22042.0000    22022.5141  1030526    0.09%   x(c3_2_c20_2) D  14924  14914     51
  15099  4644        cutoff          22042.0000    22022.7500  1036614    0.09%  x(c30_2_c61_2) U  15099  15097     11
  15259  4628    22023.0000   353    22042.0000    22023.0000  1042644    0.09%  x(c69_3_c15_3) D  15259  15258     30
  15417  4637    22024.2500   365    22042.0000    22023.2500  1049190    0.09%  x(c90_2_c64_2) D  15417   4987     26
  15613  4625    22026.5097    98    22042.0000    22023.5060  1056283    0.08%   x(c94_2_c6_2) U  15613  10494     88
  15773  4686    22037.5385   137    22042.0000    22023.6579  1062199    0.08%  x(c46_2_c92_2) U  15773  14959     64
  15911  4692    22023.9486   274    22042.0000    22023.7904  1068670    0.08%  x(c80_2_c83_2) D  15911  15909     69
  16078  4702        cutoff          22042.0000    22024.0032  1075329    0.08%  x(c90_1_c81_1) U  16078   2695     24
  16243  4687        cutoff          22042.0000    22024.4645  1081295    0.08%  x(c68_2_c65_2) U  16243   7910     18
Elapsed time = 374.03 sec. (651222.96 ticks, tree = 48.59 MB, solutions = 5)
  16432  4720    22029.5350   258    22042.0000    22024.5340  1087460    0.08%  x(c50_2_c56_2) U  16432  16421     53
  16626  4731    22026.6002   381    22042.0000    22024.8252  1093220    0.08%  x(c66_2_c59_2) N  16626  16451     32
  16796  4721        cutoff          22042.0000    22025.1500  1098380    0.08%  x(c66_2_c59_2) U  16796  11557     71
  16990  4712    22026.7500   353    22042.0000    22025.5000  1104389    0.07%  x(c83_2_c91_2) D  16990   7995     11
  17190  4752        cutoff          22042.0000    22025.5520  1109897    0.07%  x(c32_2_c12_2) D  17190   6829     12
  17352  4801        cutoff          22042.0000    22025.7500  1115110    0.07%  x(c98_3_c59_3) D  17352  17350     20
  17528  4789    infeasible          22042.0000    22026.0000  1121632    0.07%  x(c58_3_c88_3) N  17528  17527     28
  17708  4775        cutoff          22042.0000    22026.2102  1127450    0.07%  x(c65_2_c83_2) U  17708  13206     23
  17876  4746    22026.5389   266    22042.0000    22026.5000  1133162    0.07%  x(c88_3_c58_3) N  17876  16681     46
  18052  4788    22026.5170   203    22042.0000    22026.5034  1139183    0.07%  x(c81_1_c30_1) D  18052  18051     41
Elapsed time = 393.14 sec. (689607.48 ticks, tree = 49.63 MB, solutions = 5)
  18195  4854    22026.6982   309    22042.0000    22026.5793  1145425    0.07%  x(c88_3_c58_3) D  18195  18194     54
  18363  4887    22030.5000   202    22042.0000    22026.7500  1151073    0.07%  x(c98_3_c76_3) U  18363  15228     40
  18564  4868        cutoff          22042.0000    22027.0000  1156315    0.07%  x(c22_3_c81_3) U  18564   7425     43
  18743  4869        cutoff          22042.0000    22027.0609  1162094    0.07%  x(c90_2_c69_2) U  18743  12823     24
  18915  4828        cutoff          22042.0000    22027.3607  1167845    0.07%  x(c44_3_c52_3) U  18915  17148     47
  19108  4814    22027.5059   184    22042.0000    22027.5051  1173980    0.07%  x(c44_3_c23_3) D  19108  19107     67
  19268  4884    22034.5181   388    22042.0000    22027.5929  1179559    0.07%  x(c69_3_c60_3) D  19268  19174     83
  19496  4892    22027.8099   131    22042.0000    22027.7941  1184499    0.06%   x(c7_2_c43_2) D  19496  19495     93
  19673  4867    22040.0000   283    22042.0000    22028.0000  1190556    0.06%  x(c69_3_c60_3) U  19673  19672     16
  19830  4847        cutoff          22042.0000    22028.2500  1196746    0.06%     x(Op_c18_2) U  19830   5196     13
Elapsed time = 412.10 sec. (728114.16 ticks, tree = 50.25 MB, solutions = 5)
  19989  4835    22033.5000   340    22042.0000    22028.5000  1202618    0.06%   x(c81_3_c5_3) D  19989   5263     29
  20200  4853    22028.5347   131    22042.0000    22028.5210  1208075    0.06%  x(c52_1_c16_1) D  20200  20199     42
  20369  4869        cutoff          22042.0000    22028.6851  1212716    0.06%  x(c56_2_c37_2) U  20369  18091     94
  20571  4905        cutoff          22042.0000    22028.8175  1217641    0.06%   x(c7_2_c43_2) U  20571  20564     95
* 20669  2188      integral     0    22034.0000    22029.0000  1221378    0.02%
  20740  2152    22029.0000   333    22034.0000    22029.0000  1222449    0.02%  x(c69_3_c15_3) N  20740  11926     27
  20947  2028    22030.7500   374    22034.0000    22029.2500  1225241    0.02%  x(c27_2_c56_2) N  20947  20484     27
  21179  1902    22029.5139   251    22034.0000    22029.5017  1228954    0.02%  x(c71_2_c18_2) D  21179  21178     25
  21367  1858    22029.6667   363    22034.0000    22029.6667  1232917    0.02%  x(c76_2_c58_2) N  21367  19773     38
  21607  1712        cutoff          22034.0000    22030.0000  1235547    0.02%  x(c95_3_c98_3) U  21607  20686     26
  21843  1601    22030.1944   447    22034.0000    22030.1944  1238926    0.02%  x(c68_2_c90_2) D  21843    485     21
Elapsed time = 429.27 sec. (766349.93 ticks, tree = 16.63 MB, solutions = 6)
  22076  1453    22030.5000   339    22034.0000    22030.5000  1242252    0.02%  x(c76_3_c98_3) N  22076  20005     25
  22292  1331        cutoff          22034.0000    22030.7017  1245174    0.01%  x(c81_1_c22_1) U  22292  16640     93
  22520  1189    22031.0000   322    22034.0000    22031.0000  1247677    0.01%  x(c59_3_c98_3) N  22520  18562     27
  22747  1043        cutoff          22034.0000    22031.2500  1250350    0.01%  x(c71_2_c18_2) U  22747   1008     11
  22993   910    22031.5069   362    22034.0000    22031.5069  1253003    0.01%  x(c31_3_c98_3) N  22993   6098     23
  23183   834        cutoff          22034.0000    22031.7226  1255529    0.01%  x(c31_2_c23_2) U  23183  23181     64

Clique cuts applied:  24
Cover cuts applied:  7
Flow cuts applied:  32
Mixed integer rounding cuts applied:  23
Zero-half cuts applied:  10
Gomory fractional cuts applied:  7
User cuts applied:  1203

Root node processing (before b&c):
  Real time             =    3.52 sec. (7640.30 ticks)
Sequential b&c:
  Real time             =  436.07 sec. (786262.66 ticks)
                          ------------
Total (root+branch&cut) =  439.59 sec. (793902.96 ticks)

