Version identifier: 22.1.0.0 | 2022-03-09 | 1a383f8ce
CPXPARAM_Preprocessing_Reduce                    0
CPXPARAM_Threads                                 1
CPXPARAM_Preprocessing_Reformulations            0
CPXPARAM_Emphasis_MIP                            2
CPXPARAM_TimeLimit                               7200
CPXPARAM_MIP_Tolerances_AbsMIPGap                0.98999999999999999
CPXPARAM_MIP_Limits_TreeMemory                   20000
Legacy callback                                  BbLUID
         Disabling repeat represolve because of lazy constraint/incumbent callback.
1 of 1 MIP starts provided solutions.
MIP start 'm1' defined initial solution with objective 54851.0000.
Tried aggregator 0 times.
Reduced MIP has 14784 rows, 14306 columns, and 84936 nonzeros.
Reduced MIP has 14100 binaries, 0 generals, 0 SOSs, and 0 indicators.
Presolve time = 0.00 sec. (4.48 ticks)
Probing time = 0.00 sec. (6.13 ticks)
Clique table members: 3135.
MIP emphasis: optimality.
MIP search method: traditional branch-and-cut.
Parallel mode: none, using 1 thread.
Root relaxation solution time = 0.01 sec. (31.77 ticks)

        Nodes                                         Cuts/
   Node  Left     Objective  IInf  Best Integer    Best Bound    ItCnt     Gap         Variable B NodeID Parent  Depth

*     0+    0                        54851.0000        0.0000           100.00%
      0     0    43602.9650   408    54851.0000    43602.9650      699   20.51%
      0     0    51685.9853   410    54851.0000     Cuts: 121     1090    5.77%
      0     0    52771.5514   428    54851.0000      Cuts: 37     1285    3.79%
      0     0    53498.0365   438    54851.0000      Cuts: 16     1482    2.47%
      0     0    53740.0047   425    54851.0000      Cuts: 11     1634    2.03%
      0     0    53902.1667   446    54851.0000      Cuts: 10     1758    1.73%
      0     0    53995.0661   430    54851.0000      Cuts: 29     1850    1.56%
      0     0    54128.5000   435    54851.0000       Cuts: 3     1897    1.32%
      0     0    54153.0000   426    54851.0000      Fract: 1     1942    1.27%
      0     0    54181.5000   429    54851.0000       Cuts: 2     1994    1.22%
      0     0    54192.7500   437    54851.0000      Cuts: 19     2048    1.20%
      0     0    54221.2500   434    54851.0000       Cuts: 3     2078    1.15%
      0     0    54265.2500   438    54851.0000       User: 2     2106    1.07%
      0     2    54265.2500   438    54851.0000    54265.2500     2106    1.07%                        0             0
Elapsed time = 3.75 sec. (8114.98 ticks, tree = 0.01 MB, solutions = 1)
      1     3    54265.2500   436    54851.0000    54266.7500     2133    1.07%   x(c67_3_c6_3) D      1      0      1
      2     4    54272.7500   438    54851.0000    54272.7500     2154    1.05%   x(c6_3_c67_3) N      2      1      2
      3     5    54423.2500   378    54851.0000    54272.7500     2910    1.05%   x(c6_3_c67_3) N      3      1      2
      4     6    54434.9167   431    54851.0000    54272.7500     2995    1.05%  x(c79_3_c65_3) D      4      3      3
      5     7    54447.5000   430    54851.0000    54272.7500     3036    1.05%  x(c65_3_c79_3) D      5      4      4
      6     8    54457.2500   388    54851.0000    54272.7500     3111    1.05%  x(c65_3_c54_3) D      6      5      5
      7     9    54488.2500   389    54851.0000    54272.7500     3575    1.05%  x(c23_3_c70_3) N      7      6      6
      8     9    54501.7500   424    54851.0000    54272.7500     3807    1.05%  x(c23_3_c70_3) N      8      6      6
     12    11    54517.8500   427    54851.0000    54272.7500     3860    1.05%  x(c23_3_c91_3) D     12     11     10
     24    20        cutoff          54851.0000    54272.7500     5238    1.05%  x(c65_3_c64_3) U     24     22     19
Elapsed time = 7.61 sec. (15300.55 ticks, tree = 0.36 MB, solutions = 1)
     37    30    54728.5154   286    54851.0000    54272.7500     5956    1.05%  x(c13_1_c79_1) N     37     35     30
     42    32    54763.1524   394    54851.0000    54272.7500     6267    1.05%  x(c57_1_c69_1) D     42     41     35
     51    37    54764.0869   287    54851.0000    54272.7500     6361    1.05%  x(c72_1_c39_1) D     51     50     44
     70    48    54351.5000   302    54851.0000    54272.7500     6841    1.05%  x(c46_3_c32_3) N     70     69     12
     83    61    54396.7500   297    54851.0000    54272.7500     7357    1.05%  x(c60_3_c77_3) D     83     82     22
     97    75    54412.8416   321    54851.0000    54272.7500     7925    1.05%  x(c89_3_c21_3) U     97     96     34
    110    87    54430.2789   313    54851.0000    54272.7500     8122    1.05%  x(c50_2_c38_2) D    110    109     46
    127   103    54530.5816   236    54851.0000    54272.7500     8396    1.05%   x(c6_1_c31_1) U    127    126     63
    138   114    54606.4453   272    54851.0000    54272.7500     8838    1.05%  x(c68_1_c80_1) N    138    136     71
    151   124    54464.4762   333    54851.0000    54272.7500     9410    1.05%  x(c65_3_c79_3) D    151    150     83
Elapsed time = 13.77 sec. (26768.57 ticks, tree = 1.30 MB, solutions = 1)
    163   134    54464.5850   315    54851.0000    54272.7500    10144    1.05%  x(c22_2_c17_2) D    163    162     94
    180   151    54464.6668   322    54851.0000    54272.7500    10296    1.05%   x(c42_2_c6_2) D    180    179    111
    196   165    54464.8219   252    54851.0000    54272.7500    10440    1.05%  x(c42_3_c67_3) D    196    195    127
    209   175    54464.9332   302    54851.0000    54272.7500    10663    1.05%  x(c65_2_c47_2) D    209    208    139
    224   190    54465.1115   311    54851.0000    54272.7500    10840    1.05%  x(c85_1_c15_1) D    224    223    154
    241   206    54465.3135   416    54851.0000    54272.7500    11017    1.05%  x(c21_2_c23_2) D    241    240    171
    260   223    54465.4782   323    54851.0000    54272.7500    11193    1.05%  x(c53_1_c15_1) D    260    259    190
    272   235    54465.5855   250    54851.0000    54272.7500    11550    1.05%  x(c93_2_c12_2) D    272    271    201
    281   243    54465.6173   280    54851.0000    54272.7500    11580    1.05%  x(c20_2_c47_2) D    281    280    210
    297   252    54794.7204   307    54851.0000    54272.7500    12092    1.05%  x(c96_2_c52_2) D    297    296    223
Elapsed time = 19.42 sec. (37463.58 ticks, tree = 2.21 MB, solutions = 1)
    324   270    54420.2500   332    54851.0000    54273.2500    12915    1.05%  x(c95_3_c86_3) N    324    319      6
    358   304    54517.0000   338    54851.0000    54303.0000    14851    1.00%     x(c27_1_Om) U    358    340     13
    386   332    54333.8750   342    54851.0000    54326.5000    16664    0.96%  x(c65_3_c54_3) D    386    362     10
    417   363    54360.5000   245    54851.0000    54343.6250    18633    0.93%  x(c57_1_c69_1) D    417    387     16
    429   375    54364.5000   263    54851.0000    54352.5366    20431    0.91%  x(c68_1_c21_1) U    429    363     15
    460   406    54465.5366   291    54851.0000    54361.5000    22968    0.89%  x(c70_3_c21_3) U    460    430     19
    489   435    54376.5366   384    54851.0000    54376.5000    25451    0.87%  x(c61_3_c18_3) D    489    468     22
    520   466    54588.9500   302    54851.0000    54382.0000    27771    0.86%  x(c93_3_c12_3) U    520    459     17
    553   499    54441.0137   259    54851.0000    54389.0714    30313    0.84%  x(c61_3_c29_3) U    553    416     17
    580   526    54396.0000   253    54851.0000    54395.5000    32821    0.83%  x(c29_3_c32_3) D    580    541     19
Elapsed time = 24.97 sec. (47247.57 ticks, tree = 4.99 MB, solutions = 1)
    613   559    54462.0366   291    54851.0000    54399.7500    35266    0.82%  x(c61_3_c18_3) U    613    468     22
    641   587    54489.7500   289    54851.0000    54401.7500    37323    0.82%  x(c60_3_c14_3) U    641    483     17
    680   626    54408.7500   334    54851.0000    54405.7500    39999    0.81%  x(c68_1_c54_1) N    680    452     16
    711   657    54414.2500   326    54851.0000    54410.5366    42462    0.80%  x(c65_3_c79_3) D    711    710     28
    750   695    54636.5373   289    54851.0000    54412.8500    45215    0.80%  x(c23_3_c62_3) U    750    748     31
    780   725    54415.6253   247    54851.0000    54414.7500    46601    0.80%   x(c8_1_c42_1) D    780    779     41
    809   754    54652.5000   251    54851.0000    54416.8479    49573    0.79%  x(c15_1_c85_1) U    809    775     37
    830   775    54503.5366   321    54851.0000    54418.5366    51962    0.79%  x(c60_3_c14_3) U    830    539     21
    861   806    54421.0000   305    54851.0000    54421.5523    54693    0.78%  x(c29_3_c32_3) D    861    729     24
    894   839    54593.5115   271    54851.0000    54423.2500    57646    0.78%  x(c42_3_c22_3) U    894    892     33
Elapsed time = 30.63 sec. (57256.98 ticks, tree = 7.55 MB, solutions = 1)
    922   867    54532.0000   231    54851.0000    54425.9943    60490    0.77%  x(c23_2_c21_2) U    922    774     36
    948   893    54436.0000   254    54851.0000    54429.0366    63022    0.77%  x(c68_3_c54_3) D    948    947     34
    976   921    54553.5103   285    54851.0000    54432.0512    66111    0.76%  x(c65_3_c77_3) U    976    974     30
   1008   953    54473.3706   280    54851.0000    54433.9167    69003    0.76%  x(c89_3_c21_3) U   1008   1006     21
   1054   999    54597.0850   413    54851.0000    54434.8532    71478    0.76%  x(c68_3_c89_3) U   1054    888     18
   1079  1022    54645.7815   418    54851.0000    54436.6911    74437    0.76%  x(c27_1_c53_1) U   1079   1043     19
   1105  1048    54723.2663   325    54851.0000    54438.3567    77087    0.75%  x(c67_3_c54_3) U   1105    856      9
   1130  1073    54440.7500   337    54851.0000    54440.7500    80145    0.75%  x(c67_3_c54_3) D   1130    565     21
   1160  1102    54462.7500   254    54851.0000    54442.2500    82590    0.75%  x(c67_3_c54_3) D   1160    656     18
   1199  1139    54596.5100   282    54851.0000    54443.7048    85744    0.74%   x(c77_3_c6_3) U   1199   1197     34
Elapsed time = 36.11 sec. (67121.73 ticks, tree = 9.47 MB, solutions = 1)
   1217  1157    54651.6518   330    54851.0000    54444.6256    88353    0.74%  x(c42_3_c22_3) U   1217    998     21
   1250  1190    54447.0373   336    54851.0000    54447.2033    91437    0.74%  x(c89_3_c21_3) U   1250   1248     21
   1282  1222    54448.2862   348    54851.0000    54448.0236    93151    0.73%  x(c43_2_c62_2) D   1282   1281     27
   1321  1260    54493.0423   239    54851.0000    54448.0833    93670    0.73%   x(c6_1_c31_1) U   1321   1036     14
   1384  1321    54448.8539   234    54851.0000    54448.2500    94642    0.73%   x(c2_2_c22_2) D   1384   1383     84
   1426  1360    54450.6236   210    54851.0000    54448.2500    95033    0.73%  x(c62_2_c28_2) N   1426   1425    126
   1451  1385    54452.0550   193    54851.0000    54448.2500    95328    0.73%  x(c94_3_c23_3) D   1451   1450    151
   1492  1424    54501.1562   323    54851.0000    54448.6700    97358    0.73%  x(c77_3_c54_3) D   1492   1074     23
   1505  1437    54738.1500   243    54851.0000    54449.4433    99472    0.73%   x(c6_3_c65_3) N   1505   1286     32
   1525  1455    54657.7956   283    54851.0000    54450.3366   102371    0.73%   x(c8_1_c54_1) U   1525   1299     45
Elapsed time = 41.60 sec. (77136.92 ticks, tree = 11.93 MB, solutions = 1)
   1546  1476    54765.1416   238    54851.0000    54450.7888   104955    0.73%   x(c54_3_c6_3) N   1546   1317     63
   1566  1491    54631.0052   336    54851.0000    54451.5366   107132    0.73%  x(c79_3_c65_3) U   1566   1198     35
   1609  1534    54452.7942   440    54851.0000    54452.1443   108938    0.73%  x(c26_3_c61_3) D   1609   1608     43
   1625  1547    54692.2810   294    54851.0000    54452.5103   111296    0.73%  x(c27_1_c53_1) N   1625    121     58
   1651  1565    54697.2500   237    54851.0000    54453.1477   114058    0.73%  x(c65_3_c54_3) U   1651   1002     11
   1673  1583    54681.0052   319    54851.0000    54454.3289   117264    0.72%  x(c23_3_c91_3) U   1673   1585     21
   1693  1594    54456.0009   395    54851.0000    54454.8834   120011    0.72%  x(c68_3_c89_3) D   1693   1236     29
   1711  1608    54746.3228   348    54851.0000    54455.4186   122449    0.72%  x(c35_2_c21_2) U   1711   1293     39
   1732  1622    54705.8645   418    54851.0000    54456.0000   125107    0.72%  x(c61_3_c46_3) N   1732   1597     33
   1753  1641    54671.7888   343    54851.0000    54458.0500   127643    0.72%     x(c27_1_Om) U   1753   1487     40
Elapsed time = 47.40 sec. (87347.44 ticks, tree = 13.37 MB, solutions = 1)
   1780  1666    54628.7858   374    54851.0000    54459.1622   130794    0.71%  x(c85_1_c15_1) U   1780   1301     47
   1801  1683    54686.6167   294    54851.0000    54459.7500   133621    0.71%     x(Op_c27_1) U   1801    124     61
   1823  1699    54649.4994   304    54851.0000    54460.7935   136281    0.71%   x(c8_1_c54_1) U   1823   1353     54
   1840  1710    54556.5555   358    54851.0000    54461.5000   138532    0.71%   x(c9_2_c37_2) U   1840   1838     35
   1907  1775    54462.7461   224    54851.0000    54462.0000   139690    0.71%  x(c80_1_c60_1) D   1907   1906     80
   1939  1806    54462.7568   220    54851.0000    54462.0000   139819    0.71%   x(c2_2_c65_2) D   1939   1938    112
   1963  1830    54846.5718   334    54851.0000    54462.1727   141912    0.71%  x(c79_3_c67_3) U   1963   1589     25
   1985  1849    54540.0511   232    54851.0000    54462.5959   144897    0.71%   x(c6_1_c77_1) U   1985   1883     57
   2006  1868    54751.9594   340    54851.0000    54463.0000   147907    0.71%  x(c41_1_c77_1) N   2006   1869     43
   2027  1885    54566.3413   336    54851.0000    54463.3623   150610    0.71%  x(c68_1_c80_1) U   2027   1296     42
Elapsed time = 53.09 sec. (97514.85 ticks, tree = 15.09 MB, solutions = 1)
   2047  1903    54704.3426   282    54851.0000    54463.8611   153209    0.71%  x(c35_2_c21_2) U   2047   1884     58
   2067  1922    54819.0000   148    54851.0000    54464.3330   155867    0.70%  x(c23_3_c62_3) U   2067   1902     76
   2084  1925    54701.0967   144    54851.0000    54464.9714   158497    0.70%    x(c8_1_c6_1) U   2084   1861     35
   2100  1935        cutoff          54851.0000    54465.2500   161849    0.70%  x(c21_3_c68_3) N   2100    212    143
   2110  1940        cutoff          54851.0000    54465.4133   164418    0.70%  x(c60_2_c65_2) U   2110    247    178
   2123  1948        cutoff          54851.0000    54465.6174   167511    0.70%  x(c23_3_c70_3) U   2123   1901     75
   2139  1958    54674.3667   321    54851.0000    54465.8982   170189    0.70%  x(c67_3_c20_3) U   2139    153     86
   2150  1966    54522.3994   180    54851.0000    54466.0663   172808    0.70%  x(c38_3_c56_3) U   2150   1890     64
   2164  1976    54772.2284   266    54851.0000    54466.3722   175484    0.70%  x(c18_2_c12_2) U   2164    275    205
   2224  2016        cutoff          54851.0000    54467.7500   186135    0.70%  x(c54_3_c65_3) U   2224   1921     95
Elapsed time = 60.84 sec. (110580.54 ticks, tree = 16.13 MB, solutions = 1)
   2292  2064    54561.0105   243    54851.0000    54469.7722   196652    0.70%  x(c65_3_c77_3) U   2292   1092     30
   2343  2106    54696.0948   321    54851.0000    54471.7533   206159    0.69%   x(c6_3_c65_3) U   2343   2341     27
   2433  2175        cutoff          54851.0000    54475.0000   216868    0.69%  x(c23_3_c30_3) U   2433   1926    100
   2554  2283    54594.5602   407    54851.0000    54479.0667   228910    0.68%  x(c21_3_c23_3) D   2554   2553     20
   2671  2381    54763.3577   269    54851.0000    54482.5366   240240    0.67%  x(c15_2_c65_2) U   2671    152     85
   2780  2469    54649.6168   151    54851.0000    54487.2500   251966    0.66%  x(c77_3_c54_3) U   2780   1201     19
   2891  2568    54707.7500   250    54851.0000    54491.2500   263784    0.66%  x(c26_3_c46_3) U   2891    463     19
   3004  2677    54539.4571   306    54851.0000    54495.4270   275723    0.65%   x(c9_2_c37_2) D   3004   3003     42
   3136  2797    54543.5698   249    54851.0000    54499.8333   287930    0.64%   x(c9_2_c37_2) D   3136   3135     33
   3286  2937    54720.2591   250    54851.0000    54502.0000   299319    0.64%     x(Op_c27_1) U   3286   3284     43
Elapsed time = 82.73 sec. (149079.00 ticks, tree = 23.45 MB, solutions = 1)
   3384  3023    54702.5974   251    54851.0000    54504.3446   310677    0.63%   x(c75_2_c8_2) U   3384   3185     78
   3481  3103    54720.5020   356    54851.0000    54506.8279   321882    0.63%  x(c85_1_c15_1) N   3481   3199     92
   3597  3211    54714.2763   347    54851.0000    54509.5833   333869    0.62%  x(c37_2_c16_2) U   3597   1704     47
   3756  3366    54720.1172   368    54851.0000    54511.7500   343788    0.62%   x(c8_1_c54_1) U   3756   3651     47
   3867  3470    54546.5802   340    54851.0000    54513.5637   356023    0.62%  x(c43_2_c72_2) D   3867   3866     33
   3991  3570    54556.7500   218    54851.0000    54516.7500   367686    0.61%   x(c4_2_c14_2) D   3991   3990     29
   4031  3606    54531.7710   324    54851.0000    54517.5000   371110    0.61%  x(c72_2_c43_2) U   4031   2355     23
   4126  3673        cutoff          54851.0000    54518.4375   376869    0.61%  x(c54_3_c42_3) U   4126   3852     67
   4265  3807    54539.7039   374    54851.0000    54520.5000   388305    0.60%  x(c23_3_c62_3) D   4265   2557     20
   4400  3930    54523.2500   254    54851.0000    54521.5000   398887    0.60%  x(c53_1_c27_1) D   4400   4399     23
Elapsed time = 104.19 sec. (187638.38 ticks, tree = 30.82 MB, solutions = 1)
   4534  4057    54782.3546   352    54851.0000    54522.7371   410194    0.60%  x(c32_3_c46_3) N   4534   4199     67
   4646  4160    54593.5442   410    54851.0000    54524.2500   422111    0.60%   x(c54_3_c6_3) U   4646   4194     62
   4786  4290    54607.7501   298    54851.0000    54525.7533   432746    0.59%   x(c4_2_c14_2) U   4786   2538     20
   4947  4439    54773.6489   285    54851.0000    54526.5905   442709    0.59%    x(c8_1_c6_1) U   4947   4004     41
*  5000+ 4410                        54830.0000    54527.2464             0.55%
   5000  4412    54546.0321   260    54830.0000    54527.2730   448867    0.55%  x(c41_1_c77_1) D   5000   3300     19
   5112  4506        cutoff          54830.0000    54528.5972   459613    0.55%  x(c43_2_c91_2) U   5112   5046     28
   5225  4586    54800.0515   244    54830.0000    54529.9701   470204    0.55%   x(c42_1_c8_1) U   5225   2699     53
   5346  4693    54661.5276   312    54830.0000    54531.2500   481188    0.54%  x(c70_3_c68_3) U   5346    885     15
   5463  4796    54554.5087   355    54830.0000    54532.5000   493387    0.54%  x(c77_3_c68_3) D   5463    690     27
   5600  4902    54769.6250   270    54830.0000    54533.5523   504425    0.54%  x(c35_2_c21_2) U   5600   2263     37
Elapsed time = 132.67 sec. (239863.42 ticks, tree = 37.86 MB, solutions = 2)
   5722  5005    54584.0958   313    54830.0000    54535.0000   516003    0.54%  x(c43_2_c72_2) U   5722   5307     41
   5862  5138    54653.0784   337    54830.0000    54535.8750   526742    0.54%  x(c68_1_c80_1) U   5862   5733     31
   5961  5207    54828.7783   305    54830.0000    54536.9934   539668    0.53%  x(c54_3_c80_3) U   5961   4749     37
   6000  5241    54712.7374   297    54830.0000    54537.1775   542497    0.53%   x(c8_1_c90_1) D   6000   5999    135
   6110  5318        cutoff          54830.0000    54538.2500   553793    0.53%  x(c58_2_c38_2) U   6110   3178     71
   6228  5413    54679.2200   304    54830.0000    54539.5000   565261    0.53%  x(c37_2_c16_2) U   6228   6226     47
   6356  5522    54574.5033   240    54830.0000    54540.5569   577931    0.53%  x(c46_2_c49_2) D   6356   6355     54
   6478  5625    54677.1300   327    54830.0000    54541.7564   590585    0.53%  x(c23_2_c21_2) U   6478   6476     36
   6620  5735    54743.2500   172    54830.0000    54543.2415   603199    0.52%  x(c43_2_c83_2) U   6620   4678     70
   6762  5844    54544.7681   285    54830.0000    54544.6527   615380    0.52%  x(c32_3_c46_3) D   6762   6761     35
Elapsed time = 161.31 sec. (290861.07 ticks, tree = 44.41 MB, solutions = 2)
   6876  5937    54826.5000   329    54830.0000    54545.5003   627238    0.52%  x(c54_3_c65_3) U   6876   5157     15
   6998  6025    54548.5000   199    54830.0000    54546.7500   639825    0.52%  x(c37_2_c16_2) D   6998   3527     27
   7144  6144    54548.5412   371    54830.0000    54548.3617   651680    0.51%   x(c8_1_c42_1) D   7144   7143     43
   7273  6253    54712.1637   262    54830.0000    54549.7369   664236    0.51%  x(c12_3_c18_3) U   7273   4051     30
   7381  6341    54614.2603   303    54830.0000    54551.2500   677083    0.51%  x(c12_3_c49_3) U   7381    562     22
   7532  6470    54743.0958   324    54830.0000    54552.1785   689271    0.51%   x(c8_1_c42_1) U   7532   4353     64
   7678  6592    54704.5000   268    54830.0000    54553.5000   702787    0.50%  x(c72_2_c38_2) U   7678   6814     34
   7823  6702        cutoff          54830.0000    54554.5000   714640    0.50%  x(c54_3_c67_3) U   7823   6733     35
   7970  6825    54555.2772   256    54830.0000    54555.2500   725961    0.50%  x(c21_2_c23_2) D   7970   7969     35
   8097  6928    54780.3404   255    54830.0000    54556.2650   738269    0.50%  x(c41_1_c68_1) D   8097   8096     60
Elapsed time = 183.51 sec. (329068.83 ticks, tree = 52.21 MB, solutions = 2)
   8244  7046    54682.5000   293    54830.0000    54557.0736   749826    0.50%  x(c43_2_c28_2) U   8244   4627     26
   8378  7153    54730.1805   297    54830.0000    54557.7594   762344    0.50%  x(c43_2_c62_2) U   8378   7965     31
   8529  7274    54767.8464   440    54830.0000    54558.5000   774043    0.50%  x(c27_1_c53_1) U   8529   3317     20
   8629  7352    54708.7500   332    54830.0000    54559.4704   787005    0.49%   x(c54_3_c6_3) U   8629   5602     50
   8795  7467    54742.6682   286    54830.0000    54560.3692   797815    0.49%  x(c67_3_c20_3) U   8795   8398     57
   8905  7554    54585.0678   350    54830.0000    54561.0661   810203    0.49%   x(c6_1_c31_1) U   8905   8900     29
   9000  7633    54561.5000   138    54830.0000    54561.5000   819584    0.49%   x(c6_3_c65_3) D   9000   6346     24
   9142  7752    54686.2500   237    54830.0000    54562.2500   831845    0.49%  x(c54_3_c80_3) U   9142   3673     18
   9257  7835    54678.5730   272    54830.0000    54563.1000   844143    0.49%  x(c41_1_c68_1) U   9257   9255     40
   9405  7956        cutoff          54830.0000    54563.7884   856378    0.49%  x(c83_2_c38_2) U   9405   7058     39
Elapsed time = 208.55 sec. (373346.93 ticks, tree = 59.62 MB, solutions = 2)
   9535  8043        cutoff          54830.0000    54564.7989   869215    0.48%   x(c23_2_c2_2) U   9535   8260     82
   9681  8149    54580.1978   309    54830.0000    54565.8092   881600    0.48%  x(c41_1_c68_1) U   9681   9679     29
   9824  8264    54771.2786   246    54830.0000    54566.7834   894209    0.48%  x(c23_3_c62_3) U   9824   4252     38
   9943  8362    54800.1495   277    54830.0000    54567.5511   907299    0.48%  x(c15_1_c85_1) U   9943   9253     38
  10070  8464        cutoff          54830.0000    54568.4870   920010    0.48%  x(c77_3_c54_3) U  10070   8384     43
  10196  8567    54806.4789   318    54830.0000    54569.4308   933836    0.48%  x(c67_3_c79_3) U  10196   7157     40
  10310  8657    54619.6667   343    54830.0000    54570.2500   946858    0.47%  x(c23_3_c21_3) U  10310  10309     48
  10470  8781    54590.2205   243    54830.0000    54571.0794   958911    0.47%  x(c46_2_c49_2) D  10470  10469     40
  10617  8885    54572.1053   367    54830.0000    54571.9722   970753    0.47%  x(c61_3_c29_3) D  10617  10616     24
  10760  9007    54577.7500   220    54830.0000    54572.7500   983308    0.47%  x(c54_3_c67_3) D  10760  10759     27
Elapsed time = 231.97 sec. (411708.95 ticks, tree = 66.94 MB, solutions = 2)
  10910  9136    54787.6170   305    54830.0000    54573.6250   995961    0.47%     x(c27_1_Om) U  10910   9462     57
  11000  9201    54591.2174   366    54830.0000    54574.2313  1005307    0.47%  x(c68_3_c89_3) D  11000   9525     53
  11143  9320    54580.5000   233    54830.0000    54575.0333  1018413    0.47%   x(c9_2_c37_2) D  11143  10660     27
  11251  9399    54579.6048   353    54830.0000    54575.6642  1031190    0.46%   x(c8_1_c42_1) D  11251   8123     50
  11401  9509    54595.5000   244    54830.0000    54576.7500  1044009    0.46%   x(c51_2_c9_2) D  11401   9534     27
  11589  9670    54626.3744   274    54830.0000    54577.5000  1055804    0.46%  x(c43_2_c72_2) U  11589   3674     17
  11737  9790    54587.0608   255    54830.0000    54578.0667  1068152    0.46%   x(c9_2_c37_2) D  11737  11736     23
  11880  9899    54689.3763   271    54830.0000    54578.9889  1080633    0.46%  x(c80_1_c68_1) U  11880  10785     42
  12051 10020        cutoff          54830.0000    54579.7728  1093129    0.46%   x(c6_3_c80_3) U  12051   7129     29
  12198 10126    54691.6667   174    54830.0000    54580.5103  1105537    0.46%  x(c41_1_c68_1) U  12198  12196     41
Elapsed time = 261.46 sec. (462331.44 ticks, tree = 74.87 MB, solutions = 2)
  12326 10221    54816.7510   284    54830.0000    54581.2500  1118605    0.45%  x(c53_1_c27_1) U  12326  11898     21
  12490 10355    54595.1714   313    54830.0000    54582.0517  1131130    0.45%  x(c23_3_c62_3) D  12490   1956     24
  12672 10504    54717.6579   322    54830.0000    54582.6140  1143234    0.45%  x(c80_1_c68_1) U  12672  12601     51
  12810 10612    54720.7773   291    54830.0000    54583.2039  1155091    0.45%  x(c74_3_c69_3) U  12810  12545     70
  12938 10704    54753.6722   353    54830.0000    54583.9209  1168237    0.45%  x(c46_2_c49_2) U  12938  12936     35
  13089 10825    54687.7399   298    54830.0000    54584.5480  1180490    0.45%   x(c4_2_c14_2) U  13089  10187     27
  13249 10945    54808.5242   325    54830.0000    54585.3045  1193114    0.45%     x(Op_c27_1) U  13249  13247     28
  13403 11064    54586.0000   260    54830.0000    54586.0000  1205190    0.45%  x(c68_1_c80_1) D  13403  11231     17
  13573 11186    54741.3394   224    54830.0000    54586.6245  1216856    0.44%  x(c85_1_c15_1) N  13573  12744     32
  13720 11295    54649.0657   224    54830.0000    54587.3344  1229798    0.44%   x(c2_2_c65_2) U  13720   9687     31
Elapsed time = 288.59 sec. (500797.63 ticks, tree = 83.06 MB, solutions = 2)
  13896 11432    54820.4593   414    54830.0000    54587.8750  1241406    0.44%   x(c54_3_c8_3) U  13896  12613     65
  14043 11526    54588.7034   435    54830.0000    54588.5226  1254100    0.44%   x(c51_2_c9_2) D  14043  14042     50
  14212 11652        cutoff          54830.0000    54589.0299  1267089    0.44%  x(c54_3_c55_3) U  14212  14059     67
  14364 11761    54759.3468   170    54830.0000    54589.6677  1279178    0.44%  x(c46_2_c49_2) U  14364  14362     36
  14507 11866    54792.8866   313    54830.0000    54590.1641  1290246    0.44%  x(c77_1_c60_1) U  14507  12708    127
  14705 12013    54590.8079   261    54830.0000    54590.7185  1301934    0.44%   x(c9_2_c37_2) D  14705  14704     37
  14857 12125    54683.5000   319    54830.0000    54591.1334  1314543    0.44%  x(c46_3_c32_3) U  14857   8644     39
  14977 12193    54600.1729   261    54830.0000    54591.6632  1327642    0.43%  x(c43_2_c72_2) D  14977  11361     50
  15113 12293    54734.7030   311    54830.0000    54592.1915  1340552    0.43%  x(c80_1_c68_1) U  15113  14481     42
  15253 12382    54741.8068   277    54830.0000    54592.6249  1351906    0.43%  x(c46_2_c49_2) N  15253  12847     29
Elapsed time = 312.81 sec. (539306.47 ticks, tree = 90.77 MB, solutions = 2)
  15403 12493        cutoff          54830.0000    54593.0546  1364407    0.43%   x(c8_1_c42_1) U  15403  14545     54
  15524 12583        cutoff          54830.0000    54593.5000  1376507    0.43%  x(c53_1_c27_1) U  15524  14876     12
  15700 12729    54642.7500   191    54830.0000    54594.0000  1387814    0.43%  x(c43_2_c72_2) U  15700  15699     40
  15833 12833    54825.4448   329    54830.0000    54594.3856  1399914    0.43%  x(c61_3_c46_3) U  15833  13334     34
  15986 12934    54749.7123   321    54830.0000    54594.9325  1412397    0.43%  x(c68_1_c80_1) U  15986  13427     69
  16000 12936    54595.2318   315    54830.0000    54594.9782  1413486    0.43%  x(c54_3_c65_3) D  16000  15999     49
  16144 13037    54595.4110   334    54830.0000    54595.3535  1426376    0.43%  x(c43_2_c91_2) D  16144  16143     46
  16280 13119    54745.9515   274    54830.0000    54595.9491  1438975    0.43%  x(c41_1_c77_1) U  16280  12459     45
  16434 13217    54701.2534   281    54830.0000    54596.3195  1451078    0.43%   x(c63_1_c9_1) U  16434  16432     56
  16566 13307    54720.1415   282    54830.0000    54596.6973  1464138    0.43%  x(c23_3_c62_3) U  16566   4336     48
Elapsed time = 342.81 sec. (592360.38 ticks, tree = 97.34 MB, solutions = 2)
  16693 13393    54643.8091   416    54830.0000    54597.3330  1476579    0.42%  x(c89_3_c21_3) D  16693   1540     38
  16882 13547    54737.1226   265    54830.0000    54597.8657  1488583    0.42%  x(c43_2_c28_2) U  16882  16879     28
  17028 13649    54678.6023   334    54830.0000    54598.2819  1501309    0.42%  x(c43_2_c72_2) D  17028  13414     48
  17194 13769    54721.6428   353    54830.0000    54598.8152  1514067    0.42%  x(c89_3_c21_3) D  17194  17137     40
  17335 13865    54644.2500   156    54830.0000    54599.3789  1526564    0.42%  x(c41_1_c68_1) D  17335   4011     76
  17524 14004    54623.9917   413    54830.0000    54599.9547  1538270    0.42%   x(c6_1_c31_1) U  17524  17512     45
  17669 14103        cutoff          54830.0000    54600.3840  1549635    0.42%  x(c38_2_c98_2) U  17669  17050     46
  17842 14230    54649.0798   330    54830.0000    54600.7581  1561314    0.42%  x(c57_1_c69_1) U  17842   8451     52
  17973 14308    54756.2002   224    54830.0000    54601.1891  1574059    0.42%  x(c38_2_c98_2) U  17973  16707     27
  18116 14416    54645.0213   282    54830.0000    54601.5479  1586438    0.42%   x(c9_2_c37_2) D  18116  18115     37
Elapsed time = 366.23 sec. (630828.87 ticks, tree = 105.09 MB, solutions = 2)
  18253 14499    54614.0000   141    54830.0000    54602.0000  1598923    0.42%  x(c23_3_c62_3) D  18253   5302     25
  18416 14627        cutoff          54830.0000    54602.3546  1610474    0.42%  x(c58_2_c38_2) U  18416  16326     95
  18558 14714    54632.4436   255    54830.0000    54602.7500  1622727    0.41%  x(c50_2_c83_2) U  18558  17337     49
  18726 14826        cutoff          54830.0000    54603.2500  1634814    0.41%  x(c72_2_c75_2) U  18726    227    158
  18886 14937    54780.8996   355    54830.0000    54603.6896  1646829    0.41%  x(c68_1_c80_1) U  18886  15576     56
  19029 15020        cutoff          54830.0000    54604.0500  1658561    0.41%  x(c43_2_c91_2) U  19029  11833     32
  19226 15190    54623.9192   179    54830.0000    54604.4466  1670020    0.41%  x(c80_1_c68_1) D  19226  12684    121
  19407 15323    54604.9564   304    54830.0000    54604.8053  1680914    0.41%  x(c43_2_c91_2) D  19407  19406     23
  19602 15463    54785.6147   318    54830.0000    54605.1500  1691943    0.41%  x(c68_1_c80_1) N  19602  18130     37
  19735 15556    54606.3094   307    54830.0000    54605.4481  1704711    0.41%  x(c23_3_c91_3) D  19735  12263     36
Elapsed time = 388.84 sec. (669207.18 ticks, tree = 113.18 MB, solutions = 2)
  19919 15685    54777.7596   256    54830.0000    54605.7546  1716264    0.41%   x(c6_3_c62_3) U  19919   5560     15
  20082 15810    54606.3689   267    54830.0000    54606.0833  1727132    0.41%   x(c65_3_c6_3) D  20082  20081     61
  20250 15898        cutoff          54830.0000    54606.4167  1739421    0.41%  x(c67_3_c79_3) U  20250  19569     53
  20438 16054    54794.1736   290    54830.0000    54606.6921  1750700    0.41%  x(c41_1_c68_1) U  20438  14384    137
  20597 16134    54644.1250   294    54830.0000    54607.0366  1763513    0.41%  x(c77_3_c54_3) D  20597  16689     21
  20770 16245    54607.5817   232    54830.0000    54607.4635  1775516    0.41%  x(c79_1_c13_1) U  20770  20769     31
  20940 16363    54819.2500   320    54830.0000    54607.7500  1787217    0.41%  x(c85_1_c15_1) U  20940  20938     50
  21097 16454    54805.0000   372    54830.0000    54608.1395  1800364    0.40%  x(c79_3_c67_3) U  21097  17993     23
* 21152 14552      integral     0    54792.0000    54608.2500  1806206    0.34%
  21228 14599    54645.7532   438    54792.0000    54608.3697  1810345    0.34%   x(c6_3_c65_3) D  21228  21227     72
  21377 14653    54689.2977   293    54792.0000    54608.7423  1821882    0.33%   x(c9_2_c37_2) N  21377  12517     30
Elapsed time = 411.15 sec. (707674.84 ticks, tree = 107.25 MB, solutions = 3)
  21550 14753        cutoff          54792.0000    54609.1562  1832931    0.33%  x(c83_2_c38_2) U  21550  21410     51
  21719 14872    54659.5838   259    54792.0000    54609.5000  1844454    0.33%  x(c43_2_c72_2) U  21719  17261     31
  21881 14964    54632.0274   277    54792.0000    54609.8302  1855980    0.33%  x(c21_2_c23_2) D  21881  16274     70
  22000 15009    54610.1176   291    54792.0000    54610.1176  1865442    0.33%   x(c6_1_c22_1) D  22000  19785     60
  22154 15071        cutoff          54792.0000    54610.4730  1876882    0.33%  x(c35_2_c21_2) U  22154  21849     54
  22322 15156        cutoff          54792.0000    54610.7894  1888335    0.33%   x(c8_1_c42_1) U  22322  21393     59
  22500 15226        cutoff          54792.0000    54611.2403  1899929    0.33%  x(c61_3_c49_3) U  22500  19973     78
  22679 15339    54789.3921   355    54792.0000    54611.5000  1910123    0.33%  x(c23_3_c30_3) U  22679  19482     74
  22845 15436    54693.7500   239    54792.0000    54611.7500  1921837    0.33%   x(c4_2_c14_2) U  22845  12397     20
  23004 15520    54649.0474   302    54792.0000    54612.2227  1935178    0.33%  x(c37_2_c16_2) D  23004   9975     32
Elapsed time = 438.20 sec. (757136.21 ticks, tree = 113.40 MB, solutions = 3)
  23145 15597    54702.2749   327    54792.0000    54612.6112  1948394    0.33%   x(c6_1_c42_1) U  23145  23143     51
  23277 15664    54713.0642   278    54792.0000    54613.0000  1960225    0.33%  x(c41_1_c68_1) U  23277  23273     33
  23437 15730        cutoff          54792.0000    54613.4041  1972466    0.33%  x(c15_1_c85_1) U  23437  21987     44
  23594 15793    54725.9294   226    54792.0000    54613.7571  1985637    0.33%  x(c68_1_c80_1) U  23594   9683     32
  23757 15876    54616.5646   264    54792.0000    54614.0793  1997945    0.32%  x(c68_1_c21_1) N  23757  19942     47
  23907 15949    54635.5000    88    54792.0000    54614.5000  2010348    0.32%  x(c57_1_c69_1) D  23907  23906     50
  24087 16070    54695.0463   313    54792.0000    54614.8330  2021958    0.32%  x(c23_2_c21_2) U  24087  22389     39
  24263 16182    54679.0000   284    54792.0000    54615.2000  2033627    0.32%   x(c6_3_c65_3) D  24263    894     34
  24411 16259    54650.8075   329    54792.0000    54615.5578  2046052    0.32%   x(c54_3_c6_3) D  24411  21625     33
  24580 16343    54650.9392   377    54792.0000    54616.0039  2058336    0.32%  x(c23_3_c21_3) U  24580  20758     17
Elapsed time = 460.22 sec. (795503.50 ticks, tree = 119.37 MB, solutions = 3)
  24750 16438    54746.0000   252    54792.0000    54616.5000  2070312    0.32%  x(c79_3_c67_3) U  24750  24749     33
  24947 16561    54783.2209   300    54792.0000    54616.9015  2082163    0.32%  x(c70_3_c21_3) U  24947  14469     28
  25133 16678    54781.5000   184    54792.0000    54617.2618  2094546    0.32%  x(c68_1_c21_1) D  25133  19708     47
* 25200+16668                        54791.0000    54617.3750             0.32%
  25273 16713    54733.1252   390    54791.0000    54617.5891  2106198    0.32%  x(c41_1_c68_1) N  25273  24601     50
* 25300+ 7732                        54682.0000    54617.6490             0.12%
  25492  7748        cutoff          54682.0000    54618.1250  2115504    0.12%   x(c9_2_c37_2) D  25492  25491     26
  25748  7784    54619.6735   308    54682.0000    54618.6225  2124657    0.12%  x(c61_3_c29_3) U  25748  25747     70
  26016  7789        cutoff          54682.0000    54619.1416  2133665    0.11%  x(c43_2_c62_2) U  26016  22264     38
  26296  7855        cutoff          54682.0000    54619.6551  2142856    0.11%  x(c64_3_c67_3) U  26296  26294     40
  26571  7910    54655.6048   337    54682.0000    54620.1631  2151814    0.11%   x(c6_1_c31_1) U  26571  26570     44
  26858  7966    54622.0729   241    54682.0000    54620.7242  2161444    0.11%    x(c6_1_c8_1) N  26858  24640     60
Elapsed time = 481.00 sec. (833981.42 ticks, tree = 58.25 MB, solutions = 5)
  27134  7987    54621.6397   317    54682.0000    54621.3849  2170400    0.11%   x(c6_1_c80_1) D  27134  27133     31
  27383  8010    54667.0158   318    54682.0000    54621.7720  2179596    0.11%   x(c6_1_c31_1) D  27383  27381     46
  27635  8029        cutoff          54682.0000    54622.2908  2189295    0.11%  x(c23_3_c21_3) D  27635  19215     66
  27890  8045    54631.6352   355    54682.0000    54622.7663  2198834    0.11%  x(c46_3_c32_3) D  27890  27889     61
  28190  8097    54623.2435   254    54682.0000    54623.2435  2207569    0.11%   x(c54_3_c6_3) D  28190  28189     48
  28464  8112        cutoff          54682.0000    54623.7735  2216356    0.11%    x(c8_1_c6_1) U  28464  26076     44
  28728  8149    54635.6785   353    54682.0000    54624.3462  2225813    0.11%   x(c50_2_c2_2) D  28728   8405     42
  28974  8159        cutoff          54682.0000    54624.7738  2235585    0.10%   x(c6_1_c31_1) U  28974  24883     33
  29200  8167    54625.3009   229    54682.0000    54625.3009  2244598    0.10%  x(c68_1_c80_1) N  29200  10459     33
  29458  8183    54625.9311   391    54682.0000    54625.8382  2254093    0.10%   x(c6_3_c65_3) D  29458  29457     32
Elapsed time = 500.61 sec. (872341.28 ticks, tree = 59.80 MB, solutions = 5)
  29728  8207    54639.3500   388    54682.0000    54626.3500  2262889    0.10%  x(c42_3_c22_3) D  29728  29727     14
  30004  8242        cutoff          54682.0000    54626.8200  2272510    0.10%  x(c83_2_c38_2) U  30004  25622     38
  30275  8279        cutoff          54682.0000    54627.2500  2282084    0.10%   x(c65_3_c6_3) U  30275  18563     20
  30534  8279        cutoff          54682.0000    54627.7606  2290995    0.10%  x(c65_1_c77_1) U  30534  11977     51
  30800  8298    54633.3750   300    54682.0000    54628.2500  2300021    0.10%  x(c65_3_c54_3) D  30800   3543     29
  31042  8259        cutoff          54682.0000    54628.6941  2309847    0.10%   x(c4_2_c14_2) D  31042  25952     35
  31263  8260    54629.2187   290    54682.0000    54629.1875  2318340    0.10%  x(c68_1_c21_1) N  31263  31262     27
  31515  8263    54632.4948   432    54682.0000    54629.7201  2328171    0.10%   x(c80_1_c6_1) D  31515  23385     42
  31774  8279    54663.3754   240    54682.0000    54630.2167  2338416    0.09%  x(c50_2_c62_2) N  31774  24766     38
  32037  8290    54633.2959   287    54682.0000    54630.7446  2348699    0.09%  x(c15_1_c79_1) D  32037  21158     68
Elapsed time = 519.94 sec. (910577.82 ticks, tree = 60.57 MB, solutions = 5)
  32280  8278        cutoff          54682.0000    54631.3500  2358526    0.09%   x(c4_2_c14_2) U  32280   2125    213
  32558  8253    54640.6667   267    54682.0000    54632.0000  2368264    0.09%  x(c46_2_c49_2) D  32558  11352     38
  32823  8251    54644.6418   270    54682.0000    54632.5940  2378217    0.09%  x(c68_1_c21_1) U  32823  29448     45
  33084  8255    54648.0000   277    54682.0000    54633.2500  2387474    0.09%  x(c54_3_c22_3) D  33084  33082     26
  33347  8271    54635.1461   241    54682.0000    54633.8330  2396404    0.09%   x(c6_3_c65_3) D  33347  33346     41
  33596  8278        cutoff          54682.0000    54634.3017  2405086    0.09%  x(c69_1_c60_1) U  33596  32623     51
  33860  8266        cutoff          54682.0000    54634.8000  2414113    0.09%  x(c35_2_c21_2) U  33860  26674     47
  34120  8260    54643.0686   299    54682.0000    54635.3901  2422526    0.09%  x(c89_3_c21_3) N  34120  17256     34
  34382  8254    54635.8590   268    54682.0000    54635.8573  2430930    0.08%   x(c54_3_c8_3) N  34382  19484     76
  34609  8265    54673.3591   271    54682.0000    54636.2500  2438453    0.08%  x(c89_3_c30_3) N  34609  34607     41
Elapsed time = 538.91 sec. (948871.28 ticks, tree = 60.41 MB, solutions = 5)
  34853  8245    54661.7790   283    54682.0000    54636.7924  2447490    0.08%  x(c68_3_c89_3) D  34853  13268     30
  35130  8223    54648.5000   214    54682.0000    54637.3190  2456626    0.08%  x(c68_3_c62_3) D  35130  22861     34
  35405  8207    54637.8333   381    54682.0000    54637.8334  2465282    0.08%  x(c79_3_c67_3) D  35405  34797     38
  35680  8228        cutoff          54682.0000    54638.5000  2474644    0.08%   x(c4_2_c14_2) U  35680  26503     25
  35941  8222    54671.1976   337    54682.0000    54639.0000  2484431    0.08%  x(c41_1_c68_1) N  35941  26599     18
  36213  8207    54651.5000   198    54682.0000    54639.5000  2492759    0.08%  x(c65_1_c77_1) D  36213  29416     74
  36489  8201    54674.2500    52    54682.0000    54640.0000  2501805    0.08%  x(c32_1_c37_1) N  36489  21151     38
  36764  8194        cutoff          54682.0000    54640.5000  2510836    0.08%   x(c6_1_c31_1) U  36764  36763     28
  37005  8184    54649.2500   286    54682.0000    54641.0000  2518791    0.07%  x(c68_3_c62_3) N  37005  24424     40
  37290  8157        cutoff          54682.0000    54641.5366  2527043    0.07%   x(c54_3_c6_3) D  37290  37288     27
Elapsed time = 557.72 sec. (987205.68 ticks, tree = 59.66 MB, solutions = 5)
  37574  8143    54666.5315   277    54682.0000    54642.0935  2535572    0.07%   x(c54_3_c6_3) U  37574  36561     26
  37844  8113    54642.6590   301    54682.0000    54642.6590  2543613    0.07%  x(c30_3_c89_3) D  37844  33140     27
  38140  8067    54643.7963   273    54682.0000    54643.3226  2551936    0.07%   x(c6_3_c65_3) D  38140  38139     40
  38418  8071    54665.7605   277    54682.0000    54643.7801  2560334    0.07%  x(c54_3_c80_3) D  38418  32248     22
  38693  8032    54644.4781   393    54682.0000    54644.3869  2568618    0.07%   x(c6_1_c31_1) D  38693  30038     25
  38973  8022        cutoff          54682.0000    54644.9976  2577990    0.07%   x(c54_1_c8_1) U  38973  35651     54
  39260  7972        cutoff          54682.0000    54645.5366  2586919    0.07%  x(c76_3_c21_3) D  39260   1204     32
  39505  7938    54656.0000   199    54682.0000    54646.0000  2595630    0.07%   x(c51_2_c9_2) N  39505  38602     27
  39765  7899    54662.7582   383    54682.0000    54646.4491  2602188    0.07%  x(c69_1_c60_1) N  39765  33606     55
  40019  7869    54658.8552   339    54682.0000    54646.8571  2609148    0.06%  x(c69_1_c60_1) N  40019  40017     38
Elapsed time = 575.92 sec. (1025459.90 ticks, tree = 57.63 MB, solutions = 5)
  40277  7858    54647.2677   285    54682.0000    54647.2733  2617527    0.06%  x(c61_3_c29_3) N  40277  33919     31
  40546  7844    54651.7500   249    54682.0000    54647.7500  2626056    0.06%  x(c65_3_c77_3) D  40546  37803     25
  40824  7791        cutoff          54682.0000    54648.2500  2634418    0.06%  x(c79_3_c67_3) U  40824  29686     22
  41109  7751        cutoff          54682.0000    54648.8219  2642628    0.06%   x(c8_1_c42_1) U  41109  22404     68
  41407  7698        cutoff          54682.0000    54649.3480  2650615    0.06%   x(c6_3_c65_3) D  41407  41405     20
  41679  7658    54654.9167   329    54682.0000    54649.9200  2658684    0.06%  x(c68_3_c89_3) D  41679  40904     42
  41959  7655    54650.3500   381    54682.0000    54650.3500  2667222    0.06%  x(c54_3_c80_3) D  41959  31477     26
  42218  7618    54662.9863   300    54682.0000    54650.8226  2675433    0.06%  x(c41_1_c68_1) N  42218  42217     51
  42480  7567        cutoff          54682.0000    54651.2384  2682843    0.06%  x(c23_3_c21_3) U  42480   8999     37
  42724  7511    54672.4902   321    54682.0000    54651.6020  2690968    0.06%  x(c30_3_c21_3) N  42724   7065     34
Elapsed time = 594.07 sec. (1063689.72 ticks, tree = 55.11 MB, solutions = 5)
  42968  7467    54656.5000   308    54682.0000    54652.0000  2698131    0.05%  x(c41_1_c77_1) N  42968  37256     38
  43239  7419        cutoff          54682.0000    54652.4356  2705103    0.05%   x(c6_1_c31_1) D  43239  43237     47
  43485  7377        cutoff          54682.0000    54652.8238  2712814    0.05%  x(c21_2_c23_2) D  43485  42079     37
  43725  7320    54653.3400   353    54682.0000    54653.3405  2719818    0.05%  x(c54_3_c80_3) N  43725  41851     34
  44009  7247        cutoff          54682.0000    54653.8610  2726896    0.05%  x(c68_3_c89_3) U  44009  36151     50
  44289  7196        cutoff          54682.0000    54654.2778  2734190    0.05%  x(c41_1_c77_1) U  44289  39047     42
  44580  7150        cutoff          54682.0000    54654.7859  2742372    0.05%  x(c89_3_c30_3) U  44580  26447     30
  44897  7083        cutoff          54682.0000    54655.2699  2749118    0.05%  x(c68_1_c21_1) D  44897  44894     46
  45181  7025        cutoff          54682.0000    54655.7859  2756458    0.05%   x(c6_3_c22_3) U  45181  36181     36
  45443  6964    54656.2045   331    54682.0000    54656.2048  2763098    0.05%  x(c23_3_c70_3) N  45443  35338     33
Elapsed time = 611.66 sec. (1101934.91 ticks, tree = 51.24 MB, solutions = 5)
  45706  6903        cutoff          54682.0000    54656.5952  2769666    0.05%  x(c65_3_c77_3) D  45706  14321     47
  46013  6828    54671.1081   213    54682.0000    54657.1086  2776749    0.05%  x(c26_3_c61_3) U  46013  31985     55
  46317  6731    54660.6667   334    54682.0000    54657.6163  2784049    0.04%  x(c79_3_c67_3) D  46317  42445     39
  46615  6646    54658.1686   364    54682.0000    54658.1686  2790741    0.04%    x(c6_1_c8_1) N  46615  44250     59
  46905  6559    54661.8760   263    54682.0000    54658.7421  2798324    0.04%   x(c8_1_c42_1) N  46905  26572     45
  47166  6487    54677.5679   204    54682.0000    54659.1307  2806163    0.04%  x(c69_1_c60_1) N  47166  31470     49
  47419  6417        cutoff          54682.0000    54659.5472  2813045    0.04%  x(c41_1_c60_1) N  47419  42074     28
  47691  6345    54660.1031   240    54682.0000    54660.0107  2819287    0.04%   x(c54_3_c6_3) N  47691  47690     33
  47963  6274        cutoff          54682.0000    54660.5000  2826058    0.04%  x(c50_2_c62_2) D  47963  42663     50
  48247  6161    54661.4167   262    54682.0000    54661.0000  2832290    0.04%  x(c69_1_c60_1) N  48247  41693     50
Elapsed time = 629.08 sec. (1140181.43 ticks, tree = 45.56 MB, solutions = 5)
  48553  6034    54661.5667   252    54682.0000    54661.5710  2839135    0.04%  x(c67_3_c79_3) D  48553  31256     33
  48857  5919    54662.6295   371    54682.0000    54662.1295  2845748    0.04%  x(c80_1_c68_1) D  48857  48855     55
  49191  5800    54664.5419   230    54682.0000    54662.7185  2852538    0.04%  x(c21_3_c30_3) N  49191  49190     64
  49521  5669        cutoff          54682.0000    54663.3132  2859083    0.03%  x(c65_1_c77_1) U  49521  32498     88
  49847  5554        cutoff          54682.0000    54663.8125  2864618    0.03%  x(c80_1_c68_1) U  49847  49846     28
  50190  5444        cutoff          54682.0000    54664.3080  2870727    0.03%  x(c64_3_c67_3) U  50190  50189     40
  50524  5335    54665.1546   251    54682.0000    54664.9271  2877919    0.03%  x(c50_2_c62_2) U  50524  48660     43
  50836  5199    54665.3803   317    54682.0000    54665.3810  2884201    0.03%   x(c54_3_c6_3) N  50836  50717     26
  51134  5046    54674.5920   291    54682.0000    54665.9364  2889769    0.03%   x(c54_3_c6_3) N  51134  38433     36
  51431  4906    54668.2379   286    54682.0000    54666.4923  2895605    0.03%  x(c43_2_c72_2) N  51431  14811     36
Elapsed time = 645.95 sec. (1178431.03 ticks, tree = 36.66 MB, solutions = 5)
  51705  4805        cutoff          54682.0000    54666.8810  2902021    0.03%  x(c41_1_c60_1) U  51705  38703     59
  52004  4693    54667.2790   310    54682.0000    54667.2702  2907311    0.03%  x(c95_3_c91_3) N  52004  33334     33
  52323  4527    54672.7798   258    54682.0000    54667.8800  2912474    0.03%  x(c67_3_c79_3) N  52323  52188    149
  52609  4381        cutoff          54682.0000    54668.2995  2918820    0.03%  x(c53_1_c27_1) U  52609  52607     15
  52911  4233        cutoff          54682.0000    54668.8241  2924236    0.02%  x(c50_2_c91_2) U  52911  16353     51
  53214  4063        cutoff          54682.0000    54669.2715  2930168    0.02%  x(c43_2_c76_2) U  53214  53213     57
  53534  3869        cutoff          54682.0000    54669.7951  2935091    0.02%   x(c6_3_c65_3) U  53534  51060     47
  53843  3682    54670.4038   283    54682.0000    54670.4038  2939886    0.02%  x(c54_3_c65_3) N  53843  14829     33
  54161  3505        cutoff          54682.0000    54670.9901  2944710    0.02%   x(c4_2_c14_2) U  54161  17581     50
  54455  3343        cutoff          54682.0000    54671.5000  2950432    0.02%  x(c80_1_c68_1) D  54455  54453     58
Elapsed time = 662.16 sec. (1216702.80 ticks, tree = 25.21 MB, solutions = 5)
  54761  3149    54672.0230   325    54682.0000    54672.0167  2955657    0.02%   x(c6_1_c31_1) N  54761  54759     32
  55087  2952        cutoff          54682.0000    54672.5617  2961082    0.02%  x(c79_3_c67_3) N  55087  43902     23
  55438  2730    54673.3813   243    54682.0000    54673.1911  2966264    0.02%  x(c69_1_c60_1) N  55438  39407     21
  55781  2508        cutoff          54682.0000    54673.8487  2971081    0.01%  x(c54_3_c65_3) U  55781   5134     24
  56083  2296        cutoff          54682.0000    54674.5000  2976332    0.01%  x(c80_1_c68_1) D  56083  56081     42
  56417  2049    54675.6596   199    54682.0000    54675.2182  2980221    0.01%   x(c8_1_c54_1) N  56417  46122     34
  56763  1780        cutoff          54682.0000    54676.0000  2983848    0.01%   x(c54_3_c6_3) D  56763  46841     36

Clique cuts applied:  29
Cover cuts applied:  21
Flow cuts applied:  19
Mixed integer rounding cuts applied:  23
Zero-half cuts applied:  10
Gomory fractional cuts applied:  10
User cuts applied:  803

Root node processing (before b&c):
  Real time             =    3.75 sec. (8109.17 ticks)
Sequential b&c:
  Real time             =  670.48 sec. (1241673.40 ticks)
                          ------------
Total (root+branch&cut) =  674.23 sec. (1249782.57 ticks)

