- Starting heuristic -

Exact TSP
x  TSP Iteration:       0   1356   6674
* 2OPT Iteration:       0   1356   6671
* BPER Iteration:       0   1356   6647
------ Iteration:       0   1356   6647
* APER Iteration:      25   1356   6621
------ Iteration:     100   1356   6621
------ Iteration:     200   1356   6621
------ Iteration:     300   1356   6621

Exact Precedences TSP
* 2OPT Iteration:       0   1337   6056
* BPER Iteration:       0   1337   5985
* 2OPT Iteration:       1   1298   5854
* BPER Iteration:       1   1298   5851
* 2OPT Iteration:       2   1296   5957
* APER Iteration:       2   1296   5896
* APER Iteration:       3   1298   6031
* 2OPT Iteration:       4   1367   6440
* BPER Iteration:       4   1367   6369
Feasible solution found

