Version identifier: 22.1.0.0 | 2022-03-09 | 1a383f8ce
CPXPARAM_Preprocessing_Reduce                    0
CPXPARAM_Threads                                 1
CPXPARAM_Preprocessing_Reformulations            0
CPXPARAM_Emphasis_MIP                            2
CPXPARAM_TimeLimit                               7200
CPXPARAM_MIP_Tolerances_AbsMIPGap                0.98999999999999999
CPXPARAM_MIP_Limits_TreeMemory                   20000
Legacy callback                                  BbLUID
         Disabling repeat represolve because of lazy constraint/incumbent callback.
1 of 1 MIP starts provided solutions.
MIP start 'm1' defined initial solution with objective 3274.0000.
Tried aggregator 0 times.
Reduced MIP has 2682 rows, 2477 columns, and 14505 nonzeros.
Reduced MIP has 2392 binaries, 0 generals, 0 SOSs, and 0 indicators.
Presolve time = 0.00 sec. (0.78 ticks)
Probing time = 0.00 sec. (2.81 ticks)
Clique table members: 1202.
MIP emphasis: optimality.
MIP search method: traditional branch-and-cut.
Parallel mode: none, using 1 thread.
Root relaxation solution time = 0.00 sec. (5.30 ticks)

        Nodes                                         Cuts/
   Node  Left     Objective  IInf  Best Integer    Best Bound    ItCnt     Gap         Variable B NodeID Parent  Depth

*     0+    0                         3274.0000        0.0000           100.00%
      0     0     2623.4974   180     3274.0000     2623.4974      307   19.87%
      0     0     3141.3124   168     3274.0000      Cuts: 51      465    4.05%
      0     0     3212.0000   172     3274.0000      Cuts: 15      509    1.89%
      0     0     3220.0000   172     3274.0000       Cuts: 2      518    1.65%
      0     0     3220.0000   172     3274.0000     Covers: 1      520    1.65%
      0     2     3220.0000   172     3274.0000     3220.0000      520    1.65%                        0             0
Elapsed time = 0.22 sec. (519.58 ticks, tree = 0.01 MB, solutions = 1)
      1     3     3220.0000   120     3274.0000     3220.0000      575    1.65%  x(c25_2_c40_2) U      1      0      1
      3     5     3220.0517   123     3274.0000     3220.0000      729    1.65%  x(c24_3_c22_3) N      3      1      2
     10    11     3220.3036   124     3274.0000     3220.0000      871    1.65%  x(c31_2_c39_2) D     10      9      9
     20    13     3220.4181   143     3274.0000     3220.0000      946    1.65%  x(c27_2_c26_2) D     20     19     19
     34    20     3220.0210   108     3274.0000     3220.0000     1370    1.65%  x(c39_3_c23_3) D     34     33      2
     43    29     3220.1658   170     3274.0000     3220.0000     1591    1.65%  x(c40_3_c25_3) D     43     42     10
     59    42     3220.2705   175     3274.0000     3220.0000     1745    1.65%  x(c11_3_c42_3) N     59     58     26
     80    54     3220.3686   141     3274.0000     3220.0000     1916    1.65%   x(c9_3_c22_3) D     80     79     47
    105    72     3220.3653   160     3274.0000     3220.0517     2353    1.65%   x(c42_3_c9_3) N    105    104     14
    181   134        cutoff           3274.0000     3221.6283     6760    1.60%   x(c27_3_c6_3) D    181     10     10
Elapsed time = 1.76 sec. (3961.86 ticks, tree = 0.29 MB, solutions = 1)
    279   195     3247.7236   119     3274.0000     3222.4103     9511    1.58%     x(c30_2_Om) N    279    266     74
    388   283     3225.9065    91     3274.0000     3225.6966    16301    1.48%   x(c9_2_c24_2) D    388    387     35
    534   408     3226.2533   168     3274.0000     3226.2533    20664    1.46%  x(c29_2_c25_2) D    534    399     47
    670   489     3228.1110   106     3274.0000     3227.9433    24431    1.41%  x(c15_3_c28_3) D    670    669    109
    882   669     3228.6837   151     3274.0000     3228.6837    28709    1.38%    x(c9_3_c5_3) N    882    226     33
   1000   764     3229.3862   129     3274.0000     3229.1997    31663    1.37%  x(c37_2_c34_2) D   1000    999     52
   1167   858     3246.6608   140     3274.0000     3230.0391    36433    1.34%  x(c36_3_c34_3) N   1167    278     71
   1366   954        cutoff           3274.0000     3231.7226    40956    1.29%      x(Op_c6_3) U   1366   1364     98
   1597  1104        cutoff           3274.0000     3233.0000    45820    1.25%    x(c5_3_c6_3) U   1597    835     37
   1764  1181        cutoff           3274.0000     3233.7711    50201    1.23%  x(c37_2_c34_2) U   1764    925     48
Elapsed time = 7.83 sec. (14617.57 ticks, tree = 11.38 MB, solutions = 1)
   1986  1320     3244.1431    73     3274.0000     3234.6345    55048    1.20%  x(c22_3_c40_3) U   1986   1416      8
   2209  1477     3270.4195   112     3274.0000     3235.3355    59944    1.18%  x(c31_2_c39_2) U   2209   1554     43
   2405  1545     3255.3845   104     3274.0000     3236.4660    64879    1.15%  x(c34_3_c36_3) U   2405   2167     41
   2571  1556        cutoff           3274.0000     3238.0000    70329    1.10%  x(c32_3_c33_3) U   2571   2127     67
   2694  1483     3240.0305   108     3274.0000     3238.0240    76055    1.10%  x(c16_3_c15_3) N   2694   2693     16
   2992  1693     3238.9871   129     3274.0000     3238.8339    81459    1.07%  x(c37_3_c35_3) D   2992   2991     47
   3170  1748        cutoff           3274.0000     3239.3921    86933    1.06%   x(c6_3_c17_3) U   3170   2984     40
   3440  1840     3267.2656   130     3274.0000     3240.2396    92031    1.03%   x(c40_2_c9_2) U   3440   3395     21
   3690  1959        cutoff           3274.0000     3241.0000    97345    1.01%   x(c9_2_c31_2) U   3690   1541     40
   3888  2018     3242.3492   128     3274.0000     3241.4238   102607    0.99%  x(c26_2_c25_2) D   3888   3439     74
Elapsed time = 14.57 sec. (24203.72 ticks, tree = 23.87 MB, solutions = 1)
   4082  2066        cutoff           3274.0000     3242.0000   108418    0.98%   x(c27_3_c4_3) U   4082   2122     62
   4318  2120        cutoff           3274.0000     3242.7018   113908    0.96%   x(c9_3_c24_3) U   4318   3303     55
   4525  2149        cutoff           3274.0000     3243.0000   119248    0.95%  x(c39_3_c25_3) U   4525   1236     57
   4779  2235        cutoff           3274.0000     3243.6469   124512    0.93%  x(c11_3_c42_3) U   4779   4370     39
   4999  2313        cutoff           3274.0000     3244.0000   130029    0.92%   x(c27_3_c3_3) U   4999   3292     44
   5227  2380        cutoff           3274.0000     3244.4728   135023    0.90%  x(c37_3_c21_3) U   5227   4807     31
   5480  2479        cutoff           3274.0000     3244.8633   140301    0.89%  x(c16_3_c20_3) U   5480   5459     54
   5679  2445        cutoff           3274.0000     3245.1109   145621    0.88%   x(c9_3_c24_3) U   5679   4850     37
   5987  2589        cutoff           3274.0000     3245.6769   153407    0.87%  x(c27_3_c11_3) U   5987   5495     38
   6272  2674     3246.2359   138     3274.0000     3246.0363   160936    0.85%    x(c6_3_c4_3) D   6272   6271     19
Elapsed time = 20.94 sec. (33779.62 ticks, tree = 28.16 MB, solutions = 1)
   6539  2832     3246.5808   123     3274.0000     3246.3048   167298    0.85%   x(c4_3_c33_3) N   6539   6538     46
   6765  2947     3260.1728    76     3274.0000     3246.5821   173641    0.84%  x(c15_3_c32_3) U   6765   6276     24
   7063  3038     3251.1317   101     3274.0000     3246.9801   180686    0.83%  x(c36_3_c32_3) U   7063   7061     29
   7390  3165     3247.4390    89     3274.0000     3247.3041   188896    0.82%  x(c33_3_c31_3) D   7390   7389     25
   7677  3283        cutoff           3274.0000     3247.6419   197221    0.81%   x(c5_3_c27_3) U   7677   7459     23
   7959  3394     3270.2500    89     3274.0000     3247.9702   204507    0.80%  x(c33_3_c31_3) U   7959   7157     42
   8247  3339     3258.1395    85     3274.0000     3248.1337   212761    0.79%  x(c20_3_c15_3) U   8247   8161     20
   8582  3497     3270.4223   135     3274.0000     3248.4072   220551    0.78%   x(c6_3_c20_3) U   8582   6286     33
   8860  3602     3268.3148    88     3274.0000     3248.6636   228909    0.77%   x(c26_3_c9_3) U   8860   8489     32
   9006  3650        cutoff           3274.0000     3248.8258   232218    0.77%  x(c24_3_c22_3) U   9006   8317     37
Elapsed time = 25.96 sec. (43383.82 ticks, tree = 25.36 MB, solutions = 1)
   9297  3645        cutoff           3274.0000     3249.1041   240485    0.76%    x(c6_3_c4_3) U   9297   7943     40
   9601  3780        cutoff           3274.0000     3249.3186   248920    0.75%    x(c6_3_c4_3) U   9601   9465     25
   9954  3930        cutoff           3274.0000     3249.5553   256466    0.75%   x(c6_3_c20_3) U   9954   9931     28
  10255  4046        cutoff           3274.0000     3249.7970   264484    0.74%  x(c32_3_c33_3) U  10255   4818     64
  10575  4134        cutoff           3274.0000     3250.0000   272354    0.73%   x(c25_2_c9_2) U  10575    112     22
  10876  4168     3254.1916   139     3274.0000     3250.1420   280333    0.73%  x(c15_3_c16_3) U  10876  10700     16
  11162  4305        cutoff           3274.0000     3250.3195   288123    0.72%  x(c13_3_c14_3) U  11162   1602     14
  11470  4425     3250.5656   119     3274.0000     3250.5221   296030    0.72%  x(c15_3_c32_3) D  11470  11469     33
  11740  4489        cutoff           3274.0000     3250.7139   304187    0.71%   x(c6_3_c20_3) U  11740  11599     31
  12000  4563     3251.7569   136     3274.0000     3250.8956   309824    0.71%   x(c5_3_c13_3) D  12000  11999     41
Elapsed time = 31.50 sec. (54160.65 ticks, tree = 24.71 MB, solutions = 1)
  12303  4612     3255.3237   134     3274.0000     3251.1263   317409    0.70%  x(c16_2_c15_2) D  12303  12301     19
  12636  4772        cutoff           3274.0000     3251.2899   325250    0.69%  x(c11_3_c42_3) U  12636   7204     34
  12933  4856     3264.3168    95     3274.0000     3251.4867   332533    0.69%  x(c16_1_c37_1) U  12933  12931     23
  13255  4927     3251.8950   162     3274.0000     3251.7607   339829    0.68%   x(c9_3_c13_3) D  13255  13254     34
  13580  4981     3252.1102   106     3274.0000     3251.9994   347172    0.67%   x(c27_3_c6_3) U  13580  13579     36
  13900  5047        cutoff           3274.0000     3252.1796   355191    0.67%   x(c4_3_c33_3) U  13900  13114     43
  14223  5178     3252.5501   122     3274.0000     3252.3563   363023    0.66%   x(c6_3_c13_3) D  14223  14222     21
  14553  5296        cutoff           3274.0000     3252.5445   370554    0.66%  x(c31_2_c39_2) U  14553  13302     28
  14848  5369     3252.8756    76     3274.0000     3252.7202   378632    0.65%   x(c9_3_c31_3) N  14848  14847     67
  15147  5406     3261.0825    93     3274.0000     3252.9731   386450    0.64%  x(c33_3_c31_3) U  15147  13971     20
Elapsed time = 36.54 sec. (63723.49 ticks, tree = 24.10 MB, solutions = 1)
  15443  5328     3254.1319   159     3274.0000     3253.0847   394024    0.64%    x(c4_3_c3_3) U  15443  15089     24
  15800  5464     3264.6485    77     3274.0000     3253.2839   401651    0.63%  x(c31_1_c33_1) U  15800  15798     42
  16152  5575     3253.4634    86     3274.0000     3253.4406   408817    0.63%   x(c6_3_c13_3) D  16152  16151     35
  16484  5722     3270.7570   133     3274.0000     3253.5811   416215    0.62%   x(c6_3_c20_3) N  16484   8827     27
  16824  5819     3253.8915   114     3274.0000     3253.7329   423601    0.62%   x(c15_3_c6_3) D  16824  16823     27
  17149  5893     3254.0096    91     3274.0000     3253.9577   431463    0.61%  x(c37_3_c16_3) D  17149  16754     49
  17450  5821     3254.8690    87     3274.0000     3254.0712   438341    0.61%  x(c24_3_c11_3) D  17450  14284     24
  17798  5956     3265.7296    70     3274.0000     3254.2182   445855    0.60%  x(c14_3_c15_3) U  17798   9973     34
  18132  6092     3254.4982    80     3274.0000     3254.3579   453405    0.60%     x(Op_c32_3) D  18132  18131     26
  18486  6198        cutoff           3274.0000     3254.5106   460527    0.60%   x(c20_3_c6_3) U  18486  18075     32
Elapsed time = 41.54 sec. (73275.83 ticks, tree = 22.66 MB, solutions = 1)
  18812  6265     3263.0164   112     3274.0000     3254.6346   467956    0.59%   x(c15_3_c3_3) D  18812   5358     84
  19115  6305     3254.9815   120     3274.0000     3254.7902   475331    0.59%   x(c9_3_c27_3) D  19115  17506     46
  19448  6384     3270.9105    69     3274.0000     3254.9658   482999    0.58%   x(c2_2_c28_2) U  19448  19446     59
  19769  6402     3270.2734    67     3274.0000     3255.1271   490657    0.58%      x(c3_3_Om) U  19769  18544     33
  20089  6530     3255.2737   109     3274.0000     3255.2679   497824    0.57%  x(c31_2_c39_2) N  20089  12304     17
  20400  6607     3255.7201    83     3274.0000     3255.4136   504934    0.57%     x(c28_3_Om) D  20400  20399     56
  20739  6716        cutoff           3274.0000     3255.5727   511865    0.56%  x(c27_2_c26_2) U  20739  19454     50
  21045  6729        cutoff           3274.0000     3255.7801   518548    0.56%    x(c9_3_c3_3) U  21045  19932     27
  21360  6748        cutoff           3274.0000     3255.9970   525556    0.55%   x(c6_3_c20_3) U  21360  19179     25
  21687  6857     3257.1124    87     3274.0000     3256.1435   532702    0.55%   x(c42_3_c9_3) N  21687   6121     10
Elapsed time = 46.45 sec. (82837.03 ticks, tree = 22.56 MB, solutions = 1)
  21995  6990     3270.2530   114     3274.0000     3256.2802   540391    0.54%  x(c16_3_c15_3) U  21995  21993     24
  22000  6991     3264.8791   106     3274.0000     3256.2861   540622    0.54%    x(c5_2_c2_2) U  22000  20791     51
  22342  7040     3265.3439   160     3274.0000     3256.4572   547752    0.54%   x(c9_3_c26_3) N  22342  21757     15
  22688  7120     3268.1156    88     3274.0000     3256.5951   554536    0.53%  x(c35_3_c21_3) U  22688  20763     17
  23015  7166     3260.3889   156     3274.0000     3256.7514   561586    0.53%   x(c27_3_c6_3) N  23015  18553     14
  23356  7203     3269.4139    82     3274.0000     3256.9552   568183    0.52%   x(c29_2_c5_2) N  23356  20320     43
  23694  7253     3257.2520    76     3274.0000     3257.1145   575195    0.52%     x(Op_c28_2) U  23694  23693     40
  24039  7303    infeasible           3274.0000     3257.2691   581952    0.51%   x(c6_3_c16_3) D  24039  24038     42
  24389  7456     3262.1053    70     3274.0000     3257.3594   589083    0.51%    x(c2_2_c5_2) U  24389  24344     40
  25772  7667        cutoff           3274.0000     3257.9593   615828    0.49%    x(c6_3_c4_3) U  25772  21432     33
Elapsed time = 52.94 sec. (95933.38 ticks, tree = 22.40 MB, solutions = 1)
  27137  7846     3258.5506   154     3274.0000     3258.4413   641584    0.48%   x(c20_3_c6_3) D  27137  27136     28
  28407  7821        cutoff           3274.0000     3259.0000   668220    0.46%  x(c27_3_c26_3) U  28407   2118     58
  29675  8011     3259.5169    71     3274.0000     3259.5169   694829    0.44%  x(c31_2_c30_2) D  29675  28059     44
  31007  8071        cutoff           3274.0000     3260.0999   719572    0.42%  x(c20_3_c27_3) U  31007  22966     40
  32308  8261        cutoff           3274.0000     3260.5760   746099    0.41%   x(c42_3_c9_3) U  32308  31282     18
  33217  8321     3261.4403   112     3274.0000     3260.9572   764507    0.40%  x(c34_3_c33_3) D  33217  19635     42
  34567  8610        cutoff           3274.0000     3261.3664   789126    0.39%  x(c11_2_c30_2) U  34567  34565     31
  35910  8668     3267.3494   175     3274.0000     3261.8911   812189    0.37%  x(c38_2_c16_2) D  35910  35908     49
  37165  8814     3271.2781   131     3274.0000     3262.3148   836680    0.36%  x(c15_3_c17_3) D  37165  33798     27
  38490  8959     3264.5000    92     3274.0000     3262.7500   859083    0.34%     x(Op_c27_3) D  38490  35005     40
Elapsed time = 71.44 sec. (134099.81 ticks, tree = 20.62 MB, solutions = 1)
  39714  8914        cutoff           3274.0000     3263.1961   882455    0.33%  x(c14_1_c13_1) U  39714  35800     19
  41018  9058        cutoff           3274.0000     3263.5888   904871    0.32%  x(c15_3_c14_3) U  41018  15876     22
  42000  9090     3264.1248    93     3274.0000     3263.8997   921476    0.31%   x(c9_2_c24_2) N  42000  41999     20
  43211  9115     3264.3331    84     3274.0000     3264.2603   944300    0.30%  x(c16_3_c15_3) D  43211  43210     25
  44435  9112        cutoff           3274.0000     3264.6106   965646    0.29%  x(c34_2_c36_2) D  44435  20699     38
  45677  8955    infeasible           3274.0000     3265.0366   986295    0.27%    x(c9_3_c5_3) D  45677  45676     26
  46943  8987     3267.4298   146     3274.0000     3265.4046  1007157    0.26%   x(c20_3_c6_3) D  46943  22446     23
  48222  8916        cutoff           3274.0000     3265.8035  1026535    0.25%   x(c5_2_c29_2) U  48222  46343     28
  49475  8806     3268.1161    79     3274.0000     3266.1948  1046609    0.24%  x(c39_2_c30_2) D  49475  22232     24
  50752  8735     3267.6889    98     3274.0000     3266.5605  1065696    0.23%  x(c40_3_c25_3) N  50752  45251     24
Elapsed time = 88.82 sec. (172467.03 ticks, tree = 17.63 MB, solutions = 1)
  52122  8539     3267.1832   134     3274.0000     3267.0000  1083737    0.21%  x(c22_3_c40_3) N  52122   4488      6
  53370  8369     3267.3679    76     3274.0000     3267.3675  1102437    0.20%   x(c24_2_c9_2) N  53370  53369     39
  54657  8201     3267.7453    99     3274.0000     3267.7065  1120345    0.19%   x(c2_2_c28_2) N  54657  53157     26
  55971  7918        cutoff           3274.0000     3268.0639  1137615    0.18%      x(Op_c8_1) U  55971  50566     29
  56472  7852     3268.2069    93     3274.0000     3268.2074  1144806    0.18%   x(c24_2_c9_2) N  56472  55790     29
  57790  7704     3268.6662   110     3274.0000     3268.5031  1162101    0.17%      x(Op_c3_2) N  57790  57789     21
  59132  7381        cutoff           3274.0000     3268.8442  1178002    0.16%  x(c31_2_c30_2) D  59132  47098     28
  60402  7057     3269.2641    96     3274.0000     3269.2057  1194970    0.15%  x(c33_3_c32_3) N  60402  60401     23
  61716  6660        cutoff           3274.0000     3269.5513  1210670    0.14%  x(c18_1_c16_1) N  61716  34329     24
  63078  6172        cutoff           3274.0000     3269.9831  1225471    0.12%  x(c37_3_c15_3) U  63078  56069     26
Elapsed time = 105.01 sec. (210640.37 ticks, tree = 11.65 MB, solutions = 1)
  64397  5610     3270.4545   120     3274.0000     3270.3306  1240929    0.11%   x(c42_3_c9_3) N  64397  62965     27
  65721  5109     3270.7208    80     3274.0000     3270.6735  1256044    0.10%  x(c33_3_c31_3) N  65721  64904     30
  67099  4375        cutoff           3274.0000     3271.1041  1269348    0.09%  x(c31_2_c30_2) D  67099  36891     23
  68465  3745     3272.0722   102     3274.0000     3271.4534  1282730    0.08%   x(c20_3_c6_3) N  68465  26902     24
  69864  2953        cutoff           3274.0000     3271.8432  1295213    0.07%      x(c3_3_Om) U  69864  48812     27
  71327  1923        cutoff           3274.0000     3272.2729  1305923    0.05%   x(c6_3_c20_3) U  71327  27824     32
  72817   827        cutoff           3274.0000     3272.6820  1315285    0.04%   x(c3_3_c33_3) D  72817  70236     83

Clique cuts applied:  25
Cover cuts applied:  124
Flow cuts applied:  3
Mixed integer rounding cuts applied:  13
Zero-half cuts applied:  1
Gomory fractional cuts applied:  7
User cuts applied:  483

Root node processing (before b&c):
  Real time             =    0.22 sec. (519.80 ticks)
Sequential b&c:
  Real time             =  115.99 sec. (239791.04 ticks)
                          ------------
Total (root+branch&cut) =  116.21 sec. (240310.84 ticks)

