Version identifier: 22.1.0.0 | 2022-03-09 | 1a383f8ce
CPXPARAM_Preprocessing_Reduce                    0
CPXPARAM_Threads                                 1
CPXPARAM_Preprocessing_Reformulations            0
CPXPARAM_Emphasis_MIP                            2
CPXPARAM_TimeLimit                               7200
CPXPARAM_MIP_Tolerances_AbsMIPGap                0.98999999999999999
CPXPARAM_MIP_Limits_TreeMemory                   20000
Legacy callback                                  BbLUID
         Disabling repeat represolve because of lazy constraint/incumbent callback.
1 of 1 MIP starts provided solutions.
MIP start 'm1' defined initial solution with objective 6007.0000.
Tried aggregator 0 times.
Reduced MIP has 8100 rows, 7241 columns, and 43471 nonzeros.
Reduced MIP has 7054 binaries, 0 generals, 0 SOSs, and 0 indicators.
Presolve time = 0.00 sec. (2.31 ticks)
Probing time = 0.00 sec. (4.06 ticks)
Clique table members: 2603.
MIP emphasis: optimality.
MIP search method: traditional branch-and-cut.
Parallel mode: none, using 1 thread.
Root relaxation solution time = 0.01 sec. (17.50 ticks)

        Nodes                                         Cuts/
   Node  Left     Objective  IInf  Best Integer    Best Bound    ItCnt     Gap         Variable B NodeID Parent  Depth

*     0+    0                         6007.0000        0.0000           100.00%
      0     0     4738.8419   390     6007.0000     4738.8419      640   21.11%
      0     0     5889.6037   397     6007.0000     Cuts: 110     1001    1.95%
      0     0     5937.5035   389     6007.0000      Cuts: 38     1087    1.16%
      0     0     5958.0000   382     6007.0000      Cuts: 14     1132    0.82%
      0     0     5965.0175   387     6007.0000       Cuts: 3     1197    0.70%
      0     0     5973.0000   382     6007.0000       Cuts: 6     1246    0.57%
      0     0     5973.0000   380     6007.0000   ZeroHalf: 2     1269    0.57%
      0     0     5975.5000   358     6007.0000       Cuts: 2     1365    0.52%
      0     0     5975.5000   376     6007.0000   ZeroHalf: 1     1410    0.52%
      0     2     5975.5000   376     6007.0000     5975.5000     1410    0.52%                        0             0
Elapsed time = 3.25 sec. (6889.79 ticks, tree = 0.01 MB, solutions = 1)
      1     3     5975.5000   374     6007.0000     5976.0000     1466    0.52%  x(c30_4_c10_4) D      1      0      1
      3     5     5976.0000   358     6007.0000     5976.0000     1537    0.52%   x(c30_4_c9_4) D      3      2      3
      4     6     5976.0000   286     6007.0000     5976.0000     1594    0.52%  x(c36_3_c37_3) U      4      3      4
      5     7     5976.0000   292     6007.0000     5976.0000     1667    0.52%  x(c36_3_c37_3) D      5      3      4
      7     8     5976.0305   358     6007.0000     5976.0000     1740    0.52%  x(c36_4_c34_4) D      7      6      6
     15    14     5976.0982   276     6007.0000     5976.0000     1896    0.52%  x(c36_4_c18_4) D     15     14     13
     20    15     5977.5000   272     6007.0000     5976.0000     2260    0.52%  x(c37_4_c36_4) D     20      4      5
     26    18     5983.5000   278     6007.0000     5976.0000     2359    0.52%  x(c31_4_c39_4) D     26     25     11
     33    24     5997.0089   279     6007.0000     5976.0000     2681    0.52%  x(c29_4_c30_4) N     33     32     18
     40    27     5995.2245   358     6007.0000     5976.0000     3454    0.52%      x(c8_2_Om) N     40     39     24
Elapsed time = 6.03 sec. (12609.53 ticks, tree = 0.16 MB, solutions = 1)
     50    32     5995.4244   290     6007.0000     5976.0000     3827    0.52%  x(c22_2_c24_2) N     50     49     34
     78    49     5989.8000   286     6007.0000     5979.0000     5403    0.47%   x(c38_4_c8_4) N     78     73     10
     96    63     5980.1863   351     6007.0000     5980.0000     5772    0.45%  x(c38_2_c16_2) N     96     95     27
    108    74     5981.0521   380     6007.0000     5980.0397     6376    0.45%  x(c40_3_c22_3) U    108     83     15
    122    87     5980.2165   352     6007.0000     5980.2170     6859    0.45%    x(c7_2_c6_2) N    122    121     39
    147   111     5980.3445   326     6007.0000     5980.2229     7381    0.45%   x(c7_2_c14_2) N    147    146     64
    184   141     5980.3032   337     6007.0000     5980.3045     8571    0.44%   x(c32_2_c8_2) N    184    105     37
    212   162     5998.3354   315     6007.0000     5980.3831     9807    0.44%  x(c37_2_c18_2) U    212    185     39
    242   184     5981.1779   274     6007.0000     5981.1754    13542    0.43%    x(c2_3_c6_3) D    242    241     26
    292   212     5982.0949   313     6007.0000     5981.8371    16288    0.42%  x(c32_3_c38_3) D    292    291     59
Elapsed time = 10.99 sec. (22358.80 ticks, tree = 1.35 MB, solutions = 1)
    339   231     5993.5833   240     6007.0000     5983.5000    19879    0.39%      x(c8_2_Om) N    339    127     45
    387   243     5985.5235   281     6007.0000     5985.5000    23460    0.36%  x(c42_3_c26_3) D    387    374    106
    456   291     5986.5750   271     6007.0000     5986.5000    26468    0.34%   x(c9_4_c24_4) D    456    455     17
    512   315     5996.3109   319     6007.0000     5987.4015    30866    0.33%  x(c40_3_c10_3) U    512    228     60
    563   336     6005.0000   330     6007.0000     5988.5000    35398    0.31%   x(c15_2_c8_2) N    563    447      9
    613   361        cutoff           6007.0000     5989.5000    38979    0.29%   x(c9_4_c24_4) N    613    455     17
    677   375     6005.1124   320     6007.0000     5991.0000    42632    0.27%  x(c21_4_c35_4) U    677    635     20
    757   408     6002.0295   371     6007.0000     5992.0225    46087    0.25%  x(c35_4_c21_4) N    757    386      8
    830   426     6001.8137   301     6007.0000     5993.4167    49446    0.23%   x(c8_4_c18_4) D    830    829     56
    896   423     5994.6667   305     6007.0000     5994.5000    53094    0.21%  x(c35_4_c21_4) D    896    895     11
Elapsed time = 16.36 sec. (32116.67 ticks, tree = 2.03 MB, solutions = 1)
    941   430     5995.1299   160     6007.0000     5995.0000    55565    0.20%  x(c22_2_c24_2) D    941    940     26
    969   448     6005.4773   273     6007.0000     5995.0000    58445    0.20%  x(c39_3_c40_3) N    969    166     84
   1040   476     5995.2419   233     6007.0000     5995.1827    61235    0.20%   x(c8_2_c16_2) D   1040   1039     20
   1120   494     5995.4707   161     6007.0000     5995.4069    64268    0.19%  x(c41_1_c40_1) D   1120   1061     26
   1205   492        cutoff           6007.0000     5995.9707    68927    0.18%      x(c8_2_Om) U   1205   1148     23
   1296   460        cutoff           6007.0000     5996.7500    72354    0.17%  x(c18_4_c36_4) U   1296   1019     33
   1390   415     6003.0991   311     6007.0000     5997.9350    75101    0.15%  x(c29_4_c30_4) U   1390   1388     16
   1494   374        cutoff           6007.0000     5999.0000    78173    0.13%   x(c16_4_c8_4) U   1494    866     10
   1593   333        cutoff           6007.0000     6000.0240    81903    0.12%  x(c17_2_c14_2) U   1593    198     52
   1698   301        cutoff           6007.0000     6001.1879    84751    0.10%  x(c35_4_c31_4) U   1698    296     31
Elapsed time = 21.22 sec. (41864.04 ticks, tree = 1.14 MB, solutions = 1)
   1813   241     6002.7792   108     6007.0000     6002.7500    88495    0.07%  x(c18_2_c37_2) N   1813   1304     35
   1930   174     6004.7506   160     6007.0000     6003.7953    91304    0.05%  x(c37_2_c18_2) N   1930   1888     34
   2080    53     6005.5895   200     6007.0000     6005.2229    93881    0.03%  x(c37_4_c21_4) N   2080    978     25

Clique cuts applied:  37
Cover cuts applied:  11
Flow cuts applied:  11
Mixed integer rounding cuts applied:  23
Zero-half cuts applied:  6
Gomory fractional cuts applied:  9
User cuts applied:  307

Root node processing (before b&c):
  Real time             =    3.25 sec. (6890.02 ticks)
Sequential b&c:
  Real time             =   19.39 sec. (38248.74 ticks)
                          ------------
Total (root+branch&cut) =   22.64 sec. (45138.76 ticks)

