Version identifier: 22.1.0.0 | 2022-03-09 | 1a383f8ce
CPXPARAM_Preprocessing_Reduce                    1
CPXPARAM_Threads                                 1
CPXPARAM_Preprocessing_Reformulations            0
CPXPARAM_Emphasis_MIP                            2
CPXPARAM_TimeLimit                               7200
CPXPARAM_MIP_Tolerances_AbsMIPGap                0.98999999999999999
CPXPARAM_MIP_Limits_TreeMemory                   20000
Legacy callback                                  BbD
1 of 1 MIP starts provided solutions.
MIP start 'm1' defined initial solution with objective 2620.0000.
Tried aggregator 1 time.
MIP Presolve modified 1329 coefficients.
Reduced MIP has 1636 rows, 1457 columns, and 7184 nonzeros.
Reduced MIP has 1392 binaries, 0 generals, 0 SOSs, and 0 indicators.
Presolve time = 0.00 sec. (4.14 ticks)
Probing time = 0.00 sec. (2.47 ticks)
Tried aggregator 1 time.
Reduced MIP has 1636 rows, 1457 columns, and 7184 nonzeros.
Reduced MIP has 1392 binaries, 0 generals, 0 SOSs, and 0 indicators.
Presolve time = 0.00 sec. (2.58 ticks)
Probing time = 0.00 sec. (2.49 ticks)
Clique table members: 765.
MIP emphasis: optimality.
MIP search method: traditional branch-and-cut.
Parallel mode: none, using 1 thread.
Root relaxation solution time = 0.00 sec. (2.64 ticks)

        Nodes                                         Cuts/
   Node  Left     Objective  IInf  Best Integer    Best Bound    ItCnt     Gap         Variable B NodeID Parent  Depth

*     0+    0                         2620.0000        0.0000           100.00%
      0     0     2275.4650   140     2620.0000     2275.4650      139   13.15%
      0     0     2464.0059   131     2620.0000      Cuts: 27      227    5.95%
      0     0     2468.0214   137     2620.0000       Cuts: 8      264    5.80%
      0     0     2468.0214   137     2620.0000       Cuts: 2      268    5.80%
      0     0     2468.1716   137     2620.0000       Cuts: 2      282    5.79%
      0     0     2479.0214   135     2620.0000       Cuts: 2      288    5.38%
      0     0     2489.0214   135     2620.0000   ZeroHalf: 2      292    5.00%
      0     0     2490.0214   139     2620.0000   ZeroHalf: 3      295    4.96%
      0     0     2495.0214   137     2620.0000   ZeroHalf: 2      299    4.77%
      0     0     2495.0214   137     2620.0000       Cuts: 2      300    4.77%
      0     2     2495.0214   110     2620.0000     2495.0214      300    4.77%                        0             0
Elapsed time = 0.15 sec. (335.22 ticks, tree = 0.01 MB, solutions = 1)
      3     5     2495.4635   110     2620.0000     2495.4886      335    4.75%  x(c23_3_c17_3) D      3      1      2
     31    33     2496.2639   105     2620.0000     2495.4886      486    4.75%    x(c8_2_c4_2) D     31     30     30
     95    70     2537.5239   124     2620.0000     2524.0214     1613    3.66%  x(c21_3_c17_3) N     95      2      2
    197   162     2557.8586   113     2620.0000     2557.9138     4252    2.37%  x(c18_3_c23_3) D    197    196      7
    370   308     2562.7758    99     2620.0000     2562.7758     6440    2.18%   x(c16_3_c8_3) U    370    369     17
    530   444     2566.8441   101     2620.0000     2564.8441     8609    2.11%    x(c8_2_c9_2) U    530    143      7
    700   561     2570.4197   108     2620.0000     2566.3761    10818    2.05%    x(c8_2_c9_2) U    700    698     12
    873   704     2618.4017   118     2620.0000     2567.4582    12945    2.01%    x(c6_2_c7_2) U    873    810     12
   1048   843     2568.6453   108     2620.0000     2568.3289    14948    1.97%  x(c16_3_c21_3) D   1048   1047     33
   1940  1371     2572.2000    82     2620.0000     2571.2000    27339    1.86%   x(c10_3_c9_3) N   1940    265      9
Elapsed time = 1.44 sec. (3459.38 ticks, tree = 1.32 MB, solutions = 1)
   2876  1800     2579.2000    83     2620.0000     2575.2000    39082    1.71%   x(c16_3_c8_3) U   2876   2071      8
   3622  2210     2577.5149    93     2620.0000     2577.2140    47683    1.63%  x(c20_3_c17_3) D   3622   3621     18
   4358  2570     2582.7515   121     2620.0000     2579.2266    61178    1.56%   x(c16_3_c9_3) U   4358    703     10
   5010  2799     2601.0422    84     2620.0000     2582.5333    76783    1.43%   x(c8_3_c16_3) U   5010   3371     19
   5842  3258     2584.5157    91     2620.0000     2584.4801    89831    1.36%  x(c17_3_c20_3) D   5842   5647     22
   6644  3670        cutoff           2620.0000     2585.9416   102834    1.30%  x(c21_3_c23_3) U   6644    399     10
   7482  4107     2594.2162   103     2620.0000     2587.1513   114920    1.25%    x(c4_3_c3_3) D   7482   4397     10
   8294  4580     2593.3750   104     2620.0000     2588.2000   126857    1.21%  x(c17_3_c20_3) D   8294   2602     11
   9008  4934     2601.0773    83     2620.0000     2589.0262   135897    1.18%  x(c12_3_c21_3) U   9008    246     13
  10028  5511        cutoff           2620.0000     2589.8008   147401    1.15%  x(c20_3_c23_3) D  10028   7717     26
Elapsed time = 5.60 sec. (13004.66 ticks, tree = 5.25 MB, solutions = 1)
  10961  6021     2608.5000   103     2620.0000     2590.5019   159327    1.13%    x(c4_3_c5_3) U  10961   5514     16
  11789  6424     2591.1931    83     2620.0000     2591.0275   167846    1.11%    x(c7_2_c4_2) D  11789  11788     28
  12475  6826     2600.1105    89     2620.0000     2591.3512   176748    1.09%  x(c13_2_c12_2) D  12475  12473     23
  13363  7257     2591.9421   104     2620.0000     2591.9204   187806    1.07%  x(c20_3_c22_3) D  13363  11083     20
  14086  7705        cutoff           2620.0000     2592.3304   199132    1.06%  x(c16_3_c21_3) U  14086  14084     40
  14925  8143     2593.0297    95     2620.0000     2592.8589   210391    1.04%   x(c16_3_c7_3) D  14925  14924     49
  15718  8614        cutoff           2620.0000     2593.2319   223459    1.02%   x(c20_3_c9_3) U  15718   7092     19
  16409  8895     2603.3838   123     2620.0000     2593.6702   236417    1.00%  x(c20_3_c17_3) U  16409   6102     14
  17000  9183     2597.1255    80     2620.0000     2594.1255   250761    0.99%   x(c8_3_c16_3) D  17000  12026     16
  17704  9573     2596.1407    86     2620.0000     2594.5186   266225    0.97%  x(c16_3_c11_3) U  17704   5014     12
Elapsed time = 9.79 sec. (22706.93 ticks, tree = 9.39 MB, solutions = 1)
  18364  9891     2614.9090    98     2620.0000     2594.8805   278294    0.96%    x(c4_3_c3_3) D  18364  15910     26
  18968 10167     2597.8937   108     2620.0000     2595.2640   294825    0.94%  x(c20_3_c17_3) D  18968  10336     19
  19669 10560     2596.3346    95     2620.0000     2595.6684   310036    0.93%  x(c17_3_c16_3) D  19669  17934     16
  20264 10862        cutoff           2620.0000     2595.9918   322150    0.92%  x(c21_3_c17_3) U  20264  16121     25
  20873 11215     2598.2837    82     2620.0000     2596.2840   339037    0.91%    x(c5_2_c3_2) U  20873  18161     13
  21593 11597     2608.7930    76     2620.0000     2596.6253   354051    0.89%  x(c17_2_c16_2) U  21593  18180     20
  22359 12078     2612.5827    92     2620.0000     2596.8995   367974    0.88%  x(c21_3_c20_3) U  22359  22357     20
  23000 12448     2606.4522    82     2620.0000     2597.1280   381341    0.87%  x(c11_2_c12_2) D  23000  22998     17
  23703 12787     2614.6399    98     2620.0000     2597.4519   395599    0.86%  x(c11_3_c16_3) U  23703   6791     18
  24439 13184     2616.6775    84     2620.0000     2597.7300   409799    0.85%   x(c8_3_c16_3) N  24439  13745     19
Elapsed time = 14.12 sec. (32542.05 ticks, tree = 12.74 MB, solutions = 1)
  25000 13548     2597.9312    93     2620.0000     2597.9017   420481    0.84%  x(c11_2_c16_2) D  25000  24999     25
  25706 13929     2608.2884   113     2620.0000     2598.1483   434708    0.83%   x(c16_3_c9_3) U  25706  10322     12
  26483 14347        cutoff           2620.0000     2598.4338   448188    0.82%  x(c11_3_c14_3) U  26483  23670     36
  27214 14724     2606.7690    97     2620.0000     2598.7031   461706    0.81%  x(c12_2_c15_2) D  27214  27211     14
  27989 15214     2599.0165   109     2620.0000     2598.8964   474841    0.81%  x(c11_3_c10_3) U  27989  27988     23
  28465 15474     2608.8434    99     2620.0000     2599.0130   482564    0.80%    x(c4_3_c6_3) U  28465   6390     11
  29055 15843        cutoff           2620.0000     2599.1925   492977    0.79%  x(c16_3_c21_3) U  29055  11810     35
  29796 16259        cutoff           2620.0000     2599.4356   505991    0.78%  x(c14_2_c11_2) U  29796  29324     33
  30402 16550        cutoff           2620.0000     2599.6467   516890    0.78%   x(c20_3_c8_3) U  30402   9518     17
  31190 17076     2600.0900   110     2620.0000     2599.8095   529663    0.77%    x(c4_3_c6_3) D  31190  19258     15
Elapsed time = 18.29 sec. (42292.80 ticks, tree = 16.89 MB, solutions = 1)
  32033 17576     2600.2628    72     2620.0000     2599.9618   541306    0.76%   x(c3_3_c15_3) U  32033  32032     25
  32744 17957     2600.1295   112     2620.0000     2600.1270   554970    0.76%  x(c12_3_c16_3) D  32744  31789     35
  33516 18285     2607.3158    71     2620.0000     2600.3288   567483    0.75%   x(c9_3_c10_3) U  33516  31635     24
  34295 18709     2615.9870   101     2620.0000     2600.5184   579825    0.74%   x(c9_2_c16_2) N  34295   1236     29
  35101 19085     2600.7217    70     2620.0000     2600.7217   591474    0.74%    x(c9_3_c8_3) D  35101  28108     32
  35891 19581     2602.9535    82     2620.0000     2600.8598   603644    0.73%    x(c6_1_c7_1) D  35891  35890     18
  36672 20043     2602.8012    99     2620.0000     2600.9902   614057    0.73%    x(c7_1_c5_1) U  36672  18666     32
  37217 20370     2601.1641    88     2620.0000     2601.0593   620965    0.72%  x(c16_3_c12_3) D  37217  37216     38
  37990 20750     2601.2045    66     2620.0000     2601.2045   633002    0.72%  x(c12_2_c15_2) D  37990  34120     23
  38623 21119     2602.8399   113     2620.0000     2601.3166   641451    0.71%    x(c2_2_c4_2) D  38623  38621     37
Elapsed time = 22.21 sec. (51836.67 ticks, tree = 20.57 MB, solutions = 1)
  39240 21467     2601.4301    89     2620.0000     2601.4170   649232    0.71%    x(c3_3_c4_3) D  39240  39239     25
  40074 21977    infeasible           2620.0000     2601.5186   660211    0.71%  x(c12_3_c11_3) U  40074  38258     37
  40889 22342     2604.8749    87     2620.0000     2601.6667   671499    0.70%  x(c10_3_c15_3) U  40889  14826     21
  41667 22784     2605.7756    97     2620.0000     2601.7756   682616    0.70%  x(c12_2_c15_2) D  41667  34973     17
  42417 23296     2613.9702    64     2620.0000     2601.8731   695040    0.69%  x(c20_3_c17_3) U  42417  23560     25
  43000 23643     2610.9261    58     2620.0000     2601.9580   703923    0.69%  x(c11_2_c12_2) D  43000  32026     20
  43782 24015     2604.0702    88     2620.0000     2602.0703   715619    0.68%  x(c12_2_c15_2) N  43782  30486     16
  44528 24344        cutoff           2620.0000     2602.2063   727112    0.68%  x(c12_3_c11_3) D  44528  40820     42
  45045 24588     2605.8969    77     2620.0000     2602.3022   735139    0.68%  x(c13_2_c11_2) U  45045  45044     21
  45855 25044     2602.5275    62     2620.0000     2602.4261   746559    0.67%  x(c15_2_c12_2) D  45855  45853     22
Elapsed time = 26.14 sec. (61501.87 ticks, tree = 24.18 MB, solutions = 1)
  46643 25504     2602.7447    79     2620.0000     2602.5324   758217    0.67%    x(c2_2_c4_2) D  46643  46642     30
  47457 25845     2602.6686    79     2620.0000     2602.6492   768625    0.66%  x(c22_3_c16_3) D  47457  46123     32
  48295 26382     2609.7476    69     2620.0000     2602.7389   779606    0.66%  x(c16_3_c11_3) U  48295  45851     20
  49067 26846     2602.9404    90     2620.0000     2602.8367   790646    0.66%  x(c16_3_c10_3) D  49067  49066     27
  49845 27326     2616.8733    74     2620.0000     2602.9167   802038    0.65%  x(c16_2_c17_2) U  49845  41873     36
  50274 27604        cutoff           2620.0000     2602.9533   807649    0.65%  x(c16_2_c17_2) U  50274  50272     23
  51068 28012     2603.1475    84     2620.0000     2603.0311   818839    0.65%  x(c20_3_c17_3) N  51068  51067     21
  51881 28398     2612.6216   122     2620.0000     2603.1142   829136    0.64%    x(c5_2_c7_2) D  51881  51879     33
  52692 28796     2603.2191    78     2620.0000     2603.1977   839742    0.64%    x(c4_2_c2_2) D  52692  52691     39
  53268 28952     2606.9185    84     2620.0000     2603.2852   847394    0.64%    x(c7_1_c5_1) U  53268  52580     27
Elapsed time = 29.97 sec. (71043.76 ticks, tree = 27.76 MB, solutions = 1)
  54073 29362     2616.4240    93     2620.0000     2603.3783   858760    0.63%  x(c16_2_c17_2) N  54073  33800     25
  54844 29786     2603.4540    86     2620.0000     2603.4543   870263    0.63%    x(c9_3_c8_3) D  54844  52618     18
  55600 30170     2613.7657    98     2620.0000     2603.5446   881482    0.63%   x(c16_2_c9_2) N  55600   4614     19
  56400 30544     2612.4000    74     2620.0000     2603.6635   892251    0.62%    x(c5_2_c4_2) U  56400  33676     18
  57173 30908     2613.3064    88     2620.0000     2603.7520   904309    0.62%    x(c5_2_c4_2) N  57173  57172     29
  57955 31352     2609.2689   107     2620.0000     2603.8230   916276    0.62%  x(c10_2_c11_2) U  57955  35474     19
  58717 31830        cutoff           2620.0000     2603.8955   928573    0.61%   x(c8_3_c16_3) U  58717  42338     23
  59444 32209     2612.4740    62     2620.0000     2603.9740   940562    0.61%  x(c16_2_c17_2) U  59444  59442     20
  60000 32468     2609.5416    63     2620.0000     2604.0368   949847    0.61%  x(c12_2_c15_2) U  60000  59999     19
  60729 32827     2616.9237    81     2620.0000     2604.1232   962137    0.61%    x(c9_2_c7_2) D  60729  21987     27
Elapsed time = 33.91 sec. (80748.84 ticks, tree = 32.68 MB, solutions = 1)
  61489 33132        cutoff           2620.0000     2604.2362   973926    0.60%  x(c16_2_c17_2) U  61489  61487     26
  62220 33408     2616.4271    41     2620.0000     2604.3426   986671    0.60%  x(c15_2_c10_2) N  62220  39474     24
  63059 33826     2608.4717   101     2620.0000     2604.4265   998685    0.59%  x(c16_2_c10_2) U  63059  47297     22
  63868 34248     2604.7595    99     2620.0000     2604.5033  1010822    0.59%    x(c9_3_c8_3) N  63868  46040     18
  64701 34695     2604.6258    76     2620.0000     2604.5943  1022804    0.59%   x(c16_3_c9_3) D  64701  63161     38
  65414 35066     2604.8014    99     2620.0000     2604.6667  1032286    0.59%  x(c11_3_c10_3) D  65414  47824     17
  66179 35481        cutoff           2620.0000     2604.7369  1042838    0.58%  x(c16_3_c18_3) U  66179  44290     28
  66950 35864     2614.8981    72     2620.0000     2604.7991  1053527    0.58%    x(c3_2_c4_2) D  66950  54248     20
  67568 36218     2605.8502    90     2620.0000     2604.8504  1063120    0.58%  x(c11_2_c12_2) D  67568  31400     20
  70348 37829     2615.0417    67     2620.0000     2605.0261  1102306    0.57%  x(c11_2_c12_2) U  70348  20525     18
Elapsed time = 38.92 sec. (93155.95 ticks, tree = 37.36 MB, solutions = 1)
  73564 39137     2611.3088    69     2620.0000     2605.3213  1146887    0.56%  x(c11_2_c12_2) D  73564  29476     22
  76857 40519     2605.7843    53     2620.0000     2605.6068  1193079    0.55%  x(c11_3_c14_3) D  76857  76855     24
  80075 41997     2605.9302    75     2620.0000     2605.8620  1241492    0.54%  x(c11_2_c12_2) U  80075  80074     22
  83413 43482     2606.1425    76     2620.0000     2606.1101  1287219    0.53%  x(c16_2_c18_2) D  83413  80821     28
  86673 44695     2606.3855    78     2620.0000     2606.3855  1332979    0.52%  x(c16_3_c11_3) D  86673  29588     29
  89993 46164     2606.6795    90     2620.0000     2606.6046  1376542    0.51%  x(c14_2_c13_2) N  89993  70389     28
  93406 47702     2611.0943    76     2620.0000     2606.8142  1419965    0.50%    x(c7_1_c5_1) U  93406  41738     14
  96738 49271     2613.8729   109     2620.0000     2607.0000  1465705    0.50%  x(c20_3_c21_3) U  96738   5721     18
  99878 50243     2607.2333    62     2620.0000     2607.2333  1509471    0.49%    x(c3_2_c4_2) U  99878  78327     25
 102904 51116     2613.8157    67     2620.0000     2607.4712  1555555    0.48%  x(c11_3_c14_3) U 102904  31544     27
Elapsed time = 54.22 sec. (131308.23 ticks, tree = 49.80 MB, solutions = 1)
 105964 51889     2614.6545    81     2620.0000     2607.7406  1600190    0.47%  x(c11_3_c10_3) D 105964  54520     20
 108876 52754        cutoff           2620.0000     2607.9629  1648121    0.46%   x(c8_3_c16_3) U 108876  94609     26
 111750 53523     2613.8187   111     2620.0000     2608.2109  1694558    0.45%    x(c7_3_c5_3) D 111750  48510     17
 114654 54397     2616.0425    55     2620.0000     2608.4570  1741176    0.44%    x(c6_1_c7_1) U 114654 114652     23
 117584 55311     2609.7706    88     2620.0000     2608.6707  1786364    0.43%   x(c16_2_c9_2) U 117584  79684     28
 120524 56413     2610.1869   106     2620.0000     2608.8537  1833452    0.43%  x(c10_2_c11_2) D 120524 107579     27
 123357 57198     2609.0681    56     2620.0000     2609.0601  1879844    0.42%  x(c12_2_c14_2) D 123357 114148     26
 126374 58264     2609.5726    83     2620.0000     2609.2728  1923310    0.41%    x(c7_1_c5_1) U 126374  79398     26
 129342 59248        cutoff           2620.0000     2609.4471  1968390    0.40%  x(c10_3_c16_3) U 129342  13240     33
 132177 60079     2610.4337    78     2620.0000     2609.6186  2008523    0.40%    x(c9_2_c8_2) U 132177  88805     49
Elapsed time = 69.48 sec. (169464.29 ticks, tree = 58.31 MB, solutions = 1)
 135186 61010     2609.8030    88     2620.0000     2609.7865  2051611    0.39%   x(c16_3_c9_3) N 135186 130850     24
 137809 61498     2610.5480    98     2620.0000     2609.9647  2092272    0.38%  x(c11_2_c12_2) D 137809 106783     23
 140675 62061     2610.7798   104     2620.0000     2610.1283  2132644    0.38%  x(c12_2_c13_2) N 140675  69653     18
 143509 62834     2610.3789   101     2620.0000     2610.2931  2170439    0.37%  x(c11_3_c10_3) U 143509 117794     21
 146223 63462     2613.2222    86     2620.0000     2610.4255  2207790    0.37%   x(c9_2_c16_2) N 146223 146222     19
 148922 64064     2611.4725    66     2620.0000     2610.5727  2251810    0.36%    x(c2_1_c4_1) D 148922 134959     27
 151487 64586        cutoff           2620.0000     2610.7131  2292274    0.35%    x(c3_3_c4_3) D 151487 106769     25
 154256 65027     2610.8908    88     2620.0000     2610.8604  2336169    0.35%   x(c14_3_c3_3) D 154256 154255     24
 156760 65311     2617.0251    58     2620.0000     2611.0192  2377067    0.34%    x(c6_1_c7_1) U 156760 118648     25
 159250 65530        cutoff           2620.0000     2611.1505  2414941    0.34%  x(c12_2_c13_2) N 159250  83838     25
Elapsed time = 84.30 sec. (207615.92 ticks, tree = 66.45 MB, solutions = 1)
 162041 65863     2615.2297    55     2620.0000     2611.3000  2454793    0.33%  x(c12_2_c15_2) D 162041  34337     21
 164710 66064     2611.4696   102     2620.0000     2611.4371  2497415    0.33%  x(c15_2_c10_2) D 164710 124439     21
 167159 66276     2611.5679    79     2620.0000     2611.5680  2533570    0.32%  x(c11_3_c10_3) D 167159 149804     21
 169946 66433     2611.7319    95     2620.0000     2611.7075  2573589    0.32%    x(c9_3_c8_3) D 169946 155366     24
 172712 66486     2611.8626   100     2620.0000     2611.8627  2613250    0.31%  x(c11_3_c10_3) N 172712 168725     22
 175256 66477     2612.0325    78     2620.0000     2612.0302  2649937    0.30%  x(c13_2_c11_2) D 175256 144485     38
 177912 66487     2612.9439    92     2620.0000     2612.1718  2686568    0.30%  x(c11_3_c10_3) D 177912  76247     25
 180464 66397        cutoff           2620.0000     2612.3180  2721325    0.29%  x(c15_2_c12_2) D 180464 122382     19
 183276 66338     2612.4702    96     2620.0000     2612.4654  2760010    0.29%   x(c9_2_c16_2) U 183276 129649     27
 185905 66415        cutoff           2620.0000     2612.5901  2793205    0.28%  x(c16_2_c17_2) U 185905 167586     26
Elapsed time = 98.88 sec. (245769.62 ticks, tree = 67.71 MB, solutions = 1)
 188793 66460     2613.3724   111     2620.0000     2612.7277  2828702    0.28%   x(c16_2_c9_2) D 188793  91849     11
 191542 66370        cutoff           2620.0000     2612.8594  2864442    0.27%  x(c11_2_c12_2) U 191542  94417     21
 194212 66099        cutoff           2620.0000     2613.0036  2896679    0.27%    x(c6_1_c7_1) U 194212 134273     22
 196781 65923     2617.0818    55     2620.0000     2613.1257  2928960    0.26%  x(c14_2_c13_2) N 196781 196779     38
 199688 65484     2613.4003    96     2620.0000     2613.2654  2960962    0.26%    x(c7_1_c6_1) D 199688 199686     27
 202476 65098     2618.3980   107     2620.0000     2613.3982  2995923    0.25%  x(c11_2_c12_2) N 202476 128488     20
 205229 64712     2616.3950    87     2620.0000     2613.5201  3028172    0.25%  x(c15_2_c12_2) N 205229  76241     24
 208007 64366     2614.7888    95     2620.0000     2613.6435  3059904    0.24%    x(c4_1_c2_1) D 208007 150147     22
 210696 63986        cutoff           2620.0000     2613.7606  3090534    0.24%  x(c17_2_c16_2) U 210696 134183     31
 213559 63450     2614.2500    94     2620.0000     2613.9078  3121883    0.23%    x(c9_3_c8_3) N 213559 208146     30
Elapsed time = 113.22 sec. (283921.82 ticks, tree = 65.31 MB, solutions = 1)
 216240 62890    infeasible           2620.0000     2614.0412  3150370    0.23%  x(c10_2_c11_2) U 216240 216239     35
 219250 62150        cutoff           2620.0000     2614.1733  3180621    0.22%    x(c4_3_c3_3) D 219250 159918     22
 222211 61262     2614.3208    81     2620.0000     2614.3138  3211333    0.22%  x(c12_3_c22_3) N 222211 211688     27
 225068 60458     2614.4528    55     2620.0000     2614.4529  3242672    0.21%  x(c15_3_c11_3) D 225068 215712     28
 228000 59532    infeasible           2620.0000     2614.5849  3273411    0.21%  x(c11_2_c12_2) N 228000 186054     23
 230883 58662        cutoff           2620.0000     2614.7169  3303971    0.20%   x(c7_1_c16_1) U 230883 170122     35
 233896 57742     2616.3241    36     2620.0000     2614.8643  3334869    0.20%  x(c13_2_c14_2) N 233896 171393     30
 236887 56850     2615.7533    93     2620.0000     2615.0153  3364960    0.19%     x(Op_c15_2) D 236887  96180     27
 239915 55813     2615.4166    76     2620.0000     2615.1475  3392259    0.19%  x(c11_3_c10_3) N 239915 138491     21
 242922 54600        cutoff           2620.0000     2615.2928  3418945    0.18%  x(c11_3_c10_3) D 242922 214547     22
Elapsed time = 127.45 sec. (322075.79 ticks, tree = 57.20 MB, solutions = 1)
 245720 53483     2616.7500    96     2620.0000     2615.4167  3447336    0.17%  x(c18_3_c17_3) N 245720 155871     18
 248675 52218     2615.5472    60     2620.0000     2615.5472  3475608    0.17%    x(c6_1_c7_1) N 248675 188933     23
 251610 50792     2616.4674    79     2620.0000     2615.6816  3502236    0.16%    x(c6_2_c7_2) N 251610 114374     23
 254579 49450     2616.4107    88     2620.0000     2615.8260  3528645    0.16%    x(c4_3_c3_3) U 254579 122670     21
 257603 48052     2618.0332   111     2620.0000     2615.9777  3555050    0.15%    x(c6_2_c7_2) D 257603 142271     11
 260603 46622     2616.2494    63     2620.0000     2616.0947  3578937    0.15%  x(c13_2_c15_2) U 260603 252976     33
 263780 45129        cutoff           2620.0000     2616.2200  3602825    0.14%    x(c4_1_c2_1) U 263780 166213     26
 266863 43641     2616.3389    77     2620.0000     2616.3383  3626757    0.14%    x(c4_2_c6_2) D 266863 266862     33
 269855 42239     2616.8115    41     2620.0000     2616.4525  3651573    0.14%  x(c13_2_c14_2) D 269855 171383     32
 272823 40697     2616.5650    69     2620.0000     2616.5650  3675522    0.13%   x(c14_3_c3_3) N 272823 221202     26
Elapsed time = 141.44 sec. (360232.00 ticks, tree = 44.22 MB, solutions = 1)
 275866 39140     2616.7158    91     2620.0000     2616.6815  3698377    0.13%    x(c6_1_c7_1) N 275866 229305     26
 278899 37540     2616.8048    67     2620.0000     2616.8048  3720121    0.12%    x(c6_1_c7_1) N 278899 237690     21
 281898 35848    infeasible           2620.0000     2616.9482  3741893    0.12%    x(c9_3_c8_3) D 281898 274174     23
 284959 34046        cutoff           2620.0000     2617.0664  3763902    0.11%    x(c3_3_c4_3) D 284959 108743     17
 288041 32148    infeasible           2620.0000     2617.1775  3783689    0.11%  x(c11_3_c10_3) N 288041 217523     37
 291110 30242        cutoff           2620.0000     2617.2995  3803081    0.10%  x(c21_1_c26_1) U 291110 239590     34
 294066 28132     2618.6728    73     2620.0000     2617.4229  3823015    0.10%  x(c16_1_c17_1) N 294066 188928     28
 296991 26069    infeasible           2620.0000     2617.5387  3842946    0.09%    x(c3_2_c4_2) N 296991 296990     18
 299987 23877        cutoff           2620.0000     2617.6681  3861026    0.09%    x(c3_3_c4_3) U 299987 123262     31
 302985 21534     2617.8074    72     2620.0000     2617.8074  3877153    0.08%    x(c7_1_c5_1) N 302985 229219     26
Elapsed time = 155.25 sec. (398386.61 ticks, tree = 26.10 MB, solutions = 1)
 305972 19092     2617.9888    81     2620.0000     2617.9757  3892721    0.08%  x(c11_2_c12_2) N 305972 175912     22
 309031 16565        cutoff           2620.0000     2618.0999  3911445    0.07%  x(c14_1_c10_1) U 309031 251840     24
 312137 13932        cutoff           2620.0000     2618.2366  3926219    0.07%  x(c16_3_c12_3) U 312137  63068     30
 315280 11248        cutoff           2620.0000     2618.3778  3940564    0.06%    x(c3_3_c4_3) D 315280 151447     24
 318375  8606    infeasible           2620.0000     2618.5091  3955296    0.06%    x(c7_3_c5_3) D 318375 315629     19
 321470  5944        cutoff           2620.0000     2618.6495  3969168    0.05%  x(c14_1_c10_1) U 321470 177537     40
 324727  2936        cutoff           2620.0000     2618.8184  3981412    0.05%  x(c11_2_c12_2) D 324727 106697     17

Clique cuts applied:  19
Cover cuts applied:  152
Mixed integer rounding cuts applied:  14
Zero-half cuts applied:  6
Gomory fractional cuts applied:  7

Root node processing (before b&c):
  Real time             =    0.15 sec. (335.35 ticks)
Sequential b&c:
  Real time             =  165.72 sec. (430327.42 ticks)
                          ------------
Total (root+branch&cut) =  165.87 sec. (430662.76 ticks)

