Version identifier: 22.1.0.0 | 2022-03-09 | 1a383f8ce
CPXPARAM_Preprocessing_Reduce                    1
CPXPARAM_Threads                                 1
CPXPARAM_Preprocessing_Reformulations            0
CPXPARAM_Emphasis_MIP                            2
CPXPARAM_TimeLimit                               7200
CPXPARAM_MIP_Tolerances_AbsMIPGap                0.98999999999999999
CPXPARAM_MIP_Limits_TreeMemory                   20000
Legacy callback                                  BbD
1 of 1 MIP starts provided solutions.
MIP start 'm1' defined initial solution with objective 2291.0000.
Tried aggregator 1 time.
MIP Presolve modified 706 coefficients.
Reduced MIP has 906 rows, 800 columns, and 3872 nonzeros.
Reduced MIP has 752 binaries, 0 generals, 0 SOSs, and 0 indicators.
Presolve time = 0.00 sec. (2.43 ticks)
Probing time = 0.00 sec. (1.68 ticks)
Tried aggregator 1 time.
Reduced MIP has 906 rows, 800 columns, and 3872 nonzeros.
Reduced MIP has 752 binaries, 0 generals, 0 SOSs, and 0 indicators.
Presolve time = 0.00 sec. (1.50 ticks)
Probing time = 0.00 sec. (1.72 ticks)
Clique table members: 428.
MIP emphasis: optimality.
MIP search method: traditional branch-and-cut.
Parallel mode: none, using 1 thread.
Root relaxation solution time = 0.00 sec. (1.56 ticks)

        Nodes                                         Cuts/
   Node  Left     Objective  IInf  Best Integer    Best Bound    ItCnt     Gap         Variable B NodeID Parent  Depth

*     0+    0                         2291.0000        0.0000           100.00%
      0     0     1753.2593    93     2291.0000     1753.2593      115   23.47%
      0     0     1993.2329    97     2291.0000      Cuts: 21      183   13.00%
      0     0     2017.8349    95     2291.0000      Cuts: 10      221   11.92%
      0     0     2024.7496    99     2291.0000       Cuts: 8      229   11.62%
      0     0     2024.7543   104     2291.0000       Cuts: 3      236   11.62%
      0     0     2035.2475   103     2291.0000   ZeroHalf: 2      250   11.16%
      0     0     2042.5781   104     2291.0000       Cuts: 3      261   10.84%
      0     0     2046.6957   111     2291.0000       Cuts: 7      278   10.66%
      0     0     2059.3468   112     2291.0000       Cuts: 5      320   10.11%
      0     0     2066.1906   112     2291.0000       Cuts: 3      322    9.81%
      0     0     2066.6813   108     2291.0000     Covers: 1      329    9.79%
      0     0     2067.9302   111     2291.0000   ZeroHalf: 4      343    9.74%
      0     0     2069.1643   113     2291.0000       Cuts: 4      359    9.68%
      0     0     2073.1764   112     2291.0000   ZeroHalf: 4      385    9.51%
      0     0     2074.1581   111     2291.0000     Covers: 1      399    9.46%
      0     0     2077.7876   112     2291.0000   ZeroHalf: 5      410    9.31%
      0     0     2078.1922   107     2291.0000   ZeroHalf: 3      429    9.29%
      0     2     2078.1922   107     2291.0000     2078.1922      429    9.29%                        0             0
Elapsed time = 0.08 sec. (172.77 ticks, tree = 0.01 MB, solutions = 1)
    115    86     2130.5148    90     2291.0000     2130.5935     1385    7.00%    x(c7_2_c5_2) U    115    114      7
    286   250     2190.6242    47     2291.0000     2174.0177     6236    5.11%    x(c9_2_c7_2) D    286    284     16
    465   414     2228.0998    50     2291.0000     2194.2835    12055    4.22%    x(c5_1_c8_1) D    465    242     10
    720   630     2208.9181    63     2291.0000     2203.7559    17612    3.81%  x(c24_1_c17_1) D    720    438     11
    977   861     2213.5214    51     2291.0000     2207.3347    21620    3.65%    x(c6_2_c7_2) U    977    916     10
   1247  1124     2215.8238    46     2291.0000     2210.6681    26899    3.51%    x(c8_1_c6_1) U   1247    559      8
   1519  1367     2216.8738    32     2291.0000     2213.0833    31795    3.40%  x(c22_1_c26_1) U   1519   1518     13
   1800  1603     2214.9254    53     2291.0000     2214.2595    34813    3.35%    x(c8_1_c4_1) D   1800   1799     35
   2163  1934     2234.3380    59     2291.0000     2215.3378    38647    3.30%    x(c5_2_c9_2) U   2163    363     12
   3467  3010        cutoff           2291.0000     2218.9076    58858    3.15%   x(c16_1_c4_1) U   3467   2966     46
Elapsed time = 1.50 sec. (3282.15 ticks, tree = 1.92 MB, solutions = 1)
   4499  3747     2234.0897    25     2291.0000     2221.7500    78377    3.02%  x(c22_2_c20_2) D   4499   4498     54
   5801  4729     2223.9690    56     2291.0000     2223.6958    95671    2.94%  x(c20_1_c24_1) D   5801   5800     23
   7108  5746     2226.7869    93     2291.0000     2225.2804   113612    2.87%    x(c4_1_c9_1) D   7108   7106     16
   8433  6948     2226.4731    49     2291.0000     2226.0182   126372    2.84%  x(c16_1_c17_1) D   8433   8432     50
   9754  8067     2277.4385    25     2291.0000     2226.7081   144532    2.81%   x(c2_2_c14_2) U   9754   9603     85
  10825  8863     2265.9515    45     2291.0000     2227.4878   165107    2.77%   x(c11_1_c8_1) U  10825   9190     30
  11886  9652     2239.5259    45     2291.0000     2228.3333   186746    2.74%    x(c4_1_c9_1) U  11886   5788     18
  12780 10270     2229.7672    46     2291.0000     2229.1913   208651    2.70%    x(c5_1_c6_1) N  12780  12779     27
  13682 10930     2238.9000    43     2291.0000     2230.0142   228128    2.66%  x(c17_3_c20_3) D  13682   7054     17
  14718 11774     2261.6796    74     2291.0000     2230.8149   247517    2.63%    x(c9_2_c6_2) D  14718   6861     32
Elapsed time = 5.90 sec. (12827.00 ticks, tree = 7.32 MB, solutions = 1)
  15755 12664     2274.6644    71     2291.0000     2231.3040   265903    2.61%    x(c9_2_c6_2) D  15755   6968     30
  16795 13536     2233.6428    46     2291.0000     2231.8823   286023    2.58%    x(c6_3_c9_3) D  16795  16794     43
  17918 14495     2266.2766    56     2291.0000     2232.3023   304763    2.56%   x(c10_1_c9_1) D  17918   2604     16
  18987 15405     2233.3809    53     2291.0000     2232.7619   324179    2.54%    x(c6_1_c8_1) D  18987  11569     16
  20133 16396    infeasible           2291.0000     2233.1634   341985    2.52%   x(c5_1_c16_1) U  20133  20131     30
  21280 17397     2235.5094    12     2291.0000     2233.5094   360566    2.51%   x(c4_3_c14_3) U  21280  21279     20
  22497 18442     2283.5942    20     2291.0000     2233.9167   379647    2.49%   x(c20_2_c5_2) U  22497  17410     58
* 22723 17513      integral     0     2281.0000     2234.0000   383348    2.06%
  23799 18461     2241.6667    41     2281.0000     2234.1714   397251    2.05%     x(c15_1_Om) D  23799   6778     19
  24975 19373     2247.5000    34     2281.0000     2234.5131   415160    2.04%  x(c17_3_c26_3) U  24975  20687     20
  26163 20325     2234.8162    50     2281.0000     2234.7787   431468    2.03%   x(c14_3_c6_3) D  26163  23945     32
Elapsed time = 10.23 sec. (22370.03 ticks, tree = 12.87 MB, solutions = 2)
  27180 21090     2270.4177    37     2281.0000     2235.0468   448084    2.01%    x(c6_1_c8_1) D  27180  23216     27
  28197 21894        cutoff           2281.0000     2235.3209   465972    2.00%  x(c13_2_c22_2) U  28197  19544     37
  29312 22721     2237.6458    85     2281.0000     2235.5627   484613    1.99%   x(c10_2_c5_2) U  29312  23710     18
  30390 23518     2265.1753     4     2281.0000     2235.8571   502032    1.98%  x(c22_2_c20_2) U  30390  27646     28
  31516 24415     2254.1191    16     2281.0000     2236.1021   520003    1.97%  x(c21_2_c20_2) U  31516  23371     24
  32571 25273     2272.6323    52     2281.0000     2236.3351   537075    1.96%     x(c15_1_Om) D  32571  25887     40
  33592 26048     2249.1579    34     2281.0000     2236.5662   554501    1.95%   x(c10_1_c9_1) U  33592  16462     16
  34700 26880     2246.9440    72     2281.0000     2236.7890   571196    1.94%   x(c8_1_c16_1) U  34700  11146     22
  35844 27775     2249.5065    26     2281.0000     2237.0000   588137    1.93%  x(c22_2_c18_2) U  35844  33118     21
  37000 28734     2237.1512    11     2281.0000     2237.1519   605209    1.92%  x(c22_2_c20_2) D  37000  20455     25
Elapsed time = 14.46 sec. (31926.23 ticks, tree = 17.71 MB, solutions = 2)
  38056 29560     2275.0000     6     2281.0000     2237.3333   622048    1.91%  x(c16_2_c21_2) U  38056  32433     21
  39171 30464     2256.9401    51     2281.0000     2237.5000   637570    1.91%  x(c16_1_c10_1) D  39171  39170     35
  40246 31281     2237.6977    61     2281.0000     2237.6677   655436    1.90%   x(c11_1_c8_1) D  40246  40245     28
  41348 32141     2249.5659    48     2281.0000     2237.8744   672412    1.89%  x(c16_2_c17_2) U  41348  32955     24
  42407 32967     2238.5876    30     2281.0000     2238.0000   689815    1.89%  x(c22_3_c25_3) D  42407  11498     13
  43349 33693     2239.5758    30     2281.0000     2238.1667   707837    1.88%  x(c14_2_c12_2) D  43349  40191     27
  44355 34456     2247.5521    29     2281.0000     2238.3390   724366    1.87%   x(c10_2_c5_2) U  44355  22681     18
  45309 35187     2260.0000    32     2281.0000     2238.5000   741079    1.86%  x(c17_2_c20_2) U  45309  45308     26
  46350 35979     2250.4097    42     2281.0000     2238.6585   758217    1.86%  x(c11_1_c13_1) U  46350  23462     37
  47414 36817     2274.5716    34     2281.0000     2238.8105   775548    1.85%   x(c16_1_c8_1) U  47414  47412     27
Elapsed time = 18.61 sec. (41465.96 ticks, tree = 23.79 MB, solutions = 2)
  48400 37522     2246.4036    41     2281.0000     2238.9937   791883    1.84%  x(c16_2_c17_2) D  48400  28387     21
* 49107 30586      integral     0     2263.0000     2239.0043   803259    1.06%
* 49207+28009                         2259.0000     2239.0187             0.88%
  49420 28140     2239.0929    47     2259.0000     2239.0556   807776    0.88%     x(Op_c11_1) D  49420  49419     18
  50510 28525     2243.5556    55     2259.0000     2239.2500   822553    0.87%    x(c6_3_c4_3) U  50510  37711     19
  51564 28895        cutoff           2259.0000     2239.4321   836539    0.87%  x(c22_2_c16_2) U  51564  27830     30
  52724 29436     2244.7489    45     2259.0000     2239.5619   851275    0.86%    x(c5_2_c2_2) D  52724  39596     36
  53830 29987     2240.5210    72     2259.0000     2239.7212   865552    0.85%    x(c9_1_c5_1) D  53830  53828     20
  54891 30511     2240.5000    44     2259.0000     2239.8684   878656    0.85%    x(c4_1_c8_1) D  54891  19190     19
  55977 30956     2254.0572    23     2259.0000     2240.0000   891997    0.84%  x(c17_2_c20_2) D  55977  55976     30
  57052 31573     2240.0857    32     2259.0000     2240.0858   906725    0.84%  x(c17_2_c20_2) D  57052  46539     28
  58194 32011     2240.6667    19     2259.0000     2240.2500   921854    0.83%  x(c16_2_c22_2) D  58194  48423     26
Elapsed time = 22.60 sec. (51008.10 ticks, tree = 21.02 MB, solutions = 4)
  59387 32457     2240.6193    47     2259.0000     2240.4116   936908    0.82%  x(c20_2_c17_2) D  59387  53705     50
  60602 33116     2250.3003    45     2259.0000     2240.5171   953046    0.82%    x(c9_2_c7_2) D  60602  49679     35
  61791 33678     2241.5000    25     2259.0000     2240.6667   968051    0.81%  x(c16_2_c17_2) D  61791  61790     22
  62998 34257     2245.6536    30     2259.0000     2240.8098   983032    0.81%    x(c8_1_c4_1) D  62998  18821     19
  64171 34814     2245.3333    27     2259.0000     2240.9577   998190    0.80%  x(c17_2_c20_2) D  64171  53922     22
  65329 35448     2243.0000    42     2259.0000     2241.0000  1014069    0.80%   x(c10_2_c5_2) D  65329  29900     17
  66328 35972     2253.0710    39     2259.0000     2241.0936  1027404    0.79%     x(c15_1_Om) D  66328  36549     15
  67384 36507     2252.3057    60     2259.0000     2241.2132  1041902    0.79%    x(c5_1_c6_1) U  67384  67382     17
  68527 37044        cutoff           2259.0000     2241.3333  1055273    0.78%  x(c21_2_c20_2) U  68527  51975     32
  69701 37564        cutoff           2259.0000     2241.4574  1070252    0.78%  x(c14_2_c12_2) U  69701  37324     35
Elapsed time = 26.52 sec. (60550.05 ticks, tree = 24.32 MB, solutions = 4)
  70849 38137     2242.0234    48     2259.0000     2241.5234  1085082    0.77%   x(c9_3_c20_3) U  70849  47512     26
  72000 38694     2242.9823    44     2259.0000     2241.6361  1100106    0.77%  x(c15_3_c11_3) D  72000  71999     39
  73230 39200     2245.4980    44     2259.0000     2241.7482  1114888    0.76%  x(c22_3_c25_3) D  73230  44529     27
  74387 39626        cutoff           2259.0000     2241.8731  1127896    0.76%  x(c12_3_c14_3) U  74387  73642     43
  75600 40090     2242.2138    17     2259.0000     2242.0000  1142188    0.75%  x(c16_2_c14_2) D  75600  75598     35
  76643 40591     2251.2515    55     2259.0000     2242.0358  1157238    0.75%  x(c17_1_c19_1) U  76643  76641     23
  77747 40965        cutoff           2259.0000     2242.1442  1171523    0.75%   x(c11_1_c9_1) U  77747  22361     16
  78800 41399     2242.2500    34     2259.0000     2242.2500  1184391    0.74%  x(c20_2_c17_2) N  78800  76109     24
  79971 41857     2243.4808    45     2259.0000     2242.3537  1198467    0.74%   x(c16_2_c9_2) U  79971  79970     36
  81018 42217     2253.7640    42     2259.0000     2242.4784  1210817    0.73%  x(c16_2_c13_2) D  81018  54152     25
Elapsed time = 30.45 sec. (70143.54 ticks, tree = 27.07 MB, solutions = 4)
  82146 42685        cutoff           2259.0000     2242.5308  1225148    0.73%  x(c21_2_c20_2) U  82146  65792     31
  83187 43003        cutoff           2259.0000     2242.6565  1238437    0.72%     x(Op_c15_1) D  83187  72164     37
  84291 43417     2242.7847    44     2259.0000     2242.7429  1251394    0.72%  x(c19_1_c17_1) D  84291  78983     31
  85503 43918     2256.7812    30     2259.0000     2242.8547  1265512    0.71%  x(c13_2_c16_2) U  85503  59067     50
  86653 44338        cutoff           2259.0000     2243.0000  1279497    0.71%  x(c16_2_c17_2) U  86653  57827     18
  87787 44732     2252.3487    35     2259.0000     2243.0154  1293299    0.71%   x(c9_3_c11_3) U  87787  87785     28
  88914 45210     2243.1934    38     2259.0000     2243.1176  1308612    0.70%  x(c16_2_c12_2) D  88914  88913     37
  90025 45673     2243.3080    86     2259.0000     2243.2081  1322132    0.70%  x(c17_3_c20_3) D  90025  31144     15
  91182 46078        cutoff           2259.0000     2243.3185  1336137    0.69%   x(c13_1_c9_1) U  91182  23287     60
  92360 46597        cutoff           2259.0000     2243.4114  1350178    0.69%   x(c6_3_c14_3) U  92360  36581     21
Elapsed time = 34.24 sec. (79683.93 ticks, tree = 29.71 MB, solutions = 4)
  93544 47064     2249.3598    45     2259.0000     2243.5000  1362998    0.69%   x(c9_3_c14_3) D  93544  93543     39
  94636 47574     2243.5521    62     2259.0000     2243.5523  1376951    0.68%  x(c17_1_c16_1) D  94636  86603     22
  95761 48044        cutoff           2259.0000     2243.6466  1390009    0.68%  x(c16_2_c21_2) U  95761  95759     38
  96902 48477        cutoff           2259.0000     2243.7207  1403426    0.68%   x(c9_2_c14_2) U  96902  96900     31
  98024 48882        cutoff           2259.0000     2243.8043  1416215    0.67%  x(c16_2_c12_2) U  98024  98022     40
  99167 49315     2251.8917    25     2259.0000     2243.8921  1428439    0.67%    x(c6_3_c4_3) U  99167  96931     34
 100244 49587        cutoff           2259.0000     2244.0000  1440058    0.66%  x(c21_2_c18_2) U 100244  61798     24
 101313 49912        cutoff           2259.0000     2244.0000  1453804    0.66%  x(c16_2_c17_2) U 101313 101311     28
 102487 50527     2249.3333    32     2259.0000     2244.0607  1468511    0.66%    x(c6_3_c4_3) D 102487  33499     19
 106995 52080     2250.4286    53     2259.0000     2244.3478  1518916    0.65%  x(c22_3_c25_3) D 106995  18073     12
Elapsed time = 39.08 sec. (92087.10 ticks, tree = 33.00 MB, solutions = 4)
 111507 53708     2247.4537    46     2259.0000     2244.6203  1569830    0.64%   x(c16_2_c9_2) U 111507 111506     30
 116046 55174     2245.1169    57     2259.0000     2244.9338  1619304    0.62%   x(c9_2_c20_2) D 116046 112516     24
 120412 56358     2247.7001    37     2259.0000     2245.1667  1670299    0.61%  x(c20_2_c17_2) D 120412 120411     36
 124609 57535     2248.4286    55     2259.0000     2245.4307  1715577    0.60%  x(c12_3_c19_3) D 124609  74837     25
 128893 58716     2246.0769    39     2259.0000     2245.6667  1763525    0.59%  x(c22_2_c18_2) D 128893 105322     27
 133086 59825     2246.2270    34     2259.0000     2245.9692  1807159    0.58%   x(c9_2_c10_2) N 133086  96855     41
 137382 60930     2255.3333    51     2259.0000     2246.1541  1856100    0.57%  x(c17_3_c19_3) D 137382  17629     18
 141580 61979     2246.4000    53     2259.0000     2246.4000  1899831    0.56%  x(c20_1_c22_1) D 141580 124096     21
 145725 62926     2255.3014    37     2259.0000     2246.6155  1944847    0.55%  x(c12_2_c21_2) U 145725 118313     31
 149966 64001        cutoff           2259.0000     2246.8495  1988268    0.54%  x(c21_2_c16_2) U 149966 149964     25
Elapsed time = 53.60 sec. (130238.49 ticks, tree = 40.23 MB, solutions = 4)
 154000 64878     2247.4068    24     2259.0000     2247.0283  2033811    0.53%  x(c17_2_c16_2) D 154000 153999     33
 158039 65823        cutoff           2259.0000     2247.2279  2077212    0.52%  x(c16_1_c17_1) U 158039  50308     44
 162214 66496     2255.4586    49     2259.0000     2247.4523  2118590    0.51%  x(c16_2_c10_2) U 162214 162211     32
 166293 67349        cutoff           2259.0000     2247.6602  2162041    0.50%  x(c21_2_c16_2) U 166293 118397     23
 170320 67951     2249.9087    29     2259.0000     2247.8905  2204090    0.49%      x(Op_c6_3) D 170320 170318     20
 174260 68617     2248.0568    34     2259.0000     2248.0425  2247896    0.49%    x(c6_3_c9_3) D 174260 174259     28
 178150 69195     2255.0929    63     2259.0000     2248.2408  2289088    0.48%  x(c17_3_c19_3) U 178150 106014     23
 182067 69701     2248.6543    50     2259.0000     2248.4544  2328834    0.47%   x(c7_2_c16_2) D 182067 182066     30
 186070 70357        cutoff           2259.0000     2248.6309  2369557    0.46%     x(Op_c15_1) D 186070  55742     28
 190044 70983     2253.5162    14     2259.0000     2248.8256  2409563    0.45%  x(c13_2_c10_2) D 190044 135517     37
Elapsed time = 67.61 sec. (168420.78 ticks, tree = 47.49 MB, solutions = 4)
 193996 71347        cutoff           2259.0000     2249.0000  2451532    0.44%  x(c17_3_c19_3) U 193996 132848     33
 197902 71862        cutoff           2259.0000     2249.1761  2493685    0.43%  x(c24_1_c17_1) U 197902 114884     24
 201791 72133     2249.4094    33     2259.0000     2249.3557  2530166    0.43%   x(c9_3_c11_3) N 201791 158839     23
 205676 72532     2249.5186    15     2259.0000     2249.5145  2566952    0.42%   x(c5_2_c10_2) D 205676 200365     45
 209572 73018        cutoff           2259.0000     2249.6791  2604647    0.41%   x(c19_1_c8_1) D 209572  10320     24
 213400 73284     2249.8676    45     2259.0000     2249.8676  2639653    0.40%    x(c9_2_c7_2) U 213400 207037     25
 217046 73239        cutoff           2259.0000     2250.0000  2675631    0.40%   x(c16_1_c8_1) D 217046 217045     21
 220661 73559     2250.5455    28     2259.0000     2250.1429  2713808    0.39%  x(c16_2_c14_2) D 220661 194374     45
 224495 73571     2250.8593    54     2259.0000     2250.3194  2749197    0.38%   x(c9_3_c11_3) D 224495 186615     21
 228326 73810        cutoff           2259.0000     2250.5000  2783866    0.38%   x(c16_2_c6_2) D 228326  93493     27
Elapsed time = 81.16 sec. (206571.66 ticks, tree = 49.47 MB, solutions = 4)
 232039 74016        cutoff           2259.0000     2250.6289  2819838    0.37%    x(c5_1_c4_1) D 232039  76395     33
 235935 74093        cutoff           2259.0000     2250.7897  2854277    0.36%    x(c6_3_c4_3) D 235935 203824     44
 239635 74061        cutoff           2259.0000     2251.0000  2886281    0.35%  x(c17_2_c20_2) U 239635  48566     18
 243214 74071     2251.4020    53     2259.0000     2251.0556  2925148    0.35%    x(c6_3_c9_3) D 243214 179532     22
 247006 73983     2253.3333    18     2259.0000     2251.2000  2959071    0.35%   x(c9_2_c10_2) U 247006 247004     21
 250933 73760     2251.6025    59     2259.0000     2251.3499  2992565    0.34%    x(c9_1_c5_1) N 250933 245218     25
 254568 73631     2251.5000    26     2259.0000     2251.5000  3023782    0.33%    x(c7_2_c6_2) D 254568 164326     22
 258335 73615     2251.6444    35     2259.0000     2251.6444  3057032    0.33%  x(c22_2_c18_2) D 258335 241698     26
 262123 73317    infeasible           2259.0000     2251.7968  3087945    0.32%   x(c9_3_c11_3) U 262123 262122     41
 265921 72936        cutoff           2259.0000     2251.9905  3118983    0.31%  x(c11_1_c16_1) U 265921  88698     20
Elapsed time = 94.35 sec. (244724.15 ticks, tree = 49.25 MB, solutions = 4)
 269553 72822     2252.0751    36     2259.0000     2252.0454  3155936    0.31%  x(c17_2_c20_2) N 269553 269552     28
 273162 72385     2252.7228    52     2259.0000     2252.1823  3186859    0.30%    x(c6_3_c9_3) D 273162 259120     25
 276940 71867     2252.8333    15     2259.0000     2252.3333  3217188    0.30%  x(c22_2_c16_2) D 276940 234953     25
 280650 71389     2253.8244    38     2259.0000     2252.4941  3247291    0.29%   x(c16_2_c9_2) U 280650 259343     25
 284396 70972     2257.4771    46     2259.0000     2252.6127  3278903    0.28%  x(c11_1_c22_1) N 284396 271707     33
 288157 70452     2252.7556    31     2259.0000     2252.7556  3309166    0.28%  x(c21_2_c12_2) D 288157 248618     43
 291954 69723    infeasible           2259.0000     2252.9522  3337094    0.27%    x(c6_3_c9_3) N 291954 262683     33
 295611 68859        cutoff           2259.0000     2253.0347  3370121    0.26%  x(c16_1_c10_1) U 295611  19661     56
 299535 68131     2256.4167    31     2259.0000     2253.1667  3401462    0.26%    x(c6_2_c2_2) D 299535 286601     22
 303340 67207     2253.3251    67     2259.0000     2253.3143  3429854    0.25%  x(c17_3_c20_3) D 303340 264692     22
Elapsed time = 107.33 sec. (282879.81 ticks, tree = 45.96 MB, solutions = 4)
 307192 66251        cutoff           2259.0000     2253.4803  3458473    0.24%  x(c18_2_c21_2) U 307192 282663     38
 310991 65463     2253.8571    30     2259.0000     2253.6000  3488246    0.24%  x(c17_2_c20_2) N 310991 193523     24
 314757 64540        cutoff           2259.0000     2253.7376  3516740    0.23%     x(c15_1_Om) D 314757 148440     30
 318360 63447     2253.9558    51     2259.0000     2253.9071  3542009    0.23%  x(c17_2_c20_2) D 318360 318359     33
 321935 62290     2255.9968    50     2259.0000     2254.0000  3570189    0.22%  x(c13_1_c24_1) N 321935 281770     26
 325595 61210    infeasible           2259.0000     2254.1136  3598765    0.22%  x(c17_3_c19_3) U 325595 310100     18
 329178 60034        cutoff           2259.0000     2254.2486  3624159    0.21%  x(c22_2_c20_2) U 329178 329177     59
 332897 58772        cutoff           2259.0000     2254.3898  3649826    0.20%  x(c16_2_c17_2) U 332897 332895     26
 336515 57518     2257.1159    25     2259.0000     2254.5130  3676459    0.20%  x(c21_2_c12_2) U 336515 295007     31
 340251 56157        cutoff           2259.0000     2254.6667  3701179    0.19%  x(c21_2_c16_2) D 340251 340249     32
Elapsed time = 120.25 sec. (321034.98 ticks, tree = 39.51 MB, solutions = 4)
 344192 54557        cutoff           2259.0000     2254.8333  3726657    0.18%  x(c22_3_c25_3) U 344192  28394     19
 347885 52790        cutoff           2259.0000     2255.0000  3750337    0.18%  x(c20_2_c17_2) U 347885 303706     38
 351611 51193     2255.9875    44     2259.0000     2255.0692  3779447    0.17%    x(c9_3_c8_3) D 351611 278364     36
 354991 49491     2255.1896    44     2259.0000     2255.1863  3800051    0.17%    x(c8_1_c4_1) N 354991 156421     23
 358408 47792     2255.3350    42     2259.0000     2255.3223  3821163    0.16%  x(c13_2_c10_2) N 358408 171287     23
 361800 46034     2255.4591    26     2259.0000     2255.4592  3842213    0.16%     x(Op_c15_1) N 361800  71357     19
 365497 44162     2255.5833    27     2259.0000     2255.5833  3864317    0.15%    x(c6_3_c9_3) D 365497 327827     28
 369329 42109     2255.7685    34     2259.0000     2255.7310  3886543    0.14%  x(c22_2_c18_2) N 369329 145746     19
 372715 40128    infeasible           2259.0000     2255.8959  3904832    0.14%  x(c26_1_c20_1) D 372715 365456     32
 376329 37890     2257.3664    36     2259.0000     2256.0000  3927489    0.13%   x(c8_3_c19_3) N 376329 322047     25
Elapsed time = 133.00 sec. (359195.16 ticks, tree = 28.58 MB, solutions = 4)
 379693 35885        cutoff           2259.0000     2256.1000  3948776    0.13%  x(c10_1_c11_1) D 379693 349781     20
 382973 33758        cutoff           2259.0000     2256.2196  3966268    0.12%  x(c22_2_c18_2) U 382973 361688     31
 386609 31385        cutoff           2259.0000     2256.3636  3985485    0.12%  x(c17_3_c19_3) N 386609 263746     16
 389976 29142        cutoff           2259.0000     2256.5000  4003377    0.11%  x(c26_1_c16_1) D 389976  49847     11
 393141 26865     2256.7187    44     2259.0000     2256.6393  4019076    0.10%    x(c9_3_c8_3) N 393141 359880     25
 396617 24362        cutoff           2259.0000     2256.7844  4036456    0.10%    x(c9_3_c8_3) U 396617 294766     21
 399705 21955        cutoff           2259.0000     2256.9631  4049778    0.09%  x(c22_1_c26_1) U 399705  13484     20
 403287 19167        cutoff           2259.0000     2257.0349  4069355    0.09%  x(c21_2_c12_2) U 403287 375794     22
 406145 16850        cutoff           2259.0000     2257.1388  4082781    0.08%  x(c18_2_c21_2) U 406145 339400     29
 409115 14370        cutoff           2259.0000     2257.2626  4095204    0.08%   x(c10_1_c9_1) U 409115 166957     31
Elapsed time = 146.12 sec. (397347.66 ticks, tree = 14.33 MB, solutions = 4)
 412217 11726        cutoff           2259.0000     2257.4188  4107754    0.07%    x(c5_1_c4_1) U 412217 394822     31
 415784  8675        cutoff           2259.0000     2257.5682  4121987    0.06%    x(c9_1_c5_1) U 415784 283353     27
 419030  5724     2257.7770    32     2259.0000     2257.7233  4133243    0.06%    x(c6_2_c9_2) N 419030 214635     31
 422368  2590        cutoff           2259.0000     2257.9234  4143090    0.05%  x(c12_2_c22_2) N 422368 235535     28

Clique cuts applied:  16
Cover cuts applied:  295
Flow cuts applied:  2
Mixed integer rounding cuts applied:  30
Zero-half cuts applied:  14
Gomory fractional cuts applied:  7

Root node processing (before b&c):
  Real time             =    0.09 sec. (172.94 ticks)
Sequential b&c:
  Real time             =  152.09 sec. (416786.40 ticks)
                          ------------
Total (root+branch&cut) =  152.18 sec. (416959.33 ticks)

