Version identifier: 22.1.0.0 | 2022-03-09 | 1a383f8ce
CPXPARAM_Preprocessing_Reduce                    1
CPXPARAM_Threads                                 1
CPXPARAM_Preprocessing_Reformulations            0
CPXPARAM_Emphasis_MIP                            2
CPXPARAM_TimeLimit                               7200
CPXPARAM_MIP_Tolerances_AbsMIPGap                0.98999999999999999
CPXPARAM_MIP_Limits_TreeMemory                   20000
Legacy callback                                  BbD
1 of 1 MIP starts provided solutions.
MIP start 'm1' defined initial solution with objective 3441.0000.
Tried aggregator 1 time.
MIP Presolve modified 745 coefficients.
Reduced MIP has 1064 rows, 869 columns, and 4282 nonzeros.
Reduced MIP has 806 binaries, 0 generals, 0 SOSs, and 0 indicators.
Presolve time = 0.00 sec. (2.67 ticks)
Probing time = 0.00 sec. (1.50 ticks)
Tried aggregator 1 time.
Reduced MIP has 1064 rows, 869 columns, and 4282 nonzeros.
Reduced MIP has 806 binaries, 0 generals, 0 SOSs, and 0 indicators.
Presolve time = 0.00 sec. (1.67 ticks)
Probing time = 0.00 sec. (1.54 ticks)
Clique table members: 474.
MIP emphasis: optimality.
MIP search method: traditional branch-and-cut.
Parallel mode: none, using 1 thread.
Root relaxation solution time = 0.00 sec. (1.91 ticks)

        Nodes                                         Cuts/
   Node  Left     Objective  IInf  Best Integer    Best Bound    ItCnt     Gap         Variable B NodeID Parent  Depth

*     0+    0                         3441.0000        0.0000           100.00%
      0     0     2649.1522   132     3441.0000     2649.1522      166   23.01%
      0     0     3298.0411   119     3441.0000      Cuts: 35      254    4.15%
      0     0     3303.0281   124     3441.0000       Cuts: 6      278    4.01%
      0     0     3303.0281   124     3441.0000     Covers: 1      279    4.01%
      0     0     3303.1312    82     3441.0000   ZeroHalf: 2      287    4.01%
      0     0     3309.4813   100     3441.0000       Cuts: 2      313    3.82%
      0     0     3314.0368    99     3441.0000       Cuts: 5      318    3.69%
      0     0     3321.3701    99     3441.0000   ZeroHalf: 5      324    3.48%
      0     0     3322.6082   104     3441.0000   ZeroHalf: 4      330    3.44%
      0     0     3323.0368    99     3441.0000       Cuts: 3      338    3.43%
      0     0     3326.6281   103     3441.0000       Cuts: 4      352    3.32%
      0     0     3329.0281   134     3441.0000   ZeroHalf: 5      369    3.25%
      0     0     3330.5281   130     3441.0000   ZeroHalf: 6      386    3.21%
      0     0     3331.0281   129     3441.0000   ZeroHalf: 2      391    3.20%
      0     0     3331.5281   123     3441.0000       Cuts: 2      406    3.18%
      0     0     3339.8000   114     3441.0000       Cuts: 3      441    2.94%
      0     0     3340.0000   107     3441.0000       Cuts: 6      459    2.94%
      0     2     3340.0000    83     3441.0000     3340.0000      459    2.94%                        0             0
Elapsed time = 0.11 sec. (215.78 ticks, tree = 0.01 MB, solutions = 1)
     50    34     3368.9507   105     3441.0000     3341.7852      824    2.88%   x(c19_5_c3_5) D     50     49     25
    207   177     3360.7829   108     3441.0000     3354.0756     2379    2.53%  x(c26_5_c21_5) U    207     69      5
    366   295     3432.3333   111     3441.0000     3369.5000     5702    2.08%     x(Op_c14_5) U    366    209     11
    586   486     3376.6900   103     3441.0000     3376.1704     9322    1.88%   x(c10_3_c5_3) D    586    584     13
    841   685     3393.6249    98     3441.0000     3380.0000    13112    1.77%  x(c19_5_c26_5) U    841    295      9
   1011   786     3397.3297   109     3441.0000     3384.1704    17493    1.65%  x(c19_5_c21_5) D   1011    605     13
   1255   966        cutoff           3441.0000     3389.0000    22505    1.51%     x(c21_5_Om) U   1255     99     21
   1579  1264     3391.1876   111     3441.0000     3391.1985    27179    1.45%  x(c19_5_c14_5) D   1579   1417     15
   1851  1478     3392.4707   106     3441.0000     3392.1169    30372    1.42%    x(c4_5_c3_5) U   1851   1849     13
   3063  2303     3396.9941    99     3441.0000     3396.9191    48126    1.28%  x(c15_5_c21_5) D   3063   2294     16
Elapsed time = 1.61 sec. (3323.61 ticks, tree = 1.81 MB, solutions = 1)
   4254  2997     3425.0476    96     3441.0000     3401.3558    66561    1.15%   x(c19_5_c8_5) U   4254   2948     13
   5411  3649     3404.8355    84     3441.0000     3404.3540    84742    1.06%     x(Op_c21_5) D   5411   2101     15
   6551  4376     3410.6852   109     3441.0000     3406.3504   103165    1.01%    x(c3_5_c4_5) U   6551   2760     11
   7654  5116     3411.3523    96     3441.0000     3408.1857   123161    0.95%  x(c11_1_c15_1) D   7654   5333     14
   8816  5933     3409.8886    80     3441.0000     3409.7173   141494    0.91%     x(Op_c14_1) D   8816   8815     35
  10150  6946     3416.4193   104     3441.0000     3410.9656   157985    0.87%  x(c26_5_c14_5) D  10150   7372     20
  11424  7819     3411.8227   120     3441.0000     3411.7731   175102    0.85%   x(c8_5_c14_5) D  11424  11423     29
  12568  8563     3430.7054    64     3441.0000     3412.4803   194085    0.83%     x(c15_2_Om) U  12568   2717     18
  13834  9400     3418.4572   115     3441.0000     3413.0836   211940    0.81%    x(c5_1_c8_1) D  13834    462     15
  15135 10185     3413.9629    78     3441.0000     3413.7245   229491    0.79%   x(c9_2_c11_2) D  15135  15134     37
Elapsed time = 6.30 sec. (12867.26 ticks, tree = 6.89 MB, solutions = 1)
  16400 10836     3436.3836    92     3441.0000     3414.2884   247583    0.78%    x(c4_5_c3_5) U  16400   7794     15
  17608 11491     3420.4580    66     3441.0000     3414.8413   265011    0.76%    x(c4_5_c3_5) D  17608   7198     15
  18858 12221        cutoff           3441.0000     3415.3754   281749    0.74%      x(c5_1_Om) U  18858  16591     52
  20060 12961     3420.3265    80     3441.0000     3415.8082   298579    0.73%     x(Op_c15_2) D  20060  20059     29
  21243 13647     3429.4588    84     3441.0000     3416.2172   316319    0.72%  x(c10_1_c15_1) U  21243  20993     31
  22425 14259     3417.0629    89     3441.0000     3416.7225   334232    0.71%    x(c3_5_c5_5) U  22425  20247     16
  23637 15018     3419.1333    96     3441.0000     3417.0869   351514    0.69%   x(c3_1_c15_1) U  23637  22789     27
  24785 15653        cutoff           3441.0000     3417.5287   369082    0.68%  x(c17_5_c19_5) D  24785  12554     26
  25900 16276     3428.8155    35     3441.0000     3417.8883   385923    0.67%   x(c10_1_c3_1) U  25900  24411     20
  27095 16888     3418.4044    95     3441.0000     3418.2980   402874    0.66%    x(c3_5_c5_5) U  27095  19181     18
Elapsed time = 10.85 sec. (22410.56 ticks, tree = 11.69 MB, solutions = 1)
  28173 17457     3430.8391    75     3441.0000     3418.6724   421011    0.65%  x(c15_5_c14_5) N  28173  20314     21
  29349 18110     3420.5169    80     3441.0000     3419.0173   437755    0.64%     x(Op_c15_2) D  29349  19217     23
  30576 18818        cutoff           3441.0000     3419.3657   454016    0.63%     x(Op_c12_2) D  30576  17698     33
  31730 19387     3430.6998    70     3441.0000     3419.7004   470901    0.62%     x(Op_c15_2) U  31730  28827     33
  33040 20130     3419.9968    84     3441.0000     3419.9968   486456    0.61%  x(c15_5_c14_5) D  33040  33039     14
  34260 20762        cutoff           3441.0000     3420.2851   502898    0.60%   x(c8_1_c10_1) U  34260   9395     29
  35319 21239     3429.1669    78     3441.0000     3420.5589   519766    0.59%     x(Op_c12_2) U  35319  20866     20
  36425 21749     3421.2491    89     3441.0000     3420.8535   537883    0.59%    x(c4_5_c3_5) U  36425   9947     17
  37499 22268     3432.6278    67     3441.0000     3421.1210   553158    0.58%     x(Op_c15_2) U  37499  37497     22
  38749 22828     3431.9762    83     3441.0000     3421.4703   571049    0.57%    x(c4_3_c8_3) U  38749  38748      9
Elapsed time = 15.32 sec. (31954.51 ticks, tree = 15.34 MB, solutions = 1)
  39953 23381     3430.2261    96     3441.0000     3421.7677   590219    0.56%  x(c15_5_c14_5) U  39953  20775     26
  41180 24036     3424.5177    96     3441.0000     3422.0178   608150    0.55%   x(c8_5_c19_5) U  41180   7242     13
  42387 24641     3422.5172    45     3441.0000     3422.3333   623356    0.54%    x(c4_5_c3_5) U  42387  42385     23
  43507 25250     3438.5718    96     3441.0000     3422.5736   641035    0.54%    x(c3_5_c4_5) D  43507  38834     25
  44674 25851     3433.8045    71     3441.0000     3422.7947   656914    0.53%     x(Op_c15_2) U  44674  40792     24
  45880 26528     3425.0171    65     3441.0000     3423.0055   672174    0.52%  x(c19_2_c11_2) U  45880  27667     20
  47038 27086        cutoff           3441.0000     3423.2483   687111    0.52%   x(c5_1_c15_1) U  47038  42121     27
  48224 27621     3430.8044    92     3441.0000     3423.5000   704040    0.51%  x(c15_5_c14_5) D  48224  38197     18
  49408 28195     3423.7819    77     3441.0000     3423.7150   721132    0.50%   x(c19_1_c9_1) N  49408  49407     24
  50666 28795     3424.0390    70     3441.0000     3423.9153   737286    0.50%  x(c11_1_c15_1) D  50666  50665     30
Elapsed time = 19.72 sec. (41499.08 ticks, tree = 19.12 MB, solutions = 1)
  51924 29428     3427.6126    57     3441.0000     3424.1172   753915    0.49%   x(c3_2_c15_2) U  51924  46458     25
  53216 29896     3431.0291    81     3441.0000     3424.3629   769676    0.48%   x(c11_2_c9_2) U  53216  50648     19
  54458 30491     3425.1625    91     3441.0000     3424.5536   786832    0.48%    x(c4_5_c3_5) U  54458  51331     18
  55760 31031        cutoff           3441.0000     3424.7363   802840    0.47%   x(c10_1_c5_1) U  55760  53575     30
  57106 31595        cutoff           3441.0000     3424.9249   818534    0.47%    x(c4_1_c3_1) U  57106  43587     37
  58349 32098     3425.2555    85     3441.0000     3425.0889   833781    0.46%     x(c15_2_Om) D  58349  58347     20
  59676 32558        cutoff           3441.0000     3425.3292   848275    0.46%    x(c8_5_c5_5) U  59676  32783     37
  60922 33065     3430.5017    56     3441.0000     3425.5018   864595    0.45%     x(Op_c12_2) U  60922  36344     21
  62216 33601     3425.7654    85     3441.0000     3425.6667   880427    0.45%   x(c8_1_c19_1) D  62216  44168     16
  63545 34117     3430.9399   113     3441.0000     3425.8333   895160    0.44%  x(c15_5_c14_5) D  63545  48775     16
Elapsed time = 24.04 sec. (51040.31 ticks, tree = 23.82 MB, solutions = 1)
  64862 34691     3425.9994    87     3441.0000     3425.9994   910430    0.44%    x(c4_1_c3_1) N  64862  47945     46
  66192 35344     3426.1923   101     3441.0000     3426.1353   925797    0.43%    x(c5_1_c3_1) D  66192  64410     19
  67493 35862     3427.8261   108     3441.0000     3426.3333   940764    0.43%    x(c5_1_c8_1) D  67493  67491     12
  68754 36426        cutoff           3441.0000     3426.4888   955873    0.42%   x(c3_1_c10_1) U  68754  43658     26
  70056 36912        cutoff           3441.0000     3426.6250   971931    0.42%  x(c12_1_c14_1) U  70056  31166     15
  71371 37400     3426.7500    84     3441.0000     3426.7500   987132    0.41%   x(c8_1_c19_1) D  71371  65164     18
  72691 37936     3426.8712    33     3441.0000     3426.8712  1001654    0.41%    x(c8_1_c4_1) D  72691  70582     29
  74010 38428        cutoff           3441.0000     3427.0000  1016578    0.41%   x(c3_2_c15_2) U  74010  74009     18
  75358 39003     3431.4882    94     3441.0000     3427.1342  1031412    0.40%    x(c3_5_c4_5) D  75358  20181     26
  76692 39362     3427.6860    86     3441.0000     3427.3333  1045704    0.40%    x(c5_1_c3_1) U  76692   3828     12
Elapsed time = 28.34 sec. (60581.02 ticks, tree = 27.14 MB, solutions = 1)
  77907 39738     3433.4391    69     3441.0000     3427.4792  1060856    0.39%  x(c19_2_c12_2) D  77907  77905     21
  79163 40251     3427.5904   104     3441.0000     3427.5833  1077309    0.39%    x(c8_1_c4_1) D  79163  65753     14
  80489 40778     3434.6541    75     3441.0000     3427.6960  1092637    0.39%   x(c3_2_c15_2) D  80489  80488     25
  81783 41108     3432.5000    16     3441.0000     3427.8333  1106447    0.38%  x(c12_2_c25_2) U  81783  44521     16
  83043 41435     3430.9513    89     3441.0000     3427.9524  1120447    0.38%    x(c4_3_c8_3) D  83043  68104     23
  84258 41795     3428.0625   118     3441.0000     3428.0627  1134458    0.38%      x(c5_3_Om) D  84258  80496     16
  85535 42119     3428.1882    37     3441.0000     3428.1882  1148428    0.37%   x(c19_3_c8_3) D  85535  69238     21
  86699 42385     3438.9482    89     3441.0000     3428.3333  1160818    0.37%    x(c4_5_c3_5) D  86699  86698     13
  87935 42765     3436.7815    76     3441.0000     3428.4652  1176151    0.36%   x(c8_1_c19_1) U  87935  43253     20
  89096 43132     3428.9177    85     3441.0000     3428.5603  1191322    0.36%    x(c5_5_c7_5) U  89096  89095     18
Elapsed time = 32.55 sec. (70122.51 ticks, tree = 29.55 MB, solutions = 1)
  90334 43415     3437.4904    76     3441.0000     3428.6573  1205733    0.36%   x(c10_1_c3_1) U  90334  86068     23
  91554 43680     3430.7878    86     3441.0000     3428.7572  1219281    0.36%  x(c19_2_c12_2) D  91554  56187     29
  92720 43920     3439.3422    83     3441.0000     3428.8535  1231777    0.35%  x(c12_2_c25_2) U  92720  22900     26
  93992 44123     3428.9912    87     3441.0000     3428.9915  1244048    0.35%    x(c5_5_c7_5) U  93992  91189     27
  95265 44441     3437.4977    72     3441.0000     3429.0880  1257333    0.35%  x(c19_1_c11_1) U  95265  57657     25
  96556 44703     3429.2956    78     3441.0000     3429.2183  1270314    0.34%   x(c11_1_c9_1) D  96556  82047     23
  97639 44883        cutoff           3441.0000     3429.3333  1282302    0.34%  x(c19_5_c26_5) U  97639  54872     16
  98826 45080     3434.8184    71     3441.0000     3429.4535  1295639    0.34%  x(c10_1_c14_1) U  98826  68564     25
 100006 45305        cutoff           3441.0000     3429.5443  1308440    0.33%  x(c12_1_c15_1) U 100006  87760     26
 101214 45523     3431.8364    70     3441.0000     3429.6399  1321145    0.33%   x(c3_2_c15_2) U 101214  14965     20
Elapsed time = 36.68 sec. (79663.63 ticks, tree = 31.08 MB, solutions = 1)
 102416 45714     3429.7469    78     3441.0000     3429.7333  1333310    0.33%  x(c23_1_c12_1) D 102416  89313     22
 103627 45927     3429.8341    85     3441.0000     3429.8341  1345833    0.32%   x(c3_2_c15_2) U 103627  91961     25
 104855 46096     3438.0824    89     3441.0000     3429.9466  1357894    0.32%  x(c11_1_c15_1) U 104855  68451     18
 106040 46338     3430.2769    80     3441.0000     3430.0329  1371152    0.32%   x(c3_2_c12_2) D 106040 106038     28
 107239 46520     3430.1429    59     3441.0000     3430.1429  1383643    0.32%   x(c3_2_c15_2) D 107239  86587     14
 108448 46670        cutoff           3441.0000     3430.2711  1395339    0.31%   x(c3_2_c15_2) U 108448 103524     17
 109501 46776     3430.3784    90     3441.0000     3430.3786  1406410    0.31%  x(c19_2_c12_2) D 109501  87122     25
 110561 46858        cutoff           3441.0000     3430.4991  1418177    0.31%  x(c12_1_c14_1) U 110561 104927     21
 111737 47044     3434.3333    67     3441.0000     3430.5693  1431923    0.30%    x(c5_1_c3_1) U 111737 100372     25
 116373 47441     3432.3500    69     3441.0000     3430.9333  1478900    0.29%   x(c3_2_c15_2) U 116373  63085     20
Elapsed time = 41.97 sec. (92065.50 ticks, tree = 32.38 MB, solutions = 1)
 121034 47590     3435.1476    83     3441.0000     3431.3391  1524581    0.28%   x(c19_5_c7_5) D 121034  72008     25
 125507 47671     3431.7109    69     3441.0000     3431.6784  1573677    0.27%    x(c5_5_c7_5) U 125507 125506     29
 129902 47499     3434.0324    75     3441.0000     3432.0324  1617798    0.26%  x(c14_5_c21_5) D 129902  40680     18
 134317 47089     3436.7068    63     3441.0000     3432.4865  1663883    0.25%  x(c17_3_c22_3) D 134317 134315     30
 138971 46904     3432.8283    62     3441.0000     3432.8064  1710846    0.24%   x(c9_1_c10_1) D 138971 138970     33
 143579 46640     3435.1414    58     3441.0000     3433.1417  1754759    0.23%  x(c13_3_c10_3) U 143579  61272     24
 147949 46093        cutoff           3441.0000     3433.5216  1797913    0.22%  x(c12_2_c19_2) U 147949 147947     23
 152434 45352     3434.8177    72     3441.0000     3433.8292  1838182    0.21%   x(c3_5_c15_5) U 152434 152433     20
 156913 44409        cutoff           3441.0000     3434.1435  1878081    0.20%    x(c4_5_c3_5) D 156913  96994     22
 161540 43196     3434.5187    51     3441.0000     3434.5189  1918942    0.19%   x(c3_1_c10_1) D 161540 119779     34
Elapsed time = 57.94 sec. (130216.20 ticks, tree = 29.97 MB, solutions = 1)
 166413 41988     3439.3333    76     3441.0000     3434.8333  1960560    0.18%   x(c9_2_c11_2) D 166413  99450     24
 171253 40633     3437.6790    70     3441.0000     3435.1394  2000057    0.17%   x(c4_3_c10_3) U 171253 171252     23
 175987 38983     3437.7500    69     3441.0000     3435.5134  2038405    0.16%   x(c3_2_c15_2) U 175987  36453     20
 180587 37261        cutoff           3441.0000     3435.8009  2073512    0.15%  x(c12_1_c15_1) U 180587  52894     28
 185433 35359        cutoff           3441.0000     3436.1083  2109225    0.14%   x(c3_2_c15_2) U 185433 185432     24
 190199 33179     3438.5222    58     3441.0000     3436.5000  2144098    0.13%     x(Op_c15_2) U 190199  64933     24
 195005 31113     3436.8322    74     3441.0000     3436.7813  2178386    0.12%   x(c3_2_c15_2) N 195005 141768     27
 199718 28692     3439.1973    77     3441.0000     3437.1024  2209995    0.11%   x(c9_1_c19_1) N 199718  43772     16
 204313 26270        cutoff           3441.0000     3437.4526  2241077    0.10%  x(c15_5_c21_5) U 204313 137697     29
 209159 23837     3437.8851    89     3441.0000     3437.7315  2275209    0.09%  x(c14_1_c11_1) D 209159  70956     19
Elapsed time = 73.39 sec. (168371.82 ticks, tree = 17.88 MB, solutions = 1)
 213923 20948        cutoff           3441.0000     3438.0348  2302976    0.09%  x(c12_1_c14_1) U 213923 124823     26
 218758 17635        cutoff           3441.0000     3438.3924  2329256    0.08%   x(c19_3_c8_3) D 218758 181955     42
 223538 14520        cutoff           3441.0000     3438.6849  2361447    0.07%  x(c10_1_c14_1) U 223538 193054     20
 228275 11212        cutoff           3441.0000     3439.0140  2386611    0.06%  x(c17_3_c19_3) D 228275 121067     25
 233027  7401        cutoff           3441.0000     3439.3896  2407901    0.05%  x(c10_1_c15_1) D 233027  81041     32
 237909  3328        cutoff           3441.0000     3439.7172  2431686    0.04%  x(c19_3_c17_3) U 237909 167064     24

Clique cuts applied:  24
Cover cuts applied:  135
Flow cuts applied:  1
Mixed integer rounding cuts applied:  11
Zero-half cuts applied:  20
Multi commodity flow cuts applied:  4
Gomory fractional cuts applied:  4

Root node processing (before b&c):
  Real time             =    0.11 sec. (215.43 ticks)
Sequential b&c:
  Real time             =   83.50 sec. (194919.94 ticks)
                          ------------
Total (root+branch&cut) =   83.61 sec. (195135.36 ticks)

