Version identifier: 22.1.0.0 | 2022-03-09 | 1a383f8ce
CPXPARAM_Preprocessing_Reduce                    1
CPXPARAM_Threads                                 1
CPXPARAM_Preprocessing_Reformulations            0
CPXPARAM_Emphasis_MIP                            2
CPXPARAM_TimeLimit                               7200
CPXPARAM_MIP_Tolerances_AbsMIPGap                0.98999999999999999
CPXPARAM_MIP_Limits_TreeMemory                   20000
Legacy callback                                  BbD
1 of 1 MIP starts provided solutions.
MIP start 'm1' defined initial solution with objective 2620.0000.
Tried aggregator 1 time.
MIP Presolve modified 1329 coefficients.
Reduced MIP has 1636 rows, 1457 columns, and 7184 nonzeros.
Reduced MIP has 1392 binaries, 0 generals, 0 SOSs, and 0 indicators.
Presolve time = 0.00 sec. (4.14 ticks)
Probing time = 0.00 sec. (2.47 ticks)
Tried aggregator 1 time.
Reduced MIP has 1636 rows, 1457 columns, and 7184 nonzeros.
Reduced MIP has 1392 binaries, 0 generals, 0 SOSs, and 0 indicators.
Presolve time = 0.00 sec. (2.58 ticks)
Probing time = 0.00 sec. (2.49 ticks)
Clique table members: 765.
MIP emphasis: optimality.
MIP search method: traditional branch-and-cut.
Parallel mode: none, using 1 thread.
Root relaxation solution time = 0.00 sec. (2.64 ticks)

        Nodes                                         Cuts/
   Node  Left     Objective  IInf  Best Integer    Best Bound    ItCnt     Gap         Variable B NodeID Parent  Depth

*     0+    0                         2620.0000        0.0000           100.00%
      0     0     2275.4650   140     2620.0000     2275.4650      139   13.15%
      0     0     2464.0059   131     2620.0000      Cuts: 27      227    5.95%
      0     0     2468.0214   137     2620.0000       Cuts: 7      261    5.80%
      0     0     2468.0214   137     2620.0000       Cuts: 2      268    5.80%
      0     0     2468.1716   137     2620.0000       Cuts: 2      280    5.79%
      0     0     2479.0214   107     2620.0000       Cuts: 2      290    5.38%
      0     0     2483.3547   111     2620.0000   ZeroHalf: 3      293    5.22%
      0     0     2495.0214   108     2620.0000       Cuts: 6      300    4.77%
      0     0     2495.0214   127     2620.0000       Cuts: 2      313    4.77%
      0     2     2495.0214   112     2620.0000     2495.0214      313    4.77%                        0             0
Elapsed time = 0.15 sec. (344.19 ticks, tree = 0.01 MB, solutions = 1)
      3     5     2495.4190   131     2620.0000     2495.0237      438    4.77%  x(c22_3_c23_3) D      3      1      2
     35    37     2496.2694   118     2620.0000     2495.0237      611    4.77%   x(c22_3_c8_3) D     35     34     33
     86    79     2528.1447   107     2620.0000     2495.4894     1054    4.75%  x(c22_3_c14_3) D     86     85     39
    140   123     2597.2219   111     2620.0000     2541.0214     3448    3.01%  x(c22_3_c18_3) N    140     73     27
    240   216     2561.2342   122     2620.0000     2559.3520     6619    2.31%  x(c23_3_c18_3) D    240    204      6
    337   306     2570.2716   122     2620.0000     2565.2992     9503    2.09%    x(c5_3_c4_3) U    337    187      7
    522   457     2574.4551   103     2620.0000     2567.1516    11961    2.02%    x(c4_2_c5_2) U    522    492     21
    694   594     2576.1084   114     2620.0000     2568.6734    15036    1.96%   x(c16_3_c8_3) U    694    494     23
    836   711     2572.5158    89     2620.0000     2569.7869    17885    1.92%    x(c6_1_c7_1) U    836    835     19
   1532  1269     2576.2514   101     2620.0000     2573.3310    30765    1.78%    x(c6_1_c7_1) D   1532   1530     25
Elapsed time = 1.50 sec. (3486.47 ticks, tree = 1.27 MB, solutions = 1)
   2172  1692     2594.5945    96     2620.0000     2576.5918    45084    1.66%  x(c16_3_c23_3) U   2172   1044     27
   2900  2175     2593.5019   106     2620.0000     2579.1443    58019    1.56%  x(c17_3_c20_3) D   2900   2096     11
   3469  2595     2607.1339   106     2620.0000     2583.0033    73344    1.41%  x(c17_3_c16_3) U   3469   1101     24
   4077  3072     2584.7306    94     2620.0000     2584.6830    84147    1.35%    x(c4_3_c7_3) D   4077   4076     17
   4889  3700        cutoff           2620.0000     2586.0019    96332    1.30%  x(c17_3_c23_3) U   4889   4170     12
   5499  4132     2598.2327    96     2620.0000     2586.9380   106301    1.26%    x(c4_3_c3_3) U   5499    776     12
   6231  4611     2608.5156    93     2620.0000     2587.9376   119518    1.22%    x(c4_3_c3_3) D   6231   5938     28
   6960  5178     2593.6149    82     2620.0000     2588.6149   131976    1.20%    x(c6_1_c7_1) U   6960   5311     15
   7523  5578     2594.7997    94     2620.0000     2589.2406   144291    1.17%    x(c5_2_c6_2) U   7523    940     13
   8208  6074     2606.4646    90     2620.0000     2589.9577   157990    1.15%    x(c7_3_c6_3) D   8208   5969     16
Elapsed time = 5.75 sec. (13033.27 ticks, tree = 5.74 MB, solutions = 1)
   8841  6551     2592.5258   101     2620.0000     2590.5258   172744    1.12%    x(c5_3_c3_3) D   8841   4181     15
   9460  6937     2592.3975   105     2620.0000     2591.0644   185604    1.10%    x(c6_1_c7_1) D   9460   6356     11
  10029  7340     2599.0095    57     2620.0000     2591.4982   198171    1.09%    x(c7_1_c5_1) U  10029   3756     38
  10723  7841     2591.9382    89     2620.0000     2591.9358   212728    1.07%    x(c4_3_c3_3) N  10723   8188     13
  11431  8301     2594.1070    85     2620.0000     2592.3875   226358    1.05%    x(c4_3_c3_3) D  11431   6375     14
  12009  8706     2606.5452    90     2620.0000     2592.7290   237737    1.04%  x(c18_2_c16_2) U  12009   6078     16
  12778  9251     2605.7184    64     2620.0000     2593.0538   249072    1.03%    x(c5_3_c4_3) D  12778   7050     48
  13300  9648     2602.2144   114     2620.0000     2593.2312   257715    1.02%    x(c4_3_c3_3) D  13300   7197     13
  13931 10042     2596.1976   101     2620.0000     2593.5860   271836    1.01%  x(c16_3_c20_3) N  13931  10990     12
  14602 10469     2606.8785   100     2620.0000     2593.9305   285400    1.00%    x(c5_3_c3_3) U  14602  14187     13
Elapsed time = 10.02 sec. (22581.63 ticks, tree = 10.01 MB, solutions = 1)
  15132 10808     2611.1389   105     2620.0000     2594.1767   298825    0.99%  x(c16_3_c20_3) D  15132   2830     15
  15774 11191     2601.5000    99     2620.0000     2594.5325   313229    0.97%  x(c17_3_c21_3) D  15774   9874     12
  16340 11575     2596.9017    88     2620.0000     2594.7758   325770    0.96%  x(c21_3_c12_3) U  16340  16338     15
  17002 12030     2595.1819    76     2620.0000     2595.0627   339653    0.95%  x(c11_2_c14_2) D  17002  17001     51
  17659 12482     2595.3260    57     2620.0000     2595.2750   353464    0.94%  x(c15_2_c11_2) D  17659  17658     55
  18265 12855     2598.5391   107     2620.0000     2595.5154   364475    0.93%  x(c17_3_c21_3) D  18265   7348     15
  18979 13339    infeasible           2620.0000     2595.7258   378098    0.93%  x(c16_2_c13_2) U  18979  18977     68
  19640 13726     2602.8444    49     2620.0000     2595.9689   390263    0.92%    x(c6_1_c3_1) U  19640   8785     18
  20238 14123     2612.8750    52     2620.0000     2596.1500   405691    0.91%    x(c6_1_c3_1) U  20238  16305     16
  20889 14436     2599.7668   108     2620.0000     2596.4118   419758    0.90%   x(c9_3_c16_3) D  20889  11553     21
Elapsed time = 14.21 sec. (32131.96 ticks, tree = 13.61 MB, solutions = 1)
  21400 14765     2596.6639    71     2620.0000     2596.5656   430096    0.89%  x(c15_3_c11_3) D  21400  21399     42
  22061 15122     2598.3000    98     2620.0000     2596.8001   443563    0.89%    x(c9_2_c8_2) U  22061  21210     16
  22830 15606     2597.1144    18     2620.0000     2597.0115   456010    0.88%  x(c13_2_c14_2) D  22830  22829     26
  23464 16032     2603.9176    75     2620.0000     2597.1218   467685    0.87%  x(c12_3_c21_3) U  23464   8936     21
  24145 16401     2597.5617   110     2620.0000     2597.3333   481082    0.87%  x(c21_3_c12_3) N  24145  10222     14
  24900 16837     2597.6159    92     2620.0000     2597.5368   493885    0.86%    x(c7_3_c6_3) U  24900  12096     17
  25551 17286     2607.6991    75     2620.0000     2597.6652   505136    0.85%  x(c18_2_c16_2) N  25551  14528     18
  26181 17642        cutoff           2620.0000     2597.8475   516481    0.85%  x(c17_3_c16_3) U  26181   5395     15
  26913 18142     2599.7489   100     2620.0000     2598.0163   529062    0.84%   x(c9_3_c16_3) D  26913  22845     14
  27509 18517        cutoff           2620.0000     2598.1430   543557    0.83%  x(c16_3_c20_3) D  27509  23504     26
Elapsed time = 18.28 sec. (41682.19 ticks, tree = 17.95 MB, solutions = 1)
  28002 18782     2598.4162    84     2620.0000     2598.2833   553187    0.83%    x(c7_1_c5_1) U  28002  27108     18
  28777 19242     2598.4559    71     2620.0000     2598.4563   565237    0.82%    x(c5_3_c8_3) D  28777  27731     40
  29488 19754     2608.6387    53     2620.0000     2598.5622   578247    0.82%  x(c11_2_c10_2) N  29488  24770     23
  30182 20245        cutoff           2620.0000     2598.6589   589230    0.81%  x(c12_2_c10_2) U  30182  30180     49
  30938 20750     2602.7397    38     2620.0000     2598.7928   601474    0.81%  x(c13_2_c14_2) U  30938  30094     36
  31567 21095     2610.9108   109     2620.0000     2598.9055   612570    0.81%  x(c23_3_c18_3) U  31567  22131     22
  32254 21514        cutoff           2620.0000     2599.0234   624104    0.80%  x(c14_3_c11_3) U  32254  30239     29
  32910 21924     2599.2087   109     2620.0000     2599.1381   637215    0.80%  x(c12_3_c22_3) D  32910  20591     18
  33527 22305     2600.0720    74     2620.0000     2599.2593   648734    0.79%    x(c9_2_c8_2) D  33527  30381     22
  34127 22691     2605.6974    97     2620.0000     2599.3649   657995    0.79%  x(c17_3_c21_3) U  34127  28333     14
Elapsed time = 22.33 sec. (51227.30 ticks, tree = 21.74 MB, solutions = 1)
  34844 23066     2602.9493    72     2620.0000     2599.5000   670575    0.78%    x(c5_1_c7_1) D  34844  34843     15
  35576 23551     2600.2613    70     2620.0000     2599.5947   683897    0.78%    x(c4_1_c3_1) D  35576  35574     24
  36274 23953     2601.4677   102     2620.0000     2599.7178   696397    0.77%  x(c18_2_c16_2) D  36274  25722     22
  36898 24274     2603.9087    94     2620.0000     2599.8565   708696    0.77%    x(c5_3_c3_3) U  36898  21144     16
  37557 24605     2612.2215    88     2620.0000     2599.9882   719572    0.76%  x(c16_3_c11_3) U  37557  32618     27
  38138 24906     2615.4102    72     2620.0000     2600.0802   731153    0.76%  x(c13_2_c15_2) U  38138  22981     19
  38828 25197     2605.7010    76     2620.0000     2600.1918   743594    0.76%  x(c16_2_c17_2) U  38828  21486     22
  39584 25583     2600.3489    55     2620.0000     2600.3093   754869    0.75%  x(c16_2_c14_2) D  39584  33628     48
  40246 25911     2617.6910    74     2620.0000     2600.4219   766332    0.75%  x(c25_2_c23_2) U  40246  35034     26
  41000 26362     2600.5586    60     2620.0000     2600.5126   777690    0.74%    x(c2_2_c4_2) D  41000  37151     43
Elapsed time = 26.37 sec. (60864.72 ticks, tree = 25.18 MB, solutions = 1)
  41704 26756     2603.5355    73     2620.0000     2600.6046   789975    0.74%    x(c6_1_c3_1) N  41704  15927     22
  42237 27031     2605.0101    80     2620.0000     2600.6722   799084    0.74%  x(c12_2_c11_2) U  42237  42236     26
  42935 27350     2612.2830    54     2620.0000     2600.7982   810967    0.73%  x(c12_2_c11_2) U  42935  34623     19
  43648 27756     2604.9093   103     2620.0000     2600.9232   822760    0.73%    x(c5_3_c8_3) D  43648   3416     27
  44326 28132     2602.8711   104     2620.0000     2601.0340   835288    0.72%    x(c9_2_c8_2) U  44326  18387     15
  45000 28482     2602.6452    56     2620.0000     2601.1377   847502    0.72%  x(c25_2_c23_2) D  45000  44998     54
  45690 28768     2601.6887    77     2620.0000     2601.2695   859471    0.71%  x(c12_3_c16_3) D  45690  45689     23
  46317 29072     2614.0000    72     2620.0000     2601.3653   869402    0.71%   x(c16_3_c8_3) U  46317  35235     13
  47061 29393     2602.1638    82     2620.0000     2601.4982   880414    0.71%  x(c23_2_c24_2) D  47061  47059     44
  47741 29780     2615.9436    59     2620.0000     2601.5798   893256    0.70%  x(c16_2_c11_2) U  47741  35906     47
Elapsed time = 30.31 sec. (70485.89 ticks, tree = 28.33 MB, solutions = 1)
  48453 30036        cutoff           2620.0000     2601.7052   905794    0.70%    x(c6_1_c2_1) U  48453  24249     27
  49194 30345     2605.6111    94     2620.0000     2601.8333   918977    0.69%  x(c17_3_c16_3) D  49194  49192     12
  49971 30763        cutoff           2620.0000     2601.9663   931196    0.69%  x(c18_3_c21_3) U  49971  28236     14
  50715 31163     2605.5665    85     2620.0000     2602.0665   944106    0.68%    x(c4_2_c6_2) D  50715  50709     18
  51510 31554     2605.8962    88     2620.0000     2602.1805   956709    0.68%  x(c12_2_c11_2) D  51510  51508     25
  52112 31868     2612.8441    97     2620.0000     2602.2697   965902    0.68%  x(c16_3_c20_3) U  52112  51700     29
  52910 32308        cutoff           2620.0000     2602.3688   977277    0.67%  x(c12_3_c14_3) U  52910  28408     35
  53679 32722     2606.8108    76     2620.0000     2602.4777   987818    0.67%  x(c12_2_c11_2) U  53679  43990     33
  54325 33127     2603.5221    91     2620.0000     2602.5330   998538    0.67%  x(c23_2_c24_2) U  54325  42763     23
  54998 33479     2602.9164    55     2620.0000     2602.6138  1010779    0.66%  x(c21_2_c25_2) D  54998  43790     54
Elapsed time = 34.21 sec. (80029.00 ticks, tree = 33.07 MB, solutions = 1)
  55530 33775     2616.6610    68     2620.0000     2602.6746  1020024    0.66%    x(c7_1_c6_1) U  55530  38565     53
  56219 34104     2604.2823    80     2620.0000     2602.7828  1031469    0.66%  x(c23_2_c24_2) N  56219  42839     30
  56947 34548     2610.9428    60     2620.0000     2602.8538  1042506    0.65%  x(c12_2_c11_2) U  56947  56946     26
  57503 34768     2603.6349    98     2620.0000     2602.9414  1052129    0.65%  x(c17_2_c16_2) D  57503  52870     26
  58153 35112     2608.0000    77     2620.0000     2603.0234  1064582    0.65%   x(c9_3_c16_3) U  58153  26964     14
  58817 35437     2618.2022   105     2620.0000     2603.0997  1075628    0.65%    x(c5_3_c4_3) D  58817  48535     13
  59394 35739     2616.1377    67     2620.0000     2603.1806  1085820    0.64%    x(c2_1_c4_1) U  59394  34813     35
  60085 36084     2603.2796    87     2620.0000     2603.2663  1096837    0.64%    x(c7_3_c6_3) D  60085  37145     20
  60745 36446     2617.4124    75     2620.0000     2603.3467  1108727    0.64%    x(c3_3_c5_3) U  60745  39533     30
  63205 37837     2613.1671    96     2620.0000     2603.6061  1151020    0.63%  x(c17_3_c16_3) N  63205  21328     14
Elapsed time = 39.24 sec. (92437.83 ticks, tree = 37.11 MB, solutions = 1)
  65900 39163     2607.1500    44     2620.0000     2603.9500  1196389    0.61%    x(c6_1_c3_1) D  65900  65898     17
  68442 40342     2611.9818    67     2620.0000     2604.2469  1239004    0.60%  x(c23_2_c24_2) U  68442  68440     44
  71267 41958     2604.7202    86     2620.0000     2604.5000  1281469    0.59%    x(c7_2_c6_2) N  71267  71265     33
  73905 43385     2608.9477    89     2620.0000     2604.7059  1322552    0.58%    x(c3_1_c5_1) D  73905  14304     20
  76525 44659     2606.0194    81     2620.0000     2604.9694  1363726    0.57%    x(c7_1_c6_1) D  76525  60102     19
  79329 45905     2608.0369    88     2620.0000     2605.2500  1409634    0.56%    x(c4_2_c3_2) U  79329  79328     17
  82303 47376     2606.1074    69     2620.0000     2605.5010  1455490    0.55%  x(c25_2_c23_2) D  82303  75085     29
  85268 48878     2607.8492    97     2620.0000     2605.7084  1498778    0.55%    x(c4_2_c3_2) D  85268  39734     16
  88223 50010     2605.9928    96     2620.0000     2605.9928  1543038    0.53%    x(c3_3_c4_3) N  88223  68530     26
  91035 51162     2606.4241    80     2620.0000     2606.2494  1589553    0.52%   x(c16_3_c9_3) D  91035  91034     23
Elapsed time = 54.47 sec. (130591.26 ticks, tree = 49.73 MB, solutions = 1)
  94166 52742     2606.6836    80     2620.0000     2606.4594  1633905    0.52%  x(c12_2_c11_2) D  94166  48480     17
  97200 54179     2612.3801    53     2620.0000     2606.6253  1677983    0.51%  x(c25_2_c21_2) U  97200  97199     39
 100338 55562     2609.8074    65     2620.0000     2606.8074  1719422    0.50%  x(c11_2_c10_2) U 100338  88943     27
 103323 56647     2607.3660   111     2620.0000     2607.0117  1761117    0.50%    x(c5_3_c3_3) N 103323  15840     15
 106155 57555     2607.8333    51     2620.0000     2607.2401  1804265    0.49%  x(c25_2_c21_2) D 106155 106153     29
 109000 58371     2607.4514    92     2620.0000     2607.4514  1845012    0.48%    x(c4_2_c6_2) N 109000  28770     16
 111842 59372     2615.8944    49     2620.0000     2607.6280  1887866    0.47%  x(c17_2_c16_2) U 111842 111840     32
 114718 60235     2612.4753    88     2620.0000     2607.8333  1926547    0.46%   x(c8_3_c16_3) D 114718  54004     16
 117552 61249        cutoff           2620.0000     2608.0220  1965490    0.46%  x(c16_3_c10_3) U 117552 117550     30
 120270 62159        cutoff           2620.0000     2608.2221  2003244    0.45%  x(c14_2_c13_2) U 120270 102782     31
Elapsed time = 69.49 sec. (168925.83 ticks, tree = 60.15 MB, solutions = 1)
 123109 63309     2608.3761    56     2620.0000     2608.3761  2041932    0.44%   x(c16_3_c8_3) D 123109 115334     16
 125950 64417        cutoff           2620.0000     2608.5025  2080464    0.44%  x(c10_2_c13_2) U 125950  49237     33
 128919 65537     2611.6265    57     2620.0000     2608.6265  2118291    0.43%  x(c15_2_c13_2) N 128919 128918     24
 131811 66367     2609.6072    73     2620.0000     2608.7589  2154653    0.43%  x(c25_2_c23_2) D 131811 116357     36
 134718 67078        cutoff           2620.0000     2608.9224  2190715    0.42%  x(c11_3_c14_3) U 134718  89962     30
 137464 67844     2609.1986    82     2620.0000     2609.0875  2227378    0.42%    x(c4_1_c3_1) D 137464 119970     19
 140354 68533     2614.0124    81     2620.0000     2609.2625  2265257    0.41%    x(c4_1_c7_1) U 140354 125380     24
 143309 69398        cutoff           2620.0000     2609.4093  2302992    0.40%   x(c9_3_c16_3) U 143309  85793     14
 145646 69993     2609.5677    81     2620.0000     2609.5233  2338202    0.40%  x(c12_2_c11_2) U 145646 140614     26
 148429 70695    infeasible           2620.0000     2609.6430  2378670    0.40%    x(c9_2_c8_2) N 148429 135219     28
Elapsed time = 84.14 sec. (207078.62 ticks, tree = 71.27 MB, solutions = 1)
 151007 71203        cutoff           2620.0000     2609.7982  2414652    0.39%    x(c8_3_c5_3) U 151007 129142     27
 153649 71738     2613.4517    67     2620.0000     2609.9516  2452366    0.38%  x(c18_2_c16_2) U 153649 143968     16
 156121 72137        cutoff           2620.0000     2610.0980  2488674    0.38%  x(c14_2_c13_2) U 156121  88994     30
 158782 72523     2610.2591    73     2620.0000     2610.2592  2527299    0.37%  x(c11_3_c10_3) N 158782  90440     22
 161409 72983     2612.1313    48     2620.0000     2610.4025  2566113    0.37%  x(c23_2_c24_2) D 161409 161408     34
 163980 73362     2613.8786    95     2620.0000     2610.5239  2603774    0.36%  x(c18_3_c21_3) D 163980  65781     20
 166400 73737     2613.3978    78     2620.0000     2610.6307  2638102    0.36%  x(c11_2_c10_2) D 166400 104866     22
 169016 74013     2611.6272    70     2620.0000     2610.7784  2673034    0.35%   x(c9_3_c16_3) U 169016 156314     23
 171561 74272     2611.0394    60     2620.0000     2610.9202  2706858    0.35%  x(c21_3_c16_3) D 171561 161500     26
 174146 74448        cutoff           2620.0000     2611.0826  2742011    0.34%  x(c14_2_c13_2) U 174146  97448     35
Elapsed time = 98.66 sec. (245237.77 ticks, tree = 74.94 MB, solutions = 1)
 176773 74764     2611.2450    71     2620.0000     2611.2451  2776828    0.33%    x(c4_1_c3_1) N 176773 159527     35
 179251 75086     2611.4070    82     2620.0000     2611.3676  2809714    0.33%    x(c3_1_c6_1) D 179251 173289     32
 181721 75341        cutoff           2620.0000     2611.5000  2840904    0.32%    x(c4_2_c3_2) D 181721 122094     25
 184385 75746        cutoff           2620.0000     2611.5889  2876692    0.32%   x(c9_3_c16_3) U 184385  65224     22
 186871 75983     2613.6835    79     2620.0000     2611.6855  2907639    0.32%  x(c14_2_c13_2) D 186871  86530     26
 189505 76066     2617.1247   111     2620.0000     2611.8225  2938303    0.31%  x(c18_2_c16_2) D 189505 189503     23
 192206 76255     2612.2923    73     2620.0000     2611.9590  2972312    0.31%    x(c4_1_c7_1) D 192206 180886     24
 194872 76351     2618.6464    98     2620.0000     2612.0873  3006457    0.30%    x(c5_3_c4_3) N 194872  90803     23
 197450 76455     2612.2512    91     2620.0000     2612.2125  3037182    0.30%  x(c17_3_c20_3) D 197450  80592     26
 200196 76587        cutoff           2620.0000     2612.3327  3068381    0.29%    x(c6_1_c2_1) U 200196  46583     28
Elapsed time = 112.85 sec. (283390.34 ticks, tree = 77.23 MB, solutions = 1)
 202743 76731     2613.0443    86     2620.0000     2612.4280  3099007    0.29%    x(c4_1_c3_1) D 202743 202742     17
 205452 76858     2612.7688    70     2620.0000     2612.5185  3131808    0.29%     x(c23_3_Om) D 205452 205451     24
 207899 76698        cutoff           2620.0000     2612.6117  3160403    0.28%  x(c12_3_c11_3) D 207899 121189     24
 210447 76476     2612.7766    56     2620.0000     2612.7222  3189604    0.28%    x(c5_2_c4_2) D 210447 210446     35
 212960 76294    infeasible           2620.0000     2612.8341  3219389    0.27%    x(c3_2_c4_2) U 212960 208090     33
 215581 75971     2618.5833   110     2620.0000     2612.9669  3248850    0.27%  x(c17_3_c16_3) D 215581  52885     14
 218096 75652     2614.0886   107     2620.0000     2613.0887  3279030    0.26%    x(c7_1_c6_1) D 218096 182900     20
 220884 75451     2613.2775    58     2620.0000     2613.2252  3309786    0.26%    x(c6_2_c7_2) D 220884 220883     27
 223550 75163     2613.7814    80     2620.0000     2613.3373  3340094    0.25%  x(c21_3_c12_3) U 223550  63806     16
 226249 74895     2613.4509    79     2620.0000     2613.4505  3369185    0.25%  x(c12_2_c11_2) D 226249 115116     18
Elapsed time = 126.84 sec. (321544.44 ticks, tree = 75.93 MB, solutions = 1)
 228711 74645     2614.1390    94     2620.0000     2613.5279  3398059    0.25%    x(c4_1_c3_1) D 228711 228710     26
 231263 74294        cutoff           2620.0000     2613.6200  3425738    0.24%    x(c7_1_c5_1) U 231263 231262     22
 233874 73846     2615.2078   112     2620.0000     2613.7074  3452758    0.24%    x(c7_1_c6_1) N 233874 233872     29
 236471 73381     2616.4880   105     2620.0000     2613.8166  3479871    0.24%    x(c7_1_c6_1) N 236471 190993     31
 239000 72887     2617.6778    53     2620.0000     2613.9279  3506713    0.23%  x(c23_2_c22_2) N 239000 238999     37
 241310 72422        cutoff           2620.0000     2614.0264  3532346    0.23%   x(c16_3_c8_3) U 241310 135966     25
 244070 71899     2617.6465    52     2620.0000     2614.1460  3561004    0.22%  x(c17_2_c21_2) N 244070 192854     32
 246758 71525     2616.1097    48     2620.0000     2614.2529  3587824    0.22%  x(c23_2_c22_2) D 246758 246757     38
 249297 71163        cutoff           2620.0000     2614.3432  3613407    0.22%    x(c9_2_c8_2) U 249297 200328     32
 252020 70677     2614.4328    60     2620.0000     2614.4329  3639129    0.21%  x(c15_2_c13_2) N 252020 224080     28
Elapsed time = 140.76 sec. (359714.24 ticks, tree = 72.27 MB, solutions = 1)
 254514 70198     2614.5120    62     2620.0000     2614.5077  3664862    0.21%   x(c16_3_c8_3) N 254514 208842     21
 257324 69599     2614.6613    97     2620.0000     2614.5901  3691407    0.21%   x(c9_3_c16_3) N 257324 194683     21
 260048 68792     2614.8391    76     2620.0000     2614.6774  3717118    0.20%    x(c3_3_c4_3) N 260048 257749     27
 262853 67850     2614.9185    62     2620.0000     2614.7887  3742570    0.20%  x(c16_3_c18_3) D 262853 262852     18
 265700 67053        cutoff           2620.0000     2614.8975  3769551    0.19%  x(c15_2_c13_2) U 265700 217526     29
 268471 66075        cutoff           2620.0000     2615.0160  3795290    0.19%  x(c11_2_c10_2) U 268471 241190     32
 271225 65064     2617.2309    88     2620.0000     2615.1279  3821204    0.19%    x(c4_2_c6_2) N 271225 185468     29
 274040 64094        cutoff           2620.0000     2615.2508  3846707    0.18%  x(c15_2_c13_2) U 274040 274039     23
 276793 63029     2617.3484    80     2620.0000     2615.3484  3872336    0.18%    x(c7_1_c6_1) N 276793 276790     29
 279581 62122     2615.4418    66     2620.0000     2615.4418  3896464    0.17%  x(c15_2_c13_2) D 279581 266712     25
Elapsed time = 154.53 sec. (397868.64 ticks, tree = 64.43 MB, solutions = 1)
 282278 61172     2615.5147    76     2620.0000     2615.5148  3921297    0.17%  x(c15_2_c13_2) N 282278 252433     23
 284920 60102     2615.6153    66     2620.0000     2615.5958  3944554    0.17%   x(c8_3_c16_3) N 284920 269680     18
 287698 59029        cutoff           2620.0000     2615.6798  3967971    0.16%  x(c11_3_c10_3) U 287698 138248     25
 290371 57849     2617.6429   108     2620.0000     2615.7823  3990527    0.16%    x(c7_1_c4_1) N 290371 164183     24
 293235 56576     2615.8877   101     2620.0000     2615.8878  4013651    0.16%    x(c4_2_c5_2) U 293235  82279     21
 295992 55235     2616.0446    62     2620.0000     2616.0058  4036543    0.15%  x(c12_2_c11_2) U 295992 157481     28
 298759 53872     2617.7725    86     2620.0000     2616.1168  4059966    0.15%    x(c3_3_c4_3) N 298759 212174     27
 301486 52485     2616.2394    47     2620.0000     2616.2299  4081534    0.14%  x(c15_2_c13_2) N 301486 292100     24
 304224 51134        cutoff           2620.0000     2616.3317  4104944    0.14%  x(c22_2_c23_2) U 304224 250146     29
 307031 49825        cutoff           2620.0000     2616.4186  4127423    0.14%    x(c7_1_c4_1) U 307031 264240     34
Elapsed time = 168.23 sec. (436025.72 ticks, tree = 52.96 MB, solutions = 1)
 309552 48445     2616.6021    58     2620.0000     2616.5000  4147573    0.13%  x(c11_2_c10_2) N 309552 199319     18
 312231 46964        cutoff           2620.0000     2616.5702  4168585    0.13%    x(c6_1_c7_1) U 312231 273616     21
 314967 45400        cutoff           2620.0000     2616.6482  4188676    0.13%     x(c23_3_Om) U 314967 168400     23
 317746 43837     2618.3842    71     2620.0000     2616.7522  4209076    0.12%    x(c5_2_c4_2) D 317746 187124     31
 320450 42266     2617.2848    65     2620.0000     2616.8510  4229906    0.12%  x(c21_3_c16_3) N 320450 320449     29
 323186 40579     2616.9657    88     2620.0000     2616.9657  4248250    0.12%  x(c17_3_c16_3) N 323186 171289     17
 325872 38816    infeasible           2620.0000     2617.0783  4267597    0.11%    x(c6_1_c3_1) N 325872 319676     21
 328469 37101     2617.2686    80     2620.0000     2617.1853  4285984    0.11%    x(c4_1_c3_1) N 328469 247439     33
 331047 35428        cutoff           2620.0000     2617.2966  4304382    0.10%    x(c4_1_c7_1) D 331047 177771     17
 333628 33658     2617.4726    57     2620.0000     2617.3809  4322975    0.10%  x(c18_3_c21_3) N 333628 320942     20
Elapsed time = 181.94 sec. (474183.81 ticks, tree = 37.70 MB, solutions = 1)
 336170 32043        cutoff           2620.0000     2617.4652  4340694    0.10%    x(c5_1_c7_1) D 336170 262210     30
 338784 30257     2617.5682    72     2620.0000     2617.5385  4358455    0.09%    x(c5_3_c4_3) N 338784 336731     25
 341477 28383     2617.7081    72     2620.0000     2617.6241  4374640    0.09%  x(c16_3_c18_3) N 341477 313775     19
 344174 26522        cutoff           2620.0000     2617.7094  4390832    0.09%  x(c25_2_c23_2) D 344174 201743     29
 346884 24557     2618.3540    94     2620.0000     2617.8114  4406958    0.08%    x(c7_1_c6_1) N 346884 263420     19
 349600 22453     2617.9255    83     2620.0000     2617.9255  4427327    0.08%    x(c4_1_c3_1) N 349600 241569     26
 352290 20221    infeasible           2620.0000     2618.0492  4451703    0.07%    x(c3_2_c4_2) U 352290 351253     26
 354997 17977    infeasible           2620.0000     2618.1754  4469270    0.07%  x(c12_3_c11_3) U 354997 158691     20
 357695 15793     2618.7068    64     2620.0000     2618.3000  4484108    0.06%  x(c21_2_c16_2) N 357695 155548     38
 360385 13607        cutoff           2620.0000     2618.3949  4499611    0.06%    x(c4_1_c3_1) U 360385 248145     21
Elapsed time = 195.48 sec. (512339.10 ticks, tree = 18.59 MB, solutions = 1)
 363186 11307        cutoff           2620.0000     2618.5000  4513646    0.06%    x(c7_2_c6_2) D 363186 125582     36
 365953  8957     2618.8789    59     2620.0000     2618.5814  4527169    0.05%    x(c4_1_c5_1) N 365953 321954     28
 368759  6562     2618.8267    63     2620.0000     2618.6742  4539656    0.05%    x(c3_2_c5_2) N 368759 300456     33
 371586  4029        cutoff           2620.0000     2618.8000  4551066    0.05%  x(c12_2_c13_2) D 371586 323904     36
 374540  1262        cutoff           2620.0000     2618.9384  4561933    0.04%    x(c5_3_c3_3) U 374540 287785     24

Clique cuts applied:  19
Cover cuts applied:  197
Mixed integer rounding cuts applied:  17
Zero-half cuts applied:  7
Gomory fractional cuts applied:  7

Root node processing (before b&c):
  Real time             =    0.15 sec. (343.76 ticks)
Sequential b&c:
  Real time             =  202.41 sec. (535266.18 ticks)
                          ------------
Total (root+branch&cut) =  202.56 sec. (535609.94 ticks)

