Version identifier: 22.1.0.0 | 2022-03-09 | 1a383f8ce
CPXPARAM_Preprocessing_Reduce                    1
CPXPARAM_Threads                                 1
CPXPARAM_Preprocessing_Reformulations            0
CPXPARAM_Emphasis_MIP                            2
CPXPARAM_TimeLimit                               7200
CPXPARAM_MIP_Tolerances_AbsMIPGap                0.5
CPXPARAM_MIP_Limits_TreeMemory                   26600
Legacy callback                                  BbLUID
         Disabling repeat represolve because of lazy constraint/incumbent callback.
1 of 1 MIP starts provided solutions.
MIP start 'm1' defined initial solution with objective 54533.0000.
Tried aggregator 1 time.
MIP Presolve modified 14163 coefficients.
Reduced MIP has 417 rows, 14100 columns, and 42296 nonzeros.
Reduced MIP has 14100 binaries, 0 generals, 0 SOSs, and 0 indicators.
Presolve time = 0.02 sec. (43.73 ticks)
Probing time = 0.00 sec. (5.47 ticks)
Clique table members: 414.
MIP emphasis: optimality.
MIP search method: traditional branch-and-cut.
Parallel mode: none, using 1 thread.
Root relaxation solution time = 0.00 sec. (8.44 ticks)

        Nodes                                         Cuts/
   Node  Left     Objective  IInf  Best Integer    Best Bound    ItCnt     Gap         Variable B NodeID Parent  Depth

*     0+    0                        54533.0000        0.0000           100.00%
      0     0    50151.5000   130    54533.0000    41373.0000      205   24.13%
      0     0    52828.7500   273    54533.0000      Cuts: 94      318    3.13%
      0     0    53442.5000   226    54533.0000     Cuts: 101      395    2.00%
      0     0    53601.5000   244    54533.0000      Cuts: 46      443    1.71%
      0     0    53634.7500   271    54533.0000      Cuts: 23      472    1.65%
      0     0    53672.8333   432    54533.0000      Cuts: 19      493    1.58%
      0     0    53741.0833   392    54533.0000      Cuts: 28      527    1.45%
      0     0    53779.8333   258    54533.0000      Cuts: 46      565    1.38%
      0     0    53789.3333   337    54533.0000      Cuts: 18      583    1.36%
      0     0    53800.6667   462    54533.0000      Cuts: 30      603    1.34%
      0     0    53825.8333   440    54533.0000  ZeroHalf: 24      637    1.30%
      0     0    53897.0000   364    54533.0000  ZeroHalf: 26      687    1.17%
      0     0    53926.0833   280    54533.0000      Cuts: 20      733    1.11%
      0     0    53936.0833   452    54533.0000      Cuts: 18      768    1.09%
      0     0    53967.8333   387    54533.0000      Cuts: 32      809    1.04%
      0     0    53995.0000   341    54533.0000      Cuts: 40      837    0.99%
      0     0    53996.0000   418    54533.0000      Cuts: 19      853    0.98%
      0     0    54003.1667   401    54533.0000  ZeroHalf: 10      871    0.97%
      0     0    54008.8750   355    54533.0000  ZeroHalf: 26      895    0.96%
      0     0    54013.1667   240    54533.0000  ZeroHalf: 14      915    0.95%
      0     0    54020.2292   448    54533.0000      Cuts: 22      948    0.94%
      0     0    54022.0625   385    54533.0000       User: 1      951    0.94%
      0     2    54022.0625   385    54533.0000    54022.0625      951    0.94%                        0             0
Elapsed time = 0.98 sec. (2391.56 ticks, tree = 0.01 MB, solutions = 1)
      3     5    54047.5208   352    54533.0000    54022.0625      974    0.94%  x(c49_1_c63_1) D      3      2      3
     12    14    54084.9792   378    54533.0000    54022.0625     1026    0.94%  x(c47_2_c93_2) U     12     11     12
     21    23    54258.8125   248    54533.0000    54022.0625     1200    0.94%  x(c36_1_c72_1) N     21     19     18
     35    36    54337.8125   283    54533.0000    54022.0625     1375    0.94%   x(c9_1_c86_1) D     35     33     28
     59    56    54242.5312   299    54533.0000    54022.5208     1621    0.94%  x(c91_1_c77_1) N     59     57     16
     79    67    54481.0000   208    54533.0000    54022.5208     1803    0.94%  x(c60_1_c57_1) N     79     78     34
     88    74    54057.0714   273    54533.0000    54055.0208     2048    0.88%  x(c87_1_c77_1) N     88     46      6
    100    86    54061.8214   237    54533.0000    54061.8214     2405    0.86%  x(c81_1_c67_1) D    100     89      8
    132   117    54216.0714   267    54533.0000    54070.7857     2888    0.85%     x(c63_1_Om) D    132    131     10
    238   223    54123.9048   411    54533.0000    54110.5714     4933    0.77%  x(c63_1_c92_1) N    238    139      6
Elapsed time = 3.42 sec. (5650.85 ticks, tree = 2.72 MB, solutions = 1)
    371   351    54152.4048   306    54533.0000    54140.0714     7550    0.72%  x(c63_1_c92_1) D    371    111      7
    516   490    54215.3214   260    54533.0000    54156.8929    10078    0.69%  x(c81_2_c58_2) U    516    491     17
    611   584    54167.3167   229    54533.0000    54165.8214    11767    0.67%  x(c77_3_c20_3) D    611    610     26
    700   667    54391.5714   244    54533.0000    54169.8929    13747    0.67%   x(c7_1_c34_1) U    700    663     23
    818   773    54236.1944   296    54533.0000    54176.0714    16626    0.65%  x(c60_3_c23_3) U    818    816     29
    955   899    54240.5714   307    54533.0000    54184.0714    19184    0.64%  x(c34_2_c46_2) D    955    645     21
   1100  1031    54422.9167   233    54533.0000    54190.4048    21460    0.63%  x(c57_3_c34_3) N   1100   1090     29
   1236  1156    54384.1185   303    54533.0000    54197.1964    23913    0.62%  x(c22_3_c53_3) N   1236    609     25
   1390  1300    54212.9500   213    54533.0000    54202.9048    26723    0.61%  x(c63_1_c90_1) D   1390   1389     29
   1521  1423    54219.6891   321    54533.0000    54207.9333    29203    0.60%      x(c6_1_Om) D   1521   1218     16
Elapsed time = 14.22 sec. (15260.29 ticks, tree = 19.27 MB, solutions = 1)
   1654  1546    54359.2167   274    54533.0000    54213.0714    31769    0.59%  x(c51_3_c77_3) U   1654    424     21
   1809  1687    54222.3353   369    54533.0000    54218.3214    34640    0.58%  x(c67_1_c69_1) D   1809   1696     10
   1946  1814    54225.3214   224    54533.0000    54222.3333    37341    0.57%  x(c34_2_c46_2) U   1946   1944     24
   2093  1949    54290.3714   355    54533.0000    54225.5714    40245    0.56%  x(c34_1_c55_1) D   2093    478     17
   2245  2085    54231.3049   315    54533.0000    54229.2222    43290    0.56%      x(c6_1_Om) D   2245   1913     32
   2398  2224    54436.5714   276    54533.0000    54233.3214    46142    0.55%  x(c39_1_c52_1) N   2398   2396     22
   2538  2359    54236.5048   384    54533.0000    54236.3214    48874    0.54%  x(c93_1_c87_1) N   2538    767     10
   2697  2507    54277.5333   300    54533.0000    54238.5000    51845    0.54%  x(c81_2_c58_2) U   2697   2392     43
   2878  2672    54460.6964   346    54533.0000    54241.0625    55005    0.54%  x(c72_1_c63_1) U   2878   1225     15
   3040  2814    54314.1972   226    54533.0000    54242.7000    57756    0.53%  x(c36_1_c72_1) D   3040    963     47
Elapsed time = 24.44 sec. (24852.48 ticks, tree = 40.01 MB, solutions = 1)
   3216  2976    54248.5714   210    54533.0000    54245.0714    61032    0.53%  x(c34_2_c46_2) N   3216   2803     21
   3372  3101    54251.3527   323    54533.0000    54247.1000    64075    0.52%      x(c6_1_Om) D   3372   2215     18
   3542  3253    54394.8214   284    54533.0000    54248.9048    67169    0.52%      x(Op_c6_1) N   3542   1146      9
   3697  3390    54333.8214   239    54533.0000    54251.0714    69877    0.52%  x(c58_2_c81_2) U   3697   3216     22
   3843  3520    54255.8214   257    54533.0000    54252.8214    72664    0.51%  x(c55_2_c46_2) D   3843   1394     23
   3993  3651    54255.0000   165    54533.0000    54255.0000    75586    0.51%  x(c57_3_c77_3) D   3993   3754     24
   4129  3764    54387.1111   144    54533.0000    54256.2857    78373    0.51%  x(c77_3_c20_3) N   4129   3996     28
   4266  3885    54432.7000   176    54533.0000    54257.4048    80819    0.51%   x(c9_1_c86_1) U   4266   4264     21
   4396  4003    54390.9286   216    54533.0000    54258.3214    83685    0.50%  x(c77_3_c61_3) U   4396   4205     28
   4532  4130    54307.7381   338    54533.0000    54259.5714    86307    0.50%  x(c81_1_c69_1) U   4532   4530     27
Elapsed time = 35.02 sec. (34483.11 ticks, tree = 60.68 MB, solutions = 1)
   4653  4245    54260.5714   192    54533.0000    54260.5714    89620    0.50%  x(c39_1_c52_1) D   4653   2431     13
   4800  4374    54275.3395   257    54533.0000    54261.7857    92435    0.50%  x(c63_1_c90_1) D   4800   1940     29
   4929  4493    54284.0714   336    54533.0000    54262.8214    95812    0.50%  x(c34_2_c46_2) D   4929   2014     26
   5052  4601    54282.4500   208    54533.0000    54264.0537    98423    0.49%  x(c34_2_c46_2) U   5052   3270     25
   5190  4719    54265.3214   308    54533.0000    54264.9048   101065    0.49%  x(c34_2_c46_2) U   5190   4442     17
   5328  4839    54267.0357   111    54533.0000    54265.7500   103923    0.49%  x(c77_3_c23_3) D   5328   5327     36
   5451  4949    54274.0333   200    54533.0000    54266.7857   106955    0.49%  x(c57_2_c12_2) D   5451   4228     40
   5591  5077    54332.2381   225    54533.0000    54267.7381   109939    0.49%   x(c6_1_c92_1) U   5591   4267     26
   5721  5195    54427.0000    58    54533.0000    54268.7500   113274    0.48%  x(c57_3_c34_3) U   5721   5151     38
   5853  5311    54273.7321   262    54533.0000    54269.7500   116351    0.48%  x(c87_2_c58_2) D   5853   5852     31
Elapsed time = 43.48 sec. (44043.82 ticks, tree = 79.60 MB, solutions = 1)
   5992  5430    54412.6667   297    54533.0000    54270.7881   119565    0.48%  x(c51_3_c77_3) U   5992   3698     24
   6121  5536    54339.0714   229    54533.0000    54271.5714   121791    0.48%   x(c6_1_c92_1) U   6121   6119     21
   6254  5649    54529.0714   285    54533.0000    54272.3214   124367    0.48%  x(c27_1_c34_1) U   6254   4872     16
   6372  5755    54274.7381   237    54533.0000    54273.3214   127135    0.48%  x(c69_1_c54_1) D   6372   4189     23
   6516  5881    54281.1964   232    54533.0000    54274.1964   129815    0.47%   x(c6_1_c92_1) D   6516   5244     23
   6661  6013    54441.3846   186    54533.0000    54274.9048   132626    0.47%  x(c81_1_c67_1) U   6661   3904     36
   6799  6135    54422.2667   142    54533.0000    54275.6000   135468    0.47%  x(c81_1_c67_1) U   6799   4976     54
   6938  6260        cutoff          54533.0000    54276.3214   137935    0.47%  x(c58_2_c81_2) U   6938   4507     24
   7062  6374    54429.4286   229    54533.0000    54277.0000   140704    0.47%  x(c77_3_c98_3) U   7062   6709     26
   7175  6480    54405.7917   239    54533.0000    54277.7857   144195    0.47%  x(c51_3_c77_3) U   7175   3765     30
Elapsed time = 51.85 sec. (53625.12 ticks, tree = 98.61 MB, solutions = 1)
   7286  6580    54349.2500    38    54533.0000    54278.3750   147034    0.47%  x(c87_3_c85_3) U   7286   7284     48
   7394  6681    54278.8500   228    54533.0000    54278.8571   149659    0.47%  x(c39_1_c52_1) D   7394   4438     41
   7519  6788    54467.3750   167    54533.0000    54279.7500   152739    0.46%  x(c98_3_c60_3) U   7519   4562     34
   7624  6883    54344.3214   267    54533.0000    54280.3214   155326    0.46%  x(c34_2_c46_2) D   7624   6563     20
   7748  6998    54374.0833   315    54533.0000    54280.8485   158211    0.46%  x(c63_1_c49_1) U   7748   4800     30
   7860  7102    54283.2500    48    54533.0000    54281.5000   161068    0.46%  x(c30_3_c85_3) D   7860   7322     39
   7976  7197    54292.5714   209    54533.0000    54282.0714   163998    0.46%  x(c34_2_c83_2) D   7976   1776     13
   8090  7293    54348.3006   335    54533.0000    54282.5714   166708    0.46%  x(c81_1_c69_1) U   8090   8088     30
   8217  7390    54357.2964   291    54533.0000    54283.1964   169727    0.46%  x(c34_2_c43_2) U   8217   3661     25
   8345  7490    54284.6548   318    54533.0000    54283.8667   172248    0.46%  x(c93_1_c25_1) D   8345   1307     37
Elapsed time = 60.28 sec. (63241.24 ticks, tree = 115.56 MB, solutions = 1)
   8470  7592    54530.5833   144    54533.0000    54284.0000   174415    0.46%  x(c55_1_c57_1) D   8470   8469    104
   8600  7700        cutoff          54533.0000    54284.5714   177259    0.46%  x(c34_2_c46_2) U   8600   4178     21
   8717  7803    54462.8214   303    54533.0000    54285.0714   180417    0.45%      x(c6_1_Om) U   8717   5121     30
   8837  7914    54296.5714   205    54533.0000    54285.5200   182819    0.45%  x(c69_1_c67_1) D   8837   8836     37
   8948  8009    54295.7500    47    54533.0000    54286.0000   186022    0.45%  x(c87_3_c85_3) D   8948   8947     49
   9050  8099    54289.3333   309    54533.0000    54286.2714   188858    0.45%  x(c87_1_c81_1) D   9050   6407     34
   9178  8212    54427.0000   188    54533.0000    54286.7500   191843    0.45%   x(c9_1_c86_1) U   9178   3693     23
   9281  8296    54328.2381   282    54533.0000    54287.2381   194942    0.45%  x(c55_1_c27_1) U   9281   7447     18
   9411  8410    54499.4157   205    54533.0000    54287.5714   197422    0.45%  x(c57_3_c34_3) D   9411   9410     35
   9536  8513    54334.0714   201    54533.0000    54288.0714   200522    0.45%  x(c34_1_c27_1) D   9536   3402     15
Elapsed time = 68.01 sec. (72800.35 ticks, tree = 133.42 MB, solutions = 1)
   9646  8610    54296.1507   354    54533.0000    54288.4167   203527    0.45%  x(c35_2_c62_2) D   9646   6167     19
   9768  8720    54325.7500   187    54533.0000    54288.7500   206394    0.45%   x(c7_1_c27_1) U   9768   7743     25
   9888  8818    54290.0500   190    54533.0000    54289.2000   209618    0.45%  x(c77_3_c61_3) D   9888   9887     24
  10000  8913    54291.1169   128    54533.0000    54289.5000   212753    0.45%  x(c77_3_c61_3) D  10000   9999     37
  10128  9025    54395.8000    99    54533.0000    54290.0000   215836    0.45%  x(c87_1_c27_1) N  10128  10126     40
  10250  9128    54508.5714   298    54533.0000    54290.3308   218872    0.44%     x(Op_c49_1) U  10250   7604     14
  10349  9217    54368.3000   184    54533.0000    54290.7857   221820    0.44%  x(c51_2_c81_2) N  10349  10347     62
  10459  9317    54297.9839   173    54533.0000    54291.0667   225211    0.44%  x(c45_3_c98_3) D  10459  10458     28
  10566  9398    54382.0000    74    54533.0000    54291.5000   227966    0.44%  x(c77_3_c51_3) U  10566   9022     33
  10679  9492    54338.8214   194    54533.0000    54291.8214   230973    0.44%  x(c51_2_c81_2) D  10679  10677     21
Elapsed time = 75.82 sec. (82443.46 ticks, tree = 150.46 MB, solutions = 1)
  10787  9577    54484.8000   225    54533.0000    54292.1667   234094    0.44%  x(c77_3_c51_3) U  10787  10785     23
  10880  9664    54514.0000   203    54533.0000    54292.6190   237166    0.44%  x(c77_3_c98_3) U  10880   9012     36
* 10914  3631      integral     0    54337.0000    54292.7500   238293    0.08%
  11001  3614        cutoff          54337.0000    54293.0714   239214    0.08%      x(c8_1_Om) D  11001  11000     11
  11149  3604        cutoff          54337.0000    54293.7937   240903    0.08%  x(c51_3_c77_3) U  11149   2713     27
  11295  3585        cutoff          54337.0000    54294.3214   242574    0.08%  x(c51_2_c81_2) D  11295  11293     24
  11443  3585    54298.0000   189    54337.0000    54295.0714   244238    0.08%  x(c98_3_c77_3) D  11443  11442     28
  11592  3572    54329.7381   279    54337.0000    54295.5714   245779    0.08%  x(c93_1_c92_1) D  11592   3493     12
  11742  3569        cutoff          54337.0000    54296.3214   247196    0.07%  x(c98_3_c77_3) U  11742  11740     22
  11905  3566        cutoff          54337.0000    54297.0714   248770    0.07%  x(c34_2_c46_2) U  11905   6029      9
  12525  3538        cutoff          54337.0000    54299.8631   254633    0.07%  x(c87_3_c85_3) U  12525  12523     31
Elapsed time = 84.51 sec. (94901.94 ticks, tree = 57.38 MB, solutions = 2)
  13193  3486        cutoff          54337.0000    54302.6964   260617    0.06%  x(c77_3_c98_3) U  13193  12678     13
  13871  3440    54308.5000    16    54337.0000    54305.5000   266582    0.06%  x(c60_3_c23_3) U  13871  11788     23
  14545  3359    54329.4048   325    54337.0000    54308.0727   272134    0.05%  x(c72_1_c63_1) D  14545   5509     19
  15250  3280    54311.6714   345    54337.0000    54310.4167   277773    0.05%     x(Op_c67_1) D  15250  15249     26
* 15746  2045      integral     0    54326.0000    54312.0000   281927    0.03%
  15947  2000    54312.6667    20    54326.0000    54312.6667   283288    0.02%  x(c87_2_c57_2) D  15947  11647     26
  16651  1769    54315.0000    58    54326.0000    54315.0000   287593    0.02%  x(c20_3_c62_3) D  16651   4907     31
  17357  1477        cutoff          54326.0000    54317.2500   291132    0.02%  x(c69_3_c67_3) U  17357   7951     66
  18049  1074        cutoff          54326.0000    54319.6964   294523    0.01%  x(c98_3_c77_3) U  18049  17440     24

Cover cuts applied:  1
Mixed integer rounding cuts applied:  1
Zero-half cuts applied:  119
Gomory fractional cuts applied:  11
User cuts applied:  966

Root node processing (before b&c):
  Real time             =    0.98 sec. (2393.81 ticks)
Sequential b&c:
  Real time             =  104.08 sec. (125109.74 ticks)
                          ------------
Total (root+branch&cut) =  105.06 sec. (127503.55 ticks)

