Version identifier: 22.1.0.0 | 2022-03-09 | 1a383f8ce
CPXPARAM_Preprocessing_Reduce                    1
CPXPARAM_Threads                                 1
CPXPARAM_Preprocessing_Reformulations            0
CPXPARAM_Emphasis_MIP                            2
CPXPARAM_TimeLimit                               7200
CPXPARAM_MIP_Tolerances_AbsMIPGap                0.5
CPXPARAM_MIP_Limits_TreeMemory                   26600
Legacy callback                                  BbLUID
         Disabling repeat represolve because of lazy constraint/incumbent callback.
1 of 1 MIP starts provided solutions.
MIP start 'm1' defined initial solution with objective 54497.0000.
Tried aggregator 1 time.
MIP Presolve modified 8182 coefficients.
Reduced MIP has 414 rows, 8384 columns, and 16768 nonzeros.
Reduced MIP has 8384 binaries, 0 generals, 0 SOSs, and 0 indicators.
Presolve time = 0.00 sec. (9.73 ticks)
Probing time = 0.00 sec. (4.04 ticks)
Clique table members: 414.
MIP emphasis: optimality.
MIP search method: traditional branch-and-cut.
Parallel mode: none, using 1 thread.
Root relaxation solution time = 0.00 sec. (4.35 ticks)

        Nodes                                         Cuts/
   Node  Left     Objective  IInf  Best Integer    Best Bound    ItCnt     Gap         Variable B NodeID Parent  Depth

*     0+    0                        54497.0000        0.0000           100.00%
      0     0    52373.5000    84    54497.0000    47093.0000      173   13.59%
      0     0    53208.1667   176    54497.0000      Cuts: 40      264    2.36%
      0     0    53410.3333   171    54497.0000      Cuts: 72      335    1.99%
      0     0    53679.0000   157    54497.0000      Cuts: 43      411    1.50%
      0     0    53833.7500   160    54497.0000      Cuts: 31      467    1.22%
      0     0    53892.7500   336    54497.0000      Cuts: 29      502    1.11%
      0     0    53958.5000   298    54497.0000      Cuts: 50      534    0.99%
      0     0    53981.0000   332    54497.0000      Cuts: 22      555    0.95%
      0     0    54003.3000   375    54497.0000      Cuts: 28      580    0.91%
      0     0    54030.0000   171    54497.0000      Cuts: 26      612    0.86%
      0     0    54030.0000   124    54497.0000      Cuts: 22      626    0.86%
      0     0    54030.0000   364    54497.0000      Cuts: 15      643    0.86%
      0     0    54030.0000   288    54497.0000   ZeroHalf: 1      644    0.86%
      0     0    54032.0000   235    54497.0000      Cuts: 17      669    0.85%
      0     0    54032.0000   363    54497.0000      Cuts: 29      685    0.85%
      0     0    54032.0000   361    54497.0000      User: 11      702    0.85%
      0     2    54032.0000   359    54497.0000    54032.0000      702    0.85%                        0             0
Elapsed time = 0.55 sec. (840.90 ticks, tree = 0.01 MB, solutions = 1)
      8    10    54170.2000   334    54497.0000    54041.1000      796    0.84%  x(c41_3_c22_3) N      8      6      5
     20    22    54234.3000   358    54497.0000    54041.1000     1059    0.84%   x(c23_1_c3_1) N     20     18     12
     49    47    54108.3333   229    54497.0000    54048.2917     1384    0.82%  x(c29_3_c41_3) D     49     48     10
     70    68    54183.1364   390    54497.0000    54048.2917     1743    0.82%  x(c22_3_c25_3) N     70     69     26
    100    85    54058.1061   418    54497.0000    54056.8333     2101    0.81%   x(c40_2_c9_2) N    100     96      5
    131   116    54087.7500   387    54497.0000    54074.1625     2707    0.78%  x(c33_2_c43_2) N    131    130     12
    162   147    54142.0000   334    54497.0000    54084.9167     3331    0.76%  x(c41_4_c22_4) N    162      2      2
    201   185    54189.2500   348    54497.0000    54092.0000     4031    0.74%   x(c40_2_c9_2) N    201    191      6
    240   224    54174.7708   398    54497.0000    54098.0000     4730    0.73%   x(c16_2_c2_2) U    240    219     11
    382   366    54162.5000   310    54497.0000    54115.5000     7137    0.70%  x(c32_2_c28_2) N    382    380      8
Elapsed time = 3.97 sec. (4056.46 ticks, tree = 4.42 MB, solutions = 1)
    501   485    54228.7917   394    54497.0000    54122.6562     9324    0.69%  x(c17_2_c12_2) U    501    499     18
    625   609    54191.5000   401    54497.0000    54128.5000    11667    0.68%  x(c26_2_c32_2) N    625    481     12
    756   740    54286.5000   347    54497.0000    54134.4500    13967    0.67%   x(c5_3_c29_3) U    756    754     17
    888   872    54243.2000   405    54497.0000    54139.5833    16394    0.66%  x(c26_3_c32_3) U    888    886     13
   1026  1009    54221.7840   438    54497.0000    54143.6667    18790    0.65%  x(c15_1_c48_1) N   1026   1024     21
   1155  1136    54165.5000   284    54497.0000    54147.0000    21052    0.64%   x(c30_2_c9_2) D   1155    661     20
   1291  1272    54190.7059   303    54497.0000    54150.0000    23562    0.64%   x(c15_1_c2_1) U   1291    861     17
   1407  1388    54261.9167   320    54497.0000    54152.7500    26084    0.63%   x(c2_3_c15_3) U   1407   1405     23
   1531  1512    54275.8333   286    54497.0000    54155.2500    28726    0.63%   x(c10_2_c3_2) U   1531   1529     21
   1653  1633    54338.0000   423    54497.0000    54157.4000    31082    0.62%  x(c25_2_c23_2) U   1653     62     22
Elapsed time = 12.14 sec. (13633.86 ticks, tree = 24.29 MB, solutions = 1)
   1764  1742    54171.7500   384    54497.0000    54159.5556    33410    0.62%  x(c25_3_c10_3) D   1764   1383     13
   1887  1865    54169.0000   307    54497.0000    54161.8612    35692    0.61%   x(c2_3_c15_3) D   1887   1886     18
   1999  1977    54180.4000   395    54497.0000    54163.8333    38032    0.61%  x(c31_3_c12_3) D   1999   1298     20
   2099  2075    54327.7333   391    54497.0000    54165.3500    40230    0.61%  x(c41_3_c26_3) N   2099    817     21
   2217  2193    54287.0000   298    54497.0000    54166.7500    42405    0.61%  x(c31_3_c12_3) N   2217   1745     17
   2334  2310    54177.8750   342    54497.0000    54168.0000    44811    0.60%  x(c15_1_c48_1) U   2334   2037     13
   2446  2422    54169.7500   343    54497.0000    54169.7500    47236    0.60%   x(c3_2_c30_2) D   2446   1728     15
   2550  2525    54175.6667   366    54497.0000    54171.1667    49466    0.60%  x(c15_3_c26_3) D   2550    548     14
   2668  2643    54198.3571   435    54497.0000    54172.2917    51643    0.60%   x(c5_3_c29_3) U   2668   1760     15
   2787  2762    54190.4000   306    54497.0000    54173.7500    53930    0.59%  x(c33_3_c29_3) D   2787   1971      9
Elapsed time = 19.38 sec. (23225.92 ticks, tree = 44.44 MB, solutions = 1)
   2893  2867    54242.0000   304    54497.0000    54174.7708    56068    0.59%   x(c2_3_c15_3) U   2893   1764     14
   3000  2973    54191.1250   341    54497.0000    54175.7333    58225    0.59%   x(c30_2_c9_2) D   3000   2999     18
   3108  3076    54176.5000   194    54497.0000    54176.5000    60503    0.59%  x(c15_1_c48_1) D   3108   1544     16
   3209  3176    54209.4375   400    54497.0000    54177.3500    62807    0.59%  x(c32_2_c28_2) U   3209   3207     21
   3310  3277    54179.0000   272    54497.0000    54178.5000    64822    0.58%  x(c15_2_c33_2) D   3310   2816     25
   3408  3375    54204.1389   355    54497.0000    54179.3333    66970    0.58%  x(c41_2_c26_2) D   3408    451      8
   3493  3458    54196.8333   283    54497.0000    54180.2000    68954    0.58%  x(c22_2_c41_2) D   3493   3133     17
   3589  3554    54188.8125   349    54497.0000    54181.0000    71106    0.58%  x(c17_2_c12_2) D   3589   1640     17
   3688  3653    54194.6875   340    54497.0000    54181.8571    73238    0.58%  x(c41_3_c12_3) U   3688   2507     13
   3787  3752    54206.4839   386    54497.0000    54182.8333    75241    0.58%  x(c33_2_c43_2) D   3787   3786     10
Elapsed time = 26.75 sec. (32790.45 ticks, tree = 64.02 MB, solutions = 1)
   3872  3834    54238.7424   254    54497.0000    54183.4286    77028    0.58%   x(c5_1_c32_1) U   3872   3867     26
   3958  3920    54204.2500   335    54497.0000    54184.1250    79021    0.57%  x(c22_2_c41_2) D   3958   3957     18
   4066  4028    54198.5758   328    54497.0000    54184.7419    80882    0.57%   x(c15_1_c2_1) U   4066   4064     24
   4156  4118    54193.7500   372    54497.0000    54185.4823    82836    0.57%   x(c2_3_c15_3) U   4156   1503     21
   4242  4203    54326.2500   342    54497.0000    54186.3933    85052    0.57%  x(c41_2_c26_2) U   4242   1964     15
   4327  4288    54210.9500   432    54497.0000    54187.0000    87062    0.57%  x(c23_3_c36_3) D   4327    291     17
   4410  4371    54266.1000   358    54497.0000    54188.0000    89100    0.57%  x(c22_3_c38_3) U   4410     11      8
   4498  4456    54211.4167   411    54497.0000    54188.6667    90966    0.57%  x(c29_3_c26_3) D   4498   4497     10
   4567  4522    54210.5052   425    54497.0000    54189.2083    92672    0.56%  x(c10_3_c23_3) D   4567   3287     16
   4661  4612    54412.6905   362    54497.0000    54189.5000    94365    0.56%  x(c24_2_c15_2) N   4661   4660     36
Elapsed time = 33.79 sec. (42410.10 ticks, tree = 82.48 MB, solutions = 1)
   4751  4694    54192.5000   324    54497.0000    54190.0000    96012    0.56%   x(c2_2_c48_2) U   4751   4013     14
   4832  4774    54225.9500   410    54497.0000    54190.5000    97908    0.56%   x(c2_1_c15_1) U   4832   3803     12
   4909  4847    54204.2000   245    54497.0000    54191.1000    99812    0.56%  x(c41_1_c12_1) D   4909   3333     22
   4995  4933    54253.9318   239    54497.0000    54191.6667   101838    0.56%   x(c43_1_c2_1) N   4995   2820     16
   5066  5004    54209.3750   357    54497.0000    54192.1667   103750    0.56%   x(c2_1_c15_1) D   5066   5065     12
   5141  5079    54193.9091   389    54497.0000    54192.6190   105506    0.56%   x(c2_1_c15_1) D   5141   4513     17
   5206  5144    54249.2061   376    54497.0000    54193.0000   107256    0.56%   x(c30_2_c9_2) N   5206   5204     15
   5287  5217    54258.5000   316    54497.0000    54193.4333   108972    0.56%  x(c41_3_c12_3) U   5287   5285     18
   5362  5291    54198.3448   299    54497.0000    54193.8000   110678    0.56%  x(c41_1_c12_1) D   5362   3629     24
   5439  5368    54195.0000   268    54497.0000    54194.3636   112518    0.56%   x(c2_3_c15_3) D   5439   2138     25
Elapsed time = 40.32 sec. (51993.33 ticks, tree = 100.05 MB, solutions = 1)
   5511  5438    54212.0858   277    54497.0000    54194.8333   114508    0.55%  x(c26_1_c33_1) D   5511   3709     29
   5589  5516    54393.0185   373    54497.0000    54195.4000   116455    0.55%  x(c29_3_c33_3) U   5589   1291     18
   5668  5585    54208.2593   298    54497.0000    54195.6667   118021    0.55%   x(c15_1_c2_1) U   5668   3350     22
   5751  5668    54196.0893   368    54497.0000    54196.0893   119719    0.55%   x(c2_1_c43_1) D   5751   4556     25
   5832  5749    54309.5000   390    54497.0000    54196.5000   121567    0.55%   x(c2_1_c15_1) U   5832   5830     23
   5933  5845    54366.1250   197    54497.0000    54196.7500   122909    0.55%   x(c23_1_c3_1) D   5933   5932     73
   6006  5892    54198.5000   344    54497.0000    54196.8718   123572    0.55%   x(c23_1_c3_1) D   6006   3728     14
   6084  5958    54197.0791   432    54497.0000    54197.0556   125223    0.55%  x(c25_3_c10_3) D   6084   2175     22
   6155  6027    54314.5000   220    54497.0000    54197.5000   127070    0.55%  x(c41_1_c48_1) U   6155   2685     18
   6224  6096    54208.6167   411    54497.0000    54197.9545   128992    0.55%  x(c10_3_c23_3) U   6224   5244     10
Elapsed time = 46.44 sec. (61624.47 ticks, tree = 117.55 MB, solutions = 1)
   6317  6175    54236.9808   333    54497.0000    54198.1111   130656    0.55%   x(c2_1_c15_1) U   6317   6315     19
   6394  6252    54403.0000   244    54497.0000    54198.5556   132523    0.55%  x(c43_1_c19_1) U   6394   2879     22
   6472  6330    54340.7353   419    54497.0000    54199.0000   134295    0.55%   x(c3_2_c30_2) U   6472   4803     30
   6547  6403    54260.5625   230    54497.0000    54199.5000   136171    0.55%   x(c43_1_c2_1) U   6547   3114     19
   6625  6481    54329.4762   396    54497.0000    54199.9643   138071    0.55%  x(c43_2_c48_2) U   6625   5757     20
   6712  6560    54225.3498   384    54497.0000    54200.1250   139794    0.54%  x(c24_1_c48_1) U   6712   4334     18
   6786  6633    54303.5000   370    54497.0000    54200.5000   141803    0.54%   x(c26_2_c5_2) U   6786   5720     21
   6852  6699    54230.0833   390    54497.0000    54200.8333   143492    0.54%   x(c25_2_c3_2) U   6852   5175     19
   6930  6770    54213.5533   427    54497.0000    54201.1000   145205    0.54%   x(c40_2_c3_2) D   6930   6928     36
   7007  6847    54442.9674   401    54497.0000    54201.5556   147068    0.54%  x(c43_1_c19_1) U   7007   4406     18
Elapsed time = 52.84 sec. (71258.32 ticks, tree = 136.35 MB, solutions = 1)
   7086  6926    54216.2200   110    54497.0000    54202.0000   148838    0.54%  x(c30_5_c23_5) D   7086   3496     32
*  7089  4880      integral     0    54276.0000    54202.0000   148884    0.14%
   7146  4899    54209.9383   423    54276.0000    54202.3333   150062    0.14%  x(c24_2_c48_2) D   7146   3269     15
   7232  4931    54219.0000   218    54276.0000    54203.0000   151409    0.13%   x(c5_1_c32_1) D   7232   3805     17
   7311  4948    54255.0333   364    54276.0000    54203.5000   152951    0.13%   x(c30_2_c9_2) U   7311   3672     11
   7399  4990    54215.2143   280    54276.0000    54203.9167   154467    0.13%   x(c5_3_c29_3) D   7399   5819     19
   7490  5036    54205.0833   287    54276.0000    54204.4896   156052    0.13%  x(c10_3_c23_3) U   7490   4870     18
   7575  5080    54214.1667   372    54276.0000    54204.9375   157672    0.13%   x(c2_3_c15_3) U   7575   2578     26
   7650  5111        cutoff          54276.0000    54205.3000   159113    0.13%  x(c22_1_c18_1) U   7650   3986     13
   7740  5165    54220.8750   383    54276.0000    54205.8611   160628    0.13%  x(c17_2_c41_2) D   7740   7739     30
   7821  5206        cutoff          54276.0000    54206.3333   162327    0.13%  x(c33_3_c29_3) U   7821   6521     27
Elapsed time = 59.28 sec. (80948.12 ticks, tree = 106.42 MB, solutions = 2)
   7917  5261        cutoff          54276.0000    54206.7500   163795    0.13%  x(c43_1_c19_1) U   7917   7915     28
   8004  5295    54208.8105   313    54276.0000    54207.0139   165291    0.13%  x(c26_1_c33_1) D   8004   8003     18
   8087  5343    54213.7500   299    54276.0000    54207.5000   167048    0.13%   x(c9_1_c30_1) U   8087   1389     18
   8179  5390        cutoff          54276.0000    54207.8750   168756    0.13%  x(c17_3_c12_3) U   8179   6423     14
   8268  5431        cutoff          54276.0000    54208.2500   170324    0.12%  x(c33_3_c23_3) U   8268   6792     19
   8364  5475        cutoff          54276.0000    54208.6667   171980    0.12%   x(c43_1_c2_1) U   8364   2768     22
   8449  5517        cutoff          54276.0000    54209.0000   173522    0.12%   x(c2_2_c48_2) N   8449   8448     15
   8553  5550    54223.6494   408    54276.0000    54209.3750   175015    0.12%  x(c10_3_c23_3) U   8553   7182     11
   8646  5594        cutoff          54276.0000    54209.8333   176718    0.12%   x(c23_1_c3_1) U   8646   7166     16
   9010  5748    54211.1875   399    54276.0000    54211.1923   183035    0.12%  x(c38_2_c36_2) D   9010   7229     14
Elapsed time = 67.26 sec. (93407.14 ticks, tree = 121.83 MB, solutions = 2)
   9383  5896    54212.6667   316    54276.0000    54212.5000   189188    0.12%  x(c26_1_c33_1) D   9383   4100     27
   9752  6048        cutoff          54276.0000    54213.6667   195506    0.11%   x(c15_1_c2_1) U   9752   9750     14
  10089  6173    54266.5317   397    54276.0000    54214.8333   201300    0.11%  x(c12_2_c41_2) U  10089   8444     17
  10434  6291        cutoff          54276.0000    54216.0000   207085    0.11%  x(c10_3_c23_3) U  10434   2463     12
  10790  6426    54245.6667   352    54276.0000    54217.3333   213181    0.11%   x(c2_1_c15_1) U  10790   8166     17
  11145  6552    54256.0333   357    54276.0000    54218.5000   218568    0.11%  x(c33_3_c23_3) U  11145  10671     24
  11497  6646    54238.9324   365    54276.0000    54219.4762   223967    0.10%   x(c43_1_c2_1) D  11497   3477     18
  11835  6726        cutoff          54276.0000    54220.3750   229176    0.10%   x(c33_2_c5_2) U  11835  11833     22
  12215  6841        cutoff          54276.0000    54221.3333   234696    0.10%  x(c41_3_c17_3) U  12215  12213     26
  12588  6966        cutoff          54276.0000    54222.4000   240532    0.10%  x(c22_2_c41_2) U  12588   7195     24
Elapsed time = 91.11 sec. (131626.30 ticks, tree = 159.24 MB, solutions = 2)
  12932  7043    54243.8125   314    54276.0000    54223.2500   246428    0.10%  x(c15_1_c26_1) D  12932  10115     34
  13297  7129    54228.8409   304    54276.0000    54224.3250   252300    0.10%   x(c23_1_c3_1) D  13297  10837     31
  13658  7259        cutoff          54276.0000    54225.2432   258193    0.09%  x(c41_3_c12_3) U  13658   8775     24
  14014  7326    54226.0833   279    54276.0000    54226.0833   263680    0.09%  x(c33_3_c23_3) D  14014  13798     23
  14360  7404    54227.0000   266    54276.0000    54227.0000   268954    0.09%  x(c24_1_c48_1) D  14360  13286     20
  14728  7497        cutoff          54276.0000    54227.7770   274486    0.09%  x(c26_2_c41_2) U  14728  14726     29
  15079  7588        cutoff          54276.0000    54228.5000   279885    0.09%   x(c2_1_c15_1) D  15079  15078     17
  15425  7648        cutoff          54276.0000    54229.2863   284949    0.09%  x(c31_3_c12_3) U  15425  13465     25
  15756  7707    54264.3333   291    54276.0000    54230.0000   290491    0.08%  x(c25_2_c10_2) N  15756  15753     20
  16102  7759    54231.5333   255    54276.0000    54230.8000   295651    0.08%   x(c43_1_c2_1) D  16102  10320     19
Elapsed time = 113.92 sec. (169823.77 ticks, tree = 186.72 MB, solutions = 2)
  16431  7824    54236.0000   348    54276.0000    54231.5000   300957    0.08%  x(c26_2_c41_2) U  16431  16429     28
  16759  7879    54232.2000   373    54276.0000    54232.1667   305764    0.08%   x(c2_3_c15_3) D  16759  14966     25
  17119  7953    54252.0000   219    54276.0000    54233.0000   310379    0.08%   x(c15_1_c2_1) U  17119  12502     18
  17477  8003    54235.0449   349    54276.0000    54233.6705   315073    0.08%  x(c43_2_c33_2) D  17477  12602     24
  17837  8072        cutoff          54276.0000    54234.4000   319906    0.08%  x(c31_3_c12_3) U  17837  16008     31
  18180  8111    54247.2783   362    54276.0000    54235.0000   324702    0.08%   x(c3_2_c30_2) D  18180  10904     30
  18528  8168    54249.7143   410    54276.0000    54235.6667   329564    0.07%   x(c30_2_c9_2) D  18528  10464     14
  18867  8176    54237.8333   392    54276.0000    54236.3333   334329    0.07%   x(c30_2_c9_2) D  18867  11221     28
  19219  8210        cutoff          54276.0000    54237.0000   338636    0.07%  x(c11_1_c42_1) U  19219   9666     38
  19580  8252    54245.1071   116    54276.0000    54237.6250   343787    0.07%   x(c30_2_c9_2) N  19580  16631     12
Elapsed time = 135.68 sec. (208071.19 ticks, tree = 206.79 MB, solutions = 2)
  19925  8273    54251.0000   336    54276.0000    54238.2500   348564    0.07%   x(c2_1_c43_1) D  19925   4212     19
  20299  8315        cutoff          54276.0000    54238.9357   353233    0.07%  x(c41_3_c22_3) D  20299  10357     11
  20667  8333    54241.6827   394    54276.0000    54239.5313   358149    0.07%   x(c30_2_c9_2) D  20667  12564     26
  21022  8350    54245.5000   380    54276.0000    54240.1852   362765    0.07%  x(c33_3_c23_3) D  21022  17439     25
  21376  8353    54240.8714   345    54276.0000    54240.8542   367269    0.06%   x(c3_2_c30_2) D  21376  15074     15
  21727  8361        cutoff          54276.0000    54241.5000   371764    0.06%  x(c24_1_c48_1) D  21727  21725     21
  22102  8349        cutoff          54276.0000    54242.1111   376701    0.06%   x(c5_1_c33_1) U  22102  15283     18
  22457  8352        cutoff          54276.0000    54242.8000   381215    0.06%  x(c28_2_c41_2) N  22457   6008     16
  22808  8303    54249.2500   212    54276.0000    54243.5000   385500    0.06%  x(c26_1_c33_1) D  22808  19751     21
  23188  8274    54244.2045   428    54276.0000    54244.0865   389431    0.06%   x(c2_1_c15_1) D  23188   6488     11
Elapsed time = 156.17 sec. (246438.63 ticks, tree = 212.80 MB, solutions = 2)
  23563  8202        cutoff          54276.0000    54244.7500   394010    0.06%  x(c33_3_c23_3) U  23563  18577     24
  23912  8196    54257.5000   330    54276.0000    54245.4000   398427    0.06%   x(c23_2_c9_2) U  23912   1620     18
  24278  8172        cutoff          54276.0000    54246.0000   402363    0.06%  x(c25_3_c10_3) U  24278  24276     22
  24617  8140        cutoff          54276.0000    54246.6538   406852    0.05%  x(c21_3_c15_3) U  24617  10675     28
  24950  8083    54249.2051   349    54276.0000    54247.2083   411441    0.05%  x(c41_4_c22_4) D  24950  15457     18
  25310  8013    54250.8647   438    54276.0000    54247.9348   415483    0.05%   x(c21_1_c2_1) D  25310  24696     24
  25668  7957    54255.6019   292    54276.0000    54248.5556   419619    0.05%  x(c29_1_c33_1) D  25668   3931     20
  26010  7887    54249.5000   234    54276.0000    54249.1667   423411    0.05%   x(c2_3_c15_3) D  26010  24198     15
  26365  7829    54254.7167   398    54276.0000    54249.8333   427392    0.05%   x(c30_2_c9_2) U  26365   2022     14
  26712  7721    54250.5000   220    54276.0000    54250.5000   431108    0.05%    x(c9_2_c3_2) D  26712  24231     24
Elapsed time = 176.19 sec. (284671.61 ticks, tree = 202.89 MB, solutions = 2)
  27060  7598    54251.2344   298    54276.0000    54251.1000   434640    0.05%   x(c40_2_c9_2) D  27060   9148     24
  27406  7524        cutoff          54276.0000    54251.7250   438513    0.04%  x(c17_2_c12_2) U  27406  19281     36
  27761  7454        cutoff          54276.0000    54252.4048   442350    0.04%  x(c15_1_c21_1) D  27761  16533     27
  28090  7351    54265.7308   318    54276.0000    54253.0000   445912    0.04%  x(c26_3_c48_3) D  28090  19307     25
  28445  7258    54268.5000   240    54276.0000    54253.7679   449410    0.04%   x(c23_2_c9_2) D  28445  21433     15
  28794  7177    54261.5000   313    54276.0000    54254.4417   452550    0.04%  x(c15_3_c48_3) D  28794  13729     34
  29157  7082        cutoff          54276.0000    54255.0000   455929    0.04%  x(c19_1_c43_1) U  29157  17466     28
  29509  6960        cutoff          54276.0000    54255.5000   458949    0.04%  x(c48_3_c16_3) U  29509   2368     26
  29851  6816    54256.2000   264    54276.0000    54256.2000   462046    0.04%   x(c43_1_c2_1) D  29851   6332     22
  30206  6700    54258.0000   295    54276.0000    54256.7500   465429    0.04%  x(c24_1_c48_1) D  30206  30205     16
Elapsed time = 195.49 sec. (322885.82 ticks, tree = 179.65 MB, solutions = 2)
  30558  6574        cutoff          54276.0000    54257.3800   468846    0.03%   x(c2_1_c43_1) U  30558  15180     31
  30927  6432    54265.0833   287    54276.0000    54258.0000   472009    0.03%   x(c15_1_c2_1) D  30927  28945     21
  31302  6285    54267.0000   326    54276.0000    54258.6667   474960    0.03%  x(c28_2_c41_2) D  31302  23986     14
  31667  6115        cutoff          54276.0000    54259.2800   477759    0.03%  x(c10_2_c36_2) U  31667   2062     14
  32012  5941        cutoff          54276.0000    54260.0000   481221    0.03%  x(c24_1_c48_1) U  32012   9841     28
  32380  5749        cutoff          54276.0000    54260.5455   484092    0.03%   x(c30_2_c9_2) U  32380  27023     17
  32752  5573        cutoff          54276.0000    54261.2222   486958    0.03%  x(c33_3_c23_3) U  32752  21005     17
  33103  5371    54270.9815   357    54276.0000    54261.8472   489556    0.03%   x(c43_1_c2_1) D  33103  16956     30
  33481  5178        cutoff          54276.0000    54262.5000   492078    0.02%  x(c15_1_c48_1) D  33481  33222     32
  33854  4962    54263.6286   440    54276.0000    54263.2400   494509    0.02%  x(c43_2_c33_2) D  33854  24649     21
Elapsed time = 214.83 sec. (361106.32 ticks, tree = 135.45 MB, solutions = 2)
  34217  4726        cutoff          54276.0000    54263.9792   496630    0.02%   x(c5_3_c25_3) U  34217  33608     24
  34573  4505        cutoff          54276.0000    54264.5714   498972    0.02%   x(c21_1_c2_1) D  34573  25329     31
  34940  4273        cutoff          54276.0000    54265.2500   501192    0.02%  x(c33_3_c26_3) U  34940  29299     28
  35312  4036        cutoff          54276.0000    54265.9500   503226    0.02%  x(c29_3_c32_3) D  35312     24     16
  35676  3786        cutoff          54276.0000    54266.5000   505354    0.02%  x(c25_3_c10_3) U  35676  16211     18
  36040  3516        cutoff          54276.0000    54267.1667   507313    0.02%  x(c41_3_c32_3) D  36040  31581     28
  36400  3258        cutoff          54276.0000    54267.8571   509111    0.02%  x(c15_3_c48_3) D  36400  20377     22
  36770  2972        cutoff          54276.0000    54268.5000   510811    0.01%  x(c24_1_c48_1) U  36770  28445     16
  37120  2684    54272.6667   286    54276.0000    54269.1667   512564    0.01%  x(c41_2_c26_2) D  37120   3475     14
  37494  2389    54269.9000   394    54276.0000    54269.9000   514126    0.01%  x(c33_3_c23_3) D  37494  18718     24
Elapsed time = 233.00 sec. (399319.16 ticks, tree = 66.50 MB, solutions = 2)

Cover cuts applied:  1
Zero-half cuts applied:  71
User cuts applied:  2903

Root node processing (before b&c):
  Real time             =    0.55 sec. (840.32 ticks)
Sequential b&c:
  Real time             =  234.06 sec. (403306.18 ticks)
                          ------------
Total (root+branch&cut) =  234.61 sec. (404146.50 ticks)

