Version identifier: 22.1.0.0 | 2022-03-09 | 1a383f8ce
CPXPARAM_Preprocessing_Reduce                    0
CPXPARAM_Threads                                 1
CPXPARAM_Preprocessing_Reformulations            0
CPXPARAM_Emphasis_MIP                            2
CPXPARAM_TimeLimit                               7200
CPXPARAM_MIP_Tolerances_AbsMIPGap                0.98999999999999999
CPXPARAM_MIP_Limits_TreeMemory                   20000
Legacy callback                                  BbLUID
         Disabling repeat represolve because of lazy constraint/incumbent callback.
1 of 1 MIP starts provided solutions.
MIP start 'm1' defined initial solution with objective 40073.0000.
Tried aggregator 0 times.
Reduced MIP has 3332 rows, 2987 columns, and 17531 nonzeros.
Reduced MIP has 2868 binaries, 0 generals, 0 SOSs, and 0 indicators.
Presolve time = 0.00 sec. (0.94 ticks)
Probing time = 0.00 sec. (2.88 ticks)
Clique table members: 1444.
MIP emphasis: optimality.
MIP search method: traditional branch-and-cut.
Parallel mode: none, using 1 thread.
Root relaxation solution time = 0.00 sec. (6.24 ticks)

        Nodes                                         Cuts/
   Node  Left     Objective  IInf  Best Integer    Best Bound    ItCnt     Gap         Variable B NodeID Parent  Depth

*     0+    0                        40073.0000        0.0000           100.00%
      0     0    29388.1150   234    40073.0000    29388.1150      374   26.66%
      0     0    35792.0219   232    40073.0000      Cuts: 66      605   10.68%
      0     0    37270.1389   249    40073.0000      Cuts: 39      739    6.99%
      0     0    38291.8561   243    40073.0000      Cuts: 16      850    4.44%
      0     0    39176.0000   242    40073.0000      Cuts: 15      951    2.24%
      0     0    39511.5000   243    40073.0000      Cuts: 27      999    1.40%
      0     0    39513.5000   243    40073.0000       User: 3     1022    1.40%
      0     0    39814.5000   222    40073.0000       User: 1     1041    0.65%
      0     0    39814.5000   244    40073.0000   ZeroHalf: 2     1098    0.65%
*     0+    0                        40047.0000    39814.5000             0.58%
      0     0  -1.00000e+75     0    40047.0000    39814.5000     1098    0.58%
      0     2    39814.5000   244    40047.0000    39814.5000     1098    0.58%                        0             0
Elapsed time = 0.51 sec. (1188.21 ticks, tree = 0.01 MB, solutions = 2)
      1     3    39814.5000   194    40047.0000    39814.5000     1134    0.58%  x(c43_1_c30_1) U      1      0      1
      3     5    39814.5000   194    40047.0000    39814.5000     1208    0.58%  x(c47_2_c32_2) D      3      1      2
      4     6    39819.0000   194    40047.0000    39814.5000     1234    0.58%  x(c32_2_c47_2) D      4      3      3
      5     7    39819.0309   223    40047.0000    39814.5000     1327    0.58%  x(c13_2_c32_2) N      5      4      4
     10    12    39819.5533   201    40047.0000    39814.5000     1528    0.58%  x(c47_2_c39_2) N     10      9      8
     22    17    40013.5761   193    40047.0000    39814.5000     1734    0.58%   x(c34_2_c2_2) D     22     21     19
     28    21    39819.1314   250    40047.0000    39819.0000     2283    0.57%   x(c2_3_c26_3) N     28     26      5
     33    26    39819.6802   252    40047.0000    39819.0000     2570    0.57%  x(c48_3_c34_3) D     33     32      9
     41    32    39826.9674   247    40047.0000    39819.0000     2766    0.57%  x(c32_2_c10_2) D     41     40     16
     88    62    39820.3781   215    40047.0000    39819.0000     3438    0.57%   x(c2_1_c10_1) D     88     87     19
Elapsed time = 2.34 sec. (5497.73 ticks, tree = 0.17 MB, solutions = 2)
    163   132    39820.1469   192    40047.0000    39820.1469     4535    0.57%  x(c34_2_c23_2) N    163     73      5
    264   218    39825.2402   199    40047.0000    39823.9034     8043    0.56%   x(c34_2_c2_2) D    264    263     26
    381   312    39871.4656   236    40047.0000    39826.9674    11853    0.55%   x(c2_3_c34_3) U    381     31      8
    526   425        cutoff          40047.0000    39831.3903    17380    0.54%  x(c32_2_c10_2) U    526    170     13
    735   607    39963.7982   154    40047.0000    39834.8141    22023    0.53%  x(c13_3_c20_3) U    735    733     66
    836   665    39839.6616   189    40047.0000    39839.2833    27542    0.52%   x(c8_2_c38_2) D    836    806     83
   1000   806    39844.1526   169    40047.0000    39842.9136    32248    0.51%     x(c16_1_Om) N   1000    999     88
   1200   949    39860.4470   174    40047.0000    39848.3957    38662    0.50%   x(c2_3_c26_3) D   1200   1199     38
   1395  1075    39854.7586   205    40047.0000    39854.2669    46763    0.48%   x(c5_2_c34_2) D   1395   1071     20
   1666  1295    39929.5278   191    40047.0000    39858.7389    53055    0.47%   x(c6_2_c43_2) U   1666   1381     16
Elapsed time = 8.01 sec. (16422.07 ticks, tree = 2.45 MB, solutions = 2)
   1844  1432    39913.3248   177    40047.0000    39862.0379    59796    0.46%  x(c36_1_c12_1) N   1844   1807     39
   2000  1509    40007.4856   152    40047.0000    39864.5000    67975    0.46%  x(c39_2_c10_2) N   2000   1999     29
   2149  1553    39885.4059   202    40047.0000    39868.5000    76655    0.45%  x(c44_2_c43_2) N   2149    457     10
   2359  1660    39960.2582   186    40047.0000    39872.0845    84265    0.44%   x(c2_1_c34_1) U   2359   1259     12
   2581  1800    39876.7546   197    40047.0000    39875.1891    91666    0.43%  x(c36_1_c33_1) D   2581   2580     41
   2851  2001    39928.4500   157    40047.0000    39878.3374    99641    0.42%   x(c8_2_c38_2) U   2851   1952     11
   3137  2210    39881.6407   181    40047.0000    39880.5629   107390    0.42%  x(c13_2_c39_2) D   3137    758     10
   3394  2400    39980.4538   201    40047.0000    39882.3333   115916    0.41%   x(c2_1_c34_1) U   3394    511      9
   3641  2536    39931.9427   188    40047.0000    39884.3216   124165    0.41%    x(c7_1_c6_1) U   3641   1400     57
   3927  2715        cutoff          40047.0000    39886.5263   132434    0.40%  x(c48_1_c24_1) D   3927   3405     22
Elapsed time = 13.49 sec. (26009.62 ticks, tree = 5.01 MB, solutions = 2)
   4192  2899    39949.3525   185    40047.0000    39888.3462   140717    0.40%  x(c48_2_c10_2) N   4192   4157     11
   4423  3045        cutoff          40047.0000    39889.9661   149149    0.39%  x(c39_1_c24_1) U   4423   4268     32
   4727  3254    39910.1789   220    40047.0000    39891.8450   157287    0.39%   x(c2_3_c26_3) U   4727   4725     22
   4962  3398        cutoff          40047.0000    39893.4325   165844    0.38%  x(c24_1_c39_1) U   4962    516     49
   5199  3543    40024.9009   164    40047.0000    39895.3134   174519    0.38%  x(c36_1_c30_1) U   5199   4628     64
   5408  3677    39903.6520   226    40047.0000    39896.5190   183093    0.38%  x(c45_2_c26_2) U   5408    116     15
   5645  3818    39921.9562   174    40047.0000    39897.9883   191277    0.37%  x(c36_2_c33_2) U   5645   3880     25
   5869  3989        cutoff          40047.0000    39898.6982   198698    0.37%  x(c36_1_c43_1) U   5869   3187     76
   6111  4128    39900.0268   196    40047.0000    39899.7720   207077    0.37%    x(c2_2_c5_2) D   6111   5001     13
   6390  4353    39901.2314   197    40047.0000    39900.7745   214212    0.37%  x(c33_1_c36_1) D   6390   6389     57
Elapsed time = 19.07 sec. (35564.75 ticks, tree = 8.18 MB, solutions = 2)
   6640  4483    39974.9154   178    40047.0000    39901.5000   222437    0.36%  x(c48_3_c32_3) N   6640    860     60
   6833  4573    40011.6655   147    40047.0000    39902.0535   230790    0.36%  x(c13_3_c20_3) U   6833   5817     19
   7000  4674    39965.2546   180    40047.0000    39902.5000   237311    0.36%  x(c39_2_c13_2) U   7000   6999     43
   7196  4795        cutoff          40047.0000    39902.9019   245430    0.36%   x(c2_1_c10_1) U   7196   5740     38
   7388  4900    39915.7852   208    40047.0000    39903.5435   253779    0.36%   x(c6_2_c44_2) D   7388   7386     38
   7628  5108    39904.6956   205    40047.0000    39904.1939   261589    0.36%  x(c36_2_c17_2) D   7628   3803     54
   7853  5278    39905.5856   152    40047.0000    39904.9636   270189    0.35%   x(c38_2_c8_2) D   7853   7852     41
   8000  5355    39909.0526   187    40047.0000    39905.1885   277693    0.35%  x(c34_2_c32_2) D   8000   7999     34
   8220  5477    39969.1755   166    40047.0000    39905.9411   285947    0.35%  x(c35_2_c10_2) D   8220   8219     74
   8427  5595    39987.7707   155    40047.0000    39906.5440   294877    0.35%  x(c35_2_c10_2) U   8427   7800     34
Elapsed time = 25.01 sec. (46402.60 ticks, tree = 10.04 MB, solutions = 2)
   8593  5679    40042.5473   206    40047.0000    39907.0000   304749    0.35%  x(c39_2_c23_2) N   8593   3763     33
   8800  5805    39945.8239   206    40047.0000    39907.4423   313183    0.35%  x(c24_1_c10_1) N   8800   5830     31
   8976  5907    39933.8001   162    40047.0000    39907.9447   322432    0.35%  x(c39_3_c48_3) U   8976   6173     17
   9000  5922    40014.0857   174    40047.0000    39907.9879   323273    0.35%  x(c39_2_c13_2) N   9000   8999     40
   9213  6038    39941.3866   130    40047.0000    39908.6980   332314    0.35%    x(c6_1_c7_1) U   9213   7154     49
   9392  6143        cutoff          40047.0000    39909.3780   341216    0.34%   x(c48_2_c5_2) U   9392   9390     36
   9587  6177    39976.9708   151    40047.0000    39910.0986   350471    0.34%   x(c43_2_c6_2) U   9587   9585     78
   9763  6268        cutoff          40047.0000    39910.7872   359157    0.34%   x(c8_2_c38_2) U   9763   7034     73
   9963  6336    39914.3574   173    40047.0000    39911.6820   368248    0.34%  x(c13_3_c20_3) D   9963   8034     61
  10000  6350    39913.0515   135    40047.0000    39911.8212   370337    0.34%  x(c36_2_c17_2) D  10000   5971     35
Elapsed time = 30.69 sec. (57270.90 ticks, tree = 11.30 MB, solutions = 2)
  10194  6438    39987.5475   101    40047.0000    39912.5266   379614    0.34%  x(c39_2_c23_2) U  10194   8674     45
  10408  6532    39981.7145   164    40047.0000    39913.4788   387900    0.33%  x(c32_2_c13_2) D  10408   1944     81
  10610  6642    39961.4311   143    40047.0000    39914.0915   396594    0.33%   x(c2_3_c26_3) U  10610  10608     20
  10804  6762    39935.4018   229    40047.0000    39914.5266   404980    0.33%  x(c32_3_c21_3) D  10804   9082     28
  10999  6770    39987.1240   137    40047.0000    39915.2095   413701    0.33%   x(c36_1_c6_1) N  10999   9621     46
  11186  6846        cutoff          40047.0000    39915.8030   422937    0.33%  x(c47_2_c33_2) U  11186  10597     57
  11392  6920    39920.5740   223    40047.0000    39916.6893   432031    0.33%  x(c48_3_c39_3) D  11392   8167     24
  11599  7037    39975.7500    52    40047.0000    39917.3685   441142    0.32%     x(Op_c16_1) U  11599  11597     46
  11807  7111    39918.6929   198    40047.0000    39918.2917   449962    0.32%    x(c6_1_c7_1) U  11807  10935     38
  12010  7217    39920.5576   145    40047.0000    39919.1016   458552    0.32%  x(c33_2_c44_2) D  12010  11518     64
Elapsed time = 36.04 sec. (66842.64 ticks, tree = 12.73 MB, solutions = 2)
  12186  7282    39920.6362   138    40047.0000    39920.0625   467669    0.32%  x(c45_3_c24_3) D  12186  12185     19
  12365  7381    39921.0611   150    40047.0000    39920.7363   476488    0.32%   x(c34_1_c2_1) D  12365  12364     37
  12564  7463    39988.8940   191    40047.0000    39921.6923   485040    0.31%   x(c41_2_c8_2) D  12564   5252     17
  12819  7601    39967.3751   172    40047.0000    39922.2731   493556    0.31%   x(c48_2_c5_2) U  12819   9727     18
  12998  7592    39961.5734   201    40047.0000    39922.5000   502899    0.31%   x(c5_3_c39_3) N  12998   2671     14
  13219  7720    39980.6994   186    40047.0000    39923.1854   511290    0.31%   x(c5_2_c32_2) D  13219  10889     59
  13402  7771    39975.3771   158    40047.0000    39923.5000   520395    0.31%   x(c34_2_c2_2) N  13402   1484     70
  13578  7862    39971.8984   140    40047.0000    39924.0911   529805    0.31%  x(c33_2_c36_2) U  13578  13227     37
  13806  7919        cutoff          40047.0000    39924.5000   538556    0.31%  x(c13_1_c34_1) U  13806   8050     40
  14026  7994    40038.0333   171    40047.0000    39925.0550   547332    0.30%  x(c32_3_c21_3) N  14026   7537     17
Elapsed time = 41.43 sec. (76451.05 ticks, tree = 14.04 MB, solutions = 2)
  14208  8089    40019.1087   153    40047.0000    39925.6911   556449    0.30%   x(c34_1_c2_1) U  14208  10284     38
  14351  8151    40045.7867   193    40047.0000    39926.0000   565891    0.30%  x(c32_2_c23_2) N  14351   4346     58
  14561  8267    39926.6703   195    40047.0000    39926.4707   574361    0.30%    x(c6_1_c7_1) U  14561  14560     19
  14742  8352    39971.2271   153    40047.0000    39927.0881   583105    0.30%  x(c43_2_c44_2) U  14742  14594     49
  14946  8428    39993.5690   171    40047.0000    39927.9362   591447    0.30%  x(c42_3_c26_3) U  14946  11401     14
  15136  8528    39990.0872   225    40047.0000    39928.5211   600690    0.30%   x(c5_2_c39_2) N  15136   6274     51
  15308  8598    39949.0538   210    40047.0000    39929.0947   608910    0.29%  x(c21_3_c32_3) D  15308  15306     23
  15536  8717    infeasible          40047.0000    39929.6723   617268    0.29%  x(c39_2_c23_2) U  15536  14824     39
  15718  8797    39951.3333   143    40047.0000    39930.2475   625976    0.29%  x(c32_3_c21_3) N  15718   5521     20
  15914  8880    39931.2155   174    40047.0000    39930.8380   634629    0.29%   x(c13_1_c3_1) D  15914  15913     42
Elapsed time = 46.75 sec. (86041.84 ticks, tree = 15.84 MB, solutions = 2)
  16099  8979    39933.2639   144    40047.0000    39931.2950   642655    0.29%  x(c39_1_c13_1) N  16099   6041     22
  16304  9082    39933.1429   182    40047.0000    39931.9042   650968    0.29%   x(c2_1_c34_1) D  16304  16303     15
  16477  9156        cutoff          40047.0000    39932.5000   659745    0.29%  x(c33_1_c40_1) U  16477  11694     78
  16695  9250    40042.3003   104    40047.0000    39933.2072   668514    0.28%  x(c21_3_c32_3) D  16695  16693     36
  16896  9341    39947.6092   165    40047.0000    39933.8689   677096    0.28%   x(c34_2_c2_2) D  16896  12817     49
  17105  9443    39991.9464   172    40047.0000    39934.4183   685742    0.28%    x(c6_1_c7_1) D  17105  17103     58
  17295  9532    infeasible          40047.0000    39934.9221   694064    0.28%  x(c45_3_c24_3) U  17295  17293     45
  17482  9548    40031.9469   163    40047.0000    39935.5645   702761    0.28%   x(c2_1_c34_1) N  17482   4736     22
  17658  9631    40043.5199   174    40047.0000    39936.1819   711690    0.28%  x(c39_3_c48_3) D  17658  13669     36
  18430  9910    39968.4834   202    40047.0000    39938.4534   745145    0.27%  x(c39_2_c13_2) D  18430  15354     42
Elapsed time = 53.60 sec. (98493.57 ticks, tree = 17.64 MB, solutions = 2)
  19208 10093    40035.0525   200    40047.0000    39940.6134   778713    0.27%  x(c21_3_c32_3) U  19208  17133     15
  20001 10373    39970.5533   147    40047.0000    39942.8971   812146    0.26%   x(c5_2_c39_2) N  20001   7312     48
  20766 10646    39964.0102   156    40047.0000    39945.0209   846949    0.25%   x(c7_1_c30_1) D  20766  12547     64
  21566 10833        cutoff          40047.0000    39947.2291   879801    0.25%  x(c48_3_c32_3) U  21566  20809     26
  22409 10931        cutoff          40047.0000    39949.9497   912028    0.24%  x(c21_3_c32_3) U  22409  19267     35
  23110 11032    39952.1138   170    40047.0000    39951.7734   945791    0.24%  x(c34_2_c23_2) N  23110  22206     13
  23886 11175    40008.8602    69    40047.0000    39954.0746   978934    0.23%  x(c39_2_c13_2) D  23886  18953     45
  24022 11193    39961.0000   188    40047.0000    39954.5000   984824    0.23%    x(c5_2_c2_2) D  24022  21448     10
  24778 11284    40016.9684   157    40047.0000    39957.3265  1017900    0.22%   x(c6_2_c43_2) D  24778   7925     54
  25560 11416    39962.9901   159    40047.0000    39960.0000  1050711    0.22%   x(c41_2_c3_2) D  25560  23715     29
Elapsed time = 73.92 sec. (136670.80 ticks, tree = 20.21 MB, solutions = 2)
  26424 11586        cutoff          40047.0000    39962.7242  1082435    0.21%   x(c2_1_c10_1) U  26424  25837     36
  27262 11819    40041.9909   150    40047.0000    39965.1246  1115320    0.20%  x(c45_3_c24_3) D  27262  10768     31
  28146 11946        cutoff          40047.0000    39967.3167  1146562    0.20%    x(c2_3_c5_3) U  28146  21728     46
  29040 12012    40018.2780   201    40047.0000    39969.6067  1177574    0.19%  x(c36_2_c43_2) U  29040  27388     22
  29899 12201    39971.8167   230    40047.0000    39971.8169  1209912    0.19%  x(c21_3_c32_3) D  29899  29230     29
  30768 12395    39995.1610   188    40047.0000    39973.9096  1242368    0.18%    x(c5_2_c2_2) D  30768  20011     29
  31651 12551        cutoff          40047.0000    39976.0212  1273567    0.18%    x(c7_1_c8_1) U  31651  20234     55
  32519 12736    39993.6089   173    40047.0000    39977.9203  1304973    0.17%   x(c5_2_c39_2) U  32519  13417     23
  33390 12899    39980.5596   191    40047.0000    39979.8497  1335971    0.17%  x(c36_2_c33_2) N  33390  33036     19
  34284 13005    39983.1997   177    40047.0000    39981.9381  1366953    0.16%   x(c6_2_c44_2) U  34284  33371     42
Elapsed time = 94.26 sec. (174848.81 ticks, tree = 22.82 MB, solutions = 2)
  35000 13131    39985.8577   121    40047.0000    39983.4147  1388167    0.16%      x(Op_c9_2) N  35000  34999     42
  35914 13268    40015.4663   202    40047.0000    39985.1357  1417855    0.15%    x(c7_1_c6_1) N  35914  34545     39
  36887 13383    40042.1725   112    40047.0000    39986.9744  1447842    0.15%  x(c17_2_c36_2) N  36887  36885     36
  37884 13478    39989.0748   158    40047.0000    39988.7590  1476900    0.15%    x(c5_3_c2_3) N  37884  37883     34
  38833 13620    39990.4841   175    40047.0000    39990.4897  1505092    0.14%    x(c6_1_c7_1) U  38833  37677     42
  39800 13728    40009.8763   118    40047.0000    39992.0000  1535126    0.14%  x(c42_1_c39_1) D  39800  38609     36
  40772 13860    40022.8620   152    40047.0000    39993.5959  1563903    0.13%   x(c48_2_c5_2) N  40772  26503     40
  41697 13935    39995.1006   152    40047.0000    39995.1025  1591652    0.13%   x(c2_3_c48_3) D  41697  40152     46
  42700 13938        cutoff          40047.0000    39996.3834  1619007    0.13%  x(c11_1_c43_1) U  42700   2182     46
  43717 13982    40008.0475   136    40047.0000    39997.8759  1646209    0.12%   x(c36_1_c7_1) N  43717  43715     39
Elapsed time = 115.06 sec. (215325.76 ticks, tree = 24.49 MB, solutions = 2)
  44657 14006    39999.6241   163    40047.0000    39999.4187  1674759    0.12%   x(c7_1_c36_1) N  44657  38456     19
  45670 13995    40001.4215   159    40047.0000    40000.9018  1701381    0.12%  x(c42_3_c26_3) N  45670  33629     23
  46721 13961    40003.0001   120    40047.0000    40002.4713  1728337    0.11%  x(c40_1_c12_1) N  46721  44061     25
  47716 13951        cutoff          40047.0000    40003.9228  1754492    0.11%  x(c48_3_c24_3) D  47716  36799     24
  48721 13934    40012.4415   187    40047.0000    40005.2792  1781346    0.10%   x(c7_1_c30_1) N  48721  24742     19
  49000 13902    40016.5482   197    40047.0000    40005.7040  1788440    0.10%  x(c36_2_c33_2) N  49000  38469     18
  49984 13713    40017.2132   186    40047.0000    40007.0000  1814084    0.10%  x(c24_1_c10_1) N  49984  40817     35
  50875 13548        cutoff          40047.0000    40008.0516  1841748    0.10%  x(c48_2_c10_2) U  50875  42574     36
  51862 13397        cutoff          40047.0000    40009.4897  1866243    0.09%  x(c39_3_c13_3) D  51862  44420     45
  52877 13336    40011.2169    94    40047.0000    40010.8366  1892348    0.09%  x(c22_4_c23_4) D  52877  52876     39
Elapsed time = 134.36 sec. (254028.83 ticks, tree = 23.45 MB, solutions = 2)
  53930 13185    40032.2072   164    40047.0000    40012.2186  1917204    0.09%  x(c36_1_c15_1) N  53930  41483     24
  54933 13053    40034.6979   195    40047.0000    40013.5897  1942850    0.08%   x(c48_2_c5_2) N  54933  32553     24
  56008 12812        cutoff          40047.0000    40014.8524  1966306    0.08%  x(c34_2_c23_2) D  56008  11656     12
  57084 12575    40023.9837   111    40047.0000    40016.3284  1988930    0.08%   x(c7_1_c15_1) N  57084  30020     41
  58136 12345    40045.0433   172    40047.0000    40017.5804  2012636    0.07%   x(c48_2_c5_2) N  58136  19887     31
  59206 12138    40025.3107   132    40047.0000    40018.9598  2035482    0.07%  x(c33_2_c36_2) D  59206  30103     46
  60315 11834        cutoff          40047.0000    40020.3571  2058016    0.07%   x(c5_2_c39_2) U  60315  41502     13
  61461 11467        cutoff          40047.0000    40021.5958  2079316    0.06%  x(c33_1_c36_1) D  61461  61459     33
  62660 11116        cutoff          40047.0000    40022.9869  2100855    0.06%   x(c48_2_c5_2) U  62660  46167     53
  63839 10700    40027.8499   146    40047.0000    40024.3995  2122824    0.06%    x(c5_3_c2_3) N  63839  53963     43
Elapsed time = 152.96 sec. (292192.43 ticks, tree = 19.04 MB, solutions = 2)
  65005 10303    40026.8444   182    40047.0000    40025.8497  2144616    0.05%  x(c33_1_c36_1) N  65005  53534     33
  66190  9884        cutoff          40047.0000    40027.1795  2165616    0.05%      x(Op_c9_2) N  66190  65682     40
  67403  9406    40038.3175   156    40047.0000    40028.5798  2185720    0.05%   x(c7_1_c36_1) N  67403  66368     53
  68536  8897    40033.1889   135    40047.0000    40029.9913  2205395    0.04%  x(c36_2_c33_2) N  68536  68535     33
  69718  8367    40043.5159   157    40047.0000    40031.3325  2224108    0.04%  x(c48_2_c10_2) N  69718  51088     41
  70908  7826        cutoff          40047.0000    40032.6667  2242851    0.04%  x(c32_4_c11_4) U  70908  29964     37
  72176  7162    40035.1516   198    40047.0000    40034.1026  2259744    0.03%    x(c5_2_c2_2) N  72176  20022     21
  73435  6426        cutoff          40047.0000    40035.6286  2276228    0.03%  x(c48_3_c14_3) D  73435  62729     48
  74682  5659        cutoff          40047.0000    40037.1142  2292678    0.02%    x(c8_2_c3_2) U  74682  72859     48
  75968  4816        cutoff          40047.0000    40038.6562  2307789    0.02%  x(c48_3_c34_3) U  75968  52026     17
Elapsed time = 170.66 sec. (330367.49 ticks, tree = 9.01 MB, solutions = 2)
  77296  3875    40040.2884   203    40047.0000    40040.1694  2321986    0.02%  x(c45_1_c10_1) N  77296  24228     19
  78660  2846        cutoff          40047.0000    40041.8846  2334845    0.01%  x(c13_3_c21_3) D  78660  74797     31

Clique cuts applied:  28
Cover cuts applied:  158
Flow cuts applied:  2
Mixed integer rounding cuts applied:  13
Zero-half cuts applied:  8
Gomory fractional cuts applied:  5
User cuts applied:  363

Root node processing (before b&c):
  Real time             =    0.51 sec. (1188.38 ticks)
Sequential b&c:
  Real time             =  174.48 sec. (340441.82 ticks)
                          ------------
Total (root+branch&cut) =  174.99 sec. (341630.20 ticks)

