Version identifier: 22.1.0.0 | 2022-03-09 | 1a383f8ce
CPXPARAM_Preprocessing_Reduce                    0
CPXPARAM_Threads                                 1
CPXPARAM_Preprocessing_Reformulations            0
CPXPARAM_Emphasis_MIP                            2
CPXPARAM_TimeLimit                               7200
CPXPARAM_MIP_Tolerances_AbsMIPGap                0.98999999999999999
CPXPARAM_MIP_Limits_TreeMemory                   20000
Legacy callback                                  BbLUID
         Disabling repeat represolve because of lazy constraint/incumbent callback.
1 of 1 MIP starts provided solutions.
MIP start 'm1' defined initial solution with objective 44328.0000.
Tried aggregator 0 times.
Reduced MIP has 6284 rows, 5667 columns, and 33741 nonzeros.
Reduced MIP has 5502 binaries, 0 generals, 0 SOSs, and 0 indicators.
Presolve time = 0.00 sec. (1.80 ticks)
Probing time = 0.00 sec. (3.62 ticks)
Clique table members: 2358.
MIP emphasis: optimality.
MIP search method: traditional branch-and-cut.
Parallel mode: none, using 1 thread.
Root relaxation solution time = 0.01 sec. (13.82 ticks)

        Nodes                                         Cuts/
   Node  Left     Objective  IInf  Best Integer    Best Bound    ItCnt     Gap         Variable B NodeID Parent  Depth

*     0+    0                        44328.0000        0.0000           100.00%
      0     0    36293.8230   336    44328.0000    36293.8230      578   18.12%
      0     0    42249.8636   315    44328.0000     Cuts: 100      880    4.69%
      0     0    42931.2746   341    44328.0000      Cuts: 37     1028    3.15%
      0     0    43225.6547   345    44328.0000      Cuts: 43     1117    2.49%
      0     0    43467.1667   362    44328.0000      Cuts: 23     1210    1.94%
      0     0    43840.5000   344    44328.0000      Cuts: 52     1301    1.10%
      0     0    43935.5000   339    44328.0000       Cuts: 4     1318    0.89%
      0     0    43969.5000   342    44328.0000       Cuts: 3     1336    0.81%
      0     0    43970.5000   336    44328.0000       Cuts: 3     1345    0.81%
      0     0    43986.5000   337    44328.0000   ZeroHalf: 3     1351    0.77%
      0     0    43986.5000   341    44328.0000   ZeroHalf: 1     1354    0.77%
*     0+    0                        44198.0000    43986.5000             0.48%
      0     0  -1.00000e+75     0    44198.0000    43986.5000     1354    0.48%
      0     2    43986.5000   328    44198.0000    43986.5000     1354    0.48%                        0             0
Elapsed time = 1.19 sec. (2945.36 ticks, tree = 0.01 MB, solutions = 2)
      1     3    43986.5000   324    44198.0000    43991.0000     1363    0.47%  x(c20_2_c33_2) D      1      0      1
      3     5    43994.0000   264    44198.0000    43994.0000     1538    0.46%  x(c22_2_c40_2) D      3      2      3
      4     6    43994.0000   264    44198.0000    43994.0000     1639    0.46%  x(c22_2_c40_2) U      4      2      3
      5     7    43994.1477   274    44198.0000    43994.0000     1760    0.46%  x(c36_1_c28_1) N      5      4      4
      7     9    43994.2713   228    44198.0000    43994.0000     1810    0.46%  x(c41_1_c29_1) N      7      6      6
     12    14    43994.4341   272    44198.0000    43994.0000     2031    0.46%  x(c47_1_c11_1) D     12     11     10
     16    17    43994.7530   313    44198.0000    43994.0000     2129    0.46%   x(c3_1_c14_1) N     16     15     14
     20    21    43994.8168   233    44198.0000    43994.0000     2144    0.46%  x(c31_1_c46_1) D     20     19     18
     26    26    43994.9663   294    44198.0000    43994.0000     2211    0.46%  x(c48_2_c34_2) D     26     25     24
     56    44    44078.3822   285    44198.0000    43994.0000     2637    0.46%  x(c40_1_c11_1) N     56     55     52
Elapsed time = 4.58 sec. (10477.82 ticks, tree = 0.22 MB, solutions = 2)
     73    57    43995.7670   300    44198.0000    43994.0000     3553    0.46%  x(c32_4_c24_4) N     73     72     15
     95    77    43997.4144   255    44198.0000    43994.0000     3994    0.46%     x(c40_2_Om) D     95     94     36
    118    96    43999.6572   308    44198.0000    43994.0000     4429    0.46%  x(c24_4_c32_4) D    118    117     59
    155   123    43994.2532   272    44198.0000    43994.1778     5296    0.46%   x(c2_2_c29_2) U    155    154      9
    202   165    44030.6293   220    44198.0000    43994.9354     6561    0.46%  x(c45_2_c35_2) N    202    134      9
    220   179    44010.2993   233    44198.0000    43996.1307     9531    0.46%  x(c32_2_c47_2) D    220    149     24
    249   198        cutoff          44198.0000    44005.5000    14331    0.44%  x(c12_1_c40_1) N    249     98     40
    279   218    44014.0004   310    44198.0000    44013.5673    17625    0.42%  x(c48_4_c42_4) D    279    278     12
    352   284    44017.6920   288    44198.0000    44015.8350    20300    0.41%  x(c32_2_c25_2) U    352    351     51
    383   303    44191.4016   236    44198.0000    44020.0781    23977    0.40%  x(c12_1_c40_1) U    383    326     26
Elapsed time = 9.73 sec. (20468.30 ticks, tree = 1.14 MB, solutions = 2)
    433   342    44033.0625   293    44198.0000    44026.1923    28550    0.39%   x(c3_1_c16_1) U    433    211     11
    554   457    44083.5842   250    44198.0000    44027.3017    31427    0.39%  x(c23_1_c14_1) U    554    488     21
    640   524    44029.8402   299    44198.0000    44028.3598    35173    0.38%  x(c46_1_c36_1) D    640    639     30
    741   614    44031.0073   286    44198.0000    44029.4228    37983    0.38%  x(c48_2_c34_2) D    741    740     63
    794   651    44169.0009   229    44198.0000    44030.4569    42192    0.38%  x(c40_1_c12_1) N    794    467     38
    850   699    44031.4432   214    44198.0000    44031.1918    44587    0.38%  x(c36_1_c31_1) D    850    849     29
    949   776    44033.6055   261    44198.0000    44032.8518    48952    0.37%   x(c22_2_c8_2) D    949    948     79
   1000   812    44036.2534   272    44198.0000    44033.6649    51898    0.37%  x(c34_2_c48_2) D   1000    999      9
   1068   858    44060.7684   192    44198.0000    44035.3560    56188    0.37%  x(c30_2_c28_2) U   1068   1066     41
   1120   896    44037.0717   299    44198.0000    44035.9825    61308    0.37%  x(c44_1_c46_1) D   1120   1119     44
Elapsed time = 15.75 sec. (31884.94 ticks, tree = 2.83 MB, solutions = 2)
   1197   955    44094.0500   301    44198.0000    44037.2578    66687    0.36%      x(c9_4_Om) U   1197    827     46
   1263  1011    44103.1746   204    44198.0000    44038.5000    71440    0.36%  x(c47_1_c12_1) U   1263    727     50
   1358  1085    44040.0449   234    44198.0000    44039.0643    76088    0.36%   x(c2_4_c42_4) D   1358   1357     16
   1453  1159    44042.0532   280    44198.0000    44040.2797    80516    0.36%  x(c24_1_c39_1) N   1453   1452     86
   1552  1246    44180.9353   213    44198.0000    44040.9437    85308    0.36%   x(c2_4_c42_4) U   1552   1357     16
   1625  1297    44117.8405   312    44198.0000    44041.7325    89844    0.35%  x(c46_1_c36_1) N   1625   1151     18
   1703  1360    44042.6287   222    44198.0000    44042.2433    94490    0.35%  x(c12_1_c20_1) D   1703   1702     24
   1826  1472    44043.3615   232    44198.0000    44042.5736    99048    0.35%  x(c40_2_c22_2) D   1826   1825     42
   1890  1518    44051.3396   276    44198.0000    44043.1419   103271    0.35%  x(c40_2_c22_2) U   1890   1825     42
   1947  1548    44067.6585   228    44198.0000    44043.8139   108469    0.35%  x(c41_1_c29_1) U   1947   1945     25
Elapsed time = 21.20 sec. (41541.47 ticks, tree = 4.80 MB, solutions = 2)
   2064  1639    44045.3875   244    44198.0000    44044.5000   112982    0.35%  x(c41_4_c22_4) D   2064   2063     13
   2168  1724    44047.1513   316    44198.0000    44044.9303   118144    0.35%  x(c24_2_c48_2) D   2168   2167     62
   2263  1771    44046.8456   276    44198.0000    44045.7885   123342    0.34%   x(c9_1_c46_1) D   2263   2262     53
   2380  1851    44171.0364   248    44198.0000    44046.4582   128494    0.34%  x(c36_1_c28_1) U   2380   1116     41
   2493  1939    44048.3834   266    44198.0000    44047.2530   133912    0.34%  x(c41_4_c22_4) D   2493   2492     11
   2607  2029    44177.9206   229    44198.0000    44047.8539   139077    0.34%  x(c46_1_c36_1) U   2607   1526     44
   2739  2125    44101.3284   211    44198.0000    44048.3834   143937    0.34%  x(c28_2_c36_2) U   2739   2268     59
   2866  2210    44096.7126   210    44198.0000    44048.8031   148780    0.34%   x(c30_4_c6_4) U   2866   2592     27
   2997  2301    44049.9594   269    44198.0000    44049.3366   153939    0.34%     x(c22_2_Om) D   2997   2996     26
   3081  2354    44184.5000   140    44198.0000    44049.6998   159511    0.34%  x(c40_1_c12_1) U   3081   1719     41
Elapsed time = 26.71 sec. (51151.88 ticks, tree = 7.28 MB, solutions = 2)
   3161  2406    44066.2465   200    44198.0000    44050.2567   164861    0.33%  x(c41_4_c22_4) U   3161   3135     11
   3238  2429    44051.4409   317    44198.0000    44050.7904   170233    0.33%  x(c25_2_c13_2) N   3238   2932     30
   3347  2508    44195.2795   271    44198.0000    44051.2185   175312    0.33%  x(c15_1_c40_1) U   3347   2850     47
   3484  2606        cutoff          44198.0000    44051.6658   180085    0.33%  x(c11_1_c47_1) U   3484   3483     25
   3580  2651    44054.8565   213    44198.0000    44052.3125   185114    0.33%  x(c40_1_c23_1) D   3580   3579     69
   3710  2740        cutoff          44198.0000    44052.8423   190621    0.33%   x(c41_4_c2_4) U   3710   1822     39
   3831  2820    44053.5181   258    44198.0000    44053.4204   195292    0.33%  x(c34_2_c16_2) D   3831   3327     37
   3957  2862    44148.8382   219    44198.0000    44054.1682   200394    0.33%   x(c3_1_c16_1) U   3957   3406     69
   4057  2926        cutoff          44198.0000    44054.5968   205008    0.32%  x(c11_1_c40_1) U   4057   3497     71
   4198  3026        cutoff          44198.0000    44055.0750   210177    0.32%  x(c48_2_c42_2) U   4198   1243     67
Elapsed time = 32.22 sec. (60770.92 ticks, tree = 9.34 MB, solutions = 2)
   4307  3055    44056.4398   226    44198.0000    44055.8087   215207    0.32%  x(c11_1_c20_1) D   4307   4306     55
   4407  3086        cutoff          44198.0000    44056.6986   220413    0.32%   x(c42_4_c2_4) U   4407   3633     16
   4490  3123    44169.8248   249    44198.0000    44057.3234   226090    0.32%   x(c2_4_c42_4) N   4490   1781     15
   4623  3187    44060.2000   186    44198.0000    44058.2185   231290    0.32%  x(c15_1_c40_1) U   4623   1377     10
   4791  3316    44103.3162   244    44198.0000    44058.5000   235791    0.32%   x(c22_2_c8_2) U   4791   2949     39
   4885  3379        cutoff          44198.0000    44059.1388   241167    0.31%  x(c47_1_c39_1) U   4885   4884     73
   4980  3419    44117.0987   207    44198.0000    44059.5875   246649    0.31%   x(c3_2_c14_2) D   4980   1359     18
   5000  3426    44060.0319   183    44198.0000    44059.7036   247652    0.31%  x(c28_2_c36_2) D   5000   4999     55
   5088  3477    44061.0293   290    44198.0000    44060.3876   252976    0.31%  x(c12_1_c47_1) D   5088   5087     18
   5200  3545    44061.3858   229    44198.0000    44060.7826   257845    0.31%  x(c23_1_c47_1) D   5200   5199     45
Elapsed time = 39.44 sec. (74598.54 ticks, tree = 10.94 MB, solutions = 2)
   5327  3613    44062.8235   255    44198.0000    44061.4223   262818    0.31%  x(c28_1_c19_1) D   5327   5326     50
   5420  3666    44193.5515   202    44198.0000    44062.0345   267627    0.31%  x(c12_1_c40_1) U   5420   4970     47
   5509  3718    44110.9862   271    44198.0000    44062.5000   273631    0.31%  x(c14_1_c39_1) U   5509   2409     38
   5603  3772        cutoff          44198.0000    44062.9050   278861    0.31%  x(c24_2_c42_2) U   5603    812     75
   5704  3834    44063.5987   231    44198.0000    44063.4563   284269    0.30%     x(c22_2_Om) D   5704   5703     14
   5839  3936    44064.7353   265    44198.0000    44063.7656   289216    0.30%  x(c11_1_c13_1) D   5839   5838     23
   5951  4017    44153.5000   245    44198.0000    44064.1382   294749    0.30%  x(c41_1_c29_1) D   5951    753     13
   6043  4066    44146.5720   154    44198.0000    44064.5000   299191    0.30%   x(c3_1_c14_1) U   6043   1698     20
   6077  4089    44162.5426   225    44198.0000    44064.5144   305451    0.30%   x(c3_1_c14_1) N   6077   5798     27
   6195  4174    44168.4798   182    44198.0000    44064.8975   310285    0.30%  x(c33_2_c18_2) N   6195   5126     69
Elapsed time = 44.90 sec. (84210.71 ticks, tree = 12.91 MB, solutions = 2)
   6346  4289    44066.7906   262    44198.0000    44065.1636   314709    0.30%      x(c9_4_Om) D   6346   6345     56
   6430  4346    44117.3531   314    44198.0000    44065.3716   319382    0.30%   x(c22_2_c3_2) D   6430   5833     18
   6515  4396    44077.9723   256    44198.0000    44065.6918   324848    0.30%  x(c15_1_c12_1) U   6515   6513     15
   6608  4443    44068.0281   267    44198.0000    44066.2468   330290    0.30%   x(c46_1_c9_1) D   6608   6607     51
   6737  4543    44147.4437   271    44198.0000    44066.5000   335743    0.30%  x(c24_2_c35_2) N   6737   1508     26
   6800  4588    44174.5509   196    44198.0000    44066.5360   341061    0.30%  x(c33_2_c18_2) U   6800   6334     45
   6896  4649    infeasible          44198.0000    44066.8402   346199    0.30%  x(c40_1_c23_1) D   6896   5790     65
   6983  4703    44068.1299   247    44198.0000    44067.2072   351633    0.30%  x(c41_4_c22_4) D   6983   2608     11
   7000  4712    44072.7813   243    44198.0000    44067.2904   352624    0.30%  x(c15_1_c40_1) U   7000    586      8
   7105  4771    44093.1653   248    44198.0000    44067.8083   357783    0.29%    x(c2_1_c4_1) U   7105   6263     42
Elapsed time = 51.24 sec. (96086.80 ticks, tree = 14.89 MB, solutions = 2)
   7199  4823    44068.2740   267    44198.0000    44068.2441   362970    0.29%   x(c3_1_c11_1) N   7199   6893     51
   7279  4860    44143.4270   293    44198.0000    44068.6413   368345    0.29%  x(c24_2_c35_2) U   7279   5577     26
   7390  4930    44069.4336   275    44198.0000    44069.0020   373772    0.29%  x(c12_1_c40_1) D   7390   7389      9
   7487  4983    44166.5206   240    44198.0000    44069.4897   379088    0.29%  x(c25_2_c13_2) U   7487   7014     25
   7593  5050    44125.1595   248    44198.0000    44069.8142   384031    0.29%  x(c41_1_c29_1) D   7593   6106     17
   7700  5118    44070.6963   328    44198.0000    44070.1467   389181    0.29%  x(c42_2_c48_2) D   7700   7699     34
   7827  5202    44188.6728   244    44198.0000    44070.5134   394450    0.29%   x(c3_1_c14_1) U   7827   2538     31
   7931  5262        cutoff          44198.0000    44070.9905   399528    0.29%  x(c46_1_c12_1) U   7931   7929     44
   8000  5307    44071.4118   242    44198.0000    44071.3410   401966    0.29%  x(c41_1_c29_1) D   8000   7387      5
   8393  5481    44073.4456   238    44198.0000    44072.6758   423462    0.28%  x(c45_2_c10_2) D   8393   8392     44
Elapsed time = 60.03 sec. (112600.89 ticks, tree = 17.10 MB, solutions = 2)
   8860  5785    44082.6427   269    44198.0000    44074.0837   442283    0.28%  x(c30_2_c28_2) D   8860   8858     40
   9280  6034    44195.7744   236    44198.0000    44075.5000   463576    0.28%  x(c46_1_c44_1) U   9280   7042     26
   9578  6001        cutoff          44198.0000    44075.9990   485317    0.28%  x(c28_1_c19_1) U   9578   8803     30
  10000  6228    44077.2265   243    44198.0000    44077.2183   505528    0.27%   x(c6_1_c36_1) D  10000   9999     52
  10442  6479        cutoff          44198.0000    44078.4521   525461    0.27%  x(c33_2_c40_2) U  10442   9506     37
  10846  6669    44098.0038   212    44198.0000    44079.9429   545502    0.27%  x(c43_2_c27_2) U  10846  10746     74
  11220  6871    44081.2859   254    44198.0000    44080.9537   562178    0.26%   x(c22_2_c3_2) U  11220  11219     26
  11599  7051    44140.4337   209    44198.0000    44082.2017   580905    0.26%     x(c40_2_Om) U  11599  11110     38
  12000  7232    44083.9130   236    44198.0000    44083.4884   599630    0.26%  x(c15_1_c12_1) D  12000  11999     51
  12377  7457    44173.6239    74    44198.0000    44084.3986   617649    0.26%  x(c34_3_c22_3) U  12377  12375     47
Elapsed time = 84.35 sec. (158090.86 ticks, tree = 23.11 MB, solutions = 2)
  12785  7699    44099.9201   268    44198.0000    44085.3783   635577    0.25%  x(c13_2_c25_2) D  12785  10888     14
  13162  7900        cutoff          44198.0000    44086.5429   656905    0.25%   x(c31_1_c9_1) U  13162  10595     40
  13607  8082        cutoff          44198.0000    44087.5000   676863    0.25%  x(c32_2_c47_2) U  13607   7640     29
  14081  8312    44088.8692   259    44198.0000    44088.3985   697213    0.25%   x(c3_1_c14_1) D  14081  14080     45
  14506  8545    44182.9264   251    44198.0000    44089.3136   717303    0.25%  x(c13_1_c25_1) U  14506  13763     30
  14956  8756    44091.6005   267    44198.0000    44090.2575   737334    0.24%  x(c45_2_c10_2) D  14956  14955     46
  15433  8916        cutoff          44198.0000    44090.9541   758085    0.24%  x(c16_2_c34_2) U  15433  15431     45
  15896  8991    44093.9613   270    44198.0000    44091.8817   780681    0.24%  x(c24_2_c32_2) D  15896  11257      8
  16484  9300        cutoff          44198.0000    44092.9749   802354    0.24%   x(c46_1_c9_1) U  16484  15295     54
  16979  9571    44122.1719   204    44198.0000    44093.7786   823903    0.24%   x(c2_4_c42_4) D  16979   6579     64
Elapsed time = 105.73 sec. (196318.54 ticks, tree = 29.73 MB, solutions = 2)
  17455  9751    44096.2818   151    44198.0000    44094.8203   848456    0.23%  x(c22_3_c34_3) N  17455  17454     58
  17981  9990        cutoff          44198.0000    44095.7089   870550    0.23%  x(c25_2_c13_2) U  17981  12656     39
  18524 10230        cutoff          44198.0000    44096.5496   893453    0.23%   x(c41_4_c2_4) U  18524   4107     39
  19077 10510    44097.5452   239    44198.0000    44097.4513   916191    0.23%  x(c14_1_c39_1) D  19077  19076     32
  19645 10609    44193.2684   250    44198.0000    44098.2369   938059    0.23%   x(c48_2_c2_2) U  19645   7158     33
  20195 10855    44100.7777   244    44198.0000    44099.0274   960200    0.22%  x(c41_1_c29_1) D  20195  20194     19
  20708 11135    44099.8292   284    44198.0000    44099.7201   982315    0.22%  x(c23_1_c47_1) D  20708  20707     42
  21266 11432    44100.5045   223    44198.0000    44100.3920  1003527    0.22%     x(c41_4_Om) D  21266  21265     40
  21685 11420    44122.7010   290    44198.0000    44100.7771  1025043    0.22%  x(c16_2_c40_2) U  21685  18571     19
  22231 11683        cutoff          44198.0000    44101.4611  1046628    0.22%  x(c24_2_c10_2) U  22231  22111     34
Elapsed time = 127.51 sec. (234504.37 ticks, tree = 36.09 MB, solutions = 2)
  22726 11910    44183.1666   202    44198.0000    44102.0927  1068923    0.22%  x(c45_2_c35_2) N  22726  22724     31
  23290 12088        cutoff          44198.0000    44102.7693  1089508    0.22%  x(c46_1_c44_1) U  23290  23288     62
  23884 12341        cutoff          44198.0000    44103.4509  1110694    0.21%  x(c33_2_c30_2) U  23884  20843     41
  24376 12531        cutoff          44198.0000    44104.1373  1133141    0.21%     x(c22_2_Om) U  24376  22404     25
  24875 12585    44105.2605   178    44198.0000    44104.7828  1154749    0.21%   x(c3_1_c16_1) D  24875  24874     27
  25384 12711    44132.4634   274    44198.0000    44105.6467  1176630    0.21%  x(c26_1_c45_1) U  25384  24876     29
  25921 12900    44106.9340   136    44198.0000    44106.4683  1198297    0.21%  x(c14_4_c21_4) D  25921  25920     39
  26404 13050    44131.7544   265    44198.0000    44107.2502  1218380    0.21%  x(c13_2_c25_2) U  26404   9825     17
  26925 13182    44110.8055   200    44198.0000    44108.2161  1239995    0.20%   x(c8_2_c40_2) D  26925  26924     52
  27404 13283    44118.1668   220    44198.0000    44109.1698  1262271    0.20%  x(c45_2_c35_2) D  27404  15947     24
Elapsed time = 148.92 sec. (272712.63 ticks, tree = 40.88 MB, solutions = 2)
  27841 13452    44111.4707   209    44198.0000    44109.9079  1284901    0.20%  x(c40_2_c20_2) N  27841  25631     38
  28313 13575    44134.1781   256    44198.0000    44110.5000  1307477    0.20%  x(c23_1_c47_1) U  28313   3329     39
  28723 13634    44188.2866   222    44198.0000    44111.0906  1330278    0.20%  x(c15_1_c12_1) U  28723  16911     33
  29196 13779    44160.6274   265    44198.0000    44111.8594  1352383    0.19%  x(c41_4_c22_4) U  29196  24327     39
  29667 13919    44152.3370   250    44198.0000    44112.6382  1374743    0.19%   x(c7_2_c36_2) U  29667  17316     16
  30215 14125        cutoff          44198.0000    44113.3961  1396906    0.19%  x(c24_2_c42_2) U  30215   4758     34
  30712 14279    44194.2158   245    44198.0000    44114.1032  1418683    0.19%  x(c32_4_c48_4) U  30712  30710     30
  31215 14421    44176.1070   300    44198.0000    44114.8914  1441321    0.19%  x(c32_2_c48_2) U  31215  27738     27
  31737 14575        cutoff          44198.0000    44115.5224  1462691    0.19%   x(c41_1_c2_1) U  31737  22176     49
  32190 14716    44148.6609   243    44198.0000    44116.1466  1485058    0.19%   x(c22_2_c3_2) U  32190  32188     24
Elapsed time = 170.34 sec. (310972.92 ticks, tree = 45.22 MB, solutions = 2)
  32729 14805    44184.7776   208    44198.0000    44116.8200  1506563    0.18%  x(c45_2_c10_2) U  32729  10326     26
  33240 14994    44123.2715   195    44198.0000    44117.4984  1528023    0.18%  x(c24_4_c32_4) D  33240  33238     18
  33709 15138    44119.3442   229    44198.0000    44118.1437  1549959    0.18%   x(c40_2_c3_2) D  33709  33708     30
  34213 15383    44119.1864   233    44198.0000    44118.7256  1572017    0.18%  x(c33_2_c40_2) N  34213  34212     35
  34773 15588    44120.0216   172    44198.0000    44119.3447  1593506    0.18%  x(c36_2_c28_2) D  34773  34771     49
  35300 15594    44119.8607   188    44198.0000    44119.8144  1613886    0.18%  x(c46_1_c36_1) D  35300  24341     56
  35882 15743    44122.5882   294    44198.0000    44120.4456  1634671    0.18%  x(c32_4_c24_4) D  35882  27396     22
  36449 15867        cutoff          44198.0000    44121.1254  1655719    0.17%   x(c43_1_c6_1) U  36449  31054     37
  36970 16047    44125.9389   172    44198.0000    44121.7126  1677279    0.17%  x(c44_1_c46_1) N  36970  35735     48
  37502 16216    44122.6834   252    44198.0000    44122.2474  1697728    0.17%  x(c24_2_c10_2) D  37502  37501     32
Elapsed time = 191.59 sec. (349192.35 ticks, tree = 50.26 MB, solutions = 2)
  38009 16356    44134.1510   217    44198.0000    44122.8062  1718825    0.17%     x(c22_2_Om) N  38009  22110     26
  38435 16448    44128.8996   257    44198.0000    44123.4292  1741812    0.17%  x(c32_2_c25_2) D  38435  37648     27
  38828 16479        cutoff          44198.0000    44124.0223  1766136    0.17%  x(c11_1_c13_1) U  38828   2901     70
  39225 16526    44125.6546   207    44198.0000    44124.7799  1789360    0.17%  x(c45_1_c24_1) N  39225  36476     53
  39637 16558        cutoff          44198.0000    44125.5000  1812773    0.16%   x(c41_4_c8_4) U  39637  10337     34
  40000 16484    44128.3080   201    44198.0000    44125.9859  1829642    0.16%  x(c47_2_c12_2) D  40000  37991     48
  40441 16573        cutoff          44198.0000    44126.6706  1852255    0.16%  x(c26_3_c10_3) D  40441  35468     22
  40903 16688    44128.3179   232    44198.0000    44127.3262  1874861    0.16%  x(c45_1_c24_1) U  40903  40902     19
  41360 16639    44128.6513   260    44198.0000    44127.8522  1896721    0.16%  x(c24_2_c10_2) D  41360  41359     35
  41827 16758        cutoff          44198.0000    44128.4426  1919645    0.16%  x(c33_2_c12_2) D  41827   6371     55
Elapsed time = 214.07 sec. (391318.80 ticks, tree = 52.40 MB, solutions = 2)
  42324 16904        cutoff          44198.0000    44129.0179  1942128    0.16%   x(c6_1_c36_1) U  42324  26921     49
  42816 17051        cutoff          44198.0000    44129.5768  1963907    0.15%  x(c14_1_c48_1) U  42816  17071     63
  43269 17241    44180.4241   204    44198.0000    44130.0835  1987232    0.15%  x(c25_2_c32_2) U  43269  42061     44
  43766 17405        cutoff          44198.0000    44130.6072  2009630    0.15%   x(c30_4_c6_4) U  43766  37724     20
  44251 17522        cutoff          44198.0000    44131.2059  2031994    0.15%  x(c11_1_c47_1) D  44251  40432     59
  44770 17634    44137.2849   212    44198.0000    44131.8479  2053913    0.15%   x(c48_2_c2_2) D  44770  10176     32
  45242 17796    44132.9930   228    44198.0000    44132.3717  2076690    0.15%  x(c15_1_c40_1) N  45242  45241     43
  45705 17905    44143.0576   258    44198.0000    44132.8889  2099108    0.15%  x(c20_2_c36_2) D  45705  19270     18
  46221 18086    44136.7649   245    44198.0000    44133.3633  2121562    0.15%  x(c11_1_c13_1) N  46221  39063     44
  46767 18266    44160.6883   256    44198.0000    44133.9304  2143885    0.14%  x(c26_1_c10_1) U  46767  32900     50
Elapsed time = 235.21 sec. (429544.58 ticks, tree = 57.01 MB, solutions = 2)
  47281 18437    44172.8286   257    44198.0000    44134.4319  2166812    0.14%  x(c13_2_c25_2) D  47281  17980     38
  47751 18413    44134.8924   199    44198.0000    44134.7677  2188306    0.14%  x(c20_4_c21_4) N  47751  47750     34
  48285 18538    44159.7816   255    44198.0000    44135.2397  2209915    0.14%  x(c26_1_c10_1) U  48285  40481     36
  48767 18662    44173.4486   187    44198.0000    44135.7122  2230713    0.14%  x(c32_4_c48_4) U  48767  45118     46
  49244 18811    44137.9813   242    44198.0000    44136.2505  2253088    0.14%  x(c28_1_c19_1) N  49244  48120     54
  49761 18747    44136.7578   213    44198.0000    44136.6528  2273519    0.14%  x(c40_2_c22_2) U  49761  49760     36
  50269 18842    44137.3886   232    44198.0000    44137.1807  2294883    0.14%  x(c13_1_c25_1) U  50269  50268     37
  50788 18817        cutoff          44198.0000    44137.5000  2315675    0.14%  x(c32_4_c24_4) U  50788   1141     19
  51282 18489    44138.3536   233    44198.0000    44137.6050  2333932    0.14%   x(c22_2_c3_2) U  51282  51281     44
  51760 18574    44138.0187   199    44198.0000    44138.0198  2355510    0.14%  x(c45_1_c24_1) N  51760  48648     22
Elapsed time = 255.98 sec. (467769.75 ticks, tree = 58.04 MB, solutions = 2)
  52000 18624    44138.2651   276    44198.0000    44138.2559  2365976    0.14%  x(c23_1_c47_1) D  52000  49232     39
  52482 18579    44164.9564   258    44198.0000    44138.5728  2387480    0.13%   x(c25_4_c5_4) D  52482  22172     46
  52986 18646    44175.5682   238    44198.0000    44139.0153  2409429    0.13%  x(c48_4_c42_4) N  52986  36922     46
  53429 18741    44193.3709   217    44198.0000    44139.4561  2432036    0.13%  x(c41_4_c22_4) D  53429  34065     41
  53925 18853        cutoff          44198.0000    44139.9002  2453569    0.13%  x(c46_1_c44_1) U  53925  28689     37
  54352 18935    44170.8361   266    44198.0000    44140.2828  2476645    0.13%   x(c3_1_c16_1) D  54352  12062     47
  54859 19004        cutoff          44198.0000    44140.7055  2497680    0.13%  x(c36_1_c46_1) U  54859  34634     42
  55376 19089    44141.1702   269    44198.0000    44141.1702  2518920    0.13%  x(c42_4_c48_4) D  55376  53232     34
  55840 19209    44142.3330   188    44198.0000    44141.5654  2541991    0.13%  x(c16_2_c34_2) D  55840  52758     60
  56319 19312    44146.6778   289    44198.0000    44141.9473  2562860    0.13%  x(c26_1_c10_1) N  56319  37652     26
Elapsed time = 277.51 sec. (508400.44 ticks, tree = 60.02 MB, solutions = 2)
  56827 19437    44188.5799   208    44198.0000    44142.3434  2584940    0.13%  x(c48_4_c42_4) U  56827  56826     31
  57323 19532    44151.5216   254    44198.0000    44142.7603  2606809    0.12%  x(c23_1_c14_1) U  57323  25346     39
  57798 19671        cutoff          44198.0000    44143.1441  2628555    0.12%  x(c24_1_c48_1) U  57798  56831     57
  58344 19736        cutoff          44198.0000    44143.6192  2648859    0.12%     x(c41_4_Om) U  58344  11930     30
  58833 19806    44144.7608   221    44198.0000    44144.0340  2670595    0.12%  x(c24_1_c39_1) D  58833  58832     50
  59350 19912        cutoff          44198.0000    44144.5000  2692701    0.12%  x(c23_1_c25_1) U  59350   3173     66
  59860 19841    44145.5503   233    44198.0000    44144.7500  2711801    0.12%  x(c26_1_c45_1) D  59860  59859     42
  60395 19954    44146.3860   230    44198.0000    44145.1645  2733745    0.12%  x(c45_1_c24_1) N  60395  60394     53
  60892 20009        cutoff          44198.0000    44145.5671  2755298    0.12%  x(c42_4_c48_4) U  60892  60889     38
  61000 20038    44166.1646   235    44198.0000    44145.6715  2759353    0.12%  x(c11_1_c13_1) D  61000  42345     33
Elapsed time = 299.80 sec. (551335.47 ticks, tree = 62.34 MB, solutions = 2)
  61516 20129    44146.2666   241    44198.0000    44146.0432  2780527    0.12%  x(c20_2_c36_2) D  61516  60254     50
  62000 20203    44146.5766   222    44198.0000    44146.4381  2801738    0.12%  x(c25_2_c32_2) D  62000  61999     25
  62511 20124        cutoff          44198.0000    44146.7321  2822577    0.12%  x(c34_3_c22_3) U  62511  42041     48
  63025 20204    44148.2604   182    44198.0000    44147.0857  2843582    0.12%  x(c20_1_c43_1) N  63025  63024     31
  63509 20298    44151.1536   269    44198.0000    44147.4544  2865606    0.11%  x(c34_2_c14_2) D  63509  55875     20
  64028 20424    44160.4029   244    44198.0000    44147.8906  2887002    0.11%  x(c36_1_c20_1) D  64028  64026     22
  64553 20573    44155.4538   219    44198.0000    44148.2562  2908401    0.11%  x(c42_2_c35_2) D  64553  64551     39
  65079 20685        cutoff          44198.0000    44148.6558  2929853    0.11%   x(c25_4_c5_4) U  65079  65078     26
  65608 20784    infeasible          44198.0000    44149.0000  2950728    0.11%   x(c4_3_c42_3) D  65608  52287     43
  66120 20868    44149.7344   221    44198.0000    44149.3431  2971195    0.11%  x(c20_1_c43_1) U  66120  66119     27
Elapsed time = 320.24 sec. (589507.99 ticks, tree = 64.88 MB, solutions = 2)
  66640 20957    44149.7094   241    44198.0000    44149.7097  2992595    0.11%   x(c2_2_c29_2) U  66640  65746     38
  67160 21042    44150.6284   228    44198.0000    44150.0706  3014013    0.11%  x(c46_1_c36_1) N  67160  67159     47
  67677 21090    44175.0977   269    44198.0000    44150.4341  3034854    0.11%  x(c33_2_c12_2) U  67677  20180     13
  68214 21142        cutoff          44198.0000    44150.8274  3055197    0.11%   x(c2_2_c48_2) U  68214  62655     31
  68738 21236    44159.7626   235    44198.0000    44151.1923  3075775    0.11%   x(c30_4_c6_4) D  68738  25355     32
  69329 21170        cutoff          44198.0000    44151.5000  3095533    0.11%  x(c42_2_c35_2) U  69329  31296     47
  69882 20975        cutoff          44198.0000    44151.6963  3114261    0.10%  x(c29_1_c42_1) U  69882  37967     57
  70412 21067    44152.1371   227    44198.0000    44152.0653  3134072    0.10%   x(c40_2_c3_2) N  70412  69661     53
  70947 21157    44192.9192   250    44198.0000    44152.4318  3154192    0.10%  x(c42_4_c48_4) U  70947  70946     24
  71503 21161        cutoff          44198.0000    44152.8261  3174721    0.10%  x(c39_1_c14_1) D  71503   9061     76
Elapsed time = 340.40 sec. (627729.12 ticks, tree = 65.86 MB, solutions = 2)
  72014 21215    44155.3054   262    44198.0000    44153.1867  3195421    0.10%  x(c42_3_c29_3) N  72014  72013     57
  72508 21309    44154.3457   222    44198.0000    44153.4928  3216029    0.10%  x(c13_2_c25_2) D  72508  72507     18
  73019 21322    infeasible          44198.0000    44153.8400  3236616    0.10%  x(c45_2_c10_2) D  73019  66913     49
  73562 21387    44177.8701   195    44198.0000    44154.2261  3256409    0.10%  x(c13_2_c25_2) U  73562  67151     27
  74085 21321        cutoff          44198.0000    44154.5067  3276859    0.10%  x(c25_2_c32_2) U  74085  58940     25
  74614 21358    44186.7496   229    44198.0000    44154.8739  3297305    0.10%  x(c24_4_c35_4) D  74614  74613     31
  75130 21382    44160.5981   197    44198.0000    44155.2455  3317151    0.10%  x(c25_1_c13_1) N  75130  72235     29
  75681 21345        cutoff          44198.0000    44155.6304  3336223    0.10%  x(c33_2_c12_2) D  75681  54126     31
  76201 21386    44164.0395   258    44198.0000    44156.0047  3356517    0.10%  x(c36_1_c28_1) N  76201  58507     30
  76721 21412    44156.3968   217    44198.0000    44156.3985  3376406    0.09%  x(c45_2_c10_2) N  76721  75585     31
Elapsed time = 360.40 sec. (665917.86 ticks, tree = 66.68 MB, solutions = 2)
  77240 21423    44172.9199   237    44198.0000    44156.7480  3396154    0.09%  x(c26_1_c45_1) N  77240  59869     45
  77790 21497    44157.6024   265    44198.0000    44157.1111  3416072    0.09%  x(c34_2_c16_2) D  77790  77789     42
  78317 21488    44167.6724   222    44198.0000    44157.4909  3436795    0.09%  x(c15_1_c40_1) U  78317  25562     24
  78863 21521    44158.1585   263    44198.0000    44157.8884  3457273    0.09%   x(c22_2_c3_2) U  78863  63084     30
  79419 21500    44168.5600   253    44198.0000    44158.3061  3477233    0.09%  x(c13_1_c25_1) N  79419  10057     46
  79923 21480    44162.0000   138    44198.0000    44158.6863  3497779    0.09%   x(c4_3_c26_3) N  79923  79922     36
  80440 21469    44160.1310   217    44198.0000    44159.0244  3518304    0.09%  x(c40_2_c22_2) D  80440  78526     27
  80967 21503    44183.0029   235    44198.0000    44159.4291  3537474    0.09%  x(c25_2_c32_2) N  80967  61728     26
  81000 21496    44159.6475   254    44198.0000    44159.4583  3539066    0.09%  x(c26_1_c10_1) N  81000  79305     46
  81551 21534    44185.5966   200    44198.0000    44159.8571  3559048    0.09%  x(c42_4_c48_4) N  81551  62229     37
Elapsed time = 380.30 sec. (705003.62 ticks, tree = 67.25 MB, solutions = 2)
  82102 21531    44191.3557   262    44198.0000    44160.2113  3578099    0.09%  x(c13_2_c14_2) D  82102  80496     29
  82660 21470    44160.9138   221    44198.0000    44160.5808  3596105    0.08%   x(c3_2_c14_2) N  82660  34201     33
  83240 21468        cutoff          44198.0000    44160.9964  3615174    0.08%  x(c15_1_c40_1) D  83240  57185     15
  83807 21524    44161.6712   186    44198.0000    44161.3445  3634601    0.08%  x(c32_3_c25_3) D  83807  83806     34
  84360 21525    44162.8357   239    44198.0000    44161.7415  3653831    0.08%  x(c23_1_c12_1) D  84360  83379     37
  84914 21567    44166.4873   197    44198.0000    44162.0894  3674017    0.08%   x(c22_2_c3_2) N  84914  69030     32
  85485 21594    44162.4636   221    44198.0000    44162.4643  3693732    0.08%  x(c20_1_c43_1) N  85485  82008     40
  86039 21580    44162.7825   271    44198.0000    44162.7836  3712588    0.08%  x(c47_1_c11_1) D  86039  84961     31
  86563 21601    44167.4495   223    44198.0000    44163.0760  3731775    0.08%     x(c40_2_Om) N  86563  64725     26
  87119 21607        cutoff          44198.0000    44163.4150  3751160    0.08%  x(c36_2_c28_2) U  87119  81417     39
Elapsed time = 399.98 sec. (743204.26 ticks, tree = 67.32 MB, solutions = 2)
  87650 21611    44163.9990   220    44198.0000    44163.7626  3770796    0.08%  x(c20_1_c43_1) N  87650  86231     27
  88200 21592    44164.2445   276    44198.0000    44164.0758  3789517    0.08%  x(c20_4_c33_4) D  88200  88198     15
  88775 21586        cutoff          44198.0000    44164.4192  3808943    0.08%  x(c14_1_c39_1) U  88775  88068     55
  89318 21631    44173.0000   155    44198.0000    44164.7122  3827762    0.08%   x(c22_2_c3_2) N  89318  67581     18
  89890 21617        cutoff          44198.0000    44165.0762  3846795    0.07%  x(c25_2_c13_2) U  89890  89654     27
  90444 21605    44174.2469   262    44198.0000    44165.4008  3864968    0.07%   x(c2_2_c10_2) D  90444  86733     47
  91020 21618    44173.9363   238    44198.0000    44165.7707  3884553    0.07%  x(c36_2_c28_2) D  91020  16418     25
  91597 21624    infeasible          44198.0000    44166.1095  3903413    0.07%  x(c13_2_c14_2) D  91597  82082     26
  92148 21598        cutoff          44198.0000    44166.4680  3921852    0.07%  x(c42_3_c29_3) U  92148  56443     33
  92744 21589    44180.9139   225    44198.0000    44166.8053  3940169    0.07%   x(c3_1_c41_1) D  92744  92742     29
Elapsed time = 419.48 sec. (781415.96 ticks, tree = 67.28 MB, solutions = 2)
  93322 21601    44172.5862   210    44198.0000    44167.1273  3959263    0.07%     x(c40_2_Om) U  93322  63769     44
  93904 21576        cutoff          44198.0000    44167.4618  3977812    0.07%  x(c21_4_c20_4) U  93904  81779     31
  94480 21581    44170.8976   257    44198.0000    44167.8021  3996392    0.07%  x(c13_2_c25_2) N  94480  72221     42
  95000 21556    44168.5908   208    44198.0000    44168.0916  4014847    0.07%  x(c42_3_c29_3) D  95000  83692     27
  95563 21563    infeasible          44198.0000    44168.4070  4033697    0.07%  x(c45_2_c10_2) D  95563  92069     52
  96114 21532    44168.8703   332    44198.0000    44168.7333  4052794    0.07%  x(c12_1_c40_1) D  96114  96113     25
  96695 21526    44192.3559   208    44198.0000    44169.0336  4070764    0.07%  x(c40_2_c22_2) D  96695  96693     30
  97265 21480    infeasible          44198.0000    44169.4124  4089209    0.06%  x(c48_4_c24_4) D  97265  97264     30
  97875 21170        cutoff          44198.0000    44169.5906  4106065    0.06%  x(c33_2_c30_2) D  97875  31536     49
  98480 21072    44175.8810   210    44198.0000    44169.9459  4123817    0.06%   x(c48_2_c2_2) D  98480  97131     31
Elapsed time = 441.24 sec. (825774.94 ticks, tree = 65.74 MB, solutions = 2)
  99014 21011        cutoff          44198.0000    44170.2213  4142744    0.06%  x(c39_1_c47_1) U  99014  29591     66
  99601 20921        cutoff          44198.0000    44170.5111  4160910    0.06%   x(c22_2_c3_2) D  99601  99599     24
 100184 20841    infeasible          44198.0000    44170.8500  4178300    0.06%  x(c24_1_c39_1) D 100184 100183     26
 100777 20760    44185.7434   218    44198.0000    44171.1960  4196519    0.06%  x(c25_2_c13_2) N 100777   4571     13
 101325 20710    44187.1346   184    44198.0000    44171.5014  4215587    0.06%  x(c11_1_c13_1) N 101325  81735     18
 101889 20641    44173.2096   209    44198.0000    44171.8352  4233642    0.06%   x(c22_2_c3_2) N 101889  91825     57
 102453 20566    44180.4377   277    44198.0000    44172.1609  4251811    0.06%  x(c19_4_c18_4) D 102453  30390     34
 103057 20486    44186.2535   212    44198.0000    44172.4905  4269728    0.06%  x(c32_2_c25_2) U 103057 103056     22
 103667 20435        cutoff          44198.0000    44172.8428  4287625    0.06%  x(c16_2_c40_2) U 103667  85150     37
 104284 20348        cutoff          44198.0000    44173.1725  4304769    0.06%  x(c18_2_c36_2) U 104284 104283     38
Elapsed time = 460.20 sec. (863970.92 ticks, tree = 63.61 MB, solutions = 2)
 104886 20302    44180.0705   180    44198.0000    44173.4991  4322853    0.06%  x(c20_4_c43_4) U 104886 101471     30
 105503 20240    44185.0032   211    44198.0000    44173.8414  4340021    0.05%  x(c13_1_c25_1) U 105503  59576     33
 106086 20142        cutoff          44198.0000    44174.1618  4357001    0.05%   x(c30_4_c6_4) D 106086  39604     15
 106698 20084    infeasible          44198.0000    44174.4570  4374487    0.05%  x(c24_1_c39_1) D 106698 101773     46
 107281 19990    44174.9961   196    44198.0000    44174.7616  4391789    0.05%  x(c13_1_c25_1) U 107281  75901     28
 107894 19923    44184.6513   295    44198.0000    44175.0526  4409107    0.05%  x(c25_2_c13_2) D 107894  48894     18
 108503 19855        cutoff          44198.0000    44175.3767  4426503    0.05%  x(c26_1_c42_1) U 108503 106099     27
 109138 19733    44178.1771   278    44198.0000    44175.6956  4443644    0.05%  x(c24_2_c32_2) D 109138  77129     13
 109743 19638        cutoff          44198.0000    44176.0241  4460839    0.05%  x(c25_2_c32_2) U 109743  99352     54
 110378 19511    44176.4423   234    44198.0000    44176.3384  4477047    0.05%  x(c32_2_c25_2) U 110378  67150     25
Elapsed time = 479.09 sec. (902168.85 ticks, tree = 61.23 MB, solutions = 2)
 111007 19388    44190.7449   271    44198.0000    44176.6534  4493179    0.05%  x(c33_2_c12_2) D 111007  36356     28
 111630 19282    44178.2558   209    44198.0000    44176.9688  4510611    0.05%  x(c26_1_c42_1) N 111630 111629     38
 112230 19172    44177.2757   224    44198.0000    44177.2765  4526678    0.05%     x(c41_4_Om) N 112230 110835     36
 112881 19016    44180.1761   199    44198.0000    44177.5918  4542706    0.05%   x(c3_1_c41_1) U 112881 111805     26
 113531 18914    44193.0514   210    44198.0000    44177.9013  4559670    0.05%  x(c22_3_c34_3) D 113531 113530     29
 114000 18815    44180.3500   285    44198.0000    44178.1373  4570861    0.04%  x(c25_2_c13_2) N 114000 113999     17
 114620 18717    44188.8135   195    44198.0000    44178.4753  4587455    0.04%  x(c45_2_c35_2) N 114620  88123     29
 115243 18498    44178.8322   261    44198.0000    44178.7770  4603321    0.04%  x(c20_4_c33_4) N 115243 115242     25
 115912 18224        cutoff          44198.0000    44179.0471  4618824    0.04%  x(c28_2_c36_2) U 115912 115911     26
 116558 18060    44188.4458   179    44198.0000    44179.3636  4635357    0.04%   x(c3_1_c16_1) D 116558  20785     40
Elapsed time = 500.60 sec. (946958.35 ticks, tree = 56.88 MB, solutions = 2)
 117205 17869    44182.5294   235    44198.0000    44179.6787  4650823    0.04%  x(c22_3_c34_3) N 117205  43120     49
 117867 17676        cutoff          44198.0000    44180.0195  4666413    0.04%  x(c13_2_c14_2) D 117867 105049     37
 118517 17537        cutoff          44198.0000    44180.3534  4682119    0.04%  x(c25_1_c13_1) U 118517 102771     16
 119172 17397        cutoff          44198.0000    44180.6998  4698573    0.04%  x(c36_1_c28_1) U 119172  79410     29
 119808 17221        cutoff          44198.0000    44181.0000  4714788    0.04%   x(c16_2_c8_2) D 119808  97173     51
 120499 17064    44181.6734   181    44198.0000    44181.3379  4731541    0.04%   x(c16_2_c8_2) N 120499  59291     52
 121081 16855        cutoff          44198.0000    44181.6156  4748289    0.04%  x(c32_2_c25_2) U 121081  98718     20
 121730 16671    44184.9386   245    44198.0000    44181.9553  4764718    0.04%  x(c24_2_c32_2) N 121730  41110     23
 122384 16476        cutoff          44198.0000    44182.2500  4780448    0.04%   x(c4_3_c26_3) D 122384  36718     34
 123043 16270    44186.2540   209    44198.0000    44182.5555  4796371    0.03%  x(c42_4_c10_4) D 123043 123042     52
Elapsed time = 518.93 sec. (985138.57 ticks, tree = 51.54 MB, solutions = 2)
 123709 16052    44185.1142   226    44198.0000    44182.8919  4810883    0.03%  x(c48_4_c42_4) N 123709 110253     33
 124323 15816    44184.5152   224    44198.0000    44183.1864  4826179    0.03%  x(c20_2_c36_2) N 124323 105637     18
 125000 15613    infeasible          44198.0000    44183.5164  4842198    0.03%  x(c13_1_c25_1) D 125000  91136     17
 125630 15407        cutoff          44198.0000    44183.8333  4857668    0.03%   x(c2_2_c29_2) U 125630  77540     24
 126316 15128    44184.6866   227    44198.0000    44184.1803  4871537    0.03%   x(c3_1_c16_1) N 126316 122672     30
 126981 14846        cutoff          44198.0000    44184.5000  4886587    0.03%  x(c40_2_c33_2) U 126981 115833     36
 127634 14588        cutoff          44198.0000    44184.8210  4901207    0.03%  x(c42_4_c48_4) U 127634 116411     37
 128268 14344    infeasible          44198.0000    44185.1419  4916140    0.03%  x(c45_2_c10_2) N 128268 121355     17
 128921 14068        cutoff          44198.0000    44185.4923  4929781    0.03%  x(c25_3_c21_3) D 128921 123281     23
 129557 13790    44185.8505   265    44198.0000    44185.8133  4944150    0.03%  x(c15_1_c12_1) N 129557  84781     64
Elapsed time = 536.78 sec. (1023316.99 ticks, tree = 44.04 MB, solutions = 2)
 130229 13483    infeasible          44198.0000    44186.1447  4958899    0.03%   x(c11_1_c3_1) D 130229 117448     40
 130899 13152    44187.0599   209    44198.0000    44186.4822  4972436    0.03%   x(c31_1_c9_1) N 130899 130898     38
 131587 12878    44188.5485   204    44198.0000    44186.8223  4986415    0.03%  x(c25_2_c13_2) N 131587 129192     25
 132281 12532    44194.6874   213    44198.0000    44187.1809  5000852    0.02%  x(c46_1_c15_1) N 132281 111265     20
 132972 12201        cutoff          44198.0000    44187.5108  5014406    0.02%  x(c26_1_c10_1) U 132972 108666     37
 133641 11812    44193.0000   103    44198.0000    44187.8692  5027940    0.02%   x(c22_2_c3_2) N 133641 110893     34
 134302 11477        cutoff          44198.0000    44188.1995  5041140    0.02%  x(c45_1_c24_1) D 134302 125397     21
 134972 11141        cutoff          44198.0000    44188.5434  5054199    0.02%  x(c25_2_c32_2) U 134972 120640     46
 135651 10792    44190.3757   226    44198.0000    44188.9118  5066585    0.02%  x(c45_1_c24_1) N 135651 117646     34
 136339 10395        cutoff          44198.0000    44189.2289  5079195    0.02%   x(c22_2_c3_2) N 136339 130996     39
Elapsed time = 554.09 sec. (1061511.97 ticks, tree = 33.61 MB, solutions = 2)
 137042  9981    44190.7356   183    44198.0000    44189.5713  5091389    0.02%  x(c42_4_c10_4) N 137042 134568     31
 137738  9594        cutoff          44198.0000    44189.9288  5103423    0.02%  x(c36_2_c28_2) D 137738 113779     29
 138443  9142    44193.2250   187    44198.0000    44190.2852  5115512    0.02%  x(c48_4_c42_4) N 138443  57430     27
 139147  8717        cutoff          44198.0000    44190.6860  5127485    0.02%  x(c33_2_c12_2) D 139147  90961     20
 139853  8271    infeasible          44198.0000    44191.0595  5139300    0.02%  x(c32_2_c13_2) D 139853 101347     30
 140538  7833        cutoff          44198.0000    44191.4449  5151930    0.01%  x(c24_1_c39_1) U 140538  87728     45
 141270  7330        cutoff          44198.0000    44191.8347  5162614    0.01%  x(c21_4_c20_4) U 141270  76499     35
 142003  6858        cutoff          44198.0000    44192.2406  5173468    0.01%  x(c24_4_c32_4) D 142003  19976     67
 142736  6325    44192.9467    75    44198.0000    44192.6705  5183656    0.01%  x(c41_5_c34_5) N 142736 142017     31
 143493  5774    44193.1473   266    44198.0000    44193.0951  5193552    0.01%   x(c22_2_c3_2) N 143493 143492     24
Elapsed time = 570.74 sec. (1099695.23 ticks, tree = 19.35 MB, solutions = 2)
 144251  5176    44197.0000   216    44198.0000    44193.5000  5203463    0.01%  x(c40_1_c12_1) N 144251 134882     24

Clique cuts applied:  38
Cover cuts applied:  131
Flow cuts applied:  4
Mixed integer rounding cuts applied:  26
Zero-half cuts applied:  12
Gomory fractional cuts applied:  5
User cuts applied:  627

Root node processing (before b&c):
  Real time             =    1.19 sec. (2943.54 ticks)
Sequential b&c:
  Real time             =  571.49 sec. (1105052.44 ticks)
                          ------------
Total (root+branch&cut) =  572.68 sec. (1107995.98 ticks)

