Version identifier: 22.1.0.0 | 2022-03-09 | 1a383f8ce
CPXPARAM_Preprocessing_Reduce                    1
CPXPARAM_Preprocessing_Reformulations            0
CPXPARAM_Emphasis_MIP                            2
CPXPARAM_TimeLimit                               7200
CPXPARAM_MIP_Tolerances_AbsMIPGap                0.98999999999999999
CPXPARAM_MIP_Limits_TreeMemory                   20000
Legacy callback                                  BbD
1 of 1 MIP starts provided solutions.
MIP start 'm1' defined initial solution with objective 16048.0000.
Tried aggregator 1 time.
MIP Presolve modified 563 coefficients.
Reduced MIP has 908 rows, 671 columns, and 3432 nonzeros.
Reduced MIP has 616 binaries, 0 generals, 0 SOSs, and 0 indicators.
Presolve time = 0.00 sec. (2.22 ticks)
Probing time = 0.00 sec. (1.03 ticks)
Tried aggregator 1 time.
Reduced MIP has 908 rows, 671 columns, and 3432 nonzeros.
Reduced MIP has 616 binaries, 0 generals, 0 SOSs, and 0 indicators.
Presolve time = 0.00 sec. (1.39 ticks)
Probing time = 0.00 sec. (1.06 ticks)
Clique table members: 371.
MIP emphasis: optimality.
MIP search method: traditional branch-and-cut.
Parallel mode: none, using 1 thread.
Root relaxation solution time = 0.00 sec. (1.45 ticks)

        Nodes                                         Cuts/
   Node  Left     Objective  IInf  Best Integer    Best Bound    ItCnt     Gap         Variable B NodeID Parent  Depth

*     0+    0                        16048.0000        0.0000           100.00%
      0     0    13710.8832   116    16048.0000    13710.8832      141   14.56%
      0     0    14832.0000   112    16048.0000      Cuts: 21      203    7.58%
      0     0    14832.5732   112    16048.0000       Cuts: 2      211    7.57%
      0     0    14832.5732   112    16048.0000       Cuts: 2      214    7.57%
      0     0    14832.5732    96    16048.0000   ZeroHalf: 1      216    7.57%
      0     0    14832.5732    96    16048.0000     Covers: 1      227    7.57%
      0     2    14832.5732    96    16048.0000    14832.5732      227    7.57%                        0             0
Elapsed time = 0.06 sec. (96.49 ticks, tree = 0.01 MB, solutions = 1)
     96    87    15298.4862    97    16048.0000    14901.9701     1184    7.14%   x(c4_4_c14_4) U     96     14     13
    264   252    15427.1268   106    16048.0000    15107.1523     7010    5.86%  x(c13_2_c11_2) U    264    135     18
    554   518    15253.9900    89    16048.0000    15226.3551    11842    5.12%      x(c8_1_Om) D    554    265      5
    783   738    15256.2497    94    16048.0000    15250.1953    17298    4.97%   x(c14_4_c5_4) D    783    782     39
   1030   975    15334.4031    78    16048.0000    15265.9573    23143    4.87%    x(c9_2_c8_2) U   1030    242      5
   1294  1224    15287.3398    93    16048.0000    15287.2424    29482    4.74%  x(c11_2_c13_2) D   1294   1292     16
   1599  1517    15318.0956    89    16048.0000    15296.0710    34881    4.69%     x(Op_c10_2) U   1599   1597     10
   1904  1802    15432.8998    56    16048.0000    15304.6502    40284    4.63%   x(c7_1_c14_1) D   1904   1277     18
   2300  2158    15342.0000    99    16048.0000    15312.6989    45981    4.58%    x(c9_2_c8_2) D   2300    488      8
   3740  3503    15346.4333   103    16048.0000    15333.7500    71210    4.45%  x(c13_4_c11_4) D   3740   2617     15
Elapsed time = 1.50 sec. (3202.72 ticks, tree = 1.98 MB, solutions = 1)
   5121  4742    15397.8591    94    16048.0000    15351.4765    96150    4.34%   x(c12_2_c4_2) D   5121   1877     19
   6367  5808    15619.1238    93    16048.0000    15369.4010   121666    4.23%   x(c2_4_c14_4) U   6367   1269     23
   7538  6802    15796.5498    96    16048.0000    15383.8024   148249    4.14%  x(c11_2_c10_2) U   7538   3681     39
   8486  7608    15408.4660   108    16048.0000    15396.2041   175355    4.06%   x(c7_4_c14_4) N   8486   5656     18
   9400  8341    15431.7459   110    16048.0000    15408.1111   203724    3.99%   x(c6_4_c13_4) D   9400   4661     12
  10368  9120    15423.9474    95    16048.0000    15418.7448   230565    3.92%   x(c4_4_c14_4) D  10368  10367     18
  11487 10090    15427.3922   106    16048.0000    15426.3773   256421    3.87%  x(c10_4_c13_4) D  11487  11486     31
  12557 11044    15662.3150    83    16048.0000    15432.3367   282842    3.84%  x(c13_2_c10_2) D  12557   7705     17
  13573 11936    15755.4757    83    16048.0000    15438.2920   309097    3.80%  x(c11_4_c14_4) U  13573  11618     30
  14400 12618    15456.4145   101    16048.0000    15444.0713   336177    3.76%    x(c7_4_c4_4) D  14400  13317     23
Elapsed time = 6.08 sec. (12756.85 ticks, tree = 7.21 MB, solutions = 1)
  15207 13282    15987.0379    87    16048.0000    15450.5948   363968    3.72%   x(c2_4_c13_4) U  15207  13726     49
  16017 13910    15857.7784    92    16048.0000    15456.3442   391854    3.69%   x(c8_2_c13_2) U  16017  12349     34
  16885 14638    15547.0758   106    16048.0000    15462.9189   418517    3.65%   x(c13_4_c3_4) D  16885   5197     19
  17818 15401    15982.0888    92    16048.0000    15469.1124   444662    3.61%   x(c11_4_c4_4) U  17818   4474     18
  18824 16238    15500.4695    92    16048.0000    15475.2759   470117    3.57%   x(c11_4_c3_4) D  18824   8751     23
  19831 17103    15751.6999    87    16048.0000    15479.9310   495476    3.54%   x(c2_4_c13_4) U  19831  18528     24
  20642 17712    15928.1831    87    16048.0000    15485.8568   522266    3.50%     x(Op_c14_4) U  20642   8952     29
  21407 18300    16018.2789   112    16048.0000    15491.8358   549908    3.47%    x(c2_4_c4_4) U  21407  11327     15
  22160 18874    15658.0411    90    16048.0000    15497.3037   576924    3.43%  x(c11_4_c13_4) U  22160   8624     24
  22886 19358    15869.8637    92    16048.0000    15501.8263   604364    3.40%    x(c7_4_c2_4) U  22886  12638     49
Elapsed time = 10.69 sec. (22301.78 ticks, tree = 11.46 MB, solutions = 1)
  23642 19959    15656.7521   100    16048.0000    15506.9931   630671    3.37%   x(c4_4_c14_4) D  23642  16265     17
  24430 20569    15822.6457    98    16048.0000    15512.5290   656707    3.34%   x(c4_4_c13_4) U  24430  23290     17
  25176 21114    15607.7427   116    16048.0000    15517.9488   682975    3.30%   x(c14_4_c4_4) D  25176   4017     14
  25950 21689    15540.3333    96    16048.0000    15523.5094   708658    3.27%  x(c11_4_c13_4) D  25950  22482     13
  26674 22207        cutoff          16048.0000    15528.5732   734862    3.24%   x(c14_1_c4_1) U  26674  26672     26
  27437 22747    15882.0799    87    16048.0000    15532.4645   760220    3.21%    x(c7_4_c3_4) U  27437  17775     28
  28155 23287    15731.1197   104    16048.0000    15537.0872   785483    3.18%    x(c4_4_c5_4) U  28155  24685     15
  28827 23762    15641.8811    78    16048.0000    15541.8742   811788    3.15%     x(Op_c11_2) D  28827  15216     16
  29494 24260    15587.5222    77    16048.0000    15546.6208   838469    3.12%    x(c4_4_c2_4) D  29494   8899      9
  30158 24766    15556.9614    83    16048.0000    15551.2336   864879    3.10%    x(c7_4_c2_4) D  30158  30157     25
Elapsed time = 15.25 sec. (31846.19 ticks, tree = 14.42 MB, solutions = 1)
  30804 25231    15947.9997    67    16048.0000    15556.2500   891487    3.06%   x(c13_4_c4_4) U  30804  29670     24
  31488 25747    15640.4000    84    16048.0000    15560.9419   917702    3.04%  x(c11_4_c13_4) D  31488  15049     25
  32137 26234    15755.1262    87    16048.0000    15565.3645   943116    3.01%   x(c4_4_c14_4) D  32137  24821     20
  32813 26783    15832.2546    97    16048.0000    15570.0108   968783    2.98%    x(c4_4_c5_4) U  32813  20254     17
  33463 27264    15593.8084   112    16048.0000    15574.6039   994316    2.95%    x(c4_2_c3_2) D  33463  31258     21
  34115 27752    15615.5455    77    16048.0000    15579.5021  1020447    2.92%   x(c12_2_c4_2) D  34115  30385     18
  34798 28301    15936.8564    84    16048.0000    15584.0128  1045517    2.89%  x(c11_4_c13_4) U  34798  24939     20
  35429 28794    15970.0043    96    16048.0000    15587.8396  1070627    2.87%   x(c5_4_c10_4) U  35429  24652     18
  36076 29282    15951.8050   106    16048.0000    15592.1017  1095710    2.84%    x(c4_4_c2_4) U  36076   9256     21
  36762 29783    15804.5059   114    16048.0000    15596.8185  1121309    2.81%   x(c6_4_c14_4) D  36762  18614     22
Elapsed time = 19.80 sec. (41391.36 ticks, tree = 17.19 MB, solutions = 1)
  37469 30346    15678.9014    79    16048.0000    15601.2171  1146201    2.78%   x(c4_4_c14_4) U  37469  13565     18
  38195 30946    15861.8973    99    16048.0000    15605.4522  1170943    2.76%    x(c4_4_c5_4) U  38195  24770     25
  38913 31519    16022.9554    73    16048.0000    15609.4922  1195291    2.73%    x(c5_4_c3_4) U  38913  32623     26
  39569 32005    15846.9109    93    16048.0000    15613.1953  1219603    2.71%   x(c8_2_c13_2) U  39569  37873     17
  40241 32527    15898.0142    87    16048.0000    15616.5625  1243894    2.69%    x(c6_4_c3_4) D  40241  30010     25
  40915 33074    15686.8064    72    16048.0000    15619.6961  1268675    2.67%    x(c4_2_c3_2) D  40915  40913     23
  41612 33645    15627.4090    96    16048.0000    15622.5946  1292958    2.65%     x(Op_c10_2) D  41612  41610     25
  42303 34184    15647.2500    49    16048.0000    15625.7778  1316931    2.63%   x(c6_4_c13_4) D  42303  37064     18
  42978 34734    15960.5397    73    16048.0000    15628.7149  1341675    2.61%    x(c3_4_c2_4) U  42978  19883     27
  43712 35316    15884.1776    96    16048.0000    15631.3829  1365050    2.60%    x(c9_2_c2_2) U  43712   7037     21
Elapsed time = 24.25 sec. (50937.45 ticks, tree = 21.56 MB, solutions = 1)
  44435 35873    15780.7599    87    16048.0000    15634.1787  1388072    2.58%    x(c3_1_c4_1) U  44435  19948     12
  45191 36464    15646.9502    93    16048.0000    15636.9519  1411402    2.56%   x(c9_1_c11_1) U  45191  45190     33
  45886 37004    15639.7506    79    16048.0000    15639.7313  1434849    2.54%   x(c10_2_c8_2) D  45886  40373     25
  46627 37595    15773.6250    73    16048.0000    15642.5875  1457967    2.53%   x(c12_2_c4_2) U  46627  36906     20
  47385 38204    16028.0799   107    16048.0000    15645.1250  1480492    2.51%  x(c11_2_c10_2) D  47385  27457     18
  48141 38790    15669.1877    95    16048.0000    15647.4063  1502878    2.50%    x(c5_1_c7_1) D  48141  48139     28
  48852 39352    15931.8607    76    16048.0000    15649.8295  1525541    2.48%   x(c5_4_c11_4) U  48852   3060     15
  49584 39920    15909.7145    97    16048.0000    15652.1984  1548553    2.47%   x(c6_4_c13_4) U  49584  49500     24
  50321 40492        cutoff          16048.0000    15654.5970  1570853    2.45%   x(c4_4_c11_4) U  50321  32900     43
  50974 40988    15819.2413    77    16048.0000    15656.9110  1593828    2.44%    x(c3_1_c4_1) U  50974  47495     21
Elapsed time = 28.64 sec. (60481.17 ticks, tree = 24.67 MB, solutions = 1)
  51592 41498    16034.7792    95    16048.0000    15658.8872  1617017    2.42%    x(c7_1_c5_1) U  51592  14334     23
  52232 42016    15702.5249    75    16048.0000    15661.0727  1639902    2.41%   x(c6_1_c14_1) D  52232  37662     21
  52898 42510    15796.0015   104    16048.0000    15663.2672  1663090    2.40%   x(c9_2_c11_2) D  52898   5511     15
  53529 42969    15825.9112    85    16048.0000    15665.3516  1686007    2.38%  x(c11_4_c13_4) U  53529  25055     12
  54186 43478    15752.3152    97    16048.0000    15667.5968  1708838    2.37%    x(c4_4_c3_4) D  54186  34511     24
  54829 43995        cutoff          16048.0000    15669.7003  1731851    2.36%    x(c6_4_c2_4) U  54829  42864     36
  55496 44468    15896.0750    93    16048.0000    15671.8863  1754667    2.34%  x(c11_4_c13_4) U  55496  42414     20
  56149 44931    15846.8408    92    16048.0000    15674.0217  1777165    2.33%    x(c3_1_c4_1) D  56149  25067     19
  56785 45408    15798.2216    89    16048.0000    15675.9184  1800613    2.32%    x(c4_4_c2_4) D  56785   4114     33
  57409 45854    15782.9167    82    16048.0000    15677.6470  1823389    2.31%    x(c4_4_c6_4) D  57409  43422     21
Elapsed time = 33.07 sec. (70027.92 ticks, tree = 27.47 MB, solutions = 1)
  58017 46310    15686.3122   117    16048.0000    15679.6842  1846842    2.30%   x(c5_4_c11_4) D  58017  58015     27
  58657 46789    15884.1371   108    16048.0000    15681.6605  1869902    2.28%   x(c6_1_c14_1) U  58657  42590     16
  59303 47288    15750.9943   115    16048.0000    15683.4534  1892797    2.27%    x(c3_1_c4_1) D  59303  39907     15
  59977 47814    15822.4276    87    16048.0000    15685.3700  1915253    2.26%    x(c5_1_c7_1) D  59977  50473     27
  60586 48254    15689.2521    85    16048.0000    15687.2550  1938117    2.25%      x(c8_1_Om) N  60586  52169     13
  61259 48743    15692.4875   102    16048.0000    15689.0322  1960293    2.24%    x(c6_4_c3_4) D  61259  61258     25
  61918 49258    15727.3193   109    16048.0000    15690.7658  1983048    2.23%  x(c10_4_c13_4) U  61918  48112     21
  62575 49766    15885.8017    90    16048.0000    15692.5447  2005213    2.21%   x(c14_1_c4_1) U  62575  60148     37
  63241 50267    15733.0245   108    16048.0000    15694.1645  2027637    2.20%     x(Op_c11_2) U  63241  55392     19
  63925 50759    15697.2474    92    16048.0000    15695.8736  2049977    2.19%      x(Op_c4_4) D  63925  63924     33
Elapsed time = 37.41 sec. (79576.09 ticks, tree = 30.24 MB, solutions = 1)
  64600 51233    15887.6847    89    16048.0000    15697.3817  2072020    2.18%   x(c14_1_c4_1) U  64600  64599     37
  65245 51701    15770.2333    94    16048.0000    15699.0632  2094297    2.17%   x(c10_2_c8_2) U  65245  40714     15
  65925 52206    15908.6122    97    16048.0000    15700.6051  2116325    2.16%   x(c12_2_c4_2) U  65925  34733     36
  66614 52712    15783.3456    91    16048.0000    15702.0964  2138271    2.16%  x(c14_4_c11_4) U  66614  66612     27
  67299 53172    15817.1286    92    16048.0000    15703.6907  2159963    2.15%   x(c8_2_c13_2) D  67299  49252     22
  67985 53689    15748.6420    93    16048.0000    15705.1897  2181835    2.14%    x(c4_2_c3_2) U  67985  53352     28
  68653 54177    15810.5234    82    16048.0000    15706.6250  2202239    2.13%    x(c8_2_c9_2) U  68653  63165     28
  69338 54692    15782.2293    90    16048.0000    15708.1477  2223609    2.12%   x(c14_4_c4_4) D  69338  50215     30
  69998 55208        cutoff          16048.0000    15709.6032  2245444    2.11%   x(c4_4_c11_4) U  69998  66542     41
  72716 57160        cutoff          16048.0000    15715.1513  2330109    2.07%   x(c14_4_c4_4) U  72716  68679     32
Elapsed time = 43.00 sec. (91981.11 ticks, tree = 33.78 MB, solutions = 1)
  75465 59119    15723.5849    92    16048.0000    15720.6494  2414075    2.04%   x(c7_4_c11_4) D  75465  75464     35
  78227 61057    15843.3333   105    16048.0000    15725.4435  2494909    2.01%    x(c6_4_c4_4) U  78227  37327     24
  81123 62989    15871.5360    93    16048.0000    15729.9490  2575327    1.98%    x(c3_4_c2_4) U  81123  49841     17
  83896 64897    15748.1370    90    16048.0000    15734.4670  2658270    1.95%  x(c13_2_c11_2) U  83896  64056     31
  86559 66637    15739.1266   102    16048.0000    15738.8813  2740228    1.93%   x(c6_1_c14_1) N  86559  75450     23
  89177 68336        cutoff          16048.0000    15743.3333  2823479    1.90%    x(c5_4_c3_4) U  89177  44209     18
  91856 70069    15988.7203    86    16048.0000    15747.6400  2904598    1.87%    x(c3_1_c5_1) U  91856  55257     21
  94481 71729    15798.9088    91    16048.0000    15751.6871  2983568    1.85%    x(c4_4_c6_4) D  94481  49011     34
  97146 73354    15896.7500    65    16048.0000    15755.7980  3061755    1.82%   x(c8_2_c13_2) U  97146  93090     34
  99811 74977    16019.5987   100    16048.0000    15759.7500  3141663    1.80%   x(c14_1_c4_1) U  99811  17813     36
Elapsed time = 60.10 sec. (130137.11 ticks, tree = 46.61 MB, solutions = 1)
 102452 76622        cutoff          16048.0000    15764.0412  3220435    1.77%      x(c6_4_Om) U 102452  96349     35
 105100 78311    16039.3400    93    16048.0000    15768.0235  3297836    1.74%    x(c3_4_c2_4) U 105100  20776     18
 107760 79959    15828.2516    99    16048.0000    15771.7143  3375928    1.72%    x(c4_2_c3_2) U 107760  90775     18
 110412 81529    15919.9286    94    16048.0000    15775.4777  3451760    1.70%    x(c4_4_c3_4) U 110412  48154     20
 113040 83075    15919.5201   107    16048.0000    15779.0689  3528977    1.68%    x(c3_1_c4_1) U 113040  20853     21
 115606 84575    15902.2778    88    16048.0000    15782.5000  3606098    1.65%    x(c4_4_c6_4) U 115606  40104     19
 118229 86092    15936.4630    74    16048.0000    15785.7500  3682622    1.63%    x(c3_1_c4_1) D 118229  47436     21
 120918 87631    15883.6333    84    16048.0000    15788.9802  3758674    1.61%   x(c12_2_c4_2) D 120918  54692     49
 123611 89176    15795.1667    86    16048.0000    15792.1010  3833293    1.59%      x(c6_4_Om) D 123611  78346     26
 126302 90717    15796.9563   113    16048.0000    15795.1090  3908237    1.58%    x(c4_2_c3_2) D 126302 107837     28
Elapsed time = 76.80 sec. (168294.09 ticks, tree = 55.84 MB, solutions = 1)
 128988 92212    15895.3091    98    16048.0000    15798.0625  3982246    1.56%      x(c4_4_Om) D 128988  33007     28
 131637 93653    15872.6646    70    16048.0000    15801.0112  4056245    1.54%   x(c13_4_c4_4) U 131637  42606     16
 134343 95112    15817.6457    76    16048.0000    15803.7257  4129631    1.52%    x(c7_1_c5_1) U 134343 126665     41
 136922 96506    15944.1222   108    16048.0000    15806.4018  4203412    1.51%  x(c11_4_c13_4) D 136922  81277     18
 139551 97913    15809.2760    95    16048.0000    15809.1429  4277124    1.49%    x(c2_4_c4_4) D 139551  97216     28
 142219 99256    15877.5591   108    16048.0000    15811.7482  4349786    1.47%   x(c6_1_c14_1) D 142219  75124     19
 144903 100555        cutoff          16048.0000    15814.4636  4421662    1.46%    x(c3_1_c4_1) U 144903  54620     28
 147550 101934    15891.4791   117    16048.0000    15817.0867  4495191    1.44%    x(c4_2_c3_2) D 147550 109420     24
 150209 103286    15820.3176   101    16048.0000    15819.5953  4566519    1.42%  x(c11_4_c14_4) D 150209 136259     38
 152879 104621    15950.7679    61    16048.0000    15822.0000  4638722    1.41%   x(c14_1_c7_1) D 152879 152877     32
Elapsed time = 93.14 sec. (206450.64 ticks, tree = 64.00 MB, solutions = 1)
 155768 105983        cutoff          16048.0000    15824.5000  4713872    1.39%      x(c3_4_Om) U 155768 141697     42
 158765 107454    16022.4500    71    16048.0000    15826.8982  4787613    1.38%    x(c4_4_c5_4) D 158765  60629     24
 161719 108861    15829.7690   101    16048.0000    15829.2320  4862535    1.36%  x(c11_4_c13_4) D 161719 139824     18
 164720 110350        cutoff          16048.0000    15831.5800  4936531    1.35%   x(c4_4_c13_4) U 164720  74779     27
 167678 111783    16008.0566   101    16048.0000    15833.8814  5009808    1.33%    x(c5_4_c3_4) D 167678  65072     23
 170636 113148    15909.2052   121    16048.0000    15836.0639  5082886    1.32%  x(c11_4_c13_4) U 170636 170635     27
 173623 114535    15892.5998    76    16048.0000    15838.2278  5155046    1.31%    x(c4_2_c3_2) U 173623  82426     22
 176643 116012    15939.4444   103    16048.0000    15840.3142  5226789    1.29%    x(c3_1_c4_1) D 176643  52027     25
 179672 117470        cutoff          16048.0000    15842.4262  5298878    1.28%   x(c14_4_c2_4) U 179672 179670     26
 182682 118872    16003.0882   107    16048.0000    15844.3999  5371415    1.27%   x(c5_4_c11_4) D 182682  52264     26
Elapsed time = 109.66 sec. (244607.87 ticks, tree = 72.34 MB, solutions = 1)
 185782 120310    15851.7628    81    16048.0000    15846.3750  5441872    1.26%   x(c5_2_c13_2) U 185782 185781     30
 188781 121739    15849.7760    57    16048.0000    15848.3609  5513278    1.24%  x(c13_2_c12_2) U 188781 152703     36
 191852 123106    15885.3196   101    16048.0000    15850.1910  5583256    1.23%    x(c4_2_c3_2) U 191852 121569     20
 194891 124492    15852.4589    89    16048.0000    15852.0571  5653963    1.22%    x(c7_4_c4_4) D 194891 177097     23
 197981 125800    15916.2401   105    16048.0000    15853.9731  5723092    1.21%   x(c14_4_c4_4) N 197981  62563     22
 201065 127135    15916.4141    74    16048.0000    15855.6753  5791941    1.20%   x(c6_1_c14_1) N 201065  71652     25
 204160 128337        cutoff          16048.0000    15857.4547  5859934    1.19%    x(c5_4_c3_4) U 204160  37549     21
 207128 129492        cutoff          16048.0000    15859.1138  5930931    1.18%    x(c4_4_c5_4) U 207128  53706     25
 210027 130500    15974.4133    86    16048.0000    15860.7931  6001477    1.17%   x(c7_4_c14_4) U 210027  56714     20
 212901 131532    15862.6142   120    16048.0000    15862.5064  6072392    1.16%  x(c11_4_c13_4) D 212901 207497     22
Elapsed time = 125.84 sec. (282765.97 ticks, tree = 82.79 MB, solutions = 1)
 215805 132437        cutoff          16048.0000    15864.2178  6143019    1.15%  x(c11_4_c13_4) U 215805 152500     17
 218630 133334    15974.6198   114    16048.0000    15865.9198  6213430    1.13%      x(c8_1_Om) D 218630 193508     21
 221427 134313    16011.6128   106    16048.0000    15867.5690  6285553    1.12%    x(c3_1_c4_1) U 221427 117598     13
 224251 135232        cutoff          16048.0000    15869.2887  6355865    1.11%   x(c11_4_c6_4) U 224251 224250     24
 227025 136098    16044.6296   110    16048.0000    15870.9258  6427066    1.10%  x(c13_4_c14_4) U 227025 197069     29
 229865 136933        cutoff          16048.0000    15872.6572  6496870    1.09%    x(c2_4_c3_4) U 229865 127539     21
 232653 137742    15879.8571    91    16048.0000    15874.3571  6567223    1.08%    x(c8_2_c9_2) D 232653 171254     25
 235459 138578        cutoff          16048.0000    15876.0513  6636462    1.07%   x(c2_4_c14_4) U 235459 198483     35
 238275 139374    15877.7500    57    16048.0000    15877.7500  6705701    1.06%   x(c5_2_c13_2) D 238275 230817     35
 241054 140209    15883.7337   114    16048.0000    15879.3714  6776141    1.05%     x(Op_c10_2) U 241054 203008     23
Elapsed time = 142.20 sec. (320921.08 ticks, tree = 88.12 MB, solutions = 1)
 243896 140989    15886.3333    76    16048.0000    15881.0000  6843497    1.04%   x(c5_2_c13_2) D 243896 184350     19
 246749 141875    15890.7245    58    16048.0000    15882.5827  6911518    1.03%   x(c5_2_c13_2) D 246749 158721     19
 249611 142644    15997.1027   101    16048.0000    15884.1116  6976656    1.02%   x(c7_4_c14_4) U 249611 166646     24
 252380 143354    15885.6707    68    16048.0000    15885.6169  7039755    1.01%    x(c4_4_c3_4) U 252380 237321     27
 255204 144133        cutoff          16048.0000    15887.1720  7102960    1.00%   x(c14_1_c4_1) U 255204 207208     22
 258037 144863        cutoff          16048.0000    15888.7500  7165465    0.99%    x(c6_4_c4_4) U 258037 164700     29
 260802 145438    15893.9310   110    16048.0000    15890.2229  7228150    0.98%    x(c4_4_c6_4) D 260802 229160     34
 263652 146132    15895.5988    76    16048.0000    15891.7348  7289806    0.97%   x(c11_2_c2_2) D 263652 256495     34
 266492 146887    15942.8980   107    16048.0000    15893.1969  7351288    0.96%    x(c4_2_c3_2) U 266492 229803     19
 269308 147529        cutoff          16048.0000    15894.5875  7413613    0.96%    x(c3_1_c4_1) D 269308  49259     12
Elapsed time = 158.14 sec. (359075.66 ticks, tree = 92.71 MB, solutions = 1)
 272056 148133    15904.6227   105    16048.0000    15896.0007  7475636    0.95%   x(c5_2_c13_2) U 272056 183854     27
 274924 148660    15905.4466    94    16048.0000    15897.3818  7536212    0.94%  x(c11_4_c13_4) D 274924 126852     19
 277784 149205    16036.1550    84    16048.0000    15898.7461  7596912    0.93%   x(c5_2_c13_2) U 277784 187163     22
 280602 149747    15980.0000    85    16048.0000    15900.1456  7657283    0.92%     x(Op_c10_2) D 280602 106231     19
 283377 150305    15922.9667    86    16048.0000    15901.4527  7716599    0.91%    x(c3_4_c2_4) U 283377 219851     27
 286181 150877    15951.9626    67    16048.0000    15902.7418  7776343    0.91%   x(c10_2_c8_2) U 286181 154843     25
 289029 151428    15907.0035    79    16048.0000    15904.0044  7835705    0.90%     x(Op_c10_2) D 289029 232044     21
 291892 151976    15909.3061    85    16048.0000    15905.3000  7894137    0.89%   x(c2_4_c14_4) D 291892 291891     21
 294792 152604    15966.3382    84    16048.0000    15906.5960  7953061    0.88%   x(c4_4_c14_4) U 294792 268426     25
 297612 153101    15908.5721    77    16048.0000    15907.8845  8009859    0.87%  x(c11_4_c13_4) D 297612 265119     30
Elapsed time = 173.77 sec. (397235.31 ticks, tree = 96.26 MB, solutions = 1)
 300473 153612        cutoff          16048.0000    15909.1397  8068864    0.87%   x(c12_2_c4_2) U 300473 245265     25
 303369 154148    15917.7754    95    16048.0000    15910.4422  8125360    0.86%   x(c6_4_c10_4) D 303369 287945     28
 306252 154690    15926.3321   108    16048.0000    15911.7096  8183187    0.85%    x(c7_4_c4_4) D 306252 212951     23
 308944 155084    15912.9524   102    16048.0000    15912.9524  8239644    0.84%   x(c11_4_c6_4) D 308944 248061     38
 311667 155564    15926.5383   103    16048.0000    15914.1659  8295338    0.83%    x(c8_2_c9_2) D 311667 133502     29
 314539 155964    16012.1972    90    16048.0000    15915.4016  8353589    0.83%  x(c13_4_c14_4) U 314539 272261     24
 317337 156344    infeasible          16048.0000    15916.6239  8412031    0.82%    x(c7_4_c3_4) D 317337 317336     20
 320205 156667    15918.0944    74    16048.0000    15917.9286  8468444    0.81%   x(c14_4_c5_4) D 320205 320204     22
 323039 157032    15930.4095   100    16048.0000    15919.1667  8526655    0.80%   x(c14_4_c7_4) U 323039 277525     24
 325892 157409    15931.3307    78    16048.0000    15920.3819  8582948    0.80%     x(Op_c10_2) D 325892 310322     37
Elapsed time = 189.57 sec. (435388.23 ticks, tree = 100.83 MB, solutions = 1)
 328729 157625    15921.5833    97    16048.0000    15921.5833  8638482    0.79%   x(c11_4_c6_4) D 328729 317658     28
 331592 157885    15971.4301    99    16048.0000    15922.7542  8694031    0.78%   x(c9_1_c11_1) U 331592 283319     22
 334497 158254        cutoff          16048.0000    15923.9254  8749634    0.77%    x(c3_1_c4_1) D 334497 140034     28
 337396 158494        cutoff          16048.0000    15925.0746  8804530    0.77%  x(c11_4_c13_4) U 337396 159107     23
 340306 158678    15930.1366    98    16048.0000    15926.2143  8858505    0.76%     x(c10_2_Om) U 340306 323364     44
 343218 158855    15962.7236   105    16048.0000    15927.4140  8912852    0.75%   x(c9_1_c11_1) U 343218 317422     43
 346147 159039    15943.2222   105    16048.0000    15928.5743  8967221    0.74%   x(c7_4_c11_4) D 346147 217571     20
 349124 159249        cutoff          16048.0000    15929.7576  9020385    0.74%    x(c6_1_c4_1) U 349124 284451     25
 352106 159352    15944.2416   115    16048.0000    15930.8750  9072828    0.73%    x(c8_2_c9_2) D 352106 194346     15
 355040 159484    15953.6720   126    16048.0000    15932.0333  9126411    0.72%      x(c9_2_Om) D 355040  97271     19
Elapsed time = 204.63 sec. (473544.72 ticks, tree = 102.34 MB, solutions = 1)
 358017 159649    infeasible          16048.0000    15933.1634  9178615    0.72%   x(c7_1_c14_1) D 358017 358015     36
 360981 159794    15958.2500    82    16048.0000    15934.2500  9231183    0.71%      x(c5_4_Om) D 360981 337772     39
 363954 159863        cutoff          16048.0000    15935.4000  9283325    0.70%  x(c11_4_c13_4) U 363954 171090     16
 366906 159972        cutoff          16048.0000    15936.5000  9334692    0.69%   x(c12_2_c4_2) U 366906 366905     27
 369814 160034        cutoff          16048.0000    15937.5023  9385474    0.69%    x(c4_2_c3_2) D 369814 231444     26
 372791 160065    16017.8083    96    16048.0000    15938.5701  9436190    0.68%    x(c4_2_c3_2) D 372791 107646     19
 375717 160093    infeasible          16048.0000    15939.6476  9488074    0.68%   x(c7_4_c14_4) U 375717 169760     26
 378640 160148    15946.6910   102    16048.0000    15940.7069  9537435    0.67%      x(c8_1_Om) U 378640 265375     23
 381545 160183    15941.7500    72    16048.0000    15941.7500  9588589    0.66%    x(c3_1_c4_1) D 381545 336182     23
 384516 160265    15954.3175   113    16048.0000    15942.7857  9639059    0.66%     x(c10_2_Om) U 384516 291973     21
Elapsed time = 219.63 sec. (511696.06 ticks, tree = 103.17 MB, solutions = 1)
 387553 160215    15948.5431    74    16048.0000    15943.7799  9689621    0.65%   x(c14_4_c4_4) D 387553 347181     26
 390531 160166        cutoff          16048.0000    15944.8333  9739565    0.64%  x(c11_4_c13_4) U 390531  47791     14
 393570 160061    15945.9092    67    16048.0000    15945.9095  9788983    0.64%   x(c14_4_c6_4) D 393570 388094     24
 396603 159906        cutoff          16048.0000    15946.9482  9837597    0.63%    x(c3_1_c4_1) D 396603 134847     21
 399618 159697        cutoff          16048.0000    15948.0000  9887517    0.62%    x(c2_4_c3_4) U 399618 274671     24
 402544 159635    16031.5790    43    16048.0000    15948.9826  9936709    0.62%   x(c12_2_c4_2) D 402544 259545     20
 405566 159599    16018.0462   106    16048.0000    15949.9989  9985293    0.61%   x(c9_1_c11_1) D 405566 405565     28
 408539 159460    16014.8444    93    16048.0000    15951.0000 10034180    0.60%    x(c3_4_c2_4) N 408539 241316     29
 411427 159204    15959.7054    64    16048.0000    15952.0000 10080422    0.60%      x(Op_c8_2) D 411427 411425     25
 414405 159001    15984.2381    88    16048.0000    15953.0000 10129706    0.59%   x(c2_2_c11_2) D 414405 320932     20
Elapsed time = 234.40 sec. (549850.66 ticks, tree = 102.86 MB, solutions = 1)
 417375 158744    15998.1252   107    16048.0000    15954.0143 10179366    0.59%  x(c13_2_c11_2) N 417375 218814     35
 420386 158415    15961.8019   107    16048.0000    15955.0527 10227487    0.58%   x(c8_2_c13_2) D 420386 348523     23
 423454 158152        cutoff          16048.0000    15956.0615 10274312    0.57%  x(c11_4_c13_4) U 423454 169509     18
 426456 157797    16038.2675    75    16048.0000    15957.0731 10323830    0.57%    x(c5_5_c7_5) U 426456 426454     29
 429448 157485        cutoff          16048.0000    15958.0969 10370772    0.56%    x(c3_1_c4_1) U 429448 284255     27
 432476 157163        cutoff          16048.0000    15959.0900 10418008    0.55%    x(c6_4_c4_4) D 432476 146920     20
 435586 156893    16033.6483    92    16048.0000    15960.1314 10465072    0.55%  x(c11_2_c13_2) D 435586 263508     23
 438716 156559    15961.3760    82    16048.0000    15961.1623 10512077    0.54%      x(c9_2_Om) D 438716 402026     19
 441842 156105    15963.8615    77    16048.0000    15962.1667 10558112    0.53%   x(c6_4_c11_4) N 441842 437222     34
 444962 155745    16041.8494    82    16048.0000    15963.1526 10603021    0.53%   x(c14_1_c7_1) U 444962 144246     26
Elapsed time = 248.87 sec. (588006.34 ticks, tree = 101.25 MB, solutions = 1)
 448061 155394        cutoff          16048.0000    15964.1257 10647912    0.52%    x(c7_4_c5_4) D 448061 124333     20
 451106 155038    16014.0518    87    16048.0000    15965.0785 10693875    0.52%   x(c12_2_c4_2) D 451106 451105     27
 454249 154682    15975.0376    74    16048.0000    15966.0376 10738807    0.51%   x(c14_1_c7_1) D 454249 454248     41
 457409 154214    infeasible          16048.0000    15967.0350 10783618    0.50%   x(c13_4_c5_4) D 457409 340467     32
 460553 153782        cutoff          16048.0000    15968.0000 10829274    0.50%   x(c13_4_c2_4) D 460553 422522     25
 463726 153287    16001.5286    83    16048.0000    15969.0000 10872860    0.49%   x(c7_4_c14_4) D 463726 344259     26
 466878 152773    15982.9706   100    16048.0000    15969.9444 10916847    0.49%   x(c5_2_c13_2) U 466878 418437     33
 470099 152338    16005.4732    77    16048.0000    15970.8859 10960474    0.48%    x(c4_2_c3_2) U 470099  92707     20
 473150 151819    15972.9531    94    16048.0000    15971.7754 11001543    0.47%    x(c8_2_c9_2) D 473150 473149     29
 476394 151216    15977.8234    73    16048.0000    15972.7198 11044961    0.47%   x(c6_4_c10_4) D 476394 476392     20
Elapsed time = 263.06 sec. (626159.79 ticks, tree = 98.83 MB, solutions = 1)
 479556 150642    15976.2634    85    16048.0000    15973.6494 11088642    0.46%      x(c7_4_Om) D 479556 479555     31
 482723 150128        cutoff          16048.0000    15974.5436 11130595    0.46%   x(c6_1_c14_1) U 482723 104146     14
 485947 149466    16015.5227   110    16048.0000    15975.4801 11172078    0.45%   x(c4_4_c13_4) U 485947 235048     17
 489345 148742        cutoff          16048.0000    15976.4808 11215841    0.45%   x(c14_1_c6_1) D 489345 489344     36
 492471 148139    16033.8103    75    16048.0000    15977.3473 11261232    0.44%   x(c14_1_c4_1) U 492471 421244     26
 495815 147361    16040.6160    83    16048.0000    15978.2857 11303650    0.43%  x(c10_1_c11_1) U 495815 403647     31
 499203 146636    15979.7103    90    16048.0000    15979.2456 11346620    0.43%    x(c7_4_c2_4) N 499203 499202     33
 502591 145742    16043.9831    96    16048.0000    15980.1766 11389431    0.42%  x(c11_4_c13_4) U 502591 185464     23
 505862 145015    16015.7534    77    16048.0000    15981.0905 11431268    0.42%    x(c6_1_c4_1) D 505862 412517     28
 509263 144270    15994.2625   116    16048.0000    15982.0540 11474533    0.41%  x(c11_4_c13_4) D 509263 391587     20
Elapsed time = 277.17 sec. (664315.48 ticks, tree = 94.99 MB, solutions = 1)
 512681 143482        cutoff          16048.0000    15983.0000 11516920    0.41%    x(c3_4_c2_4) D 512681 337176     26
 516122 142614    15994.3764    84    16048.0000    15983.9265 11557933    0.40%   x(c14_1_c7_1) D 516122 322935     24
 519610 141661        cutoff          16048.0000    15984.8491 11597981    0.39%    x(c4_2_c3_2) D 519610  24267     36
 523021 140707    15987.2131    82    16048.0000    15985.7500 11638308    0.39%      x(Op_c9_2) D 523021 499233     29
 526492 139816    15988.5799    82    16048.0000    15986.6841 11678611    0.38%    x(c5_5_c7_5) D 526492 487847     30
 529879 138997    15994.3507    75    16048.0000    15987.5965 11718749    0.38%     x(c10_2_Om) U 529879 486157     31
 533315 138138        cutoff          16048.0000    15988.4924 11758591    0.37%   x(c12_2_c4_2) U 533315 453235     21
 536630 137271    infeasible          16048.0000    15989.3333 11797193    0.37%   x(c7_4_c14_4) U 536630 345312     29
 540037 136215        cutoff          16048.0000    15990.1766 11837581    0.36%   x(c13_4_c3_4) D 540037 338873     24
 543468 135225        cutoff          16048.0000    15991.0908 11876312    0.35%   x(c12_2_c4_2) U 543468 543467     31
Elapsed time = 290.96 sec. (702468.97 ticks, tree = 89.85 MB, solutions = 1)
 546792 134258        cutoff          16048.0000    15991.9885 11913050    0.35%    x(c3_5_c7_5) U 546792 524119     41
 550179 133320    16043.7592    83    16048.0000    15992.8100 11951015    0.34%    x(c8_2_c9_2) N 550179 485966     24
 553546 132286        cutoff          16048.0000    15993.6792 11988048    0.34%   x(c13_2_c5_2) U 553546 469436     30
 557048 131154        cutoff          16048.0000    15994.5669 12026796    0.33%  x(c11_1_c10_1) U 557048 557047     23
 560406 130009        cutoff          16048.0000    15995.4156 12062697    0.33%    x(c4_2_c3_2) D 560406 298913     18
 563826 128814        cutoff          16048.0000    15996.2962 12098786    0.32%   x(c6_1_c14_1) U 563826 163861     18
 567301 127492        cutoff          16048.0000    15997.1826 12135396    0.32%  x(c11_2_c10_2) U 567301 528116     36
 570774 126284    16044.5000    75    16048.0000    15998.0557 12171718    0.31%   x(c6_4_c14_4) D 570774 216045     27
 574076 125025        cutoff          16048.0000    15998.9487 12204998    0.31%   x(c12_2_c3_2) U 574076 481306     45
 577308 123758        cutoff          16048.0000    15999.7500 12237076    0.30%    x(c7_4_c5_4) N 577308 527552     34
Elapsed time = 304.62 sec. (740623.77 ticks, tree = 83.37 MB, solutions = 1)
 580833 122377        cutoff          16048.0000    16000.6667 12273054    0.29%  x(c13_2_c11_2) D 580833 379407     22
 583880 121105        cutoff          16048.0000    16001.4589 12305106    0.29%   x(c2_4_c13_4) U 583880 195860     32
 586013 120003        cutoff          16048.0000    16002.0000 12327658    0.29%    x(c7_4_c2_4) U 586013 560244     27
 588014 119041        cutoff          16048.0000    16002.5000 12349095    0.28%    x(c6_4_c2_4) U 588014 532716     21
 590979 117647    infeasible          16048.0000    16003.2545 12378311    0.28%    x(c2_4_c3_4) D 590979 534821     43
 594006 116220        cutoff          16048.0000    16004.0218 12406638    0.27%  x(c13_3_c11_3) U 594006 594004     30
 596900 114833    16008.4167    63    16048.0000    16004.7983 12434230    0.27%   x(c14_1_c7_1) N 596900 351574     24
 600006 113351        cutoff          16048.0000    16005.5819 12463847    0.26%   x(c2_4_c14_4) D 600006 329136     26
 602674 111897    16025.0945    58    16048.0000    16006.2618 12489168    0.26%   x(c7_4_c10_4) N 602674 495039     30
 604734 110711    16018.8384    89    16048.0000    16006.8269 12511623    0.26%  x(c11_1_c10_1) N 604734 548957     26
Elapsed time = 318.84 sec. (778782.53 ticks, tree = 75.85 MB, solutions = 1)
 607282 109271    16029.5374    78    16048.0000    16007.5008 12535906    0.25%    x(c7_1_c5_1) U 607282 551424     27
 610292 107703    16014.4148    87    16048.0000    16008.2822 12563880    0.25%   x(c8_2_c13_2) N 610292 508957     23
 613382 106088    16014.5000    72    16048.0000    16009.0833 12592017    0.24%   x(c7_1_c14_1) D 613382 480194     25
 616639 104382        cutoff          16048.0000    16009.9427 12620566    0.24%    x(c2_4_c3_4) U 616639 520339     21
 619241 102888        cutoff          16048.0000    16010.6135 12644266    0.23%    x(c6_1_c4_1) D 619241 220327     26
 621405 101508    16043.5072    98    16048.0000    16011.1824 12665711    0.23%      x(Op_c9_2) N 621405 621403     23
 623721 100078    infeasible          16048.0000    16011.7829 12687339    0.23%   x(c6_1_c14_1) U 623721 619844     30
 626055 98639        cutoff          16048.0000    16012.4151 12709606    0.22%    x(c6_4_c4_4) D 626055 473479     29
 628952 96922        cutoff          16048.0000    16013.1500 12734733    0.22%  x(c10_4_c13_4) N 628952 478304     20
 631751 95242        cutoff          16048.0000    16013.9151 12759741    0.21%   x(c9_1_c11_1) D 631751 314894     15
Elapsed time = 332.97 sec. (816941.15 ticks, tree = 66.84 MB, solutions = 1)
 634335 93602    16016.5702    84    16048.0000    16014.5703 12783065    0.21%      x(c8_1_Om) N 634335 391650     16
 637569 91639    16042.6892    87    16048.0000    16015.4281 12810091    0.20%     x(c11_2_Om) N 637569 537930     32
 640077 89974    16027.7260   105    16048.0000    16016.1030 12831241    0.20%   x(c9_1_c11_1) D 640077 391054     26
 643236 88055        cutoff          16048.0000    16016.9578 12857005    0.19%    x(c3_1_c6_1) D 643236 550388     39
 646065 86242    16018.0421   102    16048.0000    16017.7068 12879701    0.19%      x(Op_c7_4) N 646065 646064     28
 649322 84137        cutoff          16048.0000    16018.5587 12904732    0.18%   x(c12_2_c4_2) U 649322 258092     22
 652117 82253        cutoff          16048.0000    16019.3176 12926986    0.18%      x(c6_4_Om) D 652117 127874     33
 654748 80419        cutoff          16048.0000    16020.0000 12947547    0.17%   x(c5_4_c13_4) D 654748 471654     22
 657464 78494    16039.4244    54    16048.0000    16020.7380 12968419    0.17%   x(c7_1_c14_1) N 657464 612042     32
 660360 76499        cutoff          16048.0000    16021.5000 12990731    0.17%     x(Op_c13_4) U 660360 330208     24
Elapsed time = 346.81 sec. (855097.00 ticks, tree = 55.86 MB, solutions = 1)
 663652 74260        cutoff          16048.0000    16022.3676 13014531    0.16%    x(c7_4_c2_4) D 663652 514144     44
 666608 72108    16024.5146    69    16048.0000    16023.1472 13036025    0.15%   x(c12_2_c3_2) N 666608 666607     31
 669509 70008        cutoff          16048.0000    16023.9389 13056571    0.15%    x(c4_4_c2_4) U 669509 102390     29
 672044 68024    infeasible          16048.0000    16024.6287 13075051    0.15%    x(c6_4_c4_4) U 672044 619055     22
 674483 66118    16025.4930    69    16048.0000    16025.3289 13093262    0.14%   x(c6_4_c13_4) N 674483 615958     18
 676999 64143    16034.8500    67    16048.0000    16026.0000 13110319    0.14%    x(c5_1_c7_1) N 676999 408797     29
 679471 62160    16026.9321   106    16048.0000    16026.6800 13127893    0.13%  x(c11_4_c13_4) N 679471 346279     23
 681948 60166        cutoff          16048.0000    16027.3623 13145515    0.13%   x(c14_1_c7_1) N 681948 497745     30
 684623 57999    16034.9398    90    16048.0000    16028.0897 13162243    0.12%     x(Op_c10_2) N 684623 333408     24
 687493 55681        cutoff          16048.0000    16028.8929 13180460    0.12%      x(c8_1_Om) N 687493 494435     18
Elapsed time = 360.68 sec. (893256.96 ticks, tree = 43.50 MB, solutions = 1)
 690530 53231    16040.1984    92    16048.0000    16029.7269 13198570    0.11%   x(c9_1_c11_1) N 690530 648666     21
 693229 50927    16045.0000    74    16048.0000    16030.5000 13215030    0.11%   x(c11_2_c8_2) N 693229 629670     29
 695893 48654        cutoff          16048.0000    16031.2500 13231076    0.10%   x(c9_1_c11_1) U 695893 667613     21
 698708 46291        cutoff          16048.0000    16032.0751 13247395    0.10%    x(c4_2_c3_2) N 698708 645693     20
 701490 43857        cutoff          16048.0000    16032.8822 13262253    0.09%   x(c12_2_c4_2) U 701490 512357     24
 704232 41470        cutoff          16048.0000    16033.6667 13277663    0.09%   x(c14_4_c4_4) U 704232 679273     19
 707084 38925        cutoff          16048.0000    16034.5000 13292385    0.08%      x(c8_1_Om) D 707084 269859     25
 709913 36448    infeasible          16048.0000    16035.3529 13306566    0.08%   x(c11_2_c8_2) D 709913 560365     28
 712902 33736        cutoff          16048.0000    16036.2551 13320377    0.07%    x(c6_4_c2_4) N 712902 232502     32
 715835 31070        cutoff          16048.0000    16037.1386 13334284    0.07%    x(c4_2_c3_2) D 715835  83803     36
Elapsed time = 374.23 sec. (931418.16 ticks, tree = 28.88 MB, solutions = 1)
 718822 28335        cutoff          16048.0000    16038.0000 13347459    0.06%    x(c2_4_c4_4) U 718822 291841     26
 721622 25770    16038.9287    96    16048.0000    16038.8308 13362305    0.06%  x(c13_2_c11_2) N 721622 558396     26
 724462 23111    infeasible          16048.0000    16039.6573 13377629    0.05%   x(c7_4_c11_4) D 724462 509255     20
 727452 20260        cutoff          16048.0000    16040.5443 13392270    0.05%     x(Op_c11_2) U 727452 490928     34
 730486 17347        cutoff          16048.0000    16041.4629 13406459    0.04%    x(c4_2_c3_2) U 730486 612729     18
 733626 14294        cutoff          16048.0000    16042.4305 13419905    0.03%   x(c9_1_c11_1) U 733626 721548     46
 736829 11177        cutoff          16048.0000    16043.4427 13433231    0.03%   x(c8_2_c13_2) D 736829 506230     24
 740171  7908        cutoff          16048.0000    16044.4900 13444934    0.02%   x(c13_2_c5_2) U 740171 477927     25
 743721  4407        cutoff          16048.0000    16045.5869 13456521    0.02%    x(c4_2_c3_2) D 743721 668015     14

Clique cuts applied:  18
Cover cuts applied:  698
Mixed integer rounding cuts applied:  48
Zero-half cuts applied:  1
Gomory fractional cuts applied:  2

Root node processing (before b&c):
  Real time             =    0.06 sec. (96.58 ticks)
Sequential b&c:
  Real time             =  387.00 sec. (971159.62 ticks)
                          ------------
Total (root+branch&cut) =  387.05 sec. (971256.20 ticks)

