Version identifier: 22.1.0.0 | 2022-03-09 | 1a383f8ce
CPXPARAM_Preprocessing_Reduce                    1
CPXPARAM_Preprocessing_Reformulations            0
CPXPARAM_Emphasis_MIP                            2
CPXPARAM_TimeLimit                               7200
CPXPARAM_MIP_Tolerances_AbsMIPGap                0.98999999999999999
CPXPARAM_MIP_Limits_TreeMemory                   20000
Legacy callback                                  BbD
1 of 1 MIP starts provided solutions.
MIP start 'm1' defined initial solution with objective 8572.0000.
Tried aggregator 1 time.
MIP Presolve modified 264 coefficients.
Reduced MIP has 398 rows, 322 columns, and 1548 nonzeros.
Reduced MIP has 292 binaries, 0 generals, 0 SOSs, and 0 indicators.
Presolve time = 0.00 sec. (1.06 ticks)
Probing time = 0.00 sec. (0.46 ticks)
Tried aggregator 1 time.
Reduced MIP has 398 rows, 322 columns, and 1548 nonzeros.
Reduced MIP has 292 binaries, 0 generals, 0 SOSs, and 0 indicators.
Presolve time = 0.00 sec. (0.63 ticks)
Probing time = 0.00 sec. (0.48 ticks)
Clique table members: 180.
MIP emphasis: optimality.
MIP search method: traditional branch-and-cut.
Parallel mode: none, using 1 thread.
Root relaxation solution time = 0.00 sec. (0.71 ticks)

        Nodes                                         Cuts/
   Node  Left     Objective  IInf  Best Integer    Best Bound    ItCnt     Gap         Variable B NodeID Parent  Depth

*     0+    0                         8572.0000        0.0000           100.00%
      0     0     6224.4689    54     8572.0000     6224.4689       86   27.39%
      0     0     7226.0000    54     8572.0000      Cuts: 11      114   15.70%
      0     0     7226.8877    58     8572.0000       Cuts: 3      133   15.69%
      0     0     7227.0785    56     8572.0000   ZeroHalf: 3      142   15.69%
      0     0     7261.6877    52     8572.0000       Cuts: 2      157   15.29%
      0     0     7284.8877    52     8572.0000   ZeroHalf: 3      158   15.02%
      0     0     7304.3877    57     8572.0000       Cuts: 3      170   14.79%
      0     0     7348.4641    54     8572.0000   ZeroHalf: 4      186   14.27%
      0     0     7348.4641    59     8572.0000   ZeroHalf: 1      188   14.27%
      0     2     7348.4641    59     8572.0000     7374.9641      188   13.96%                        0             0
Elapsed time = 0.03 sec. (41.07 ticks, tree = 0.01 MB, solutions = 1)
    700   659     7622.4507    50     8572.0000     7605.6838     5493   11.27%   x(c11_3_c3_3) D    700    699     14
   1624  1518     7893.0713    38     8572.0000     7663.7928    15438   10.60%    x(c3_3_c2_3) U   1624     18     16
   2392  2231     7744.7500    31     8572.0000     7721.3361    25581    9.92%   x(c12_1_c3_1) D   2392   2391     12
   3190  2963     7777.5074    31     8572.0000     7761.3049    35612    9.46%    x(c3_3_c2_3) D   3190   3189     18
   3998  3665     8064.6133    50     8572.0000     7786.7500    44895    9.16%   x(c3_3_c12_3) U   3998   3997     16
   4586  4170     7853.5395    49     8572.0000     7826.3369    55816    8.70%    x(c3_3_c2_3) D   4586   1477     15
   5200  4678     8240.8076    54     8572.0000     7856.6205    65781    8.35%   x(c3_1_c11_1) D   5200   5199     26
   5929  5280     8171.0197    31     8572.0000     7881.0538    74807    8.06%    x(c5_1_c3_1) U   5929   2843     14
   6580  5790     7957.2755    39     8572.0000     7901.3031    84483    7.82%    x(c5_1_c3_1) U   6580    465     16
   9154  7809     8156.5139    27     8572.0000     7955.3535   121999    7.19%      x(Op_c5_3) D   9154   2803     17
Elapsed time = 1.62 sec. (3144.00 ticks, tree = 2.77 MB, solutions = 1)
  11608  9568     8070.6973    49     8572.0000     7997.1117   157629    6.71%   x(c12_3_c3_3) D  11608   3527     11
  13884 11127     8246.5828    51     8572.0000     8029.9055   193298    6.32%   x(c14_1_c5_1) D  13884  13775     17
  16140 12799     8059.0681    21     8572.0000     8057.6402   227885    6.00%    x(c8_1_c3_1) D  16140  16139     54
  18429 14408     8480.8380    45     8572.0000     8080.3268   260834    5.74%    x(c4_1_c6_1) D  18429  17724     31
  20462 15718     8457.7594    20     8572.0000     8101.5000   295872    5.49%   x(c8_1_c14_1) U  20462  10683     35
  22690 17135     8412.1992    22     8572.0000     8119.9628   329613    5.27%   x(c14_1_c8_1) U  22690  18559     44
  24804 18395     8254.9083    46     8572.0000     8136.7355   362328    5.08%   x(c12_1_c4_1) U  24804  17820     36
  26950 19614     8190.7868    34     8572.0000     8151.7331   393928    4.90%    x(c3_1_c5_1) D  26950  15834     17
  29142 20748     8451.1251    24     8572.0000     8166.0792   424733    4.74%    x(c5_1_c3_1) U  29142  10806      9
  31194 21779     8393.2942    28     8572.0000     8179.9621   455354    4.57%    x(c4_1_c5_1) D  31194  22666     31
Elapsed time = 6.51 sec. (12684.73 ticks, tree = 8.42 MB, solutions = 1)
  33255 22580     8532.0000    31     8572.0000     8193.0848   486397    4.42%     x(c14_1_Om) U  33255   2289     16
  35250 23395     8242.1000    43     8572.0000     8206.3230   519062    4.27%   x(c12_1_c3_1) D  35250  31100     23
  37304 24240     8219.0448    45     8572.0000     8219.0523   550568    4.12%   x(c14_3_c5_3) D  37304  35808     17
  39441 24993     8233.1774    32     8572.0000     8231.7825   580905    3.97%    x(c3_1_c6_1) N  39441  33901     20
  41546 25756     8383.4853    39     8572.0000     8243.3642   610003    3.83%    x(c3_1_c6_1) U  41546  41545     30
  43697 26559     8484.3531    30     8572.0000     8253.7847   639178    3.71%    x(c3_1_c6_1) U  43697  33901     20
  45789 27208     8332.0833    48     8572.0000     8264.0000   668157    3.59%    x(c3_3_c9_3) U  45789   5104     17
  47906 27893     8276.0163    31     8572.0000     8273.6768   697112    3.48%   x(c14_1_c5_1) D  47906  46709     20
  50004 28474     8415.6168    33     8572.0000     8282.2500   724150    3.38%    x(c3_1_c5_1) N  50004  42173     31
  52038 28900     8443.4558    36     8572.0000     8291.3196   752211    3.27%    x(c3_1_c6_1) U  52038  42169     27
Elapsed time = 11.06 sec. (22224.77 ticks, tree = 10.95 MB, solutions = 1)
  54050 29355    infeasible           8572.0000     8300.3628   780532    3.17%   x(c4_3_c12_3) U  54050  54048     21
  56120 29680        cutoff           8572.0000     8309.5511   807184    3.06%      x(Op_c3_1) U  56120  33134     30
  58185 30100     8374.0000    34     8572.0000     8318.0000   834136    2.96%    x(c3_1_c6_1) D  58185  58183     30
  60280 30525     8540.9148    43     8572.0000     8326.3259   860294    2.87%    x(c5_3_c2_3) N  60280   6487     20
  62320 30755     8340.5000    31     8572.0000     8334.0435   886427    2.78%    x(c4_1_c3_1) D  62320  53315     26
  64280 31058     8419.7500    22     8572.0000     8341.8333   912036    2.69%   x(c12_1_c3_1) D  64280  39875     13
  66261 31187     8412.0000    24     8572.0000     8349.0000   935644    2.60%    x(c4_1_c3_1) D  66261  58731     18
  68220 31343        cutoff           8572.0000     8356.0000   958252    2.52%   x(c4_3_c12_3) U  68220  20517     23
  70155 31429     8394.4725    41     8572.0000     8362.5152   981350    2.44%   x(c12_1_c3_1) N  70155  37022     21
  72155 31498        cutoff           8572.0000     8369.2501  1004511    2.37%   x(c8_1_c14_1) U  72155  72154     28
Elapsed time = 15.38 sec. (31764.74 ticks, tree = 11.98 MB, solutions = 1)
  74229 31541    infeasible           8572.0000     8376.0000  1026295    2.29%   x(c12_1_c4_1) N  74229  59439     19
  76246 31557    infeasible           8572.0000     8382.3802  1048301    2.21%   x(c4_1_c14_1) D  76246  67578     26
  78258 31532     8390.5000    27     8572.0000     8388.6667  1069156    2.14%    x(c3_1_c8_1) D  78258  74123     24
  80234 31413        cutoff           8572.0000     8394.7037  1089345    2.07%   x(c12_1_c3_1) U  80234  24941     14
  82210 31222     8456.6399    24     8572.0000     8400.4043  1109455    2.00%   x(c3_1_c12_1) U  82210  20538     17
  84170 31062     8406.1596    30     8572.0000     8406.1645  1128998    1.93%    x(c5_1_c3_1) D  84170  71163     27
  86105 30788     8450.3137    26     8572.0000     8412.0000  1148314    1.87%   x(c5_3_c12_3) D  86105  82186     21
  88154 30442        cutoff           8572.0000     8418.0000  1167586    1.80%    x(c3_3_c4_3) D  88154  75489     21
  90189 30158        cutoff           8572.0000     8423.7157  1186430    1.73%   x(c4_1_c14_1) U  90189  88099     28
  92242 29697        cutoff           8572.0000     8429.5705  1204435    1.66%    x(c4_1_c3_1) D  92242  41951     41
Elapsed time = 19.59 sec. (41304.61 ticks, tree = 11.49 MB, solutions = 1)
  94374 29261    infeasible           8572.0000     8435.1226  1222569    1.60%   x(c12_1_c4_1) D  94374  64223     33
  96484 28752     8450.5213    26     8572.0000     8440.8362  1240261    1.53%    x(c4_1_c3_1) U  96484  96483     24
  98639 28202    infeasible           8572.0000     8446.6247  1258869    1.46%    x(c4_1_c3_1) D  98639  65563     22
 100872 27567        cutoff           8572.0000     8452.6497  1276812    1.39%   x(c5_3_c12_3) D 100872  37176     23
 103073 26911     8477.1012    23     8572.0000     8458.2000  1294257    1.33%   x(c12_1_c3_1) N 103073  75721     26
 105282 26238     8478.5000    22     8572.0000     8463.5000  1311413    1.27%    x(c4_1_c3_1) D 105282 103608     23
 107477 25461        cutoff           8572.0000     8469.0000  1327850    1.20%    x(c3_3_c5_3) D 107477 103165     28
 109739 24646    infeasible           8572.0000     8474.6584  1344141    1.14%   x(c3_1_c12_1) D 109739 109738     14
 111930 23813        cutoff           8572.0000     8480.0000  1360321    1.07%    x(c5_1_c3_1) U 111930  83178     28
 114219 22801     8486.7306    43     8572.0000     8485.6274  1376541    1.01%   x(c5_3_c12_3) D 114219  57258     31
Elapsed time = 23.71 sec. (50843.63 ticks, tree = 9.20 MB, solutions = 1)
 116410 21765        cutoff           8572.0000     8491.0000  1391718    0.94%      x(c3_3_Om) U 116410  99034     24
 118668 20668     8496.6589    38     8572.0000     8496.1500  1406739    0.88%   x(c5_3_c12_3) D 118668  67994     30
 120989 19638    infeasible           8572.0000     8501.9421  1422029    0.82%    x(c3_1_c6_1) U 120989  95838     22
 123236 18528    infeasible           8572.0000     8507.2145  1436699    0.76%   x(c14_1_c5_1) D 123236 122693     38
 125484 17332     8513.3457    33     8572.0000     8512.5000  1450315    0.69%   x(c11_3_c5_3) D 125484  31416     15
 127670 16056    infeasible           8572.0000     8517.6148  1462980    0.63%   x(c12_1_c4_1) N 127670  74478     21
 129974 14620     8523.5359    11     8572.0000     8523.0372  1475956    0.57%    x(c3_2_c7_2) D 129974 129973     44
 132200 13240        cutoff           8572.0000     8528.0952  1487859    0.51%    x(c4_1_c3_1) U 132200  52308     17
 134501 11691        cutoff           8572.0000     8533.8090  1499124    0.45%   x(c12_1_c4_1) U 134501  81806     28
 136750 10022     8540.0556    41     8572.0000     8539.5000  1509490    0.38%   x(c12_1_c3_1) D 136750 129229     22
Elapsed time = 27.62 sec. (60382.62 ticks, tree = 4.83 MB, solutions = 1)
 138879  8378        cutoff           8572.0000     8544.6780  1519144    0.32%    x(c3_1_c6_1) U 138879 119894     25
 141014  6602        cutoff           8572.0000     8550.5035  1527698    0.25%    x(c3_1_c6_1) U 141014 129443     32
 143104  4773    infeasible           8572.0000     8556.2222  1535696    0.18%    x(c5_3_c4_3) N 143104 138007     27
 145375  2661        cutoff           8572.0000     8562.8000  1542686    0.11%    x(c3_1_c8_1) U 145375  81666     26
 147756   364        cutoff           8572.0000     8569.8720  1548735    0.02%    x(c6_1_c3_1) D 147756 115725     27

Clique cuts applied:  9
Cover cuts applied:  274
Mixed integer rounding cuts applied:  24
Zero-half cuts applied:  8
Gomory fractional cuts applied:  3

Root node processing (before b&c):
  Real time             =    0.03 sec. (41.12 ticks)
Sequential b&c:
  Real time             =   29.54 sec. (65489.19 ticks)
                          ------------
Total (root+branch&cut) =   29.58 sec. (65530.31 ticks)

