Version identifier: 22.1.0.0 | 2022-03-09 | 1a383f8ce
CPXPARAM_Preprocessing_Reduce                    1
CPXPARAM_Preprocessing_Reformulations            0
CPXPARAM_Emphasis_MIP                            2
CPXPARAM_TimeLimit                               7200
CPXPARAM_MIP_Tolerances_AbsMIPGap                0.98999999999999999
CPXPARAM_MIP_Limits_TreeMemory                   20000
Legacy callback                                  BbD
1 of 1 MIP starts provided solutions.
MIP start 'm1' defined initial solution with objective 8508.0000.
Tried aggregator 1 time.
MIP Presolve modified 264 coefficients.
Reduced MIP has 398 rows, 322 columns, and 1548 nonzeros.
Reduced MIP has 292 binaries, 0 generals, 0 SOSs, and 0 indicators.
Presolve time = 0.00 sec. (1.06 ticks)
Probing time = 0.00 sec. (0.46 ticks)
Tried aggregator 1 time.
Reduced MIP has 398 rows, 322 columns, and 1548 nonzeros.
Reduced MIP has 292 binaries, 0 generals, 0 SOSs, and 0 indicators.
Presolve time = 0.00 sec. (0.63 ticks)
Probing time = 0.00 sec. (0.48 ticks)
Clique table members: 180.
MIP emphasis: optimality.
MIP search method: traditional branch-and-cut.
Parallel mode: none, using 1 thread.
Root relaxation solution time = 0.00 sec. (0.71 ticks)

        Nodes                                         Cuts/
   Node  Left     Objective  IInf  Best Integer    Best Bound    ItCnt     Gap         Variable B NodeID Parent  Depth

*     0+    0                         8508.0000        0.0000           100.00%
      0     0     6224.4689    54     8508.0000     6224.4689       86   26.84%
      0     0     7226.0000    54     8508.0000      Cuts: 11      111   15.07%
      0     0     7226.8968    57     8508.0000       Cuts: 3      137   15.06%
      0     0     7263.3060    61     8508.0000       Cuts: 2      149   14.63%
      0     0     7287.7060    60     8508.0000       Cuts: 3      153   14.34%
      0     0     7304.2060    62     8508.0000   ZeroHalf: 2      155   14.15%
      0     0     7333.2060    62     8508.0000   ZeroHalf: 1      160   13.81%
      0     0     7333.2060    64     8508.0000   ZeroHalf: 2      161   13.81%
      0     0     7385.0651    62     8508.0000   ZeroHalf: 1      167   13.20%
      0     0     7397.2060    62     8508.0000    Cliques: 1      169   13.06%
      0     0     7400.7060    59     8508.0000       Cuts: 4      185   13.01%
      0     0     7400.7060    59     8508.0000   ZeroHalf: 2      187   13.01%
      0     2     7400.7060    51     8508.0000     7400.9064      187   13.01%                        0             0
Elapsed time = 0.03 sec. (47.46 ticks, tree = 0.01 MB, solutions = 1)
    614   577     7763.7605    23     8508.0000     7625.0059     5576   10.38%  x(c13_2_c11_2) D    614    613     17
   1682  1587     7682.2032    30     8508.0000     7675.3842    12414    9.79%   x(c10_1_c6_1) D   1682   1681     31
   2704  2459     7746.6839    36     8508.0000     7747.6190    20738    8.94%   x(c12_1_c4_1) D   2704   2216     14
   3642  3277     7918.6749    41     8508.0000     7792.5733    28191    8.41%  x(c13_2_c12_2) U   3642   3641     11
   4709  4121     7820.0479    47     8508.0000     7820.1267    35205    8.09%    x(c3_1_c8_1) D   4709   3589     20
   5848  5074     8377.6470    33     8508.0000     7839.4982    41516    7.86%      x(c3_1_Om) U   5848   4931     22
   6972  5900     7857.0924    35     8508.0000     7855.7604    48089    7.67%   x(c6_1_c14_1) D   6972   6971     20
   8024  6629        cutoff           8508.0000     7870.9700    54787    7.49%    x(c5_1_c9_1) D   8024   7523     36
   9066  7318     8452.2231    42     8508.0000     7883.2965    61870    7.34%  x(c12_1_c11_1) U   9066   7699     18
  13081  9811     8017.1382    29     8508.0000     7931.8969    88390    6.77%   x(c12_1_c5_1) D  13081  13079     14
Elapsed time = 1.65 sec. (3148.01 ticks, tree = 3.71 MB, solutions = 1)
  16911 11869     7977.6429    49     8508.0000     7975.5913   114924    6.26%   x(c5_1_c11_1) D  16911  16910     22
  21019 13602     8325.7700    37     8508.0000     8013.0483   143382    5.82%   x(c3_1_c10_1) U  21019   1468     40
  25309 15091        cutoff           8508.0000     8043.6190   170612    5.46%   x(c9_1_c14_1) U  25309  23578     23
  29600 16310     8075.1374    49     8508.0000     8071.6016   196018    5.13%      x(c5_1_Om) D  29600  29599     31
  33742 17534     8194.1173    36     8508.0000     8096.4701   221966    4.84%  x(c13_2_c12_2) U  33742  18830     11
  37820 18539     8128.3538    40     8508.0000     8120.8665   247605    4.55%   x(c3_1_c11_1) D  37820  35399     32
  41696 19469        cutoff           8508.0000     8145.0000   272561    4.27%      x(c6_1_Om) U  41696   8768     20
  45483 19919        cutoff           8508.0000     8167.9782   296783    4.00%    x(c4_1_c5_1) U  45483  13361     27
  49233 20221     8204.1830    34     8508.0000     8191.7979   321362    3.72%  x(c12_2_c14_2) D  49233  19430     22
  52888 20536     8262.2704    20     8508.0000     8213.1385   345442    3.47%    x(c2_2_c8_2) D  52888  52887     31
Elapsed time = 6.32 sec. (12687.79 ticks, tree = 7.88 MB, solutions = 1)
  56264 20837    infeasible           8508.0000     8232.9680   368303    3.23%    x(c6_1_c3_1) U  56264  56263     30
  59739 21282     8249.7950    29     8508.0000     8249.6186   391209    3.04%   x(c13_2_c9_2) D  59739  59738     49
  63116 21911     8303.4721    35     8508.0000     8263.2293   415280    2.88%   x(c12_1_c3_1) D  63116  37755     16
  66521 22594        cutoff           8508.0000     8275.3651   437614    2.73%    x(c3_1_c8_1) U  66521  65623     24
  69847 23305     8330.4153    24     8508.0000     8286.0000   460765    2.61%   x(c13_2_c5_2) U  69847  64765     31
  73084 24099     8332.8243    28     8508.0000     8295.7472   484613    2.49%   x(c10_1_c3_1) D  73084  66080     30
  76294 24860    infeasible           8508.0000     8304.3558   508253    2.39%    x(c6_1_c3_1) D  76294  54019     15
  79273 25462     8312.7509    27     8508.0000     8312.7525   531498    2.29%   x(c14_1_c5_1) D  79273  78340     14
  82170 25945     8334.0487    22     8508.0000     8321.0822   555610    2.20%    x(c6_1_c3_1) D  82170  61303     16
  85011 26297     8403.4153    21     8508.0000     8329.0528   580441    2.10%   x(c13_2_c5_2) U  85011  70787     33
Elapsed time = 11.07 sec. (22226.53 ticks, tree = 9.90 MB, solutions = 1)
  87773 26597     8376.2639    32     8508.0000     8336.8799   604556    2.01%   x(c5_2_c13_2) N  87773  85660     23
  90437 26810     8352.5224    41     8508.0000     8344.5587   628892    1.92%  x(c12_1_c14_1) D  90437  58592     18
  93154 26974    infeasible           8508.0000     8352.3240   652579    1.83%    x(c3_1_c5_1) U  93154  47339     13
  95782 27117     8420.8687    35     8508.0000     8359.6097   675884    1.74%   x(c14_2_c7_2) U  95782  62538     38
  98514 27325     8416.5000    24     8508.0000     8366.5000   699246    1.66%   x(c7_2_c12_2) U  98514  71105     20
 101220 27473     8373.9597    46     8508.0000     8373.1360   723043    1.59%   x(c12_2_c7_2) N 101220 100406     23
 103856 27524     8432.1717    30     8508.0000     8379.5000   746219    1.51%  x(c14_2_c12_2) U 103856  91099     23
 106522 27659     8484.1667    26     8508.0000     8385.5000   770310    1.44%   x(c14_2_c7_2) U 106522  90661     27
 109117 27604     8418.9803    16     8508.0000     8391.7937   793423    1.37%  x(c12_3_c14_3) U 109117 109116     40
 111673 27575        cutoff           8508.0000     8397.5000   816246    1.30%   x(c2_3_c14_3) U 111673  98267     32
Elapsed time = 15.58 sec. (31767.22 ticks, tree = 10.50 MB, solutions = 1)
 114150 27492     8436.1862    45     8508.0000     8402.8587   837575    1.24%   x(c3_3_c12_3) D 114150 110683     33
 116771 27345        cutoff           8508.0000     8408.0388   858270    1.17%    x(c4_1_c5_1) U 116771  73140     31
 119445 27249     8413.2899    43     8508.0000     8412.6990   878946    1.12%    x(c5_1_c8_1) D 119445 117733     28
 122030 27062        cutoff           8508.0000     8417.2500   898775    1.07%   x(c7_2_c14_2) D 122030  83050     29
 124645 26828     8425.5881    38     8508.0000     8421.9602   918990    1.01%   x(c7_2_c12_2) D 124645 124644     41
 127236 26567     8426.4340    37     8508.0000     8426.2335   937719    0.96%   x(c4_1_c10_1) D 127236 127235     41
 129845 26218        cutoff           8508.0000     8430.4902   955921    0.91%      x(Op_c3_1) D 129845  68474     49
 132493 25743     8434.7500    27     8508.0000     8434.7500   974638    0.86%  x(c12_1_c14_1) D 132493 115746     20
 135074 25177        cutoff           8508.0000     8439.1667   992565    0.81%   x(c7_2_c12_2) U 135074 135072     38
 137683 24566     8487.8212    27     8508.0000     8443.2773  1010448    0.76%    x(c3_2_c5_2) D 137683  17734     21
Elapsed time = 20.09 sec. (41305.80 ticks, tree = 9.61 MB, solutions = 1)
 140442 24011     8463.0617    34     8508.0000     8447.1709  1028598    0.71%    x(c3_2_c7_2) D 140442 116179     44
 143091 23219     8452.1697    28     8508.0000     8451.0000  1044865    0.67%    x(c4_1_c3_1) U 143091 116501     26
 145597 22477     8492.7735    26     8508.0000     8454.8333  1060550    0.62%   x(c13_2_c3_2) N 145597 137420     26
 148157 21588        cutoff           8508.0000     8458.5000  1076208    0.58%   x(c5_3_c14_3) U 148157 131964     32
 150897 20587     8476.7573    27     8508.0000     8462.2466  1092492    0.54%  x(c13_2_c11_2) N 150897 149061     24
 153537 19620     8490.1238    25     8508.0000     8465.6276  1107477    0.50%   x(c3_3_c12_3) D 153537 152018     34
 156014 18610     8482.4124    26     8508.0000     8468.7721  1121306    0.46%      x(c3_1_Om) N 156014 143479     24
 158615 17297     8482.5833    40     8508.0000     8472.2500  1134747    0.42%    x(c5_2_c3_2) D 158615  98340     34
 161349 15744        cutoff           8508.0000     8476.0000  1148473    0.38%   x(c5_2_c14_2) U 161349 161347     26
 163851 14183    infeasible           8508.0000     8479.5258  1160802    0.33%  x(c12_2_c14_2) D 163851 162534     25
Elapsed time = 24.41 sec. (50845.25 ticks, tree = 6.16 MB, solutions = 1)
 166520 12536        cutoff           8508.0000     8483.0000  1173034    0.29%    x(c3_1_c9_1) U 166520 136901     41
 168967 10861     8489.3419    21     8508.0000     8486.3886  1184420    0.25%      x(Op_c3_1) N 168967 156769     39
 171525  8998     8490.0000    35     8508.0000     8490.0000  1195369    0.21%  x(c14_2_c12_2) N 171525 147162     38
 173909  7112     8494.2224    27     8508.0000     8493.5667  1205008    0.17%   x(c14_2_c5_2) N 173909 103519     20
 176377  5093     8497.5000    24     8508.0000     8497.5000  1214387    0.12%  x(c13_2_c12_2) N 176377 116003     36
 178893  2923        cutoff           8508.0000     8501.7000  1223007    0.07%     x(c11_2_Om) D 178893 167329     28
 181490   484        cutoff           8508.0000     8506.2075  1230460    0.02%    x(c3_1_c5_1) U 181490  43027     14

Clique cuts applied:  10
Cover cuts applied:  168
Mixed integer rounding cuts applied:  17
Zero-half cuts applied:  5
Gomory fractional cuts applied:  3

Root node processing (before b&c):
  Real time             =    0.03 sec. (47.50 ticks)
Sequential b&c:
  Real time             =   27.49 sec. (57909.81 ticks)
                          ------------
Total (root+branch&cut) =   27.52 sec. (57957.31 ticks)

