Version identifier: 22.1.0.0 | 2022-03-09 | 1a383f8ce
CPXPARAM_Preprocessing_Reduce                    1
CPXPARAM_Preprocessing_Reformulations            0
CPXPARAM_Emphasis_MIP                            2
CPXPARAM_TimeLimit                               7200
CPXPARAM_MIP_Tolerances_AbsMIPGap                0.98999999999999999
CPXPARAM_MIP_Limits_TreeMemory                   20000
Legacy callback                                  BbD
1 of 1 MIP starts provided solutions.
MIP start 'm1' defined initial solution with objective 7328.0000.
Tried aggregator 1 time.
MIP Presolve modified 121 coefficients.
Reduced MIP has 206 rows, 161 columns, and 744 nonzeros.
Reduced MIP has 140 binaries, 0 generals, 0 SOSs, and 0 indicators.
Presolve time = 0.00 sec. (0.48 ticks)
Probing time = 0.00 sec. (0.18 ticks)
Tried aggregator 1 time.
Reduced MIP has 206 rows, 161 columns, and 744 nonzeros.
Reduced MIP has 140 binaries, 0 generals, 0 SOSs, and 0 indicators.
Presolve time = 0.00 sec. (0.28 ticks)
Probing time = 0.00 sec. (0.19 ticks)
Clique table members: 95.
MIP emphasis: optimality.
MIP search method: traditional branch-and-cut.
Parallel mode: none, using 1 thread.
Root relaxation solution time = 0.00 sec. (0.37 ticks)

        Nodes                                         Cuts/
   Node  Left     Objective  IInf  Best Integer    Best Bound    ItCnt     Gap         Variable B NodeID Parent  Depth

*     0+    0                         7328.0000        0.0000           100.00%
      0     0     5819.3055    36     7328.0000     5819.3055       55   20.59%
      0     0     6330.0000    34     7328.0000       Cuts: 7       74   13.62%
      0     0     6330.3637    36     7328.0000       Cuts: 2       84   13.61%
      0     0     6352.5000    32     7328.0000     Covers: 1       91   13.31%
      0     2     6352.5000    32     7328.0000     6375.0000       91   13.00%                        0             0
Elapsed time = 0.01 sec. (11.59 ticks, tree = 0.01 MB, solutions = 1)
   1434   710     7088.8257    18     7328.0000     7083.5000    12515    3.34%    x(c6_1_c7_1) U   1434   1300     16
   3227   282        cutoff           7328.0000     7256.2721    22197    0.98%    x(c3_1_c6_1) D   3227   2281     20

Clique cuts applied:  6
Cover cuts applied:  59
Mixed integer rounding cuts applied:  3
Multi commodity flow cuts applied:  1
Gomory fractional cuts applied:  1

Root node processing (before b&c):
  Real time             =    0.01 sec. (11.59 ticks)
Sequential b&c:
  Real time             =    0.30 sec. (519.37 ticks)
                          ------------
Total (root+branch&cut) =    0.31 sec. (530.96 ticks)

