Version identifier: 22.1.0.0 | 2022-03-09 | 1a383f8ce
CPXPARAM_Preprocessing_Reduce                    1
CPXPARAM_Preprocessing_Reformulations            0
CPXPARAM_Emphasis_MIP                            2
CPXPARAM_TimeLimit                               7200
CPXPARAM_MIP_Tolerances_AbsMIPGap                0.98999999999999999
CPXPARAM_MIP_Limits_TreeMemory                   20000
Legacy callback                                  BbD
1 of 1 MIP starts provided solutions.
MIP start 'm1' defined initial solution with objective 19668.0000.
Tried aggregator 1 time.
MIP Presolve modified 342 coefficients.
Reduced MIP has 492 rows, 408 columns, and 1966 nonzeros.
Reduced MIP has 374 binaries, 0 generals, 0 SOSs, and 0 indicators.
Presolve time = 0.00 sec. (1.35 ticks)
Probing time = 0.00 sec. (0.63 ticks)
Tried aggregator 1 time.
Reduced MIP has 492 rows, 408 columns, and 1966 nonzeros.
Reduced MIP has 374 binaries, 0 generals, 0 SOSs, and 0 indicators.
Presolve time = 0.00 sec. (0.83 ticks)
Probing time = 0.00 sec. (0.64 ticks)
Clique table members: 225.
MIP emphasis: optimality.
MIP search method: traditional branch-and-cut.
Parallel mode: none, using 1 thread.
Root relaxation solution time = 0.00 sec. (0.74 ticks)

        Nodes                                         Cuts/
   Node  Left     Objective  IInf  Best Integer    Best Bound    ItCnt     Gap         Variable B NodeID Parent  Depth

*     0+    0                        19668.0000        0.0000           100.00%
      0     0    16671.2980    65    19668.0000    16671.2980       68   15.24%
      0     0    17645.0000    66    19668.0000      Cuts: 14       98   10.29%
      0     0    17645.0000    66    19668.0000     Covers: 1      102   10.29%
      0     0    17645.3435    44    19668.0000     Covers: 1      109   10.28%
      0     0    17645.4282    49    19668.0000       Cuts: 2      116   10.28%
      0     2    17645.4282    49    19668.0000    17645.4282      116   10.28%                        0             0
Elapsed time = 0.03 sec. (38.44 ticks, tree = 0.01 MB, solutions = 1)
    416   388    18299.1157    56    19668.0000    17965.7117     4436    8.66%   x(c5_3_c11_3) U    416    284      6
    980   910    18599.4458    21    19668.0000    18092.0000    12084    8.01%     x(c14_1_Om) U    980    490     12
   1632  1523    18221.7792    39    19668.0000    18190.9881    19839    7.51%   x(c15_2_c7_2) D   1632    596     16
   2323  2135    18529.2345    26    19668.0000    18257.4117    27450    7.17%   x(c14_1_c9_1) U   2323    676     13
   2935  2690    18307.3869    36    19668.0000    18303.1379    35303    6.94%  x(c14_1_c16_1) D   2935   2934     28
   3568  3254    18461.5714    36    19668.0000    18340.1935    43197    6.75%  x(c11_1_c14_1) D   3568   2450     13
   4278  3862    18378.7471    27    19668.0000    18374.6106    50271    6.58%   x(c11_1_c4_1) D   4278   4277     26
   4871  4381    18852.5605    33    19668.0000    18402.1667    58143    6.44%   x(c5_2_c15_2) D   4871   1899     57
   5545  4975    18960.3536    42    19668.0000    18427.1433    65047    6.31%   x(c11_2_c6_2) U   5545   4643     14
   8203  7294    18515.2377    57    19668.0000    18505.8029    93309    5.91%   x(c3_1_c10_1) D   8203   8202     14
Elapsed time = 1.52 sec. (3139.62 ticks, tree = 2.91 MB, solutions = 1)
  10589  9201    18559.4028    64    19668.0000    18557.2703   122446    5.65%    x(c3_1_c9_1) D  10589   8352     17
  12971 11192    18685.8288    45    19668.0000    18602.1814   149774    5.42%  x(c14_1_c16_1) U  12971   3935     14
  15218 12908    18657.0613    44    19668.0000    18643.0847   177148    5.21%  x(c15_1_c10_1) D  15218  12084     16
  17533 14687    18682.6691    26    19668.0000    18682.6808   205153    5.01%   x(c16_1_c6_1) D  17533  15639     22
  20070 16627    18724.1615    53    19668.0000    18713.9688   231559    4.85%    x(c9_1_c2_1) D  20070  20069     26
  22573 18575    18891.5127    26    19668.0000    18738.6882   256988    4.72%  x(c10_1_c11_1) D  22573  22571     25
  25090 20420    18761.3665    47    19668.0000    18760.6667   281168    4.61%  x(c15_1_c16_1) D  25090  23432     48
  27285 21622    19520.6343    65    19668.0000    18777.3432   306410    4.53%     x(Op_c15_1) U  27285  17450     32
  29460 22996    19056.0000    40    19668.0000    18796.0144   331361    4.43%  x(c10_3_c14_3) U  29460   2806     34
  31620 24434    18955.0791    31    19668.0000    18815.8055   356073    4.33%   x(c2_1_c16_1) U  31620  19443     28
Elapsed time = 5.86 sec. (12679.02 ticks, tree = 10.24 MB, solutions = 1)
  33678 25766    18873.4573    39    19668.0000    18833.6635   379787    4.24%    x(c6_2_c7_2) D  33678  33676     22
  35730 27180    18850.8980    32    19668.0000    18850.9036   403067    4.15%   x(c5_2_c15_2) U  35730  29860     14
  37821 28478    18910.0000    28    19668.0000    18866.5000   425783    4.08%  x(c15_1_c11_1) U  37821  21203     15
  39839 29457    19064.6801    43    19668.0000    18878.6986   448812    4.01%   x(c5_2_c15_2) D  39839  36745     16
  41914 30869    18937.0549    26    19668.0000    18891.8091   471552    3.95%   x(c6_2_c15_2) D  41914  37057     26
  44043 32306    19098.6667    39    19668.0000    18904.6705   493150    3.88%   x(c15_2_c7_2) U  44043  44042     17
  46092 33611    19108.9724    31    19668.0000    18916.0000   514827    3.82%     x(c14_1_Om) U  46092  26603     11
  48001 34580    18962.0225    54    19668.0000    18925.0282   537022    3.78%   x(c5_2_c15_2) U  48001  38589     20
  49999 35879        cutoff          19668.0000    18935.7188   559072    3.72%   x(c4_1_c15_1) U  49999  20270     35
  51960 37188    18950.1366    33    19668.0000    18945.5000   580992    3.67%  x(c11_2_c15_2) U  51960  44265     18
Elapsed time = 10.06 sec. (22217.81 ticks, tree = 16.51 MB, solutions = 1)
  53870 38362    18966.0989    42    19668.0000    18955.0809   602875    3.62%   x(c9_1_c16_1) D  53870  40971     18
  55740 39467    19110.0176    28    19668.0000    18964.6250   623909    3.58%   x(c16_1_c4_1) U  55740  55739     29
  57597 40593    18991.3284    50    19668.0000    18973.3961   645343    3.53%   x(c15_1_c4_1) D  57597  57596     32
  59316 41631    18986.4980    59    19668.0000    18981.5849   667205    3.49%     x(c16_2_Om) D  59316  59314     32
  61054 42722        cutoff          19668.0000    18989.7736   689338    3.45%   x(c3_1_c15_1) U  61054  61052     20
  62800 43675    18996.7556    30    19668.0000    18996.7680   710666    3.41%     x(c16_2_Om) U  62800  59701     27
  64529 44774        cutoff          19668.0000    19003.8238   732051    3.38%   x(c4_1_c10_1) U  64529  64527     25
  66164 45751    19057.1603    41    19668.0000    19011.1035   753642    3.34%    x(c7_2_c9_2) U  66164  62946     29
  67805 46663    19027.0868    43    19668.0000    19018.3938   774338    3.30%  x(c16_1_c15_1) D  67805  67804     48
  69443 47233    19353.0000    43    19668.0000    19024.2751   795536    3.27%    x(c3_1_c4_1) U  69443  32460     29
Elapsed time = 14.11 sec. (31757.26 ticks, tree = 20.47 MB, solutions = 1)
  71068 48142    19125.4662    25    19668.0000    19031.0000   815636    3.24%    x(c9_1_c6_1) U  71068  42653     13
  72697 49062    19227.4985    33    19668.0000    19038.0000   835476    3.20%  x(c16_1_c10_1) D  72697  30749     21
  74243 49940    19082.6667    52    19668.0000    19044.5025   855841    3.17%   x(c14_1_c9_1) D  74243  41525     20
  75810 50815    19135.7069    37    19668.0000    19050.8837   875860    3.14%  x(c13_3_c14_3) D  75810  70343     34
  77353 51613    19096.8165    43    19668.0000    19057.0704   895194    3.11%   x(c6_2_c11_2) N  77353  72696     17
  78866 52477    19141.0519    55    19668.0000    19062.9595   915653    3.08%     x(c14_1_Om) N  78866   8461     22
  80327 53260    19458.9368    43    19668.0000    19068.7630   935996    3.05%   x(c15_1_c9_1) U  80327  80325     14
  81782 54022    19658.9046    12    19668.0000    19074.5435   956049    3.02%   x(c12_2_c4_2) U  81782  74777     28
  83267 54801    19322.6706    50    19668.0000    19079.9323   975806    2.99%   x(c14_1_c4_1) U  83267  17187     14
  84681 55549        cutoff          19668.0000    19085.3040   995539    2.96%   x(c6_2_c11_2) D  84681   2648     17
Elapsed time = 18.01 sec. (41300.64 ticks, tree = 23.87 MB, solutions = 1)
  86098 56321    19474.3425    52    19668.0000    19090.3970  1015507    2.94%   x(c6_2_c11_2) U  86098  75895     22
  87499 57066        cutoff          19668.0000    19095.7490  1035393    2.91%    x(c9_1_c2_1) U  87499  86970     23
  88912 57826    19485.4964    41    19668.0000    19100.6028  1054518    2.88%    x(c5_2_c6_2) U  88912  88909     44
  90281 58513    19496.0000    41    19668.0000    19105.6470  1074140    2.86%    x(c6_2_c7_2) U  90281  90280     32
  91718 59254    infeasible          19668.0000    19110.7468  1092713    2.83%   x(c15_1_c9_1) U  91718  21702     13
  93104 59970    19458.8054    56    19668.0000    19115.3601  1111118    2.81%   x(c11_2_c5_2) D  93104  56158     21
  94480 60725        cutoff          19668.0000    19119.9525  1129409    2.79%   x(c11_2_c5_2) D  94480  53134     18
  95876 61476    19152.1202    57    19668.0000    19124.6271  1148125    2.76%   x(c4_1_c10_1) D  95876  71251     38
  97250 62219        cutoff          19668.0000    19129.0758  1166295    2.74%   x(c3_1_c14_1) U  97250  67016     16
  98626 62938    19363.1927    51    19668.0000    19133.5087  1184762    2.72%     x(Op_c14_1) D  98626  67716     22
Elapsed time = 21.84 sec. (50842.35 ticks, tree = 26.97 MB, solutions = 1)
 100000 63621    19143.1723    28    19668.0000    19137.8323  1202907    2.70%   x(c15_2_c7_2) D 100000  99999     39
 101409 64325        cutoff          19668.0000    19142.1667  1221187    2.67%     x(c12_2_Om) U 101409  90753     25
 102748 65028    19228.6026    38    19668.0000    19146.4480  1239523    2.65%   x(c7_2_c11_2) D 102748   6709     19
 104120 65734    19616.3412    38    19668.0000    19150.3810  1257645    2.63%   x(c11_2_c6_2) U 104120  38335     46
 105499 66464    19514.4610    46    19668.0000    19154.3496  1275476    2.61%    x(c6_2_c7_2) U 105499  75130     28
 106897 67168    19181.8333    18    19668.0000    19158.2500  1292993    2.59%   x(c11_2_c6_2) U 106897  24415     19
 108233 67806        cutoff          19668.0000    19162.2141  1310478    2.57%   x(c16_1_c9_1) U 108233  85516     34
 109655 68461    19186.7295    41    19668.0000    19166.2348  1328140    2.55%  x(c11_2_c12_2) D 109655 109654     29
 111097 69137    19187.0541    42    19668.0000    19170.1667  1346711    2.53%   x(c14_1_c9_1) D 111097 111096     18
 112511 69790    19292.5714    27    19668.0000    19174.0000  1365370    2.51%  x(c11_2_c15_2) D 112511  89664     31
Elapsed time = 25.66 sec. (60386.27 ticks, tree = 32.72 MB, solutions = 1)
 113923 70479    19180.2129    33    19668.0000    19177.8333  1384064    2.49%   x(c7_2_c16_2) D 113923 110993     24
 115337 71144    19183.8759    24    19668.0000    19181.6575  1402300    2.47%     x(c15_1_Om) D 115337  36564     20
 116767 71834    19185.3007    26    19668.0000    19185.3044  1420239    2.45%   x(c15_2_c4_2) D 116767 112045     36
 118199 72515    19279.2193    56    19668.0000    19189.0374  1438091    2.44%  x(c14_1_c16_1) U 118199  16105     17
 119596 73188    19368.8555    39    19668.0000    19192.4330  1455904    2.42%   x(c7_2_c11_2) U 119596  12229     26
 120996 73891    19195.9167    27    19668.0000    19195.9272  1473611    2.40%   x(c12_2_c7_2) D 120996 118656     34
 122410 74574        cutoff          19668.0000    19199.3723  1490795    2.38%   x(c6_2_c11_2) D 122410  86916     27
 123817 75238    19255.9131    35    19668.0000    19202.5300  1508161    2.37%  x(c11_2_c12_2) D 123817 105454     22
 125227 75938    19211.9347    51    19668.0000    19205.6800  1525689    2.35%   x(c12_2_c6_2) D 125227 117610     26
 126696 76568    19435.3674    49    19668.0000    19208.8179  1542260    2.33%   x(c16_1_c4_1) U 126696  41390     15
Elapsed time = 29.36 sec. (69925.52 ticks, tree = 35.66 MB, solutions = 1)
 128127 77162    19362.2652    48    19668.0000    19211.9313  1558496    2.32%   x(c6_2_c15_2) N 128127  99394     24
 129530 77753    19281.6854    29    19668.0000    19214.8548  1575111    2.30%    x(c5_2_c7_2) U 129530  82207     19
 130958 78362    19218.0181    40    19668.0000    19218.0207  1591808    2.29%      x(c7_2_Om) D 130958 104133     22
 132364 78967    19619.6708    41    19668.0000    19221.1382  1608365    2.27%   x(c6_2_c15_2) D 132364  63426     38
 133755 79517        cutoff          19668.0000    19224.0760  1625783    2.26%   x(c6_2_c11_2) U 133755  84279     18
 135145 80053    19281.3333    19    19668.0000    19227.0417  1642278    2.24%   x(c8_2_c15_2) U 135145 130895     35
 136456 80577    19499.6114    17    19668.0000    19230.0000  1658537    2.23%    x(c5_2_c9_2) U 136456  71361     24
 137840 81184    19350.4991    38    19668.0000    19233.0000  1675308    2.21%    x(c7_2_c9_2) D 137840  93208     18
 139252 81808    19236.7239    41    19668.0000    19236.0064  1691243    2.20%    x(c6_2_c5_2) U 139252 139251     26
 140646 82414    19473.9526    57    19668.0000    19238.8261  1707931    2.18%   x(c9_1_c15_1) D 140646  70676     15
Elapsed time = 33.00 sec. (79467.37 ticks, tree = 38.25 MB, solutions = 1)
 142049 83033    19290.4022    34    19668.0000    19241.6469  1724315    2.17%  x(c14_1_c10_1) D 142049  66286     26
 143386 83567    19355.2374    50    19668.0000    19244.3881  1741192    2.15%    x(c5_2_c6_2) D 143386  79337     23
 144804 84124    19329.0000    30    19668.0000    19247.0000  1756936    2.14%   x(c15_3_c6_3) D 144804 121655     32
 146169 84697    19273.3000    47    19668.0000    19249.5000  1773422    2.13%   x(c6_2_c16_2) D 146169 140156     34
 147518 85255    19345.3056    53    19668.0000    19252.2500  1790200    2.11%   x(c12_2_c6_2) D 147518 108389     31
 148847 85790    19326.2500    41    19668.0000    19254.7500  1806318    2.10%   x(c16_2_c6_2) D 148847 148845     33
 150177 86269        cutoff          19668.0000    19257.3194  1822286    2.09%    x(c6_1_c9_1) D 150177  48340     25
 151535 86818    19511.4082    23    19668.0000    19259.8549  1838884    2.08%  x(c12_2_c11_2) U 151535  99042     28
 152886 87323        cutoff          19668.0000    19262.4212  1854141    2.06%   x(c11_2_c5_2) D 152886  83387     20
 158308 89354    19281.1789    54    19668.0000    19272.3704  1917395    2.01%   x(c4_1_c16_1) U 158308  96216     36
Elapsed time = 37.70 sec. (91869.63 ticks, tree = 41.34 MB, solutions = 1)
 163699 91367    19468.0767    56    19668.0000    19281.7596  1980224    1.96%     x(c15_1_Om) U 163699  72326     21
 169077 93306    19602.3272    53    19668.0000    19290.9135  2041092    1.92%  x(c12_2_c16_2) U 169077 135000     26
 174511 95260    19616.4718    49    19668.0000    19299.6122  2101706    1.87%   x(c15_1_c4_1) U 174511  42535     19
 179844 97156    19336.2375    45    19668.0000    19307.7383  2161016    1.83%   x(c7_2_c15_2) D 179844 179842     23
 185229 99039    19614.3899    22    19668.0000    19315.5000  2218489    1.79%   x(c12_2_c7_2) U 185229 147218     29
 190401 100828    19336.6235    41    19668.0000    19322.7925  2272965    1.76%   x(c15_3_c6_3) D 190401 173667     19
 195541 102520        cutoff          19668.0000    19329.6826  2326446    1.72%   x(c11_1_c4_1) U 195541 123622     19
 200680 104177    19365.7274    22    19668.0000    19336.4667  2380300    1.69%    x(c9_2_c6_2) N 200680 200272     14
 205682 105490    19450.9004    43    19668.0000    19342.7586  2432354    1.65%   x(c4_1_c16_1) D 205682   7798     42
 210698 106864    19417.2500    35    19668.0000    19349.0000  2484342    1.62%   x(c12_2_c7_2) D 210698 196258     30
Elapsed time = 51.69 sec. (130019.44 ticks, tree = 49.27 MB, solutions = 1)
 215657 108245    19549.9874    22    19668.0000    19355.0325  2535705    1.59%  x(c10_1_c15_1) U 215657  86200     34
 220608 109582    19545.8578    24    19668.0000    19360.8365  2586194    1.56%   x(c11_2_c5_2) U 220608 130099     20
 225536 110748    19386.7061    38    19668.0000    19366.5396  2635807    1.53%   x(c11_2_c5_2) U 225536 102304     32
 230414 111866    19399.7313    54    19668.0000    19372.4004  2685630    1.50%   x(c11_2_c6_2) D 230414 205768     19
 235280 112802    19438.0000    20    19668.0000    19378.0000  2734184    1.47%    x(c5_2_c7_2) N 235280 235278     51
 240230 113719    19562.9800    24    19668.0000    19383.4217  2781308    1.45%   x(c14_3_c5_3) D 240230 196059     35
 245025 114655    infeasible          19668.0000    19388.8991  2829377    1.42%   x(c15_3_c6_3) U 245025  86298     31
 249826 115478    19418.5000    42    19668.0000    19394.0000  2876449    1.39%    x(c6_2_c5_2) D 249826 211488     23
 254559 116174    19457.9167    46    19668.0000    19399.2500  2923355    1.37%   x(c11_2_c7_2) U 254559 155931     25
 259247 116713    19509.2501    60    19668.0000    19404.2935  2970339    1.34%   x(c14_1_c3_1) N 259247 259246     22
Elapsed time = 65.15 sec. (168169.99 ticks, tree = 54.02 MB, solutions = 1)
 263943 117397        cutoff          19668.0000    19409.6000  3017318    1.31%     x(c12_2_Om) U 263943 219532     28
 268559 117912    19460.6667    45    19668.0000    19414.5000  3063386    1.29%   x(c6_2_c15_2) D 268559 252527     21
 273184 118309    19419.4569    39    19668.0000    19419.4583  3108663    1.26%     x(Op_c15_1) D 273184 256711     33
 277846 118864        cutoff          19668.0000    19424.2083  3154144    1.24%    x(c4_1_c9_1) U 277846  18026     35
 282393 119281        cutoff          19668.0000    19428.7500  3199206    1.22%   x(c15_1_c9_1) U 282393 265865     39
 286926 119428    19554.7060    30    19668.0000    19433.3867  3243057    1.19%   x(c7_2_c15_2) U 286926 230174     19
 291489 119596    19476.0984    52    19668.0000    19437.7956  3286459    1.17%   x(c11_2_c7_2) D 291489 207671     41
 295980 119701    19447.2133    14    19668.0000    19442.2133  3330443    1.15%  x(c16_1_c10_1) U 295980 174260     17
 300442 119761    19513.5000    36    19668.0000    19446.5269  3373309    1.13%   x(c16_1_c6_1) D 300442  13350     22
 304901 119799    19451.0499    44    19668.0000    19450.8263  3415675    1.10%    x(c9_2_c5_2) D 304901 301040     31
Elapsed time = 78.34 sec. (206320.53 ticks, tree = 55.95 MB, solutions = 1)
 309484 119989    19604.5000    39    19668.0000    19455.0705  3458742    1.08%    x(c7_2_c9_2) D 309484  82599     29
 313998 119982        cutoff          19668.0000    19459.3810  3500929    1.06%   x(c11_2_c5_2) D 313998 272906     25
 318474 119938        cutoff          19668.0000    19463.4523  3542336    1.04%    x(c6_2_c5_2) U 318474 113513     20
 322882 119856        cutoff          19668.0000    19467.3659  3582898    1.02%  x(c16_1_c15_1) U 322882  28559     19
 327372 119723    19574.1562    55    19668.0000    19471.4286  3624043    1.00%   x(c5_2_c15_2) N 327372 218538     34
 331859 119408    19526.9338    35    19668.0000    19475.3830  3664963    0.98%    x(c7_2_c9_2) D 331859 292461     23
 336291 119038    19644.1522    36    19668.0000    19479.0916  3704846    0.96%    x(c6_2_c7_2) U 336291 152766     18
 340760 118609    19488.7965    20    19668.0000    19483.0619  3745163    0.94%    x(c9_1_c6_1) D 340760 225568     21
 345293 118260    19568.0427    32    19668.0000    19486.9524  3785116    0.92%   x(c15_3_c6_3) D 345293  69842     25
 349733 117836    19662.3238    29    19668.0000    19490.7245  3824312    0.90%    x(c5_2_c6_2) U 349733 213321     19
Elapsed time = 91.06 sec. (244474.12 ticks, tree = 55.64 MB, solutions = 1)
 354242 117399        cutoff          19668.0000    19494.4583  3862321    0.88%   x(c12_2_c7_2) U 354242 125701     25
 358668 116752    19604.7773    25    19668.0000    19498.0439  3900043    0.86%  x(c11_2_c15_2) N 358668 155748     24
 363204 116153    19509.6092    52    19668.0000    19501.7413  3937914    0.85%   x(c7_2_c11_2) U 363204 344913     17
 367781 115499    19602.6250    26    19668.0000    19505.5000  3975521    0.83%   x(c11_2_c6_2) D 367781 161769     22
 372335 114865    infeasible          19668.0000    19509.0885  4012563    0.81%      x(Op_c4_1) U 372335 361819     43
 376869 114087    19513.5000    34    19668.0000    19512.6667  4048049    0.79%   x(c11_2_c7_2) D 376869 215345     28
 381491 113200    19520.5665    21    19668.0000    19516.3171  4084895    0.77%    x(c6_2_c5_2) U 381491 272493     16
 386147 112328    19554.4314    36    19668.0000    19519.8384  4119718    0.75%    x(c9_1_c6_1) D 386147  81074     34
 390906 111354    19540.5317    40    19668.0000    19523.5000  4155456    0.73%   x(c15_2_c7_2) D 390906 264804     22
 395656 110250        cutoff          19668.0000    19527.2092  4190175    0.72%  x(c13_3_c14_3) D 395656 139729     32
Elapsed time = 103.40 sec. (282625.60 ticks, tree = 52.80 MB, solutions = 1)
 400502 109135    infeasible          19668.0000    19530.7318  4225315    0.70%   x(c12_2_c6_2) D 400502 317101     27
 405230 107930    19612.3070    24    19668.0000    19534.3674  4260439    0.68%  x(c14_3_c11_3) U 405230 135237     28
 410060 106663    19586.9973    55    19668.0000    19537.9327  4294297    0.66%    x(c6_2_c5_2) N 410060 279528     19
 414842 105349        cutoff          19668.0000    19541.3333  4328058    0.64%   x(c15_2_c7_2) U 414842 365518     24
 419493 104017        cutoff          19668.0000    19544.6961  4360155    0.63%   x(c15_1_c4_1) D 419493 272985     24
 424082 102612        cutoff          19668.0000    19548.0491  4392300    0.61%   x(c5_2_c15_2) D 424082 266301     28
 428754 101054        cutoff          19668.0000    19551.5000  4423998    0.59%   x(c12_2_c6_2) U 428754 344765     25
 433308 99505    infeasible          19668.0000    19554.7451  4454568    0.58%   x(c15_2_c6_2) U 433308 386842     31
 437779 97952    infeasible          19668.0000    19557.9084  4484454    0.56%   x(c11_2_c5_2) U 437779 117454     22
 442241 96312    infeasible          19668.0000    19561.0000  4513000    0.54%   x(c6_1_c14_1) U 442241 212271     26
Elapsed time = 115.60 sec. (320776.50 ticks, tree = 47.12 MB, solutions = 1)
 446610 94523    19652.5238    63    19668.0000    19564.0469  4541167    0.53%    x(c9_2_c6_2) D 446610 409512     20
 451186 92767    infeasible          19668.0000    19567.2500  4569969    0.51%   x(c12_2_c6_2) U 451186 451184     21
 455449 90976    19592.7513    38    19668.0000    19570.1960  4597168    0.50%    x(c5_2_c6_2) N 455449 421080     26
 459555 89167    19637.9554    35    19668.0000    19573.0674  4622500    0.48%    x(c6_2_c7_2) N 459555 430412     26
 463340 87456        cutoff          19668.0000    19575.7896  4645476    0.47%   x(c15_2_c7_2) U 463340 258281     34
 467203 85573    19579.3208    22    19668.0000    19578.5479  4668567    0.45%  x(c15_2_c16_2) D 467203 424398     29
 470809 83675    19613.4071    56    19668.0000    19581.1667  4690435    0.44%   x(c4_1_c15_1) N 470809 305124     21
 474301 81865        cutoff          19668.0000    19583.6056  4711865    0.43%   x(c15_3_c6_3) U 474301 320497     28
 478161 79805        cutoff          19668.0000    19586.2860  4734393    0.42%   x(c12_2_c8_2) U 478161 441302     58
 481672 77886        cutoff          19668.0000    19588.8036  4754812    0.40%  x(c16_1_c15_1) N 481672  25457     23
Elapsed time = 128.23 sec. (358931.25 ticks, tree = 39.36 MB, solutions = 1)
 485729 75705    19615.6217    39    19668.0000    19591.6219  4777360    0.39%     x(c16_2_Om) N 485729 444958     28
 489659 73430    19639.2317    28    19668.0000    19594.4103  4799995    0.37%  x(c15_2_c16_2) N 489659 431710     30
 493800 71131        cutoff          19668.0000    19597.2500  4823114    0.36%   x(c11_2_c7_2) D 493800 267337     26
 498001 68692    19604.8027    24    19668.0000    19600.2444  4845650    0.34%   x(c15_1_c3_1) N 498001 203805     38
 501862 66355    infeasible          19668.0000    19602.9834  4866939    0.33%   x(c12_2_c5_2) U 501862 254188     33
 505747 64003        cutoff          19668.0000    19605.7000  4888113    0.32%   x(c14_3_c6_3) D 505747 281318     31
 509767 61465        cutoff          19668.0000    19608.5942  4909135    0.30%   x(c12_2_c5_2) U 509767 296888     29
 513711 58799    19611.5542    41    19668.0000    19611.5550  4928963    0.29%  x(c15_2_c12_2) N 513711 295456     28
 517591 56063    19614.6782    33    19668.0000    19614.4566  4947693    0.27%     x(c15_1_Om) D 517591 327982     21
 521526 53229        cutoff          19668.0000    19617.3333  4967114    0.26%   x(c5_2_c12_2) U 521526 419627     34
Elapsed time = 140.54 sec. (397084.88 ticks, tree = 28.80 MB, solutions = 1)
 525505 50422    19647.1350    24    19668.0000    19620.2250  4986329    0.24%   x(c12_2_c8_2) N 525505 465705     30
 529504 47423    19664.5235    36    19668.0000    19623.1915  5005115    0.23%   x(c4_1_c14_1) N 529504 334252     17
 533662 44309        cutoff          19668.0000    19626.3573  5023647    0.21%    x(c6_2_c9_2) D 533662 382868     26
 537604 41170    19629.5977    26    19668.0000    19629.5000  5040514    0.20%    x(c6_2_c7_2) N 537604 171219     23
 541565 38009        cutoff          19668.0000    19632.5016  5057968    0.18%  x(c15_1_c10_1) D 541565 517698     20
 545594 34740    infeasible          19668.0000    19635.5956  5074559    0.16%    x(c5_2_c6_2) U 545594 435728     25
 549711 31264    19638.8271    25    19668.0000    19638.8295  5090452    0.15%     x(c15_2_Om) D 549711 546184     34
 553883 27680    infeasible          19668.0000    19642.1016  5106136    0.13%    x(c6_2_c9_2) D 553883 533454     39
 558133 23962        cutoff          19668.0000    19645.5996  5121149    0.11%    x(c6_2_c5_2) U 558133 216359     25
 562450 20078        cutoff          19668.0000    19649.1739  5135549    0.10%   x(c2_1_c11_1) U 562450   9907     28
Elapsed time = 152.47 sec. (435236.93 ticks, tree = 14.37 MB, solutions = 1)
 566862 16024    19653.7913    16    19668.0000    19652.7921  5149763    0.08%   x(c10_1_c4_1) N 566862 393930     27
 571345 11853    infeasible          19668.0000    19656.4996  5163554    0.06%      x(Op_c4_1) N 571345 476247     17
 575919  7491        cutoff          19668.0000    19660.3320  5176442    0.04%   x(c6_3_c14_3) D 575919 565060     26
 580671  2878        cutoff          19668.0000    19664.4117  5188317    0.02%   x(c16_2_c6_2) D 580671 398663     33

Clique cuts applied:  10
Cover cuts applied:  617
Mixed integer rounding cuts applied:  52
Zero-half cuts applied:  1
Multi commodity flow cuts applied:  2

Root node processing (before b&c):
  Real time             =    0.04 sec. (38.52 ticks)
Sequential b&c:
  Real time             =  157.33 sec. (453106.42 ticks)
                          ------------
Total (root+branch&cut) =  157.36 sec. (453144.94 ticks)

