Version identifier: 22.1.0.0 | 2022-03-09 | 1a383f8ce
CPXPARAM_Preprocessing_Reduce                    1
CPXPARAM_Preprocessing_Reformulations            0
CPXPARAM_Emphasis_MIP                            2
CPXPARAM_TimeLimit                               7200
CPXPARAM_MIP_Tolerances_AbsMIPGap                0.98999999999999999
CPXPARAM_MIP_Limits_TreeMemory                   20000
Legacy callback                                  BbD
1 of 1 MIP starts provided solutions.
MIP start 'm1' defined initial solution with objective 19668.0000.
Tried aggregator 1 time.
MIP Presolve modified 342 coefficients.
Reduced MIP has 492 rows, 408 columns, and 1966 nonzeros.
Reduced MIP has 374 binaries, 0 generals, 0 SOSs, and 0 indicators.
Presolve time = 0.00 sec. (1.35 ticks)
Probing time = 0.00 sec. (0.63 ticks)
Tried aggregator 1 time.
Reduced MIP has 492 rows, 408 columns, and 1966 nonzeros.
Reduced MIP has 374 binaries, 0 generals, 0 SOSs, and 0 indicators.
Presolve time = 0.00 sec. (0.83 ticks)
Probing time = 0.00 sec. (0.64 ticks)
Clique table members: 225.
MIP emphasis: optimality.
MIP search method: traditional branch-and-cut.
Parallel mode: none, using 1 thread.
Root relaxation solution time = 0.00 sec. (0.74 ticks)

        Nodes                                         Cuts/
   Node  Left     Objective  IInf  Best Integer    Best Bound    ItCnt     Gap         Variable B NodeID Parent  Depth

*     0+    0                        19668.0000        0.0000           100.00%
      0     0    16671.2980    65    19668.0000    16671.2980       68   15.24%
      0     0    17645.0000    66    19668.0000      Cuts: 14       97   10.29%
      0     0    17645.0000    66    19668.0000     Covers: 1      101   10.29%
      0     2    17645.0000    46    19668.0000    17645.0000      101   10.29%                        0             0
Elapsed time = 0.03 sec. (35.47 ticks, tree = 0.01 MB, solutions = 1)
    401   367    18061.5083    27    19668.0000    18052.1959     4341    8.22%   x(c14_1_c3_1) D    401    400     11
    930   851    18261.2140    48    19668.0000    18254.8770    12696    7.18%    x(c6_1_c9_1) D    930    839     11
   1534  1408    18528.3987    26    19668.0000    18362.2012    20745    6.64%   x(c10_1_c6_1) U   1534   1532     16
   2090  1930    18451.9296    36    19668.0000    18429.3674    29067    6.30%   x(c11_2_c9_2) U   2090   1313      9
   2591  2378    18662.8403    53    19668.0000    18476.7320    36418    6.06%    x(c5_2_c6_2) U   2591   2089     21
   3054  2758    19125.5514    43    19668.0000    18507.9000    43976    5.90%   x(c4_1_c14_1) U   3054   2988     22
   3574  3210    18615.7298    34    19668.0000    18546.6406    51509    5.70%   x(c6_1_c11_1) D   3574   1682     19
   4045  3616    18736.0811    38    19668.0000    18573.1756    58070    5.57%    x(c3_1_c2_1) D   4045   2069     12
   4551  4035    19369.8969    27    19668.0000    18599.9109    64578    5.43%   x(c14_3_c3_3) U   4551   4025     46
   6620  5653    19301.4844    57    19668.0000    18669.1716    91885    5.08%   x(c16_1_c6_1) U   6620   3628     13
Elapsed time = 1.48 sec. (3138.04 ticks, tree = 2.51 MB, solutions = 1)
   8547  7148    18725.9412    28    19668.0000    18720.2655   119395    4.82%   x(c5_3_c15_3) D   8547   6262     14
  10487  8559    19308.1497    37    19668.0000    18762.0000   145328    4.61%    x(c9_1_c4_1) U  10487   1943     12
  12320  9885    18809.5530    47    19668.0000    18794.4050   170263    4.44%   x(c12_2_c6_2) U  12320  12319     30
  14150 11250    18954.5895    46    19668.0000    18823.7043   195167    4.29%   x(c5_2_c15_2) D  14150  10795     14
  15748 12433    19284.0000    46    19668.0000    18849.2240   220174    4.16%    x(c6_1_c9_1) N  15748  13021     22
  17263 13442        cutoff          19668.0000    18872.1974   244416    4.05%      x(Op_c9_1) U  17263  15165     24
  18760 14411    19015.8131    31    19668.0000    18893.9144   268727    3.94%   x(c7_2_c15_2) U  18760   9937     12
  20230 15473    18966.9896    36    19668.0000    18915.0000   292494    3.83%    x(c7_2_c6_2) U  20230  18488     16
  21740 16511    18934.5610    42    19668.0000    18934.2148   315325    3.73%  x(c11_2_c16_2) D  21740  21739     31
  23245 17587    18958.8080    54    19668.0000    18951.4471   337590    3.64%   x(c3_1_c14_1) D  23245  23244     22
Elapsed time = 5.75 sec. (12681.27 ticks, tree = 8.14 MB, solutions = 1)
  24683 18543    19613.5000    50    19668.0000    18967.1140   359900    3.56%  x(c14_1_c16_1) U  24683   1444     15
  26163 19521    18992.8730    38    19668.0000    18981.3287   381130    3.49%     x(c16_1_Om) D  26163  23548     18
  27580 20480    19057.4117    45    19668.0000    18992.9117   402978    3.43%   x(c12_2_c6_2) U  27580  26437     24
  29009 21499    19059.3189    48    19668.0000    19005.3331   424179    3.37%    x(c7_2_c6_2) U  29009  28192     31
  30441 22447    19035.7500    44    19668.0000    19016.5000   444320    3.31%   x(c10_1_c6_1) D  30441  22890     25
  31730 23196    19058.6667    45    19668.0000    19026.6730   465128    3.26%    x(c7_2_c9_2) D  31730  25723     15
  33019 24031    19044.9243    41    19668.0000    19036.7500   485038    3.21%  x(c16_2_c12_2) N  33019  33018     33
  34341 24840    19275.1000    29    19668.0000    19046.5000   504913    3.16%   x(c12_2_c6_2) U  34341  22638     20
  35660 25682    19055.2959    30    19668.0000    19055.2963   524350    3.12%   x(c16_1_c9_1) D  35660  32513     32
  36901 26404    19067.2328    65    19668.0000    19064.8333   543967    3.07%   x(c11_2_c6_2) D  36901  33919     17
Elapsed time = 9.75 sec. (22222.63 ticks, tree = 11.85 MB, solutions = 1)
  38161 27174    19125.1758    24    19668.0000    19073.4422   563670    3.02%   x(c14_1_c9_1) D  38161  19166     22
  39417 27917    19085.4220    66    19668.0000    19081.8300   582894    2.98%   x(c11_2_c6_2) D  39417  33918     17
  40670 28654        cutoff          19668.0000    19089.9766   602357    2.94%   x(c2_1_c14_1) U  40670  26966     32
  41877 29367    19342.6307    37    19668.0000    19098.0000   621273    2.90%    x(c7_2_c5_2) U  41877  33213     39
  43069 30072    19232.7470    41    19668.0000    19105.1456   640312    2.86%   x(c6_1_c14_1) U  43069  12868     15
  44250 30776    19328.8161    24    19668.0000    19112.0673   658926    2.83%     x(c16_1_Om) U  44250  39887     19
  45424 31438    19135.6628    48    19668.0000    19118.6667   677704    2.79%   x(c7_2_c15_2) D  45424  45422     23
  46632 32097    19171.8000    43    19668.0000    19125.0000   695262    2.76%   x(c6_2_c12_2) U  46632  33505     18
  47813 32785    19275.1893    50    19668.0000    19131.2041   713373    2.73%    x(c7_2_c6_2) D  47813  45445     26
  49001 33438    19636.9930    39    19668.0000    19137.4049   730573    2.70%  x(c15_2_c11_2) U  49001  27703     22
Elapsed time = 13.66 sec. (31764.47 ticks, tree = 16.26 MB, solutions = 1)
  50154 34039    19143.5294    33    19668.0000    19143.1576   748358    2.67%    x(c5_2_c6_2) D  50154  41360     23
  51285 34657    19464.7185    50    19668.0000    19148.7151   765997    2.64%     x(Op_c14_1) U  51285  23367     19
  52429 35290    19166.7023    15    19668.0000    19154.0714   782743    2.61%    x(c6_3_c5_3) U  52429  23194     15
  53607 35928    19382.4427    44    19668.0000    19159.8152   800106    2.58%   x(c15_1_c3_1) U  53607  19524     22
  54731 36582    19183.2387    50    19668.0000    19164.9153   816662    2.56%    x(c3_1_c2_1) U  54731  51639     25
  55884 37237    19432.7502    54    19668.0000    19170.0000   833779    2.53%    x(c5_2_c6_2) U  55884  36384     44
  56981 37817    19396.5619    37    19668.0000    19175.0723   850807    2.51%   x(c6_2_c12_2) D  56981  39546     36
  58094 38405    19321.5702    60    19668.0000    19180.0381   867684    2.48%     x(Op_c14_1) D  58094  56229     19
  59171 38959        cutoff          19668.0000    19184.8549   884540    2.46%   x(c6_1_c14_1) U  59171  59169     35
  60258 39491    19451.0564    34    19668.0000    19189.7982   900985    2.43%   x(c12_2_c6_2) U  60258  37999     25
Elapsed time = 17.37 sec. (41306.58 ticks, tree = 18.99 MB, solutions = 1)
  61263 39993    19210.6873    63    19668.0000    19194.3333   917461    2.41%   x(c12_2_c6_2) D  61263  58851     23
  62278 40468    19364.2500    47    19668.0000    19198.8118   933803    2.39%   x(c9_1_c16_1) D  62278   7623     13
  63331 40938    19255.7242    55    19668.0000    19203.6667   950692    2.36%   x(c6_1_c14_1) U  63331  33459     23
  64450 41448    19375.0000    51    19668.0000    19208.4517   968235    2.34%   x(c6_2_c12_2) U  64450  33858     40
  65567 41965    19280.5215    50    19668.0000    19213.1458   985715    2.31%     x(c14_1_Om) U  65567  65566     29
  66681 42518        cutoff          19668.0000    19217.4646  1002355    2.29%  x(c12_2_c11_2) U  66681  42941     33
  67794 43059        cutoff          19668.0000    19221.7500  1019697    2.27%    x(c6_2_c7_2) U  67794  67792     27
  68918 43599    19597.3504    26    19668.0000    19226.0680  1036327    2.25%  x(c11_2_c12_2) U  68918  48793     25
  70019 44098    19242.5535    48    19668.0000    19230.2961  1052569    2.23%   x(c6_2_c12_2) D  70019  45637     27
  71108 44562    19445.0000    24    19668.0000    19234.2449  1069320    2.21%    x(c7_2_c9_2) D  71108  27189     30
Elapsed time = 21.10 sec. (50847.26 ticks, tree = 21.33 MB, solutions = 1)
  72220 45077    19240.3333    45    19668.0000    19238.4383  1085328    2.18%  x(c11_1_c10_1) D  72220  67225     17
  73359 45609        cutoff          19668.0000    19242.4021  1102019    2.16%    x(c7_2_c6_2) U  73359  50875     22
  74450 46086    19281.3333    49    19668.0000    19246.1286  1118478    2.14%   x(c12_2_c6_2) D  74450  54475     30
  75504 46544    19449.3499    69    19668.0000    19249.8004  1134689    2.13%    x(c7_2_c9_2) U  75504  75502     19
  76594 47007    19357.9763    34    19668.0000    19253.4834  1150490    2.11%   x(c6_1_c10_1) D  76594  29990     13
  77697 47508    19334.8247    46    19668.0000    19257.0517  1166426    2.09%    x(c7_2_c6_2) D  77697  77696     29
  78774 48025    19272.2840    34    19668.0000    19260.6231  1182135    2.07%    x(c5_2_c6_2) D  78774  74386     22
  79837 48466    19322.6224    31    19668.0000    19264.0746  1197792    2.05%    x(c8_2_c7_2) D  79837  79836     44
  80946 48892    19300.9900    62    19668.0000    19267.7891  1213447    2.03%   x(c9_2_c15_2) D  80946  42131     22
  82005 49309    19271.5000    36    19668.0000    19271.5000  1228688    2.02%   x(c7_2_c16_2) N  82005  55553     27
Elapsed time = 24.75 sec. (60388.42 ticks, tree = 23.60 MB, solutions = 1)
  83103 49729    19619.0634    52    19668.0000    19274.6389  1243980    2.00%   x(c11_2_c9_2) D  83103  52952     27
  84161 50128        cutoff          19668.0000    19278.1171  1259607    1.98%    x(c9_2_c7_2) U  84161  46921     29
  85273 50553        cutoff          19668.0000    19281.5508  1275116    1.96%   x(c11_2_c5_2) D  85273  82635     31
  86330 50933    19568.3461    29    19668.0000    19284.9692  1290074    1.95%  x(c16_2_c12_2) N  86330  47325     23
  87442 51399    19471.5033    51    19668.0000    19288.1685  1305061    1.93%   x(c5_2_c15_2) N  87442  30186     18
  88535 51788        cutoff          19668.0000    19291.3372  1320754    1.92%   x(c11_2_c5_2) U  88535  88534     19
  89600 52164    19406.7505    28    19668.0000    19294.3333  1335190    1.90%   x(c5_3_c15_3) D  89600  89598     41
  90702 52587    19333.8816    63    19668.0000    19297.3366  1349973    1.88%   x(c16_1_c3_1) D  90702  90700     26
  91786 52992        cutoff          19668.0000    19300.4286  1364796    1.87%    x(c6_1_c9_1) U  91786  58818     16
  92862 53389    19306.2299    38    19668.0000    19303.3625  1379572    1.85%    x(c9_2_c7_2) D  92862  67943     18
Elapsed time = 28.39 sec. (69931.54 ticks, tree = 25.48 MB, solutions = 1)
  93937 53805    19490.3978    40    19668.0000    19306.0203  1394324    1.84%    x(c7_2_c6_2) U  93937  32847     25
  94990 54199    19453.2825    46    19668.0000    19308.8687  1408841    1.83%    x(c7_2_c9_2) U  94990  38336     14
  96062 54524        cutoff          19668.0000    19311.5357  1422649    1.81%      x(c9_1_Om) U  96062  86778     23
  97127 54851    19403.6448    43    19668.0000    19314.2727  1436619    1.80%   x(c12_2_c6_2) U  97127  44116     22
  98217 55245    19548.4386    45    19668.0000    19317.0120  1450686    1.78%   x(c5_2_c15_2) U  98217  26403     34
  99273 55604        cutoff          19668.0000    19319.7266  1465005    1.77%     x(Op_c12_2) U  99273  86522     28
 100366 55983    19332.7481    55    19668.0000    19322.7000  1479301    1.76%   x(c11_2_c5_2) N 100366 100365     23
 101424 56293    19366.5000    34    19668.0000    19325.5000  1493332    1.74%   x(c15_2_c9_2) D 101424  74013     18
 102510 56679    19443.8801    39    19668.0000    19328.0211  1507372    1.73%   x(c11_2_c5_2) D 102510  76063     19
 103607 57049        cutoff          19668.0000    19330.7124  1521222    1.71%    x(c9_2_c7_2) U 103607 103605     27
Elapsed time = 31.95 sec. (79475.28 ticks, tree = 27.18 MB, solutions = 1)
 104671 57393        cutoff          19668.0000    19333.4442  1535432    1.70%    x(c6_2_c5_2) D 104671 100628     27
 105703 57729        cutoff          19668.0000    19336.0000  1549554    1.69%   x(c2_1_c10_1) U 105703  79594     22
 106766 58071        cutoff          19668.0000    19338.5000  1563856    1.68%   x(c11_2_c9_2) D 106766  48429     37
 107826 58372    19542.4542    15    19668.0000    19341.0747  1577975    1.66%  x(c12_2_c16_2) U 107826  70743     33
 108894 58688        cutoff          19668.0000    19343.6083  1591936    1.65%   x(c5_3_c15_3) U 108894  23828     27
 109917 58992    infeasible          19668.0000    19345.9103  1604631    1.64%    x(c9_1_c4_1) D 109917 106608     21
 110952 59310    19524.2500    39    19668.0000    19348.2500  1618154    1.63%    x(c5_2_c7_2) D 110952 110950     36
 112004 59606    19553.4849    39    19668.0000    19350.7000  1630862    1.61%   x(c5_3_c15_3) U 112004  68491     14
 113035 59952    19355.0004    34    19668.0000    19353.0355  1644462    1.60%    x(c6_3_c5_3) U 113035  92216     50
 117084 61057    infeasible          19668.0000    19361.9617  1696108    1.56%   x(c6_1_c14_1) D 117084  13091     38
Elapsed time = 36.44 sec. (91877.73 ticks, tree = 29.14 MB, solutions = 1)
 121213 62136    19536.2217    50    19668.0000    19370.8547  1747596    1.51%   x(c7_2_c15_2) U 121213 121211     32
 125286 63191        cutoff          19668.0000    19379.5783  1797569    1.47%   x(c4_1_c11_1) U 125286 101976     19
 129322 64054    19406.9485    29    19668.0000    19387.6783  1846290    1.43%  x(c11_1_c15_1) D 129322  60022     32
 133309 64905    19418.3787    60    19668.0000    19395.5000  1894448    1.39%    x(c6_3_c5_3) D 133309 118082     28
 137325 65633    19418.7807    43    19668.0000    19403.4468  1942353    1.35%     x(c14_1_Om) D 137325 137324     29
 141275 66290    19438.3333    42    19668.0000    19411.0000  1990670    1.31%   x(c6_1_c14_1) D 141275 121874     26
 145233 66901    19420.4680    47    19668.0000    19418.3186  2037203    1.27%    x(c6_2_c5_2) D 145233 118670     29
 149228 67401    infeasible          19668.0000    19425.3561  2082719    1.23%   x(c12_2_c8_2) D 149228  42029     38
 153107 67810    19605.9535    56    19668.0000    19432.2236  2128220    1.20%    x(c7_2_c9_2) U 153107 145475     17
 157020 68154    19463.2960    24    19668.0000    19438.8414  2173246    1.17%   x(c14_1_c4_1) D 157020 151420     36
Elapsed time = 49.85 sec. (130030.79 ticks, tree = 35.52 MB, solutions = 1)
 160943 68391    19506.8000    62    19668.0000    19445.4741  2217539    1.13%   x(c9_2_c15_2) D 160943  45435     17
 164767 68535    19466.2500    39    19668.0000    19452.0000  2261180    1.10%    x(c5_2_c6_2) D 164767 153265     20
 168542 68609        cutoff          19668.0000    19458.1299  2303439    1.07%   x(c14_3_c5_3) U 168542 118182     36
 172303 68488    19616.6459    44    19668.0000    19464.3333  2345064    1.04%    x(c4_1_c6_1) N 172303 165305     22
 176070 68431    19525.5149    55    19668.0000    19470.2723  2386029    1.01%   x(c5_2_c15_2) U 176070 143309     29
 179800 68275        cutoff          19668.0000    19476.2882  2426670    0.97%    x(c5_2_c9_2) U 179800 151088     24
 183619 68187    19526.5000    10    19668.0000    19482.0489  2467943    0.95%   x(c16_2_c6_2) D 183619 183617     22
 187456 67812    19573.6819    41    19668.0000    19487.8163  2507041    0.92%   x(c12_2_c6_2) D 187456 157186     17
 191252 67390        cutoff          19668.0000    19493.4599  2544697    0.89%     x(Op_c16_1) D 191252 109546     19
 195136 67046    19519.4397    33    19668.0000    19499.0000  2582410    0.86%   x(c6_1_c14_1) U 195136 180641     17
Elapsed time = 62.63 sec. (168184.37 ticks, tree = 35.53 MB, solutions = 1)
 198993 66663        cutoff          19668.0000    19504.6000  2620277    0.83%   x(c6_2_c11_2) U 198993 187279     30
 202896 66196        cutoff          19668.0000    19510.1797  2657785    0.80%   x(c3_1_c11_1) U 202896 168507     26
 206797 65656    19519.1011    26    19668.0000    19515.6046  2694353    0.77%   x(c9_1_c14_1) U 206797 150307     19
 210656 65056    19550.6162    59    19668.0000    19520.9925  2729789    0.75%    x(c5_2_c7_2) D 210656  81128     19
 214549 64369        cutoff          19668.0000    19526.1770  2763855    0.72%   x(c11_2_c9_2) D 214549 150248     36
 218410 63638    19647.1645    25    19668.0000    19531.3333  2798332    0.69%   x(c15_2_c4_2) U 218410 218408     27
 222442 62715    19584.5422    27    19668.0000    19536.5941  2833119    0.67%   x(c7_2_c11_2) U 222442 182996     21
 226507 61681        cutoff          19668.0000    19542.0000  2866362    0.64%     x(c14_1_Om) U 226507  13277     25
 230554 60665        cutoff          19668.0000    19547.0000  2899805    0.62%   x(c11_2_c5_2) D 230554 119107     20
 234655 59435    infeasible          19668.0000    19552.0700  2931598    0.59%   x(c12_2_c5_2) D 234655 206079     38
Elapsed time = 74.85 sec. (206336.73 ticks, tree = 32.43 MB, solutions = 1)
 238697 58294        cutoff          19668.0000    19557.0719  2963133    0.56%    x(c6_3_c5_3) U 238697 210394     30
 242665 56993        cutoff          19668.0000    19561.8586  2993465    0.54%    x(c5_2_c9_2) U 242665 120487     14
 246506 55516        cutoff          19668.0000    19566.5000  3022109    0.52%    x(c7_2_c8_2) U 246506 103706     26
 250566 54053    19575.1314    16    19668.0000    19571.3141  3051704    0.49%    x(c6_2_c5_2) D 250566 228819     31
 253663 52735    19577.4440    29    19668.0000    19574.8592  3074316    0.47%      x(c6_2_Om) N 253663 253662     23
 256582 51407        cutoff          19668.0000    19578.4123  3095489    0.46%   x(c4_1_c15_1) D 256582  61264     14
 259559 49907        cutoff          19668.0000    19582.0000  3116557    0.44%   x(c3_1_c14_1) D 259559 200705     22
 262536 48332    19586.7463    19    19668.0000    19585.6319  3137992    0.42%   x(c12_2_c8_2) D 262536 258635     38
 265546 46680    infeasible          19668.0000    19589.2395  3158363    0.40%   x(c6_1_c14_1) U 265546  29823     22
 268573 45028    infeasible          19668.0000    19592.8000  3179206    0.38%   x(c6_1_c14_1) D 268573 255789     14
Elapsed time = 87.28 sec. (244490.26 ticks, tree = 26.03 MB, solutions = 1)
 271636 43314    19596.4887    31    19668.0000    19596.4890  3199022    0.36%    x(c2_1_c3_1) N 271636 268187     26
 274776 41371    infeasible          19668.0000    19600.0965  3218686    0.35%   x(c6_1_c14_1) D 274776 252843     21
 277919 39502        cutoff          19668.0000    19603.9186  3238312    0.33%  x(c11_2_c16_2) D 277919 142641     37
 281124 37422    19614.1972    50    19668.0000    19607.8340  3257476    0.31%    x(c6_2_c7_2) N 281124 279527     35
 284358 35284    19622.9735    22    19668.0000    19611.7006  3276193    0.29%      x(c6_1_Om) N 284358 284357     27
 287653 33004    infeasible          19668.0000    19615.6679  3294543    0.27%  x(c12_2_c15_2) U 287653 108924     22
 291010 30603        cutoff          19668.0000    19619.6997  3312471    0.25%   x(c5_3_c15_3) N 291010  73952     37
 294417 28052        cutoff          19668.0000    19623.7637  3329936    0.22%  x(c12_2_c15_2) D 294417 210256     36
 297851 25383        cutoff          19668.0000    19628.0596  3347121    0.20%    x(c7_2_c9_2) D 297851  38045     39
 301342 22568        cutoff          19668.0000    19632.5000  3363731    0.18%    x(c6_3_c5_3) U 301342 211553     23
Elapsed time = 99.50 sec. (282643.00 ticks, tree = 15.89 MB, solutions = 1)
 304864 19721        cutoff          19668.0000    19637.0000  3379710    0.16%   x(c5_3_c15_3) D 304864 249402     19
 308473 16656        cutoff          19668.0000    19641.6667  3395070    0.13%  x(c16_1_c11_1) D 308473  94460     29
 312215 13311    infeasible          19668.0000    19646.8568  3409027    0.11%   x(c4_1_c15_1) D 312215 304256     19
 316023  9870        cutoff          19668.0000    19652.0056  3422285    0.08%   x(c15_2_c9_2) U 316023 191258     23
 319931  6216    19658.0640    27    19668.0000    19657.6182  3434913    0.05%   x(c8_2_c12_2) N 319931 316653     29
 323992  2316        cutoff          19668.0000    19663.6318  3446448    0.02%     x(c10_1_Om) D 323992  39465     34

Clique cuts applied:  9
Cover cuts applied:  758
Mixed integer rounding cuts applied:  54
Zero-half cuts applied:  1
Multi commodity flow cuts applied:  2

Root node processing (before b&c):
  Real time             =    0.03 sec. (35.56 ticks)
Sequential b&c:
  Real time             =  106.66 sec. (307707.36 ticks)
                          ------------
Total (root+branch&cut) =  106.69 sec. (307742.92 ticks)

