Version identifier: 22.1.0.0 | 2022-03-09 | 1a383f8ce
CPXPARAM_Preprocessing_Reduce                    1
CPXPARAM_Preprocessing_Reformulations            0
CPXPARAM_Emphasis_MIP                            2
CPXPARAM_TimeLimit                               7200
CPXPARAM_MIP_Tolerances_AbsMIPGap                0.98999999999999999
CPXPARAM_MIP_Limits_TreeMemory                   20000
Legacy callback                                  BbD
1 of 1 MIP starts provided solutions.
MIP start 'm1' defined initial solution with objective 28783.0000.
Tried aggregator 1 time.
MIP Presolve modified 249 coefficients.
Reduced MIP has 432 rows, 321 columns, and 1556 nonzeros.
Reduced MIP has 284 binaries, 0 generals, 0 SOSs, and 0 indicators.
Presolve time = 0.00 sec. (1.04 ticks)
Probing time = 0.00 sec. (0.40 ticks)
Tried aggregator 1 time.
Reduced MIP has 432 rows, 321 columns, and 1556 nonzeros.
Reduced MIP has 284 binaries, 0 generals, 0 SOSs, and 0 indicators.
Presolve time = 0.00 sec. (0.61 ticks)
Probing time = 0.00 sec. (0.42 ticks)
Clique table members: 187.
MIP emphasis: optimality.
MIP search method: traditional branch-and-cut.
Parallel mode: none, using 1 thread.
Root relaxation solution time = 0.00 sec. (0.57 ticks)

        Nodes                                         Cuts/
   Node  Left     Objective  IInf  Best Integer    Best Bound    ItCnt     Gap         Variable B NodeID Parent  Depth

*     0+    0                        28783.0000        0.0000           100.00%
      0     0    24079.3758    76    28783.0000    24079.3758       63   16.34%
      0     0    24819.0000    56    28783.0000    Cliques: 5       69   13.77%
      0     0    24820.4863    50    28783.0000       Cuts: 5       90   13.77%
      0     0    24874.5725    55    28783.0000       Cuts: 4      100   13.58%
      0     0    24905.3927    53    28783.0000       Cuts: 3      122   13.47%
      0     0    24934.5165    60    28783.0000       Cuts: 4      132   13.37%
      0     0    25067.4588    60    28783.0000     Covers: 1      138   12.91%
      0     0    25081.8588    57    28783.0000   ZeroHalf: 5      139   12.86%
      0     0    25179.6667    56    28783.0000       Cuts: 6      145   12.52%
      0     0    25275.0000    58    28783.0000   ZeroHalf: 5      152   12.19%
      0     0    25275.0000    58    28783.0000   ZeroHalf: 4      156   12.19%
      0     0    25300.2000    57    28783.0000   ZeroHalf: 7      164   12.10%
      0     0    25350.8534    52    28783.0000       Cuts: 6      180   11.92%
      0     0    25447.5201    82    28783.0000       Cuts: 5      198   11.59%
      0     0    25493.0000    82    28783.0000     Covers: 1      205   11.43%
      0     0    25540.0000    80    28783.0000   ZeroHalf: 3      207   11.27%
      0     0    25546.3402    80    28783.0000       Cuts: 3      211   11.25%
      0     0    25589.0000    82    28783.0000       Cuts: 4      213   11.10%
      0     0    25634.0000    80    28783.0000   ZeroHalf: 2      216   10.94%
      0     2    25634.0000    80    28783.0000    25634.0000      216   10.94%                        0             0
Elapsed time = 0.05 sec. (70.35 ticks, tree = 0.01 MB, solutions = 1)
    560   525    27520.4542    68    28783.0000    26401.7817     7281    8.27%      x(Op_c9_3) U    560    559     14
   1155  1035    27104.0063    55    28783.0000    26809.5000    18166    6.86%   x(c9_3_c14_3) U   1155   1154     17
   1762  1571    28255.2902    64    28783.0000    27001.9598    28149    6.19%   x(c9_3_c11_3) U   1762    691     14
   2474  2226    27715.8848    53    28783.0000    27121.8000    37423    5.77%    x(c5_3_c9_3) D   2474   1055     12
   3137  2806    27313.5226    43    28783.0000    27199.5945    46741    5.50%     x(c15_5_Om) U   3137   2417     22
   3858  3436    27259.5073    52    28783.0000    27259.6371    55680    5.29%   x(c14_5_c3_5) U   3858   3319     21
   4589  4067    27702.8780    56    28783.0000    27302.4160    64493    5.14%  x(c11_4_c13_4) D   4589    896     13
   5329  4682    27551.5015    63    28783.0000    27335.8413    73318    5.03%  x(c11_3_c14_3) D   5329   1760     18
   6040  5269    27378.1576    62    28783.0000    27370.8900    82346    4.91%   x(c4_3_c11_3) D   6040   5599     25
   8873  7513    27475.0561    56    28783.0000    27467.1750   116787    4.57%   x(c7_5_c14_5) D   8873   8331     20
Elapsed time = 1.70 sec. (3173.30 ticks, tree = 2.72 MB, solutions = 1)
  11704  9798    27683.1025    34    28783.0000    27537.0000   150165    4.33%    x(c6_2_c5_2) U  11704  11702     22
  14335 11869    27928.0808    43    28783.0000    27587.0826   184741    4.15%    x(c6_2_c5_2) U  14335   7631     26
  16941 13837    27678.3333    52    28783.0000    27626.4500   219563    4.02%      x(Op_c9_3) D  16941   6522     20
  19379 15649    27679.1773    42    28783.0000    27664.3584   254388    3.89%    x(c9_2_c7_2) D  19379  19378     24
  21658 17208    28298.4900    35    28783.0000    27702.3680   291101    3.75%   x(c9_2_c11_2) U  21658  16455     21
  24057 18951    27772.0145    45    28783.0000    27739.3929   327775    3.63%     x(c15_5_Om) D  24057  24056     35
  26467 20706    28010.5296    45    28783.0000    27768.9478   363564    3.52%    x(c7_2_c9_2) U  26467  26465     33
  28865 22339    28059.3206    72    28783.0000    27796.3994   397179    3.43%    x(c3_5_c7_5) U  28865  10409     23
  31148 23916    27916.5061    46    28783.0000    27819.1712   429532    3.35%   x(c11_2_c7_2) D  31148  31146     30
  33294 25283        cutoff          28783.0000    27842.6516   463078    3.27%   x(c11_2_c6_2) U  33294  33292     26
Elapsed time = 6.73 sec. (12712.28 ticks, tree = 10.17 MB, solutions = 1)
  35468 26726    28148.5000    28    28783.0000    27866.3399   496879    3.18%    x(c9_2_c7_2) U  35468  29947     26
  37569 28084    28068.7781    41    28783.0000    27888.1665   529862    3.11%   x(c16_2_c5_2) U  37569  24932     21
  39494 29262    27996.2645    56    28783.0000    27910.8735   564005    3.03%   x(c7_2_c11_2) D  39494  35290     33
  41473 30415    27955.2260    47    28783.0000    27935.7456   597134    2.94%      x(c2_3_Om) D  41473  41471     31
  43438 31533    28075.4675    60    28783.0000    27957.1954   629305    2.87%    x(c9_3_c5_3) U  43438   5844     19
  45377 32621        cutoff          28783.0000    27976.7008   661433    2.80%   x(c14_5_c8_5) U  45377  19869     23
  47348 33577    28184.0000    36    28783.0000    27996.7702   692734    2.73%    x(c9_2_c8_2) D  47348  31592     27
  49373 34656    28275.9931    36    28783.0000    28014.8255   723036    2.67%    x(c5_3_c2_3) U  49373  23689     25
  51393 35637    28049.6425    59    28783.0000    28032.8574   752527    2.61%      x(Op_c9_3) D  51393  42384     19
  53427 36700    28577.3798    33    28783.0000    28049.3721   781370    2.55%    x(c8_2_c5_2) U  53427  23399     38
Elapsed time = 11.51 sec. (22251.07 ticks, tree = 15.49 MB, solutions = 1)
  55458 37753    28065.8991    60    28783.0000    28064.8278   809555    2.50%   x(c16_2_c9_2) D  55458  47675     25
  57421 38739    28116.7563    44    28783.0000    28079.3396   838307    2.44%   x(c9_3_c14_3) D  57421  57419     17
  59368 39720    28539.0837    48    28783.0000    28093.0519   866823    2.40%  x(c11_4_c13_4) U  59368  52401     19
  61267 40657    28137.8675    31    28783.0000    28106.3065   894851    2.35%   x(c6_1_c12_1) U  61267  58392     32
  63180 41570    28406.6055    42    28783.0000    28119.8281   924709    2.30%    x(c7_2_c9_2) D  63180  36955     24
  65098 42413    28536.1825    38    28783.0000    28132.6270   956243    2.26%   x(c15_5_c8_5) D  65098  23037     15
  66994 43367    28156.6078    50    28783.0000    28144.3591   987246    2.22%   x(c5_4_c13_4) D  66994  63411     28
  68991 44313        cutoff          28783.0000    28155.6706  1017664    2.18%   x(c6_2_c11_2) U  68991  39626     32
  70950 45274        cutoff          28783.0000    28165.6485  1046301    2.14%    x(c5_3_c2_3) U  70950  23898     23
  72957 46271    28558.2875    44    28783.0000    28175.6211  1075158    2.11%   x(c3_5_c11_5) U  72957  72956     24
Elapsed time = 16.14 sec. (31791.06 ticks, tree = 18.97 MB, solutions = 1)
  75037 47252    28243.8867    58    28783.0000    28185.3645  1103524    2.08%   x(c16_2_c9_2) D  75037  56749     38
  77108 48256    28295.7109    60    28783.0000    28193.9665  1131517    2.05%   x(c6_2_c11_2) U  77108  51229     39
  79180 49202    28282.6069    51    28783.0000    28202.8658  1159763    2.02%    x(c7_2_c9_2) U  79180  79179     32
  81202 50060    28211.0180    57    28783.0000    28211.0317  1187871    1.99%    x(c8_5_c7_5) D  81202  76864     26
  83126 50785        cutoff          28783.0000    28219.5909  1217050    1.96%  x(c16_2_c11_2) U  83126  64910     24
  85006 51541    28531.0000    60    28783.0000    28228.0020  1247046    1.93%   x(c14_3_c9_3) D  85006  60368     17
  86940 52284    28280.3097    32    28783.0000    28236.0985  1275527    1.90%      x(Op_c7_2) U  86940  86419     34
  88849 53001    28379.0000    62    28783.0000    28244.0000  1302828    1.87%     x(Op_c11_5) D  88849  88847     35
  90766 53725    28253.1572    68    28783.0000    28251.6355  1330752    1.85%    x(c4_3_c9_3) D  90766  88328     22
  92689 54397    28367.6204    48    28783.0000    28259.1272  1358817    1.82%   x(c8_5_c11_5) U  92689  64312     25
Elapsed time = 20.68 sec. (41329.60 ticks, tree = 21.96 MB, solutions = 1)
  94610 55084    28283.0252    61    28783.0000    28266.4446  1386404    1.79%   x(c9_3_c14_3) U  94610  94609     22
  96572 55786    28754.3964    52    28783.0000    28273.4454  1413794    1.77%    x(c9_2_c5_2) U  96572  60387     24
  98503 56442    28368.1352    42    28783.0000    28280.7892  1441014    1.74%   x(c16_2_c5_2) D  98503  89665     28
 100471 57064    28398.3464    47    28783.0000    28287.7264  1467610    1.72%    x(c7_2_c9_2) U 100471 100469     23
 102405 57706    infeasible          28783.0000    28294.1150  1493066    1.70%   x(c6_2_c11_2) D 102405 102403     40
 104324 58312    28300.5502    45    28783.0000    28300.0156  1517934    1.68%      x(Op_c2_3) D 104324  64708     26
 106166 58955    28318.0844    24    28783.0000    28305.6607  1543354    1.66%    x(c3_3_c4_3) D 106166  99173     25
 108162 59546    28317.2369    57    28783.0000    28311.5519  1568585    1.64%     x(Op_c11_5) D 108162  90505     28
 109972 60046    28657.7791    27    28783.0000    28317.0000  1592897    1.62%    x(c6_2_c9_2) U 109972  64179     29
 111891 60591        cutoff          28783.0000    28322.3193  1618179    1.60%    x(c9_3_c5_3) U 111891 103962     29
Elapsed time = 25.18 sec. (50868.63 ticks, tree = 24.36 MB, solutions = 1)
 113428 60977    28392.4150    16    28783.0000    28326.9070  1637949    1.58%   x(c16_2_c7_2) U 113428  88978     30
 114970 61463    28400.3234    31    28783.0000    28331.1513  1658540    1.57%     x(Op_c14_3) N 114970  81152     35
 116329 61783    28378.3814    30    28783.0000    28335.1052  1676538    1.56%   x(c11_5_c3_5) N 116329  35954     34
 117805 62172    28659.8067    29    28783.0000    28339.1007  1695417    1.54%   x(c10_1_c6_1) D 117805  55824     24
 119327 62536    28361.4900    52    28783.0000    28343.4987  1716003    1.53%   x(c9_3_c14_3) N 119327 106460     14
 120681 62820    28475.5224    56    28783.0000    28347.2153  1733814    1.51%   x(c6_2_c11_2) N 120681  73059     18
 122277 63184        cutoff          28783.0000    28351.2781  1754711    1.50%   x(c9_3_c14_3) U 122277  74709     43
 123691 63420        cutoff          28783.0000    28355.2838  1774530    1.49%   x(c9_2_c11_2) U 123691  97888     29
 125195 63739    28471.7150    43    28783.0000    28359.6250  1795562    1.47%    x(c3_3_c5_3) D 125195  97004     27
 126605 64059    28410.4950    31    28783.0000    28363.7226  1815788    1.46%     x(Op_c11_5) D 126605 117794     49
Elapsed time = 29.70 sec. (60411.04 ticks, tree = 25.74 MB, solutions = 1)
 128012 64327    28671.6707    42    28783.0000    28367.8776  1837645    1.44%    x(c3_5_c7_5) D 128012  44569     27
 129511 64588    28374.5909    48    28783.0000    28372.1590  1860316    1.43%      x(Op_c5_3) U 129511 129510     20
 131080 64884        cutoff          28783.0000    28376.5816  1883433    1.41%   x(c16_2_c9_2) D 131080  42922     27
 132494 65171    28491.0697    66    28783.0000    28380.8127  1905132    1.40%    x(c9_3_c5_3) N 132494  70429     26
 133909 65425    28391.7450    15    28783.0000    28385.0000  1926359    1.38%  x(c11_1_c12_1) D 133909 133908     33
 135358 65649    28493.3333    41    28783.0000    28389.0000  1948369    1.37%    x(c9_2_c7_2) N 135358  51923     27
 136795 65821    28444.8007    30    28783.0000    28393.1053  1970073    1.35%   x(c13_1_c6_1) D 136795 136793     31
 138187 65981    28397.9118    62    28783.0000    28397.1586  1992021    1.34%    x(c9_3_c5_3) D 138187 130687     31
 139660 66255    28414.7410    35    28783.0000    28400.9524  2013966    1.33%  x(c11_1_c13_1) D 139660 126893     27
 141116 66461        cutoff          28783.0000    28404.8182  2035170    1.31%    x(c6_2_c9_2) D 141116 102308     32
Elapsed time = 34.21 sec. (69952.52 ticks, tree = 29.56 MB, solutions = 1)
 142565 66667    28698.4537    48    28783.0000    28408.4206  2056364    1.30%    x(c6_2_c9_2) U 142565  84210     33
 143974 66882    28519.2659    20    28783.0000    28412.3018  2077449    1.29%  x(c11_1_c12_1) D 143974 106966     38
 145358 67079    28416.0000     8    28783.0000    28416.0000  2098115    1.28%  x(c11_1_c13_1) D 145358 139021     27
 146711 67274    28420.3963    52    28783.0000    28419.6807  2118369    1.26%   x(c14_3_c9_3) N 146711 134135     22
 148099 67422    28484.9041    46    28783.0000    28423.5966  2139906    1.25%     x(Op_c14_3) U 148099  46442     25
 149525 67604    28442.8280    47    28783.0000    28427.3778  2161459    1.24%   x(c15_5_c8_5) N 149525 126314     21
 150943 67845    28621.9907    42    28783.0000    28431.1672  2182475    1.22%   x(c6_2_c11_2) N 150943  79070     21
 152360 67979    28446.0731    46    28783.0000    28435.0102  2203151    1.21%      x(Op_c5_3) N 152360 132462     33
 153737 68125        cutoff          28783.0000    28438.6251  2224122    1.20%  x(c11_1_c12_1) U 153737  83577     33
 155180 68311    28560.4676    47    28783.0000    28442.4073  2245486    1.18%   x(c15_5_c8_5) D 155180  61815     20
Elapsed time = 38.63 sec. (79494.76 ticks, tree = 30.39 MB, solutions = 1)
 156599 68397        cutoff          28783.0000    28446.0909  2266344    1.17%      x(Op_c9_4) U 156599 129399     23
 158013 68533    28452.3333    25    28783.0000    28449.7500  2286803    1.16%    x(c6_2_c9_2) D 158013  75299     31
 159438 68624    infeasible          28783.0000    28453.2281  2307777    1.15%   x(c16_2_c7_2) U 159438 107918     36
 160862 68710    28722.5452    43    28783.0000    28456.8048  2327889    1.13%    x(c7_2_c9_2) N 160862  16394     28
 162275 68852    28734.4192    50    28783.0000    28460.0909  2348598    1.12%   x(c15_5_c8_5) U 162275  20045     13
 163702 68944    28485.1238    26    28783.0000    28463.6250  2369032    1.11%    x(c6_2_c8_2) D 163702 150766     30
 165130 69039    28700.7176    60    28783.0000    28467.0956  2389633    1.10%   x(c14_3_c2_3) U 165130 159253     35
 166639 69116        cutoff          28783.0000    28470.5425  2410038    1.09%   x(c9_3_c14_3) D 166639  71617     22
 168098 69170        cutoff          28783.0000    28474.0000  2429958    1.07%  x(c11_1_c12_1) U 168098 126689     40
 173902 69426        cutoff          28783.0000    28487.7228  2508853    1.03%    x(c9_2_c7_2) U 173902 103943     31
Elapsed time = 44.27 sec. (91895.59 ticks, tree = 30.98 MB, solutions = 1)
 179717 69481    28602.6095    28    28783.0000    28501.1560  2585187    0.98%  x(c10_1_c13_1) U 179717 179716     43
 185518 69376    28553.2200    38    28783.0000    28513.9536  2662639    0.93%   x(c13_1_c6_1) N 185518 174199     25
 191381 69304    28541.1250    45    28783.0000    28526.3044  2736757    0.89%   x(c11_5_c3_5) N 191381 161023     20
 197288 69202    28682.7667    64    28783.0000    28538.1944  2810534    0.85%   x(c13_1_c6_1) D 197288 148306     26
 203242 68776        cutoff          28783.0000    28550.0556  2882809    0.81%  x(c11_3_c14_3) U 203242 202646     35
 209343 68258    28563.1178    19    28783.0000    28561.4650  2954779    0.77%   x(c6_1_c10_1) N 209343 195510     46
 215521 67934    28663.3615    49    28783.0000    28572.5238  3024970    0.73%    x(c7_2_c9_2) U 215521  79425     22
 221848 67200    28635.8026    16    28783.0000    28583.3125  3092954    0.69%   x(c14_5_c8_5) N 221848 221846     37
 228289 66422        cutoff          28783.0000    28593.8160  3159151    0.66%   x(c15_5_c8_5) U 228289  37945     33
 234795 65596    28733.4001    18    28783.0000    28603.9507  3223313    0.62%   x(c6_1_c10_1) U 234795 171590     42
Elapsed time = 60.98 sec. (130048.00 ticks, tree = 30.20 MB, solutions = 1)
 241387 64708    28690.9286    81    28783.0000    28614.0000  3286876    0.59%  x(c11_3_c14_3) D 241387 209326     22
 247973 63515    28640.4186    33    28783.0000    28623.5617  3348360    0.55%    x(c9_2_c7_2) N 247973 225876     22
 254652 62248    28709.8246    28    28783.0000    28632.9400  3409525    0.52%   x(c16_2_c7_2) U 254652 254650     56
 261706 60815    28693.5711    15    28783.0000    28642.3333  3471655    0.49%   x(c6_1_c10_1) D 261706 178799     29
 268736 59328        cutoff          28783.0000    28651.3387  3533674    0.46%   x(c3_3_c11_3) D 268736  32778     30
 275874 57395        cutoff          28783.0000    28660.7569  3593727    0.42%   x(c5_3_c10_3) D 275874 188780     43
 283093 55266    28678.5699    24    28783.0000    28669.7703  3651738    0.39%   x(c10_1_c6_1) U 283093 272534     33
 290330 52799    28678.8100    10    28783.0000    28678.5893  3708835    0.36%   x(c14_3_c9_3) D 290330 273042     33
 297640 50002    28735.5694    27    28783.0000    28687.3333  3763398    0.33%   x(c6_1_c11_1) D 297640 297639     38
 305050 46964    28696.2442    44    28783.0000    28696.2446  3816913    0.30%   x(c3_3_c10_3) D 305050 264203     29
Elapsed time = 76.89 sec. (168198.36 ticks, tree = 23.52 MB, solutions = 1)
 312450 43457        cutoff          28783.0000    28705.1329  3867506    0.27%  x(c11_1_c13_1) U 312450 153543     31
 319908 39585        cutoff          28783.0000    28714.1360  3915703    0.24%   x(c10_1_c6_1) U 319908 319906     26
 327377 35662        cutoff          28783.0000    28722.9695  3962232    0.21%   x(c9_2_c11_2) D 327377 327376     23
 334911 31242    28761.3875    36    28783.0000    28731.8722  4005767    0.18%  x(c11_1_c12_1) D 334911 306360     35
 342444 26345    28760.3393    53    28783.0000    28741.0833  4046956    0.15%   x(c9_3_c14_3) N 342444 336313     24
 349982 20990        cutoff          28783.0000    28750.0339  4084639    0.11%     x(c10_3_Om) D 349982 304000     24
 357551 15098    28759.5879    14    28783.0000    28759.5884  4118492    0.08%  x(c14_1_c11_1) N 357551 340692     38
 365114  8581        cutoff          28783.0000    28769.3916  4148303    0.05%  x(c13_4_c11_4) D 365114 350915     30
 372616  1544        cutoff          28783.0000    28779.7205  4171767    0.01%  x(c14_1_c11_1) D 372616 350545     32

Clique cuts applied:  8
Cover cuts applied:  386
Flow cuts applied:  3
Mixed integer rounding cuts applied:  28
Zero-half cuts applied:  20
Multi commodity flow cuts applied:  1
Gomory fractional cuts applied:  2

Root node processing (before b&c):
  Real time             =    0.05 sec. (70.37 ticks)
Sequential b&c:
  Real time             =   90.40 sec. (203257.74 ticks)
                          ------------
Total (root+branch&cut) =   90.45 sec. (203328.11 ticks)

