- Starting heuristic -

Exact TSP
   TSP Iteration:       0    527
------ Iteration:       0    527
   TSP Iteration:       1    522
   TSP Iteration:       5    520
   TSP Iteration:      20    519
------ Iteration:     100    519
   TSP Iteration:     164    510
-  TSP Iteration:     172    493   1428
* BPER Iteration:     172    477   1410
------ Iteration:     200    477   1410
------ Iteration:     300    477   1410
------ Iteration:     400    477   1410

Exact Precedences TSP
* 2OPT Iteration:       0    474   1383
* BPER Iteration:       0    474   1373
* 2OPT Iteration:       1    477   1379
* BPER Iteration:       1    471   1373
* 2OPT Iteration:       2    473   1396
* BPER Iteration:       2    487   1382
Feasible solution found

