Version identifier: 22.1.0.0 | 2022-03-09 | 1a383f8ce
CPXPARAM_Preprocessing_Reduce                    0
CPXPARAM_Threads                                 1
CPXPARAM_Preprocessing_Reformulations            0
CPXPARAM_Emphasis_MIP                            2
CPXPARAM_TimeLimit                               7200
CPXPARAM_MIP_Tolerances_AbsMIPGap                0.98999999999999999
CPXPARAM_MIP_Limits_TreeMemory                   20000
Legacy callback                                  BbLUID
         Disabling repeat represolve because of lazy constraint/incumbent callback.
1 of 1 MIP starts provided solutions.
MIP start 'm1' defined initial solution with objective 2046.0000.
Tried aggregator 0 times.
Reduced MIP has 4740 rows, 4420 columns, and 26132 nonzeros.
Reduced MIP has 4306 binaries, 0 generals, 0 SOSs, and 0 indicators.
Presolve time = 0.00 sec. (1.39 ticks)
Probing time = 0.00 sec. (3.38 ticks)
Clique table members: 1758.
MIP emphasis: optimality.
MIP search method: traditional branch-and-cut.
Parallel mode: none, using 1 thread.
Root relaxation solution time = 0.00 sec. (9.15 ticks)

        Nodes                                         Cuts/
   Node  Left     Objective  IInf  Best Integer    Best Bound    ItCnt     Gap         Variable B NodeID Parent  Depth

*     0+    0                         2046.0000        0.0000           100.00%
      0     0     1567.7100   241     2046.0000     1567.7100      376   23.38%
      0     0     1847.0443   226     2046.0000      Cuts: 77      580    9.72%
      0     0     1912.0260   234     2046.0000      Cuts: 15      685    6.55%
      0     0     1933.5000   238     2046.0000      Cuts: 13      764    5.50%
      0     0     1974.1667   245     2046.0000       Cuts: 9      839    3.51%
      0     0     2021.0027   238     2046.0000      Cuts: 27      904    1.22%
      0     0     2032.0000   241     2046.0000       Cuts: 4      961    0.68%
      0     0     2032.5000   246     2046.0000       Cuts: 7      984    0.66%
      0     0     2033.4000   242     2046.0000   ZeroHalf: 2      993    0.62%
      0     0     2033.5000   245     2046.0000      Cuts: 11     1009    0.61%
      0     0     2033.5000   186     2046.0000       User: 1     1059    0.61%
      0     0     2033.5000   172     2046.0000   ZeroHalf: 4     1106    0.61%
      0     0     2033.5000   172     2046.0000   ZeroHalf: 2     1107    0.61%
      0     0     2033.5000   150     2046.0000       User: 1     1108    0.61%
      0     2     2033.5000   150     2046.0000     2033.5000     1108    0.61%                        0             0
Elapsed time = 0.56 sec. (1248.60 ticks, tree = 0.01 MB, solutions = 1)
      3     5     2035.5000   218     2046.0000     2034.5000     1285    0.56%  x(c18_1_c16_1) N      3      2      2
      6     6     2040.3333   158     2046.0000     2034.5000     1459    0.56%  x(c17_2_c22_2) D      6      5      4
     10     8     2040.6667   160     2046.0000     2034.5000     1464    0.56%  x(c24_2_c23_2) D     10      9      8
     22    12     2040.3609   167     2046.0000     2035.5000     1825    0.51%   x(c8_1_c26_1) N     22     21      9
     29    17     2043.4068   116     2046.0000     2035.5000     2088    0.51%  x(c11_1_c23_1) D     29     27     14
     60    30     2038.1667   234     2046.0000     2038.1667     2794    0.38%  x(c17_1_c13_1) D     60     47      4
     74    39     2043.2284   199     2046.0000     2038.3333     3159    0.37%  x(c17_1_c18_1) N     74     73     12
     89    51     2038.3521   232     2046.0000     2038.3333     4001    0.37%  x(c22_2_c21_2) N     89     88      8
    117    60     2040.8000   145     2046.0000     2039.3333     4771    0.33%  x(c23_2_c24_2) D    117    116     17
    217    80     2041.1819   173     2046.0000     2041.0291     8350    0.24%  x(c10_2_c11_2) N    217    216     17
Elapsed time = 2.18 sec. (5060.87 ticks, tree = 0.26 MB, solutions = 1)
    280   122     2043.0719    78     2046.0000     2041.1154    10204    0.24%     x(c42_1_Om) N    280    264     22
    370   130     2042.2315    76     2046.0000     2042.0000    13645    0.20%  x(c15_3_c14_3) N    370    368     19
    520   124     2043.3427   159     2046.0000     2043.0188    17511    0.15%   x(c8_1_c25_1) N    520    519     10
    711    81     2045.0000    78     2046.0000     2044.1268    22170    0.09%   x(c2_2_c42_2) N    711    535     15

Clique cuts applied:  28
Cover cuts applied:  6
Flow cuts applied:  3
Mixed integer rounding cuts applied:  6
Zero-half cuts applied:  16
Gomory fractional cuts applied:  3
User cuts applied:  192

Root node processing (before b&c):
  Real time             =    0.56 sec. (1248.75 ticks)
Sequential b&c:
  Real time             =    3.46 sec. (8023.94 ticks)
                          ------------
Total (root+branch&cut) =    4.01 sec. (9272.69 ticks)

