Version identifier: 22.1.0.0 | 2022-03-09 | 1a383f8ce
CPXPARAM_Preprocessing_Reduce                    0
CPXPARAM_Threads                                 1
CPXPARAM_Preprocessing_Reformulations            0
CPXPARAM_Emphasis_MIP                            2
CPXPARAM_TimeLimit                               7200
CPXPARAM_MIP_Tolerances_AbsMIPGap                0.98999999999999999
CPXPARAM_MIP_Limits_TreeMemory                   20000
Legacy callback                                  BbLUID
         Disabling repeat represolve because of lazy constraint/incumbent callback.
1 of 1 MIP starts provided solutions.
MIP start 'm1' defined initial solution with objective 1785.0000.
Tried aggregator 0 times.
Reduced MIP has 2382 rows, 2192 columns, and 12810 nonzeros.
Reduced MIP has 2112 binaries, 0 generals, 0 SOSs, and 0 indicators.
Presolve time = 0.00 sec. (0.69 ticks)
Probing time = 0.00 sec. (2.73 ticks)
Clique table members: 1062.
MIP emphasis: optimality.
MIP search method: traditional branch-and-cut.
Parallel mode: none, using 1 thread.
Root relaxation solution time = 0.00 sec. (4.30 ticks)

        Nodes                                         Cuts/
   Node  Left     Objective  IInf  Best Integer    Best Bound    ItCnt     Gap         Variable B NodeID Parent  Depth

*     0+    0                         1785.0000        0.0000           100.00%
      0     0     1325.7935   159     1785.0000     1325.7935      241   25.73%
      0     0     1547.5074   147     1785.0000      Cuts: 46      364   13.30%
      0     0     1647.0524   169     1785.0000      Cuts: 14      435    7.73%
      0     0     1703.0000   166     1785.0000       Cuts: 9      503    4.59%
      0     0     1739.5000   162     1785.0000      Cuts: 30      551    2.55%
      0     0     1746.5059   170     1785.0000       Cuts: 6      590    2.16%
      0     0     1752.0000   169     1785.0000       Cuts: 3      609    1.85%
      0     0     1758.0000   163     1785.0000      Cuts: 16      650    1.51%
      0     0     1758.0000   163     1785.0000   LiftProj: 1      652    1.51%
      0     2     1758.0000   163     1785.0000     1758.0000      652    1.51%                        0             0
Elapsed time = 0.23 sec. (540.08 ticks, tree = 0.01 MB, solutions = 1)
      1     3     1758.0000   105     1785.0000     1758.0000      723    1.51%  x(c19_2_c18_2) U      1      0      1
      2     4     1758.0371   176     1785.0000     1758.0000      859    1.51%  x(c23_3_c16_3) N      2      1      2
      3     4     1758.1418   171     1785.0000     1758.0000      971    1.51%  x(c23_3_c16_3) U      3      1      2
     14     8     1758.4517   145     1785.0000     1758.0000     1113    1.51%  x(c18_2_c15_2) N     14     13     13
     20    12     1758.1153   162     1785.0000     1758.0000     1386    1.51%  x(c20_3_c19_3) D     20     19      5
     30    20     1758.2244    31     1785.0000     1758.0000     1673    1.51%  x(c13_2_c16_2) D     30     29     15
     46    32     1758.4242   146     1785.0000     1758.0000     1895    1.51%  x(c20_3_c18_3) N     46     45     31
     60    41     1758.6981   110     1785.0000     1758.0000     2016    1.51%  x(c23_3_c22_3) N     60     59     45
     85    53     1783.5314    84     1785.0000     1758.0000     2243    1.51%   x(c8_3_c12_3) N     85     83     69
    187   130     1758.6610   106     1785.0000     1758.5298     4649    1.48%  x(c12_2_c26_2) D    187    186     60
Elapsed time = 1.68 sec. (4022.73 ticks, tree = 0.23 MB, solutions = 1)
    311   223     1783.7196   165     1785.0000     1760.5249    10745    1.37%   x(c33_3_c8_3) N    311    310     55
    520   351     1764.0189   144     1785.0000     1763.9901    16993    1.18%  x(c23_2_c13_2) D    520    485      7
    797   559     1765.7798   122     1785.0000     1765.7419    25356    1.08%   x(c8_2_c10_2) D    797    721     44
   1000   712     1766.3269    90     1785.0000     1766.2758    30475    1.05%  x(c15_3_c22_3) D   1000    999     28
   1311   909     1783.5296    84     1785.0000     1767.0000    39548    1.01%   x(c31_3_c5_3) U   1311    141     30
   1626  1126     1776.0755   118     1785.0000     1767.4073    49032    0.99%  x(c24_3_c23_3) U   1626   1401     29
   1993  1321     1771.5853   134     1785.0000     1768.2147    58544    0.94%  x(c26_3_c23_3) U   1993   1991     36
   2344  1543     1775.0612    68     1785.0000     1768.5214    67611    0.92%  x(c38_3_c40_3) U   2344   1926     25
   2708  1675     1776.6429   144     1785.0000     1769.0119    76966    0.90%  x(c15_3_c12_3) D   2708    536     12
   3114  1913     1769.5128    43     1785.0000     1769.5135    86172    0.87%  x(c28_3_c24_3) D   3114   2504     61
Elapsed time = 7.01 sec. (14352.05 ticks, tree = 2.51 MB, solutions = 1)
   3463  1950        cutoff           1785.0000     1770.1370    95814    0.83%  x(c12_2_c22_2) U   3463   3461     30
   3852  2186     1770.6634   129     1785.0000     1770.4647   105371    0.81%   x(c3_2_c10_2) D   3852   3850     56
   4223  2302        cutoff           1785.0000     1770.8464   114727    0.79%  x(c12_2_c23_2) U   4223   2854     28
   4616  2426     1775.8694    89     1785.0000     1771.2562   123703    0.77%    x(c6_2_c3_2) N   4616   1897     18
   5030  2658     1776.6066   124     1785.0000     1771.5180   132993    0.76%  x(c22_2_c26_2) N   5030   4892     48
   5457  2792     1772.4137    99     1785.0000     1771.9701   142266    0.73%  x(c22_2_c26_2) N   5457   4058     62
   5876  2807     1772.2579   127     1785.0000     1772.2112   150700    0.72%  x(c12_3_c23_3) D   5876   5875     22
   6325  3047        cutoff           1785.0000     1772.4514   159858    0.70%   x(c3_3_c25_3) D   6325   5638     62
   6714  3145     1779.9309    99     1785.0000     1772.7270   169586    0.69%    x(c6_2_c9_2) U   6714   6289     22
   7121  3182     1780.6667    76     1785.0000     1773.0706   178216    0.67%  x(c38_3_c40_3) U   7121   7119     22
Elapsed time = 12.25 sec. (23923.50 ticks, tree = 4.23 MB, solutions = 1)
   7573  3382     1781.6026   106     1785.0000     1773.3235   187311    0.65%    x(c6_2_c3_2) N   7573   5762     22
   7997  3519     1780.9151   113     1785.0000     1773.5282   196404    0.64%   x(c8_2_c10_2) U   7997   7034     26
   8439  3594        cutoff           1785.0000     1773.8496   204841    0.62%   x(c8_2_c10_2) U   8439   7714     36
   8854  3667    infeasible           1785.0000     1774.1431   213507    0.61%    x(c3_2_c8_2) N   8854   8493     63
   9302  3927     1774.3769    91     1785.0000     1774.2869   222301    0.60%    x(c9_2_c3_2) D   9302   9301     72
   9754  4140     1774.4598    69     1785.0000     1774.4335   231585    0.59%  x(c25_3_c24_3) N   9754   9471     42
  10182  4201     1774.7275   100     1785.0000     1774.7045   239926    0.58%  x(c16_3_c11_3) D  10182  10181     38
  10616  4243        cutoff           1785.0000     1774.9986   247409    0.56%   x(c35_3_c5_3) U  10616   9788     55
  11003  4163        cutoff           1785.0000     1775.0700   256127    0.56%   x(c35_3_c5_3) U  11003  10234     51
  11391  4241     1779.2882   115     1785.0000     1775.2657   264727    0.55%  x(c12_3_c11_3) U  11391  11142     39
Elapsed time = 17.49 sec. (33484.47 ticks, tree = 5.76 MB, solutions = 1)
  11859  4444     1783.0800    92     1785.0000     1775.3945   273760    0.54%  x(c24_3_c23_3) U  11859  10545     33
  12000  4451     1777.1327   130     1785.0000     1775.4672   276570    0.53%  x(c16_3_c12_3) D  12000   4470     36
  12422  4492     1779.3864   173     1785.0000     1775.7371   284295    0.52%  x(c20_3_c19_3) D  12422   1363      7
  12862  4348        cutoff           1785.0000     1776.0277   291967    0.50%  x(c20_3_c19_3) U  12862   7644     31
  13293  4472     1779.0559    30     1785.0000     1776.2405   300424    0.49%    x(c8_3_c5_3) U  13293   3572     41
  13733  4617     1783.1600    69     1785.0000     1776.3909   308556    0.48%   x(c5_3_c38_3) D  13733  13731     28
  14123  4590        cutoff           1785.0000     1776.5000   317183    0.48%  x(c23_2_c10_2) U  14123  11660     18
  14542  4586        cutoff           1785.0000     1776.7705   324719    0.46%  x(c16_2_c23_2) U  14542   4797     28
  14944  4500     1780.5090   121     1785.0000     1777.0578   331964    0.44%    x(c3_2_c6_2) N  14944  11326     27
  15374  4642        cutoff           1785.0000     1777.2051   340027    0.44%  x(c38_3_c40_3) U  15374  15372     22
Elapsed time = 22.49 sec. (43219.59 ticks, tree = 6.30 MB, solutions = 1)
  15814  4787     1777.4569    91     1785.0000     1777.3278   347849    0.43%  x(c23_3_c25_3) N  15814  15448     27
  16262  4885     1777.9469   117     1785.0000     1777.4659   356070    0.42%  x(c27_2_c10_2) D  16262  16261     38
  16710  4852     1777.7297    97     1785.0000     1777.6565   363467    0.41%  x(c22_2_c26_2) N  16710  15209     37
  17149  4811     1778.7480    55     1785.0000     1777.8990   370870    0.40%    x(c6_2_c3_2) D  17149  16649     25
  17536  4755     1779.1450   120     1785.0000     1778.0780   378607    0.39%  x(c24_3_c22_3) D  17536  12924     18
  17939  4813        cutoff           1785.0000     1778.2362   387337    0.38%  x(c31_3_c26_3) U  17939  16453     40
  18380  4882        cutoff           1785.0000     1778.4004   395389    0.37%    x(c3_2_c9_2) U  18380  13687     33
  18794  4834     1779.0333    72     1785.0000     1778.5466   402995    0.36%  x(c26_3_c23_3) N  18794  14212     27
  19229  4791     1779.6246    81     1785.0000     1778.7594   410528    0.35%    x(c5_2_c8_2) N  19229  18765     27
  19657  4748        cutoff           1785.0000     1779.0000   417914    0.34%  x(c12_2_c10_2) D  19657  19656     33
Elapsed time = 27.38 sec. (52764.74 ticks, tree = 6.48 MB, solutions = 1)
  20000  4712     1779.8262    84     1785.0000     1779.1444   425311    0.33%   x(c5_2_c39_2) N  20000   3913     42
  20416  4771     1781.2727   129     1785.0000     1779.3103   433289    0.32%   x(c10_2_c8_2) N  20416  20242     23
  20892  4806        cutoff           1785.0000     1779.4911   440600    0.31%  x(c36_2_c38_2) U  20892  11882     57
  21314  4476     1781.5739   104     1785.0000     1779.5153   447448    0.31%  x(c12_3_c11_3) N  21314  16450     37
  21754  4405     1779.7984   103     1785.0000     1779.7335   453876    0.30%    x(c5_3_c3_3) N  21754  21753     41
  22220  4298        cutoff           1785.0000     1779.9930   459897    0.28%  x(c20_3_c23_3) U  22220  22218     28
  22611  4296     1781.7311    94     1785.0000     1780.1114   468180    0.27%  x(c22_2_c27_2) N  22611   8032     37
  23019  4292     1780.2524   101     1785.0000     1780.2457   475247    0.27%  x(c20_3_c19_3) D  23019  22830     18
  23449  4308     1780.4562   132     1785.0000     1780.3748   482660    0.26%   x(c10_2_c8_2) D  23449  16923     19
  23864  4271     1781.3120    78     1785.0000     1780.5087   489604    0.25%  x(c12_3_c23_3) N  23864  23863     34
Elapsed time = 32.59 sec. (63608.27 ticks, tree = 5.91 MB, solutions = 1)
  24280  4210        cutoff           1785.0000     1780.6767   496600    0.24%  x(c22_2_c29_2) U  24280  18268     30
  24697  4119        cutoff           1785.0000     1780.8819   502516    0.23%  x(c16_3_c18_3) D  24697   1811      9
  25115  4006        cutoff           1785.0000     1781.0101   509716    0.22%  x(c24_3_c23_3) U  25115  24685     24
  25493  3965        cutoff           1785.0000     1781.1433   516727    0.22%  x(c25_3_c24_3) U  25493  16512     33
  25883  3923    infeasible           1785.0000     1781.2643   524035    0.21%  x(c12_2_c10_2) D  25883  25777     21
  26301  3879     1781.5714    39     1785.0000     1781.3892   531411    0.20%  x(c23_2_c19_2) N  26301  26300     35
  26713  3734     1783.0333    74     1785.0000     1781.5333   538255    0.19%   x(c6_2_c34_2) N  26713  21344     29
  27162  3581    infeasible           1785.0000     1781.7079   544047    0.18%  x(c23_2_c21_2) D  27162  27161     40
  27628  3424     1783.2140   110     1785.0000     1781.9290   549463    0.17%    x(c5_2_c8_2) N  27628   3474     66
  28050  3238     1782.0606    74     1785.0000     1782.0606   555822    0.16%  x(c22_2_c26_2) N  28050  22367     42
Elapsed time = 37.10 sec. (73157.64 ticks, tree = 4.64 MB, solutions = 1)
  28458  3095     1782.2622    66     1785.0000     1782.1807   562053    0.16%    x(c3_2_c8_2) N  28458  25026     42
  28884  2946     1783.7931   125     1785.0000     1782.3106   568009    0.15%  x(c22_2_c27_2) N  28884  28883     28
  29326  2763        cutoff           1785.0000     1782.4832   573601    0.14%   x(c10_2_c8_2) D  29326  25582     29
  29774  2485    infeasible           1785.0000     1782.6386   579210    0.13%  x(c22_2_c26_2) D  29774  28434     31
  30241  2186    infeasible           1785.0000     1782.8559   583709    0.12%   x(c5_3_c38_3) U  30241  28142     30
  30736  1872        cutoff           1785.0000     1783.0251   588677    0.11%  x(c16_3_c12_3) U  30736   4836     20
  31210  1604        cutoff           1785.0000     1783.1665   593754    0.10%  x(c23_1_c28_1) U  31210  31208     45
  31712  1368        cutoff           1785.0000     1783.2982   598066    0.10%    x(c8_3_c5_3) U  31712  13975     44
  32215  1052     1783.4678    76     1785.0000     1783.4676   602132    0.09%   x(c10_2_c8_2) N  32215  19579     29
  32741   662        cutoff           1785.0000     1783.6718   605832    0.07%   x(c35_3_c5_3) D  32741  32234     57
Elapsed time = 41.34 sec. (82700.84 ticks, tree = 1.21 MB, solutions = 1)
  33280   211     1783.9500    84     1785.0000     1783.9500   608448    0.06%   x(c5_2_c38_2) N  33280  18433     21

Clique cuts applied:  22
Cover cuts applied:  68
Flow cuts applied:  2
Mixed integer rounding cuts applied:  10
Zero-half cuts applied:  13
Lift and project cuts applied:  1
Gomory fractional cuts applied:  2
User cuts applied:  309

Root node processing (before b&c):
  Real time             =    0.23 sec. (540.19 ticks)
Sequential b&c:
  Real time             =   41.61 sec. (83782.78 ticks)
                          ------------
Total (root+branch&cut) =   41.85 sec. (84322.97 ticks)

